<text id="AF003_1992_EP_SU2011_AD_08">
<speaker type="int">
"<$¿>"
	"¿" Punctuation FS lang:es 00:00:00 00:00:04 tt-1313 AF003_1992_EP_SU2011_AD_08 
"<Cuál>"
	"cuál" Pronoun INT Singular lang:es 00:00:00 00:00:04 tt-1314 AF003_1992_EP_SU2011_AD_08 
"<es>"
	"ser" Verb VSfin Pres Indi Sing 3rd lang:es 00:00:00 00:00:04 tt-1315 AF003_1992_EP_SU2011_AD_08 @Gram:SerEstar:Ser 
"<la>"
	"el" Determiner ART Singular lang:es 00:00:00 00:00:04 tt-1316 AF003_1992_EP_SU2011_AD_08 @Gram:Det:Art 
"<importancia>"
	"importancia" Noun NC Singular lang:es 00:00:00 00:00:04 tt-1317 AF003_1992_EP_SU2011_AD_08 
"<del>"
	"del" Preposition PDEL lang:es 00:00:00 00:00:04 tt-1318 AF003_1992_EP_SU2011_AD_08 @Gram:Prep 
"<español>"
	"español" Noun NC Singular lang:es 00:00:00 00:00:04 tt-1319 AF003_1992_EP_SU2011_AD_08 
"<para>"
	"para" Preposition PREP lang:es 00:00:00 00:00:04 tt-1320 AF003_1992_EP_SU2011_AD_08 @Gram:Prep:Para 
"<ti>"
	"tú" Pronoun PPX Singular lang:es 00:00:00 00:00:04 tt-1321 AF003_1992_EP_SU2011_AD_08 
"<$?>"
	"?" Punctuation FS lang:es 00:00:00 00:00:04 tt-1322 AF003_1992_EP_SU2011_AD_08 
</speaker>
<speaker type="subj">

"<$¿>"
	"¿" Punctuation FS lang:es 00:00:04 00:00:11 tt-1323 AF003_1992_EP_SU2011_AD_08 
"<El>"
	"el" Determiner ART Singular lang:es 00:00:04 00:00:11 tt-1324 AF003_1992_EP_SU2011_AD_08 @Gram:Det:Art 
"<español>"
	"español" Noun NC Singular lang:es 00:00:04 00:00:11 tt-1325 AF003_1992_EP_SU2011_AD_08 
"<$?>"
	"?" Punctuation FS lang:es 00:00:04 00:00:11 tt-1326 AF003_1992_EP_SU2011_AD_08 

"<Que>"
	"que" Conjunction CQUE lang:es 00:00:04 00:00:11 tt-1327 AF003_1992_EP_SU2011_AD_08 
"<...>"
	"..." Punctuation DOTS lang:es 00:00:04 00:00:11 tt-1328 AF003_1992_EP_SU2011_AD_08 
"<como>"
	"como" Conjunction CSUBX lang:es 00:00:04 00:00:11 tt-1329 AF003_1992_EP_SU2011_AD_08 
"<nosotros>"
	"nosotros" Pronoun PPX Plural lang:es 00:00:04 00:00:11 tt-1330 AF003_1992_EP_SU2011_AD_08 @Gram:Pron:Sujeto 
"<vivimos>"
	"vivir" Verb VLfin Pres_or_Pret Indi Plural 1st lang:es 00:00:04 00:00:11 tt-1331 AF003_1992_EP_SU2011_AD_08 
"<,>"
	"," Punctuation CM lang:es 00:00:04 00:00:11 tt-1332 AF003_1992_EP_SU2011_AD_08 
"<o>"
	"o" Adverb ADV lang:es 00:00:04 00:00:11 tt-1333 AF003_1992_EP_SU2011_AD_08 ID:21 R:Prag:MarcadoresDisc:Igualdad:22 
"<sea>"
	"sea" Adverb ADV lang:es 00:00:04 00:00:11 tt-1334 AF003_1992_EP_SU2011_AD_08 ID:22 
"<,>"
	"," Punctuation CM lang:es 00:00:04 00:00:11 tt-1335 AF003_1992_EP_SU2011_AD_08 
"<entre>"
	"entre" Preposition PREP lang:es 00:00:04 00:00:11 tt-1336 AF003_1992_EP_SU2011_AD_08 @Gram:Prep 
"<...>"
	"..." Punctuation DOTS lang:es 00:00:04 00:00:11 tt-1337 AF003_1992_EP_SU2011_AD_08 
"<$¿>"
	"¿" Punctuation FS lang:es 00:00:04 00:00:11 tt-1338 AF003_1992_EP_SU2011_AD_08 
"<cómo>"
	"cómo" Adverb ADV lang:es 00:00:04 00:00:11 tt-1339 AF003_1992_EP_SU2011_AD_08 
"<se>"
	"se" Other SE lang:es 00:00:04 00:00:11 tt-1340 AF003_1992_EP_SU2011_AD_08 
"<dice>"
	"decir" Verb VLfin Pres Indi Sing 3rd lang:es 00:00:04 00:00:11 tt-1341 AF003_1992_EP_SU2011_AD_08 
"<$?>"
	"?" Punctuation FS lang:es 00:00:04 00:00:11 tt-1342 AF003_1992_EP_SU2011_AD_08 

"<Una>"
	"un" Determiner ART Singular lang:es 00:00:04 00:00:11 tt-1343 AF003_1992_EP_SU2011_AD_08 
"<frontera>"
	"frontera" Noun NC Singular lang:es 00:00:04 00:00:11 tt-1344 AF003_1992_EP_SU2011_AD_08 
"<,>"
	"," Punctuation CM lang:es 00:00:04 00:00:11 tt-1345 AF003_1992_EP_SU2011_AD_08 
"<$¿>"
	"¿" Punctuation FS lang:es 00:00:12 00:00:16 tt-1346 AF003_1992_EP_SU2011_AD_08 
"<verdad>"
	"verdad" Noun NC Singular lang:es 00:00:12 00:00:16 tt-1347 AF003_1992_EP_SU2011_AD_08 
"<$?>"
	"?" Punctuation FS lang:es 00:00:12 00:00:16 tt-1348 AF003_1992_EP_SU2011_AD_08 

"<Este>"
	"este" Determiner DM Singular lang:es 00:00:12 00:00:16 tt-1349 AF003_1992_EP_SU2011_AD_08 @Prag:RecuDiscurso:GanarTiempo 
"<...>"
	"..." Punctuation DOTS lang:es 00:00:12 00:00:16 tt-1350 AF003_1992_EP_SU2011_AD_08 
"<ayuda>"
	"ayuda" Noun NC Singular lang:es 00:00:12 00:00:16 tt-1351 AF003_1992_EP_SU2011_AD_08 
"<mucho>"
	"mucho" Determiner QU lang:es 00:00:12 00:00:16 tt-1352 AF003_1992_EP_SU2011_AD_08 
"<porque>"
	"porque" Conjunction CSUBX lang:es 00:00:12 00:00:16 tt-1353 AF003_1992_EP_SU2011_AD_08 @Prag:MarcadoresDisc:Causa 
"<casi>"
	"casi" Adverb ADV lang:es 00:00:12 00:00:16 tt-1354 AF003_1992_EP_SU2011_AD_08 
"<,>"
	"," Punctuation CM lang:es 00:00:12 00:00:16 tt-1355 AF003_1992_EP_SU2011_AD_08 
"<o>"
	"o" Adverb ADV lang:es 00:00:12 00:00:16 tt-1356 AF003_1992_EP_SU2011_AD_08 ID:44 R:Prag:MarcadoresDisc:Igualdad:45 
"<sea>"
	"sea" Adverb ADV lang:es 00:00:12 00:00:16 tt-1357 AF003_1992_EP_SU2011_AD_08 ID:45 
"<,>"
	"," Punctuation CM lang:es 00:00:12 00:00:16 tt-1358 AF003_1992_EP_SU2011_AD_08 
"<la>"
	"el" Determiner ART Singular lang:es 00:00:12 00:00:16 tt-1359 AF003_1992_EP_SU2011_AD_08 @Gram:Det:Art 
"<gente>"
	"gente" Noun NC Singular lang:es 00:00:12 00:00:16 tt-1360 AF003_1992_EP_SU2011_AD_08 
"<aquí>"
	"aquí" Adverb ADV lang:es 00:00:12 00:00:16 tt-1361 AF003_1992_EP_SU2011_AD_08 
"<habla>"
	"hablar" Verb VLfin Pres Indi Sing 3rd lang:es 00:00:12 00:00:16 tt-1362 AF003_1992_EP_SU2011_AD_08 
"<mucho>"
	"mucho" Adverb ADV lang:es 00:00:12 00:00:16 tt-1363 AF003_1992_EP_SU2011_AD_08 
"<el>"
	"el" Determiner ART Singular lang:es 00:00:12 00:00:16 tt-1364 AF003_1992_EP_SU2011_AD_08 @Gram:Det:Art 
"<español>"
	"español" Noun NC Singular lang:es 00:00:12 00:00:16 tt-1365 AF003_1992_EP_SU2011_AD_08 
"<y>"
	"y" Conjunction CC lang:es 00:00:16 00:00:22 tt-1366 AF003_1992_EP_SU2011_AD_08 
"<la>"
	"el" Determiner ART Singular lang:es 00:00:16 00:00:22 tt-1367 AF003_1992_EP_SU2011_AD_08 @Gram:Det:Art 
"<comunicación>"
	"comunicación" Noun NC Singular lang:es 00:00:16 00:00:22 tt-1368 AF003_1992_EP_SU2011_AD_08 
"<es>"
	"ser" Verb VSfin Pres Indi Sing 3rd lang:es 00:00:16 00:00:22 tt-1369 AF003_1992_EP_SU2011_AD_08 @Gram:SerEstar:Ser 
"<algo>"
	"algo" Determiner QU lang:es 00:00:16 00:00:22 tt-1370 AF003_1992_EP_SU2011_AD_08 
"<que>"
	"que" Conjunction CQUE lang:es 00:00:16 00:00:22 tt-1371 AF003_1992_EP_SU2011_AD_08 
"<se>"
	"se" Other SE lang:es 00:00:16 00:00:22 tt-1372 AF003_1992_EP_SU2011_AD_08 
"<necesita>"
	"necesitar" Verb VLfin Pres Indi Sing 3rd lang:es 00:00:16 00:00:22 tt-1373 AF003_1992_EP_SU2011_AD_08 
"<ya>"
	"ya" Adverb ADV lang:es 00:00:16 00:00:22 tt-1374 AF003_1992_EP_SU2011_AD_08 
"<sea>"
	"ser" Verb VSfin Pres Subj Sing 1st_or_3rd lang:es 00:00:16 00:00:22 tt-1375 AF003_1992_EP_SU2011_AD_08 @Gram:MSub:Pres @Gram:SerEstar:Ser 
"<muy>"
	"muy" Adverb ADV lang:es 00:00:16 00:00:22 tt-1376 AF003_1992_EP_SU2011_AD_08 
"<bien>"
	"bien" Adverb ADV lang:es 00:00:16 00:00:22 tt-1377 AF003_1992_EP_SU2011_AD_08 
"<,>"
	"," Punctuation CM lang:es 00:00:16 00:00:22 tt-1378 AF003_1992_EP_SU2011_AD_08 
"<o>"
	"o" Adverb ADV lang:es 00:00:16 00:00:22 tt-1379 AF003_1992_EP_SU2011_AD_08 ID:67 R:Prag:MarcadoresDisc:Igualdad:68 
"<sea>"
	"sea" Adverb ADV lang:es 00:00:16 00:00:22 tt-1380 AF003_1992_EP_SU2011_AD_08 ID:68 
"<,>"
	"," Punctuation CM lang:es 00:00:16 00:00:22 tt-1381 AF003_1992_EP_SU2011_AD_08 
"<para>"
	"para" Preposition PREP lang:es 00:00:16 00:00:22 tt-1382 AF003_1992_EP_SU2011_AD_08 @Gram:Prep:Para 
"<los>"
	"el" Determiner ART Plural lang:es 00:00:16 00:00:22 tt-1383 AF003_1992_EP_SU2011_AD_08 @Gram:Det:Art 
"<trabajos>"
	"trabajo" Noun NC Plural lang:es 00:00:16 00:00:22 tt-1384 AF003_1992_EP_SU2011_AD_08 
"<para>"
	"para" Preposition PREP lang:es 00:00:22 00:00:29 tt-1385 AF003_1992_EP_SU2011_AD_08 @Gram:Prep:Para 
"<lo>"
	"el" Determiner ART Singular lang:es 00:00:22 00:00:29 tt-1386 AF003_1992_EP_SU2011_AD_08 
"<que>"
	"que" Conjunction CQUE lang:es 00:00:22 00:00:29 tt-1387 AF003_1992_EP_SU2011_AD_08 
"<sea>"
	"ser" Verb VSfin Pres Subj Sing 1st_or_3rd lang:es 00:00:22 00:00:29 tt-1388 AF003_1992_EP_SU2011_AD_08 @Gram:MSub:Pres @Gram:SerEstar:Ser 
"<y>"
	"y" Conjunction CC lang:es 00:00:22 00:00:29 tt-1389 AF003_1992_EP_SU2011_AD_08 
"<saber>"
	"saber" Verb VLinf Infinitive lang:es 00:00:22 00:00:29 tt-1390 AF003_1992_EP_SU2011_AD_08 
"<el>"
	"el" Determiner ART Singular lang:es 00:00:22 00:00:29 tt-1391 AF003_1992_EP_SU2011_AD_08 @Gram:Det:Art 
"<español>"
	"español" Noun NC Singular lang:es 00:00:22 00:00:29 tt-1392 AF003_1992_EP_SU2011_AD_08 
"<,>"
	"," Punctuation CM lang:es 00:00:22 00:00:29 tt-1393 AF003_1992_EP_SU2011_AD_08 
"<o>"
	"o" Adverb ADV lang:es 00:00:22 00:00:29 tt-1394 AF003_1992_EP_SU2011_AD_08 ID:82 R:Prag:MarcadoresDisc:Igualdad:83 
"<sea>"
	"sea" Adverb ADV lang:es 00:00:22 00:00:29 tt-1395 AF003_1992_EP_SU2011_AD_08 ID:83 
"<,>"
	"," Punctuation CM lang:es 00:00:22 00:00:29 tt-1396 AF003_1992_EP_SU2011_AD_08 
"<me>"
	"yo" Pronoun PPX Singular lang:es 00:00:22 00:00:29 tt-1397 AF003_1992_EP_SU2011_AD_08 @Gram:Pron:Objeto 
"<ha>"
	"haber" Verb VHfin Pres Indi Sing 3rd lang:es 00:00:22 00:00:29 tt-1398 AF003_1992_EP_SU2011_AD_08 ID:86 R:Gram:Aux:Haber:87 R:Gram:PerfPerif:87 
"<ayudado>"
	"ayudar" Verb VLadj lang:es 00:00:22 00:00:29 tt-1399 AF003_1992_EP_SU2011_AD_08 ID:87 
"<mucho>"
	"mucho" Adverb ADV lang:es 00:00:22 00:00:29 tt-1400 AF003_1992_EP_SU2011_AD_08 
"<porque>"
	"porque" Conjunction CSUBX lang:es 00:00:22 00:00:29 tt-1401 AF003_1992_EP_SU2011_AD_08 @Prag:MarcadoresDisc:Causa 
"<me>"
	"yo" Pronoun PPX Singular lang:es 00:00:22 00:00:29 tt-1402 AF003_1992_EP_SU2011_AD_08 @Gram:Pron:Objeto 
"<comunico>"
	"comunicar" Verb VLfin Pres Indi Sing 1st lang:es 00:00:22 00:00:29 tt-1403 AF003_1992_EP_SU2011_AD_08 
"<mejor>"
	"bueno" Adjective ADJ Singular lang:es 00:00:22 00:00:29 tt-1404 AF003_1992_EP_SU2011_AD_08 
"<con>"
	"con" Preposition PREP lang:es 00:00:29 00:00:35 tt-1405 AF003_1992_EP_SU2011_AD_08 @Gram:Prep 
"<la>"
	"el" Determiner ART Singular lang:es 00:00:29 00:00:35 tt-1406 AF003_1992_EP_SU2011_AD_08 @Gram:Det:Art 
"<gente>"
	"gente" Noun NC Singular lang:es 00:00:29 00:00:35 tt-1407 AF003_1992_EP_SU2011_AD_08 
"<,>"
	"," Punctuation CM lang:es 00:00:29 00:00:35 tt-1408 AF003_1992_EP_SU2011_AD_08 
"<o>"
	"o" Adverb ADV lang:es 00:00:29 00:00:35 tt-1409 AF003_1992_EP_SU2011_AD_08 ID:97 R:Prag:MarcadoresDisc:Igualdad:98 
"<sea>"
	"sea" Adverb ADV lang:es 00:00:29 00:00:35 tt-1410 AF003_1992_EP_SU2011_AD_08 ID:98 
"<,>"
	"," Punctuation CM lang:es 00:00:29 00:00:35 tt-1411 AF003_1992_EP_SU2011_AD_08 
"<uno>"
	"uno" Determiner CARD Singular lang:es 00:00:29 00:00:35 tt-1412 AF003_1992_EP_SU2011_AD_08 
"<se>"
	"se" Other SE lang:es 00:00:29 00:00:35 tt-1413 AF003_1992_EP_SU2011_AD_08 
"<conecta>"
	"conectar" Verb VLfin Pres Indi Sing 3rd lang:es 00:00:29 00:00:35 tt-1414 AF003_1992_EP_SU2011_AD_08 
"<más>"
	"más" Adverb ADV lang:es 00:00:29 00:00:35 tt-1415 AF003_1992_EP_SU2011_AD_08 
"<con>"
	"con" Preposition PREP lang:es 00:00:29 00:00:35 tt-1416 AF003_1992_EP_SU2011_AD_08 @Gram:Prep 
"<la>"
	"el" Determiner ART Singular lang:es 00:00:29 00:00:35 tt-1417 AF003_1992_EP_SU2011_AD_08 @Gram:Det:Art 
"<gente>"
	"gente" Noun NC Singular lang:es 00:00:29 00:00:35 tt-1418 AF003_1992_EP_SU2011_AD_08 
"<también>"
	"también" Adverb ADV lang:es 00:00:29 00:00:35 tt-1419 AF003_1992_EP_SU2011_AD_08 @Prag:MarcadoresDisc:Igualdad 
"<$¿>"
	"¿" Punctuation FS lang:es 00:00:29 00:00:35 tt-1420 AF003_1992_EP_SU2011_AD_08 
"<verdad>"
	"verdad" Noun NC Singular lang:es 00:00:29 00:00:35 tt-1421 AF003_1992_EP_SU2011_AD_08 
"<$?>"
	"?" Punctuation FS lang:es 00:00:29 00:00:35 tt-1422 AF003_1992_EP_SU2011_AD_08 

"<este>"
	"este" Determiner DM Singular lang:es 00:00:29 00:00:35 tt-1423 AF003_1992_EP_SU2011_AD_08 @Prag:RecuDiscurso:GanarTiempo 
"<...>"
	"..." Punctuation DOTS lang:es 00:00:29 00:00:35 tt-1424 AF003_1992_EP_SU2011_AD_08 
"<y>"
	"y" Conjunction CC lang:es 00:00:29 00:00:35 tt-1425 AF003_1992_EP_SU2011_AD_08 
"<pues>"
	"pues" Conjunction CSUBF lang:es 00:00:29 00:00:35 tt-1426 AF003_1992_EP_SU2011_AD_08 
"<es>"
	"ser" Verb VSfin Pres Indi Sing 3rd lang:es 00:00:35 00:00:38 tt-1427 AF003_1992_EP_SU2011_AD_08 @Gram:SerEstar:Ser 
"<bueno>"
	"bueno" Adjective ADJ Singular lang:es 00:00:35 00:00:38 tt-1428 AF003_1992_EP_SU2011_AD_08 
"<saber>"
	"saber" Verb VLinf Infinitive lang:es 00:00:35 00:00:38 tt-1429 AF003_1992_EP_SU2011_AD_08 
"<los>"
	"el" Determiner ART Plural lang:es 00:00:35 00:00:38 tt-1430 AF003_1992_EP_SU2011_AD_08 @Gram:Det:Art 
"<dos>"
	"dos" Determiner CARD Plural lang:es 00:00:35 00:00:38 tt-1431 AF003_1992_EP_SU2011_AD_08 
"<idiomas>"
	"idioma" Noun NC Plural lang:es 00:00:35 00:00:38 tt-1432 AF003_1992_EP_SU2011_AD_08 
"<$.>"
	"." Punctuation FS lang:es 00:00:35 00:00:38 tt-1433 AF003_1992_EP_SU2011_AD_08 
</speaker>
<speaker type="int">

"<$¿>"
	"¿" Punctuation FS lang:es 00:00:38 00:00:42 tt-1434 AF003_1992_EP_SU2011_AD_08 
"<Cuál>"
	"cuál" Pronoun INT Singular lang:es 00:00:38 00:00:42 tt-1435 AF003_1992_EP_SU2011_AD_08 
"<es>"
	"ser" Verb VSfin Pres Indi Sing 3rd lang:es 00:00:38 00:00:42 tt-1436 AF003_1992_EP_SU2011_AD_08 @Gram:SerEstar:Ser 
"<la>"
	"el" Determiner ART Singular lang:es 00:00:38 00:00:42 tt-1437 AF003_1992_EP_SU2011_AD_08 @Gram:Det:Art 
"<importancia>"
	"importancia" Noun NC Singular lang:es 00:00:38 00:00:42 tt-1438 AF003_1992_EP_SU2011_AD_08 
"<de>"
	"de" Conjunction CSUBI lang:es 00:00:38 00:00:42 tt-1439 AF003_1992_EP_SU2011_AD_08 
"<ser>"
	"ser" Verb VSinf Infinitive lang:es 00:00:38 00:00:42 tt-1440 AF003_1992_EP_SU2011_AD_08 @Gram:SerEstar:Ser 
"<bilingüe>"
	"bilingüe" Adjective ADJ Singular lang:es 00:00:38 00:00:42 tt-1441 AF003_1992_EP_SU2011_AD_08 
"<para>"
	"para" Preposition PREP lang:es 00:00:38 00:00:42 tt-1442 AF003_1992_EP_SU2011_AD_08 @Gram:Prep:Para 
"<ti>"
	"tú" Pronoun PPX Singular lang:es 00:00:38 00:00:42 tt-1443 AF003_1992_EP_SU2011_AD_08 
"<$?>"
	"?" Punctuation FS lang:es 00:00:38 00:00:42 tt-1444 AF003_1992_EP_SU2011_AD_08 
</speaker>
<speaker type="subj">

"<...>"
	"..." Punctuation DOTS lang:es 00:00:42 00:00:48 tt-1446 AF003_1992_EP_SU2011_AD_08 
"<para>"
	"para" Preposition PREP lang:es 00:00:42 00:00:48 tt-1447 AF003_1992_EP_SU2011_AD_08 @Gram:Prep:Para 
"<mí>"
	"yo" Pronoun PPX Singular lang:es 00:00:42 00:00:48 tt-1448 AF003_1992_EP_SU2011_AD_08 
"<que>"
	"que" Conjunction CQUE lang:es 00:00:42 00:00:48 tt-1449 AF003_1992_EP_SU2011_AD_08 
"<,>"
	"," Punctuation CM lang:es 00:00:42 00:00:48 tt-1450 AF003_1992_EP_SU2011_AD_08 
"<o>"
	"o" Adverb ADV lang:es 00:00:42 00:00:48 tt-1451 AF003_1992_EP_SU2011_AD_08 ID:138 R:Prag:MarcadoresDisc:Igualdad:139 
"<sea>"
	"sea" Adverb ADV lang:es 00:00:42 00:00:48 tt-1452 AF003_1992_EP_SU2011_AD_08 ID:139 
"<,>"
	"," Punctuation CM lang:es 00:00:42 00:00:48 tt-1453 AF003_1992_EP_SU2011_AD_08 
"<más>"
	"más" Adverb ADV lang:es 00:00:42 00:00:48 tt-1454 AF003_1992_EP_SU2011_AD_08 
"<bien>"
	"bien" Adverb ADV lang:es 00:00:42 00:00:48 tt-1455 AF003_1992_EP_SU2011_AD_08 
"<es>"
	"ser" Verb VSfin Pres Indi Sing 3rd lang:es 00:00:42 00:00:48 tt-1456 AF003_1992_EP_SU2011_AD_08 @Gram:SerEstar:Ser 
"<con>"
	"con" Preposition PREP lang:es 00:00:42 00:00:48 tt-1457 AF003_1992_EP_SU2011_AD_08 @Gram:Prep 
"<mi>"
	"mío" Pronoun PPO Singular lang:es 00:00:42 00:00:48 tt-1458 AF003_1992_EP_SU2011_AD_08 @Gram:Det:Pos 
"<familia>"
	"familia" Noun NC Singular lang:es 00:00:42 00:00:48 tt-1459 AF003_1992_EP_SU2011_AD_08 
"<porque>"
	"porque" Conjunction CSUBX lang:es 00:00:42 00:00:48 tt-1460 AF003_1992_EP_SU2011_AD_08 @Prag:MarcadoresDisc:Causa 
"<ellos>"
	"él" Pronoun PPX Plural lang:es 00:00:42 00:00:48 tt-1461 AF003_1992_EP_SU2011_AD_08 @Gram:Pron:Sujeto 
"<hablan>"
	"hablar" Verb VLfin Pres Indi Plural 3rd lang:es 00:00:42 00:00:48 tt-1462 AF003_1992_EP_SU2011_AD_08 
"<mucho>"
	"mucho" Adverb ADV lang:es 00:00:42 00:00:48 tt-1463 AF003_1992_EP_SU2011_AD_08 
"<el>"
	"el" Determiner ART Singular lang:es 00:00:42 00:00:48 tt-1464 AF003_1992_EP_SU2011_AD_08 @Gram:Det:Art 
"<español>"
	"español" Noun NC Singular lang:es 00:00:48 00:00:54 tt-1465 AF003_1992_EP_SU2011_AD_08 
"<,>"
	"," Punctuation CM lang:es 00:00:48 00:00:54 tt-1466 AF003_1992_EP_SU2011_AD_08 
"<entonces>"
	"entonces" Adverb ADV lang:es 00:00:48 00:00:54 tt-1467 AF003_1992_EP_SU2011_AD_08 
"<yo>"
	"yo" Pronoun PPX Singular lang:es 00:00:48 00:00:54 tt-1468 AF003_1992_EP_SU2011_AD_08 @Gram:Pron:Sujeto 
"<me>"
	"yo" Pronoun PPX Singular lang:es 00:00:48 00:00:54 tt-1469 AF003_1992_EP_SU2011_AD_08 @Gram:Pron:Objeto 
"<puedo>"
	"poder" Verb VLfin Pres Indi Sing 1st lang:es 00:00:48 00:00:54 tt-1470 AF003_1992_EP_SU2011_AD_08 
"<comunicar>"
	"comunicar" Verb VLinf Infinitive lang:es 00:00:48 00:00:54 tt-1471 AF003_1992_EP_SU2011_AD_08 
"<bien>"
	"bien" Adverb ADV lang:es 00:00:48 00:00:54 tt-1472 AF003_1992_EP_SU2011_AD_08 
"<con>"
	"con" Preposition PREP lang:es 00:00:48 00:00:54 tt-1473 AF003_1992_EP_SU2011_AD_08 @Gram:Prep 
"<ellos>"
	"él" Pronoun PPX Plural lang:es 00:00:48 00:00:54 tt-1474 AF003_1992_EP_SU2011_AD_08 @Gram:Pron:Sujeto 
"<y>"
	"y" Conjunction CC lang:es 00:00:48 00:00:54 tt-1475 AF003_1992_EP_SU2011_AD_08 
"<también>"
	"también" Adverb ADV lang:es 00:00:48 00:00:54 tt-1476 AF003_1992_EP_SU2011_AD_08 @Prag:MarcadoresDisc:Igualdad 
"<,>"
	"," Punctuation CM lang:es 00:00:48 00:00:54 tt-1477 AF003_1992_EP_SU2011_AD_08 
"<o>"
	"o" Adverb ADV lang:es 00:00:48 00:00:54 tt-1478 AF003_1992_EP_SU2011_AD_08 ID:165 R:Prag:MarcadoresDisc:Igualdad:166 
"<sea>"
	"sea" Adverb ADV lang:es 00:00:48 00:00:54 tt-1479 AF003_1992_EP_SU2011_AD_08 ID:166 
"<,>"
	"," Punctuation CM lang:es 00:00:48 00:00:54 tt-1480 AF003_1992_EP_SU2011_AD_08 
"<si>"
	"si" Conjunction CSUBX lang:es 00:00:48 00:00:54 tt-1481 AF003_1992_EP_SU2011_AD_08 
"<necesitan>"
	"necesitar" Verb VLfin Pres Indi Plural 3rd lang:es 00:00:48 00:00:54 tt-1482 AF003_1992_EP_SU2011_AD_08 
"<ayuda>"
	"ayuda" Noun NC Singular lang:es 00:00:54 00:00:57 tt-1483 AF003_1992_EP_SU2011_AD_08 
"<en>"
	"en" Preposition PREP lang:es 00:00:54 00:00:57 tt-1484 AF003_1992_EP_SU2011_AD_08 @Gram:Prep 
"<algo>"
	"algo" Determiner QU lang:es 00:00:54 00:00:57 tt-1485 AF003_1992_EP_SU2011_AD_08 
"<en>"
	"en" Preposition PREP lang:es 00:00:54 00:00:57 tt-1486 AF003_1992_EP_SU2011_AD_08 @Gram:Prep 
"<ingles>"
	"UNK" Noun NC Plural lang:es 00:00:54 00:00:57 tt-1487 AF003_1992_EP_SU2011_AD_08 
"<,>"
	"," Punctuation CM lang:es 00:00:54 00:00:57 tt-1488 AF003_1992_EP_SU2011_AD_08 
"<pues>"
	"pues" Conjunction CSUBF lang:es 00:00:54 00:00:57 tt-1489 AF003_1992_EP_SU2011_AD_08 
"<yo>"
	"yo" Pronoun PPX Singular lang:es 00:00:54 00:00:57 tt-1490 AF003_1992_EP_SU2011_AD_08 @Gram:Pron:Sujeto 
"<les>"
	"él" Pronoun PPC Plural lang:es 00:00:54 00:00:57 tt-1491 AF003_1992_EP_SU2011_AD_08 @Gram:Pron:Objeto 
"<puedo>"
	"poder" Verb VLfin Pres Indi Sing 1st lang:es 00:00:54 00:00:57 tt-1492 AF003_1992_EP_SU2011_AD_08 
"<ayudar>"
	"ayudar" Verb VLinf Infinitive lang:es 00:00:54 00:00:57 tt-1493 AF003_1992_EP_SU2011_AD_08 
"<a>"
	"a" Preposition PREP lang:es 00:00:54 00:00:57 tt-1494 AF003_1992_EP_SU2011_AD_08 @Gram:Prep 
"<ellos>"
	"él" Pronoun PPX Plural lang:es 00:00:54 00:00:57 tt-1495 AF003_1992_EP_SU2011_AD_08 @Gram:Pron:Sujeto 
"<,>"
	"," Punctuation CM lang:es 00:00:54 00:00:57 tt-1496 AF003_1992_EP_SU2011_AD_08 
"<asistir>"
	"asistir" Verb VLinf Infinitive lang:es 00:00:54 00:00:57 tt-1497 AF003_1992_EP_SU2011_AD_08 
"<en>"
	"en" Preposition PREP lang:es 00:00:54 00:00:57 tt-1498 AF003_1992_EP_SU2011_AD_08 @Gram:Prep 
"<algo>"
	"algo" Determiner QU lang:es 00:00:54 00:00:57 tt-1499 AF003_1992_EP_SU2011_AD_08 
"<$.>"
	"." Punctuation FS lang:es 00:00:54 00:00:57 tt-1500 AF003_1992_EP_SU2011_AD_08 
</speaker>
<speaker type="int">

"<Muy>"
	"muy" Adverb ADV lang:es 00:00:57 00:01:04 tt-1501 AF003_1992_EP_SU2011_AD_08 
"<bien>"
	"bien" Adverb ADV lang:es 00:00:57 00:01:04 tt-1502 AF003_1992_EP_SU2011_AD_08 
"<$.>"
	"." Punctuation FS lang:es 00:00:57 00:01:04 tt-1503 AF003_1992_EP_SU2011_AD_08 

"<Cuando>"
	"cuando" Conjunction CSUBX lang:es 00:00:57 00:01:04 tt-1504 AF003_1992_EP_SU2011_AD_08 
"<conoces>"
	"conocer" Verb VLfin Pres Indi Sing 2nd lang:es 00:00:57 00:01:04 tt-1505 AF003_1992_EP_SU2011_AD_08 
"<a>"
	"a" Preposition PREP lang:es 00:00:57 00:01:04 tt-1506 AF003_1992_EP_SU2011_AD_08 @Gram:Prep 
"<una>"
	"un" Determiner ART Singular lang:es 00:00:57 00:01:04 tt-1507 AF003_1992_EP_SU2011_AD_08 
"<persona>"
	"persona" Noun NC Singular lang:es 00:00:57 00:01:04 tt-1508 AF003_1992_EP_SU2011_AD_08 
"<latina>"
	"latino" Adjective ADJ Singular lang:es 00:00:57 00:01:04 tt-1509 AF003_1992_EP_SU2011_AD_08 
"<o>"
	"o" Conjunction CC lang:es 00:00:57 00:01:04 tt-1510 AF003_1992_EP_SU2011_AD_08 
"<hispana>"
	"hispano" Adjective ADJ Singular lang:es 00:00:57 00:01:04 tt-1511 AF003_1992_EP_SU2011_AD_08 
"<por>"
	"por" Preposition PREP lang:es 00:00:57 00:01:04 tt-1512 AF003_1992_EP_SU2011_AD_08 @Gram:Prep:Por 
"<primera>"
	"primero" Adjective ORD Singular lang:es 00:00:57 00:01:04 tt-1513 AF003_1992_EP_SU2011_AD_08 Gram:Adj:Ord 
"<vez>"
	"vez" Noun NC Singular lang:es 00:00:57 00:01:04 tt-1514 AF003_1992_EP_SU2011_AD_08 
"<,>"
	"," Punctuation CM lang:es 00:00:57 00:01:04 tt-1515 AF003_1992_EP_SU2011_AD_08 
"<$¿>"
	"¿" Punctuation FS lang:es 00:00:57 00:01:04 tt-1516 AF003_1992_EP_SU2011_AD_08 
"<cómo>"
	"cómo" Adverb ADV lang:es 00:00:57 00:01:04 tt-1517 AF003_1992_EP_SU2011_AD_08 
"<sabes>"
	"saber" Verb VLfin Pres Indi Sing 2nd lang:es 00:01:09 00:01:14 tt-1518 AF003_1992_EP_SU2011_AD_08 
"<si>"
	"si" Conjunction CSUBX lang:es 00:01:09 00:01:14 tt-1519 AF003_1992_EP_SU2011_AD_08 
"<debes>"
	"deber" Verb VLfin Pres Indi Sing 2nd lang:es 00:01:09 00:01:14 tt-1520 AF003_1992_EP_SU2011_AD_08 
"<hablar>"
	"hablar" Verb VLinf Infinitive lang:es 00:01:09 00:01:14 tt-1521 AF003_1992_EP_SU2011_AD_08 ID:208 R:Vocab:Fraseol:VerbPrep:209 
"<en>"
	"en" Preposition PREP lang:es 00:01:09 00:01:14 tt-1522 AF003_1992_EP_SU2011_AD_08 @Gram:Prep ID:209 
"<inglés>"
	"inglés" Noun NC Plural lang:es 00:01:09 00:01:14 tt-1523 AF003_1992_EP_SU2011_AD_08 
"<o>"
	"o" Conjunction CC lang:es 00:01:09 00:01:14 tt-1524 AF003_1992_EP_SU2011_AD_08 
"<en>"
	"en" Preposition PREP lang:es 00:01:09 00:01:14 tt-1525 AF003_1992_EP_SU2011_AD_08 @Gram:Prep 
"<español>"
	"español" Noun NC Singular lang:es 00:01:09 00:01:14 tt-1526 AF003_1992_EP_SU2011_AD_08 
"<$?>"
	"?" Punctuation FS lang:es 00:01:09 00:01:14 tt-1527 AF003_1992_EP_SU2011_AD_08 

"<Mmm>"
	"mmm" Noun NP Singular lang:es 00:01:14 00:01:21 tt-1528 AF003_1992_EP_SU2011_AD_08 
"<...>"
	"..." Punctuation DOTS lang:es 00:01:14 00:01:21 tt-1529 AF003_1992_EP_SU2011_AD_08 
"<se>"
	"se" Other SE lang:es 00:01:14 00:01:21 tt-1530 AF003_1992_EP_SU2011_AD_08 @Gram:Pron:Otros 
"<me>"
	"yo" Pronoun PPX Singular lang:es 00:01:14 00:01:21 tt-1531 AF003_1992_EP_SU2011_AD_08 @Gram:Pron:Objeto 
"<hace>"
	"hacer" Verb VLfin Pres Indi Sing 3rd lang:es 00:01:14 00:01:21 tt-1532 AF003_1992_EP_SU2011_AD_08 
"<que>"
	"que" Conjunction CQUE lang:es 00:01:14 00:01:21 tt-1533 AF003_1992_EP_SU2011_AD_08 
"<depende>"
	"depender" Verb VLfin Pres Indi Sing 3rd lang:es 00:01:14 00:01:21 tt-1534 AF003_1992_EP_SU2011_AD_08 
"<en>"
	"en" Preposition PREP lang:es 00:01:14 00:01:21 tt-1535 AF003_1992_EP_SU2011_AD_08 @Gram:Prep 
"<el>"
	"el" Determiner ART Singular lang:es 00:01:14 00:01:21 tt-1536 AF003_1992_EP_SU2011_AD_08 @Gram:Det:Art 
"<lugar>"
	"lugar" Noun NC Singular lang:es 00:01:14 00:01:21 tt-1537 AF003_1992_EP_SU2011_AD_08 
"<en>"
	"en" Preposition PREP lang:es 00:01:14 00:01:21 tt-1538 AF003_1992_EP_SU2011_AD_08 @Gram:Prep 
"<dónde>"
	"dónde" Adverb ADV lang:es 00:01:14 00:01:21 tt-1539 AF003_1992_EP_SU2011_AD_08 
"<estoy>"
	"estar" Verb VEfin Pres Indi Sing 1st lang:es 00:01:14 00:01:21 tt-1540 AF003_1992_EP_SU2011_AD_08 @Gram:SerEstar:Estar 
"<,>"
	"," Punctuation CM lang:es 00:01:14 00:01:21 tt-1541 AF003_1992_EP_SU2011_AD_08 
"<este>"
	"este" Noun NC Singular lang:es 00:01:14 00:01:21 tt-1542 AF003_1992_EP_SU2011_AD_08 
"<...>"
	"..." Punctuation DOTS lang:es 00:01:14 00:01:21 tt-1543 AF003_1992_EP_SU2011_AD_08 
"<por>"
	"por" Preposition PREP lang:es 00:01:14 00:01:21 tt-1544 AF003_1992_EP_SU2011_AD_08 @Gram:Prep:Por ID:231 R:Prag:MarcadoresDisc:Igualdad:232 
"<ejemplo>"
	"ejemplo" Adverb ADV lang:es 00:01:14 00:01:21 tt-1545 AF003_1992_EP_SU2011_AD_08 ID:232 
"<pues>"
	"pues" Conjunction CSUBF lang:es 00:01:14 00:01:21 tt-1546 AF003_1992_EP_SU2011_AD_08 
"<,>"
	"," Punctuation CM lang:es 00:01:14 00:01:21 tt-1547 AF003_1992_EP_SU2011_AD_08 
"<si>"
	"si" Conjunction CSUBX lang:es 00:01:23 00:01:30 tt-1548 AF003_1992_EP_SU2011_AD_08 
"<estoy>"
	"estar" Verb VEfin Pres Indi Sing 1st lang:es 00:01:23 00:01:30 tt-1549 AF003_1992_EP_SU2011_AD_08 @Gram:SerEstar:Estar 
"<ya>"
	"ya" Adverb ADV lang:es 00:01:23 00:01:30 tt-1550 AF003_1992_EP_SU2011_AD_08 
"<...>"
	"..." Punctuation DOTS lang:es 00:01:23 00:01:30 tt-1551 AF003_1992_EP_SU2011_AD_08 
"<como>"
	"como" Adverb ADV lang:es 00:01:23 00:01:30 tt-1552 AF003_1992_EP_SU2011_AD_08 
"<en>"
	"en" Preposition PREP lang:es 00:01:23 00:01:30 tt-1553 AF003_1992_EP_SU2011_AD_08 @Gram:Prep 
"<...>"
	"..." Punctuation DOTS lang:es 00:01:23 00:01:30 tt-1554 AF003_1992_EP_SU2011_AD_08 
"<no>"
	"no" Adverb NEG lang:es 00:01:23 00:01:30 tt-1555 AF003_1992_EP_SU2011_AD_08 
"<sé>"
	"saber|ser" Verb VLfin Pres Indi Sing 1st lang:es 00:01:23 00:01:30 tt-1556 AF003_1992_EP_SU2011_AD_08 
"<,>"
	"," Punctuation CM lang:es 00:01:23 00:01:30 tt-1557 AF003_1992_EP_SU2011_AD_08 
"<como>"
	"como" Adverb ADV lang:es 00:01:23 00:01:30 tt-1558 AF003_1992_EP_SU2011_AD_08 
"<en>"
	"en" Preposition PREP lang:es 00:01:23 00:01:30 tt-1559 AF003_1992_EP_SU2011_AD_08 @Gram:Prep 
"<Oklahoma>"
	"UNK" Noun NC Singular lang:es 00:01:23 00:01:30 tt-1560 AF003_1992_EP_SU2011_AD_08 
"<o>"
	"o" Conjunction CC lang:es 00:01:23 00:01:30 tt-1561 AF003_1992_EP_SU2011_AD_08 
"<algo>"
	"algo" Determiner QU lang:es 00:01:23 00:01:30 tt-1562 AF003_1992_EP_SU2011_AD_08 
"<,>"
	"," Punctuation CM lang:es 00:01:23 00:01:30 tt-1563 AF003_1992_EP_SU2011_AD_08 
"<pues>"
	"pues" Conjunction CSUBF lang:es 00:01:23 00:01:30 tt-1564 AF003_1992_EP_SU2011_AD_08 
"<entonces>"
	"entonces" Adverb ADV lang:es 00:01:23 00:01:30 tt-1565 AF003_1992_EP_SU2011_AD_08 
"<sí>"
	"sí" Adverb ADV lang:es 00:01:23 00:01:30 tt-1566 AF003_1992_EP_SU2011_AD_08 
"<hablo>"
	"hablar" Verb VLfin Pres Indi Sing 1st lang:es 00:01:23 00:01:30 tt-1567 AF003_1992_EP_SU2011_AD_08 
"<inglés>"
	"inglés" Adjective ADJ Plural lang:es 00:01:23 00:01:30 tt-1568 AF003_1992_EP_SU2011_AD_08 
"<,>"
	"," Punctuation CM lang:es 00:01:23 00:01:30 tt-1569 AF003_1992_EP_SU2011_AD_08 
"<pero>"
	"pero" Conjunction CCAD lang:es 00:01:23 00:01:30 tt-1570 AF003_1992_EP_SU2011_AD_08 @Prag:MarcadoresDisc:Revision 
"<ya>"
	"ya" Adverb ADV lang:es 00:01:31 00:01:37 tt-1571 AF003_1992_EP_SU2011_AD_08 
"<como>"
	"como" Conjunction CSUBX lang:es 00:01:31 00:01:37 tt-1572 AF003_1992_EP_SU2011_AD_08 
"<por>"
	"por" Preposition PREP lang:es 00:01:31 00:01:37 tt-1573 AF003_1992_EP_SU2011_AD_08 @Gram:Prep:Por ID:260 R:Prag:MarcadoresDisc:Igualdad:261 
"<ejemplo>"
	"ejemplo" Adverb ADV lang:es 00:01:31 00:01:37 tt-1574 AF003_1992_EP_SU2011_AD_08 ID:261 
"<si>"
	"si" Conjunction CSUBX lang:es 00:01:31 00:01:37 tt-1575 AF003_1992_EP_SU2011_AD_08 
"<estoy>"
	"estar" Verb VEfin Pres Indi Sing 1st lang:es 00:01:31 00:01:37 tt-1576 AF003_1992_EP_SU2011_AD_08 @Gram:SerEstar:Estar 
"<en>"
	"en" Preposition PREP lang:es 00:01:31 00:01:37 tt-1577 AF003_1992_EP_SU2011_AD_08 @Gram:Prep 
"<Juárez>"
	"Juárez" Noun NP Singular lang:es 00:01:31 00:01:37 tt-1578 AF003_1992_EP_SU2011_AD_08 
"<o>"
	"o" Conjunction CC lang:es 00:01:31 00:01:37 tt-1579 AF003_1992_EP_SU2011_AD_08 
"<aquí>"
	"aquí" Adverb ADV lang:es 00:01:31 00:01:37 tt-1580 AF003_1992_EP_SU2011_AD_08 
"<pues>"
	"pues" Conjunction CSUBF lang:es 00:01:31 00:01:37 tt-1581 AF003_1992_EP_SU2011_AD_08 
"<sé>"
	"saber|ser" Verb VLfin Pres Indi Sing 1st lang:es 00:01:31 00:01:37 tt-1582 AF003_1992_EP_SU2011_AD_08 
"<que>"
	"que" Conjunction CQUE lang:es 00:01:31 00:01:37 tt-1583 AF003_1992_EP_SU2011_AD_08 
"<puedo>"
	"poder" Verb VLfin Pres Indi Sing 1st lang:es 00:01:31 00:01:37 tt-1584 AF003_1992_EP_SU2011_AD_08 
"<hablar>"
	"hablar" Verb VLinf Infinitive lang:es 00:01:31 00:01:37 tt-1585 AF003_1992_EP_SU2011_AD_08 
"<mejor>"
	"bueno" Adjective ADJ Singular lang:es 00:01:31 00:01:37 tt-1586 AF003_1992_EP_SU2011_AD_08 
"<el>"
	"el" Determiner ART Singular lang:es 00:01:31 00:01:37 tt-1587 AF003_1992_EP_SU2011_AD_08 @Gram:Det:Art 
"<español>"
	"español" Noun NC Singular lang:es 00:01:31 00:01:37 tt-1588 AF003_1992_EP_SU2011_AD_08 
"<y>"
	"y" Conjunction CC lang:es 00:01:37 00:01:39 tt-1589 AF003_1992_EP_SU2011_AD_08 
"<sé>"
	"saber|ser" Verb VLfin Pres Indi Sing 1st lang:es 00:01:37 00:01:39 tt-1590 AF003_1992_EP_SU2011_AD_08 
"<que>"
	"que" Conjunction CQUE lang:es 00:01:37 00:01:39 tt-1591 AF003_1992_EP_SU2011_AD_08 
"<la>"
	"el" Determiner ART Singular lang:es 00:01:37 00:01:39 tt-1592 AF003_1992_EP_SU2011_AD_08 @Gram:Det:Art 
"<mayoría>"
	"mayoría" Noun NC Singular lang:es 00:01:37 00:01:39 tt-1593 AF003_1992_EP_SU2011_AD_08 
"<de>"
	"de" Preposition PREP lang:es 00:01:37 00:01:39 tt-1594 AF003_1992_EP_SU2011_AD_08 @Gram:Prep 
"<la>"
	"el" Determiner ART Singular lang:es 00:01:37 00:01:39 tt-1595 AF003_1992_EP_SU2011_AD_08 @Gram:Det:Art 
"<gente>"
	"gente" Noun NC Singular lang:es 00:01:37 00:01:39 tt-1596 AF003_1992_EP_SU2011_AD_08 
"<va>"
	"ir" Verb VLfin Pres Indi Sing 3rd lang:es 00:01:37 00:01:39 tt-1597 AF003_1992_EP_SU2011_AD_08 
"<a>"
	"a" Preposition PREP lang:es 00:01:37 00:01:39 tt-1598 AF003_1992_EP_SU2011_AD_08 @Gram:Prep 
"<entender>"
	"entender" Verb VLinf Infinitive lang:es 00:01:37 00:01:39 tt-1599 AF003_1992_EP_SU2011_AD_08 
"<$.>"
	"." Punctuation FS lang:es 00:01:37 00:01:39 tt-1600 AF003_1992_EP_SU2011_AD_08 
</speaker>
</text>

