<text id="AF006_1968_EP_SU2011_AD_13">
<speaker type="int">
"<$¿>"
	"¿" Punctuation FS lang:es 00:00:00 00:00:02 tt-1927 AF006_1968_EP_SU2011_AD_13 
"<Dónde>"
	"dónde" Adverb ADV lang:es 00:00:00 00:00:02 tt-1928 AF006_1968_EP_SU2011_AD_13 
"<trabajas>"
	"trabajar" Verb VLfin Pres Indi Sing 2nd lang:es 00:00:00 00:00:02 tt-1929 AF006_1968_EP_SU2011_AD_13 
"<$?>"
	"?" Punctuation FS lang:es 00:00:00 00:00:02 tt-1930 AF006_1968_EP_SU2011_AD_13 

"<En>"
	"en" Preposition PREP lang:es 00:00:02 00:00:05 tt-1931 AF006_1968_EP_SU2011_AD_13 @Gram:Prep 
"<K->"
	"UNK" Noun NP Singular lang:es 00:00:02 00:00:05 tt-1932 AF006_1968_EP_SU2011_AD_13 
"<Mart>"
	"UNK" Noun NP Singular lang:es 00:00:02 00:00:05 tt-1933 AF006_1968_EP_SU2011_AD_13 
"<$.>"
	"." Punctuation FS lang:es 00:00:02 00:00:05 tt-1934 AF006_1968_EP_SU2011_AD_13 

"<Cuéntame>"
	"contar" Verb VLfin Pres Command Sing 2nd lang:es 00:00:05 00:00:07 tt-1935 AF006_1968_EP_SU2011_AD_13 
"<de>"
	"de" Preposition PREP lang:es 00:00:05 00:00:07 tt-1936 AF006_1968_EP_SU2011_AD_13 @Gram:Prep 
"<tu>"
	"tú" Pronoun PPX Singular lang:es 00:00:05 00:00:07 tt-1937 AF006_1968_EP_SU2011_AD_13 @Gram:Pron:Sujeto 
"<trabajo>"
	"trabajo" Noun NC Singular lang:es 00:00:05 00:00:07 tt-1938 AF006_1968_EP_SU2011_AD_13 
"<$.>"
	"." Punctuation FS lang:es 00:00:05 00:00:07 tt-1939 AF006_1968_EP_SU2011_AD_13 

"<Es>"
	"ser" Verb VSfin Pres Indi Sing 3rd lang:es 00:00:07 00:00:12 tt-1940 AF006_1968_EP_SU2011_AD_13 @Gram:SerEstar:Ser 
"<,>"
	"," Punctuation CM lang:es 00:00:07 00:00:12 tt-1941 AF006_1968_EP_SU2011_AD_13 
"<pues>"
	"pues" Conjunction CSUBF lang:es 00:00:07 00:00:12 tt-1942 AF006_1968_EP_SU2011_AD_13 
"<,>"
	"," Punctuation CM lang:es 00:00:07 00:00:12 tt-1943 AF006_1968_EP_SU2011_AD_13 
"<yo>"
	"yo" Pronoun PPX Singular lang:es 00:00:07 00:00:12 tt-1944 AF006_1968_EP_SU2011_AD_13 @Gram:Pron:Sujeto 
"<me>"
	"yo" Pronoun PPX Singular lang:es 00:00:07 00:00:12 tt-1945 AF006_1968_EP_SU2011_AD_13 @Gram:Pron:Objeto 
"<encargo>"
	"encargar" Verb VLfin Pres Indi Sing 1st lang:es 00:00:07 00:00:12 tt-1946 AF006_1968_EP_SU2011_AD_13 
"<de>"
	"de" Preposition PREP lang:es 00:00:07 00:00:12 tt-1947 AF006_1968_EP_SU2011_AD_13 @Gram:Prep 
"<la>"
	"el" Determiner ART Singular lang:es 00:00:07 00:00:12 tt-1948 AF006_1968_EP_SU2011_AD_13 @Gram:Det:Art 
"<joyería>"
	"joyería" Noun NC Singular lang:es 00:00:07 00:00:12 tt-1949 AF006_1968_EP_SU2011_AD_13 
"<,>"
	"," Punctuation CM lang:es 00:00:07 00:00:12 tt-1950 AF006_1968_EP_SU2011_AD_13 
"<pero>"
	"pero" Conjunction CCAD lang:es 00:00:07 00:00:12 tt-1951 AF006_1968_EP_SU2011_AD_13 @Prag:MarcadoresDisc:Revision 
"<pues>"
	"pues" Conjunction CSUBF lang:es 00:00:07 00:00:12 tt-1952 AF006_1968_EP_SU2011_AD_13 
"<,>"
	"," Punctuation CM lang:es 00:00:07 00:00:12 tt-1953 AF006_1968_EP_SU2011_AD_13 
"<es>"
	"ser" Verb VSfin Pres Indi Sing 3rd lang:es 00:00:07 00:00:12 tt-1954 AF006_1968_EP_SU2011_AD_13 @Gram:SerEstar:Ser 
"<mucho>"
	"mucho" Determiner QU lang:es 00:00:07 00:00:12 tt-1955 AF006_1968_EP_SU2011_AD_13 
"<contacto>"
	"contacto" Noun NC Singular lang:es 00:00:07 00:00:12 tt-1956 AF006_1968_EP_SU2011_AD_13 
"<con>"
	"con" Preposition PREP lang:es 00:00:07 00:00:12 tt-1957 AF006_1968_EP_SU2011_AD_13 @Gram:Prep 
"<la>"
	"el" Determiner ART Singular lang:es 00:00:07 00:00:12 tt-1958 AF006_1968_EP_SU2011_AD_13 @Gram:Det:Art 
"<gente>"
	"gente" Noun NC Singular lang:es 00:00:07 00:00:12 tt-1959 AF006_1968_EP_SU2011_AD_13 
"<y>"
	"y" Conjunction CC lang:es 00:00:12 00:00:19 tt-1960 AF006_1968_EP_SU2011_AD_13 
"<yo>"
	"yo" Pronoun PPX Singular lang:es 00:00:12 00:00:19 tt-1961 AF006_1968_EP_SU2011_AD_13 @Gram:Pron:Sujeto 
"<diría>"
	"decir" Verb VLfin Cond Indi Sing 1st_or_3rd lang:es 00:00:12 00:00:19 tt-1962 AF006_1968_EP_SU2011_AD_13 
"<que>"
	"que" Conjunction CQUE lang:es 00:00:12 00:00:19 tt-1963 AF006_1968_EP_SU2011_AD_13 
"<ahí>"
	"ahí" Adverb ADV lang:es 00:00:12 00:00:19 tt-1964 AF006_1968_EP_SU2011_AD_13 
"<en>"
	"en" Preposition PREP lang:es 00:00:12 00:00:19 tt-1965 AF006_1968_EP_SU2011_AD_13 @Gram:Prep 
"<la>"
	"el" Determiner ART Singular lang:es 00:00:12 00:00:19 tt-1966 AF006_1968_EP_SU2011_AD_13 @Gram:Det:Art 
"<tienda>"
	"tienda" Noun NC Singular lang:es 00:00:12 00:00:19 tt-1967 AF006_1968_EP_SU2011_AD_13 
"<donde>"
	"donde" Adverb ADV lang:es 00:00:12 00:00:19 tt-1968 AF006_1968_EP_SU2011_AD_13 
"<trabajo>"
	"trabajo" Noun NC Singular lang:es 00:00:12 00:00:19 tt-1969 AF006_1968_EP_SU2011_AD_13 
"<yo>"
	"yo" Pronoun PPX Singular lang:es 00:00:12 00:00:19 tt-1970 AF006_1968_EP_SU2011_AD_13 @Gram:Pron:Sujeto 
"<,>"
	"," Punctuation CM lang:es 00:00:12 00:00:19 tt-1971 AF006_1968_EP_SU2011_AD_13 
"<sería>"
	"ser" Verb VSfin Cond Indi Sing 1st_or_3rd lang:es 00:00:12 00:00:19 tt-1972 AF006_1968_EP_SU2011_AD_13 @Gram:SerEstar:Ser 
"<como>"
	"como" Adverb ADV lang:es 00:00:12 00:00:19 tt-1973 AF006_1968_EP_SU2011_AD_13 
"<noventa>"
	"noventa" Determiner CARD Singular lang:es 00:00:12 00:00:19 tt-1974 AF006_1968_EP_SU2011_AD_13 
"<por>"
	"por" Preposition PREP lang:es 00:00:12 00:00:19 tt-1975 AF006_1968_EP_SU2011_AD_13 @Gram:Prep:Por 
"<ciento>"
	"ciento" Determiner CARD Singular lang:es 00:00:12 00:00:19 tt-1976 AF006_1968_EP_SU2011_AD_13 
"<de>"
	"de" Preposition PREP lang:es 00:00:12 00:00:19 tt-1977 AF006_1968_EP_SU2011_AD_13 @Gram:Prep 
"<pura>"
	"puro" Adjective ADJ Singular lang:es 00:00:12 00:00:19 tt-1978 AF006_1968_EP_SU2011_AD_13 
"<gente>"
	"gente" Noun NC Singular lang:es 00:00:12 00:00:19 tt-1979 AF006_1968_EP_SU2011_AD_13 
"<que>"
	"que" Conjunction CQUE lang:es 00:00:12 00:00:19 tt-1980 AF006_1968_EP_SU2011_AD_13 
"<viene>"
	"venir" Verb VLfin Pres Indi Sing 3rd lang:es 00:00:12 00:00:19 tt-1981 AF006_1968_EP_SU2011_AD_13 
"<de>"
	"de" Preposition PREP lang:es 00:00:20 00:00:27 tt-1982 AF006_1968_EP_SU2011_AD_13 @Gram:Prep 
"<México>"
	"México" Noun NP Singular lang:es 00:00:20 00:00:27 tt-1983 AF006_1968_EP_SU2011_AD_13 
"<,>"
	"," Punctuation CM lang:es 00:00:20 00:00:27 tt-1984 AF006_1968_EP_SU2011_AD_13 
"<allá>"
	"allá" Adverb ADV lang:es 00:00:20 00:00:27 tt-1985 AF006_1968_EP_SU2011_AD_13 
"<en>"
	"en" Preposition PREP lang:es 00:00:20 00:00:27 tt-1986 AF006_1968_EP_SU2011_AD_13 @Gram:Prep 
"<la>"
	"el" Determiner ART Singular lang:es 00:00:20 00:00:27 tt-1987 AF006_1968_EP_SU2011_AD_13 @Gram:Det:Art 
"<tienda>"
	"tienda" Noun NC Singular lang:es 00:00:20 00:00:27 tt-1988 AF006_1968_EP_SU2011_AD_13 
"<,>"
	"," Punctuation CM lang:es 00:00:20 00:00:27 tt-1989 AF006_1968_EP_SU2011_AD_13 
"<sí>"
	"sí" Adverb ADV lang:es 00:00:20 00:00:27 tt-1991 AF006_1968_EP_SU2011_AD_13 
"<es>"
	"ser" Verb VSfin Pres Indi Sing 3rd lang:es 00:00:20 00:00:27 tt-1992 AF006_1968_EP_SU2011_AD_13 @Gram:SerEstar:Ser 
"<muy>"
	"muy" Adverb ADV lang:es 00:00:20 00:00:27 tt-1993 AF006_1968_EP_SU2011_AD_13 
"<...>"
	"..." Punctuation DOTS lang:es 00:00:20 00:00:27 tt-1994 AF006_1968_EP_SU2011_AD_13 
"<un>"
	"un" Determiner ART Singular lang:es 00:00:20 00:00:27 tt-1995 AF006_1968_EP_SU2011_AD_13 
"<saber>"
	"saber" Verb VLinf Infinitive lang:es 00:00:20 00:00:27 tt-1998 AF006_1968_EP_SU2011_AD_13 
"<el>"
	"el" Determiner ART Singular lang:es 00:00:20 00:00:27 tt-1999 AF006_1968_EP_SU2011_AD_13 @Gram:Det:Art 
"<español>"
	"español" Noun NC Singular lang:es 00:00:20 00:00:27 tt-2000 AF006_1968_EP_SU2011_AD_13 
"<$.>"
	"." Punctuation FS lang:es 00:00:20 00:00:27 tt-2001 AF006_1968_EP_SU2011_AD_13 

"<$¿>"
	"¿" Punctuation FS lang:es 00:00:28 00:00:31 tt-2002 AF006_1968_EP_SU2011_AD_13 
"<Te>"
	"tú" Pronoun PPX Singular lang:es 00:00:28 00:00:31 tt-2003 AF006_1968_EP_SU2011_AD_13 @Gram:Pron:Objeto 
"<agrada>"
	"agradar" Verb VLfin Pres Indi Sing 3rd lang:es 00:00:28 00:00:31 tt-2004 AF006_1968_EP_SU2011_AD_13 
"<tu>"
	"tú" Pronoun PPX Singular lang:es 00:00:28 00:00:31 tt-2005 AF006_1968_EP_SU2011_AD_13 @Gram:Pron:Sujeto 
"<trabajo>"
	"trabajo" Noun NC Singular lang:es 00:00:28 00:00:31 tt-2006 AF006_1968_EP_SU2011_AD_13 
"<$?>"
	"?" Punctuation FS lang:es 00:00:28 00:00:31 tt-2007 AF006_1968_EP_SU2011_AD_13 

"<Sí>"
	"sí" Adverb ADV lang:es 00:00:31 00:00:38 tt-2008 AF006_1968_EP_SU2011_AD_13 
"<,>"
	"," Punctuation CM lang:es 00:00:31 00:00:38 tt-2009 AF006_1968_EP_SU2011_AD_13 
"<sí>"
	"sí" Adverb ADV lang:es 00:00:31 00:00:38 tt-2010 AF006_1968_EP_SU2011_AD_13 
"<me>"
	"yo" Pronoun PPX Singular lang:es 00:00:31 00:00:38 tt-2011 AF006_1968_EP_SU2011_AD_13 @Gram:Pron:Objeto ID:82 R:Gram:Gustar:Propios:83 
"<gusta>"
	"gustar" Verb VLfin Pres Indi Sing 3rd lang:es 00:00:31 00:00:38 tt-2012 AF006_1968_EP_SU2011_AD_13 ID:83 
"<$.>"
	"." Punctuation FS lang:es 00:00:31 00:00:38 tt-2013 AF006_1968_EP_SU2011_AD_13 

"<Me>"
	"yo" Pronoun PPX Singular lang:es 00:00:31 00:00:38 tt-2014 AF006_1968_EP_SU2011_AD_13 @Gram:Pron:Objeto ID:85 R:Gram:Gustar:Propios:86 
"<gusta>"
	"gustar" Verb VLfin Pres Indi Sing 3rd lang:es 00:00:31 00:00:38 tt-2015 AF006_1968_EP_SU2011_AD_13 ID:86 
"<mucho>"
	"mucho" Adverb ADV lang:es 00:00:31 00:00:38 tt-2016 AF006_1968_EP_SU2011_AD_13 
"<,>"
	"," Punctuation CM lang:es 00:00:31 00:00:38 tt-2017 AF006_1968_EP_SU2011_AD_13 
"<y>"
	"y" Conjunction CC lang:es 00:00:31 00:00:38 tt-2018 AF006_1968_EP_SU2011_AD_13 
"<aquí>"
	"aquí" Adverb ADV lang:es 00:00:31 00:00:38 tt-2019 AF006_1968_EP_SU2011_AD_13 
"<es>"
	"ser" Verb VSfin Pres Indi Sing 3rd lang:es 00:00:31 00:00:38 tt-2020 AF006_1968_EP_SU2011_AD_13 @Gram:SerEstar:Ser 
"<el>"
	"el" Determiner ART Singular lang:es 00:00:31 00:00:38 tt-2021 AF006_1968_EP_SU2011_AD_13 @Gram:Det:Art 
"<...>"
	"..." Punctuation DOTS lang:es 00:00:31 00:00:38 tt-2022 AF006_1968_EP_SU2011_AD_13 
"<la>"
	"el" Determiner ART Singular lang:es 00:00:31 00:00:38 tt-2023 AF006_1968_EP_SU2011_AD_13 @Gram:Det:Art 
"<...>"
	"..." Punctuation DOTS lang:es 00:00:31 00:00:38 tt-2024 AF006_1968_EP_SU2011_AD_13 
"<el>"
	"el" Determiner ART Singular lang:es 00:00:31 00:00:38 tt-2025 AF006_1968_EP_SU2011_AD_13 @Gram:Det:Art 
"<con>"
	"con" Preposition PREP lang:es 00:00:31 00:00:38 tt-2027 AF006_1968_EP_SU2011_AD_13 @Gram:Prep 
"<la>"
	"el" Determiner ART Singular lang:es 00:00:31 00:00:38 tt-2028 AF006_1968_EP_SU2011_AD_13 @Gram:Det:Art 
"<gente>"
	"gente" Noun NC Singular lang:es 00:00:31 00:00:38 tt-2029 AF006_1968_EP_SU2011_AD_13 
"<,>"
	"," Punctuation CM lang:es 00:00:31 00:00:38 tt-2030 AF006_1968_EP_SU2011_AD_13 
"<aunque>"
	"aunque" Conjunction CSUBX lang:es 00:00:40 00:00:47 tt-2031 AF006_1968_EP_SU2011_AD_13 @Prag:MarcadoresDisc:Revision 
"<a>"
	"a" Adverb ADV lang:es 00:00:40 00:00:47 tt-2032 AF006_1968_EP_SU2011_AD_13 
"<veces>"
	"veces" Adverb ADV lang:es 00:00:40 00:00:47 tt-2033 AF006_1968_EP_SU2011_AD_13 
"<que>"
	"que" Conjunction CQUE lang:es 00:00:40 00:00:47 tt-2034 AF006_1968_EP_SU2011_AD_13 
"<salen>"
	"salar|salir" Verb VLfin Pres Indi Plural 3rd lang:es 00:00:40 00:00:47 tt-2035 AF006_1968_EP_SU2011_AD_13 
"<unos>"
	"un" Determiner ART Plural lang:es 00:00:40 00:00:47 tt-2036 AF006_1968_EP_SU2011_AD_13 
"<que>"
	"que" Conjunction CQUE lang:es 00:00:40 00:00:47 tt-2037 AF006_1968_EP_SU2011_AD_13 
"<...>"
	"..." Punctuation DOTS lang:es 00:00:40 00:00:47 tt-2038 AF006_1968_EP_SU2011_AD_13 
"<gente>"
	"gente" Noun NC Singular lang:es 00:00:40 00:00:47 tt-2039 AF006_1968_EP_SU2011_AD_13 
"<que>"
	"que" Conjunction CQUE lang:es 00:00:40 00:00:47 tt-2040 AF006_1968_EP_SU2011_AD_13 
"<no>"
	"no" Adverb NEG lang:es 00:00:40 00:00:47 tt-2041 AF006_1968_EP_SU2011_AD_13 
"<tiene>"
	"tener" Verb VLfin Pres Indi Sing 3rd lang:es 00:00:40 00:00:47 tt-2042 AF006_1968_EP_SU2011_AD_13 
"<paciencia>"
	"paciencia" Noun NC Singular lang:es 00:00:40 00:00:47 tt-2043 AF006_1968_EP_SU2011_AD_13 
"<,>"
	"," Punctuation CM lang:es 00:00:40 00:00:47 tt-2044 AF006_1968_EP_SU2011_AD_13 
"<pero>"
	"pero" Conjunction CCAD lang:es 00:00:40 00:00:47 tt-2045 AF006_1968_EP_SU2011_AD_13 @Prag:MarcadoresDisc:Revision 
"<sí>"
	"él" Pronoun PPX Singular lang:es 00:00:40 00:00:47 tt-2046 AF006_1968_EP_SU2011_AD_13 
"<,>"
	"," Punctuation CM lang:es 00:00:40 00:00:47 tt-2047 AF006_1968_EP_SU2011_AD_13 
"<sí>"
	"él" Pronoun PPX Singular lang:es 00:00:40 00:00:47 tt-2048 AF006_1968_EP_SU2011_AD_13 
"<me>"
	"yo" Pronoun PPX Singular lang:es 00:00:40 00:00:47 tt-2049 AF006_1968_EP_SU2011_AD_13 @Gram:Pron:Objeto ID:119 R:Gram:Gustar:Propios:120 
"<gusta>"
	"gustar" Verb VLfin Pres Indi Sing 3rd lang:es 00:00:40 00:00:47 tt-2050 AF006_1968_EP_SU2011_AD_13 ID:120 
"<mi>"
	"mío" Pronoun PPO Singular lang:es 00:00:50 00:00:51 tt-2051 AF006_1968_EP_SU2011_AD_13 
"<trabajo>"
	"trabajo" Noun NC Singular lang:es 00:00:50 00:00:51 tt-2052 AF006_1968_EP_SU2011_AD_13 
"<$.>"
	"." Punctuation FS lang:es 00:00:50 00:00:51 tt-2053 AF006_1968_EP_SU2011_AD_13 

"<$¿>"
	"¿" Punctuation FS lang:es 00:00:51 00:00:55 tt-2054 AF006_1968_EP_SU2011_AD_13 
"<Qué>"
	"qué" Pronoun INT Singular lang:es 00:00:51 00:00:55 tt-2055 AF006_1968_EP_SU2011_AD_13 
"<lecciones>"
	"lección" Noun NC Plural lang:es 00:00:51 00:00:55 tt-2056 AF006_1968_EP_SU2011_AD_13 
"<te>"
	"tú" Pronoun PPX Singular lang:es 00:00:51 00:00:55 tt-2057 AF006_1968_EP_SU2011_AD_13 @Gram:Pron:Objeto 
"<ha>"
	"haber" Verb VHfin Pres Indi Sing 3rd lang:es 00:00:51 00:00:55 tt-2058 AF006_1968_EP_SU2011_AD_13 ID:128 R:Gram:PerfPerif:129 
"<enseñado>"
	"enseñar" Verb VLadj lang:es 00:00:51 00:00:55 tt-2059 AF006_1968_EP_SU2011_AD_13 ID:129 
"<la>"
	"el" Determiner ART Singular lang:es 00:00:51 00:00:55 tt-2060 AF006_1968_EP_SU2011_AD_13 @Gram:Det:Art 
"<vida>"
	"vida" Noun NC Singular lang:es 00:00:51 00:00:55 tt-2061 AF006_1968_EP_SU2011_AD_13 
"<laboral>"
	"laboral" Adjective ADJ Singular lang:es 00:00:51 00:00:55 tt-2062 AF006_1968_EP_SU2011_AD_13 
"<$?>"
	"?" Punctuation FS lang:es 00:00:51 00:00:55 tt-2063 AF006_1968_EP_SU2011_AD_13 

"<Mmmm>"
	"UNK" Noun NC Singular lang:es 00:00:55 00:01:02 tt-2064 AF006_1968_EP_SU2011_AD_13 
"<...>"
	"..." Punctuation DOTS lang:es 00:00:55 00:01:02 tt-2065 AF006_1968_EP_SU2011_AD_13 
"<,>"
	"," Punctuation CM lang:es 00:00:55 00:01:02 tt-2068 AF006_1968_EP_SU2011_AD_13 
"<que>"
	"que" Conjunction CQUE lang:es 00:00:55 00:01:02 tt-2069 AF006_1968_EP_SU2011_AD_13 
"<...>"
	"..." Punctuation DOTS lang:es 00:00:55 00:01:02 tt-2070 AF006_1968_EP_SU2011_AD_13 
"<me>"
	"yo" Pronoun PPX Singular lang:es 00:00:55 00:01:02 tt-2071 AF006_1968_EP_SU2011_AD_13 @Gram:Pron:Objeto 
"<ha>"
	"haber" Verb VHfin Pres Indi Sing 3rd lang:es 00:00:55 00:01:02 tt-2072 AF006_1968_EP_SU2011_AD_13 ID:140 R:Gram:PerfPerif:141 
"<enseñado>"
	"enseñar" Verb VLadj lang:es 00:00:55 00:01:02 tt-2073 AF006_1968_EP_SU2011_AD_13 ID:141 
"<que>"
	"que" Conjunction CQUE lang:es 00:00:55 00:01:02 tt-2074 AF006_1968_EP_SU2011_AD_13 
"<...>"
	"..." Punctuation DOTS lang:es 00:00:55 00:01:02 tt-2075 AF006_1968_EP_SU2011_AD_13 
"<pues>"
	"pues" Conjunction CSUBF lang:es 00:00:55 00:01:02 tt-2076 AF006_1968_EP_SU2011_AD_13 
"<,>"
	"," Punctuation CM lang:es 00:00:55 00:01:02 tt-2077 AF006_1968_EP_SU2011_AD_13 
"<valorar>"
	"valorar" Verb VLinf Infinitive lang:es 00:00:55 00:01:02 tt-2078 AF006_1968_EP_SU2011_AD_13 
"<el>"
	"el" Determiner ART Singular lang:es 00:00:55 00:01:02 tt-2079 AF006_1968_EP_SU2011_AD_13 @Gram:Det:Art 
"<dinero>"
	"dinero" Noun NC Singular lang:es 00:00:55 00:01:02 tt-2080 AF006_1968_EP_SU2011_AD_13 
"<,>"
	"," Punctuation CM lang:es 00:00:55 00:01:02 tt-2081 AF006_1968_EP_SU2011_AD_13 
"<porque>"
	"porque" Conjunction CSUBX lang:es 00:00:55 00:01:02 tt-2082 AF006_1968_EP_SU2011_AD_13 @Prag:MarcadoresDisc:Causa 
"<ahorita>"
	"ahora" Adverb ADV lang:es 00:00:55 00:01:02 tt-2083 AF006_1968_EP_SU2011_AD_13 
"<todo>"
	"todo" Determiner QU lang:es 00:01:07 00:01:14 tt-2084 AF006_1968_EP_SU2011_AD_13 
"<está>"
	"estar" Verb VEfin Pres Indi Sing 3rd lang:es 00:01:07 00:01:14 tt-2085 AF006_1968_EP_SU2011_AD_13 @Gram:SerEstar:Estar 
"<bien>"
	"bien" Adverb ADV lang:es 00:01:07 00:01:14 tt-2086 AF006_1968_EP_SU2011_AD_13 
"<caro>"
	"caro" Adjective ADJ Singular lang:es 00:01:07 00:01:14 tt-2087 AF006_1968_EP_SU2011_AD_13 
"<,>"
	"," Punctuation CM lang:es 00:01:07 00:01:14 tt-2088 AF006_1968_EP_SU2011_AD_13 
"<tienes>"
	"tener" Verb VLfin Pres Indi Sing 2nd lang:es 00:01:07 00:01:14 tt-2089 AF006_1968_EP_SU2011_AD_13 
"<que>"
	"que" Conjunction CQUE lang:es 00:01:07 00:01:14 tt-2090 AF006_1968_EP_SU2011_AD_13 
"<...>"
	"..." Punctuation DOTS lang:es 00:01:07 00:01:14 tt-2091 AF006_1968_EP_SU2011_AD_13 
"<y>"
	"y" Conjunction CC lang:es 00:01:07 00:01:14 tt-2092 AF006_1968_EP_SU2011_AD_13 
"<también>"
	"también" Adverb ADV lang:es 00:01:07 00:01:14 tt-2093 AF006_1968_EP_SU2011_AD_13 @Prag:MarcadoresDisc:Igualdad 
"<valorar>"
	"valorar" Verb VLinf Infinitive lang:es 00:01:07 00:01:14 tt-2094 AF006_1968_EP_SU2011_AD_13 
"<que>"
	"que" Conjunction CQUE lang:es 00:01:07 00:01:14 tt-2095 AF006_1968_EP_SU2011_AD_13 
"<...>"
	"..." Punctuation DOTS lang:es 00:01:07 00:01:14 tt-2096 AF006_1968_EP_SU2011_AD_13 
"<y>"
	"y" Conjunction CC lang:es 00:01:07 00:01:14 tt-2097 AF006_1968_EP_SU2011_AD_13 
"<es>"
	"ser" Verb VSfin Pres Indi Sing 3rd lang:es 00:01:07 00:01:14 tt-2098 AF006_1968_EP_SU2011_AD_13 @Gram:SerEstar:Ser 
"<lo>"
	"el" Determiner ART Singular lang:es 00:01:07 00:01:14 tt-2099 AF006_1968_EP_SU2011_AD_13 
"<que>"
	"que" Conjunction CQUE lang:es 00:01:07 00:01:14 tt-2100 AF006_1968_EP_SU2011_AD_13 
"<les>"
	"él" Pronoun PPC Plural lang:es 00:01:07 00:01:14 tt-2101 AF006_1968_EP_SU2011_AD_13 @Gram:Pron:Objeto 
"<digo>"
	"decir" Verb VLfin Pres Indi Sing 1st lang:es 00:01:07 00:01:14 tt-2102 AF006_1968_EP_SU2011_AD_13 
"<a>"
	"a" Preposition PREP lang:es 00:01:07 00:01:14 tt-2103 AF006_1968_EP_SU2011_AD_13 @Gram:Prep 
"<los>"
	"el" Determiner ART Plural lang:es 00:01:07 00:01:14 tt-2104 AF006_1968_EP_SU2011_AD_13 @Gram:Det:Art 
"<chavalitos>"
	"UNK" Noun NC Plural lang:es 00:01:07 00:01:14 tt-2105 AF006_1968_EP_SU2011_AD_13 
"<que>"
	"que" Conjunction CQUE lang:es 00:01:15 00:01:19 tt-2106 AF006_1968_EP_SU2011_AD_13 
"<entran>"
	"entrar" Verb VLfin Pres Indi Plural 3rd lang:es 00:01:15 00:01:19 tt-2107 AF006_1968_EP_SU2011_AD_13 
"<ahí>"
	"ahí" Adverb ADV lang:es 00:01:15 00:01:19 tt-2108 AF006_1968_EP_SU2011_AD_13 
"<a>"
	"a" Preposition PREP lang:es 00:01:15 00:01:19 tt-2109 AF006_1968_EP_SU2011_AD_13 @Gram:Prep 
"<trabajar>"
	"trabajar" Verb VLinf Infinitive lang:es 00:01:15 00:01:19 tt-2110 AF006_1968_EP_SU2011_AD_13 
"<,>"
	"," Punctuation CM lang:es 00:01:15 00:01:19 tt-2111 AF006_1968_EP_SU2011_AD_13 
"<tienen>"
	"tener" Verb VMfin lang:es 00:01:15 00:01:19 tt-2112 AF006_1968_EP_SU2011_AD_13 
"<que>"
	"que" Verb VMfin lang:es 00:01:15 00:01:19 tt-2113 AF006_1968_EP_SU2011_AD_13 
"<estudiar>"
	"estudiar" Verb VLinf Infinitive lang:es 00:01:15 00:01:19 tt-2114 AF006_1968_EP_SU2011_AD_13 
"<,>"
	"," Punctuation CM lang:es 00:01:15 00:01:19 tt-2115 AF006_1968_EP_SU2011_AD_13 
"<tienen>"
	"tener" Verb VMfin lang:es 00:01:15 00:01:19 tt-2116 AF006_1968_EP_SU2011_AD_13 
"<que>"
	"que" Verb VMfin lang:es 00:01:15 00:01:19 tt-2117 AF006_1968_EP_SU2011_AD_13 
"<estudiar>"
	"estudiar" Verb VLinf Infinitive lang:es 00:01:15 00:01:19 tt-2118 AF006_1968_EP_SU2011_AD_13 
"<,>"
	"," Punctuation CM lang:es 00:01:15 00:01:19 tt-2119 AF006_1968_EP_SU2011_AD_13 
"<para>"
	"para" Preposition PREP lang:es 00:01:15 00:01:19 tt-2120 AF006_1968_EP_SU2011_AD_13 @Gram:Prep:Para 
"<que>"
	"que" Conjunction CQUE lang:es 00:01:15 00:01:19 tt-2121 AF006_1968_EP_SU2011_AD_13 
"<no>"
	"no" Adverb NEG lang:es 00:01:15 00:01:19 tt-2122 AF006_1968_EP_SU2011_AD_13 
"<se>"
	"se" Other SE lang:es 00:01:15 00:01:19 tt-2123 AF006_1968_EP_SU2011_AD_13 
"<queden>"
	"quedar" Verb VLfin Past Subj Plural 3rd lang:es 00:01:15 00:01:19 tt-2124 AF006_1968_EP_SU2011_AD_13 @Gram:MSub:Pret 
"<aquí>"
	"aquí" Adverb ADV lang:es 00:01:19 00:01:25 tt-2125 AF006_1968_EP_SU2011_AD_13 
"<,>"
	"," Punctuation CM lang:es 00:01:19 00:01:25 tt-2126 AF006_1968_EP_SU2011_AD_13 
"<,>"
	"," Punctuation CM lang:es 00:01:19 00:01:25 tt-2129 AF006_1968_EP_SU2011_AD_13 
"<$.>"
	"." Punctuation FS lang:es 00:01:19 00:01:25 tt-2131 AF006_1968_EP_SU2011_AD_13 
</speaker>
</text>

