<text id="AF009_1987_EP_SU2011_AD_02">
<speaker type="subj">
"<$.>"
	"." Punctuation FS lang:es 00:00:00 00:00:07 tt-272 AF009_1987_EP_SU2011_AD_02 

"<Y>"
	"y" Conjunciton Conjunction CC lang:es 00:00:00 00:00:07 tt-273 AF009_1987_EP_SU2011_AD_02 
"<luego>"
	"luego" Adverb ADV lang:es 00:00:00 00:00:07 tt-274 AF009_1987_EP_SU2011_AD_02 
"<,>"
	"," Punctuation CM lang:es 00:00:00 00:00:07 tt-275 AF009_1987_EP_SU2011_AD_02 
"<en>"
	"en" Preposition PREP lang:es 00:00:00 00:00:07 tt-276 AF009_1987_EP_SU2011_AD_02 @Gram:Prep 
"<Año>"
	"año" Noun NC Singular lang:es 00:00:00 00:00:07 tt-277 AF009_1987_EP_SU2011_AD_02 
"<Nuevo>"
	"nuevo" Adjective ADJ Singular lang:es 00:00:00 00:00:07 tt-278 AF009_1987_EP_SU2011_AD_02 
"<lo>"
	"el" Determiner ART Singular lang:es 00:00:00 00:00:07 tt-279 AF009_1987_EP_SU2011_AD_02 ID:8 R:Gram:Det:LoAdj:9 
"<mismo>"
	"mismo" Adjective ADJ Singular lang:es 00:00:00 00:00:07 tt-280 AF009_1987_EP_SU2011_AD_02 ID:9 
"<$.>"
	"." Punctuation FS lang:es 00:00:00 00:00:07 tt-281 AF009_1987_EP_SU2011_AD_02 

"<Uhm>"
	"UNK" Noun NP Singular lang:es 00:00:00 00:00:07 tt-282 AF009_1987_EP_SU2011_AD_02 
"<...>"
	"..." Punctuation DOTS lang:es 00:00:00 00:00:07 tt-283 AF009_1987_EP_SU2011_AD_02 
"<también>"
	"también" Adverb ADV lang:es 00:00:00 00:00:07 tt-284 AF009_1987_EP_SU2011_AD_02 @Prag:MarcadoresDisc:Igualdad 
"<día>"
	"día" Noun NC Singular lang:es 00:00:00 00:00:07 tt-285 AF009_1987_EP_SU2011_AD_02 
"<de>"
	"de" Preposition PREP lang:es 00:00:00 00:00:07 tt-286 AF009_1987_EP_SU2011_AD_02 @Gram:Prep 
"<las>"
	"el" Determiner ART Plural Fem lang:es 00:00:00 00:00:07 tt-287 AF009_1987_EP_SU2011_AD_02 @Gram:Det:Art 
"<madres>"
	"madre" Noun NC Plural lang:es 00:00:00 00:00:07 tt-288 AF009_1987_EP_SU2011_AD_02 
"<,>"
	"," Punctuation CM lang:es 00:00:00 00:00:07 tt-289 AF009_1987_EP_SU2011_AD_02 
"<día>"
	"día" Noun NC Singular lang:es 00:00:00 00:00:07 tt-290 AF009_1987_EP_SU2011_AD_02 
"<del>"
	"del" Preposition PDEL lang:es 00:00:00 00:00:07 tt-291 AF009_1987_EP_SU2011_AD_02 @Gram:Prep 
"<padre>"
	"padre" Noun NC Singular lang:es 00:00:00 00:00:07 tt-292 AF009_1987_EP_SU2011_AD_02 
"<,>"
	"," Punctuation CM lang:es 00:00:00 00:00:07 tt-293 AF009_1987_EP_SU2011_AD_02 
"<creo>"
	"crear|creer" Verb VLfin Pres Indi Sing 1st lang:es 00:00:00 00:00:07 tt-294 AF009_1987_EP_SU2011_AD_02 
"<que>"
	"que" Conjunction CQUE lang:es 00:00:00 00:00:07 tt-295 AF009_1987_EP_SU2011_AD_02 
"<eso>"
	"ese" Determiner DM Singular lang:es 00:00:07 00:00:14 tt-296 AF009_1987_EP_SU2011_AD_02 
"<es>"
	"ser" Verb VSfin Pres Indi Sing 3rd lang:es 00:00:07 00:00:14 tt-297 AF009_1987_EP_SU2011_AD_02 @Gram:SerEstar:Ser 
"<lo>"
	"el" Determiner ART Singular lang:es 00:00:07 00:00:14 tt-298 AF009_1987_EP_SU2011_AD_02 ID:27 R:Gram:Det:LoAdj:29 
"<más>"
	"más" Adverb ADV lang:es 00:00:07 00:00:14 tt-299 AF009_1987_EP_SU2011_AD_02 
"<tradicional>"
	"tradicional" Adjective ADJ Singular lang:es 00:00:07 00:00:14 tt-300 AF009_1987_EP_SU2011_AD_02 ID:29 
"<$.>"
	"." Punctuation FS lang:es 00:00:07 00:00:14 tt-301 AF009_1987_EP_SU2011_AD_02 
</speaker>
<speaker type="int">

"<Qué>"
	"qué" Pronoun INT Singular lang:es 00:00:07 00:00:14 tt-302 AF009_1987_EP_SU2011_AD_02 
"<bien>"
	"bien" Noun NC Singular lang:es 00:00:07 00:00:14 tt-303 AF009_1987_EP_SU2011_AD_02 
"<$.>"
	"." Punctuation FS lang:es 00:00:07 00:00:14 tt-304 AF009_1987_EP_SU2011_AD_02 

"<$¿>"
	"¿" Punctuation FS lang:es 00:00:07 00:00:14 tt-305 AF009_1987_EP_SU2011_AD_02 
"<Tienes>"
	"tener" Verb VLfin Pres Indi Sing 2nd lang:es 00:00:07 00:00:14 tt-306 AF009_1987_EP_SU2011_AD_02 
"<alguna>"
	"alguno" Determiner QU lang:es 00:00:07 00:00:14 tt-307 AF009_1987_EP_SU2011_AD_02 @Gram:Det:CuantIndef 
"<historia>"
	"historia" Noun NC Singular lang:es 00:00:07 00:00:14 tt-308 AF009_1987_EP_SU2011_AD_02 
"<favorita>"
	"favorito" Adjective ADJ Singular lang:es 00:00:16 00:00:21 tt-309 AF009_1987_EP_SU2011_AD_02 
"<de>"
	"de" Preposition PREP lang:es 00:00:16 00:00:21 tt-310 AF009_1987_EP_SU2011_AD_02 @Gram:Prep 
"<tu>"
	"tú" Pronoun PPX Singular lang:es 00:00:16 00:00:21 tt-311 AF009_1987_EP_SU2011_AD_02 @Gram:Det:Pos 
"<infancia>"
	"infancia" Noun NC Singular lang:es 00:00:16 00:00:21 tt-312 AF009_1987_EP_SU2011_AD_02 
"<$?>"
	"?" Punctuation FS lang:es 00:00:16 00:00:21 tt-313 AF009_1987_EP_SU2011_AD_02 
</speaker>
<speaker type="subj">

"<Uhm>"
	"UNK" Noun NP Singular lang:es 00:00:16 00:00:21 tt-314 AF009_1987_EP_SU2011_AD_02 
"<...>"
	"..." Punctuation DOTS lang:es 00:00:16 00:00:21 tt-315 AF009_1987_EP_SU2011_AD_02 
"<yo>"
	"yo" Pronoun PPX Singular lang:es 00:00:16 00:00:21 tt-316 AF009_1987_EP_SU2011_AD_02 @Gram:Pron:Sujeto 
"<creo>"
	"crear|creer" Verb VLfin Pres Indi Sing 1st lang:es 00:00:16 00:00:21 tt-317 AF009_1987_EP_SU2011_AD_02 
"<que>"
	"que" Conjunction CQUE lang:es 00:00:16 00:00:21 tt-318 AF009_1987_EP_SU2011_AD_02 
"<cuando>"
	"cuando" Conjunction CSUBX lang:es 00:00:16 00:00:21 tt-319 AF009_1987_EP_SU2011_AD_02 
"<nos>"
	"nosotros" Pronoun PPX Plural lang:es 00:00:16 00:00:21 tt-320 AF009_1987_EP_SU2011_AD_02 @Gram:Pron:Objeto 
"<juntábamos>"
	"UNK" Verb VLfin Imp Indi Plural 1st lang:es 00:00:16 00:00:21 tt-321 AF009_1987_EP_SU2011_AD_02 @Gram:Imperf 
"<todos>"
	"todo" Determiner QU lang:es 00:00:21 00:00:28 tt-322 AF009_1987_EP_SU2011_AD_02 ID:51 R:Gram:Det:Combi:52 
"<nuestros>"
	"nuestro" Pronoun PPO Plural lang:es 00:00:21 00:00:28 tt-323 AF009_1987_EP_SU2011_AD_02 ID:52 
"<primos>"
	"primo" Adjective ADJ Plural lang:es 00:00:21 00:00:28 tt-324 AF009_1987_EP_SU2011_AD_02 
"<para>"
	"para" Preposition PREP lang:es 00:00:21 00:00:28 tt-325 AF009_1987_EP_SU2011_AD_02 @Gram:Prep:Para 
"<jugar>"
	"jugar" Verb VLinf Infinitive lang:es 00:00:21 00:00:28 tt-326 AF009_1987_EP_SU2011_AD_02 
"<$.>"
	"." Punctuation FS lang:es 00:00:21 00:00:28 tt-327 AF009_1987_EP_SU2011_AD_02 

"<Cuando>"
	"cuando" Conjunction CSUBX lang:es 00:00:21 00:00:28 tt-328 AF009_1987_EP_SU2011_AD_02 
"<vivíamos>"
	"vivir" Verb VLfin Imp Indi Plural 1st lang:es 00:00:21 00:00:28 tt-329 AF009_1987_EP_SU2011_AD_02 @Gram:Imperf 
"<todos>"
	"todo" Determiner QU lang:es 00:00:21 00:00:28 tt-330 AF009_1987_EP_SU2011_AD_02 
"<,>"
	"," Punctuation CM lang:es 00:00:21 00:00:28 tt-331 AF009_1987_EP_SU2011_AD_02 
"<este>"
	"este" Noun NC Singular lang:es 00:00:21 00:00:28 tt-332 AF009_1987_EP_SU2011_AD_02 
"<...>"
	"..." Punctuation DOTS lang:es 00:00:21 00:00:28 tt-333 AF009_1987_EP_SU2011_AD_02 
"<en>"
	"en" Preposition PREP lang:es 00:00:21 00:00:28 tt-334 AF009_1987_EP_SU2011_AD_02 @Gram:Prep 
"<el>"
	"el" Determiner ART Singular Masc lang:es 00:00:21 00:00:28 tt-335 AF009_1987_EP_SU2011_AD_02 @Gram:Det:Art 
"<noreste>"
	"noreste" Adjective ADJ Singular lang:es 00:00:21 00:00:28 tt-336 AF009_1987_EP_SU2011_AD_02 
"<,>"
	"," Punctuation CM lang:es 00:00:21 00:00:28 tt-337 AF009_1987_EP_SU2011_AD_02 
"<del>"
	"del" Preposition PDEL lang:es 00:00:21 00:00:28 tt-338 AF009_1987_EP_SU2011_AD_02 @Gram:Prep 
"<Paso>"
	"paso" Noun NC Singular lang:es 00:00:28 00:00:34 tt-339 AF009_1987_EP_SU2011_AD_02 
"<,>"
	"," Punctuation CM lang:es 00:00:28 00:00:34 tt-340 AF009_1987_EP_SU2011_AD_02 
"<era>"
	"ser" Verb VEfin Imp Indi Sing 1st_or_3rd lang:es 00:00:28 00:00:34 tt-341 AF009_1987_EP_SU2011_AD_02 @Gram:Imperf @Gram:SerEstar:Ser 
"<más>"
	"más" Adverb ADV lang:es 00:00:28 00:00:34 tt-342 AF009_1987_EP_SU2011_AD_02 
"<bien>"
	"bien" Adverb ADV lang:es 00:00:28 00:00:34 tt-343 AF009_1987_EP_SU2011_AD_02 
"<cuando>"
	"cuando" Conjunction CSUBX lang:es 00:00:28 00:00:34 tt-344 AF009_1987_EP_SU2011_AD_02 
"<nos>"
	"nosotros" Pronoun PPX Plural lang:es 00:00:28 00:00:34 tt-345 AF009_1987_EP_SU2011_AD_02 @Gram:Pron:Objeto 
"<juntábamos>"
	"UNK" Verb VLfin Imp Indi Plural 1st lang:es 00:00:28 00:00:34 tt-346 AF009_1987_EP_SU2011_AD_02 @Gram:Imperf 
"<todos>"
	"todo" Determiner QU lang:es 00:00:28 00:00:34 tt-347 AF009_1987_EP_SU2011_AD_02 
"<para>"
	"para" Preposition PREP lang:es 00:00:28 00:00:34 tt-348 AF009_1987_EP_SU2011_AD_02 @Gram:Prep:Para 
"<jugar>"
	"jugar" Verb VLinf Infinitive lang:es 00:00:28 00:00:34 tt-349 AF009_1987_EP_SU2011_AD_02 
"<,>"
	"," Punctuation CM lang:es 00:00:28 00:00:34 tt-350 AF009_1987_EP_SU2011_AD_02 
"<y>"
	"y" Conjunciton Conjunction CC lang:es 00:00:28 00:00:34 tt-351 AF009_1987_EP_SU2011_AD_02 
"<convivíamos>"
	"convivir" Verb VLfin Imp Indi Plural 1st lang:es 00:00:28 00:00:34 tt-352 AF009_1987_EP_SU2011_AD_02 @Gram:Imperf 
"<todos>"
	"todo" Determiner QU lang:es 00:00:28 00:00:34 tt-353 AF009_1987_EP_SU2011_AD_02 
"<y>"
	"y" Conjunciton Conjunction CC lang:es 00:00:28 00:00:34 tt-354 AF009_1987_EP_SU2011_AD_02 
"<le>"
	"él" Pronoun PPC Singular lang:es 00:00:28 00:00:34 tt-355 AF009_1987_EP_SU2011_AD_02 @Gram:Pron:Objeto 
</speaker>
</text>

