<text id="AF004_1991_EP_SU2011_AD_01">
<speaker type="int">
"<$¿>"
	"¿" Punctuation FS lang:es 00:00:00 00:00:04 tt-950 AF004_1991_EP_SU2011_AD_01 
"<Sí>"
	"él" Pronoun PPX Singular lang:es 00:00:00 00:00:04 tt-951 AF004_1991_EP_SU2011_AD_01 
"<$?>"
	"?" Punctuation FS lang:es 00:00:00 00:00:04 tt-952 AF004_1991_EP_SU2011_AD_01 

"<$¿>"
	"¿" Punctuation FS lang:es 00:00:00 00:00:04 tt-953 AF004_1991_EP_SU2011_AD_01 
"<Cómo>"
	"cómo" Adverb ADV lang:es 00:00:00 00:00:04 tt-954 AF004_1991_EP_SU2011_AD_01 
"<te>"
	"tú" Pronoun PPX Singular lang:es 00:00:00 00:00:04 tt-955 AF004_1991_EP_SU2011_AD_01 @Gram:Pron:Objeto ADD:506 
"<recordarán>"
	"recordar" Verb VLfin Fut Indi Plural 3rd lang:es 00:00:00 00:00:04 tt-956 AF004_1991_EP_SU2011_AD_01 
"<tus>"
	"UNK" Noun NC Plural lang:es 00:00:00 00:00:04 tt-957 AF004_1991_EP_SU2011_AD_01 @Gram:Det:Pos ADD:351 
"<compañeros>"
	"compañero" Noun NC Plural lang:es 00:00:00 00:00:04 tt-958 AF004_1991_EP_SU2011_AD_01 
"<$?>"
	"?" Punctuation FS lang:es 00:00:00 00:00:04 tt-959 AF004_1991_EP_SU2011_AD_01 
</speaker>
<speaker type="subj">

"<Mmm>"
	"mmm" Noun NP Singular lang:es 00:00:04 00:00:11 tt-960 AF004_1991_EP_SU2011_AD_01 
"<...>"
	"..." Punctuation DOTS lang:es 00:00:04 00:00:11 tt-961 AF004_1991_EP_SU2011_AD_01 
"<pues>"
	"pues" Conjunction CSUBF lang:es 00:00:04 00:00:11 tt-962 AF004_1991_EP_SU2011_AD_01 
"<gané>"
	"ganar" Verb VLfin Pret Indi Sing 1st lang:es 00:00:04 00:00:11 tt-963 AF004_1991_EP_SU2011_AD_01 @Gram:Indefinido ADD:546 
"<,>"
	"," Punctuation CM lang:es 00:00:04 00:00:11 tt-969 AF004_1991_EP_SU2011_AD_01 
"<la>"
	"el" Determiner ART Singular lang:es 00:00:04 00:00:11 tt-971 AF004_1991_EP_SU2011_AD_01 @Gram:Det:Art ADD:324 
"<más>"
	"más" Adverb ADV lang:es 00:00:04 00:00:11 tt-972 AF004_1991_EP_SU2011_AD_01 
"<tímida>"
	"tímido" Adjective ADJ Singular lang:es 00:00:04 00:00:11 tt-973 AF004_1991_EP_SU2011_AD_01 
"<$.>"
	"." Punctuation FS lang:es 00:00:04 00:00:11 tt-976 AF004_1991_EP_SU2011_AD_01 

"<Y>"
	"y" Conjunction CC lang:es 00:00:04 00:00:11 tt-977 AF004_1991_EP_SU2011_AD_01 
"<$.>"
	"." Punctuation FS lang:es 00:00:04 00:00:11 tt-979 AF004_1991_EP_SU2011_AD_01 
</speaker>
<speaker type="int">

"<...>"
	"..." Punctuation DOTS lang:es 00:00:14 00:00:21 tt-981 AF004_1991_EP_SU2011_AD_01 
"<$¿>"
	"¿" Punctuation FS lang:es 00:00:14 00:00:21 tt-982 AF004_1991_EP_SU2011_AD_01 
"<Ganaste>"
	"ganar" Verb VLfin Pret Indi Sing 2nd lang:es 00:00:14 00:00:21 tt-983 AF004_1991_EP_SU2011_AD_01 @Gram:Indefinido ADD:546 
"<en>"
	"en" Conjunction CSUBF lang:es 00:00:14 00:00:21 tt-986 AF004_1991_EP_SU2011_AD_01 
"<lo>"
	"lo" Conjunction CSUBF lang:es 00:00:14 00:00:21 tt-987 AF004_1991_EP_SU2011_AD_01 
"<que>"
	"que" Conjunction CSUBF lang:es 00:00:14 00:00:21 tt-988 AF004_1991_EP_SU2011_AD_01 
"<es>"
	"ser" Verb VSfin Pres Indi Sing 3rd lang:es 00:00:14 00:00:21 tt-989 AF004_1991_EP_SU2011_AD_01 @Gram:SerEstar:Ser ADD:647 
"<del>"
	"del" Preposition PDEL lang:es 00:00:14 00:00:21 tt-990 AF004_1991_EP_SU2011_AD_01 @Gram:Prep ADD:472 
"<$?>"
	"?" Punctuation FS lang:es 00:00:14 00:00:21 tt-993 AF004_1991_EP_SU2011_AD_01 
</speaker>
<speaker type="subj">

"<Aha>"
	"aha" Noun NP Singular lang:es 00:00:21 00:00:27 tt-994 AF004_1991_EP_SU2011_AD_01 
"<,>"
	"," Punctuation CM lang:es 00:00:21 00:00:27 tt-995 AF004_1991_EP_SU2011_AD_01 
"<en>"
	"en" Other PE lang:es 00:00:21 00:00:27 tt-996 AF004_1991_EP_SU2011_AD_01 
"<$.>"
	"." Punctuation FS lang:es 00:00:21 00:00:27 tt-999 AF004_1991_EP_SU2011_AD_01 

"<Gané>"
	"ganar" Verb VLfin Pret Indi Sing 1st lang:es 00:00:21 00:00:27 tt-1000 AF004_1991_EP_SU2011_AD_01 @Gram:Indefinido ADD:546 
"<,>"
	"," Punctuation CM lang:es 00:00:21 00:00:27 tt-1003 AF004_1991_EP_SU2011_AD_01 
"<,>"
	"," Punctuation CM lang:es 00:00:21 00:00:27 tt-1006 AF004_1991_EP_SU2011_AD_01 
"<$¿>"
	"¿" Punctuation FS lang:es 00:00:21 00:00:27 tt-1007 AF004_1991_EP_SU2011_AD_01 
"<cómo>"
	"cómo" Adverb ADV lang:es 00:00:21 00:00:27 tt-1008 AF004_1991_EP_SU2011_AD_01 
"<se>"
	"se" Other SE lang:es 00:00:21 00:00:27 tt-1009 AF004_1991_EP_SU2011_AD_01 
"<dice>"
	"decir" Verb VLfin Pres Indi Sing 3rd lang:es 00:00:21 00:00:27 tt-1010 AF004_1991_EP_SU2011_AD_01 
"<$?>"
	"?" Punctuation FS lang:es 00:00:21 00:00:27 tt-1011 AF004_1991_EP_SU2011_AD_01 

"<,>"
	"," Punctuation CM lang:es 00:00:21 00:00:27 tt-1013 AF004_1991_EP_SU2011_AD_01 
"<era>"
	"ser" Verb VEfin Imp Indi Sing 1st_or_3rd lang:es 00:00:27 00:00:33 tt-1015 AF004_1991_EP_SU2011_AD_01 @Gram:Imperf @Gram:SerEstar:Ser ADD:537 ADD:647 
"<porrista>"
	"UNK" Noun NC Singular lang:es 00:00:27 00:00:33 tt-1016 AF004_1991_EP_SU2011_AD_01 
"<y>"
	"y" Conjunction CC lang:es 00:00:27 00:00:33 tt-1017 AF004_1991_EP_SU2011_AD_01 
"<las>"
	"el" Determiner ART Plural lang:es 00:00:27 00:00:33 tt-1018 AF004_1991_EP_SU2011_AD_01 @Gram:Det:Art ADD:324 
"<porristas>"
	"UNK" Noun NC Plural lang:es 00:00:27 00:00:33 tt-1019 AF004_1991_EP_SU2011_AD_01 
"<tienen>"
	"tener" Verb VMfin lang:es 00:00:27 00:00:33 tt-1020 AF004_1991_EP_SU2011_AD_01 
"<que>"
	"que" Verb VMfin lang:es 00:00:27 00:00:33 tt-1021 AF004_1991_EP_SU2011_AD_01 
"<estar>"
	"estar" Verb VLinf VEinf Infinitive lang:es 00:00:27 00:00:33 tt-1022 AF004_1991_EP_SU2011_AD_01 @Gram:SerEstar:Estar SUBSTITUTE:292 ADD:656 
"<muy>"
	"muy" Adverb ADV lang:es 00:00:27 00:00:33 tt-1023 AF004_1991_EP_SU2011_AD_01 
"<hyper>"
	"UNK" Adjective ADJ Singular lang:es 00:00:27 00:00:33 tt-1024 AF004_1991_EP_SU2011_AD_01 
"<,>"
	"," Punctuation CM lang:es 00:00:27 00:00:33 tt-1025 AF004_1991_EP_SU2011_AD_01 
"<guises>"
	"UNK" Noun NC Plural lang:es 00:00:27 00:00:33 tt-1027 AF004_1991_EP_SU2011_AD_01 
"<,>"
	"," Punctuation CM lang:es 00:00:27 00:00:33 tt-1028 AF004_1991_EP_SU2011_AD_01 
"<y>"
	"y" Conjunction CC lang:es 00:00:27 00:00:33 tt-1029 AF004_1991_EP_SU2011_AD_01 
"<pues>"
	"pues" Conjunction CSUBF lang:es 00:00:27 00:00:33 tt-1030 AF004_1991_EP_SU2011_AD_01 
"<yo>"
	"yo" Pronoun PPX Singular lang:es 00:00:27 00:00:33 tt-1031 AF004_1991_EP_SU2011_AD_01 @Gram:Pron:Sujeto ADD:482 
"<era>"
	"ser" Verb VEfin Imp Indi Sing 1st_or_3rd lang:es 00:00:27 00:00:33 tt-1032 AF004_1991_EP_SU2011_AD_01 @Gram:Imperf @Gram:SerEstar:Ser ADD:537 ADD:647 
"<la>"
	"el" Determiner ART Singular lang:es 00:00:27 00:00:33 tt-1033 AF004_1991_EP_SU2011_AD_01 @Gram:Det:Art ADD:324 
"<más>"
	"más" Adverb ADV lang:es 00:00:27 00:00:33 tt-1034 AF004_1991_EP_SU2011_AD_01 
"<tímida>"
	"tímido" Adjective ADJ Singular lang:es 00:00:33 00:00:34 tt-1035 AF004_1991_EP_SU2011_AD_01 
"<$.>"
	"." Punctuation FS lang:es 00:00:33 00:00:34 tt-1036 AF004_1991_EP_SU2011_AD_01 
</speaker>
</text>

