<text id="AF006_1968_EP_SU2011_AD_06">
<speaker type="int">
"<Qué>"
	"qué" Pronoun INT Singular lang:es 00:00:00 00:00:07 tt-418 AF006_1968_EP_SU2011_AD_06 
"<rico>"
	"rico" Adjective ADJ Singular lang:es 00:00:00 00:00:07 tt-419 AF006_1968_EP_SU2011_AD_06 
"<$.>"
	"." Punctuation FS lang:es 00:00:00 00:00:07 tt-420 AF006_1968_EP_SU2011_AD_06 

"<...>"
	"..." Punctuation DOTS lang:es 00:00:00 00:00:07 tt-422 AF006_1968_EP_SU2011_AD_06 
"<$¿>"
	"¿" Punctuation FS lang:es 00:00:00 00:00:07 tt-423 AF006_1968_EP_SU2011_AD_06 
"<Te>"
	"tú" Pronoun PPX Singular lang:es 00:00:00 00:00:07 tt-424 AF006_1968_EP_SU2011_AD_06 @Gram:Pron:Objeto ADD:506 
"<gustaba>"
	"gustar" Verb VLfin Imp Indi Sing 1st_or_3rd lang:es 00:00:00 00:00:07 tt-425 AF006_1968_EP_SU2011_AD_06 @Gram:Imperf @Gram:Gustar:Interlocutor ADD:537 ADD:575 
"<la>"
	"el" Determiner ART Singular lang:es 00:00:00 00:00:07 tt-426 AF006_1968_EP_SU2011_AD_06 @Gram:Det:Art ADD:324 
"<escuela>"
	"escuela" Noun NC Singular lang:es 00:00:00 00:00:07 tt-427 AF006_1968_EP_SU2011_AD_06 
"<$?>"
	"?" Punctuation FS lang:es 00:00:00 00:00:07 tt-428 AF006_1968_EP_SU2011_AD_06 
</speaker>
<speaker type="subj">

"<Sí>"
	"sí" Adverb ADV lang:es 00:00:13 00:00:20 tt-429 AF006_1968_EP_SU2011_AD_06 
"<,>"
	"," Punctuation CM lang:es 00:00:13 00:00:20 tt-430 AF006_1968_EP_SU2011_AD_06 
"<sí>"
	"sí" Adverb ADV lang:es 00:00:13 00:00:20 tt-431 AF006_1968_EP_SU2011_AD_06 
"<,>"
	"," Punctuation CM lang:es 00:00:13 00:00:20 tt-432 AF006_1968_EP_SU2011_AD_06 
"<siempre>"
	"siempre" Adverb ADV lang:es 00:00:13 00:00:20 tt-433 AF006_1968_EP_SU2011_AD_06 
"<...>"
	"..." Punctuation DOTS lang:es 00:00:13 00:00:20 tt-434 AF006_1968_EP_SU2011_AD_06 
"<,>"
	"," Punctuation CM lang:es 00:00:13 00:00:20 tt-436 AF006_1968_EP_SU2011_AD_06 
"<siempre>"
	"siempre" Adverb ADV lang:es 00:00:13 00:00:20 tt-437 AF006_1968_EP_SU2011_AD_06 
"<fui>"
	"ir|ser" Verb VLfin Pret Indi Sing 1st lang:es 00:00:13 00:00:20 tt-438 AF006_1968_EP_SU2011_AD_06 @Gram:Indefinido ADD:546 
"<aplicada>"
	"aplicar" Verb VLadj lang:es 00:00:13 00:00:20 tt-439 AF006_1968_EP_SU2011_AD_06 
"<,>"
	"," Punctuation CM lang:es 00:00:13 00:00:20 tt-440 AF006_1968_EP_SU2011_AD_06 
"<y>"
	"y" Conjunction CC lang:es 00:00:13 00:00:20 tt-441 AF006_1968_EP_SU2011_AD_06 
"<pues>"
	"pues" Conjunction CSUBF lang:es 00:00:13 00:00:20 tt-442 AF006_1968_EP_SU2011_AD_06 
"<,>"
	"," Punctuation CM lang:es 00:00:13 00:00:20 tt-443 AF006_1968_EP_SU2011_AD_06 
"<era>"
	"ser" Verb VEfin Imp Indi Sing 1st_or_3rd lang:es 00:00:13 00:00:20 tt-444 AF006_1968_EP_SU2011_AD_06 @Gram:Imperf @Gram:SerEstar:Ser ADD:537 ADD:647 
"<donde>"
	"donde" Adverb ADV lang:es 00:00:13 00:00:20 tt-445 AF006_1968_EP_SU2011_AD_06 
"<podíamos>"
	"poder" Verb VLfin Imp Indi Plural 1st lang:es 00:00:13 00:00:20 tt-446 AF006_1968_EP_SU2011_AD_06 @Gram:Imperf ADD:537 
"<ver>"
	"ver" Verb VLinf Infinitive lang:es 00:00:13 00:00:20 tt-447 AF006_1968_EP_SU2011_AD_06 SUBSTITUTE:292 
"<a>"
	"a" Preposition PREP lang:es 00:00:22 00:00:25 tt-448 AF006_1968_EP_SU2011_AD_06 @Gram:Prep ADD:472 
"<los>"
	"el" Determiner ART Plural lang:es 00:00:22 00:00:25 tt-449 AF006_1968_EP_SU2011_AD_06 @Gram:Det:Art ADD:324 
"<amigos>"
	"amigo" Noun NC Plural lang:es 00:00:22 00:00:25 tt-450 AF006_1968_EP_SU2011_AD_06 
"<y>"
	"y" Conjunction CC lang:es 00:00:22 00:00:25 tt-451 AF006_1968_EP_SU2011_AD_06 
"<todo>"
	"todo" Determiner QU lang:es 00:00:22 00:00:25 tt-452 AF006_1968_EP_SU2011_AD_06 
"<,>"
	"," Punctuation CM lang:es 00:00:22 00:00:25 tt-453 AF006_1968_EP_SU2011_AD_06 
"<sí>"
	"sí" Adverb ADV lang:es 00:00:22 00:00:25 tt-455 AF006_1968_EP_SU2011_AD_06 
"<,>"
	"," Punctuation CM lang:es 00:00:22 00:00:25 tt-456 AF006_1968_EP_SU2011_AD_06 
"<siempre>"
	"siempre" Adverb ADV lang:es 00:00:22 00:00:25 tt-457 AF006_1968_EP_SU2011_AD_06 
"<me>"
	"yo" Pronoun PPX Singular lang:es 00:00:22 00:00:25 tt-458 AF006_1968_EP_SU2011_AD_06 @Gram:Pron:Objeto ID:38 R:Gram:Gustar:Propios:39 ADD:506 ADDRELATION(Gram:Gustar:Propios):563 
"<gustó>"
	"gustar" Verb VLfin Pret Indi Sing 3rd lang:es 00:00:22 00:00:25 tt-459 AF006_1968_EP_SU2011_AD_06 @Gram:Indefinido ID:39 ADD:546 
"<la>"
	"el" Determiner ART Singular lang:es 00:00:22 00:00:25 tt-460 AF006_1968_EP_SU2011_AD_06 @Gram:Det:Art ADD:324 
"<escuela>"
	"escuela" Noun NC Singular lang:es 00:00:22 00:00:25 tt-461 AF006_1968_EP_SU2011_AD_06 
"<$.>"
	"." Punctuation FS lang:es 00:00:22 00:00:25 tt-462 AF006_1968_EP_SU2011_AD_06 
</speaker>
<speaker type="int">

"<$¿>"
	"¿" Punctuation FS lang:es 00:00:25 00:00:30 tt-463 AF006_1968_EP_SU2011_AD_06 
"<Qué>"
	"qué" Pronoun INT Singular lang:es 00:00:25 00:00:30 tt-464 AF006_1968_EP_SU2011_AD_06 
"<tipo>"
	"tipo" Noun NC Singular lang:es 00:00:25 00:00:30 tt-465 AF006_1968_EP_SU2011_AD_06 
"<de>"
	"de" Preposition PREP lang:es 00:00:25 00:00:30 tt-466 AF006_1968_EP_SU2011_AD_06 @Gram:Prep ADD:472 
"<estudiante>"
	"estudiante" Noun NC Singular lang:es 00:00:25 00:00:30 tt-467 AF006_1968_EP_SU2011_AD_06 
"<eras>"
	"ser" Verb VSfin Imp Indi Sing 2nd lang:es 00:00:25 00:00:30 tt-468 AF006_1968_EP_SU2011_AD_06 @Gram:SerEstar:Ser SUBSTITUTE:275 ADD:647 
"<$?>"
	"?" Punctuation FS lang:es 00:00:25 00:00:30 tt-469 AF006_1968_EP_SU2011_AD_06 

"<(>"
	"(" Punctuation LP lang:es 00:00:25 00:00:30 tt-470 AF006_1968_EP_SU2011_AD_06 
"<Risas>"
	"risa" Noun NC Plural lang:es 00:00:25 00:00:30 tt-471 AF006_1968_EP_SU2011_AD_06 
"<)>"
	")" Other RP lang:es 00:00:25 00:00:30 tt-472 AF006_1968_EP_SU2011_AD_06 
"<$.>"
	"." Punctuation FS lang:es 00:00:25 00:00:30 tt-473 AF006_1968_EP_SU2011_AD_06 
</speaker>
<speaker type="subj">

"<No>"
	"no" Adverb NEG lang:es 00:00:30 00:00:37 tt-474 AF006_1968_EP_SU2011_AD_06 
"<...>"
	"..." Punctuation DOTS lang:es 00:00:30 00:00:37 tt-475 AF006_1968_EP_SU2011_AD_06 
"<era>"
	"ser" Verb VEfin Imp Indi Sing 1st_or_3rd lang:es 00:00:30 00:00:37 tt-476 AF006_1968_EP_SU2011_AD_06 @Gram:Imperf @Gram:SerEstar:Ser ADD:537 ADD:647 
"<buena>"
	"bueno" Adjective ADJ Singular lang:es 00:00:30 00:00:37 tt-477 AF006_1968_EP_SU2011_AD_06 
"<estudiante>"
	"estudiante" Noun NC Singular lang:es 00:00:30 00:00:37 tt-478 AF006_1968_EP_SU2011_AD_06 
"<,>"
	"," Punctuation CM lang:es 00:00:30 00:00:37 tt-479 AF006_1968_EP_SU2011_AD_06 
"<siempre>"
	"siempre" Adverb ADV lang:es 00:00:30 00:00:37 tt-480 AF006_1968_EP_SU2011_AD_06 
"<me>"
	"yo" Pronoun PPX Singular lang:es 00:00:30 00:00:37 tt-481 AF006_1968_EP_SU2011_AD_06 @Gram:Pron:Objeto ADD:506 
"<sacaba>"
	"sacar" Verb VLfin Imp Indi Sing 1st_or_3rd lang:es 00:00:30 00:00:37 tt-482 AF006_1968_EP_SU2011_AD_06 @Gram:Imperf ADD:537 
"<Bs>"
	"UNK" Noun NP Plural lang:es 00:00:30 00:00:37 tt-485 AF006_1968_EP_SU2011_AD_06 
"<,>"
	"," Punctuation CM lang:es 00:00:30 00:00:37 tt-486 AF006_1968_EP_SU2011_AD_06 
"<nunca>"
	"nunca" Adverb ADV lang:es 00:00:30 00:00:37 tt-488 AF006_1968_EP_SU2011_AD_06 
"<le>"
	"él" Pronoun PPC Singular lang:es 00:00:30 00:00:37 tt-489 AF006_1968_EP_SU2011_AD_06 @Gram:Pron:Objeto ADD:512 
"<di>"
	"dar" Verb VLfin Pret Indi Sing 1st lang:es 00:00:30 00:00:37 tt-490 AF006_1968_EP_SU2011_AD_06 @Gram:Indefinido SUBSTITUTE:287 ADD:546 
"<problema>"
	"problema" Noun NC Singular lang:es 00:00:30 00:00:37 tt-491 AF006_1968_EP_SU2011_AD_06 
"<a>"
	"a" Preposition PREP lang:es 00:00:38 00:00:39 tt-492 AF006_1968_EP_SU2011_AD_06 @Gram:Prep ADD:472 
"<mi>"
	"mío" Pronoun PPO Singular lang:es 00:00:38 00:00:39 tt-493 AF006_1968_EP_SU2011_AD_06 @Gram:Det:Pos ADD:350 
"<mamá>"
	"mamá" Noun NC Singular lang:es 00:00:38 00:00:39 tt-494 AF006_1968_EP_SU2011_AD_06 
"<$.>"
	"." Punctuation FS lang:es 00:00:38 00:00:39 tt-495 AF006_1968_EP_SU2011_AD_06 
</speaker>
<speaker type="int">

"<$¿>"
	"¿" Punctuation FS lang:es 00:00:39 00:00:43 tt-496 AF006_1968_EP_SU2011_AD_06 
"<Cómo>"
	"cómo" Adverb ADV lang:es 00:00:39 00:00:43 tt-497 AF006_1968_EP_SU2011_AD_06 
"<te>"
	"tú" Pronoun PPX Singular lang:es 00:00:39 00:00:43 tt-498 AF006_1968_EP_SU2011_AD_06 @Gram:Pron:Objeto ADD:506 
"<recordarían>"
	"UNK" Verb VLfin Cond Indi Plural 3rd lang:es 00:00:39 00:00:43 tt-499 AF006_1968_EP_SU2011_AD_06 
"<tus>"
	"UNK" Noun NC Plural lang:es 00:00:39 00:00:43 tt-500 AF006_1968_EP_SU2011_AD_06 @Gram:Det:Pos ADD:351 
"<compañeros>"
	"compañero" Noun NC Plural lang:es 00:00:39 00:00:43 tt-501 AF006_1968_EP_SU2011_AD_06 
"<$?>"
	"?" Punctuation FS lang:es 00:00:39 00:00:43 tt-502 AF006_1968_EP_SU2011_AD_06 

"<Ay>"
	"ay" Noun NP Singular lang:es 00:00:43 00:00:49 tt-503 AF006_1968_EP_SU2011_AD_06 
"<,>"
	"," Punctuation CM lang:es 00:00:43 00:00:49 tt-504 AF006_1968_EP_SU2011_AD_06 
"<como>"
	"como" Conjunction CSUBX lang:es 00:00:43 00:00:49 tt-505 AF006_1968_EP_SU2011_AD_06 
"<una>"
	"un" Determiner ART Singular lang:es 00:00:43 00:00:49 tt-506 AF006_1968_EP_SU2011_AD_06 
"<persona>"
	"persona" Noun NC Singular lang:es 00:00:43 00:00:49 tt-507 AF006_1968_EP_SU2011_AD_06 
"<muy>"
	"muy" Adverb ADV lang:es 00:00:43 00:00:49 tt-508 AF006_1968_EP_SU2011_AD_06 
"<callada>"
	"callar" Verb VLadj lang:es 00:00:43 00:00:49 tt-509 AF006_1968_EP_SU2011_AD_06 
"<,>"
	"," Punctuation CM lang:es 00:00:43 00:00:49 tt-510 AF006_1968_EP_SU2011_AD_06 
"<$.>"
	"." Punctuation FS lang:es 00:00:43 00:00:49 tt-513 AF006_1968_EP_SU2011_AD_06 

"<$¿>"
	"¿" Punctuation FS lang:es 00:00:49 00:00:56 tt-514 AF006_1968_EP_SU2011_AD_06 
"<Cuáles>"
	"cuál" Pronoun INT Plural lang:es 00:00:49 00:00:56 tt-515 AF006_1968_EP_SU2011_AD_06 
"<son>"
	"ser" Verb VSfin Pres Indi Plural 3rd lang:es 00:00:49 00:00:56 tt-516 AF006_1968_EP_SU2011_AD_06 @Gram:SerEstar:Ser ADD:647 
"<tus>"
	"UNK" Noun NC Plural lang:es 00:00:49 00:00:56 tt-517 AF006_1968_EP_SU2011_AD_06 
"<mejores>"
	"bueno" Adjective ADJ Plural lang:es 00:00:49 00:00:56 tt-518 AF006_1968_EP_SU2011_AD_06 
"<recuerdos>"
	"recuerdo" Adjective ADJ Plural lang:es 00:00:49 00:00:56 tt-519 AF006_1968_EP_SU2011_AD_06 
"<de>"
	"de" Preposition PREP lang:es 00:00:49 00:00:56 tt-520 AF006_1968_EP_SU2011_AD_06 @Gram:Prep ADD:472 
"<la>"
	"el" Determiner ART Singular lang:es 00:00:49 00:00:56 tt-521 AF006_1968_EP_SU2011_AD_06 @Gram:Det:Art ADD:324 
"<escuela>"
	"escuela" Noun NC Singular lang:es 00:00:49 00:00:56 tt-522 AF006_1968_EP_SU2011_AD_06 
"<$?>"
	"?" Punctuation FS lang:es 00:00:49 00:00:56 tt-523 AF006_1968_EP_SU2011_AD_06 

"<De>"
	"de" Preposition PREP lang:es 00:00:56 00:01:03 tt-524 AF006_1968_EP_SU2011_AD_06 @Gram:Prep ADD:472 
"<la>"
	"el" Determiner ART Singular lang:es 00:00:56 00:01:03 tt-525 AF006_1968_EP_SU2011_AD_06 @Gram:Det:Art ADD:324 
"<escuela>"
	"escuela" Noun NC Singular lang:es 00:00:56 00:01:03 tt-526 AF006_1968_EP_SU2011_AD_06 
"<...>"
	"..." Punctuation DOTS lang:es 00:00:56 00:01:03 tt-527 AF006_1968_EP_SU2011_AD_06 
"<$¿>"
	"¿" Punctuation FS lang:es 00:00:56 00:01:03 tt-528 AF006_1968_EP_SU2011_AD_06 
"<Qué>"
	"qué" Pronoun INT Singular lang:es 00:00:56 00:01:03 tt-529 AF006_1968_EP_SU2011_AD_06 
"<sería>"
	"ser" Verb VSfin Cond Indi Sing 1st_or_3rd lang:es 00:00:56 00:01:03 tt-530 AF006_1968_EP_SU2011_AD_06 @Gram:SerEstar:Ser ADD:647 
"<$?>"
	"?" Punctuation FS lang:es 00:00:56 00:01:03 tt-531 AF006_1968_EP_SU2011_AD_06 

"<,>"
	"," Punctuation CM lang:es 00:00:56 00:01:03 tt-533 AF006_1968_EP_SU2011_AD_06 
"<...>"
	"..." Punctuation DOTS lang:es 00:00:56 00:01:03 tt-536 AF006_1968_EP_SU2011_AD_06 
"<No>"
	"no" Other PE lang:es 00:00:56 00:01:03 tt-537 AF006_1968_EP_SU2011_AD_06 
"<...>"
	"..." Punctuation DOTS lang:es 00:00:56 00:01:03 tt-538 AF006_1968_EP_SU2011_AD_06 
"<las>"
	"el" Determiner ART Plural lang:es 00:00:56 00:01:03 tt-539 AF006_1968_EP_SU2011_AD_06 @Gram:Det:Art ADD:324 
"<travesuras>"
	"travesura" Noun NC Plural lang:es 00:00:56 00:01:03 tt-540 AF006_1968_EP_SU2011_AD_06 
"<que>"
	"que" Conjunction CQUE lang:es 00:00:56 00:01:03 tt-541 AF006_1968_EP_SU2011_AD_06 
"<hacíamos>"
	"hacer" Verb VLfin Imp Indi Plural 1st lang:es 00:00:56 00:01:03 tt-542 AF006_1968_EP_SU2011_AD_06 @Gram:Imperf ADD:537 
"<,>"
	"," Punctuation CM lang:es 00:00:56 00:01:03 tt-543 AF006_1968_EP_SU2011_AD_06 
"<,>"
	"," Punctuation CM lang:es 00:01:12 00:01:17 tt-545 AF006_1968_EP_SU2011_AD_06 
"<y>"
	"y" Conjunction CC lang:es 00:01:12 00:01:17 tt-546 AF006_1968_EP_SU2011_AD_06 
"<pues>"
	"pues" Conjunction CSUBF lang:es 00:01:12 00:01:17 tt-547 AF006_1968_EP_SU2011_AD_06 
"<cuando>"
	"cuando" Conjunction CSUBX lang:es 00:01:12 00:01:17 tt-548 AF006_1968_EP_SU2011_AD_06 
"<estábamos>"
	"estar" Verb VEfin Imp Indi Plural 1st lang:es 00:01:12 00:01:17 tt-549 AF006_1968_EP_SU2011_AD_06 @Gram:Imperf @Gram:SerEstar:Estar ADD:537 ADD:656 
"<en>"
	"en" Preposition PREP lang:es 00:01:12 00:01:17 tt-550 AF006_1968_EP_SU2011_AD_06 @Gram:Prep ADD:472 
"<...>"
	"..." Punctuation DOTS lang:es 00:01:12 00:01:17 tt-551 AF006_1968_EP_SU2011_AD_06 
"<a>"
	"a" Preposition PREP lang:es 00:01:12 00:01:17 tt-552 AF006_1968_EP_SU2011_AD_06 @Gram:Prep ADD:472 
"<mí>"
	"yo" Pronoun PPX Singular lang:es 00:01:12 00:01:17 tt-553 AF006_1968_EP_SU2011_AD_06 
"<nunca>"
	"nunca" Adverb ADV lang:es 00:01:12 00:01:17 tt-554 AF006_1968_EP_SU2011_AD_06 
"<me>"
	"yo" Pronoun PPX Singular lang:es 00:01:12 00:01:17 tt-555 AF006_1968_EP_SU2011_AD_06 @Gram:Pron:Objeto ADD:506 
"<la>"
	"él" Pronoun PPC Singular lang:es 00:01:12 00:01:17 tt-556 AF006_1968_EP_SU2011_AD_06 @Gram:Pron:Objeto ADD:512 
"<hicieron>"
	"hacer" Verb VLfin Pret Indi Plural 3rd lang:es 00:01:12 00:01:17 tt-557 AF006_1968_EP_SU2011_AD_06 @Gram:Indefinido ADD:546 
"<,>"
	"," Punctuation CM lang:es 00:01:12 00:01:17 tt-558 AF006_1968_EP_SU2011_AD_06 
"<pero>"
	"pero" Conjunction CCAD lang:es 00:01:12 00:01:17 tt-559 AF006_1968_EP_SU2011_AD_06 @Prag:MarcadoresDisc:Revision ADD:826 
"<que>"
	"que" Conjunction CQUE lang:es 00:01:12 00:01:17 tt-560 AF006_1968_EP_SU2011_AD_06 
"<estabamos>"
	"UNK" Verb VLfin Pres_or_Pret Indi Plural 1st lang:es 00:01:12 00:01:17 tt-561 AF006_1968_EP_SU2011_AD_06 
"<en>"
	"en" Preposition PREP lang:es 00:01:12 00:01:17 tt-562 AF006_1968_EP_SU2011_AD_06 @Gram:Prep ADD:472 
"<la>"
	"el" Determiner ART Singular lang:es 00:01:12 00:01:17 tt-563 AF006_1968_EP_SU2011_AD_06 @Gram:Det:Art ADD:324 
"<escuela>"
	"escuela" Noun NC Singular lang:es 00:01:12 00:01:17 tt-564 AF006_1968_EP_SU2011_AD_06 
"<que>"
	"que" Conjunction CQUE lang:es 00:01:17 00:01:24 tt-565 AF006_1968_EP_SU2011_AD_06 
"<sí>"
	"sí" Adverb ADV lang:es 00:01:17 00:01:24 tt-566 AF006_1968_EP_SU2011_AD_06 
"<se>"
	"se" Other SE lang:es 00:01:17 00:01:24 tt-567 AF006_1968_EP_SU2011_AD_06 
"<aceptaba>"
	"aceptar" Verb VLfin Imp Indi Sing 1st_or_3rd lang:es 00:01:17 00:01:24 tt-568 AF006_1968_EP_SU2011_AD_06 @Gram:Imperf ADD:537 
"<que>"
	"que" Conjunction CQUE lang:es 00:01:17 00:01:24 tt-569 AF006_1968_EP_SU2011_AD_06 
"<le>"
	"él" Pronoun PPC Singular lang:es 00:01:17 00:01:24 tt-570 AF006_1968_EP_SU2011_AD_06 @Gram:Pron:Objeto ADD:512 
"<daban>"
	"dar" Verb VLfin Imp Indi Plural 3rd lang:es 00:01:17 00:01:24 tt-571 AF006_1968_EP_SU2011_AD_06 @Gram:Imperf ADD:537 
"<spankings>"
	"UNK" Noun NC Plural lang:es 00:01:17 00:01:24 tt-572 AF006_1968_EP_SU2011_AD_06 
"<,>"
	"," Punctuation CM lang:es 00:01:17 00:01:24 tt-573 AF006_1968_EP_SU2011_AD_06 
"<tenían>"
	"tener" Verb VLfin Imp Indi Plural 3rd lang:es 00:01:17 00:01:24 tt-574 AF006_1968_EP_SU2011_AD_06 @Gram:Imperf ADD:537 
"<allí>"
	"allí" Adverb ADV lang:es 00:01:17 00:01:24 tt-575 AF006_1968_EP_SU2011_AD_06 
"<,>"
	"," Punctuation CM lang:es 00:01:17 00:01:24 tt-576 AF006_1968_EP_SU2011_AD_06 
"<simplemente>"
	"simplemente" Adverb ADV lang:es 00:01:17 00:01:24 tt-577 AF006_1968_EP_SU2011_AD_06 
"<viendo>"
	"ver" Verb VLger lang:es 00:01:17 00:01:24 tt-578 AF006_1968_EP_SU2011_AD_06 
"<el>"
	"el" Determiner ART Singular lang:es 00:01:17 00:01:24 tt-579 AF006_1968_EP_SU2011_AD_06 @Gram:Pron:Objeto ADD:500 
"<era>"
	"ser" Verb VEfin Imp Indi Sing 1st_or_3rd lang:es 00:01:24 00:01:30 tt-581 AF006_1968_EP_SU2011_AD_06 @Gram:Imperf @Gram:SerEstar:Ser ADD:537 ADD:647 
"<como>"
	"como" Adverb ADV lang:es 00:01:24 00:01:30 tt-582 AF006_1968_EP_SU2011_AD_06 
<lang code="en">
"<'>"
	"'" Other POS lang:en 00:00:49 00:01:30 tt-583 AF006_1968_EP_SU2011_AD_06 
</lang>
"<muy>"
	"muy" Adverb ADV lang:es 00:01:24 00:01:30 tt-585 AF006_1968_EP_SU2011_AD_06 
"<diferente>"
	"diferente" Adjective ADJ Singular lang:es 00:01:24 00:01:30 tt-586 AF006_1968_EP_SU2011_AD_06 
"<,>"
	"," Punctuation CM lang:es 00:01:24 00:01:30 tt-587 AF006_1968_EP_SU2011_AD_06 
"<si>"
	"si" Conjunction CSUBX lang:es 00:01:24 00:01:30 tt-588 AF006_1968_EP_SU2011_AD_06 
"<te>"
	"tú" Pronoun PPX Singular lang:es 00:01:24 00:01:30 tt-589 AF006_1968_EP_SU2011_AD_06 @Gram:Pron:Objeto ADD:506 
"<portabas>"
	"UNK" Verb VLfin Imp Indi Sing 2nd lang:es 00:01:24 00:01:30 tt-590 AF006_1968_EP_SU2011_AD_06 @Gram:Imperf ADD:537 
"<mal>"
	"mal" Adverb ADV lang:es 00:01:24 00:01:30 tt-591 AF006_1968_EP_SU2011_AD_06 
"<,>"
	"," Punctuation CM lang:es 00:01:24 00:01:30 tt-592 AF006_1968_EP_SU2011_AD_06 
"<te>"
	"tú" Pronoun PPX Singular lang:es 00:01:24 00:01:30 tt-593 AF006_1968_EP_SU2011_AD_06 @Gram:Pron:Objeto ADD:506 
"<tenías>"
	"tener" Verb VLfin Imp Indi Sing 2nd lang:es 00:01:30 00:01:37 tt-594 AF006_1968_EP_SU2011_AD_06 @Gram:Imperf ADD:537 
"<que>"
	"que" Conjunction CQUE lang:es 00:01:30 00:01:37 tt-595 AF006_1968_EP_SU2011_AD_06 
"<salir>"
	"salir" Verb VLinf Infinitive lang:es 00:01:30 00:01:37 tt-596 AF006_1968_EP_SU2011_AD_06 SUBSTITUTE:292 
"<afuera>"
	"afuera" Adverb ADV lang:es 00:01:30 00:01:37 tt-597 AF006_1968_EP_SU2011_AD_06 
"<del>"
	"del" Preposition PDEL lang:es 00:01:30 00:01:37 tt-598 AF006_1968_EP_SU2011_AD_06 @Gram:Prep ADD:472 
"<salón>"
	"salón" Noun NC Singular lang:es 00:01:30 00:01:37 tt-599 AF006_1968_EP_SU2011_AD_06 
"<$.>"
	"." Punctuation FS lang:es 00:01:30 00:01:37 tt-600 AF006_1968_EP_SU2011_AD_06 

"<Nos>"
	"nosotros" Pronoun PPX Plural lang:es 00:01:30 00:01:37 tt-601 AF006_1968_EP_SU2011_AD_06 @Gram:Pron:Objeto ADD:506 
"<podían>"
	"poder" Verb VLfin Imp Indi Plural 3rd lang:es 00:01:30 00:01:37 tt-602 AF006_1968_EP_SU2011_AD_06 @Gram:Imperf ADD:537 
"<hacer>"
	"hacer" Verb VLinf Infinitive lang:es 00:01:30 00:01:37 tt-603 AF006_1968_EP_SU2011_AD_06 SUBSTITUTE:292 
"<más>"
	"más" Adverb ADV lang:es 00:01:30 00:01:37 tt-605 AF006_1968_EP_SU2011_AD_06 
"<que>"
	"que" Conjunction CQUE lang:es 00:01:30 00:01:37 tt-606 AF006_1968_EP_SU2011_AD_06 
"<ahora>"
	"ahora" Adverb ADV lang:es 00:01:30 00:01:37 tt-607 AF006_1968_EP_SU2011_AD_06 
"<,>"
	"," Punctuation CM lang:es 00:01:30 00:01:37 tt-608 AF006_1968_EP_SU2011_AD_06 
"<$.>"
	"." Punctuation FS lang:es 00:01:30 00:01:37 tt-610 AF006_1968_EP_SU2011_AD_06 

"<$¿>"
	"¿" Punctuation FS lang:es 00:01:38 00:01:45 tt-611 AF006_1968_EP_SU2011_AD_06 
"<Hubo>"
	"haber" Verb VHfin Pret Indi Sing 3rd lang:es 00:01:38 00:01:45 tt-612 AF006_1968_EP_SU2011_AD_06 @Gram:Haber:Exist ADD:663 
"<algún>"
	"alguno" Determiner QU lang:es 00:01:38 00:01:45 tt-613 AF006_1968_EP_SU2011_AD_06 
"<maestro>"
	"maestro" Plural Singular Noun NC lang:es 00:01:38 00:01:45 tt-614 AF006_1968_EP_SU2011_AD_06 SUBSTITUTE:269 SUBSTITUTE:270 
"<o>"
	"o" Conjunction CC lang:es 00:01:38 00:01:45 tt-615 AF006_1968_EP_SU2011_AD_06 
"<maestros>"
	"maestro" Plural Singular Noun NC lang:es 00:01:38 00:01:45 tt-616 AF006_1968_EP_SU2011_AD_06 SUBSTITUTE:269 SUBSTITUTE:270 
"<que>"
	"que" Conjunction CQUE lang:es 00:01:38 00:01:45 tt-617 AF006_1968_EP_SU2011_AD_06 
"<hayan>"
	"haber" Verb VHfin Pres Subj Plural 3rd lang:es 00:01:38 00:01:45 tt-618 AF006_1968_EP_SU2011_AD_06 ID:185 R:Gram:MSub:Pres:186 ADDRELATION(Gram:MSub:Pres):618 
"<tenido>"
	"tener" Verb VLadj lang:es 00:01:38 00:01:45 tt-619 AF006_1968_EP_SU2011_AD_06 ID:186 
"<una>"
	"un" Determiner ART Singular lang:es 00:01:38 00:01:45 tt-620 AF006_1968_EP_SU2011_AD_06 
"<influencia>"
	"influencia" Noun NC Singular lang:es 00:01:38 00:01:45 tt-621 AF006_1968_EP_SU2011_AD_06 
"<particularmente>"
	"particularmente" Adverb ADV lang:es 00:01:38 00:01:45 tt-622 AF006_1968_EP_SU2011_AD_06 
"<fuerte>"
	"fuerte" Adjective ADJ Singular lang:es 00:01:45 00:01:49 tt-623 AF006_1968_EP_SU2011_AD_06 
"<en>"
	"en" Preposition PREP lang:es 00:01:45 00:01:49 tt-624 AF006_1968_EP_SU2011_AD_06 @Gram:Prep ADD:472 
"<tu>"
	"tú" Pronoun PPX Singular lang:es 00:01:45 00:01:49 tt-625 AF006_1968_EP_SU2011_AD_06 @Gram:Det:Pos ADD:350 
"<vida>"
	"vida" Noun NC Singular lang:es 00:01:45 00:01:49 tt-626 AF006_1968_EP_SU2011_AD_06 
"<$?>"
	"?" Punctuation FS lang:es 00:01:45 00:01:49 tt-627 AF006_1968_EP_SU2011_AD_06 

"<...>"
	"..." Punctuation DOTS lang:es 00:01:49 00:01:56 tt-629 AF006_1968_EP_SU2011_AD_06 
"<todos>"
	"todo" Determiner QU lang:es 00:01:49 00:01:56 tt-632 AF006_1968_EP_SU2011_AD_06 
"<fueron>"
	"ser" Verb VSfin Pret Indi Plural 3rd lang:es 00:01:49 00:01:56 tt-633 AF006_1968_EP_SU2011_AD_06 @Gram:SerEstar:Ser ADD:647 
"<buenos>"
	"bueno" Adjective ADJ Plural lang:es 00:01:49 00:01:56 tt-634 AF006_1968_EP_SU2011_AD_06 
"<maestros>"
	"maestro" Plural Noun Singular lang:es 00:01:49 00:01:56 tt-635 AF006_1968_EP_SU2011_AD_06 SUBSTITUTE:269 SUBSTITUTE:270 
"<$.>"
	"." Punctuation FS lang:es 00:01:49 00:01:56 tt-636 AF006_1968_EP_SU2011_AD_06 

"<Del>"
	"del" Preposition PDEL lang:es 00:01:49 00:01:56 tt-637 AF006_1968_EP_SU2011_AD_06 @Gram:Prep ADD:472 
"<que>"
	"que" Conjunction CQUE lang:es 00:01:49 00:01:56 tt-638 AF006_1968_EP_SU2011_AD_06 
"<me>"
	"yo" Pronoun PPX Singular lang:es 00:01:49 00:01:56 tt-639 AF006_1968_EP_SU2011_AD_06 @Gram:Pron:Objeto ADD:506 
"<recuerdo>"
	"recordar" Verb VLfin Pres Indi Sing 1st lang:es 00:01:49 00:01:56 tt-640 AF006_1968_EP_SU2011_AD_06 
"<más>"
	"más" Adverb ADV lang:es 00:01:49 00:01:56 tt-641 AF006_1968_EP_SU2011_AD_06 
"<sería>"
	"ser" Verb VSfin Cond Indi Sing 1st_or_3rd lang:es 00:01:49 00:01:56 tt-642 AF006_1968_EP_SU2011_AD_06 @Gram:SerEstar:Ser ADD:647 
"<en>"
	"en" Preposition PREP lang:es 00:01:49 00:01:56 tt-643 AF006_1968_EP_SU2011_AD_06 @Gram:Prep ADD:472 
"<,>"
	"," Punctuation CM lang:es 00:01:49 00:01:56 tt-646 AF006_1968_EP_SU2011_AD_06 
"<Rodríguez>"
	"Rodríguez" Noun NP Singular lang:es 00:01:58 00:02:05 tt-648 AF006_1968_EP_SU2011_AD_06 
"<,>"
	"," Punctuation CM lang:es 00:01:58 00:02:05 tt-649 AF006_1968_EP_SU2011_AD_06 
"<porque>"
	"porque" Conjunction CSUBX lang:es 00:01:58 00:02:05 tt-650 AF006_1968_EP_SU2011_AD_06 @Prag:MarcadoresDisc:Causa ADD:879 
"<él>"
	"él" Pronoun PPX Singular lang:es 00:01:58 00:02:05 tt-651 AF006_1968_EP_SU2011_AD_06 @Gram:Pron:Sujeto ADD:482 
"<sí>"
	"él" Pronoun PPX Singular lang:es 00:01:58 00:02:05 tt-652 AF006_1968_EP_SU2011_AD_06 
"<me>"
	"yo" Pronoun PPX Singular lang:es 00:01:58 00:02:05 tt-653 AF006_1968_EP_SU2011_AD_06 @Gram:Pron:Objeto ADD:506 
"<hacía>"
	"hacer" Verb VLfin Imp Indi Sing 1st_or_3rd lang:es 00:01:58 00:02:05 tt-654 AF006_1968_EP_SU2011_AD_06 @Gram:Imperf ADD:537 
"<,>"
	"," Punctuation CM lang:es 00:01:58 00:02:05 tt-656 AF006_1968_EP_SU2011_AD_06 
"<mucho>"
	"mucho" Adverb ADV lang:es 00:01:58 00:02:05 tt-657 AF006_1968_EP_SU2011_AD_06 
"<a>"
	"a" Preposition PREP lang:es 00:01:58 00:02:05 tt-658 AF006_1968_EP_SU2011_AD_06 @Gram:Prep ADD:472 
"<que>"
	"que" Conjunction CQUE lang:es 00:01:58 00:02:05 tt-659 AF006_1968_EP_SU2011_AD_06 
"<compitiera>"
	"UNK" Verb VLfin Past Subj Sing 1st_or_3rd lang:es 00:01:58 00:02:05 tt-660 AF006_1968_EP_SU2011_AD_06 @Gram:MSub:Pret ADD:617 
"<,>"
	"," Punctuation CM lang:es 00:01:58 00:02:05 tt-661 AF006_1968_EP_SU2011_AD_06 
"<que>"
	"que" Conjunction CQUE lang:es 00:01:58 00:02:05 tt-662 AF006_1968_EP_SU2011_AD_06 
"<hiciera>"
	"hacer" Verb VLfin Past Subj Sing 1st_or_3rd lang:es 00:01:58 00:02:05 tt-663 AF006_1968_EP_SU2011_AD_06 @Gram:MSub:Pret ADD:617 
"<,>"
	"," Punctuation CM lang:es 00:02:05 00:02:12 tt-665 AF006_1968_EP_SU2011_AD_06 
"<curricular>"
	"UNK" Noun NC Singular lang:es 00:02:05 00:02:12 tt-667 AF006_1968_EP_SU2011_AD_06 
"<y>"
	"y" Conjunction CC lang:es 00:02:05 00:02:12 tt-669 AF006_1968_EP_SU2011_AD_06 
"<todo>"
	"todo" Determiner QU lang:es 00:02:05 00:02:12 tt-670 AF006_1968_EP_SU2011_AD_06 
"<eso>"
	"ese" Determiner DM Singular lang:es 00:02:05 00:02:12 tt-671 AF006_1968_EP_SU2011_AD_06 
"<$.>"
	"." Punctuation FS lang:es 00:02:05 00:02:12 tt-672 AF006_1968_EP_SU2011_AD_06 

"<,>"
	"," Punctuation CM lang:es 00:02:05 00:02:12 tt-674 AF006_1968_EP_SU2011_AD_06 
"<yo>"
	"yo" Pronoun PPX Singular lang:es 00:02:05 00:02:12 tt-675 AF006_1968_EP_SU2011_AD_06 @Gram:Pron:Sujeto ADD:482 
"<diría>"
	"decir" Verb VLfin Cond Indi Sing 1st_or_3rd lang:es 00:02:05 00:02:12 tt-676 AF006_1968_EP_SU2011_AD_06 
"<que>"
	"que" Conjunction CQUE lang:es 00:02:05 00:02:12 tt-677 AF006_1968_EP_SU2011_AD_06 
"<él>"
	"él" Pronoun PPX Singular lang:es 00:02:05 00:02:12 tt-678 AF006_1968_EP_SU2011_AD_06 @Gram:Pron:Sujeto ADD:482 
"<,>"
	"," Punctuation CM lang:es 00:02:05 00:02:12 tt-679 AF006_1968_EP_SU2011_AD_06 
"<un>"
	"un" Determiner ART Singular lang:es 00:02:05 00:02:12 tt-680 AF006_1968_EP_SU2011_AD_06 
"<buen>"
	"bueno" Adjective ADJ Singular lang:es 00:02:05 00:02:12 tt-681 AF006_1968_EP_SU2011_AD_06 
"<maestro>"
	"maestro" Plural Singular Noun NC lang:es 00:02:05 00:02:12 tt-682 AF006_1968_EP_SU2011_AD_06 SUBSTITUTE:269 SUBSTITUTE:270 
"<$.>"
	"." Punctuation FS lang:es 00:02:05 00:02:12 tt-683 AF006_1968_EP_SU2011_AD_06 
</speaker>
</text>

