<text id="AF002_1989_EP_SU2011_AD_13">
<speaker type="int">
"<$¿>"
	"¿" Punctuation FS lang:es 00:00:00 00:00:07 tt-4040 AF002_1989_EP_SU2011_AD_13 
"<Cuál>"
	"cuál" Pronoun INT Singular lang:es 00:00:00 00:00:07 tt-4041 AF002_1989_EP_SU2011_AD_13 
"<fue>"
	"ser" Verb VSfin Pret Indi Sing 3rd lang:es 00:00:00 00:00:07 tt-4042 AF002_1989_EP_SU2011_AD_13 @Gram:SerEstar:Ser 
"<el>"
	"el" Determiner ART Singular lang:es 00:00:00 00:00:07 tt-4043 AF002_1989_EP_SU2011_AD_13 @Gram:Det:Art 
"<momento>"
	"momento" Noun NC Singular lang:es 00:00:00 00:00:07 tt-4044 AF002_1989_EP_SU2011_AD_13 
"<más>"
	"más" Adverb ADV lang:es 00:00:00 00:00:07 tt-4045 AF002_1989_EP_SU2011_AD_13 
"<feliz>"
	"feliz" Adjective ADJ Singular lang:es 00:00:00 00:00:07 tt-4046 AF002_1989_EP_SU2011_AD_13 
"<de>"
	"de" Preposition PREP lang:es 00:00:00 00:00:07 tt-4047 AF002_1989_EP_SU2011_AD_13 @Gram:Prep 
"<tu>"
	"tú" Pronoun PPX Singular lang:es 00:00:00 00:00:07 tt-4048 AF002_1989_EP_SU2011_AD_13 @Gram:Pron:Sujeto 
"<vida>"
	"vida" Noun NC Singular lang:es 00:00:00 00:00:07 tt-4049 AF002_1989_EP_SU2011_AD_13 
"<$?>"
	"?" Punctuation FS lang:es 00:00:00 00:00:07 tt-4050 AF002_1989_EP_SU2011_AD_13 
</speaker>
<speaker type="subj">

"<Mmm>"
	"mmm" Noun NP Singular lang:es 00:00:10 00:00:17 tt-4051 AF002_1989_EP_SU2011_AD_13 
"<...>"
	"..." Punctuation DOTS lang:es 00:00:10 00:00:17 tt-4052 AF002_1989_EP_SU2011_AD_13 
"<el>"
	"el" Determiner ART Singular lang:es 00:00:10 00:00:17 tt-4053 AF002_1989_EP_SU2011_AD_13 @Gram:Det:Art 
"<momento>"
	"momento" Noun NC Singular lang:es 00:00:10 00:00:17 tt-4054 AF002_1989_EP_SU2011_AD_13 
"<más>"
	"más" Adverb ADV lang:es 00:00:10 00:00:17 tt-4055 AF002_1989_EP_SU2011_AD_13 
"<feliz>"
	"feliz" Adjective ADJ Singular lang:es 00:00:10 00:00:17 tt-4056 AF002_1989_EP_SU2011_AD_13 
"<$.>"
	"." Punctuation FS lang:es 00:00:10 00:00:17 tt-4057 AF002_1989_EP_SU2011_AD_13 

"<Mmm>"
	"mmm" Noun NP Singular lang:es 00:00:10 00:00:17 tt-4058 AF002_1989_EP_SU2011_AD_13 
"<...>"
	"..." Punctuation DOTS lang:es 00:00:10 00:00:17 tt-4059 AF002_1989_EP_SU2011_AD_13 
"<no>"
	"no" Adverb NEG lang:es 00:00:10 00:00:17 tt-4060 AF002_1989_EP_SU2011_AD_13 
"<sé>"
	"saber|ser" Verb VLfin Pres Indi Sing 1st lang:es 00:00:10 00:00:17 tt-4061 AF002_1989_EP_SU2011_AD_13 
"<$.>"
	"." Punctuation FS lang:es 00:00:10 00:00:17 tt-4062 AF002_1989_EP_SU2011_AD_13 

"<No>"
	"no" Adverb NEG lang:es 00:00:10 00:00:17 tt-4063 AF002_1989_EP_SU2011_AD_13 
"<sé>"
	"saber|ser" Verb VLfin Pres Indi Sing 1st lang:es 00:00:10 00:00:17 tt-4064 AF002_1989_EP_SU2011_AD_13 
"<$.>"
	"." Punctuation FS lang:es 00:00:10 00:00:17 tt-4065 AF002_1989_EP_SU2011_AD_13 

"<No>"
	"no" Adverb NEG lang:es 00:00:10 00:00:17 tt-4066 AF002_1989_EP_SU2011_AD_13 
"<tengo>"
	"tener" Verb VLfin Pres Indi Sing 1st lang:es 00:00:10 00:00:17 tt-4067 AF002_1989_EP_SU2011_AD_13 
"<un>"
	"un" Determiner ART Singular lang:es 00:00:10 00:00:17 tt-4068 AF002_1989_EP_SU2011_AD_13 
"<momento>"
	"momento" Noun NC Singular lang:es 00:00:10 00:00:17 tt-4069 AF002_1989_EP_SU2011_AD_13 
"<más>"
	"más" Adverb ADV lang:es 00:00:10 00:00:17 tt-4070 AF002_1989_EP_SU2011_AD_13 
"<feliz>"
	"feliz" Adjective ADJ Singular lang:es 00:00:10 00:00:17 tt-4071 AF002_1989_EP_SU2011_AD_13 
"<$.>"
	"." Punctuation FS lang:es 00:00:10 00:00:17 tt-4072 AF002_1989_EP_SU2011_AD_13 

"<No>"
	"no" Adverb NEG lang:es 00:00:22 00:00:29 tt-4073 AF002_1989_EP_SU2011_AD_13 
"<digo>"
	"decir" Verb VLfin Pres Indi Sing 1st lang:es 00:00:22 00:00:29 tt-4074 AF002_1989_EP_SU2011_AD_13 
"<que>"
	"que" Conjunction CQUE lang:es 00:00:22 00:00:29 tt-4075 AF002_1989_EP_SU2011_AD_13 
"<no>"
	"no" Adverb NEG lang:es 00:00:22 00:00:29 tt-4076 AF002_1989_EP_SU2011_AD_13 
"<los>"
	"él" Pronoun PPC Plural lang:es 00:00:22 00:00:29 tt-4077 AF002_1989_EP_SU2011_AD_13 @Gram:Pron:Objeto 
"<he>"
	"haber" Verb VHfin Pres Indi Sing 1st lang:es 00:00:22 00:00:29 tt-4078 AF002_1989_EP_SU2011_AD_13 ID:39 R:Gram:PerfPerif:40 
"<tenido>"
	"tener" Verb VLadj lang:es 00:00:22 00:00:29 tt-4079 AF002_1989_EP_SU2011_AD_13 ID:40 
"<pero>"
	"pero" Conjunction CC lang:es 00:00:22 00:00:29 tt-4080 AF002_1989_EP_SU2011_AD_13 @Prag:MarcadoresDisc:Revision 
"<han>"
	"haber" Verb VHfin Pres Indi Plural 3rd lang:es 00:00:22 00:00:29 tt-4081 AF002_1989_EP_SU2011_AD_13 ID:42 R:Gram:PerfPerif:43 
"<sido>"
	"ser" Verb VSadj Participle lang:es 00:00:22 00:00:29 tt-4082 AF002_1989_EP_SU2011_AD_13 @Gram:SerEstar:Ser ID:43 
"<varios>"
	"varios" Determiner QU lang:es 00:00:22 00:00:29 tt-4083 AF002_1989_EP_SU2011_AD_13 
"<$.>"
	"." Punctuation FS lang:es 00:00:22 00:00:29 tt-4084 AF002_1989_EP_SU2011_AD_13 

"<Este>"
	"este" Determiner DM Singular lang:es 00:00:22 00:00:29 tt-4085 AF002_1989_EP_SU2011_AD_13 @Prag:RecuDiscurso:GanarTiempo 
"<...>"
	"..." Punctuation DOTS lang:es 00:00:22 00:00:29 tt-4086 AF002_1989_EP_SU2011_AD_13 
"<lo>"
	"el" Determiner ART Singular lang:es 00:00:22 00:00:29 tt-4087 AF002_1989_EP_SU2011_AD_13 @Gram:Det:Art 
"<último>"
	"último" Adjective ADJ Singular lang:es 00:00:22 00:00:29 tt-4088 AF002_1989_EP_SU2011_AD_13 
"<fue>"
	"ser" Verb VSfin Pret Indi Sing 3rd lang:es 00:00:22 00:00:29 tt-4089 AF002_1989_EP_SU2011_AD_13 @Gram:SerEstar:Ser 
"<hace>"
	"hacer" Verb VLfin Pres Indi Sing 3rd lang:es 00:00:22 00:00:29 tt-4090 AF002_1989_EP_SU2011_AD_13 
"<un>"
	"un" Determiner ART Singular lang:es 00:00:22 00:00:29 tt-4091 AF002_1989_EP_SU2011_AD_13 
"<año>"
	"año" Noun NC Singular lang:es 00:00:22 00:00:29 tt-4092 AF002_1989_EP_SU2011_AD_13 
"<cuando>"
	"cuando" Conjunction CSUBX lang:es 00:00:30 00:00:37 tt-4093 AF002_1989_EP_SU2011_AD_13 
"<me>"
	"yo" Pronoun PPX Singular lang:es 00:00:30 00:00:37 tt-4094 AF002_1989_EP_SU2011_AD_13 @Gram:Pron:Objeto 
"<gradué>"
	"graduar" Verb VLfin Pret Indi Sing 1st lang:es 00:00:30 00:00:37 tt-4095 AF002_1989_EP_SU2011_AD_13 @Gram:Indefinido 
"<$.>"
	"." Punctuation FS lang:es 00:00:30 00:00:37 tt-4096 AF002_1989_EP_SU2011_AD_13 

"<Eso>"
	"ese" Determiner DM Singular lang:es 00:00:30 00:00:37 tt-4097 AF002_1989_EP_SU2011_AD_13 
"<fue>"
	"ser" Verb VSfin Pret Indi Sing 3rd lang:es 00:00:30 00:00:37 tt-4098 AF002_1989_EP_SU2011_AD_13 @Gram:SerEstar:Ser 
"<un>"
	"un" Determiner ART Singular lang:es 00:00:30 00:00:37 tt-4099 AF002_1989_EP_SU2011_AD_13 
"<momento>"
	"momento" Noun NC Singular lang:es 00:00:30 00:00:37 tt-4100 AF002_1989_EP_SU2011_AD_13 
"<muy>"
	"muy" Adverb ADV lang:es 00:00:30 00:00:37 tt-4101 AF002_1989_EP_SU2011_AD_13 
"<feliz>"
	"feliz" Adjective ADJ Singular lang:es 00:00:30 00:00:37 tt-4102 AF002_1989_EP_SU2011_AD_13 
"<$.>"
	"." Punctuation FS lang:es 00:00:30 00:00:37 tt-4103 AF002_1989_EP_SU2011_AD_13 

"<Este>"
	"este" Determiner DM Singular lang:es 00:00:30 00:00:37 tt-4104 AF002_1989_EP_SU2011_AD_13 @Prag:RecuDiscurso:GanarTiempo 
"<...>"
	"..." Punctuation DOTS lang:es 00:00:30 00:00:37 tt-4105 AF002_1989_EP_SU2011_AD_13 
"<y>"
	"y" Conjunction CC lang:es 00:00:30 00:00:37 tt-4106 AF002_1989_EP_SU2011_AD_13 
"<en>"
	"en" Adverb ADV lang:es 00:00:30 00:00:37 tt-4107 AF002_1989_EP_SU2011_AD_13 ID:68 R:Prag:MarcadoresDisc:Revision:69 
"<realidad>"
	"realidad" Adverb ADV lang:es 00:00:30 00:00:37 tt-4108 AF002_1989_EP_SU2011_AD_13 ID:69 
"<,>"
	"," Punctuation CM lang:es 00:00:30 00:00:37 tt-4109 AF002_1989_EP_SU2011_AD_13 
"<de>"
	"de" Preposition PREP lang:es 00:00:30 00:00:37 tt-4110 AF002_1989_EP_SU2011_AD_13 @Gram:Prep 
"<no>"
	"no" Adverb NEG lang:es 00:00:30 00:00:37 tt-4111 AF002_1989_EP_SU2011_AD_13 
"<...>"
	"..." Punctuation DOTS lang:es 00:00:30 00:00:37 tt-4112 AF002_1989_EP_SU2011_AD_13 
"<este>"
	"este" Noun NC Singular lang:es 00:00:30 00:00:37 tt-4113 AF002_1989_EP_SU2011_AD_13 
"<...>"
	"..." Punctuation DOTS lang:es 00:00:30 00:00:37 tt-4114 AF002_1989_EP_SU2011_AD_13 
"<comento>"
	"comentar" Verb VLfin Pres Indi Sing 1st lang:es 00:00:37 00:00:44 tt-4115 AF002_1989_EP_SU2011_AD_13 
"<que>"
	"que" Conjunction CQUE lang:es 00:00:37 00:00:44 tt-4116 AF002_1989_EP_SU2011_AD_13 
"<soy>"
	"ser" Verb VSfin Pres Indi Sing 1st lang:es 00:00:37 00:00:44 tt-4117 AF002_1989_EP_SU2011_AD_13 @Gram:SerEstar:Ser 
"<una>"
	"un" Determiner ART Singular lang:es 00:00:37 00:00:44 tt-4118 AF002_1989_EP_SU2011_AD_13 
"<persona>"
	"persona" Noun NC Singular lang:es 00:00:37 00:00:44 tt-4119 AF002_1989_EP_SU2011_AD_13 
"<que>"
	"que" Conjunction CQUE lang:es 00:00:37 00:00:44 tt-4120 AF002_1989_EP_SU2011_AD_13 
"<...>"
	"..." Punctuation DOTS lang:es 00:00:37 00:00:44 tt-4121 AF002_1989_EP_SU2011_AD_13 
"<que>"
	"que" Conjunction CQUE lang:es 00:00:37 00:00:44 tt-4122 AF002_1989_EP_SU2011_AD_13 
"<no>"
	"no" Adverb NEG lang:es 00:00:37 00:00:44 tt-4123 AF002_1989_EP_SU2011_AD_13 
"<,>"
	"," Punctuation CM lang:es 00:00:37 00:00:44 tt-4124 AF002_1989_EP_SU2011_AD_13 
"<tengo>"
	"tener" Verb VLfin Pres Indi Sing 1st lang:es 00:00:37 00:00:44 tt-4125 AF002_1989_EP_SU2011_AD_13 
"<muchos>"
	"mucho" Determiner QU lang:es 00:00:37 00:00:44 tt-4126 AF002_1989_EP_SU2011_AD_13 
"<momentos>"
	"momento" Noun NC Plural lang:es 00:00:37 00:00:44 tt-4127 AF002_1989_EP_SU2011_AD_13 
"<,>"
	"," Punctuation CM lang:es 00:00:37 00:00:44 tt-4128 AF002_1989_EP_SU2011_AD_13 
"<y>"
	"y" Conjunction CC lang:es 00:00:37 00:00:44 tt-4129 AF002_1989_EP_SU2011_AD_13 
"<no>"
	"no" Adverb NEG lang:es 00:00:37 00:00:44 tt-4130 AF002_1989_EP_SU2011_AD_13 
"<me>"
	"yo" Pronoun PPX Singular lang:es 00:00:37 00:00:44 tt-4131 AF002_1989_EP_SU2011_AD_13 @Gram:Pron:Objeto 
"<refiero>"
	"referir" Verb VLfin Pres Indi Sing 1st lang:es 00:00:37 00:00:44 tt-4132 AF002_1989_EP_SU2011_AD_13 
"<sólo>"
	"sólo" Adverb ADV lang:es 00:00:37 00:00:44 tt-4133 AF002_1989_EP_SU2011_AD_13 
"<a>"
	"a" Preposition PREP lang:es 00:00:44 00:00:48 tt-4134 AF002_1989_EP_SU2011_AD_13 @Gram:Prep 
"<uno>"
	"uno" Determiner CARD Singular lang:es 00:00:44 00:00:48 tt-4135 AF002_1989_EP_SU2011_AD_13 
"<$.>"
	"." Punctuation FS lang:es 00:00:44 00:00:48 tt-4136 AF002_1989_EP_SU2011_AD_13 

"<Entonces>"
	"entonces" Adverb ADV lang:es 00:00:44 00:00:48 tt-4137 AF002_1989_EP_SU2011_AD_13 
"<,>"
	"," Punctuation CM lang:es 00:00:44 00:00:48 tt-4138 AF002_1989_EP_SU2011_AD_13 
"<yo>"
	"yo" Pronoun PPX Singular lang:es 00:00:44 00:00:48 tt-4139 AF002_1989_EP_SU2011_AD_13 @Gram:Pron:Sujeto 
"<pienso>"
	"pensar" Verb VLfin Pres Indi Sing 1st lang:es 00:00:44 00:00:48 tt-4140 AF002_1989_EP_SU2011_AD_13 
"<que>"
	"que" Conjunction CQUE lang:es 00:00:44 00:00:48 tt-4141 AF002_1989_EP_SU2011_AD_13 
"<han>"
	"haber" Verb VHfin Pres Indi Plural 3rd lang:es 00:00:44 00:00:48 tt-4142 AF002_1989_EP_SU2011_AD_13 ID:103 R:Gram:PerfPerif:104 
"<sido>"
	"ser" Verb VSadj Participle lang:es 00:00:44 00:00:48 tt-4143 AF002_1989_EP_SU2011_AD_13 @Gram:SerEstar:Ser ID:104 
"<varios>"
	"varios" Determiner QU lang:es 00:00:44 00:00:48 tt-4144 AF002_1989_EP_SU2011_AD_13 
"<,>"
	"," Punctuation CM lang:es 00:00:44 00:00:48 tt-4145 AF002_1989_EP_SU2011_AD_13 
"<no>"
	"no" Adverb NEG lang:es 00:00:44 00:00:48 tt-4146 AF002_1989_EP_SU2011_AD_13 ID:107 R:Prag:MarcadoresDisc:Igualdad:108 
"<sólo>"
	"sólo" Adverb ADV lang:es 00:00:44 00:00:48 tt-4147 AF002_1989_EP_SU2011_AD_13 ID:108 
"<uno>"
	"uno" Determiner CARD Singular lang:es 00:00:44 00:00:48 tt-4148 AF002_1989_EP_SU2011_AD_13 
"<$.>"
	"." Punctuation FS lang:es 00:00:44 00:00:48 tt-4149 AF002_1989_EP_SU2011_AD_13 
</speaker>
</text>

