<text id="AF004_1991_EP_SU2011_AD_03">
<speaker type="int">
"<Qué>"
	"qué" Pronoun INT Singular lang:es 00:00:00 00:00:05 tt-1280 AF004_1991_EP_SU2011_AD_03 
"<bien>"
	"bien" Noun NC Singular lang:es 00:00:00 00:00:05 tt-1281 AF004_1991_EP_SU2011_AD_03 
"<$.>"
	"." Punctuation FS lang:es 00:00:00 00:00:05 tt-1282 AF004_1991_EP_SU2011_AD_03 

"<$¿>"
	"¿" Punctuation FS lang:es 00:00:00 00:00:05 tt-1283 AF004_1991_EP_SU2011_AD_03 
"<Cómo>"
	"cómo" Adverb ADV lang:es 00:00:00 00:00:05 tt-1284 AF004_1991_EP_SU2011_AD_03 
"<conociste>"
	"conocer" Verb VLfin Pret Indi Sing 2nd lang:es 00:00:00 00:00:05 tt-1285 AF004_1991_EP_SU2011_AD_03 @Gram:Indefinido 
"<a>"
	"a" Preposition PREP lang:es 00:00:00 00:00:05 tt-1286 AF004_1991_EP_SU2011_AD_03 @Gram:Prep 
"<tu>"
	"tú" Pronoun PPX Singular lang:es 00:00:00 00:00:05 tt-1287 AF004_1991_EP_SU2011_AD_03 @Gram:Det:Pos 
"<novio>"
	"novio" Noun NC Singular lang:es 00:00:00 00:00:05 tt-1288 AF004_1991_EP_SU2011_AD_03 
"<$?>"
	"?" Punctuation FS lang:es 00:00:00 00:00:05 tt-1289 AF004_1991_EP_SU2011_AD_03 
</speaker>
<speaker type="subj">

"<En>"
	"en" Preposition PREP lang:es 00:00:05 00:00:12 tt-1290 AF004_1991_EP_SU2011_AD_03 @Gram:Prep 
"<MySpace>"
	"UNK" Noun NC Singular lang:es 00:00:05 00:00:12 tt-1291 AF004_1991_EP_SU2011_AD_03 
"<$.>"
	"." Punctuation FS lang:es 00:00:05 00:00:12 tt-1292 AF004_1991_EP_SU2011_AD_03 

"<Luego>"
	"luego" Conjunction CSUBF lang:es 00:00:05 00:00:12 tt-1293 AF004_1991_EP_SU2011_AD_03 
"<me>"
	"yo" Pronoun PPX Singular lang:es 00:00:05 00:00:12 tt-1294 AF004_1991_EP_SU2011_AD_03 @Gram:Pron:Objeto 
"<hizo>"
	"hacer" Verb VLfin Pres Indi Sing 1st lang:es 00:00:05 00:00:12 tt-1295 AF004_1991_EP_SU2011_AD_03 ID:16 R:Herit:Contacto:Mixtas:17 
<lang code="en">
"<request>"
	"request" Noun NN lang:en 00:00:05 00:00:12 tt-1296 AF004_1991_EP_SU2011_AD_03 ID:17 
</lang>
"<como>"
	"como" Conjunction CSUBX lang:es 00:00:05 00:00:12 tt-1297 AF004_1991_EP_SU2011_AD_03 
"<su>"
	"suyo" Pronoun PPO Singular lang:es 00:00:05 00:00:12 tt-1298 AF004_1991_EP_SU2011_AD_03 @Gram:Det:Pos 
"<amigo>"
	"amigo" Noun NC Singular lang:es 00:00:05 00:00:12 tt-1299 AF004_1991_EP_SU2011_AD_03 
"<y>"
	"y" Conjunciton Conjunction CC lang:es 00:00:05 00:00:12 tt-1300 AF004_1991_EP_SU2011_AD_03 
"<de>"
	"de" Preposition PREP lang:es 00:00:05 00:00:12 tt-1301 AF004_1991_EP_SU2011_AD_03 @Gram:Prep 
"<allí>"
	"allí" Adverb ADV lang:es 00:00:05 00:00:12 tt-1302 AF004_1991_EP_SU2011_AD_03 
"<lo>"
	"él" Pronoun PPC Singular lang:es 00:00:05 00:00:12 tt-1303 AF004_1991_EP_SU2011_AD_03 @Gram:Pron:Objeto 
"<vi>"
	"vi" Determiner CARD Singular lang:es 00:00:05 00:00:12 tt-1304 AF004_1991_EP_SU2011_AD_03 
"<en>"
	"en" Preposition PREP lang:es 00:00:05 00:00:12 tt-1305 AF004_1991_EP_SU2011_AD_03 @Gram:Prep 
"<la>"
	"el" Determiner ART Singular Fem lang:es 00:00:05 00:00:12 tt-1306 AF004_1991_EP_SU2011_AD_03 @Gram:Det:Art 
"<escuela>"
	"escuela" Noun NC Singular lang:es 00:00:05 00:00:12 tt-1307 AF004_1991_EP_SU2011_AD_03 
"<,>"
	"," Punctuation CM lang:es 00:00:05 00:00:12 tt-1308 AF004_1991_EP_SU2011_AD_03 
<lang code="en">
"<so>"
	"so" Preposition IN lang:en 00:00:05 00:00:12 tt-1309 AF004_1991_EP_SU2011_AD_03 @Gram:Prep 
</lang>
"<ahí>"
	"ahí" Adverb ADV lang:es 00:00:12 00:00:16 tt-1310 AF004_1991_EP_SU2011_AD_03 
"<comenzamos>"
	"comenzar" Verb VLfin Pres_or_Pret Indi Plural 1st lang:es 00:00:12 00:00:16 tt-1311 AF004_1991_EP_SU2011_AD_03 
"<a>"
	"a" Preposition PREP lang:es 00:00:12 00:00:16 tt-1312 AF004_1991_EP_SU2011_AD_03 @Gram:Prep 
"<hablar>"
	"hablar" Verb VLinf Infinitive lang:es 00:00:12 00:00:16 tt-1313 AF004_1991_EP_SU2011_AD_03 
"<y>"
	"y" Conjunciton Conjunction CC lang:es 00:00:12 00:00:16 tt-1314 AF004_1991_EP_SU2011_AD_03 
"<todo>"
	"todo" Determiner QU lang:es 00:00:12 00:00:16 tt-1315 AF004_1991_EP_SU2011_AD_03 ID:36 R:Gram:Det:Combi:37 
"<eso>"
	"ese" Determiner DM Singular lang:es 00:00:12 00:00:16 tt-1316 AF004_1991_EP_SU2011_AD_03 ID:37 
"<$.>"
	"." Punctuation FS lang:es 00:00:12 00:00:16 tt-1317 AF004_1991_EP_SU2011_AD_03 
</speaker>
<speaker type="int">

"<$¿>"
	"¿" Punctuation FS lang:es 00:00:16 00:00:19 tt-1318 AF004_1991_EP_SU2011_AD_03 
"<Cuánto>"
	"UNK" Noun NC Singular lang:es 00:00:16 00:00:19 tt-1319 AF004_1991_EP_SU2011_AD_03 
"<tiempo>"
	"tiempo" Noun NC Singular lang:es 00:00:16 00:00:19 tt-1320 AF004_1991_EP_SU2011_AD_03 
"<llevas>"
	"llevar" Verb VLfin Pres Indi Sing 2nd lang:es 00:00:16 00:00:19 tt-1321 AF004_1991_EP_SU2011_AD_03 
"<con>"
	"con" Preposition PREP lang:es 00:00:16 00:00:19 tt-1322 AF004_1991_EP_SU2011_AD_03 @Gram:Prep 
"<él>"
	"él" Pronoun PPX Singular lang:es 00:00:16 00:00:19 tt-1323 AF004_1991_EP_SU2011_AD_03 @Gram:Pron:Sujeto 
"<$?>"
	"?" Punctuation FS lang:es 00:00:16 00:00:19 tt-1324 AF004_1991_EP_SU2011_AD_03 
</speaker>
<speaker type="subj">

"<Va>"
	"ir" Verb VLfin Pres Indi Sing 3rd lang:es 00:00:19 00:00:23 tt-1325 AF004_1991_EP_SU2011_AD_03 ID:46 R:Gram:VFut:Perifrasis:48 
"<a>"
	"a" Preposition PREP lang:es 00:00:19 00:00:23 tt-1326 AF004_1991_EP_SU2011_AD_03 @Gram:Prep 
"<ser>"
	"ser" Verb VLinf VSinf Infinitive lang:es 00:00:19 00:00:23 tt-1327 AF004_1991_EP_SU2011_AD_03 @Gram:SerEstar:Ser ID:48 
"<cuatro>"
	"cuatro" Determiner CARD Singular lang:es 00:00:19 00:00:23 tt-1328 AF004_1991_EP_SU2011_AD_03 
"<años>"
	"año" Noun NC Plural lang:es 00:00:19 00:00:23 tt-1329 AF004_1991_EP_SU2011_AD_03 
"<en>"
	"en" Preposition PREP lang:es 00:00:19 00:00:23 tt-1330 AF004_1991_EP_SU2011_AD_03 @Gram:Prep 
"<octubre>"
	"octubre" Noun NMON Singular lang:es 00:00:19 00:00:23 tt-1331 AF004_1991_EP_SU2011_AD_03 
"<,>"
	"," Punctuation CM lang:es 00:00:19 00:00:23 tt-1332 AF004_1991_EP_SU2011_AD_03 
"<este>"
	"este" Determiner DM Singular lang:es 00:00:19 00:00:23 tt-1333 AF004_1991_EP_SU2011_AD_03 
"<año>"
	"año" Noun NC Singular lang:es 00:00:19 00:00:23 tt-1334 AF004_1991_EP_SU2011_AD_03 
"<$.>"
	"." Punctuation FS lang:es 00:00:19 00:00:23 tt-1335 AF004_1991_EP_SU2011_AD_03 
</speaker>
<speaker type="int">

"<Qué>"
	"qué" Pronoun INT Singular lang:es 00:00:23 00:00:29 tt-1336 AF004_1991_EP_SU2011_AD_03 
"<bien>"
	"bien" Noun NC Singular lang:es 00:00:23 00:00:29 tt-1337 AF004_1991_EP_SU2011_AD_03 
"<$.>"
	"." Punctuation FS lang:es 00:00:23 00:00:29 tt-1338 AF004_1991_EP_SU2011_AD_03 

"<$¿>"
	"¿" Punctuation FS lang:es 00:00:23 00:00:29 tt-1339 AF004_1991_EP_SU2011_AD_03 
"<Tienes>"
	"tener" Verb VLfin Pres Indi Sing 2nd lang:es 00:00:23 00:00:29 tt-1340 AF004_1991_EP_SU2011_AD_03 
"<alguna>"
	"alguno" Determiner QU lang:es 00:00:23 00:00:29 tt-1341 AF004_1991_EP_SU2011_AD_03 @Gram:Det:CuantIndef 
"<historia>"
	"historia" Noun NC Singular lang:es 00:00:23 00:00:29 tt-1342 AF004_1991_EP_SU2011_AD_03 
"<favorita>"
	"favorito" Adjective ADJ Singular lang:es 00:00:23 00:00:29 tt-1343 AF004_1991_EP_SU2011_AD_03 
"<acerca>"
	"acerca" Preposition PREP lang:es 00:00:23 00:00:29 tt-1344 AF004_1991_EP_SU2011_AD_03 @Gram:Prep 
"<de>"
	"de" Preposition PREP lang:es 00:00:23 00:00:29 tt-1345 AF004_1991_EP_SU2011_AD_03 @Gram:Prep 
"<tu>"
	"tú" Pronoun PPX Singular lang:es 00:00:23 00:00:29 tt-1346 AF004_1991_EP_SU2011_AD_03 @Gram:Det:Pos 
"<relación>"
	"relación" Noun NC Singular lang:es 00:00:23 00:00:29 tt-1347 AF004_1991_EP_SU2011_AD_03 
"<con>"
	"con" Preposition PREP lang:es 00:00:23 00:00:29 tt-1348 AF004_1991_EP_SU2011_AD_03 @Gram:Prep 
"<él>"
	"él" Pronoun PPX Singular lang:es 00:00:23 00:00:29 tt-1349 AF004_1991_EP_SU2011_AD_03 @Gram:Pron:Sujeto 
"<$?>"
	"?" Punctuation FS lang:es 00:00:23 00:00:29 tt-1350 AF004_1991_EP_SU2011_AD_03 
</speaker>
<speaker type="subj">

"<Uhm>"
	"UNK" Noun NP Singular lang:es 00:00:29 00:00:36 tt-1351 AF004_1991_EP_SU2011_AD_03 
"<...>"
	"..." Punctuation DOTS lang:es 00:00:29 00:00:36 tt-1352 AF004_1991_EP_SU2011_AD_03 
<lang code="en">
"<let>"
	"let" Verb VB lang:en 00:00:29 00:00:36 tt-1353 AF004_1991_EP_SU2011_AD_03 
"<'s>"
	"be" Verb VBZ lang:en 00:00:29 00:00:36 tt-1354 AF004_1991_EP_SU2011_AD_03 
"<see>"
	"see" Verb VB lang:en 00:00:29 00:00:36 tt-1355 AF004_1991_EP_SU2011_AD_03 
</lang>
"<$.>"
	"." Punctuation FS lang:es 00:00:29 00:00:36 tt-1356 AF004_1991_EP_SU2011_AD_03 

"<Pues>"
	"pues" Conjunction CSUBF lang:es 00:00:29 00:00:36 tt-1357 AF004_1991_EP_SU2011_AD_03 
"<es>"
	"ser" Verb VSfin Pres Indi Sing 3rd lang:es 00:00:29 00:00:36 tt-1358 AF004_1991_EP_SU2011_AD_03 @Gram:SerEstar:Ser 
"<...>"
	"..." Punctuation DOTS lang:es 00:00:29 00:00:36 tt-1359 AF004_1991_EP_SU2011_AD_03 
"<son>"
	"ser" Verb VSfin Pres Indi Plural 3rd lang:es 00:00:29 00:00:36 tt-1360 AF004_1991_EP_SU2011_AD_03 @Gram:SerEstar:Ser 
"<muchos>"
	"mucho" Determiner QU lang:es 00:00:29 00:00:36 tt-1361 AF004_1991_EP_SU2011_AD_03 @Gram:Det:CuantIndef 
"<también>"
	"también" Adverb ADV lang:es 00:00:29 00:00:36 tt-1362 AF004_1991_EP_SU2011_AD_03 @Prag:MarcadoresDisc:Igualdad 
"<$.>"
	"." Punctuation FS lang:es 00:00:29 00:00:36 tt-1363 AF004_1991_EP_SU2011_AD_03 
<lang code="en">

"<I>"
	"I" Pronoun PP lang:en 00:00:29 00:00:36 tt-1364 AF004_1991_EP_SU2011_AD_03 
"<would>"
	"would" Verb MD lang:en 00:00:29 00:00:36 tt-1365 AF004_1991_EP_SU2011_AD_03 
"<say>"
	"say" Verb VB lang:en 00:00:29 00:00:36 tt-1366 AF004_1991_EP_SU2011_AD_03 
</lang>
"<,>"
	"," Punctuation CM lang:es 00:00:29 00:00:36 tt-1367 AF004_1991_EP_SU2011_AD_03 
"<cuando>"
	"cuando" Conjunction CSUBX lang:es 00:00:29 00:00:36 tt-1368 AF004_1991_EP_SU2011_AD_03 
"<fuimos>"
	"ir|ser" Verb VLfin Pres_or_Pret Indi Plural 1st lang:es 00:00:29 00:00:36 tt-1369 AF004_1991_EP_SU2011_AD_03 
"<a>"
	"a" Preposition PREP lang:es 00:00:29 00:00:36 tt-1370 AF004_1991_EP_SU2011_AD_03 @Gram:Prep 
"<Austin>"
	"Austin" Noun NP Singular lang:es 00:00:29 00:00:36 tt-1371 AF004_1991_EP_SU2011_AD_03 
"<a>"
	"a" Preposition PREP lang:es 00:00:37 00:00:44 tt-1372 AF004_1991_EP_SU2011_AD_03 @Gram:Prep 
"<ver>"
	"ver" Verb VLinf Infinitive lang:es 00:00:37 00:00:44 tt-1373 AF004_1991_EP_SU2011_AD_03 
"<su>"
	"suyo" Pronoun PPO Singular lang:es 00:00:37 00:00:44 tt-1374 AF004_1991_EP_SU2011_AD_03 @Gram:Det:Pos 
"<hermana>"
	"hermano" Noun NC Singular lang:es 00:00:37 00:00:44 tt-1375 AF004_1991_EP_SU2011_AD_03 
"<graduarse>"
	"graduar" Verb VLinf Pres Subj Sing 1st_or_3rd lang:es 00:00:37 00:00:44 tt-1376 AF004_1991_EP_SU2011_AD_03 @Gram:MSub:Pres 
"<de>"
	"de" Preposition PREP lang:es 00:00:37 00:00:44 tt-1377 AF004_1991_EP_SU2011_AD_03 @Gram:Prep 
"<,>"
	"," Punctuation CM lang:es 00:00:37 00:00:44 tt-1378 AF004_1991_EP_SU2011_AD_03 
"<de>"
	"de" Preposition PREP lang:es 00:00:37 00:00:44 tt-1379 AF004_1991_EP_SU2011_AD_03 @Gram:Prep 
<lang code="en">
"<college>"
	"college" Noun NN lang:en 00:00:37 00:00:44 tt-1380 AF004_1991_EP_SU2011_AD_03 
</lang>
"<$.>"
	"." Punctuation FS lang:es 00:00:37 00:00:44 tt-1381 AF004_1991_EP_SU2011_AD_03 

"<Uhm>"
	"UNK" Noun NP Singular lang:es 00:00:37 00:00:44 tt-1382 AF004_1991_EP_SU2011_AD_03 
"<...>"
	"..." Punctuation DOTS lang:es 00:00:37 00:00:44 tt-1383 AF004_1991_EP_SU2011_AD_03 
"<Me>"
	"UNK" Verb VLfin Pres Subj Sing 1st_or_3rd lang:es 00:00:37 00:00:44 tt-1384 AF004_1991_EP_SU2011_AD_03 @Gram:MSub:Pres 
"<gustó>"
	"gustar" Verb VLfin Pret Indi Sing 3rd lang:es 00:00:37 00:00:44 tt-1385 AF004_1991_EP_SU2011_AD_03 @Gram:Indefinido 
"<porque>"
	"porque" Conjunction CSUBX lang:es 00:00:37 00:00:44 tt-1386 AF004_1991_EP_SU2011_AD_03 @Prag:MarcadoresDisc:Causa 
"<esto>"
	"este" Determiner DM Singular lang:es 00:00:37 00:00:44 tt-1387 AF004_1991_EP_SU2011_AD_03 
"<...>"
	"..." Punctuation DOTS lang:es 00:00:37 00:00:44 tt-1388 AF004_1991_EP_SU2011_AD_03 
"<tuvimos>"
	"tener" Verb VLfin Pres_or_Pret Indi Plural 1st lang:es 00:00:37 00:00:44 tt-1389 AF004_1991_EP_SU2011_AD_03 
"<,>"
	"," Punctuation CM lang:es 00:00:37 00:00:44 tt-1390 AF004_1991_EP_SU2011_AD_03 
"<era>"
	"ser" Verb VEfin Imp Indi Sing 1st_or_3rd lang:es 00:00:37 00:00:44 tt-1391 AF004_1991_EP_SU2011_AD_03 @Gram:Imperf @Gram:SerEstar:Ser 
"<nuestro>"
	"UNK" Adjective ADJ Singular lang:es 00:00:37 00:00:44 tt-1392 AF004_1991_EP_SU2011_AD_03 
"<primer>"
	"primero" Adjective ORD Singular lang:es 00:00:47 00:00:54 tt-1393 AF004_1991_EP_SU2011_AD_03 
"<viaje>"
	"viaje" Noun NC Singular lang:es 00:00:47 00:00:54 tt-1394 AF004_1991_EP_SU2011_AD_03 
"<juntos>"
	"junto" Adjective ADJ Plural lang:es 00:00:47 00:00:54 tt-1395 AF004_1991_EP_SU2011_AD_03 
<lang code="en">
"<I>"
	"I" Pronoun PP lang:en 00:00:47 00:00:54 tt-1396 AF004_1991_EP_SU2011_AD_03 
"<guess>"
	"guess" Verb VBP lang:en 00:00:47 00:00:54 tt-1397 AF004_1991_EP_SU2011_AD_03 
</lang>
"<$.>"
	"." Punctuation FS lang:es 00:00:47 00:00:54 tt-1398 AF004_1991_EP_SU2011_AD_03 

"<Y>"
	"y" Conjunciton Conjunction CC lang:es 00:00:47 00:00:54 tt-1399 AF004_1991_EP_SU2011_AD_03 
"<pues>"
	"pues" Conjunction CSUBF lang:es 00:00:47 00:00:54 tt-1400 AF004_1991_EP_SU2011_AD_03 
"<estaba>"
	"estar" Verb VEfin Imp Indi Sing 1st_or_3rd lang:es 00:00:47 00:00:54 tt-1401 AF004_1991_EP_SU2011_AD_03 @Gram:Imperf @Gram:SerEstar:Estar 
"<,>"
	"," Punctuation CM lang:es 00:00:47 00:00:54 tt-1402 AF004_1991_EP_SU2011_AD_03 
"<estaba>"
	"estar" Verb VEfin Imp Indi Sing 1st_or_3rd lang:es 00:00:47 00:00:54 tt-1403 AF004_1991_EP_SU2011_AD_03 @Gram:Imperf @Gram:SerEstar:Estar 
"<padre>"
	"padre" Noun NC Singular lang:es 00:00:47 00:00:54 tt-1404 AF004_1991_EP_SU2011_AD_03 
"<$.>"
	"." Punctuation FS lang:es 00:00:47 00:00:54 tt-1405 AF004_1991_EP_SU2011_AD_03 
</speaker>
</text>

