<text id="AF003_1992_EP_SU2011_AD_10">
<speaker type="int">
"<$¿>"
	"¿" Punctuation FS lang:es 00:00:00 00:00:07 tt-1756 AF003_1992_EP_SU2011_AD_10 
"<Cuál>"
	"cuál" Pronoun INT Singular lang:es 00:00:00 00:00:07 tt-1757 AF003_1992_EP_SU2011_AD_10 
"<ha>"
	"haber" Verb VHfin Pres Indi Sing 3rd lang:es 00:00:00 00:00:07 tt-1758 AF003_1992_EP_SU2011_AD_10 ID:3 R:Gram:SerEstar:Ser:4 R:Gram:Aux:Haber:4 R:Gram:PerfPerif:4 
"<sido>"
	"ser" Verb VSadj Participle lang:es 00:00:00 00:00:07 tt-1759 AF003_1992_EP_SU2011_AD_10 ID:4 
"<el>"
	"el" Determiner ART Singular lang:es 00:00:00 00:00:07 tt-1760 AF003_1992_EP_SU2011_AD_10 @Gram:Det:Art 
"<momento>"
	"momento" Noun NC Singular lang:es 00:00:00 00:00:07 tt-1761 AF003_1992_EP_SU2011_AD_10 
"<más>"
	"más" Adverb ADV lang:es 00:00:00 00:00:07 tt-1762 AF003_1992_EP_SU2011_AD_10 
"<feliz>"
	"feliz" Adjective ADJ Singular lang:es 00:00:00 00:00:07 tt-1763 AF003_1992_EP_SU2011_AD_10 
"<de>"
	"de" Preposition PREP lang:es 00:00:00 00:00:07 tt-1764 AF003_1992_EP_SU2011_AD_10 @Gram:Prep 
"<tu>"
	"tú" Pronoun PPX Singular lang:es 00:00:00 00:00:07 tt-1765 AF003_1992_EP_SU2011_AD_10 @Gram:Det:Pos 
"<vida>"
	"vida" Noun NC Singular lang:es 00:00:00 00:00:07 tt-1766 AF003_1992_EP_SU2011_AD_10 
"<$?>"
	"?" Punctuation FS lang:es 00:00:00 00:00:07 tt-1767 AF003_1992_EP_SU2011_AD_10 
</speaker>
<speaker type="subj">

"<El>"
	"el" Determiner ART Singular lang:es 00:00:07 00:00:14 tt-1768 AF003_1992_EP_SU2011_AD_10 @Gram:Det:Art 
"<momento>"
	"momento" Noun NC Singular lang:es 00:00:07 00:00:14 tt-1769 AF003_1992_EP_SU2011_AD_10 
"<más>"
	"más" Adverb ADV lang:es 00:00:07 00:00:14 tt-1770 AF003_1992_EP_SU2011_AD_10 
"<feliz>"
	"feliz" Adjective ADJ Singular lang:es 00:00:07 00:00:14 tt-1771 AF003_1992_EP_SU2011_AD_10 
"<de>"
	"de" Preposition PREP lang:es 00:00:07 00:00:14 tt-1772 AF003_1992_EP_SU2011_AD_10 @Gram:Prep 
"<mi>"
	"mío" Pronoun PPO Singular lang:es 00:00:07 00:00:14 tt-1773 AF003_1992_EP_SU2011_AD_10 @Gram:Det:Pos 
"<vida>"
	"vida" Noun NC Singular lang:es 00:00:07 00:00:14 tt-1774 AF003_1992_EP_SU2011_AD_10 
"<$.>"
	"." Punctuation FS lang:es 00:00:07 00:00:14 tt-1775 AF003_1992_EP_SU2011_AD_10 

"<...>"
	"..." Punctuation DOTS lang:es 00:00:07 00:00:14 tt-1777 AF003_1992_EP_SU2011_AD_10 
"<$¡>"
	"¡" Punctuation FS lang:es 00:00:07 00:00:14 tt-1778 AF003_1992_EP_SU2011_AD_10 
"<Ay>"
	"ay" Noun NP Singular lang:es 00:00:07 00:00:14 tt-1779 AF003_1992_EP_SU2011_AD_10 
"<$!>"
	"!" Punctuation FS lang:es 00:00:07 00:00:14 tt-1780 AF003_1992_EP_SU2011_AD_10 

"<No>"
	"no" Adverb NEG lang:es 00:00:07 00:00:14 tt-1781 AF003_1992_EP_SU2011_AD_10 
"<sé>"
	"saber|ser" Verb VLfin Pres Indi Sing 1st lang:es 00:00:07 00:00:14 tt-1782 AF003_1992_EP_SU2011_AD_10 
"<...>"
	"..." Punctuation DOTS lang:es 00:00:07 00:00:14 tt-1783 AF003_1992_EP_SU2011_AD_10 
"<...>"
	"..." Punctuation DOTS lang:es 00:00:07 00:00:14 tt-1785 AF003_1992_EP_SU2011_AD_10 
"<No>"
	"no" Other PE lang:es 00:00:07 00:00:14 tt-1786 AF003_1992_EP_SU2011_AD_10 
"<sé>"
	"saber|ser" Verb VLfin Pres Indi Sing 1st lang:es 00:00:07 00:00:14 tt-1787 AF003_1992_EP_SU2011_AD_10 
"<...>"
	"..." Punctuation DOTS lang:es 00:00:07 00:00:14 tt-1788 AF003_1992_EP_SU2011_AD_10 
"<...>"
	"..." Punctuation DOTS lang:es 00:00:07 00:00:14 tt-1790 AF003_1992_EP_SU2011_AD_10 
"<Pues>"
	"UNK" Noun NC Plural lang:es 00:00:07 00:00:14 tt-1791 AF003_1992_EP_SU2011_AD_10 
"<es>"
	"ser" Verb VSfin Pres Indi Sing 3rd lang:es 00:00:07 00:00:14 tt-1792 AF003_1992_EP_SU2011_AD_10 @Gram:SerEstar:Ser 
"<que>"
	"que" Conjunction CQUE lang:es 00:00:07 00:00:14 tt-1793 AF003_1992_EP_SU2011_AD_10 
"<tengo>"
	"tener" Verb VLfin Pres Indi Sing 1st lang:es 00:00:36 00:00:42 tt-1794 AF003_1992_EP_SU2011_AD_10 
"<muchos>"
	"mucho" Determiner QU lang:es 00:00:36 00:00:42 tt-1795 AF003_1992_EP_SU2011_AD_10 
"<,>"
	"," Punctuation CM lang:es 00:00:36 00:00:42 tt-1796 AF003_1992_EP_SU2011_AD_10 
"<o>"
	"o" Adverb ADV lang:es 00:00:36 00:00:42 tt-1797 AF003_1992_EP_SU2011_AD_10 ID:39 R:Prag:MarcadoresDisc:Igualdad:40 
"<sea>"
	"sea" Adverb ADV lang:es 00:00:36 00:00:42 tt-1798 AF003_1992_EP_SU2011_AD_10 ID:40 
"<,>"
	"," Punctuation CM lang:es 00:00:36 00:00:42 tt-1799 AF003_1992_EP_SU2011_AD_10 
"<no>"
	"no" Adverb NEG lang:es 00:00:36 00:00:42 tt-1800 AF003_1992_EP_SU2011_AD_10 
"<sé>"
	"saber|ser" Verb VLfin Pres Indi Sing 1st lang:es 00:00:36 00:00:42 tt-1801 AF003_1992_EP_SU2011_AD_10 
"<...>"
	"..." Punctuation DOTS lang:es 00:00:36 00:00:42 tt-1802 AF003_1992_EP_SU2011_AD_10 
"<no>"
	"no" Adverb NEG lang:es 00:00:36 00:00:42 tt-1803 AF003_1992_EP_SU2011_AD_10 
"<sé>"
	"saber|ser" Verb VLfin Pres Indi Sing 1st lang:es 00:00:36 00:00:42 tt-1804 AF003_1992_EP_SU2011_AD_10 
"<exactamente>"
	"exactamente" Adverb ADV lang:es 00:00:36 00:00:42 tt-1805 AF003_1992_EP_SU2011_AD_10 
"<cuál>"
	"cuál" Pronoun INT Singular lang:es 00:00:36 00:00:42 tt-1806 AF003_1992_EP_SU2011_AD_10 
"<pero>"
	"pero" Conjunction CC lang:es 00:00:36 00:00:42 tt-1807 AF003_1992_EP_SU2011_AD_10 @Prag:MarcadoresDisc:Revision 
"<,>"
	"," Punctuation CM lang:es 00:00:36 00:00:42 tt-1808 AF003_1992_EP_SU2011_AD_10 
"<o>"
	"o" Adverb ADV lang:es 00:00:36 00:00:42 tt-1809 AF003_1992_EP_SU2011_AD_10 ID:51 R:Prag:MarcadoresDisc:Igualdad:52 
"<sea>"
	"sea" Adverb ADV lang:es 00:00:36 00:00:42 tt-1810 AF003_1992_EP_SU2011_AD_10 ID:52 
"<,>"
	"," Punctuation CM lang:es 00:00:36 00:00:42 tt-1811 AF003_1992_EP_SU2011_AD_10 
"<mientras>"
	"mientras" Conjunction CSUBX lang:es 00:00:36 00:00:42 tt-1812 AF003_1992_EP_SU2011_AD_10 
"<con>"
	"con" Preposition PREP lang:es 00:00:36 00:00:42 tt-1813 AF003_1992_EP_SU2011_AD_10 @Gram:Prep 
"<que>"
	"que" Conjunction CQUE lang:es 00:00:36 00:00:42 tt-1814 AF003_1992_EP_SU2011_AD_10 
"<yo>"
	"yo" Pronoun PPX Singular lang:es 00:00:36 00:00:42 tt-1815 AF003_1992_EP_SU2011_AD_10 @Gram:Pron:Sujeto 
"<esté>"
	"estar" Verb VEfin Pres Subj Sing 1st_or_3rd lang:es 00:00:36 00:00:42 tt-1816 AF003_1992_EP_SU2011_AD_10 @Gram:MSub:Pres @Gram:SerEstar:Estar 
"<con>"
	"con" Preposition PREP lang:es 00:00:42 00:00:47 tt-1817 AF003_1992_EP_SU2011_AD_10 @Gram:Prep 
"<mi>"
	"mío" Pronoun PPO Singular lang:es 00:00:42 00:00:47 tt-1818 AF003_1992_EP_SU2011_AD_10 @Gram:Det:Pos 
"<familia>"
	"familia" Noun NC Singular lang:es 00:00:42 00:00:47 tt-1819 AF003_1992_EP_SU2011_AD_10 
"<y>"
	"y" Conjunction CC lang:es 00:00:42 00:00:47 tt-1820 AF003_1992_EP_SU2011_AD_10 
"<me>"
	"yo" Pronoun PPX Singular lang:es 00:00:42 00:00:47 tt-1821 AF003_1992_EP_SU2011_AD_10 @Gram:Pron:Objeto 
"<la>"
	"él" Pronoun PPC Singular lang:es 00:00:42 00:00:47 tt-1822 AF003_1992_EP_SU2011_AD_10 @Gram:Pron:Objeto 
"<pase>"
	"pasar" Verb VLfin Past Subj Sing 1st_or_3rd lang:es 00:00:42 00:00:47 tt-1823 AF003_1992_EP_SU2011_AD_10 @Gram:MSub:Pret 
"<bien>"
	"bien" Adverb ADV lang:es 00:00:42 00:00:47 tt-1824 AF003_1992_EP_SU2011_AD_10 
"<,>"
	"," Punctuation CM lang:es 00:00:42 00:00:47 tt-1825 AF003_1992_EP_SU2011_AD_10 
"<o>"
	"o" Adverb ADV lang:es 00:00:42 00:00:47 tt-1826 AF003_1992_EP_SU2011_AD_10 ID:68 R:Prag:MarcadoresDisc:Igualdad:69 
"<sea>"
	"sea" Adverb ADV lang:es 00:00:42 00:00:47 tt-1827 AF003_1992_EP_SU2011_AD_10 ID:69 
"<,>"
	"," Punctuation CM lang:es 00:00:42 00:00:47 tt-1828 AF003_1992_EP_SU2011_AD_10 
"<yo>"
	"yo" Pronoun PPX Singular lang:es 00:00:42 00:00:47 tt-1829 AF003_1992_EP_SU2011_AD_10 @Gram:Pron:Sujeto 
"<pienso>"
	"pensar" Verb VLfin Pres Indi Sing 1st lang:es 00:00:42 00:00:47 tt-1830 AF003_1992_EP_SU2011_AD_10 
"<que>"
	"que" Conjunction CQUE lang:es 00:00:42 00:00:47 tt-1831 AF003_1992_EP_SU2011_AD_10 
"<esos>"
	"ese" Determiner DM Plural lang:es 00:00:42 00:00:47 tt-1832 AF003_1992_EP_SU2011_AD_10 
"<son>"
	"ser" Verb VSfin Pres Indi Plural 3rd lang:es 00:00:42 00:00:47 tt-1833 AF003_1992_EP_SU2011_AD_10 @Gram:SerEstar:Ser 
"<los>"
	"el" Determiner ART Plural lang:es 00:00:42 00:00:47 tt-1834 AF003_1992_EP_SU2011_AD_10 @Gram:Det:Art 
"<momentos>"
	"momento" Noun NC Plural lang:es 00:00:42 00:00:47 tt-1835 AF003_1992_EP_SU2011_AD_10 
"<más>"
	"más" Adverb ADV lang:es 00:00:42 00:00:47 tt-1836 AF003_1992_EP_SU2011_AD_10 
"<felices>"
	"feliz" Adjective ADJ Plural lang:es 00:00:42 00:00:47 tt-1837 AF003_1992_EP_SU2011_AD_10 
"<de>"
	"de" Preposition PREP lang:es 00:00:47 00:00:53 tt-1838 AF003_1992_EP_SU2011_AD_10 @Gram:Prep 
"<mi>"
	"mío" Pronoun PPO Singular lang:es 00:00:47 00:00:53 tt-1839 AF003_1992_EP_SU2011_AD_10 @Gram:Det:Pos 
"<vida>"
	"vida" Noun NC Singular lang:es 00:00:47 00:00:53 tt-1840 AF003_1992_EP_SU2011_AD_10 
"<y>"
	"y" Conjunction CC lang:es 00:00:47 00:00:53 tt-1841 AF003_1992_EP_SU2011_AD_10 
"<que>"
	"que" Conjunction CQUE lang:es 00:00:47 00:00:53 tt-1842 AF003_1992_EP_SU2011_AD_10 
"<...>"
	"..." Punctuation DOTS lang:es 00:00:47 00:00:53 tt-1843 AF003_1992_EP_SU2011_AD_10 
"<esos>"
	"ese" Determiner DM Plural lang:es 00:00:47 00:00:53 tt-1844 AF003_1992_EP_SU2011_AD_10 
"<son>"
	"ser" Verb VSfin Pres Indi Plural 3rd lang:es 00:00:47 00:00:53 tt-1845 AF003_1992_EP_SU2011_AD_10 @Gram:SerEstar:Ser 
"<los>"
	"el" Determiner ART Plural lang:es 00:00:47 00:00:53 tt-1846 AF003_1992_EP_SU2011_AD_10 @Gram:Det:Art 
"<que>"
	"que" Conjunction CQUE lang:es 00:00:47 00:00:53 tt-1847 AF003_1992_EP_SU2011_AD_10 
"<quedan>"
	"quedar" Verb VLfin Pres Indi Plural 3rd lang:es 00:00:47 00:00:53 tt-1848 AF003_1992_EP_SU2011_AD_10 
"<en>"
	"en" Preposition PREP lang:es 00:00:47 00:00:53 tt-1849 AF003_1992_EP_SU2011_AD_10 @Gram:Prep 
"<la>"
	"el" Determiner ART Singular lang:es 00:00:47 00:00:53 tt-1850 AF003_1992_EP_SU2011_AD_10 @Gram:Det:Art 
"<memoria>"
	"memoria" Noun NC Singular lang:es 00:00:47 00:00:53 tt-1851 AF003_1992_EP_SU2011_AD_10 
"<y>"
	"y" Conjunction CC lang:es 00:00:47 00:00:53 tt-1852 AF003_1992_EP_SU2011_AD_10 
"<en>"
	"en" Preposition PREP lang:es 00:00:47 00:00:53 tt-1853 AF003_1992_EP_SU2011_AD_10 @Gram:Prep 
"<el>"
	"el" Determiner ART Singular lang:es 00:00:47 00:00:53 tt-1854 AF003_1992_EP_SU2011_AD_10 @Gram:Det:Art 
"<corazón>"
	"corazón" Noun NC Singular lang:es 00:00:47 00:00:53 tt-1855 AF003_1992_EP_SU2011_AD_10 
"<,>"
	"," Punctuation CM lang:es 00:00:47 00:00:53 tt-1856 AF003_1992_EP_SU2011_AD_10 
"<los>"
	"el" Determiner ART Plural lang:es 00:00:47 00:00:53 tt-1857 AF003_1992_EP_SU2011_AD_10 @Gram:Det:Art 
"<que>"
	"que" Conjunction CQUE lang:es 00:00:47 00:00:53 tt-1858 AF003_1992_EP_SU2011_AD_10 
"<afectan>"
	"afectar" Verb VLfin Pres Indi Plural 3rd lang:es 00:00:47 00:00:53 tt-1859 AF003_1992_EP_SU2011_AD_10 
"<más>"
	"más" Adverb ADV lang:es 00:00:53 00:00:55 tt-1860 AF003_1992_EP_SU2011_AD_10 
"<y>"
	"y" Conjunction CC lang:es 00:00:53 00:00:55 tt-1861 AF003_1992_EP_SU2011_AD_10 
"<pues>"
	"pues" Conjunction CSUBF lang:es 00:00:53 00:00:55 tt-1862 AF003_1992_EP_SU2011_AD_10 
"<serían>"
	"ser" Verb VSfin Cond Indi Plural 3rd lang:es 00:00:53 00:00:55 tt-1863 AF003_1992_EP_SU2011_AD_10 @Gram:SerEstar:Ser 
"<esos>"
	"ese" Determiner DM Plural lang:es 00:00:53 00:00:55 tt-1864 AF003_1992_EP_SU2011_AD_10 
"<momentos>"
	"momento" Noun NC Plural lang:es 00:00:53 00:00:55 tt-1865 AF003_1992_EP_SU2011_AD_10 
"<$.>"
	"." Punctuation FS lang:es 00:00:53 00:00:55 tt-1866 AF003_1992_EP_SU2011_AD_10 
</speaker>
<speaker type="int">

"<$¿>"
	"¿" Punctuation FS lang:es 00:00:55 00:01:02 tt-1867 AF003_1992_EP_SU2011_AD_10 
"<Quién>"
	"quién" Pronoun INT Singular lang:es 00:00:55 00:01:02 tt-1868 AF003_1992_EP_SU2011_AD_10 
"<ha>"
	"haber" Verb VHfin Pres Indi Sing 3rd lang:es 00:00:55 00:01:02 tt-1869 AF003_1992_EP_SU2011_AD_10 ID:111 R:Gram:Aux:Haber:112 R:Gram:PerfPerif:112 
"<tenido>"
	"tener" Verb VLadj lang:es 00:00:55 00:01:02 tt-1870 AF003_1992_EP_SU2011_AD_10 ID:112 
"<la>"
	"el" Determiner ART Singular lang:es 00:00:55 00:01:02 tt-1871 AF003_1992_EP_SU2011_AD_10 @Gram:Det:Art 
"<mayor>"
	"grande" Adjective ADJ Singular lang:es 00:00:55 00:01:02 tt-1872 AF003_1992_EP_SU2011_AD_10 
"<influencia>"
	"influencia" Noun NC Singular lang:es 00:00:55 00:01:02 tt-1873 AF003_1992_EP_SU2011_AD_10 
"<en>"
	"en" Preposition PREP lang:es 00:00:55 00:01:02 tt-1874 AF003_1992_EP_SU2011_AD_10 @Gram:Prep 
"<tu>"
	"tú" Pronoun PPX Singular lang:es 00:00:55 00:01:02 tt-1875 AF003_1992_EP_SU2011_AD_10 @Gram:Det:Pos 
"<vida>"
	"vida" Noun NC Singular lang:es 00:00:55 00:01:02 tt-1876 AF003_1992_EP_SU2011_AD_10 
"<y>"
	"y" Conjunction CC lang:es 00:00:55 00:01:02 tt-1877 AF003_1992_EP_SU2011_AD_10 
"<que>"
	"que" Conjunction CQUE lang:es 00:00:55 00:01:02 tt-1878 AF003_1992_EP_SU2011_AD_10 
"<has>"
	"haber" Verb VHfin Pres Indi Sing 2nd lang:es 00:00:55 00:01:02 tt-1879 AF003_1992_EP_SU2011_AD_10 ID:121 R:Gram:Aux:Haber:122 R:Gram:PerfPerif:122 
"<aprendido>"
	"aprender" Verb VLadj lang:es 00:00:55 00:01:02 tt-1880 AF003_1992_EP_SU2011_AD_10 ID:122 
"<de>"
	"de" Preposition PREP lang:es 00:00:55 00:01:02 tt-1881 AF003_1992_EP_SU2011_AD_10 @Gram:Prep 
"<ellos>"
	"él" Pronoun PPX Plural lang:es 00:00:55 00:01:02 tt-1882 AF003_1992_EP_SU2011_AD_10 @Gram:Pron:Sujeto 
"<$?>"
	"?" Punctuation FS lang:es 00:00:55 00:01:02 tt-1883 AF003_1992_EP_SU2011_AD_10 
</speaker>
<speaker type="subj">

"<...>"
	"..." Punctuation DOTS lang:es 00:01:02 00:01:09 tt-1885 AF003_1992_EP_SU2011_AD_10 
"<yo>"
	"yo" Pronoun PPX Singular lang:es 00:01:02 00:01:09 tt-1886 AF003_1992_EP_SU2011_AD_10 @Gram:Pron:Sujeto 
"<diría>"
	"decir" Verb VLfin Cond Indi Sing 1st_or_3rd lang:es 00:01:02 00:01:09 tt-1887 AF003_1992_EP_SU2011_AD_10 
"<que>"
	"que" Conjunction CQUE lang:es 00:01:02 00:01:09 tt-1888 AF003_1992_EP_SU2011_AD_10 
"<mi>"
	"mío" Pronoun PPO Singular lang:es 00:01:02 00:01:09 tt-1889 AF003_1992_EP_SU2011_AD_10 @Gram:Det:Pos 
"<mamá>"
	"mamá" Noun NC Singular lang:es 00:01:02 00:01:09 tt-1890 AF003_1992_EP_SU2011_AD_10 
"<porque>"
	"porque" Conjunction CSUBX lang:es 00:01:02 00:01:09 tt-1891 AF003_1992_EP_SU2011_AD_10 @Prag:MarcadoresDisc:Causa 
"<siempre>"
	"siempre" Adverb ADV lang:es 00:01:02 00:01:09 tt-1892 AF003_1992_EP_SU2011_AD_10 
"<me>"
	"yo" Pronoun PPX Singular lang:es 00:01:02 00:01:09 tt-1893 AF003_1992_EP_SU2011_AD_10 @Gram:Pron:Objeto 
"<anda>"
	"anda" Noun NP Singular lang:es 00:01:02 00:01:09 tt-1894 AF003_1992_EP_SU2011_AD_10 
<lang code="en">
"<'>"
	"'" Other POS lang:en 00:00:13 00:01:09 tt-1895 AF003_1992_EP_SU2011_AD_10 
</lang>
"<si>"
	"si" Conjunction CSUBX lang:es 00:01:09 00:01:15 tt-1897 AF003_1992_EP_SU2011_AD_10 
"<no>"
	"no" Adverb NEG lang:es 00:01:09 00:01:15 tt-1898 AF003_1992_EP_SU2011_AD_10 
"<haces>"
	"haz" Noun NC Plural lang:es 00:01:09 00:01:15 tt-1899 AF003_1992_EP_SU2011_AD_10 
"<esto>"
	"este" Determiner DM Singular lang:es 00:01:09 00:01:15 tt-1900 AF003_1992_EP_SU2011_AD_10 
"<...>"
	"..." Punctuation DOTS lang:es 00:01:09 00:01:15 tt-1901 AF003_1992_EP_SU2011_AD_10 
"<pues>"
	"pues" Conjunction CSUBF lang:es 00:01:09 00:01:15 tt-1902 AF003_1992_EP_SU2011_AD_10 
"<esto>"
	"este" Determiner DM Singular lang:es 00:01:09 00:01:15 tt-1903 AF003_1992_EP_SU2011_AD_10 
"<$.>"
	"." Punctuation FS lang:es 00:01:09 00:01:15 tt-1904 AF003_1992_EP_SU2011_AD_10 

"<Y>"
	"Y" Other ALFS lang:es 00:01:09 00:01:15 tt-1905 AF003_1992_EP_SU2011_AD_10 
"<$¡>"
	"¡" Punctuation FS lang:es 00:01:09 00:01:15 tt-1906 AF003_1992_EP_SU2011_AD_10 
"<ya>"
	"ya" Adverb ADV lang:es 00:01:09 00:01:15 tt-1907 AF003_1992_EP_SU2011_AD_10 
"<deja>"
	"dejar" Verb VLfin Pres Indi Sing 3rd lang:es 00:01:09 00:01:15 tt-1908 AF003_1992_EP_SU2011_AD_10 
"<el>"
	"el" Determiner ART Singular lang:es 00:01:09 00:01:15 tt-1909 AF003_1992_EP_SU2011_AD_10 @Gram:Det:Art 
"<teléfono>"
	"teléfono" Noun NC Singular lang:es 00:01:09 00:01:15 tt-1910 AF003_1992_EP_SU2011_AD_10 
"<$!>"
	"!" Punctuation FS lang:es 00:01:09 00:01:15 tt-1911 AF003_1992_EP_SU2011_AD_10 
<lang code="en">

"<'>"
	"'" Other POS lang:en 00:01:08 00:01:15 tt-1912 AF003_1992_EP_SU2011_AD_10 
</lang>
"<motiva>"
	"motivar" Verb VLfin Pres Indi Sing 3rd lang:es 00:01:15 00:01:22 tt-1915 AF003_1992_EP_SU2011_AD_10 
"<,>"
	"," Punctuation CM lang:es 00:01:15 00:01:22 tt-1916 AF003_1992_EP_SU2011_AD_10 
"<o>"
	"o" Adverb ADV lang:es 00:01:15 00:01:22 tt-1917 AF003_1992_EP_SU2011_AD_10 ID:155 R:Prag:MarcadoresDisc:Igualdad:156 
"<sea>"
	"sea" Adverb ADV lang:es 00:01:15 00:01:22 tt-1918 AF003_1992_EP_SU2011_AD_10 ID:156 
"<,>"
	"," Punctuation CM lang:es 00:01:15 00:01:22 tt-1919 AF003_1992_EP_SU2011_AD_10 
"<que>"
	"que" Conjunction CQUE lang:es 00:01:15 00:01:22 tt-1920 AF003_1992_EP_SU2011_AD_10 
"<...>"
	"..." Punctuation DOTS lang:es 00:01:15 00:01:22 tt-1921 AF003_1992_EP_SU2011_AD_10 
"<sé>"
	"saber|ser" Verb VLfin Pres Indi Sing 1st lang:es 00:01:15 00:01:22 tt-1922 AF003_1992_EP_SU2011_AD_10 
"<que>"
	"que" Conjunction CQUE lang:es 00:01:15 00:01:22 tt-1923 AF003_1992_EP_SU2011_AD_10 
"<tengo>"
	"tener" Verb VLfin Pres Indi Sing 1st lang:es 00:01:15 00:01:22 tt-1924 AF003_1992_EP_SU2011_AD_10 
"<gente>"
	"gente" Noun NC Singular lang:es 00:01:15 00:01:22 tt-1925 AF003_1992_EP_SU2011_AD_10 
"<que>"
	"que" Conjunction CQUE lang:es 00:01:15 00:01:22 tt-1926 AF003_1992_EP_SU2011_AD_10 
"<cree>"
	"crear|creer" Verb VLfin Pres Indi Sing 3rd lang:es 00:01:15 00:01:22 tt-1927 AF003_1992_EP_SU2011_AD_10 
"<en>"
	"en" Preposition PREP lang:es 00:01:15 00:01:22 tt-1928 AF003_1992_EP_SU2011_AD_10 @Gram:Prep 
"<mí>"
	"yo" Pronoun PPX Singular lang:es 00:01:15 00:01:22 tt-1929 AF003_1992_EP_SU2011_AD_10 
"<,>"
	"," Punctuation CM lang:es 00:01:15 00:01:22 tt-1930 AF003_1992_EP_SU2011_AD_10 
"<este>"
	"este" Noun NC Singular lang:es 00:01:15 00:01:22 tt-1931 AF003_1992_EP_SU2011_AD_10 
"<...>"
	"..." Punctuation DOTS lang:es 00:01:15 00:01:22 tt-1932 AF003_1992_EP_SU2011_AD_10 
"<y>"
	"y" Conjunction CC lang:es 00:01:15 00:01:22 tt-1933 AF003_1992_EP_SU2011_AD_10 
"<me>"
	"yo" Pronoun PPX Singular lang:es 00:01:15 00:01:22 tt-1934 AF003_1992_EP_SU2011_AD_10 @Gram:Pron:Objeto 
"<está>"
	"estar" Verb VEfin Pres Indi Sing 3rd lang:es 00:01:15 00:01:22 tt-1935 AF003_1992_EP_SU2011_AD_10 @Gram:SerEstar:Estar ID:173 R:Gram:SerEstar:EstarAux:174 
"<motivando>"
	"motivar" Verb VLger lang:es 00:01:15 00:01:22 tt-1936 AF003_1992_EP_SU2011_AD_10 ID:174 
"<y>"
	"y" Conjunction CC lang:es 00:01:24 00:01:31 tt-1937 AF003_1992_EP_SU2011_AD_10 
"<pues>"
	"pues" Conjunction CSUBF lang:es 00:01:24 00:01:31 tt-1938 AF003_1992_EP_SU2011_AD_10 
"<yo>"
	"yo" Pronoun PPX Singular lang:es 00:01:24 00:01:31 tt-1939 AF003_1992_EP_SU2011_AD_10 @Gram:Pron:Sujeto 
"<voy>"
	"ir" Verb VLfin Pres Indi Sing 1st lang:es 00:01:24 00:01:31 tt-1940 AF003_1992_EP_SU2011_AD_10 
"<a>"
	"a" Preposition PREP lang:es 00:01:24 00:01:31 tt-1941 AF003_1992_EP_SU2011_AD_10 @Gram:Prep 
"<hacer>"
	"hacer" Verb VLinf Infinitive lang:es 00:01:24 00:01:31 tt-1942 AF003_1992_EP_SU2011_AD_10 
"<esto>"
	"este" Determiner DM Singular lang:es 00:01:24 00:01:31 tt-1943 AF003_1992_EP_SU2011_AD_10 
"<por>"
	"por" Preposition PREP lang:es 00:01:24 00:01:31 tt-1944 AF003_1992_EP_SU2011_AD_10 @Gram:Prep:Por 
"<mis>"
	"mío" Pronoun PPO Plural lang:es 00:01:24 00:01:31 tt-1945 AF003_1992_EP_SU2011_AD_10 @Gram:Det:Pos 
"<papás>"
	"papá" Noun NC Plural lang:es 00:01:24 00:01:31 tt-1946 AF003_1992_EP_SU2011_AD_10 
"<porque>"
	"porque" Conjunction CSUBX lang:es 00:01:24 00:01:31 tt-1947 AF003_1992_EP_SU2011_AD_10 @Prag:MarcadoresDisc:Causa 
"<ellos>"
	"él" Pronoun PPX Plural lang:es 00:01:24 00:01:31 tt-1948 AF003_1992_EP_SU2011_AD_10 @Gram:Pron:Sujeto 
"<creen>"
	"crear" Verb VLfin Past Subj Plural 3rd lang:es 00:01:24 00:01:31 tt-1949 AF003_1992_EP_SU2011_AD_10 @Gram:MSub:Pret 
"<en>"
	"en" Preposition PREP lang:es 00:01:24 00:01:31 tt-1950 AF003_1992_EP_SU2011_AD_10 @Gram:Prep 
"<mí>"
	"yo" Pronoun PPX Singular lang:es 00:01:24 00:01:31 tt-1951 AF003_1992_EP_SU2011_AD_10 
"<,>"
	"," Punctuation CM lang:es 00:01:24 00:01:31 tt-1952 AF003_1992_EP_SU2011_AD_10 
"<este>"
	"este" Noun NC Singular lang:es 00:01:24 00:01:31 tt-1953 AF003_1992_EP_SU2011_AD_10 
"<...>"
	"..." Punctuation DOTS lang:es 00:01:24 00:01:31 tt-1954 AF003_1992_EP_SU2011_AD_10 
"<y>"
	"y" Conjunction CC lang:es 00:01:24 00:01:31 tt-1955 AF003_1992_EP_SU2011_AD_10 
"<yo>"
	"yo" Pronoun PPX Singular lang:es 00:01:24 00:01:31 tt-1956 AF003_1992_EP_SU2011_AD_10 @Gram:Pron:Sujeto 
"<digo>"
	"decir" Verb VLfin Pres Indi Sing 1st lang:es 00:01:24 00:01:31 tt-1957 AF003_1992_EP_SU2011_AD_10 
"<que>"
	"que" Conjunction CQUE lang:es 00:01:31 00:01:35 tt-1958 AF003_1992_EP_SU2011_AD_10 
"<ellos>"
	"él" Pronoun PPX Plural lang:es 00:01:31 00:01:35 tt-1959 AF003_1992_EP_SU2011_AD_10 @Gram:Pron:Sujeto 
"<son>"
	"ser" Verb VSfin Pres Indi Plural 3rd lang:es 00:01:31 00:01:35 tt-1960 AF003_1992_EP_SU2011_AD_10 @Gram:SerEstar:Ser 
"<la>"
	"el" Determiner ART Singular lang:es 00:01:31 00:01:35 tt-1961 AF003_1992_EP_SU2011_AD_10 @Gram:Det:Art 
"<mayor>"
	"grande" Adjective ADJ Singular lang:es 00:01:31 00:01:35 tt-1962 AF003_1992_EP_SU2011_AD_10 
"<influencia>"
	"influencia" Noun NC Singular lang:es 00:01:31 00:01:35 tt-1963 AF003_1992_EP_SU2011_AD_10 
"<en>"
	"en" Preposition PREP lang:es 00:01:31 00:01:35 tt-1964 AF003_1992_EP_SU2011_AD_10 @Gram:Prep 
"<mi>"
	"mío" Pronoun PPO Singular lang:es 00:01:31 00:01:35 tt-1965 AF003_1992_EP_SU2011_AD_10 @Gram:Det:Pos 
"<vida>"
	"vida" Noun NC Singular lang:es 00:01:31 00:01:35 tt-1966 AF003_1992_EP_SU2011_AD_10 
"<$.>"
	"." Punctuation FS lang:es 00:01:31 00:01:35 tt-1967 AF003_1992_EP_SU2011_AD_10 
</speaker>
<speaker type="int">

"<$¿>"
	"¿" Punctuation FS lang:es 00:01:35 00:01:39 tt-1968 AF003_1992_EP_SU2011_AD_10 
"<De>"
	"de" Preposition PREP lang:es 00:01:35 00:01:39 tt-1969 AF003_1992_EP_SU2011_AD_10 @Gram:Prep 
"<qué>"
	"qué" Pronoun INT Singular lang:es 00:01:35 00:01:39 tt-1970 AF003_1992_EP_SU2011_AD_10 
"<sientes>"
	"sentar|sentir" Verb VLfin Pres Indi Sing 2nd lang:es 00:01:35 00:01:39 tt-1971 AF003_1992_EP_SU2011_AD_10 
"<más>"
	"más" Adverb ADV lang:es 00:01:35 00:01:39 tt-1972 AF003_1992_EP_SU2011_AD_10 
"<orgullo>"
	"orgullo" Noun NC Singular lang:es 00:01:35 00:01:39 tt-1973 AF003_1992_EP_SU2011_AD_10 
"<en>"
	"en" Preposition PREP lang:es 00:01:35 00:01:39 tt-1974 AF003_1992_EP_SU2011_AD_10 @Gram:Prep 
"<tu>"
	"tú" Pronoun PPX Singular lang:es 00:01:35 00:01:39 tt-1975 AF003_1992_EP_SU2011_AD_10 @Gram:Det:Pos 
"<vida>"
	"vida" Noun NC Singular lang:es 00:01:35 00:01:39 tt-1976 AF003_1992_EP_SU2011_AD_10 
"<$?>"
	"?" Punctuation FS lang:es 00:01:35 00:01:39 tt-1977 AF003_1992_EP_SU2011_AD_10 
</speaker>
<speaker type="subj">

"<$¿>"
	"¿" Punctuation FS lang:es 00:01:39 00:01:46 tt-1978 AF003_1992_EP_SU2011_AD_10 
"<Más>"
	"más" Adverb ADV lang:es 00:01:39 00:01:46 tt-1979 AF003_1992_EP_SU2011_AD_10 
"<orgullo>"
	"orgullo" Noun NC Singular lang:es 00:01:39 00:01:46 tt-1980 AF003_1992_EP_SU2011_AD_10 
"<en>"
	"en" Preposition PREP lang:es 00:01:39 00:01:46 tt-1981 AF003_1992_EP_SU2011_AD_10 @Gram:Prep 
"<mi>"
	"mío" Pronoun PPO Singular lang:es 00:01:39 00:01:46 tt-1982 AF003_1992_EP_SU2011_AD_10 @Gram:Det:Pos 
"<vida>"
	"vida" Noun NC Singular lang:es 00:01:39 00:01:46 tt-1983 AF003_1992_EP_SU2011_AD_10 
"<$?>"
	"?" Punctuation FS lang:es 00:01:39 00:01:46 tt-1984 AF003_1992_EP_SU2011_AD_10 

"<Pues>"
	"pues" Conjunction CSUBF lang:es 00:01:39 00:01:46 tt-1985 AF003_1992_EP_SU2011_AD_10 
"<que>"
	"que" Conjunction CQUE lang:es 00:01:39 00:01:46 tt-1986 AF003_1992_EP_SU2011_AD_10 
"<tengo>"
	"tener" Verb VLfin Pres Indi Sing 1st lang:es 00:01:39 00:01:46 tt-1987 AF003_1992_EP_SU2011_AD_10 
"<una>"
	"un" Determiner ART Singular lang:es 00:01:39 00:01:46 tt-1988 AF003_1992_EP_SU2011_AD_10 
"<familia>"
	"familia" Noun NC Singular lang:es 00:01:39 00:01:46 tt-1989 AF003_1992_EP_SU2011_AD_10 
"<este>"
	"este" Noun NC Singular lang:es 00:01:39 00:01:46 tt-1990 AF003_1992_EP_SU2011_AD_10 
"<...>"
	"..." Punctuation DOTS lang:es 00:01:39 00:01:46 tt-1991 AF003_1992_EP_SU2011_AD_10 
"<que>"
	"que" Conjunction CQUE lang:es 00:01:39 00:01:46 tt-1992 AF003_1992_EP_SU2011_AD_10 
"<es>"
	"ser" Verb VSfin Pres Indi Sing 3rd lang:es 00:01:39 00:01:46 tt-1993 AF003_1992_EP_SU2011_AD_10 @Gram:SerEstar:Ser 
"<muy>"
	"muy" Adverb ADV lang:es 00:01:39 00:01:46 tt-1994 AF003_1992_EP_SU2011_AD_10 
"<unida>"
	"unir" Verb VLadj lang:es 00:01:39 00:01:46 tt-1995 AF003_1992_EP_SU2011_AD_10 
"<,>"
	"," Punctuation CM lang:es 00:01:39 00:01:46 tt-1996 AF003_1992_EP_SU2011_AD_10 
"<este>"
	"este" Noun NC Singular lang:es 00:01:39 00:01:46 tt-1997 AF003_1992_EP_SU2011_AD_10 
"<...>"
	"..." Punctuation DOTS lang:es 00:01:39 00:01:46 tt-1998 AF003_1992_EP_SU2011_AD_10 
"<pues>"
	"pues" Conjunction CSUBF lang:es 00:01:49 00:01:56 tt-1999 AF003_1992_EP_SU2011_AD_10 
"<sí>"
	"sí" Adverb ADV lang:es 00:01:49 00:01:56 tt-2000 AF003_1992_EP_SU2011_AD_10 
"<,>"
	"," Punctuation CM lang:es 00:01:49 00:01:56 tt-2001 AF003_1992_EP_SU2011_AD_10 
"<que>"
	"que" Conjunction CQUE lang:es 00:01:49 00:01:56 tt-2002 AF003_1992_EP_SU2011_AD_10 
"<mucho>"
	"mucho" Adverb ADV lang:es 00:01:49 00:01:56 tt-2003 AF003_1992_EP_SU2011_AD_10 
"<cariño>"
	"cariñar" Verb VLfin Pres Indi Sing 1st lang:es 00:01:49 00:01:56 tt-2004 AF003_1992_EP_SU2011_AD_10 
"<en>"
	"en" Preposition PREP lang:es 00:01:49 00:01:56 tt-2005 AF003_1992_EP_SU2011_AD_10 @Gram:Prep 
"<la>"
	"el" Determiner ART Singular lang:es 00:01:49 00:01:56 tt-2006 AF003_1992_EP_SU2011_AD_10 @Gram:Det:Art 
"<familia>"
	"familia" Noun NC Singular lang:es 00:01:49 00:01:56 tt-2007 AF003_1992_EP_SU2011_AD_10 
"<,>"
	"," Punctuation CM lang:es 00:01:49 00:01:56 tt-2008 AF003_1992_EP_SU2011_AD_10 
"<...>"
	"..." Punctuation DOTS lang:es 00:01:49 00:01:56 tt-2010 AF003_1992_EP_SU2011_AD_10 
"<y>"
	"y" Conjunction CC lang:es 00:01:49 00:01:56 tt-2011 AF003_1992_EP_SU2011_AD_10 
"<yo>"
	"yo" Pronoun PPX Singular lang:es 00:01:49 00:01:56 tt-2012 AF003_1992_EP_SU2011_AD_10 @Gram:Pron:Sujeto 
"<,>"
	"," Punctuation CM lang:es 00:01:49 00:01:56 tt-2013 AF003_1992_EP_SU2011_AD_10 
"<o>"
	"o" Adverb ADV lang:es 00:01:49 00:01:56 tt-2014 AF003_1992_EP_SU2011_AD_10 ID:251 R:Prag:MarcadoresDisc:Igualdad:252 
"<sea>"
	"sea" Adverb ADV lang:es 00:01:49 00:01:56 tt-2015 AF003_1992_EP_SU2011_AD_10 ID:252 
"<,>"
	"," Punctuation CM lang:es 00:01:49 00:01:56 tt-2016 AF003_1992_EP_SU2011_AD_10 
"<me>"
	"yo" Pronoun PPX Singular lang:es 00:01:49 00:01:56 tt-2017 AF003_1992_EP_SU2011_AD_10 @Gram:Pron:Objeto 
"<siento>"
	"sentar|sentir" Verb VLfin Pres Indi Sing 1st lang:es 00:01:49 00:01:56 tt-2018 AF003_1992_EP_SU2011_AD_10 
"<feliz>"
	"feliz" Adjective ADJ Singular lang:es 00:01:49 00:01:56 tt-2019 AF003_1992_EP_SU2011_AD_10 
"<de>"
	"de" Conjunction CSUBI lang:es 00:01:49 00:01:56 tt-2020 AF003_1992_EP_SU2011_AD_10 
"<decir>"
	"decir" Verb VLinf Infinitive lang:es 00:01:49 00:01:56 tt-2021 AF003_1992_EP_SU2011_AD_10 
"<que>"
	"que" Conjunction CQUE lang:es 00:01:59 00:02:04 tt-2022 AF003_1992_EP_SU2011_AD_10 
"<,>"
	"," Punctuation CM lang:es 00:01:59 00:02:04 tt-2024 AF003_1992_EP_SU2011_AD_10 
"<pues>"
	"pues" Conjunction CSUBF lang:es 00:01:59 00:02:04 tt-2025 AF003_1992_EP_SU2011_AD_10 
"<tengo>"
	"tener" Verb VLfin Pres Indi Sing 1st lang:es 00:01:59 00:02:04 tt-2026 AF003_1992_EP_SU2011_AD_10 
"<a>"
	"a" Preposition PREP lang:es 00:01:59 00:02:04 tt-2027 AF003_1992_EP_SU2011_AD_10 @Gram:Prep 
"<mi>"
	"mío" Pronoun PPO Singular lang:es 00:01:59 00:02:04 tt-2028 AF003_1992_EP_SU2011_AD_10 @Gram:Det:Pos 
"<familia>"
	"familia" Noun NC Singular lang:es 00:01:59 00:02:04 tt-2029 AF003_1992_EP_SU2011_AD_10 
"<conmigo>"
	"UNK" Verb VLfin Pres Indi Sing 1st lang:es 00:01:59 00:02:04 tt-2030 AF003_1992_EP_SU2011_AD_10 
"<apoyándome>"
	"UNK" Verb VLadj lang:es 00:01:59 00:02:04 tt-2031 AF003_1992_EP_SU2011_AD_10 
"<porque>"
	"porque" Conjunction CSUBX lang:es 00:01:59 00:02:04 tt-2032 AF003_1992_EP_SU2011_AD_10 @Prag:MarcadoresDisc:Causa 
"<hay>"
	"haber" Verb VHfin Pres Indi Sing 3rd lang:es 00:01:59 00:02:04 tt-2033 AF003_1992_EP_SU2011_AD_10 @Gram:Haber:Exist 
"<muchos>"
	"mucho" Determiner QU lang:es 00:01:59 00:02:04 tt-2034 AF003_1992_EP_SU2011_AD_10 
"<...>"
	"..." Punctuation DOTS lang:es 00:01:59 00:02:04 tt-2035 AF003_1992_EP_SU2011_AD_10 
"<muchos>"
	"mucho" Determiner QU lang:es 00:01:59 00:02:04 tt-2036 AF003_1992_EP_SU2011_AD_10 
"<estudiantes>"
	"estudiante" Noun NC Plural lang:es 00:01:59 00:02:04 tt-2037 AF003_1992_EP_SU2011_AD_10 
"<que>"
	"que" Conjunction CQUE lang:es 00:01:59 00:02:04 tt-2038 AF003_1992_EP_SU2011_AD_10 
"<me>"
	"yo" Pronoun PPX Singular lang:es 00:02:04 00:02:08 tt-2039 AF003_1992_EP_SU2011_AD_10 @Gram:Pron:Objeto 
"<he>"
	"haber" Verb VHfin Pres Indi Sing 1st lang:es 00:02:04 00:02:08 tt-2040 AF003_1992_EP_SU2011_AD_10 ID:276 R:Gram:Aux:Haber:277 R:Gram:PerfPerif:277 
"<fijado>"
	"fijar" Verb VLadj lang:es 00:02:04 00:02:08 tt-2041 AF003_1992_EP_SU2011_AD_10 ID:277 
"<que>"
	"que" Conjunction CQUE lang:es 00:02:04 00:02:08 tt-2042 AF003_1992_EP_SU2011_AD_10 
"<...>"
	"..." Punctuation DOTS lang:es 00:02:04 00:02:08 tt-2043 AF003_1992_EP_SU2011_AD_10 
"<que>"
	"que" Conjunction CQUE lang:es 00:02:04 00:02:08 tt-2044 AF003_1992_EP_SU2011_AD_10 
"<los>"
	"el" Determiner ART Plural lang:es 00:02:04 00:02:08 tt-2045 AF003_1992_EP_SU2011_AD_10 @Gram:Det:Art 
"<papás>"
	"papá" Noun NC Plural lang:es 00:02:04 00:02:08 tt-2046 AF003_1992_EP_SU2011_AD_10 
"<por>"
	"por" Preposition PREP lang:es 00:02:04 00:02:08 tt-2047 AF003_1992_EP_SU2011_AD_10 @Gram:Prep:Por ID:283 R:Prag:MarcadoresDisc:Igualdad:284 
"<ejemplo>"
	"ejemplo" Adverb ADV lang:es 00:02:04 00:02:08 tt-2048 AF003_1992_EP_SU2011_AD_10 ID:284 
"<,>"
	"," Punctuation CM lang:es 00:02:04 00:02:08 tt-2049 AF003_1992_EP_SU2011_AD_10 
"<están>"
	"estar" Verb VEfin Pres Indi Plural 3rd lang:es 00:02:04 00:02:08 tt-2050 AF003_1992_EP_SU2011_AD_10 @Gram:SerEstar:Estar 
"<divorciados>"
	"divorciar" Verb VLadj lang:es 00:02:04 00:02:08 tt-2051 AF003_1992_EP_SU2011_AD_10 
"<o>"
	"o" Conjunction CC lang:es 00:02:04 00:02:08 tt-2052 AF003_1992_EP_SU2011_AD_10 
"<que>"
	"que" Conjunction CQUE lang:es 00:02:04 00:02:08 tt-2053 AF003_1992_EP_SU2011_AD_10 
"<nunca>"
	"nunca" Adverb ADV lang:es 00:02:04 00:02:08 tt-2054 AF003_1992_EP_SU2011_AD_10 
"<están>"
	"estar" Verb VEfin Pres Indi Plural 3rd lang:es 00:02:04 00:02:08 tt-2055 AF003_1992_EP_SU2011_AD_10 @Gram:SerEstar:Estar 
"<con>"
	"con" Preposition PREP lang:es 00:02:04 00:02:08 tt-2056 AF003_1992_EP_SU2011_AD_10 @Gram:Prep 
"<ellos>"
	"él" Pronoun PPX Plural lang:es 00:02:08 00:02:13 tt-2057 AF003_1992_EP_SU2011_AD_10 @Gram:Pron:Sujeto 
"<para>"
	"para" Conjunction CSUBI lang:es 00:02:08 00:02:13 tt-2058 AF003_1992_EP_SU2011_AD_10 
"<apoyarlos>"
	"apoyar" Verb VLinf Infinitive lang:es 00:02:08 00:02:13 tt-2059 AF003_1992_EP_SU2011_AD_10 
"<$¿>"
	"¿" Punctuation FS lang:es 00:02:08 00:02:13 tt-2060 AF003_1992_EP_SU2011_AD_10 
"<verdad>"
	"verdad" Noun NC Singular lang:es 00:02:08 00:02:13 tt-2061 AF003_1992_EP_SU2011_AD_10 
"<$?>"
	"?" Punctuation FS lang:es 00:02:08 00:02:13 tt-2062 AF003_1992_EP_SU2011_AD_10 

"<y>"
	"y" Conjunction CC lang:es 00:02:08 00:02:13 tt-2063 AF003_1992_EP_SU2011_AD_10 
"<yo>"
	"yo" Pronoun PPX Singular lang:es 00:02:08 00:02:13 tt-2064 AF003_1992_EP_SU2011_AD_10 @Gram:Pron:Sujeto 
"<sé>"
	"saber|ser" Verb VLfin Pres Indi Sing 1st lang:es 00:02:08 00:02:13 tt-2065 AF003_1992_EP_SU2011_AD_10 
"<que>"
	"que" Conjunction CQUE lang:es 00:02:08 00:02:13 tt-2066 AF003_1992_EP_SU2011_AD_10 
"<tengo>"
	"tener" Verb VLfin Pres Indi Sing 1st lang:es 00:02:08 00:02:13 tt-2067 AF003_1992_EP_SU2011_AD_10 
"<el>"
	"el" Determiner ART Singular lang:es 00:02:08 00:02:13 tt-2068 AF003_1992_EP_SU2011_AD_10 @Gram:Det:Art 
"<apoyo>"
	"apoyo" Noun NC Singular lang:es 00:02:08 00:02:13 tt-2069 AF003_1992_EP_SU2011_AD_10 
"<de>"
	"de" Preposition PREP lang:es 00:02:08 00:02:13 tt-2070 AF003_1992_EP_SU2011_AD_10 @Gram:Prep 
"<ellos>"
	"él" Pronoun PPX Plural lang:es 00:02:08 00:02:13 tt-2071 AF003_1992_EP_SU2011_AD_10 @Gram:Pron:Sujeto 
"<y>"
	"y" Conjunction CC lang:es 00:02:08 00:02:13 tt-2072 AF003_1992_EP_SU2011_AD_10 
"<que>"
	"que" Conjunction CQUE lang:es 00:02:08 00:02:13 tt-2073 AF003_1992_EP_SU2011_AD_10 
"<siempre>"
	"siempre" Adverb ADV lang:es 00:02:08 00:02:13 tt-2074 AF003_1992_EP_SU2011_AD_10 
"<están>"
	"estar" Verb VEfin Pres Indi Plural 3rd lang:es 00:02:08 00:02:13 tt-2075 AF003_1992_EP_SU2011_AD_10 @Gram:SerEstar:Estar 
"<conmigo>"
	"UNK" Verb VLfin Pres Indi Sing 1st lang:es 00:02:13 00:02:17 tt-2076 AF003_1992_EP_SU2011_AD_10 
"<y>"
	"y" Conjunction CC lang:es 00:02:13 00:02:17 tt-2077 AF003_1992_EP_SU2011_AD_10 
"<eso>"
	"ese" Determiner DM Singular lang:es 00:02:13 00:02:17 tt-2078 AF003_1992_EP_SU2011_AD_10 
"<es>"
	"ser" Verb VSfin Pres Indi Sing 3rd lang:es 00:02:13 00:02:17 tt-2079 AF003_1992_EP_SU2011_AD_10 @Gram:SerEstar:Ser 
"<,>"
	"," Punctuation CM lang:es 00:02:13 00:02:17 tt-2080 AF003_1992_EP_SU2011_AD_10 
"<de>"
	"de" Preposition PREP lang:es 00:02:13 00:02:17 tt-2081 AF003_1992_EP_SU2011_AD_10 @Gram:Prep 
"<lo>"
	"el" Determiner ART Singular lang:es 00:02:13 00:02:17 tt-2082 AF003_1992_EP_SU2011_AD_10 
"<que>"
	"que" Conjunction CQUE lang:es 00:02:13 00:02:17 tt-2083 AF003_1992_EP_SU2011_AD_10 
"<estoy>"
	"estar" Verb VEfin Pres Indi Sing 1st lang:es 00:02:13 00:02:17 tt-2084 AF003_1992_EP_SU2011_AD_10 @Gram:SerEstar:Estar 
"<orgullosa>"
	"orgulloso" Adjective ADJ Singular lang:es 00:02:13 00:02:17 tt-2085 AF003_1992_EP_SU2011_AD_10 
"<$.>"
	"." Punctuation FS lang:es 00:02:13 00:02:17 tt-2086 AF003_1992_EP_SU2011_AD_10 
</speaker>
<speaker type="int">

"<$¿>"
	"¿" Punctuation FS lang:es 00:02:17 00:02:24 tt-2087 AF003_1992_EP_SU2011_AD_10 
"<En>"
	"en" Preposition PREP lang:es 00:02:17 00:02:24 tt-2088 AF003_1992_EP_SU2011_AD_10 @Gram:Prep 
"<qué>"
	"qué" Pronoun INT Singular lang:es 00:02:17 00:02:24 tt-2089 AF003_1992_EP_SU2011_AD_10 
"<ha>"
	"haber" Verb VHfin Pres Indi Sing 3rd lang:es 00:02:17 00:02:24 tt-2090 AF003_1992_EP_SU2011_AD_10 ID:326 R:Gram:Aux:Haber:327 R:Gram:PerfPerif:327 
"<resultado>"
	"resultar" Verb VLadj lang:es 00:02:17 00:02:24 tt-2091 AF003_1992_EP_SU2011_AD_10 ID:327 
"<diferente>"
	"diferente" Adjective ADJ Singular lang:es 00:02:17 00:02:24 tt-2092 AF003_1992_EP_SU2011_AD_10 
"<tu>"
	"tú" Pronoun PPX Singular lang:es 00:02:17 00:02:24 tt-2093 AF003_1992_EP_SU2011_AD_10 @Gram:Det:Pos 
"<vida>"
	"vida" Noun NC Singular lang:es 00:02:17 00:02:24 tt-2094 AF003_1992_EP_SU2011_AD_10 
"<de>"
	"de" Preposition PREP lang:es 00:02:17 00:02:24 tt-2095 AF003_1992_EP_SU2011_AD_10 @Gram:Prep 
"<lo>"
	"el" Determiner ART Singular lang:es 00:02:17 00:02:24 tt-2096 AF003_1992_EP_SU2011_AD_10 
"<que>"
	"que" Conjunction CQUE lang:es 00:02:17 00:02:24 tt-2097 AF003_1992_EP_SU2011_AD_10 
"<habías>"
	"haber" Verb VHfin Imp Indi Sing 2nd lang:es 00:02:17 00:02:24 tt-2098 AF003_1992_EP_SU2011_AD_10 
"<imaginado>"
	"imaginar" Verb VLadj lang:es 00:02:17 00:02:24 tt-2099 AF003_1992_EP_SU2011_AD_10 
"<$?>"
	"?" Punctuation FS lang:es 00:02:17 00:02:24 tt-2100 AF003_1992_EP_SU2011_AD_10 
</speaker>
<speaker type="subj">

"<...>"
	"..." Punctuation DOTS lang:es 00:02:26 00:02:33 tt-2102 AF003_1992_EP_SU2011_AD_10 
"<de>"
	"de" Preposition PREP lang:es 00:02:26 00:02:33 tt-2103 AF003_1992_EP_SU2011_AD_10 @Gram:Prep 
"<lo>"
	"el" Determiner ART Singular lang:es 00:02:26 00:02:33 tt-2104 AF003_1992_EP_SU2011_AD_10 
"<que>"
	"que" Conjunction CQUE lang:es 00:02:26 00:02:33 tt-2105 AF003_1992_EP_SU2011_AD_10 
"<he>"
	"haber" Verb VHfin Pres Indi Sing 1st lang:es 00:02:26 00:02:33 tt-2106 AF003_1992_EP_SU2011_AD_10 ID:341 R:Gram:Aux:Haber:342 R:Gram:PerfPerif:342 
"<imaginado>"
	"imaginar" Verb VLadj lang:es 00:02:26 00:02:33 tt-2107 AF003_1992_EP_SU2011_AD_10 ID:342 
"<...>"
	"..." Punctuation DOTS lang:es 00:02:26 00:02:33 tt-2108 AF003_1992_EP_SU2011_AD_10 
"<pues>"
	"pues" Conjunction CSUBF lang:es 00:02:26 00:02:33 tt-2109 AF003_1992_EP_SU2011_AD_10 
"<,>"
	"," Punctuation CM lang:es 00:02:26 00:02:33 tt-2110 AF003_1992_EP_SU2011_AD_10 
"<o>"
	"o" Adverb ADV lang:es 00:02:26 00:02:33 tt-2111 AF003_1992_EP_SU2011_AD_10 ID:346 R:Prag:MarcadoresDisc:Igualdad:347 
"<sea>"
	"sea" Adverb ADV lang:es 00:02:26 00:02:33 tt-2112 AF003_1992_EP_SU2011_AD_10 ID:347 
"<,>"
	"," Punctuation CM lang:es 00:02:26 00:02:33 tt-2113 AF003_1992_EP_SU2011_AD_10 
"<yo>"
	"yo" Pronoun PPX Singular lang:es 00:02:26 00:02:33 tt-2114 AF003_1992_EP_SU2011_AD_10 @Gram:Pron:Sujeto 
"<pienso>"
	"pensar" Verb VLfin Pres Indi Sing 1st lang:es 00:02:26 00:02:33 tt-2115 AF003_1992_EP_SU2011_AD_10 
"<que>"
	"que" Conjunction CQUE lang:es 00:02:26 00:02:33 tt-2116 AF003_1992_EP_SU2011_AD_10 
"<yo>"
	"yo" Pronoun PPX Singular lang:es 00:02:26 00:02:33 tt-2117 AF003_1992_EP_SU2011_AD_10 @Gram:Pron:Sujeto 
"<...>"
	"..." Punctuation DOTS lang:es 00:02:26 00:02:33 tt-2118 AF003_1992_EP_SU2011_AD_10 
"<...>"
	"..." Punctuation DOTS lang:es 00:02:26 00:02:33 tt-2120 AF003_1992_EP_SU2011_AD_10 
"<$¿>"
	"¿" Punctuation FS lang:es 00:02:26 00:02:33 tt-2121 AF003_1992_EP_SU2011_AD_10 
"<cómo>"
	"cómo" Adverb ADV lang:es 00:02:26 00:02:33 tt-2122 AF003_1992_EP_SU2011_AD_10 
"<puedo>"
	"poder" Verb VLfin Pres Indi Sing 1st lang:es 00:02:26 00:02:33 tt-2123 AF003_1992_EP_SU2011_AD_10 
"<decirlo>"
	"decir" Verb VLinf Pres Indi Sing 1st lang:es 00:02:42 00:02:49 tt-2124 AF003_1992_EP_SU2011_AD_10 
"<$?>"
	"?" Punctuation FS lang:es 00:02:42 00:02:49 tt-2125 AF003_1992_EP_SU2011_AD_10 

"<...>"
	"..." Punctuation DOTS lang:es 00:02:42 00:02:49 tt-2127 AF003_1992_EP_SU2011_AD_10 
"<o>"
	"o" Adverb ADV lang:es 00:02:42 00:02:49 tt-2128 AF003_1992_EP_SU2011_AD_10 ID:361 R:Prag:MarcadoresDisc:Igualdad:362 
"<sea>"
	"sea" Adverb ADV lang:es 00:02:42 00:02:49 tt-2129 AF003_1992_EP_SU2011_AD_10 ID:362 
"<,>"
	"," Punctuation CM lang:es 00:02:42 00:02:49 tt-2130 AF003_1992_EP_SU2011_AD_10 
"<yo>"
	"yo" Pronoun PPX Singular lang:es 00:02:42 00:02:49 tt-2131 AF003_1992_EP_SU2011_AD_10 @Gram:Pron:Sujeto 
"<...>"
	"..." Punctuation DOTS lang:es 00:02:42 00:02:49 tt-2132 AF003_1992_EP_SU2011_AD_10 
"<yo>"
	"yo" Pronoun PPX Singular lang:es 00:02:42 00:02:49 tt-2133 AF003_1992_EP_SU2011_AD_10 @Gram:Pron:Sujeto 
"<sabía>"
	"saber" Verb VLfin Imp Indi Sing 1st_or_3rd lang:es 00:02:42 00:02:49 tt-2134 AF003_1992_EP_SU2011_AD_10 @Gram:Imperf 
"<que>"
	"que" Conjunction CQUE lang:es 00:02:42 00:02:49 tt-2135 AF003_1992_EP_SU2011_AD_10 
"<pues>"
	"pues" Conjunction CSUBF lang:es 00:02:42 00:02:49 tt-2136 AF003_1992_EP_SU2011_AD_10 
"<iba>"
	"ir" Verb VLfin Imp Indi Sing 1st_or_3rd lang:es 00:02:42 00:02:49 tt-2137 AF003_1992_EP_SU2011_AD_10 @Gram:Imperf 
"<a>"
	"a" Preposition PREP lang:es 00:02:42 00:02:49 tt-2138 AF003_1992_EP_SU2011_AD_10 @Gram:Prep 
"<tener>"
	"tener" Verb VLinf Infinitive lang:es 00:02:42 00:02:49 tt-2139 AF003_1992_EP_SU2011_AD_10 
"<,>"
	"," Punctuation CM lang:es 00:02:42 00:02:49 tt-2140 AF003_1992_EP_SU2011_AD_10 
"<o>"
	"o" Adverb ADV lang:es 00:02:42 00:02:49 tt-2141 AF003_1992_EP_SU2011_AD_10 ID:374 R:Prag:MarcadoresDisc:Igualdad:375 
"<sea>"
	"sea" Adverb ADV lang:es 00:02:42 00:02:49 tt-2142 AF003_1992_EP_SU2011_AD_10 ID:375 
"<,>"
	"," Punctuation CM lang:es 00:02:42 00:02:49 tt-2143 AF003_1992_EP_SU2011_AD_10 
"<una>"
	"un" Determiner ART Singular lang:es 00:02:42 00:02:49 tt-2144 AF003_1992_EP_SU2011_AD_10 
"<vida>"
	"vida" Noun NC Singular lang:es 00:02:42 00:02:49 tt-2145 AF003_1992_EP_SU2011_AD_10 
"<buena>"
	"bueno" Adjective ADJ Singular lang:es 00:02:42 00:02:49 tt-2146 AF003_1992_EP_SU2011_AD_10 
"<pero>"
	"pero" Conjunction CCAD lang:es 00:02:42 00:02:49 tt-2147 AF003_1992_EP_SU2011_AD_10 @Prag:MarcadoresDisc:Revision 
"<no>"
	"no" Adverb NEG lang:es 00:02:42 00:02:49 tt-2148 AF003_1992_EP_SU2011_AD_10 
"<así>"
	"así" Adverb ADV lang:es 00:02:51 00:02:58 tt-2149 AF003_1992_EP_SU2011_AD_10 
"<tanto>"
	"tanto" Adverb ADV lang:es 00:02:51 00:02:58 tt-2150 AF003_1992_EP_SU2011_AD_10 
"<tanto>"
	"tanto" Adverb ADV lang:es 00:02:51 00:02:58 tt-2151 AF003_1992_EP_SU2011_AD_10 
"<porque>"
	"porque" Conjunction CSUBX lang:es 00:02:51 00:02:58 tt-2152 AF003_1992_EP_SU2011_AD_10 @Prag:MarcadoresDisc:Causa 
"<...>"
	"..." Punctuation DOTS lang:es 00:02:51 00:02:58 tt-2153 AF003_1992_EP_SU2011_AD_10 
"<...>"
	"..." Punctuation DOTS lang:es 00:02:51 00:02:58 tt-2155 AF003_1992_EP_SU2011_AD_10 
"<Diosito>"
	"Dios" Noun NC Singular lang:es 00:02:51 00:02:58 tt-2156 AF003_1992_EP_SU2011_AD_10 
"<me>"
	"yo" Pronoun PPX Singular lang:es 00:02:51 00:02:58 tt-2157 AF003_1992_EP_SU2011_AD_10 @Gram:Pron:Objeto 
"<ha>"
	"haber" Verb VHfin Pres Indi Sing 3rd lang:es 00:02:51 00:02:58 tt-2158 AF003_1992_EP_SU2011_AD_10 ID:390 R:Gram:Aux:Haber:391 R:Gram:PerfPerif:391 
"<regalado>"
	"regalar" Verb VLadj lang:es 00:02:51 00:02:58 tt-2159 AF003_1992_EP_SU2011_AD_10 ID:391 
"<muchas>"
	"mucho" Determiner QU lang:es 00:02:51 00:02:58 tt-2160 AF003_1992_EP_SU2011_AD_10 
"<bendiciones>"
	"bendición" Noun NC Plural lang:es 00:02:51 00:02:58 tt-2161 AF003_1992_EP_SU2011_AD_10 
"<,>"
	"," Punctuation CM lang:es 00:02:51 00:02:58 tt-2162 AF003_1992_EP_SU2011_AD_10 
"<este>"
	"este" Noun NC Singular lang:es 00:02:51 00:02:58 tt-2163 AF003_1992_EP_SU2011_AD_10 
"<...>"
	"..." Punctuation DOTS lang:es 00:02:51 00:02:58 tt-2164 AF003_1992_EP_SU2011_AD_10 
"<que>"
	"que" Conjunction CQUE lang:es 00:02:51 00:02:58 tt-2165 AF003_1992_EP_SU2011_AD_10 
"<yo>"
	"yo" Pronoun PPX Singular lang:es 00:02:58 00:03:05 tt-2166 AF003_1992_EP_SU2011_AD_10 @Gram:Pron:Sujeto 
"<ni>"
	"ni" Conjunction CCNEG lang:es 00:02:58 00:03:05 tt-2167 AF003_1992_EP_SU2011_AD_10 
"<me>"
	"yo" Pronoun PPX Singular lang:es 00:02:58 00:03:05 tt-2168 AF003_1992_EP_SU2011_AD_10 @Gram:Pron:Objeto 
"<las>"
	"él" Pronoun PPC Plural lang:es 00:02:58 00:03:05 tt-2169 AF003_1992_EP_SU2011_AD_10 @Gram:Pron:Objeto 
"<imaginaba>"
	"imaginar" Verb VLfin Imp Indi Sing 1st_or_3rd lang:es 00:02:58 00:03:05 tt-2170 AF003_1992_EP_SU2011_AD_10 @Gram:Imperf 
"<este>"
	"este" Determiner DM Singular lang:es 00:02:58 00:03:05 tt-2171 AF003_1992_EP_SU2011_AD_10 @Prag:RecuDiscurso:GanarTiempo 
"<...>"
	"..." Punctuation DOTS lang:es 00:02:58 00:03:05 tt-2172 AF003_1992_EP_SU2011_AD_10 
"<y>"
	"y" Conjunction CC lang:es 00:02:58 00:03:05 tt-2173 AF003_1992_EP_SU2011_AD_10 
"<pues>"
	"pues" Conjunction CSUBF lang:es 00:02:58 00:03:05 tt-2174 AF003_1992_EP_SU2011_AD_10 
"<sí>"
	"sí" Adverb ADV lang:es 00:02:58 00:03:05 tt-2175 AF003_1992_EP_SU2011_AD_10 
"<,>"
	"," Punctuation CM lang:es 00:02:58 00:03:05 tt-2176 AF003_1992_EP_SU2011_AD_10 
"<o>"
	"o" Adverb ADV lang:es 00:02:58 00:03:05 tt-2177 AF003_1992_EP_SU2011_AD_10 ID:409 R:Prag:MarcadoresDisc:Igualdad:410 
"<sea>"
	"sea" Adverb ADV lang:es 00:02:58 00:03:05 tt-2178 AF003_1992_EP_SU2011_AD_10 ID:410 
"<,>"
	"," Punctuation CM lang:es 00:02:58 00:03:05 tt-2179 AF003_1992_EP_SU2011_AD_10 
"<he>"
	"haber" Verb VHfin Pres Indi Sing 1st lang:es 00:02:58 00:03:05 tt-2180 AF003_1992_EP_SU2011_AD_10 ID:412 R:Gram:Aux:Haber:413 R:Gram:PerfPerif:413 
"<tenido>"
	"tener" Verb VLadj lang:es 00:02:58 00:03:05 tt-2181 AF003_1992_EP_SU2011_AD_10 ID:413 
"<momentos>"
	"momento" Noun NC Plural lang:es 00:02:58 00:03:05 tt-2182 AF003_1992_EP_SU2011_AD_10 
"<de>"
	"de" Preposition PREP lang:es 00:02:58 00:03:05 tt-2183 AF003_1992_EP_SU2011_AD_10 @Gram:Prep 
"<felicidad>"
	"felicidad" Noun NC Singular lang:es 00:02:58 00:03:05 tt-2184 AF003_1992_EP_SU2011_AD_10 
"<un>"
	"un" Determiner ART Singular lang:es 00:02:58 00:03:05 tt-2185 AF003_1992_EP_SU2011_AD_10 
"<chorro>"
	"chorro" Noun NC Singular lang:es 00:03:07 00:03:14 tt-2186 AF003_1992_EP_SU2011_AD_10 
"<y>"
	"y" Conjunction CC lang:es 00:03:07 00:03:14 tt-2187 AF003_1992_EP_SU2011_AD_10 
"<pues>"
	"pues" Conjunction CSUBF lang:es 00:03:07 00:03:14 tt-2188 AF003_1992_EP_SU2011_AD_10 
"<,>"
	"," Punctuation CM lang:es 00:03:07 00:03:14 tt-2189 AF003_1992_EP_SU2011_AD_10 
"<le>"
	"él" Pronoun PPC Singular lang:es 00:03:07 00:03:14 tt-2190 AF003_1992_EP_SU2011_AD_10 @Gram:Pron:Objeto 
"<agradezco>"
	"agradecer" Verb VLfin Pres Indi Sing 1st lang:es 00:03:07 00:03:14 tt-2191 AF003_1992_EP_SU2011_AD_10 
"<mucho>"
	"mucho" Adverb ADV lang:es 00:03:07 00:03:14 tt-2192 AF003_1992_EP_SU2011_AD_10 
"<a>"
	"a" Preposition PREP lang:es 00:03:07 00:03:14 tt-2193 AF003_1992_EP_SU2011_AD_10 @Gram:Prep 
"<Dios>"
	"dios" Noun NC Plural lang:es 00:03:07 00:03:14 tt-2194 AF003_1992_EP_SU2011_AD_10 
"<porque>"
	"porque" Conjunction CSUBX lang:es 00:03:07 00:03:14 tt-2195 AF003_1992_EP_SU2011_AD_10 @Prag:MarcadoresDisc:Causa 
"<pues>"
	"pues" Conjunction CSUBF lang:es 00:03:07 00:03:14 tt-2196 AF003_1992_EP_SU2011_AD_10 
"<yo>"
	"yo" Pronoun PPX Singular lang:es 00:03:07 00:03:14 tt-2197 AF003_1992_EP_SU2011_AD_10 @Gram:Pron:Sujeto 
"<nunca>"
	"nunca" Adverb ADV lang:es 00:03:07 00:03:14 tt-2198 AF003_1992_EP_SU2011_AD_10 
"<pensé>"
	"pensar" Verb VLfin Pret Indi Sing 1st lang:es 00:03:07 00:03:14 tt-2199 AF003_1992_EP_SU2011_AD_10 @Gram:Indefinido 
"<que>"
	"que" Conjunction CQUE lang:es 00:03:07 00:03:14 tt-2200 AF003_1992_EP_SU2011_AD_10 
"<me>"
	"yo" Pronoun PPX Singular lang:es 00:03:07 00:03:14 tt-2201 AF003_1992_EP_SU2011_AD_10 @Gram:Pron:Objeto 
"<iba>"
	"ir" Verb VLfin Imp Indi Sing 1st_or_3rd lang:es 00:03:07 00:03:14 tt-2202 AF003_1992_EP_SU2011_AD_10 @Gram:Imperf 
"<a>"
	"a" Preposition PREP lang:es 00:03:07 00:03:14 tt-2203 AF003_1992_EP_SU2011_AD_10 @Gram:Prep 
"<dar>"
	"dar" Verb VLinf Infinitive lang:es 00:03:07 00:03:14 tt-2204 AF003_1992_EP_SU2011_AD_10 
"<tantas>"
	"tanto" Determiner QU lang:es 00:03:07 00:03:14 tt-2205 AF003_1992_EP_SU2011_AD_10 
"<personas>"
	"persona" Noun NC Plural lang:es 00:03:14 00:03:21 tt-2206 AF003_1992_EP_SU2011_AD_10 
"<en>"
	"en" Preposition PREP lang:es 00:03:14 00:03:21 tt-2207 AF003_1992_EP_SU2011_AD_10 @Gram:Prep 
"<mi>"
	"mío" Pronoun PPO Singular lang:es 00:03:14 00:03:21 tt-2208 AF003_1992_EP_SU2011_AD_10 @Gram:Det:Pos 
"<camino>"
	"camino" Noun NC Singular lang:es 00:03:14 00:03:21 tt-2209 AF003_1992_EP_SU2011_AD_10 
"<tantas>"
	"tanto" Determiner QU lang:es 00:03:14 00:03:21 tt-2210 AF003_1992_EP_SU2011_AD_10 
"<,>"
	"," Punctuation CM lang:es 00:03:14 00:03:21 tt-2211 AF003_1992_EP_SU2011_AD_10 
"<este>"
	"este" Noun NC Singular lang:es 00:03:14 00:03:21 tt-2212 AF003_1992_EP_SU2011_AD_10 
"<...>"
	"..." Punctuation DOTS lang:es 00:03:14 00:03:21 tt-2213 AF003_1992_EP_SU2011_AD_10 
"<pues>"
	"pues" Conjunction CSUBF lang:es 00:03:14 00:03:21 tt-2214 AF003_1992_EP_SU2011_AD_10 
"<sí>"
	"sí" Adverb ADV lang:es 00:03:14 00:03:21 tt-2215 AF003_1992_EP_SU2011_AD_10 
"<,>"
	"," Punctuation CM lang:es 00:03:14 00:03:21 tt-2216 AF003_1992_EP_SU2011_AD_10 
"<motivaciones>"
	"motivación" Noun NC Plural lang:es 00:03:14 00:03:21 tt-2217 AF003_1992_EP_SU2011_AD_10 
"<en>"
	"en" Preposition PREP lang:es 00:03:14 00:03:21 tt-2218 AF003_1992_EP_SU2011_AD_10 @Gram:Prep 
"<mi>"
	"mío" Pronoun PPO Singular lang:es 00:03:14 00:03:21 tt-2219 AF003_1992_EP_SU2011_AD_10 @Gram:Det:Pos 
"<vida>"
	"vida" Noun NC Singular lang:es 00:03:14 00:03:21 tt-2220 AF003_1992_EP_SU2011_AD_10 
"<que>"
	"que" Conjunction CQUE lang:es 00:03:14 00:03:21 tt-2221 AF003_1992_EP_SU2011_AD_10 
"<yo>"
	"yo" Pronoun PPX Singular lang:es 00:03:14 00:03:21 tt-2222 AF003_1992_EP_SU2011_AD_10 @Gram:Pron:Sujeto 
"<no>"
	"no" Adverb NEG lang:es 00:03:14 00:03:21 tt-2223 AF003_1992_EP_SU2011_AD_10 
"<pensé>"
	"pensar" Verb VLfin Pret Indi Sing 1st lang:es 00:03:14 00:03:21 tt-2224 AF003_1992_EP_SU2011_AD_10 @Gram:Indefinido 
"<que>"
	"que" Conjunction CQUE lang:es 00:03:23 00:03:27 tt-2225 AF003_1992_EP_SU2011_AD_10 
"<iba>"
	"ir" Verb VLfin Imp Indi Sing 1st_or_3rd lang:es 00:03:23 00:03:27 tt-2226 AF003_1992_EP_SU2011_AD_10 @Gram:Imperf 
"<a>"
	"a" Preposition PREP lang:es 00:03:23 00:03:27 tt-2227 AF003_1992_EP_SU2011_AD_10 @Gram:Prep 
"<tener>"
	"tener" Verb VLinf Infinitive lang:es 00:03:23 00:03:27 tt-2228 AF003_1992_EP_SU2011_AD_10 
"<,>"
	"," Punctuation CM lang:es 00:03:23 00:03:27 tt-2229 AF003_1992_EP_SU2011_AD_10 
"<pero>"
	"pero" Conjunction CCAD lang:es 00:03:23 00:03:27 tt-2230 AF003_1992_EP_SU2011_AD_10 @Prag:MarcadoresDisc:Revision 
"<pues>"
	"pues" Conjunction CSUBF lang:es 00:03:23 00:03:27 tt-2231 AF003_1992_EP_SU2011_AD_10 
"<si>"
	"si" Conjunction CSUBX lang:es 00:03:23 00:03:27 tt-2232 AF003_1992_EP_SU2011_AD_10 
"<...>"
	"..." Punctuation DOTS lang:es 00:03:23 00:03:27 tt-2233 AF003_1992_EP_SU2011_AD_10 
</speaker>
</text>

