<text id="AF002_1989_EP_SU2011_AD_02">
<speaker type="int">
"<$¿>"
	"¿" Punctuation FS lang:es 00:00:00 00:00:06 tt-357 AF002_1989_EP_SU2011_AD_02 
"<Nos>"
	"nosotros" Pronoun PPX Plural lang:es 00:00:00 00:00:06 tt-358 AF002_1989_EP_SU2011_AD_02 @Gram:Pron:Objeto ADD:648 
"<puedes>"
	"poder" Verb VLfin Pres Indi Sing 2nd lang:es 00:00:00 00:00:06 tt-359 AF002_1989_EP_SU2011_AD_02 
"<contar>"
	"contar" Verb VLinf Infinitive lang:es 00:00:00 00:00:06 tt-360 AF002_1989_EP_SU2011_AD_02 SUBSTITUTE:320 
"<historias>"
	"historia" Noun NC Plural lang:es 00:00:00 00:00:06 tt-361 AF002_1989_EP_SU2011_AD_02 
"<sobre>"
	"sobre" Preposition PREP lang:es 00:00:00 00:00:06 tt-362 AF002_1989_EP_SU2011_AD_02 @Gram:Prep ADD:614 
"<las>"
	"el" Determiner ART Plural Fem lang:es 00:00:00 00:00:06 tt-363 AF002_1989_EP_SU2011_AD_02 @Gram:Det:Art ADD:416 
"<tradiciones>"
	"tradición" Noun NC Plural lang:es 00:00:00 00:00:06 tt-364 AF002_1989_EP_SU2011_AD_02 
"<culturales>"
	"cultural" Adjective ADJ Plural lang:es 00:00:00 00:00:06 tt-365 AF002_1989_EP_SU2011_AD_02 
"<que>"
	"que" Conjunction CQUE lang:es 00:00:00 00:00:06 tt-366 AF002_1989_EP_SU2011_AD_02 
"<celebras>"
	"UNK" Verb VLfin Pres Indi Sing 2nd lang:es 00:00:00 00:00:06 tt-367 AF002_1989_EP_SU2011_AD_02 
"<con>"
	"con" Preposition PREP lang:es 00:00:00 00:00:06 tt-368 AF002_1989_EP_SU2011_AD_02 @Gram:Prep ADD:614 
"<,>"
	"," Punctuation CM lang:es 00:00:00 00:00:06 tt-369 AF002_1989_EP_SU2011_AD_02 
"<en>"
	"en" Preposition PREP lang:es 00:00:00 00:00:06 tt-370 AF002_1989_EP_SU2011_AD_02 @Gram:Prep ADD:614 
"<tu>"
	"tú" Pronoun PPX Singular lang:es 00:00:00 00:00:06 tt-371 AF002_1989_EP_SU2011_AD_02 @Gram:Det:Pos ADD:446 
"<familia>"
	"familia" Noun NC Singular lang:es 00:00:06 00:00:07 tt-372 AF002_1989_EP_SU2011_AD_02 
"<$?>"
	"?" Punctuation FS lang:es 00:00:06 00:00:07 tt-373 AF002_1989_EP_SU2011_AD_02 
</speaker>
<speaker type="subj">

"<Okay>"
	"okay" Adjective JJ lang:en 00:00:07 00:00:13 tt-374 AF002_1989_EP_SU2011_AD_02 
"<...>"
	"..." Punctuation DOTS lang:es 00:00:07 00:00:13 tt-375 AF002_1989_EP_SU2011_AD_02 
"<uhm>"
	"UNK" Noun NP Singular lang:es 00:00:07 00:00:13 tt-376 AF002_1989_EP_SU2011_AD_02 
"<...>"
	"..." Punctuation DOTS lang:es 00:00:07 00:00:13 tt-377 AF002_1989_EP_SU2011_AD_02 
"<tradiciones>"
	"tradición" Noun NC Plural lang:es 00:00:07 00:00:13 tt-378 AF002_1989_EP_SU2011_AD_02 
"<son>"
	"ser" Verb VSfin Pres Indi Plural 3rd lang:es 00:00:07 00:00:13 tt-379 AF002_1989_EP_SU2011_AD_02 @Gram:SerEstar:Ser ADD:803 
"<varias>"
	"varios" Determiner QU lang:es 00:00:07 00:00:13 tt-380 AF002_1989_EP_SU2011_AD_02 @Gram:Det:CuantIndef ADD:468 
"<,>"
	"," Punctuation CM lang:es 00:00:07 00:00:13 tt-381 AF002_1989_EP_SU2011_AD_02 
"<que>"
	"que" Conjunction CQUE lang:es 00:00:07 00:00:13 tt-382 AF002_1989_EP_SU2011_AD_02 
"<muchas>"
	"mucho" Determiner QU lang:es 00:00:07 00:00:13 tt-383 AF002_1989_EP_SU2011_AD_02 @Gram:Det:CuantIndef ADD:468 
"<veces>"
	"vez" Noun NC Plural lang:es 00:00:07 00:00:13 tt-384 AF002_1989_EP_SU2011_AD_02 
"<no>"
	"no" Adverb NEG lang:es 00:00:07 00:00:13 tt-385 AF002_1989_EP_SU2011_AD_02 
"<las>"
	"él" Pronoun PPC Plural lang:es 00:00:07 00:00:13 tt-386 AF002_1989_EP_SU2011_AD_02 @Gram:Pron:Objeto ADD:654 
"<recordamos>"
	"recordar" Verb VLfin Pres_or_Pret Indi Plural 1st lang:es 00:00:07 00:00:13 tt-387 AF002_1989_EP_SU2011_AD_02 
"<hasta>"
	"hasta" Preposition PREP lang:es 00:00:07 00:00:13 tt-388 AF002_1989_EP_SU2011_AD_02 @Gram:Prep ADD:614 
"<cuando>"
	"cuando" Conjunction CSUBX lang:es 00:00:07 00:00:13 tt-389 AF002_1989_EP_SU2011_AD_02 
"<llega>"
	"llegar" Verb VLfin Pres Indi Sing 3rd lang:es 00:00:13 00:00:19 tt-390 AF002_1989_EP_SU2011_AD_02 
"<la>"
	"el" Determiner ART Singular Fem lang:es 00:00:13 00:00:19 tt-391 AF002_1989_EP_SU2011_AD_02 @Gram:Det:Art ADD:416 
"<fecha>"
	"fecha" Noun NC Singular lang:es 00:00:13 00:00:19 tt-392 AF002_1989_EP_SU2011_AD_02 
"<o>"
	"o" Conjunciton Conjunction CC lang:es 00:00:13 00:00:19 tt-393 AF002_1989_EP_SU2011_AD_02 SUBSTITUTE:387 
"<el>"
	"el" Determiner ART Singular Masc lang:es 00:00:13 00:00:19 tt-394 AF002_1989_EP_SU2011_AD_02 @Gram:Det:Art ADD:416 
"<evento>"
	"evento" Noun NC Singular lang:es 00:00:13 00:00:19 tt-395 AF002_1989_EP_SU2011_AD_02 
"<en>"
	"en" Preposition PREP lang:es 00:00:13 00:00:19 tt-396 AF002_1989_EP_SU2011_AD_02 @Gram:Prep ADD:614 
"<que>"
	"que" Conjunction CQUE lang:es 00:00:13 00:00:19 tt-397 AF002_1989_EP_SU2011_AD_02 
"<serán>"
	"ser" Verb VSfin Fut Indi Plural 3rd lang:es 00:00:13 00:00:19 tt-398 AF002_1989_EP_SU2011_AD_02 @Gram:VFut:Conjugado @Gram:SerEstar:Ser ADD:702 ADD:803 
"<$.>"
	"." Punctuation FS lang:es 00:00:13 00:00:19 tt-399 AF002_1989_EP_SU2011_AD_02 

"<Este>"
	"este" Determiner DM Singular lang:es 00:00:13 00:00:19 tt-400 AF002_1989_EP_SU2011_AD_02 @Prag:RecuDiscurso:GanarTiempo ADD:1155 
"<...>"
	"..." Punctuation DOTS lang:es 00:00:13 00:00:19 tt-401 AF002_1989_EP_SU2011_AD_02 
"<muchas>"
	"mucho" Determiner QU lang:es 00:00:13 00:00:19 tt-402 AF002_1989_EP_SU2011_AD_02 @Gram:Det:CuantIndef ADD:468 
"<de>"
	"de" Preposition PREP lang:es 00:00:13 00:00:19 tt-403 AF002_1989_EP_SU2011_AD_02 @Gram:Prep ADD:614 
"<las>"
	"el" Determiner ART Plural Fem lang:es 00:00:13 00:00:19 tt-404 AF002_1989_EP_SU2011_AD_02 @Gram:Det:Art ADD:416 
"<veces>"
	"vez" Noun NC Plural lang:es 00:00:13 00:00:19 tt-405 AF002_1989_EP_SU2011_AD_02 
"<celebraciones>"
	"celebración" Noun NC Plural lang:es 00:00:13 00:00:19 tt-406 AF002_1989_EP_SU2011_AD_02 
"<que>"
	"que" Conjunction CQUE lang:es 00:00:13 00:00:19 tt-407 AF002_1989_EP_SU2011_AD_02 
"<acá>"
	"acá" Adverb ADV lang:es 00:00:19 00:00:26 tt-408 AF002_1989_EP_SU2011_AD_02 
"<en>"
	"en" Preposition PREP lang:es 00:00:19 00:00:26 tt-409 AF002_1989_EP_SU2011_AD_02 @Gram:Prep ADD:614 
"<Estados>"
	"Estados" Noun NP Plural lang:es 00:00:19 00:00:26 tt-410 AF002_1989_EP_SU2011_AD_02 ID:54 R:Vocab:Entities:Geo:55 ADDRELATION(Vocab:Entities:Geo):1196 
"<Unidos>"
	"Unidos" Noun NP Plural lang:es 00:00:19 00:00:26 tt-411 AF002_1989_EP_SU2011_AD_02 ID:55 
"<no>"
	"no" Adverb NEG lang:es 00:00:19 00:00:26 tt-412 AF002_1989_EP_SU2011_AD_02 
"<son>"
	"ser" Verb VSfin Pres Indi Plural 3rd lang:es 00:00:19 00:00:26 tt-413 AF002_1989_EP_SU2011_AD_02 @Gram:SerEstar:Ser ADD:803 
"<$.>"
	"." Punctuation FS lang:es 00:00:19 00:00:26 tt-414 AF002_1989_EP_SU2011_AD_02 

"<Uhm>"
	"UNK" Noun NP Singular lang:es 00:00:19 00:00:26 tt-415 AF002_1989_EP_SU2011_AD_02 
"<...>"
	"..." Punctuation DOTS lang:es 00:00:19 00:00:26 tt-416 AF002_1989_EP_SU2011_AD_02 
"<por>"
	"por" Preposition PREP lang:es 00:00:19 00:00:26 tt-417 AF002_1989_EP_SU2011_AD_02 @Gram:Prep:Por ID:61 R:Prag:MarcadoresDisc:Igualdad:62 SUBSTITUTE:262 ADD:595 ADDRELATION(Prag:MarcadoresDisc:Igualdad):1122 
"<ejemplo>"
	"ejemplo" Adverb ADV lang:es 00:00:19 00:00:26 tt-418 AF002_1989_EP_SU2011_AD_02 ID:62 
"<,>"
	"," Punctuation CM lang:es 00:00:19 00:00:26 tt-419 AF002_1989_EP_SU2011_AD_02 
"<Navidad>"
	"UNK" Noun NP Singular lang:es 00:00:19 00:00:26 tt-420 AF002_1989_EP_SU2011_AD_02 
"<lo>"
	"él" Pronoun PPC Singular lang:es 00:00:19 00:00:26 tt-421 AF002_1989_EP_SU2011_AD_02 @Gram:Pron:Objeto ADD:654 
"<celebramos>"
	"celebrar" Verb VLfin Pres_or_Pret Indi Plural 1st lang:es 00:00:19 00:00:26 tt-422 AF002_1989_EP_SU2011_AD_02 
"<pero>"
	"pero" Conjunction CCAD lang:es 00:00:19 00:00:26 tt-423 AF002_1989_EP_SU2011_AD_02 @Prag:MarcadoresDisc:Revision SUBSTITUTE:265 ADD:1032 
"<de>"
	"de" Preposition PREP lang:es 00:00:19 00:00:26 tt-424 AF002_1989_EP_SU2011_AD_02 @Gram:Prep ADD:614 
"<una>"
	"un" Determiner ART Singular lang:es 00:00:19 00:00:26 tt-425 AF002_1989_EP_SU2011_AD_02 
"<manera>"
	"manera" Noun NC Singular lang:es 00:00:19 00:00:26 tt-426 AF002_1989_EP_SU2011_AD_02 
"<distinta>"
	"distinto" Adjective ADJ Singular lang:es 00:00:19 00:00:26 tt-427 AF002_1989_EP_SU2011_AD_02 
"<$.>"
	"." Punctuation FS lang:es 00:00:19 00:00:26 tt-428 AF002_1989_EP_SU2011_AD_02 

"<Celebramos>"
	"celebrar" Verb VLfin Pres_or_Pret Indi Plural 1st lang:es 00:00:28 00:00:33 tt-429 AF002_1989_EP_SU2011_AD_02 
"<también>"
	"también" Adverb ADV lang:es 00:00:28 00:00:33 tt-430 AF002_1989_EP_SU2011_AD_02 @Prag:MarcadoresDisc:Igualdad ADD:1116 
"<,>"
	"," Punctuation CM lang:es 00:00:28 00:00:33 tt-431 AF002_1989_EP_SU2011_AD_02 
"<puesto>"
	"poner" Verb VLadj lang:es 00:00:28 00:00:33 tt-432 AF002_1989_EP_SU2011_AD_02 
"<por>"
	"por" Preposition PREP lang:es 00:00:28 00:00:33 tt-433 AF002_1989_EP_SU2011_AD_02 @Gram:Prep:Por SUBSTITUTE:262 ADD:608 
"<la>"
	"el" Determiner ART Singular Fem lang:es 00:00:28 00:00:33 tt-434 AF002_1989_EP_SU2011_AD_02 @Gram:Det:Art ADD:416 
"<tradición>"
	"tradición" Noun NC Singular lang:es 00:00:28 00:00:33 tt-435 AF002_1989_EP_SU2011_AD_02 
"<y>"
	"y" Conjunciton Conjunction CC lang:es 00:00:28 00:00:33 tt-436 AF002_1989_EP_SU2011_AD_02 SUBSTITUTE:385 
"<la>"
	"el" Determiner ART Singular Fem lang:es 00:00:28 00:00:33 tt-437 AF002_1989_EP_SU2011_AD_02 @Gram:Det:Art ADD:416 
"<religión>"
	"religión" Noun NC Singular lang:es 00:00:28 00:00:33 tt-438 AF002_1989_EP_SU2011_AD_02 
"<,>"
	"," Punctuation CM lang:es 00:00:28 00:00:33 tt-439 AF002_1989_EP_SU2011_AD_02 
"<celebramos>"
	"celebrar" Verb VLfin Pres_or_Pret Indi Plural 1st lang:es 00:00:28 00:00:33 tt-440 AF002_1989_EP_SU2011_AD_02 
"<otras>"
	"otro" Determiner QU lang:es 00:00:28 00:00:33 tt-441 AF002_1989_EP_SU2011_AD_02 
"<fechas>"
	"fecha" Noun NC Plural lang:es 00:00:28 00:00:33 tt-442 AF002_1989_EP_SU2011_AD_02 
"<en>"
	"en" Preposition PREP lang:es 00:00:28 00:00:33 tt-443 AF002_1989_EP_SU2011_AD_02 @Gram:Prep ADD:614 
"<especiales>"
	"especial" Adjective ADJ Plural lang:es 00:00:33 00:00:38 tt-444 AF002_1989_EP_SU2011_AD_02 
"<que>"
	"que" Conjunction CQUE lang:es 00:00:33 00:00:38 tt-445 AF002_1989_EP_SU2011_AD_02 
"<están>"
	"estar" Verb VEfin Pres Indi Plural 3rd lang:es 00:00:33 00:00:38 tt-446 AF002_1989_EP_SU2011_AD_02 @Gram:SerEstar:Estar ADD:812 
"<muchas>"
	"mucho" Determiner QU lang:es 00:00:33 00:00:38 tt-447 AF002_1989_EP_SU2011_AD_02 @Gram:Det:CuantIndef ADD:468 
"<cerca>"
	"cerca" Adverb ADV lang:es 00:00:33 00:00:38 tt-448 AF002_1989_EP_SU2011_AD_02 
"<de>"
	"de" Preposition PREP lang:es 00:00:33 00:00:38 tt-449 AF002_1989_EP_SU2011_AD_02 @Gram:Prep ADD:614 
"<ese>"
	"ese" Determiner DM Singular lang:es 00:00:33 00:00:38 tt-450 AF002_1989_EP_SU2011_AD_02 @Gram:Det:Demo ADD:432 
"<tiempo>"
	"tiempo" Noun NC Singular lang:es 00:00:33 00:00:38 tt-451 AF002_1989_EP_SU2011_AD_02 
"<,>"
	"," Punctuation CM lang:es 00:00:33 00:00:38 tt-452 AF002_1989_EP_SU2011_AD_02 
"<uhm>"
	"UNK" Noun NC Singular lang:es 00:00:33 00:00:38 tt-453 AF002_1989_EP_SU2011_AD_02 
"<...>"
	"..." Punctuation DOTS lang:es 00:00:33 00:00:38 tt-454 AF002_1989_EP_SU2011_AD_02 
"<por>"
	"por" Preposition PREP lang:es 00:00:33 00:00:38 tt-455 AF002_1989_EP_SU2011_AD_02 @Gram:Prep:Por ID:99 R:Prag:MarcadoresDisc:Igualdad:100 SUBSTITUTE:262 ADD:595 ADDRELATION(Prag:MarcadoresDisc:Igualdad):1122 
"<ejemplo>"
	"ejemplo" Adverb ADV lang:es 00:00:33 00:00:38 tt-456 AF002_1989_EP_SU2011_AD_02 ID:100 
"<,>"
	"," Punctuation CM lang:es 00:00:33 00:00:38 tt-457 AF002_1989_EP_SU2011_AD_02 
"<día>"
	"día" Noun NC Singular lang:es 00:00:33 00:00:38 tt-458 AF002_1989_EP_SU2011_AD_02 
"<del>"
	"del" Preposition PDEL lang:es 00:00:33 00:00:38 tt-459 AF002_1989_EP_SU2011_AD_02 @Gram:Prep ADD:614 
"<padre>"
	"padre" Noun NC Singular lang:es 00:00:33 00:00:38 tt-460 AF002_1989_EP_SU2011_AD_02 
"<,>"
	"," Punctuation CM lang:es 00:00:33 00:00:38 tt-461 AF002_1989_EP_SU2011_AD_02 
"<día>"
	"día" Noun NC Singular lang:es 00:00:38 00:00:44 tt-462 AF002_1989_EP_SU2011_AD_02 
"<de>"
	"de" Preposition PREP lang:es 00:00:38 00:00:44 tt-463 AF002_1989_EP_SU2011_AD_02 @Gram:Prep ADD:614 
"<la>"
	"el" Determiner ART Singular Fem lang:es 00:00:38 00:00:44 tt-464 AF002_1989_EP_SU2011_AD_02 @Gram:Det:Art ADD:416 
"<madre>"
	"madre" Noun NC Singular lang:es 00:00:38 00:00:44 tt-465 AF002_1989_EP_SU2011_AD_02 
"<$.>"
	"." Punctuation FS lang:es 00:00:38 00:00:44 tt-466 AF002_1989_EP_SU2011_AD_02 

"<Celebramos>"
	"celebrar" Verb VLfin Pres_or_Pret Indi Plural 1st lang:es 00:00:38 00:00:44 tt-467 AF002_1989_EP_SU2011_AD_02 
"<...>"
	"..." Punctuation DOTS lang:es 00:00:38 00:00:44 tt-468 AF002_1989_EP_SU2011_AD_02 
"<es>"
	"ser" Verb VSfin Pres Indi Sing 3rd lang:es 00:00:38 00:00:44 tt-469 AF002_1989_EP_SU2011_AD_02 @Gram:SerEstar:Ser ADD:803 
"<raro>"
	"raro" Adjective ADJ Singular lang:es 00:00:38 00:00:44 tt-470 AF002_1989_EP_SU2011_AD_02 
"<porque>"
	"porque" Conjunction CSUBX lang:es 00:00:38 00:00:44 tt-471 AF002_1989_EP_SU2011_AD_02 @Prag:MarcadoresDisc:Causa ADD:1085 
"<celebramos>"
	"celebrar" Verb VLfin Pres_or_Pret Indi Plural 1st lang:es 00:00:38 00:00:44 tt-472 AF002_1989_EP_SU2011_AD_02 
"<como>"
	"como" Adverb ADV lang:es 00:00:38 00:00:44 tt-473 AF002_1989_EP_SU2011_AD_02 
"<que>"
	"que" Conjunction CQUE lang:es 00:00:38 00:00:44 tt-474 AF002_1989_EP_SU2011_AD_02 
"<doble>"
	"doble" Adjective ADJ Singular Masc-Fem lang:es 00:00:38 00:00:44 tt-475 AF002_1989_EP_SU2011_AD_02 SUBSTITUTE:366 
"<$.>"
	"." Punctuation FS lang:es 00:00:38 00:00:44 tt-476 AF002_1989_EP_SU2011_AD_02 

"<Celebramos>"
	"celebrar" Verb VLfin Pres_or_Pret Indi Plural 1st lang:es 00:00:38 00:00:44 tt-477 AF002_1989_EP_SU2011_AD_02 
"<la>"
	"el" Determiner ART Singular Fem lang:es 00:00:38 00:00:44 tt-478 AF002_1989_EP_SU2011_AD_02 @Gram:Det:Art ADD:416 
"<fecha>"
	"fecha" Noun NC Singular lang:es 00:00:38 00:00:44 tt-479 AF002_1989_EP_SU2011_AD_02 
"<de>"
	"de" Preposition PREP lang:es 00:00:44 00:00:51 tt-480 AF002_1989_EP_SU2011_AD_02 @Gram:Prep ADD:614 
"<allá>"
	"allá" Adverb ADV lang:es 00:00:44 00:00:51 tt-481 AF002_1989_EP_SU2011_AD_02 
"<de>"
	"de" Preposition PREP lang:es 00:00:44 00:00:51 tt-482 AF002_1989_EP_SU2011_AD_02 @Gram:Prep ADD:614 
"<México>"
	"México" Noun NP Singular lang:es 00:00:44 00:00:51 tt-483 AF002_1989_EP_SU2011_AD_02 
"<y>"
	"y" Conjunciton Conjunction CC lang:es 00:00:44 00:00:51 tt-484 AF002_1989_EP_SU2011_AD_02 SUBSTITUTE:385 
"<también>"
	"también" Adverb ADV lang:es 00:00:44 00:00:51 tt-485 AF002_1989_EP_SU2011_AD_02 @Prag:MarcadoresDisc:Igualdad ADD:1116 
"<celebramos>"
	"celebrar" Verb VLfin Pres_or_Pret Indi Plural 1st lang:es 00:00:44 00:00:51 tt-486 AF002_1989_EP_SU2011_AD_02 
"<la>"
	"el" Determiner ART Singular Fem lang:es 00:00:44 00:00:51 tt-487 AF002_1989_EP_SU2011_AD_02 @Gram:Det:Art ADD:416 
"<fecha>"
	"fecha" Noun NC Singular lang:es 00:00:44 00:00:51 tt-488 AF002_1989_EP_SU2011_AD_02 
"<de>"
	"de" Preposition PREP lang:es 00:00:44 00:00:51 tt-489 AF002_1989_EP_SU2011_AD_02 @Gram:Prep ADD:614 
"<acá>"
	"acá" Adverb ADV lang:es 00:00:44 00:00:51 tt-490 AF002_1989_EP_SU2011_AD_02 
"<de>"
	"de" Preposition PREP lang:es 00:00:44 00:00:51 tt-491 AF002_1989_EP_SU2011_AD_02 @Gram:Prep ADD:614 
"<Estados>"
	"Estados" Noun NP Plural lang:es 00:00:44 00:00:51 tt-492 AF002_1989_EP_SU2011_AD_02 ID:136 R:Vocab:Entities:Geo:137 ADDRELATION(Vocab:Entities:Geo):1196 
"<Unidos>"
	"Unidos" Noun NP Plural lang:es 00:00:44 00:00:51 tt-493 AF002_1989_EP_SU2011_AD_02 ID:137 
"<$.>"
	"." Punctuation FS lang:es 00:00:44 00:00:51 tt-494 AF002_1989_EP_SU2011_AD_02 

"<Este>"
	"este" Determiner DM Singular lang:es 00:00:44 00:00:51 tt-495 AF002_1989_EP_SU2011_AD_02 @Prag:RecuDiscurso:GanarTiempo ADD:1155 
"<...>"
	"..." Punctuation DOTS lang:es 00:00:44 00:00:51 tt-496 AF002_1989_EP_SU2011_AD_02 
"<tradiciones>"
	"tradición" Noun NC Plural lang:es 00:00:44 00:00:51 tt-497 AF002_1989_EP_SU2011_AD_02 
"<,>"
	"," Punctuation CM lang:es 00:00:44 00:00:51 tt-498 AF002_1989_EP_SU2011_AD_02 
"<muchas>"
	"mucho" Determiner QU lang:es 00:00:53 00:00:59 tt-499 AF002_1989_EP_SU2011_AD_02 @Gram:Det:CuantIndef ADD:468 
"<de>"
	"de" Preposition PREP lang:es 00:00:53 00:00:59 tt-500 AF002_1989_EP_SU2011_AD_02 @Gram:Prep ADD:614 
"<esas>"
	"ese" Determiner DM Plural lang:es 00:00:53 00:00:59 tt-501 AF002_1989_EP_SU2011_AD_02 
"<tienen>"
	"tener" Verb VMfin lang:es 00:00:53 00:00:59 tt-502 AF002_1989_EP_SU2011_AD_02 
"<que>"
	"que" Verb VMfin lang:es 00:00:53 00:00:59 tt-503 AF002_1989_EP_SU2011_AD_02 
"<ver>"
	"ver" Verb VLinf Infinitive lang:es 00:00:53 00:00:59 tt-504 AF002_1989_EP_SU2011_AD_02 SUBSTITUTE:320 
"<con>"
	"con" Preposition PREP lang:es 00:00:53 00:00:59 tt-505 AF002_1989_EP_SU2011_AD_02 @Gram:Prep ADD:614 
"<algo>"
	"algo" Determiner QU lang:es 00:00:53 00:00:59 tt-506 AF002_1989_EP_SU2011_AD_02 
"<simple>"
	"simple" Adjective ADJ Singular lang:es 00:00:53 00:00:59 tt-507 AF002_1989_EP_SU2011_AD_02 
"<,>"
	"," Punctuation CM lang:es 00:00:53 00:00:59 tt-508 AF002_1989_EP_SU2011_AD_02 
"<hasta>"
	"hasta" Preposition PREP lang:es 00:00:53 00:00:59 tt-509 AF002_1989_EP_SU2011_AD_02 @Gram:Prep ADD:614 
"<como>"
	"como" Adverb ADV lang:es 00:00:53 00:00:59 tt-510 AF002_1989_EP_SU2011_AD_02 
"<celebrar>"
	"celebrar" Verb VLinf Infinitive lang:es 00:00:53 00:00:59 tt-511 AF002_1989_EP_SU2011_AD_02 SUBSTITUTE:320 
"<un>"
	"un" Determiner ART Singular lang:es 00:00:53 00:00:59 tt-512 AF002_1989_EP_SU2011_AD_02 
"<cumpleaños>"
	"cumpleaños" Noun NC Plural lang:es 00:00:53 00:00:59 tt-513 AF002_1989_EP_SU2011_AD_02 
"<,>"
	"," Punctuation CM lang:es 00:00:53 00:00:59 tt-514 AF002_1989_EP_SU2011_AD_02 
"<como>"
	"como" Conjunction CSUBX lang:es 00:00:53 00:00:59 tt-515 AF002_1989_EP_SU2011_AD_02 
"<el>"
	"el" Determiner ART Singular Masc lang:es 00:00:53 00:00:59 tt-516 AF002_1989_EP_SU2011_AD_02 @Gram:Det:Art ADD:416 
"<tipo>"
	"tipo" Noun NC Singular lang:es 00:00:59 00:01:03 tt-517 AF002_1989_EP_SU2011_AD_02 
"<de>"
	"de" Preposition PREP lang:es 00:00:59 00:01:03 tt-518 AF002_1989_EP_SU2011_AD_02 @Gram:Prep ADD:614 
"<comida>"
	"comida" Noun NC Singular lang:es 00:00:59 00:01:03 tt-519 AF002_1989_EP_SU2011_AD_02 
"<,>"
	"," Punctuation CM lang:es 00:00:59 00:01:03 tt-520 AF002_1989_EP_SU2011_AD_02 
"<cosas>"
	"cosa" Noun NC Plural lang:es 00:00:59 00:01:03 tt-521 AF002_1989_EP_SU2011_AD_02 
"<así>"
	"así" Adverb ADV lang:es 00:00:59 00:01:03 tt-522 AF002_1989_EP_SU2011_AD_02 
"<$.>"
	"." Punctuation FS lang:es 00:00:59 00:01:03 tt-523 AF002_1989_EP_SU2011_AD_02 
</speaker>
</text>

