<text id="AF009_1987_EP_SU2011_AD_01">
<speaker type="subj">
"<que>"
	"que" Conjunction CQUE lang:es 00:00:00 00:00:05 tt-73 AF009_1987_EP_SU2011_AD_01 
"<aguantar>"
	"aguantar" Verb VLinf Infinitive lang:es 00:00:00 00:00:05 tt-74 AF009_1987_EP_SU2011_AD_01 
"<$.>"
	"." Punctuation FS lang:es 00:00:00 00:00:05 tt-75 AF009_1987_EP_SU2011_AD_01 

"<[>"
	"[" Punctuation LP lang:es 00:00:00 00:00:05 tt-76 AF009_1987_EP_SU2011_AD_01 
"<Risas>"
	"UNK" Noun NP Plural lang:es 00:00:00 00:00:05 tt-77 AF009_1987_EP_SU2011_AD_01 
"<]>"
	"]" Other RP lang:es 00:00:00 00:00:05 tt-78 AF009_1987_EP_SU2011_AD_01 
</speaker>
<speaker type="int">
"<$¿>"
	"¿" Punctuation FS lang:es 00:00:00 00:00:05 tt-79 AF009_1987_EP_SU2011_AD_01 
"<Por>"
	"por" Preposition PREP lang:es 00:00:00 00:00:05 tt-80 AF009_1987_EP_SU2011_AD_01 @Gram:Prep:Por 
"<qué>"
	"qué" Pronoun INT Singular lang:es 00:00:00 00:00:05 tt-81 AF009_1987_EP_SU2011_AD_01 
"<dices>"
	"decir" Verb VLfin Pres Indi Sing 2nd lang:es 00:00:00 00:00:05 tt-82 AF009_1987_EP_SU2011_AD_01 
"<que>"
	"que" Conjunction CQUE lang:es 00:00:00 00:00:05 tt-83 AF009_1987_EP_SU2011_AD_01 
"<no>"
	"no" Adverb NEG lang:es 00:00:00 00:00:05 tt-84 AF009_1987_EP_SU2011_AD_01 
"<te>"
	"tú" Pronoun PPX Singular lang:es 00:00:00 00:00:05 tt-85 AF009_1987_EP_SU2011_AD_01 @Gram:Pron:Objeto 
"<gustaba>"
	"gustar" Verb VLfin Imp Indi Sing 1st_or_3rd lang:es 00:00:00 00:00:05 tt-86 AF009_1987_EP_SU2011_AD_01 @Gram:Imperf @Gram:Gustar:Interlocutor 
"<$?>"
	"?" Punctuation FS lang:es 00:00:00 00:00:05 tt-87 AF009_1987_EP_SU2011_AD_01 
</speaker>
<speaker type="subj">

"<Porque>"
	"porque" Conjunction CSUBX lang:es 00:00:05 00:00:09 tt-88 AF009_1987_EP_SU2011_AD_01 @Prag:MarcadoresDisc:Causa 
"<,>"
	"," Punctuation CM lang:es 00:00:05 00:00:09 tt-89 AF009_1987_EP_SU2011_AD_01 
"<el>"
	"el" Determiner ART Singular Masc lang:es 00:00:05 00:00:09 tt-90 AF009_1987_EP_SU2011_AD_01 @Gram:Det:Art ID:18 R:Gram:Genero:ExcepArtFem:19 
"<área>"
	"área" Noun NC Singular lang:es 00:00:05 00:00:09 tt-91 AF009_1987_EP_SU2011_AD_01 ID:19 
"<que>"
	"que" Conjunction CQUE lang:es 00:00:05 00:00:09 tt-92 AF009_1987_EP_SU2011_AD_01 
"<estábamos>"
	"estar" Verb VEfin Imp Indi Plural 1st lang:es 00:00:05 00:00:09 tt-93 AF009_1987_EP_SU2011_AD_01 @Gram:Imperf @Gram:SerEstar:Estar 
"<...>"
	"..." Punctuation DOTS lang:es 00:00:05 00:00:09 tt-94 AF009_1987_EP_SU2011_AD_01 
"<donde>"
	"donde" Adverb ADV lang:es 00:00:05 00:00:09 tt-95 AF009_1987_EP_SU2011_AD_01 
"<estábamos>"
	"estar" Verb VEfin Imp Indi Plural 1st lang:es 00:00:05 00:00:09 tt-96 AF009_1987_EP_SU2011_AD_01 @Gram:Imperf @Gram:SerEstar:Estar ID:24 R:Gram:SerEstar:EstarAux:25 
"<viviendo>"
	"vivir" Verb VLger lang:es 00:00:05 00:00:09 tt-97 AF009_1987_EP_SU2011_AD_01 ID:25 
"<había>"
	"haber" Verb VHfin Imp Indi Sing 1st_or_3rd lang:es 00:00:05 00:00:09 tt-98 AF009_1987_EP_SU2011_AD_01 @Gram:Haber:Exist 
"<muchas>"
	"mucho" Determiner QU lang:es 00:00:05 00:00:09 tt-99 AF009_1987_EP_SU2011_AD_01 @Gram:Det:CuantIndef 
"<gangas>"
	"ganga" Noun NC Plural lang:es 00:00:05 00:00:09 tt-100 AF009_1987_EP_SU2011_AD_01 
"<,>"
	"," Punctuation CM lang:es 00:00:05 00:00:09 tt-101 AF009_1987_EP_SU2011_AD_01 
"<y>"
	"y" Conjunciton Conjunction CC lang:es 00:00:09 00:00:15 tt-102 AF009_1987_EP_SU2011_AD_01 
"<no>"
	"no" Adverb NEG lang:es 00:00:09 00:00:15 tt-103 AF009_1987_EP_SU2011_AD_01 
"<se>"
	"se" Other SE lang:es 00:00:09 00:00:15 tt-104 AF009_1987_EP_SU2011_AD_01 @Gram:Pron:Otros 
"<me>"
	"yo" Pronoun PPX Singular lang:es 00:00:09 00:00:15 tt-105 AF009_1987_EP_SU2011_AD_01 @Gram:Pron:Objeto 
"<hacía>"
	"hacer" Verb VLfin Imp Indi Sing 1st_or_3rd lang:es 00:00:09 00:00:15 tt-106 AF009_1987_EP_SU2011_AD_01 @Gram:Imperf 
"<seguro>"
	"seguro" Adjective ADJ Singular lang:es 00:00:09 00:00:15 tt-107 AF009_1987_EP_SU2011_AD_01 
"<$.>"
	"." Punctuation FS lang:es 00:00:09 00:00:15 tt-108 AF009_1987_EP_SU2011_AD_01 
</speaker>
<speaker type="int">

"<Espera>"
	"espera" Noun NC Singular lang:es 00:00:09 00:00:15 tt-109 AF009_1987_EP_SU2011_AD_01 
"<,>"
	"," Punctuation CM lang:es 00:00:09 00:00:15 tt-110 AF009_1987_EP_SU2011_AD_01 
"<vamos>"
	"ir" Verb VLfin Pres Indi Plural 1st lang:es 00:00:09 00:00:15 tt-111 AF009_1987_EP_SU2011_AD_01 ID:39 R:Gram:VFut:Perifrasis:41 
"<a>"
	"a" Preposition PREP lang:es 00:00:09 00:00:15 tt-112 AF009_1987_EP_SU2011_AD_01 @Gram:Prep 
"<tomar>"
	"tomar" Verb VLinf Infinitive lang:es 00:00:09 00:00:15 tt-113 AF009_1987_EP_SU2011_AD_01 ID:41 
"<una>"
	"un" Determiner ART Singular lang:es 00:00:09 00:00:15 tt-114 AF009_1987_EP_SU2011_AD_01 
"<pausa>"
	"pausa" Noun NC Singular lang:es 00:00:09 00:00:15 tt-115 AF009_1987_EP_SU2011_AD_01 
"<aquí>"
	"aquí" Adverb ADV lang:es 00:00:09 00:00:15 tt-116 AF009_1987_EP_SU2011_AD_01 
"<$.>"
	"." Punctuation FS lang:es 00:00:15 00:00:22 tt-117 AF009_1987_EP_SU2011_AD_01 

"<$¿>"
	"¿" Punctuation FS lang:es 00:00:15 00:00:22 tt-118 AF009_1987_EP_SU2011_AD_01 
"<De>"
	"de" Preposition PREP lang:es 00:00:15 00:00:22 tt-119 AF009_1987_EP_SU2011_AD_01 @Gram:Prep 
"<dónde>"
	"dónde" Adverb ADV lang:es 00:00:15 00:00:22 tt-120 AF009_1987_EP_SU2011_AD_01 
"<viene>"
	"venir" Verb VLfin Pres Indi Sing 3rd lang:es 00:00:15 00:00:22 tt-121 AF009_1987_EP_SU2011_AD_01 
"<tu>"
	"tú" Pronoun PPX Singular lang:es 00:00:15 00:00:22 tt-122 AF009_1987_EP_SU2011_AD_01 @Gram:Det:Pos 
"<familia>"
	"familia" Noun NC Singular lang:es 00:00:15 00:00:22 tt-123 AF009_1987_EP_SU2011_AD_01 
"<$?>"
	"?" Punctuation FS lang:es 00:00:15 00:00:22 tt-124 AF009_1987_EP_SU2011_AD_01 
</speaker>
<speaker type="subj">

"<De>"
	"de" Preposition PREP lang:es 00:00:15 00:00:22 tt-125 AF009_1987_EP_SU2011_AD_01 @Gram:Prep 
"<México>"
	"México" Noun NP Singular lang:es 00:00:15 00:00:22 tt-126 AF009_1987_EP_SU2011_AD_01 
"<$.>"
	"." Punctuation FS lang:es 00:00:15 00:00:22 tt-127 AF009_1987_EP_SU2011_AD_01 

"<Mi>"
	"mío" Pronoun PPO Singular lang:es 00:00:15 00:00:22 tt-128 AF009_1987_EP_SU2011_AD_01 @Gram:Det:Pos 
"<mamá>"
	"mamá" Noun NC Singular lang:es 00:00:15 00:00:22 tt-129 AF009_1987_EP_SU2011_AD_01 
"<de>"
	"de" Preposition PREP lang:es 00:00:15 00:00:22 tt-130 AF009_1987_EP_SU2011_AD_01 @Gram:Prep 
"<León>"
	"León" Noun NP Singular lang:es 00:00:15 00:00:22 tt-131 AF009_1987_EP_SU2011_AD_01 
"<,>"
	"," Punctuation CM lang:es 00:00:15 00:00:22 tt-132 AF009_1987_EP_SU2011_AD_01 
"<Guanajuato>"
	"Guanajuato" Noun NP Singular lang:es 00:00:15 00:00:22 tt-133 AF009_1987_EP_SU2011_AD_01 
"<y>"
	"y" Conjunciton Conjunction CC lang:es 00:00:23 00:00:29 tt-134 AF009_1987_EP_SU2011_AD_01 
"<mi>"
	"mío" Pronoun PPO Singular lang:es 00:00:23 00:00:29 tt-135 AF009_1987_EP_SU2011_AD_01 @Gram:Det:Pos 
"<papá>"
	"papá" Noun NC Singular lang:es 00:00:23 00:00:29 tt-136 AF009_1987_EP_SU2011_AD_01 
"<de>"
	"de" Preposition PREP lang:es 00:00:23 00:00:29 tt-137 AF009_1987_EP_SU2011_AD_01 @Gram:Prep 
"<Chihuahua>"
	"Chihuahua" Noun NP Singular lang:es 00:00:23 00:00:29 tt-138 AF009_1987_EP_SU2011_AD_01 
"<$.>"
	"." Punctuation FS lang:es 00:00:23 00:00:29 tt-139 AF009_1987_EP_SU2011_AD_01 
</speaker>
<speaker type="int">

"<$¿>"
	"¿" Punctuation FS lang:es 00:00:23 00:00:29 tt-140 AF009_1987_EP_SU2011_AD_01 
"<Qué>"
	"qué" Pronoun INT Singular lang:es 00:00:23 00:00:29 tt-141 AF009_1987_EP_SU2011_AD_01 
"<tipo>"
	"tipo" Noun NC Singular lang:es 00:00:23 00:00:29 tt-142 AF009_1987_EP_SU2011_AD_01 
"<de>"
	"de" Preposition PREP lang:es 00:00:23 00:00:29 tt-143 AF009_1987_EP_SU2011_AD_01 @Gram:Prep 
"<trabajo>"
	"trabajo" Noun NC Singular lang:es 00:00:23 00:00:29 tt-144 AF009_1987_EP_SU2011_AD_01 
"<hacían>"
	"hacer" Verb VLfin Imp Indi Plural 3rd lang:es 00:00:23 00:00:29 tt-145 AF009_1987_EP_SU2011_AD_01 @Gram:Imperf 
"<tus>"
	"UNK" Noun NC Plural lang:es 00:00:23 00:00:29 tt-146 AF009_1987_EP_SU2011_AD_01 
</speaker>
</text>

