<text id="AF009_1987_EP_SU2011_AD_03">
<speaker type="int">
"<$.>"
	"." Punctuation FS lang:es 00:00:00 00:00:02 tt-435 AF009_1987_EP_SU2011_AD_03 
</speaker>
<speaker type="subj">

"<Uhm>"
	"UNK" Noun NC Singular lang:es 00:00:00 00:00:02 tt-436 AF009_1987_EP_SU2011_AD_03 
"<...>"
	"..." Punctuation DOTS lang:es 00:00:00 00:00:02 tt-437 AF009_1987_EP_SU2011_AD_03 
"<era>"
	"ser" Verb VEfin Imp Indi Sing 1st_or_3rd lang:es 00:00:00 00:00:02 tt-438 AF009_1987_EP_SU2011_AD_03 @Gram:Imperf @Gram:SerEstar:Ser 
"<diferente>"
	"diferente" Adjective ADJ Singular lang:es 00:00:00 00:00:02 tt-439 AF009_1987_EP_SU2011_AD_03 
"<por>"
	"por" Preposition PREP lang:es 00:00:00 00:00:02 tt-440 AF009_1987_EP_SU2011_AD_03 @Gram:Prep:Por 
"<la>"
	"el" Determiner ART Singular Fem lang:es 00:00:00 00:00:02 tt-441 AF009_1987_EP_SU2011_AD_03 @Gram:Det:Art 
"<...>"
	"..." Punctuation DOTS lang:es 00:00:00 00:00:02 tt-442 AF009_1987_EP_SU2011_AD_03 
"<yo>"
	"yo" Pronoun PPX Singular lang:es 00:00:00 00:00:02 tt-443 AF009_1987_EP_SU2011_AD_03 @Gram:Pron:Sujeto 
"<creo>"
	"crear|creer" Verb VLfin Pres Indi Sing 1st lang:es 00:00:02 00:00:09 tt-444 AF009_1987_EP_SU2011_AD_03 
"<que>"
	"que" Conjunction CQUE lang:es 00:00:02 00:00:09 tt-445 AF009_1987_EP_SU2011_AD_03 
"<por>"
	"por" Preposition PREP lang:es 00:00:02 00:00:09 tt-446 AF009_1987_EP_SU2011_AD_03 @Gram:Prep:Por 
"<la>"
	"el" Determiner ART Singular Fem lang:es 00:00:02 00:00:09 tt-447 AF009_1987_EP_SU2011_AD_03 @Gram:Det:Art 
"<cultura>"
	"cultura" Noun NC Singular lang:es 00:00:02 00:00:09 tt-448 AF009_1987_EP_SU2011_AD_03 
"<,>"
	"," Punctuation CM lang:es 00:00:02 00:00:09 tt-449 AF009_1987_EP_SU2011_AD_03 
"<que>"
	"que" Conjunction CQUE lang:es 00:00:02 00:00:09 tt-450 AF009_1987_EP_SU2011_AD_03 
"<era>"
	"ser" Verb VEfin Imp Indi Sing 1st_or_3rd lang:es 00:00:02 00:00:09 tt-451 AF009_1987_EP_SU2011_AD_03 @Gram:Imperf @Gram:SerEstar:Ser 
"<muy>"
	"muy" Adverb ADV lang:es 00:00:02 00:00:09 tt-452 AF009_1987_EP_SU2011_AD_03 
"<diferente>"
	"diferente" Adjective ADJ Singular lang:es 00:00:02 00:00:09 tt-453 AF009_1987_EP_SU2011_AD_03 
"<,>"
	"," Punctuation CM lang:es 00:00:02 00:00:09 tt-454 AF009_1987_EP_SU2011_AD_03 
"<de>"
	"de" Preposition PREP lang:es 00:00:02 00:00:09 tt-455 AF009_1987_EP_SU2011_AD_03 @Gram:Prep 
"<personas>"
	"persona" Noun NC Plural lang:es 00:00:02 00:00:09 tt-456 AF009_1987_EP_SU2011_AD_03 
"<de>"
	"de" Preposition PREP lang:es 00:00:02 00:00:09 tt-457 AF009_1987_EP_SU2011_AD_03 @Gram:Prep 
"<diferentes>"
	"diferente" Adjective ADJ Plural lang:es 00:00:02 00:00:09 tt-458 AF009_1987_EP_SU2011_AD_03 
"<países>"
	"país" Noun NC Plural lang:es 00:00:02 00:00:09 tt-459 AF009_1987_EP_SU2011_AD_03 
"<,>"
	"," Punctuation CM lang:es 00:00:02 00:00:09 tt-460 AF009_1987_EP_SU2011_AD_03 
"<uhm>"
	"UNK" Noun NC Singular lang:es 00:00:02 00:00:09 tt-461 AF009_1987_EP_SU2011_AD_03 
"<...>"
	"..." Punctuation DOTS lang:es 00:00:02 00:00:09 tt-462 AF009_1987_EP_SU2011_AD_03 
"<con>"
	"con" Preposition PREP lang:es 00:00:02 00:00:09 tt-463 AF009_1987_EP_SU2011_AD_03 @Gram:Prep 
"<diferentes>"
	"diferente" Adjective ADJ Plural lang:es 00:00:10 00:00:17 tt-464 AF009_1987_EP_SU2011_AD_03 
"<modos>"
	"modo" Noun NC Plural lang:es 00:00:10 00:00:17 tt-465 AF009_1987_EP_SU2011_AD_03 
"<de>"
	"de" Preposition PREP lang:es 00:00:10 00:00:17 tt-466 AF009_1987_EP_SU2011_AD_03 @Gram:Prep 
"<ser>"
	"ser" Noun NC Infinitive lang:es 00:00:10 00:00:17 tt-467 AF009_1987_EP_SU2011_AD_03 
"<$.>"
	"." Punctuation FS lang:es 00:00:10 00:00:17 tt-468 AF009_1987_EP_SU2011_AD_03 

"<Uhm>"
	"UNK" Noun NP Singular lang:es 00:00:10 00:00:17 tt-469 AF009_1987_EP_SU2011_AD_03 
"<...>"
	"..." Punctuation DOTS lang:es 00:00:10 00:00:17 tt-470 AF009_1987_EP_SU2011_AD_03 
"<no>"
	"no" Adverb NEG lang:es 00:00:10 00:00:17 tt-471 AF009_1987_EP_SU2011_AD_03 
"<estaba>"
	"estar" Verb VEfin Imp Indi Sing 1st_or_3rd lang:es 00:00:10 00:00:17 tt-472 AF009_1987_EP_SU2011_AD_03 @Gram:Imperf @Gram:SerEstar:Estar 
"<acostumbrada>"
	"acostumbrar" Verb VLadj lang:es 00:00:10 00:00:17 tt-473 AF009_1987_EP_SU2011_AD_03 
"<a>"
	"a" Preposition PREP lang:es 00:00:10 00:00:17 tt-474 AF009_1987_EP_SU2011_AD_03 @Gram:Prep 
"<la>"
	"el" Determiner ART Singular Fem lang:es 00:00:10 00:00:17 tt-475 AF009_1987_EP_SU2011_AD_03 @Gram:Det:Art 
"<gente>"
	"gente" Noun NC Singular lang:es 00:00:10 00:00:17 tt-476 AF009_1987_EP_SU2011_AD_03 
"<que>"
	"que" Conjunction CQUE lang:es 00:00:10 00:00:17 tt-477 AF009_1987_EP_SU2011_AD_03 
"<vivía>"
	"vivir" Verb VLfin Imp Indi Sing 1st_or_3rd lang:es 00:00:10 00:00:17 tt-478 AF009_1987_EP_SU2011_AD_03 @Gram:Imperf 
"<ahí>"
	"ahí" Adverb ADV lang:es 00:00:10 00:00:17 tt-479 AF009_1987_EP_SU2011_AD_03 
"<,>"
	"," Punctuation CM lang:es 00:00:10 00:00:17 tt-480 AF009_1987_EP_SU2011_AD_03 
"<así>"
	"así" Conjunction CSUBX lang:es 00:00:10 00:00:17 tt-481 AF009_1987_EP_SU2011_AD_03 
"<es>"
	"ser" Verb VSfin Pres Indi Sing 3rd lang:es 00:00:17 00:00:24 tt-482 AF009_1987_EP_SU2011_AD_03 @Gram:SerEstar:Ser 
"<que>"
	"que" Conjunction CQUE lang:es 00:00:17 00:00:24 tt-483 AF009_1987_EP_SU2011_AD_03 
"<más>"
	"más" Adverb ADV lang:es 00:00:17 00:00:24 tt-484 AF009_1987_EP_SU2011_AD_03 
"<bien>"
	"bien" Adverb ADV lang:es 00:00:17 00:00:24 tt-485 AF009_1987_EP_SU2011_AD_03 
"<era>"
	"ser" Verb VEfin Imp Indi Sing 1st_or_3rd lang:es 00:00:17 00:00:24 tt-486 AF009_1987_EP_SU2011_AD_03 @Gram:Imperf @Gram:SerEstar:Ser 
"<como>"
	"como" Adverb ADV lang:es 00:00:17 00:00:24 tt-487 AF009_1987_EP_SU2011_AD_03 
"<un>"
	"un" Determiner ART Singular lang:es 00:00:17 00:00:24 tt-488 AF009_1987_EP_SU2011_AD_03 ID:54 R:Herit:Contacto:Mixtas:55 
<lang code="en">
"<shock>"
	"shock" Noun NN lang:en 00:00:17 00:00:24 tt-489 AF009_1987_EP_SU2011_AD_03 ID:55 
</lang>
"<vamos>"
	"ir" Verb VLfin Pres Indi Plural 1st lang:es 00:00:17 00:00:24 tt-490 AF009_1987_EP_SU2011_AD_03 ID:56 R:Gram:VFut:Perifrasis:58 
"<a>"
	"a" Preposition PREP lang:es 00:00:17 00:00:24 tt-491 AF009_1987_EP_SU2011_AD_03 @Gram:Prep 
"<decir>"
	"decir" Verb VLinf Infinitive lang:es 00:00:17 00:00:24 tt-492 AF009_1987_EP_SU2011_AD_03 ID:58 
"<para>"
	"para" Preposition PREP lang:es 00:00:17 00:00:24 tt-493 AF009_1987_EP_SU2011_AD_03 @Gram:Prep:Para 
"<mí>"
	"yo" Pronoun PPX Singular lang:es 00:00:17 00:00:24 tt-494 AF009_1987_EP_SU2011_AD_03 
"<,>"
	"," Punctuation CM lang:es 00:00:17 00:00:24 tt-495 AF009_1987_EP_SU2011_AD_03 
"<que>"
	"que" Conjunction CQUE lang:es 00:00:17 00:00:24 tt-496 AF009_1987_EP_SU2011_AD_03 
"<no>"
	"no" Adverb NEG lang:es 00:00:17 00:00:24 tt-497 AF009_1987_EP_SU2011_AD_03 
"<...>"
	"..." Punctuation DOTS lang:es 00:00:17 00:00:24 tt-498 AF009_1987_EP_SU2011_AD_03 
"<no>"
	"no" Adverb NEG lang:es 00:00:17 00:00:24 tt-499 AF009_1987_EP_SU2011_AD_03 
"<me>"
	"yo" Pronoun PPX Singular lang:es 00:00:17 00:00:24 tt-500 AF009_1987_EP_SU2011_AD_03 @Gram:Pron:Objeto 
"<esperaba>"
	"esperar" Verb VLfin Imp Indi Sing 1st_or_3rd lang:es 00:00:17 00:00:24 tt-501 AF009_1987_EP_SU2011_AD_03 @Gram:Imperf 
"<ver>"
	"ver" Verb VLinf Infinitive lang:es 00:00:25 00:00:30 tt-502 AF009_1987_EP_SU2011_AD_03 
"<lo>"
	"el" Determiner ART Singular lang:es 00:00:25 00:00:30 tt-503 AF009_1987_EP_SU2011_AD_03 ID:69 R:Gram:Det:LoAdj:70 
"<que>"
	"que" Conjunction CQUE lang:es 00:00:25 00:00:30 tt-504 AF009_1987_EP_SU2011_AD_03 ID:70 
"<...>"
	"..." Punctuation DOTS lang:es 00:00:25 00:00:30 tt-505 AF009_1987_EP_SU2011_AD_03 
"<pues>"
	"pues" Conjunction CSUBF lang:es 00:00:25 00:00:30 tt-506 AF009_1987_EP_SU2011_AD_03 
"<eh>"
	"eh" Noun NP Singular lang:es 00:00:25 00:00:30 tt-507 AF009_1987_EP_SU2011_AD_03 
"<...>"
	"..." Punctuation DOTS lang:es 00:00:25 00:00:30 tt-508 AF009_1987_EP_SU2011_AD_03 
"<lo>"
	"el" Determiner ART Singular lang:es 00:00:25 00:00:30 tt-509 AF009_1987_EP_SU2011_AD_03 ID:75 R:Gram:Det:LoAdj:76 
"<que>"
	"que" Conjunction CQUE lang:es 00:00:25 00:00:30 tt-510 AF009_1987_EP_SU2011_AD_03 ID:76 
"<vi>"
	"vi" Determiner CARD Singular lang:es 00:00:25 00:00:30 tt-511 AF009_1987_EP_SU2011_AD_03 
"<$.>"
	"." Punctuation FS lang:es 00:00:25 00:00:30 tt-512 AF009_1987_EP_SU2011_AD_03 

"<Pero>"
	"pero" Conjunction CCAD lang:es 00:00:25 00:00:30 tt-513 AF009_1987_EP_SU2011_AD_03 @Prag:MarcadoresDisc:Revision 
"<sí>"
	"él" Pronoun PPX Singular lang:es 00:00:25 00:00:30 tt-514 AF009_1987_EP_SU2011_AD_03 
"<me>"
	"yo" Pronoun PPX Singular lang:es 00:00:25 00:00:30 tt-515 AF009_1987_EP_SU2011_AD_03 @Gram:Pron:Objeto ID:81 R:Gram:Gustar:Propios:82 
"<gustó>"
	"gustar" Verb VLfin Pret Indi Sing 3rd lang:es 00:00:25 00:00:30 tt-516 AF009_1987_EP_SU2011_AD_03 @Gram:Indefinido ID:82 
"<la>"
	"el" Determiner ART Singular Fem lang:es 00:00:25 00:00:30 tt-517 AF009_1987_EP_SU2011_AD_03 @Gram:Det:Art 
"<idea>"
	"idea" Noun NC Singular lang:es 00:00:25 00:00:30 tt-518 AF009_1987_EP_SU2011_AD_03 
"<del>"
	"del" Preposition PDEL lang:es 00:00:25 00:00:30 tt-519 AF009_1987_EP_SU2011_AD_03 @Gram:Prep 
"<clima>"
	"clima" Noun NC Singular lang:es 00:00:25 00:00:30 tt-520 AF009_1987_EP_SU2011_AD_03 
"<,>"
	"," Punctuation CM lang:es 00:00:25 00:00:30 tt-521 AF009_1987_EP_SU2011_AD_03 
"<como>"
	"como" Adverb ADV lang:es 00:00:25 00:00:30 tt-522 AF009_1987_EP_SU2011_AD_03 
"<que>"
	"que" Conjunction CQUE lang:es 00:00:25 00:00:30 tt-523 AF009_1987_EP_SU2011_AD_03 
"<hay>"
	"haber" Verb VHfin Pres Indi Sing 3rd lang:es 00:00:30 00:00:35 tt-524 AF009_1987_EP_SU2011_AD_03 @Gram:Haber:Exist 
"<muchas>"
	"mucho" Determiner QU lang:es 00:00:30 00:00:35 tt-525 AF009_1987_EP_SU2011_AD_03 @Gram:Det:CuantIndef 
"<cosas>"
	"cosa" Noun NC Plural lang:es 00:00:30 00:00:35 tt-526 AF009_1987_EP_SU2011_AD_03 
"<que>"
	"que" Conjunction CQUE lang:es 00:00:30 00:00:35 tt-527 AF009_1987_EP_SU2011_AD_03 
"<hacer>"
	"hacer" Verb VLinf Infinitive lang:es 00:00:30 00:00:35 tt-528 AF009_1987_EP_SU2011_AD_03 
"<$.>"
	"." Punctuation FS lang:es 00:00:30 00:00:35 tt-529 AF009_1987_EP_SU2011_AD_03 

"<Lo>"
	"el" Determiner ART Singular lang:es 00:00:30 00:00:35 tt-530 AF009_1987_EP_SU2011_AD_03 ID:96 R:Gram:Det:LoAdj:97 
"<que>"
	"que" Conjunction CQUE lang:es 00:00:30 00:00:35 tt-531 AF009_1987_EP_SU2011_AD_03 ID:97 
"<no>"
	"no" Adverb NEG lang:es 00:00:30 00:00:35 tt-532 AF009_1987_EP_SU2011_AD_03 
"<me>"
	"yo" Pronoun PPX Singular lang:es 00:00:30 00:00:35 tt-533 AF009_1987_EP_SU2011_AD_03 @Gram:Pron:Objeto ID:99 R:Gram:Gustar:Propios:100 
"<gustó>"
	"gustar" Verb VLfin Pret Indi Sing 3rd lang:es 00:00:30 00:00:35 tt-534 AF009_1987_EP_SU2011_AD_03 @Gram:Indefinido ID:100 
"<eran>"
	"ser" Verb VSfin Imp Indi Plural 3rd lang:es 00:00:30 00:00:35 tt-535 AF009_1987_EP_SU2011_AD_03 @Gram:Imperf @Gram:SerEstar:Ser 
"<los>"
	"el" Determiner ART Plural Masc lang:es 00:00:30 00:00:35 tt-536 AF009_1987_EP_SU2011_AD_03 @Gram:Det:Art 
"<temblores>"
	"temblor" Noun NC Plural lang:es 00:00:30 00:00:35 tt-537 AF009_1987_EP_SU2011_AD_03 
"<,>"
	"," Punctuation CM lang:es 00:00:30 00:00:35 tt-538 AF009_1987_EP_SU2011_AD_03 
"<y>"
	"y" Conjunciton Conjunction CC lang:es 00:00:30 00:00:35 tt-539 AF009_1987_EP_SU2011_AD_03 
"<nada>"
	"nada" Determiner QU lang:es 00:00:30 00:00:35 tt-540 AF009_1987_EP_SU2011_AD_03 @Gram:Det:Pron 
"<de>"
	"de" Preposition PREP lang:es 00:00:30 00:00:35 tt-541 AF009_1987_EP_SU2011_AD_03 @Gram:Prep 
"<eso>"
	"ese" Determiner DM Singular lang:es 00:00:30 00:00:35 tt-542 AF009_1987_EP_SU2011_AD_03 @Gram:Det:Demo 
"<,>"
	"," Punctuation CM lang:es 00:00:30 00:00:35 tt-543 AF009_1987_EP_SU2011_AD_03 
"<o>"
	"o" Conjunciton Conjunction CC lang:es 00:00:35 00:00:42 tt-544 AF009_1987_EP_SU2011_AD_03 
"<el>"
	"el" Determiner ART Singular Masc lang:es 00:00:35 00:00:42 tt-545 AF009_1987_EP_SU2011_AD_03 @Gram:Det:Art 
"<tráfico>"
	"tráfico" Noun NC Singular lang:es 00:00:35 00:00:42 tt-546 AF009_1987_EP_SU2011_AD_03 
"<$.>"
	"." Punctuation FS lang:es 00:00:35 00:00:42 tt-547 AF009_1987_EP_SU2011_AD_03 

"<[>"
	"[" Punctuation LP lang:es 00:00:35 00:00:42 tt-548 AF009_1987_EP_SU2011_AD_03 
"<Risas>"
	"UNK" Noun NP Plural lang:es 00:00:35 00:00:42 tt-549 AF009_1987_EP_SU2011_AD_03 
"<]>"
	"]" Other RP lang:es 00:00:35 00:00:42 tt-550 AF009_1987_EP_SU2011_AD_03 
</speaker>
<speaker type="int">
"<Sí>"
	"sí" Adverb ADV lang:es 00:00:35 00:00:42 tt-551 AF009_1987_EP_SU2011_AD_03 
"<,>"
	"," Punctuation CM lang:es 00:00:35 00:00:42 tt-552 AF009_1987_EP_SU2011_AD_03 
"<me>"
	"yo" Pronoun PPX Singular lang:es 00:00:35 00:00:42 tt-553 AF009_1987_EP_SU2011_AD_03 @Gram:Pron:Objeto 
"<imagino>"
	"imaginar" Verb VLfin Pres Indi Sing 1st lang:es 00:00:35 00:00:42 tt-554 AF009_1987_EP_SU2011_AD_03 
"<$.>"
	"." Punctuation FS lang:es 00:00:35 00:00:42 tt-555 AF009_1987_EP_SU2011_AD_03 

"<$¿>"
	"¿" Punctuation FS lang:es 00:00:35 00:00:42 tt-556 AF009_1987_EP_SU2011_AD_03 
"<Te>"
	"tú" Pronoun PPX Singular lang:es 00:00:35 00:00:42 tt-557 AF009_1987_EP_SU2011_AD_03 @Gram:Pron:Objeto 
"<gustaba>"
	"gustar" Verb VLfin Imp Indi Sing 1st_or_3rd lang:es 00:00:35 00:00:42 tt-558 AF009_1987_EP_SU2011_AD_03 @Gram:Imperf @Gram:Gustar:Interlocutor 
"<la>"
	"el" Determiner ART Singular Fem lang:es 00:00:35 00:00:42 tt-559 AF009_1987_EP_SU2011_AD_03 @Gram:Det:Art 
"<escuela>"
	"escuela" Noun NC Singular lang:es 00:00:35 00:00:42 tt-560 AF009_1987_EP_SU2011_AD_03 
"<$?>"
	"?" Punctuation FS lang:es 00:00:35 00:00:42 tt-561 AF009_1987_EP_SU2011_AD_03 
</speaker>
<speaker type="subj">

"<Me>"
	"yo" Pronoun PPX Singular lang:es 00:00:43 00:00:50 tt-562 AF009_1987_EP_SU2011_AD_03 @Gram:Pron:Objeto ID:128 R:Gram:Gustar:Propios:129 
"<encanta>"
	"encantar" Verb VLfin Pres Indi Sing 3rd lang:es 00:00:43 00:00:50 tt-563 AF009_1987_EP_SU2011_AD_03 ID:129 
"<la>"
	"el" Determiner ART Singular Fem lang:es 00:00:43 00:00:50 tt-564 AF009_1987_EP_SU2011_AD_03 @Gram:Det:Art 
"<escuela>"
	"escuela" Noun NC Singular lang:es 00:00:43 00:00:50 tt-565 AF009_1987_EP_SU2011_AD_03 
"<,>"
	"," Punctuation CM lang:es 00:00:43 00:00:50 tt-566 AF009_1987_EP_SU2011_AD_03 
"<creo>"
	"crear|creer" Verb VLfin Pres Indi Sing 1st lang:es 00:00:43 00:00:50 tt-567 AF009_1987_EP_SU2011_AD_03 
"<que>"
	"que" Conjunction CQUE lang:es 00:00:43 00:00:50 tt-568 AF009_1987_EP_SU2011_AD_03 
"<si>"
	"si" Conjunction CSUBX lang:es 00:00:43 00:00:50 tt-569 AF009_1987_EP_SU2011_AD_03 
"<no>"
	"no" Adverb NEG lang:es 00:00:43 00:00:50 tt-570 AF009_1987_EP_SU2011_AD_03 
"<voy>"
	"ir" Verb VLfin Pres Indi Sing 1st lang:es 00:00:43 00:00:50 tt-571 AF009_1987_EP_SU2011_AD_03 
"<a>"
	"a" Preposition PREP lang:es 00:00:43 00:00:50 tt-572 AF009_1987_EP_SU2011_AD_03 @Gram:Prep 
"<la>"
	"el" Determiner ART Singular Fem lang:es 00:00:43 00:00:50 tt-573 AF009_1987_EP_SU2011_AD_03 @Gram:Det:Art 
"<escuela>"
	"escuela" Noun NC Singular lang:es 00:00:43 00:00:50 tt-574 AF009_1987_EP_SU2011_AD_03 
"<,>"
	"," Punctuation CM lang:es 00:00:43 00:00:50 tt-575 AF009_1987_EP_SU2011_AD_03 
"<no>"
	"no" Adverb NEG lang:es 00:00:43 00:00:50 tt-576 AF009_1987_EP_SU2011_AD_03 
"<sé>"
	"saber|ser" Verb VLfin Pres Indi Sing 1st lang:es 00:00:43 00:00:50 tt-577 AF009_1987_EP_SU2011_AD_03 
"<,>"
	"," Punctuation CM lang:es 00:00:43 00:00:50 tt-578 AF009_1987_EP_SU2011_AD_03 
"<me>"
	"yo" Pronoun PPX Singular lang:es 00:00:43 00:00:50 tt-579 AF009_1987_EP_SU2011_AD_03 @Gram:Pron:Objeto 
"<aburro>"
	"aburrar|aburrir" Verb VLfin Pres Indi Sing 1st lang:es 00:00:43 00:00:50 tt-580 AF009_1987_EP_SU2011_AD_03 
"<$.>"
	"." Punctuation FS lang:es 00:00:43 00:00:50 tt-581 AF009_1987_EP_SU2011_AD_03 
</speaker>
<speaker type="int">

"<$¿>"
	"¿" Punctuation FS lang:es 00:00:51 00:00:58 tt-582 AF009_1987_EP_SU2011_AD_03 
"<Qué>"
	"qué" Pronoun INT Singular lang:es 00:00:51 00:00:58 tt-583 AF009_1987_EP_SU2011_AD_03 
"<tipo>"
	"tipo" Noun NC Singular lang:es 00:00:51 00:00:58 tt-584 AF009_1987_EP_SU2011_AD_03 
"<de>"
	"de" Preposition PREP lang:es 00:00:51 00:00:58 tt-585 AF009_1987_EP_SU2011_AD_03 @Gram:Prep 
"<estudiante>"
	"estudiante" Noun NC Singular lang:es 00:00:51 00:00:58 tt-586 AF009_1987_EP_SU2011_AD_03 
"<eras>"
	"ser" Verb VSfin Imp Indi Sing 2nd lang:es 00:00:51 00:00:58 tt-587 AF009_1987_EP_SU2011_AD_03 @Gram:Imperf @Gram:SerEstar:Ser 
"<$?>"
	"?" Punctuation FS lang:es 00:00:51 00:00:58 tt-588 AF009_1987_EP_SU2011_AD_03 
</speaker>
<speaker type="subj">

"<Uhm>"
	"UNK" Noun NP Singular lang:es 00:00:51 00:00:58 tt-589 AF009_1987_EP_SU2011_AD_03 
"<...>"
	"..." Punctuation DOTS lang:es 00:00:51 00:00:58 tt-590 AF009_1987_EP_SU2011_AD_03 
"<yo>"
	"yo" Pronoun PPX Singular lang:es 00:00:51 00:00:58 tt-591 AF009_1987_EP_SU2011_AD_03 @Gram:Pron:Sujeto 
"<digo>"
	"decir" Verb VLfin Pres Indi Sing 1st lang:es 00:00:51 00:00:58 tt-592 AF009_1987_EP_SU2011_AD_03 
"<que>"
	"que" Conjunction CQUE lang:es 00:00:51 00:00:58 tt-593 AF009_1987_EP_SU2011_AD_03 
"<...>"
	"..." Punctuation DOTS lang:es 00:00:51 00:00:58 tt-594 AF009_1987_EP_SU2011_AD_03 
"<buena>"
	"bueno" Adjective ADJ Singular lang:es 00:00:51 00:00:58 tt-595 AF009_1987_EP_SU2011_AD_03 
"<estudiante>"
	"estudiante" Noun NC Singular lang:es 00:00:51 00:00:58 tt-596 AF009_1987_EP_SU2011_AD_03 
"<,>"
	"," Punctuation CM lang:es 00:00:51 00:00:58 tt-597 AF009_1987_EP_SU2011_AD_03 
"<porque>"
	"porque" Conjunction CSUBX lang:es 00:01:01 00:01:07 tt-598 AF009_1987_EP_SU2011_AD_03 @Prag:MarcadoresDisc:Causa 
"<aparte>"
	"aparte" Adverb ADV lang:es 00:01:01 00:01:07 tt-599 AF009_1987_EP_SU2011_AD_03 
"<de>"
	"de" Conjunction CSUBI lang:es 00:01:01 00:01:07 tt-600 AF009_1987_EP_SU2011_AD_03 
"<que>"
	"que" Conjunction CQUE lang:es 00:01:01 00:01:07 tt-601 AF009_1987_EP_SU2011_AD_03 
"<me>"
	"yo" Pronoun PPX Singular lang:es 00:01:01 00:01:07 tt-602 AF009_1987_EP_SU2011_AD_03 @Gram:Pron:Objeto ID:168 R:Gram:Gustar:Propios:169 
"<gusta>"
	"gustar" Verb VLfin Pres Indi Sing 3rd lang:es 00:01:01 00:01:07 tt-603 AF009_1987_EP_SU2011_AD_03 ID:169 
"<la>"
	"el" Determiner ART Singular Fem lang:es 00:01:01 00:01:07 tt-604 AF009_1987_EP_SU2011_AD_03 @Gram:Det:Art 
"<escuela>"
	"escuela" Noun NC Singular lang:es 00:01:01 00:01:07 tt-605 AF009_1987_EP_SU2011_AD_03 
"<,>"
	"," Punctuation CM lang:es 00:01:01 00:01:07 tt-606 AF009_1987_EP_SU2011_AD_03 
"<me>"
	"yo" Pronoun PPX Singular lang:es 00:01:01 00:01:07 tt-607 AF009_1987_EP_SU2011_AD_03 @Gram:Pron:Objeto ID:173 R:Gram:Gustar:Propios:174 
"<gusta>"
	"gustar" Verb VLfin Pres Indi Sing 3rd lang:es 00:01:01 00:01:07 tt-608 AF009_1987_EP_SU2011_AD_03 ID:174 
"<mucho>"
	"mucho" Adverb ADV lang:es 00:01:01 00:01:07 tt-609 AF009_1987_EP_SU2011_AD_03 
"<aprender>"
	"aprender" Verb VLinf Infinitive lang:es 00:01:01 00:01:07 tt-610 AF009_1987_EP_SU2011_AD_03 
"<,>"
	"," Punctuation CM lang:es 00:01:01 00:01:07 tt-611 AF009_1987_EP_SU2011_AD_03 
"<y>"
	"y" Conjunciton Conjunction CC lang:es 00:01:01 00:01:07 tt-612 AF009_1987_EP_SU2011_AD_03 
"<saber>"
	"saber" Verb VLinf Infinitive lang:es 00:01:01 00:01:07 tt-613 AF009_1987_EP_SU2011_AD_03 
"<más>"
	"más" Adverb ADV lang:es 00:01:01 00:01:07 tt-614 AF009_1987_EP_SU2011_AD_03 
"<cosas>"
	"cosa" Noun NC Plural lang:es 00:01:01 00:01:07 tt-615 AF009_1987_EP_SU2011_AD_03 
"<de>"
	"de" Preposition PREP lang:es 00:01:07 00:01:13 tt-616 AF009_1987_EP_SU2011_AD_03 @Gram:Prep 
"<lo>"
	"el" Determiner ART Singular lang:es 00:01:07 00:01:13 tt-617 AF009_1987_EP_SU2011_AD_03 ID:183 R:Gram:Det:LoAdj:184 
"<que>"
	"que" Conjunction CQUE lang:es 00:01:07 00:01:13 tt-618 AF009_1987_EP_SU2011_AD_03 ID:184 
"<a>"
	"a" Preposition PREP lang:es 00:01:07 00:01:13 tt-619 AF009_1987_EP_SU2011_AD_03 @Gram:Prep 
"<mí>"
	"yo" Pronoun PPX Singular lang:es 00:01:07 00:01:13 tt-620 AF009_1987_EP_SU2011_AD_03 
"<me>"
	"yo" Pronoun PPX Singular lang:es 00:01:07 00:01:13 tt-621 AF009_1987_EP_SU2011_AD_03 @Gram:Pron:Objeto ID:187 R:Gram:Gustar:Propios:188 
"<interesa>"
	"interesar" Verb VLfin Pres Indi Sing 3rd lang:es 00:01:07 00:01:13 tt-622 AF009_1987_EP_SU2011_AD_03 ID:188 
"<$.>"
	"." Punctuation FS lang:es 00:01:07 00:01:13 tt-623 AF009_1987_EP_SU2011_AD_03 

"<Así>"
	"así" Conjunction CSUBX lang:es 00:01:07 00:01:13 tt-624 AF009_1987_EP_SU2011_AD_03 
"<es>"
	"ser" Verb VSfin Pres Indi Sing 3rd lang:es 00:01:07 00:01:13 tt-625 AF009_1987_EP_SU2011_AD_03 @Gram:SerEstar:Ser 
"<que>"
	"que" Conjunction CQUE lang:es 00:01:07 00:01:13 tt-626 AF009_1987_EP_SU2011_AD_03 
"<,>"
	"," Punctuation CM lang:es 00:01:07 00:01:13 tt-627 AF009_1987_EP_SU2011_AD_03 
"<nunca>"
	"nunca" Adverb ADV lang:es 00:01:07 00:01:13 tt-628 AF009_1987_EP_SU2011_AD_03 
"<creo>"
	"crear|creer" Verb VLfin Pres Indi Sing 1st lang:es 00:01:07 00:01:13 tt-629 AF009_1987_EP_SU2011_AD_03 
"<que>"
	"que" Conjunction CQUE lang:es 00:01:07 00:01:13 tt-630 AF009_1987_EP_SU2011_AD_03 
"<me>"
	"yo" Pronoun PPX Singular lang:es 00:01:07 00:01:13 tt-631 AF009_1987_EP_SU2011_AD_03 @Gram:Pron:Objeto 
"<quejé>"
	"UNK" Verb VLfin Pret Indi Sing 1st lang:es 00:01:07 00:01:13 tt-632 AF009_1987_EP_SU2011_AD_03 @Gram:Indefinido 
"<de>"
	"de" Preposition PREP lang:es 00:01:07 00:01:13 tt-633 AF009_1987_EP_SU2011_AD_03 @Gram:Prep 
"<ir>"
	"ir" Verb VLinf Infinitive lang:es 00:01:07 00:01:13 tt-634 AF009_1987_EP_SU2011_AD_03 
"<a>"
	"a" Preposition PREP lang:es 00:01:07 00:01:13 tt-635 AF009_1987_EP_SU2011_AD_03 @Gram:Prep 
"<la>"
	"el" Determiner ART Singular Fem lang:es 00:01:07 00:01:13 tt-636 AF009_1987_EP_SU2011_AD_03 @Gram:Det:Art 
"<escuela>"
	"escuela" Noun NC Singular lang:es 00:01:07 00:01:13 tt-637 AF009_1987_EP_SU2011_AD_03 
"<,>"
	"," Punctuation CM lang:es 00:01:07 00:01:13 tt-638 AF009_1987_EP_SU2011_AD_03 
</speaker>
</text>

