<text id="AF002_1989_EP_SU2011_AD_15">
<speaker type="int">
"<Claro>"
	"claro" Adjective ADJ Singular lang:es 00:00:00 00:00:06 tt-4397 AF002_1989_EP_SU2011_AD_15 
"<$.>"
	"." Punctuation FS lang:es 00:00:00 00:00:06 tt-4398 AF002_1989_EP_SU2011_AD_15 

"<$¿>"
	"¿" Punctuation FS lang:es 00:00:00 00:00:06 tt-4399 AF002_1989_EP_SU2011_AD_15 
"<Cuál>"
	"cuál" Pronoun INT Singular lang:es 00:00:00 00:00:06 tt-4400 AF002_1989_EP_SU2011_AD_15 
"<es>"
	"ser" Verb VSfin Pres Indi Sing 3rd lang:es 00:00:00 00:00:06 tt-4401 AF002_1989_EP_SU2011_AD_15 @Gram:SerEstar:Ser ADD:813 
"<la>"
	"el" Determiner ART Singular Fem lang:es 00:00:00 00:00:06 tt-4402 AF002_1989_EP_SU2011_AD_15 @Gram:Det:Art ADD:426 
"<importancia>"
	"importancia" Noun NC Singular lang:es 00:00:00 00:00:06 tt-4403 AF002_1989_EP_SU2011_AD_15 
"<del>"
	"del" Preposition PDEL lang:es 00:00:00 00:00:06 tt-4404 AF002_1989_EP_SU2011_AD_15 @Gram:Prep ADD:624 
"<español>"
	"español" Noun NC Singular lang:es 00:00:00 00:00:06 tt-4405 AF002_1989_EP_SU2011_AD_15 
"<para>"
	"para" Preposition PREP lang:es 00:00:00 00:00:06 tt-4406 AF002_1989_EP_SU2011_AD_15 @Gram:Prep:Para SUBSTITUTE:345 ADD:588 
"<ti>"
	"tú" Pronoun PPX Singular lang:es 00:00:00 00:00:06 tt-4407 AF002_1989_EP_SU2011_AD_15 
"<$?>"
	"?" Punctuation FS lang:es 00:00:00 00:00:06 tt-4408 AF002_1989_EP_SU2011_AD_15 
</speaker>
<speaker type="subj">

"<Es>"
	"ser" Verb VSfin Pres Indi Sing 3rd lang:es 00:00:06 00:00:13 tt-4409 AF002_1989_EP_SU2011_AD_15 @Gram:SerEstar:Ser ADD:813 
"<mucha>"
	"mucho" Adjective ADJ Singular lang:es 00:00:06 00:00:13 tt-4410 AF002_1989_EP_SU2011_AD_15 
"<,>"
	"," Punctuation CM lang:es 00:00:06 00:00:13 tt-4411 AF002_1989_EP_SU2011_AD_15 
"<porque>"
	"porque" Conjunction CSUBX lang:es 00:00:06 00:00:13 tt-4412 AF002_1989_EP_SU2011_AD_15 @Prag:MarcadoresDisc:Causa ADD:1099 
"<es>"
	"ser" Verb VSfin Pres Indi Sing 3rd lang:es 00:00:06 00:00:13 tt-4413 AF002_1989_EP_SU2011_AD_15 @Gram:SerEstar:Ser ADD:813 
"<un>"
	"un" Determiner ART Singular lang:es 00:00:06 00:00:13 tt-4414 AF002_1989_EP_SU2011_AD_15 ID:18 R:Gram:Genero:ExcepMasc:19 ADDRELATION(Gram:Genero:ExcepMasc):522 
"<idioma>"
	"idioma" Noun NC Singular lang:es 00:00:06 00:00:13 tt-4415 AF002_1989_EP_SU2011_AD_15 ID:19 
"<,>"
	"," Punctuation CM lang:es 00:00:06 00:00:13 tt-4416 AF002_1989_EP_SU2011_AD_15 
"<ese>"
	"ese" Determiner DM Singular lang:es 00:00:06 00:00:13 tt-4417 AF002_1989_EP_SU2011_AD_15 
"<fue>"
	"ser" Verb VSfin Pret Indi Sing 3rd lang:es 00:00:06 00:00:13 tt-4418 AF002_1989_EP_SU2011_AD_15 @Gram:Indefinido @Gram:SerEstar:Ser ADD:698 ADD:813 
"<mi>"
	"mío" Pronoun PPO Singular lang:es 00:00:06 00:00:13 tt-4419 AF002_1989_EP_SU2011_AD_15 @Gram:Det:Pos ADD:456 
"<primer>"
	"primero" Adjective ORD Singular lang:es 00:00:06 00:00:13 tt-4420 AF002_1989_EP_SU2011_AD_15 Gram:Adj:Ord ADD:538 
"<idioma>"
	"idioma" Noun NC Singular lang:es 00:00:06 00:00:13 tt-4421 AF002_1989_EP_SU2011_AD_15 
"<$.>"
	"." Punctuation FS lang:es 00:00:06 00:00:13 tt-4422 AF002_1989_EP_SU2011_AD_15 

"<Siempre>"
	"siempre" Adverb ADV lang:es 00:00:06 00:00:13 tt-4423 AF002_1989_EP_SU2011_AD_15 
"<va>"
	"ir" Verb VLfin Pres Indi Sing 3rd lang:es 00:00:06 00:00:13 tt-4424 AF002_1989_EP_SU2011_AD_15 ID:28 R:Gram:VFut:Perifrasis:30 ADDRELATION(Gram:VFut:Perifrasis):717 
"<a>"
	"a" Preposition PREP lang:es 00:00:06 00:00:13 tt-4425 AF002_1989_EP_SU2011_AD_15 @Gram:Prep SUBSTITUTE:398 ADD:624 
"<ser>"
	"ser" Verb VLinf VSinf Infinitive lang:es 00:00:06 00:00:13 tt-4426 AF002_1989_EP_SU2011_AD_15 @Gram:SerEstar:Ser ID:30 SUBSTITUTE:329 ADD:813 
"<mi>"
	"mío" Pronoun PPO Singular lang:es 00:00:06 00:00:13 tt-4427 AF002_1989_EP_SU2011_AD_15 @Gram:Det:Pos ADD:456 
"<primer>"
	"primero" Adjective ORD Singular lang:es 00:00:06 00:00:13 tt-4428 AF002_1989_EP_SU2011_AD_15 Gram:Adj:Ord ADD:538 
"<idioma>"
	"idioma" Noun NC Singular lang:es 00:00:14 00:00:21 tt-4429 AF002_1989_EP_SU2011_AD_15 
"<muy>"
	"muy" Adverb ADV lang:es 00:00:14 00:00:21 tt-4430 AF002_1989_EP_SU2011_AD_15 
"<importante>"
	"importante" Adjective ADJ Singular lang:es 00:00:14 00:00:21 tt-4431 AF002_1989_EP_SU2011_AD_15 
"<$.>"
	"." Punctuation FS lang:es 00:00:14 00:00:21 tt-4432 AF002_1989_EP_SU2011_AD_15 

"<Y>"
	"y" Conjunciton CC lang:es 00:00:14 00:00:21 tt-4433 AF002_1989_EP_SU2011_AD_15 SUBSTITUTE:394 SUBSTITUTE:395 
"<,>"
	"," Punctuation CM lang:es 00:00:14 00:00:21 tt-4434 AF002_1989_EP_SU2011_AD_15 
"<mmm>"
	"mmm" Noun NP Singular lang:es 00:00:14 00:00:21 tt-4435 AF002_1989_EP_SU2011_AD_15 
"<...>"
	"..." Punctuation DOTS lang:es 00:00:14 00:00:21 tt-4436 AF002_1989_EP_SU2011_AD_15 
"<es>"
	"ser" Verb VSfin Pres Indi Sing 3rd lang:es 00:00:14 00:00:21 tt-4437 AF002_1989_EP_SU2011_AD_15 @Gram:SerEstar:Ser ADD:813 
"<...>"
	"..." Punctuation DOTS lang:es 00:00:14 00:00:21 tt-4438 AF002_1989_EP_SU2011_AD_15 
"<yo>"
	"yo" Pronoun PPX Singular lang:es 00:00:14 00:00:21 tt-4439 AF002_1989_EP_SU2011_AD_15 @Gram:Pron:Sujeto ADD:634 
"<opino>"
	"opinar" Verb VLfin Pres Indi Sing 1st lang:es 00:00:14 00:00:21 tt-4440 AF002_1989_EP_SU2011_AD_15 
"<que>"
	"que" Conjunction CQUE lang:es 00:00:14 00:00:21 tt-4441 AF002_1989_EP_SU2011_AD_15 
"<entre>"
	"entre" Preposition PREP lang:es 00:00:14 00:00:21 tt-4442 AF002_1989_EP_SU2011_AD_15 @Gram:Prep ADD:624 
"<más>"
	"más" Adverb ADV lang:es 00:00:14 00:00:21 tt-4443 AF002_1989_EP_SU2011_AD_15 
"<idiomas>"
	"idioma" Noun NC Plural lang:es 00:00:14 00:00:21 tt-4444 AF002_1989_EP_SU2011_AD_15 
"<tú>"
	"tú" Pronoun PPX Singular lang:es 00:00:14 00:00:21 tt-4445 AF002_1989_EP_SU2011_AD_15 @Gram:Pron:Sujeto ADD:634 
"<puedas>"
	"poder" Verb VLfin Pres Subj Sing 2nd lang:es 00:00:14 00:00:21 tt-4446 AF002_1989_EP_SU2011_AD_15 @Gram:MSub:Pres ADD:782 
"<hablar>"
	"hablar" Verb VLinf Infinitive lang:es 00:00:14 00:00:21 tt-4447 AF002_1989_EP_SU2011_AD_15 SUBSTITUTE:329 
"<,>"
	"," Punctuation CM lang:es 00:00:14 00:00:21 tt-4448 AF002_1989_EP_SU2011_AD_15 
"<mucho>"
	"mucho" Adverb ADV lang:es 00:00:14 00:00:21 tt-4449 AF002_1989_EP_SU2011_AD_15 
"<mejor>"
	"bueno" Adjective ADJ Singular lang:es 00:00:22 00:00:27 tt-4450 AF002_1989_EP_SU2011_AD_15 
"<para>"
	"para" Preposition PREP lang:es 00:00:22 00:00:27 tt-4451 AF002_1989_EP_SU2011_AD_15 @Gram:Prep:Para SUBSTITUTE:345 ADD:588 
"<ti>"
	"tú" Pronoun PPX Singular lang:es 00:00:22 00:00:27 tt-4452 AF002_1989_EP_SU2011_AD_15 
"<,>"
	"," Punctuation CM lang:es 00:00:22 00:00:27 tt-4453 AF002_1989_EP_SU2011_AD_15 
"<te>"
	"tú" Pronoun PPX Singular lang:es 00:00:22 00:00:27 tt-4454 AF002_1989_EP_SU2011_AD_15 @Gram:Pron:Objeto ADD:658 
"<desenvuelves>"
	"UNK" Verb VLfin Pres Subj Sing 2nd lang:es 00:00:22 00:00:27 tt-4455 AF002_1989_EP_SU2011_AD_15 @Gram:MSub:Pres ADD:782 
"<más>"
	"más" Adverb ADV lang:es 00:00:22 00:00:27 tt-4456 AF002_1989_EP_SU2011_AD_15 
"<,>"
	"," Punctuation CM lang:es 00:00:22 00:00:27 tt-4457 AF002_1989_EP_SU2011_AD_15 
"<convives>"
	"convivir" Verb VLfin Pres Indi Sing 2nd lang:es 00:00:22 00:00:27 tt-4458 AF002_1989_EP_SU2011_AD_15 
"<con>"
	"con" Preposition PREP lang:es 00:00:22 00:00:27 tt-4459 AF002_1989_EP_SU2011_AD_15 @Gram:Prep ADD:624 
"<más>"
	"más" Adverb ADV lang:es 00:00:22 00:00:27 tt-4460 AF002_1989_EP_SU2011_AD_15 
"<gente>"
	"gente" Noun NC Singular lang:es 00:00:22 00:00:27 tt-4461 AF002_1989_EP_SU2011_AD_15 
"<,>"
	"," Punctuation CM lang:es 00:00:22 00:00:27 tt-4462 AF002_1989_EP_SU2011_AD_15 
"<te>"
	"tú" Pronoun PPX Singular lang:es 00:00:22 00:00:27 tt-4463 AF002_1989_EP_SU2011_AD_15 @Gram:Pron:Objeto ADD:658 
"<da>"
	"dar" Verb VLfin Pres Indi Sing 3rd lang:es 00:00:22 00:00:27 tt-4464 AF002_1989_EP_SU2011_AD_15 
"<muchas>"
	"mucho" Determiner QU lang:es 00:00:22 00:00:27 tt-4465 AF002_1989_EP_SU2011_AD_15 @Gram:Det:CuantIndef ADD:478 
"<oportunidades>"
	"oportunidad" Noun NC Plural lang:es 00:00:22 00:00:27 tt-4466 AF002_1989_EP_SU2011_AD_15 
"<,>"
	"," Punctuation CM lang:es 00:00:22 00:00:27 tt-4467 AF002_1989_EP_SU2011_AD_15 
"<te>"
	"tú" Pronoun PPX Singular lang:es 00:00:27 00:00:33 tt-4468 AF002_1989_EP_SU2011_AD_15 @Gram:Pron:Objeto ADD:658 
"<da>"
	"dar" Verb VLfin Pres Indi Sing 3rd lang:es 00:00:27 00:00:33 tt-4469 AF002_1989_EP_SU2011_AD_15 
"<oportunidad>"
	"oportunidad" Noun NC Singular lang:es 00:00:27 00:00:33 tt-4470 AF002_1989_EP_SU2011_AD_15 
"<de>"
	"de" Conjunction CSUBI lang:es 00:00:27 00:00:33 tt-4471 AF002_1989_EP_SU2011_AD_15 
"<conocer>"
	"conocer" Verb VLinf Infinitive lang:es 00:00:27 00:00:33 tt-4472 AF002_1989_EP_SU2011_AD_15 SUBSTITUTE:329 
"<gente>"
	"gente" Noun NC Singular lang:es 00:00:27 00:00:33 tt-4473 AF002_1989_EP_SU2011_AD_15 
"<que>"
	"que" Conjunction CQUE lang:es 00:00:27 00:00:33 tt-4474 AF002_1989_EP_SU2011_AD_15 
"<habla>"
	"hablar" Verb VLfin Pres Indi Sing 3rd lang:es 00:00:27 00:00:33 tt-4475 AF002_1989_EP_SU2011_AD_15 
"<ese>"
	"ese" Determiner DM Singular lang:es 00:00:27 00:00:33 tt-4476 AF002_1989_EP_SU2011_AD_15 @Gram:Det:Demo ID:80 R:Gram:Genero:ExcepMasc:81 ADD:442 ADDRELATION(Gram:Genero:ExcepMasc):522 
"<idioma>"
	"idioma" Noun NC Singular lang:es 00:00:27 00:00:33 tt-4477 AF002_1989_EP_SU2011_AD_15 ID:81 
"<$.>"
	"." Punctuation FS lang:es 00:00:27 00:00:33 tt-4478 AF002_1989_EP_SU2011_AD_15 

"<Entonces>"
	"entonces" Adverb ADV lang:es 00:00:27 00:00:33 tt-4479 AF002_1989_EP_SU2011_AD_15 
"<,>"
	"," Punctuation CM lang:es 00:00:27 00:00:33 tt-4480 AF002_1989_EP_SU2011_AD_15 
"<nunca>"
	"nunca" Adverb ADV lang:es 00:00:27 00:00:33 tt-4481 AF002_1989_EP_SU2011_AD_15 
"<me>"
	"yo" Pronoun PPX Singular lang:es 00:00:27 00:00:33 tt-4482 AF002_1989_EP_SU2011_AD_15 @Gram:Pron:Objeto ADD:658 
"<lo>"
	"él" Pronoun PPC Singular lang:es 00:00:27 00:00:33 tt-4483 AF002_1989_EP_SU2011_AD_15 @Gram:Pron:Objeto ADD:664 
"<voy>"
	"ir" Verb VLfin Pres Indi Sing 1st lang:es 00:00:27 00:00:33 tt-4484 AF002_1989_EP_SU2011_AD_15 ID:88 R:Gram:VFut:Perifrasis:90 ADDRELATION(Gram:VFut:Perifrasis):717 
"<a>"
	"a" Preposition PREP lang:es 00:00:27 00:00:33 tt-4485 AF002_1989_EP_SU2011_AD_15 @Gram:Prep SUBSTITUTE:398 ADD:624 
"<olvidar>"
	"olvidar" Verb VLinf Infinitive lang:es 00:00:27 00:00:33 tt-4486 AF002_1989_EP_SU2011_AD_15 ID:90 SUBSTITUTE:329 
"<y>"
	"y" Conjunciton Conjunction CC lang:es 00:00:33 00:00:40 tt-4487 AF002_1989_EP_SU2011_AD_15 SUBSTITUTE:394 
"<sí>"
	"sí" Adverb ADV lang:es 00:00:33 00:00:40 tt-4488 AF002_1989_EP_SU2011_AD_15 
"<lo>"
	"él" Pronoun PPC Singular lang:es 00:00:33 00:00:40 tt-4489 AF002_1989_EP_SU2011_AD_15 @Gram:Pron:Objeto ADD:664 
"<voy>"
	"ir" Verb VLfin Pres Indi Sing 1st lang:es 00:00:33 00:00:40 tt-4490 AF002_1989_EP_SU2011_AD_15 ID:94 R:Gram:VFut:Perifrasis:96 ADDRELATION(Gram:VFut:Perifrasis):717 
"<a>"
	"a" Preposition PREP lang:es 00:00:33 00:00:40 tt-4491 AF002_1989_EP_SU2011_AD_15 @Gram:Prep SUBSTITUTE:398 ADD:624 
"<tratar>"
	"tratar" Verb VLinf Infinitive lang:es 00:00:33 00:00:40 tt-4492 AF002_1989_EP_SU2011_AD_15 ID:96 SUBSTITUTE:329 
"<de>"
	"de" Preposition PREP lang:es 00:00:33 00:00:40 tt-4493 AF002_1989_EP_SU2011_AD_15 @Gram:Prep ADD:624 
"<preservar>"
	"preservar" Verb VLinf Infinitive lang:es 00:00:33 00:00:40 tt-4494 AF002_1989_EP_SU2011_AD_15 SUBSTITUTE:329 
"<a>"
	"a" Preposition PREP lang:es 00:00:33 00:00:40 tt-4495 AF002_1989_EP_SU2011_AD_15 @Gram:Prep ID:99 R:Prag:MarcadoresDisc:Probabilidad:101 SUBSTITUTE:398 ADD:624 ADDRELATION(Prag:MarcadoresDisc:Probabilidad):1161 
"<lo>"
	"el" Determiner ART Singular lang:es 00:00:33 00:00:40 tt-4496 AF002_1989_EP_SU2011_AD_15 
"<mejor>"
	"bueno" Adjective ADJ Singular lang:es 00:00:33 00:00:40 tt-4497 AF002_1989_EP_SU2011_AD_15 ID:101 
"<con>"
	"con" Preposition PREP lang:es 00:00:33 00:00:40 tt-4498 AF002_1989_EP_SU2011_AD_15 @Gram:Prep ADD:624 
"<mis>"
	"mío" Pronoun PPO Plural lang:es 00:00:33 00:00:40 tt-4499 AF002_1989_EP_SU2011_AD_15 @Gram:Det:Pos SUBSTITUTE:318 ADD:457 
"<hijos>"
	"hijo" Noun NC Plural lang:es 00:00:33 00:00:40 tt-4500 AF002_1989_EP_SU2011_AD_15 
"<o>"
	"o" Conjunciton Conjunction CC lang:es 00:00:33 00:00:40 tt-4501 AF002_1989_EP_SU2011_AD_15 SUBSTITUTE:396 
"<con>"
	"con" Preposition PREP lang:es 00:00:33 00:00:40 tt-4502 AF002_1989_EP_SU2011_AD_15 @Gram:Prep ADD:624 
"<otros>"
	"otro" Determiner QU lang:es 00:00:33 00:00:40 tt-4503 AF002_1989_EP_SU2011_AD_15 
"<miembros>"
	"miembro" Noun NC Plural lang:es 00:00:33 00:00:40 tt-4504 AF002_1989_EP_SU2011_AD_15 
"<de>"
	"de" Preposition PREP lang:es 00:00:33 00:00:40 tt-4505 AF002_1989_EP_SU2011_AD_15 @Gram:Prep ADD:624 
"<mi>"
	"mío" Pronoun PPO Singular lang:es 00:00:33 00:00:40 tt-4506 AF002_1989_EP_SU2011_AD_15 @Gram:Det:Pos ADD:456 
"<familia>"
	"familia" Noun NC Singular lang:es 00:00:33 00:00:40 tt-4507 AF002_1989_EP_SU2011_AD_15 
"<$.>"
	"." Punctuation FS lang:es 00:00:33 00:00:40 tt-4508 AF002_1989_EP_SU2011_AD_15 
</speaker>
</text>

