<text id="AF002_1989_EP_SU2011_AD_12">
<speaker type="int">
"<$¿>"
	"¿" Punctuation FS lang:es 00:00:00 00:00:07 tt-3748 AF002_1989_EP_SU2011_AD_12 
"<Has>"
	"haber" Verb VHfin Pres Indi Sing 2nd lang:es 00:00:00 00:00:07 tt-3749 AF002_1989_EP_SU2011_AD_12 ID:2 R:Gram:Aux:Haber:3 R:Gram:PerfPerif:3 ADDRELATION():553 
"<escuchado>"
	"escuchar" Verb VLadj lang:es 00:00:00 00:00:07 tt-3750 AF002_1989_EP_SU2011_AD_12 ID:3 
"<las>"
	"el" Determiner ART Plural lang:es 00:00:00 00:00:07 tt-3751 AF002_1989_EP_SU2011_AD_12 @Gram:Det:Art ADD:324 
"<palabras>"
	"palabra" Noun NC Plural lang:es 00:00:00 00:00:07 tt-3752 AF002_1989_EP_SU2011_AD_12 
"<pocho>"
	"UNK" Noun NC Singular lang:es 00:00:00 00:00:07 tt-3753 AF002_1989_EP_SU2011_AD_12 
"<o>"
	"o" Conjunction CC lang:es 00:00:00 00:00:07 tt-3754 AF002_1989_EP_SU2011_AD_12 
"<spanglish>"
	"UNK" Noun NC Singular lang:es 00:00:00 00:00:07 tt-3755 AF002_1989_EP_SU2011_AD_12 
"<$?>"
	"?" Punctuation FS lang:es 00:00:00 00:00:07 tt-3756 AF002_1989_EP_SU2011_AD_12 

"<Y>"
	"y" Conjunction CC lang:es 00:00:00 00:00:07 tt-3757 AF002_1989_EP_SU2011_AD_12 
"<,>"
	"," Punctuation CM lang:es 00:00:00 00:00:07 tt-3758 AF002_1989_EP_SU2011_AD_12 
"<$¿>"
	"¿" Punctuation FS lang:es 00:00:00 00:00:07 tt-3759 AF002_1989_EP_SU2011_AD_12 
"<qué>"
	"qué" Pronoun INT Singular lang:es 00:00:00 00:00:07 tt-3760 AF002_1989_EP_SU2011_AD_12 
"<significan>"
	"significar" Verb VLfin Pres Indi Plural 3rd lang:es 00:00:00 00:00:07 tt-3761 AF002_1989_EP_SU2011_AD_12 
"<para>"
	"para" Preposition PREP lang:es 00:00:00 00:00:07 tt-3762 AF002_1989_EP_SU2011_AD_12 @Gram:Prep:Para ADD:437 
"<ti>"
	"tú" Pronoun PPX Singular lang:es 00:00:00 00:00:07 tt-3763 AF002_1989_EP_SU2011_AD_12 
"<$?>"
	"?" Punctuation FS lang:es 00:00:00 00:00:07 tt-3764 AF002_1989_EP_SU2011_AD_12 

"<$.>"
	"." Punctuation FS lang:es 00:00:07 00:00:14 tt-3766 AF002_1989_EP_SU2011_AD_12 

"<Este>"
	"este" Determiner DM Singular lang:es 00:00:07 00:00:14 tt-3767 AF002_1989_EP_SU2011_AD_12 @Prag:RecuDiscurso:GanarTiempo ADD:939 
"<...>"
	"..." Punctuation DOTS lang:es 00:00:07 00:00:14 tt-3768 AF002_1989_EP_SU2011_AD_12 
"<sí>"
	"sí" Adverb ADV lang:es 00:00:07 00:00:14 tt-3769 AF002_1989_EP_SU2011_AD_12 
"<las>"
	"él" Pronoun PPC Plural lang:es 00:00:07 00:00:14 tt-3770 AF002_1989_EP_SU2011_AD_12 @Gram:Pron:Objeto ADD:512 
"<he>"
	"haber" Verb VHfin Pres Indi Sing 1st lang:es 00:00:07 00:00:14 tt-3771 AF002_1989_EP_SU2011_AD_12 ID:23 R:Gram:Aux:Haber:24 R:Gram:PerfPerif:24 ADDRELATION():553 
"<escuchado>"
	"escuchar" Verb VLadj lang:es 00:00:07 00:00:14 tt-3772 AF002_1989_EP_SU2011_AD_12 ID:24 
"<mucho>"
	"mucho" Adverb ADV lang:es 00:00:07 00:00:14 tt-3773 AF002_1989_EP_SU2011_AD_12 
"<$.>"
	"." Punctuation FS lang:es 00:00:07 00:00:14 tt-3774 AF002_1989_EP_SU2011_AD_12 

"<...>"
	"..." Punctuation DOTS lang:es 00:00:07 00:00:14 tt-3776 AF002_1989_EP_SU2011_AD_12 
"<pocho>"
	"UNK" Noun NC Singular lang:es 00:00:07 00:00:14 tt-3777 AF002_1989_EP_SU2011_AD_12 
"<,>"
	"," Punctuation CM lang:es 00:00:07 00:00:14 tt-3778 AF002_1989_EP_SU2011_AD_12 
"<sé>"
	"saber|ser" Verb VLfin Pres Indi Sing 1st lang:es 00:00:07 00:00:14 tt-3779 AF002_1989_EP_SU2011_AD_12 
"<a>"
	"a" Preposition PREP lang:es 00:00:07 00:00:14 tt-3780 AF002_1989_EP_SU2011_AD_12 @Gram:Prep ADD:472 
"<lo>"
	"el" Determiner ART Singular lang:es 00:00:07 00:00:14 tt-3781 AF002_1989_EP_SU2011_AD_12 
"<que>"
	"que" Conjunction CQUE lang:es 00:00:07 00:00:14 tt-3782 AF002_1989_EP_SU2011_AD_12 
"<se>"
	"se" Other SE lang:es 00:00:07 00:00:14 tt-3783 AF002_1989_EP_SU2011_AD_12 
"<refieren>"
	"referir" Verb VLfin Pres Indi Plural 3rd lang:es 00:00:07 00:00:14 tt-3784 AF002_1989_EP_SU2011_AD_12 
"<,>"
	"," Punctuation CM lang:es 00:00:07 00:00:14 tt-3785 AF002_1989_EP_SU2011_AD_12 
"<sé>"
	"saber|ser" Verb VLfin Pres Indi Sing 1st lang:es 00:00:07 00:00:14 tt-3786 AF002_1989_EP_SU2011_AD_12 
"<que>"
	"que" Conjunction CQUE lang:es 00:00:16 00:00:23 tt-3787 AF002_1989_EP_SU2011_AD_12 
"<se>"
	"se" Other SE lang:es 00:00:16 00:00:23 tt-3788 AF002_1989_EP_SU2011_AD_12 
"<refieren>"
	"referir" Verb VLfin Pres Indi Plural 3rd lang:es 00:00:16 00:00:23 tt-3789 AF002_1989_EP_SU2011_AD_12 
"<a>"
	"a" Preposition PREP lang:es 00:00:16 00:00:23 tt-3790 AF002_1989_EP_SU2011_AD_12 @Gram:Prep ADD:472 
"<una>"
	"un" Determiner ART Singular lang:es 00:00:16 00:00:23 tt-3791 AF002_1989_EP_SU2011_AD_12 
"<persona>"
	"persona" Noun NC Singular lang:es 00:00:16 00:00:23 tt-3792 AF002_1989_EP_SU2011_AD_12 
"<que>"
	"que" Conjunction CQUE lang:es 00:00:16 00:00:23 tt-3793 AF002_1989_EP_SU2011_AD_12 
"<a>"
	"a" Preposition PREP lang:es 00:00:16 00:00:23 tt-3794 AF002_1989_EP_SU2011_AD_12 @Gram:Prep ADD:472 
"<lo>"
	"el" Determiner ART Singular lang:es 00:00:16 00:00:23 tt-3795 AF002_1989_EP_SU2011_AD_12 @Gram:Det:Art ADD:329 
"<mejor>"
	"bueno" Adjective ADJ Singular lang:es 00:00:16 00:00:23 tt-3796 AF002_1989_EP_SU2011_AD_12 
"<de>"
	"de" Preposition PREP lang:es 00:00:16 00:00:23 tt-3797 AF002_1989_EP_SU2011_AD_12 @Gram:Prep ADD:472 
"<origen>"
	"origen" Noun NC Singular lang:es 00:00:16 00:00:23 tt-3798 AF002_1989_EP_SU2011_AD_12 
"<hispano>"
	"hispano" Adjective ADJ Singular lang:es 00:00:16 00:00:23 tt-3799 AF002_1989_EP_SU2011_AD_12 
"<o>"
	"o" Conjunction CC lang:es 00:00:16 00:00:23 tt-3800 AF002_1989_EP_SU2011_AD_12 
"<mexicano>"
	"mexicano" Adjective ADJ Singular lang:es 00:00:16 00:00:23 tt-3801 AF002_1989_EP_SU2011_AD_12 
"<,>"
	"," Punctuation CM lang:es 00:00:16 00:00:23 tt-3802 AF002_1989_EP_SU2011_AD_12 
"<que>"
	"que" Conjunction CQUE lang:es 00:00:16 00:00:23 tt-3803 AF002_1989_EP_SU2011_AD_12 
"<ya>"
	"ya" Adverb ADV lang:es 00:00:16 00:00:23 tt-3804 AF002_1989_EP_SU2011_AD_12 
"<fue>"
	"ser" Verb VSfin Pret Indi Sing 3rd lang:es 00:00:16 00:00:23 tt-3805 AF002_1989_EP_SU2011_AD_12 @Gram:SerEstar:Ser ADD:647 
"<criado>"
	"criar" Verb VLadj lang:es 00:00:16 00:00:23 tt-3806 AF002_1989_EP_SU2011_AD_12 
"<en>"
	"en" Preposition PREP lang:es 00:00:26 00:00:33 tt-3807 AF002_1989_EP_SU2011_AD_12 @Gram:Prep ADD:472 
"<Estados>"
	"Estados" Noun NP Plural lang:es 00:00:26 00:00:33 tt-3808 AF002_1989_EP_SU2011_AD_12 ID:59 R:Vocab:Entities:Geo:60 ADDRELATION(Vocab:Entities:Geo):978 
"<Unidos>"
	"Unidos" Noun NP Plural lang:es 00:00:26 00:00:33 tt-3809 AF002_1989_EP_SU2011_AD_12 ID:60 
"<$.>"
	"." Punctuation FS lang:es 00:00:26 00:00:33 tt-3810 AF002_1989_EP_SU2011_AD_12 

"<Este>"
	"este" Determiner DM Singular lang:es 00:00:26 00:00:33 tt-3811 AF002_1989_EP_SU2011_AD_12 @Prag:RecuDiscurso:GanarTiempo ADD:939 
"<...>"
	"..." Punctuation DOTS lang:es 00:00:26 00:00:33 tt-3812 AF002_1989_EP_SU2011_AD_12 
"<aquí>"
	"aquí" Adverb ADV lang:es 00:00:26 00:00:33 tt-3813 AF002_1989_EP_SU2011_AD_12 
"<por>"
	"por" Preposition PREP lang:es 00:00:26 00:00:33 tt-3814 AF002_1989_EP_SU2011_AD_12 @Gram:Prep:Por SUBSTITUTE:234 ADD:466 
"<el>"
	"el" Determiner ART Singular lang:es 00:00:26 00:00:33 tt-3815 AF002_1989_EP_SU2011_AD_12 @Gram:Det:Art ID:66 R:Gram:Genero:ExcepArtFem:67 ADD:324 ADDRELATION(Gram:Genero:ExcepArtFem):378 
"<área>"
	"área" Noun NC Singular lang:es 00:00:26 00:00:33 tt-3816 AF002_1989_EP_SU2011_AD_12 ID:67 
"<,>"
	"," Punctuation CM lang:es 00:00:26 00:00:33 tt-3817 AF002_1989_EP_SU2011_AD_12 
"<puesto>"
	"puesto" Conjunction CSUBX lang:es 00:00:26 00:00:33 tt-3818 AF002_1989_EP_SU2011_AD_12 
"<que>"
	"que" Conjunction CSUBX lang:es 00:00:26 00:00:33 tt-3819 AF002_1989_EP_SU2011_AD_12 
"<es>"
	"ser" Verb VSfin Pres Indi Sing 3rd lang:es 00:00:26 00:00:33 tt-3820 AF002_1989_EP_SU2011_AD_12 @Gram:SerEstar:Ser ADD:647 
"<...>"
	"..." Punctuation DOTS lang:es 00:00:26 00:00:33 tt-3821 AF002_1989_EP_SU2011_AD_12 
"<es>"
	"ser" Verb VSfin Pres Indi Sing 3rd lang:es 00:00:26 00:00:33 tt-3822 AF002_1989_EP_SU2011_AD_12 @Gram:SerEstar:Ser ADD:647 
"<muy>"
	"muy" Adverb ADV lang:es 00:00:26 00:00:33 tt-3823 AF002_1989_EP_SU2011_AD_12 
"<distinto>"
	"distinto" Adjective ADJ Singular lang:es 00:00:26 00:00:33 tt-3824 AF002_1989_EP_SU2011_AD_12 
"<a>"
	"a" Preposition PREP lang:es 00:00:26 00:00:33 tt-3825 AF002_1989_EP_SU2011_AD_12 @Gram:Prep ADD:472 
"<otras>"
	"otro" Determiner QU lang:es 00:00:26 00:00:33 tt-3826 AF002_1989_EP_SU2011_AD_12 
"<partes>"
	"parte" Noun NC Plural lang:es 00:00:26 00:00:33 tt-3827 AF002_1989_EP_SU2011_AD_12 
"<y>"
	"y" Conjunction CC lang:es 00:00:35 00:00:42 tt-3828 AF002_1989_EP_SU2011_AD_12 
"<hay>"
	"haber" Verb VHfin Pres Indi Sing 3rd lang:es 00:00:35 00:00:42 tt-3829 AF002_1989_EP_SU2011_AD_12 @Gram:Haber:Exist ADD:663 
"<mucha>"
	"mucho" Adjective ADJ Singular lang:es 00:00:35 00:00:42 tt-3830 AF002_1989_EP_SU2011_AD_12 
"<convivencia>"
	"convivencia" Noun NC Singular lang:es 00:00:35 00:00:42 tt-3831 AF002_1989_EP_SU2011_AD_12 
"<totalmente>"
	"totalmente" Adverb ADV lang:es 00:00:35 00:00:42 tt-3832 AF002_1989_EP_SU2011_AD_12 
"<con>"
	"con" Preposition PREP lang:es 00:00:35 00:00:42 tt-3833 AF002_1989_EP_SU2011_AD_12 @Gram:Prep ADD:472 
"<...>"
	"..." Punctuation DOTS lang:es 00:00:35 00:00:42 tt-3834 AF002_1989_EP_SU2011_AD_12 
"<con>"
	"con" Preposition PREP lang:es 00:00:35 00:00:42 tt-3835 AF002_1989_EP_SU2011_AD_12 @Gram:Prep ADD:472 
"<personas>"
	"persona" Noun NC Plural lang:es 00:00:35 00:00:42 tt-3836 AF002_1989_EP_SU2011_AD_12 
"<de>"
	"de" Preposition PREP lang:es 00:00:35 00:00:42 tt-3837 AF002_1989_EP_SU2011_AD_12 @Gram:Prep ADD:472 
"<México>"
	"México" Noun NP Singular lang:es 00:00:35 00:00:42 tt-3838 AF002_1989_EP_SU2011_AD_12 
"<y>"
	"y" Conjunction CC lang:es 00:00:35 00:00:42 tt-3839 AF002_1989_EP_SU2011_AD_12 
"<de>"
	"de" Preposition PREP lang:es 00:00:35 00:00:42 tt-3840 AF002_1989_EP_SU2011_AD_12 @Gram:Prep ADD:472 
"<aquí>"
	"aquí" Adverb ADV lang:es 00:00:35 00:00:42 tt-3841 AF002_1989_EP_SU2011_AD_12 
"<de>"
	"de" Preposition PREP lang:es 00:00:35 00:00:42 tt-3842 AF002_1989_EP_SU2011_AD_12 @Gram:Prep ADD:472 
"<Estados>"
	"Estados" Noun NP Plural lang:es 00:00:35 00:00:42 tt-3843 AF002_1989_EP_SU2011_AD_12 ID:94 R:Vocab:Entities:Geo:95 ADDRELATION(Vocab:Entities:Geo):978 
"<Unidos>"
	"Unidos" Noun NP Plural lang:es 00:00:42 00:00:49 tt-3844 AF002_1989_EP_SU2011_AD_12 ID:95 
"<,>"
	"," Punctuation CM lang:es 00:00:42 00:00:49 tt-3845 AF002_1989_EP_SU2011_AD_12 
"<no>"
	"no" Adverb NEG lang:es 00:00:42 00:00:49 tt-3846 AF002_1989_EP_SU2011_AD_12 
"<se>"
	"se" Other SE lang:es 00:00:42 00:00:49 tt-3847 AF002_1989_EP_SU2011_AD_12 
"<refiere>"
	"referir" Verb VLfin Pres Indi Sing 3rd lang:es 00:00:42 00:00:49 tt-3848 AF002_1989_EP_SU2011_AD_12 
"<uno>"
	"uno" Determiner CARD Singular lang:es 00:00:42 00:00:49 tt-3849 AF002_1989_EP_SU2011_AD_12 
"<mucho>"
	"mucho" Determiner QU lang:es 00:00:42 00:00:49 tt-3850 AF002_1989_EP_SU2011_AD_12 
"<a>"
	"a" Preposition PREP lang:es 00:00:42 00:00:49 tt-3851 AF002_1989_EP_SU2011_AD_12 @Gram:Prep ADD:472 
"<alguien>"
	"UNK" Noun NC Singular lang:es 00:00:42 00:00:49 tt-3852 AF002_1989_EP_SU2011_AD_12 
"<como>"
	"como" Conjunction CSUBX lang:es 00:00:42 00:00:49 tt-3853 AF002_1989_EP_SU2011_AD_12 
"<pocho>"
	"UNK" Noun NC Singular lang:es 00:00:42 00:00:49 tt-3854 AF002_1989_EP_SU2011_AD_12 
"<,>"
	"," Punctuation CM lang:es 00:00:42 00:00:49 tt-3855 AF002_1989_EP_SU2011_AD_12 
"<no>"
	"no" Adverb NEG lang:es 00:00:42 00:00:49 tt-3856 AF002_1989_EP_SU2011_AD_12 
"<se>"
	"se" Other SE lang:es 00:00:42 00:00:49 tt-3857 AF002_1989_EP_SU2011_AD_12 
"<usa>"
	"usar" Verb VLfin Pres Indi Sing 3rd lang:es 00:00:42 00:00:49 tt-3858 AF002_1989_EP_SU2011_AD_12 
"<mucho>"
	"mucho" Adverb ADV lang:es 00:00:42 00:00:49 tt-3859 AF002_1989_EP_SU2011_AD_12 
"<$.>"
	"." Punctuation FS lang:es 00:00:42 00:00:49 tt-3860 AF002_1989_EP_SU2011_AD_12 

"<Spanglish>"
	"UNK" Noun NP Singular lang:es 00:00:42 00:00:49 tt-3861 AF002_1989_EP_SU2011_AD_12 
"<sí>"
	"sí" Adverb ADV lang:es 00:00:42 00:00:49 tt-3862 AF002_1989_EP_SU2011_AD_12 
"<y>"
	"y" Conjunction CC lang:es 00:00:50 00:00:55 tt-3863 AF002_1989_EP_SU2011_AD_12 
"<muchas>"
	"mucho" Determiner QU lang:es 00:00:50 00:00:55 tt-3864 AF002_1989_EP_SU2011_AD_12 
"<veces>"
	"vez" Noun NC Plural lang:es 00:00:50 00:00:55 tt-3865 AF002_1989_EP_SU2011_AD_12 
"<nosotros>"
	"nosotros" Pronoun PPX Plural lang:es 00:00:50 00:00:55 tt-3866 AF002_1989_EP_SU2011_AD_12 @Gram:Pron:Sujeto ADD:482 
"<mismos>"
	"mismo" Adjective ADJ Plural lang:es 00:00:50 00:00:55 tt-3867 AF002_1989_EP_SU2011_AD_12 
"<decimos>"
	"decir" Verb VLfin Pres_or_Pret Indi Plural 1st lang:es 00:00:50 00:00:55 tt-3868 AF002_1989_EP_SU2011_AD_12 
"<que>"
	"que" Conjunction CQUE lang:es 00:00:50 00:00:55 tt-3869 AF002_1989_EP_SU2011_AD_12 
"<estamos>"
	"estar" Verb VEfin Pres Indi Plural 1st lang:es 00:00:50 00:00:55 tt-3870 AF002_1989_EP_SU2011_AD_12 @Gram:SerEstar:Estar ID:121 R:Gram:SerEstar:EstarAux:122 ADD:656 ADDRELATION(Gram:SerEstar:EstarAux):672 
"<hablando>"
	"hablar" Verb VLger lang:es 00:00:50 00:00:55 tt-3871 AF002_1989_EP_SU2011_AD_12 ID:122 
"<spanglish>"
	"UNK" Noun NC Singular lang:es 00:00:50 00:00:55 tt-3872 AF002_1989_EP_SU2011_AD_12 
"<porque>"
	"porque" Conjunction CSUBX lang:es 00:00:50 00:00:55 tt-3873 AF002_1989_EP_SU2011_AD_12 @Prag:MarcadoresDisc:Causa ADD:879 
"<mezclamos>"
	"UNK" Verb VLfin Pres_or_Pret Indi Plural 1st lang:es 00:00:50 00:00:55 tt-3874 AF002_1989_EP_SU2011_AD_12 
"<español>"
	"español" Noun NC Singular lang:es 00:00:55 00:01:01 tt-3875 AF002_1989_EP_SU2011_AD_12 
"<con>"
	"con" Preposition PREP lang:es 00:00:55 00:01:01 tt-3876 AF002_1989_EP_SU2011_AD_12 @Gram:Prep ADD:472 
"<inglés>"
	"inglés" Noun NC Plural lang:es 00:00:55 00:01:01 tt-3877 AF002_1989_EP_SU2011_AD_12 
"<$.>"
	"." Punctuation FS lang:es 00:00:55 00:01:01 tt-3878 AF002_1989_EP_SU2011_AD_12 

"<Hay>"
	"haber" Verb VHfin Pres Indi Sing 3rd lang:es 00:00:55 00:01:01 tt-3879 AF002_1989_EP_SU2011_AD_12 @Gram:Haber:Exist ADD:663 
"<muchas>"
	"mucho" Determiner QU lang:es 00:00:55 00:01:01 tt-3880 AF002_1989_EP_SU2011_AD_12 
"<frases>"
	"frase" Noun NC Plural lang:es 00:00:55 00:01:01 tt-3881 AF002_1989_EP_SU2011_AD_12 
"<que>"
	"que" Conjunction CQUE lang:es 00:00:55 00:01:01 tt-3882 AF002_1989_EP_SU2011_AD_12 
"<...>"
	"..." Punctuation DOTS lang:es 00:00:55 00:01:01 tt-3883 AF002_1989_EP_SU2011_AD_12 
"<que>"
	"que" Conjunction CQUE lang:es 00:00:55 00:01:01 tt-3884 AF002_1989_EP_SU2011_AD_12 
"<si>"
	"si" Conjunction CSUBX lang:es 00:00:55 00:01:01 tt-3885 AF002_1989_EP_SU2011_AD_12 
"<estás>"
	"estar" Verb VEfin Pres Indi Sing 2nd lang:es 00:00:55 00:01:01 tt-3886 AF002_1989_EP_SU2011_AD_12 @Gram:SerEstar:Estar ID:137 R:Gram:SerEstar:EstarAux:138 ADD:656 ADDRELATION(Gram:SerEstar:EstarAux):672 
"<conversando>"
	"conversar" Verb VLger lang:es 00:00:55 00:01:01 tt-3887 AF002_1989_EP_SU2011_AD_12 ID:138 
"<en>"
	"en" Preposition PREP lang:es 00:00:55 00:01:01 tt-3888 AF002_1989_EP_SU2011_AD_12 @Gram:Prep ADD:472 
"<el>"
	"el" Determiner ART Singular lang:es 00:00:55 00:01:01 tt-3889 AF002_1989_EP_SU2011_AD_12 @Gram:Det:Art ADD:324 
"<español>"
	"español" Noun NC Singular lang:es 00:00:55 00:01:01 tt-3890 AF002_1989_EP_SU2011_AD_12 
"<vas>"
	"ir" Verb VLfin Pres Indi Sing 2nd lang:es 00:00:55 00:01:01 tt-3891 AF002_1989_EP_SU2011_AD_12 
"<a>"
	"a" Preposition PREP lang:es 00:00:55 00:01:01 tt-3892 AF002_1989_EP_SU2011_AD_12 @Gram:Prep ADD:472 
"<tener>"
	"tener" Verb VLinf VMinf lang:es 00:01:01 00:01:05 tt-3893 AF002_1989_EP_SU2011_AD_12 SUBSTITUTE:292 
"<que>"
	"que" Verb VMinf lang:es 00:01:01 00:01:05 tt-3894 AF002_1989_EP_SU2011_AD_12 
"<decir>"
	"decir" Verb VLinf Infinitive lang:es 00:01:01 00:01:05 tt-3895 AF002_1989_EP_SU2011_AD_12 SUBSTITUTE:292 
"<ciertas>"
	"cierto" Determiner QU lang:es 00:01:01 00:01:05 tt-3896 AF002_1989_EP_SU2011_AD_12 
"<cosas>"
	"cosa" Noun NC Plural lang:es 00:01:01 00:01:05 tt-3897 AF002_1989_EP_SU2011_AD_12 
"<en>"
	"en" Preposition PREP lang:es 00:01:01 00:01:05 tt-3898 AF002_1989_EP_SU2011_AD_12 @Gram:Prep ADD:472 
"<inglés>"
	"inglés" Noun NC Plural lang:es 00:01:01 00:01:05 tt-3899 AF002_1989_EP_SU2011_AD_12 
"<porque>"
	"porque" Conjunction CSUBX lang:es 00:01:01 00:01:05 tt-3900 AF002_1989_EP_SU2011_AD_12 @Prag:MarcadoresDisc:Causa ADD:879 
"<a>"
	"a" Preposition PREP lang:es 00:01:01 00:01:05 tt-3901 AF002_1989_EP_SU2011_AD_12 @Gram:Prep ADD:472 
"<lo>"
	"el" Determiner ART Singular lang:es 00:01:01 00:01:05 tt-3902 AF002_1989_EP_SU2011_AD_12 @Gram:Det:Art ADD:329 
"<mejor>"
	"bueno" Adjective ADJ Singular lang:es 00:01:01 00:01:05 tt-3903 AF002_1989_EP_SU2011_AD_12 
"<no>"
	"no" Adverb NEG lang:es 00:01:01 00:01:05 tt-3904 AF002_1989_EP_SU2011_AD_12 
"<sabes>"
	"saber" Verb VLfin Pres Indi Sing 2nd lang:es 00:01:01 00:01:05 tt-3905 AF002_1989_EP_SU2011_AD_12 
"<cómo>"
	"cómo" Adverb ADV lang:es 00:01:01 00:01:05 tt-3906 AF002_1989_EP_SU2011_AD_12 
"<se>"
	"se" Other SE lang:es 00:01:01 00:01:05 tt-3907 AF002_1989_EP_SU2011_AD_12 
"<dicen>"
	"decir" Verb VLfin Pres Indi Plural 3rd lang:es 00:01:01 00:01:05 tt-3908 AF002_1989_EP_SU2011_AD_12 
"<en>"
	"en" Preposition PREP lang:es 00:01:01 00:01:05 tt-3909 AF002_1989_EP_SU2011_AD_12 @Gram:Prep ADD:472 
"<español>"
	"español" Noun NC Singular lang:es 00:01:01 00:01:05 tt-3910 AF002_1989_EP_SU2011_AD_12 
"<o>"
	"o" Conjunction CC lang:es 00:01:05 00:01:07 tt-3911 AF002_1989_EP_SU2011_AD_12 
"<algo>"
	"algo" Determiner QU lang:es 00:01:05 00:01:07 tt-3912 AF002_1989_EP_SU2011_AD_12 
"<así>"
	"así" Adverb ADV lang:es 00:01:05 00:01:07 tt-3913 AF002_1989_EP_SU2011_AD_12 
"<$.>"
	"." Punctuation FS lang:es 00:01:05 00:01:07 tt-3914 AF002_1989_EP_SU2011_AD_12 

"<Entonces>"
	"entonces" Adverb ADV lang:es 00:01:07 00:01:14 tt-3915 AF002_1989_EP_SU2011_AD_12 
"<,>"
	"," Punctuation CM lang:es 00:01:07 00:01:14 tt-3916 AF002_1989_EP_SU2011_AD_12 
"<$¿>"
	"¿" Punctuation FS lang:es 00:01:07 00:01:14 tt-3917 AF002_1989_EP_SU2011_AD_12 
"<qué>"
	"qué" Pronoun INT Singular lang:es 00:01:07 00:01:14 tt-3918 AF002_1989_EP_SU2011_AD_12 
"<opinas>"
	"opinar" Verb VLfin Pres Indi Sing 2nd lang:es 00:01:07 00:01:14 tt-3919 AF002_1989_EP_SU2011_AD_12 
"<de>"
	"de" Preposition PREP lang:es 00:01:07 00:01:14 tt-3920 AF002_1989_EP_SU2011_AD_12 @Gram:Prep ADD:472 
"<las>"
	"el" Determiner ART Plural lang:es 00:01:07 00:01:14 tt-3921 AF002_1989_EP_SU2011_AD_12 @Gram:Det:Art ADD:324 
"<personas>"
	"persona" Noun NC Plural lang:es 00:01:07 00:01:14 tt-3922 AF002_1989_EP_SU2011_AD_12 
"<que>"
	"que" Conjunction CQUE lang:es 00:01:07 00:01:14 tt-3923 AF002_1989_EP_SU2011_AD_12 
"<mezclan>"
	"mezclar" Verb VLfin Pres Indi Plural 3rd lang:es 00:01:07 00:01:14 tt-3924 AF002_1989_EP_SU2011_AD_12 
"<los>"
	"el" Determiner ART Plural lang:es 00:01:07 00:01:14 tt-3925 AF002_1989_EP_SU2011_AD_12 @Gram:Det:Art ADD:324 
"<idiomas>"
	"idioma" Noun NC Plural lang:es 00:01:07 00:01:14 tt-3926 AF002_1989_EP_SU2011_AD_12 
"<$?>"
	"?" Punctuation FS lang:es 00:01:07 00:01:14 tt-3927 AF002_1989_EP_SU2011_AD_12 

"<Y>"
	"y" Conjunction CC lang:es 00:01:07 00:01:14 tt-3928 AF002_1989_EP_SU2011_AD_12 
"<,>"
	"," Punctuation CM lang:es 00:01:07 00:01:14 tt-3929 AF002_1989_EP_SU2011_AD_12 
"<$¿>"
	"¿" Punctuation FS lang:es 00:01:07 00:01:14 tt-3930 AF002_1989_EP_SU2011_AD_12 
"<lo>"
	"el" Determiner ART Singular lang:es 00:01:07 00:01:14 tt-3931 AF002_1989_EP_SU2011_AD_12 
"<haces>"
	"haz" Noun NC Plural lang:es 00:01:07 00:01:14 tt-3932 AF002_1989_EP_SU2011_AD_12 
"<tú>"
	"tú" Pronoun PPX Singular lang:es 00:01:07 00:01:14 tt-3933 AF002_1989_EP_SU2011_AD_12 @Gram:Pron:Sujeto ADD:482 
"<$?>"
	"?" Punctuation FS lang:es 00:01:07 00:01:14 tt-3934 AF002_1989_EP_SU2011_AD_12 
</speaker>
<speaker type="subj">

"<$.>"
	"." Punctuation FS lang:es 00:01:17 00:01:23 tt-3936 AF002_1989_EP_SU2011_AD_12 

"<Pienso>"
	"pensar" Verb VLfin Pres Indi Sing 1st lang:es 00:01:17 00:01:23 tt-3937 AF002_1989_EP_SU2011_AD_12 
"<que>"
	"que" Conjunction CQUE lang:es 00:01:17 00:01:23 tt-3938 AF002_1989_EP_SU2011_AD_12 
"<no>"
	"no" Adverb NEG lang:es 00:01:17 00:01:23 tt-3939 AF002_1989_EP_SU2011_AD_12 
"<tengo>"
	"tener" Verb VLfin Pres Indi Sing 1st lang:es 00:01:17 00:01:23 tt-3940 AF002_1989_EP_SU2011_AD_12 
"<nada>"
	"nada" Determiner QU lang:es 00:01:17 00:01:23 tt-3941 AF002_1989_EP_SU2011_AD_12 
"<en>"
	"en" Preposition PREP lang:es 00:01:17 00:01:23 tt-3942 AF002_1989_EP_SU2011_AD_12 @Gram:Prep ADD:472 
"<contra>"
	"contra" Preposition PREP lang:es 00:01:17 00:01:23 tt-3943 AF002_1989_EP_SU2011_AD_12 @Gram:Prep ADD:472 
"<de>"
	"de" Preposition PREP lang:es 00:01:17 00:01:23 tt-3944 AF002_1989_EP_SU2011_AD_12 @Gram:Prep ADD:472 
"<ello>"
	"él" Pronoun PPX Singular lang:es 00:01:17 00:01:23 tt-3945 AF002_1989_EP_SU2011_AD_12 
"<$.>"
	"." Punctuation FS lang:es 00:01:17 00:01:23 tt-3946 AF002_1989_EP_SU2011_AD_12 

"<Pienso>"
	"pensar" Verb VLfin Pres Indi Sing 1st lang:es 00:01:17 00:01:23 tt-3947 AF002_1989_EP_SU2011_AD_12 
"<que>"
	"que" Conjunction CQUE lang:es 00:01:17 00:01:23 tt-3948 AF002_1989_EP_SU2011_AD_12 
"<está>"
	"estar" Verb VEfin Pres Indi Sing 3rd lang:es 00:01:17 00:01:23 tt-3949 AF002_1989_EP_SU2011_AD_12 @Gram:SerEstar:Estar ADD:656 
"<bien>"
	"bien" Adverb ADV lang:es 00:01:17 00:01:23 tt-3950 AF002_1989_EP_SU2011_AD_12 
"<,>"
	"," Punctuation CM lang:es 00:01:17 00:01:23 tt-3951 AF002_1989_EP_SU2011_AD_12 
"<es>"
	"ser" Verb VSfin Pres Indi Sing 3rd lang:es 00:01:17 00:01:23 tt-3952 AF002_1989_EP_SU2011_AD_12 @Gram:SerEstar:Ser ADD:647 
"<algo>"
	"algo" Determiner QU lang:es 00:01:17 00:01:23 tt-3953 AF002_1989_EP_SU2011_AD_12 
"<natural>"
	"natural" Adjective ADJ Singular lang:es 00:01:17 00:01:23 tt-3954 AF002_1989_EP_SU2011_AD_12 
"<,>"
	"," Punctuation CM lang:es 00:01:17 00:01:23 tt-3955 AF002_1989_EP_SU2011_AD_12 
"<que>"
	"que" Conjunction CQUE lang:es 00:01:23 00:01:27 tt-3956 AF002_1989_EP_SU2011_AD_12 
"<estoy>"
	"estar" Verb VEfin Pres Indi Sing 1st lang:es 00:01:23 00:01:27 tt-3957 AF002_1989_EP_SU2011_AD_12 @Gram:SerEstar:Estar ADD:656 
"<segura>"
	"seguro" Adjective ADJ Singular lang:es 00:01:23 00:01:27 tt-3958 AF002_1989_EP_SU2011_AD_12 
"<que>"
	"que" Conjunction CQUE lang:es 00:01:23 00:01:27 tt-3959 AF002_1989_EP_SU2011_AD_12 
"<no>"
	"no" Adverb NEG lang:es 00:01:23 00:01:27 tt-3960 AF002_1989_EP_SU2011_AD_12 
"<se>"
	"se" Other SE lang:es 00:01:23 00:01:27 tt-3961 AF002_1989_EP_SU2011_AD_12 
"<hace>"
	"hacer" Verb VLfin Pres Indi Sing 3rd lang:es 00:01:23 00:01:27 tt-3962 AF002_1989_EP_SU2011_AD_12 
"<nada>"
	"nada" Determiner QU lang:es 00:01:23 00:01:27 tt-3963 AF002_1989_EP_SU2011_AD_12 
"<más>"
	"más" Adverb ADV lang:es 00:01:23 00:01:27 tt-3964 AF002_1989_EP_SU2011_AD_12 
"<aquí>"
	"aquí" Adverb ADV lang:es 00:01:23 00:01:27 tt-3965 AF002_1989_EP_SU2011_AD_12 
"<,>"
	"," Punctuation CM lang:es 00:01:23 00:01:27 tt-3966 AF002_1989_EP_SU2011_AD_12 
"<que>"
	"que" Conjunction CQUE lang:es 00:01:23 00:01:27 tt-3967 AF002_1989_EP_SU2011_AD_12 
"<se>"
	"se" Other SE lang:es 00:01:23 00:01:27 tt-3968 AF002_1989_EP_SU2011_AD_12 
"<hace>"
	"hacer" Verb VLfin Pres Indi Sing 3rd lang:es 00:01:23 00:01:27 tt-3969 AF002_1989_EP_SU2011_AD_12 
"<también>"
	"también" Adverb ADV lang:es 00:01:23 00:01:27 tt-3970 AF002_1989_EP_SU2011_AD_12 @Prag:MarcadoresDisc:Igualdad ADD:910 
"<en>"
	"en" Preposition PREP lang:es 00:01:23 00:01:27 tt-3971 AF002_1989_EP_SU2011_AD_12 @Gram:Prep ADD:472 
"<otros>"
	"otro" Determiner QU lang:es 00:01:23 00:01:27 tt-3972 AF002_1989_EP_SU2011_AD_12 
"<países>"
	"país" Noun NC Plural lang:es 00:01:23 00:01:27 tt-3973 AF002_1989_EP_SU2011_AD_12 
"<cercanos>"
	"cercano" Adjective ADJ Plural lang:es 00:01:27 00:01:34 tt-3974 AF002_1989_EP_SU2011_AD_12 
"<,>"
	"," Punctuation CM lang:es 00:01:27 00:01:34 tt-3975 AF002_1989_EP_SU2011_AD_12 
"<si>"
	"si" Conjunction CSUBX lang:es 00:01:27 00:01:34 tt-3976 AF002_1989_EP_SU2011_AD_12 
"<son>"
	"ser" Verb VSfin Pres Indi Plural 3rd lang:es 00:01:27 00:01:34 tt-3977 AF002_1989_EP_SU2011_AD_12 @Gram:SerEstar:Ser ADD:647 
"<de>"
	"de" Preposition PREP lang:es 00:01:27 00:01:34 tt-3978 AF002_1989_EP_SU2011_AD_12 @Gram:Prep ADD:472 
"<diferentes>"
	"diferente" Adjective ADJ Plural lang:es 00:01:27 00:01:34 tt-3979 AF002_1989_EP_SU2011_AD_12 
"<idiomas>"
	"idioma" Noun NC Plural lang:es 00:01:27 00:01:34 tt-3980 AF002_1989_EP_SU2011_AD_12 
"<estoy>"
	"estar" Verb VEfin Pres Indi Sing 1st lang:es 00:01:27 00:01:34 tt-3981 AF002_1989_EP_SU2011_AD_12 @Gram:SerEstar:Estar ADD:656 
"<seguro>"
	"seguro" Adjective ADJ Singular lang:es 00:01:27 00:01:34 tt-3982 AF002_1989_EP_SU2011_AD_12 
"<que>"
	"que" Conjunction CQUE lang:es 00:01:27 00:01:34 tt-3983 AF002_1989_EP_SU2011_AD_12 
"<...>"
	"..." Punctuation DOTS lang:es 00:01:27 00:01:34 tt-3984 AF002_1989_EP_SU2011_AD_12 
"<hay>"
	"haber" Verb VHfin Pres Indi Sing 3rd lang:es 00:01:27 00:01:34 tt-3985 AF002_1989_EP_SU2011_AD_12 @Gram:Haber:Exist ADD:663 
"<seguro>"
	"seguro" Adjective ADJ Singular lang:es 00:01:27 00:01:34 tt-3986 AF002_1989_EP_SU2011_AD_12 
"<diferentes>"
	"diferente" Adjective ADJ Plural lang:es 00:01:27 00:01:34 tt-3987 AF002_1989_EP_SU2011_AD_12 
"<idiomas>"
	"idioma" Noun NC Plural lang:es 00:01:27 00:01:34 tt-3988 AF002_1989_EP_SU2011_AD_12 
"<que>"
	"que" Conjunction CQUE lang:es 00:01:34 00:01:41 tt-3989 AF002_1989_EP_SU2011_AD_12 
"<han>"
	"haber" Verb VHfin Pres Indi Plural 3rd lang:es 00:01:34 00:01:41 tt-3990 AF002_1989_EP_SU2011_AD_12 ID:240 R:Gram:Aux:Haber:241 R:Gram:PerfPerif:241 ADDRELATION():553 
"<mezclado>"
	"mezclar" Verb VLadj lang:es 00:01:34 00:01:41 tt-3991 AF002_1989_EP_SU2011_AD_12 ID:241 
"<,>"
	"," Punctuation CM lang:es 00:01:34 00:01:41 tt-3992 AF002_1989_EP_SU2011_AD_12 
"<dos>"
	"dos" Determiner CARD Plural lang:es 00:01:34 00:01:41 tt-3993 AF002_1989_EP_SU2011_AD_12 
"<lenguas>"
	"lengua" Noun NC Plural lang:es 00:01:34 00:01:41 tt-3994 AF002_1989_EP_SU2011_AD_12 
"<o>"
	"o" Conjunction CC lang:es 00:01:34 00:01:41 tt-3995 AF002_1989_EP_SU2011_AD_12 
"<algo>"
	"algo" Determiner QU lang:es 00:01:34 00:01:41 tt-3996 AF002_1989_EP_SU2011_AD_12 
"<$.>"
	"." Punctuation FS lang:es 00:01:34 00:01:41 tt-3997 AF002_1989_EP_SU2011_AD_12 

"<Este>"
	"este" Determiner DM Singular lang:es 00:01:34 00:01:41 tt-3998 AF002_1989_EP_SU2011_AD_12 @Prag:RecuDiscurso:GanarTiempo ADD:939 
"<...>"
	"..." Punctuation DOTS lang:es 00:01:34 00:01:41 tt-3999 AF002_1989_EP_SU2011_AD_12 
"<yo>"
	"yo" Pronoun PPX Singular lang:es 00:01:34 00:01:41 tt-4000 AF002_1989_EP_SU2011_AD_12 @Gram:Pron:Sujeto ADD:482 
"<lo>"
	"él" Pronoun PPC Singular lang:es 00:01:34 00:01:41 tt-4001 AF002_1989_EP_SU2011_AD_12 @Gram:Pron:Objeto ADD:512 
"<hago>"
	"hacer" Verb VLfin Pres Indi Sing 1st lang:es 00:01:34 00:01:41 tt-4002 AF002_1989_EP_SU2011_AD_12 
"<,>"
	"," Punctuation CM lang:es 00:01:34 00:01:41 tt-4003 AF002_1989_EP_SU2011_AD_12 
"<muchas>"
	"mucho" Determiner QU lang:es 00:01:34 00:01:41 tt-4004 AF002_1989_EP_SU2011_AD_12 
"<veces>"
	"vez" Noun NC Plural lang:es 00:01:34 00:01:41 tt-4005 AF002_1989_EP_SU2011_AD_12 
"<no>"
	"no" Adverb NEG lang:es 00:01:34 00:01:41 tt-4006 AF002_1989_EP_SU2011_AD_12 
"<trato>"
	"tratar" Verb VLfin Pres Indi Sing 1st lang:es 00:01:34 00:01:41 tt-4007 AF002_1989_EP_SU2011_AD_12 
"<de>"
	"de" Preposition PREP lang:es 00:01:34 00:01:41 tt-4008 AF002_1989_EP_SU2011_AD_12 @Gram:Prep ADD:472 
"<hacerlo>"
	"hacerlo" Verb VCLIinf lang:es 00:01:34 00:01:41 tt-4009 AF002_1989_EP_SU2011_AD_12 
"<en>"
	"en" Preposition PREP lang:es 00:01:42 00:01:49 tt-4010 AF002_1989_EP_SU2011_AD_12 @Gram:Prep ADD:472 
"<una>"
	"un" Determiner ART Singular lang:es 00:01:42 00:01:49 tt-4011 AF002_1989_EP_SU2011_AD_12 
"<atmósfera>"
	"atmósfera" Noun NC Singular lang:es 00:01:42 00:01:49 tt-4012 AF002_1989_EP_SU2011_AD_12 
"<como>"
	"como" Adverb ADV lang:es 00:01:42 00:01:49 tt-4013 AF002_1989_EP_SU2011_AD_12 
"<más>"
	"más" Adverb ADV lang:es 00:01:42 00:01:49 tt-4014 AF002_1989_EP_SU2011_AD_12 
"<profesional>"
	"profesional" Adjective ADJ Singular lang:es 00:01:42 00:01:49 tt-4015 AF002_1989_EP_SU2011_AD_12 
"<,>"
	"," Punctuation CM lang:es 00:01:42 00:01:49 tt-4016 AF002_1989_EP_SU2011_AD_12 
"<trato>"
	"tratar" Verb VLfin Pres Indi Sing 1st lang:es 00:01:42 00:01:49 tt-4017 AF002_1989_EP_SU2011_AD_12 
"<de>"
	"de" Conjunction CSUBI lang:es 00:01:42 00:01:49 tt-4018 AF002_1989_EP_SU2011_AD_12 
"<hablar>"
	"hablar" Verb VLinf Infinitive lang:es 00:01:42 00:01:49 tt-4019 AF002_1989_EP_SU2011_AD_12 SUBSTITUTE:292 
"<un>"
	"un" Determiner ART Singular lang:es 00:01:42 00:01:49 tt-4020 AF002_1989_EP_SU2011_AD_12 
"<solo>"
	"solo" Adjective ADJ Singular lang:es 00:01:42 00:01:49 tt-4021 AF002_1989_EP_SU2011_AD_12 
"<idioma>"
	"idioma" Noun NC Singular lang:es 00:01:42 00:01:49 tt-4022 AF002_1989_EP_SU2011_AD_12 
"<$.>"
	"." Punctuation FS lang:es 00:01:42 00:01:49 tt-4023 AF002_1989_EP_SU2011_AD_12 

"<Pero>"
	"pero" Conjunction CCAD lang:es 00:01:42 00:01:49 tt-4024 AF002_1989_EP_SU2011_AD_12 @Prag:MarcadoresDisc:Revision ADD:826 
"<muchas>"
	"mucho" Determiner QU lang:es 00:01:42 00:01:49 tt-4025 AF002_1989_EP_SU2011_AD_12 
"<veces>"
	"vez" Noun NC Plural lang:es 00:01:42 00:01:49 tt-4026 AF002_1989_EP_SU2011_AD_12 
"<con>"
	"con" Preposition PREP lang:es 00:01:49 00:01:56 tt-4027 AF002_1989_EP_SU2011_AD_12 @Gram:Prep ADD:472 
"<amigos>"
	"amigo" Noun NC Plural lang:es 00:01:49 00:01:56 tt-4028 AF002_1989_EP_SU2011_AD_12 
"<,>"
	"," Punctuation CM lang:es 00:01:49 00:01:56 tt-4029 AF002_1989_EP_SU2011_AD_12 
"<con>"
	"con" Preposition PREP lang:es 00:01:49 00:01:56 tt-4030 AF002_1989_EP_SU2011_AD_12 @Gram:Prep ADD:472 
"<familiares>"
	"familiar" Noun NC Plural lang:es 00:01:49 00:01:56 tt-4031 AF002_1989_EP_SU2011_AD_12 
"<,>"
	"," Punctuation CM lang:es 00:01:49 00:01:56 tt-4032 AF002_1989_EP_SU2011_AD_12 
"<suele>"
	"soler" Verb VLfin Pres Indi Sing 3rd lang:es 00:01:49 00:01:56 tt-4033 AF002_1989_EP_SU2011_AD_12 
"<pasar>"
	"pasar" Verb VLinf Infinitive lang:es 00:01:49 00:01:56 tt-4034 AF002_1989_EP_SU2011_AD_12 SUBSTITUTE:292 
"<que>"
	"que" Conjunction CQUE lang:es 00:01:49 00:01:56 tt-4035 AF002_1989_EP_SU2011_AD_12 
"<sí>"
	"sí" Adverb ADV lang:es 00:01:49 00:01:56 tt-4036 AF002_1989_EP_SU2011_AD_12 
"<lo>"
	"el" Determiner ART Singular lang:es 00:01:49 00:01:56 tt-4037 AF002_1989_EP_SU2011_AD_12 
"<haces>"
	"haz" Noun NC Plural lang:es 00:01:49 00:01:56 tt-4038 AF002_1989_EP_SU2011_AD_12 
"<$.>"
	"." Punctuation FS lang:es 00:01:49 00:01:56 tt-4039 AF002_1989_EP_SU2011_AD_12 
</speaker>
</text>

