<text id="AF009_1987_EP_SU2011_AD_07">
<speaker type="subj">
"<me>"
	"yo" Pronoun PPX Singular lang:es 00:00:00 00:00:03 tt-1625 AF009_1987_EP_SU2011_AD_07 @Gram:Pron:Objeto ID:1 R:Gram:Gustar:Propios:2 
"<gustan>"
	"gustar" Verb VLfin Pres Indi Plural 3rd lang:es 00:00:00 00:00:03 tt-1626 AF009_1987_EP_SU2011_AD_07 ID:2 
"<los>"
	"el" Determiner ART Plural Masc lang:es 00:00:00 00:00:03 tt-1627 AF009_1987_EP_SU2011_AD_07 @Gram:Det:Art 
"<dos>"
	"dos" Determiner CARD Plural lang:es 00:00:00 00:00:03 tt-1628 AF009_1987_EP_SU2011_AD_07 
"<$.>"
	"." Punctuation FS lang:es 00:00:00 00:00:03 tt-1629 AF009_1987_EP_SU2011_AD_07 
</speaker>
<speaker type="int">

"<Qué>"
	"qué" Pronoun INT Singular lang:es 00:00:00 00:00:03 tt-1630 AF009_1987_EP_SU2011_AD_07 
"<bien>"
	"bien" Noun NC Singular lang:es 00:00:00 00:00:03 tt-1631 AF009_1987_EP_SU2011_AD_07 
"<$.>"
	"." Punctuation FS lang:es 00:00:00 00:00:03 tt-1632 AF009_1987_EP_SU2011_AD_07 

"<$¿>"
	"¿" Punctuation FS lang:es 00:00:00 00:00:03 tt-1633 AF009_1987_EP_SU2011_AD_07 
"<En>"
	"en" Preposition PREP lang:es 00:00:00 00:00:03 tt-1634 AF009_1987_EP_SU2011_AD_07 @Gram:Prep 
"<qué>"
	"qué" Pronoun INT Singular lang:es 00:00:00 00:00:03 tt-1635 AF009_1987_EP_SU2011_AD_07 ID:11 R:Func:Opiniones:Pedir:13 
"<pensabas>"
	"pensar" Verb VLfin Imp Indi Sing 2nd lang:es 00:00:00 00:00:03 tt-1636 AF009_1987_EP_SU2011_AD_07 @Gram:Imperf 
"<que>"
	"que" Conjunction CQUE lang:es 00:00:00 00:00:03 tt-1637 AF009_1987_EP_SU2011_AD_07 ID:13 
"<trabajarías>"
	"UNK" Verb VLfin Cond Indi Sing 2nd lang:es 00:00:03 00:00:10 tt-1638 AF009_1987_EP_SU2011_AD_07 
"<al>"
	"al" Conjunction CSUBI lang:es 00:00:03 00:00:10 tt-1639 AF009_1987_EP_SU2011_AD_07 
"<crecer>"
	"crecer" Verb VLinf Infinitive lang:es 00:00:03 00:00:10 tt-1640 AF009_1987_EP_SU2011_AD_07 
"<$?>"
	"?" Punctuation FS lang:es 00:00:03 00:00:10 tt-1641 AF009_1987_EP_SU2011_AD_07 
</speaker>
<speaker type="subj">

"<Yo>"
	"yo" Pronoun PPX Singular lang:es 00:00:03 00:00:10 tt-1642 AF009_1987_EP_SU2011_AD_07 @Gram:Pron:Sujeto 
"<siempre>"
	"siempre" Adverb ADV lang:es 00:00:03 00:00:10 tt-1643 AF009_1987_EP_SU2011_AD_07 
"<quise>"
	"querer" Verb VLfin Pret Indi Sing 1st lang:es 00:00:03 00:00:10 tt-1644 AF009_1987_EP_SU2011_AD_07 @Gram:Indefinido 
"<ser>"
	"ser" Verb VLinf VSinf Infinitive lang:es 00:00:03 00:00:10 tt-1645 AF009_1987_EP_SU2011_AD_07 @Gram:SerEstar:Ser 
"<una>"
	"un" Determiner ART Singular lang:es 00:00:03 00:00:10 tt-1646 AF009_1987_EP_SU2011_AD_07 
"<...>"
	"..." Punctuation DOTS lang:es 00:00:03 00:00:10 tt-1647 AF009_1987_EP_SU2011_AD_07 
"<terapista>"
	"UNK" Noun NC Singular lang:es 00:00:03 00:00:10 tt-1648 AF009_1987_EP_SU2011_AD_07 
"<,>"
	"," Punctuation CM lang:es 00:00:03 00:00:10 tt-1649 AF009_1987_EP_SU2011_AD_07 
</speaker>
</text>

