<text id="AF002_1989_EP_SU2011_AD_06">
<speaker type="int">
"<$¿>"
	"¿" Punctuation FS lang:es 00:00:00 00:00:04 tt-1046 AF002_1989_EP_SU2011_AD_06 
"<Tienes>"
	"tener" Verb VLfin Pres Indi Sing 2nd lang:es 00:00:00 00:00:04 tt-1047 AF002_1989_EP_SU2011_AD_06 
"<alguna>"
	"alguno" Determiner QU lang:es 00:00:00 00:00:04 tt-1048 AF002_1989_EP_SU2011_AD_06 
"<historia>"
	"historia" Noun NC Singular lang:es 00:00:00 00:00:04 tt-1049 AF002_1989_EP_SU2011_AD_06 
"<favorita>"
	"favorito" Adjective ADJ Singular lang:es 00:00:00 00:00:04 tt-1050 AF002_1989_EP_SU2011_AD_06 
"<de>"
	"de" Preposition PREP lang:es 00:00:00 00:00:04 tt-1051 AF002_1989_EP_SU2011_AD_06 @Gram:Prep ADD:489 
"<la>"
	"el" Determiner ART Singular lang:es 00:00:00 00:00:04 tt-1052 AF002_1989_EP_SU2011_AD_06 @Gram:Det:Art ADD:341 
"<escuela>"
	"escuela" Noun NC Singular lang:es 00:00:00 00:00:04 tt-1053 AF002_1989_EP_SU2011_AD_06 
"<$?>"
	"?" Punctuation FS lang:es 00:00:00 00:00:04 tt-1054 AF002_1989_EP_SU2011_AD_06 

"<De>"
	"de" Preposition PREP lang:es 00:00:04 00:00:11 tt-1055 AF002_1989_EP_SU2011_AD_06 @Gram:Prep ADD:489 
"<la>"
	"el" Determiner ART Singular lang:es 00:00:04 00:00:11 tt-1056 AF002_1989_EP_SU2011_AD_06 @Gram:Det:Art ADD:341 
"<escuela>"
	"escuela" Noun NC Singular lang:es 00:00:04 00:00:11 tt-1057 AF002_1989_EP_SU2011_AD_06 
"<...>"
	"..." Punctuation DOTS lang:es 00:00:04 00:00:11 tt-1058 AF002_1989_EP_SU2011_AD_06 
"<...>"
	"..." Punctuation DOTS lang:es 00:00:04 00:00:11 tt-1060 AF002_1989_EP_SU2011_AD_06 
"<son>"
	"ser" Verb VSfin Pres Indi Plural 3rd lang:es 00:00:04 00:00:11 tt-1061 AF002_1989_EP_SU2011_AD_06 @Gram:SerEstar:Ser ADD:664 
"<varias>"
	"varios" Determiner QU lang:es 00:00:04 00:00:11 tt-1062 AF002_1989_EP_SU2011_AD_06 
"<,>"
	"," Punctuation CM lang:es 00:00:04 00:00:11 tt-1063 AF002_1989_EP_SU2011_AD_06 
"<no>"
	"no" Adverb NEG lang:es 00:00:04 00:00:11 tt-1064 AF002_1989_EP_SU2011_AD_06 
"<tengo>"
	"tener" Verb VLfin Pres Indi Sing 1st lang:es 00:00:04 00:00:11 tt-1065 AF002_1989_EP_SU2011_AD_06 
"<ninguna>"
	"ninguno" Determiner QU lang:es 00:00:04 00:00:11 tt-1066 AF002_1989_EP_SU2011_AD_06 
"<en>"
	"en" Adverb ADV lang:es 00:00:04 00:00:11 tt-1067 AF002_1989_EP_SU2011_AD_06 
"<particular>"
	"particular" Adverb ADV lang:es 00:00:04 00:00:11 tt-1068 AF002_1989_EP_SU2011_AD_06 
"<$.>"
	"." Punctuation FS lang:es 00:00:04 00:00:11 tt-1069 AF002_1989_EP_SU2011_AD_06 

"<Buenos>"
	"bueno" Adjective ADJ Plural lang:es 00:00:04 00:00:11 tt-1070 AF002_1989_EP_SU2011_AD_06 
"<tiempos>"
	"tiempo" Noun NC Plural lang:es 00:00:04 00:00:11 tt-1071 AF002_1989_EP_SU2011_AD_06 
"<con>"
	"con" Preposition PREP lang:es 00:00:04 00:00:11 tt-1072 AF002_1989_EP_SU2011_AD_06 @Gram:Prep ADD:489 
"<amigos>"
	"amigo" Noun NC Plural lang:es 00:00:14 00:00:21 tt-1073 AF002_1989_EP_SU2011_AD_06 
"<$.>"
	"." Punctuation FS lang:es 00:00:14 00:00:21 tt-1074 AF002_1989_EP_SU2011_AD_06 

"<Como>"
	"como" Conjunction CSUBX lang:es 00:00:14 00:00:21 tt-1075 AF002_1989_EP_SU2011_AD_06 
"<nos>"
	"nosotros" Pronoun PPX Plural lang:es 00:00:14 00:00:21 tt-1076 AF002_1989_EP_SU2011_AD_06 @Gram:Pron:Objeto ADD:523 
"<divertíamos>"
	"UNK" Verb VLfin Pres_or_Pret Indi Plural 1st lang:es 00:00:14 00:00:21 tt-1077 AF002_1989_EP_SU2011_AD_06 
"<,>"
	"," Punctuation CM lang:es 00:00:14 00:00:21 tt-1078 AF002_1989_EP_SU2011_AD_06 
"<muchas>"
	"mucho" Determiner QU lang:es 00:00:14 00:00:21 tt-1079 AF002_1989_EP_SU2011_AD_06 
"<veces>"
	"vez" Noun NC Plural lang:es 00:00:14 00:00:21 tt-1080 AF002_1989_EP_SU2011_AD_06 
"<,>"
	"," Punctuation CM lang:es 00:00:14 00:00:21 tt-1081 AF002_1989_EP_SU2011_AD_06 
"<este>"
	"este" Noun NC Singular lang:es 00:00:14 00:00:21 tt-1082 AF002_1989_EP_SU2011_AD_06 
"<...>"
	"..." Punctuation DOTS lang:es 00:00:14 00:00:21 tt-1083 AF002_1989_EP_SU2011_AD_06 
"<las>"
	"el" Determiner ART Plural lang:es 00:00:14 00:00:21 tt-1084 AF002_1989_EP_SU2011_AD_06 @Gram:Det:Art ADD:341 
"<historias>"
	"historia" Noun NC Plural lang:es 00:00:14 00:00:21 tt-1085 AF002_1989_EP_SU2011_AD_06 
"<favoritas>"
	"favorito" Adjective ADJ Plural lang:es 00:00:14 00:00:21 tt-1086 AF002_1989_EP_SU2011_AD_06 
"<que>"
	"que" Conjunction CQUE lang:es 00:00:14 00:00:21 tt-1087 AF002_1989_EP_SU2011_AD_06 
"<tengo>"
	"tener" Verb VLfin Pres Indi Sing 1st lang:es 00:00:14 00:00:21 tt-1088 AF002_1989_EP_SU2011_AD_06 
"<son>"
	"ser" Verb VSfin Pres Indi Plural 3rd lang:es 00:00:14 00:00:21 tt-1089 AF002_1989_EP_SU2011_AD_06 @Gram:SerEstar:Ser ADD:664 
"<cosas>"
	"cosa" Noun NC Plural lang:es 00:00:21 00:00:26 tt-1090 AF002_1989_EP_SU2011_AD_06 
"<que>"
	"que" Conjunction CQUE lang:es 00:00:21 00:00:26 tt-1091 AF002_1989_EP_SU2011_AD_06 
"<pasaron>"
	"pasar" Verb VLfin Pret Indi Plural 3rd lang:es 00:00:21 00:00:26 tt-1092 AF002_1989_EP_SU2011_AD_06 @Gram:Indefinido ADD:563 
"<en>"
	"en" Preposition PREP lang:es 00:00:21 00:00:26 tt-1093 AF002_1989_EP_SU2011_AD_06 @Gram:Prep ADD:489 
"<el>"
	"el" Determiner ART Singular lang:es 00:00:21 00:00:26 tt-1094 AF002_1989_EP_SU2011_AD_06 @Gram:Det:Art ADD:341 
"<mismo>"
	"mismo" Adjective ADJ Singular lang:es 00:00:21 00:00:26 tt-1095 AF002_1989_EP_SU2011_AD_06 
"<salón>"
	"salón" Noun NC Singular lang:es 00:00:21 00:00:26 tt-1096 AF002_1989_EP_SU2011_AD_06 
"<,>"
	"," Punctuation CM lang:es 00:00:21 00:00:26 tt-1097 AF002_1989_EP_SU2011_AD_06 
"<no>"
	"no" Adverb NEG lang:es 00:00:21 00:00:26 tt-1098 AF002_1989_EP_SU2011_AD_06 
"<fue>"
	"ser" Verb VSfin Pret Indi Sing 3rd lang:es 00:00:21 00:00:26 tt-1099 AF002_1989_EP_SU2011_AD_06 @Gram:SerEstar:Ser ADD:664 
"<algo>"
	"algo" Determiner QU lang:es 00:00:21 00:00:26 tt-1100 AF002_1989_EP_SU2011_AD_06 
"<fuera>"
	"fuera" Adverb ADV lang:es 00:00:21 00:00:26 tt-1101 AF002_1989_EP_SU2011_AD_06 
"<,>"
	"," Punctuation CM lang:es 00:00:21 00:00:26 tt-1102 AF002_1989_EP_SU2011_AD_06 
"<cosas>"
	"cosa" Noun NC Plural lang:es 00:00:21 00:00:26 tt-1103 AF002_1989_EP_SU2011_AD_06 
"<divertidas>"
	"divertido" Adjective ADJ Plural lang:es 00:00:21 00:00:26 tt-1104 AF002_1989_EP_SU2011_AD_06 
"<que>"
	"que" Conjunction CQUE lang:es 00:00:21 00:00:26 tt-1105 AF002_1989_EP_SU2011_AD_06 
"<estábamos>"
	"estar" Verb VEfin Imp Indi Plural 1st lang:es 00:00:21 00:00:26 tt-1106 AF002_1989_EP_SU2011_AD_06 @Gram:Imperf ID:60 R:Gram:SerEstar:EstarAux:61 ADD:554 ADD:673 ADDRELATION(Gram:SerEstar:EstarAux):689 
	"estar" Verb VEfin Imp Indi Plural 1st lang:es 00:00:21 00:00:26 tt-1106 AF002_1989_EP_SU2011_AD_06 @Gram:SerEstar:Estar ID:60 R:Gram:SerEstar:EstarAux:61 ADD:554 ADD:673 
"<aprendiendo>"
	"aprender" Verb VLger lang:es 00:00:26 00:00:31 tt-1107 AF002_1989_EP_SU2011_AD_06 ID:61 
"<y>"
	"y" Conjunction CC lang:es 00:00:26 00:00:31 tt-1108 AF002_1989_EP_SU2011_AD_06 
"<hacíamos>"
	"hacer" Verb VLfin Imp Indi Plural 1st lang:es 00:00:26 00:00:31 tt-1109 AF002_1989_EP_SU2011_AD_06 @Gram:Imperf ADD:554 
"<,>"
	"," Punctuation CM lang:es 00:00:26 00:00:31 tt-1110 AF002_1989_EP_SU2011_AD_06 
"<o>"
	"o" Other ALFS lang:es 00:00:26 00:00:31 tt-1111 AF002_1989_EP_SU2011_AD_06 
"<...>"
	"..." Punctuation DOTS lang:es 00:00:26 00:00:31 tt-1112 AF002_1989_EP_SU2011_AD_06 
"<Pero>"
	"pero" Conjunction CC lang:es 00:00:26 00:00:31 tt-1113 AF002_1989_EP_SU2011_AD_06 @Prag:MarcadoresDisc:Revision SUBSTITUTE:241 ADD:849 
"<son>"
	"ser" Verb VSfin Pres Indi Plural 3rd lang:es 00:00:26 00:00:31 tt-1114 AF002_1989_EP_SU2011_AD_06 @Gram:SerEstar:Ser ADD:664 
"<varias>"
	"varios" Determiner QU lang:es 00:00:26 00:00:31 tt-1115 AF002_1989_EP_SU2011_AD_06 
"<,>"
	"," Punctuation CM lang:es 00:00:26 00:00:31 tt-1116 AF002_1989_EP_SU2011_AD_06 
"<no>"
	"no" Adverb NEG lang:es 00:00:26 00:00:31 tt-1117 AF002_1989_EP_SU2011_AD_06 
"<tengo>"
	"tener" Verb VLfin Pres Indi Sing 1st lang:es 00:00:26 00:00:31 tt-1118 AF002_1989_EP_SU2011_AD_06 
"<ninguna>"
	"ninguno" Determiner QU lang:es 00:00:26 00:00:31 tt-1119 AF002_1989_EP_SU2011_AD_06 
"<en>"
	"en" Adverb ADV lang:es 00:00:26 00:00:31 tt-1120 AF002_1989_EP_SU2011_AD_06 
"<particular>"
	"particular" Adverb ADV lang:es 00:00:26 00:00:31 tt-1121 AF002_1989_EP_SU2011_AD_06 
"<$.>"
	"." Punctuation FS lang:es 00:00:26 00:00:31 tt-1122 AF002_1989_EP_SU2011_AD_06 
</speaker>
</text>

