<text id="AF002_1989_EP_SU2011_AD_16">
<speaker type="int">
"<$¡>"
	"¡" Punctuation FS lang:es 00:00:00 00:00:05 tt-4509 AF002_1989_EP_SU2011_AD_16 
"<Qué>"
	"qué" Pronoun INT Singular lang:es 00:00:00 00:00:05 tt-4510 AF002_1989_EP_SU2011_AD_16 
"<bien>"
	"bien" Noun NC Singular lang:es 00:00:00 00:00:05 tt-4511 AF002_1989_EP_SU2011_AD_16 
"<$!>"
	"!" Punctuation FS lang:es 00:00:00 00:00:05 tt-4512 AF002_1989_EP_SU2011_AD_16 

"<$¿>"
	"¿" Punctuation FS lang:es 00:00:00 00:00:05 tt-4513 AF002_1989_EP_SU2011_AD_16 
"<Cuál>"
	"cuál" Pronoun INT Singular lang:es 00:00:00 00:00:05 tt-4514 AF002_1989_EP_SU2011_AD_16 
"<es>"
	"ser" Verb VSfin Pres Indi Sing 3rd lang:es 00:00:00 00:00:05 tt-4515 AF002_1989_EP_SU2011_AD_16 @Gram:SerEstar:Ser ADD:769 
"<la>"
	"el" Determiner ART Singular Fem lang:es 00:00:00 00:00:05 tt-4516 AF002_1989_EP_SU2011_AD_16 @Gram:Det:Art ADD:395 
"<importancia>"
	"importancia" Noun NC Singular lang:es 00:00:00 00:00:05 tt-4517 AF002_1989_EP_SU2011_AD_16 
"<de>"
	"de" Conjunction CSUBI lang:es 00:00:00 00:00:05 tt-4518 AF002_1989_EP_SU2011_AD_16 
"<ser>"
	"ser" Verb VLinf VSinf Infinitive lang:es 00:00:00 00:00:05 tt-4519 AF002_1989_EP_SU2011_AD_16 @Gram:SerEstar:Ser SUBSTITUTE:309 ADD:769 
"<bilingüe>"
	"bilingüe" Adjective ADJ Singular lang:es 00:00:00 00:00:05 tt-4520 AF002_1989_EP_SU2011_AD_16 
"<para>"
	"para" Preposition PREP lang:es 00:00:00 00:00:05 tt-4521 AF002_1989_EP_SU2011_AD_16 @Gram:Prep:Para SUBSTITUTE:325 ADD:544 
"<ti>"
	"tú" Pronoun PPX Singular lang:es 00:00:00 00:00:05 tt-4522 AF002_1989_EP_SU2011_AD_16 
"<$?>"
	"?" Punctuation FS lang:es 00:00:00 00:00:05 tt-4523 AF002_1989_EP_SU2011_AD_16 
</speaker>
<speaker type="subj">

"<Para>"
	"para" Preposition PREP lang:es 00:00:05 00:00:12 tt-4524 AF002_1989_EP_SU2011_AD_16 @Gram:Prep:Para SUBSTITUTE:325 ADD:544 
"<mí>"
	"yo" Pronoun PPX Singular lang:es 00:00:05 00:00:12 tt-4525 AF002_1989_EP_SU2011_AD_16 
"<es>"
	"ser" Verb VSfin Pres Indi Sing 3rd lang:es 00:00:05 00:00:12 tt-4526 AF002_1989_EP_SU2011_AD_16 @Gram:SerEstar:Ser ADD:769 
"<algo>"
	"algo" Determiner QU lang:es 00:00:05 00:00:12 tt-4527 AF002_1989_EP_SU2011_AD_16 
"<fundamental>"
	"fundamental" Adjective ADJ Singular lang:es 00:00:05 00:00:12 tt-4528 AF002_1989_EP_SU2011_AD_16 
"<ya>"
	"ya" Adverb ADV lang:es 00:00:05 00:00:12 tt-4529 AF002_1989_EP_SU2011_AD_16 
"<$.>"
	"." Punctuation FS lang:es 00:00:05 00:00:12 tt-4530 AF002_1989_EP_SU2011_AD_16 

"<Yo>"
	"yo" Pronoun PPX Singular lang:es 00:00:05 00:00:12 tt-4531 AF002_1989_EP_SU2011_AD_16 @Gram:Pron:Sujeto ADD:590 
"<pienso>"
	"pensar" Verb VLfin Pres Indi Sing 1st lang:es 00:00:05 00:00:12 tt-4532 AF002_1989_EP_SU2011_AD_16 
"<que>"
	"que" Conjunction CQUE lang:es 00:00:05 00:00:12 tt-4533 AF002_1989_EP_SU2011_AD_16 
"<es>"
	"ser" Verb VSfin Pres Indi Sing 3rd lang:es 00:00:05 00:00:12 tt-4534 AF002_1989_EP_SU2011_AD_16 @Gram:SerEstar:Ser ADD:769 
"<fundamental>"
	"fundamental" Adjective ADJ Singular lang:es 00:00:05 00:00:12 tt-4535 AF002_1989_EP_SU2011_AD_16 
"<ya>"
	"ya" Adverb ADV lang:es 00:00:05 00:00:12 tt-4536 AF002_1989_EP_SU2011_AD_16 
"<para>"
	"para" Preposition PREP lang:es 00:00:05 00:00:12 tt-4537 AF002_1989_EP_SU2011_AD_16 @Gram:Prep:Para SUBSTITUTE:325 ADD:551 
"<una>"
	"un" Determiner ART Singular lang:es 00:00:05 00:00:12 tt-4538 AF002_1989_EP_SU2011_AD_16 
"<persona>"
	"persona" Noun NC Singular lang:es 00:00:05 00:00:12 tt-4539 AF002_1989_EP_SU2011_AD_16 
"<por>"
	"por" Preposition PREP lang:es 00:00:05 00:00:12 tt-4540 AF002_1989_EP_SU2011_AD_16 @Gram:Prep:Por SUBSTITUTE:251 ADD:574 
"<lo>"
	"lo" Adverb ADV lang:es 00:00:15 00:00:20 tt-4541 AF002_1989_EP_SU2011_AD_16 
"<menos>"
	"menos" Adverb ADV lang:es 00:00:15 00:00:20 tt-4542 AF002_1989_EP_SU2011_AD_16 
"<hablar>"
	"hablar" Verb VLinf Infinitive lang:es 00:00:15 00:00:20 tt-4543 AF002_1989_EP_SU2011_AD_16 SUBSTITUTE:309 
"<dos>"
	"dos" Determiner CARD Plural lang:es 00:00:15 00:00:20 tt-4544 AF002_1989_EP_SU2011_AD_16 
"<idiomas>"
	"idioma" Noun NC Plural lang:es 00:00:15 00:00:20 tt-4545 AF002_1989_EP_SU2011_AD_16 
"<$.>"
	"." Punctuation FS lang:es 00:00:15 00:00:20 tt-4546 AF002_1989_EP_SU2011_AD_16 

"<No>"
	"no" Adverb NEG lang:es 00:00:15 00:00:20 tt-4547 AF002_1989_EP_SU2011_AD_16 
"<importa>"
	"importar" Verb VLfin Pres Indi Sing 3rd lang:es 00:00:15 00:00:20 tt-4548 AF002_1989_EP_SU2011_AD_16 
"<cuales>"
	"cual" Pronoun REL Plural lang:es 00:00:15 00:00:20 tt-4549 AF002_1989_EP_SU2011_AD_16 
"<idiomas>"
	"idioma" Noun NC Plural lang:es 00:00:15 00:00:20 tt-4550 AF002_1989_EP_SU2011_AD_16 
"<sean>"
	"ser" Verb VSfin Pres Subj Plural 3rd lang:es 00:00:15 00:00:20 tt-4551 AF002_1989_EP_SU2011_AD_16 @Gram:MSub:Pres @Gram:SerEstar:Ser ADD:738 ADD:769 
"<,>"
	"," Punctuation CM lang:es 00:00:15 00:00:20 tt-4552 AF002_1989_EP_SU2011_AD_16 
"<pero>"
	"pero" Conjunction CCAD lang:es 00:00:15 00:00:20 tt-4553 AF002_1989_EP_SU2011_AD_16 @Prag:MarcadoresDisc:Revision ADD:998 
"<por>"
	"por" Preposition PREP lang:es 00:00:15 00:00:20 tt-4554 AF002_1989_EP_SU2011_AD_16 @Gram:Prep:Por SUBSTITUTE:251 ADD:574 
"<lo>"
	"lo" Adverb ADV lang:es 00:00:15 00:00:20 tt-4555 AF002_1989_EP_SU2011_AD_16 
"<menos>"
	"menos" Adverb ADV lang:es 00:00:15 00:00:20 tt-4556 AF002_1989_EP_SU2011_AD_16 
"<hablar>"
	"hablar" Verb VLinf Infinitive lang:es 00:00:15 00:00:20 tt-4557 AF002_1989_EP_SU2011_AD_16 SUBSTITUTE:309 
"<dos>"
	"dos" Determiner CARD Plural lang:es 00:00:15 00:00:20 tt-4558 AF002_1989_EP_SU2011_AD_16 
"<idiomas>"
	"idioma" Noun NC Plural lang:es 00:00:20 00:00:27 tt-4559 AF002_1989_EP_SU2011_AD_16 
"<$.>"
	"." Punctuation FS lang:es 00:00:20 00:00:27 tt-4560 AF002_1989_EP_SU2011_AD_16 

"<Entonces>"
	"entonces" Adverb ADV lang:es 00:00:20 00:00:27 tt-4561 AF002_1989_EP_SU2011_AD_16 
"<,>"
	"," Punctuation CM lang:es 00:00:20 00:00:27 tt-4562 AF002_1989_EP_SU2011_AD_16 
"<para>"
	"para" Preposition PREP lang:es 00:00:20 00:00:27 tt-4563 AF002_1989_EP_SU2011_AD_16 @Gram:Prep:Para SUBSTITUTE:325 ADD:544 
"<mí>"
	"yo" Pronoun PPX Singular lang:es 00:00:20 00:00:27 tt-4564 AF002_1989_EP_SU2011_AD_16 
"<es>"
	"ser" Verb VSfin Pres Indi Sing 3rd lang:es 00:00:20 00:00:27 tt-4565 AF002_1989_EP_SU2011_AD_16 @Gram:SerEstar:Ser ADD:769 
"<una>"
	"un" Determiner ART Singular lang:es 00:00:20 00:00:27 tt-4566 AF002_1989_EP_SU2011_AD_16 
"<virtud>"
	"virtud" Noun NC Singular lang:es 00:00:20 00:00:27 tt-4567 AF002_1989_EP_SU2011_AD_16 
"<ser>"
	"ser" Noun NC Infinitive lang:es 00:00:20 00:00:27 tt-4568 AF002_1989_EP_SU2011_AD_16 
"<bilingüe>"
	"bilingüe" Adjective ADJ Singular lang:es 00:00:20 00:00:27 tt-4569 AF002_1989_EP_SU2011_AD_16 
"<$.>"
	"." Punctuation FS lang:es 00:00:20 00:00:27 tt-4570 AF002_1989_EP_SU2011_AD_16 

"<Este>"
	"este" Determiner DM Singular lang:es 00:00:20 00:00:27 tt-4571 AF002_1989_EP_SU2011_AD_16 @Prag:RecuDiscurso:GanarTiempo ADD:1121 
"<...>"
	"..." Punctuation DOTS lang:es 00:00:20 00:00:27 tt-4572 AF002_1989_EP_SU2011_AD_16 
"<y>"
	"y" Conjunction CC lang:es 00:00:20 00:00:27 tt-4573 AF002_1989_EP_SU2011_AD_16 
"<de>"
	"de" Adverb ADV lang:es 00:00:20 00:00:27 tt-4574 AF002_1989_EP_SU2011_AD_16 
"<nuevo>"
	"nuevo" Adverb ADV lang:es 00:00:20 00:00:27 tt-4575 AF002_1989_EP_SU2011_AD_16 
"<reitero>"
	"reiterar" Verb VLfin Pres Indi Sing 1st lang:es 00:00:20 00:00:27 tt-4576 AF002_1989_EP_SU2011_AD_16 
"<,>"
	"," Punctuation CM lang:es 00:00:20 00:00:27 tt-4577 AF002_1989_EP_SU2011_AD_16 
"<porque>"
	"porque" Conjunction CSUBX lang:es 00:00:28 00:00:34 tt-4578 AF002_1989_EP_SU2011_AD_16 @Prag:MarcadoresDisc:Causa ADD:1051 
"<puedo>"
	"poder" Verb VLfin Pres Indi Sing 1st lang:es 00:00:28 00:00:34 tt-4579 AF002_1989_EP_SU2011_AD_16 
"<comunicarme>"
	"comunicar" Verb VLinf Pres Subj Sing 1st_or_3rd lang:es 00:00:28 00:00:34 tt-4580 AF002_1989_EP_SU2011_AD_16 @Gram:MSub:Pres ADD:738 
"<con>"
	"con" Preposition PREP lang:es 00:00:28 00:00:34 tt-4581 AF002_1989_EP_SU2011_AD_16 @Gram:Prep ADD:580 
"<más>"
	"más" Adverb ADV lang:es 00:00:28 00:00:34 tt-4582 AF002_1989_EP_SU2011_AD_16 
"<gente>"
	"gente" Noun NC Singular lang:es 00:00:28 00:00:34 tt-4583 AF002_1989_EP_SU2011_AD_16 
"<,>"
	"," Punctuation CM lang:es 00:00:28 00:00:34 tt-4584 AF002_1989_EP_SU2011_AD_16 
"<desenvolverme>"
	"UNK" Verb VLfin Infinitive lang:es 00:00:28 00:00:34 tt-4585 AF002_1989_EP_SU2011_AD_16 
"<más>"
	"más" Adverb ADV lang:es 00:00:28 00:00:34 tt-4586 AF002_1989_EP_SU2011_AD_16 
"<$.>"
	"." Punctuation FS lang:es 00:00:28 00:00:34 tt-4587 AF002_1989_EP_SU2011_AD_16 
</speaker>
</text>

