<text id="AF009_1987_EP_SU2011_AD_08">
<speaker type="subj">
"<frenos>"
	"freno" Noun NC Plural lang:es 00:00:00 00:00:06 tt-1668 AF009_1987_EP_SU2011_AD_08 
"<,>"
	"," Punctuation CM lang:es 00:00:00 00:00:06 tt-1669 AF009_1987_EP_SU2011_AD_08 
"<fue>"
	"ser" Verb VSfin Pret Indi Sing 3rd lang:es 00:00:00 00:00:06 tt-1670 AF009_1987_EP_SU2011_AD_08 @Gram:Indefinido @Gram:SerEstar:Ser 
"<cuando>"
	"cuando" Conjunction CSUBX lang:es 00:00:00 00:00:06 tt-1671 AF009_1987_EP_SU2011_AD_08 
"<decidí>"
	"decidir" Verb VLfin Pret Indi Sing 1st lang:es 00:00:00 00:00:06 tt-1672 AF009_1987_EP_SU2011_AD_08 @Gram:Indefinido 
"<irme>"
	"ir" Verb VLinf Pres Indi Sing 3rd lang:es 00:00:00 00:00:06 tt-1673 AF009_1987_EP_SU2011_AD_08 
"<mejor>"
	"bueno" Adjective ADJ Singular lang:es 00:00:00 00:00:06 tt-1674 AF009_1987_EP_SU2011_AD_08 
"<a>"
	"a" Preposition PREP lang:es 00:00:00 00:00:06 tt-1675 AF009_1987_EP_SU2011_AD_08 @Gram:Prep 
"<la>"
	"el" Determiner ART Singular Fem lang:es 00:00:00 00:00:06 tt-1676 AF009_1987_EP_SU2011_AD_08 @Gram:Det:Art 
"<sección>"
	"sección" Noun NC Singular lang:es 00:00:00 00:00:06 tt-1677 AF009_1987_EP_SU2011_AD_08 
"<de>"
	"de" Preposition PREP lang:es 00:00:00 00:00:06 tt-1678 AF009_1987_EP_SU2011_AD_08 @Gram:Prep 
"<dentistas>"
	"dentista" Noun NC Plural lang:es 00:00:00 00:00:06 tt-1679 AF009_1987_EP_SU2011_AD_08 
"<,>"
	"," Punctuation CM lang:es 00:00:00 00:00:06 tt-1680 AF009_1987_EP_SU2011_AD_08 
"<así>"
	"así" Conjunction CSUBX lang:es 00:00:00 00:00:06 tt-1681 AF009_1987_EP_SU2011_AD_08 
"<es>"
	"ser" Verb VSfin Pres Indi Sing 3rd lang:es 00:00:00 00:00:06 tt-1682 AF009_1987_EP_SU2011_AD_08 @Gram:SerEstar:Ser 
"<que>"
	"que" Conjunction CQUE lang:es 00:00:00 00:00:06 tt-1683 AF009_1987_EP_SU2011_AD_08 
"<,>"
	"," Punctuation CM lang:es 00:00:00 00:00:06 tt-1684 AF009_1987_EP_SU2011_AD_08 
"<creo>"
	"crear|creer" Verb VLfin Pres Indi Sing 1st lang:es 00:00:00 00:00:06 tt-1685 AF009_1987_EP_SU2011_AD_08 
"<que>"
	"que" Conjunction CQUE lang:es 00:00:00 00:00:06 tt-1686 AF009_1987_EP_SU2011_AD_08 
"<eso>"
	"ese" Determiner DM Singular lang:es 00:00:06 00:00:12 tt-1687 AF009_1987_EP_SU2011_AD_08 
"<me>"
	"yo" Pronoun PPX Singular lang:es 00:00:06 00:00:12 tt-1688 AF009_1987_EP_SU2011_AD_08 @Gram:Pron:Objeto 
"<cambió>"
	"cambiar" Verb VLfin Pret Indi Sing 3rd lang:es 00:00:06 00:00:12 tt-1689 AF009_1987_EP_SU2011_AD_08 @Gram:Indefinido 
"<la>"
	"el" Determiner ART Singular Fem lang:es 00:00:06 00:00:12 tt-1690 AF009_1987_EP_SU2011_AD_08 @Gram:Det:Art 
"<...>"
	"..." Punctuation DOTS lang:es 00:00:06 00:00:12 tt-1691 AF009_1987_EP_SU2011_AD_08 
"<mi>"
	"mío" Pronoun PPO Singular lang:es 00:00:06 00:00:12 tt-1692 AF009_1987_EP_SU2011_AD_08 
"<...>"
	"..." Punctuation DOTS lang:es 00:00:06 00:00:12 tt-1693 AF009_1987_EP_SU2011_AD_08 
"<$¿>"
	"¿" Punctuation FS lang:es 00:00:06 00:00:12 tt-1694 AF009_1987_EP_SU2011_AD_08 
"<cómo>"
	"cómo" Adverb ADV lang:es 00:00:06 00:00:12 tt-1695 AF009_1987_EP_SU2011_AD_08 
"<se>"
	"se" Other SE lang:es 00:00:06 00:00:12 tt-1696 AF009_1987_EP_SU2011_AD_08 
"<dice>"
	"decir" Verb VLfin Pres Indi Sing 3rd lang:es 00:00:06 00:00:12 tt-1697 AF009_1987_EP_SU2011_AD_08 
"<$?>"
	"?" Punctuation FS lang:es 00:00:06 00:00:12 tt-1698 AF009_1987_EP_SU2011_AD_08 

"<El>"
	"el" Determiner ART Singular Masc lang:es 00:00:06 00:00:12 tt-1699 AF009_1987_EP_SU2011_AD_08 @Gram:Det:Art ID:32 R:Herit:Contacto:Mixtas:33 
<lang code="en">
"<perspective>"
	"perspective" Noun NN lang:en 00:00:06 00:00:12 tt-1700 AF009_1987_EP_SU2011_AD_08 ID:33 
</lang>
"<,>"
	"," Punctuation CM lang:es 00:00:06 00:00:12 tt-1701 AF009_1987_EP_SU2011_AD_08 
"<el>"
	"el" Determiner ART Singular Masc lang:es 00:00:06 00:00:12 tt-1702 AF009_1987_EP_SU2011_AD_08 @Gram:Det:Art 
"<...>"
	"..." Punctuation DOTS lang:es 00:00:06 00:00:12 tt-1703 AF009_1987_EP_SU2011_AD_08 
"<bueno>"
	"bueno" Adjective ADJ Singular lang:es 00:00:06 00:00:12 tt-1704 AF009_1987_EP_SU2011_AD_08 
"<,>"
	"," Punctuation CM lang:es 00:00:06 00:00:12 tt-1705 AF009_1987_EP_SU2011_AD_08 
"<el>"
	"el" Determiner ART Singular Masc lang:es 00:00:06 00:00:12 tt-1706 AF009_1987_EP_SU2011_AD_08 @Gram:Det:Art 
"<aspecto>"
	"aspecto" Noun NC Singular lang:es 00:00:06 00:00:12 tt-1707 AF009_1987_EP_SU2011_AD_08 
"<en>"
	"en" Preposition PREP lang:es 00:00:06 00:00:12 tt-1708 AF009_1987_EP_SU2011_AD_08 @Gram:Prep 
"<que>"
	"que" Conjunction CQUE lang:es 00:00:12 00:00:17 tt-1709 AF009_1987_EP_SU2011_AD_08 
"<mejor>"
	"bueno" Adjective ADJ Singular lang:es 00:00:12 00:00:17 tt-1710 AF009_1987_EP_SU2011_AD_08 
"<quisiera>"
	"querer" Verb VLfin Past Subj Sing 1st_or_3rd lang:es 00:00:12 00:00:17 tt-1711 AF009_1987_EP_SU2011_AD_08 @Gram:MSub:Pret 
"<hacer>"
	"hacer" Verb VLinf Infinitive lang:es 00:00:12 00:00:17 tt-1712 AF009_1987_EP_SU2011_AD_08 
"<eso>"
	"ese" Determiner DM Singular lang:es 00:00:12 00:00:17 tt-1713 AF009_1987_EP_SU2011_AD_08 
"<,>"
	"," Punctuation CM lang:es 00:00:12 00:00:17 tt-1714 AF009_1987_EP_SU2011_AD_08 
"<en>"
	"en" Preposition PREP lang:es 00:00:12 00:00:17 tt-1715 AF009_1987_EP_SU2011_AD_08 @Gram:Prep 
"<lugar>"
	"lugar" Preposition PREP lang:es 00:00:12 00:00:17 tt-1716 AF009_1987_EP_SU2011_AD_08 @Gram:Prep 
"<de>"
	"de" Preposition PREP lang:es 00:00:12 00:00:17 tt-1717 AF009_1987_EP_SU2011_AD_08 @Gram:Prep 
"<...>"
	"..." Punctuation DOTS lang:es 00:00:12 00:00:17 tt-1718 AF009_1987_EP_SU2011_AD_08 
"<de>"
	"de" Preposition PREP lang:es 00:00:12 00:00:17 tt-1719 AF009_1987_EP_SU2011_AD_08 @Gram:Prep 
"<hacer>"
	"hacer" Verb VLinf Infinitive lang:es 00:00:12 00:00:17 tt-1720 AF009_1987_EP_SU2011_AD_08 
"<terapia>"
	"terapia" Noun NC Singular lang:es 00:00:12 00:00:17 tt-1721 AF009_1987_EP_SU2011_AD_08 
"<,>"
	"," Punctuation CM lang:es 00:00:12 00:00:17 tt-1722 AF009_1987_EP_SU2011_AD_08 
"<o>"
	"o" Conjunciton CC Adverb ADV lang:es 00:00:12 00:00:17 tt-1723 AF009_1987_EP_SU2011_AD_08 ID:56 R:Prag:MarcadoresDisc:Igualdad:57 
"<sea>"
	"sea" Adverb ADV lang:es 00:00:12 00:00:17 tt-1724 AF009_1987_EP_SU2011_AD_08 ID:57 
"<,>"
	"," Punctuation CM lang:es 00:00:12 00:00:17 tt-1725 AF009_1987_EP_SU2011_AD_08 
"<hacer>"
	"hacer" Verb VLinf Infinitive lang:es 00:00:12 00:00:17 tt-1726 AF009_1987_EP_SU2011_AD_08 
"<terapia>"
	"terapia" Noun NC Singular lang:es 00:00:12 00:00:17 tt-1727 AF009_1987_EP_SU2011_AD_08 
"<$.>"
	"." Punctuation FS lang:es 00:00:17 00:00:22 tt-1728 AF009_1987_EP_SU2011_AD_08 
</speaker>
<speaker type="int">

"<$¿>"
	"¿" Punctuation FS lang:es 00:00:17 00:00:22 tt-1729 AF009_1987_EP_SU2011_AD_08 
"<Tú>"
	"tú" Pronoun PPX Singular lang:es 00:00:17 00:00:22 tt-1730 AF009_1987_EP_SU2011_AD_08 @Gram:Pron:Sujeto 
"<batallaste>"
	"UNK" Verb VLfin Pret Indi Sing 2nd lang:es 00:00:17 00:00:22 tt-1731 AF009_1987_EP_SU2011_AD_08 @Gram:Indefinido 
"<mucho>"
	"mucho" Adverb ADV lang:es 00:00:17 00:00:22 tt-1732 AF009_1987_EP_SU2011_AD_08 
"<con>"
	"con" Preposition PREP lang:es 00:00:17 00:00:22 tt-1733 AF009_1987_EP_SU2011_AD_08 @Gram:Prep 
"<tus>"
	"UNK" Noun NC Plural lang:es 00:00:17 00:00:22 tt-1734 AF009_1987_EP_SU2011_AD_08 @Gram:Det:Pos 
"<frenos>"
	"freno" Noun NC Plural lang:es 00:00:17 00:00:22 tt-1735 AF009_1987_EP_SU2011_AD_08 
"<$?>"
	"?" Punctuation FS lang:es 00:00:17 00:00:22 tt-1736 AF009_1987_EP_SU2011_AD_08 

"<O>"
	"o" Conjunciton Conjunction CC lang:es 00:00:22 00:00:26 tt-1737 AF009_1987_EP_SU2011_AD_08 
"<cuéntame>"
	"contar" Verb VLfin Pres Command Sing 2nd lang:es 00:00:22 00:00:26 tt-1738 AF009_1987_EP_SU2011_AD_08 @Gram:MImp:Informal 
"<,>"
	"," Punctuation CM lang:es 00:00:22 00:00:26 tt-1739 AF009_1987_EP_SU2011_AD_08 
"<$¿>"
	"¿" Punctuation FS lang:es 00:00:22 00:00:26 tt-1740 AF009_1987_EP_SU2011_AD_08 
"<por>"
	"por" Preposition PREP lang:es 00:00:22 00:00:26 tt-1741 AF009_1987_EP_SU2011_AD_08 @Gram:Prep:Por 
"<qué>"
	"qué" Adverb ADV lang:es 00:00:22 00:00:26 tt-1742 AF009_1987_EP_SU2011_AD_08 
"<$?>"
	"?" Punctuation FS lang:es 00:00:22 00:00:26 tt-1743 AF009_1987_EP_SU2011_AD_08 

"<$¿>"
	"¿" Punctuation FS lang:es 00:00:22 00:00:26 tt-1744 AF009_1987_EP_SU2011_AD_08 
"<Qué>"
	"qué" Pronoun INT Singular lang:es 00:00:22 00:00:26 tt-1745 AF009_1987_EP_SU2011_AD_08 
"<te>"
	"tú" Pronoun PPX Singular lang:es 00:00:22 00:00:26 tt-1746 AF009_1987_EP_SU2011_AD_08 @Gram:Pron:Objeto 
"<inspiró>"
	"inspirar" Verb VLfin Pret Indi Sing 3rd lang:es 00:00:22 00:00:26 tt-1747 AF009_1987_EP_SU2011_AD_08 @Gram:Indefinido 
"<$?>"
	"?" Punctuation FS lang:es 00:00:22 00:00:26 tt-1748 AF009_1987_EP_SU2011_AD_08 
</speaker>
<speaker type="subj">

"<Uhm>"
	"UNK" Noun NP Singular lang:es 00:00:22 00:00:26 tt-1749 AF009_1987_EP_SU2011_AD_08 
"<...>"
	"..." Punctuation DOTS lang:es 00:00:22 00:00:26 tt-1750 AF009_1987_EP_SU2011_AD_08 
"<creo>"
	"crear|creer" Verb VLfin Pres Indi Sing 1st lang:es 00:00:22 00:00:26 tt-1751 AF009_1987_EP_SU2011_AD_08 
"<que>"
	"que" Conjunction CQUE lang:es 00:00:22 00:00:26 tt-1752 AF009_1987_EP_SU2011_AD_08 
"<,>"
	"," Punctuation CM lang:es 00:00:22 00:00:26 tt-1753 AF009_1987_EP_SU2011_AD_08 
"<porque>"
	"porque" Conjunction CSUBX lang:es 00:00:22 00:00:26 tt-1754 AF009_1987_EP_SU2011_AD_08 @Prag:MarcadoresDisc:Causa 
"<la>"
	"el" Determiner ART Singular Fem lang:es 00:00:22 00:00:26 tt-1755 AF009_1987_EP_SU2011_AD_08 @Gram:Det:Art 
"<manera>"
	"manera" Noun NC Singular lang:es 00:00:22 00:00:26 tt-1756 AF009_1987_EP_SU2011_AD_08 
"<en>"
	"en" Preposition PREP lang:es 00:00:22 00:00:26 tt-1757 AF009_1987_EP_SU2011_AD_08 @Gram:Prep 
"<que>"
	"que" Conjunction CQUE lang:es 00:00:26 00:00:32 tt-1758 AF009_1987_EP_SU2011_AD_08 
"<vi>"
	"vi" Determiner CARD Singular lang:es 00:00:26 00:00:32 tt-1759 AF009_1987_EP_SU2011_AD_08 
"<mis>"
	"mío" Pronoun PPO Plural lang:es 00:00:26 00:00:32 tt-1760 AF009_1987_EP_SU2011_AD_08 
"<dientes>"
	"dentar" Verb VLfin Pres Subj Sing 2nd lang:es 00:00:26 00:00:32 tt-1761 AF009_1987_EP_SU2011_AD_08 @Gram:MSub:Pres 
"<antes>"
	"antes" Adverb ADV lang:es 00:00:26 00:00:32 tt-1762 AF009_1987_EP_SU2011_AD_08 
"<y>"
	"y" Conjunciton Conjunction CC lang:es 00:00:26 00:00:32 tt-1763 AF009_1987_EP_SU2011_AD_08 
"<después>"
	"después" Adverb ADV lang:es 00:00:26 00:00:32 tt-1764 AF009_1987_EP_SU2011_AD_08 
"<,>"
	"," Punctuation CM lang:es 00:00:26 00:00:32 tt-1765 AF009_1987_EP_SU2011_AD_08 
"<creo>"
	"crear|creer" Verb VLfin Pres Indi Sing 1st lang:es 00:00:26 00:00:32 tt-1766 AF009_1987_EP_SU2011_AD_08 
"<que>"
	"que" Conjunction CQUE lang:es 00:00:26 00:00:32 tt-1767 AF009_1987_EP_SU2011_AD_08 
"<fue>"
	"ser" Verb VSfin Pret Indi Sing 3rd lang:es 00:00:26 00:00:32 tt-1768 AF009_1987_EP_SU2011_AD_08 @Gram:Indefinido @Gram:SerEstar:Ser 
"<una>"
	"un" Determiner ART Singular lang:es 00:00:26 00:00:32 tt-1769 AF009_1987_EP_SU2011_AD_08 
"<motivación>"
	"motivación" Noun NC Singular lang:es 00:00:26 00:00:32 tt-1770 AF009_1987_EP_SU2011_AD_08 
"<para>"
	"para" Preposition PREP lang:es 00:00:26 00:00:32 tt-1771 AF009_1987_EP_SU2011_AD_08 @Gram:Prep:Para 
"<otras>"
	"otro" Determiner QU lang:es 00:00:26 00:00:32 tt-1772 AF009_1987_EP_SU2011_AD_08 
"<personas>"
	"persona" Noun NC Plural lang:es 00:00:26 00:00:32 tt-1773 AF009_1987_EP_SU2011_AD_08 
"<,>"
	"," Punctuation CM lang:es 00:00:26 00:00:32 tt-1774 AF009_1987_EP_SU2011_AD_08 
"<para>"
	"para" Preposition PREP lang:es 00:00:32 00:00:38 tt-1775 AF009_1987_EP_SU2011_AD_08 @Gram:Prep:Para 
"<decir>"
	"decir" Verb VLinf Infinitive lang:es 00:00:32 00:00:38 tt-1776 AF009_1987_EP_SU2011_AD_08 
"<que>"
	"que" Conjunction CQUE lang:es 00:00:32 00:00:38 tt-1777 AF009_1987_EP_SU2011_AD_08 
"<,>"
	"," Punctuation CM lang:es 00:00:32 00:00:38 tt-1778 AF009_1987_EP_SU2011_AD_08 
"<muchas>"
	"mucho" Determiner QU lang:es 00:00:32 00:00:38 tt-1779 AF009_1987_EP_SU2011_AD_08 @Gram:Det:CuantIndef 
"<personas>"
	"persona" Noun NC Plural lang:es 00:00:32 00:00:38 tt-1780 AF009_1987_EP_SU2011_AD_08 
"<que>"
	"que" Conjunction CQUE lang:es 00:00:32 00:00:38 tt-1781 AF009_1987_EP_SU2011_AD_08 
"<no>"
	"no" Adverb NEG lang:es 00:00:32 00:00:38 tt-1782 AF009_1987_EP_SU2011_AD_08 
"<están>"
	"estar" Verb VEfin Pres Indi Plural 3rd lang:es 00:00:32 00:00:38 tt-1783 AF009_1987_EP_SU2011_AD_08 @Gram:SerEstar:Estar 
"<conformes>"
	"conforme" Adjective ADJ Plural lang:es 00:00:32 00:00:38 tt-1784 AF009_1987_EP_SU2011_AD_08 
"<con>"
	"con" Preposition PREP lang:es 00:00:32 00:00:38 tt-1785 AF009_1987_EP_SU2011_AD_08 @Gram:Prep 
"<su>"
	"suyo" Pronoun PPO Singular lang:es 00:00:32 00:00:38 tt-1786 AF009_1987_EP_SU2011_AD_08 @Gram:Det:Pos 
"<sonrisa>"
	"sonrisa" Noun NC Singular lang:es 00:00:32 00:00:38 tt-1787 AF009_1987_EP_SU2011_AD_08 
"<,>"
	"," Punctuation CM lang:es 00:00:32 00:00:38 tt-1788 AF009_1987_EP_SU2011_AD_08 
"<pueden>"
	"poder" Verb VMfin lang:es 00:00:32 00:00:38 tt-1789 AF009_1987_EP_SU2011_AD_08 
"<...>"
	"..." Punctuation DOTS lang:es 00:00:32 00:00:38 tt-1790 AF009_1987_EP_SU2011_AD_08 
"<tienen>"
	"tener" Verb VLfin Pres Indi Plural 3rd lang:es 00:00:32 00:00:38 tt-1791 AF009_1987_EP_SU2011_AD_08 
"<un>"
	"un" Determiner ART Singular lang:es 00:00:38 00:00:45 tt-1792 AF009_1987_EP_SU2011_AD_08 
"<modo>"
	"modo" Noun NC Singular lang:es 00:00:38 00:00:45 tt-1793 AF009_1987_EP_SU2011_AD_08 
"<de>"
	"de" Preposition PREP lang:es 00:00:38 00:00:45 tt-1794 AF009_1987_EP_SU2011_AD_08 @Gram:Prep 
"<,>"
	"," Punctuation CM lang:es 00:00:38 00:00:45 tt-1795 AF009_1987_EP_SU2011_AD_08 
"<de>"
	"de" Preposition PREP lang:es 00:00:38 00:00:45 tt-1796 AF009_1987_EP_SU2011_AD_08 @Gram:Prep 
"<ser>"
	"ser" Verb VLinf VSinf Infinitive lang:es 00:00:38 00:00:45 tt-1797 AF009_1987_EP_SU2011_AD_08 @Gram:SerEstar:Ser 
"<mejor>"
	"bueno" Adjective ADJ Singular lang:es 00:00:38 00:00:45 tt-1798 AF009_1987_EP_SU2011_AD_08 
"<,>"
	"," Punctuation CM lang:es 00:00:38 00:00:45 tt-1799 AF009_1987_EP_SU2011_AD_08 
"<o>"
	"o" Conjunciton CC Adverb ADV lang:es 00:00:38 00:00:45 tt-1800 AF009_1987_EP_SU2011_AD_08 ID:133 R:Prag:MarcadoresDisc:Igualdad:134 
"<sea>"
	"sea" Adverb ADV lang:es 00:00:38 00:00:45 tt-1801 AF009_1987_EP_SU2011_AD_08 ID:134 
"<,>"
	"," Punctuation CM lang:es 00:00:38 00:00:45 tt-1802 AF009_1987_EP_SU2011_AD_08 
"<porque>"
	"porque" Conjunction CSUBX lang:es 00:00:38 00:00:45 tt-1803 AF009_1987_EP_SU2011_AD_08 @Prag:MarcadoresDisc:Causa 
"<nos>"
	"nosotros" Pronoun PPX Plural lang:es 00:00:38 00:00:45 tt-1804 AF009_1987_EP_SU2011_AD_08 @Gram:Pron:Objeto 
"<agrega>"
	"agregar" Verb VLfin Pres Indi Sing 3rd lang:es 00:00:38 00:00:45 tt-1805 AF009_1987_EP_SU2011_AD_08 
"<más>"
	"más" Adverb ADV lang:es 00:00:38 00:00:45 tt-1806 AF009_1987_EP_SU2011_AD_08 
"<confianza>"
	"confianza" Noun NC Singular lang:es 00:00:38 00:00:45 tt-1807 AF009_1987_EP_SU2011_AD_08 
"<,>"
	"," Punctuation CM lang:es 00:00:38 00:00:45 tt-1808 AF009_1987_EP_SU2011_AD_08 
"<en>"
	"en" Preposition PREP lang:es 00:00:38 00:00:45 tt-1809 AF009_1987_EP_SU2011_AD_08 @Gram:Prep 
"<sí>"
	"él" Pronoun PPX Singular lang:es 00:00:38 00:00:45 tt-1810 AF009_1987_EP_SU2011_AD_08 
"<mismos>"
	"mismo" Adjective ADJ Plural lang:es 00:00:38 00:00:45 tt-1811 AF009_1987_EP_SU2011_AD_08 
"<,>"
	"," Punctuation CM lang:es 00:00:38 00:00:45 tt-1812 AF009_1987_EP_SU2011_AD_08 
"<a>"
	"a" Preposition PREP lang:es 00:00:38 00:00:45 tt-1813 AF009_1987_EP_SU2011_AD_08 @Gram:Prep 
"<mí>"
	"yo" Pronoun PPX Singular lang:es 00:00:38 00:00:45 tt-1814 AF009_1987_EP_SU2011_AD_08 
</speaker>
</text>

