<text id="AF006_1968_EP_SU2011_AD_11">
<speaker type="int">
"<$¿>"
	"¿" Punctuation FS lang:es 00:00:00 00:00:07 tt-1587 AF006_1968_EP_SU2011_AD_11 
"<En>"
	"en" Preposition PREP lang:es 00:00:00 00:00:07 tt-1588 AF006_1968_EP_SU2011_AD_11 @Gram:Prep ADD:614 
"<qué>"
	"qué" Pronoun INT Singular lang:es 00:00:00 00:00:07 tt-1589 AF006_1968_EP_SU2011_AD_11 
"<resultó>"
	"resultar" Verb VLfin Pret Indi Sing 3rd lang:es 00:00:00 00:00:07 tt-1590 AF006_1968_EP_SU2011_AD_11 @Gram:Indefinido ADD:688 
"<diferente>"
	"diferente" Adjective ADJ Singular lang:es 00:00:00 00:00:07 tt-1591 AF006_1968_EP_SU2011_AD_11 
"<tu>"
	"tú" Pronoun PPX Singular lang:es 00:00:00 00:00:07 tt-1592 AF006_1968_EP_SU2011_AD_11 @Gram:Det:Pos ADD:446 
"<vida>"
	"vida" Noun NC Singular lang:es 00:00:00 00:00:07 tt-1593 AF006_1968_EP_SU2011_AD_11 
"<de>"
	"de" Preposition PREP lang:es 00:00:00 00:00:07 tt-1594 AF006_1968_EP_SU2011_AD_11 @Gram:Prep ADD:614 
"<lo>"
	"el" Determiner ART Singular lang:es 00:00:00 00:00:07 tt-1595 AF006_1968_EP_SU2011_AD_11 ID:9 R:Gram:Det:LoAdj:10 ADDRELATION(Gram:Det:LoAdj):422 
"<que>"
	"que" Conjunction CQUE lang:es 00:00:00 00:00:07 tt-1596 AF006_1968_EP_SU2011_AD_11 ID:10 
"<habías>"
	"haber" Verb VHfin Imp Indi Sing 2nd lang:es 00:00:00 00:00:07 tt-1597 AF006_1968_EP_SU2011_AD_11 
"<imaginado>"
	"imaginar" Verb VLadj lang:es 00:00:00 00:00:07 tt-1598 AF006_1968_EP_SU2011_AD_11 
"<$?>"
	"?" Punctuation FS lang:es 00:00:00 00:00:07 tt-1599 AF006_1968_EP_SU2011_AD_11 
</speaker>
<speaker type="subj">

"<Pues>"
	"pues" Conjunction CSUBF lang:es 00:00:08 00:00:15 tt-1600 AF006_1968_EP_SU2011_AD_11 
"<,>"
	"," Punctuation CM lang:es 00:00:08 00:00:15 tt-1601 AF006_1968_EP_SU2011_AD_11 
<lang code="en">
"<I>"
	"I" Pronoun PP lang:en 00:00:08 00:00:15 tt-1602 AF006_1968_EP_SU2011_AD_11 
"<guess>"
	"guess" Verb VBP lang:en 00:00:08 00:00:15 tt-1603 AF006_1968_EP_SU2011_AD_11 
</lang>
"<,>"
	"," Punctuation CM lang:es 00:00:08 00:00:15 tt-1604 AF006_1968_EP_SU2011_AD_11 
"<lo>"
	"el" Determiner ART Singular lang:es 00:00:08 00:00:15 tt-1605 AF006_1968_EP_SU2011_AD_11 ID:19 R:Gram:Det:LoAdj:21 ADDRELATION(Gram:Det:LoAdj):421 
"<más>"
	"más" Adverb ADV lang:es 00:00:08 00:00:15 tt-1606 AF006_1968_EP_SU2011_AD_11 
"<drástico>"
	"drástico" Adjective ADJ Singular lang:es 00:00:08 00:00:15 tt-1607 AF006_1968_EP_SU2011_AD_11 ID:21 
"<fue>"
	"ser" Verb VSfin Pret Indi Sing 3rd lang:es 00:00:08 00:00:15 tt-1608 AF006_1968_EP_SU2011_AD_11 @Gram:Indefinido @Gram:SerEstar:Ser ADD:688 ADD:803 
"<eso>"
	"ese" Determiner DM Singular lang:es 00:00:08 00:00:15 tt-1609 AF006_1968_EP_SU2011_AD_11 @Gram:Det:Demo ADD:439 
"<,>"
	"," Punctuation CM lang:es 00:00:08 00:00:15 tt-1610 AF006_1968_EP_SU2011_AD_11 
"<que>"
	"que" Conjunction CQUE lang:es 00:00:08 00:00:15 tt-1611 AF006_1968_EP_SU2011_AD_11 
"<pensé>"
	"pensar" Verb VLfin Pret Indi Sing 1st lang:es 00:00:08 00:00:15 tt-1612 AF006_1968_EP_SU2011_AD_11 @Gram:Indefinido ADD:688 
"<yo>"
	"yo" Pronoun PPX Singular lang:es 00:00:08 00:00:15 tt-1613 AF006_1968_EP_SU2011_AD_11 @Gram:Pron:Sujeto ADD:624 
"<que>"
	"que" Conjunction CQUE lang:es 00:00:08 00:00:15 tt-1614 AF006_1968_EP_SU2011_AD_11 
"<iba>"
	"ir" Verb VLfin Imp Indi Sing 1st_or_3rd lang:es 00:00:08 00:00:15 tt-1615 AF006_1968_EP_SU2011_AD_11 @Gram:Imperf ID:29 R:Gram:VFut:Perifrasis:31 ADD:679 ADDRELATION(Gram:VFut:Perifrasis):707 
"<a>"
	"a" Preposition PREP lang:es 00:00:08 00:00:15 tt-1616 AF006_1968_EP_SU2011_AD_11 @Gram:Prep SUBSTITUTE:389 ADD:614 
"<acabar>"
	"acabar" Verb VLinf Infinitive lang:es 00:00:08 00:00:15 tt-1617 AF006_1968_EP_SU2011_AD_11 ID:31 SUBSTITUTE:320 
"<la>"
	"el" Determiner ART Singular Fem lang:es 00:00:08 00:00:15 tt-1618 AF006_1968_EP_SU2011_AD_11 @Gram:Det:Art ADD:416 
"<escuela>"
	"escuela" Noun NC Singular lang:es 00:00:08 00:00:15 tt-1619 AF006_1968_EP_SU2011_AD_11 
"<y>"
	"y" Conjunciton Conjunction CC lang:es 00:00:16 00:00:23 tt-1620 AF006_1968_EP_SU2011_AD_11 SUBSTITUTE:385 
"<...>"
	"..." Punctuation DOTS lang:es 00:00:16 00:00:23 tt-1621 AF006_1968_EP_SU2011_AD_11 
"<y>"
	"y" Conjunciton Conjunction CC lang:es 00:00:16 00:00:23 tt-1622 AF006_1968_EP_SU2011_AD_11 SUBSTITUTE:385 
"<no>"
	"no" Adverb NEG lang:es 00:00:16 00:00:23 tt-1623 AF006_1968_EP_SU2011_AD_11 
"<,>"
	"," Punctuation CM lang:es 00:00:16 00:00:23 tt-1624 AF006_1968_EP_SU2011_AD_11 
"<pero>"
	"pero" Conjunction CCAD lang:es 00:00:16 00:00:23 tt-1625 AF006_1968_EP_SU2011_AD_11 @Prag:MarcadoresDisc:Revision ADD:1032 
"<...>"
	"..." Punctuation DOTS lang:es 00:00:16 00:00:23 tt-1626 AF006_1968_EP_SU2011_AD_11 
"<pues>"
	"pues" Conjunction CSUBF lang:es 00:00:16 00:00:23 tt-1627 AF006_1968_EP_SU2011_AD_11 
"<hay>"
	"haber" Verb VMfin Pres Indi Sing 3rd lang:es 00:00:16 00:00:23 tt-1628 AF006_1968_EP_SU2011_AD_11 @Gram:Haber:Exist ADD:819 
"<que>"
	"que" Verb VMfin lang:es 00:00:16 00:00:23 tt-1629 AF006_1968_EP_SU2011_AD_11 
"<...>"
	"..." Punctuation DOTS lang:es 00:00:16 00:00:23 tt-1630 AF006_1968_EP_SU2011_AD_11 
"<también>"
	"también" Adverb ADV lang:es 00:00:16 00:00:23 tt-1631 AF006_1968_EP_SU2011_AD_11 @Prag:MarcadoresDisc:Igualdad ADD:1116 
"<eso>"
	"ese" Determiner DM Singular lang:es 00:00:16 00:00:23 tt-1632 AF006_1968_EP_SU2011_AD_11 
"<nos>"
	"nosotros" Pronoun PPX Plural lang:es 00:00:16 00:00:23 tt-1633 AF006_1968_EP_SU2011_AD_11 @Gram:Pron:Objeto ADD:648 
"<ha>"
	"haber" Verb VHfin Pres Indi Sing 3rd lang:es 00:00:16 00:00:23 tt-1634 AF006_1968_EP_SU2011_AD_11 ID:48 R:Gram:Aux:Haber:49 R:Gram:PerfPerif:49 ADDRELATION():695 
"<hecho>"
	"hacer" Verb VLadj lang:es 00:00:16 00:00:23 tt-1635 AF006_1968_EP_SU2011_AD_11 ID:49 
"<valorar>"
	"valorar" Verb VLinf Infinitive lang:es 00:00:16 00:00:23 tt-1636 AF006_1968_EP_SU2011_AD_11 SUBSTITUTE:320 
"<más>"
	"más" Adverb ADV lang:es 00:00:16 00:00:23 tt-1637 AF006_1968_EP_SU2011_AD_11 
"<lo>"
	"el" Determiner ART Singular lang:es 00:00:16 00:00:23 tt-1638 AF006_1968_EP_SU2011_AD_11 ID:52 R:Gram:Det:LoAdj:53 ADDRELATION(Gram:Det:LoAdj):422 
"<que>"
	"que" Conjunction CQUE lang:es 00:00:16 00:00:23 tt-1639 AF006_1968_EP_SU2011_AD_11 ID:53 
"<tenemos>"
	"tener" Verb VLfin Pres Indi Plural 1st lang:es 00:00:16 00:00:23 tt-1640 AF006_1968_EP_SU2011_AD_11 
"<,>"
	"," Punctuation CM lang:es 00:00:16 00:00:23 tt-1641 AF006_1968_EP_SU2011_AD_11 
"<porque>"
	"porque" Conjunction CSUBX lang:es 00:00:25 00:00:32 tt-1642 AF006_1968_EP_SU2011_AD_11 @Prag:MarcadoresDisc:Causa ADD:1085 
"<tuvimos>"
	"tener" Verb VLfin Pres_or_Pret Indi Plural 1st lang:es 00:00:25 00:00:32 tt-1643 AF006_1968_EP_SU2011_AD_11 
"<que>"
	"que" Conjunction CQUE lang:es 00:00:25 00:00:32 tt-1644 AF006_1968_EP_SU2011_AD_11 
"<comenzar>"
	"comenzar" Verb VLinf Infinitive lang:es 00:00:25 00:00:32 tt-1645 AF006_1968_EP_SU2011_AD_11 SUBSTITUTE:320 
"<desde>"
	"desde" Preposition PREP lang:es 00:00:25 00:00:32 tt-1646 AF006_1968_EP_SU2011_AD_11 @Gram:Prep ADD:614 
"<mero>"
	"merar" Verb VLfin Pres Indi Sing 1st lang:es 00:00:25 00:00:32 tt-1647 AF006_1968_EP_SU2011_AD_11 
"<abajo>"
	"abajo" Adverb ADV lang:es 00:00:25 00:00:32 tt-1648 AF006_1968_EP_SU2011_AD_11 
"<,>"
	"," Punctuation CM lang:es 00:00:25 00:00:32 tt-1649 AF006_1968_EP_SU2011_AD_11 
"<y>"
	"y" Conjunciton Conjunction CC lang:es 00:00:25 00:00:32 tt-1650 AF006_1968_EP_SU2011_AD_11 SUBSTITUTE:385 
"<poco>"
	"poco" Adverb ADV lang:es 00:00:25 00:00:32 tt-1651 AF006_1968_EP_SU2011_AD_11 
"<a>"
	"a" Preposition PREP lang:es 00:00:25 00:00:32 tt-1652 AF006_1968_EP_SU2011_AD_11 @Gram:Prep SUBSTITUTE:389 ADD:614 
"<poco>"
	"poco" Adverb ADV lang:es 00:00:25 00:00:32 tt-1653 AF006_1968_EP_SU2011_AD_11 
"<hemos>"
	"haber" Verb VHfin Pres Indi Plural 1st lang:es 00:00:25 00:00:32 tt-1654 AF006_1968_EP_SU2011_AD_11 ID:68 R:Gram:Aux:Haber:69 R:Gram:PerfPerif:69 ADDRELATION():695 
"<subido>"
	"subir" Verb VLadj lang:es 00:00:25 00:00:32 tt-1655 AF006_1968_EP_SU2011_AD_11 ID:69 
"<$.>"
	"." Punctuation FS lang:es 00:00:25 00:00:32 tt-1656 AF006_1968_EP_SU2011_AD_11 

"<Pero>"
	"pero" Conjunction CCAD lang:es 00:00:25 00:00:32 tt-1657 AF006_1968_EP_SU2011_AD_11 @Prag:MarcadoresDisc:Revision ADD:1032 
"<eso>"
	"ese" Determiner DM Singular lang:es 00:00:25 00:00:32 tt-1658 AF006_1968_EP_SU2011_AD_11 
"<sí>"
	"sí" Adverb ADV lang:es 00:00:25 00:00:32 tt-1659 AF006_1968_EP_SU2011_AD_11 
"<,>"
	"," Punctuation CM lang:es 00:00:25 00:00:32 tt-1660 AF006_1968_EP_SU2011_AD_11 
"<yo>"
	"yo" Pronoun PPX Singular lang:es 00:00:32 00:00:38 tt-1661 AF006_1968_EP_SU2011_AD_11 @Gram:Pron:Sujeto ADD:624 
"<pensé>"
	"pensar" Verb VLfin Pret Indi Sing 1st lang:es 00:00:32 00:00:38 tt-1662 AF006_1968_EP_SU2011_AD_11 @Gram:Indefinido ADD:688 
"<que>"
	"que" Conjunction CQUE lang:es 00:00:32 00:00:38 tt-1663 AF006_1968_EP_SU2011_AD_11 
"<iba>"
	"ir" Verb VLfin Imp Indi Sing 1st_or_3rd lang:es 00:00:32 00:00:38 tt-1664 AF006_1968_EP_SU2011_AD_11 @Gram:Imperf ID:78 R:Gram:VFut:Perifrasis:80 ADD:679 ADDRELATION(Gram:VFut:Perifrasis):707 
"<a>"
	"a" Preposition PREP lang:es 00:00:32 00:00:38 tt-1665 AF006_1968_EP_SU2011_AD_11 @Gram:Prep SUBSTITUTE:389 ADD:614 
"<acabar>"
	"acabar" Verb VLinf Infinitive lang:es 00:00:32 00:00:38 tt-1666 AF006_1968_EP_SU2011_AD_11 ID:80 SUBSTITUTE:320 
"<la>"
	"el" Determiner ART Singular Fem lang:es 00:00:32 00:00:38 tt-1667 AF006_1968_EP_SU2011_AD_11 @Gram:Det:Art ADD:416 
"<escuela>"
	"escuela" Noun NC Singular lang:es 00:00:32 00:00:38 tt-1668 AF006_1968_EP_SU2011_AD_11 
"<,>"
	"," Punctuation CM lang:es 00:00:32 00:00:38 tt-1669 AF006_1968_EP_SU2011_AD_11 
"<que>"
	"que" Conjunction CQUE lang:es 00:00:32 00:00:38 tt-1670 AF006_1968_EP_SU2011_AD_11 
"<iba>"
	"ir" Verb VLfin Imp Indi Sing 1st_or_3rd lang:es 00:00:32 00:00:38 tt-1671 AF006_1968_EP_SU2011_AD_11 @Gram:Imperf ID:85 R:Gram:VFut:Perifrasis:87 ADD:679 ADDRELATION(Gram:VFut:Perifrasis):707 
"<a>"
	"a" Preposition PREP lang:es 00:00:32 00:00:38 tt-1672 AF006_1968_EP_SU2011_AD_11 @Gram:Prep SUBSTITUTE:389 ADD:614 
"<estar>"
	"estar" Verb VLinf VEinf Infinitive lang:es 00:00:32 00:00:38 tt-1673 AF006_1968_EP_SU2011_AD_11 @Gram:SerEstar:Estar ID:87 SUBSTITUTE:320 ADD:812 
"<en>"
	"en" Preposition PREP lang:es 00:00:32 00:00:38 tt-1674 AF006_1968_EP_SU2011_AD_11 @Gram:Prep ADD:614 
"<un>"
	"un" Determiner ART Singular lang:es 00:00:32 00:00:38 tt-1675 AF006_1968_EP_SU2011_AD_11 
"<...>"
	"..." Punctuation DOTS lang:es 00:00:32 00:00:38 tt-1676 AF006_1968_EP_SU2011_AD_11 
"<de>"
	"de" Preposition PREP lang:es 00:00:32 00:00:38 tt-1677 AF006_1968_EP_SU2011_AD_11 @Gram:Prep ADD:614 
"<maestra>"
	"maestro" Plural Singular Noun NC lang:es 00:00:32 00:00:38 tt-1678 AF006_1968_EP_SU2011_AD_11 SUBSTITUTE:297 SUBSTITUTE:298 
"<o>"
	"o" Conjunciton Conjunction CC lang:es 00:00:32 00:00:38 tt-1679 AF006_1968_EP_SU2011_AD_11 SUBSTITUTE:387 
"<algo>"
	"algo" Determiner QU lang:es 00:00:32 00:00:38 tt-1680 AF006_1968_EP_SU2011_AD_11 @Gram:Det:Pron ADD:475 
"<,>"
	"," Punctuation CM lang:es 00:00:32 00:00:38 tt-1681 AF006_1968_EP_SU2011_AD_11 
"<pero>"
	"pero" Conjunction CCAD lang:es 00:00:32 00:00:38 tt-1682 AF006_1968_EP_SU2011_AD_11 @Prag:MarcadoresDisc:Revision ADD:1032 
"<...>"
	"..." Punctuation DOTS lang:es 00:00:32 00:00:38 tt-1683 AF006_1968_EP_SU2011_AD_11 
<lang code="en">
"<but>"
	"but" Conjunction CC lang:en 00:00:32 00:00:38 tt-1684 AF006_1968_EP_SU2011_AD_11 
"<I>"
	"I" Pronoun PP lang:en 00:00:38 00:00:42 tt-1685 AF006_1968_EP_SU2011_AD_11 
</lang>
"<don>"
	"don" Noun NC Singular lang:es 00:00:38 00:00:42 tt-1686 AF006_1968_EP_SU2011_AD_11 
<lang code="en">
"<>"
	"Error" Other Error lang:en 00:00:03 00:00:42 tt-1687 AF006_1968_EP_SU2011_AD_11 
"<'t>"
	"UNK" Noun NN lang:en 00:00:38 00:00:42 tt-1688 AF006_1968_EP_SU2011_AD_11 
"<regret>"
	"regret" Verb VB lang:en 00:00:38 00:00:42 tt-1689 AF006_1968_EP_SU2011_AD_11 
"<it>"
	"it" Pronoun PP lang:en 00:00:38 00:00:42 tt-1690 AF006_1968_EP_SU2011_AD_11 
</lang>
"<$.>"
	"." Punctuation FS lang:es 00:00:38 00:00:42 tt-1691 AF006_1968_EP_SU2011_AD_11 
</speaker>
<speaker type="int">

"<Eso>"
	"ese" Determiner DM Singular lang:es 00:00:42 00:00:46 tt-1692 AF006_1968_EP_SU2011_AD_11 
"<me>"
	"yo" Pronoun PPX Singular lang:es 00:00:42 00:00:46 tt-1693 AF006_1968_EP_SU2011_AD_11 @Gram:Pron:Objeto ADD:648 
"<lleva>"
	"llevar" Verb VLfin Pres Indi Sing 3rd lang:es 00:00:42 00:00:46 tt-1694 AF006_1968_EP_SU2011_AD_11 
"<a>"
	"a" Preposition PREP lang:es 00:00:42 00:00:46 tt-1695 AF006_1968_EP_SU2011_AD_11 @Gram:Prep SUBSTITUTE:389 ADD:614 
"<la>"
	"el" Determiner ART Singular Fem lang:es 00:00:42 00:00:46 tt-1696 AF006_1968_EP_SU2011_AD_11 @Gram:Det:Art ADD:416 
"<próxima>"
	"próximo" Adjective ADJ Singular lang:es 00:00:42 00:00:46 tt-1697 AF006_1968_EP_SU2011_AD_11 
"<pregunta>"
	"pregunta" Noun NC Singular lang:es 00:00:42 00:00:46 tt-1698 AF006_1968_EP_SU2011_AD_11 
"<$.>"
	"." Punctuation FS lang:es 00:00:42 00:00:46 tt-1699 AF006_1968_EP_SU2011_AD_11 

"<$¿>"
	"¿" Punctuation FS lang:es 00:00:42 00:00:46 tt-1700 AF006_1968_EP_SU2011_AD_11 
"<Te>"
	"tú" Pronoun PPX Singular lang:es 00:00:42 00:00:46 tt-1701 AF006_1968_EP_SU2011_AD_11 @Gram:Pron:Objeto ADD:648 
"<arrepientes>"
	"UNK" Verb VLfin Pres Subj Sing 2nd lang:es 00:00:42 00:00:46 tt-1702 AF006_1968_EP_SU2011_AD_11 @Gram:MSub:Pres ADD:772 
"<de>"
	"de" Preposition PREP lang:es 00:00:42 00:00:46 tt-1703 AF006_1968_EP_SU2011_AD_11 @Gram:Prep ADD:614 
"<algo>"
	"algo" Determiner QU lang:es 00:00:42 00:00:46 tt-1704 AF006_1968_EP_SU2011_AD_11 @Gram:Det:Pron ADD:475 
"<$?>"
	"?" Punctuation FS lang:es 00:00:42 00:00:46 tt-1705 AF006_1968_EP_SU2011_AD_11 
</speaker>
<speaker type="subj">

"<No>"
	"no" Adverb NEG lang:es 00:00:46 00:00:53 tt-1706 AF006_1968_EP_SU2011_AD_11 
"<,>"
	"," Punctuation CM lang:es 00:00:46 00:00:53 tt-1707 AF006_1968_EP_SU2011_AD_11 
"<no>"
	"no" Adverb NEG lang:es 00:00:46 00:00:53 tt-1708 AF006_1968_EP_SU2011_AD_11 
"<,>"
	"," Punctuation CM lang:es 00:00:46 00:00:53 tt-1709 AF006_1968_EP_SU2011_AD_11 
"<porque>"
	"porque" Conjunction CSUBX lang:es 00:00:46 00:00:53 tt-1710 AF006_1968_EP_SU2011_AD_11 @Prag:MarcadoresDisc:Causa ADD:1085 
"<mis>"
	"mío" Pronoun PPO Plural lang:es 00:00:46 00:00:53 tt-1711 AF006_1968_EP_SU2011_AD_11 @Gram:Det:Pos SUBSTITUTE:309 ADD:447 
"<hijos>"
	"hijo" Noun NC Plural lang:es 00:00:46 00:00:53 tt-1712 AF006_1968_EP_SU2011_AD_11 
"<son>"
	"ser" Verb VSfin Pres Indi Plural 3rd lang:es 00:00:46 00:00:53 tt-1713 AF006_1968_EP_SU2011_AD_11 @Gram:SerEstar:Ser ADD:803 
"<todo>"
	"todo" Determiner QU lang:es 00:00:46 00:00:53 tt-1714 AF006_1968_EP_SU2011_AD_11 
"<,>"
	"," Punctuation CM lang:es 00:00:46 00:00:53 tt-1715 AF006_1968_EP_SU2011_AD_11 
"<mi>"
	"mío" Pronoun PPO Singular lang:es 00:00:46 00:00:53 tt-1716 AF006_1968_EP_SU2011_AD_11 @Gram:Det:Pos ADD:446 
"<esposo>"
	"esposo" Noun NC Singular lang:es 00:00:46 00:00:53 tt-1717 AF006_1968_EP_SU2011_AD_11 
"<también>"
	"también" Adverb ADV lang:es 00:00:46 00:00:53 tt-1718 AF006_1968_EP_SU2011_AD_11 @Prag:MarcadoresDisc:Igualdad ADD:1116 
"<,>"
	"," Punctuation CM lang:es 00:00:46 00:00:53 tt-1719 AF006_1968_EP_SU2011_AD_11 
<lang code="en">
"<so>"
	"so" Adverb RB lang:en 00:00:46 00:00:53 tt-1720 AF006_1968_EP_SU2011_AD_11 
</lang>
"<,>"
	"," Punctuation CM lang:es 00:00:46 00:00:53 tt-1721 AF006_1968_EP_SU2011_AD_11 
"<no>"
	"no" Adverb NEG lang:es 00:00:46 00:00:53 tt-1722 AF006_1968_EP_SU2011_AD_11 
"<,>"
	"," Punctuation CM lang:es 00:00:46 00:00:53 tt-1723 AF006_1968_EP_SU2011_AD_11 
"<no>"
	"no" Adverb NEG lang:es 00:00:46 00:00:53 tt-1724 AF006_1968_EP_SU2011_AD_11 
"<me>"
	"yo" Pronoun PPX Singular lang:es 00:00:46 00:00:53 tt-1725 AF006_1968_EP_SU2011_AD_11 @Gram:Pron:Objeto ADD:648 
"<arrepiento>"
	"arrepentir" Verb VLfin Pres Indi Sing 1st lang:es 00:00:46 00:00:53 tt-1726 AF006_1968_EP_SU2011_AD_11 
"<$.>"
	"." Punctuation FS lang:es 00:00:46 00:00:53 tt-1727 AF006_1968_EP_SU2011_AD_11 
</speaker>
<speaker type="int">

"<Qué>"
	"qué" Pronoun INT Singular lang:es 00:00:56 00:01:03 tt-1728 AF006_1968_EP_SU2011_AD_11 
"<bien>"
	"bien" Noun NC Singular lang:es 00:00:56 00:01:03 tt-1729 AF006_1968_EP_SU2011_AD_11 
"<$.>"
	"." Punctuation FS lang:es 00:00:56 00:01:03 tt-1730 AF006_1968_EP_SU2011_AD_11 

"<$¿>"
	"¿" Punctuation FS lang:es 00:00:56 00:01:03 tt-1731 AF006_1968_EP_SU2011_AD_11 
"<Te>"
	"tú" Pronoun PPX Singular lang:es 00:00:56 00:01:03 tt-1732 AF006_1968_EP_SU2011_AD_11 @Gram:Pron:Objeto ADD:648 
"<consideras>"
	"considerar" Verb VLfin Pres Indi Sing 2nd lang:es 00:00:56 00:01:03 tt-1733 AF006_1968_EP_SU2011_AD_11 
"<mexicana-estadounidense>"
	"UNK" Adjective ADJ Singular lang:es 00:00:56 00:01:03 tt-1734 AF006_1968_EP_SU2011_AD_11 
"<,>"
	"," Punctuation CM lang:es 00:00:56 00:01:03 tt-1735 AF006_1968_EP_SU2011_AD_11 
"<mexicana>"
	"mexicano" Adjective ADJ Singular lang:es 00:00:56 00:01:03 tt-1736 AF006_1968_EP_SU2011_AD_11 
"<,>"
	"," Punctuation CM lang:es 00:00:56 00:01:03 tt-1737 AF006_1968_EP_SU2011_AD_11 
"<tejana>"
	"UNK" Noun NC Singular lang:es 00:00:56 00:01:03 tt-1738 AF006_1968_EP_SU2011_AD_11 
"<,>"
	"," Punctuation CM lang:es 00:00:56 00:01:03 tt-1739 AF006_1968_EP_SU2011_AD_11 
"<chicana>"
	"UNK" Noun NC Singular lang:es 00:00:56 00:01:03 tt-1740 AF006_1968_EP_SU2011_AD_11 
"<,>"
	"," Punctuation CM lang:es 00:00:56 00:01:03 tt-1741 AF006_1968_EP_SU2011_AD_11 
"<qué>"
	"qué" Pronoun INT Singular lang:es 00:00:56 00:01:03 tt-1742 AF006_1968_EP_SU2011_AD_11 
"<dirías>"
	"decir" Verb VLfin Cond Indi Sing 2nd lang:es 00:00:56 00:01:03 tt-1743 AF006_1968_EP_SU2011_AD_11 
"<$?>"
	"?" Punctuation FS lang:es 00:00:56 00:01:03 tt-1744 AF006_1968_EP_SU2011_AD_11 
</speaker>
</text>

