<text id="AF004_1991_EP_SU2011_AD_04">
<speaker type="subj">
"<$¿>"
	"¿" Punctuation FS lang:es 00:00:00 00:00:06 tt-3501 AF004_1991_EP_SU2011_AD_04 
"<Pueden>"
	"poder" Verb VMfin lang:es 00:00:00 00:00:06 tt-3502 AF004_1991_EP_SU2011_AD_04 
"<ser>"
	"ser" Verb VLinf VSinf Infinitive lang:es 00:00:00 00:00:06 tt-3503 AF004_1991_EP_SU2011_AD_04 @Gram:SerEstar:Ser SUBSTITUTE:320 ADD:803 
"<dos>"
	"dos" Determiner CARD Plural lang:es 00:00:00 00:00:06 tt-3504 AF004_1991_EP_SU2011_AD_04 
"<$?>"
	"?" Punctuation FS lang:es 00:00:00 00:00:06 tt-3505 AF004_1991_EP_SU2011_AD_04 

"<Mis>"
	"mío" Pronoun PPO Plural NP lang:es 00:00:00 00:00:06 tt-3506 AF004_1991_EP_SU2011_AD_04 @Gram:Det:Pos SUBSTITUTE:309 ADD:447 
"<padres>"
	"padre" Noun NC Plural lang:es 00:00:00 00:00:06 tt-3507 AF004_1991_EP_SU2011_AD_04 
"<,>"
	"," Punctuation CM lang:es 00:00:00 00:00:06 tt-3508 AF004_1991_EP_SU2011_AD_04 
"<mi>"
	"mío" Pronoun PPO Singular lang:es 00:00:00 00:00:06 tt-3509 AF004_1991_EP_SU2011_AD_04 @Gram:Det:Pos ADD:446 
"<papá>"
	"papá" Noun NC Singular lang:es 00:00:00 00:00:06 tt-3510 AF004_1991_EP_SU2011_AD_04 
"<y>"
	"y" Conjunciton Conjunction CC lang:es 00:00:00 00:00:06 tt-3511 AF004_1991_EP_SU2011_AD_04 SUBSTITUTE:385 
"<mi>"
	"mío" Pronoun PPO Singular lang:es 00:00:00 00:00:06 tt-3512 AF004_1991_EP_SU2011_AD_04 @Gram:Det:Pos ADD:446 
"<mamá>"
	"mamá" Noun NC Singular lang:es 00:00:00 00:00:06 tt-3513 AF004_1991_EP_SU2011_AD_04 
"<$.>"
	"." Punctuation FS lang:es 00:00:00 00:00:06 tt-3514 AF004_1991_EP_SU2011_AD_04 
</speaker>
<speaker type="int">

"<$¿>"
	"¿" Punctuation FS lang:es 00:00:06 00:00:11 tt-3515 AF004_1991_EP_SU2011_AD_04 
"<Qué>"
	"qué" Pronoun INT Singular lang:es 00:00:06 00:00:11 tt-3516 AF004_1991_EP_SU2011_AD_04 
"<me>"
	"yo" Pronoun PPX Singular lang:es 00:00:06 00:00:11 tt-3517 AF004_1991_EP_SU2011_AD_04 @Gram:Pron:Objeto ADD:648 
"<puedes>"
	"poder" Verb VLfin Pres Indi Sing 2nd lang:es 00:00:06 00:00:11 tt-3518 AF004_1991_EP_SU2011_AD_04 
"<contar>"
	"contar" Verb VLinf Infinitive lang:es 00:00:06 00:00:11 tt-3519 AF004_1991_EP_SU2011_AD_04 SUBSTITUTE:320 
"<acerca>"
	"acerca" Preposition PREP lang:es 00:00:06 00:00:11 tt-3520 AF004_1991_EP_SU2011_AD_04 @Gram:Prep ADD:614 
"<de>"
	"de" Preposition PREP lang:es 00:00:06 00:00:11 tt-3521 AF004_1991_EP_SU2011_AD_04 @Gram:Prep ADD:614 
"<ellos>"
	"él" Pronoun PPX Plural lang:es 00:00:06 00:00:11 tt-3522 AF004_1991_EP_SU2011_AD_04 @Gram:Pron:Sujeto ADD:624 
"<$?>"
	"?" Punctuation FS lang:es 00:00:06 00:00:11 tt-3523 AF004_1991_EP_SU2011_AD_04 
</speaker>
<speaker type="subj">

"<Oh>"
	"oh" Other UH lang:en 00:00:11 00:00:18 tt-3524 AF004_1991_EP_SU2011_AD_04 
"<...>"
	"..." Punctuation DOTS lang:es 00:00:11 00:00:18 tt-3525 AF004_1991_EP_SU2011_AD_04 
"<no>"
	"no" Adverb NEG lang:es 00:00:11 00:00:18 tt-3526 AF004_1991_EP_SU2011_AD_04 
"<,>"
	"," Punctuation CM lang:es 00:00:11 00:00:18 tt-3527 AF004_1991_EP_SU2011_AD_04 
"<vi>"
	"vi" Determiner CARD Singular lang:es 00:00:11 00:00:18 tt-3528 AF004_1991_EP_SU2011_AD_04 
"<que>"
	"que" Conjunction CQUE lang:es 00:00:11 00:00:18 tt-3529 AF004_1991_EP_SU2011_AD_04 
"<ellos>"
	"él" Pronoun PPX Plural lang:es 00:00:11 00:00:18 tt-3530 AF004_1991_EP_SU2011_AD_04 @Gram:Pron:Sujeto ADD:624 
"<no>"
	"no" Adverb NEG lang:es 00:00:11 00:00:18 tt-3531 AF004_1991_EP_SU2011_AD_04 
"<,>"
	"," Punctuation CM lang:es 00:00:11 00:00:18 tt-3532 AF004_1991_EP_SU2011_AD_04 
<lang code="en">
"<they>"
	"they" Pronoun PP lang:en 00:00:11 00:00:18 tt-3533 AF004_1991_EP_SU2011_AD_04 
"<influenced>"
	"influence" Verb VBD lang:en 00:00:11 00:00:18 tt-3534 AF004_1991_EP_SU2011_AD_04 
</lang>
"<me>"
	"yo" Pronoun PPX Singular lang:es 00:00:11 00:00:18 tt-3535 AF004_1991_EP_SU2011_AD_04 @Gram:Pron:Objeto ADD:648 
"<a>"
	"a" Preposition PREP lang:es 00:00:11 00:00:18 tt-3536 AF004_1991_EP_SU2011_AD_04 @Gram:Prep SUBSTITUTE:389 ADD:614 
"<graduarme>"
	"UNK" Verb VLinf Infinitive lang:es 00:00:11 00:00:18 tt-3537 AF004_1991_EP_SU2011_AD_04 
"<de>"
	"de" Preposition PREP lang:es 00:00:11 00:00:18 tt-3538 AF004_1991_EP_SU2011_AD_04 @Gram:Prep ADD:614 
<lang code="en">
"<high>"
	"high" Adjective JJ lang:en 00:00:11 00:00:18 tt-3539 AF004_1991_EP_SU2011_AD_04 
"<school>"
	"school" Noun NN lang:en 00:00:11 00:00:18 tt-3540 AF004_1991_EP_SU2011_AD_04 
</lang>
"<porque>"
	"porque" Conjunction CSUBX lang:es 00:00:11 00:00:18 tt-3541 AF004_1991_EP_SU2011_AD_04 @Prag:MarcadoresDisc:Causa ADD:1085 
"<ellos>"
	"él" Pronoun PPX Plural lang:es 00:00:11 00:00:18 tt-3542 AF004_1991_EP_SU2011_AD_04 @Gram:Pron:Sujeto ADD:624 
"<$.>"
	"." Punctuation FS lang:es 00:00:11 00:00:18 tt-3543 AF004_1991_EP_SU2011_AD_04 

"<O>"
	"o" Conjunciton Conjunction CC lang:es 00:00:22 00:00:28 tt-3544 AF004_1991_EP_SU2011_AD_04 SUBSTITUTE:387 
"<mi>"
	"mío" Pronoun PPO Singular lang:es 00:00:22 00:00:28 tt-3545 AF004_1991_EP_SU2011_AD_04 @Gram:Det:Pos ADD:446 
"<mamá>"
	"mamá" Noun NC Singular lang:es 00:00:22 00:00:28 tt-3546 AF004_1991_EP_SU2011_AD_04 
"<sí>"
	"sí" Adverb ADV lang:es 00:00:22 00:00:28 tt-3547 AF004_1991_EP_SU2011_AD_04 
"<se>"
	"se" Other SE lang:es 00:00:22 00:00:28 tt-3548 AF004_1991_EP_SU2011_AD_04 
"<graduó>"
	"graduar" Verb VLfin Pret Indi Sing 3rd lang:es 00:00:22 00:00:28 tt-3549 AF004_1991_EP_SU2011_AD_04 @Gram:Indefinido ADD:688 
"<de>"
	"de" Preposition PREP lang:es 00:00:22 00:00:28 tt-3550 AF004_1991_EP_SU2011_AD_04 @Gram:Prep ADD:614 
<lang code="en">
"<high>"
	"high" Adjective JJ lang:en 00:00:22 00:00:28 tt-3551 AF004_1991_EP_SU2011_AD_04 
"<school>"
	"school" Noun NN lang:en 00:00:22 00:00:28 tt-3552 AF004_1991_EP_SU2011_AD_04 
</lang>
"<y>"
	"y" Conjunciton Conjunction CC lang:es 00:00:22 00:00:28 tt-3553 AF004_1991_EP_SU2011_AD_04 SUBSTITUTE:385 
"<mi>"
	"mío" Pronoun PPO Singular lang:es 00:00:22 00:00:28 tt-3554 AF004_1991_EP_SU2011_AD_04 @Gram:Det:Pos ADD:446 
"<papá>"
	"papá" Noun NC Singular lang:es 00:00:22 00:00:28 tt-3555 AF004_1991_EP_SU2011_AD_04 
"<también>"
	"también" Adverb ADV lang:es 00:00:22 00:00:28 tt-3556 AF004_1991_EP_SU2011_AD_04 @Prag:MarcadoresDisc:Igualdad ADD:1116 
"<,>"
	"," Punctuation CM lang:es 00:00:22 00:00:28 tt-3557 AF004_1991_EP_SU2011_AD_04 
"<pero>"
	"pero" Conjunction CCAD lang:es 00:00:22 00:00:28 tt-3558 AF004_1991_EP_SU2011_AD_04 @Prag:MarcadoresDisc:Revision ADD:1032 
"<de>"
	"de" Preposition PREP lang:es 00:00:22 00:00:28 tt-3559 AF004_1991_EP_SU2011_AD_04 @Gram:Prep ADD:614 
"<ahí>"
	"ahí" Adverb ADV lang:es 00:00:22 00:00:28 tt-3560 AF004_1991_EP_SU2011_AD_04 
"<ya>"
	"ya" Adverb ADV lang:es 00:00:22 00:00:28 tt-3561 AF004_1991_EP_SU2011_AD_04 
"<no>"
	"no" Adverb NEG lang:es 00:00:22 00:00:28 tt-3562 AF004_1991_EP_SU2011_AD_04 
"<fueron>"
	"ser" Verb VSfin Pret Indi Plural 3rd lang:es 00:00:22 00:00:28 tt-3563 AF004_1991_EP_SU2011_AD_04 @Gram:Indefinido @Gram:SerEstar:Ser ADD:688 ADD:803 
"<al>"
	"al" Preposition PAL lang:es 00:00:28 00:00:35 tt-3564 AF004_1991_EP_SU2011_AD_04 @Gram:Prep ADD:614 
"<colegio>"
	"colegio" Noun NC Singular lang:es 00:00:28 00:00:35 tt-3565 AF004_1991_EP_SU2011_AD_04 
"<ni>"
	"ni" Conjunction CCNEG lang:es 00:00:28 00:00:35 tt-3566 AF004_1991_EP_SU2011_AD_04 
"<nada>"
	"nada" Determiner QU lang:es 00:00:28 00:00:35 tt-3567 AF004_1991_EP_SU2011_AD_04 @Gram:Det:Pron ADD:476 
"<y>"
	"y" Conjunciton Conjunction CC lang:es 00:00:28 00:00:35 tt-3568 AF004_1991_EP_SU2011_AD_04 SUBSTITUTE:385 
"<luego>"
	"luego" Adverb ADV lang:es 00:00:28 00:00:35 tt-3569 AF004_1991_EP_SU2011_AD_04 
"<pues>"
	"pues" Conjunction CSUBF lang:es 00:00:28 00:00:35 tt-3570 AF004_1991_EP_SU2011_AD_04 
"<me>"
	"yo" Pronoun PPX Singular lang:es 00:00:28 00:00:35 tt-3571 AF004_1991_EP_SU2011_AD_04 @Gram:Pron:Objeto ADD:648 
"<hicieron>"
	"hacer" Verb VLfin Pret Indi Plural 3rd lang:es 00:00:28 00:00:35 tt-3572 AF004_1991_EP_SU2011_AD_04 @Gram:Indefinido ID:72 R:Herit:Contacto:Mixtas:73 ADD:688 ADDRELATION(Herit:Contacto:Mixtas):1170 
<lang code="en">
"<influence>"
	"influence" Verb VB lang:en 00:00:28 00:00:35 tt-3573 AF004_1991_EP_SU2011_AD_04 ID:73 
</lang>
"<a>"
	"a" Preposition PREP lang:es 00:00:28 00:00:35 tt-3574 AF004_1991_EP_SU2011_AD_04 @Gram:Prep SUBSTITUTE:389 ADD:614 
"<ir>"
	"ir" Verb VLinf Infinitive lang:es 00:00:28 00:00:35 tt-3575 AF004_1991_EP_SU2011_AD_04 SUBSTITUTE:320 
"<al>"
	"al" Preposition PAL lang:es 00:00:28 00:00:35 tt-3576 AF004_1991_EP_SU2011_AD_04 @Gram:Prep ADD:614 
"<colegio>"
	"colegio" Noun NC Singular lang:es 00:00:28 00:00:35 tt-3577 AF004_1991_EP_SU2011_AD_04 
"<para>"
	"para" Preposition PREP lang:es 00:00:28 00:00:35 tt-3578 AF004_1991_EP_SU2011_AD_04 @Gram:Prep:Para SUBSTITUTE:336 ADD:585 
"<,>"
	"," Punctuation CM lang:es 00:00:28 00:00:35 tt-3579 AF004_1991_EP_SU2011_AD_04 
<lang code="en">
"<I>"
	"I" Pronoun PP lang:en 00:00:28 00:00:35 tt-3580 AF004_1991_EP_SU2011_AD_04 
"<guess>"
	"guess" Verb VBP lang:en 00:00:28 00:00:35 tt-3581 AF004_1991_EP_SU2011_AD_04 
</lang>
"<cavar>"
	"cavar" Verb VLinf Infinitive lang:es 00:00:28 00:00:35 tt-3582 AF004_1991_EP_SU2011_AD_04 SUBSTITUTE:320 
"<eso>"
	"ese" Determiner DM Singular lang:es 00:00:36 00:00:43 tt-3583 AF004_1991_EP_SU2011_AD_04 
"<para>"
	"para" Preposition PREP lang:es 00:00:36 00:00:43 tt-3584 AF004_1991_EP_SU2011_AD_04 @Gram:Prep:Para SUBSTITUTE:336 ADD:578 
"<ellos>"
	"él" Pronoun PPX Plural lang:es 00:00:36 00:00:43 tt-3585 AF004_1991_EP_SU2011_AD_04 @Gram:Pron:Sujeto ADD:624 
"<$.>"
	"." Punctuation FS lang:es 00:00:36 00:00:43 tt-3586 AF004_1991_EP_SU2011_AD_04 

"<$¿>"
	"¿" Punctuation FS lang:es 00:00:36 00:00:43 tt-3587 AF004_1991_EP_SU2011_AD_04 
"<Así>"
	"así" Conjunction CSUBX lang:es 00:00:36 00:00:43 tt-3588 AF004_1991_EP_SU2011_AD_04 
"<se>"
	"se" Other SE lang:es 00:00:36 00:00:43 tt-3589 AF004_1991_EP_SU2011_AD_04 
"<dice>"
	"decir" Verb VLfin Pres Indi Sing 3rd lang:es 00:00:36 00:00:43 tt-3590 AF004_1991_EP_SU2011_AD_04 
"<$?>"
	"?" Punctuation FS lang:es 00:00:36 00:00:43 tt-3591 AF004_1991_EP_SU2011_AD_04 
<lang code="en">

"<Do>"
	"do" Verb VB lang:en 00:00:36 00:00:43 tt-3592 AF004_1991_EP_SU2011_AD_04 
"<you>"
	"you" Pronoun PP lang:en 00:00:36 00:00:43 tt-3593 AF004_1991_EP_SU2011_AD_04 
"<get>"
	"get" Verb VB lang:en 00:00:36 00:00:43 tt-3594 AF004_1991_EP_SU2011_AD_04 
</lang>
"<me>"
	"yo" Pronoun PPX Singular lang:es 00:00:36 00:00:43 tt-3595 AF004_1991_EP_SU2011_AD_04 @Gram:Pron:Objeto ADD:648 
"<$?>"
	"?" Punctuation FS lang:es 00:00:36 00:00:43 tt-3596 AF004_1991_EP_SU2011_AD_04 
<lang code="en">

"<So>"
	"so" Adverb RB lang:en 00:00:36 00:00:43 tt-3597 AF004_1991_EP_SU2011_AD_04 
</lang>
"<,>"
	"," Punctuation CM lang:es 00:00:36 00:00:43 tt-3598 AF004_1991_EP_SU2011_AD_04 
<lang code="en">
"<yeah>"
	"yeah" Adverb RB lang:en 00:00:36 00:00:43 tt-3599 AF004_1991_EP_SU2011_AD_04 
</lang>
"<,>"
	"," Punctuation CM lang:es 00:00:36 00:00:43 tt-3600 AF004_1991_EP_SU2011_AD_04 
<lang code="en">
"<my>"
	"my" Pronoun PP$ lang:en 00:00:36 00:00:43 tt-3601 AF004_1991_EP_SU2011_AD_04 
"<parents>"
	"parent" Noun NNS lang:en 00:00:36 00:00:43 tt-3602 AF004_1991_EP_SU2011_AD_04 
</lang>
"<$.>"
	"." Punctuation FS lang:es 00:00:36 00:00:43 tt-3603 AF004_1991_EP_SU2011_AD_04 
</speaker>
</text>

