<text id="AF003_1992_EP_SU2011_AD_07">
<speaker type="int">
"<Qué>"
	"qué" Pronoun INT Singular lang:es 00:00:00 00:00:07 tt-1267 AF003_1992_EP_SU2011_AD_07 
"<bien>"
	"bien" Noun NC Singular lang:es 00:00:00 00:00:07 tt-1268 AF003_1992_EP_SU2011_AD_07 
"<$.>"
	"." Punctuation FS lang:es 00:00:00 00:00:07 tt-1269 AF003_1992_EP_SU2011_AD_07 

"<Y>"
	"y" Conjunciton CC lang:es 00:00:00 00:00:07 tt-1270 AF003_1992_EP_SU2011_AD_07 
"<...>"
	"..." Punctuation DOTS lang:es 00:00:00 00:00:07 tt-1271 AF003_1992_EP_SU2011_AD_07 
"<$¿>"
	"¿" Punctuation FS lang:es 00:00:00 00:00:07 tt-1272 AF003_1992_EP_SU2011_AD_07 
"<te>"
	"tú" Pronoun PPX Singular lang:es 00:00:00 00:00:07 tt-1273 AF003_1992_EP_SU2011_AD_07 @Gram:Pron:Objeto 
"<consideras>"
	"considerar" Verb VLfin Pres Indi Sing 2nd lang:es 00:00:00 00:00:07 tt-1274 AF003_1992_EP_SU2011_AD_07 
"<mexicana-estadounidense>"
	"UNK" Adjective ADJ Singular lang:es 00:00:00 00:00:07 tt-1275 AF003_1992_EP_SU2011_AD_07 
"<o>"
	"o" Conjunciton Conjunction CC lang:es 00:00:00 00:00:07 tt-1276 AF003_1992_EP_SU2011_AD_07 
"<mexicana>"
	"mexicano" Adjective ADJ Singular lang:es 00:00:00 00:00:07 tt-1277 AF003_1992_EP_SU2011_AD_07 
"<,>"
	"," Punctuation CM lang:es 00:00:00 00:00:07 tt-1278 AF003_1992_EP_SU2011_AD_07 
"<tejana>"
	"UNK" Noun NC Singular lang:es 00:00:00 00:00:07 tt-1279 AF003_1992_EP_SU2011_AD_07 
"<,>"
	"," Punctuation CM lang:es 00:00:00 00:00:07 tt-1280 AF003_1992_EP_SU2011_AD_07 
"<chicana>"
	"UNK" Noun NC Singular lang:es 00:00:00 00:00:07 tt-1281 AF003_1992_EP_SU2011_AD_07 
"<,>"
	"," Punctuation CM lang:es 00:00:00 00:00:07 tt-1282 AF003_1992_EP_SU2011_AD_07 
"<o>"
	"o" Conjunciton Conjunction CC lang:es 00:00:13 00:00:15 tt-1283 AF003_1992_EP_SU2011_AD_07 
"<qué>"
	"qué" Pronoun INT Singular lang:es 00:00:13 00:00:15 tt-1284 AF003_1992_EP_SU2011_AD_07 
"<$?>"
	"?" Punctuation FS lang:es 00:00:13 00:00:15 tt-1285 AF003_1992_EP_SU2011_AD_07 
</speaker>
<speaker type="subj">

"<Uhm>"
	"UNK" Noun NP Singular lang:es 00:00:15 00:00:22 tt-1286 AF003_1992_EP_SU2011_AD_07 
"<...>"
	"..." Punctuation DOTS lang:es 00:00:15 00:00:22 tt-1287 AF003_1992_EP_SU2011_AD_07 
"<se>"
	"se" Other SE lang:es 00:00:15 00:00:22 tt-1288 AF003_1992_EP_SU2011_AD_07 @Gram:Pron:Otros 
"<me>"
	"yo" Pronoun PPX Singular lang:es 00:00:15 00:00:22 tt-1289 AF003_1992_EP_SU2011_AD_07 @Gram:Pron:Objeto 
"<hace>"
	"hacer" Verb VLfin Pres Indi Sing 3rd lang:es 00:00:15 00:00:22 tt-1290 AF003_1992_EP_SU2011_AD_07 
"<que>"
	"que" Conjunction CQUE lang:es 00:00:15 00:00:22 tt-1291 AF003_1992_EP_SU2011_AD_07 
"<mexicana-estadounidense>"
	"UNK" Verb VLfin Pres Subj Sing 1st_or_3rd lang:es 00:00:15 00:00:22 tt-1292 AF003_1992_EP_SU2011_AD_07 @Gram:MSub:Pres 
"<o>"
	"o" Conjunciton Conjunction CC lang:es 00:00:15 00:00:22 tt-1293 AF003_1992_EP_SU2011_AD_07 
"<chicana>"
	"UNK" Noun NC Singular lang:es 00:00:15 00:00:22 tt-1294 AF003_1992_EP_SU2011_AD_07 
"<ya>"
	"ya" Adverb ADV lang:es 00:00:15 00:00:22 tt-1295 AF003_1992_EP_SU2011_AD_07 
"<sea>"
	"ser" Verb VSfin Pres Subj Sing 1st_or_3rd lang:es 00:00:15 00:00:22 tt-1296 AF003_1992_EP_SU2011_AD_07 @Gram:MSub:Pres @Gram:SerEstar:Ser 
"<por>"
	"por" Preposition PREP lang:es 00:00:15 00:00:22 tt-1297 AF003_1992_EP_SU2011_AD_07 @Gram:Prep:Por 
"<...>"
	"..." Punctuation DOTS lang:es 00:00:15 00:00:22 tt-1298 AF003_1992_EP_SU2011_AD_07 
"<pues>"
	"pues" Conjunction CSUBF lang:es 00:00:15 00:00:22 tt-1299 AF003_1992_EP_SU2011_AD_07 
"<no>"
	"no" Adverb NEG lang:es 00:00:15 00:00:22 tt-1300 AF003_1992_EP_SU2011_AD_07 
"<sé>"
	"saber|ser" Verb VLfin Pres Indi Sing 1st lang:es 00:00:15 00:00:22 tt-1301 AF003_1992_EP_SU2011_AD_07 
"<,>"
	"," Punctuation CM lang:es 00:00:15 00:00:22 tt-1302 AF003_1992_EP_SU2011_AD_07 
"<o>"
	"o" Conjunciton CC Adverb ADV lang:es 00:00:15 00:00:22 tt-1303 AF003_1992_EP_SU2011_AD_07 ID:37 R:Prag:MarcadoresDisc:Igualdad:38 
"<sea>"
	"sea" Adverb ADV lang:es 00:00:15 00:00:22 tt-1304 AF003_1992_EP_SU2011_AD_07 ID:38 
"<,>"
	"," Punctuation CM lang:es 00:00:15 00:00:22 tt-1305 AF003_1992_EP_SU2011_AD_07 
"<porque>"
	"porque" Conjunction CSUBX lang:es 00:00:23 00:00:29 tt-1306 AF003_1992_EP_SU2011_AD_07 @Prag:MarcadoresDisc:Causa 
"<vivo>"
	"vivir" Verb VLfin Pres Indi Sing 1st lang:es 00:00:23 00:00:29 tt-1307 AF003_1992_EP_SU2011_AD_07 
"<aquí>"
	"aquí" Adverb ADV lang:es 00:00:23 00:00:29 tt-1308 AF003_1992_EP_SU2011_AD_07 
"<en>"
	"en" Preposition PREP lang:es 00:00:23 00:00:29 tt-1309 AF003_1992_EP_SU2011_AD_07 @Gram:Prep 
"<El>"
	"el" Determiner ART Singular Masc lang:es 00:00:23 00:00:29 tt-1310 AF003_1992_EP_SU2011_AD_07 @Gram:Det:Art ID:44 R:Vocab:Entities:Geo:45 
"<Paso>"
	"paso" Noun NC Singular lang:es 00:00:23 00:00:29 tt-1311 AF003_1992_EP_SU2011_AD_07 ID:45 
"<,>"
	"," Punctuation CM lang:es 00:00:23 00:00:29 tt-1312 AF003_1992_EP_SU2011_AD_07 
"<pero>"
	"pero" Conjunction CCAD lang:es 00:00:23 00:00:29 tt-1313 AF003_1992_EP_SU2011_AD_07 @Prag:MarcadoresDisc:Revision 
"<tengo>"
	"tener" Verb VLfin Pres Indi Sing 1st lang:es 00:00:23 00:00:29 tt-1314 AF003_1992_EP_SU2011_AD_07 
"<,>"
	"," Punctuation CM lang:es 00:00:23 00:00:29 tt-1315 AF003_1992_EP_SU2011_AD_07 
"<o>"
	"o" Conjunciton CC Adverb ADV lang:es 00:00:23 00:00:29 tt-1316 AF003_1992_EP_SU2011_AD_07 ID:50 R:Prag:MarcadoresDisc:Igualdad:51 
"<sea>"
	"sea" Adverb ADV lang:es 00:00:23 00:00:29 tt-1317 AF003_1992_EP_SU2011_AD_07 ID:51 
"<,>"
	"," Punctuation CM lang:es 00:00:23 00:00:29 tt-1318 AF003_1992_EP_SU2011_AD_07 
"<descendencia>"
	"descendencia" Noun NC Singular lang:es 00:00:23 00:00:29 tt-1319 AF003_1992_EP_SU2011_AD_07 
"<mexicana>"
	"mexicano" Adjective ADJ Singular lang:es 00:00:23 00:00:29 tt-1320 AF003_1992_EP_SU2011_AD_07 
"<,>"
	"," Punctuation CM lang:es 00:00:23 00:00:29 tt-1321 AF003_1992_EP_SU2011_AD_07 
"<hablo>"
	"hablar" Verb VLfin Pres Indi Sing 1st lang:es 00:00:23 00:00:29 tt-1322 AF003_1992_EP_SU2011_AD_07 
"<el>"
	"el" Determiner ART Singular Masc lang:es 00:00:23 00:00:29 tt-1323 AF003_1992_EP_SU2011_AD_07 @Gram:Det:Art 
"<español>"
	"español" Noun NC Singular lang:es 00:00:23 00:00:29 tt-1324 AF003_1992_EP_SU2011_AD_07 
"<,>"
	"," Punctuation CM lang:es 00:00:23 00:00:29 tt-1325 AF003_1992_EP_SU2011_AD_07 
"<tradiciones>"
	"tradición" Noun NC Plural lang:es 00:00:29 00:00:31 tt-1326 AF003_1992_EP_SU2011_AD_07 
"<de>"
	"de" Preposition PREP lang:es 00:00:29 00:00:31 tt-1327 AF003_1992_EP_SU2011_AD_07 @Gram:Prep 
"<allá>"
	"allá" Adverb ADV lang:es 00:00:29 00:00:31 tt-1328 AF003_1992_EP_SU2011_AD_07 
"<también>"
	"también" Adverb ADV lang:es 00:00:29 00:00:31 tt-1329 AF003_1992_EP_SU2011_AD_07 @Prag:MarcadoresDisc:Igualdad 
"<de>"
	"de" Preposition PREP lang:es 00:00:29 00:00:31 tt-1330 AF003_1992_EP_SU2011_AD_07 @Gram:Prep 
"<México>"
	"México" Noun NP Singular lang:es 00:00:29 00:00:31 tt-1331 AF003_1992_EP_SU2011_AD_07 
"<$.>"
	"." Punctuation FS lang:es 00:00:29 00:00:31 tt-1332 AF003_1992_EP_SU2011_AD_07 
</speaker>
</text>

