<text id="AF006_1968_EP_SU2011_AD_21">
<speaker type="int">
<lang code="en">
"<Wow>"
	"wow" Noun NN lang:en 00:00:00 00:00:06 tt-4142 AF006_1968_EP_SU2011_AD_21 
</lang>
"<,>"
	"," Punctuation CM lang:es 00:00:00 00:00:06 tt-4143 AF006_1968_EP_SU2011_AD_21 
"<qué>"
	"qué" Pronoun INT Singular lang:es 00:00:00 00:00:06 tt-4144 AF006_1968_EP_SU2011_AD_21 
"<bien>"
	"bien" Noun NC Singular lang:es 00:00:00 00:00:06 tt-4145 AF006_1968_EP_SU2011_AD_21 
"<$.>"
	"." Punctuation FS lang:es 00:00:00 00:00:06 tt-4146 AF006_1968_EP_SU2011_AD_21 

"<Durante>"
	"durante" Preposition PREP lang:es 00:00:00 00:00:06 tt-4147 AF006_1968_EP_SU2011_AD_21 @Gram:Prep ADD:580 
"<tu>"
	"tú" Pronoun PPX Singular lang:es 00:00:00 00:00:06 tt-4148 AF006_1968_EP_SU2011_AD_21 @Gram:Det:Pos ADD:425 
"<infancia>"
	"infancia" Noun NC Singular lang:es 00:00:00 00:00:06 tt-4149 AF006_1968_EP_SU2011_AD_21 
"<,>"
	"," Punctuation CM lang:es 00:00:00 00:00:06 tt-4150 AF006_1968_EP_SU2011_AD_21 
"<$¿>"
	"¿" Punctuation FS lang:es 00:00:00 00:00:06 tt-4151 AF006_1968_EP_SU2011_AD_21 
"<qué>"
	"qué" Pronoun INT Singular lang:es 00:00:00 00:00:06 tt-4152 AF006_1968_EP_SU2011_AD_21 
"<lenguas>"
	"lengua" Noun NC Plural lang:es 00:00:00 00:00:06 tt-4153 AF006_1968_EP_SU2011_AD_21 
"<se>"
	"se" Other SE lang:es 00:00:00 00:00:06 tt-4154 AF006_1968_EP_SU2011_AD_21 
"<hablaban>"
	"hablar" Verb VLfin Imp Indi Plural 3rd lang:es 00:00:00 00:00:06 tt-4155 AF006_1968_EP_SU2011_AD_21 @Gram:Imperf ID:14 R:Vocab:Fraseol:VerbPrep:15 ADD:645 ADDRELATION(Vocab:Fraseol:VerbPrep):1170 
"<en>"
	"en" Preposition PREP lang:es 00:00:00 00:00:06 tt-4156 AF006_1968_EP_SU2011_AD_21 @Gram:Prep ID:15 ADD:580 
"<tu>"
	"tú" Pronoun PPX Singular lang:es 00:00:00 00:00:06 tt-4157 AF006_1968_EP_SU2011_AD_21 
"<casa>"
	"casar" Verb VLfin Pres Indi Sing 3rd lang:es 00:00:00 00:00:06 tt-4158 AF006_1968_EP_SU2011_AD_21 
"<$?>"
	"?" Punctuation FS lang:es 00:00:00 00:00:06 tt-4159 AF006_1968_EP_SU2011_AD_21 
</speaker>
<speaker type="subj">

"<En>"
	"en" Preposition PREP lang:es 00:00:06 00:00:07 tt-4160 AF006_1968_EP_SU2011_AD_21 @Gram:Prep ADD:580 
"<mi>"
	"mío" Pronoun PPO Singular lang:es 00:00:06 00:00:07 tt-4161 AF006_1968_EP_SU2011_AD_21 @Gram:Det:Pos ADD:425 
"<casa>"
	"casa" Noun NC Singular lang:es 00:00:06 00:00:07 tt-4162 AF006_1968_EP_SU2011_AD_21 
"<era>"
	"ser" Verb VEfin Imp Indi Sing 1st_or_3rd lang:es 00:00:06 00:00:07 tt-4163 AF006_1968_EP_SU2011_AD_21 @Gram:Imperf @Gram:SerEstar:Ser ADD:645 ADD:769 
"<puro>"
	"puro" Adjective ADJ Singular lang:es 00:00:06 00:00:07 tt-4164 AF006_1968_EP_SU2011_AD_21 
"<español>"
	"español" Adjective ADJ Singular lang:es 00:00:06 00:00:07 tt-4165 AF006_1968_EP_SU2011_AD_21 
"<$.>"
	"." Punctuation FS lang:es 00:00:06 00:00:07 tt-4166 AF006_1968_EP_SU2011_AD_21 
</speaker>
<speaker type="int">

"<$¿>"
	"¿" Punctuation FS lang:es 00:00:07 00:00:13 tt-4167 AF006_1968_EP_SU2011_AD_21 
"<Tus>"
	"UNK" Noun NP Plural lang:es 00:00:07 00:00:13 tt-4168 AF006_1968_EP_SU2011_AD_21 @Gram:Det:Pos ADD:426 
"<padres>"
	"padre" Noun NC Plural lang:es 00:00:07 00:00:13 tt-4169 AF006_1968_EP_SU2011_AD_21 
"<hablan>"
	"hablar" Verb VLfin Pres Indi Plural 3rd lang:es 00:00:07 00:00:13 tt-4170 AF006_1968_EP_SU2011_AD_21 
"<los>"
	"el" Determiner ART Plural Masc lang:es 00:00:07 00:00:13 tt-4171 AF006_1968_EP_SU2011_AD_21 @Gram:Det:Art ADD:395 
"<dos>"
	"dos" Determiner CARD Plural lang:es 00:00:07 00:00:13 tt-4172 AF006_1968_EP_SU2011_AD_21 
"<idiomas>"
	"idioma" Noun NC Plural lang:es 00:00:07 00:00:13 tt-4173 AF006_1968_EP_SU2011_AD_21 
"<$?>"
	"?" Punctuation FS lang:es 00:00:07 00:00:13 tt-4174 AF006_1968_EP_SU2011_AD_21 
</speaker>
<speaker type="subj">

"<No>"
	"no" Other PE lang:es 00:00:13 00:00:16 tt-4175 AF006_1968_EP_SU2011_AD_21 
"<,>"
	"," Punctuation CM lang:es 00:00:13 00:00:16 tt-4176 AF006_1968_EP_SU2011_AD_21 
"<mis>"
	"mío" Pronoun PPO Plural lang:es 00:00:13 00:00:16 tt-4177 AF006_1968_EP_SU2011_AD_21 @Gram:Det:Pos SUBSTITUTE:298 ADD:426 
"<papás>"
	"papá" Noun NC Plural lang:es 00:00:13 00:00:16 tt-4178 AF006_1968_EP_SU2011_AD_21 
"<hablan>"
	"hablar" Verb VLfin Pres Indi Plural 3rd lang:es 00:00:13 00:00:16 tt-4179 AF006_1968_EP_SU2011_AD_21 
"<puro>"
	"puro" Adjective ADJ Singular lang:es 00:00:13 00:00:16 tt-4180 AF006_1968_EP_SU2011_AD_21 
"<español>"
	"español" Noun NC Singular lang:es 00:00:13 00:00:16 tt-4181 AF006_1968_EP_SU2011_AD_21 
"<$.>"
	"." Punctuation FS lang:es 00:00:13 00:00:16 tt-4182 AF006_1968_EP_SU2011_AD_21 
</speaker>
<speaker type="int">

"<Durante>"
	"durante" Preposition PREP lang:es 00:00:16 00:00:23 tt-4183 AF006_1968_EP_SU2011_AD_21 @Gram:Prep ADD:580 
"<tu>"
	"tú" Pronoun PPX Singular lang:es 00:00:16 00:00:23 tt-4184 AF006_1968_EP_SU2011_AD_21 @Gram:Det:Pos ADD:425 
"<infancia>"
	"infancia" Noun NC Singular lang:es 00:00:16 00:00:23 tt-4185 AF006_1968_EP_SU2011_AD_21 
"<,>"
	"," Punctuation CM lang:es 00:00:16 00:00:23 tt-4186 AF006_1968_EP_SU2011_AD_21 
"<$¿>"
	"¿" Punctuation FS lang:es 00:00:16 00:00:23 tt-4187 AF006_1968_EP_SU2011_AD_21 
"<qué>"
	"qué" Pronoun INT Singular lang:es 00:00:16 00:00:23 tt-4188 AF006_1968_EP_SU2011_AD_21 
"<lenguas>"
	"lengua" Noun NC Plural lang:es 00:00:16 00:00:23 tt-4189 AF006_1968_EP_SU2011_AD_21 
"<hablabas>"
	"hablar" Verb VLfin Imp Indi Sing 2nd lang:es 00:00:16 00:00:23 tt-4190 AF006_1968_EP_SU2011_AD_21 @Gram:Imperf ID:49 R:Vocab:Fraseol:VerbPrep:51 ADD:645 ADDRELATION(Vocab:Fraseol:VerbPrep):1170 
"<mayormente>"
	"mayor" Adverb ADV lang:es 00:00:16 00:00:23 tt-4191 AF006_1968_EP_SU2011_AD_21 
"<con>"
	"con" Preposition PREP lang:es 00:00:16 00:00:23 tt-4192 AF006_1968_EP_SU2011_AD_21 @Gram:Prep ID:51 ADD:580 
"<tus>"
	"UNK" Noun NC Plural lang:es 00:00:16 00:00:23 tt-4193 AF006_1968_EP_SU2011_AD_21 @Gram:Det:Pos ADD:426 
"<hermanos>"
	"hermano" Noun NC Plural lang:es 00:00:16 00:00:23 tt-4194 AF006_1968_EP_SU2011_AD_21 
"<y>"
	"y" Conjunction CC lang:es 00:00:16 00:00:23 tt-4195 AF006_1968_EP_SU2011_AD_21 
"<qué>"
	"qué" Pronoun INT Singular lang:es 00:00:16 00:00:23 tt-4196 AF006_1968_EP_SU2011_AD_21 
"<tal>"
	"tal" Determiner QU lang:es 00:00:16 00:00:23 tt-4197 AF006_1968_EP_SU2011_AD_21 @Gram:Det:CuantIndef ADD:442 
"<con>"
	"con" Preposition PREP lang:es 00:00:16 00:00:23 tt-4198 AF006_1968_EP_SU2011_AD_21 @Gram:Prep ADD:580 
"<tus>"
	"UNK" Noun NC Plural lang:es 00:00:25 00:00:27 tt-4199 AF006_1968_EP_SU2011_AD_21 @Gram:Det:Pos ADD:426 
"<compañeros>"
	"compañero" Noun NC Plural lang:es 00:00:25 00:00:27 tt-4200 AF006_1968_EP_SU2011_AD_21 
"<de>"
	"de" Preposition PREP lang:es 00:00:25 00:00:27 tt-4201 AF006_1968_EP_SU2011_AD_21 @Gram:Prep ADD:580 
"<escuela>"
	"escuela" Noun NC Singular lang:es 00:00:25 00:00:27 tt-4202 AF006_1968_EP_SU2011_AD_21 
"<$?>"
	"?" Punctuation FS lang:es 00:00:25 00:00:27 tt-4203 AF006_1968_EP_SU2011_AD_21 

"<Uhm>"
	"UNK" Noun NP Singular lang:es 00:00:27 00:00:34 tt-4204 AF006_1968_EP_SU2011_AD_21 
"<...>"
	"..." Punctuation DOTS lang:es 00:00:27 00:00:34 tt-4205 AF006_1968_EP_SU2011_AD_21 
"<con>"
	"con" Preposition PREP lang:es 00:00:27 00:00:34 tt-4206 AF006_1968_EP_SU2011_AD_21 @Gram:Prep ADD:580 
"<los>"
	"el" Determiner ART Plural Masc lang:es 00:00:27 00:00:34 tt-4207 AF006_1968_EP_SU2011_AD_21 @Gram:Det:Art ADD:395 
"<compañeros>"
	"compañero" Noun NC Plural lang:es 00:00:27 00:00:34 tt-4208 AF006_1968_EP_SU2011_AD_21 
"<de>"
	"de" Preposition PREP lang:es 00:00:27 00:00:34 tt-4209 AF006_1968_EP_SU2011_AD_21 @Gram:Prep ADD:580 
"<la>"
	"el" Determiner ART Singular Fem lang:es 00:00:27 00:00:34 tt-4210 AF006_1968_EP_SU2011_AD_21 @Gram:Det:Art ADD:395 
"<escuela>"
	"escuela" Noun NC Singular lang:es 00:00:27 00:00:34 tt-4211 AF006_1968_EP_SU2011_AD_21 
"<,>"
	"," Punctuation CM lang:es 00:00:27 00:00:34 tt-4212 AF006_1968_EP_SU2011_AD_21 
"<casi>"
	"casi" Adverb ADV lang:es 00:00:27 00:00:34 tt-4213 AF006_1968_EP_SU2011_AD_21 
"<siempre>"
	"siempre" Adverb ADV lang:es 00:00:27 00:00:34 tt-4214 AF006_1968_EP_SU2011_AD_21 
"<era>"
	"ser" Verb VEfin Imp Indi Sing 1st_or_3rd lang:es 00:00:27 00:00:34 tt-4215 AF006_1968_EP_SU2011_AD_21 @Gram:Imperf @Gram:SerEstar:Ser ADD:645 ADD:769 
"<...>"
	"..." Punctuation DOTS lang:es 00:00:27 00:00:34 tt-4216 AF006_1968_EP_SU2011_AD_21 
"<cuando>"
	"cuando" Conjunction CSUBX lang:es 00:00:27 00:00:34 tt-4217 AF006_1968_EP_SU2011_AD_21 
"<estábamos>"
	"estar" Verb VEfin Imp Indi Plural 1st lang:es 00:00:27 00:00:34 tt-4218 AF006_1968_EP_SU2011_AD_21 @Gram:Imperf @Gram:SerEstar:Estar ADD:645 ADD:778 
"<en>"
	"en" Preposition PREP lang:es 00:00:27 00:00:34 tt-4219 AF006_1968_EP_SU2011_AD_21 @Gram:Prep ADD:580 
"<el>"
	"el" Determiner ART Singular Masc lang:es 00:00:27 00:00:34 tt-4220 AF006_1968_EP_SU2011_AD_21 @Gram:Det:Art ADD:395 
"<salón>"
	"salón" Noun NC Singular lang:es 00:00:34 00:00:39 tt-4221 AF006_1968_EP_SU2011_AD_21 
"<,>"
	"," Punctuation CM lang:es 00:00:34 00:00:39 tt-4222 AF006_1968_EP_SU2011_AD_21 
"<pues>"
	"pues" Conjunction CSUBF lang:es 00:00:34 00:00:39 tt-4223 AF006_1968_EP_SU2011_AD_21 
"<sí>"
	"sí" Adverb ADV lang:es 00:00:34 00:00:39 tt-4224 AF006_1968_EP_SU2011_AD_21 
"<era>"
	"ser" Verb VEfin Imp Indi Sing 1st_or_3rd lang:es 00:00:34 00:00:39 tt-4225 AF006_1968_EP_SU2011_AD_21 @Gram:Imperf @Gram:SerEstar:Ser ADD:645 ADD:769 
"<puro>"
	"puro" Adjective ADJ Singular lang:es 00:00:34 00:00:39 tt-4226 AF006_1968_EP_SU2011_AD_21 
"<inglés>"
	"inglés" Adjective ADJ Plural lang:es 00:00:34 00:00:39 tt-4227 AF006_1968_EP_SU2011_AD_21 
"<,>"
	"," Punctuation CM lang:es 00:00:34 00:00:39 tt-4228 AF006_1968_EP_SU2011_AD_21 
"<pero>"
	"pero" Conjunction CCAD lang:es 00:00:34 00:00:39 tt-4229 AF006_1968_EP_SU2011_AD_21 @Prag:MarcadoresDisc:Revision ADD:998 
"<ya>"
	"ya" Adverb ADV lang:es 00:00:34 00:00:39 tt-4230 AF006_1968_EP_SU2011_AD_21 
"<nada>"
	"nada" Determiner QU lang:es 00:00:34 00:00:39 tt-4231 AF006_1968_EP_SU2011_AD_21 
"<más>"
	"más" Adverb ADV lang:es 00:00:34 00:00:39 tt-4232 AF006_1968_EP_SU2011_AD_21 
"<salíamos>"
	"salir" Verb VLfin Imp Indi Plural 1st lang:es 00:00:34 00:00:39 tt-4233 AF006_1968_EP_SU2011_AD_21 @Gram:Imperf ADD:645 
"<al>"
	"al" Preposition PAL lang:es 00:00:34 00:00:39 tt-4234 AF006_1968_EP_SU2011_AD_21 @Gram:Prep ADD:580 
<lang code="en">
"<yard>"
	"yard" Noun NN lang:en 00:00:34 00:00:39 tt-4235 AF006_1968_EP_SU2011_AD_21 
</lang>
"<y>"
	"y" Conjunction CC lang:es 00:00:34 00:00:39 tt-4236 AF006_1968_EP_SU2011_AD_21 
"<todo>"
	"todo" Determiner QU lang:es 00:00:34 00:00:39 tt-4237 AF006_1968_EP_SU2011_AD_21 
"<eso>"
	"ese" Determiner DM Singular lang:es 00:00:34 00:00:39 tt-4238 AF006_1968_EP_SU2011_AD_21 
"<era>"
	"ser" Verb VEfin Imp Indi Sing 1st_or_3rd lang:es 00:00:34 00:00:39 tt-4239 AF006_1968_EP_SU2011_AD_21 @Gram:Imperf @Gram:SerEstar:Ser ADD:645 ADD:769 
"<puro>"
	"puro" Adjective ADJ Singular lang:es 00:00:34 00:00:39 tt-4240 AF006_1968_EP_SU2011_AD_21 
"<español>"
	"español" Noun NC Singular lang:es 00:00:39 00:00:42 tt-4241 AF006_1968_EP_SU2011_AD_21 
"<,>"
	"," Punctuation CM lang:es 00:00:39 00:00:42 tt-4242 AF006_1968_EP_SU2011_AD_21 
"<sí>"
	"él" Pronoun PPX Singular lang:es 00:00:39 00:00:42 tt-4243 AF006_1968_EP_SU2011_AD_21 
"<también>"
	"también" Adverb ADV lang:es 00:00:39 00:00:42 tt-4244 AF006_1968_EP_SU2011_AD_21 @Prag:MarcadoresDisc:Igualdad ADD:1082 
"<ahí>"
	"ahí" Adverb ADV lang:es 00:00:39 00:00:42 tt-4245 AF006_1968_EP_SU2011_AD_21 
"<con>"
	"con" Preposition PREP lang:es 00:00:39 00:00:42 tt-4246 AF006_1968_EP_SU2011_AD_21 @Gram:Prep ADD:580 
"<mis>"
	"mío" Pronoun PPO Plural lang:es 00:00:39 00:00:42 tt-4247 AF006_1968_EP_SU2011_AD_21 @Gram:Det:Pos SUBSTITUTE:298 ADD:426 
"<hermanos>"
	"hermano" Noun NC Plural lang:es 00:00:39 00:00:42 tt-4248 AF006_1968_EP_SU2011_AD_21 
"<y>"
	"y" Conjunction CC lang:es 00:00:39 00:00:42 tt-4249 AF006_1968_EP_SU2011_AD_21 
"<todo>"
	"todo" Determiner QU lang:es 00:00:39 00:00:42 tt-4250 AF006_1968_EP_SU2011_AD_21 
"<era>"
	"ser" Verb VEfin Imp Indi Sing 1st_or_3rd lang:es 00:00:39 00:00:42 tt-4251 AF006_1968_EP_SU2011_AD_21 @Gram:Imperf @Gram:SerEstar:Ser ADD:645 ADD:769 
"<puro>"
	"puro" Adjective ADJ Singular lang:es 00:00:39 00:00:42 tt-4252 AF006_1968_EP_SU2011_AD_21 
"<español>"
	"español" Adjective ADJ Singular lang:es 00:00:39 00:00:42 tt-4253 AF006_1968_EP_SU2011_AD_21 
"<$.>"
	"." Punctuation FS lang:es 00:00:39 00:00:42 tt-4254 AF006_1968_EP_SU2011_AD_21 

"<Hoy>"
	"hoy" Adverb ADV lang:es 00:00:42 00:00:48 tt-4255 AF006_1968_EP_SU2011_AD_21 
"<en>"
	"en" Preposition PREP lang:es 00:00:42 00:00:48 tt-4256 AF006_1968_EP_SU2011_AD_21 @Gram:Prep ADD:580 
"<día>"
	"día" Noun NC Singular lang:es 00:00:42 00:00:48 tt-4257 AF006_1968_EP_SU2011_AD_21 
"<,>"
	"," Punctuation CM lang:es 00:00:42 00:00:48 tt-4258 AF006_1968_EP_SU2011_AD_21 
"<$¿>"
	"¿" Punctuation FS lang:es 00:00:42 00:00:48 tt-4259 AF006_1968_EP_SU2011_AD_21 
"<hablas>"
	"hablar" Verb VLfin Pres Indi Sing 2nd lang:es 00:00:42 00:00:48 tt-4260 AF006_1968_EP_SU2011_AD_21 
"<español>"
	"español" Noun NC Singular lang:es 00:00:42 00:00:48 tt-4261 AF006_1968_EP_SU2011_AD_21 
"<a>"
	"a" Preposition PREP lang:es 00:00:42 00:00:48 tt-4262 AF006_1968_EP_SU2011_AD_21 @Gram:Prep ADD:580 
"<diario>"
	"diario" Noun NC Singular lang:es 00:00:42 00:00:48 tt-4263 AF006_1968_EP_SU2011_AD_21 
"<y>"
	"y" Conjunction CC lang:es 00:00:42 00:00:48 tt-4264 AF006_1968_EP_SU2011_AD_21 
"<con>"
	"con" Preposition PREP lang:es 00:00:42 00:00:48 tt-4265 AF006_1968_EP_SU2011_AD_21 @Gram:Prep ADD:580 
"<quién>"
	"quién" Pronoun INT Singular lang:es 00:00:42 00:00:48 tt-4266 AF006_1968_EP_SU2011_AD_21 
"<$?>"
	"?" Punctuation FS lang:es 00:00:42 00:00:48 tt-4267 AF006_1968_EP_SU2011_AD_21 
</speaker>
<speaker type="subj">

"<Sí>"
	"sí" Adverb ADV lang:es 00:00:48 00:00:54 tt-4268 AF006_1968_EP_SU2011_AD_21 
"<,>"
	"," Punctuation CM lang:es 00:00:48 00:00:54 tt-4269 AF006_1968_EP_SU2011_AD_21 
"<con>"
	"con" Preposition PREP lang:es 00:00:48 00:00:54 tt-4270 AF006_1968_EP_SU2011_AD_21 @Gram:Prep ADD:580 
"<...>"
	"..." Punctuation DOTS lang:es 00:00:48 00:00:54 tt-4271 AF006_1968_EP_SU2011_AD_21 
"<con>"
	"con" Preposition PREP lang:es 00:00:48 00:00:54 tt-4272 AF006_1968_EP_SU2011_AD_21 @Gram:Prep ADD:580 
"<mi>"
	"mío" Pronoun PPO Singular lang:es 00:00:48 00:00:54 tt-4273 AF006_1968_EP_SU2011_AD_21 @Gram:Det:Pos ADD:425 
"<esposo>"
	"esposo" Noun NC Singular lang:es 00:00:48 00:00:54 tt-4274 AF006_1968_EP_SU2011_AD_21 
"<y>"
	"y" Conjunction CC lang:es 00:00:48 00:00:54 tt-4275 AF006_1968_EP_SU2011_AD_21 
"<,>"
	"," Punctuation CM lang:es 00:00:48 00:00:54 tt-4276 AF006_1968_EP_SU2011_AD_21 
"<pues>"
	"pues" Conjunction CSUBF lang:es 00:00:48 00:00:54 tt-4277 AF006_1968_EP_SU2011_AD_21 
"<,>"
	"," Punctuation CM lang:es 00:00:48 00:00:54 tt-4278 AF006_1968_EP_SU2011_AD_21 
"<con>"
	"con" Preposition PREP lang:es 00:00:48 00:00:54 tt-4279 AF006_1968_EP_SU2011_AD_21 @Gram:Prep ADD:580 
"<mis>"
	"mío" Pronoun PPO Plural lang:es 00:00:48 00:00:54 tt-4280 AF006_1968_EP_SU2011_AD_21 @Gram:Det:Pos SUBSTITUTE:298 ADD:426 
"<papás>"
	"papá" Noun NC Plural lang:es 00:00:48 00:00:54 tt-4281 AF006_1968_EP_SU2011_AD_21 
"<,>"
	"," Punctuation CM lang:es 00:00:48 00:00:54 tt-4282 AF006_1968_EP_SU2011_AD_21 
"<todavía>"
	"todavía" Adverb ADV lang:es 00:00:48 00:00:54 tt-4283 AF006_1968_EP_SU2011_AD_21 
"<$.>"
	"." Punctuation FS lang:es 00:00:48 00:00:54 tt-4284 AF006_1968_EP_SU2011_AD_21 
</speaker>
<speaker type="int">

"<$¿>"
	"¿" Punctuation FS lang:es 00:00:54 00:00:57 tt-4285 AF006_1968_EP_SU2011_AD_21 
"<Tu>"
	"tú" Pronoun PPX Singular lang:es 00:00:54 00:00:57 tt-4286 AF006_1968_EP_SU2011_AD_21 
"<esposo>"
	"esposar" Verb VLfin Pres Indi Sing 1st lang:es 00:00:54 00:00:57 tt-4287 AF006_1968_EP_SU2011_AD_21 
"<habla>"
	"hablar" Verb VLfin Pres Indi Sing 3rd lang:es 00:00:54 00:00:57 tt-4288 AF006_1968_EP_SU2011_AD_21 
"<los>"
	"el" Determiner ART Plural Masc lang:es 00:00:54 00:00:57 tt-4289 AF006_1968_EP_SU2011_AD_21 @Gram:Det:Art ADD:395 
"<dos>"
	"dos" Determiner CARD Plural lang:es 00:00:54 00:00:57 tt-4290 AF006_1968_EP_SU2011_AD_21 
"<idiomas>"
	"idioma" Noun NC Plural lang:es 00:00:54 00:00:57 tt-4291 AF006_1968_EP_SU2011_AD_21 
"<$?>"
	"?" Punctuation FS lang:es 00:00:54 00:00:57 tt-4292 AF006_1968_EP_SU2011_AD_21 

"<Más>"
	"más" Adverb ADV lang:es 00:00:57 00:00:59 tt-4293 AF006_1968_EP_SU2011_AD_21 
"<el>"
	"el" Determiner ART Singular Masc lang:es 00:00:57 00:00:59 tt-4294 AF006_1968_EP_SU2011_AD_21 @Gram:Det:Art ADD:395 
"<español>"
	"español" Noun NC Singular lang:es 00:00:57 00:00:59 tt-4295 AF006_1968_EP_SU2011_AD_21 
"<$.>"
	"." Punctuation FS lang:es 00:00:57 00:00:59 tt-4296 AF006_1968_EP_SU2011_AD_21 

"<$¿>"
	"¿" Punctuation FS lang:es 00:00:59 00:01:05 tt-4297 AF006_1968_EP_SU2011_AD_21 
"<Hoy>"
	"hoy" Adverb ADV lang:es 00:00:59 00:01:05 tt-4298 AF006_1968_EP_SU2011_AD_21 
"<en>"
	"en" Preposition PREP lang:es 00:00:59 00:01:05 tt-4299 AF006_1968_EP_SU2011_AD_21 @Gram:Prep ADD:580 
"<día>"
	"día" Noun NC Singular lang:es 00:00:59 00:01:05 tt-4300 AF006_1968_EP_SU2011_AD_21 
"<,>"
	"," Punctuation CM lang:es 00:00:59 00:01:05 tt-4301 AF006_1968_EP_SU2011_AD_21 
"<hablas>"
	"hablar" Verb VLfin Pres Indi Sing 2nd lang:es 00:00:59 00:01:05 tt-4302 AF006_1968_EP_SU2011_AD_21 
"<el>"
	"el" Determiner ART Singular Masc lang:es 00:00:59 00:01:05 tt-4303 AF006_1968_EP_SU2011_AD_21 @Gram:Det:Art ADD:395 
"<inglés>"
	"inglés" Noun NC Plural lang:es 00:00:59 00:01:05 tt-4304 AF006_1968_EP_SU2011_AD_21 
"<a>"
	"a" Preposition PREP lang:es 00:00:59 00:01:05 tt-4305 AF006_1968_EP_SU2011_AD_21 @Gram:Prep ADD:580 
"<diario>"
	"diario" Noun NC Singular lang:es 00:00:59 00:01:05 tt-4306 AF006_1968_EP_SU2011_AD_21 
"<y>"
	"y" Conjunction CC lang:es 00:00:59 00:01:05 tt-4307 AF006_1968_EP_SU2011_AD_21 
"<con>"
	"con" Preposition PREP lang:es 00:00:59 00:01:05 tt-4308 AF006_1968_EP_SU2011_AD_21 @Gram:Prep ADD:580 
"<quién>"
	"quién" Pronoun INT Singular lang:es 00:00:59 00:01:05 tt-4309 AF006_1968_EP_SU2011_AD_21 
"<$?>"
	"?" Punctuation FS lang:es 00:00:59 00:01:05 tt-4310 AF006_1968_EP_SU2011_AD_21 
</speaker>
<speaker type="subj">

"<Sí>"
	"sí" Adverb ADV lang:es 00:01:05 00:01:07 tt-4311 AF006_1968_EP_SU2011_AD_21 
"<,>"
	"," Punctuation CM lang:es 00:01:05 00:01:07 tt-4312 AF006_1968_EP_SU2011_AD_21 
"<con>"
	"con" Preposition PREP lang:es 00:01:05 00:01:07 tt-4313 AF006_1968_EP_SU2011_AD_21 @Gram:Prep ADD:580 
"<mis>"
	"mío" Pronoun PPO Plural lang:es 00:01:05 00:01:07 tt-4314 AF006_1968_EP_SU2011_AD_21 @Gram:Det:Pos SUBSTITUTE:298 ADD:426 
"<hijos>"
	"hijo" Noun NC Plural lang:es 00:01:05 00:01:07 tt-4315 AF006_1968_EP_SU2011_AD_21 
"<$.>"
	"." Punctuation FS lang:es 00:01:05 00:01:07 tt-4316 AF006_1968_EP_SU2011_AD_21 
</speaker>
<speaker type="int">

"<$¿>"
	"¿" Punctuation FS lang:es 00:01:07 00:01:11 tt-4317 AF006_1968_EP_SU2011_AD_21 
"<Dirías>"
	"decir" Verb VLfin Cond Indi Sing 2nd lang:es 00:01:07 00:01:11 tt-4318 AF006_1968_EP_SU2011_AD_21 
"<que>"
	"que" Conjunction CQUE lang:es 00:01:07 00:01:11 tt-4319 AF006_1968_EP_SU2011_AD_21 
"<con>"
	"con" Preposition PREP lang:es 00:01:07 00:01:11 tt-4320 AF006_1968_EP_SU2011_AD_21 @Gram:Prep ADD:580 
"<ellos>"
	"él" Pronoun PPX Plural lang:es 00:01:07 00:01:11 tt-4321 AF006_1968_EP_SU2011_AD_21 @Gram:Pron:Sujeto ADD:590 
"<hablas>"
	"hablar" Verb VLfin Pres Indi Sing 2nd lang:es 00:01:07 00:01:11 tt-4322 AF006_1968_EP_SU2011_AD_21 
"<más>"
	"más" Adverb ADV lang:es 00:01:07 00:01:11 tt-4323 AF006_1968_EP_SU2011_AD_21 
"<inglés>"
	"inglés" Adjective ADJ Plural lang:es 00:01:07 00:01:11 tt-4324 AF006_1968_EP_SU2011_AD_21 
"<o>"
	"o" Conjunction CC lang:es 00:01:07 00:01:11 tt-4325 AF006_1968_EP_SU2011_AD_21 
"<español>"
	"español" Adjective ADJ Singular lang:es 00:01:07 00:01:11 tt-4326 AF006_1968_EP_SU2011_AD_21 
"<$?>"
	"?" Punctuation FS lang:es 00:01:07 00:01:11 tt-4327 AF006_1968_EP_SU2011_AD_21 
</speaker>
<speaker type="subj">

"<Con>"
	"con" Preposition PREP lang:es 00:01:11 00:01:13 tt-4328 AF006_1968_EP_SU2011_AD_21 @Gram:Prep ADD:580 
"<ellos>"
	"él" Pronoun PPX Plural lang:es 00:01:11 00:01:13 tt-4329 AF006_1968_EP_SU2011_AD_21 @Gram:Pron:Sujeto ADD:590 
"<hablo>"
	"hablar" Verb VLfin Pres Indi Sing 1st lang:es 00:01:11 00:01:13 tt-4330 AF006_1968_EP_SU2011_AD_21 
"<más>"
	"más" Adverb ADV lang:es 00:01:11 00:01:13 tt-4331 AF006_1968_EP_SU2011_AD_21 
"<inglés>"
	"inglés" Noun NC Plural lang:es 00:01:11 00:01:13 tt-4332 AF006_1968_EP_SU2011_AD_21 
"<$.>"
	"." Punctuation FS lang:es 00:01:11 00:01:13 tt-4333 AF006_1968_EP_SU2011_AD_21 
</speaker>
<speaker type="int">

"<$¿>"
	"¿" Punctuation FS lang:es 00:01:13 00:01:20 tt-4334 AF006_1968_EP_SU2011_AD_21 
"<Te>"
	"tú" Pronoun PPX Singular lang:es 00:01:13 00:01:20 tt-4335 AF006_1968_EP_SU2011_AD_21 @Gram:Pron:Objeto ADD:614 
"<sientes>"
	"sentar|sentir" Verb VLfin Pres Indi Sing 2nd lang:es 00:01:13 00:01:20 tt-4336 AF006_1968_EP_SU2011_AD_21 
"<cómoda>"
	"cómoda" Noun NC Singular lang:es 00:01:13 00:01:20 tt-4337 AF006_1968_EP_SU2011_AD_21 
"<al>"
	"al" Conjunction CSUBI lang:es 00:01:13 00:01:20 tt-4338 AF006_1968_EP_SU2011_AD_21 
"<hablar>"
	"hablar" Verb VLinf Infinitive lang:es 00:01:13 00:01:20 tt-4339 AF006_1968_EP_SU2011_AD_21 SUBSTITUTE:309 
"<el>"
	"el" Determiner ART Singular Masc lang:es 00:01:13 00:01:20 tt-4340 AF006_1968_EP_SU2011_AD_21 @Gram:Det:Art ADD:395 
"<español>"
	"español" Noun NC Singular lang:es 00:01:13 00:01:20 tt-4341 AF006_1968_EP_SU2011_AD_21 
"<y>"
	"y" Conjunction CC lang:es 00:01:13 00:01:20 tt-4342 AF006_1968_EP_SU2011_AD_21 
"<qué>"
	"qué" Pronoun INT Singular lang:es 00:01:13 00:01:20 tt-4343 AF006_1968_EP_SU2011_AD_21 
"<cómoda>"
	"cómodo" Adjective ADJ Singular lang:es 00:01:13 00:01:20 tt-4344 AF006_1968_EP_SU2011_AD_21 
"<te>"
	"tú" Pronoun PPX Singular lang:es 00:01:13 00:01:20 tt-4345 AF006_1968_EP_SU2011_AD_21 @Gram:Pron:Objeto ADD:614 
"<sientes>"
	"sentar|sentir" Verb VLfin Pres Indi Sing 2nd lang:es 00:01:13 00:01:20 tt-4346 AF006_1968_EP_SU2011_AD_21 
"<al>"
	"al" Conjunction CSUBI lang:es 00:01:13 00:01:20 tt-4347 AF006_1968_EP_SU2011_AD_21 
"<escribirlo>"
	"escribir" Verb VLinf Pres Indi Sing 1st lang:es 00:01:13 00:01:20 tt-4348 AF006_1968_EP_SU2011_AD_21 
"<y>"
	"y" Conjunction CC lang:es 00:01:13 00:01:20 tt-4349 AF006_1968_EP_SU2011_AD_21 
"<leerlo>"
	"leer" Verb VLinf Pres Indi Sing 1st lang:es 00:01:22 00:01:24 tt-4350 AF006_1968_EP_SU2011_AD_21 
"<$?>"
	"?" Punctuation FS lang:es 00:01:22 00:01:24 tt-4351 AF006_1968_EP_SU2011_AD_21 
</speaker>
<speaker type="subj">

"<Uhm>"
	"UNK" Noun NP Singular lang:es 00:01:24 00:01:29 tt-4352 AF006_1968_EP_SU2011_AD_21 
"<...>"
	"..." Punctuation DOTS lang:es 00:01:24 00:01:29 tt-4353 AF006_1968_EP_SU2011_AD_21 
"<leerlo>"
	"leer" Verb VLinf Pres Indi Sing 1st lang:es 00:01:24 00:01:29 tt-4354 AF006_1968_EP_SU2011_AD_21 
"<,>"
	"," Punctuation CM lang:es 00:01:24 00:01:29 tt-4355 AF006_1968_EP_SU2011_AD_21 
"<sí>"
	"sí" Adverb ADV lang:es 00:01:24 00:01:29 tt-4356 AF006_1968_EP_SU2011_AD_21 
"<lo>"
	"él" Pronoun PPC Singular lang:es 00:01:24 00:01:29 tt-4357 AF006_1968_EP_SU2011_AD_21 @Gram:Pron:Objeto ADD:620 
"<leo>"
	"leer" Verb VLfin Pres Indi Sing 1st lang:es 00:01:24 00:01:29 tt-4358 AF006_1968_EP_SU2011_AD_21 
"<bien>"
	"bien" Adverb ADV lang:es 00:01:24 00:01:29 tt-4359 AF006_1968_EP_SU2011_AD_21 
"<$.>"
	"." Punctuation FS lang:es 00:01:24 00:01:29 tt-4360 AF006_1968_EP_SU2011_AD_21 

"<[>"
	"[" Punctuation LP lang:es 00:01:24 00:01:29 tt-4361 AF006_1968_EP_SU2011_AD_21 
"<Risas>"
	"UNK" Noun NP Plural lang:es 00:01:24 00:01:29 tt-4362 AF006_1968_EP_SU2011_AD_21 
"<]>"
	"]" Other RP lang:es 00:01:24 00:01:29 tt-4363 AF006_1968_EP_SU2011_AD_21 
"<$¡>"
	"¡" Punctuation FS lang:es 00:01:29 00:01:36 tt-4364 AF006_1968_EP_SU2011_AD_21 
"<Ay>"
	"ay" Noun NP Singular lang:es 00:01:29 00:01:36 tt-4365 AF006_1968_EP_SU2011_AD_21 
"<,>"
	"," Punctuation CM lang:es 00:01:29 00:01:36 tt-4366 AF006_1968_EP_SU2011_AD_21 
"<sí>"
	"sí" Adverb ADV lang:es 00:01:29 00:01:36 tt-4367 AF006_1968_EP_SU2011_AD_21 
"<$!>"
	"!" Punctuation FS lang:es 00:01:29 00:01:36 tt-4368 AF006_1968_EP_SU2011_AD_21 

"<Yo>"
	"yo" Pronoun PPX Singular lang:es 00:01:29 00:01:36 tt-4369 AF006_1968_EP_SU2011_AD_21 @Gram:Pron:Sujeto ADD:590 
"<digo>"
	"decir" Verb VLfin Pres Indi Sing 1st lang:es 00:01:29 00:01:36 tt-4370 AF006_1968_EP_SU2011_AD_21 
"<$.>"
	"." Punctuation FS lang:es 00:01:29 00:01:36 tt-4371 AF006_1968_EP_SU2011_AD_21 

"<No>"
	"no" Adverb NEG lang:es 00:01:29 00:01:36 tt-4372 AF006_1968_EP_SU2011_AD_21 
"<,>"
	"," Punctuation CM lang:es 00:01:29 00:01:36 tt-4373 AF006_1968_EP_SU2011_AD_21 
"<sí>"
	"él" Pronoun PPX Singular lang:es 00:01:29 00:01:36 tt-4374 AF006_1968_EP_SU2011_AD_21 
"<,>"
	"," Punctuation CM lang:es 00:01:29 00:01:36 tt-4375 AF006_1968_EP_SU2011_AD_21 
"<lo>"
	"él" Pronoun PPC Singular lang:es 00:01:29 00:01:36 tt-4376 AF006_1968_EP_SU2011_AD_21 @Gram:Pron:Objeto ADD:620 
"<leo>"
	"leer" Verb VLfin Pres Indi Sing 1st lang:es 00:01:29 00:01:36 tt-4377 AF006_1968_EP_SU2011_AD_21 
"<bien>"
	"bien" Adverb ADV lang:es 00:01:29 00:01:36 tt-4378 AF006_1968_EP_SU2011_AD_21 
"<$.>"
	"." Punctuation FS lang:es 00:01:29 00:01:36 tt-4379 AF006_1968_EP_SU2011_AD_21 

"<Uhm>"
	"UNK" Noun NP Singular lang:es 00:01:29 00:01:36 tt-4380 AF006_1968_EP_SU2011_AD_21 
"<...>"
	"..." Punctuation DOTS lang:es 00:01:29 00:01:36 tt-4381 AF006_1968_EP_SU2011_AD_21 
"<escribirlo>"
	"escribir" Verb VLinf Pres Indi Sing 1st lang:es 00:01:29 00:01:36 tt-4382 AF006_1968_EP_SU2011_AD_21 
"<también>"
	"también" Adverb ADV lang:es 00:01:29 00:01:36 tt-4383 AF006_1968_EP_SU2011_AD_21 @Prag:MarcadoresDisc:Igualdad ADD:1082 
"<,>"
	"," Punctuation CM lang:es 00:01:29 00:01:36 tt-4384 AF006_1968_EP_SU2011_AD_21 
"<este>"
	"este" Noun NC Singular lang:es 00:01:29 00:01:36 tt-4385 AF006_1968_EP_SU2011_AD_21 
"<...>"
	"..." Punctuation DOTS lang:es 00:01:29 00:01:36 tt-4386 AF006_1968_EP_SU2011_AD_21 
"<sí>"
	"él" Pronoun PPX Singular lang:es 00:01:29 00:01:36 tt-4387 AF006_1968_EP_SU2011_AD_21 
"<,>"
	"," Punctuation CM lang:es 00:01:29 00:01:36 tt-4388 AF006_1968_EP_SU2011_AD_21 
"<me>"
	"yo" Pronoun PPX Singular lang:es 00:01:29 00:01:36 tt-4389 AF006_1968_EP_SU2011_AD_21 @Gram:Pron:Objeto ADD:614 
"<siento>"
	"sentar|sentir" Verb VLfin Pres Indi Sing 1st lang:es 00:01:29 00:01:36 tt-4390 AF006_1968_EP_SU2011_AD_21 
"<cómoda>"
	"cómoda" Noun NC Singular lang:es 00:01:37 00:01:43 tt-4391 AF006_1968_EP_SU2011_AD_21 
"<con>"
	"con" Preposition PREP lang:es 00:01:37 00:01:43 tt-4392 AF006_1968_EP_SU2011_AD_21 @Gram:Prep ADD:580 
"<el>"
	"el" Determiner ART Singular Masc lang:es 00:01:37 00:01:43 tt-4393 AF006_1968_EP_SU2011_AD_21 @Gram:Det:Art ADD:395 
"<español>"
	"español" Noun NC Singular lang:es 00:01:37 00:01:43 tt-4394 AF006_1968_EP_SU2011_AD_21 
"<$.>"
	"." Punctuation FS lang:es 00:01:37 00:01:43 tt-4395 AF006_1968_EP_SU2011_AD_21 

"<No>"
	"no" Adverb NEG lang:es 00:01:37 00:01:43 tt-4396 AF006_1968_EP_SU2011_AD_21 
"<más>"
	"más" Adverb ADV lang:es 00:01:37 00:01:43 tt-4397 AF006_1968_EP_SU2011_AD_21 
"<,>"
	"," Punctuation CM lang:es 00:01:37 00:01:43 tt-4398 AF006_1968_EP_SU2011_AD_21 
"<no>"
	"no" Adverb NEG lang:es 00:01:37 00:01:43 tt-4399 AF006_1968_EP_SU2011_AD_21 
"<me>"
	"yo" Pronoun PPX Singular lang:es 00:01:37 00:01:43 tt-4400 AF006_1968_EP_SU2011_AD_21 @Gram:Pron:Objeto ADD:614 
"<preguntes>"
	"preguntar" Verb VLfin Pres Subj Sing 2nd lang:es 00:01:37 00:01:43 tt-4401 AF006_1968_EP_SU2011_AD_21 @Gram:MSub:Pres ADD:738 
"<de>"
	"de" Preposition PREP lang:es 00:01:37 00:01:43 tt-4402 AF006_1968_EP_SU2011_AD_21 @Gram:Prep ADD:580 
"<los>"
	"el" Determiner ART Plural Masc lang:es 00:01:37 00:01:43 tt-4403 AF006_1968_EP_SU2011_AD_21 @Gram:Det:Art ADD:395 
"<acentos>"
	"acento" Noun NC Plural lang:es 00:01:37 00:01:43 tt-4404 AF006_1968_EP_SU2011_AD_21 
"<y>"
	"y" Conjunction CC lang:es 00:01:37 00:01:43 tt-4405 AF006_1968_EP_SU2011_AD_21 
"<todo>"
	"todo" Determiner QU lang:es 00:01:37 00:01:43 tt-4406 AF006_1968_EP_SU2011_AD_21 
"<eso>"
	"ese" Determiner DM Singular lang:es 00:01:37 00:01:43 tt-4407 AF006_1968_EP_SU2011_AD_21 
"<,>"
	"," Punctuation CM lang:es 00:01:37 00:01:43 tt-4408 AF006_1968_EP_SU2011_AD_21 
"<porque>"
	"porque" Conjunction CSUBX lang:es 00:01:37 00:01:43 tt-4409 AF006_1968_EP_SU2011_AD_21 @Prag:MarcadoresDisc:Causa ADD:1051 
"<eso>"
	"ese" Determiner DM Singular lang:es 00:01:43 00:01:45 tt-4410 AF006_1968_EP_SU2011_AD_21 
"<sí>"
	"sí" Adverb ADV lang:es 00:01:43 00:01:45 tt-4411 AF006_1968_EP_SU2011_AD_21 
"<no>"
	"no" Adverb NEG lang:es 00:01:43 00:01:45 tt-4412 AF006_1968_EP_SU2011_AD_21 
"<sé>"
	"saber|ser" Verb VLfin Pres Indi Sing 1st lang:es 00:01:43 00:01:45 tt-4413 AF006_1968_EP_SU2011_AD_21 
"<$.>"
	"." Punctuation FS lang:es 00:01:43 00:01:45 tt-4414 AF006_1968_EP_SU2011_AD_21 
</speaker>
<speaker type="int">

"<$¿>"
	"¿" Punctuation FS lang:es 00:01:45 00:01:51 tt-4415 AF006_1968_EP_SU2011_AD_21 
"<Te>"
	"tú" Pronoun PPX Singular lang:es 00:01:45 00:01:51 tt-4416 AF006_1968_EP_SU2011_AD_21 @Gram:Pron:Objeto ADD:614 
"<sientes>"
	"sentar|sentir" Verb VLfin Pres Indi Sing 2nd lang:es 00:01:45 00:01:51 tt-4417 AF006_1968_EP_SU2011_AD_21 
"<...>"
	"..." Punctuation DOTS lang:es 00:01:45 00:01:51 tt-4418 AF006_1968_EP_SU2011_AD_21 
"<o>"
	"o" Conjunction CC lang:es 00:01:45 00:01:51 tt-4419 AF006_1968_EP_SU2011_AD_21 
"<qué>"
	"qué" Pronoun INT Singular lang:es 00:01:45 00:01:51 tt-4420 AF006_1968_EP_SU2011_AD_21 
"<cómoda>"
	"cómodo" Adjective ADJ Singular lang:es 00:01:45 00:01:51 tt-4421 AF006_1968_EP_SU2011_AD_21 
"<te>"
	"tú" Pronoun PPX Singular lang:es 00:01:45 00:01:51 tt-4422 AF006_1968_EP_SU2011_AD_21 @Gram:Pron:Objeto ADD:614 
"<sientes>"
	"sentar|sentir" Verb VLfin Pres Indi Sing 2nd lang:es 00:01:45 00:01:51 tt-4423 AF006_1968_EP_SU2011_AD_21 
"<al>"
	"al" Conjunction CSUBI lang:es 00:01:45 00:01:51 tt-4424 AF006_1968_EP_SU2011_AD_21 
"<hablar>"
	"hablar" Verb VLinf Infinitive lang:es 00:01:45 00:01:51 tt-4425 AF006_1968_EP_SU2011_AD_21 SUBSTITUTE:309 
"<el>"
	"el" Determiner ART Singular Masc lang:es 00:01:45 00:01:51 tt-4426 AF006_1968_EP_SU2011_AD_21 @Gram:Det:Art ADD:395 
"<inglés>"
	"inglés" Noun NC Plural lang:es 00:01:45 00:01:51 tt-4427 AF006_1968_EP_SU2011_AD_21 
"<,>"
	"," Punctuation CM lang:es 00:01:45 00:01:51 tt-4428 AF006_1968_EP_SU2011_AD_21 
"<al>"
	"al" Conjunction CSUBI lang:es 00:01:45 00:01:51 tt-4429 AF006_1968_EP_SU2011_AD_21 
"<escribirlo>"
	"escribir" Verb VLinf Pres Indi Sing 1st lang:es 00:01:45 00:01:51 tt-4430 AF006_1968_EP_SU2011_AD_21 
"<y>"
	"y" Conjunction CC lang:es 00:01:45 00:01:51 tt-4431 AF006_1968_EP_SU2011_AD_21 
"<leerlo>"
	"leer" Verb VLinf Pres Indi Sing 1st lang:es 00:01:45 00:01:51 tt-4432 AF006_1968_EP_SU2011_AD_21 
"<$?>"
	"?" Punctuation FS lang:es 00:01:45 00:01:51 tt-4433 AF006_1968_EP_SU2011_AD_21 

"<Muy>"
	"muy" Adverb ADV lang:es 00:01:51 00:01:54 tt-4434 AF006_1968_EP_SU2011_AD_21 
"<cómoda>"
	"cómodo" Adjective ADJ Singular lang:es 00:01:51 00:01:54 tt-4435 AF006_1968_EP_SU2011_AD_21 
"<,>"
	"," Punctuation CM lang:es 00:01:51 00:01:54 tt-4436 AF006_1968_EP_SU2011_AD_21 
<lang code="en">
"<yeah>"
	"yeah" Adverb RB lang:en 00:01:51 00:01:54 tt-4437 AF006_1968_EP_SU2011_AD_21 
</lang>
"<$.>"
	"." Punctuation FS lang:es 00:01:51 00:01:54 tt-4438 AF006_1968_EP_SU2011_AD_21 
</speaker>
</text>

