<text id="AF027_1990_CT_SU2011_ER_06">
<speaker type="int">
"<$¿>"
	"¿" Punctuation FS lang:es 00:00:00 00:00:07 tt-4798 AF027_1990_CT_SU2011_ER_06 
"<Y>"
	"y" Conjunciton Conjunction CC lang:es 00:00:00 00:00:07 tt-4799 AF027_1990_CT_SU2011_ER_06 
"<qué>"
	"qué" Pronoun INT Singular lang:es 00:00:00 00:00:07 tt-4800 AF027_1990_CT_SU2011_ER_06 
"<opinas>"
	"opinar" Verb VLfin Pres Indi Sing 2nd lang:es 00:00:00 00:00:07 tt-4801 AF027_1990_CT_SU2011_ER_06 
"<del>"
	"del" Preposition PDEL lang:es 00:00:00 00:00:07 tt-4802 AF027_1990_CT_SU2011_ER_06 @Gram:Prep 
"<hecho>"
	"hecho" Noun NC Singular lang:es 00:00:00 00:00:07 tt-4803 AF027_1990_CT_SU2011_ER_06 
"<de>"
	"de" Preposition PREP lang:es 00:00:00 00:00:07 tt-4804 AF027_1990_CT_SU2011_ER_06 @Gram:Prep 
"<que>"
	"que" Conjunction CQUE lang:es 00:00:00 00:00:07 tt-4805 AF027_1990_CT_SU2011_ER_06 
"<,>"
	"," Punctuation CM lang:es 00:00:00 00:00:07 tt-4806 AF027_1990_CT_SU2011_ER_06 
"<suele>"
	"soler" Verb VLfin Pres Indi Sing 3rd lang:es 00:00:00 00:00:07 tt-4807 AF027_1990_CT_SU2011_ER_06 
"<pasar>"
	"pasar" Verb VLinf Infinitive lang:es 00:00:00 00:00:07 tt-4808 AF027_1990_CT_SU2011_ER_06 
"<que>"
	"que" Conjunction CQUE lang:es 00:00:00 00:00:07 tt-4809 AF027_1990_CT_SU2011_ER_06 
"<dentro>"
	"dentro" Preposition PREP lang:es 00:00:00 00:00:07 tt-4810 AF027_1990_CT_SU2011_ER_06 @Gram:Prep 
"<de>"
	"de" Preposition PREP lang:es 00:00:00 00:00:07 tt-4811 AF027_1990_CT_SU2011_ER_06 @Gram:Prep 
"<dos>"
	"dos" Determiner CARD Plural lang:es 00:00:00 00:00:07 tt-4812 AF027_1990_CT_SU2011_ER_06 
"<a>"
	"a" Preposition PREP lang:es 00:00:00 00:00:07 tt-4813 AF027_1990_CT_SU2011_ER_06 @Gram:Prep 
"<cuatro>"
	"cuatro" Determiner CARD Singular lang:es 00:00:00 00:00:07 tt-4814 AF027_1990_CT_SU2011_ER_06 
"<generaciones>"
	"generación" Noun NC Plural lang:es 00:00:00 00:00:07 tt-4815 AF027_1990_CT_SU2011_ER_06 
"<,>"
	"," Punctuation CM lang:es 00:00:00 00:00:07 tt-4816 AF027_1990_CT_SU2011_ER_06 
"<la>"
	"el" Determiner ART Singular Fem lang:es 00:00:08 00:00:12 tt-4817 AF027_1990_CT_SU2011_ER_06 @Gram:Det:Art 
"<lengua>"
	"lengua" Noun NC Singular lang:es 00:00:08 00:00:12 tt-4818 AF027_1990_CT_SU2011_ER_06 
"<,>"
	"," Punctuation CM lang:es 00:00:08 00:00:12 tt-4819 AF027_1990_CT_SU2011_ER_06 
"<el>"
	"el" Determiner ART Singular Masc lang:es 00:00:08 00:00:12 tt-4820 AF027_1990_CT_SU2011_ER_06 @Gram:Det:Art ID:23 R:Gram:Genero:ExcepMasc:24 
"<idioma>"
	"idioma" Noun NC Singular lang:es 00:00:08 00:00:12 tt-4821 AF027_1990_CT_SU2011_ER_06 ID:24 
"<español>"
	"español" Adjective ADJ Singular lang:es 00:00:08 00:00:12 tt-4822 AF027_1990_CT_SU2011_ER_06 
"<se>"
	"se" Other SE lang:es 00:00:08 00:00:12 tt-4823 AF027_1990_CT_SU2011_ER_06 
"<pierde>"
	"perder" Verb VLfin Pres Indi Sing 3rd lang:es 00:00:08 00:00:12 tt-4824 AF027_1990_CT_SU2011_ER_06 
"<en>"
	"en" Preposition PREP lang:es 00:00:08 00:00:12 tt-4825 AF027_1990_CT_SU2011_ER_06 @Gram:Prep 
"<la>"
	"el" Determiner ART Singular Fem lang:es 00:00:08 00:00:12 tt-4826 AF027_1990_CT_SU2011_ER_06 @Gram:Det:Art 
"<familia>"
	"familia" Noun NC Singular lang:es 00:00:08 00:00:12 tt-4827 AF027_1990_CT_SU2011_ER_06 
"<$?>"
	"?" Punctuation FS lang:es 00:00:08 00:00:12 tt-4828 AF027_1990_CT_SU2011_ER_06 
</speaker>
<speaker type="subj">

"<Mal>"
	"mal" Adverb ADV lang:es 00:00:12 00:00:19 tt-4829 AF027_1990_CT_SU2011_ER_06 
"<,>"
	"," Punctuation CM lang:es 00:00:12 00:00:19 tt-4830 AF027_1990_CT_SU2011_ER_06 
"<opino>"
	"opinar" Verb VLfin Pres Indi Sing 1st lang:es 00:00:12 00:00:19 tt-4831 AF027_1990_CT_SU2011_ER_06 
"<que>"
	"que" Conjunction CQUE lang:es 00:00:12 00:00:19 tt-4832 AF027_1990_CT_SU2011_ER_06 
"<mal>"
	"mal" Adverb ADV lang:es 00:00:12 00:00:19 tt-4833 AF027_1990_CT_SU2011_ER_06 
"<,>"
	"," Punctuation CM lang:es 00:00:12 00:00:19 tt-4834 AF027_1990_CT_SU2011_ER_06 
"<porque>"
	"porque" Conjunction CSUBX lang:es 00:00:12 00:00:19 tt-4835 AF027_1990_CT_SU2011_ER_06 @Prag:MarcadoresDisc:Causa 
"<son>"
	"ser" Verb VSfin Pres Indi Plural 3rd lang:es 00:00:12 00:00:19 tt-4836 AF027_1990_CT_SU2011_ER_06 @Gram:SerEstar:Ser 
"<las>"
	"el" Determiner ART Plural Fem lang:es 00:00:12 00:00:19 tt-4837 AF027_1990_CT_SU2011_ER_06 @Gram:Det:Art 
"<raíces>"
	"raíz" Noun NC Plural lang:es 00:00:12 00:00:19 tt-4838 AF027_1990_CT_SU2011_ER_06 
"<,>"
	"," Punctuation CM lang:es 00:00:12 00:00:19 tt-4839 AF027_1990_CT_SU2011_ER_06 
"<o>"
	"o" Conjunciton CC Adverb ADV lang:es 00:00:12 00:00:19 tt-4840 AF027_1990_CT_SU2011_ER_06 ID:43 R:Prag:MarcadoresDisc:Igualdad:44 
"<sea>"
	"sea" Adverb ADV lang:es 00:00:12 00:00:19 tt-4841 AF027_1990_CT_SU2011_ER_06 ID:44 
"<,>"
	"," Punctuation CM lang:es 00:00:12 00:00:19 tt-4842 AF027_1990_CT_SU2011_ER_06 
"<son>"
	"ser" Verb VSfin Pres Indi Plural 3rd lang:es 00:00:12 00:00:19 tt-4843 AF027_1990_CT_SU2011_ER_06 @Gram:SerEstar:Ser 
"<las>"
	"el" Determiner ART Plural Fem lang:es 00:00:12 00:00:19 tt-4844 AF027_1990_CT_SU2011_ER_06 @Gram:Det:Art 
"<raíces>"
	"raíz" Noun NC Plural lang:es 00:00:12 00:00:19 tt-4845 AF027_1990_CT_SU2011_ER_06 
"<de>"
	"de" Preposition PREP lang:es 00:00:12 00:00:19 tt-4846 AF027_1990_CT_SU2011_ER_06 @Gram:Prep 
"<donde>"
	"donde" Adverb ADV lang:es 00:00:12 00:00:19 tt-4847 AF027_1990_CT_SU2011_ER_06 
"<vienes>"
	"venir" Verb VLfin Pres Indi Sing 2nd lang:es 00:00:12 00:00:19 tt-4848 AF027_1990_CT_SU2011_ER_06 
"<,>"
	"," Punctuation CM lang:es 00:00:12 00:00:19 tt-4849 AF027_1990_CT_SU2011_ER_06 
"<y>"
	"y" Conjunciton Conjunction CC lang:es 00:00:12 00:00:19 tt-4850 AF027_1990_CT_SU2011_ER_06 
"<se>"
	"se" Other SE lang:es 00:00:19 00:00:22 tt-4851 AF027_1990_CT_SU2011_ER_06 
"<debe>"
	"deber" Verb VMfin lang:es 00:00:19 00:00:22 tt-4852 AF027_1990_CT_SU2011_ER_06 
"<de>"
	"de" Verb VMfin lang:es 00:00:19 00:00:22 tt-4853 AF027_1990_CT_SU2011_ER_06 
"<seguir>"
	"seguir" Verb VLinf Infinitive lang:es 00:00:19 00:00:22 tt-4854 AF027_1990_CT_SU2011_ER_06 
"<,>"
	"," Punctuation CM lang:es 00:00:19 00:00:22 tt-4855 AF027_1990_CT_SU2011_ER_06 
"<o>"
	"o" Conjunciton CC Adverb ADV lang:es 00:00:19 00:00:22 tt-4856 AF027_1990_CT_SU2011_ER_06 ID:59 R:Prag:MarcadoresDisc:Igualdad:60 
"<sea>"
	"sea" Adverb ADV lang:es 00:00:19 00:00:22 tt-4857 AF027_1990_CT_SU2011_ER_06 ID:60 
"<,>"
	"," Punctuation CM lang:es 00:00:19 00:00:22 tt-4858 AF027_1990_CT_SU2011_ER_06 
"<inculcando>"
	"UNK" Verb VLger lang:es 00:00:19 00:00:22 tt-4859 AF027_1990_CT_SU2011_ER_06 
"<$.>"
	"." Punctuation FS lang:es 00:00:19 00:00:22 tt-4860 AF027_1990_CT_SU2011_ER_06 
</speaker>
<speaker type="int">

"<$¿>"
	"¿" Punctuation FS lang:es 00:00:22 00:00:27 tt-4861 AF027_1990_CT_SU2011_ER_06 
"<No>"
	"no" Adverb NEG lang:es 00:00:22 00:00:27 tt-4862 AF027_1990_CT_SU2011_ER_06 ID:65 R:Func:Opiniones:Pedir:67 
"<crees>"
	"creer" Verb VLfin Pres Indi Sing 2nd lang:es 00:00:22 00:00:27 tt-4863 AF027_1990_CT_SU2011_ER_06 
"<que>"
	"que" Conjunction CQUE lang:es 00:00:22 00:00:27 tt-4864 AF027_1990_CT_SU2011_ER_06 ID:67 
"<sea>"
	"ser" Verb VSfin Pres Subj Sing 1st_or_3rd lang:es 00:00:22 00:00:27 tt-4865 AF027_1990_CT_SU2011_ER_06 @Gram:MSub:Pres @Gram:SerEstar:Ser 
"<un>"
	"un" Determiner ART Singular lang:es 00:00:22 00:00:27 tt-4866 AF027_1990_CT_SU2011_ER_06 
"<poco>"
	"poco" Adverb ADV lang:es 00:00:22 00:00:27 tt-4867 AF027_1990_CT_SU2011_ER_06 
<lang code="en">
"<inevitable>"
	"inevitable" Adjective JJ lang:en 00:00:22 00:00:27 tt-4868 AF027_1990_CT_SU2011_ER_06 
</lang>
"<,>"
	"," Punctuation CM lang:es 00:00:22 00:00:27 tt-4869 AF027_1990_CT_SU2011_ER_06 
"<quizás>"
	"quizás" Adverb ADV lang:es 00:00:22 00:00:27 tt-4870 AF027_1990_CT_SU2011_ER_06 @Prag:MarcadoresDisc:Probabilidad 
"<,>"
	"," Punctuation CM lang:es 00:00:22 00:00:27 tt-4871 AF027_1990_CT_SU2011_ER_06 
"<ya>"
	"ya" Adverb ADV lang:es 00:00:22 00:00:27 tt-4872 AF027_1990_CT_SU2011_ER_06 
"<estando>"
	"estar" Verb VEger Gerund lang:es 00:00:22 00:00:27 tt-4873 AF027_1990_CT_SU2011_ER_06 @Gram:SerEstar:Estar 
"<en>"
	"en" Preposition PREP lang:es 00:00:22 00:00:27 tt-4874 AF027_1990_CT_SU2011_ER_06 @Gram:Prep 
"<un>"
	"un" Determiner ART Singular lang:es 00:00:22 00:00:27 tt-4875 AF027_1990_CT_SU2011_ER_06 
"<país>"
	"país" Noun NC Plural lang:es 00:00:22 00:00:27 tt-4876 AF027_1990_CT_SU2011_ER_06 
"<donde>"
	"donde" Adverb ADV lang:es 00:00:22 00:00:27 tt-4877 AF027_1990_CT_SU2011_ER_06 
"<el>"
	"el" Determiner ART Singular Masc lang:es 00:00:22 00:00:27 tt-4878 AF027_1990_CT_SU2011_ER_06 @Gram:Det:Art ID:81 R:Gram:Genero:ExcepMasc:82 
"<idioma>"
	"idioma" Noun NC Singular lang:es 00:00:22 00:00:27 tt-4879 AF027_1990_CT_SU2011_ER_06 ID:82 
"<no>"
	"no" Adverb NEG lang:es 00:00:27 00:00:29 tt-4880 AF027_1990_CT_SU2011_ER_06 
"<es>"
	"ser" Verb VSfin Pres Indi Sing 3rd lang:es 00:00:27 00:00:29 tt-4881 AF027_1990_CT_SU2011_ER_06 @Gram:SerEstar:Ser 
"<algo>"
	"algo" Determiner QU lang:es 00:00:27 00:00:29 tt-4882 AF027_1990_CT_SU2011_ER_06 @Gram:Det:Pron 
"<primordial>"
	"primordial" Adjective ADJ Singular lang:es 00:00:27 00:00:29 tt-4883 AF027_1990_CT_SU2011_ER_06 
"<para>"
	"para" Preposition PREP lang:es 00:00:27 00:00:29 tt-4884 AF027_1990_CT_SU2011_ER_06 @Gram:Prep:Para 
"<sobrevivir>"
	"sobrevivir" Verb VLinf Infinitive lang:es 00:00:27 00:00:29 tt-4885 AF027_1990_CT_SU2011_ER_06 
"<$?>"
	"?" Punctuation FS lang:es 00:00:27 00:00:29 tt-4886 AF027_1990_CT_SU2011_ER_06 
</speaker>
<speaker type="subj">

"<Igual>"
	"igual" Adjective ADJ Singular lang:es 00:00:29 00:00:34 tt-4887 AF027_1990_CT_SU2011_ER_06 
"<...>"
	"..." Punctuation DOTS lang:es 00:00:29 00:00:34 tt-4888 AF027_1990_CT_SU2011_ER_06 
"<al>"
	"al" Conjunction CSUBI lang:es 00:00:29 00:00:34 tt-4889 AF027_1990_CT_SU2011_ER_06 
"<igual>"
	"igual" Adjective ADJ Singular lang:es 00:00:29 00:00:34 tt-4890 AF027_1990_CT_SU2011_ER_06 
"<no>"
	"no" Adverb NEG lang:es 00:00:29 00:00:34 tt-4891 AF027_1990_CT_SU2011_ER_06 
"<es>"
	"ser" Verb VSfin Pres Indi Sing 3rd lang:es 00:00:29 00:00:34 tt-4892 AF027_1990_CT_SU2011_ER_06 @Gram:SerEstar:Ser 
"<algo>"
	"algo" Determiner QU lang:es 00:00:29 00:00:34 tt-4893 AF027_1990_CT_SU2011_ER_06 @Gram:Det:Pron 
"<primordial>"
	"primordial" Adjective ADJ Singular lang:es 00:00:29 00:00:34 tt-4894 AF027_1990_CT_SU2011_ER_06 
"<,>"
	"," Punctuation CM lang:es 00:00:29 00:00:34 tt-4895 AF027_1990_CT_SU2011_ER_06 
"<pero>"
	"pero" Conjunction CCAD lang:es 00:00:29 00:00:34 tt-4896 AF027_1990_CT_SU2011_ER_06 @Prag:MarcadoresDisc:Revision 
"<es>"
	"ser" Verb VSfin Pres Indi Sing 3rd lang:es 00:00:29 00:00:34 tt-4897 AF027_1990_CT_SU2011_ER_06 @Gram:SerEstar:Ser 
"<algo>"
	"algo" Determiner QU lang:es 00:00:29 00:00:34 tt-4898 AF027_1990_CT_SU2011_ER_06 @Gram:Det:Pron 
"<que>"
	"que" Conjunction CQUE lang:es 00:00:29 00:00:34 tt-4899 AF027_1990_CT_SU2011_ER_06 
"<se>"
	"se" Other SE lang:es 00:00:29 00:00:34 tt-4900 AF027_1990_CT_SU2011_ER_06 
"<debe>"
	"deber" Verb VMfin lang:es 00:00:29 00:00:34 tt-4901 AF027_1990_CT_SU2011_ER_06 
"<...>"
	"..." Punctuation DOTS lang:es 00:00:29 00:00:34 tt-4902 AF027_1990_CT_SU2011_ER_06 
"<se>"
	"se" Other SE lang:es 00:00:29 00:00:34 tt-4903 AF027_1990_CT_SU2011_ER_06 
"<debe>"
	"deber" Verb VMfin lang:es 00:00:29 00:00:34 tt-4904 AF027_1990_CT_SU2011_ER_06 
"<enseñar>"
	"enseñar" Verb VLinf Infinitive lang:es 00:00:29 00:00:34 tt-4905 AF027_1990_CT_SU2011_ER_06 
"<,>"
	"," Punctuation CM lang:es 00:00:29 00:00:34 tt-4906 AF027_1990_CT_SU2011_ER_06 
"<digo>"
	"decir" Verb VLfin Pres Indi Sing 1st lang:es 00:00:34 00:00:41 tt-4907 AF027_1990_CT_SU2011_ER_06 
"<,>"
	"," Punctuation CM lang:es 00:00:34 00:00:41 tt-4908 AF027_1990_CT_SU2011_ER_06 
"<si>"
	"si" Conjunction CSUBX lang:es 00:00:34 00:00:41 tt-4909 AF027_1990_CT_SU2011_ER_06 
"<yo>"
	"yo" Pronoun PPX Singular lang:es 00:00:34 00:00:41 tt-4910 AF027_1990_CT_SU2011_ER_06 @Gram:Pron:Sujeto 
"<soy>"
	"ser" Verb VSfin Pres Indi Sing 1st lang:es 00:00:34 00:00:41 tt-4911 AF027_1990_CT_SU2011_ER_06 @Gram:SerEstar:Ser 
"<mexicana>"
	"mexicano" Adjective ADJ Singular lang:es 00:00:34 00:00:41 tt-4912 AF027_1990_CT_SU2011_ER_06 
"<y>"
	"y" Conjunciton Conjunction CC lang:es 00:00:34 00:00:41 tt-4913 AF027_1990_CT_SU2011_ER_06 
"<mis>"
	"mío" Pronoun PPO Plural lang:es 00:00:34 00:00:41 tt-4914 AF027_1990_CT_SU2011_ER_06 @Gram:Det:Pos 
"<hijos>"
	"hijo" Noun NC Plural lang:es 00:00:34 00:00:41 tt-4915 AF027_1990_CT_SU2011_ER_06 
"<hablan>"
	"hablar" Verb VLfin Pres Indi Plural 3rd lang:es 00:00:34 00:00:41 tt-4916 AF027_1990_CT_SU2011_ER_06 
"<puro>"
	"puro" Adjective ADJ Singular lang:es 00:00:34 00:00:41 tt-4917 AF027_1990_CT_SU2011_ER_06 
"<inglés>"
	"inglés" Noun NC Plural lang:es 00:00:34 00:00:41 tt-4918 AF027_1990_CT_SU2011_ER_06 
"<,>"
	"," Punctuation CM lang:es 00:00:34 00:00:41 tt-4919 AF027_1990_CT_SU2011_ER_06 
"<como>"
	"como" Conjunction CSUBX lang:es 00:00:34 00:00:41 tt-4920 AF027_1990_CT_SU2011_ER_06 
"<que>"
	"que" Conjunction CQUE lang:es 00:00:34 00:00:41 tt-4921 AF027_1990_CT_SU2011_ER_06 
"<,>"
	"," Punctuation CM lang:es 00:00:34 00:00:41 tt-4922 AF027_1990_CT_SU2011_ER_06 
"<yo>"
	"yo" Pronoun PPX Singular lang:es 00:00:34 00:00:41 tt-4923 AF027_1990_CT_SU2011_ER_06 @Gram:Pron:Sujeto 
"<...>"
	"..." Punctuation DOTS lang:es 00:00:34 00:00:41 tt-4924 AF027_1990_CT_SU2011_ER_06 
"<a>"
	"a" Preposition PREP lang:es 00:00:34 00:00:41 tt-4925 AF027_1990_CT_SU2011_ER_06 @Gram:Prep 
"<mí>"
	"yo" Pronoun PPX Singular lang:es 00:00:34 00:00:41 tt-4926 AF027_1990_CT_SU2011_ER_06 
"<me>"
	"yo" Pronoun PPX Singular lang:es 00:00:34 00:00:41 tt-4927 AF027_1990_CT_SU2011_ER_06 @Gram:Pron:Objeto ID:130 R:Gram:Gustar:Propios:131 
"<gustaría>"
	"gustar" Verb VLfin Cond Indi Sing 1st_or_3rd lang:es 00:00:34 00:00:41 tt-4928 AF027_1990_CT_SU2011_ER_06 ID:131 
"<,>"
	"," Punctuation CM lang:es 00:00:34 00:00:41 tt-4929 AF027_1990_CT_SU2011_ER_06 
"<que>"
	"que" Conjunction CQUE lang:es 00:00:42 00:00:48 tt-4930 AF027_1990_CT_SU2011_ER_06 
"<...>"
	"..." Punctuation DOTS lang:es 00:00:42 00:00:48 tt-4931 AF027_1990_CT_SU2011_ER_06 
"<o>"
	"o" Conjunciton Conjunction CC lang:es 00:00:42 00:00:48 tt-4932 AF027_1990_CT_SU2011_ER_06 
"<lo>"
	"el" Determiner ART Singular lang:es 00:00:42 00:00:48 tt-4933 AF027_1990_CT_SU2011_ER_06 ID:136 R:Gram:Det:LoAdj:137 
"<correcto>"
	"correcto" Adjective ADJ Singular lang:es 00:00:42 00:00:48 tt-4934 AF027_1990_CT_SU2011_ER_06 ID:137 
"<yo>"
	"yo" Pronoun PPX Singular lang:es 00:00:42 00:00:48 tt-4935 AF027_1990_CT_SU2011_ER_06 @Gram:Pron:Sujeto 
"<digo>"
	"decir" Verb VLfin Pres Indi Sing 1st lang:es 00:00:42 00:00:48 tt-4936 AF027_1990_CT_SU2011_ER_06 
"<,>"
	"," Punctuation CM lang:es 00:00:42 00:00:48 tt-4937 AF027_1990_CT_SU2011_ER_06 
"<sería>"
	"ser" Verb VSfin Cond Indi Sing 1st_or_3rd lang:es 00:00:42 00:00:48 tt-4938 AF027_1990_CT_SU2011_ER_06 @Gram:SerEstar:Ser 
"<que>"
	"que" Conjunction CQUE lang:es 00:00:42 00:00:48 tt-4939 AF027_1990_CT_SU2011_ER_06 
"<,>"
	"," Punctuation CM lang:es 00:00:42 00:00:48 tt-4940 AF027_1990_CT_SU2011_ER_06 
"<o>"
	"o" Conjunciton CC Adverb ADV lang:es 00:00:42 00:00:48 tt-4941 AF027_1990_CT_SU2011_ER_06 ID:144 R:Prag:MarcadoresDisc:Igualdad:145 
"<sea>"
	"sea" Adverb ADV lang:es 00:00:42 00:00:48 tt-4942 AF027_1990_CT_SU2011_ER_06 ID:145 
"<que>"
	"que" Conjunction CQUE lang:es 00:00:42 00:00:48 tt-4943 AF027_1990_CT_SU2011_ER_06 
"<aprendan>"
	"aprender" Verb VLfin Past Subj Plural 3rd lang:es 00:00:42 00:00:48 tt-4944 AF027_1990_CT_SU2011_ER_06 @Gram:MSub:Pret 
"<español>"
	"español" Adjective ADJ Singular lang:es 00:00:42 00:00:48 tt-4945 AF027_1990_CT_SU2011_ER_06 
"<$.>"
	"." Punctuation FS lang:es 00:00:42 00:00:48 tt-4946 AF027_1990_CT_SU2011_ER_06 
</speaker>
<speaker type="int">

"<Igual>"
	"igual" Adjective ADJ Singular lang:es 00:00:48 00:00:53 tt-4947 AF027_1990_CT_SU2011_ER_06 
"<$.>"
	"." Punctuation FS lang:es 00:00:48 00:00:53 tt-4948 AF027_1990_CT_SU2011_ER_06 

"<Y>"
	"y" Conjunciton Conjunction CC lang:es 00:00:48 00:00:53 tt-4949 AF027_1990_CT_SU2011_ER_06 
"<hablando>"
	"hablar" Verb VLger lang:es 00:00:48 00:00:53 tt-4950 AF027_1990_CT_SU2011_ER_06 ID:153 R:Vocab:Fraseol:VerbPrep:154 
"<de>"
	"de" Preposition PREP lang:es 00:00:48 00:00:53 tt-4951 AF027_1990_CT_SU2011_ER_06 @Gram:Prep ID:154 
"<tu>"
	"tú" Pronoun PPX Singular lang:es 00:00:48 00:00:53 tt-4952 AF027_1990_CT_SU2011_ER_06 
"<futuro>"
	"futuro" Adjective ADJ Singular lang:es 00:00:48 00:00:53 tt-4953 AF027_1990_CT_SU2011_ER_06 
"<y>"
	"y" Conjunciton Conjunction CC lang:es 00:00:48 00:00:53 tt-4954 AF027_1990_CT_SU2011_ER_06 
"<tus>"
	"UNK" Noun NC Plural lang:es 00:00:48 00:00:53 tt-4955 AF027_1990_CT_SU2011_ER_06 @Gram:Det:Pos 
"<hijos>"
	"hijo" Noun NC Plural lang:es 00:00:48 00:00:53 tt-4956 AF027_1990_CT_SU2011_ER_06 
"<,>"
	"," Punctuation CM lang:es 00:00:48 00:00:53 tt-4957 AF027_1990_CT_SU2011_ER_06 
"<tú>"
	"tú" Pronoun PPX Singular lang:es 00:00:48 00:00:53 tt-4958 AF027_1990_CT_SU2011_ER_06 @Gram:Pron:Sujeto 
"<crees>"
	"crear|creer" Verb VLfin Pres Indi Sing 2nd lang:es 00:00:48 00:00:53 tt-4959 AF027_1990_CT_SU2011_ER_06 
"<,>"
	"," Punctuation CM lang:es 00:00:48 00:00:53 tt-4960 AF027_1990_CT_SU2011_ER_06 
"<obviamente>"
	"obvio" Adverb ADV lang:es 00:00:48 00:00:53 tt-4961 AF027_1990_CT_SU2011_ER_06 
"<,>"
	"," Punctuation CM lang:es 00:00:48 00:00:53 tt-4962 AF027_1990_CT_SU2011_ER_06 
"<les>"
	"él" Pronoun PPC Plural lang:es 00:00:48 00:00:53 tt-4963 AF027_1990_CT_SU2011_ER_06 @Gram:Pron:Objeto 
"<vas>"
	"ir" Verb VLfin Pres Indi Sing 2nd lang:es 00:00:48 00:00:53 tt-4964 AF027_1990_CT_SU2011_ER_06 ID:167 R:Gram:VFut:Perifrasis:169 
"<a>"
	"a" Preposition PREP lang:es 00:00:48 00:00:53 tt-4965 AF027_1990_CT_SU2011_ER_06 @Gram:Prep 
"<enseñar>"
	"enseñar" Verb VLinf Infinitive lang:es 00:00:48 00:00:53 tt-4966 AF027_1990_CT_SU2011_ER_06 ID:169 
"<el>"
	"el" Determiner ART Singular Masc lang:es 00:00:53 00:00:55 tt-4967 AF027_1990_CT_SU2011_ER_06 @Gram:Det:Art 
"<español>"
	"español" Noun NC Singular lang:es 00:00:53 00:00:55 tt-4968 AF027_1990_CT_SU2011_ER_06 
"<primero>"
	"primero" Adverb ADV lang:es 00:00:53 00:00:55 tt-4969 AF027_1990_CT_SU2011_ER_06 
"<que>"
	"que" Conjunction CQUE lang:es 00:00:53 00:00:55 tt-4970 AF027_1990_CT_SU2011_ER_06 
"<el>"
	"el" Determiner ART Singular Masc lang:es 00:00:53 00:00:55 tt-4971 AF027_1990_CT_SU2011_ER_06 @Gram:Det:Art 
"<inglés>"
	"inglés" Noun NC Plural lang:es 00:00:53 00:00:55 tt-4972 AF027_1990_CT_SU2011_ER_06 
"<,>"
	"," Punctuation CM lang:es 00:00:53 00:00:55 tt-4973 AF027_1990_CT_SU2011_ER_06 
"<$¿>"
	"¿" Punctuation FS lang:es 00:00:53 00:00:55 tt-4974 AF027_1990_CT_SU2011_ER_06 
"<no>"
	"no" Adverb NEG lang:es 00:00:53 00:00:55 tt-4975 AF027_1990_CT_SU2011_ER_06 
"<$?>"
	"?" Punctuation FS lang:es 00:00:53 00:00:55 tt-4976 AF027_1990_CT_SU2011_ER_06 
</speaker>
<speaker type="subj">

"<Sí>"
	"sí" Adverb ADV lang:es 00:00:55 00:01:01 tt-4977 AF027_1990_CT_SU2011_ER_06 
"<$.>"
	"." Punctuation FS lang:es 00:00:55 00:01:01 tt-4978 AF027_1990_CT_SU2011_ER_06 

"<Yo>"
	"yo" Pronoun PPX Singular lang:es 00:00:55 00:01:01 tt-4979 AF027_1990_CT_SU2011_ER_06 @Gram:Pron:Sujeto 
"<,>"
	"," Punctuation CM lang:es 00:00:55 00:01:01 tt-4980 AF027_1990_CT_SU2011_ER_06 
"<la>"
	"el" Determiner ART Singular Fem lang:es 00:00:55 00:01:01 tt-4981 AF027_1990_CT_SU2011_ER_06 @Gram:Det:Art 
"<verdad>"
	"verdad" Noun NC Singular lang:es 00:00:55 00:01:01 tt-4982 AF027_1990_CT_SU2011_ER_06 
"<,>"
	"," Punctuation CM lang:es 00:00:55 00:01:01 tt-4983 AF027_1990_CT_SU2011_ER_06 
"<o>"
	"o" Conjunciton CC Adverb ADV lang:es 00:00:55 00:01:01 tt-4984 AF027_1990_CT_SU2011_ER_06 ID:187 R:Prag:MarcadoresDisc:Igualdad:188 
"<sea>"
	"sea" Adverb ADV lang:es 00:00:55 00:01:01 tt-4985 AF027_1990_CT_SU2011_ER_06 ID:188 
"<,>"
	"," Punctuation CM lang:es 00:00:55 00:01:01 tt-4986 AF027_1990_CT_SU2011_ER_06 
"<cuando>"
	"cuando" Conjunction CSUBX lang:es 00:00:55 00:01:01 tt-4987 AF027_1990_CT_SU2011_ER_06 
"<tenga>"
	"tener" Verb VLfin Pres Subj Sing 1st_or_3rd lang:es 00:00:55 00:01:01 tt-4988 AF027_1990_CT_SU2011_ER_06 @Gram:MSub:Pres 
"<una>"
	"un" Determiner ART Singular lang:es 00:00:55 00:01:01 tt-4989 AF027_1990_CT_SU2011_ER_06 
"<familia>"
	"familia" Noun NC Singular lang:es 00:00:55 00:01:01 tt-4990 AF027_1990_CT_SU2011_ER_06 
"<,>"
	"," Punctuation CM lang:es 00:00:55 00:01:01 tt-4991 AF027_1990_CT_SU2011_ER_06 
"<si>"
	"si" Conjunction CSUBX lang:es 00:00:55 00:01:01 tt-4992 AF027_1990_CT_SU2011_ER_06 
"<Dios>"
	"dios" Noun NC Plural lang:es 00:00:55 00:01:01 tt-4993 AF027_1990_CT_SU2011_ER_06 
"<quiere>"
	"querer" Verb VLfin Pres Indi Sing 3rd lang:es 00:00:55 00:01:01 tt-4994 AF027_1990_CT_SU2011_ER_06 
"<,>"
	"," Punctuation CM lang:es 00:00:55 00:01:01 tt-4995 AF027_1990_CT_SU2011_ER_06 
"<voy>"
	"ir" Verb VLfin Pres Indi Sing 1st lang:es 00:00:55 00:01:01 tt-4996 AF027_1990_CT_SU2011_ER_06 ID:199 R:Gram:VFut:Perifrasis:201 
"<a>"
	"a" Preposition PREP lang:es 00:00:55 00:01:01 tt-4997 AF027_1990_CT_SU2011_ER_06 @Gram:Prep 
"<inculcarles>"
	"UNK" Verb VLinf Infinitive lang:es 00:00:55 00:01:01 tt-4998 AF027_1990_CT_SU2011_ER_06 ID:201 
"<o>"
	"o" Conjunciton Conjunction CC lang:es 00:01:01 00:01:05 tt-4999 AF027_1990_CT_SU2011_ER_06 
"<enseñarles>"
	"enseñar" Verb VLinf Pres Subj Sing 2nd lang:es 00:01:01 00:01:05 tt-5000 AF027_1990_CT_SU2011_ER_06 @Gram:MSub:Pres 
"<el>"
	"el" Determiner ART Singular Masc lang:es 00:01:01 00:01:05 tt-5001 AF027_1990_CT_SU2011_ER_06 @Gram:Det:Art 
"<español>"
	"español" Noun NC Singular lang:es 00:01:01 00:01:05 tt-5002 AF027_1990_CT_SU2011_ER_06 
"<primero>"
	"primero" Adverb ADV lang:es 00:01:01 00:01:05 tt-5003 AF027_1990_CT_SU2011_ER_06 
"<,>"
	"," Punctuation CM lang:es 00:01:01 00:01:05 tt-5004 AF027_1990_CT_SU2011_ER_06 
"<este>"
	"este" Noun NC Singular lang:es 00:01:01 00:01:05 tt-5005 AF027_1990_CT_SU2011_ER_06 
"<...>"
	"..." Punctuation DOTS lang:es 00:01:01 00:01:05 tt-5006 AF027_1990_CT_SU2011_ER_06 
"<y>"
	"y" Conjunciton Conjunction CC lang:es 00:01:01 00:01:05 tt-5007 AF027_1990_CT_SU2011_ER_06 
"<luego>"
	"luego" Adverb ADV lang:es 00:01:01 00:01:05 tt-5008 AF027_1990_CT_SU2011_ER_06 
"<el>"
	"el" Determiner ART Singular Masc lang:es 00:01:01 00:01:05 tt-5009 AF027_1990_CT_SU2011_ER_06 @Gram:Det:Art 
"<inglés>"
	"inglés" Noun NC Plural lang:es 00:01:01 00:01:05 tt-5010 AF027_1990_CT_SU2011_ER_06 
"<$.>"
	"." Punctuation FS lang:es 00:01:01 00:01:05 tt-5011 AF027_1990_CT_SU2011_ER_06 
</speaker>
</text>

