<text id="AF027_1990_CT_SU2011_ER_01">
<speaker type="subj">
"<Fíjate>"
	"fijar" Verb VLfin Pres Command Sing 2nd lang:es 00:00:00 00:00:06 tt-1811 AF027_1990_CT_SU2011_ER_01 @Gram:MImp:Informal 
"<que>"
	"que" Conjunction CQUE lang:es 00:00:00 00:00:06 tt-1812 AF027_1990_CT_SU2011_ER_01 
"<en>"
	"en" Preposition PREP lang:es 00:00:00 00:00:06 tt-1813 AF027_1990_CT_SU2011_ER_01 @Gram:Prep 
<lang code="en">
"<high>"
	"high" Adjective JJ lang:en 00:00:00 00:00:06 tt-1814 AF027_1990_CT_SU2011_ER_01 
"<school>"
	"school" Noun NN lang:en 00:00:00 00:00:06 tt-1815 AF027_1990_CT_SU2011_ER_01 
</lang>
"<tomé>"
	"tomar" Verb VLfin Pret Indi Sing 1st lang:es 00:00:00 00:00:06 tt-1816 AF027_1990_CT_SU2011_ER_01 @Gram:Indefinido 
"<una>"
	"un" Determiner ART Singular lang:es 00:00:00 00:00:06 tt-1817 AF027_1990_CT_SU2011_ER_01 
"<clase>"
	"clase" Noun NC Singular lang:es 00:00:00 00:00:06 tt-1818 AF027_1990_CT_SU2011_ER_01 
"<de>"
	"de" Preposition PREP lang:es 00:00:00 00:00:06 tt-1819 AF027_1990_CT_SU2011_ER_01 @Gram:Prep 
"<español>"
	"español" Noun NC Singular lang:es 00:00:00 00:00:06 tt-1820 AF027_1990_CT_SU2011_ER_01 
"<,>"
	"," Punctuation CM lang:es 00:00:00 00:00:06 tt-1821 AF027_1990_CT_SU2011_ER_01 
"<tomé>"
	"tomar" Verb VLfin Pret Indi Sing 1st lang:es 00:00:00 00:00:06 tt-1822 AF027_1990_CT_SU2011_ER_01 @Gram:Indefinido 
"<,>"
	"," Punctuation CM lang:es 00:00:00 00:00:06 tt-1823 AF027_1990_CT_SU2011_ER_01 
"<bueno>"
	"bueno" Adjective ADJ Singular lang:es 00:00:00 00:00:06 tt-1824 AF027_1990_CT_SU2011_ER_01 
"<más>"
	"más" Adverb ADV lang:es 00:00:00 00:00:06 tt-1825 AF027_1990_CT_SU2011_ER_01 
"<bien>"
	"bien" Adverb ADV lang:es 00:00:00 00:00:06 tt-1826 AF027_1990_CT_SU2011_ER_01 
"<,>"
	"," Punctuation CM lang:es 00:00:00 00:00:06 tt-1827 AF027_1990_CT_SU2011_ER_01 
"<tomé>"
	"tomar" Verb VLfin Pret Indi Sing 1st lang:es 00:00:06 00:00:12 tt-1828 AF027_1990_CT_SU2011_ER_01 @Gram:Indefinido 
"<como>"
	"como" Adverb ADV lang:es 00:00:06 00:00:12 tt-1829 AF027_1990_CT_SU2011_ER_01 
"<tres>"
	"tres" Determiner CARD Plural lang:es 00:00:06 00:00:12 tt-1830 AF027_1990_CT_SU2011_ER_01 
"<años>"
	"año" Noun NC Plural lang:es 00:00:06 00:00:12 tt-1831 AF027_1990_CT_SU2011_ER_01 
"<de>"
	"de" Preposition PREP lang:es 00:00:06 00:00:12 tt-1832 AF027_1990_CT_SU2011_ER_01 @Gram:Prep 
"<español>"
	"español" Noun NC Singular lang:es 00:00:06 00:00:12 tt-1833 AF027_1990_CT_SU2011_ER_01 
"<,>"
	"," Punctuation CM lang:es 00:00:06 00:00:12 tt-1834 AF027_1990_CT_SU2011_ER_01 
"<porque>"
	"porque" Conjunction CSUBX lang:es 00:00:06 00:00:12 tt-1835 AF027_1990_CT_SU2011_ER_01 @Prag:MarcadoresDisc:Causa 
"<era>"
	"ser" Verb VEfin Imp Indi Sing 1st_or_3rd lang:es 00:00:06 00:00:12 tt-1836 AF027_1990_CT_SU2011_ER_01 @Gram:Imperf @Gram:SerEstar:Ser 
"<la>"
	"el" Determiner ART Singular Fem lang:es 00:00:06 00:00:12 tt-1837 AF027_1990_CT_SU2011_ER_01 @Gram:Det:Art 
"<literatura>"
	"literatura" Noun NC Singular lang:es 00:00:06 00:00:12 tt-1838 AF027_1990_CT_SU2011_ER_01 
"<y>"
	"y" Conjunction CC lang:es 00:00:06 00:00:12 tt-1839 AF027_1990_CT_SU2011_ER_01 
"<cosas>"
	"cosa" Noun NC Plural lang:es 00:00:06 00:00:12 tt-1840 AF027_1990_CT_SU2011_ER_01 
"<así>"
	"así" Adverb ADV lang:es 00:00:06 00:00:12 tt-1841 AF027_1990_CT_SU2011_ER_01 
"<,>"
	"," Punctuation CM lang:es 00:00:06 00:00:12 tt-1842 AF027_1990_CT_SU2011_ER_01 
"<entonces>"
	"entonces" Adverb ADV lang:es 00:00:06 00:00:12 tt-1843 AF027_1990_CT_SU2011_ER_01 
"<más>"
	"más" Adverb ADV lang:es 00:00:06 00:00:12 tt-1844 AF027_1990_CT_SU2011_ER_01 
"<o>"
	"o" Conjunction CC lang:es 00:00:12 00:00:19 tt-1845 AF027_1990_CT_SU2011_ER_01 
"<menos>"
	"menos" Adverb ADV lang:es 00:00:12 00:00:19 tt-1846 AF027_1990_CT_SU2011_ER_01 
"<de>"
	"de" Preposition PREP lang:es 00:00:12 00:00:19 tt-1847 AF027_1990_CT_SU2011_ER_01 @Gram:Prep 
"<que>"
	"que" Conjunction CQUE lang:es 00:00:12 00:00:19 tt-1848 AF027_1990_CT_SU2011_ER_01 
"<sí>"
	"sí" Adverb ADV lang:es 00:00:12 00:00:19 tt-1849 AF027_1990_CT_SU2011_ER_01 
"<este>"
	"este" Noun NC Singular lang:es 00:00:12 00:00:19 tt-1850 AF027_1990_CT_SU2011_ER_01 
"<...>"
	"..." Punctuation DOTS lang:es 00:00:12 00:00:19 tt-1851 AF027_1990_CT_SU2011_ER_01 
"<sí>"
	"él" Pronoun PPX Singular lang:es 00:00:12 00:00:19 tt-1852 AF027_1990_CT_SU2011_ER_01 
"<tengo>"
	"tener" Verb VLfin Pres Indi Sing 1st lang:es 00:00:12 00:00:19 tt-1853 AF027_1990_CT_SU2011_ER_01 
"<,>"
	"," Punctuation CM lang:es 00:00:12 00:00:19 tt-1854 AF027_1990_CT_SU2011_ER_01 
"<sí>"
	"él" Pronoun PPX Singular lang:es 00:00:12 00:00:19 tt-1855 AF027_1990_CT_SU2011_ER_01 
"<tengo>"
	"tener" Verb VLfin Pres Indi Sing 1st lang:es 00:00:12 00:00:19 tt-1856 AF027_1990_CT_SU2011_ER_01 
"<,>"
	"," Punctuation CM lang:es 00:00:12 00:00:19 tt-1857 AF027_1990_CT_SU2011_ER_01 
"<o>"
	"o" Adverb ADV lang:es 00:00:12 00:00:19 tt-1858 AF027_1990_CT_SU2011_ER_01 ID:48 R:Prag:MarcadoresDisc:Igualdad:49 
"<sea>"
	"sea" Adverb ADV lang:es 00:00:12 00:00:19 tt-1859 AF027_1990_CT_SU2011_ER_01 ID:49 
"<...>"
	"..." Punctuation DOTS lang:es 00:00:12 00:00:19 tt-1860 AF027_1990_CT_SU2011_ER_01 
"<educación>"
	"educación" Noun NC Singular lang:es 00:00:12 00:00:19 tt-1861 AF027_1990_CT_SU2011_ER_01 
<lang code="en">
"<formal>"
	"formal" Adjective JJ lang:en 00:00:12 00:00:19 tt-1862 AF027_1990_CT_SU2011_ER_01 
</lang>
"<en>"
	"en" Preposition PREP lang:es 00:00:12 00:00:19 tt-1863 AF027_1990_CT_SU2011_ER_01 @Gram:Prep 
"<español>"
	"español" Noun NC Singular lang:es 00:00:12 00:00:19 tt-1864 AF027_1990_CT_SU2011_ER_01 
"<,>"
	"," Punctuation CM lang:es 00:00:12 00:00:19 tt-1865 AF027_1990_CT_SU2011_ER_01 
"<la>"
	"el" Determiner ART Singular Fem lang:es 00:00:12 00:00:19 tt-1866 AF027_1990_CT_SU2011_ER_01 @Gram:Det:Art 
"<verdad>"
	"verdad" Noun NC Singular lang:es 00:00:20 00:00:26 tt-1867 AF027_1990_CT_SU2011_ER_01 
"<$.>"
	"." Punctuation FS lang:es 00:00:20 00:00:26 tt-1868 AF027_1990_CT_SU2011_ER_01 

"<O>"
	"o" Adverb ADV lang:es 00:00:20 00:00:26 tt-1869 AF027_1990_CT_SU2011_ER_01 ID:59 R:Prag:MarcadoresDisc:Igualdad:60 
"<sea>"
	"sea" Adverb ADV lang:es 00:00:20 00:00:26 tt-1870 AF027_1990_CT_SU2011_ER_01 ID:60 
"<,>"
	"," Punctuation CM lang:es 00:00:20 00:00:26 tt-1871 AF027_1990_CT_SU2011_ER_01 
"<se>"
	"se" Other SE lang:es 00:00:20 00:00:26 tt-1872 AF027_1990_CT_SU2011_ER_01 @Gram:Pron:Otros 
"<lo>"
	"él" Pronoun PPC Singular lang:es 00:00:20 00:00:26 tt-1873 AF027_1990_CT_SU2011_ER_01 @Gram:Pron:Objeto 
"<...>"
	"..." Punctuation DOTS lang:es 00:00:20 00:00:26 tt-1874 AF027_1990_CT_SU2011_ER_01 
"<sí>"
	"sí" Adverb ADV lang:es 00:00:20 00:00:26 tt-1875 AF027_1990_CT_SU2011_ER_01 
"<,>"
	"," Punctuation CM lang:es 00:00:20 00:00:26 tt-1876 AF027_1990_CT_SU2011_ER_01 
"<sí>"
	"sí" Adverb ADV lang:es 00:00:20 00:00:26 tt-1877 AF027_1990_CT_SU2011_ER_01 
"<pues>"
	"pues" Conjunction CSUBF lang:es 00:00:20 00:00:26 tt-1878 AF027_1990_CT_SU2011_ER_01 
"<la>"
	"el" Determiner ART Singular Fem lang:es 00:00:20 00:00:26 tt-1879 AF027_1990_CT_SU2011_ER_01 @Gram:Det:Art 
"<verdad>"
	"verdad" Noun NC Singular lang:es 00:00:20 00:00:26 tt-1880 AF027_1990_CT_SU2011_ER_01 
"<que>"
	"que" Conjunction CQUE lang:es 00:00:20 00:00:26 tt-1881 AF027_1990_CT_SU2011_ER_01 
"<sí>"
	"sí" Adverb ADV lang:es 00:00:20 00:00:26 tt-1882 AF027_1990_CT_SU2011_ER_01 
"<tengo>"
	"tener" Verb VLfin Pres Indi Sing 1st lang:es 00:00:20 00:00:26 tt-1883 AF027_1990_CT_SU2011_ER_01 
"<una>"
	"un" Determiner ART Singular lang:es 00:00:20 00:00:26 tt-1884 AF027_1990_CT_SU2011_ER_01 
"<formación>"
	"formación" Noun NC Singular lang:es 00:00:20 00:00:26 tt-1885 AF027_1990_CT_SU2011_ER_01 
"<este>"
	"este" Noun NC Singular lang:es 00:00:20 00:00:26 tt-1886 AF027_1990_CT_SU2011_ER_01 
"<...>"
	"..." Punctuation DOTS lang:es 00:00:20 00:00:26 tt-1887 AF027_1990_CT_SU2011_ER_01 
"<muy>"
	"muy" Adverb ADV lang:es 00:00:20 00:00:26 tt-1888 AF027_1990_CT_SU2011_ER_01 
"<buena>"
	"bueno" Adjective ADJ Singular lang:es 00:00:20 00:00:26 tt-1889 AF027_1990_CT_SU2011_ER_01 
"<en>"
	"en" Preposition PREP lang:es 00:00:26 00:00:27 tt-1890 AF027_1990_CT_SU2011_ER_01 @Gram:Prep 
"<español>"
	"español" Noun NC Singular lang:es 00:00:26 00:00:27 tt-1891 AF027_1990_CT_SU2011_ER_01 
"<$.>"
	"." Punctuation FS lang:es 00:00:26 00:00:27 tt-1892 AF027_1990_CT_SU2011_ER_01 
</speaker>
<speaker type="int">

"<$¿>"
	"¿" Punctuation FS lang:es 00:00:27 00:00:33 tt-1893 AF027_1990_CT_SU2011_ER_01 
"<Y>"
	"y" Conjunction CC lang:es 00:00:27 00:00:33 tt-1894 AF027_1990_CT_SU2011_ER_01 
"<tú>"
	"tú" Pronoun PPX Singular lang:es 00:00:27 00:00:33 tt-1895 AF027_1990_CT_SU2011_ER_01 @Gram:Pron:Sujeto 
"<crees>"
	"crear|creer" Verb VLfin Pres Indi Sing 2nd lang:es 00:00:27 00:00:33 tt-1896 AF027_1990_CT_SU2011_ER_01 
"<que>"
	"que" Conjunction CQUE lang:es 00:00:27 00:00:33 tt-1897 AF027_1990_CT_SU2011_ER_01 
"<el>"
	"el" Determiner ART Singular Masc lang:es 00:00:27 00:00:33 tt-1898 AF027_1990_CT_SU2011_ER_01 @Gram:Det:Art 
"<nivel>"
	"nivel" Noun NC Singular lang:es 00:00:27 00:00:33 tt-1899 AF027_1990_CT_SU2011_ER_01 
"<que>"
	"que" Conjunction CQUE lang:es 00:00:27 00:00:33 tt-1900 AF027_1990_CT_SU2011_ER_01 
"<tienes>"
	"tener" Verb VLfin Pres Indi Sing 2nd lang:es 00:00:27 00:00:33 tt-1901 AF027_1990_CT_SU2011_ER_01 
"<...>"
	"..." Punctuation DOTS lang:es 00:00:27 00:00:33 tt-1902 AF027_1990_CT_SU2011_ER_01 
"<el>"
	"el" Determiner ART Singular Masc lang:es 00:00:27 00:00:33 tt-1903 AF027_1990_CT_SU2011_ER_01 @Gram:Det:Art 
"<dominio>"
	"dominio" Noun NC Singular lang:es 00:00:27 00:00:33 tt-1904 AF027_1990_CT_SU2011_ER_01 
"<que>"
	"que" Conjunction CQUE lang:es 00:00:27 00:00:33 tt-1905 AF027_1990_CT_SU2011_ER_01 
"<tienes>"
	"tener" Verb VLfin Pres Indi Sing 2nd lang:es 00:00:27 00:00:33 tt-1906 AF027_1990_CT_SU2011_ER_01 
"<por>"
	"por" Preposition PREP lang:es 00:00:27 00:00:33 tt-1907 AF027_1990_CT_SU2011_ER_01 @Gram:Prep:Por 
"<el>"
	"el" Determiner ART Singular Masc lang:es 00:00:27 00:00:33 tt-1908 AF027_1990_CT_SU2011_ER_01 @Gram:Det:Art 
"<español>"
	"español" Noun NC Singular lang:es 00:00:27 00:00:33 tt-1909 AF027_1990_CT_SU2011_ER_01 
"<es>"
	"ser" Verb VSfin Pres Indi Sing 3rd lang:es 00:00:27 00:00:33 tt-1910 AF027_1990_CT_SU2011_ER_01 @Gram:SerEstar:Ser 
"<un>"
	"un" Determiner ART Singular lang:es 00:00:27 00:00:33 tt-1911 AF027_1990_CT_SU2011_ER_01 
"<nivel>"
	"nivel" Noun NC Singular lang:es 00:00:27 00:00:33 tt-1912 AF027_1990_CT_SU2011_ER_01 
"<este>"
	"este" Noun NC Singular lang:es 00:00:33 00:00:36 tt-1913 AF027_1990_CT_SU2011_ER_01 
"<,>"
	"," Punctuation CM lang:es 00:00:33 00:00:36 tt-1914 AF027_1990_CT_SU2011_ER_01 
"<social>"
	"social" Adjective ADJ Singular lang:es 00:00:33 00:00:36 tt-1915 AF027_1990_CT_SU2011_ER_01 
"<,>"
	"," Punctuation CM lang:es 00:00:33 00:00:36 tt-1916 AF027_1990_CT_SU2011_ER_01 
"<o>"
	"o" Conjunction CC lang:es 00:00:33 00:00:36 tt-1917 AF027_1990_CT_SU2011_ER_01 
"<un>"
	"un" Determiner ART Singular lang:es 00:00:33 00:00:36 tt-1918 AF027_1990_CT_SU2011_ER_01 
"<nivel>"
	"nivel" Noun NC Singular lang:es 00:00:33 00:00:36 tt-1919 AF027_1990_CT_SU2011_ER_01 
"<más>"
	"más" Adverb ADV lang:es 00:00:33 00:00:36 tt-1920 AF027_1990_CT_SU2011_ER_01 
"<académico>"
	"académico" Adjective ADJ Singular lang:es 00:00:33 00:00:36 tt-1921 AF027_1990_CT_SU2011_ER_01 
"<$?>"
	"?" Punctuation FS lang:es 00:00:33 00:00:36 tt-1922 AF027_1990_CT_SU2011_ER_01 
</speaker>
<speaker type="subj">

"<Yo>"
	"yo" Pronoun PPX Singular lang:es 00:00:36 00:00:42 tt-1923 AF027_1990_CT_SU2011_ER_01 @Gram:Pron:Sujeto 
"<creo>"
	"crear|creer" Verb VLfin Pres Indi Sing 1st lang:es 00:00:36 00:00:42 tt-1924 AF027_1990_CT_SU2011_ER_01 
"<que>"
	"que" Conjunction CQUE lang:es 00:00:36 00:00:42 tt-1925 AF027_1990_CT_SU2011_ER_01 
"<es>"
	"ser" Verb VSfin Pres Indi Sing 3rd lang:es 00:00:36 00:00:42 tt-1926 AF027_1990_CT_SU2011_ER_01 @Gram:SerEstar:Ser 
"<los>"
	"el" Determiner ART Plural Masc lang:es 00:00:36 00:00:42 tt-1927 AF027_1990_CT_SU2011_ER_01 @Gram:Det:Art 
"<dos>"
	"dos" Determiner CARD Plural lang:es 00:00:36 00:00:42 tt-1928 AF027_1990_CT_SU2011_ER_01 
"<,>"
	"," Punctuation CM lang:es 00:00:36 00:00:42 tt-1929 AF027_1990_CT_SU2011_ER_01 
"<la>"
	"el" Determiner ART Singular Fem lang:es 00:00:36 00:00:42 tt-1930 AF027_1990_CT_SU2011_ER_01 @Gram:Det:Art 
"<verdad>"
	"verdad" Noun NC Singular lang:es 00:00:36 00:00:42 tt-1931 AF027_1990_CT_SU2011_ER_01 
"<,>"
	"," Punctuation CM lang:es 00:00:36 00:00:42 tt-1932 AF027_1990_CT_SU2011_ER_01 
"<igual>"
	"igual" Adjective ADJ Singular lang:es 00:00:36 00:00:42 tt-1933 AF027_1990_CT_SU2011_ER_01 
"<es>"
	"ser" Verb VSfin Pres Indi Sing 3rd lang:es 00:00:36 00:00:42 tt-1934 AF027_1990_CT_SU2011_ER_01 @Gram:SerEstar:Ser 
"<social>"
	"social" Adjective ADJ Singular lang:es 00:00:36 00:00:42 tt-1935 AF027_1990_CT_SU2011_ER_01 
"<,>"
	"," Punctuation CM lang:es 00:00:36 00:00:42 tt-1936 AF027_1990_CT_SU2011_ER_01 
"<pero>"
	"pero" Conjunction CCAD lang:es 00:00:36 00:00:42 tt-1937 AF027_1990_CT_SU2011_ER_01 @Prag:MarcadoresDisc:Revision 
"<también>"
	"también" Adverb ADV lang:es 00:00:36 00:00:42 tt-1938 AF027_1990_CT_SU2011_ER_01 @Prag:MarcadoresDisc:Igualdad 
"<es>"
	"ser" Verb VSfin Pres Indi Sing 3rd lang:es 00:00:36 00:00:42 tt-1939 AF027_1990_CT_SU2011_ER_01 @Gram:SerEstar:Ser 
"<muy>"
	"muy" Adverb ADV lang:es 00:00:36 00:00:42 tt-1940 AF027_1990_CT_SU2011_ER_01 
"<académico>"
	"académico" Adjective ADJ Singular lang:es 00:00:36 00:00:42 tt-1941 AF027_1990_CT_SU2011_ER_01 
"<,>"
	"," Punctuation CM lang:es 00:00:36 00:00:42 tt-1942 AF027_1990_CT_SU2011_ER_01 
"<la>"
	"el" Determiner ART Singular Fem lang:es 00:00:42 00:00:44 tt-1943 AF027_1990_CT_SU2011_ER_01 @Gram:Det:Art 
"<verdad>"
	"verdad" Noun NC Singular lang:es 00:00:42 00:00:44 tt-1944 AF027_1990_CT_SU2011_ER_01 
"<$.>"
	"." Punctuation FS lang:es 00:00:42 00:00:44 tt-1945 AF027_1990_CT_SU2011_ER_01 
</speaker>
<speaker type="int">

"<$¿>"
	"¿" Punctuation FS lang:es 00:00:44 00:00:48 tt-1946 AF027_1990_CT_SU2011_ER_01 
"<Y>"
	"y" Conjunction CC lang:es 00:00:44 00:00:48 tt-1947 AF027_1990_CT_SU2011_ER_01 
"<qué>"
	"qué" Pronoun INT Singular lang:es 00:00:44 00:00:48 tt-1948 AF027_1990_CT_SU2011_ER_01 
"<crees>"
	"crear|creer" Verb VLfin Pres Indi Sing 2nd lang:es 00:00:44 00:00:48 tt-1949 AF027_1990_CT_SU2011_ER_01 
"<que>"
	"que" Conjunction CQUE lang:es 00:00:44 00:00:48 tt-1950 AF027_1990_CT_SU2011_ER_01 
"<dominas>"
	"dominar" Verb VLfin Pres Indi Sing 2nd lang:es 00:00:44 00:00:48 tt-1951 AF027_1990_CT_SU2011_ER_01 
"<más>"
	"más" Adverb ADV lang:es 00:00:44 00:00:48 tt-1952 AF027_1990_CT_SU2011_ER_01 
"<,>"
	"," Punctuation CM lang:es 00:00:44 00:00:48 tt-1953 AF027_1990_CT_SU2011_ER_01 
"<el>"
	"el" Determiner ART Singular Masc lang:es 00:00:44 00:00:48 tt-1954 AF027_1990_CT_SU2011_ER_01 @Gram:Det:Art 
"<español>"
	"español" Noun NC Singular lang:es 00:00:44 00:00:48 tt-1955 AF027_1990_CT_SU2011_ER_01 
"<o>"
	"o" Conjunction CC lang:es 00:00:44 00:00:48 tt-1956 AF027_1990_CT_SU2011_ER_01 
"<el>"
	"el" Determiner ART Singular Masc lang:es 00:00:44 00:00:48 tt-1957 AF027_1990_CT_SU2011_ER_01 @Gram:Det:Art 
"<inglés>"
	"inglés" Noun NC Plural lang:es 00:00:44 00:00:48 tt-1958 AF027_1990_CT_SU2011_ER_01 
"<$?>"
	"?" Punctuation FS lang:es 00:00:44 00:00:48 tt-1959 AF027_1990_CT_SU2011_ER_01 
</speaker>
<speaker type="subj">

"<La>"
	"el" Determiner ART Singular Fem lang:es 00:00:48 00:00:53 tt-1960 AF027_1990_CT_SU2011_ER_01 @Gram:Det:Art 
"<verdad>"
	"verdad" Noun NC Singular lang:es 00:00:48 00:00:53 tt-1961 AF027_1990_CT_SU2011_ER_01 
"<de>"
	"de" Preposition PREP lang:es 00:00:48 00:00:53 tt-1962 AF027_1990_CT_SU2011_ER_01 @Gram:Prep 
"<las>"
	"el" Determiner ART Plural Fem lang:es 00:00:48 00:00:53 tt-1963 AF027_1990_CT_SU2011_ER_01 @Gram:Det:Art 
"<cosas>"
	"cosa" Noun NC Plural lang:es 00:00:48 00:00:53 tt-1964 AF027_1990_CT_SU2011_ER_01 
"<,>"
	"," Punctuation CM lang:es 00:00:48 00:00:53 tt-1965 AF027_1990_CT_SU2011_ER_01 
"<que>"
	"que" Conjunction CQUE lang:es 00:00:48 00:00:53 tt-1966 AF027_1990_CT_SU2011_ER_01 
"<siento>"
	"sentar|sentir" Verb VLfin Pres Indi Sing 1st lang:es 00:00:48 00:00:53 tt-1967 AF027_1990_CT_SU2011_ER_01 
"<que>"
	"que" Conjunction CQUE lang:es 00:00:48 00:00:53 tt-1968 AF027_1990_CT_SU2011_ER_01 
"<como>"
	"como" Conjunction CSUBX lang:es 00:00:48 00:00:53 tt-1969 AF027_1990_CT_SU2011_ER_01 
"<no>"
	"no" Adverb NEG lang:es 00:00:48 00:00:53 tt-1970 AF027_1990_CT_SU2011_ER_01 
"<hablo>"
	"hablar" Verb VLfin Pres Indi Sing 1st lang:es 00:00:48 00:00:53 tt-1971 AF027_1990_CT_SU2011_ER_01 
"<tanto>"
	"tanto" Adverb ADV lang:es 00:00:48 00:00:53 tt-1972 AF027_1990_CT_SU2011_ER_01 
"<el>"
	"el" Determiner ART Singular Masc lang:es 00:00:48 00:00:53 tt-1973 AF027_1990_CT_SU2011_ER_01 @Gram:Det:Art 
"<español>"
	"español" Noun NC Singular lang:es 00:00:48 00:00:53 tt-1974 AF027_1990_CT_SU2011_ER_01 
"<,>"
	"," Punctuation CM lang:es 00:00:48 00:00:53 tt-1975 AF027_1990_CT_SU2011_ER_01 
"<tan>"
	"tan" Adverb ADV lang:es 00:00:48 00:00:53 tt-1976 AF027_1990_CT_SU2011_ER_01 
"<seguido>"
	"seguir" Verb VLadj lang:es 00:00:48 00:00:53 tt-1977 AF027_1990_CT_SU2011_ER_01 
"<como>"
	"como" Conjunction CSUBX lang:es 00:00:53 00:00:56 tt-1978 AF027_1990_CT_SU2011_ER_01 
"<lo>"
	"él" Pronoun PPC Singular lang:es 00:00:53 00:00:56 tt-1979 AF027_1990_CT_SU2011_ER_01 @Gram:Pron:Objeto 
"<hacía>"
	"hacer" Verb VLfin Imp Indi Sing 1st_or_3rd lang:es 00:00:53 00:00:56 tt-1980 AF027_1990_CT_SU2011_ER_01 @Gram:Imperf 
"<en>"
	"en" Preposition PREP lang:es 00:00:53 00:00:56 tt-1981 AF027_1990_CT_SU2011_ER_01 @Gram:Prep 
"<mi>"
	"mío" Pronoun PPO Singular lang:es 00:00:53 00:00:56 tt-1982 AF027_1990_CT_SU2011_ER_01 @Gram:Det:Pos 
"<casa>"
	"casa" Noun NC Singular lang:es 00:00:53 00:00:56 tt-1983 AF027_1990_CT_SU2011_ER_01 
"<,>"
	"," Punctuation CM lang:es 00:00:53 00:00:56 tt-1984 AF027_1990_CT_SU2011_ER_01 
"<domino>"
	"dominar" Verb VLfin Pres Indi Sing 1st lang:es 00:00:53 00:00:56 tt-1985 AF027_1990_CT_SU2011_ER_01 
"<más>"
	"más" Adverb ADV lang:es 00:00:53 00:00:56 tt-1986 AF027_1990_CT_SU2011_ER_01 
"<el>"
	"el" Determiner ART Singular Masc lang:es 00:00:53 00:00:56 tt-1987 AF027_1990_CT_SU2011_ER_01 @Gram:Det:Art 
"<inglés>"
	"inglés" Noun NC Plural lang:es 00:00:53 00:00:56 tt-1988 AF027_1990_CT_SU2011_ER_01 
"<,>"
	"," Punctuation CM lang:es 00:00:53 00:00:56 tt-1989 AF027_1990_CT_SU2011_ER_01 
"<en>"
	"en" Preposition PREP lang:es 00:00:53 00:00:56 tt-1990 AF027_1990_CT_SU2011_ER_01 @Gram:Prep 
"<este>"
	"este" Determiner DM Singular lang:es 00:00:53 00:00:56 tt-1991 AF027_1990_CT_SU2011_ER_01 @Gram:Det:Demo 
"<momento>"
	"momento" Noun NC Singular lang:es 00:00:53 00:00:56 tt-1992 AF027_1990_CT_SU2011_ER_01 
"<$.>"
	"." Punctuation FS lang:es 00:00:53 00:00:56 tt-1993 AF027_1990_CT_SU2011_ER_01 
</speaker>
<speaker type="int">

"<$¿>"
	"¿" Punctuation FS lang:es 00:00:56 00:01:01 tt-1994 AF027_1990_CT_SU2011_ER_01 
"<Y>"
	"y" Conjunction CC lang:es 00:00:56 00:01:01 tt-1995 AF027_1990_CT_SU2011_ER_01 
"<en>"
	"en" Preposition PREP lang:es 00:00:56 00:01:01 tt-1996 AF027_1990_CT_SU2011_ER_01 @Gram:Prep 
"<cuál>"
	"cuál" Pronoun INT Singular lang:es 00:00:56 00:01:01 tt-1997 AF027_1990_CT_SU2011_ER_01 
"<idioma>"
	"idioma" Noun NC Singular lang:es 00:00:56 00:01:01 tt-1998 AF027_1990_CT_SU2011_ER_01 
"<te>"
	"tú" Pronoun PPX Singular lang:es 00:00:56 00:01:01 tt-1999 AF027_1990_CT_SU2011_ER_01 @Gram:Pron:Objeto 
"<sientes>"
	"sentar|sentir" Verb VLfin Pres Indi Sing 2nd lang:es 00:00:56 00:01:01 tt-2000 AF027_1990_CT_SU2011_ER_01 
"<más>"
	"más" Adverb ADV lang:es 00:00:56 00:01:01 tt-2001 AF027_1990_CT_SU2011_ER_01 
"<a>"
	"a" Preposition PREP lang:es 00:00:56 00:01:01 tt-2002 AF027_1990_CT_SU2011_ER_01 @Gram:Prep 
"<gusto>"
	"gusto" Noun NC Singular lang:es 00:00:56 00:01:01 tt-2003 AF027_1990_CT_SU2011_ER_01 
"<hablando>"
	"hablar" Verb VLger lang:es 00:00:56 00:01:01 tt-2004 AF027_1990_CT_SU2011_ER_01 
"<$?>"
	"?" Punctuation FS lang:es 00:00:56 00:01:01 tt-2005 AF027_1990_CT_SU2011_ER_01 

"<Mmm>"
	"mmm" Noun NP Singular lang:es 00:01:01 00:01:08 tt-2006 AF027_1990_CT_SU2011_ER_01 
"<...>"
	"..." Punctuation DOTS lang:es 00:01:01 00:01:08 tt-2007 AF027_1990_CT_SU2011_ER_01 
"<muy>"
	"muy" Adverb ADV lang:es 00:01:01 00:01:08 tt-2008 AF027_1990_CT_SU2011_ER_01 
"<rara>"
	"raro" Adjective ADJ Singular lang:es 00:01:01 00:01:08 tt-2009 AF027_1990_CT_SU2011_ER_01 
"<...>"
	"..." Punctuation DOTS lang:es 00:01:01 00:01:08 tt-2010 AF027_1990_CT_SU2011_ER_01 
"<raramente>"
	"raro" Adverb ADV lang:es 00:01:01 00:01:08 tt-2011 AF027_1990_CT_SU2011_ER_01 
"<,>"
	"," Punctuation CM lang:es 00:01:01 00:01:08 tt-2012 AF027_1990_CT_SU2011_ER_01 
"<la>"
	"el" Determiner ART Singular Fem lang:es 00:01:01 00:01:08 tt-2013 AF027_1990_CT_SU2011_ER_01 @Gram:Det:Art 
"<verdad>"
	"verdad" Noun NC Singular lang:es 00:01:01 00:01:08 tt-2014 AF027_1990_CT_SU2011_ER_01 
"<,>"
	"," Punctuation CM lang:es 00:01:01 00:01:08 tt-2015 AF027_1990_CT_SU2011_ER_01 
"<me>"
	"yo" Pronoun PPX Singular lang:es 00:01:01 00:01:08 tt-2016 AF027_1990_CT_SU2011_ER_01 @Gram:Pron:Objeto 
"<siento>"
	"sentar|sentir" Verb VLfin Pres Indi Sing 1st lang:es 00:01:01 00:01:08 tt-2017 AF027_1990_CT_SU2011_ER_01 
"<más>"
	"más" Adverb ADV lang:es 00:01:01 00:01:08 tt-2018 AF027_1990_CT_SU2011_ER_01 
"<cómoda>"
	"cómoda" Noun NC Singular lang:es 00:01:01 00:01:08 tt-2019 AF027_1990_CT_SU2011_ER_01 
"<,>"
	"," Punctuation CM lang:es 00:01:01 00:01:08 tt-2020 AF027_1990_CT_SU2011_ER_01 
"<me>"
	"yo" Pronoun PPX Singular lang:es 00:01:01 00:01:08 tt-2021 AF027_1990_CT_SU2011_ER_01 @Gram:Pron:Objeto 
"<sé>"
	"saber|ser" Verb VLfin Pres Indi Sing 1st lang:es 00:01:01 00:01:08 tt-2022 AF027_1990_CT_SU2011_ER_01 
"<expresar>"
	"expresar" Verb VLinf Infinitive lang:es 00:01:01 00:01:08 tt-2023 AF027_1990_CT_SU2011_ER_01 
"<mejor>"
	"bueno" Adjective ADJ Singular lang:es 00:01:01 00:01:08 tt-2024 AF027_1990_CT_SU2011_ER_01 
"<en>"
	"en" Preposition PREP lang:es 00:01:08 00:01:14 tt-2025 AF027_1990_CT_SU2011_ER_01 @Gram:Prep 
"<inglés>"
	"inglés" Noun NC Plural lang:es 00:01:08 00:01:14 tt-2026 AF027_1990_CT_SU2011_ER_01 
"<$.>"
	"." Punctuation FS lang:es 00:01:08 00:01:14 tt-2027 AF027_1990_CT_SU2011_ER_01 

"<La>"
	"el" Determiner ART Singular Fem lang:es 00:01:08 00:01:14 tt-2028 AF027_1990_CT_SU2011_ER_01 @Gram:Det:Art 
"<verdad>"
	"verdad" Noun NC Singular lang:es 00:01:08 00:01:14 tt-2029 AF027_1990_CT_SU2011_ER_01 
"<,>"
	"," Punctuation CM lang:es 00:01:08 00:01:14 tt-2030 AF027_1990_CT_SU2011_ER_01 
"<yo>"
	"yo" Pronoun PPX Singular lang:es 00:01:08 00:01:14 tt-2031 AF027_1990_CT_SU2011_ER_01 @Gram:Pron:Sujeto 
"<creo>"
	"crear|creer" Verb VLfin Pres Indi Sing 1st lang:es 00:01:08 00:01:14 tt-2032 AF027_1990_CT_SU2011_ER_01 
"<que>"
	"que" Conjunction CQUE lang:es 00:01:08 00:01:14 tt-2033 AF027_1990_CT_SU2011_ER_01 
"<es>"
	"ser" Verb VSfin Pres Indi Sing 3rd lang:es 00:01:08 00:01:14 tt-2034 AF027_1990_CT_SU2011_ER_01 @Gram:SerEstar:Ser 
"<por>"
	"por" Preposition PREP lang:es 00:01:08 00:01:14 tt-2035 AF027_1990_CT_SU2011_ER_01 @Gram:Prep:Por 
"<lo>"
	"el" Determiner ART Singular lang:es 00:01:08 00:01:14 tt-2036 AF027_1990_CT_SU2011_ER_01 @Gram:Det:Art 
"<mismo>"
	"mismo" Adjective ADJ Singular lang:es 00:01:08 00:01:14 tt-2037 AF027_1990_CT_SU2011_ER_01 
"<,>"
	"," Punctuation CM lang:es 00:01:08 00:01:14 tt-2038 AF027_1990_CT_SU2011_ER_01 
"<porque>"
	"porque" Conjunction CSUBX lang:es 00:01:08 00:01:14 tt-2039 AF027_1990_CT_SU2011_ER_01 @Prag:MarcadoresDisc:Causa 
"<he>"
	"haber" Verb VHfin Pres Indi Sing 1st lang:es 00:01:08 00:01:14 tt-2040 AF027_1990_CT_SU2011_ER_01 @Gram:Haber:Exist 
"<estado>"
	"estar" Verb VEadj Participle lang:es 00:01:08 00:01:14 tt-2041 AF027_1990_CT_SU2011_ER_01 @Gram:SerEstar:Estar 
"<aquí>"
	"aquí" Adverb ADV lang:es 00:01:08 00:01:14 tt-2042 AF027_1990_CT_SU2011_ER_01 
"<toda>"
	"todo" Determiner QU lang:es 00:01:08 00:01:14 tt-2043 AF027_1990_CT_SU2011_ER_01 
"<mi>"
	"mío" Pronoun PPO Singular lang:es 00:01:08 00:01:14 tt-2044 AF027_1990_CT_SU2011_ER_01 @Gram:Det:Pos 
"<vida>"
	"vida" Noun NC Singular lang:es 00:01:08 00:01:14 tt-2045 AF027_1990_CT_SU2011_ER_01 
"<,>"
	"," Punctuation CM lang:es 00:01:08 00:01:14 tt-2046 AF027_1990_CT_SU2011_ER_01 
"<recibí>"
	"recibir" Verb VLfin Pret Indi Sing 1st lang:es 00:01:14 00:01:18 tt-2047 AF027_1990_CT_SU2011_ER_01 @Gram:Indefinido 
"<una>"
	"un" Determiner ART Singular lang:es 00:01:14 00:01:18 tt-2048 AF027_1990_CT_SU2011_ER_01 
"<educación>"
	"educación" Noun NC Singular lang:es 00:01:14 00:01:18 tt-2049 AF027_1990_CT_SU2011_ER_01 
"<acá>"
	"acá" Adverb ADV lang:es 00:01:14 00:01:18 tt-2050 AF027_1990_CT_SU2011_ER_01 
"<,>"
	"," Punctuation CM lang:es 00:01:14 00:01:18 tt-2051 AF027_1990_CT_SU2011_ER_01 
"<he>"
	"haber" Verb VHfin Pres Indi Sing 1st lang:es 00:01:14 00:01:18 tt-2052 AF027_1990_CT_SU2011_ER_01 ID:242 R:Gram:Aux:Haber:243 R:Gram:PerfPerif:243 
"<conocido>"
	"conocer" Verb VLadj lang:es 00:01:14 00:01:18 tt-2053 AF027_1990_CT_SU2011_ER_01 ID:243 
"<a>"
	"a" Preposition PREP lang:es 00:01:14 00:01:18 tt-2054 AF027_1990_CT_SU2011_ER_01 @Gram:Prep 
"<amigos>"
	"amigo" Noun NC Plural lang:es 00:01:14 00:01:18 tt-2055 AF027_1990_CT_SU2011_ER_01 
"<que>"
	"que" Conjunction CQUE lang:es 00:01:14 00:01:18 tt-2056 AF027_1990_CT_SU2011_ER_01 
"<hablan>"
	"hablar" Verb VLfin Pres Indi Plural 3rd lang:es 00:01:14 00:01:18 tt-2057 AF027_1990_CT_SU2011_ER_01 
"<puro>"
	"puro" Adjective ADJ Singular lang:es 00:01:14 00:01:18 tt-2058 AF027_1990_CT_SU2011_ER_01 
"<inglés>"
	"inglés" Noun NC Plural lang:es 00:01:14 00:01:18 tt-2059 AF027_1990_CT_SU2011_ER_01 
"<,>"
	"," Punctuation CM lang:es 00:01:14 00:01:18 tt-2060 AF027_1990_CT_SU2011_ER_01 
"<y>"
	"y" Conjunction CC lang:es 00:01:14 00:01:18 tt-2061 AF027_1990_CT_SU2011_ER_01 
"<así>"
	"así" Adverb ADV lang:es 00:01:14 00:01:18 tt-2062 AF027_1990_CT_SU2011_ER_01 
"<,>"
	"," Punctuation CM lang:es 00:01:14 00:01:18 tt-2063 AF027_1990_CT_SU2011_ER_01 
"<entonces>"
	"entonces" Adverb ADV lang:es 00:01:14 00:01:18 tt-2064 AF027_1990_CT_SU2011_ER_01 
"<siento>"
	"sentar|sentir" Verb VLfin Pres Indi Sing 1st lang:es 00:01:18 00:01:24 tt-2065 AF027_1990_CT_SU2011_ER_01 
"<que>"
	"que" Conjunction CQUE lang:es 00:01:18 00:01:24 tt-2066 AF027_1990_CT_SU2011_ER_01 
"<me>"
	"yo" Pronoun PPX Singular lang:es 00:01:18 00:01:24 tt-2067 AF027_1990_CT_SU2011_ER_01 @Gram:Pron:Objeto 
"<expongo>"
	"exponer" Verb VLfin Pres Indi Sing 1st lang:es 00:01:18 00:01:24 tt-2068 AF027_1990_CT_SU2011_ER_01 
"<más>"
	"más" Adverb ADV lang:es 00:01:18 00:01:24 tt-2069 AF027_1990_CT_SU2011_ER_01 
"<al>"
	"al" Preposition PAL lang:es 00:01:18 00:01:24 tt-2070 AF027_1990_CT_SU2011_ER_01 @Gram:Prep 
"<inglés>"
	"inglés" Noun NC Plural lang:es 00:01:18 00:01:24 tt-2071 AF027_1990_CT_SU2011_ER_01 
"<,>"
	"," Punctuation CM lang:es 00:01:18 00:01:24 tt-2072 AF027_1990_CT_SU2011_ER_01 
"<entonces>"
	"entonces" Adverb ADV lang:es 00:01:18 00:01:24 tt-2073 AF027_1990_CT_SU2011_ER_01 
"<,>"
	"," Punctuation CM lang:es 00:01:18 00:01:24 tt-2074 AF027_1990_CT_SU2011_ER_01 
"<por>"
	"por" Preposition PREP lang:es 00:01:18 00:01:24 tt-2075 AF027_1990_CT_SU2011_ER_01 @Gram:Prep:Por 
"<eso>"
	"ese" Determiner DM Singular lang:es 00:01:18 00:01:24 tt-2076 AF027_1990_CT_SU2011_ER_01 @Gram:Det:Demo 
"<mismo>"
	"mismo" Adjective ADJ Singular lang:es 00:01:18 00:01:24 tt-2077 AF027_1990_CT_SU2011_ER_01 
"<,>"
	"," Punctuation CM lang:es 00:01:18 00:01:24 tt-2078 AF027_1990_CT_SU2011_ER_01 
"<este>"
	"este" Determiner DM Singular lang:es 00:01:18 00:01:24 tt-2079 AF027_1990_CT_SU2011_ER_01 @Prag:RecuDiscurso:GanarTiempo 
"<,>"
	"," Punctuation CM lang:es 00:01:18 00:01:24 tt-2080 AF027_1990_CT_SU2011_ER_01 
"<me>"
	"yo" Pronoun PPX Singular lang:es 00:01:18 00:01:24 tt-2081 AF027_1990_CT_SU2011_ER_01 @Gram:Pron:Objeto 
"<sé>"
	"saber|ser" Verb VLfin Pres Indi Sing 1st lang:es 00:01:18 00:01:24 tt-2082 AF027_1990_CT_SU2011_ER_01 
"<expresar>"
	"expresar" Verb VLinf Infinitive lang:es 00:01:18 00:01:24 tt-2083 AF027_1990_CT_SU2011_ER_01 
"<mejor>"
	"bueno" Adjective ADJ Singular lang:es 00:01:18 00:01:24 tt-2084 AF027_1990_CT_SU2011_ER_01 
"<de>"
	"de" Preposition PREP lang:es 00:01:24 00:01:29 tt-2085 AF027_1990_CT_SU2011_ER_01 @Gram:Prep 
"<esa>"
	"ese" Determiner DM Singular lang:es 00:01:24 00:01:29 tt-2086 AF027_1990_CT_SU2011_ER_01 @Gram:Det:Demo 
"<manera>"
	"manera" Noun NC Singular lang:es 00:01:24 00:01:29 tt-2087 AF027_1990_CT_SU2011_ER_01 
"<,>"
	"," Punctuation CM lang:es 00:01:24 00:01:29 tt-2088 AF027_1990_CT_SU2011_ER_01 
"<porque>"
	"porque" Conjunction CSUBX lang:es 00:01:24 00:01:29 tt-2089 AF027_1990_CT_SU2011_ER_01 @Prag:MarcadoresDisc:Causa 
"<no>"
	"no" Adverb NEG lang:es 00:01:24 00:01:29 tt-2090 AF027_1990_CT_SU2011_ER_01 
"<hablo>"
	"hablar" Verb VLfin Pres Indi Sing 1st lang:es 00:01:24 00:01:29 tt-2091 AF027_1990_CT_SU2011_ER_01 
"<tanto>"
	"tanto" Adverb ADV lang:es 00:01:24 00:01:29 tt-2092 AF027_1990_CT_SU2011_ER_01 
"<el>"
	"el" Determiner ART Singular Masc lang:es 00:01:24 00:01:29 tt-2093 AF027_1990_CT_SU2011_ER_01 @Gram:Det:Art 
"<español>"
	"español" Noun NC Singular lang:es 00:01:24 00:01:29 tt-2094 AF027_1990_CT_SU2011_ER_01 
"<,>"
	"," Punctuation CM lang:es 00:01:24 00:01:29 tt-2095 AF027_1990_CT_SU2011_ER_01 
"<como>"
	"como" Conjunction CSUBX lang:es 00:01:24 00:01:29 tt-2096 AF027_1990_CT_SU2011_ER_01 
"<lo>"
	"él" Pronoun PPC Singular lang:es 00:01:24 00:01:29 tt-2097 AF027_1990_CT_SU2011_ER_01 @Gram:Pron:Objeto 
"<hacía>"
	"hacer" Verb VLfin Imp Indi Sing 1st_or_3rd lang:es 00:01:24 00:01:29 tt-2098 AF027_1990_CT_SU2011_ER_01 @Gram:Imperf 
"<en>"
	"en" Preposition PREP lang:es 00:01:24 00:01:29 tt-2099 AF027_1990_CT_SU2011_ER_01 @Gram:Prep 
"<casa>"
	"casa" Noun NC Singular lang:es 00:01:24 00:01:29 tt-2100 AF027_1990_CT_SU2011_ER_01 
"<$.>"
	"." Punctuation FS lang:es 00:01:24 00:01:29 tt-2101 AF027_1990_CT_SU2011_ER_01 
</speaker>
</text>

