<text id="AF038_1966_CT_SU2011_ER_05">
<speaker type="int">
"<Bueno>"
	"bueno" Adjective ADJ Singular lang:es 00:00:00 00:00:07 tt-2343 AF038_1966_CT_SU2011_ER_05 
"<,>"
	"," Punctuation CM lang:es 00:00:00 00:00:07 tt-2344 AF038_1966_CT_SU2011_ER_05 
"<mencionó>"
	"mencionar" Verb VLfin Pret Indi Sing 3rd lang:es 00:00:00 00:00:07 tt-2345 AF038_1966_CT_SU2011_ER_05 @Gram:Indefinido ADD:698 
"<que>"
	"que" Conjunction CQUE lang:es 00:00:00 00:00:07 tt-2346 AF038_1966_CT_SU2011_ER_05 
"<dos>"
	"dos" Determiner CARD Plural lang:es 00:00:00 00:00:07 tt-2347 AF038_1966_CT_SU2011_ER_05 
"<de>"
	"de" Preposition PREP lang:es 00:00:00 00:00:07 tt-2348 AF038_1966_CT_SU2011_ER_05 @Gram:Prep ADD:624 
"<sus>"
	"suyo" Pronoun PPO Plural lang:es 00:00:00 00:00:07 tt-2349 AF038_1966_CT_SU2011_ER_05 @Gram:Det:Pos ADD:457 
"<hijos>"
	"hijo" Noun NC Plural lang:es 00:00:00 00:00:07 tt-2350 AF038_1966_CT_SU2011_ER_05 
"<ya>"
	"ya" Adverb ADV lang:es 00:00:00 00:00:07 tt-2351 AF038_1966_CT_SU2011_ER_05 
"<estaban>"
	"estar" Verb VEfin Imp Indi Plural 3rd lang:es 00:00:00 00:00:07 tt-2352 AF038_1966_CT_SU2011_ER_05 @Gram:Imperf @Gram:SerEstar:Estar ADD:689 ADD:822 
"<en>"
	"en" Preposition PREP lang:es 00:00:00 00:00:07 tt-2353 AF038_1966_CT_SU2011_ER_05 @Gram:Prep ADD:624 
"<la>"
	"el" Determiner ART Singular Fem lang:es 00:00:00 00:00:07 tt-2354 AF038_1966_CT_SU2011_ER_05 @Gram:Det:Art ADD:426 
"<universidad>"
	"universidad" Noun NC Singular lang:es 00:00:00 00:00:07 tt-2355 AF038_1966_CT_SU2011_ER_05 
"<,>"
	"," Punctuation CM lang:es 00:00:00 00:00:07 tt-2356 AF038_1966_CT_SU2011_ER_05 
"<o>"
	"o" Conjunciton Conjunction CC lang:es 00:00:00 00:00:07 tt-2357 AF038_1966_CT_SU2011_ER_05 SUBSTITUTE:396 
"<iban>"
	"ir" Verb VLfin Imp Indi Plural 3rd lang:es 00:00:00 00:00:07 tt-2358 AF038_1966_CT_SU2011_ER_05 @Gram:Imperf ADD:689 
"<saliendo>"
	"salir" Verb VLger lang:es 00:00:00 00:00:07 tt-2359 AF038_1966_CT_SU2011_ER_05 
"<de>"
	"de" Preposition PREP lang:es 00:00:11 00:00:16 tt-2360 AF038_1966_CT_SU2011_ER_05 @Gram:Prep ADD:624 
"<la>"
	"el" Determiner ART Singular Fem lang:es 00:00:11 00:00:16 tt-2361 AF038_1966_CT_SU2011_ER_05 @Gram:Det:Art ADD:426 
"<universidad>"
	"universidad" Noun NC Singular lang:es 00:00:11 00:00:16 tt-2362 AF038_1966_CT_SU2011_ER_05 
"<$.>"
	"." Punctuation FS lang:es 00:00:11 00:00:16 tt-2363 AF038_1966_CT_SU2011_ER_05 

"<Cuando>"
	"cuando" Conjunction CSUBX lang:es 00:00:11 00:00:16 tt-2364 AF038_1966_CT_SU2011_ER_05 
"<ellos>"
	"él" Pronoun PPX Plural lang:es 00:00:11 00:00:16 tt-2365 AF038_1966_CT_SU2011_ER_05 @Gram:Pron:Sujeto ADD:634 
"<tengan>"
	"tener" Verb VMfin VLfin Past Subj Plural 3rd lang:es 00:00:11 00:00:16 tt-2366 AF038_1966_CT_SU2011_ER_05 @Gram:MSub:Pret SUBSTITUTE:340 ADD:783 
"<hijos>"
	"hijo" Noun NC Plural lang:es 00:00:11 00:00:16 tt-2367 AF038_1966_CT_SU2011_ER_05 
"<,>"
	"," Punctuation CM lang:es 00:00:11 00:00:16 tt-2368 AF038_1966_CT_SU2011_ER_05 
"<$¿>"
	"¿" Punctuation FS lang:es 00:00:11 00:00:16 tt-2369 AF038_1966_CT_SU2011_ER_05 
"<qué>"
	"qué" Pronoun INT Singular lang:es 00:00:11 00:00:16 tt-2370 AF038_1966_CT_SU2011_ER_05 
"<importante>"
	"importante" Adjective ADJ Singular lang:es 00:00:11 00:00:16 tt-2371 AF038_1966_CT_SU2011_ER_05 
"<va>"
	"ir" Verb VLfin Pres Indi Sing 3rd lang:es 00:00:11 00:00:16 tt-2372 AF038_1966_CT_SU2011_ER_05 ID:30 R:Gram:VFut:Perifrasis:32 ADDRELATION(Gram:VFut:Perifrasis):717 
"<a>"
	"a" Preposition PREP lang:es 00:00:11 00:00:16 tt-2373 AF038_1966_CT_SU2011_ER_05 @Gram:Prep SUBSTITUTE:398 ADD:624 
"<ser>"
	"ser" Verb VLinf VSinf Infinitive lang:es 00:00:11 00:00:16 tt-2374 AF038_1966_CT_SU2011_ER_05 @Gram:SerEstar:Ser ID:32 SUBSTITUTE:329 ADD:813 
"<para>"
	"para" Preposition PREP lang:es 00:00:11 00:00:16 tt-2375 AF038_1966_CT_SU2011_ER_05 @Gram:Prep:Para SUBSTITUTE:345 ADD:588 
"<usted>"
	"usted" Pronoun PPX Singular lang:es 00:00:11 00:00:16 tt-2376 AF038_1966_CT_SU2011_ER_05 @Gram:Pron:Sujeto ADD:634 
"<,>"
	"," Punctuation CM lang:es 00:00:11 00:00:16 tt-2377 AF038_1966_CT_SU2011_ER_05 
"<que>"
	"que" Conjunction CQUE lang:es 00:00:11 00:00:16 tt-2378 AF038_1966_CT_SU2011_ER_05 
"<les>"
	"él" Pronoun PPC Plural lang:es 00:00:16 00:00:18 tt-2379 AF038_1966_CT_SU2011_ER_05 @Gram:Pron:Objeto ADD:664 
"<enseñen>"
	"enseñar" Verb VLfin Past Subj Plural 3rd lang:es 00:00:16 00:00:18 tt-2380 AF038_1966_CT_SU2011_ER_05 @Gram:MSub:Pret ADD:783 
"<español>"
	"español" Adjective ADJ Singular lang:es 00:00:16 00:00:18 tt-2381 AF038_1966_CT_SU2011_ER_05 
"<$?>"
	"?" Punctuation FS lang:es 00:00:16 00:00:18 tt-2382 AF038_1966_CT_SU2011_ER_05 
</speaker>
<speaker type="subj">

"<Pues>"
	"pues" Conjunction CSUBF lang:es 00:00:18 00:00:25 tt-2383 AF038_1966_CT_SU2011_ER_05 
"<,>"
	"," Punctuation CM lang:es 00:00:18 00:00:25 tt-2384 AF038_1966_CT_SU2011_ER_05 
"<es>"
	"ser" Verb VSfin Pres Indi Sing 3rd lang:es 00:00:18 00:00:25 tt-2385 AF038_1966_CT_SU2011_ER_05 @Gram:SerEstar:Ser ADD:813 
"<...>"
	"..." Punctuation DOTS lang:es 00:00:18 00:00:25 tt-2386 AF038_1966_CT_SU2011_ER_05 
"<es>"
	"ser" Verb VSfin Pres Indi Sing 3rd lang:es 00:00:18 00:00:25 tt-2387 AF038_1966_CT_SU2011_ER_05 @Gram:SerEstar:Ser ADD:813 
"<muy>"
	"muy" Adverb ADV lang:es 00:00:18 00:00:25 tt-2388 AF038_1966_CT_SU2011_ER_05 
"<bueno>"
	"bueno" Adjective ADJ Singular lang:es 00:00:18 00:00:25 tt-2389 AF038_1966_CT_SU2011_ER_05 
"<el>"
	"el" Determiner ART Singular Masc lang:es 00:00:18 00:00:25 tt-2390 AF038_1966_CT_SU2011_ER_05 @Gram:Det:Art ADD:426 
"<que>"
	"que" Conjunction CQUE lang:es 00:00:18 00:00:25 tt-2391 AF038_1966_CT_SU2011_ER_05 
"<los>"
	"el" Determiner ART Plural Masc lang:es 00:00:18 00:00:25 tt-2392 AF038_1966_CT_SU2011_ER_05 @Gram:Det:Art ADD:426 
"<hijos>"
	"hijo" Noun NC Plural lang:es 00:00:18 00:00:25 tt-2393 AF038_1966_CT_SU2011_ER_05 
"<crezcan>"
	"crecer" Verb VLfin Past Subj Plural 3rd lang:es 00:00:18 00:00:25 tt-2394 AF038_1966_CT_SU2011_ER_05 @Gram:MSub:Pret ADD:783 
"<siendo>"
	"ser" Verb VSger Gerund lang:es 00:00:18 00:00:25 tt-2395 AF038_1966_CT_SU2011_ER_05 @Gram:SerEstar:Ser ADD:813 
"<bilingües>"
	"bilingüe" Adjective ADJ Plural lang:es 00:00:18 00:00:25 tt-2396 AF038_1966_CT_SU2011_ER_05 
"<,>"
	"," Punctuation CM lang:es 00:00:18 00:00:25 tt-2397 AF038_1966_CT_SU2011_ER_05 
"<tienen>"
	"tener" Verb VLfin Pres Indi Plural 3rd lang:es 00:00:18 00:00:25 tt-2398 AF038_1966_CT_SU2011_ER_05 
"<más>"
	"más" Adverb ADV lang:es 00:00:18 00:00:25 tt-2399 AF038_1966_CT_SU2011_ER_05 
"<oportunidades>"
	"oportunidad" Noun NC Plural lang:es 00:00:18 00:00:25 tt-2400 AF038_1966_CT_SU2011_ER_05 
"<cuando>"
	"cuando" Conjunction CSUBX lang:es 00:00:26 00:00:31 tt-2401 AF038_1966_CT_SU2011_ER_05 
"<...>"
	"..." Punctuation DOTS lang:es 00:00:26 00:00:31 tt-2402 AF038_1966_CT_SU2011_ER_05 
"<cuando>"
	"cuando" Conjunction CSUBX lang:es 00:00:26 00:00:31 tt-2403 AF038_1966_CT_SU2011_ER_05 
"<ya>"
	"ya" Adverb ADV lang:es 00:00:26 00:00:31 tt-2404 AF038_1966_CT_SU2011_ER_05 
"<están>"
	"estar" Verb VEfin Pres Indi Plural 3rd lang:es 00:00:26 00:00:31 tt-2405 AF038_1966_CT_SU2011_ER_05 @Gram:SerEstar:Estar ADD:822 
"<en>"
	"en" Preposition PREP lang:es 00:00:26 00:00:31 tt-2406 AF038_1966_CT_SU2011_ER_05 @Gram:Prep ADD:624 
"<la>"
	"el" Determiner ART Singular Fem lang:es 00:00:26 00:00:31 tt-2407 AF038_1966_CT_SU2011_ER_05 @Gram:Det:Art ADD:426 
"<universidad>"
	"universidad" Noun NC Singular lang:es 00:00:26 00:00:31 tt-2408 AF038_1966_CT_SU2011_ER_05 
"<,>"
	"," Punctuation CM lang:es 00:00:26 00:00:31 tt-2409 AF038_1966_CT_SU2011_ER_05 
"<cuando>"
	"cuando" Conjunction CSUBX lang:es 00:00:26 00:00:31 tt-2410 AF038_1966_CT_SU2011_ER_05 
"<van>"
	"ir" Verb VLfin Pres Indi Plural 3rd lang:es 00:00:26 00:00:31 tt-2411 AF038_1966_CT_SU2011_ER_05 ID:69 R:Gram:VFut:Perifrasis:71 ADDRELATION(Gram:VFut:Perifrasis):717 
"<a>"
	"a" Preposition PREP lang:es 00:00:26 00:00:31 tt-2412 AF038_1966_CT_SU2011_ER_05 @Gram:Prep SUBSTITUTE:398 ADD:624 
"<conseguir>"
	"conseguir" Verb VLinf Infinitive lang:es 00:00:26 00:00:31 tt-2413 AF038_1966_CT_SU2011_ER_05 ID:71 SUBSTITUTE:329 
"<trabajo>"
	"trabajo" Noun NC Singular lang:es 00:00:26 00:00:31 tt-2414 AF038_1966_CT_SU2011_ER_05 
"<,>"
	"," Punctuation CM lang:es 00:00:26 00:00:31 tt-2415 AF038_1966_CT_SU2011_ER_05 
"<es>"
	"ser" Verb VSfin Pres Indi Sing 3rd lang:es 00:00:26 00:00:31 tt-2416 AF038_1966_CT_SU2011_ER_05 @Gram:SerEstar:Ser ID:74 R:Func:Sugerencias:76 ADD:813 ADDRELATION(Func:Sugerencias):955 
"<importante>"
	"importante" Adjective ADJ Singular lang:es 00:00:26 00:00:31 tt-2417 AF038_1966_CT_SU2011_ER_05 
"<tener>"
	"tener" Verb VLinf Infinitive lang:es 00:00:31 00:00:33 tt-2418 AF038_1966_CT_SU2011_ER_05 ID:76 SUBSTITUTE:329 
"<dos>"
	"dos" Determiner CARD Plural lang:es 00:00:31 00:00:33 tt-2419 AF038_1966_CT_SU2011_ER_05 
"<idiomas>"
	"idioma" Noun NC Plural lang:es 00:00:31 00:00:33 tt-2420 AF038_1966_CT_SU2011_ER_05 
"<$.>"
	"." Punctuation FS lang:es 00:00:31 00:00:33 tt-2421 AF038_1966_CT_SU2011_ER_05 

"<Ya>"
	"ya" Adverb ADV lang:es 00:00:31 00:00:33 tt-2422 AF038_1966_CT_SU2011_ER_05 
"<tengo>"
	"tener" Verb VLfin Pres Indi Sing 1st lang:es 00:00:31 00:00:33 tt-2423 AF038_1966_CT_SU2011_ER_05 
"<uno>"
	"uno" Determiner CARD Singular lang:es 00:00:31 00:00:33 tt-2424 AF038_1966_CT_SU2011_ER_05 @Gram:Pron:Sujeto ADD:643 
"<que>"
	"que" Conjunction CQUE lang:es 00:00:31 00:00:33 tt-2425 AF038_1966_CT_SU2011_ER_05 
"<ya>"
	"ya" Adverb ADV lang:es 00:00:31 00:00:33 tt-2426 AF038_1966_CT_SU2011_ER_05 
"<es>"
	"ser" Verb VSfin Pres Indi Sing 3rd lang:es 00:00:31 00:00:33 tt-2427 AF038_1966_CT_SU2011_ER_05 @Gram:SerEstar:Ser ADD:813 
"<trilingüe>"
	"UNK" Adjective ADJ Singular lang:es 00:00:31 00:00:33 tt-2428 AF038_1966_CT_SU2011_ER_05 
"<$.>"
	"." Punctuation FS lang:es 00:00:31 00:00:33 tt-2429 AF038_1966_CT_SU2011_ER_05 
</speaker>
<speaker type="int">

"<Pero>"
	"pero" Conjunction CCAD lang:es 00:00:33 00:00:40 tt-2430 AF038_1966_CT_SU2011_ER_05 @Prag:MarcadoresDisc:Revision SUBSTITUTE:273 ADD:1046 
"<a>"
	"a" Preposition PREP lang:es 00:00:33 00:00:40 tt-2431 AF038_1966_CT_SU2011_ER_05 @Gram:Prep SUBSTITUTE:398 ADD:624 
"<un>"
	"un" Determiner ART Singular lang:es 00:00:33 00:00:40 tt-2432 AF038_1966_CT_SU2011_ER_05 
"<nivel>"
	"nivel" Noun NC Singular lang:es 00:00:33 00:00:40 tt-2433 AF038_1966_CT_SU2011_ER_05 
"<personal>"
	"personal" Adjective ADJ Singular lang:es 00:00:33 00:00:40 tt-2434 AF038_1966_CT_SU2011_ER_05 
"<,>"
	"," Punctuation CM lang:es 00:00:33 00:00:40 tt-2435 AF038_1966_CT_SU2011_ER_05 
"<digo>"
	"decir" Verb VLfin Pres Indi Sing 1st lang:es 00:00:33 00:00:40 tt-2436 AF038_1966_CT_SU2011_ER_05 
"<,>"
	"," Punctuation CM lang:es 00:00:33 00:00:40 tt-2437 AF038_1966_CT_SU2011_ER_05 
"<este>"
	"este" Noun NC Singular lang:es 00:00:33 00:00:40 tt-2438 AF038_1966_CT_SU2011_ER_05 
"<...>"
	"..." Punctuation DOTS lang:es 00:00:33 00:00:40 tt-2439 AF038_1966_CT_SU2011_ER_05 
"<$¿>"
	"¿" Punctuation FS lang:es 00:00:33 00:00:40 tt-2440 AF038_1966_CT_SU2011_ER_05 
"<se>"
	"se" Other SE lang:es 00:00:33 00:00:40 tt-2441 AF038_1966_CT_SU2011_ER_05 @Gram:Pron:Otros ADD:677 
"<le>"
	"él" Pronoun PPC Singular lang:es 00:00:33 00:00:40 tt-2442 AF038_1966_CT_SU2011_ER_05 @Gram:Pron:Objeto ADD:664 
"<hace>"
	"hacer" Verb VLfin Pres Indi Sing 3rd lang:es 00:00:33 00:00:40 tt-2443 AF038_1966_CT_SU2011_ER_05 
"<a>"
	"a" Preposition PREP lang:es 00:00:33 00:00:40 tt-2444 AF038_1966_CT_SU2011_ER_05 @Gram:Prep SUBSTITUTE:398 ADD:624 
"<usted>"
	"usted" Pronoun PPX Singular lang:es 00:00:33 00:00:40 tt-2445 AF038_1966_CT_SU2011_ER_05 @Gram:Pron:Sujeto ADD:634 
"<importante>"
	"importante" Adjective ADJ Singular lang:es 00:00:33 00:00:40 tt-2446 AF038_1966_CT_SU2011_ER_05 
"<que>"
	"que" Conjunction CQUE lang:es 00:00:33 00:00:40 tt-2447 AF038_1966_CT_SU2011_ER_05 
"<sus>"
	"suyo" Pronoun PPO Plural lang:es 00:00:33 00:00:40 tt-2448 AF038_1966_CT_SU2011_ER_05 @Gram:Det:Pos ADD:457 
"<nietos>"
	"nieto" Noun NC Plural lang:es 00:00:33 00:00:40 tt-2449 AF038_1966_CT_SU2011_ER_05 
"<hablen>"
	"hablar" Verb VLfin Past Subj Plural 3rd lang:es 00:00:41 00:00:42 tt-2450 AF038_1966_CT_SU2011_ER_05 @Gram:MSub:Pret ADD:783 
"<español>"
	"español" Adjective ADJ Singular lang:es 00:00:41 00:00:42 tt-2451 AF038_1966_CT_SU2011_ER_05 
"<$?>"
	"?" Punctuation FS lang:es 00:00:41 00:00:42 tt-2452 AF038_1966_CT_SU2011_ER_05 
</speaker>
<speaker type="subj">

"<Claro>"
	"claro" Adjective ADJ Singular lang:es 00:00:42 00:00:46 tt-2453 AF038_1966_CT_SU2011_ER_05 
"<que>"
	"que" Conjunction CQUE lang:es 00:00:42 00:00:46 tt-2454 AF038_1966_CT_SU2011_ER_05 
"<sí>"
	"sí" Adverb ADV lang:es 00:00:42 00:00:46 tt-2455 AF038_1966_CT_SU2011_ER_05 
"<,>"
	"," Punctuation CM lang:es 00:00:42 00:00:46 tt-2456 AF038_1966_CT_SU2011_ER_05 
"<si>"
	"si" Conjunction CSUBX lang:es 00:00:42 00:00:46 tt-2457 AF038_1966_CT_SU2011_ER_05 
"<no>"
	"no" Adverb NEG lang:es 00:00:42 00:00:46 tt-2458 AF038_1966_CT_SU2011_ER_05 
"<,>"
	"," Punctuation CM lang:es 00:00:42 00:00:46 tt-2459 AF038_1966_CT_SU2011_ER_05 
"<$¿>"
	"¿" Punctuation FS lang:es 00:00:42 00:00:46 tt-2460 AF038_1966_CT_SU2011_ER_05 
"<cómo>"
	"cómo" Adverb ADV lang:es 00:00:42 00:00:46 tt-2461 AF038_1966_CT_SU2011_ER_05 
"<me>"
	"yo" Pronoun PPX Singular lang:es 00:00:42 00:00:46 tt-2462 AF038_1966_CT_SU2011_ER_05 @Gram:Pron:Objeto ADD:658 
"<voy>"
	"ir" Verb VLfin Pres Indi Sing 1st lang:es 00:00:42 00:00:46 tt-2463 AF038_1966_CT_SU2011_ER_05 ID:121 R:Gram:VFut:Perifrasis:123 ADDRELATION(Gram:VFut:Perifrasis):717 
"<a>"
	"a" Preposition PREP lang:es 00:00:42 00:00:46 tt-2464 AF038_1966_CT_SU2011_ER_05 @Gram:Prep SUBSTITUTE:398 ADD:624 
"<comunicar>"
	"comunicar" Verb VLinf Infinitive lang:es 00:00:42 00:00:46 tt-2465 AF038_1966_CT_SU2011_ER_05 ID:123 SUBSTITUTE:329 
"<con>"
	"con" Preposition PREP lang:es 00:00:42 00:00:46 tt-2466 AF038_1966_CT_SU2011_ER_05 @Gram:Prep ADD:624 
"<ellos>"
	"él" Pronoun PPX Plural lang:es 00:00:42 00:00:46 tt-2467 AF038_1966_CT_SU2011_ER_05 @Gram:Pron:Sujeto ADD:634 
"<$?>"
	"?" Punctuation FS lang:es 00:00:42 00:00:46 tt-2468 AF038_1966_CT_SU2011_ER_05 
</speaker>
<speaker type="int">

"<Este>"
	"este" Noun NC Singular lang:es 00:00:46 00:00:51 tt-2469 AF038_1966_CT_SU2011_ER_05 
"<...>"
	"..." Punctuation DOTS lang:es 00:00:46 00:00:51 tt-2470 AF038_1966_CT_SU2011_ER_05 
"<se>"
	"se" Other SE lang:es 00:00:46 00:00:51 tt-2471 AF038_1966_CT_SU2011_ER_05 
"<dice>"
	"decir" Verb VLfin Pres Indi Sing 3rd lang:es 00:00:46 00:00:51 tt-2472 AF038_1966_CT_SU2011_ER_05 
"<que>"
	"que" Conjunction CQUE lang:es 00:00:46 00:00:51 tt-2473 AF038_1966_CT_SU2011_ER_05 
"<muchas>"
	"mucho" Determiner QU lang:es 00:00:46 00:00:51 tt-2474 AF038_1966_CT_SU2011_ER_05 @Gram:Det:CuantIndef ADD:478 
"<veces>"
	"vez" Noun NC Plural lang:es 00:00:46 00:00:51 tt-2475 AF038_1966_CT_SU2011_ER_05 
"<,>"
	"," Punctuation CM lang:es 00:00:46 00:00:51 tt-2476 AF038_1966_CT_SU2011_ER_05 
"<a>"
	"a" Preposition PREP lang:es 00:00:46 00:00:51 tt-2477 AF038_1966_CT_SU2011_ER_05 @Gram:Prep SUBSTITUTE:398 ADD:624 
"<la>"
	"el" Determiner ART Singular Fem lang:es 00:00:46 00:00:51 tt-2478 AF038_1966_CT_SU2011_ER_05 @Gram:Det:Art ADD:426 
"<...>"
	"..." Punctuation DOTS lang:es 00:00:46 00:00:51 tt-2479 AF038_1966_CT_SU2011_ER_05 
"<para>"
	"para" Preposition PREP lang:es 00:00:46 00:00:51 tt-2480 AF038_1966_CT_SU2011_ER_05 @Gram:Prep:Para SUBSTITUTE:345 ADD:595 
"<la>"
	"el" Determiner ART Singular Fem lang:es 00:00:46 00:00:51 tt-2481 AF038_1966_CT_SU2011_ER_05 @Gram:Det:Art ADD:426 
"<segunda>"
	"segundo" Adjective ORD Singular lang:es 00:00:46 00:00:51 tt-2482 AF038_1966_CT_SU2011_ER_05 
"<o>"
	"o" Conjunciton Conjunction CC lang:es 00:00:46 00:00:51 tt-2483 AF038_1966_CT_SU2011_ER_05 SUBSTITUTE:396 
"<tercera>"
	"tercero" Adjective ORD Singular lang:es 00:00:46 00:00:51 tt-2484 AF038_1966_CT_SU2011_ER_05 
"<generación>"
	"generación" Noun NC Singular lang:es 00:00:46 00:00:51 tt-2485 AF038_1966_CT_SU2011_ER_05 
"<,>"
	"," Punctuation CM lang:es 00:00:46 00:00:51 tt-2486 AF038_1966_CT_SU2011_ER_05 
"<los>"
	"el" Determiner ART Plural Masc lang:es 00:00:46 00:00:51 tt-2487 AF038_1966_CT_SU2011_ER_05 @Gram:Det:Art ADD:426 
"<niños>"
	"niño" Noun NC Plural lang:es 00:00:46 00:00:51 tt-2488 AF038_1966_CT_SU2011_ER_05 
"<ya>"
	"ya" Adverb ADV lang:es 00:00:51 00:00:55 tt-2489 AF038_1966_CT_SU2011_ER_05 
"<pierden>"
	"perder" Verb VLfin Pres Indi Plural 3rd lang:es 00:00:51 00:00:55 tt-2490 AF038_1966_CT_SU2011_ER_05 
"<el>"
	"el" Determiner ART Singular Masc lang:es 00:00:51 00:00:55 tt-2491 AF038_1966_CT_SU2011_ER_05 @Gram:Det:Art ADD:426 
"<...>"
	"..." Punctuation DOTS lang:es 00:00:51 00:00:55 tt-2492 AF038_1966_CT_SU2011_ER_05 
"<el>"
	"el" Determiner ART Singular Masc lang:es 00:00:51 00:00:55 tt-2493 AF038_1966_CT_SU2011_ER_05 @Gram:Det:Art ID:151 R:Gram:Genero:ExcepMasc:152 ADD:426 ADDRELATION(Gram:Genero:ExcepMasc):522 
"<idioma>"
	"idioma" Noun NC Singular lang:es 00:00:51 00:00:55 tt-2494 AF038_1966_CT_SU2011_ER_05 ID:152 
"<natal>"
	"natal" Adjective ADJ Singular lang:es 00:00:51 00:00:55 tt-2495 AF038_1966_CT_SU2011_ER_05 
"<por>"
	"por" Preposition PREP lang:es 00:00:51 00:00:55 tt-2496 AF038_1966_CT_SU2011_ER_05 @Gram:Prep:Por SUBSTITUTE:269 SUBSTITUTE:270 ADD:618 
"<completo>"
	"completo" Adjective ADJ Singular lang:es 00:00:51 00:00:55 tt-2497 AF038_1966_CT_SU2011_ER_05 
"<$.>"
	"." Punctuation FS lang:es 00:00:51 00:00:55 tt-2498 AF038_1966_CT_SU2011_ER_05 
</speaker>
<speaker type="subj">

"<No>"
	"no" Adverb NEG lang:es 00:00:55 00:01:00 tt-2499 AF038_1966_CT_SU2011_ER_05 
"<,>"
	"," Punctuation CM lang:es 00:00:55 00:01:00 tt-2500 AF038_1966_CT_SU2011_ER_05 
"<yo>"
	"yo" Pronoun PPX Singular lang:es 00:00:55 00:01:00 tt-2501 AF038_1966_CT_SU2011_ER_05 @Gram:Pron:Sujeto ADD:634 
"<no>"
	"no" Adverb NEG lang:es 00:00:55 00:01:00 tt-2502 AF038_1966_CT_SU2011_ER_05 
"<quiero>"
	"querer" Verb VLfin Pres Indi Sing 1st lang:es 00:00:55 00:01:00 tt-2503 AF038_1966_CT_SU2011_ER_05 
"<eso>"
	"ese" Determiner DM Singular lang:es 00:00:55 00:01:00 tt-2504 AF038_1966_CT_SU2011_ER_05 @Gram:Det:Demo ADD:449 
"<,>"
	"," Punctuation CM lang:es 00:00:55 00:01:00 tt-2505 AF038_1966_CT_SU2011_ER_05 
"<yo>"
	"yo" Pronoun PPX Singular lang:es 00:00:55 00:01:00 tt-2506 AF038_1966_CT_SU2011_ER_05 @Gram:Pron:Sujeto ADD:634 
"<siempre>"
	"siempre" Adverb ADV lang:es 00:00:55 00:01:00 tt-2507 AF038_1966_CT_SU2011_ER_05 
"<se>"
	"se" Other SE lang:es 00:00:55 00:01:00 tt-2508 AF038_1966_CT_SU2011_ER_05 @Gram:Pron:Otros ADD:677 
"<los>"
	"él" Pronoun PPC Plural lang:es 00:00:55 00:01:00 tt-2509 AF038_1966_CT_SU2011_ER_05 @Gram:Pron:Objeto ADD:664 
"<he>"
	"haber" Verb VHfin Pres Indi Sing 1st lang:es 00:00:55 00:01:00 tt-2510 AF038_1966_CT_SU2011_ER_05 ID:168 R:Gram:Aux:Haber:169 R:Gram:PerfPerif:169 ADDRELATION():705 
"<dicho>"
	"decir" Verb VLadj lang:es 00:00:55 00:01:00 tt-2511 AF038_1966_CT_SU2011_ER_05 ID:169 
"<a>"
	"a" Preposition PREP lang:es 00:00:55 00:01:00 tt-2512 AF038_1966_CT_SU2011_ER_05 @Gram:Prep SUBSTITUTE:398 ADD:624 
"<mis>"
	"mío" Pronoun PPO Plural Adjective ADJ lang:es 00:00:55 00:01:00 tt-2513 AF038_1966_CT_SU2011_ER_05 @Gram:Det:Pos SUBSTITUTE:318 ADD:457 
"<hijos>"
	"hijo" Noun NC Plural lang:es 00:00:55 00:01:00 tt-2514 AF038_1966_CT_SU2011_ER_05 
"<,>"
	"," Punctuation CM lang:es 00:00:55 00:01:00 tt-2515 AF038_1966_CT_SU2011_ER_05 
"<quiero>"
	"querer" Verb VLfin Pres Indi Sing 1st lang:es 00:00:55 00:01:00 tt-2516 AF038_1966_CT_SU2011_ER_05 
"<que>"
	"que" Conjunction CQUE lang:es 00:00:55 00:01:00 tt-2517 AF038_1966_CT_SU2011_ER_05 
"<,>"
	"," Punctuation CM lang:es 00:00:55 00:01:00 tt-2518 AF038_1966_CT_SU2011_ER_05 
"<que>"
	"que" Conjunction CQUE lang:es 00:00:55 00:01:00 tt-2519 AF038_1966_CT_SU2011_ER_05 
"<aprendan>"
	"aprender" Verb VLfin Past Subj Plural 3rd lang:es 00:00:55 00:01:00 tt-2520 AF038_1966_CT_SU2011_ER_05 @Gram:MSub:Pret ADD:783 
"<bien>"
	"bien" Adverb ADV lang:es 00:01:00 00:01:05 tt-2521 AF038_1966_CT_SU2011_ER_05 
"<el>"
	"el" Determiner ART Singular Masc lang:es 00:01:00 00:01:05 tt-2522 AF038_1966_CT_SU2011_ER_05 @Gram:Det:Art ADD:426 
"<español>"
	"español" Noun NC Singular lang:es 00:01:00 00:01:05 tt-2523 AF038_1966_CT_SU2011_ER_05 
"<,>"
	"," Punctuation CM lang:es 00:01:00 00:01:05 tt-2524 AF038_1966_CT_SU2011_ER_05 
"<que>"
	"que" Conjunction CQUE lang:es 00:01:00 00:01:05 tt-2525 AF038_1966_CT_SU2011_ER_05 
"<le>"
	"él" Pronoun PPC Singular lang:es 00:01:00 00:01:05 tt-2526 AF038_1966_CT_SU2011_ER_05 @Gram:Pron:Objeto ADD:664 
"<enseñen>"
	"enseñar" Verb VLfin Past Subj Plural 3rd lang:es 00:01:00 00:01:05 tt-2527 AF038_1966_CT_SU2011_ER_05 @Gram:MSub:Pret ADD:783 
"<a>"
	"a" Preposition PREP lang:es 00:01:00 00:01:05 tt-2528 AF038_1966_CT_SU2011_ER_05 @Gram:Prep SUBSTITUTE:398 ADD:624 
"<sus>"
	"suyo" Pronoun PPO Plural lang:es 00:01:00 00:01:05 tt-2529 AF038_1966_CT_SU2011_ER_05 @Gram:Det:Pos ADD:457 
"<hijos>"
	"hijo" Noun NC Plural lang:es 00:01:00 00:01:05 tt-2530 AF038_1966_CT_SU2011_ER_05 
"<el>"
	"el" Determiner ART Singular Masc lang:es 00:01:00 00:01:05 tt-2531 AF038_1966_CT_SU2011_ER_05 @Gram:Det:Art ADD:426 
"<español>"
	"español" Noun NC Singular lang:es 00:01:00 00:01:05 tt-2532 AF038_1966_CT_SU2011_ER_05 
"<,>"
	"," Punctuation CM lang:es 00:01:00 00:01:05 tt-2533 AF038_1966_CT_SU2011_ER_05 
"<que>"
	"que" Conjunction CQUE lang:es 00:01:00 00:01:05 tt-2534 AF038_1966_CT_SU2011_ER_05 
"<no>"
	"no" Adverb NEG lang:es 00:01:00 00:01:05 tt-2535 AF038_1966_CT_SU2011_ER_05 
"<olvidemos>"
	"olvidar" Verb VLfin Pres Subj Plural 1st lang:es 00:01:00 00:01:05 tt-2536 AF038_1966_CT_SU2011_ER_05 @Gram:MSub:Pres ADD:782 
"<nuestras>"
	"UNK" Noun NC Plural lang:es 00:01:00 00:01:05 tt-2537 AF038_1966_CT_SU2011_ER_05 @Gram:Det:Pos ADD:458 ADD:460 
"<...>"
	"..." Punctuation DOTS lang:es 00:01:00 00:01:05 tt-2538 AF038_1966_CT_SU2011_ER_05 
"<nuestras>"
	"UNK" Noun NC Plural lang:es 00:01:00 00:01:05 tt-2539 AF038_1966_CT_SU2011_ER_05 @Gram:Det:Pos ADD:458 ADD:460 
"<...>"
	"..." Punctuation DOTS lang:es 00:01:00 00:01:05 tt-2540 AF038_1966_CT_SU2011_ER_05 
"<nuestra>"
	"UNK" Noun NC Singular lang:es 00:01:00 00:01:05 tt-2541 AF038_1966_CT_SU2011_ER_05 
"<cultura>"
	"cultura" Noun NC Singular lang:es 00:01:05 00:01:11 tt-2542 AF038_1966_CT_SU2011_ER_05 
"<,>"
	"," Punctuation CM lang:es 00:01:05 00:01:11 tt-2543 AF038_1966_CT_SU2011_ER_05 
"<nuestra>"
	"UNK" Noun NC Singular lang:es 00:01:05 00:01:11 tt-2544 AF038_1966_CT_SU2011_ER_05 
"<,>"
	"," Punctuation CM lang:es 00:01:05 00:01:11 tt-2545 AF038_1966_CT_SU2011_ER_05 
"<nuestro>"
	"UNK" Noun NC Singular lang:es 00:01:05 00:01:11 tt-2546 AF038_1966_CT_SU2011_ER_05 
"<idioma>"
	"idioma" Noun NC Singular lang:es 00:01:05 00:01:11 tt-2547 AF038_1966_CT_SU2011_ER_05 
"<,>"
	"," Punctuation CM lang:es 00:01:05 00:01:11 tt-2548 AF038_1966_CT_SU2011_ER_05 
"<el>"
	"el" Determiner ART Singular Masc lang:es 00:01:05 00:01:11 tt-2549 AF038_1966_CT_SU2011_ER_05 @Gram:Det:Art ID:207 R:Gram:Genero:ExcepMasc:208 ADD:426 ADDRELATION(Gram:Genero:ExcepMasc):522 
"<idioma>"
	"idioma" Noun NC Singular lang:es 00:01:05 00:01:11 tt-2550 AF038_1966_CT_SU2011_ER_05 ID:208 
"<de>"
	"de" Preposition PREP lang:es 00:01:05 00:01:11 tt-2551 AF038_1966_CT_SU2011_ER_05 @Gram:Prep ADD:624 
"<sus>"
	"suyo" Pronoun PPO Plural lang:es 00:01:05 00:01:11 tt-2552 AF038_1966_CT_SU2011_ER_05 @Gram:Det:Pos ADD:457 
"<...>"
	"..." Punctuation DOTS lang:es 00:01:05 00:01:11 tt-2553 AF038_1966_CT_SU2011_ER_05 
"<de>"
	"de" Preposition PREP lang:es 00:01:05 00:01:11 tt-2554 AF038_1966_CT_SU2011_ER_05 @Gram:Prep ADD:624 
"<sus>"
	"suyo" Pronoun PPO Plural lang:es 00:01:05 00:01:11 tt-2555 AF038_1966_CT_SU2011_ER_05 @Gram:Det:Pos ADD:457 
"<abuelos>"
	"abuelo" Noun NC Plural lang:es 00:01:05 00:01:11 tt-2556 AF038_1966_CT_SU2011_ER_05 
"<,>"
	"," Punctuation CM lang:es 00:01:05 00:01:11 tt-2557 AF038_1966_CT_SU2011_ER_05 
"<de>"
	"de" Preposition PREP lang:es 00:01:05 00:01:11 tt-2558 AF038_1966_CT_SU2011_ER_05 @Gram:Prep ADD:624 
"<sus>"
	"suyo" Pronoun PPO Plural lang:es 00:01:05 00:01:11 tt-2559 AF038_1966_CT_SU2011_ER_05 @Gram:Det:Pos ADD:457 
"<padres>"
	"padre" Noun NC Plural lang:es 00:01:05 00:01:11 tt-2560 AF038_1966_CT_SU2011_ER_05 
"<$.>"
	"." Punctuation FS lang:es 00:01:05 00:01:11 tt-2561 AF038_1966_CT_SU2011_ER_05 
</speaker>
<speaker type="int">

"<$¿>"
	"¿" Punctuation FS lang:es 00:01:11 00:01:18 tt-2562 AF038_1966_CT_SU2011_ER_05 
"<Y>"
	"y" Conjunciton Conjunction CC lang:es 00:01:11 00:01:18 tt-2563 AF038_1966_CT_SU2011_ER_05 SUBSTITUTE:394 
"<qué>"
	"qué" Pronoun INT Singular lang:es 00:01:11 00:01:18 tt-2564 AF038_1966_CT_SU2011_ER_05 
"<tal>"
	"tal" Determiner QU lang:es 00:01:11 00:01:18 tt-2565 AF038_1966_CT_SU2011_ER_05 @Gram:Det:CuantIndef ADD:473 
"<si>"
	"si" Conjunction CSUBX lang:es 00:01:11 00:01:18 tt-2566 AF038_1966_CT_SU2011_ER_05 
"<uno>"
	"uno" Determiner CARD Singular lang:es 00:01:11 00:01:18 tt-2567 AF038_1966_CT_SU2011_ER_05 @Gram:Det:CuantIndef ADD:468 
"<de>"
	"de" Preposition PREP lang:es 00:01:11 00:01:18 tt-2568 AF038_1966_CT_SU2011_ER_05 @Gram:Prep ADD:624 
"<sus>"
	"suyo" Pronoun PPO Plural lang:es 00:01:11 00:01:18 tt-2569 AF038_1966_CT_SU2011_ER_05 @Gram:Det:Pos ADD:457 
"<hijos>"
	"hijo" Noun NC Plural lang:es 00:01:11 00:01:18 tt-2570 AF038_1966_CT_SU2011_ER_05 
"<se>"
	"se" Other SE lang:es 00:01:11 00:01:18 tt-2571 AF038_1966_CT_SU2011_ER_05 
"<casa>"
	"casar" Verb VLfin Pres Indi Sing 3rd lang:es 00:01:11 00:01:18 tt-2572 AF038_1966_CT_SU2011_ER_05 
"<o>"
	"o" Conjunciton Conjunction CC lang:es 00:01:11 00:01:18 tt-2573 AF038_1966_CT_SU2011_ER_05 SUBSTITUTE:396 
"<resulta>"
	"resultar" Verb VLfin Pres Indi Sing 3rd lang:es 00:01:11 00:01:18 tt-2574 AF038_1966_CT_SU2011_ER_05 
"<,>"
	"," Punctuation CM lang:es 00:01:11 00:01:18 tt-2575 AF038_1966_CT_SU2011_ER_05 
"<este>"
	"este" Determiner DM Singular lang:es 00:01:11 00:01:18 tt-2576 AF038_1966_CT_SU2011_ER_05 @Prag:RecuDiscurso:GanarTiempo ADD:1169 
"<,>"
	"," Punctuation CM lang:es 00:01:11 00:01:18 tt-2577 AF038_1966_CT_SU2011_ER_05 
"<llega>"
	"llegar" Verb VLfin Pres Indi Sing 3rd lang:es 00:01:11 00:01:18 tt-2578 AF038_1966_CT_SU2011_ER_05 
"<a>"
	"a" Preposition PREP lang:es 00:01:11 00:01:18 tt-2579 AF038_1966_CT_SU2011_ER_05 @Gram:Prep SUBSTITUTE:398 ADD:624 
"<la>"
	"el" Determiner ART Singular Fem lang:es 00:01:11 00:01:18 tt-2580 AF038_1966_CT_SU2011_ER_05 @Gram:Det:Art ADD:426 
"<casa>"
	"casa" Noun NC Singular lang:es 00:01:11 00:01:18 tt-2581 AF038_1966_CT_SU2011_ER_05 
"<con>"
	"con" Preposition PREP lang:es 00:01:11 00:01:18 tt-2582 AF038_1966_CT_SU2011_ER_05 @Gram:Prep ADD:624 
"<una>"
	"un" Determiner ART Singular lang:es 00:01:11 00:01:18 tt-2583 AF038_1966_CT_SU2011_ER_05 
"<muchacha>"
	"muchacho" Noun NC Singular lang:es 00:01:11 00:01:18 tt-2584 AF038_1966_CT_SU2011_ER_05 
"<que>"
	"que" Conjunction CQUE lang:es 00:01:20 00:01:22 tt-2585 AF038_1966_CT_SU2011_ER_05 
"<no>"
	"no" Adverb NEG lang:es 00:01:20 00:01:22 tt-2586 AF038_1966_CT_SU2011_ER_05 
"<habla>"
	"hablar" Verb VLfin Pres Indi Sing 3rd lang:es 00:01:20 00:01:22 tt-2587 AF038_1966_CT_SU2011_ER_05 ID:245 R:Vocab:Fraseol:VerbPrep:247 ADDRELATION(Vocab:Fraseol:VerbPrep):1223 
"<nada>"
	"nada" Determiner QU lang:es 00:01:20 00:01:22 tt-2588 AF038_1966_CT_SU2011_ER_05 @Gram:Det:Pron ADD:485 
"<de>"
	"de" Preposition PREP lang:es 00:01:20 00:01:22 tt-2589 AF038_1966_CT_SU2011_ER_05 @Gram:Prep ID:247 ADD:624 
"<español>"
	"español" Noun NC Singular lang:es 00:01:20 00:01:22 tt-2590 AF038_1966_CT_SU2011_ER_05 
"<$?>"
	"?" Punctuation FS lang:es 00:01:20 00:01:22 tt-2591 AF038_1966_CT_SU2011_ER_05 
</speaker>
<speaker type="subj">

"<Ya>"
	"ya" Adverb ADV lang:es 00:01:22 00:01:26 tt-2592 AF038_1966_CT_SU2011_ER_05 
"<me>"
	"yo" Pronoun PPX Singular lang:es 00:01:22 00:01:26 tt-2593 AF038_1966_CT_SU2011_ER_05 @Gram:Pron:Objeto ADD:658 
"<tocó>"
	"tocar" Verb VLfin Pret Indi Sing 3rd lang:es 00:01:22 00:01:26 tt-2594 AF038_1966_CT_SU2011_ER_05 @Gram:Indefinido ADD:698 
"<,>"
	"," Punctuation CM lang:es 00:01:22 00:01:26 tt-2595 AF038_1966_CT_SU2011_ER_05 
"<y>"
	"y" Conjunciton Conjunction CC lang:es 00:01:22 00:01:26 tt-2596 AF038_1966_CT_SU2011_ER_05 SUBSTITUTE:394 
"<ella>"
	"él" Pronoun PPX Singular lang:es 00:01:22 00:01:26 tt-2597 AF038_1966_CT_SU2011_ER_05 @Gram:Pron:Sujeto ADD:634 
"<aprendió>"
	"aprender" Verb VLfin Pret Indi Sing 3rd lang:es 00:01:22 00:01:26 tt-2598 AF038_1966_CT_SU2011_ER_05 @Gram:Indefinido ADD:698 
"<español>"
	"español" Adjective ADJ Singular lang:es 00:01:22 00:01:26 tt-2599 AF038_1966_CT_SU2011_ER_05 
"<$.>"
	"." Punctuation FS lang:es 00:01:22 00:01:26 tt-2600 AF038_1966_CT_SU2011_ER_05 

"<No>"
	"no" Adverb NEG lang:es 00:01:22 00:01:26 tt-2601 AF038_1966_CT_SU2011_ER_05 
"<sabía>"
	"saber" Verb VLfin Imp Indi Sing 1st_or_3rd lang:es 00:01:22 00:01:26 tt-2602 AF038_1966_CT_SU2011_ER_05 @Gram:Imperf ADD:689 
"<nada>"
	"nada" Determiner QU lang:es 00:01:22 00:01:26 tt-2603 AF038_1966_CT_SU2011_ER_05 @Gram:Det:Pron ADD:485 
"<de>"
	"de" Preposition PREP lang:es 00:01:22 00:01:26 tt-2604 AF038_1966_CT_SU2011_ER_05 @Gram:Prep ADD:624 
"<inglés>"
	"inglés" Noun NC Plural lang:es 00:01:22 00:01:26 tt-2605 AF038_1966_CT_SU2011_ER_05 
"<,>"
	"," Punctuation CM lang:es 00:01:22 00:01:26 tt-2606 AF038_1966_CT_SU2011_ER_05 
"<la>"
	"el" Determiner ART Singular Fem lang:es 00:01:22 00:01:26 tt-2607 AF038_1966_CT_SU2011_ER_05 @Gram:Det:Art ADD:426 
"<novia>"
	"novio" Noun NC Singular lang:es 00:01:22 00:01:26 tt-2608 AF038_1966_CT_SU2011_ER_05 
"<de>"
	"de" Preposition PREP lang:es 00:01:22 00:01:26 tt-2609 AF038_1966_CT_SU2011_ER_05 @Gram:Prep ADD:624 
"<mi>"
	"mío" Pronoun PPO Singular lang:es 00:01:22 00:01:26 tt-2610 AF038_1966_CT_SU2011_ER_05 @Gram:Det:Pos ADD:456 
"<hijo>"
	"hijo" Noun NC Singular lang:es 00:01:22 00:01:26 tt-2611 AF038_1966_CT_SU2011_ER_05 
"<mayor>"
	"grande" Adjective ADJ Singular lang:es 00:01:26 00:01:33 tt-2612 AF038_1966_CT_SU2011_ER_05 
"<,>"
	"," Punctuation CM lang:es 00:01:26 00:01:33 tt-2613 AF038_1966_CT_SU2011_ER_05 
"<no>"
	"no" Adverb NEG lang:es 00:01:26 00:01:33 tt-2614 AF038_1966_CT_SU2011_ER_05 
"<sabía>"
	"saber" Verb VLfin Imp Indi Sing 1st_or_3rd lang:es 00:01:26 00:01:33 tt-2615 AF038_1966_CT_SU2011_ER_05 @Gram:Imperf ADD:689 
"<nada>"
	"nada" Determiner QU lang:es 00:01:26 00:01:33 tt-2616 AF038_1966_CT_SU2011_ER_05 @Gram:Det:Pron ADD:485 
"<de>"
	"de" Preposition PREP lang:es 00:01:26 00:01:33 tt-2617 AF038_1966_CT_SU2011_ER_05 @Gram:Prep ADD:624 
"<español>"
	"español" Noun NC Singular lang:es 00:01:26 00:01:33 tt-2618 AF038_1966_CT_SU2011_ER_05 
"<y>"
	"y" Conjunciton Conjunction CC lang:es 00:01:26 00:01:33 tt-2619 AF038_1966_CT_SU2011_ER_05 SUBSTITUTE:394 
"<aprendió>"
	"aprender" Verb VLfin Pret Indi Sing 3rd lang:es 00:01:26 00:01:33 tt-2620 AF038_1966_CT_SU2011_ER_05 @Gram:Indefinido ADD:698 
"<,>"
	"," Punctuation CM lang:es 00:01:26 00:01:33 tt-2621 AF038_1966_CT_SU2011_ER_05 
"<aprendió>"
	"aprender" Verb VLfin Pret Indi Sing 3rd lang:es 00:01:26 00:01:33 tt-2622 AF038_1966_CT_SU2011_ER_05 @Gram:Indefinido ADD:698 
"<con>"
	"con" Preposition PREP lang:es 00:01:26 00:01:33 tt-2623 AF038_1966_CT_SU2011_ER_05 @Gram:Prep ADD:624 
"<nosotros>"
	"nosotros" Pronoun PPX Plural lang:es 00:01:26 00:01:33 tt-2624 AF038_1966_CT_SU2011_ER_05 @Gram:Pron:Sujeto ADD:634 
"<,>"
	"," Punctuation CM lang:es 00:01:26 00:01:33 tt-2625 AF038_1966_CT_SU2011_ER_05 
"<poco>"
	"poco" Adverb ADV lang:es 00:01:26 00:01:33 tt-2626 AF038_1966_CT_SU2011_ER_05 
"<a>"
	"a" Preposition PREP lang:es 00:01:26 00:01:33 tt-2627 AF038_1966_CT_SU2011_ER_05 @Gram:Prep SUBSTITUTE:398 ADD:624 
"<poco>"
	"poco" Adverb ADV lang:es 00:01:26 00:01:33 tt-2628 AF038_1966_CT_SU2011_ER_05 
"<aprendió>"
	"aprender" Verb VLfin Pret Indi Sing 3rd lang:es 00:01:26 00:01:33 tt-2629 AF038_1966_CT_SU2011_ER_05 @Gram:Indefinido ADD:698 
"<$.>"
	"." Punctuation FS lang:es 00:01:26 00:01:33 tt-2630 AF038_1966_CT_SU2011_ER_05 

"<Ella>"
	"él" Pronoun PPX Singular lang:es 00:01:33 00:01:38 tt-2631 AF038_1966_CT_SU2011_ER_05 @Gram:Pron:Sujeto ADD:634 
"<también>"
	"también" Adverb ADV lang:es 00:01:33 00:01:38 tt-2632 AF038_1966_CT_SU2011_ER_05 @Prag:MarcadoresDisc:Igualdad ADD:1130 
"<,>"
	"," Punctuation CM lang:es 00:01:33 00:01:38 tt-2633 AF038_1966_CT_SU2011_ER_05 
"<ella>"
	"él" Pronoun PPX Singular lang:es 00:01:33 00:01:38 tt-2634 AF038_1966_CT_SU2011_ER_05 @Gram:Pron:Sujeto ADD:634 
"<es>"
	"ser" Verb VSfin Pres Indi Sing 3rd lang:es 00:01:33 00:01:38 tt-2635 AF038_1966_CT_SU2011_ER_05 @Gram:SerEstar:Ser ADD:813 
"<como>"
	"como" Adverb ADV lang:es 00:01:33 00:01:38 tt-2636 AF038_1966_CT_SU2011_ER_05 
"<la>"
	"el" Determiner ART Singular Fem lang:es 00:01:33 00:01:38 tt-2637 AF038_1966_CT_SU2011_ER_05 @Gram:Det:Art ADD:426 
"<cuarta>"
	"cuarto" Adjective ORD Singular lang:es 00:01:33 00:01:38 tt-2638 AF038_1966_CT_SU2011_ER_05 
"<o>"
	"o" Conjunciton Conjunction CC lang:es 00:01:33 00:01:38 tt-2639 AF038_1966_CT_SU2011_ER_05 SUBSTITUTE:396 
"<quinta>"
	"quinto" Adjective ORD Singular lang:es 00:01:33 00:01:38 tt-2640 AF038_1966_CT_SU2011_ER_05 
"<generación>"
	"generación" Noun NC Singular lang:es 00:01:33 00:01:38 tt-2641 AF038_1966_CT_SU2011_ER_05 
"<de>"
	"de" Preposition PREP lang:es 00:01:33 00:01:38 tt-2642 AF038_1966_CT_SU2011_ER_05 @Gram:Prep ADD:624 
"<su>"
	"suyo" Pronoun PPO Singular lang:es 00:01:33 00:01:38 tt-2643 AF038_1966_CT_SU2011_ER_05 @Gram:Det:Pos ADD:456 
"<familia>"
	"familia" Noun NC Singular lang:es 00:01:33 00:01:38 tt-2644 AF038_1966_CT_SU2011_ER_05 
"<,>"
	"," Punctuation CM lang:es 00:01:33 00:01:38 tt-2645 AF038_1966_CT_SU2011_ER_05 
"<y>"
	"y" Conjunciton Conjunction CC lang:es 00:01:33 00:01:38 tt-2646 AF038_1966_CT_SU2011_ER_05 SUBSTITUTE:394 
"<hablaba>"
	"hablar" Verb VLfin Imp Indi Sing 1st_or_3rd lang:es 00:01:33 00:01:38 tt-2647 AF038_1966_CT_SU2011_ER_05 @Gram:Imperf ADD:689 
"<...>"
	"..." Punctuation DOTS lang:es 00:01:33 00:01:38 tt-2648 AF038_1966_CT_SU2011_ER_05 
"<entendía>"
	"entender" Verb VLfin Imp Indi Sing 1st_or_3rd lang:es 00:01:33 00:01:38 tt-2649 AF038_1966_CT_SU2011_ER_05 @Gram:Imperf ADD:689 
"<el>"
	"el" Determiner ART Singular Masc lang:es 00:01:38 00:01:44 tt-2650 AF038_1966_CT_SU2011_ER_05 @Gram:Det:Art ADD:426 
"<español>"
	"español" Noun NC Singular lang:es 00:01:38 00:01:44 tt-2651 AF038_1966_CT_SU2011_ER_05 
"<,>"
	"," Punctuation CM lang:es 00:01:38 00:01:44 tt-2652 AF038_1966_CT_SU2011_ER_05 
"<pero>"
	"pero" Conjunction CCAD lang:es 00:01:38 00:01:44 tt-2653 AF038_1966_CT_SU2011_ER_05 @Prag:MarcadoresDisc:Revision ADD:1046 
"<no>"
	"no" Adverb NEG lang:es 00:01:38 00:01:44 tt-2654 AF038_1966_CT_SU2011_ER_05 
"<lo>"
	"él" Pronoun PPC Singular lang:es 00:01:38 00:01:44 tt-2655 AF038_1966_CT_SU2011_ER_05 @Gram:Pron:Objeto ADD:664 
"<hablaba>"
	"hablar" Verb VLfin Imp Indi Sing 1st_or_3rd lang:es 00:01:38 00:01:44 tt-2656 AF038_1966_CT_SU2011_ER_05 @Gram:Imperf ADD:689 
"<,>"
	"," Punctuation CM lang:es 00:01:38 00:01:44 tt-2657 AF038_1966_CT_SU2011_ER_05 
"<y>"
	"y" Conjunciton Conjunction CC lang:es 00:01:38 00:01:44 tt-2658 AF038_1966_CT_SU2011_ER_05 SUBSTITUTE:394 
"<ahorita>"
	"ahora" Adverb ADV lang:es 00:01:38 00:01:44 tt-2659 AF038_1966_CT_SU2011_ER_05 
"<ya>"
	"ya" Adverb ADV lang:es 00:01:38 00:01:44 tt-2660 AF038_1966_CT_SU2011_ER_05 
"<lo>"
	"el" Determiner ART Singular lang:es 00:01:38 00:01:44 tt-2661 AF038_1966_CT_SU2011_ER_05 
"<habla>"
	"habla" Noun NC Singular lang:es 00:01:38 00:01:44 tt-2662 AF038_1966_CT_SU2011_ER_05 
"<y>"
	"y" Conjunciton Conjunction CC lang:es 00:01:38 00:01:44 tt-2663 AF038_1966_CT_SU2011_ER_05 SUBSTITUTE:394 
"<lo>"
	"él" Pronoun PPC Singular lang:es 00:01:38 00:01:44 tt-2664 AF038_1966_CT_SU2011_ER_05 @Gram:Pron:Objeto ADD:664 
"<maneja>"
	"manejar" Verb VLfin Pres Indi Sing 3rd lang:es 00:01:38 00:01:44 tt-2665 AF038_1966_CT_SU2011_ER_05 
"<muy>"
	"muy" Adverb ADV lang:es 00:01:38 00:01:44 tt-2666 AF038_1966_CT_SU2011_ER_05 
"<bien>"
	"bien" Adverb ADV lang:es 00:01:38 00:01:44 tt-2667 AF038_1966_CT_SU2011_ER_05 
"<$.>"
	"." Punctuation FS lang:es 00:01:38 00:01:44 tt-2668 AF038_1966_CT_SU2011_ER_05 

"<Sí>"
	"sí" Adverb ADV lang:es 00:01:38 00:01:44 tt-2669 AF038_1966_CT_SU2011_ER_05 
"<,>"
	"," Punctuation CM lang:es 00:01:38 00:01:44 tt-2670 AF038_1966_CT_SU2011_ER_05 
"<se>"
	"se" Other SE lang:es 00:01:38 00:01:44 tt-2671 AF038_1966_CT_SU2011_ER_05 
"<puede>"
	"poder" Verb VMfin lang:es 00:01:44 00:01:45 tt-2672 AF038_1966_CT_SU2011_ER_05 
"<$.>"
	"." Punctuation FS lang:es 00:01:44 00:01:45 tt-2673 AF038_1966_CT_SU2011_ER_05 
</speaker>
<speaker type="int">

"<Y>"
	"y" Conjunciton CC lang:es 00:01:45 00:01:52 tt-2674 AF038_1966_CT_SU2011_ER_05 SUBSTITUTE:394 SUBSTITUTE:395 
"<si>"
	"si" Conjunction CSUBX lang:es 00:01:45 00:01:52 tt-2675 AF038_1966_CT_SU2011_ER_05 
"<se>"
	"se" Other SE lang:es 00:01:45 00:01:52 tt-2676 AF038_1966_CT_SU2011_ER_05 
"<puede>"
	"poder" Verb VMfin lang:es 00:01:45 00:01:52 tt-2677 AF038_1966_CT_SU2011_ER_05 
"<aprender>"
	"aprender" Verb VLinf Infinitive lang:es 00:01:45 00:01:52 tt-2678 AF038_1966_CT_SU2011_ER_05 SUBSTITUTE:329 
"<el>"
	"el" Determiner ART Singular Masc lang:es 00:01:45 00:01:52 tt-2679 AF038_1966_CT_SU2011_ER_05 @Gram:Det:Art ADD:426 
"<español>"
	"español" Noun NC Singular lang:es 00:01:45 00:01:52 tt-2680 AF038_1966_CT_SU2011_ER_05 
"<de>"
	"de" Preposition PREP lang:es 00:01:45 00:01:52 tt-2681 AF038_1966_CT_SU2011_ER_05 @Gram:Prep ADD:624 
"<esa>"
	"ese" Determiner DM Singular lang:es 00:01:45 00:01:52 tt-2682 AF038_1966_CT_SU2011_ER_05 @Gram:Det:Demo ADD:442 
"<forma>"
	"forma" Noun NC Singular lang:es 00:01:45 00:01:52 tt-2683 AF038_1966_CT_SU2011_ER_05 
"<,>"
	"," Punctuation CM lang:es 00:01:45 00:01:52 tt-2684 AF038_1966_CT_SU2011_ER_05 
"<$¿>"
	"¿" Punctuation FS lang:es 00:01:45 00:01:52 tt-2685 AF038_1966_CT_SU2011_ER_05 
"<el>"
	"el" Determiner ART Singular Masc lang:es 00:01:45 00:01:52 tt-2686 AF038_1966_CT_SU2011_ER_05 @Gram:Det:Art ADD:426 
"<inglés>"
	"inglés" Noun NC Plural lang:es 00:01:45 00:01:52 tt-2687 AF038_1966_CT_SU2011_ER_05 
"<también>"
	"también" Adverb ADV lang:es 00:01:45 00:01:52 tt-2688 AF038_1966_CT_SU2011_ER_05 @Prag:MarcadoresDisc:Igualdad ADD:1130 
"<,>"
	"," Punctuation CM lang:es 00:01:45 00:01:52 tt-2689 AF038_1966_CT_SU2011_ER_05 
"<no>"
	"no" Adverb NEG lang:es 00:01:45 00:01:52 tt-2690 AF038_1966_CT_SU2011_ER_05 
"<$?>"
	"?" Punctuation FS lang:es 00:01:45 00:01:52 tt-2691 AF038_1966_CT_SU2011_ER_05 

"<O>"
	"o" Conjunciton CC lang:es 00:01:45 00:01:52 tt-2692 AF038_1966_CT_SU2011_ER_05 SUBSTITUTE:396 SUBSTITUTE:397 
"<$¿>"
	"¿" Punctuation FS lang:es 00:01:45 00:01:52 tt-2693 AF038_1966_CT_SU2011_ER_05 
"<Usted>"
	"usted" Pronoun PPX Singular lang:es 00:01:45 00:01:52 tt-2694 AF038_1966_CT_SU2011_ER_05 @Gram:Pron:Sujeto ADD:634 
"<cree>"
	"crear|creer" Verb VLfin Pres Indi Sing 3rd lang:es 00:01:53 00:01:59 tt-2695 AF038_1966_CT_SU2011_ER_05 
"<que>"
	"que" Conjunction CQUE lang:es 00:01:53 00:01:59 tt-2696 AF038_1966_CT_SU2011_ER_05 
"<va>"
	"ir" Verb VLfin Pres Indi Sing 3rd lang:es 00:01:53 00:01:59 tt-2697 AF038_1966_CT_SU2011_ER_05 ID:355 R:Gram:VFut:Perifrasis:357 ADDRELATION(Gram:VFut:Perifrasis):717 
"<a>"
	"a" Preposition PREP lang:es 00:01:53 00:01:59 tt-2698 AF038_1966_CT_SU2011_ER_05 @Gram:Prep SUBSTITUTE:398 ADD:624 
"<ser>"
	"ser" Verb VLinf VSinf Infinitive lang:es 00:01:53 00:01:59 tt-2699 AF038_1966_CT_SU2011_ER_05 @Gram:SerEstar:Ser ID:357 R:Func:Sugerencias:361 SUBSTITUTE:329 ADD:813 ADDRELATION(Func:Sugerencias):949 
"<importante>"
	"importante" Adjective ADJ Singular lang:es 00:01:53 00:01:59 tt-2700 AF038_1966_CT_SU2011_ER_05 
"<que>"
	"que" Conjunction CQUE lang:es 00:01:53 00:01:59 tt-2701 AF038_1966_CT_SU2011_ER_05 
"<le>"
	"él" Pronoun PPC Singular lang:es 00:01:53 00:01:59 tt-2702 AF038_1966_CT_SU2011_ER_05 @Gram:Pron:Objeto ADD:664 
"<enseñen>"
	"enseñar" Verb VLfin Past Subj Plural 3rd lang:es 00:01:53 00:01:59 tt-2703 AF038_1966_CT_SU2011_ER_05 @Gram:MSub:Pret ID:361 ADD:783 
"<a>"
	"a" Preposition PREP lang:es 00:01:53 00:01:59 tt-2704 AF038_1966_CT_SU2011_ER_05 @Gram:Prep SUBSTITUTE:398 ADD:624 
"<sus>"
	"suyo" Pronoun PPO Plural lang:es 00:01:53 00:01:59 tt-2705 AF038_1966_CT_SU2011_ER_05 @Gram:Det:Pos ADD:457 
"<nietos>"
	"nieto" Noun NC Plural lang:es 00:01:53 00:01:59 tt-2706 AF038_1966_CT_SU2011_ER_05 
"<los>"
	"el" Determiner ART Plural Masc lang:es 00:01:53 00:01:59 tt-2707 AF038_1966_CT_SU2011_ER_05 @Gram:Det:Art ADD:426 
"<dos>"
	"dos" Determiner CARD Plural lang:es 00:01:53 00:01:59 tt-2708 AF038_1966_CT_SU2011_ER_05 
"<idiomas>"
	"idioma" Noun NC Plural lang:es 00:01:53 00:01:59 tt-2709 AF038_1966_CT_SU2011_ER_05 
"<a>"
	"a" Preposition PREP lang:es 00:01:53 00:01:59 tt-2710 AF038_1966_CT_SU2011_ER_05 @Gram:Prep SUBSTITUTE:398 ADD:624 
"<la>"
	"el" Determiner ART Singular Fem lang:es 00:01:53 00:01:59 tt-2711 AF038_1966_CT_SU2011_ER_05 @Gram:Det:Art ADD:426 
"<misma>"
	"mismo" Adjective ADJ Singular lang:es 00:01:53 00:01:59 tt-2712 AF038_1966_CT_SU2011_ER_05 
"<vez>"
	"vez" Noun NC Singular lang:es 00:01:53 00:01:59 tt-2713 AF038_1966_CT_SU2011_ER_05 
"<$?>"
	"?" Punctuation FS lang:es 00:01:53 00:01:59 tt-2714 AF038_1966_CT_SU2011_ER_05 

"<$¿>"
	"¿" Punctuation FS lang:es 00:01:59 00:02:03 tt-2715 AF038_1966_CT_SU2011_ER_05 
"<U>"
	"o" Conjunction CC lang:es 00:01:59 00:02:03 tt-2716 AF038_1966_CT_SU2011_ER_05 
"<opina>"
	"opinar" Verb VLfin Pres Indi Sing 3rd lang:es 00:01:59 00:02:03 tt-2717 AF038_1966_CT_SU2011_ER_05 
"<que>"
	"que" Conjunction CQUE lang:es 00:01:59 00:02:03 tt-2718 AF038_1966_CT_SU2011_ER_05 
"<el>"
	"el" Determiner ART Singular Masc lang:es 00:01:59 00:02:03 tt-2719 AF038_1966_CT_SU2011_ER_05 @Gram:Det:Art ADD:426 
"<español>"
	"español" Noun NC Singular lang:es 00:01:59 00:02:03 tt-2720 AF038_1966_CT_SU2011_ER_05 
"<sea>"
	"ser" Verb VSfin Pres Subj Sing 1st_or_3rd lang:es 00:01:59 00:02:03 tt-2721 AF038_1966_CT_SU2011_ER_05 @Gram:SerEstar:Ser ADD:813 
"<enseñado>"
	"enseñar" Verb VLadj lang:es 00:01:59 00:02:03 tt-2722 AF038_1966_CT_SU2011_ER_05 
"<primero>"
	"primero" Adverb ADV lang:es 00:01:59 00:02:03 tt-2723 AF038_1966_CT_SU2011_ER_05 
"<$?>"
	"?" Punctuation FS lang:es 00:01:59 00:02:03 tt-2724 AF038_1966_CT_SU2011_ER_05 

"<Pues>"
	"pues" Conjunction CSUBF lang:es 00:02:03 00:02:09 tt-2725 AF038_1966_CT_SU2011_ER_05 
"<van>"
	"ir" Verb VLfin Pres Indi Plural 3rd lang:es 00:02:03 00:02:09 tt-2726 AF038_1966_CT_SU2011_ER_05 
"<...>"
	"..." Punctuation DOTS lang:es 00:02:03 00:02:09 tt-2727 AF038_1966_CT_SU2011_ER_05 
"<eh>"
	"eh" Noun NP Singular lang:es 00:02:03 00:02:09 tt-2728 AF038_1966_CT_SU2011_ER_05 
"<...>"
	"..." Punctuation DOTS lang:es 00:02:03 00:02:09 tt-2729 AF038_1966_CT_SU2011_ER_05 
"<van>"
	"ir" Verb VLfin Pres Indi Plural 3rd lang:es 00:02:03 00:02:09 tt-2730 AF038_1966_CT_SU2011_ER_05 
"<de>"
	"de" Preposition PREP lang:es 00:02:03 00:02:09 tt-2731 AF038_1966_CT_SU2011_ER_05 @Gram:Prep ADD:624 
"<la>"
	"el" Determiner ART Singular Fem lang:es 00:02:03 00:02:09 tt-2732 AF038_1966_CT_SU2011_ER_05 @Gram:Det:Art ADD:426 
"<mano>"
	"mano" Noun NC Singular lang:es 00:02:03 00:02:09 tt-2733 AF038_1966_CT_SU2011_ER_05 
"<,>"
	"," Punctuation CM lang:es 00:02:03 00:02:09 tt-2734 AF038_1966_CT_SU2011_ER_05 
"<pues>"
	"pues" Conjunction CSUBF lang:es 00:02:03 00:02:09 tt-2735 AF038_1966_CT_SU2011_ER_05 
"<,>"
	"," Punctuation CM lang:es 00:02:03 00:02:09 tt-2736 AF038_1966_CT_SU2011_ER_05 
"<empiezan>"
	"empezar" Verb VLfin Pres Indi Plural 3rd lang:es 00:02:03 00:02:09 tt-2737 AF038_1966_CT_SU2011_ER_05 ID:395 R:Vocab:Fraseol:VerbPrep:396 ADDRELATION(Vocab:Fraseol:VerbPrep):1225 
"<con>"
	"con" Preposition PREP lang:es 00:02:03 00:02:09 tt-2738 AF038_1966_CT_SU2011_ER_05 @Gram:Prep ID:396 ADD:624 
"<el>"
	"el" Determiner ART Singular Masc lang:es 00:02:03 00:02:09 tt-2739 AF038_1966_CT_SU2011_ER_05 @Gram:Det:Art ADD:426 
"<español>"
	"español" Noun NC Singular lang:es 00:02:03 00:02:09 tt-2740 AF038_1966_CT_SU2011_ER_05 
"<,>"
	"," Punctuation CM lang:es 00:02:03 00:02:09 tt-2741 AF038_1966_CT_SU2011_ER_05 
"<porque>"
	"porque" Conjunction CSUBX lang:es 00:02:03 00:02:09 tt-2742 AF038_1966_CT_SU2011_ER_05 @Prag:MarcadoresDisc:Causa ADD:1099 
"<como>"
	"como" Conjunction CSUBX lang:es 00:02:03 00:02:09 tt-2743 AF038_1966_CT_SU2011_ER_05 
"<es>"
	"ser" Verb VSfin Pres Indi Sing 3rd lang:es 00:02:03 00:02:09 tt-2744 AF038_1966_CT_SU2011_ER_05 @Gram:SerEstar:Ser ADD:813 
"<uno>"
	"uno" Determiner CARD Singular lang:es 00:02:03 00:02:09 tt-2745 AF038_1966_CT_SU2011_ER_05 
"<el>"
	"el" Determiner ART Singular Masc lang:es 00:02:09 00:02:14 tt-2746 AF038_1966_CT_SU2011_ER_05 @Gram:Det:Art ADD:426 
"<que>"
	"que" Conjunction CQUE lang:es 00:02:09 00:02:14 tt-2747 AF038_1966_CT_SU2011_ER_05 
"<los>"
	"el" Determiner ART Plural Masc lang:es 00:02:09 00:02:14 tt-2748 AF038_1966_CT_SU2011_ER_05 @Gram:Det:Art ADD:426 
"<...>"
	"..." Punctuation DOTS lang:es 00:02:09 00:02:14 tt-2749 AF038_1966_CT_SU2011_ER_05 
"<es>"
	"ser" Verb VSfin Pres Indi Sing 3rd lang:es 00:02:09 00:02:14 tt-2750 AF038_1966_CT_SU2011_ER_05 @Gram:SerEstar:Ser ADD:813 
"<más>"
	"más" Adverb ADV lang:es 00:02:09 00:02:14 tt-2751 AF038_1966_CT_SU2011_ER_05 
"<diferente>"
	"diferente" Adjective ADJ Singular lang:es 00:02:09 00:02:14 tt-2752 AF038_1966_CT_SU2011_ER_05 
"<con>"
	"con" Preposition PREP lang:es 00:02:09 00:02:14 tt-2753 AF038_1966_CT_SU2011_ER_05 @Gram:Prep ADD:624 
"<los>"
	"el" Determiner ART Plural Masc lang:es 00:02:09 00:02:14 tt-2754 AF038_1966_CT_SU2011_ER_05 @Gram:Det:Art ADD:426 
"<hijos>"
	"hijo" Noun NC Plural lang:es 00:02:09 00:02:14 tt-2755 AF038_1966_CT_SU2011_ER_05 
"<,>"
	"," Punctuation CM lang:es 00:02:09 00:02:14 tt-2756 AF038_1966_CT_SU2011_ER_05 
"<va>"
	"ir" Verb VLfin Pres Indi Sing 3rd lang:es 00:02:09 00:02:14 tt-2757 AF038_1966_CT_SU2011_ER_05 ID:415 R:Gram:VFut:Perifrasis:417 ADDRELATION(Gram:VFut:Perifrasis):717 
"<a>"
	"a" Preposition PREP lang:es 00:02:09 00:02:14 tt-2758 AF038_1966_CT_SU2011_ER_05 @Gram:Prep SUBSTITUTE:398 ADD:624 
"<ser>"
	"ser" Verb VLinf VSinf Infinitive lang:es 00:02:09 00:02:14 tt-2759 AF038_1966_CT_SU2011_ER_05 @Gram:SerEstar:Ser ID:417 SUBSTITUTE:329 ADD:813 
"<más>"
	"más" Adverb ADV lang:es 00:02:09 00:02:14 tt-2760 AF038_1966_CT_SU2011_ER_05 
"<diferente>"
	"diferente" Adjective ADJ Singular lang:es 00:02:09 00:02:14 tt-2761 AF038_1966_CT_SU2011_ER_05 
"<,>"
	"," Punctuation CM lang:es 00:02:09 00:02:14 tt-2762 AF038_1966_CT_SU2011_ER_05 
"<porque>"
	"porque" Conjunction CSUBX lang:es 00:02:09 00:02:14 tt-2763 AF038_1966_CT_SU2011_ER_05 @Prag:MarcadoresDisc:Causa ADD:1099 
"<por>"
	"por" Preposition PREP lang:es 00:02:09 00:02:14 tt-2764 AF038_1966_CT_SU2011_ER_05 @Gram:Prep:Por ID:422 R:Prag:MarcadoresDisc:Igualdad:423 SUBSTITUTE:269 SUBSTITUTE:270 ADD:605 ADDRELATION(Prag:MarcadoresDisc:Igualdad):1136 
"<ejemplo>"
	"ejemplo" Adverb ADV lang:es 00:02:09 00:02:14 tt-2765 AF038_1966_CT_SU2011_ER_05 ID:423 
"<,>"
	"," Punctuation CM lang:es 00:02:09 00:02:14 tt-2766 AF038_1966_CT_SU2011_ER_05 
"<nosotros>"
	"nosotros" Pronoun PPX Plural lang:es 00:02:14 00:02:19 tt-2767 AF038_1966_CT_SU2011_ER_05 @Gram:Pron:Sujeto ADD:634 
"<hablamos>"
	"hablar" Verb VLfin Pres_or_Pret Indi Plural 1st lang:es 00:02:14 00:02:19 tt-2768 AF038_1966_CT_SU2011_ER_05 
"<puro>"
	"puro" Adjective ADJ Singular lang:es 00:02:14 00:02:19 tt-2769 AF038_1966_CT_SU2011_ER_05 
"<español>"
	"español" Noun NC Singular lang:es 00:02:14 00:02:19 tt-2770 AF038_1966_CT_SU2011_ER_05 
"<$;>"
	";" Punctuation SEMICOLON lang:es 00:02:14 00:02:19 tt-2771 AF038_1966_CT_SU2011_ER_05 
"<los>"
	"el" Determiner ART Plural Masc lang:es 00:02:14 00:02:19 tt-2772 AF038_1966_CT_SU2011_ER_05 @Gram:Det:Art ADD:426 
"<primeros>"
	"primero" Adjective ORD Plural lang:es 00:02:14 00:02:19 tt-2773 AF038_1966_CT_SU2011_ER_05 Gram:Adj:Ord ADD:539 
"<años>"
	"año" Noun NC Plural lang:es 00:02:14 00:02:19 tt-2774 AF038_1966_CT_SU2011_ER_05 
"<de>"
	"de" Preposition PREP lang:es 00:02:14 00:02:19 tt-2775 AF038_1966_CT_SU2011_ER_05 @Gram:Prep ADD:624 
"<nuestros>"
	"nuestro" Pronoun PPO Plural lang:es 00:02:14 00:02:19 tt-2776 AF038_1966_CT_SU2011_ER_05 @Gram:Det:Pos SUBSTITUTE:319 ADD:459 
"<hijos>"
	"hijo" Noun NC Plural lang:es 00:02:14 00:02:19 tt-2777 AF038_1966_CT_SU2011_ER_05 
"<,>"
	"," Punctuation CM lang:es 00:02:14 00:02:19 tt-2778 AF038_1966_CT_SU2011_ER_05 
"<fue>"
	"ser" Verb VSfin Pret Indi Sing 3rd lang:es 00:02:14 00:02:19 tt-2779 AF038_1966_CT_SU2011_ER_05 @Gram:Indefinido @Gram:SerEstar:Ser ADD:698 ADD:813 
"<puro>"
	"puro" Adjective ADJ Singular lang:es 00:02:14 00:02:19 tt-2780 AF038_1966_CT_SU2011_ER_05 
"<español>"
	"español" Adjective ADJ Singular lang:es 00:02:14 00:02:19 tt-2781 AF038_1966_CT_SU2011_ER_05 
"<,>"
	"," Punctuation CM lang:es 00:02:14 00:02:19 tt-2782 AF038_1966_CT_SU2011_ER_05 
"<porque>"
	"porque" Conjunction CSUBX lang:es 00:02:19 00:02:24 tt-2783 AF038_1966_CT_SU2011_ER_05 @Prag:MarcadoresDisc:Causa ADD:1099 
"<hablamos>"
	"hablar" Verb VLfin Pres_or_Pret Indi Plural 1st lang:es 00:02:19 00:02:24 tt-2784 AF038_1966_CT_SU2011_ER_05 
"<puro>"
	"puro" Adjective ADJ Singular lang:es 00:02:19 00:02:24 tt-2785 AF038_1966_CT_SU2011_ER_05 
"<español>"
	"español" Noun NC Singular lang:es 00:02:19 00:02:24 tt-2786 AF038_1966_CT_SU2011_ER_05 
"<,>"
	"," Punctuation CM lang:es 00:02:19 00:02:24 tt-2787 AF038_1966_CT_SU2011_ER_05 
"<pero>"
	"pero" Conjunction CCAD lang:es 00:02:19 00:02:24 tt-2788 AF038_1966_CT_SU2011_ER_05 @Prag:MarcadoresDisc:Revision ADD:1046 
"<como>"
	"como" Adverb ADV lang:es 00:02:19 00:02:24 tt-2789 AF038_1966_CT_SU2011_ER_05 
"<ya>"
	"ya" Adverb ADV lang:es 00:02:19 00:02:24 tt-2790 AF038_1966_CT_SU2011_ER_05 
"<mis>"
	"mío" Pronoun PPO Plural lang:es 00:02:19 00:02:24 tt-2791 AF038_1966_CT_SU2011_ER_05 @Gram:Det:Pos SUBSTITUTE:318 ADD:457 
<lang code="en">
"<hi>"
	"hi" Other UH lang:en 00:02:19 00:02:24 tt-2792 AF038_1966_CT_SU2011_ER_05 
</lang>
"<...>"
	"..." Punctuation DOTS lang:es 00:02:19 00:02:24 tt-2793 AF038_1966_CT_SU2011_ER_05 
"<por>"
	"por" Preposition PREP lang:es 00:02:19 00:02:24 tt-2794 AF038_1966_CT_SU2011_ER_05 @Gram:Prep:Por ID:452 R:Prag:MarcadoresDisc:Igualdad:453 SUBSTITUTE:269 SUBSTITUTE:270 ADD:605 ADDRELATION(Prag:MarcadoresDisc:Igualdad):1136 
"<ejemplo>"
	"ejemplo" Adverb ADV lang:es 00:02:19 00:02:24 tt-2795 AF038_1966_CT_SU2011_ER_05 ID:453 
"<,>"
	"," Punctuation CM lang:es 00:02:19 00:02:24 tt-2796 AF038_1966_CT_SU2011_ER_05 
"<mis>"
	"mío" Pronoun PPO Plural lang:es 00:02:19 00:02:24 tt-2797 AF038_1966_CT_SU2011_ER_05 @Gram:Det:Pos SUBSTITUTE:318 ADD:457 
"<nietos>"
	"nieto" Noun NC Plural lang:es 00:02:19 00:02:24 tt-2798 AF038_1966_CT_SU2011_ER_05 
"<,>"
	"," Punctuation CM lang:es 00:02:19 00:02:24 tt-2799 AF038_1966_CT_SU2011_ER_05 
"<mis>"
	"mío" Pronoun PPO Plural lang:es 00:02:19 00:02:24 tt-2800 AF038_1966_CT_SU2011_ER_05 @Gram:Det:Pos SUBSTITUTE:318 ADD:457 
"<hijos>"
	"hijo" Noun NC Plural lang:es 00:02:19 00:02:24 tt-2801 AF038_1966_CT_SU2011_ER_05 
"<ya>"
	"ya" Adverb ADV lang:es 00:02:24 00:02:31 tt-2802 AF038_1966_CT_SU2011_ER_05 
"<hablan>"
	"hablar" Verb VLfin Pres Indi Plural 3rd lang:es 00:02:24 00:02:31 tt-2803 AF038_1966_CT_SU2011_ER_05 
"<muy>"
	"muy" Adverb ADV lang:es 00:02:24 00:02:31 tt-2804 AF038_1966_CT_SU2011_ER_05 
"<bien>"
	"bien" Adverb ADV lang:es 00:02:24 00:02:31 tt-2805 AF038_1966_CT_SU2011_ER_05 
"<el>"
	"el" Determiner ART Singular Masc lang:es 00:02:24 00:02:31 tt-2806 AF038_1966_CT_SU2011_ER_05 @Gram:Det:Art ADD:426 
"<inglés>"
	"inglés" Noun NC Plural lang:es 00:02:24 00:02:31 tt-2807 AF038_1966_CT_SU2011_ER_05 
"<$.>"
	"." Punctuation FS lang:es 00:02:24 00:02:31 tt-2808 AF038_1966_CT_SU2011_ER_05 

"<Ellos>"
	"él" Pronoun PPX Plural lang:es 00:02:24 00:02:31 tt-2809 AF038_1966_CT_SU2011_ER_05 @Gram:Pron:Sujeto ADD:634 
"<ya>"
	"ya" Adverb ADV lang:es 00:02:24 00:02:31 tt-2810 AF038_1966_CT_SU2011_ER_05 
"<podrían>"
	"poder" Verb VMfin lang:es 00:02:24 00:02:31 tt-2811 AF038_1966_CT_SU2011_ER_05 
"<aprender>"
	"aprender" Verb VLinf Infinitive lang:es 00:02:24 00:02:31 tt-2812 AF038_1966_CT_SU2011_ER_05 SUBSTITUTE:329 
"<el>"
	"el" Determiner ART Singular Masc lang:es 00:02:24 00:02:31 tt-2813 AF038_1966_CT_SU2011_ER_05 @Gram:Det:Art ADD:426 
"<inglés>"
	"inglés" Noun NC Plural lang:es 00:02:24 00:02:31 tt-2814 AF038_1966_CT_SU2011_ER_05 
"<y>"
	"y" Conjunciton Conjunction CC lang:es 00:02:24 00:02:31 tt-2815 AF038_1966_CT_SU2011_ER_05 SUBSTITUTE:394 
"<el>"
	"el" Determiner ART Singular Masc lang:es 00:02:24 00:02:31 tt-2816 AF038_1966_CT_SU2011_ER_05 @Gram:Det:Art ADD:426 
"<español>"
	"español" Noun NC Singular lang:es 00:02:24 00:02:31 tt-2817 AF038_1966_CT_SU2011_ER_05 
"<a>"
	"a" Preposition PREP Adverb ADV lang:es 00:02:24 00:02:31 tt-2818 AF038_1966_CT_SU2011_ER_05 @Gram:Prep SUBSTITUTE:398 ADD:624 
"<la>"
	"la" Adverb ADV lang:es 00:02:24 00:02:31 tt-2819 AF038_1966_CT_SU2011_ER_05 
"<vez>"
	"vez" Adverb ADV lang:es 00:02:24 00:02:31 tt-2820 AF038_1966_CT_SU2011_ER_05 
"<,>"
	"," Punctuation CM lang:es 00:02:24 00:02:31 tt-2821 AF038_1966_CT_SU2011_ER_05 
"<de>"
	"de" Preposition PREP lang:es 00:02:33 00:02:37 tt-2822 AF038_1966_CT_SU2011_ER_05 @Gram:Prep ADD:624 
"<la>"
	"el" Determiner ART Singular Fem lang:es 00:02:33 00:02:37 tt-2823 AF038_1966_CT_SU2011_ER_05 @Gram:Det:Art ADD:426 
"<par>"
	"par" Noun NC Singular lang:es 00:02:33 00:02:37 tt-2824 AF038_1966_CT_SU2011_ER_05 
"<,>"
	"," Punctuation CM lang:es 00:02:33 00:02:37 tt-2825 AF038_1966_CT_SU2011_ER_05 
"<de>"
	"de" Preposition PREP lang:es 00:02:33 00:02:37 tt-2826 AF038_1966_CT_SU2011_ER_05 @Gram:Prep ADD:624 
"<la>"
	"el" Determiner ART Singular Fem lang:es 00:02:33 00:02:37 tt-2827 AF038_1966_CT_SU2011_ER_05 @Gram:Det:Art ADD:426 
"<mano>"
	"mano" Noun NC Singular lang:es 00:02:33 00:02:37 tt-2828 AF038_1966_CT_SU2011_ER_05 
"<,>"
	"," Punctuation CM lang:es 00:02:33 00:02:37 tt-2829 AF038_1966_CT_SU2011_ER_05 
"<no>"
	"no" Adverb NEG lang:es 00:02:33 00:02:37 tt-2830 AF038_1966_CT_SU2011_ER_05 
"<sé>"
	"saber|ser" Verb VLfin Pres Indi Sing 1st lang:es 00:02:33 00:02:37 tt-2831 AF038_1966_CT_SU2011_ER_05 
"<si>"
	"si" Conjunction CSUBX lang:es 00:02:33 00:02:37 tt-2832 AF038_1966_CT_SU2011_ER_05 
"<sea>"
	"ser" Verb VSfin Pres Subj Sing 1st_or_3rd lang:es 00:02:33 00:02:37 tt-2833 AF038_1966_CT_SU2011_ER_05 @Gram:MSub:Pres @Gram:SerEstar:Ser ADD:782 ADD:813 
"<más>"
	"más" Adverb ADV lang:es 00:02:33 00:02:37 tt-2834 AF038_1966_CT_SU2011_ER_05 
"<difícil>"
	"difícil" Adjective ADJ Singular lang:es 00:02:33 00:02:37 tt-2835 AF038_1966_CT_SU2011_ER_05 
"<para>"
	"para" Preposition PREP lang:es 00:02:33 00:02:37 tt-2836 AF038_1966_CT_SU2011_ER_05 @Gram:Prep:Para SUBSTITUTE:345 ADD:595 
"<los>"
	"el" Determiner ART Plural Masc lang:es 00:02:33 00:02:37 tt-2837 AF038_1966_CT_SU2011_ER_05 @Gram:Det:Art ADD:426 
"<niños>"
	"niño" Noun NC Plural lang:es 00:02:33 00:02:37 tt-2838 AF038_1966_CT_SU2011_ER_05 
"<,>"
	"," Punctuation CM lang:es 00:02:33 00:02:37 tt-2839 AF038_1966_CT_SU2011_ER_05 
"<pero>"
	"pero" Conjunction CCAD lang:es 00:02:33 00:02:37 tt-2840 AF038_1966_CT_SU2011_ER_05 @Prag:MarcadoresDisc:Revision ADD:1046 
"<yo>"
	"yo" Pronoun PPX Singular lang:es 00:02:33 00:02:37 tt-2841 AF038_1966_CT_SU2011_ER_05 @Gram:Pron:Sujeto ADD:634 
"<pienso>"
	"pensar" Verb VLfin Pres Indi Sing 1st lang:es 00:02:33 00:02:37 tt-2842 AF038_1966_CT_SU2011_ER_05 
"<,>"
	"," Punctuation CM lang:es 00:02:33 00:02:37 tt-2843 AF038_1966_CT_SU2011_ER_05 
"<considero>"
	"considerar" Verb VLfin Pres Indi Sing 1st lang:es 00:02:37 00:02:38 tt-2844 AF038_1966_CT_SU2011_ER_05 
"<que>"
	"que" Conjunction CQUE lang:es 00:02:37 00:02:38 tt-2845 AF038_1966_CT_SU2011_ER_05 
"<sería>"
	"ser" Verb VSfin Cond Indi Sing 1st_or_3rd lang:es 00:02:37 00:02:38 tt-2846 AF038_1966_CT_SU2011_ER_05 @Gram:SerEstar:Ser ADD:813 
"<mejor>"
	"bueno" Adjective ADJ Singular lang:es 00:02:37 00:02:38 tt-2847 AF038_1966_CT_SU2011_ER_05 
"<$.>"
	"." Punctuation FS lang:es 00:02:37 00:02:38 tt-2848 AF038_1966_CT_SU2011_ER_05 

"<$¿>"
	"¿" Punctuation FS lang:es 00:02:38 00:02:44 tt-2849 AF038_1966_CT_SU2011_ER_05 
"<Y>"
	"y" Conjunciton Conjunction CC lang:es 00:02:38 00:02:44 tt-2850 AF038_1966_CT_SU2011_ER_05 SUBSTITUTE:394 
"<de>"
	"de" Preposition PREP lang:es 00:02:38 00:02:44 tt-2851 AF038_1966_CT_SU2011_ER_05 @Gram:Prep ADD:624 
"<eso>"
	"ese" Determiner DM Singular lang:es 00:02:38 00:02:44 tt-2852 AF038_1966_CT_SU2011_ER_05 @Gram:Det:Demo ADD:449 
"<no>"
	"no" Adverb NEG lang:es 00:02:38 00:02:44 tt-2853 AF038_1966_CT_SU2011_ER_05 
"<le>"
	"él" Pronoun PPC Singular lang:es 00:02:38 00:02:44 tt-2854 AF038_1966_CT_SU2011_ER_05 @Gram:Pron:Objeto ADD:664 
"<causa>"
	"causar" Verb VLfin Pres Indi Sing 3rd lang:es 00:02:38 00:02:44 tt-2855 AF038_1966_CT_SU2011_ER_05 
"<temor>"
	"temor" Noun NC Singular lang:es 00:02:38 00:02:44 tt-2856 AF038_1966_CT_SU2011_ER_05 
"<que>"
	"que" Conjunction CQUE lang:es 00:02:38 00:02:44 tt-2857 AF038_1966_CT_SU2011_ER_05 
"<,>"
	"," Punctuation CM lang:es 00:02:38 00:02:44 tt-2858 AF038_1966_CT_SU2011_ER_05 
"<tal>"
	"tal" Adverb ADV lang:es 00:02:38 00:02:44 tt-2859 AF038_1966_CT_SU2011_ER_05 ID:517 R:Prag:MarcadoresDisc:Probabilidad:518 ADDRELATION(Prag:MarcadoresDisc:Probabilidad):1156 
"<vez>"
	"vez" Adverb ADV lang:es 00:02:38 00:02:44 tt-2860 AF038_1966_CT_SU2011_ER_05 ID:518 
"<,>"
	"," Punctuation CM lang:es 00:02:38 00:02:44 tt-2861 AF038_1966_CT_SU2011_ER_05 
"<no>"
	"no" Adverb NEG lang:es 00:02:38 00:02:44 tt-2862 AF038_1966_CT_SU2011_ER_05 
"<tengan>"
	"tener" Verb VMfin VLfin Past Subj Plural 3rd lang:es 00:02:38 00:02:44 tt-2863 AF038_1966_CT_SU2011_ER_05 @Gram:MSub:Pret SUBSTITUTE:340 ADD:783 
"<un>"
	"un" Determiner ART Singular lang:es 00:02:38 00:02:44 tt-2864 AF038_1966_CT_SU2011_ER_05 
"<dominio>"
	"dominio" Noun NC Singular lang:es 00:02:38 00:02:44 tt-2865 AF038_1966_CT_SU2011_ER_05 
"<muy>"
	"muy" Adverb ADV lang:es 00:02:38 00:02:44 tt-2866 AF038_1966_CT_SU2011_ER_05 
"<fuerte>"
	"fuerte" Adjective ADJ Singular lang:es 00:02:38 00:02:44 tt-2867 AF038_1966_CT_SU2011_ER_05 
"<sobre>"
	"sobre" Preposition PREP lang:es 00:02:38 00:02:44 tt-2868 AF038_1966_CT_SU2011_ER_05 @Gram:Prep ADD:624 
"<el>"
	"el" Determiner ART Singular Masc lang:es 00:02:44 00:02:49 tt-2869 AF038_1966_CT_SU2011_ER_05 @Gram:Det:Art ADD:426 
"<español>"
	"español" Noun NC Singular lang:es 00:02:44 00:02:49 tt-2870 AF038_1966_CT_SU2011_ER_05 
"<$?>"
	"?" Punctuation FS lang:es 00:02:44 00:02:49 tt-2871 AF038_1966_CT_SU2011_ER_05 

"<Bueno>"
	"bueno" Adjective ADJ Singular lang:es 00:02:44 00:02:49 tt-2872 AF038_1966_CT_SU2011_ER_05 
"<,>"
	"," Punctuation CM lang:es 00:02:44 00:02:49 tt-2873 AF038_1966_CT_SU2011_ER_05 
"<que>"
	"que" Conjunction CQUE lang:es 00:02:44 00:02:49 tt-2874 AF038_1966_CT_SU2011_ER_05 
"<más>"
	"más" Adverb ADV lang:es 00:02:44 00:02:49 tt-2875 AF038_1966_CT_SU2011_ER_05 
"<bien>"
	"bien" Adverb ADV lang:es 00:02:44 00:02:49 tt-2876 AF038_1966_CT_SU2011_ER_05 
"<decir>"
	"decir" Verb VLinf Infinitive lang:es 00:02:44 00:02:49 tt-2877 AF038_1966_CT_SU2011_ER_05 SUBSTITUTE:329 
"<que>"
	"que" Conjunction CQUE lang:es 00:02:44 00:02:49 tt-2878 AF038_1966_CT_SU2011_ER_05 
"<empiecen>"
	"empezar" Verb VLfin Past Subj Plural 3rd lang:es 00:02:44 00:02:49 tt-2879 AF038_1966_CT_SU2011_ER_05 @Gram:MSub:Pret ID:537 R:Vocab:Fraseol:VerbPrep:538 ADD:783 ADDRELATION(Vocab:Fraseol:VerbPrep):1225 
"<a>"
	"a" Preposition PREP lang:es 00:02:44 00:02:49 tt-2880 AF038_1966_CT_SU2011_ER_05 @Gram:Prep ID:538 SUBSTITUTE:398 ADD:624 
"<combinar>"
	"combinar" Verb VLinf Infinitive lang:es 00:02:44 00:02:49 tt-2881 AF038_1966_CT_SU2011_ER_05 SUBSTITUTE:329 
"<más>"
	"más" Adverb ADV lang:es 00:02:44 00:02:49 tt-2882 AF038_1966_CT_SU2011_ER_05 
"<los>"
	"el" Determiner ART Plural Masc lang:es 00:02:44 00:02:49 tt-2883 AF038_1966_CT_SU2011_ER_05 @Gram:Det:Art ADD:426 
"<idiomas>"
	"idioma" Noun NC Plural lang:es 00:02:44 00:02:49 tt-2884 AF038_1966_CT_SU2011_ER_05 
"<,>"
	"," Punctuation CM lang:es 00:02:44 00:02:49 tt-2885 AF038_1966_CT_SU2011_ER_05 
"<usar>"
	"usar" Verb VLinf Infinitive lang:es 00:02:44 00:02:49 tt-2886 AF038_1966_CT_SU2011_ER_05 SUBSTITUTE:329 
"<más>"
	"más" Adverb ADV lang:es 00:02:49 00:02:50 tt-2887 AF038_1966_CT_SU2011_ER_05 
"<el>"
	"el" Determiner ART Singular Masc lang:es 00:02:49 00:02:50 tt-2888 AF038_1966_CT_SU2011_ER_05 @Gram:Det:Art ADD:426 
"<Spanglish>"
	"UNK" Noun NP Singular lang:es 00:02:49 00:02:50 tt-2889 AF038_1966_CT_SU2011_ER_05 
"<$.>"
	"." Punctuation FS lang:es 00:02:49 00:02:50 tt-2890 AF038_1966_CT_SU2011_ER_05 

"<Sí>"
	"sí" Adverb ADV lang:es 00:02:50 00:02:55 tt-2891 AF038_1966_CT_SU2011_ER_05 
"<,>"
	"," Punctuation CM lang:es 00:02:50 00:02:55 tt-2892 AF038_1966_CT_SU2011_ER_05 
"<sí>"
	"sí" Adverb ADV lang:es 00:02:50 00:02:55 tt-2893 AF038_1966_CT_SU2011_ER_05 
"<puede>"
	"poder" Verb VMfin lang:es 00:02:50 00:02:55 tt-2894 AF038_1966_CT_SU2011_ER_05 
"<pasar>"
	"pasar" Verb VLinf Infinitive lang:es 00:02:50 00:02:55 tt-2895 AF038_1966_CT_SU2011_ER_05 SUBSTITUTE:329 
"<,>"
	"," Punctuation CM lang:es 00:02:50 00:02:55 tt-2896 AF038_1966_CT_SU2011_ER_05 
"<sí>"
	"sí" Adverb ADV lang:es 00:02:50 00:02:55 tt-2897 AF038_1966_CT_SU2011_ER_05 
"<puede>"
	"poder" Verb VMfin lang:es 00:02:50 00:02:55 tt-2898 AF038_1966_CT_SU2011_ER_05 
"<pasar>"
	"pasar" Verb VLinf Infinitive lang:es 00:02:50 00:02:55 tt-2899 AF038_1966_CT_SU2011_ER_05 SUBSTITUTE:329 
"<,>"
	"," Punctuation CM lang:es 00:02:50 00:02:55 tt-2900 AF038_1966_CT_SU2011_ER_05 
"<pero>"
	"pero" Conjunction CCAD lang:es 00:02:50 00:02:55 tt-2901 AF038_1966_CT_SU2011_ER_05 @Prag:MarcadoresDisc:Revision ADD:1046 
"<ya>"
	"ya" Adverb ADV lang:es 00:02:50 00:02:55 tt-2902 AF038_1966_CT_SU2011_ER_05 
"<depende>"
	"depender" Verb VLfin Pres Indi Sing 3rd lang:es 00:02:50 00:02:55 tt-2903 AF038_1966_CT_SU2011_ER_05 
"<de>"
	"de" Preposition PREP lang:es 00:02:50 00:02:55 tt-2904 AF038_1966_CT_SU2011_ER_05 @Gram:Prep ADD:624 
"<sus>"
	"suyo" Pronoun PPO Plural lang:es 00:02:50 00:02:55 tt-2905 AF038_1966_CT_SU2011_ER_05 @Gram:Det:Pos ADD:457 
"<papás>"
	"papá" Noun NC Plural lang:es 00:02:50 00:02:55 tt-2906 AF038_1966_CT_SU2011_ER_05 
"<,>"
	"," Punctuation CM lang:es 00:02:50 00:02:55 tt-2907 AF038_1966_CT_SU2011_ER_05 
"<que>"
	"que" Conjunction CQUE lang:es 00:02:50 00:02:55 tt-2908 AF038_1966_CT_SU2011_ER_05 
"<les>"
	"él" Pronoun PPC Plural lang:es 00:02:50 00:02:55 tt-2909 AF038_1966_CT_SU2011_ER_05 @Gram:Pron:Objeto ADD:664 
"<hagan>"
	"hacer" Verb VLfin Past Subj Plural 3rd lang:es 00:02:50 00:02:55 tt-2910 AF038_1966_CT_SU2011_ER_05 @Gram:MSub:Pret ADD:783 
"<ver>"
	"ver" Verb VLinf Infinitive lang:es 00:02:55 00:03:01 tt-2911 AF038_1966_CT_SU2011_ER_05 SUBSTITUTE:329 
"<el>"
	"el" Determiner ART Singular Masc lang:es 00:02:55 00:03:01 tt-2912 AF038_1966_CT_SU2011_ER_05 @Gram:Det:Art ADD:426 
"<bien>"
	"bien" Noun NC Singular lang:es 00:02:55 00:03:01 tt-2913 AF038_1966_CT_SU2011_ER_05 
"<...>"
	"..." Punctuation DOTS lang:es 00:02:55 00:03:01 tt-2914 AF038_1966_CT_SU2011_ER_05 
"<el>"
	"el" Determiner ART Singular Masc lang:es 00:02:55 00:03:01 tt-2915 AF038_1966_CT_SU2011_ER_05 @Gram:Det:Art ADD:426 
"<buen>"
	"bueno" Adjective ADJ Singular lang:es 00:02:55 00:03:01 tt-2916 AF038_1966_CT_SU2011_ER_05 
"<español>"
	"español" Noun NC Singular lang:es 00:02:55 00:03:01 tt-2917 AF038_1966_CT_SU2011_ER_05 
"<y>"
	"y" Conjunciton Conjunction CC lang:es 00:02:55 00:03:01 tt-2918 AF038_1966_CT_SU2011_ER_05 SUBSTITUTE:394 
"<que>"
	"que" Conjunction CQUE lang:es 00:02:55 00:03:01 tt-2919 AF038_1966_CT_SU2011_ER_05 
"<aprendan>"
	"aprender" Verb VLfin Past Subj Plural 3rd lang:es 00:02:55 00:03:01 tt-2920 AF038_1966_CT_SU2011_ER_05 @Gram:MSub:Pret ADD:783 
"<también>"
	"también" Adverb ADV lang:es 00:02:55 00:03:01 tt-2921 AF038_1966_CT_SU2011_ER_05 @Prag:MarcadoresDisc:Igualdad ADD:1130 
"<el>"
	"el" Determiner ART Singular Masc lang:es 00:02:55 00:03:01 tt-2922 AF038_1966_CT_SU2011_ER_05 @Gram:Det:Art ADD:426 
"<inglés>"
	"inglés" Noun NC Plural lang:es 00:02:55 00:03:01 tt-2923 AF038_1966_CT_SU2011_ER_05 
"<,>"
	"," Punctuation CM lang:es 00:02:55 00:03:01 tt-2924 AF038_1966_CT_SU2011_ER_05 
"<es>"
	"ser" Verb VSfin Pres Indi Sing 3rd lang:es 00:02:55 00:03:01 tt-2925 AF038_1966_CT_SU2011_ER_05 @Gram:SerEstar:Ser ID:583 R:Func:Sugerencias:586 ADD:813 ADDRELATION(Func:Sugerencias):949 
"<importante>"
	"importante" Adjective ADJ Singular lang:es 00:02:55 00:03:01 tt-2926 AF038_1966_CT_SU2011_ER_05 
"<que>"
	"que" Conjunction CQUE lang:es 00:02:55 00:03:01 tt-2927 AF038_1966_CT_SU2011_ER_05 
"<aprendan>"
	"aprender" Verb VLfin Past Subj Plural 3rd lang:es 00:02:55 00:03:01 tt-2928 AF038_1966_CT_SU2011_ER_05 @Gram:MSub:Pret ID:586 ADD:783 
"<los>"
	"el" Determiner ART Plural Masc lang:es 00:03:01 00:03:08 tt-2929 AF038_1966_CT_SU2011_ER_05 @Gram:Det:Art ADD:426 
"<dos>"
	"dos" Determiner CARD Plural lang:es 00:03:01 00:03:08 tt-2930 AF038_1966_CT_SU2011_ER_05 
"<idiomas>"
	"idioma" Noun NC Plural lang:es 00:03:01 00:03:08 tt-2931 AF038_1966_CT_SU2011_ER_05 
"<$.>"
	"." Punctuation FS lang:es 00:03:01 00:03:08 tt-2932 AF038_1966_CT_SU2011_ER_05 

"<Les>"
	"les" Other PE lang:es 00:03:01 00:03:08 tt-2933 AF038_1966_CT_SU2011_ER_05 
"<va>"
	"ir" Verb VLfin Pres Indi Sing 3rd lang:es 00:03:01 00:03:08 tt-2934 AF038_1966_CT_SU2011_ER_05 
"<mejor>"
	"bueno" Adjective ADJ Singular lang:es 00:03:01 00:03:08 tt-2935 AF038_1966_CT_SU2011_ER_05 
"<,>"
	"," Punctuation CM lang:es 00:03:01 00:03:08 tt-2936 AF038_1966_CT_SU2011_ER_05 
"<en>"
	"en" Preposition PREP lang:es 00:03:01 00:03:08 tt-2937 AF038_1966_CT_SU2011_ER_05 @Gram:Prep ADD:624 
"<la>"
	"el" Determiner ART Singular Fem lang:es 00:03:01 00:03:08 tt-2938 AF038_1966_CT_SU2011_ER_05 @Gram:Det:Art ADD:426 
"<escuela>"
	"escuela" Noun NC Singular lang:es 00:03:01 00:03:08 tt-2939 AF038_1966_CT_SU2011_ER_05 
"<,>"
	"," Punctuation CM lang:es 00:03:01 00:03:08 tt-2940 AF038_1966_CT_SU2011_ER_05 
"<en>"
	"en" Preposition PREP lang:es 00:03:01 00:03:08 tt-2941 AF038_1966_CT_SU2011_ER_05 @Gram:Prep ADD:624 
"<las>"
	"el" Determiner ART Plural Fem lang:es 00:03:01 00:03:08 tt-2942 AF038_1966_CT_SU2011_ER_05 @Gram:Det:Art ADD:426 
"<...>"
	"..." Punctuation DOTS lang:es 00:03:01 00:03:08 tt-2943 AF038_1966_CT_SU2011_ER_05 
"<en>"
	"en" Preposition PREP lang:es 00:03:01 00:03:08 tt-2944 AF038_1966_CT_SU2011_ER_05 @Gram:Prep ADD:624 
"<los>"
	"el" Determiner ART Plural Masc lang:es 00:03:01 00:03:08 tt-2945 AF038_1966_CT_SU2011_ER_05 @Gram:Det:Art ADD:426 
"<lugares>"
	"lugar" Noun NC Plural lang:es 00:03:01 00:03:08 tt-2946 AF038_1966_CT_SU2011_ER_05 
"<,>"
	"," Punctuation CM lang:es 00:03:01 00:03:08 tt-2947 AF038_1966_CT_SU2011_ER_05 
"<cuando>"
	"cuando" Conjunction CSUBX lang:es 00:03:01 00:03:08 tt-2948 AF038_1966_CT_SU2011_ER_05 
"<visitan>"
	"visitar" Verb VLfin Pres Indi Plural 3rd lang:es 00:03:01 00:03:08 tt-2949 AF038_1966_CT_SU2011_ER_05 
"<otros>"
	"otro" Determiner QU lang:es 00:03:01 00:03:08 tt-2950 AF038_1966_CT_SU2011_ER_05 
"<lugares>"
	"lugar" Noun NC Plural lang:es 00:03:08 00:03:14 tt-2951 AF038_1966_CT_SU2011_ER_05 
"<,>"
	"," Punctuation CM lang:es 00:03:08 00:03:14 tt-2952 AF038_1966_CT_SU2011_ER_05 
"<otros>"
	"otro" Determiner QU lang:es 00:03:08 00:03:14 tt-2953 AF038_1966_CT_SU2011_ER_05 
"<países>"
	"país" Noun NC Plural lang:es 00:03:08 00:03:14 tt-2954 AF038_1966_CT_SU2011_ER_05 
"<,>"
	"," Punctuation CM lang:es 00:03:08 00:03:14 tt-2955 AF038_1966_CT_SU2011_ER_05 
"<en>"
	"en" Preposition PREP lang:es 00:03:08 00:03:14 tt-2956 AF038_1966_CT_SU2011_ER_05 @Gram:Prep ADD:624 
"<los>"
	"el" Determiner ART Plural Masc lang:es 00:03:08 00:03:14 tt-2957 AF038_1966_CT_SU2011_ER_05 @Gram:Det:Art ADD:426 
"<trabajos>"
	"trabajo" Noun NC Plural lang:es 00:03:08 00:03:14 tt-2958 AF038_1966_CT_SU2011_ER_05 
"<,>"
	"," Punctuation CM lang:es 00:03:08 00:03:14 tt-2959 AF038_1966_CT_SU2011_ER_05 
"<se>"
	"se" Other SE lang:es 00:03:08 00:03:14 tt-2960 AF038_1966_CT_SU2011_ER_05 
"<comunican>"
	"comunicar" Verb VLfin Pres Indi Plural 3rd lang:es 00:03:08 00:03:14 tt-2961 AF038_1966_CT_SU2011_ER_05 
"<mejor>"
	"bueno" Adjective ADJ Singular lang:es 00:03:08 00:03:14 tt-2962 AF038_1966_CT_SU2011_ER_05 
"<con>"
	"con" Preposition PREP lang:es 00:03:08 00:03:14 tt-2963 AF038_1966_CT_SU2011_ER_05 @Gram:Prep ADD:624 
"<la>"
	"el" Determiner ART Singular Fem lang:es 00:03:08 00:03:14 tt-2964 AF038_1966_CT_SU2011_ER_05 @Gram:Det:Art ADD:426 
"<gente>"
	"gente" Noun NC Singular lang:es 00:03:08 00:03:14 tt-2965 AF038_1966_CT_SU2011_ER_05 
"<que>"
	"que" Conjunction CQUE lang:es 00:03:08 00:03:14 tt-2966 AF038_1966_CT_SU2011_ER_05 
"<no>"
	"no" Adverb NEG lang:es 00:03:08 00:03:14 tt-2967 AF038_1966_CT_SU2011_ER_05 
"<habla>"
	"hablar" Verb VLfin Pres Indi Sing 3rd lang:es 00:03:08 00:03:14 tt-2968 AF038_1966_CT_SU2011_ER_05 
"<...>"
	"..." Punctuation DOTS lang:es 00:03:08 00:03:14 tt-2969 AF038_1966_CT_SU2011_ER_05 
"<no>"
	"no" Adverb NEG lang:es 00:03:08 00:03:14 tt-2970 AF038_1966_CT_SU2011_ER_05 
"<habla>"
	"hablar" Verb VLfin Pres Indi Sing 3rd lang:es 00:03:14 00:03:15 tt-2971 AF038_1966_CT_SU2011_ER_05 ID:629 R:Vocab:Fraseol:VerbPrep:631 ADDRELATION(Vocab:Fraseol:VerbPrep):1223 
"<nada>"
	"nada" Determiner QU lang:es 00:03:14 00:03:15 tt-2972 AF038_1966_CT_SU2011_ER_05 @Gram:Det:Pron ADD:485 
"<de>"
	"de" Preposition PREP lang:es 00:03:14 00:03:15 tt-2973 AF038_1966_CT_SU2011_ER_05 @Gram:Prep ID:631 ADD:624 
"<inglés>"
	"inglés" Noun NC Plural lang:es 00:03:14 00:03:15 tt-2974 AF038_1966_CT_SU2011_ER_05 
"<$.>"
	"." Punctuation FS lang:es 00:03:14 00:03:15 tt-2975 AF038_1966_CT_SU2011_ER_05 
</speaker>
</text>

