<text id="AF038_1966_CT_SU2011_ER_02">
<speaker type="int">
"<Y>"
	"y" Conjunction CC lang:es 00:00:00 00:00:07 tt-402 AF038_1966_CT_SU2011_ER_02 
"<por>"
	"por" Preposition PREP lang:es 00:00:00 00:00:07 tt-403 AF038_1966_CT_SU2011_ER_02 @Gram:Prep:Por ID:2 R:Prag:MarcadoresDisc:Igualdad:3 
"<ejemplo>"
	"ejemplo" Adverb ADV lang:es 00:00:00 00:00:07 tt-404 AF038_1966_CT_SU2011_ER_02 ID:3 
"<,>"
	"," Punctuation CM lang:es 00:00:00 00:00:07 tt-405 AF038_1966_CT_SU2011_ER_02 
"<en>"
	"en" Preposition PREP lang:es 00:00:00 00:00:07 tt-406 AF038_1966_CT_SU2011_ER_02 @Gram:Prep 
"<sus>"
	"suyo" Pronoun PPO Plural lang:es 00:00:00 00:00:07 tt-407 AF038_1966_CT_SU2011_ER_02 @Gram:Det:Pos 
"<hijos>"
	"hijo" Noun NC Plural lang:es 00:00:00 00:00:07 tt-408 AF038_1966_CT_SU2011_ER_02 
"<,>"
	"," Punctuation CM lang:es 00:00:00 00:00:07 tt-409 AF038_1966_CT_SU2011_ER_02 
"<$¿>"
	"¿" Punctuation FS lang:es 00:00:00 00:00:07 tt-410 AF038_1966_CT_SU2011_ER_02 
"<Cómo>"
	"cómo" Adverb ADV lang:es 00:00:00 00:00:07 tt-411 AF038_1966_CT_SU2011_ER_02 
"<$?>"
	"?" Punctuation FS lang:es 00:00:00 00:00:07 tt-412 AF038_1966_CT_SU2011_ER_02 

"<$¿>"
	"¿" Punctuation FS lang:es 00:00:00 00:00:07 tt-413 AF038_1966_CT_SU2011_ER_02 
"<Le>"
	"le" Other PE lang:es 00:00:00 00:00:07 tt-414 AF038_1966_CT_SU2011_ER_02 
"<gusta>"
	"gustar" Verb VLfin Pres Indi Sing 3rd lang:es 00:00:00 00:00:07 tt-415 AF038_1966_CT_SU2011_ER_02 
"<inculcarles>"
	"UNK" Verb VLinf Infinitive lang:es 00:00:00 00:00:07 tt-416 AF038_1966_CT_SU2011_ER_02 
"<que>"
	"que" Conjunction CQUE lang:es 00:00:00 00:00:07 tt-417 AF038_1966_CT_SU2011_ER_02 
"<hablen>"
	"hablar" Verb VLfin Past Subj Plural 3rd lang:es 00:00:00 00:00:07 tt-418 AF038_1966_CT_SU2011_ER_02 @Gram:MSub:Pret 
"<los>"
	"el" Determiner ART Plural lang:es 00:00:00 00:00:07 tt-419 AF038_1966_CT_SU2011_ER_02 @Gram:Det:Art 
"<dos>"
	"dos" Determiner CARD Plural lang:es 00:00:00 00:00:07 tt-420 AF038_1966_CT_SU2011_ER_02 
"<idiomas>"
	"idioma" Noun NC Plural lang:es 00:00:08 00:00:12 tt-421 AF038_1966_CT_SU2011_ER_02 
"<,>"
	"," Punctuation CM lang:es 00:00:08 00:00:12 tt-422 AF038_1966_CT_SU2011_ER_02 
"<que>"
	"que" Conjunction CQUE lang:es 00:00:08 00:00:12 tt-423 AF038_1966_CT_SU2011_ER_02 
"<los>"
	"él" Pronoun PPC Plural lang:es 00:00:08 00:00:12 tt-424 AF038_1966_CT_SU2011_ER_02 @Gram:Pron:Objeto 
"<intercambien>"
	"intercambiar" Verb VLfin Past Subj Plural 3rd lang:es 00:00:08 00:00:12 tt-425 AF038_1966_CT_SU2011_ER_02 @Gram:MSub:Pret 
"<,>"
	"," Punctuation CM lang:es 00:00:08 00:00:12 tt-426 AF038_1966_CT_SU2011_ER_02 
"<o>"
	"o" Conjunction CC lang:es 00:00:08 00:00:12 tt-427 AF038_1966_CT_SU2011_ER_02 
"<se>"
	"se" Other SE lang:es 00:00:08 00:00:12 tt-428 AF038_1966_CT_SU2011_ER_02 @Gram:Pron:Otros 
"<les>"
	"él" Pronoun PPC Plural lang:es 00:00:08 00:00:12 tt-429 AF038_1966_CT_SU2011_ER_02 @Gram:Pron:Objeto 
"<enseña>"
	"enseñar" Verb VLfin Pres Indi Sing 3rd lang:es 00:00:08 00:00:12 tt-430 AF038_1966_CT_SU2011_ER_02 
"<que>"
	"que" Conjunction CQUE lang:es 00:00:08 00:00:12 tt-431 AF038_1966_CT_SU2011_ER_02 
"<solamente>"
	"solamente" Adverb ADV lang:es 00:00:08 00:00:12 tt-432 AF038_1966_CT_SU2011_ER_02 
"<hablen>"
	"hablar" Verb VLfin Past Subj Plural 3rd lang:es 00:00:08 00:00:12 tt-433 AF038_1966_CT_SU2011_ER_02 @Gram:MSub:Pret 
"<un>"
	"un" Determiner ART Singular lang:es 00:00:08 00:00:12 tt-434 AF038_1966_CT_SU2011_ER_02 ID:33 R:Gram:Genero:ExcepMasc:34 
"<idioma>"
	"idioma" Noun NC Singular lang:es 00:00:08 00:00:12 tt-435 AF038_1966_CT_SU2011_ER_02 ID:34 
"<o>"
	"o" Conjunction CC lang:es 00:00:08 00:00:12 tt-436 AF038_1966_CT_SU2011_ER_02 
"<el>"
	"el" Determiner ART Singular lang:es 00:00:08 00:00:12 tt-437 AF038_1966_CT_SU2011_ER_02 @Gram:Det:Art 
"<otro>"
	"otro" Determiner QU lang:es 00:00:08 00:00:12 tt-438 AF038_1966_CT_SU2011_ER_02 
"<$?>"
	"?" Punctuation FS lang:es 00:00:08 00:00:12 tt-439 AF038_1966_CT_SU2011_ER_02 
</speaker>
<speaker type="subj">

"<No>"
	"no" Adverb NEG lang:es 00:00:12 00:00:17 tt-440 AF038_1966_CT_SU2011_ER_02 
"<,>"
	"," Punctuation CM lang:es 00:00:12 00:00:17 tt-441 AF038_1966_CT_SU2011_ER_02 
"<siempre>"
	"siempre" Adverb ADV lang:es 00:00:12 00:00:17 tt-442 AF038_1966_CT_SU2011_ER_02 
"<fue>"
	"ser" Verb VSfin Pret Indi Sing 3rd lang:es 00:00:12 00:00:17 tt-443 AF038_1966_CT_SU2011_ER_02 @Gram:SerEstar:Ser 
"<que>"
	"que" Conjunction CQUE lang:es 00:00:12 00:00:17 tt-444 AF038_1966_CT_SU2011_ER_02 
"<hablaran>"
	"hablar" Verb VLfin Past Subj Plural 2nd_or_3rd lang:es 00:00:12 00:00:17 tt-445 AF038_1966_CT_SU2011_ER_02 @Gram:MSub:Pret 
"<los>"
	"el" Determiner ART Plural lang:es 00:00:12 00:00:17 tt-446 AF038_1966_CT_SU2011_ER_02 @Gram:Det:Art 
"<dos>"
	"dos" Determiner CARD Plural lang:es 00:00:12 00:00:17 tt-447 AF038_1966_CT_SU2011_ER_02 
"<idiomas>"
	"idioma" Noun NC Plural lang:es 00:00:12 00:00:17 tt-448 AF038_1966_CT_SU2011_ER_02 
"<,>"
	"," Punctuation CM lang:es 00:00:12 00:00:17 tt-449 AF038_1966_CT_SU2011_ER_02 
"<el>"
	"el" Determiner ART Singular lang:es 00:00:12 00:00:17 tt-450 AF038_1966_CT_SU2011_ER_02 @Gram:Det:Art 
"<que>"
	"que" Conjunction CQUE lang:es 00:00:12 00:00:17 tt-451 AF038_1966_CT_SU2011_ER_02 
"<ellos>"
	"él" Pronoun PPX Plural lang:es 00:00:12 00:00:17 tt-452 AF038_1966_CT_SU2011_ER_02 @Gram:Pron:Sujeto 
"<prefieran>"
	"preferir" Verb VLfin Past Subj Plural 2nd_or_3rd lang:es 00:00:12 00:00:17 tt-453 AF038_1966_CT_SU2011_ER_02 @Gram:MSub:Pret 
"<hablar>"
	"hablar" Verb VLinf Infinitive lang:es 00:00:12 00:00:17 tt-454 AF038_1966_CT_SU2011_ER_02 
"<,>"
	"," Punctuation CM lang:es 00:00:12 00:00:17 tt-455 AF038_1966_CT_SU2011_ER_02 
"<está>"
	"estar" Verb VEfin Pres Indi Sing 3rd lang:es 00:00:12 00:00:17 tt-456 AF038_1966_CT_SU2011_ER_02 @Gram:SerEstar:Estar 
"<bien>"
	"bien" Adverb ADV lang:es 00:00:17 00:00:18 tt-457 AF038_1966_CT_SU2011_ER_02 
"<$.>"
	"." Punctuation FS lang:es 00:00:17 00:00:18 tt-458 AF038_1966_CT_SU2011_ER_02 
</speaker>
<speaker type="int">

"<Y>"
	"Y" Other ALFS lang:es 00:00:18 00:00:24 tt-459 AF038_1966_CT_SU2011_ER_02 
"<qué>"
	"qué" Pronoun INT Singular lang:es 00:00:18 00:00:24 tt-460 AF038_1966_CT_SU2011_ER_02 
"<tal>"
	"tal" Determiner QU lang:es 00:00:18 00:00:24 tt-461 AF038_1966_CT_SU2011_ER_02 
"<si>"
	"si" Conjunction CSUBX lang:es 00:00:18 00:00:24 tt-462 AF038_1966_CT_SU2011_ER_02 
"<lo>"
	"él" Pronoun PPC Singular lang:es 00:00:18 00:00:24 tt-463 AF038_1966_CT_SU2011_ER_02 @Gram:Pron:Objeto 
"<mezclan>"
	"mezclar" Verb VLfin Pres Indi Plural 3rd lang:es 00:00:18 00:00:24 tt-464 AF038_1966_CT_SU2011_ER_02 
"<,>"
	"," Punctuation CM lang:es 00:00:18 00:00:24 tt-465 AF038_1966_CT_SU2011_ER_02 
"<$¿>"
	"¿" Punctuation FS lang:es 00:00:18 00:00:24 tt-466 AF038_1966_CT_SU2011_ER_02 
"<Se>"
	"se" Other SE lang:es 00:00:18 00:00:24 tt-467 AF038_1966_CT_SU2011_ER_02 @Gram:Pron:Otros 
"<le>"
	"él" Pronoun PPC Singular lang:es 00:00:18 00:00:24 tt-468 AF038_1966_CT_SU2011_ER_02 @Gram:Pron:Objeto 
"<hace>"
	"hacer" Verb VLfin Pres Indi Sing 3rd lang:es 00:00:18 00:00:24 tt-469 AF038_1966_CT_SU2011_ER_02 
"<bien>"
	"bien" Adverb ADV lang:es 00:00:18 00:00:24 tt-470 AF038_1966_CT_SU2011_ER_02 
"<,>"
	"," Punctuation CM lang:es 00:00:18 00:00:24 tt-471 AF038_1966_CT_SU2011_ER_02 
"<mal>"
	"mal" Adjective ADJ Singular lang:es 00:00:18 00:00:24 tt-472 AF038_1966_CT_SU2011_ER_02 
"<o>"
	"o" Conjunction CC lang:es 00:00:18 00:00:24 tt-473 AF038_1966_CT_SU2011_ER_02 
"<no>"
	"no" Adverb NEG lang:es 00:00:18 00:00:24 tt-474 AF038_1966_CT_SU2011_ER_02 
"<le>"
	"él" Pronoun PPC Singular lang:es 00:00:18 00:00:24 tt-475 AF038_1966_CT_SU2011_ER_02 @Gram:Pron:Objeto ID:74 
"<interesa>"
	"interesar" Verb VLfin Pres Indi Sing 3rd lang:es 00:00:18 00:00:24 tt-476 AF038_1966_CT_SU2011_ER_02 ID:75 R:Gram:Gustar:Ajenos:74 
"<$?>"
	"?" Punctuation FS lang:es 00:00:18 00:00:24 tt-477 AF038_1966_CT_SU2011_ER_02 

"<Pues>"
	"pues" Conjunction CSUBF lang:es 00:00:24 00:00:31 tt-478 AF038_1966_CT_SU2011_ER_02 
"<,>"
	"," Punctuation CM lang:es 00:00:24 00:00:31 tt-479 AF038_1966_CT_SU2011_ER_02 
"<depende>"
	"depender" Verb VLfin Pres Indi Sing 3rd lang:es 00:00:24 00:00:31 tt-480 AF038_1966_CT_SU2011_ER_02 
"<de>"
	"de" Preposition PREP lang:es 00:00:24 00:00:31 tt-481 AF038_1966_CT_SU2011_ER_02 @Gram:Prep 
"<cómo>"
	"cómo" Adverb ADV lang:es 00:00:24 00:00:31 tt-482 AF038_1966_CT_SU2011_ER_02 
"<lo>"
	"él" Pronoun PPC Singular lang:es 00:00:24 00:00:31 tt-483 AF038_1966_CT_SU2011_ER_02 @Gram:Pron:Objeto 
"<mezcle>"
	"mezclar" Verb VLfin Pres Subj Sing 1st_or_3rd lang:es 00:00:24 00:00:31 tt-484 AF038_1966_CT_SU2011_ER_02 @Gram:MSub:Pres 
"<$.>"
	"." Punctuation FS lang:es 00:00:24 00:00:31 tt-485 AF038_1966_CT_SU2011_ER_02 

"<Este>"
	"este" Determiner DM Singular lang:es 00:00:24 00:00:31 tt-486 AF038_1966_CT_SU2011_ER_02 @Prag:RecuDiscurso:GanarTiempo 
"<...>"
	"..." Punctuation DOTS lang:es 00:00:24 00:00:31 tt-487 AF038_1966_CT_SU2011_ER_02 
"<a>"
	"a" Adverb ADV lang:es 00:00:24 00:00:31 tt-488 AF038_1966_CT_SU2011_ER_02 
"<veces>"
	"veces" Adverb ADV lang:es 00:00:24 00:00:31 tt-489 AF038_1966_CT_SU2011_ER_02 
"<lo>"
	"él" Pronoun PPC Singular lang:es 00:00:24 00:00:31 tt-490 AF038_1966_CT_SU2011_ER_02 @Gram:Pron:Objeto 
"<hacen>"
	"hacer" Verb VLfin Pres Indi Plural 3rd lang:es 00:00:24 00:00:31 tt-491 AF038_1966_CT_SU2011_ER_02 
"<sin>"
	"sin" Preposition PREP lang:es 00:00:24 00:00:31 tt-492 AF038_1966_CT_SU2011_ER_02 @Gram:Prep 
"<querer>"
	"querer" Verb VLinf Infinitive lang:es 00:00:24 00:00:31 tt-493 AF038_1966_CT_SU2011_ER_02 
"<,>"
	"," Punctuation CM lang:es 00:00:24 00:00:31 tt-494 AF038_1966_CT_SU2011_ER_02 
"<pero>"
	"pero" Conjunction CCAD lang:es 00:00:24 00:00:31 tt-495 AF038_1966_CT_SU2011_ER_02 @Prag:MarcadoresDisc:Revision 
"<ellos>"
	"él" Pronoun PPX Plural lang:es 00:00:24 00:00:31 tt-496 AF038_1966_CT_SU2011_ER_02 @Gram:Pron:Sujeto 
"<tratan>"
	"tratar" Verb VLfin Pres Indi Plural 3rd lang:es 00:00:24 00:00:31 tt-497 AF038_1966_CT_SU2011_ER_02 
"<...>"
	"..." Punctuation DOTS lang:es 00:00:24 00:00:31 tt-498 AF038_1966_CT_SU2011_ER_02 
"<ellos>"
	"él" Pronoun PPX Plural lang:es 00:00:24 00:00:31 tt-499 AF038_1966_CT_SU2011_ER_02 @Gram:Pron:Sujeto 
"<siempre>"
	"siempre" Adverb ADV lang:es 00:00:31 00:00:36 tt-500 AF038_1966_CT_SU2011_ER_02 
"<tratan>"
	"tratar" Verb VLfin Pres Indi Plural 3rd lang:es 00:00:31 00:00:36 tt-501 AF038_1966_CT_SU2011_ER_02 
"<de>"
	"de" Preposition PREP lang:es 00:00:31 00:00:36 tt-502 AF038_1966_CT_SU2011_ER_02 @Gram:Prep 
"<hablarlo>"
	"hablar" Verb VLinf Pres Indi Sing 1st lang:es 00:00:31 00:00:36 tt-503 AF038_1966_CT_SU2011_ER_02 
"<,>"
	"," Punctuation CM lang:es 00:00:31 00:00:36 tt-504 AF038_1966_CT_SU2011_ER_02 
"<el>"
	"el" Determiner ART Singular lang:es 00:00:31 00:00:36 tt-505 AF038_1966_CT_SU2011_ER_02 @Gram:Det:Art 
"<español>"
	"español" Noun NC Singular lang:es 00:00:31 00:00:36 tt-506 AF038_1966_CT_SU2011_ER_02 
"<bien>"
	"bien" Adverb ADV lang:es 00:00:31 00:00:36 tt-507 AF038_1966_CT_SU2011_ER_02 
"<y>"
	"y" Conjunction CC lang:es 00:00:31 00:00:36 tt-508 AF038_1966_CT_SU2011_ER_02 
"<el>"
	"el" Determiner ART Singular lang:es 00:00:31 00:00:36 tt-509 AF038_1966_CT_SU2011_ER_02 @Gram:Det:Art 
"<inglés>"
	"inglés" Noun NC Plural lang:es 00:00:31 00:00:36 tt-510 AF038_1966_CT_SU2011_ER_02 
"<bien>"
	"bien" Adverb ADV lang:es 00:00:31 00:00:36 tt-511 AF038_1966_CT_SU2011_ER_02 
"<,>"
	"," Punctuation CM lang:es 00:00:31 00:00:36 tt-512 AF038_1966_CT_SU2011_ER_02 
"<pero>"
	"pero" Conjunction CCAD lang:es 00:00:31 00:00:36 tt-513 AF038_1966_CT_SU2011_ER_02 @Prag:MarcadoresDisc:Revision 
"<una>"
	"un" Determiner ART Singular lang:es 00:00:31 00:00:36 tt-514 AF038_1966_CT_SU2011_ER_02 
"<que>"
	"que" Conjunction CQUE lang:es 00:00:31 00:00:36 tt-515 AF038_1966_CT_SU2011_ER_02 
"<otra>"
	"otro" Determiner QU lang:es 00:00:31 00:00:36 tt-516 AF038_1966_CT_SU2011_ER_02 
"<palabra>"
	"palabra" Noun NC Singular lang:es 00:00:31 00:00:36 tt-517 AF038_1966_CT_SU2011_ER_02 
"<se>"
	"se" Other SE lang:es 00:00:36 00:00:37 tt-518 AF038_1966_CT_SU2011_ER_02 
"<pega>"
	"pegar" Verb VLfin Pres Indi Sing 3rd lang:es 00:00:36 00:00:37 tt-519 AF038_1966_CT_SU2011_ER_02 
"<a>"
	"a" Adverb ADV lang:es 00:00:36 00:00:37 tt-520 AF038_1966_CT_SU2011_ER_02 
"<veces>"
	"veces" Adverb ADV lang:es 00:00:36 00:00:37 tt-521 AF038_1966_CT_SU2011_ER_02 
"<$.>"
	"." Punctuation FS lang:es 00:00:36 00:00:37 tt-522 AF038_1966_CT_SU2011_ER_02 

"<$¿>"
	"¿" Punctuation FS lang:es 00:00:37 00:00:43 tt-523 AF038_1966_CT_SU2011_ER_02 
"<Y>"
	"y" Conjunction CC lang:es 00:00:37 00:00:43 tt-524 AF038_1966_CT_SU2011_ER_02 
"<usted>"
	"usted" Pronoun PPX Singular lang:es 00:00:37 00:00:43 tt-525 AF038_1966_CT_SU2011_ER_02 @Gram:Pron:Sujeto 
"<cómo>"
	"cómo" Adverb ADV lang:es 00:00:37 00:00:43 tt-526 AF038_1966_CT_SU2011_ER_02 
"<percibe>"
	"percibir" Verb VLfin Pres Indi Sing 3rd lang:es 00:00:37 00:00:43 tt-527 AF038_1966_CT_SU2011_ER_02 
"<,>"
	"," Punctuation CM lang:es 00:00:37 00:00:43 tt-528 AF038_1966_CT_SU2011_ER_02 
"<en>"
	"en" Adverb ADV lang:es 00:00:37 00:00:43 tt-529 AF038_1966_CT_SU2011_ER_02 
"<general>"
	"general" Adverb ADV lang:es 00:00:37 00:00:43 tt-530 AF038_1966_CT_SU2011_ER_02 
"<,>"
	"," Punctuation CM lang:es 00:00:37 00:00:43 tt-531 AF038_1966_CT_SU2011_ER_02 
"<el>"
	"el" Determiner ART Singular lang:es 00:00:37 00:00:43 tt-532 AF038_1966_CT_SU2011_ER_02 @Gram:Det:Art 
"<intercambio>"
	"intercambio" Noun NC Singular lang:es 00:00:37 00:00:43 tt-533 AF038_1966_CT_SU2011_ER_02 
"<de>"
	"de" Preposition PREP lang:es 00:00:37 00:00:43 tt-534 AF038_1966_CT_SU2011_ER_02 @Gram:Prep 
"<idiomas>"
	"idioma" Noun NC Plural lang:es 00:00:37 00:00:43 tt-535 AF038_1966_CT_SU2011_ER_02 
"<$?>"
	"?" Punctuation FS lang:es 00:00:37 00:00:43 tt-536 AF038_1966_CT_SU2011_ER_02 

"<El>"
	"el" Determiner ART Singular lang:es 00:00:37 00:00:43 tt-537 AF038_1966_CT_SU2011_ER_02 @Gram:Det:Art 
"<Spanglish>"
	"UNK" Noun NP Singular lang:es 00:00:37 00:00:43 tt-538 AF038_1966_CT_SU2011_ER_02 
"<,>"
	"," Punctuation CM lang:es 00:00:37 00:00:43 tt-539 AF038_1966_CT_SU2011_ER_02 
"<$¿>"
	"¿" Punctuation FS lang:es 00:00:37 00:00:43 tt-540 AF038_1966_CT_SU2011_ER_02 
"<se>"
	"se" Other SE lang:es 00:00:37 00:00:43 tt-541 AF038_1966_CT_SU2011_ER_02 @Gram:Pron:Otros 
"<le>"
	"él" Pronoun PPC Singular lang:es 00:00:43 00:00:47 tt-542 AF038_1966_CT_SU2011_ER_02 @Gram:Pron:Objeto 
"<hace>"
	"hacer" Verb VLfin Pres Indi Sing 3rd lang:es 00:00:43 00:00:47 tt-543 AF038_1966_CT_SU2011_ER_02 
"<algo>"
	"algo" Determiner QU lang:es 00:00:43 00:00:47 tt-544 AF038_1966_CT_SU2011_ER_02 
"<bien>"
	"bien" Noun NC Singular lang:es 00:00:43 00:00:47 tt-545 AF038_1966_CT_SU2011_ER_02 
"<,>"
	"," Punctuation CM lang:es 00:00:43 00:00:47 tt-546 AF038_1966_CT_SU2011_ER_02 
"<algo>"
	"algo" Determiner QU lang:es 00:00:43 00:00:47 tt-547 AF038_1966_CT_SU2011_ER_02 
"<que>"
	"que" Conjunction CQUE lang:es 00:00:43 00:00:47 tt-548 AF038_1966_CT_SU2011_ER_02 
"<no>"
	"no" Adverb NEG lang:es 00:00:43 00:00:47 tt-549 AF038_1966_CT_SU2011_ER_02 
"<debería>"
	"deber" Verb VMfin lang:es 00:00:43 00:00:47 tt-550 AF038_1966_CT_SU2011_ER_02 
"<suceder>"
	"suceder" Verb VLinf Pres Command Plural 2nd lang:es 00:00:43 00:00:47 tt-551 AF038_1966_CT_SU2011_ER_02 
"<o>"
	"o" Conjunction CC lang:es 00:00:43 00:00:47 tt-552 AF038_1966_CT_SU2011_ER_02 
"<...>"
	"..." Punctuation DOTS lang:es 00:00:43 00:00:47 tt-553 AF038_1966_CT_SU2011_ER_02 
"<$?>"
	"?" Punctuation FS lang:es 00:00:43 00:00:47 tt-554 AF038_1966_CT_SU2011_ER_02 

"<Pues>"
	"pues" Conjunction CSUBF lang:es 00:00:47 00:00:53 tt-555 AF038_1966_CT_SU2011_ER_02 
"<,>"
	"," Punctuation CM lang:es 00:00:47 00:00:53 tt-556 AF038_1966_CT_SU2011_ER_02 
"<hay>"
	"haber" Verb VHfin Pres Indi Sing 3rd lang:es 00:00:47 00:00:53 tt-557 AF038_1966_CT_SU2011_ER_02 @Gram:Haber:Exist 
"<algunas>"
	"alguno" Determiner QU lang:es 00:00:47 00:00:53 tt-558 AF038_1966_CT_SU2011_ER_02 
"<palabras>"
	"palabra" Noun NC Plural lang:es 00:00:47 00:00:53 tt-559 AF038_1966_CT_SU2011_ER_02 
"<que>"
	"que" Conjunction CQUE lang:es 00:00:47 00:00:53 tt-560 AF038_1966_CT_SU2011_ER_02 
"<suenan>"
	"sonar" Verb VLfin Pres Indi Plural 3rd lang:es 00:00:47 00:00:53 tt-561 AF038_1966_CT_SU2011_ER_02 
"<muy>"
	"muy" Adverb ADV lang:es 00:00:47 00:00:53 tt-562 AF038_1966_CT_SU2011_ER_02 
"<feo>"
	"feo" Adjective ADJ Singular lang:es 00:00:47 00:00:53 tt-563 AF038_1966_CT_SU2011_ER_02 
"<con>"
	"con" Preposition PREP lang:es 00:00:47 00:00:53 tt-564 AF038_1966_CT_SU2011_ER_02 @Gram:Prep 
"<el>"
	"el" Determiner ART Singular lang:es 00:00:47 00:00:53 tt-565 AF038_1966_CT_SU2011_ER_02 @Gram:Det:Art 
"<Spanglish>"
	"UNK" Noun NP Singular lang:es 00:00:47 00:00:53 tt-566 AF038_1966_CT_SU2011_ER_02 
"<,>"
	"," Punctuation CM lang:es 00:00:47 00:00:53 tt-567 AF038_1966_CT_SU2011_ER_02 
"<yo>"
	"yo" Pronoun PPX Singular lang:es 00:00:47 00:00:53 tt-568 AF038_1966_CT_SU2011_ER_02 @Gram:Pron:Sujeto 
"<pienso>"
	"pensar" Verb VLfin Pres Indi Sing 1st lang:es 00:00:47 00:00:53 tt-569 AF038_1966_CT_SU2011_ER_02 
"<que>"
	"que" Conjunction CQUE lang:es 00:00:47 00:00:53 tt-570 AF038_1966_CT_SU2011_ER_02 
"<sí>"
	"él" Pronoun PPX Singular lang:es 00:00:47 00:00:53 tt-571 AF038_1966_CT_SU2011_ER_02 
"<se>"
	"se" Other SE lang:es 00:00:53 00:00:56 tt-572 AF038_1966_CT_SU2011_ER_02 @Gram:Pron:Otros 
"<debería>"
	"deber" Verb VMfin lang:es 00:00:53 00:00:56 tt-573 AF038_1966_CT_SU2011_ER_02 
"<de>"
	"de" Preposition PREP lang:es 00:00:53 00:00:56 tt-574 AF038_1966_CT_SU2011_ER_02 @Gram:Prep 
"<...>"
	"..." Punctuation DOTS lang:es 00:00:53 00:00:56 tt-575 AF038_1966_CT_SU2011_ER_02 
"<de>"
	"de" Preposition PREP lang:es 00:00:53 00:00:56 tt-576 AF038_1966_CT_SU2011_ER_02 @Gram:Prep 
"<mejorar>"
	"mejorar" Verb VLinf Infinitive lang:es 00:00:53 00:00:56 tt-577 AF038_1966_CT_SU2011_ER_02 
"<,>"
	"," Punctuation CM lang:es 00:00:53 00:00:56 tt-578 AF038_1966_CT_SU2011_ER_02 
"<pero>"
	"pero" Conjunction CC lang:es 00:00:53 00:00:56 tt-579 AF038_1966_CT_SU2011_ER_02 @Prag:MarcadoresDisc:Revision 
"<...>"
	"..." Punctuation DOTS lang:es 00:00:53 00:00:56 tt-580 AF038_1966_CT_SU2011_ER_02 
"<$¿>"
	"¿" Punctuation FS lang:es 00:00:56 00:01:00 tt-581 AF038_1966_CT_SU2011_ER_02 
"<Como>"
	"como" Conjunction CSUBX lang:es 00:00:56 00:01:00 tt-582 AF038_1966_CT_SU2011_ER_02 
"<cuáles>"
	"cuál" Pronoun INT Plural lang:es 00:00:56 00:01:00 tt-583 AF038_1966_CT_SU2011_ER_02 
"<$?>"
	"?" Punctuation FS lang:es 00:00:56 00:01:00 tt-584 AF038_1966_CT_SU2011_ER_02 

"<$¿>"
	"¿" Punctuation FS lang:es 00:00:56 00:01:00 tt-585 AF038_1966_CT_SU2011_ER_02 
"<no>"
	"no" Adverb NEG lang:es 00:00:56 00:01:00 tt-586 AF038_1966_CT_SU2011_ER_02 
"<tiene>"
	"tener" Verb VLfin Pres Indi Sing 3rd lang:es 00:00:56 00:01:00 tt-587 AF038_1966_CT_SU2011_ER_02 
"<un>"
	"un" Determiner ART Singular lang:es 00:00:56 00:01:00 tt-588 AF038_1966_CT_SU2011_ER_02 
"<ejemplo>"
	"ejemplo" Noun NC Singular lang:es 00:00:56 00:01:00 tt-589 AF038_1966_CT_SU2011_ER_02 
"<$?>"
	"?" Punctuation FS lang:es 00:00:56 00:01:00 tt-590 AF038_1966_CT_SU2011_ER_02 

"<Pues>"
	"pues" Conjunction CSUBF lang:es 00:01:00 00:01:07 tt-591 AF038_1966_CT_SU2011_ER_02 
"<,>"
	"," Punctuation CM lang:es 00:01:00 00:01:07 tt-592 AF038_1966_CT_SU2011_ER_02 
"<como>"
	"como" Conjunction CSUBX lang:es 00:01:00 00:01:07 tt-593 AF038_1966_CT_SU2011_ER_02 
"<...>"
	"..." Punctuation DOTS lang:es 00:01:00 00:01:07 tt-594 AF038_1966_CT_SU2011_ER_02 
"<pues>"
	"pues" Conjunction CSUBF lang:es 00:01:00 00:01:07 tt-595 AF038_1966_CT_SU2011_ER_02 
"<no>"
	"no" Adverb NEG lang:es 00:01:00 00:01:07 tt-596 AF038_1966_CT_SU2011_ER_02 
"<sé>"
	"saber|ser" Verb VLfin Pres Indi Sing 1st lang:es 00:01:00 00:01:07 tt-597 AF038_1966_CT_SU2011_ER_02 
"<,>"
	"," Punctuation CM lang:es 00:01:00 00:01:07 tt-598 AF038_1966_CT_SU2011_ER_02 
"<mmm>"
	"mmm" Noun NP Singular lang:es 00:01:00 00:01:07 tt-599 AF038_1966_CT_SU2011_ER_02 
"<...>"
	"..." Punctuation DOTS lang:es 00:01:00 00:01:07 tt-600 AF038_1966_CT_SU2011_ER_02 
"<no>"
	"no" Adverb NEG lang:es 00:01:00 00:01:07 tt-601 AF038_1966_CT_SU2011_ER_02 
"<,>"
	"," Punctuation CM lang:es 00:01:00 00:01:07 tt-602 AF038_1966_CT_SU2011_ER_02 
"<no>"
	"no" Adverb NEG lang:es 00:01:00 00:01:07 tt-603 AF038_1966_CT_SU2011_ER_02 
"<se>"
	"se" Other SE lang:es 00:01:00 00:01:07 tt-604 AF038_1966_CT_SU2011_ER_02 @Gram:Pron:Otros 
"<me>"
	"yo" Pronoun PPX Singular lang:es 00:01:00 00:01:07 tt-605 AF038_1966_CT_SU2011_ER_02 @Gram:Pron:Objeto 
"<viene>"
	"venir" Verb VLfin Pres Indi Sing 3rd lang:es 00:01:00 00:01:07 tt-606 AF038_1966_CT_SU2011_ER_02 
"<ahorita>"
	"ahora" Adverb ADV lang:es 00:01:00 00:01:07 tt-607 AF038_1966_CT_SU2011_ER_02 
"<una>"
	"un" Determiner ART Singular lang:es 00:01:00 00:01:07 tt-608 AF038_1966_CT_SU2011_ER_02 
"<a>"
	"a" Preposition PREP lang:es 00:01:00 00:01:07 tt-609 AF038_1966_CT_SU2011_ER_02 @Gram:Prep 
"<la>"
	"el" Determiner ART Singular lang:es 00:01:00 00:01:07 tt-610 AF038_1966_CT_SU2011_ER_02 @Gram:Det:Art 
"<mente>"
	"mente" Noun NC Singular lang:es 00:01:00 00:01:07 tt-611 AF038_1966_CT_SU2011_ER_02 
"<,>"
	"," Punctuation CM lang:es 00:01:00 00:01:07 tt-612 AF038_1966_CT_SU2011_ER_02 
"<no>"
	"no" Adverb NEG lang:es 00:01:00 00:01:07 tt-613 AF038_1966_CT_SU2011_ER_02 
"<sé>"
	"saber|ser" Verb VLfin Pres Indi Sing 1st lang:es 00:01:15 00:01:16 tt-614 AF038_1966_CT_SU2011_ER_02 
"<$.>"
	"." Punctuation FS lang:es 00:01:15 00:01:16 tt-615 AF038_1966_CT_SU2011_ER_02 

"<Bueno>"
	"bueno" Adjective ADJ Singular lang:es 00:01:16 00:01:22 tt-616 AF038_1966_CT_SU2011_ER_02 
"<,>"
	"," Punctuation CM lang:es 00:01:16 00:01:22 tt-617 AF038_1966_CT_SU2011_ER_02 
"<pues>"
	"pues" Conjunction CSUBF lang:es 00:01:16 00:01:22 tt-618 AF038_1966_CT_SU2011_ER_02 
"<este>"
	"este" Determiner DM Singular lang:es 00:01:16 00:01:22 tt-619 AF038_1966_CT_SU2011_ER_02 @Prag:RecuDiscurso:GanarTiempo 
"<...>"
	"..." Punctuation DOTS lang:es 00:01:16 00:01:22 tt-620 AF038_1966_CT_SU2011_ER_02 
"<cual>"
	"cual" Pronoun REL Singular lang:es 00:01:16 00:01:22 tt-621 AF038_1966_CT_SU2011_ER_02 
"<...>"
	"..." Punctuation DOTS lang:es 00:01:16 00:01:22 tt-622 AF038_1966_CT_SU2011_ER_02 
"<noto>"
	"notar" Verb VLfin Pres Indi Sing 1st lang:es 00:01:16 00:01:22 tt-623 AF038_1966_CT_SU2011_ER_02 
"<que>"
	"que" Conjunction CQUE lang:es 00:01:16 00:01:22 tt-624 AF038_1966_CT_SU2011_ER_02 
"<tal>"
	"tal" Adverb ADV lang:es 00:01:16 00:01:22 tt-625 AF038_1966_CT_SU2011_ER_02 ID:224 R:Prag:MarcadoresDisc:Igualdad:225 
"<vez>"
	"vez" Adverb ADV lang:es 00:01:16 00:01:22 tt-626 AF038_1966_CT_SU2011_ER_02 ID:225 
"<sus>"
	"suyo" Pronoun PPO Plural lang:es 00:01:16 00:01:22 tt-627 AF038_1966_CT_SU2011_ER_02 @Gram:Det:Pos 
"<hijos>"
	"hijo" Noun NC Plural lang:es 00:01:16 00:01:22 tt-628 AF038_1966_CT_SU2011_ER_02 
"<hablan>"
	"hablar" Verb VLfin Pres Indi Plural 3rd lang:es 00:01:16 00:01:22 tt-629 AF038_1966_CT_SU2011_ER_02 
"<el>"
	"el" Determiner ART Singular lang:es 00:01:16 00:01:22 tt-630 AF038_1966_CT_SU2011_ER_02 @Gram:Det:Art 
"<Spanglish>"
	"UNK" Noun NP Singular lang:es 00:01:16 00:01:22 tt-631 AF038_1966_CT_SU2011_ER_02 
"<más>"
	"más" Adverb ADV lang:es 00:01:16 00:01:22 tt-632 AF038_1966_CT_SU2011_ER_02 
"<unos>"
	"un" Determiner ART Plural lang:es 00:01:16 00:01:22 tt-633 AF038_1966_CT_SU2011_ER_02 
"<más>"
	"más" Adverb ADV lang:es 00:01:22 00:01:23 tt-634 AF038_1966_CT_SU2011_ER_02 
"<que>"
	"que" Conjunction CQUE lang:es 00:01:22 00:01:23 tt-635 AF038_1966_CT_SU2011_ER_02 
"<otros>"
	"otro" Determiner QU lang:es 00:01:22 00:01:23 tt-636 AF038_1966_CT_SU2011_ER_02 
"<$.>"
	"." Punctuation FS lang:es 00:01:22 00:01:23 tt-637 AF038_1966_CT_SU2011_ER_02 

"<Sí>"
	"sí" Adverb ADV lang:es 00:01:23 00:01:30 tt-638 AF038_1966_CT_SU2011_ER_02 
"<,>"
	"," Punctuation CM lang:es 00:01:23 00:01:30 tt-639 AF038_1966_CT_SU2011_ER_02 
"<porque>"
	"porque" Conjunction CSUBX lang:es 00:01:23 00:01:30 tt-640 AF038_1966_CT_SU2011_ER_02 @Prag:MarcadoresDisc:Causa 
"<unos>"
	"un" Determiner ART Plural lang:es 00:01:23 00:01:30 tt-641 AF038_1966_CT_SU2011_ER_02 
"<están>"
	"estar" Verb VEfin Pres Indi Plural 3rd lang:es 00:01:23 00:01:30 tt-642 AF038_1966_CT_SU2011_ER_02 @Gram:SerEstar:Estar 
"<más>"
	"más" Adverb ADV lang:es 00:01:23 00:01:30 tt-643 AF038_1966_CT_SU2011_ER_02 
"<preparados>"
	"preparar" Verb VLadj lang:es 00:01:23 00:01:30 tt-644 AF038_1966_CT_SU2011_ER_02 
"<que>"
	"que" Conjunction CQUE lang:es 00:01:23 00:01:30 tt-645 AF038_1966_CT_SU2011_ER_02 
"<otros>"
	"otro" Determiner QU lang:es 00:01:23 00:01:30 tt-646 AF038_1966_CT_SU2011_ER_02 
"<$.>"
	"." Punctuation FS lang:es 00:01:23 00:01:30 tt-647 AF038_1966_CT_SU2011_ER_02 

"<Unos>"
	"un" Determiner ART Plural lang:es 00:01:23 00:01:30 tt-648 AF038_1966_CT_SU2011_ER_02 
"<ya>"
	"ya" Adverb ADV lang:es 00:01:23 00:01:30 tt-649 AF038_1966_CT_SU2011_ER_02 
"<están>"
	"estar" Verb VEfin Pres Indi Plural 3rd lang:es 00:01:23 00:01:30 tt-650 AF038_1966_CT_SU2011_ER_02 @Gram:SerEstar:Estar 
"<en>"
	"en" Preposition PREP lang:es 00:01:23 00:01:30 tt-651 AF038_1966_CT_SU2011_ER_02 @Gram:Prep 
"<la>"
	"el" Determiner ART Singular lang:es 00:01:23 00:01:30 tt-652 AF038_1966_CT_SU2011_ER_02 @Gram:Det:Art 
"<universidad>"
	"universidad" Noun NC Singular lang:es 00:01:23 00:01:30 tt-653 AF038_1966_CT_SU2011_ER_02 
"<,>"
	"," Punctuation CM lang:es 00:01:23 00:01:30 tt-654 AF038_1966_CT_SU2011_ER_02 
"<uno>"
	"uno" Determiner CARD Singular lang:es 00:01:32 00:01:38 tt-655 AF038_1966_CT_SU2011_ER_02 
"<ya>"
	"ya" Adverb ADV lang:es 00:01:32 00:01:38 tt-656 AF038_1966_CT_SU2011_ER_02 
"<se>"
	"se" Other SE lang:es 00:01:32 00:01:38 tt-657 AF038_1966_CT_SU2011_ER_02 
"<graduó>"
	"graduar" Verb VLfin Pret Indi Sing 3rd lang:es 00:01:32 00:01:38 tt-658 AF038_1966_CT_SU2011_ER_02 @Gram:Indefinido 
"<y>"
	"y" Conjunction CC lang:es 00:01:32 00:01:38 tt-659 AF038_1966_CT_SU2011_ER_02 
"<los>"
	"el" Determiner ART Plural lang:es 00:01:32 00:01:38 tt-660 AF038_1966_CT_SU2011_ER_02 @Gram:Det:Art 
"<otros>"
	"otro" Determiner QU lang:es 00:01:32 00:01:38 tt-661 AF038_1966_CT_SU2011_ER_02 
"<apenas>"
	"apenas" Adverb ADV lang:es 00:01:32 00:01:38 tt-662 AF038_1966_CT_SU2011_ER_02 
"<están>"
	"estar" Verb VEfin Pres Indi Plural 3rd lang:es 00:01:32 00:01:38 tt-663 AF038_1966_CT_SU2011_ER_02 @Gram:SerEstar:Estar ID:262 R:Gram:SerEstar:EstarAux:263 
"<empezando>"
	"empezar" Verb VLger lang:es 00:01:32 00:01:38 tt-664 AF038_1966_CT_SU2011_ER_02 ID:263 
"<$.>"
	"." Punctuation FS lang:es 00:01:32 00:01:38 tt-665 AF038_1966_CT_SU2011_ER_02 

"<Los>"
	"el" Determiner ART Plural lang:es 00:01:32 00:01:38 tt-666 AF038_1966_CT_SU2011_ER_02 @Gram:Det:Art 
"<...>"
	"..." Punctuation DOTS lang:es 00:01:32 00:01:38 tt-667 AF038_1966_CT_SU2011_ER_02 
"<los>"
	"el" Determiner ART Plural lang:es 00:01:32 00:01:38 tt-668 AF038_1966_CT_SU2011_ER_02 @Gram:Det:Art 
"<mayores>"
	"grande" Adjective ADJ Plural lang:es 00:01:32 00:01:38 tt-669 AF038_1966_CT_SU2011_ER_02 
"<eh>"
	"eh" Noun NP Singular lang:es 00:01:32 00:01:38 tt-670 AF038_1966_CT_SU2011_ER_02 
"<...>"
	"..." Punctuation DOTS lang:es 00:01:32 00:01:38 tt-671 AF038_1966_CT_SU2011_ER_02 
"<tuvieron>"
	"tener" Verb VLfin Pret Indi Plural 3rd lang:es 00:01:32 00:01:38 tt-672 AF038_1966_CT_SU2011_ER_02 @Gram:Indefinido 
"<sus>"
	"suyo" Pronoun PPO Plural lang:es 00:01:38 00:01:45 tt-673 AF038_1966_CT_SU2011_ER_02 @Gram:Det:Pos 
"<primeros>"
	"primero" Adjective ORD Plural lang:es 00:01:38 00:01:45 tt-674 AF038_1966_CT_SU2011_ER_02 Gram:Adj:Ord 
"<años>"
	"año" Noun NC Plural lang:es 00:01:38 00:01:45 tt-675 AF038_1966_CT_SU2011_ER_02 
"<en>"
	"en" Preposition PREP lang:es 00:01:38 00:01:45 tt-676 AF038_1966_CT_SU2011_ER_02 @Gram:Prep 
"<las>"
	"el" Determiner ART Plural lang:es 00:01:38 00:01:45 tt-677 AF038_1966_CT_SU2011_ER_02 @Gram:Det:Art 
"<escuelas>"
	"escuela" Noun NC Plural lang:es 00:01:38 00:01:45 tt-678 AF038_1966_CT_SU2011_ER_02 
"<en>"
	"en" Preposition PREP lang:es 00:01:38 00:01:45 tt-679 AF038_1966_CT_SU2011_ER_02 @Gram:Prep 
"<México>"
	"México" Noun NP Singular lang:es 00:01:38 00:01:45 tt-680 AF038_1966_CT_SU2011_ER_02 
"<y>"
	"y" Conjunction CC lang:es 00:01:38 00:01:45 tt-681 AF038_1966_CT_SU2011_ER_02 
"<los>"
	"el" Determiner ART Plural lang:es 00:01:38 00:01:45 tt-682 AF038_1966_CT_SU2011_ER_02 @Gram:Det:Art 
"<...>"
	"..." Punctuation DOTS lang:es 00:01:38 00:01:45 tt-683 AF038_1966_CT_SU2011_ER_02 
"<y>"
	"y" Conjunction CC lang:es 00:01:38 00:01:45 tt-684 AF038_1966_CT_SU2011_ER_02 
"<los>"
	"el" Determiner ART Plural lang:es 00:01:38 00:01:45 tt-685 AF038_1966_CT_SU2011_ER_02 @Gram:Det:Art 
"<más>"
	"más" Adverb ADV lang:es 00:01:38 00:01:45 tt-686 AF038_1966_CT_SU2011_ER_02 
"<chicos>"
	"chico" Adjective ADJ Plural lang:es 00:01:38 00:01:45 tt-687 AF038_1966_CT_SU2011_ER_02 
"<,>"
	"," Punctuation CM lang:es 00:01:38 00:01:45 tt-688 AF038_1966_CT_SU2011_ER_02 
"<no>"
	"no" Adverb NEG lang:es 00:01:38 00:01:45 tt-689 AF038_1966_CT_SU2011_ER_02 
"<,>"
	"," Punctuation CM lang:es 00:01:38 00:01:45 tt-690 AF038_1966_CT_SU2011_ER_02 
"<los>"
	"el" Determiner ART Plural lang:es 00:01:38 00:01:45 tt-691 AF038_1966_CT_SU2011_ER_02 @Gram:Det:Art 
"<más>"
	"más" Adverb ADV lang:es 00:01:38 00:01:45 tt-692 AF038_1966_CT_SU2011_ER_02 
"<chicos>"
	"chico" Adjective ADJ Plural lang:es 00:01:38 00:01:45 tt-693 AF038_1966_CT_SU2011_ER_02 
"<tienen>"
	"tener" Verb VLfin Pres Indi Plural 3rd lang:es 00:01:46 00:01:53 tt-694 AF038_1966_CT_SU2011_ER_02 
"<puro>"
	"puro" Adjective ADJ Singular lang:es 00:01:46 00:01:53 tt-695 AF038_1966_CT_SU2011_ER_02 
"<...>"
	"..." Punctuation DOTS lang:es 00:01:46 00:01:53 tt-696 AF038_1966_CT_SU2011_ER_02 
"<empezaron>"
	"empezar" Verb VLfin Pret Indi Plural 3rd lang:es 00:01:46 00:01:53 tt-697 AF038_1966_CT_SU2011_ER_02 @Gram:Indefinido 
"<la>"
	"el" Determiner ART Singular lang:es 00:01:46 00:01:53 tt-698 AF038_1966_CT_SU2011_ER_02 @Gram:Det:Art 
"<escuela>"
	"escuela" Noun NC Singular lang:es 00:01:46 00:01:53 tt-699 AF038_1966_CT_SU2011_ER_02 
"<desde>"
	"desde" Preposition PREP lang:es 00:01:46 00:01:53 tt-700 AF038_1966_CT_SU2011_ER_02 @Gram:Prep 
"<muy>"
	"muy" Adverb ADV lang:es 00:01:46 00:01:53 tt-701 AF038_1966_CT_SU2011_ER_02 
"<chi>"
	"UNK" Verb VLfin Error1 lang:es 00:01:46 00:01:53 tt-702 AF038_1966_CT_SU2011_ER_02 
"<...>"
	"..." Punctuation DOTS lang:es 00:01:46 00:01:53 tt-703 AF038_1966_CT_SU2011_ER_02 
"<desde>"
	"desde" Preposition PREP lang:es 00:01:46 00:01:53 tt-704 AF038_1966_CT_SU2011_ER_02 @Gram:Prep 
"<Gestar>"
	"UNK" Verb VLinf Infinitive lang:es 00:01:46 00:01:53 tt-705 AF038_1966_CT_SU2011_ER_02 
"<aquí>"
	"aquí" Adverb ADV lang:es 00:01:46 00:01:53 tt-706 AF038_1966_CT_SU2011_ER_02 
"<,>"
	"," Punctuation CM lang:es 00:01:46 00:01:53 tt-707 AF038_1966_CT_SU2011_ER_02 
"<por>"
	"por" Preposition PREP lang:es 00:01:46 00:01:53 tt-708 AF038_1966_CT_SU2011_ER_02 @Gram:Prep:Por 
"<eso>"
	"ese" Determiner DM Singular lang:es 00:01:46 00:01:53 tt-709 AF038_1966_CT_SU2011_ER_02 
"<es>"
	"ser" Verb VSfin Pres Indi Sing 3rd lang:es 00:01:46 00:01:53 tt-710 AF038_1966_CT_SU2011_ER_02 @Gram:SerEstar:Ser 
"<diferente>"
	"diferente" Adjective ADJ Singular lang:es 00:01:46 00:01:53 tt-711 AF038_1966_CT_SU2011_ER_02 
"<,>"
	"," Punctuation CM lang:es 00:01:46 00:01:53 tt-712 AF038_1966_CT_SU2011_ER_02 
"<cómo>"
	"cómo" Adverb ADV lang:es 00:01:54 00:01:58 tt-713 AF038_1966_CT_SU2011_ER_02 
"<hablan>"
	"hablar" Verb VLfin Pres Indi Plural 3rd lang:es 00:01:54 00:01:58 tt-714 AF038_1966_CT_SU2011_ER_02 
"<los>"
	"el" Determiner ART Plural lang:es 00:01:54 00:01:58 tt-715 AF038_1966_CT_SU2011_ER_02 @Gram:Det:Art 
"<mayor>"
	"grande" Adjective ADJ Singular lang:es 00:01:54 00:01:58 tt-716 AF038_1966_CT_SU2011_ER_02 
"<el>"
	"el" Determiner ART Singular lang:es 00:01:54 00:01:58 tt-717 AF038_1966_CT_SU2011_ER_02 @Gram:Det:Art 
"<español>"
	"español" Noun NC Singular lang:es 00:01:54 00:01:58 tt-718 AF038_1966_CT_SU2011_ER_02 
"<,>"
	"," Punctuation CM lang:es 00:01:54 00:01:58 tt-719 AF038_1966_CT_SU2011_ER_02 
"<a>"
	"a" Preposition PREP lang:es 00:01:54 00:01:58 tt-720 AF038_1966_CT_SU2011_ER_02 @Gram:Prep 
"<cómo>"
	"cómo" Adverb ADV lang:es 00:01:54 00:01:58 tt-721 AF038_1966_CT_SU2011_ER_02 
"<hablan>"
	"hablar" Verb VLfin Pres Indi Plural 3rd lang:es 00:01:54 00:01:58 tt-722 AF038_1966_CT_SU2011_ER_02 
"<los>"
	"el" Determiner ART Plural lang:es 00:01:54 00:01:58 tt-723 AF038_1966_CT_SU2011_ER_02 @Gram:Det:Art 
"<más>"
	"más" Adverb ADV lang:es 00:01:54 00:01:58 tt-724 AF038_1966_CT_SU2011_ER_02 
"<chicos>"
	"chico" Adjective ADJ Plural lang:es 00:01:54 00:01:58 tt-725 AF038_1966_CT_SU2011_ER_02 
"<el>"
	"el" Determiner ART Singular lang:es 00:01:54 00:01:58 tt-726 AF038_1966_CT_SU2011_ER_02 @Gram:Det:Art 
"<español>"
	"español" Noun NC Singular lang:es 00:01:54 00:01:58 tt-727 AF038_1966_CT_SU2011_ER_02 
"<$.>"
	"." Punctuation FS lang:es 00:01:54 00:01:58 tt-728 AF038_1966_CT_SU2011_ER_02 

"<Y>"
	"Y" Other ALFS lang:es 00:01:58 00:02:02 tt-729 AF038_1966_CT_SU2011_ER_02 
"<Gestar>"
	"UNK" Noun NC Singular lang:es 00:01:58 00:02:02 tt-730 AF038_1966_CT_SU2011_ER_02 
"<es>"
	"ser" Verb VSfin Pres Indi Sing 3rd lang:es 00:01:58 00:02:02 tt-731 AF038_1966_CT_SU2011_ER_02 @Gram:SerEstar:Ser 
"<un>"
	"un" Determiner ART Singular lang:es 00:01:58 00:02:02 tt-732 AF038_1966_CT_SU2011_ER_02 ID:331 R:Gram:Genero:ExcepMasc:332 
"<programa>"
	"programa" Noun NC Singular lang:es 00:01:58 00:02:02 tt-733 AF038_1966_CT_SU2011_ER_02 ID:332 
"<de>"
	"de" Preposition PREP lang:es 00:01:58 00:02:02 tt-734 AF038_1966_CT_SU2011_ER_02 @Gram:Prep 
"<como>"
	"como" Adverb ADV lang:es 00:01:58 00:02:02 tt-735 AF038_1966_CT_SU2011_ER_02 
"<de>"
	"de" Preposition PREP lang:es 00:01:58 00:02:02 tt-736 AF038_1966_CT_SU2011_ER_02 @Gram:Prep 
"<pre-kinder>"
	"UNK" Verb VLinf Infinitive lang:es 00:01:58 00:02:02 tt-737 AF038_1966_CT_SU2011_ER_02 
"<,>"
	"," Punctuation CM lang:es 00:01:58 00:02:02 tt-738 AF038_1966_CT_SU2011_ER_02 
"<$¿>"
	"¿" Punctuation FS lang:es 00:01:58 00:02:02 tt-739 AF038_1966_CT_SU2011_ER_02 
"<no>"
	"no" Adverb NEG lang:es 00:01:58 00:02:02 tt-740 AF038_1966_CT_SU2011_ER_02 
"<$?>"
	"?" Punctuation FS lang:es 00:01:58 00:02:02 tt-741 AF038_1966_CT_SU2011_ER_02 

"<aquí>"
	"aquí" Adverb ADV lang:es 00:01:58 00:02:02 tt-742 AF038_1966_CT_SU2011_ER_02 
"<$.>"
	"." Punctuation FS lang:es 00:01:58 00:02:02 tt-743 AF038_1966_CT_SU2011_ER_02 
</speaker>
<speaker type="subj">

"<Ajá>"
	"ajá" Noun NP Singular lang:es 00:02:02 00:02:07 tt-744 AF038_1966_CT_SU2011_ER_02 
"<,>"
	"," Punctuation CM lang:es 00:02:02 00:02:07 tt-745 AF038_1966_CT_SU2011_ER_02 
"<sí>"
	"sí" Adverb ADV lang:es 00:02:02 00:02:07 tt-746 AF038_1966_CT_SU2011_ER_02 
"<,>"
	"," Punctuation CM lang:es 00:02:02 00:02:07 tt-747 AF038_1966_CT_SU2011_ER_02 
"<sí>"
	"sí" Adverb ADV lang:es 00:02:02 00:02:07 tt-748 AF038_1966_CT_SU2011_ER_02 
"<,>"
	"," Punctuation CM lang:es 00:02:02 00:02:07 tt-749 AF038_1966_CT_SU2011_ER_02 
"<empiezan>"
	"empezar" Verb VLfin Pres Indi Plural 3rd lang:es 00:02:02 00:02:07 tt-750 AF038_1966_CT_SU2011_ER_02 ID:349 R:Vocab:Fraseol:VerbPrep:350 
"<desde>"
	"desde" Preposition PREP lang:es 00:02:02 00:02:07 tt-751 AF038_1966_CT_SU2011_ER_02 @Gram:Prep ID:350 
"<los>"
	"el" Determiner ART Plural lang:es 00:02:02 00:02:07 tt-752 AF038_1966_CT_SU2011_ER_02 @Gram:Det:Art 
"<tres>"
	"tres" Determiner CARD Plural lang:es 00:02:02 00:02:07 tt-753 AF038_1966_CT_SU2011_ER_02 
"<años>"
	"año" Noun NC Plural lang:es 00:02:02 00:02:07 tt-754 AF038_1966_CT_SU2011_ER_02 
"<en>"
	"en" Preposition PREP lang:es 00:02:02 00:02:07 tt-755 AF038_1966_CT_SU2011_ER_02 @Gram:Prep 
"<la>"
	"el" Determiner ART Singular lang:es 00:02:02 00:02:07 tt-756 AF038_1966_CT_SU2011_ER_02 @Gram:Det:Art 
"<escuela>"
	"escuela" Noun NC Singular lang:es 00:02:02 00:02:07 tt-757 AF038_1966_CT_SU2011_ER_02 
"<$.>"
	"." Punctuation FS lang:es 00:02:02 00:02:07 tt-758 AF038_1966_CT_SU2011_ER_02 
</speaker>
<speaker type="int">

"<Y>"
	"y" Conjunction CC lang:es 00:02:07 00:02:13 tt-759 AF038_1966_CT_SU2011_ER_02 
"<creciendo>"
	"crecer" Verb VLger lang:es 00:02:07 00:02:13 tt-760 AF038_1966_CT_SU2011_ER_02 
"<los>"
	"el" Determiner ART Plural lang:es 00:02:07 00:02:13 tt-761 AF038_1966_CT_SU2011_ER_02 @Gram:Det:Art 
"<niños>"
	"niño" Noun NC Plural lang:es 00:02:07 00:02:13 tt-762 AF038_1966_CT_SU2011_ER_02 
"<,>"
	"," Punctuation CM lang:es 00:02:07 00:02:13 tt-763 AF038_1966_CT_SU2011_ER_02 
"<los>"
	"el" Determiner ART Plural lang:es 00:02:07 00:02:13 tt-764 AF038_1966_CT_SU2011_ER_02 @Gram:Det:Art 
"<hijos>"
	"hijo" Noun NC Plural lang:es 00:02:07 00:02:13 tt-765 AF038_1966_CT_SU2011_ER_02 
"<,>"
	"," Punctuation CM lang:es 00:02:07 00:02:13 tt-766 AF038_1966_CT_SU2011_ER_02 
"<$¿>"
	"¿" Punctuation FS lang:es 00:02:07 00:02:13 tt-767 AF038_1966_CT_SU2011_ER_02 
"<alguna>"
	"alguno" Determiner QU lang:es 00:02:07 00:02:13 tt-768 AF038_1966_CT_SU2011_ER_02 
"<vez>"
	"vez" Noun NC Singular lang:es 00:02:07 00:02:13 tt-769 AF038_1966_CT_SU2011_ER_02 
"<les>"
	"él" Pronoun PPC Plural lang:es 00:02:07 00:02:13 tt-770 AF038_1966_CT_SU2011_ER_02 @Gram:Pron:Objeto 
"<dijo>"
	"decir" Verb VLfin Pres Indi Sing 1st lang:es 00:02:07 00:02:13 tt-771 AF038_1966_CT_SU2011_ER_02 
"<que>"
	"que" Conjunction CQUE lang:es 00:02:07 00:02:13 tt-772 AF038_1966_CT_SU2011_ER_02 
"<no>"
	"no" Adverb NEG lang:es 00:02:07 00:02:13 tt-773 AF038_1966_CT_SU2011_ER_02 
"<mezclaran>"
	"mezclar" Verb VLfin Past Subj Plural 2nd_or_3rd lang:es 00:02:07 00:02:13 tt-774 AF038_1966_CT_SU2011_ER_02 @Gram:MSub:Pret 
"<el>"
	"el" Determiner ART Singular lang:es 00:02:07 00:02:13 tt-775 AF038_1966_CT_SU2011_ER_02 @Gram:Det:Art 
"<español>"
	"español" Noun NC Singular lang:es 00:02:07 00:02:13 tt-776 AF038_1966_CT_SU2011_ER_02 
"<inglés>"
	"inglés" Adjective ADJ Plural lang:es 00:02:13 00:02:14 tt-777 AF038_1966_CT_SU2011_ER_02 
"<o>"
	"o" Other ALFS lang:es 00:02:13 00:02:14 tt-778 AF038_1966_CT_SU2011_ER_02 
"<...>"
	"..." Punctuation DOTS lang:es 00:02:13 00:02:14 tt-779 AF038_1966_CT_SU2011_ER_02 
"<$?>"
	"?" Punctuation FS lang:es 00:02:13 00:02:14 tt-780 AF038_1966_CT_SU2011_ER_02 
</speaker>
<speaker type="subj">

"<No>"
	"no" Adverb NEG lang:es 00:02:14 00:02:21 tt-781 AF038_1966_CT_SU2011_ER_02 
"<,>"
	"," Punctuation CM lang:es 00:02:14 00:02:21 tt-782 AF038_1966_CT_SU2011_ER_02 
"<nunca>"
	"nunca" Adverb ADV lang:es 00:02:14 00:02:21 tt-783 AF038_1966_CT_SU2011_ER_02 
"<,>"
	"," Punctuation CM lang:es 00:02:14 00:02:21 tt-784 AF038_1966_CT_SU2011_ER_02 
"<siempre>"
	"siempre" Adverb ADV lang:es 00:02:14 00:02:21 tt-785 AF038_1966_CT_SU2011_ER_02 
"<he>"
	"haber" Verb VHfin Pres Indi Sing 1st lang:es 00:02:14 00:02:21 tt-786 AF038_1966_CT_SU2011_ER_02 ID:385 R:Gram:Aux:Haber:386 R:Gram:PerfPerif:386 
"<dicho>"
	"decir" Verb VLadj lang:es 00:02:14 00:02:21 tt-787 AF038_1966_CT_SU2011_ER_02 ID:386 
"<que>"
	"que" Conjunction CQUE lang:es 00:02:14 00:02:21 tt-788 AF038_1966_CT_SU2011_ER_02 
"<ellos>"
	"él" Pronoun PPX Plural lang:es 00:02:14 00:02:21 tt-789 AF038_1966_CT_SU2011_ER_02 @Gram:Pron:Sujeto 
"<pueden>"
	"poder" Verb VMfin lang:es 00:02:14 00:02:21 tt-790 AF038_1966_CT_SU2011_ER_02 
"<tener>"
	"tener" Verb VLinf Infinitive lang:es 00:02:14 00:02:21 tt-791 AF038_1966_CT_SU2011_ER_02 
"<su>"
	"suyo" Pronoun PPO Singular lang:es 00:02:14 00:02:21 tt-792 AF038_1966_CT_SU2011_ER_02 
"<...>"
	"..." Punctuation DOTS lang:es 00:02:14 00:02:21 tt-793 AF038_1966_CT_SU2011_ER_02 
"<pues>"
	"pues" Conjunction CSUBF lang:es 00:02:14 00:02:21 tt-794 AF038_1966_CT_SU2011_ER_02 
"<,>"
	"," Punctuation CM lang:es 00:02:14 00:02:21 tt-795 AF038_1966_CT_SU2011_ER_02 
"<ellos>"
	"él" Pronoun PPX Plural lang:es 00:02:14 00:02:21 tt-796 AF038_1966_CT_SU2011_ER_02 @Gram:Pron:Sujeto 
"<pueden>"
	"poder" Verb VMfin lang:es 00:02:14 00:02:21 tt-797 AF038_1966_CT_SU2011_ER_02 
"<hablar>"
	"hablar" Verb VLinf Infinitive lang:es 00:02:14 00:02:21 tt-798 AF038_1966_CT_SU2011_ER_02 
"<como>"
	"como" Conjunction CSUBX lang:es 00:02:21 00:02:25 tt-799 AF038_1966_CT_SU2011_ER_02 
"<ellos>"
	"él" Pronoun PPX Plural lang:es 00:02:21 00:02:25 tt-800 AF038_1966_CT_SU2011_ER_02 @Gram:Pron:Sujeto 
"<quieren>"
	"querer" Verb VLfin Pres Indi Plural 3rd lang:es 00:02:21 00:02:25 tt-801 AF038_1966_CT_SU2011_ER_02 
"<,>"
	"," Punctuation CM lang:es 00:02:21 00:02:25 tt-802 AF038_1966_CT_SU2011_ER_02 
"<no>"
	"no" Adverb NEG lang:es 00:02:21 00:02:25 tt-803 AF038_1966_CT_SU2011_ER_02 
"<,>"
	"," Punctuation CM lang:es 00:02:21 00:02:25 tt-804 AF038_1966_CT_SU2011_ER_02 
"<nunca>"
	"nunca" Adverb ADV lang:es 00:02:21 00:02:25 tt-805 AF038_1966_CT_SU2011_ER_02 
"<les>"
	"él" Pronoun PPC Plural lang:es 00:02:21 00:02:25 tt-806 AF038_1966_CT_SU2011_ER_02 @Gram:Pron:Objeto 
"<impuse>"
	"UNK" Verb VLfin Pres Subj Sing 1st_or_3rd lang:es 00:02:21 00:02:25 tt-807 AF038_1966_CT_SU2011_ER_02 @Gram:MSub:Pres 
"<que>"
	"que" Conjunction CQUE lang:es 00:02:21 00:02:25 tt-808 AF038_1966_CT_SU2011_ER_02 
"<hablaran>"
	"hablar" Verb VLfin Past Subj Plural 2nd_or_3rd lang:es 00:02:21 00:02:25 tt-809 AF038_1966_CT_SU2011_ER_02 @Gram:MSub:Pret 
"<puro>"
	"puro" Adjective ADJ Singular lang:es 00:02:21 00:02:25 tt-810 AF038_1966_CT_SU2011_ER_02 
"<español>"
	"español" Noun NC Singular lang:es 00:02:21 00:02:25 tt-811 AF038_1966_CT_SU2011_ER_02 
"<o>"
	"o" Conjunction CC lang:es 00:02:21 00:02:25 tt-812 AF038_1966_CT_SU2011_ER_02 
"<que>"
	"que" Conjunction CQUE lang:es 00:02:21 00:02:25 tt-813 AF038_1966_CT_SU2011_ER_02 
"<puro>"
	"puro" Adjective ADJ Singular lang:es 00:02:21 00:02:25 tt-814 AF038_1966_CT_SU2011_ER_02 
"<inglés>"
	"inglés" Noun NC Plural lang:es 00:02:21 00:02:25 tt-815 AF038_1966_CT_SU2011_ER_02 
"<,>"
	"," Punctuation CM lang:es 00:02:21 00:02:25 tt-816 AF038_1966_CT_SU2011_ER_02 
"<no>"
	"no" Adverb NEG lang:es 00:02:25 00:02:30 tt-817 AF038_1966_CT_SU2011_ER_02 
"<,>"
	"," Punctuation CM lang:es 00:02:25 00:02:30 tt-818 AF038_1966_CT_SU2011_ER_02 
"<no>"
	"no" Adverb NEG lang:es 00:02:25 00:02:30 tt-819 AF038_1966_CT_SU2011_ER_02 
"<,>"
	"," Punctuation CM lang:es 00:02:25 00:02:30 tt-820 AF038_1966_CT_SU2011_ER_02 
"<ellos>"
	"él" Pronoun PPX Plural lang:es 00:02:25 00:02:30 tt-821 AF038_1966_CT_SU2011_ER_02 @Gram:Pron:Sujeto 
"<tienen>"
	"tener" Verb VLfin Pres Indi Plural 3rd lang:es 00:02:25 00:02:30 tt-822 AF038_1966_CT_SU2011_ER_02 
"<el>"
	"el" Determiner ART Singular lang:es 00:02:25 00:02:30 tt-823 AF038_1966_CT_SU2011_ER_02 @Gram:Det:Art 
"<derecho>"
	"derecho" Noun NC Singular lang:es 00:02:25 00:02:30 tt-824 AF038_1966_CT_SU2011_ER_02 
"<de>"
	"de" Conjunction CSUBI lang:es 00:02:25 00:02:30 tt-825 AF038_1966_CT_SU2011_ER_02 
"<hablar>"
	"hablar" Verb VLinf Infinitive lang:es 00:02:25 00:02:30 tt-826 AF038_1966_CT_SU2011_ER_02 
"<los>"
	"el" Determiner ART Plural lang:es 00:02:25 00:02:30 tt-827 AF038_1966_CT_SU2011_ER_02 @Gram:Det:Art 
"<dos>"
	"dos" Determiner CARD Plural lang:es 00:02:25 00:02:30 tt-828 AF038_1966_CT_SU2011_ER_02 
"<idiomas>"
	"idioma" Noun NC Plural lang:es 00:02:25 00:02:30 tt-829 AF038_1966_CT_SU2011_ER_02 
"<$.>"
	"." Punctuation FS lang:es 00:02:25 00:02:30 tt-830 AF038_1966_CT_SU2011_ER_02 
</speaker>
</text>

