<text id="AF042_1991_CT_SU2011_ER_06">
<speaker type="int">
"<$¿>"
	"¿" Punctuation FS lang:es 00:00:00 00:00:04 tt-1406 AF042_1991_CT_SU2011_ER_06 
"<Y>"
	"y" Conjunction CC lang:es 00:00:00 00:00:04 tt-1407 AF042_1991_CT_SU2011_ER_06 
"<tú>"
	"tú" Pronoun PPX Singular lang:es 00:00:00 00:00:04 tt-1408 AF042_1991_CT_SU2011_ER_06 @Gram:Pron:Sujeto 
"<sí>"
	"sí" Adverb ADV lang:es 00:00:00 00:00:04 tt-1409 AF042_1991_CT_SU2011_ER_06 
"<has>"
	"haber" Verb VHfin Pres Indi Sing 2nd lang:es 00:00:00 00:00:04 tt-1410 AF042_1991_CT_SU2011_ER_06 ID:5 R:Gram:Aux:Haber:6 R:Gram:PerfPerif:6 
"<visitado>"
	"visitar" Verb VLadj lang:es 00:00:00 00:00:04 tt-1411 AF042_1991_CT_SU2011_ER_06 ID:6 
"<Reynosa>"
	"Reynosa" Noun NP Singular lang:es 00:00:00 00:00:04 tt-1412 AF042_1991_CT_SU2011_ER_06 
"<$?>"
	"?" Punctuation FS lang:es 00:00:00 00:00:04 tt-1413 AF042_1991_CT_SU2011_ER_06 
</speaker>
<speaker type="subj">

"<Sí>"
	"sí" Adverb ADV lang:es 00:00:04 00:00:11 tt-1414 AF042_1991_CT_SU2011_ER_06 
"<,>"
	"," Punctuation CM lang:es 00:00:04 00:00:11 tt-1415 AF042_1991_CT_SU2011_ER_06 
"<sí>"
	"sí" Adverb ADV lang:es 00:00:04 00:00:11 tt-1416 AF042_1991_CT_SU2011_ER_06 
"<lo>"
	"él" Pronoun PPC Singular lang:es 00:00:04 00:00:11 tt-1417 AF042_1991_CT_SU2011_ER_06 @Gram:Pron:Objeto 
"<he>"
	"haber" Verb VHfin Pres Indi Sing 1st lang:es 00:00:04 00:00:11 tt-1418 AF042_1991_CT_SU2011_ER_06 ID:13 R:Gram:Aux:Haber:14 R:Gram:PerfPerif:14 
"<visitado>"
	"visitar" Verb VLadj lang:es 00:00:04 00:00:11 tt-1419 AF042_1991_CT_SU2011_ER_06 ID:14 
"<y>"
	"y" Conjunction CC lang:es 00:00:04 00:00:11 tt-1420 AF042_1991_CT_SU2011_ER_06 
"<,>"
	"," Punctuation CM lang:es 00:00:04 00:00:11 tt-1421 AF042_1991_CT_SU2011_ER_06 
"<pero>"
	"pero" Conjunction CCAD lang:es 00:00:04 00:00:11 tt-1422 AF042_1991_CT_SU2011_ER_06 @Prag:MarcadoresDisc:Revision 
"<no>"
	"no" Adverb NEG lang:es 00:00:04 00:00:11 tt-1423 AF042_1991_CT_SU2011_ER_06 
"<es>"
	"ser" Verb VSfin Pres Indi Sing 3rd lang:es 00:00:04 00:00:11 tt-1424 AF042_1991_CT_SU2011_ER_06 @Gram:SerEstar:Ser 
"<frecuente>"
	"frecuente" Adjective ADJ Singular lang:es 00:00:04 00:00:11 tt-1425 AF042_1991_CT_SU2011_ER_06 
"<$.>"
	"." Punctuation FS lang:es 00:00:04 00:00:11 tt-1426 AF042_1991_CT_SU2011_ER_06 

"<Sí>"
	"él" Pronoun PPX Singular lang:es 00:00:04 00:00:11 tt-1427 AF042_1991_CT_SU2011_ER_06 
"<$.>"
	"." Punctuation FS lang:es 00:00:04 00:00:11 tt-1428 AF042_1991_CT_SU2011_ER_06 

"<Mmm>"
	"mmm" Noun NP Singular lang:es 00:00:04 00:00:11 tt-1429 AF042_1991_CT_SU2011_ER_06 
"<...>"
	"..." Punctuation DOTS lang:es 00:00:04 00:00:11 tt-1430 AF042_1991_CT_SU2011_ER_06 
"<desde>"
	"desde" Preposition PREP lang:es 00:00:04 00:00:11 tt-1431 AF042_1991_CT_SU2011_ER_06 @Gram:Prep 
"<que>"
	"que" Conjunction CQUE lang:es 00:00:04 00:00:11 tt-1432 AF042_1991_CT_SU2011_ER_06 
"<estoy>"
	"estar" Verb VEfin Pres Indi Sing 1st lang:es 00:00:04 00:00:11 tt-1433 AF042_1991_CT_SU2011_ER_06 @Gram:SerEstar:Estar 
"<chiquita>"
	"chico" Adjective ADJ Singular lang:es 00:00:04 00:00:11 tt-1434 AF042_1991_CT_SU2011_ER_06 
"<nunca>"
	"nunca" Adverb ADV lang:es 00:00:12 00:00:19 tt-1435 AF042_1991_CT_SU2011_ER_06 
"<me>"
	"yo" Pronoun PPX Singular lang:es 00:00:12 00:00:19 tt-1436 AF042_1991_CT_SU2011_ER_06 @Gram:Pron:Objeto 
"<ha>"
	"haber" Verb VHfin Pres Indi Sing 3rd lang:es 00:00:12 00:00:19 tt-1437 AF042_1991_CT_SU2011_ER_06 ID:32 R:Gram:Aux:Haber:33 R:Gram:PerfPerif:33 
"<gustado>"
	"gustar" Verb VLadj lang:es 00:00:12 00:00:19 tt-1438 AF042_1991_CT_SU2011_ER_06 ID:33 
"<ir>"
	"ir" Verb VLinf Infinitive lang:es 00:00:12 00:00:19 tt-1439 AF042_1991_CT_SU2011_ER_06 
"<$.>"
	"." Punctuation FS lang:es 00:00:12 00:00:19 tt-1440 AF042_1991_CT_SU2011_ER_06 

"<No>"
	"no" Adverb NEG lang:es 00:00:12 00:00:19 tt-1441 AF042_1991_CT_SU2011_ER_06 
"<sé>"
	"saber|ser" Verb VLfin Pres Indi Sing 1st lang:es 00:00:12 00:00:19 tt-1442 AF042_1991_CT_SU2011_ER_06 
"<por>"
	"por" Preposition PREP lang:es 00:00:12 00:00:19 tt-1443 AF042_1991_CT_SU2011_ER_06 @Gram:Prep:Por 
"<qué>"
	"qué" Adverb ADV lang:es 00:00:12 00:00:19 tt-1444 AF042_1991_CT_SU2011_ER_06 
"<$.>"
	"." Punctuation FS lang:es 00:00:12 00:00:19 tt-1445 AF042_1991_CT_SU2011_ER_06 

"<No>"
	"no" Adverb NEG lang:es 00:00:12 00:00:19 tt-1446 AF042_1991_CT_SU2011_ER_06 
"<,>"
	"," Punctuation CM lang:es 00:00:12 00:00:19 tt-1447 AF042_1991_CT_SU2011_ER_06 
"<no>"
	"no" Adverb NEG lang:es 00:00:12 00:00:19 tt-1448 AF042_1991_CT_SU2011_ER_06 
"<quisiera>"
	"querer" Verb VLfin Past Subj Sing 1st_or_3rd lang:es 00:00:12 00:00:19 tt-1449 AF042_1991_CT_SU2011_ER_06 @Gram:MSub:Pret 
"<vivir>"
	"vivir" Verb VLinf Infinitive lang:es 00:00:12 00:00:19 tt-1450 AF042_1991_CT_SU2011_ER_06 
"<allí>"
	"allí" Adverb ADV lang:es 00:00:12 00:00:19 tt-1451 AF042_1991_CT_SU2011_ER_06 
"<,>"
	"," Punctuation CM lang:es 00:00:12 00:00:19 tt-1452 AF042_1991_CT_SU2011_ER_06 
"<pero>"
	"pero" Conjunction CCAD lang:es 00:00:12 00:00:19 tt-1453 AF042_1991_CT_SU2011_ER_06 @Prag:MarcadoresDisc:Revision 
"<sí>"
	"sí" Adverb ADV lang:es 00:00:12 00:00:19 tt-1454 AF042_1991_CT_SU2011_ER_06 
"<lo>"
	"él" Pronoun PPC Singular lang:es 00:00:12 00:00:19 tt-1455 AF042_1991_CT_SU2011_ER_06 @Gram:Pron:Objeto 
"<he>"
	"haber" Verb VHfin Pres Indi Sing 1st lang:es 00:00:12 00:00:19 tt-1456 AF042_1991_CT_SU2011_ER_06 ID:51 R:Gram:Aux:Haber:52 R:Gram:PerfPerif:52 
"<visitado>"
	"visitar" Verb VLadj lang:es 00:00:12 00:00:19 tt-1457 AF042_1991_CT_SU2011_ER_06 ID:52 
"<y>"
	"y" Conjunction CC lang:es 00:00:19 00:00:24 tt-1458 AF042_1991_CT_SU2011_ER_06 
"<,>"
	"," Punctuation CM lang:es 00:00:19 00:00:24 tt-1459 AF042_1991_CT_SU2011_ER_06 
"<pero>"
	"pero" Conjunction CCAD lang:es 00:00:19 00:00:24 tt-1460 AF042_1991_CT_SU2011_ER_06 @Prag:MarcadoresDisc:Revision 
"<ya>"
	"ya" Adverb ADV lang:es 00:00:19 00:00:24 tt-1461 AF042_1991_CT_SU2011_ER_06 
"<,>"
	"," Punctuation CM lang:es 00:00:19 00:00:24 tt-1462 AF042_1991_CT_SU2011_ER_06 
"<ahorita>"
	"ahora" Adverb ADV lang:es 00:00:19 00:00:24 tt-1463 AF042_1991_CT_SU2011_ER_06 
"<ya>"
	"ya" Adverb ADV lang:es 00:00:19 00:00:24 tt-1464 AF042_1991_CT_SU2011_ER_06 
"<van>"
	"ir" Verb VLfin Pres Indi Plural 3rd lang:es 00:00:19 00:00:24 tt-1465 AF042_1991_CT_SU2011_ER_06 
"<como>"
	"como" Adverb ADV lang:es 00:00:19 00:00:24 tt-1466 AF042_1991_CT_SU2011_ER_06 
"<más>"
	"más" Adverb ADV lang:es 00:00:19 00:00:24 tt-1467 AF042_1991_CT_SU2011_ER_06 
"<de>"
	"de" Preposition PREP lang:es 00:00:19 00:00:24 tt-1468 AF042_1991_CT_SU2011_ER_06 @Gram:Prep 
"<dos>"
	"dos" Determiner CARD Plural lang:es 00:00:19 00:00:24 tt-1469 AF042_1991_CT_SU2011_ER_06 
"<años>"
	"año" Noun NC Plural lang:es 00:00:19 00:00:24 tt-1470 AF042_1991_CT_SU2011_ER_06 
"<que>"
	"que" Conjunction CQUE lang:es 00:00:19 00:00:24 tt-1471 AF042_1991_CT_SU2011_ER_06 
"<no>"
	"no" Adverb NEG lang:es 00:00:19 00:00:24 tt-1472 AF042_1991_CT_SU2011_ER_06 
"<he>"
	"haber" Verb VHfin Pres Indi Sing 1st lang:es 00:00:19 00:00:24 tt-1473 AF042_1991_CT_SU2011_ER_06 ID:68 R:Gram:Aux:Haber:69 R:Gram:PerfPerif:69 
"<visitado>"
	"visitar" Verb VLadj lang:es 00:00:19 00:00:24 tt-1474 AF042_1991_CT_SU2011_ER_06 ID:69 
"<$.>"
	"." Punctuation FS lang:es 00:00:19 00:00:24 tt-1475 AF042_1991_CT_SU2011_ER_06 
</speaker>
<speaker type="int">

"<$¿>"
	"¿" Punctuation FS lang:es 00:00:24 00:00:29 tt-1476 AF042_1991_CT_SU2011_ER_06 
"<Y>"
	"y" Conjunction CC lang:es 00:00:24 00:00:29 tt-1477 AF042_1991_CT_SU2011_ER_06 
"<qué>"
	"qué" Pronoun INT Singular lang:es 00:00:24 00:00:29 tt-1478 AF042_1991_CT_SU2011_ER_06 
"<nos>"
	"nosotros" Pronoun PPX Plural lang:es 00:00:24 00:00:29 tt-1479 AF042_1991_CT_SU2011_ER_06 @Gram:Pron:Objeto 
"<puedes>"
	"poder" Verb VLfin Pres Indi Sing 2nd lang:es 00:00:24 00:00:29 tt-1480 AF042_1991_CT_SU2011_ER_06 
"<contar>"
	"contar" Verb VLinf Infinitive lang:es 00:00:24 00:00:29 tt-1481 AF042_1991_CT_SU2011_ER_06 
"<de>"
	"de" Preposition PREP lang:es 00:00:24 00:00:29 tt-1482 AF042_1991_CT_SU2011_ER_06 @Gram:Prep 
"<esa>"
	"ese" Determiner DM Singular lang:es 00:00:24 00:00:29 tt-1483 AF042_1991_CT_SU2011_ER_06 @Gram:Det:Demo 
"<área>"
	"área" Noun NC Singular lang:es 00:00:24 00:00:29 tt-1484 AF042_1991_CT_SU2011_ER_06 
"<o>"
	"o" Conjunction CC lang:es 00:00:24 00:00:29 tt-1485 AF042_1991_CT_SU2011_ER_06 
"<de>"
	"de" Preposition PREP lang:es 00:00:24 00:00:29 tt-1486 AF042_1991_CT_SU2011_ER_06 @Gram:Prep 
"<esa>"
	"ese" Determiner DM Singular lang:es 00:00:24 00:00:29 tt-1487 AF042_1991_CT_SU2011_ER_06 @Gram:Det:Demo 
"<ciudad>"
	"ciudad" Noun NC Singular lang:es 00:00:24 00:00:29 tt-1488 AF042_1991_CT_SU2011_ER_06 
"<,>"
	"," Punctuation CM lang:es 00:00:24 00:00:29 tt-1489 AF042_1991_CT_SU2011_ER_06 
"<de>"
	"de" Preposition PREP lang:es 00:00:24 00:00:29 tt-1490 AF042_1991_CT_SU2011_ER_06 @Gram:Prep 
"<Reynosa>"
	"Reynosa" Noun NP Singular lang:es 00:00:24 00:00:29 tt-1491 AF042_1991_CT_SU2011_ER_06 
"<$?>"
	"?" Punctuation FS lang:es 00:00:24 00:00:29 tt-1492 AF042_1991_CT_SU2011_ER_06 
</speaker>
<speaker type="subj">

"<Ah>"
	"ah" Other UH lang:en 00:00:29 00:00:36 tt-1493 AF042_1991_CT_SU2011_ER_06 
"<,>"
	"," Punctuation CM lang:es 00:00:29 00:00:36 tt-1494 AF042_1991_CT_SU2011_ER_06 
"<es>"
	"ser" Verb VSfin Pres Indi Sing 3rd lang:es 00:00:29 00:00:36 tt-1495 AF042_1991_CT_SU2011_ER_06 @Gram:SerEstar:Ser 
"<muy>"
	"muy" Adverb ADV lang:es 00:00:29 00:00:36 tt-1496 AF042_1991_CT_SU2011_ER_06 
"<...>"
	"..." Punctuation DOTS lang:es 00:00:29 00:00:36 tt-1497 AF042_1991_CT_SU2011_ER_06 
"<es>"
	"ser" Verb VSfin Pres Indi Sing 3rd lang:es 00:00:29 00:00:36 tt-1498 AF042_1991_CT_SU2011_ER_06 @Gram:SerEstar:Ser 
"<muy>"
	"muy" Adverb ADV lang:es 00:00:29 00:00:36 tt-1499 AF042_1991_CT_SU2011_ER_06 
"<diferente>"
	"diferente" Adjective ADJ Singular lang:es 00:00:29 00:00:36 tt-1500 AF042_1991_CT_SU2011_ER_06 
"<porque>"
	"porque" Conjunction CSUBX lang:es 00:00:29 00:00:36 tt-1501 AF042_1991_CT_SU2011_ER_06 @Prag:MarcadoresDisc:Causa 
"<siempre>"
	"siempre" Adverb ADV lang:es 00:00:29 00:00:36 tt-1502 AF042_1991_CT_SU2011_ER_06 
"<veo>"
	"ver" Verb VLfin Pres Indi Sing 1st lang:es 00:00:29 00:00:36 tt-1503 AF042_1991_CT_SU2011_ER_06 
"<,>"
	"," Punctuation CM lang:es 00:00:29 00:00:36 tt-1504 AF042_1991_CT_SU2011_ER_06 
"<bueno>"
	"bueno" Adjective ADJ Singular lang:es 00:00:29 00:00:36 tt-1505 AF042_1991_CT_SU2011_ER_06 
"<,>"
	"," Punctuation CM lang:es 00:00:29 00:00:36 tt-1506 AF042_1991_CT_SU2011_ER_06 
"<no>"
	"no" Adverb NEG lang:es 00:00:29 00:00:36 tt-1507 AF042_1991_CT_SU2011_ER_06 
"<,>"
	"," Punctuation CM lang:es 00:00:29 00:00:36 tt-1508 AF042_1991_CT_SU2011_ER_06 
"<no>"
	"no" Adverb NEG lang:es 00:00:29 00:00:36 tt-1509 AF042_1991_CT_SU2011_ER_06 
"<es>"
	"ser" Verb VSfin Pres Indi Sing 3rd lang:es 00:00:29 00:00:36 tt-1510 AF042_1991_CT_SU2011_ER_06 @Gram:SerEstar:Ser 
"<tan>"
	"tan" Adverb ADV lang:es 00:00:29 00:00:36 tt-1511 AF042_1991_CT_SU2011_ER_06 
"<diferente>"
	"diferente" Adjective ADJ Singular lang:es 00:00:29 00:00:36 tt-1512 AF042_1991_CT_SU2011_ER_06 
"<,>"
	"," Punctuation CM lang:es 00:00:29 00:00:36 tt-1513 AF042_1991_CT_SU2011_ER_06 
"<porque>"
	"porque" Conjunction CSUBX lang:es 00:00:37 00:00:44 tt-1514 AF042_1991_CT_SU2011_ER_06 @Prag:MarcadoresDisc:Causa 
"<es>"
	"ser" Verb VSfin Pres Indi Sing 3rd lang:es 00:00:37 00:00:44 tt-1515 AF042_1991_CT_SU2011_ER_06 @Gram:SerEstar:Ser 
"<diferente>"
	"diferente" Adjective ADJ Singular lang:es 00:00:37 00:00:44 tt-1516 AF042_1991_CT_SU2011_ER_06 
"<de>"
	"de" Preposition PREP lang:es 00:00:37 00:00:44 tt-1517 AF042_1991_CT_SU2011_ER_06 @Gram:Prep 
"<Edinburg>"
	"UNK" Noun NP Singular lang:es 00:00:37 00:00:44 tt-1518 AF042_1991_CT_SU2011_ER_06 
"<a>"
	"a" Preposition PREP lang:es 00:00:37 00:00:44 tt-1519 AF042_1991_CT_SU2011_ER_06 @Gram:Prep 
"<Reynosa>"
	"Reynosa" Noun NP Singular lang:es 00:00:37 00:00:44 tt-1520 AF042_1991_CT_SU2011_ER_06 
"<,>"
	"," Punctuation CM lang:es 00:00:37 00:00:44 tt-1521 AF042_1991_CT_SU2011_ER_06 
"<pero>"
	"pero" Conjunction CCAD lang:es 00:00:37 00:00:44 tt-1522 AF042_1991_CT_SU2011_ER_06 @Prag:MarcadoresDisc:Revision 
"<de>"
	"de" Preposition PREP lang:es 00:00:37 00:00:44 tt-1523 AF042_1991_CT_SU2011_ER_06 @Gram:Prep 
"<Austin>"
	"Austin" Noun NP Singular lang:es 00:00:37 00:00:44 tt-1524 AF042_1991_CT_SU2011_ER_06 
"<a>"
	"a" Other ALFS lang:es 00:00:37 00:00:44 tt-1525 AF042_1991_CT_SU2011_ER_06 
"<Reynosa>"
	"Reynosa" Noun NP Singular lang:es 00:00:37 00:00:44 tt-1526 AF042_1991_CT_SU2011_ER_06 
"<no>"
	"no" Adverb NEG lang:es 00:00:37 00:00:44 tt-1527 AF042_1991_CT_SU2011_ER_06 
"<creo>"
	"crear|creer" Verb VLfin Pres Indi Sing 1st lang:es 00:00:37 00:00:44 tt-1528 AF042_1991_CT_SU2011_ER_06 
"<porque>"
	"porque" Conjunction CSUBX lang:es 00:00:37 00:00:44 tt-1529 AF042_1991_CT_SU2011_ER_06 @Prag:MarcadoresDisc:Causa 
"<siempre>"
	"siempre" Adverb ADV lang:es 00:00:37 00:00:44 tt-1530 AF042_1991_CT_SU2011_ER_06 
"<hay>"
	"haber" Verb VHfin Pres Indi Sing 3rd lang:es 00:00:45 00:00:51 tt-1531 AF042_1991_CT_SU2011_ER_06 @Gram:Haber:Exist 
"<gente>"
	"gente" Noun NC Singular lang:es 00:00:45 00:00:51 tt-1532 AF042_1991_CT_SU2011_ER_06 
"<afuera>"
	"afuera" Noun NP Singular lang:es 00:00:45 00:00:51 tt-1533 AF042_1991_CT_SU2011_ER_06 
"<,>"
	"," Punctuation CM lang:es 00:00:45 00:00:51 tt-1534 AF042_1991_CT_SU2011_ER_06 
"<no>"
	"no" Adverb NEG lang:es 00:00:45 00:00:51 tt-1535 AF042_1991_CT_SU2011_ER_06 
"<importa>"
	"importar" Verb VLfin Pres Indi Sing 3rd lang:es 00:00:45 00:00:51 tt-1536 AF042_1991_CT_SU2011_ER_06 
"<qué>"
	"qué" Pronoun INT Singular lang:es 00:00:45 00:00:51 tt-1537 AF042_1991_CT_SU2011_ER_06 
"<día>"
	"día" Noun NC Singular lang:es 00:00:45 00:00:51 tt-1538 AF042_1991_CT_SU2011_ER_06 
"<del>"
	"del" Preposition PDEL lang:es 00:00:45 00:00:51 tt-1539 AF042_1991_CT_SU2011_ER_06 @Gram:Prep 
"<día>"
	"día" Noun NC Singular lang:es 00:00:45 00:00:51 tt-1540 AF042_1991_CT_SU2011_ER_06 
"<es>"
	"ser" Verb VSfin Pres Indi Sing 3rd lang:es 00:00:45 00:00:51 tt-1541 AF042_1991_CT_SU2011_ER_06 @Gram:SerEstar:Ser 
"<,>"
	"," Punctuation CM lang:es 00:00:45 00:00:51 tt-1542 AF042_1991_CT_SU2011_ER_06 
"<noche>"
	"noche" Noun NC Singular lang:es 00:00:45 00:00:51 tt-1543 AF042_1991_CT_SU2011_ER_06 
"<,>"
	"," Punctuation CM lang:es 00:00:45 00:00:51 tt-1544 AF042_1991_CT_SU2011_ER_06 
"<día>"
	"día" Noun NC Singular lang:es 00:00:45 00:00:51 tt-1545 AF042_1991_CT_SU2011_ER_06 
"<,>"
	"," Punctuation CM lang:es 00:00:45 00:00:51 tt-1546 AF042_1991_CT_SU2011_ER_06 
"<siempre>"
	"siempre" Adverb ADV lang:es 00:00:45 00:00:51 tt-1547 AF042_1991_CT_SU2011_ER_06 
"<hay>"
	"haber" Verb VHfin Pres Indi Sing 3rd lang:es 00:00:45 00:00:51 tt-1548 AF042_1991_CT_SU2011_ER_06 @Gram:Haber:Exist 
"<gente>"
	"gente" Noun NC Singular lang:es 00:00:45 00:00:51 tt-1549 AF042_1991_CT_SU2011_ER_06 
"<$.>"
	"." Punctuation FS lang:es 00:00:45 00:00:51 tt-1550 AF042_1991_CT_SU2011_ER_06 

"<Y>"
	"y" Conjunction CC lang:es 00:00:45 00:00:51 tt-1551 AF042_1991_CT_SU2011_ER_06 
"<,>"
	"," Punctuation CM lang:es 00:00:45 00:00:51 tt-1552 AF042_1991_CT_SU2011_ER_06 
"<las>"
	"el" Determiner ART Plural lang:es 00:00:51 00:00:58 tt-1553 AF042_1991_CT_SU2011_ER_06 @Gram:Det:Art 
"<calles>"
	"calle" Noun NC Plural lang:es 00:00:51 00:00:58 tt-1554 AF042_1991_CT_SU2011_ER_06 
"<están>"
	"estar" Verb VEfin Pres Indi Plural 3rd lang:es 00:00:51 00:00:58 tt-1555 AF042_1991_CT_SU2011_ER_06 @Gram:SerEstar:Estar 
"<bien>"
	"bien" Adverb ADV lang:es 00:00:51 00:00:58 tt-1556 AF042_1991_CT_SU2011_ER_06 
"<feas>"
	"feo" Adjective ADJ Plural lang:es 00:00:51 00:00:58 tt-1557 AF042_1991_CT_SU2011_ER_06 
"<,>"
	"," Punctuation CM lang:es 00:00:51 00:00:58 tt-1558 AF042_1991_CT_SU2011_ER_06 
"<no>"
	"no" Adverb NEG lang:es 00:00:51 00:00:58 tt-1559 AF042_1991_CT_SU2011_ER_06 
"<me>"
	"yo" Pronoun PPX Singular lang:es 00:00:51 00:00:58 tt-1560 AF042_1991_CT_SU2011_ER_06 @Gram:Pron:Objeto ID:155 R:Gram:Gustar:Propios:156 
"<gustan>"
	"gustar" Verb VLfin Pres Indi Plural 3rd lang:es 00:00:51 00:00:58 tt-1561 AF042_1991_CT_SU2011_ER_06 ID:156 
"<$.>"
	"." Punctuation FS lang:es 00:00:51 00:00:58 tt-1562 AF042_1991_CT_SU2011_ER_06 

"<Bueno>"
	"bueno" Adjective ADJ Singular lang:es 00:00:51 00:00:58 tt-1563 AF042_1991_CT_SU2011_ER_06 
"<,>"
	"," Punctuation CM lang:es 00:00:51 00:00:58 tt-1564 AF042_1991_CT_SU2011_ER_06 
"<de>"
	"de" Preposition PREP lang:es 00:00:51 00:00:58 tt-1565 AF042_1991_CT_SU2011_ER_06 @Gram:Prep 
"<donde>"
	"donde" Adverb ADV lang:es 00:00:51 00:00:58 tt-1566 AF042_1991_CT_SU2011_ER_06 
"<vive>"
	"vivir" Verb VLfin Pres Indi Sing 3rd lang:es 00:00:51 00:00:58 tt-1567 AF042_1991_CT_SU2011_ER_06 
"<mi>"
	"mío" Pronoun PPO Singular lang:es 00:00:51 00:00:58 tt-1568 AF042_1991_CT_SU2011_ER_06 @Gram:Det:Pos 
"<abuela>"
	"abuelo" Noun NC Singular lang:es 00:00:51 00:00:58 tt-1569 AF042_1991_CT_SU2011_ER_06 
"<,>"
	"," Punctuation CM lang:es 00:00:51 00:00:58 tt-1570 AF042_1991_CT_SU2011_ER_06 
"<es>"
	"ser" Verb VSfin Pres Indi Sing 3rd lang:es 00:00:51 00:00:58 tt-1571 AF042_1991_CT_SU2011_ER_06 @Gram:SerEstar:Ser 
"<un>"
	"un" Determiner ART Singular lang:es 00:00:51 00:00:58 tt-1572 AF042_1991_CT_SU2011_ER_06 
"<,>"
	"," Punctuation CM lang:es 00:00:51 00:00:58 tt-1573 AF042_1991_CT_SU2011_ER_06 
"<no>"
	"no" Adverb NEG lang:es 00:00:51 00:00:58 tt-1574 AF042_1991_CT_SU2011_ER_06 
"<es>"
	"ser" Verb VSfin Pres Indi Sing 3rd lang:es 00:00:58 00:01:00 tt-1575 AF042_1991_CT_SU2011_ER_06 @Gram:SerEstar:Ser 
"<un>"
	"un" Determiner ART Singular lang:es 00:00:58 00:01:00 tt-1576 AF042_1991_CT_SU2011_ER_06 
"<lugar>"
	"lugar" Noun NC Singular lang:es 00:00:58 00:01:00 tt-1577 AF042_1991_CT_SU2011_ER_06 
"<$.>"
	"." Punctuation FS lang:es 00:00:58 00:01:00 tt-1578 AF042_1991_CT_SU2011_ER_06 
</speaker>
<speaker type="int">

"<Muy>"
	"muy" Adverb ADV lang:es 00:01:00 00:01:02 tt-1579 AF042_1991_CT_SU2011_ER_06 
"<seguro>"
	"seguro" Adjective ADJ Singular lang:es 00:01:00 00:01:02 tt-1580 AF042_1991_CT_SU2011_ER_06 
"<tampoco>"
	"tampoco" Adverb ADV lang:es 00:01:00 00:01:02 tt-1581 AF042_1991_CT_SU2011_ER_06 
"<$.>"
	"." Punctuation FS lang:es 00:01:00 00:01:02 tt-1582 AF042_1991_CT_SU2011_ER_06 

"<Aha>"
	"aha" Noun NP Singular lang:es 00:01:02 00:01:09 tt-1583 AF042_1991_CT_SU2011_ER_06 
"<,>"
	"," Punctuation CM lang:es 00:01:02 00:01:09 tt-1584 AF042_1991_CT_SU2011_ER_06 
"<no>"
	"no" Adverb NEG lang:es 00:01:02 00:01:09 tt-1585 AF042_1991_CT_SU2011_ER_06 
"<es>"
	"ser" Verb VSfin Pres Indi Sing 3rd lang:es 00:01:02 00:01:09 tt-1586 AF042_1991_CT_SU2011_ER_06 @Gram:SerEstar:Ser 
"<seguro>"
	"seguro" Adjective ADJ Singular lang:es 00:01:02 00:01:09 tt-1587 AF042_1991_CT_SU2011_ER_06 
"<y>"
	"y" Conjunction CC lang:es 00:01:02 00:01:09 tt-1588 AF042_1991_CT_SU2011_ER_06 
"<no>"
	"no" Adverb NEG lang:es 00:01:02 00:01:09 tt-1589 AF042_1991_CT_SU2011_ER_06 
"<me>"
	"yo" Pronoun PPX Singular lang:es 00:01:02 00:01:09 tt-1590 AF042_1991_CT_SU2011_ER_06 @Gram:Pron:Objeto ID:185 R:Gram:Gustar:Propios:186 
"<gustaría>"
	"gustar" Verb VLfin Cond Indi Sing 1st_or_3rd lang:es 00:01:02 00:01:09 tt-1591 AF042_1991_CT_SU2011_ER_06 ID:186 
"<tener>"
	"tener" Verb VLinf Infinitive lang:es 00:01:02 00:01:09 tt-1592 AF042_1991_CT_SU2011_ER_06 
"<ahí>"
	"ahí" Adverb ADV lang:es 00:01:02 00:01:09 tt-1593 AF042_1991_CT_SU2011_ER_06 
"<una>"
	"un" Determiner ART Singular lang:es 00:01:02 00:01:09 tt-1594 AF042_1991_CT_SU2011_ER_06 
"<...>"
	"..." Punctuation DOTS lang:es 00:01:02 00:01:09 tt-1595 AF042_1991_CT_SU2011_ER_06 
"<si>"
	"si" Conjunction CSUBX lang:es 00:01:02 00:01:09 tt-1596 AF042_1991_CT_SU2011_ER_06 
"<hay>"
	"haber" Verb VHfin Pres Indi Sing 3rd lang:es 00:01:02 00:01:09 tt-1597 AF042_1991_CT_SU2011_ER_06 @Gram:Haber:Exist 
"<...>"
	"..." Punctuation DOTS lang:es 00:01:02 00:01:09 tt-1598 AF042_1991_CT_SU2011_ER_06 
"<si>"
	"si" Conjunction CSUBX lang:es 00:01:02 00:01:09 tt-1599 AF042_1991_CT_SU2011_ER_06 
"<buscara>"
	"buscar" Verb VLfin Past Subj Sing 1st_or_3rd lang:es 00:01:02 00:01:09 tt-1600 AF042_1991_CT_SU2011_ER_06 @Gram:MSub:Pret 
"<un>"
	"un" Determiner ART Singular lang:es 00:01:02 00:01:09 tt-1601 AF042_1991_CT_SU2011_ER_06 
"<lugar>"
	"lugar" Noun NC Singular lang:es 00:01:02 00:01:09 tt-1602 AF042_1991_CT_SU2011_ER_06 
"<donde>"
	"donde" Adverb ADV lang:es 00:01:02 00:01:09 tt-1603 AF042_1991_CT_SU2011_ER_06 
"<se>"
	"se" Other SE lang:es 00:01:09 00:01:16 tt-1604 AF042_1991_CT_SU2011_ER_06 
"<mirara>"
	"mirar" Verb VLfin Past Subj Sing 1st_or_3rd lang:es 00:01:09 00:01:16 tt-1605 AF042_1991_CT_SU2011_ER_06 @Gram:MSub:Pret 
"<más>"
	"más" Adverb ADV lang:es 00:01:09 00:01:16 tt-1606 AF042_1991_CT_SU2011_ER_06 
"<o>"
	"o" Conjunction CC lang:es 00:01:09 00:01:16 tt-1607 AF042_1991_CT_SU2011_ER_06 
"<menos>"
	"menos" Adverb ADV lang:es 00:01:09 00:01:16 tt-1608 AF042_1991_CT_SU2011_ER_06 
"<mejor>"
	"bueno" Adjective ADJ Singular lang:es 00:01:09 00:01:16 tt-1609 AF042_1991_CT_SU2011_ER_06 
"<,>"
	"," Punctuation CM lang:es 00:01:09 00:01:16 tt-1610 AF042_1991_CT_SU2011_ER_06 
"<pues>"
	"pues" Conjunction CSUBF lang:es 00:01:09 00:01:16 tt-1611 AF042_1991_CT_SU2011_ER_06 
"<a>"
	"a" Preposition PREP lang:es 00:01:09 00:01:16 tt-1612 AF042_1991_CT_SU2011_ER_06 @Gram:Prep 
"<la>"
	"el" Determiner ART Singular lang:es 00:01:09 00:01:16 tt-1613 AF042_1991_CT_SU2011_ER_06 @Gram:Det:Art 
"<mejor>"
	"bueno" Adjective ADJ Singular lang:es 00:01:09 00:01:16 tt-1614 AF042_1991_CT_SU2011_ER_06 
"<,>"
	"," Punctuation CM lang:es 00:01:09 00:01:16 tt-1615 AF042_1991_CT_SU2011_ER_06 
"<$¿>"
	"¿" Punctuation FS lang:es 00:01:09 00:01:16 tt-1616 AF042_1991_CT_SU2011_ER_06 
"<verdad>"
	"verdad" Noun NC Singular lang:es 00:01:09 00:01:16 tt-1617 AF042_1991_CT_SU2011_ER_06 
"<$?>"
	"?" Punctuation FS lang:es 00:01:09 00:01:16 tt-1618 AF042_1991_CT_SU2011_ER_06 

"<Pero>"
	"pero" Conjunction CCAD lang:es 00:01:09 00:01:16 tt-1619 AF042_1991_CT_SU2011_ER_06 @Prag:MarcadoresDisc:Revision 
"<como>"
	"como" Conjunction CSUBX lang:es 00:01:09 00:01:16 tt-1620 AF042_1991_CT_SU2011_ER_06 
"<no>"
	"no" Adverb NEG lang:es 00:01:09 00:01:16 tt-1621 AF042_1991_CT_SU2011_ER_06 
"<,>"
	"," Punctuation CM lang:es 00:01:09 00:01:16 tt-1622 AF042_1991_CT_SU2011_ER_06 
"<no>"
	"no" Adverb NEG lang:es 00:01:09 00:01:16 tt-1623 AF042_1991_CT_SU2011_ER_06 
"<voy>"
	"ir" Verb VLfin Pres Indi Sing 1st lang:es 00:01:09 00:01:16 tt-1624 AF042_1991_CT_SU2011_ER_06 
"<más>"
	"más" Adverb ADV lang:es 00:01:09 00:01:16 tt-1625 AF042_1991_CT_SU2011_ER_06 
"<allá>"
	"allá" Adverb ADV lang:es 00:01:09 00:01:16 tt-1626 AF042_1991_CT_SU2011_ER_06 
"<de>"
	"de" Preposition PREP lang:es 00:01:16 00:01:23 tt-1627 AF042_1991_CT_SU2011_ER_06 @Gram:Prep 
"<...>"
	"..." Punctuation DOTS lang:es 00:01:16 00:01:23 tt-1628 AF042_1991_CT_SU2011_ER_06 
"<de>"
	"de" Preposition PREP lang:es 00:01:16 00:01:23 tt-1629 AF042_1991_CT_SU2011_ER_06 @Gram:Prep 
"<donde>"
	"donde" Adverb ADV lang:es 00:01:16 00:01:23 tt-1630 AF042_1991_CT_SU2011_ER_06 
"<vive>"
	"vivir" Verb VLfin Pres Indi Sing 3rd lang:es 00:01:16 00:01:23 tt-1631 AF042_1991_CT_SU2011_ER_06 
"<mi>"
	"mío" Pronoun PPO Singular lang:es 00:01:16 00:01:23 tt-1632 AF042_1991_CT_SU2011_ER_06 @Gram:Det:Pos 
"<abuela>"
	"abuelo" Noun NC Singular lang:es 00:01:16 00:01:23 tt-1633 AF042_1991_CT_SU2011_ER_06 
"<es>"
	"ser" Verb VSfin Pres Indi Sing 3rd lang:es 00:01:16 00:01:23 tt-1634 AF042_1991_CT_SU2011_ER_06 @Gram:SerEstar:Ser 
"<...>"
	"..." Punctuation DOTS lang:es 00:01:16 00:01:23 tt-1635 AF042_1991_CT_SU2011_ER_06 
"<es>"
	"ser" Verb VSfin Pres Indi Sing 3rd lang:es 00:01:16 00:01:23 tt-1636 AF042_1991_CT_SU2011_ER_06 @Gram:SerEstar:Ser 
"<pobre>"
	"pobre" Adjective ADJ Singular lang:es 00:01:16 00:01:23 tt-1637 AF042_1991_CT_SU2011_ER_06 
"<ese>"
	"ese" Determiner DM Singular lang:es 00:01:16 00:01:23 tt-1638 AF042_1991_CT_SU2011_ER_06 
"<...>"
	"..." Punctuation DOTS lang:es 00:01:16 00:01:23 tt-1639 AF042_1991_CT_SU2011_ER_06 
"<esa>"
	"ese" Determiner DM Singular lang:es 00:01:16 00:01:23 tt-1640 AF042_1991_CT_SU2011_ER_06 
"<parte>"
	"parte" Noun NC Singular lang:es 00:01:16 00:01:23 tt-1641 AF042_1991_CT_SU2011_ER_06 
"<de>"
	"de" Preposition PREP lang:es 00:01:16 00:01:23 tt-1642 AF042_1991_CT_SU2011_ER_06 @Gram:Prep 
"<...>"
	"..." Punctuation DOTS lang:es 00:01:16 00:01:23 tt-1643 AF042_1991_CT_SU2011_ER_06 
</speaker>
</text>

