<text id="AF047_1989_CT_SU2011_ER_04">
<speaker type="int">
"<Y>"
	"Y" Other ALFS lang:es 00:00:00 00:00:07 tt-997 AF047_1989_CT_SU2011_ER_04 
"<este>"
	"este" Noun NC Singular lang:es 00:00:00 00:00:07 tt-998 AF047_1989_CT_SU2011_ER_04 
"<...>"
	"..." Punctuation DOTS lang:es 00:00:00 00:00:07 tt-999 AF047_1989_CT_SU2011_ER_04 
"<en>"
	"en" Preposition PREP lang:es 00:00:00 00:00:07 tt-1000 AF047_1989_CT_SU2011_ER_04 @Gram:Prep 
"<la>"
	"el" Determiner ART Singular Fem lang:es 00:00:00 00:00:07 tt-1001 AF047_1989_CT_SU2011_ER_04 @Gram:Det:Art 
"<...>"
	"..." Punctuation DOTS lang:es 00:00:00 00:00:07 tt-1002 AF047_1989_CT_SU2011_ER_04 
"<por>"
	"por" Preposition PREP lang:es 00:00:00 00:00:07 tt-1003 AF047_1989_CT_SU2011_ER_04 @Gram:Prep:Por ID:7 R:Prag:MarcadoresDisc:Igualdad:8 
"<ejemplo>"
	"ejemplo" Adverb ADV lang:es 00:00:00 00:00:07 tt-1004 AF047_1989_CT_SU2011_ER_04 ID:8 
"<,>"
	"," Punctuation CM lang:es 00:00:00 00:00:07 tt-1005 AF047_1989_CT_SU2011_ER_04 
"<en>"
	"en" Preposition PREP lang:es 00:00:00 00:00:07 tt-1006 AF047_1989_CT_SU2011_ER_04 @Gram:Prep 
"<tu>"
	"tú" Pronoun PPX Singular lang:es 00:00:00 00:00:07 tt-1007 AF047_1989_CT_SU2011_ER_04 @Gram:Det:Pos 
"<profesión>"
	"profesión" Noun NC Singular lang:es 00:00:00 00:00:07 tt-1008 AF047_1989_CT_SU2011_ER_04 
"<,>"
	"," Punctuation CM lang:es 00:00:00 00:00:07 tt-1009 AF047_1989_CT_SU2011_ER_04 
"<vas>"
	"ir" Verb VLfin Pres Indi Sing 2nd lang:es 00:00:00 00:00:07 tt-1010 AF047_1989_CT_SU2011_ER_04 ID:14 R:Gram:VFut:Perifrasis:16 
"<a>"
	"a" Preposition PREP lang:es 00:00:00 00:00:07 tt-1011 AF047_1989_CT_SU2011_ER_04 @Gram:Prep 
"<ser>"
	"ser" Verb VLinf VSinf Infinitive lang:es 00:00:00 00:00:07 tt-1012 AF047_1989_CT_SU2011_ER_04 @Gram:SerEstar:Ser ID:16 
"<maestra>"
	"maestro" Plural Noun Singular lang:es 00:00:00 00:00:07 tt-1013 AF047_1989_CT_SU2011_ER_04 
"<bilingüe>"
	"bilingüe" Adjective ADJ Singular lang:es 00:00:00 00:00:07 tt-1014 AF047_1989_CT_SU2011_ER_04 
"<$.>"
	"." Punctuation FS lang:es 00:00:00 00:00:07 tt-1015 AF047_1989_CT_SU2011_ER_04 

"<$¿>"
	"¿" Punctuation FS lang:es 00:00:00 00:00:07 tt-1016 AF047_1989_CT_SU2011_ER_04 
"<Qué>"
	"qué" Pronoun INT Singular lang:es 00:00:00 00:00:07 tt-1017 AF047_1989_CT_SU2011_ER_04 
"<dicen>"
	"decir" Verb VLfin Pres Indi Plural 3rd lang:es 00:00:00 00:00:07 tt-1018 AF047_1989_CT_SU2011_ER_04 
"<tus>"
	"UNK" Noun NC Plural lang:es 00:00:09 00:00:13 tt-1019 AF047_1989_CT_SU2011_ER_04 @Gram:Det:Pos 
"<profesores>"
	"profesor" Noun NC Plural lang:es 00:00:09 00:00:13 tt-1020 AF047_1989_CT_SU2011_ER_04 
"<$?>"
	"?" Punctuation FS lang:es 00:00:09 00:00:13 tt-1021 AF047_1989_CT_SU2011_ER_04 

"<$¿>"
	"¿" Punctuation FS lang:es 00:00:09 00:00:13 tt-1022 AF047_1989_CT_SU2011_ER_04 
"<Te>"
	"tú" Pronoun PPX Singular lang:es 00:00:09 00:00:13 tt-1023 AF047_1989_CT_SU2011_ER_04 @Gram:Pron:Objeto 
"<dejan>"
	"dejar" Verb VLfin Pres Indi Plural 3rd lang:es 00:00:09 00:00:13 tt-1024 AF047_1989_CT_SU2011_ER_04 
"<hablar>"
	"hablar" Verb VLinf Infinitive lang:es 00:00:09 00:00:13 tt-1025 AF047_1989_CT_SU2011_ER_04 
"<español>"
	"español" Adjective ADJ Singular lang:es 00:00:09 00:00:13 tt-1026 AF047_1989_CT_SU2011_ER_04 
"<e>"
	"y" Conjunction CC lang:es 00:00:09 00:00:13 tt-1027 AF047_1989_CT_SU2011_ER_04 
"<inglés>"
	"inglés" Adjective ADJ Plural lang:es 00:00:09 00:00:13 tt-1028 AF047_1989_CT_SU2011_ER_04 
"<a>"
	"a" Preposition PREP lang:es 00:00:09 00:00:13 tt-1029 AF047_1989_CT_SU2011_ER_04 @Gram:Prep 
"<la>"
	"el" Determiner ART Singular Fem lang:es 00:00:09 00:00:13 tt-1030 AF047_1989_CT_SU2011_ER_04 @Gram:Det:Art 
"<misma>"
	"mismo" Adjective ADJ Singular lang:es 00:00:09 00:00:13 tt-1031 AF047_1989_CT_SU2011_ER_04 
"<vez>"
	"vez" Noun NC Singular lang:es 00:00:09 00:00:13 tt-1032 AF047_1989_CT_SU2011_ER_04 
"<o>"
	"o" Other ALFS lang:es 00:00:09 00:00:13 tt-1033 AF047_1989_CT_SU2011_ER_04 
"<...>"
	"..." Punctuation DOTS lang:es 00:00:09 00:00:13 tt-1034 AF047_1989_CT_SU2011_ER_04 
"<$?>"
	"?" Punctuation FS lang:es 00:00:09 00:00:13 tt-1035 AF047_1989_CT_SU2011_ER_04 
</speaker>
<speaker type="subj">

"<Aha>"
	"aha" Noun NP Singular lang:es 00:00:13 00:00:20 tt-1036 AF047_1989_CT_SU2011_ER_04 
"<$.>"
	"." Punctuation FS lang:es 00:00:13 00:00:20 tt-1037 AF047_1989_CT_SU2011_ER_04 

"<Sí>"
	"sí" Adverb ADV lang:es 00:00:13 00:00:20 tt-1038 AF047_1989_CT_SU2011_ER_04 
"<,>"
	"," Punctuation CM lang:es 00:00:13 00:00:20 tt-1039 AF047_1989_CT_SU2011_ER_04 
"<mis>"
	"mío" Pronoun PPO Plural lang:es 00:00:13 00:00:20 tt-1040 AF047_1989_CT_SU2011_ER_04 @Gram:Det:Pos 
"<profesores>"
	"profesor" Noun NC Plural lang:es 00:00:13 00:00:20 tt-1041 AF047_1989_CT_SU2011_ER_04 
"<hablan>"
	"hablar" Verb VLfin Pres Indi Plural 3rd lang:es 00:00:13 00:00:20 tt-1042 AF047_1989_CT_SU2011_ER_04 ID:46 R:Vocab:Fraseol:VerbPrep:47 
"<de>"
	"de" Preposition PREP lang:es 00:00:13 00:00:20 tt-1043 AF047_1989_CT_SU2011_ER_04 @Gram:Prep ID:47 
"<cual>"
	"cual" Pronoun REL Singular lang:es 00:00:13 00:00:20 tt-1044 AF047_1989_CT_SU2011_ER_04 
"<,>"
	"," Punctuation CM lang:es 00:00:13 00:00:20 tt-1045 AF047_1989_CT_SU2011_ER_04 
"<cual>"
	"cual" Pronoun REL Singular lang:es 00:00:13 00:00:20 tt-1046 AF047_1989_CT_SU2011_ER_04 
"<lengaje>"
	"UNK" Noun NC Singular lang:es 00:00:13 00:00:20 tt-1047 AF047_1989_CT_SU2011_ER_04 
"<...>"
	"..." Punctuation DOTS lang:es 00:00:13 00:00:20 tt-1048 AF047_1989_CT_SU2011_ER_04 
"<lenguaje>"
	"lenguaje" Noun NC Singular lang:es 00:00:13 00:00:20 tt-1049 AF047_1989_CT_SU2011_ER_04 
"<está>"
	"estar" Verb VEfin Pres Indi Sing 3rd lang:es 00:00:13 00:00:20 tt-1050 AF047_1989_CT_SU2011_ER_04 @Gram:SerEstar:Estar 
"<...>"
	"..." Punctuation DOTS lang:es 00:00:13 00:00:20 tt-1051 AF047_1989_CT_SU2011_ER_04 
"<uhm>"
	"UNK" Noun NP Singular lang:es 00:00:13 00:00:20 tt-1052 AF047_1989_CT_SU2011_ER_04 
"<...>"
	"..." Punctuation DOTS lang:es 00:00:13 00:00:20 tt-1053 AF047_1989_CT_SU2011_ER_04 
"<fácil>"
	"fácil" Adjective ADJ Singular lang:es 00:00:13 00:00:20 tt-1054 AF047_1989_CT_SU2011_ER_04 
"<por>"
	"por" Preposition PREP lang:es 00:00:26 00:00:33 tt-1055 AF047_1989_CT_SU2011_ER_04 @Gram:Prep:Por 
"<los>"
	"el" Determiner ART Plural Masc lang:es 00:00:26 00:00:33 tt-1056 AF047_1989_CT_SU2011_ER_04 @Gram:Det:Art 
"<estudiantes>"
	"estudiante" Noun NC Plural lang:es 00:00:26 00:00:33 tt-1057 AF047_1989_CT_SU2011_ER_04 
"<,>"
	"," Punctuation CM lang:es 00:00:26 00:00:33 tt-1058 AF047_1989_CT_SU2011_ER_04 
"<les>"
	"él" Pronoun PPC Plural lang:es 00:00:26 00:00:33 tt-1059 AF047_1989_CT_SU2011_ER_04 @Gram:Pron:Objeto 
"<dejan>"
	"dejar" Verb VLfin Pres Indi Plural 3rd lang:es 00:00:26 00:00:33 tt-1060 AF047_1989_CT_SU2011_ER_04 
"<hablarlo>"
	"hablar" Verb VLinf Pres Indi Sing 1st lang:es 00:00:26 00:00:33 tt-1061 AF047_1989_CT_SU2011_ER_04 
"<y>"
	"y" Conjunction CC lang:es 00:00:26 00:00:33 tt-1062 AF047_1989_CT_SU2011_ER_04 
"<...>"
	"..." Punctuation DOTS lang:es 00:00:26 00:00:33 tt-1063 AF047_1989_CT_SU2011_ER_04 
"<y>"
	"y" Conjunction CC lang:es 00:00:26 00:00:33 tt-1064 AF047_1989_CT_SU2011_ER_04 
"<si>"
	"si" Conjunction CSUBX lang:es 00:00:26 00:00:33 tt-1065 AF047_1989_CT_SU2011_ER_04 
"<los>"
	"el" Determiner ART Plural Masc lang:es 00:00:26 00:00:33 tt-1066 AF047_1989_CT_SU2011_ER_04 @Gram:Det:Art 
"<estudiantes>"
	"estudiante" Noun NC Plural lang:es 00:00:26 00:00:33 tt-1067 AF047_1989_CT_SU2011_ER_04 
"<sienten>"
	"sentar|sentir" Verb VLfin Pres Indi Plural 3rd lang:es 00:00:26 00:00:33 tt-1068 AF047_1989_CT_SU2011_ER_04 
"<com>"
	"UNK" Noun NC Singular lang:es 00:00:26 00:00:33 tt-1069 AF047_1989_CT_SU2011_ER_04 
"<...>"
	"..." Punctuation DOTS lang:es 00:00:26 00:00:33 tt-1070 AF047_1989_CT_SU2011_ER_04 
"<cómodo>"
	"cómodo" Adjective ADJ Singular lang:es 00:00:26 00:00:33 tt-1071 AF047_1989_CT_SU2011_ER_04 
"<y>"
	"y" Conjunction CC lang:es 00:00:26 00:00:33 tt-1072 AF047_1989_CT_SU2011_ER_04 
"<les>"
	"él" Pronoun PPC Plural lang:es 00:00:26 00:00:33 tt-1073 AF047_1989_CT_SU2011_ER_04 @Gram:Pron:Objeto 
"<van>"
	"ir" Verb VLfin Pres Indi Plural 3rd lang:es 00:00:26 00:00:33 tt-1074 AF047_1989_CT_SU2011_ER_04 ID:78 R:Gram:VFut:Perifrasis:80 
"<a>"
	"a" Preposition PREP lang:es 00:00:40 00:00:45 tt-1075 AF047_1989_CT_SU2011_ER_04 @Gram:Prep 
"<crecer>"
	"crecer" Verb VLinf Infinitive lang:es 00:00:40 00:00:45 tt-1076 AF047_1989_CT_SU2011_ER_04 ID:80 
"<con>"
	"con" Preposition PREP lang:es 00:00:40 00:00:45 tt-1077 AF047_1989_CT_SU2011_ER_04 @Gram:Prep 
"<más>"
	"más" Adverb ADV lang:es 00:00:40 00:00:45 tt-1078 AF047_1989_CT_SU2011_ER_04 
"<fácil>"
	"fácil" Adjective ADJ Singular lang:es 00:00:40 00:00:45 tt-1079 AF047_1989_CT_SU2011_ER_04 
"<en>"
	"en" Preposition PREP lang:es 00:00:40 00:00:45 tt-1080 AF047_1989_CT_SU2011_ER_04 @Gram:Prep 
"<los>"
	"el" Determiner ART Plural Masc lang:es 00:00:40 00:00:45 tt-1081 AF047_1989_CT_SU2011_ER_04 @Gram:Det:Art 
"<dos>"
	"dos" Determiner CARD Plural lang:es 00:00:40 00:00:45 tt-1082 AF047_1989_CT_SU2011_ER_04 
"<lenguajes>"
	"lenguaje" Noun NC Plural lang:es 00:00:40 00:00:45 tt-1083 AF047_1989_CT_SU2011_ER_04 
"<$.>"
	"." Punctuation FS lang:es 00:00:40 00:00:45 tt-1084 AF047_1989_CT_SU2011_ER_04 
</speaker>
<speaker type="int">

"<$¿>"
	"¿" Punctuation FS lang:es 00:00:45 00:00:51 tt-1085 AF047_1989_CT_SU2011_ER_04 
"<Y>"
	"y" Conjunction CC lang:es 00:00:45 00:00:51 tt-1086 AF047_1989_CT_SU2011_ER_04 
"<este>"
	"este" Determiner DM Singular lang:es 00:00:45 00:00:51 tt-1087 AF047_1989_CT_SU2011_ER_04 @Prag:RecuDiscurso:GanarTiempo 
"<...>"
	"..." Punctuation DOTS lang:es 00:00:45 00:00:51 tt-1088 AF047_1989_CT_SU2011_ER_04 
"<y>"
	"y" Conjunction CC lang:es 00:00:45 00:00:51 tt-1089 AF047_1989_CT_SU2011_ER_04 
"<tus>"
	"UNK" Noun NC Plural lang:es 00:00:45 00:00:51 tt-1090 AF047_1989_CT_SU2011_ER_04 @Gram:Det:Pos 
"<estudiantes>"
	"estudiante" Noun NC Plural lang:es 00:00:45 00:00:51 tt-1091 AF047_1989_CT_SU2011_ER_04 
"<,>"
	"," Punctuation CM lang:es 00:00:45 00:00:51 tt-1092 AF047_1989_CT_SU2011_ER_04 
"<este>"
	"este" Noun NC Singular lang:es 00:00:45 00:00:51 tt-1093 AF047_1989_CT_SU2011_ER_04 
"<...>"
	"..." Punctuation DOTS lang:es 00:00:45 00:00:51 tt-1094 AF047_1989_CT_SU2011_ER_04 
"<dices>"
	"decir" Verb VLfin Pres Indi Sing 2nd lang:es 00:00:45 00:00:51 tt-1095 AF047_1989_CT_SU2011_ER_04 
"<que>"
	"que" Conjunction CQUE lang:es 00:00:45 00:00:51 tt-1096 AF047_1989_CT_SU2011_ER_04 
"<hablas>"
	"hablar" Verb VLfin Pres Indi Sing 2nd lang:es 00:00:45 00:00:51 tt-1097 AF047_1989_CT_SU2011_ER_04 
"<español>"
	"español" Adjective ADJ Singular lang:es 00:00:45 00:00:51 tt-1098 AF047_1989_CT_SU2011_ER_04 
"<con>"
	"con" Preposition PREP lang:es 00:00:45 00:00:51 tt-1099 AF047_1989_CT_SU2011_ER_04 @Gram:Prep 
"<ellos>"
	"él" Pronoun PPX Plural lang:es 00:00:45 00:00:51 tt-1100 AF047_1989_CT_SU2011_ER_04 @Gram:Pron:Sujeto 
"<$?>"
	"?" Punctuation FS lang:es 00:00:45 00:00:51 tt-1101 AF047_1989_CT_SU2011_ER_04 

"<Aha>"
	"aha" Noun NP Singular lang:es 00:00:51 00:00:52 tt-1102 AF047_1989_CT_SU2011_ER_04 
"<$.>"
	"." Punctuation FS lang:es 00:00:51 00:00:52 tt-1103 AF047_1989_CT_SU2011_ER_04 

"<$¿>"
	"¿" Punctuation FS lang:es 00:00:52 00:00:55 tt-1104 AF047_1989_CT_SU2011_ER_04 
"<Qué>"
	"qué" Pronoun INT Singular lang:es 00:00:52 00:00:55 tt-1105 AF047_1989_CT_SU2011_ER_04 
"<tipo>"
	"tipo" Noun NC Singular lang:es 00:00:52 00:00:55 tt-1106 AF047_1989_CT_SU2011_ER_04 
"<de>"
	"de" Preposition PREP lang:es 00:00:52 00:00:55 tt-1107 AF047_1989_CT_SU2011_ER_04 @Gram:Prep 
"<estudiantes>"
	"estudiante" Noun NC Plural lang:es 00:00:52 00:00:55 tt-1108 AF047_1989_CT_SU2011_ER_04 
"<son>"
	"ser" Verb VSfin Pres Indi Plural 3rd lang:es 00:00:52 00:00:55 tt-1109 AF047_1989_CT_SU2011_ER_04 @Gram:SerEstar:Ser 
"<$?>"
	"?" Punctuation FS lang:es 00:00:52 00:00:55 tt-1110 AF047_1989_CT_SU2011_ER_04 

"<$¿>"
	"¿" Punctuation FS lang:es 00:00:52 00:00:55 tt-1111 AF047_1989_CT_SU2011_ER_04 
"<O>"
	"o" Adverb ADV lang:es 00:00:52 00:00:55 tt-1112 AF047_1989_CT_SU2011_ER_04 ID:116 R:Prag:MarcadoresDisc:Igualdad:117 
"<sea>"
	"sea" Adverb ADV lang:es 00:00:52 00:00:55 tt-1113 AF047_1989_CT_SU2011_ER_04 ID:117 
"<,>"
	"," Punctuation CM lang:es 00:00:52 00:00:55 tt-1114 AF047_1989_CT_SU2011_ER_04 
"<son>"
	"ser" Verb VSfin Pres Indi Plural 3rd lang:es 00:00:52 00:00:55 tt-1115 AF047_1989_CT_SU2011_ER_04 @Gram:SerEstar:Ser 
"<bilingües>"
	"bilingüe" Adjective ADJ Plural lang:es 00:00:52 00:00:55 tt-1116 AF047_1989_CT_SU2011_ER_04 
"<o>"
	"o" Conjunction CC lang:es 00:00:52 00:00:55 tt-1117 AF047_1989_CT_SU2011_ER_04 
"<hablan>"
	"hablar" Verb VLfin Pres Indi Plural 3rd lang:es 00:00:52 00:00:55 tt-1118 AF047_1989_CT_SU2011_ER_04 
"<nada>"
	"nada" Determiner QU lang:es 00:00:52 00:00:55 tt-1119 AF047_1989_CT_SU2011_ER_04 
"<más>"
	"más" Adverb ADV lang:es 00:00:52 00:00:55 tt-1120 AF047_1989_CT_SU2011_ER_04 
"<español>"
	"español" Adjective ADJ Singular lang:es 00:00:52 00:00:55 tt-1121 AF047_1989_CT_SU2011_ER_04 
"<tus>"
	"UNK" Noun NC Plural lang:es 00:00:55 00:00:57 tt-1122 AF047_1989_CT_SU2011_ER_04 @Gram:Det:Pos 
"<estudiantes>"
	"estudiante" Noun NC Plural lang:es 00:00:55 00:00:57 tt-1123 AF047_1989_CT_SU2011_ER_04 
"<$?>"
	"?" Punctuation FS lang:es 00:00:55 00:00:57 tt-1124 AF047_1989_CT_SU2011_ER_04 
</speaker>
<speaker type="subj">

"<El>"
	"el" Determiner ART Singular Masc lang:es 00:00:57 00:01:04 tt-1125 AF047_1989_CT_SU2011_ER_04 @Gram:Det:Art 
"<semestre>"
	"semestre" Noun NC Singular lang:es 00:00:57 00:01:04 tt-1126 AF047_1989_CT_SU2011_ER_04 
"<pasado>"
	"pasar" Verb VLadj lang:es 00:00:57 00:01:04 tt-1127 AF047_1989_CT_SU2011_ER_04 
"<todos>"
	"todo" Determiner QU lang:es 00:00:57 00:01:04 tt-1128 AF047_1989_CT_SU2011_ER_04 
"<los>"
	"el" Determiner ART Plural Masc lang:es 00:00:57 00:01:04 tt-1129 AF047_1989_CT_SU2011_ER_04 @Gram:Det:Art 
"<estudiantes>"
	"estudiante" Noun NC Plural lang:es 00:00:57 00:01:04 tt-1130 AF047_1989_CT_SU2011_ER_04 
"<sin>"
	"sin" Preposition PREP lang:es 00:00:57 00:01:04 tt-1131 AF047_1989_CT_SU2011_ER_04 @Gram:Prep 
"<,>"
	"," Punctuation CM lang:es 00:00:57 00:01:04 tt-1132 AF047_1989_CT_SU2011_ER_04 
"<sin>"
	"sin" Preposition PREP lang:es 00:00:57 00:01:04 tt-1133 AF047_1989_CT_SU2011_ER_04 @Gram:Prep 
"<uno>"
	"uno" Determiner CARD Singular lang:es 00:00:57 00:01:04 tt-1134 AF047_1989_CT_SU2011_ER_04 @Gram:Pron:Sujeto 
"<fueron>"
	"ser" Verb VSfin Pret Indi Plural 3rd lang:es 00:00:57 00:01:04 tt-1135 AF047_1989_CT_SU2011_ER_04 @Gram:Indefinido @Gram:SerEstar:Ser 
"<bilingües>"
	"bilingüe" Adjective ADJ Plural lang:es 00:00:57 00:01:04 tt-1136 AF047_1989_CT_SU2011_ER_04 
"<,>"
	"," Punctuation CM lang:es 00:00:57 00:01:04 tt-1137 AF047_1989_CT_SU2011_ER_04 
"<y>"
	"y" Conjunction CC lang:es 00:00:57 00:01:04 tt-1138 AF047_1989_CT_SU2011_ER_04 
"<la>"
	"el" Determiner ART Singular Fem lang:es 00:00:57 00:01:04 tt-1139 AF047_1989_CT_SU2011_ER_04 @Gram:Det:Art 
"<única>"
	"único" Adjective ADJ Singular lang:es 00:00:57 00:01:04 tt-1140 AF047_1989_CT_SU2011_ER_04 
"<estudiante>"
	"estudiante" Noun NC Singular lang:es 00:00:57 00:01:04 tt-1141 AF047_1989_CT_SU2011_ER_04 
"<que>"
	"que" Conjunction CQUE lang:es 00:01:06 00:01:08 tt-1142 AF047_1989_CT_SU2011_ER_04 
"<no>"
	"no" Adverb NEG lang:es 00:01:06 00:01:08 tt-1143 AF047_1989_CT_SU2011_ER_04 
"<...>"
	"..." Punctuation DOTS lang:es 00:01:06 00:01:08 tt-1144 AF047_1989_CT_SU2011_ER_04 
"<que>"
	"que" Conjunction CQUE lang:es 00:01:06 00:01:08 tt-1145 AF047_1989_CT_SU2011_ER_04 
"<no>"
	"no" Adverb NEG lang:es 00:01:06 00:01:08 tt-1146 AF047_1989_CT_SU2011_ER_04 
"<fue>"
	"ser" Verb VSfin Pret Indi Sing 3rd lang:es 00:01:06 00:01:08 tt-1147 AF047_1989_CT_SU2011_ER_04 @Gram:Indefinido @Gram:SerEstar:Ser 
"<...>"
	"..." Punctuation DOTS lang:es 00:01:06 00:01:08 tt-1148 AF047_1989_CT_SU2011_ER_04 
"<$¿>"
	"¿" Punctuation FS lang:es 00:01:08 00:01:09 tt-1149 AF047_1989_CT_SU2011_ER_04 
"<Hablaba>"
	"hablar" Verb VLfin Imp Indi Sing 1st_or_3rd lang:es 00:01:08 00:01:09 tt-1150 AF047_1989_CT_SU2011_ER_04 @Gram:Imperf 
"<inglés>"
	"inglés" Adjective ADJ Plural lang:es 00:01:08 00:01:09 tt-1151 AF047_1989_CT_SU2011_ER_04 
"<$?>"
	"?" Punctuation FS lang:es 00:01:08 00:01:09 tt-1152 AF047_1989_CT_SU2011_ER_04 
</speaker>
<speaker type="int">

"<Que>"
	"que" Conjunction CQUE lang:es 00:01:09 00:01:16 tt-1153 AF047_1989_CT_SU2011_ER_04 
"<no>"
	"no" Adverb NEG lang:es 00:01:09 00:01:16 tt-1154 AF047_1989_CT_SU2011_ER_04 
"<,>"
	"," Punctuation CM lang:es 00:01:09 00:01:16 tt-1155 AF047_1989_CT_SU2011_ER_04 
"<no>"
	"no" Adverb NEG lang:es 00:01:09 00:01:16 tt-1156 AF047_1989_CT_SU2011_ER_04 
"<,>"
	"," Punctuation CM lang:es 00:01:09 00:01:16 tt-1157 AF047_1989_CT_SU2011_ER_04 
"<no>"
	"no" Adverb NEG lang:es 00:01:09 00:01:16 tt-1158 AF047_1989_CT_SU2011_ER_04 
"<hablaba>"
	"hablar" Verb VLfin Imp Indi Sing 1st_or_3rd lang:es 00:01:09 00:01:16 tt-1159 AF047_1989_CT_SU2011_ER_04 @Gram:Imperf 
"<español>"
	"español" Adjective ADJ Singular lang:es 00:01:09 00:01:16 tt-1160 AF047_1989_CT_SU2011_ER_04 
"<$.>"
	"." Punctuation FS lang:es 00:01:09 00:01:16 tt-1161 AF047_1989_CT_SU2011_ER_04 

"<Sólo>"
	"sólo" Adverb ADV lang:es 00:01:09 00:01:16 tt-1162 AF047_1989_CT_SU2011_ER_04 
"<inglés>"
	"inglés" Adjective ADJ Plural lang:es 00:01:09 00:01:16 tt-1163 AF047_1989_CT_SU2011_ER_04 
"<$.>"
	"." Punctuation FS lang:es 00:01:09 00:01:16 tt-1164 AF047_1989_CT_SU2011_ER_04 

"<Y>"
	"y" Conjunction CC lang:es 00:01:09 00:01:16 tt-1165 AF047_1989_CT_SU2011_ER_04 
"<los>"
	"el" Determiner ART Plural Masc lang:es 00:01:09 00:01:16 tt-1166 AF047_1989_CT_SU2011_ER_04 @Gram:Det:Art ID:170 R:Gram:Det:DetCombi:171 
"<otros>"
	"otro" Determiner QU lang:es 00:01:09 00:01:16 tt-1167 AF047_1989_CT_SU2011_ER_04 ID:171 
"<estudiantes>"
	"estudiante" Noun NC Plural lang:es 00:01:09 00:01:16 tt-1168 AF047_1989_CT_SU2011_ER_04 
"<hablan>"
	"hablar" Verb VLfin Pres Indi Plural 3rd lang:es 00:01:09 00:01:16 tt-1169 AF047_1989_CT_SU2011_ER_04 
"<los>"
	"el" Determiner ART Plural Masc lang:es 00:01:09 00:01:16 tt-1170 AF047_1989_CT_SU2011_ER_04 @Gram:Det:Art 
"<dos>"
	"dos" Determiner CARD Plural lang:es 00:01:16 00:01:17 tt-1171 AF047_1989_CT_SU2011_ER_04 
"<$.>"
	"." Punctuation FS lang:es 00:01:16 00:01:17 tt-1172 AF047_1989_CT_SU2011_ER_04 

"<$¿>"
	"¿" Punctuation FS lang:es 00:01:17 00:01:23 tt-1173 AF047_1989_CT_SU2011_ER_04 
"<Y>"
	"y" Conjunction CC lang:es 00:01:17 00:01:23 tt-1174 AF047_1989_CT_SU2011_ER_04 
"<este>"
	"este" Noun NC Singular lang:es 00:01:17 00:01:23 tt-1175 AF047_1989_CT_SU2011_ER_04 
"<...>"
	"..." Punctuation DOTS lang:es 00:01:17 00:01:23 tt-1176 AF047_1989_CT_SU2011_ER_04 
"<con>"
	"con" Preposition PREP lang:es 00:01:17 00:01:23 tt-1177 AF047_1989_CT_SU2011_ER_04 @Gram:Prep 
"<ellos>"
	"él" Pronoun PPX Plural lang:es 00:01:17 00:01:23 tt-1178 AF047_1989_CT_SU2011_ER_04 @Gram:Pron:Sujeto 
"<hablas>"
	"hablar" Verb VLfin Pres Indi Sing 2nd lang:es 00:01:17 00:01:23 tt-1179 AF047_1989_CT_SU2011_ER_04 
"<inglés>"
	"inglés" Adjective ADJ Plural lang:es 00:01:17 00:01:23 tt-1180 AF047_1989_CT_SU2011_ER_04 
"<o>"
	"o" Conjunction CC lang:es 00:01:17 00:01:23 tt-1181 AF047_1989_CT_SU2011_ER_04 
"<español>"
	"español" Adjective ADJ Singular lang:es 00:01:17 00:01:23 tt-1182 AF047_1989_CT_SU2011_ER_04 
"<más>"
	"más" Adverb ADV lang:es 00:01:17 00:01:23 tt-1183 AF047_1989_CT_SU2011_ER_04 
"<$?>"
	"?" Punctuation FS lang:es 00:01:17 00:01:23 tt-1184 AF047_1989_CT_SU2011_ER_04 
</speaker>
<speaker type="subj">

"<Uhm>"
	"UNK" Noun NP Singular lang:es 00:01:23 00:01:30 tt-1185 AF047_1989_CT_SU2011_ER_04 
"<...>"
	"..." Punctuation DOTS lang:es 00:01:23 00:01:30 tt-1186 AF047_1989_CT_SU2011_ER_04 
"<inglés>"
	"inglés" Noun NC Plural lang:es 00:01:23 00:01:30 tt-1187 AF047_1989_CT_SU2011_ER_04 
"<más>"
	"más" Adverb ADV lang:es 00:01:23 00:01:30 tt-1188 AF047_1989_CT_SU2011_ER_04 
"<y>"
	"y" Conjunction CC lang:es 00:01:23 00:01:30 tt-1189 AF047_1989_CT_SU2011_ER_04 
"<uhm>"
	"UNK" Noun NP Singular lang:es 00:01:23 00:01:30 tt-1190 AF047_1989_CT_SU2011_ER_04 
"<...>"
	"..." Punctuation DOTS lang:es 00:01:23 00:01:30 tt-1191 AF047_1989_CT_SU2011_ER_04 
"<fueron>"
	"ser" Verb VSfin Pret Indi Plural 3rd lang:es 00:01:23 00:01:30 tt-1192 AF047_1989_CT_SU2011_ER_04 @Gram:Indefinido @Gram:SerEstar:Ser 
"<como>"
	"como" Adverb ADV lang:es 00:01:23 00:01:30 tt-1193 AF047_1989_CT_SU2011_ER_04 
"<cinco>"
	"cinco" Determiner CARD Singular lang:es 00:01:23 00:01:30 tt-1194 AF047_1989_CT_SU2011_ER_04 
"<estudiantes>"
	"estudiante" Noun NC Plural lang:es 00:01:23 00:01:30 tt-1195 AF047_1989_CT_SU2011_ER_04 
"<que>"
	"que" Conjunction CQUE lang:es 00:01:23 00:01:30 tt-1196 AF047_1989_CT_SU2011_ER_04 
"<hablo>"
	"hablar" Verb VLfin Pres Indi Sing 1st lang:es 00:01:23 00:01:30 tt-1197 AF047_1989_CT_SU2011_ER_04 
"<...>"
	"..." Punctuation DOTS lang:es 00:01:23 00:01:30 tt-1198 AF047_1989_CT_SU2011_ER_04 
"<que>"
	"que" Conjunction CQUE lang:es 00:01:23 00:01:30 tt-1199 AF047_1989_CT_SU2011_ER_04 
"<hablan>"
	"hablar" Verb VLfin Pres Indi Plural 3rd lang:es 00:01:23 00:01:30 tt-1200 AF047_1989_CT_SU2011_ER_04 
"<español>"
	"español" Noun NC Singular lang:es 00:01:23 00:01:30 tt-1201 AF047_1989_CT_SU2011_ER_04 
"<más>"
	"más" Adverb ADV lang:es 00:01:35 00:01:38 tt-1202 AF047_1989_CT_SU2011_ER_04 
"<$.>"
	"." Punctuation FS lang:es 00:01:35 00:01:38 tt-1203 AF047_1989_CT_SU2011_ER_04 

"<Pero>"
	"pero" Conjunction CCAD lang:es 00:01:35 00:01:38 tt-1204 AF047_1989_CT_SU2011_ER_04 @Prag:MarcadoresDisc:Revision 
"<la>"
	"el" Determiner ART Singular Fem lang:es 00:01:35 00:01:38 tt-1205 AF047_1989_CT_SU2011_ER_04 @Gram:Det:Art 
"<mayoría>"
	"mayoría" Noun NC Singular lang:es 00:01:35 00:01:38 tt-1206 AF047_1989_CT_SU2011_ER_04 
"<hablan>"
	"hablar" Verb VLfin Pres Indi Plural 3rd lang:es 00:01:35 00:01:38 tt-1207 AF047_1989_CT_SU2011_ER_04 
"<inglés>"
	"inglés" Noun NC Plural lang:es 00:01:35 00:01:38 tt-1208 AF047_1989_CT_SU2011_ER_04 
"<más>"
	"más" Adverb ADV lang:es 00:01:35 00:01:38 tt-1209 AF047_1989_CT_SU2011_ER_04 
"<$.>"
	"." Punctuation FS lang:es 00:01:35 00:01:38 tt-1210 AF047_1989_CT_SU2011_ER_04 
</speaker>
<speaker type="int">

"<Oye>"
	"oír" Verb VLfin Pres Indi_Command Sing 2nd_3rd lang:es 00:01:38 00:01:44 tt-1211 AF047_1989_CT_SU2011_ER_04 
"<,>"
	"," Punctuation CM lang:es 00:01:38 00:01:44 tt-1212 AF047_1989_CT_SU2011_ER_04 
"<y>"
	"y" Conjunction CC lang:es 00:01:38 00:01:44 tt-1213 AF047_1989_CT_SU2011_ER_04 
"<tú>"
	"tú" Pronoun PPX Singular lang:es 00:01:38 00:01:44 tt-1214 AF047_1989_CT_SU2011_ER_04 @Gram:Pron:Sujeto 
"<este>"
	"este" Noun NC Singular lang:es 00:01:38 00:01:44 tt-1215 AF047_1989_CT_SU2011_ER_04 
"<...>"
	"..." Punctuation DOTS lang:es 00:01:38 00:01:44 tt-1216 AF047_1989_CT_SU2011_ER_04 
"<hay>"
	"haber" Verb VHfin Pres Indi Sing 3rd lang:es 00:01:38 00:01:44 tt-1217 AF047_1989_CT_SU2011_ER_04 @Gram:Haber:Exist 
"<alguien>"
	"UNK" Adverb ADV lang:es 00:01:38 00:01:44 tt-1218 AF047_1989_CT_SU2011_ER_04 
"<con>"
	"con" Preposition PREP lang:es 00:01:38 00:01:44 tt-1219 AF047_1989_CT_SU2011_ER_04 @Gram:Prep 
"<quien>"
	"quien" Pronoun REL Singular lang:es 00:01:38 00:01:44 tt-1220 AF047_1989_CT_SU2011_ER_04 
"<hablas>"
	"hablar" Verb VLfin Pres Indi Sing 2nd lang:es 00:01:38 00:01:44 tt-1221 AF047_1989_CT_SU2011_ER_04 
"<español>"
	"español" Noun NC Singular lang:es 00:01:38 00:01:44 tt-1222 AF047_1989_CT_SU2011_ER_04 
"<todos>"
	"todo" Determiner QU lang:es 00:01:38 00:01:44 tt-1223 AF047_1989_CT_SU2011_ER_04 
"<los>"
	"el" Determiner ART Plural Masc lang:es 00:01:38 00:01:44 tt-1224 AF047_1989_CT_SU2011_ER_04 @Gram:Det:Art 
"<días>"
	"día" Noun NC Plural lang:es 00:01:38 00:01:44 tt-1225 AF047_1989_CT_SU2011_ER_04 
"<$?>"
	"?" Punctuation FS lang:es 00:01:38 00:01:44 tt-1226 AF047_1989_CT_SU2011_ER_04 

"<$¿>"
	"¿" Punctuation FS lang:es 00:01:44 00:01:45 tt-1227 AF047_1989_CT_SU2011_ER_04 
<lang code="en">
"<Uh>"
	"UNK" Noun NP Singular lang:en 00:01:44 00:01:45 tt-1228 AF047_1989_CT_SU2011_ER_04 
</lang>
"<$?>"
	"?" Punctuation FS lang:es 00:01:44 00:01:45 tt-1229 AF047_1989_CT_SU2011_ER_04 

"<Por>"
	"por" Preposition PREP lang:es 00:01:45 00:01:50 tt-1230 AF047_1989_CT_SU2011_ER_04 @Gram:Prep:Por ID:234 R:Prag:MarcadoresDisc:Igualdad:235 
"<ejemplo>"
	"ejemplo" Adverb ADV lang:es 00:01:45 00:01:50 tt-1231 AF047_1989_CT_SU2011_ER_04 ID:235 
"<,>"
	"," Punctuation CM lang:es 00:01:45 00:01:50 tt-1232 AF047_1989_CT_SU2011_ER_04 
"<$¿>"
	"¿" Punctuation FS lang:es 00:01:45 00:01:50 tt-1233 AF047_1989_CT_SU2011_ER_04 
"<hay>"
	"haber" Verb VHfin Pres Indi Sing 3rd lang:es 00:01:45 00:01:50 tt-1234 AF047_1989_CT_SU2011_ER_04 @Gram:Haber:Exist 
"<alguien>"
	"UNK" Adverb ADV lang:es 00:01:45 00:01:50 tt-1235 AF047_1989_CT_SU2011_ER_04 
"<con>"
	"con" Preposition PREP lang:es 00:01:45 00:01:50 tt-1236 AF047_1989_CT_SU2011_ER_04 @Gram:Prep 
"<quien>"
	"quien" Pronoun REL Singular lang:es 00:01:45 00:01:50 tt-1237 AF047_1989_CT_SU2011_ER_04 
"<hablas>"
	"hablar" Verb VLfin Pres Indi Sing 2nd lang:es 00:01:45 00:01:50 tt-1238 AF047_1989_CT_SU2011_ER_04 
"<español>"
	"español" Noun NC Singular lang:es 00:01:45 00:01:50 tt-1239 AF047_1989_CT_SU2011_ER_04 
"<todos>"
	"todo" Determiner QU lang:es 00:01:45 00:01:50 tt-1240 AF047_1989_CT_SU2011_ER_04 
"<los>"
	"el" Determiner ART Plural Masc lang:es 00:01:45 00:01:50 tt-1241 AF047_1989_CT_SU2011_ER_04 @Gram:Det:Art 
"<días>"
	"día" Noun NC Plural lang:es 00:01:45 00:01:50 tt-1242 AF047_1989_CT_SU2011_ER_04 
"<$?>"
	"?" Punctuation FS lang:es 00:01:45 00:01:50 tt-1243 AF047_1989_CT_SU2011_ER_04 
</speaker>
<speaker type="subj">

"<Uhm>"
	"UNK" Noun NP Singular lang:es 00:01:50 00:01:57 tt-1244 AF047_1989_CT_SU2011_ER_04 
"<...>"
	"..." Punctuation DOTS lang:es 00:01:50 00:01:57 tt-1245 AF047_1989_CT_SU2011_ER_04 
"<no>"
	"no" Adverb NEG lang:es 00:01:50 00:01:57 tt-1246 AF047_1989_CT_SU2011_ER_04 
"<hay>"
	"haber" Verb VHfin Pres Indi Sing 3rd lang:es 00:01:50 00:01:57 tt-1247 AF047_1989_CT_SU2011_ER_04 @Gram:Haber:Exist 
"<alguien>"
	"UNK" Adverb ADV lang:es 00:01:50 00:01:57 tt-1248 AF047_1989_CT_SU2011_ER_04 
"<...>"
	"..." Punctuation DOTS lang:es 00:01:50 00:01:57 tt-1249 AF047_1989_CT_SU2011_ER_04 
"<muy>"
	"muy" Adverb ADV lang:es 00:01:50 00:01:57 tt-1250 AF047_1989_CT_SU2011_ER_04 
"<...>"
	"..." Punctuation DOTS lang:es 00:01:50 00:01:57 tt-1251 AF047_1989_CT_SU2011_ER_04 
"<uhm>"
	"UNK" Noun NP Singular lang:es 00:01:50 00:01:57 tt-1252 AF047_1989_CT_SU2011_ER_04 
"<...>"
	"..." Punctuation DOTS lang:es 00:01:50 00:01:57 tt-1253 AF047_1989_CT_SU2011_ER_04 
"<con>"
	"con" Preposition PREP lang:es 00:01:50 00:01:57 tt-1254 AF047_1989_CT_SU2011_ER_04 @Gram:Prep 
<lang code="en">
"<like>"
	"like" Preposition IN lang:en 00:01:50 00:01:57 tt-1255 AF047_1989_CT_SU2011_ER_04 @Gram:Prep 
</lang>
"<,>"
	"," Punctuation CM lang:es 00:01:50 00:01:57 tt-1256 AF047_1989_CT_SU2011_ER_04 
"<no>"
	"no" Adverb NEG lang:es 00:01:50 00:01:57 tt-1257 AF047_1989_CT_SU2011_ER_04 
"<hay>"
	"haber" Verb VHfin Pres Indi Sing 3rd lang:es 00:01:50 00:01:57 tt-1258 AF047_1989_CT_SU2011_ER_04 @Gram:Haber:Exist 
"<familia>"
	"familia" Noun NC Singular lang:es 00:01:50 00:01:57 tt-1259 AF047_1989_CT_SU2011_ER_04 
"<y>"
	"y" Conjunction CC lang:es 00:01:50 00:01:57 tt-1260 AF047_1989_CT_SU2011_ER_04 
"<amigos>"
	"amigo" Noun NC Plural lang:es 00:01:50 00:01:57 tt-1261 AF047_1989_CT_SU2011_ER_04 
"<,>"
	"," Punctuation CM lang:es 00:01:50 00:01:57 tt-1262 AF047_1989_CT_SU2011_ER_04 
"<pero>"
	"pero" Conjunction CCAD lang:es 00:01:50 00:01:57 tt-1263 AF047_1989_CT_SU2011_ER_04 @Prag:MarcadoresDisc:Revision 
"<cuando>"
	"cuando" Conjunction CSUBX lang:es 00:01:50 00:01:57 tt-1264 AF047_1989_CT_SU2011_ER_04 
"<estoy>"
	"estar" Verb VEfin Pres Indi Sing 1st lang:es 00:02:02 00:02:09 tt-1265 AF047_1989_CT_SU2011_ER_04 @Gram:SerEstar:Estar 
"<como>"
	"como" Adverb ADV lang:es 00:02:02 00:02:09 tt-1266 AF047_1989_CT_SU2011_ER_04 
"<en>"
	"en" Preposition PREP lang:es 00:02:02 00:02:09 tt-1267 AF047_1989_CT_SU2011_ER_04 @Gram:Prep 
"<la>"
	"el" Determiner ART Singular Fem lang:es 00:02:02 00:02:09 tt-1268 AF047_1989_CT_SU2011_ER_04 @Gram:Det:Art 
"<tienda>"
	"tienda" Noun NC Singular lang:es 00:02:02 00:02:09 tt-1269 AF047_1989_CT_SU2011_ER_04 
"<siempre>"
	"siempre" Adverb ADV lang:es 00:02:02 00:02:09 tt-1270 AF047_1989_CT_SU2011_ER_04 
"<hablo>"
	"hablar" Verb VLfin Pres Indi Sing 1st lang:es 00:02:02 00:02:09 tt-1271 AF047_1989_CT_SU2011_ER_04 
"<español>"
	"español" Noun NC Singular lang:es 00:02:02 00:02:09 tt-1272 AF047_1989_CT_SU2011_ER_04 
"<con>"
	"con" Preposition PREP lang:es 00:02:02 00:02:09 tt-1273 AF047_1989_CT_SU2011_ER_04 @Gram:Prep 
"<el>"
	"el" Determiner ART Singular Masc lang:es 00:02:02 00:02:09 tt-1274 AF047_1989_CT_SU2011_ER_04 @Gram:Det:Art 
"<hombre>"
	"hombre" Noun NC Singular lang:es 00:02:02 00:02:09 tt-1275 AF047_1989_CT_SU2011_ER_04 
"<de>"
	"de" Preposition PREP lang:es 00:02:02 00:02:09 tt-1276 AF047_1989_CT_SU2011_ER_04 @Gram:Prep 
"<la>"
	"el" Determiner ART Singular Fem lang:es 00:02:02 00:02:09 tt-1277 AF047_1989_CT_SU2011_ER_04 @Gram:Det:Art 
"<tienda>"
	"tienda" Noun NC Singular lang:es 00:02:02 00:02:09 tt-1278 AF047_1989_CT_SU2011_ER_04 
"<o>"
	"o" Conjunction CC lang:es 00:02:02 00:02:09 tt-1279 AF047_1989_CT_SU2011_ER_04 
"<el>"
	"el" Determiner ART Singular Masc lang:es 00:02:02 00:02:09 tt-1280 AF047_1989_CT_SU2011_ER_04 @Gram:Det:Art 
"<hombre>"
	"hombre" Noun NC Singular lang:es 00:02:02 00:02:09 tt-1281 AF047_1989_CT_SU2011_ER_04 
"<que>"
	"que" Conjunction CQUE lang:es 00:02:02 00:02:09 tt-1282 AF047_1989_CT_SU2011_ER_04 
"<,>"
	"," Punctuation CM lang:es 00:02:02 00:02:09 tt-1283 AF047_1989_CT_SU2011_ER_04 
"<uhm>"
	"UNK" Noun NC Singular lang:es 00:02:02 00:02:09 tt-1284 AF047_1989_CT_SU2011_ER_04 
"<...>"
	"..." Punctuation DOTS lang:es 00:02:02 00:02:09 tt-1285 AF047_1989_CT_SU2011_ER_04 
"<$¿>"
	"¿" Punctuation FS lang:es 00:02:12 00:02:14 tt-1286 AF047_1989_CT_SU2011_ER_04 
"<cómo>"
	"cómo" Adverb ADV lang:es 00:02:12 00:02:14 tt-1287 AF047_1989_CT_SU2011_ER_04 
"<se>"
	"se" Other SE lang:es 00:02:12 00:02:14 tt-1288 AF047_1989_CT_SU2011_ER_04 
"<dice>"
	"decir" Verb VLfin Pres Indi Sing 3rd lang:es 00:02:12 00:02:14 tt-1289 AF047_1989_CT_SU2011_ER_04 ID:293 R:Herit:Contacto:Mixtas:294 
<lang code="en">
"<maintenance>"
	"maintenance" Noun NN lang:en 00:02:12 00:02:14 tt-1290 AF047_1989_CT_SU2011_ER_04 ID:294 
"<man>"
	"man" Noun NN lang:en 00:02:12 00:02:14 tt-1291 AF047_1989_CT_SU2011_ER_04 
</lang>
"<$?>"
	"?" Punctuation FS lang:es 00:02:12 00:02:14 tt-1292 AF047_1989_CT_SU2011_ER_04 
</speaker>
<speaker type="int">

"<O>"
	"o" Adverb ADV lang:es 00:02:14 00:02:17 tt-1293 AF047_1989_CT_SU2011_ER_04 ID:297 R:Prag:MarcadoresDisc:Igualdad:298 
"<sea>"
	"sea" Adverb ADV lang:es 00:02:14 00:02:17 tt-1294 AF047_1989_CT_SU2011_ER_04 ID:298 
"<,>"
	"," Punctuation CM lang:es 00:02:14 00:02:17 tt-1295 AF047_1989_CT_SU2011_ER_04 
"<él>"
	"él" Pronoun PPX Singular lang:es 00:02:14 00:02:17 tt-1296 AF047_1989_CT_SU2011_ER_04 @Gram:Pron:Sujeto 
"<que>"
	"que" Conjunction CQUE lang:es 00:02:14 00:02:17 tt-1297 AF047_1989_CT_SU2011_ER_04 
"<hace>"
	"hacer" Verb VLfin Pres Indi Sing 3rd lang:es 00:02:14 00:02:17 tt-1298 AF047_1989_CT_SU2011_ER_04 
"<mantenimiento>"
	"mantenimiento" Noun NC Singular lang:es 00:02:14 00:02:17 tt-1299 AF047_1989_CT_SU2011_ER_04 
"<$.>"
	"." Punctuation FS lang:es 00:02:14 00:02:17 tt-1300 AF047_1989_CT_SU2011_ER_04 
</speaker>
<speaker type="subj">

"<Yeah>"
	"Yeah" Other UH lang:en 00:02:17 00:02:24 tt-1301 AF047_1989_CT_SU2011_ER_04 
"<$.>"
	"." Punctuation FS lang:es 00:02:17 00:02:24 tt-1302 AF047_1989_CT_SU2011_ER_04 

"<Siempre>"
	"siempre" Adverb ADV lang:es 00:02:17 00:02:24 tt-1303 AF047_1989_CT_SU2011_ER_04 
"<hablo>"
	"hablar" Verb VLfin Pres Indi Sing 1st lang:es 00:02:17 00:02:24 tt-1304 AF047_1989_CT_SU2011_ER_04 
"<español>"
	"español" Adjective ADJ Singular lang:es 00:02:17 00:02:24 tt-1305 AF047_1989_CT_SU2011_ER_04 
"<con>"
	"con" Preposition PREP lang:es 00:02:17 00:02:24 tt-1306 AF047_1989_CT_SU2011_ER_04 @Gram:Prep 
"<él>"
	"él" Pronoun PPX Singular lang:es 00:02:17 00:02:24 tt-1307 AF047_1989_CT_SU2011_ER_04 @Gram:Pron:Sujeto 
"<,>"
	"," Punctuation CM lang:es 00:02:17 00:02:24 tt-1308 AF047_1989_CT_SU2011_ER_04 
"<pero>"
	"pero" Conjunction CCAD lang:es 00:02:17 00:02:24 tt-1309 AF047_1989_CT_SU2011_ER_04 @Prag:MarcadoresDisc:Revision 
"<no>"
	"no" Adverb NEG lang:es 00:02:17 00:02:24 tt-1310 AF047_1989_CT_SU2011_ER_04 
"<...>"
	"..." Punctuation DOTS lang:es 00:02:17 00:02:24 tt-1311 AF047_1989_CT_SU2011_ER_04 
"<no>"
	"no" Adverb NEG lang:es 00:02:17 00:02:24 tt-1312 AF047_1989_CT_SU2011_ER_04 
"<le>"
	"él" Pronoun PPC Singular lang:es 00:02:17 00:02:24 tt-1313 AF047_1989_CT_SU2011_ER_04 @Gram:Pron:Objeto 
"<veo>"
	"ver" Verb VLfin Pres Indi Sing 1st lang:es 00:02:17 00:02:24 tt-1314 AF047_1989_CT_SU2011_ER_04 
"<cada>"
	"cada" Determiner QU lang:es 00:02:17 00:02:24 tt-1315 AF047_1989_CT_SU2011_ER_04 @Gram:Det:CuantIndef 
"<día>"
	"día" Noun NC Singular lang:es 00:02:17 00:02:24 tt-1316 AF047_1989_CT_SU2011_ER_04 
"<,>"
	"," Punctuation CM lang:es 00:02:17 00:02:24 tt-1317 AF047_1989_CT_SU2011_ER_04 
<lang code="en">
"<so>"
	"so" Adverb RB lang:en 00:02:17 00:02:24 tt-1318 AF047_1989_CT_SU2011_ER_04 
</lang>
</speaker>
</text>

