<text id="AF042_1991_CT_SU2011_ER_02">
<speaker type="int">
"<Sí>"
	"sí" Adverb ADV lang:es 00:00:00 00:00:07 tt-473 AF042_1991_CT_SU2011_ER_02 
"<,>"
	"," Punctuation CM lang:es 00:00:00 00:00:07 tt-474 AF042_1991_CT_SU2011_ER_02 
"<fue>"
	"ser" Verb VSfin Pret Indi Sing 3rd lang:es 00:00:00 00:00:07 tt-475 AF042_1991_CT_SU2011_ER_02 @Gram:SerEstar:Ser 
"<el>"
	"el" Determiner ART Singular Masc lang:es 00:00:00 00:00:07 tt-476 AF042_1991_CT_SU2011_ER_02 @Gram:Det:Art 
"<español>"
	"español" Noun NC Singular lang:es 00:00:00 00:00:07 tt-477 AF042_1991_CT_SU2011_ER_02 
"<y>"
	"y" Conjunction CC lang:es 00:00:00 00:00:07 tt-478 AF042_1991_CT_SU2011_ER_02 
"<lo>"
	"el" Determiner ART Singular lang:es 00:00:00 00:00:07 tt-479 AF042_1991_CT_SU2011_ER_02 
"<...>"
	"..." Punctuation DOTS lang:es 00:00:00 00:00:07 tt-480 AF042_1991_CT_SU2011_ER_02 
"<lo>"
	"el" Determiner ART Singular lang:es 00:00:00 00:00:07 tt-481 AF042_1991_CT_SU2011_ER_02 @Gram:Pron:Objeto 
"<comencé>"
	"comenzar" Verb VLfin Pret Indi Sing 1st lang:es 00:00:00 00:00:07 tt-482 AF042_1991_CT_SU2011_ER_02 @Gram:Indefinido 
"<a>"
	"a" Preposition PREP lang:es 00:00:00 00:00:07 tt-483 AF042_1991_CT_SU2011_ER_02 @Gram:Prep 
"<...>"
	"..." Punctuation DOTS lang:es 00:00:00 00:00:07 tt-484 AF042_1991_CT_SU2011_ER_02 
"<a>"
	"a" Preposition PREP lang:es 00:00:00 00:00:07 tt-485 AF042_1991_CT_SU2011_ER_02 @Gram:Prep 
"<...>"
	"..." Punctuation DOTS lang:es 00:00:00 00:00:07 tt-486 AF042_1991_CT_SU2011_ER_02 
"<lo>"
	"él" Pronoun PPC Singular lang:es 00:00:00 00:00:07 tt-487 AF042_1991_CT_SU2011_ER_02 @Gram:Pron:Objeto 
"<comencé>"
	"comenzar" Verb VLfin Pret Indi Sing 1st lang:es 00:00:00 00:00:07 tt-488 AF042_1991_CT_SU2011_ER_02 @Gram:Indefinido 
"<a>"
	"a" Preposition PREP lang:es 00:00:00 00:00:07 tt-489 AF042_1991_CT_SU2011_ER_02 @Gram:Prep 
"<hablar>"
	"hablar" Verb VLinf Infinitive lang:es 00:00:00 00:00:07 tt-490 AF042_1991_CT_SU2011_ER_02 ID:18 R:Vocab:Fraseol:VerbPrep:19 
"<en>"
	"en" Preposition PREP lang:es 00:00:00 00:00:07 tt-491 AF042_1991_CT_SU2011_ER_02 @Gram:Prep ID:19 
"<la>"
	"el" Determiner ART Singular Fem lang:es 00:00:00 00:00:07 tt-492 AF042_1991_CT_SU2011_ER_02 @Gram:Det:Art 
"<escuela>"
	"escuela" Noun NC Singular lang:es 00:00:00 00:00:07 tt-493 AF042_1991_CT_SU2011_ER_02 
"<el>"
	"el" Determiner ART Singular Masc lang:es 00:00:10 00:00:14 tt-494 AF042_1991_CT_SU2011_ER_02 @Gram:Det:Art 
"<inglés>"
	"inglés" Noun NC Plural lang:es 00:00:10 00:00:14 tt-495 AF042_1991_CT_SU2011_ER_02 
"<y>"
	"y" Conjunction CC lang:es 00:00:10 00:00:14 tt-496 AF042_1991_CT_SU2011_ER_02 
"<el>"
	"el" Determiner ART Singular Masc lang:es 00:00:10 00:00:14 tt-497 AF042_1991_CT_SU2011_ER_02 @Gram:Det:Art 
"<español>"
	"español" Noun NC Singular lang:es 00:00:10 00:00:14 tt-498 AF042_1991_CT_SU2011_ER_02 
"<sí>"
	"sí" Adverb ADV lang:es 00:00:10 00:00:14 tt-499 AF042_1991_CT_SU2011_ER_02 
"<lo>"
	"él" Pronoun PPC Singular lang:es 00:00:10 00:00:14 tt-500 AF042_1991_CT_SU2011_ER_02 @Gram:Pron:Objeto 
"<ehm>"
	"ehm" Noun NP Singular lang:es 00:00:10 00:00:14 tt-501 AF042_1991_CT_SU2011_ER_02 
"<...>"
	"..." Punctuation DOTS lang:es 00:00:10 00:00:14 tt-502 AF042_1991_CT_SU2011_ER_02 
"<mis>"
	"mío" Pronoun PPO Plural lang:es 00:00:10 00:00:14 tt-503 AF042_1991_CT_SU2011_ER_02 @Gram:Det:Pos 
"<papás>"
	"papá" Noun NC Plural lang:es 00:00:10 00:00:14 tt-504 AF042_1991_CT_SU2011_ER_02 
"<me>"
	"yo" Pronoun PPX Singular lang:es 00:00:10 00:00:14 tt-505 AF042_1991_CT_SU2011_ER_02 @Gram:Pron:Objeto 
"<enseñaron>"
	"enseñar" Verb VLfin Pret Indi Plural 3rd lang:es 00:00:10 00:00:14 tt-506 AF042_1991_CT_SU2011_ER_02 @Gram:Indefinido 
"<$.>"
	"." Punctuation FS lang:es 00:00:10 00:00:14 tt-507 AF042_1991_CT_SU2011_ER_02 

"<Bueno>"
	"bueno" Adjective ADJ Singular lang:es 00:00:14 00:00:21 tt-508 AF042_1991_CT_SU2011_ER_02 
"<,>"
	"," Punctuation CM lang:es 00:00:14 00:00:21 tt-509 AF042_1991_CT_SU2011_ER_02 
"<desde>"
	"desde" Preposition PREP lang:es 00:00:14 00:00:21 tt-510 AF042_1991_CT_SU2011_ER_02 @Gram:Prep 
"<que>"
	"que" Conjunction CQUE lang:es 00:00:14 00:00:21 tt-511 AF042_1991_CT_SU2011_ER_02 
"<eras>"
	"ser" Verb VSfin Imp Indi Sing 2nd lang:es 00:00:14 00:00:21 tt-512 AF042_1991_CT_SU2011_ER_02 @Gram:SerEstar:Ser 
"<niña>"
	"niño" Noun NC Singular lang:es 00:00:14 00:00:21 tt-513 AF042_1991_CT_SU2011_ER_02 
"<,>"
	"," Punctuation CM lang:es 00:00:14 00:00:21 tt-514 AF042_1991_CT_SU2011_ER_02 
"<$¿>"
	"¿" Punctuation FS lang:es 00:00:14 00:00:21 tt-515 AF042_1991_CT_SU2011_ER_02 
"<no>"
	"no" Adverb NEG lang:es 00:00:14 00:00:21 tt-516 AF042_1991_CT_SU2011_ER_02 
"<$?>"
	"?" Punctuation FS lang:es 00:00:14 00:00:21 tt-517 AF042_1991_CT_SU2011_ER_02 

"<Desde>"
	"desde" Preposition PREP lang:es 00:00:14 00:00:21 tt-518 AF042_1991_CT_SU2011_ER_02 @Gram:Prep 
"<que>"
	"que" Conjunction CQUE lang:es 00:00:14 00:00:21 tt-519 AF042_1991_CT_SU2011_ER_02 
"<eras>"
	"ser" Verb VSfin Imp Indi Sing 2nd lang:es 00:00:14 00:00:21 tt-520 AF042_1991_CT_SU2011_ER_02 @Gram:SerEstar:Ser 
"<chiquita>"
	"chico" Adjective ADJ Singular lang:es 00:00:14 00:00:21 tt-521 AF042_1991_CT_SU2011_ER_02 
"<$.>"
	"." Punctuation FS lang:es 00:00:14 00:00:21 tt-522 AF042_1991_CT_SU2011_ER_02 

"<Y>"
	"y" Conjunction CC lang:es 00:00:14 00:00:21 tt-523 AF042_1991_CT_SU2011_ER_02 
"<bueno>"
	"bueno" Adjective ADJ Singular lang:es 00:00:14 00:00:21 tt-524 AF042_1991_CT_SU2011_ER_02 
"<,>"
	"," Punctuation CM lang:es 00:00:14 00:00:21 tt-525 AF042_1991_CT_SU2011_ER_02 
"<y>"
	"y" Other ALFS lang:es 00:00:14 00:00:21 tt-526 AF042_1991_CT_SU2011_ER_02 
"<$¿>"
	"¿" Punctuation FS lang:es 00:00:14 00:00:21 tt-527 AF042_1991_CT_SU2011_ER_02 
"<tú>"
	"tú" Pronoun PPX Singular lang:es 00:00:14 00:00:21 tt-528 AF042_1991_CT_SU2011_ER_02 @Gram:Pron:Sujeto 
"<crees>"
	"crear|creer" Verb VLfin Pres Indi Sing 2nd lang:es 00:00:14 00:00:21 tt-529 AF042_1991_CT_SU2011_ER_02 
"<que>"
	"que" Conjunction CQUE lang:es 00:00:22 00:00:27 tt-530 AF042_1991_CT_SU2011_ER_02 
"<para>"
	"para" Preposition PREP lang:es 00:00:22 00:00:27 tt-531 AF042_1991_CT_SU2011_ER_02 @Gram:Prep:Para 
"<tus>"
	"UNK" Noun NC Plural lang:es 00:00:22 00:00:27 tt-532 AF042_1991_CT_SU2011_ER_02 @Gram:Det:Pos 
"<padres>"
	"padre" Noun NC Plural lang:es 00:00:22 00:00:27 tt-533 AF042_1991_CT_SU2011_ER_02 
"<era>"
	"ser" Verb VEfin Imp Indi Sing 1st_or_3rd lang:es 00:00:22 00:00:27 tt-534 AF042_1991_CT_SU2011_ER_02 @Gram:Imperf @Gram:SerEstar:Ser 
"<importante>"
	"importar" Verb VLadj lang:es 00:00:22 00:00:27 tt-535 AF042_1991_CT_SU2011_ER_02 
"<enseñarte>"
	"enseñar" Verb VLinf Pres Subj Sing 1st_or_3rd lang:es 00:00:22 00:00:27 tt-536 AF042_1991_CT_SU2011_ER_02 @Gram:MSub:Pres 
"<español>"
	"español" Noun NC Singular lang:es 00:00:22 00:00:27 tt-537 AF042_1991_CT_SU2011_ER_02 
"<$?>"
	"?" Punctuation FS lang:es 00:00:22 00:00:27 tt-538 AF042_1991_CT_SU2011_ER_02 
</speaker>
<speaker type="subj">

"<Sí>"
	"sí" Adverb ADV lang:es 00:00:27 00:00:32 tt-539 AF042_1991_CT_SU2011_ER_02 
"<,>"
	"," Punctuation CM lang:es 00:00:27 00:00:32 tt-540 AF042_1991_CT_SU2011_ER_02 
"<eh>"
	"eh" Noun NP Singular lang:es 00:00:27 00:00:32 tt-541 AF042_1991_CT_SU2011_ER_02 
"<...>"
	"..." Punctuation DOTS lang:es 00:00:27 00:00:32 tt-542 AF042_1991_CT_SU2011_ER_02 
"<mi>"
	"mío" Pronoun PPO Singular lang:es 00:00:27 00:00:32 tt-543 AF042_1991_CT_SU2011_ER_02 @Gram:Det:Pos 
"<mamá>"
	"mamá" Noun NC Singular lang:es 00:00:27 00:00:32 tt-544 AF042_1991_CT_SU2011_ER_02 
"<quería>"
	"querer" Verb VLfin Imp Indi Sing 1st_or_3rd lang:es 00:00:27 00:00:32 tt-545 AF042_1991_CT_SU2011_ER_02 @Gram:Imperf 
"<que>"
	"que" Conjunction CQUE lang:es 00:00:27 00:00:32 tt-546 AF042_1991_CT_SU2011_ER_02 
"<yo>"
	"yo" Pronoun PPX Singular lang:es 00:00:27 00:00:32 tt-547 AF042_1991_CT_SU2011_ER_02 @Gram:Pron:Sujeto 
"<supiera>"
	"saber" Verb VLfin Past Subj Sing 1st_or_3rd lang:es 00:00:27 00:00:32 tt-548 AF042_1991_CT_SU2011_ER_02 @Gram:MSub:Pret 
"<hablar>"
	"hablar" Verb VLinf Infinitive lang:es 00:00:27 00:00:32 tt-549 AF042_1991_CT_SU2011_ER_02 
"<el>"
	"el" Determiner ART Singular Masc lang:es 00:00:27 00:00:32 tt-550 AF042_1991_CT_SU2011_ER_02 @Gram:Det:Art 
"<español>"
	"español" Noun NC Singular lang:es 00:00:27 00:00:32 tt-551 AF042_1991_CT_SU2011_ER_02 
"<y>"
	"y" Conjunction CC lang:es 00:00:27 00:00:32 tt-552 AF042_1991_CT_SU2011_ER_02 
"<pues>"
	"pues" Conjunction CSUBF lang:es 00:00:27 00:00:32 tt-553 AF042_1991_CT_SU2011_ER_02 
"<me>"
	"yo" Pronoun PPX Singular lang:es 00:00:27 00:00:32 tt-554 AF042_1991_CT_SU2011_ER_02 @Gram:Pron:Objeto 
"<imagino>"
	"imaginar" Verb VLfin Pres Indi Sing 1st lang:es 00:00:27 00:00:32 tt-555 AF042_1991_CT_SU2011_ER_02 
"<que>"
	"que" Conjunction CQUE lang:es 00:00:27 00:00:32 tt-556 AF042_1991_CT_SU2011_ER_02 
"<también>"
	"también" Adverb ADV lang:es 00:00:27 00:00:32 tt-557 AF042_1991_CT_SU2011_ER_02 @Prag:MarcadoresDisc:Igualdad 
"<mi>"
	"mío" Pronoun PPO Singular lang:es 00:00:32 00:00:39 tt-558 AF042_1991_CT_SU2011_ER_02 @Gram:Det:Pos 
"<papá>"
	"papá" Noun NC Singular lang:es 00:00:32 00:00:39 tt-559 AF042_1991_CT_SU2011_ER_02 
"<,>"
	"," Punctuation CM lang:es 00:00:32 00:00:39 tt-560 AF042_1991_CT_SU2011_ER_02 
"<pero>"
	"pero" Conjunction CCAD lang:es 00:00:32 00:00:39 tt-561 AF042_1991_CT_SU2011_ER_02 @Prag:MarcadoresDisc:Revision 
"<mi>"
	"mío" Pronoun PPO Singular lang:es 00:00:32 00:00:39 tt-562 AF042_1991_CT_SU2011_ER_02 @Gram:Det:Pos 
"<mamá>"
	"mamá" Noun NC Singular lang:es 00:00:32 00:00:39 tt-563 AF042_1991_CT_SU2011_ER_02 
"<más>"
	"más" Adverb ADV lang:es 00:00:32 00:00:39 tt-564 AF042_1991_CT_SU2011_ER_02 
"<creo>"
	"crear|creer" Verb VLfin Pres Indi Sing 1st lang:es 00:00:32 00:00:39 tt-565 AF042_1991_CT_SU2011_ER_02 
"<$.>"
	"." Punctuation FS lang:es 00:00:32 00:00:39 tt-566 AF042_1991_CT_SU2011_ER_02 

"<Y>"
	"y" Conjunction CC lang:es 00:00:32 00:00:39 tt-567 AF042_1991_CT_SU2011_ER_02 
"<mi>"
	"mío" Pronoun PPO Singular lang:es 00:00:32 00:00:39 tt-568 AF042_1991_CT_SU2011_ER_02 @Gram:Det:Pos 
"<papá>"
	"papá" Noun NC Singular lang:es 00:00:32 00:00:39 tt-569 AF042_1991_CT_SU2011_ER_02 
"<se>"
	"se" Other SE lang:es 00:00:32 00:00:39 tt-570 AF042_1991_CT_SU2011_ER_02 @Gram:Pron:Otros 
"<me>"
	"yo" Pronoun PPX Singular lang:es 00:00:32 00:00:39 tt-571 AF042_1991_CT_SU2011_ER_02 @Gram:Pron:Objeto 
"<hace>"
	"hacer" Verb VLfin Pres Indi Sing 3rd lang:es 00:00:32 00:00:39 tt-572 AF042_1991_CT_SU2011_ER_02 
"<que>"
	"que" Conjunction CQUE lang:es 00:00:32 00:00:39 tt-573 AF042_1991_CT_SU2011_ER_02 
"<le>"
	"él" Pronoun PPC Singular lang:es 00:00:32 00:00:39 tt-574 AF042_1991_CT_SU2011_ER_02 @Gram:Pron:Objeto 
"<decía>"
	"decir" Verb VLfin Imp Indi Sing 1st_or_3rd lang:es 00:00:32 00:00:39 tt-575 AF042_1991_CT_SU2011_ER_02 @Gram:Imperf 
"<a>"
	"a" Preposition PREP lang:es 00:00:32 00:00:39 tt-576 AF042_1991_CT_SU2011_ER_02 @Gram:Prep 
"<mi>"
	"mío" Pronoun PPO Singular lang:es 00:00:32 00:00:39 tt-577 AF042_1991_CT_SU2011_ER_02 @Gram:Det:Pos 
"<mamá>"
	"mamá" Noun NC Singular lang:es 00:00:32 00:00:39 tt-578 AF042_1991_CT_SU2011_ER_02 
"<,>"
	"," Punctuation CM lang:es 00:00:32 00:00:39 tt-579 AF042_1991_CT_SU2011_ER_02 
"<no>"
	"no" Adverb NEG lang:es 00:00:32 00:00:39 tt-580 AF042_1991_CT_SU2011_ER_02 
"<,>"
	"," Punctuation CM lang:es 00:00:32 00:00:39 tt-581 AF042_1991_CT_SU2011_ER_02 
"<ella>"
	"él" Pronoun PPX Singular lang:es 00:00:32 00:00:39 tt-582 AF042_1991_CT_SU2011_ER_02 @Gram:Pron:Sujeto 
"<lo>"
	"él" Pronoun PPC Singular lang:es 00:00:39 00:00:45 tt-583 AF042_1991_CT_SU2011_ER_02 @Gram:Pron:Objeto 
"<va>"
	"ir" Verb VLfin Pres Indi Sing 3rd lang:es 00:00:39 00:00:45 tt-584 AF042_1991_CT_SU2011_ER_02 ID:112 R:Gram:VFut:Perifrasis:114 
"<a>"
	"a" Preposition PREP lang:es 00:00:39 00:00:45 tt-585 AF042_1991_CT_SU2011_ER_02 @Gram:Prep 
"<aprender>"
	"aprender" Verb VLinf Infinitive lang:es 00:00:39 00:00:45 tt-586 AF042_1991_CT_SU2011_ER_02 ID:114 
"<el>"
	"el" Determiner ART Singular Masc lang:es 00:00:39 00:00:45 tt-587 AF042_1991_CT_SU2011_ER_02 @Gram:Det:Art 
"<inglés>"
	"inglés" Noun NC Plural lang:es 00:00:39 00:00:45 tt-588 AF042_1991_CT_SU2011_ER_02 
"<en>"
	"en" Preposition PREP lang:es 00:00:39 00:00:45 tt-589 AF042_1991_CT_SU2011_ER_02 @Gram:Prep 
"<el>"
	"el" Determiner ART Singular Masc lang:es 00:00:39 00:00:45 tt-590 AF042_1991_CT_SU2011_ER_02 @Gram:Det:Art 
"<...>"
	"..." Punctuation DOTS lang:es 00:00:39 00:00:45 tt-591 AF042_1991_CT_SU2011_ER_02 
"<sí>"
	"sí" Adverb ADV lang:es 00:00:39 00:00:45 tt-592 AF042_1991_CT_SU2011_ER_02 
"<,>"
	"," Punctuation CM lang:es 00:00:39 00:00:45 tt-593 AF042_1991_CT_SU2011_ER_02 
"<va>"
	"ir" Verb VLfin Pres Indi Sing 3rd lang:es 00:00:39 00:00:45 tt-594 AF042_1991_CT_SU2011_ER_02 ID:122 R:Gram:VFut:Perifrasis:124 
"<a>"
	"a" Preposition PREP lang:es 00:00:39 00:00:45 tt-595 AF042_1991_CT_SU2011_ER_02 @Gram:Prep 
"<aprender>"
	"aprender" Verb VLinf Infinitive lang:es 00:00:39 00:00:45 tt-596 AF042_1991_CT_SU2011_ER_02 ID:124 
"<el>"
	"el" Determiner ART Singular Masc lang:es 00:00:39 00:00:45 tt-597 AF042_1991_CT_SU2011_ER_02 @Gram:Det:Art 
"<inglés>"
	"inglés" Noun NC Plural lang:es 00:00:39 00:00:45 tt-598 AF042_1991_CT_SU2011_ER_02 
"<en>"
	"en" Preposition PREP lang:es 00:00:39 00:00:45 tt-599 AF042_1991_CT_SU2011_ER_02 @Gram:Prep 
"<la>"
	"el" Determiner ART Singular Fem lang:es 00:00:39 00:00:45 tt-600 AF042_1991_CT_SU2011_ER_02 @Gram:Det:Art 
"<escuela>"
	"escuela" Noun NC Singular lang:es 00:00:39 00:00:45 tt-601 AF042_1991_CT_SU2011_ER_02 
"<,>"
	"," Punctuation CM lang:es 00:00:39 00:00:45 tt-602 AF042_1991_CT_SU2011_ER_02 
<lang code="en">
"<so>"
	"so" Adverb RB lang:en 00:00:39 00:00:45 tt-603 AF042_1991_CT_SU2011_ER_02 
</lang>
"<está>"
	"estar" Verb VEfin Pres Indi Sing 3rd lang:es 00:00:45 00:00:50 tt-604 AF042_1991_CT_SU2011_ER_02 @Gram:SerEstar:Estar 
"<bien>"
	"bien" Adverb ADV lang:es 00:00:45 00:00:50 tt-605 AF042_1991_CT_SU2011_ER_02 
"<,>"
	"," Punctuation CM lang:es 00:00:45 00:00:50 tt-606 AF042_1991_CT_SU2011_ER_02 
"<aquí>"
	"aquí" Adverb ADV lang:es 00:00:45 00:00:50 tt-607 AF042_1991_CT_SU2011_ER_02 
"<va>"
	"ir" Verb VLfin Pres Indi Sing 3rd lang:es 00:00:45 00:00:50 tt-608 AF042_1991_CT_SU2011_ER_02 ID:136 R:Gram:VFut:Perifrasis:138 
"<a>"
	"a" Preposition PREP lang:es 00:00:45 00:00:50 tt-609 AF042_1991_CT_SU2011_ER_02 @Gram:Prep 
"<aprender>"
	"aprender" Verb VLinf Infinitive lang:es 00:00:45 00:00:50 tt-610 AF042_1991_CT_SU2011_ER_02 ID:138 
"<el>"
	"el" Determiner ART Singular Masc lang:es 00:00:45 00:00:50 tt-611 AF042_1991_CT_SU2011_ER_02 @Gram:Det:Art 
"<español>"
	"español" Noun NC Singular lang:es 00:00:45 00:00:50 tt-612 AF042_1991_CT_SU2011_ER_02 
"<y>"
	"y" Conjunction CC lang:es 00:00:45 00:00:50 tt-613 AF042_1991_CT_SU2011_ER_02 
"<ya>"
	"ya" Adverb ADV lang:es 00:00:45 00:00:50 tt-614 AF042_1991_CT_SU2011_ER_02 
"<cuando>"
	"cuando" Conjunction CSUBX lang:es 00:00:45 00:00:50 tt-615 AF042_1991_CT_SU2011_ER_02 
"<entre>"
	"entre" Preposition PREP lang:es 00:00:45 00:00:50 tt-616 AF042_1991_CT_SU2011_ER_02 @Gram:Prep 
"<a>"
	"a" Preposition PREP lang:es 00:00:45 00:00:50 tt-617 AF042_1991_CT_SU2011_ER_02 @Gram:Prep 
"<la>"
	"el" Determiner ART Singular Fem lang:es 00:00:45 00:00:50 tt-618 AF042_1991_CT_SU2011_ER_02 @Gram:Det:Art 
"<escuela>"
	"escuela" Noun NC Singular lang:es 00:00:45 00:00:50 tt-619 AF042_1991_CT_SU2011_ER_02 
"<es>"
	"ser" Verb VSfin Pres Indi Sing 3rd lang:es 00:00:45 00:00:50 tt-620 AF042_1991_CT_SU2011_ER_02 @Gram:SerEstar:Ser 
"<cuando>"
	"cuando" Conjunction CSUBX lang:es 00:00:45 00:00:50 tt-621 AF042_1991_CT_SU2011_ER_02 
"<va>"
	"ir" Verb VLfin Pres Indi Sing 3rd lang:es 00:00:45 00:00:50 tt-622 AF042_1991_CT_SU2011_ER_02 ID:150 R:Gram:VFut:Perifrasis:152 
"<a>"
	"a" Preposition PREP lang:es 00:00:50 00:00:53 tt-623 AF042_1991_CT_SU2011_ER_02 @Gram:Prep 
"<aprender>"
	"aprender" Verb VLinf Infinitive lang:es 00:00:50 00:00:53 tt-624 AF042_1991_CT_SU2011_ER_02 ID:152 
"<el>"
	"el" Determiner ART Singular Masc lang:es 00:00:50 00:00:53 tt-625 AF042_1991_CT_SU2011_ER_02 @Gram:Det:Art 
"<inglés>"
	"inglés" Noun NC Plural lang:es 00:00:50 00:00:53 tt-626 AF042_1991_CT_SU2011_ER_02 
"<,>"
	"," Punctuation CM lang:es 00:00:50 00:00:53 tt-627 AF042_1991_CT_SU2011_ER_02 
"<y>"
	"y" Conjunction CC lang:es 00:00:50 00:00:53 tt-628 AF042_1991_CT_SU2011_ER_02 
"<ya>"
	"ya" Adverb ADV lang:es 00:00:50 00:00:53 tt-629 AF042_1991_CT_SU2011_ER_02 
"<va>"
	"ir" Verb VLfin Pres Indi Sing 3rd lang:es 00:00:50 00:00:53 tt-630 AF042_1991_CT_SU2011_ER_02 
"<a>"
	"a" Adverb ADV lang:es 00:00:50 00:00:53 tt-631 AF042_1991_CT_SU2011_ER_02 
"<saber>"
	"saber" Adverb ADV lang:es 00:00:50 00:00:53 tt-632 AF042_1991_CT_SU2011_ER_02 
"<los>"
	"el" Determiner ART Plural Masc lang:es 00:00:50 00:00:53 tt-633 AF042_1991_CT_SU2011_ER_02 @Gram:Det:Art 
"<dos>"
	"dos" Determiner CARD Plural lang:es 00:00:50 00:00:53 tt-634 AF042_1991_CT_SU2011_ER_02 
"<$.>"
	"." Punctuation FS lang:es 00:00:50 00:00:53 tt-635 AF042_1991_CT_SU2011_ER_02 

"<[>"
	"[" Punctuation LP lang:es 00:00:50 00:00:53 tt-636 AF042_1991_CT_SU2011_ER_02 
"<Risas>"
	"UNK" Noun NP Plural lang:es 00:00:50 00:00:53 tt-637 AF042_1991_CT_SU2011_ER_02 
"<]>"
	"]" Other RP lang:es 00:00:50 00:00:53 tt-638 AF042_1991_CT_SU2011_ER_02 
</speaker>
</text>

