<text id="AF042_1991_CT_SU2011_ER_09">
<speaker type="int">
"<$¿>"
	"¿" Punctuation FS lang:es 00:00:00 00:00:07 tt-4711 AF042_1991_CT_SU2011_ER_09 
"<Puedes>"
	"poder" Verb VLfin Pres Indi Sing 2nd lang:es 00:00:00 00:00:07 tt-4712 AF042_1991_CT_SU2011_ER_09 
"<contarme>"
	"contar" Verb VLinf Pres Subj Sing 1st_or_3rd lang:es 00:00:00 00:00:07 tt-4713 AF042_1991_CT_SU2011_ER_09 @Gram:MSub:Pres 
"<acerca>"
	"acerca" Preposition PREP lang:es 00:00:00 00:00:07 tt-4714 AF042_1991_CT_SU2011_ER_09 @Gram:Prep 
"<de>"
	"de" Preposition PREP lang:es 00:00:00 00:00:07 tt-4715 AF042_1991_CT_SU2011_ER_09 @Gram:Prep 
"<tus>"
	"UNK" Noun NC Plural lang:es 00:00:00 00:00:07 tt-4716 AF042_1991_CT_SU2011_ER_09 @Gram:Det:Pos 
"<creencias>"
	"creencia" Noun NC Plural lang:es 00:00:00 00:00:07 tt-4717 AF042_1991_CT_SU2011_ER_09 
"<religiosas>"
	"religioso" Adjective ADJ Plural lang:es 00:00:00 00:00:07 tt-4718 AF042_1991_CT_SU2011_ER_09 
"<o>"
	"o" Conjunciton Conjunction CC lang:es 00:00:00 00:00:07 tt-4719 AF042_1991_CT_SU2011_ER_09 
"<tus>"
	"UNK" Noun NC Plural lang:es 00:00:00 00:00:07 tt-4720 AF042_1991_CT_SU2011_ER_09 @Gram:Det:Pos 
"<creencias>"
	"creencia" Noun NC Plural lang:es 00:00:00 00:00:07 tt-4721 AF042_1991_CT_SU2011_ER_09 
"<espirituales>"
	"espiritual" Adjective ADJ Plural lang:es 00:00:00 00:00:07 tt-4722 AF042_1991_CT_SU2011_ER_09 
"<$?>"
	"?" Punctuation FS lang:es 00:00:00 00:00:07 tt-4723 AF042_1991_CT_SU2011_ER_09 

"<Sí>"
	"sí" Adverb ADV lang:es 00:00:11 00:00:18 tt-4724 AF042_1991_CT_SU2011_ER_09 
"<$.>"
	"." Punctuation FS lang:es 00:00:11 00:00:18 tt-4725 AF042_1991_CT_SU2011_ER_09 

"<Uhm>"
	"UNK" Noun NP Singular lang:es 00:00:11 00:00:18 tt-4726 AF042_1991_CT_SU2011_ER_09 
"<...>"
	"..." Punctuation DOTS lang:es 00:00:11 00:00:18 tt-4727 AF042_1991_CT_SU2011_ER_09 
"<cuando>"
	"cuando" Conjunction CSUBX lang:es 00:00:11 00:00:18 tt-4728 AF042_1991_CT_SU2011_ER_09 
"<...>"
	"..." Punctuation DOTS lang:es 00:00:11 00:00:18 tt-4729 AF042_1991_CT_SU2011_ER_09 
"<desde>"
	"desde" Preposition PREP lang:es 00:00:11 00:00:18 tt-4730 AF042_1991_CT_SU2011_ER_09 @Gram:Prep 
"<que>"
	"que" Conjunction CQUE lang:es 00:00:11 00:00:18 tt-4731 AF042_1991_CT_SU2011_ER_09 
"<llegué>"
	"llegar" Verb VLfin Pret Indi Sing 1st lang:es 00:00:11 00:00:18 tt-4732 AF042_1991_CT_SU2011_ER_09 @Gram:Indefinido 
"<a>"
	"a" Preposition PREP lang:es 00:00:11 00:00:18 tt-4733 AF042_1991_CT_SU2011_ER_09 @Gram:Prep 
"<Austin>"
	"Austin" Noun NP Singular lang:es 00:00:11 00:00:18 tt-4734 AF042_1991_CT_SU2011_ER_09 
"<...>"
	"..." Punctuation DOTS lang:es 00:00:11 00:00:18 tt-4735 AF042_1991_CT_SU2011_ER_09 
"<soy>"
	"ser" Verb VSfin Pres Indi Sing 1st lang:es 00:00:11 00:00:18 tt-4736 AF042_1991_CT_SU2011_ER_09 @Gram:SerEstar:Ser 
"<católica>"
	"católico" Adjective ADJ Singular lang:es 00:00:11 00:00:18 tt-4737 AF042_1991_CT_SU2011_ER_09 
"<primero>"
	"primero" Adverb ADV lang:es 00:00:11 00:00:18 tt-4738 AF042_1991_CT_SU2011_ER_09 
"<que>"
	"que" Conjunction CQUE lang:es 00:00:11 00:00:18 tt-4739 AF042_1991_CT_SU2011_ER_09 
"<todo>"
	"todo" Determiner QU lang:es 00:00:11 00:00:18 tt-4740 AF042_1991_CT_SU2011_ER_09 
"<$.>"
	"." Punctuation FS lang:es 00:00:11 00:00:18 tt-4741 AF042_1991_CT_SU2011_ER_09 

"<Pero>"
	"pero" Conjunction CCAD lang:es 00:00:19 00:00:26 tt-4742 AF042_1991_CT_SU2011_ER_09 @Prag:MarcadoresDisc:Revision 
"<uhm>"
	"UNK" Noun NP Singular lang:es 00:00:19 00:00:26 tt-4743 AF042_1991_CT_SU2011_ER_09 
"<...>"
	"..." Punctuation DOTS lang:es 00:00:19 00:00:26 tt-4744 AF042_1991_CT_SU2011_ER_09 
"<desde>"
	"desde" Preposition PREP lang:es 00:00:19 00:00:26 tt-4745 AF042_1991_CT_SU2011_ER_09 @Gram:Prep 
"<que>"
	"que" Conjunction CQUE lang:es 00:00:19 00:00:26 tt-4746 AF042_1991_CT_SU2011_ER_09 
"<llegué>"
	"llegar" Verb VLfin Pret Indi Sing 1st lang:es 00:00:19 00:00:26 tt-4747 AF042_1991_CT_SU2011_ER_09 @Gram:Indefinido 
"<a>"
	"a" Preposition PREP lang:es 00:00:19 00:00:26 tt-4748 AF042_1991_CT_SU2011_ER_09 @Gram:Prep 
"<Austin>"
	"Austin" Noun NP Singular lang:es 00:00:19 00:00:26 tt-4749 AF042_1991_CT_SU2011_ER_09 
"<no>"
	"no" Adverb NEG lang:es 00:00:19 00:00:26 tt-4750 AF042_1991_CT_SU2011_ER_09 
"<practico>"
	"practicar" Verb VLfin Pres Indi Sing 1st lang:es 00:00:19 00:00:26 tt-4751 AF042_1991_CT_SU2011_ER_09 
"<nada>"
	"nada" Determiner QU lang:es 00:00:19 00:00:26 tt-4752 AF042_1991_CT_SU2011_ER_09 @Gram:Det:Pron 
"<$.>"
	"." Punctuation FS lang:es 00:00:19 00:00:26 tt-4753 AF042_1991_CT_SU2011_ER_09 

"<No>"
	"no" Adverb NEG lang:es 00:00:19 00:00:26 tt-4754 AF042_1991_CT_SU2011_ER_09 
"<...>"
	"..." Punctuation DOTS lang:es 00:00:19 00:00:26 tt-4755 AF042_1991_CT_SU2011_ER_09 
"<cuando>"
	"cuando" Conjunction CSUBX lang:es 00:00:19 00:00:26 tt-4756 AF042_1991_CT_SU2011_ER_09 
"<vivía>"
	"vivir" Verb VLfin Imp Indi Sing 1st_or_3rd lang:es 00:00:19 00:00:26 tt-4757 AF042_1991_CT_SU2011_ER_09 @Gram:Imperf 
"<en>"
	"en" Preposition PREP lang:es 00:00:19 00:00:26 tt-4758 AF042_1991_CT_SU2011_ER_09 @Gram:Prep 
"<Edinburg>"
	"UNK" Noun NP Singular lang:es 00:00:19 00:00:26 tt-4759 AF042_1991_CT_SU2011_ER_09 
"<,>"
	"," Punctuation CM lang:es 00:00:19 00:00:26 tt-4760 AF042_1991_CT_SU2011_ER_09 
"<desde>"
	"desde" Preposition PREP lang:es 00:00:19 00:00:26 tt-4761 AF042_1991_CT_SU2011_ER_09 @Gram:Prep 
"<que>"
	"que" Conjunction CQUE lang:es 00:00:27 00:00:34 tt-4762 AF042_1991_CT_SU2011_ER_09 
"<estaba>"
	"estar" Verb VEfin Imp Indi Sing 1st_or_3rd lang:es 00:00:27 00:00:34 tt-4763 AF042_1991_CT_SU2011_ER_09 @Gram:Imperf @Gram:SerEstar:Estar 
"<chiquita>"
	"chico" Adjective ADJ Singular lang:es 00:00:27 00:00:34 tt-4764 AF042_1991_CT_SU2011_ER_09 
"<mi>"
	"mío" Pronoun PPO Singular lang:es 00:00:27 00:00:34 tt-4765 AF042_1991_CT_SU2011_ER_09 @Gram:Det:Pos 
"<mamá>"
	"mamá" Noun NC Singular lang:es 00:00:27 00:00:34 tt-4766 AF042_1991_CT_SU2011_ER_09 
"<siempre>"
	"siempre" Adverb ADV lang:es 00:00:27 00:00:34 tt-4767 AF042_1991_CT_SU2011_ER_09 
"<me>"
	"yo" Pronoun PPX Singular lang:es 00:00:27 00:00:34 tt-4768 AF042_1991_CT_SU2011_ER_09 @Gram:Pron:Objeto 
"<dijo>"
	"decir" Verb VLfin Pres Indi Sing 1st lang:es 00:00:27 00:00:34 tt-4769 AF042_1991_CT_SU2011_ER_09 
"<$¿>"
	"¿" Punctuation FS lang:es 00:00:27 00:00:34 tt-4770 AF042_1991_CT_SU2011_ER_09 
"<quieres>"
	"querer" Verb VLfin Pres Indi Sing 2nd lang:es 00:00:27 00:00:34 tt-4771 AF042_1991_CT_SU2011_ER_09 
"<hacer>"
	"hacer" Verb VLinf Infinitive lang:es 00:00:27 00:00:34 tt-4772 AF042_1991_CT_SU2011_ER_09 
"<la>"
	"el" Determiner ART Singular Fem lang:es 00:00:27 00:00:34 tt-4773 AF042_1991_CT_SU2011_ER_09 @Gram:Det:Art 
"<comunión>"
	"comunión" Noun NC Singular lang:es 00:00:27 00:00:34 tt-4774 AF042_1991_CT_SU2011_ER_09 
"<$?>"
	"?" Punctuation FS lang:es 00:00:27 00:00:34 tt-4775 AF042_1991_CT_SU2011_ER_09 

"<Siempre>"
	"siempre" Adverb ADV lang:es 00:00:27 00:00:34 tt-4776 AF042_1991_CT_SU2011_ER_09 
"<me>"
	"yo" Pronoun PPX Singular lang:es 00:00:27 00:00:34 tt-4777 AF042_1991_CT_SU2011_ER_09 @Gram:Pron:Objeto 
"<dio>"
	"dar" Verb VLfin Pret Indi Sing 3rd lang:es 00:00:27 00:00:34 tt-4778 AF042_1991_CT_SU2011_ER_09 @Gram:Indefinido 
"<...>"
	"..." Punctuation DOTS lang:es 00:00:27 00:00:34 tt-4779 AF042_1991_CT_SU2011_ER_09 
"<me>"
	"yo" Pronoun PPX Singular lang:es 00:00:27 00:00:34 tt-4780 AF042_1991_CT_SU2011_ER_09 @Gram:Pron:Objeto 
"<dejó>"
	"dejar" Verb VLfin Pret Indi Sing 3rd lang:es 00:00:34 00:00:41 tt-4781 AF042_1991_CT_SU2011_ER_09 @Gram:Indefinido 
"<decidir>"
	"decidir" Verb VLinf lang:es 00:00:34 00:00:41 tt-4782 AF042_1991_CT_SU2011_ER_09 
"<y>"
	"y" Conjunciton Conjunction CC lang:es 00:00:34 00:00:41 tt-4783 AF042_1991_CT_SU2011_ER_09 
"<pues>"
	"pues" Conjunction CSUBF lang:es 00:00:34 00:00:41 tt-4784 AF042_1991_CT_SU2011_ER_09 
"<yo>"
	"yo" Pronoun PPX Singular lang:es 00:00:34 00:00:41 tt-4785 AF042_1991_CT_SU2011_ER_09 @Gram:Pron:Sujeto 
"<le>"
	"él" Pronoun PPC Singular lang:es 00:00:34 00:00:41 tt-4786 AF042_1991_CT_SU2011_ER_09 @Gram:Pron:Objeto 
"<trataba>"
	"tratar" Verb VLfin Imp Indi Sing 1st_or_3rd lang:es 00:00:34 00:00:41 tt-4787 AF042_1991_CT_SU2011_ER_09 @Gram:Imperf 
"<de>"
	"de" Preposition PREP lang:es 00:00:34 00:00:41 tt-4788 AF042_1991_CT_SU2011_ER_09 @Gram:Prep 
"<...>"
	"..." Punctuation DOTS lang:es 00:00:34 00:00:41 tt-4789 AF042_1991_CT_SU2011_ER_09 
"<fui>"
	"ir|ser" Verb VLfin Pret Indi Sing 1st lang:es 00:00:34 00:00:41 tt-4790 AF042_1991_CT_SU2011_ER_09 @Gram:Indefinido 
"<...>"
	"..." Punctuation DOTS lang:es 00:00:34 00:00:41 tt-4791 AF042_1991_CT_SU2011_ER_09 
"<comencé>"
	"comenzar" Verb VLfin Pret Indi Sing 1st lang:es 00:00:34 00:00:41 tt-4792 AF042_1991_CT_SU2011_ER_09 @Gram:Indefinido 
"<con>"
	"con" Preposition PREP lang:es 00:00:34 00:00:41 tt-4793 AF042_1991_CT_SU2011_ER_09 @Gram:Prep 
"<mi>"
	"mío" Pronoun PPO Singular lang:es 00:00:34 00:00:41 tt-4794 AF042_1991_CT_SU2011_ER_09 @Gram:Det:Pos 
"<comunión>"
	"comunión" Noun NC Singular lang:es 00:00:34 00:00:41 tt-4795 AF042_1991_CT_SU2011_ER_09 
"<,>"
	"," Punctuation CM lang:es 00:00:34 00:00:41 tt-4796 AF042_1991_CT_SU2011_ER_09 
"<uhm>"
	"UNK" Noun NC Singular lang:es 00:00:34 00:00:41 tt-4797 AF042_1991_CT_SU2011_ER_09 
"<...>"
	"..." Punctuation DOTS lang:es 00:00:34 00:00:41 tt-4798 AF042_1991_CT_SU2011_ER_09 
"<confirmación>"
	"confirmación" Noun NC Singular lang:es 00:00:34 00:00:41 tt-4799 AF042_1991_CT_SU2011_ER_09 
"<,>"
	"," Punctuation CM lang:es 00:00:34 00:00:41 tt-4800 AF042_1991_CT_SU2011_ER_09 
"<todo>"
	"todo" Determiner QU lang:es 00:00:34 00:00:41 tt-4801 AF042_1991_CT_SU2011_ER_09 ID:91 R:Gram:Det:Combi:92 
"<eso>"
	"ese" Determiner DM Singular lang:es 00:00:45 00:00:52 tt-4802 AF042_1991_CT_SU2011_ER_09 ID:92 
"<y>"
	"y" Conjunciton Conjunction CC lang:es 00:00:45 00:00:52 tt-4803 AF042_1991_CT_SU2011_ER_09 
"<estaba>"
	"estar" Verb VEfin Imp Indi Sing 1st_or_3rd lang:es 00:00:45 00:00:52 tt-4804 AF042_1991_CT_SU2011_ER_09 @Gram:Imperf @Gram:SerEstar:Estar 
"<envolvida>"
	"UNK" Verb VLadj lang:es 00:00:45 00:00:52 tt-4805 AF042_1991_CT_SU2011_ER_09 
"<en>"
	"en" Preposition PREP lang:es 00:00:45 00:00:52 tt-4806 AF042_1991_CT_SU2011_ER_09 @Gram:Prep 
"<eso>"
	"ese" Determiner DM Singular lang:es 00:00:45 00:00:52 tt-4807 AF042_1991_CT_SU2011_ER_09 @Gram:Det:Demo 
"<$.>"
	"." Punctuation FS lang:es 00:00:45 00:00:52 tt-4808 AF042_1991_CT_SU2011_ER_09 

"<Sí>"
	"sí" Adverb ADV lang:es 00:00:45 00:00:52 tt-4809 AF042_1991_CT_SU2011_ER_09 
"<,>"
	"," Punctuation CM lang:es 00:00:45 00:00:52 tt-4810 AF042_1991_CT_SU2011_ER_09 
"<cada>"
	"cada" Determiner QU lang:es 00:00:45 00:00:52 tt-4811 AF042_1991_CT_SU2011_ER_09 @Gram:Det:CuantIndef 
"<domingo>"
	"domingo" Noun NC Singular lang:es 00:00:45 00:00:52 tt-4812 AF042_1991_CT_SU2011_ER_09 
"<iba>"
	"ir" Verb VLfin Imp Indi Sing 1st_or_3rd lang:es 00:00:45 00:00:52 tt-4813 AF042_1991_CT_SU2011_ER_09 @Gram:Imperf 
"<a>"
	"a" Preposition PREP lang:es 00:00:45 00:00:52 tt-4814 AF042_1991_CT_SU2011_ER_09 @Gram:Prep 
"<la>"
	"el" Determiner ART Singular Fem lang:es 00:00:45 00:00:52 tt-4815 AF042_1991_CT_SU2011_ER_09 @Gram:Det:Art 
"<iglesia>"
	"iglesia" Noun NC Singular lang:es 00:00:45 00:00:52 tt-4816 AF042_1991_CT_SU2011_ER_09 
"<uhm>"
	"UNK" Noun NP Singular lang:es 00:00:45 00:00:52 tt-4817 AF042_1991_CT_SU2011_ER_09 
"<...>"
	"..." Punctuation DOTS lang:es 00:00:45 00:00:52 tt-4818 AF042_1991_CT_SU2011_ER_09 
"<hasta>"
	"hasta" Preposition PREP lang:es 00:00:45 00:00:52 tt-4819 AF042_1991_CT_SU2011_ER_09 @Gram:Prep 
"<me>"
	"yo" Pronoun PPX Singular lang:es 00:00:45 00:00:52 tt-4820 AF042_1991_CT_SU2011_ER_09 @Gram:Pron:Objeto 
"<puse>"
	"poner" Verb VLfin Pret Indi Sing 1st lang:es 00:00:45 00:00:52 tt-4821 AF042_1991_CT_SU2011_ER_09 @Gram:Indefinido 
"<de>"
	"de" Preposition PREP lang:es 00:00:45 00:00:52 tt-4822 AF042_1991_CT_SU2011_ER_09 @Gram:Prep 
"<maestra>"
	"maestro" Plural Singular Noun NC lang:es 00:00:45 00:00:52 tt-4823 AF042_1991_CT_SU2011_ER_09 
"<a>"
	"a" Preposition PREP lang:es 00:00:56 00:00:58 tt-4824 AF042_1991_CT_SU2011_ER_09 @Gram:Prep 
"<las>"
	"el" Determiner ART Plural Fem lang:es 00:00:56 00:00:58 tt-4825 AF042_1991_CT_SU2011_ER_09 @Gram:Det:Art 
"<clases>"
	"clase" Noun NC Plural lang:es 00:00:56 00:00:58 tt-4826 AF042_1991_CT_SU2011_ER_09 
"<de>"
	"de" Preposition PREP lang:es 00:00:56 00:00:58 tt-4827 AF042_1991_CT_SU2011_ER_09 @Gram:Prep 
"<catelo>"
	"UNK" Verb VLfin Pres Indi Sing 1st lang:es 00:00:56 00:00:58 tt-4828 AF042_1991_CT_SU2011_ER_09 
"<...>"
	"..." Punctuation DOTS lang:es 00:00:56 00:00:58 tt-4829 AF042_1991_CT_SU2011_ER_09 
"<Catolicismo>"
	"catolicismo" Noun NC Singular lang:es 00:00:58 00:00:59 tt-4830 AF042_1991_CT_SU2011_ER_09 
"<$.>"
	"." Punctuation FS lang:es 00:00:58 00:00:59 tt-4831 AF042_1991_CT_SU2011_ER_09 

"<Catelo>"
	"UNK" Verb VLfin Pres Indi Sing 1st lang:es 00:00:59 00:01:01 tt-4832 AF042_1991_CT_SU2011_ER_09 
"<...>"
	"..." Punctuation DOTS lang:es 00:00:59 00:01:01 tt-4833 AF042_1991_CT_SU2011_ER_09 
"<Catolicismo>"
	"catolicismo" Noun NC Singular lang:es 00:01:01 00:01:02 tt-4834 AF042_1991_CT_SU2011_ER_09 
"<$.>"
	"." Punctuation FS lang:es 00:01:01 00:01:02 tt-4835 AF042_1991_CT_SU2011_ER_09 
</speaker>
<speaker type="subj">

"<Catolicismo>"
	"catolicismo" Noun NC Singular lang:es 00:01:02 00:01:09 tt-4836 AF042_1991_CT_SU2011_ER_09 
"<$.>"
	"." Punctuation FS lang:es 00:01:02 00:01:09 tt-4837 AF042_1991_CT_SU2011_ER_09 

"<Sí>"
	"sí" Adverb ADV lang:es 00:01:02 00:01:09 tt-4838 AF042_1991_CT_SU2011_ER_09 
"<,>"
	"," Punctuation CM lang:es 00:01:02 00:01:09 tt-4839 AF042_1991_CT_SU2011_ER_09 
"<de>"
	"de" Preposition PREP lang:es 00:01:02 00:01:09 tt-4840 AF042_1991_CT_SU2011_ER_09 @Gram:Prep 
"<catolicismo>"
	"catolicismo" Noun NC Singular lang:es 00:01:02 00:01:09 tt-4841 AF042_1991_CT_SU2011_ER_09 
"<y>"
	"y" Conjunciton Conjunction CC lang:es 00:01:02 00:01:09 tt-4842 AF042_1991_CT_SU2011_ER_09 
"<uhm>"
	"UNK" Noun NP Singular lang:es 00:01:02 00:01:09 tt-4843 AF042_1991_CT_SU2011_ER_09 
"<...>"
	"..." Punctuation DOTS lang:es 00:01:02 00:01:09 tt-4844 AF042_1991_CT_SU2011_ER_09 
"<a>"
	"a" Preposition PREP lang:es 00:01:02 00:01:09 tt-4845 AF042_1991_CT_SU2011_ER_09 @Gram:Prep 
"<primero>"
	"primero" Adverb ADV lang:es 00:01:02 00:01:09 tt-4846 AF042_1991_CT_SU2011_ER_09 
"<lo>"
	"él" Pronoun PPC Singular lang:es 00:01:02 00:01:09 tt-4847 AF042_1991_CT_SU2011_ER_09 @Gram:Pron:Objeto 
"<hice>"
	"hacer" Verb VLfin Pret Indi Sing 1st lang:es 00:01:02 00:01:09 tt-4848 AF042_1991_CT_SU2011_ER_09 @Gram:Indefinido 
"<porque>"
	"porque" Conjunction CSUBX lang:es 00:01:02 00:01:09 tt-4849 AF042_1991_CT_SU2011_ER_09 @Prag:MarcadoresDisc:Causa 
"<necesitaba>"
	"necesitar" Verb VLfin Imp Indi Sing 1st_or_3rd lang:es 00:01:02 00:01:09 tt-4850 AF042_1991_CT_SU2011_ER_09 @Gram:Imperf ID:140 R:Func:Necesidades:141 
"<horas>"
	"hora" Noun NC Plural lang:es 00:01:02 00:01:09 tt-4851 AF042_1991_CT_SU2011_ER_09 ID:141 
"<para>"
	"para" Preposition PREP lang:es 00:01:02 00:01:09 tt-4852 AF042_1991_CT_SU2011_ER_09 @Gram:Prep:Para 
"<la>"
	"el" Determiner ART Singular Fem lang:es 00:01:12 00:01:17 tt-4853 AF042_1991_CT_SU2011_ER_09 @Gram:Det:Art 
"<escuela>"
	"escuela" Noun NC Singular lang:es 00:01:12 00:01:17 tt-4854 AF042_1991_CT_SU2011_ER_09 
"<,>"
	"," Punctuation CM lang:es 00:01:12 00:01:17 tt-4855 AF042_1991_CT_SU2011_ER_09 
"<tener>"
	"tener" Verb VLinf Infinitive lang:es 00:01:12 00:01:17 tt-4856 AF042_1991_CT_SU2011_ER_09 
"<horas>"
	"hora" Noun NC Plural lang:es 00:01:12 00:01:17 tt-4857 AF042_1991_CT_SU2011_ER_09 
"<de>"
	"de" Preposition PREP lang:es 00:01:12 00:01:17 tt-4858 AF042_1991_CT_SU2011_ER_09 @Gram:Prep 
"<comunidad>"
	"comunidad" Noun NC Singular lang:es 00:01:12 00:01:17 tt-4859 AF042_1991_CT_SU2011_ER_09 
"<,>"
	"," Punctuation CM lang:es 00:01:12 00:01:17 tt-4860 AF042_1991_CT_SU2011_ER_09 
<lang code="en">
"<ah>"
	"UNK" Noun NP Singular lang:en 00:01:12 00:01:17 tt-4861 AF042_1991_CT_SU2011_ER_09 
</lang>
"<...>"
	"..." Punctuation DOTS lang:es 00:01:12 00:01:17 tt-4862 AF042_1991_CT_SU2011_ER_09 
<lang code="en">
"<community>"
	"community" Noun NN lang:en 00:01:12 00:01:17 tt-4863 AF042_1991_CT_SU2011_ER_09 
"<hours>"
	"hour" Noun NNS lang:en 00:01:12 00:01:17 tt-4864 AF042_1991_CT_SU2011_ER_09 
</lang>
"<$.>"
	"." Punctuation FS lang:es 00:01:12 00:01:17 tt-4865 AF042_1991_CT_SU2011_ER_09 

"<Uhm>"
	"UNK" Noun NP Singular lang:es 00:01:12 00:01:17 tt-4866 AF042_1991_CT_SU2011_ER_09 
"<,>"
	"," Punctuation CM lang:es 00:01:12 00:01:17 tt-4867 AF042_1991_CT_SU2011_ER_09 
"<comunidades>"
	"comunidad" Noun NC Plural lang:es 00:01:12 00:01:17 tt-4868 AF042_1991_CT_SU2011_ER_09 
"<,>"
	"," Punctuation CM lang:es 00:01:12 00:01:17 tt-4869 AF042_1991_CT_SU2011_ER_09 
"<sí>"
	"sí" Adverb ADV lang:es 00:01:12 00:01:17 tt-4870 AF042_1991_CT_SU2011_ER_09 
"<,>"
	"," Punctuation CM lang:es 00:01:12 00:01:17 tt-4871 AF042_1991_CT_SU2011_ER_09 
"<horas>"
	"hora" Noun NC Plural lang:es 00:01:12 00:01:17 tt-4872 AF042_1991_CT_SU2011_ER_09 
"<de>"
	"de" Preposition PREP lang:es 00:01:12 00:01:17 tt-4873 AF042_1991_CT_SU2011_ER_09 @Gram:Prep 
"<...>"
	"..." Punctuation DOTS lang:es 00:01:12 00:01:17 tt-4874 AF042_1991_CT_SU2011_ER_09 
</speaker>
<speaker type="int">
"<O>"
	"o" Conjunciton CC Adverb ADV lang:es 00:01:17 00:01:19 tt-4875 AF042_1991_CT_SU2011_ER_09 ID:165 R:Prag:MarcadoresDisc:Igualdad:166 
"<sea>"
	"sea" Adverb ADV lang:es 00:01:17 00:01:19 tt-4876 AF042_1991_CT_SU2011_ER_09 ID:166 
"<,>"
	"," Punctuation CM lang:es 00:01:17 00:01:19 tt-4877 AF042_1991_CT_SU2011_ER_09 
"<de>"
	"de" Preposition PREP lang:es 00:01:17 00:01:19 tt-4878 AF042_1991_CT_SU2011_ER_09 @Gram:Prep 
"<servicio>"
	"servicio" Noun NC Singular lang:es 00:01:17 00:01:19 tt-4879 AF042_1991_CT_SU2011_ER_09 
"<a>"
	"a" Preposition PREP lang:es 00:01:17 00:01:19 tt-4880 AF042_1991_CT_SU2011_ER_09 @Gram:Prep 
"<la>"
	"el" Determiner ART Singular Fem lang:es 00:01:17 00:01:19 tt-4881 AF042_1991_CT_SU2011_ER_09 @Gram:Det:Art 
"<comunidad>"
	"comunidad" Noun NC Singular lang:es 00:01:17 00:01:19 tt-4882 AF042_1991_CT_SU2011_ER_09 
"<$.>"
	"." Punctuation FS lang:es 00:01:17 00:01:19 tt-4883 AF042_1991_CT_SU2011_ER_09 
</speaker>
<speaker type="subj">

"<Sí>"
	"sí" Adverb ADV lang:es 00:01:19 00:01:25 tt-4884 AF042_1991_CT_SU2011_ER_09 
"<,>"
	"," Punctuation CM lang:es 00:01:19 00:01:25 tt-4885 AF042_1991_CT_SU2011_ER_09 
"<servicio>"
	"servicio" Noun NC Singular lang:es 00:01:19 00:01:25 tt-4886 AF042_1991_CT_SU2011_ER_09 
"<a>"
	"a" Preposition PREP lang:es 00:01:19 00:01:25 tt-4887 AF042_1991_CT_SU2011_ER_09 @Gram:Prep 
"<la>"
	"el" Determiner ART Singular Fem lang:es 00:01:19 00:01:25 tt-4888 AF042_1991_CT_SU2011_ER_09 @Gram:Det:Art 
"<comunidad>"
	"comunidad" Noun NC Singular lang:es 00:01:19 00:01:25 tt-4889 AF042_1991_CT_SU2011_ER_09 
"<$.>"
	"." Punctuation FS lang:es 00:01:19 00:01:25 tt-4890 AF042_1991_CT_SU2011_ER_09 

"<Y>"
	"y" Conjunciton Conjunction CC lang:es 00:01:19 00:01:25 tt-4891 AF042_1991_CT_SU2011_ER_09 
"<,>"
	"," Punctuation CM lang:es 00:01:19 00:01:25 tt-4892 AF042_1991_CT_SU2011_ER_09 
"<primero>"
	"primero" Adverb ADV lang:es 00:01:19 00:01:25 tt-4893 AF042_1991_CT_SU2011_ER_09 
"<les>"
	"él" Pronoun PPC Plural lang:es 00:01:19 00:01:25 tt-4894 AF042_1991_CT_SU2011_ER_09 @Gram:Pron:Objeto 
"<hacía>"
	"hacer" Verb VLfin Imp Indi Sing 1st_or_3rd lang:es 00:01:19 00:01:25 tt-4895 AF042_1991_CT_SU2011_ER_09 @Gram:Imperf 
"<por>"
	"por" Preposition PREP lang:es 00:01:19 00:01:25 tt-4896 AF042_1991_CT_SU2011_ER_09 @Gram:Prep:Por 
"<eso>"
	"ese" Determiner DM Singular lang:es 00:01:19 00:01:25 tt-4897 AF042_1991_CT_SU2011_ER_09 @Gram:Det:Demo 
"<y>"
	"y" Conjunciton Conjunction CC lang:es 00:01:19 00:01:25 tt-4898 AF042_1991_CT_SU2011_ER_09 
"<porque>"
	"porque" Conjunction CSUBX lang:es 00:01:19 00:01:25 tt-4899 AF042_1991_CT_SU2011_ER_09 @Prag:MarcadoresDisc:Causa 
"<necesitaba>"
	"necesitar" Verb VLfin Imp Indi Sing 1st_or_3rd lang:es 00:01:19 00:01:25 tt-4900 AF042_1991_CT_SU2011_ER_09 @Gram:Imperf ID:190 R:Func:Necesidades:191 
"<horas>"
	"hora" Noun NC Plural lang:es 00:01:19 00:01:25 tt-4901 AF042_1991_CT_SU2011_ER_09 ID:191 
"<para>"
	"para" Preposition PREP lang:es 00:01:25 00:01:31 tt-4902 AF042_1991_CT_SU2011_ER_09 @Gram:Prep:Para 
"<hacer>"
	"hacer" Verb VLinf Infinitive lang:es 00:01:25 00:01:31 tt-4903 AF042_1991_CT_SU2011_ER_09 
"<mi>"
	"mío" Pronoun PPO Singular lang:es 00:01:25 00:01:31 tt-4904 AF042_1991_CT_SU2011_ER_09 @Gram:Det:Pos 
"<comunión>"
	"comunión" Noun NC Singular lang:es 00:01:25 00:01:31 tt-4905 AF042_1991_CT_SU2011_ER_09 
"<también>"
	"también" Adverb ADV lang:es 00:01:25 00:01:31 tt-4906 AF042_1991_CT_SU2011_ER_09 @Prag:MarcadoresDisc:Igualdad 
"<$.>"
	"." Punctuation FS lang:es 00:01:25 00:01:31 tt-4907 AF042_1991_CT_SU2011_ER_09 
<lang code="en">

"<I>"
	"I" Pronoun PP lang:en 00:01:25 00:01:31 tt-4908 AF042_1991_CT_SU2011_ER_09 
"<mean>"
	"mean" Verb VBP lang:en 00:01:25 00:01:31 tt-4909 AF042_1991_CT_SU2011_ER_09 
</lang>
"<,>"
	"," Punctuation CM lang:es 00:01:25 00:01:31 tt-4910 AF042_1991_CT_SU2011_ER_09 
"<mi>"
	"mío" Pronoun PPO Singular lang:es 00:01:25 00:01:31 tt-4911 AF042_1991_CT_SU2011_ER_09 @Gram:Det:Pos 
"<confirmación>"
	"confirmación" Noun NC Singular lang:es 00:01:25 00:01:31 tt-4912 AF042_1991_CT_SU2011_ER_09 
"<y>"
	"y" Conjunciton Conjunction CC lang:es 00:01:25 00:01:31 tt-4913 AF042_1991_CT_SU2011_ER_09 
"<por>"
	"por" Preposition PREP lang:es 00:01:25 00:01:31 tt-4914 AF042_1991_CT_SU2011_ER_09 @Gram:Prep:Por 
"<eso>"
	"ese" Determiner DM Singular lang:es 00:01:25 00:01:31 tt-4915 AF042_1991_CT_SU2011_ER_09 @Gram:Det:Demo 
"<lo>"
	"él" Pronoun PPC Singular lang:es 00:01:25 00:01:31 tt-4916 AF042_1991_CT_SU2011_ER_09 @Gram:Pron:Objeto 
"<hacía>"
	"hacer" Verb VLfin Imp Indi Sing 1st_or_3rd lang:es 00:01:25 00:01:31 tt-4917 AF042_1991_CT_SU2011_ER_09 @Gram:Imperf 
"<$.>"
	"." Punctuation FS lang:es 00:01:25 00:01:31 tt-4918 AF042_1991_CT_SU2011_ER_09 

"<Pero>"
	"pero" Conjunction CCAD lang:es 00:01:25 00:01:31 tt-4919 AF042_1991_CT_SU2011_ER_09 @Prag:MarcadoresDisc:Revision 
"<ya>"
	"ya" Adverb ADV lang:es 00:01:31 00:01:38 tt-4920 AF042_1991_CT_SU2011_ER_09 
"<después>"
	"después" Preposition PREP lang:es 00:01:31 00:01:38 tt-4921 AF042_1991_CT_SU2011_ER_09 @Gram:Prep 
"<de>"
	"de" Preposition PREP lang:es 00:01:31 00:01:38 tt-4922 AF042_1991_CT_SU2011_ER_09 @Gram:Prep 
"<que>"
	"que" Conjunction CQUE lang:es 00:01:31 00:01:38 tt-4923 AF042_1991_CT_SU2011_ER_09 
"<terminé>"
	"terminar" Verb VLfin Pret Indi Sing 1st lang:es 00:01:31 00:01:38 tt-4924 AF042_1991_CT_SU2011_ER_09 @Gram:Indefinido 
"<mi>"
	"mío" Pronoun PPO Singular lang:es 00:01:31 00:01:38 tt-4925 AF042_1991_CT_SU2011_ER_09 @Gram:Det:Pos 
"<confirmación>"
	"confirmación" Noun NC Singular lang:es 00:01:31 00:01:38 tt-4926 AF042_1991_CT_SU2011_ER_09 
"<,>"
	"," Punctuation CM lang:es 00:01:31 00:01:38 tt-4927 AF042_1991_CT_SU2011_ER_09 
"<antes>"
	"antes" Adverb ADV lang:es 00:01:31 00:01:38 tt-4928 AF042_1991_CT_SU2011_ER_09 
"<de>"
	"de" Conjunction CSUBI lang:es 00:01:31 00:01:38 tt-4929 AF042_1991_CT_SU2011_ER_09 
"<que>"
	"que" Conjunction CQUE lang:es 00:01:31 00:01:38 tt-4930 AF042_1991_CT_SU2011_ER_09 
"<me>"
	"yo" Pronoun PPX Singular lang:es 00:01:31 00:01:38 tt-4931 AF042_1991_CT_SU2011_ER_09 @Gram:Pron:Objeto 
"<viniera>"
	"venir" Verb VLfin Past Subj Sing 1st_or_3rd lang:es 00:01:31 00:01:38 tt-4932 AF042_1991_CT_SU2011_ER_09 @Gram:MSub:Pret 
"<al>"
	"al" Preposition PAL lang:es 00:01:31 00:01:38 tt-4933 AF042_1991_CT_SU2011_ER_09 @Gram:Prep 
"<colegio>"
	"colegio" Noun NC Singular lang:es 00:01:31 00:01:38 tt-4934 AF042_1991_CT_SU2011_ER_09 
"<o>"
	"o" Conjunciton Conjunction CC lang:es 00:01:31 00:01:38 tt-4935 AF042_1991_CT_SU2011_ER_09 
"<a>"
	"a" Preposition PREP lang:es 00:01:31 00:01:38 tt-4936 AF042_1991_CT_SU2011_ER_09 @Gram:Prep 
"<la>"
	"el" Determiner ART Singular Fem lang:es 00:01:31 00:01:38 tt-4937 AF042_1991_CT_SU2011_ER_09 @Gram:Det:Art 
"<universidad>"
	"universidad" Noun NC Singular lang:es 00:01:39 00:01:46 tt-4938 AF042_1991_CT_SU2011_ER_09 
"<uhm>"
	"UNK" Noun NP Singular lang:es 00:01:39 00:01:46 tt-4939 AF042_1991_CT_SU2011_ER_09 
"<...>"
	"..." Punctuation DOTS lang:es 00:01:39 00:01:46 tt-4940 AF042_1991_CT_SU2011_ER_09 
"<sí>"
	"sí" Adverb ADV lang:es 00:01:39 00:01:46 tt-4941 AF042_1991_CT_SU2011_ER_09 
"<lo>"
	"él" Pronoun PPC Singular lang:es 00:01:39 00:01:46 tt-4942 AF042_1991_CT_SU2011_ER_09 @Gram:Pron:Objeto 
"<hacía>"
	"hacer" Verb VLfin Imp Indi Sing 1st_or_3rd lang:es 00:01:39 00:01:46 tt-4943 AF042_1991_CT_SU2011_ER_09 @Gram:Imperf 
"<un>"
	"un" Determiner ART Singular lang:es 00:01:39 00:01:46 tt-4944 AF042_1991_CT_SU2011_ER_09 ID:234 R:Gram:Det:Combi:235 
"<poquito>"
	"poco" Masc Adjective ADJ Singular lang:es 00:01:39 00:01:46 tt-4945 AF042_1991_CT_SU2011_ER_09 ID:235 
"<,>"
	"," Punctuation CM lang:es 00:01:39 00:01:46 tt-4946 AF042_1991_CT_SU2011_ER_09 
"<uhm>"
	"UNK" Noun NC Singular lang:es 00:01:39 00:01:46 tt-4947 AF042_1991_CT_SU2011_ER_09 
"<...>"
	"..." Punctuation DOTS lang:es 00:01:39 00:01:46 tt-4948 AF042_1991_CT_SU2011_ER_09 
</speaker>
<speaker type="int">
"<$¿>"
	"¿" Punctuation FS lang:es 00:01:46 00:01:53 tt-4949 AF042_1991_CT_SU2011_ER_09 
"<Y>"
	"y" Conjunciton Conjunction CC lang:es 00:01:46 00:01:53 tt-4950 AF042_1991_CT_SU2011_ER_09 
"<alguna>"
	"alguno" Determiner QU lang:es 00:01:46 00:01:53 tt-4951 AF042_1991_CT_SU2011_ER_09 @Gram:Det:CuantIndef 
"<vez>"
	"vez" Noun NC Singular lang:es 00:01:46 00:01:53 tt-4952 AF042_1991_CT_SU2011_ER_09 
"<,>"
	"," Punctuation CM lang:es 00:01:46 00:01:53 tt-4953 AF042_1991_CT_SU2011_ER_09 
"<este>"
	"este" Noun NC Singular lang:es 00:01:46 00:01:53 tt-4954 AF042_1991_CT_SU2011_ER_09 
"<...>"
	"..." Punctuation DOTS lang:es 00:01:46 00:01:53 tt-4955 AF042_1991_CT_SU2011_ER_09 
"<has>"
	"haber" Verb VHfin Pres Indi Sing 2nd lang:es 00:01:46 00:01:53 tt-4956 AF042_1991_CT_SU2011_ER_09 ID:246 R:Gram:Aux:Haber:247 R:Gram:PerfPerif:247 
"<experimentado>"
	"experimentar" Verb VLadj lang:es 00:01:46 00:01:53 tt-4957 AF042_1991_CT_SU2011_ER_09 ID:247 
"<algún>"
	"alguno" Determiner QU lang:es 00:01:46 00:01:53 tt-4958 AF042_1991_CT_SU2011_ER_09 @Gram:Det:CuantIndef 
"<milagro>"
	"milagro" Noun NC Singular lang:es 00:01:46 00:01:53 tt-4959 AF042_1991_CT_SU2011_ER_09 
"<$?>"
	"?" Punctuation FS lang:es 00:01:46 00:01:53 tt-4960 AF042_1991_CT_SU2011_ER_09 
</speaker>
<speaker type="subj">

"<Mmm>"
	"mmm" Noun NP Singular lang:es 00:01:54 00:01:57 tt-4961 AF042_1991_CT_SU2011_ER_09 
"<...>"
	"..." Punctuation DOTS lang:es 00:01:54 00:01:57 tt-4962 AF042_1991_CT_SU2011_ER_09 
"<$¿>"
	"¿" Punctuation FS lang:es 00:01:54 00:01:57 tt-4963 AF042_1991_CT_SU2011_ER_09 
"<milagro>"
	"milagro" Noun NC Singular lang:es 00:01:54 00:01:57 tt-4964 AF042_1991_CT_SU2011_ER_09 
"<$?>"
	"?" Punctuation FS lang:es 00:01:54 00:01:57 tt-4965 AF042_1991_CT_SU2011_ER_09 

"<No>"
	"no" Adverb NEG lang:es 00:01:54 00:01:57 tt-4966 AF042_1991_CT_SU2011_ER_09 
"<creo>"
	"crear|creer" Verb VLfin Pres Indi Sing 1st lang:es 00:01:54 00:01:57 tt-4967 AF042_1991_CT_SU2011_ER_09 
"<$.>"
	"." Punctuation FS lang:es 00:01:54 00:01:57 tt-4968 AF042_1991_CT_SU2011_ER_09 

"<Mmm>"
	"mmm" Noun NP Singular lang:es 00:01:54 00:01:57 tt-4969 AF042_1991_CT_SU2011_ER_09 
"<...>"
	"..." Punctuation DOTS lang:es 00:01:54 00:01:57 tt-4970 AF042_1991_CT_SU2011_ER_09 
</speaker>
<speaker type="int">
"<Entonces>"
	"entonces" Adverb ADV lang:es 00:01:57 00:02:03 tt-4971 AF042_1991_CT_SU2011_ER_09 
"<,>"
	"," Punctuation CM lang:es 00:01:57 00:02:03 tt-4972 AF042_1991_CT_SU2011_ER_09 
"<$¿>"
	"¿" Punctuation FS lang:es 00:01:57 00:02:03 tt-4973 AF042_1991_CT_SU2011_ER_09 
"<cuál>"
	"cuál" Pronoun INT Singular lang:es 00:01:57 00:02:03 tt-4974 AF042_1991_CT_SU2011_ER_09 
"<ha>"
	"haber" Verb VHfin Pres Indi Sing 3rd lang:es 00:01:57 00:02:03 tt-4975 AF042_1991_CT_SU2011_ER_09 ID:265 R:Gram:SerEstar:Ser:266 R:Gram:Aux:Haber:266 R:Gram:PerfPerif:266 
"<sido>"
	"ser" Verb VSadj Participle lang:es 00:01:57 00:02:03 tt-4976 AF042_1991_CT_SU2011_ER_09 ID:266 
"<el>"
	"el" Determiner ART Singular Masc lang:es 00:01:57 00:02:03 tt-4977 AF042_1991_CT_SU2011_ER_09 @Gram:Det:Art 
"<momento>"
	"momento" Noun NC Singular lang:es 00:01:57 00:02:03 tt-4978 AF042_1991_CT_SU2011_ER_09 
"<más>"
	"más" Adverb ADV lang:es 00:01:57 00:02:03 tt-4979 AF042_1991_CT_SU2011_ER_09 
"<espiritual>"
	"espiritual" Adjective ADJ Singular lang:es 00:01:57 00:02:03 tt-4980 AF042_1991_CT_SU2011_ER_09 
"<o>"
	"o" Conjunciton Conjunction CC lang:es 00:01:57 00:02:03 tt-4981 AF042_1991_CT_SU2011_ER_09 
"<el>"
	"el" Determiner ART Singular Masc lang:es 00:01:57 00:02:03 tt-4982 AF042_1991_CT_SU2011_ER_09 @Gram:Det:Art 
"<momento>"
	"momento" Noun NC Singular lang:es 00:01:57 00:02:03 tt-4983 AF042_1991_CT_SU2011_ER_09 
"<espiritual>"
	"espiritual" Adjective ADJ Singular lang:es 00:01:57 00:02:03 tt-4984 AF042_1991_CT_SU2011_ER_09 
"<más>"
	"más" Adverb ADV lang:es 00:01:57 00:02:03 tt-4985 AF042_1991_CT_SU2011_ER_09 
"<profundo>"
	"profundo" Adjective ADJ Singular lang:es 00:02:03 00:02:05 tt-4986 AF042_1991_CT_SU2011_ER_09 
"<de>"
	"de" Preposition PREP lang:es 00:02:03 00:02:05 tt-4987 AF042_1991_CT_SU2011_ER_09 @Gram:Prep 
"<tu>"
	"tú" Pronoun PPX Singular lang:es 00:02:03 00:02:05 tt-4988 AF042_1991_CT_SU2011_ER_09 @Gram:Det:Pos 
"<vida>"
	"vida" Noun NC Singular lang:es 00:02:03 00:02:05 tt-4989 AF042_1991_CT_SU2011_ER_09 
"<$?>"
	"?" Punctuation FS lang:es 00:02:03 00:02:05 tt-4990 AF042_1991_CT_SU2011_ER_09 
<lang code="en">

"<Wow>"
	"wow" Noun NN lang:en 00:02:05 00:02:12 tt-4991 AF042_1991_CT_SU2011_ER_09 
</lang>
"<$.>"
	"." Punctuation FS lang:es 00:02:05 00:02:12 tt-4992 AF042_1991_CT_SU2011_ER_09 

"<Uhm>"
	"UNK" Noun NP Singular lang:es 00:02:05 00:02:12 tt-4993 AF042_1991_CT_SU2011_ER_09 
"<...>"
	"..." Punctuation DOTS lang:es 00:02:05 00:02:12 tt-4994 AF042_1991_CT_SU2011_ER_09 
"<no>"
	"no" Adverb NEG lang:es 00:02:05 00:02:12 tt-4995 AF042_1991_CT_SU2011_ER_09 
"<sabría>"
	"saber" Verb VLfin Cond Indi Sing 1st_or_3rd lang:es 00:02:05 00:02:12 tt-4996 AF042_1991_CT_SU2011_ER_09 
"<contestar>"
	"contestar" Verb VLinf Infinitive lang:es 00:02:05 00:02:12 tt-4997 AF042_1991_CT_SU2011_ER_09 
"<eso>"
	"ese" Determiner DM Singular lang:es 00:02:05 00:02:12 tt-4998 AF042_1991_CT_SU2011_ER_09 
"<$.>"
	"." Punctuation FS lang:es 00:02:05 00:02:12 tt-4999 AF042_1991_CT_SU2011_ER_09 

"<Uhm>"
	"UNK" Noun NP Singular lang:es 00:02:05 00:02:12 tt-5000 AF042_1991_CT_SU2011_ER_09 
"<...>"
	"..." Punctuation DOTS lang:es 00:02:05 00:02:12 tt-5001 AF042_1991_CT_SU2011_ER_09 
"<no>"
	"no" Other PE lang:es 00:02:05 00:02:12 tt-5002 AF042_1991_CT_SU2011_ER_09 
"<sé>"
	"saber|ser" Verb VLfin Pres Indi Sing 1st lang:es 00:02:05 00:02:12 tt-5003 AF042_1991_CT_SU2011_ER_09 
"<...>"
	"..." Punctuation DOTS lang:es 00:02:05 00:02:12 tt-5004 AF042_1991_CT_SU2011_ER_09 
"<la>"
	"el" Determiner ART Singular Fem lang:es 00:02:05 00:02:12 tt-5005 AF042_1991_CT_SU2011_ER_09 @Gram:Det:Art 
"<verdad>"
	"verdad" Noun NC Singular lang:es 00:02:05 00:02:12 tt-5006 AF042_1991_CT_SU2011_ER_09 
"<no>"
	"no" Adverb NEG lang:es 00:02:05 00:02:12 tt-5007 AF042_1991_CT_SU2011_ER_09 
"<...>"
	"..." Punctuation DOTS lang:es 00:02:05 00:02:12 tt-5008 AF042_1991_CT_SU2011_ER_09 
"<tengo>"
	"tener" Verb VLfin Pres Indi Sing 1st lang:es 00:02:05 00:02:12 tt-5009 AF042_1991_CT_SU2011_ER_09 
"<fe>"
	"fe" Noun NC Singular lang:es 00:02:05 00:02:12 tt-5010 AF042_1991_CT_SU2011_ER_09 
"<,>"
	"," Punctuation CM lang:es 00:02:05 00:02:12 tt-5011 AF042_1991_CT_SU2011_ER_09 
"<eso>"
	"ese" Determiner DM Singular lang:es 00:02:05 00:02:12 tt-5012 AF042_1991_CT_SU2011_ER_09 
"<sí>"
	"sí" Adverb ADV lang:es 00:02:16 00:02:23 tt-5013 AF042_1991_CT_SU2011_ER_09 
"<te>"
	"tú" Pronoun PPX Singular lang:es 00:02:16 00:02:23 tt-5014 AF042_1991_CT_SU2011_ER_09 @Gram:Pron:Objeto 
"<puedo>"
	"poder" Verb VLfin Pres Indi Sing 1st lang:es 00:02:16 00:02:23 tt-5015 AF042_1991_CT_SU2011_ER_09 
"<decir>"
	"decir" Verb VLinf Infinitive lang:es 00:02:16 00:02:23 tt-5016 AF042_1991_CT_SU2011_ER_09 
"<$.>"
	"." Punctuation FS lang:es 00:02:16 00:02:23 tt-5017 AF042_1991_CT_SU2011_ER_09 

"<Uhm>"
	"UNK" Noun NP Singular lang:es 00:02:16 00:02:23 tt-5018 AF042_1991_CT_SU2011_ER_09 
"<...>"
	"..." Punctuation DOTS lang:es 00:02:16 00:02:23 tt-5019 AF042_1991_CT_SU2011_ER_09 
"<mi>"
	"mío" Pronoun PPO Singular lang:es 00:02:16 00:02:23 tt-5020 AF042_1991_CT_SU2011_ER_09 @Gram:Det:Pos 
"<mamá>"
	"mamá" Noun NC Singular lang:es 00:02:16 00:02:23 tt-5021 AF042_1991_CT_SU2011_ER_09 
"<siempre>"
	"siempre" Adverb ADV lang:es 00:02:16 00:02:23 tt-5022 AF042_1991_CT_SU2011_ER_09 
"<me>"
	"yo" Pronoun PPX Singular lang:es 00:02:16 00:02:23 tt-5023 AF042_1991_CT_SU2011_ER_09 @Gram:Pron:Objeto 
"<dijo>"
	"decir" Verb VLfin Pres Indi Sing 1st lang:es 00:02:16 00:02:23 tt-5024 AF042_1991_CT_SU2011_ER_09 
"<tener>"
	"tener" Verb VLinf Infinitive lang:es 00:02:16 00:02:23 tt-5025 AF042_1991_CT_SU2011_ER_09 
"<fe>"
	"fe" Noun NC Singular lang:es 00:02:16 00:02:23 tt-5026 AF042_1991_CT_SU2011_ER_09 
"<es>"
	"ser" Verb VSfin Pres Indi Sing 3rd lang:es 00:02:16 00:02:23 tt-5027 AF042_1991_CT_SU2011_ER_09 @Gram:SerEstar:Ser 
"<bueno>"
	"bueno" Adjective ADJ Singular lang:es 00:02:16 00:02:23 tt-5028 AF042_1991_CT_SU2011_ER_09 
"<$.>"
	"." Punctuation FS lang:es 00:02:16 00:02:23 tt-5029 AF042_1991_CT_SU2011_ER_09 

"<Soy>"
	"ser" Verb VSfin Pres Indi Sing 1st lang:es 00:02:16 00:02:23 tt-5030 AF042_1991_CT_SU2011_ER_09 @Gram:SerEstar:Ser 
"<muy>"
	"muy" Adverb ADV lang:es 00:02:16 00:02:23 tt-5031 AF042_1991_CT_SU2011_ER_09 
"<...>"
	"..." Punctuation DOTS lang:es 00:02:16 00:02:23 tt-5032 AF042_1991_CT_SU2011_ER_09 
"<soy>"
	"ser" Verb VSfin Pres Indi Sing 1st lang:es 00:02:16 00:02:23 tt-5033 AF042_1991_CT_SU2011_ER_09 @Gram:SerEstar:Ser 
"<muy>"
	"muy" Adverb ADV lang:es 00:02:16 00:02:23 tt-5034 AF042_1991_CT_SU2011_ER_09 
"<creyente>"
	"creyente" Adjective ADJ Singular lang:es 00:02:27 00:02:34 tt-5035 AF042_1991_CT_SU2011_ER_09 
"<en>"
	"en" Preposition PREP lang:es 00:02:27 00:02:34 tt-5036 AF042_1991_CT_SU2011_ER_09 @Gram:Prep 
"<...>"
	"..." Punctuation DOTS lang:es 00:02:27 00:02:34 tt-5037 AF042_1991_CT_SU2011_ER_09 
"<en>"
	"en" Preposition PREP lang:es 00:02:27 00:02:34 tt-5038 AF042_1991_CT_SU2011_ER_09 @Gram:Prep 
"<que>"
	"que" Conjunction CQUE lang:es 00:02:27 00:02:34 tt-5039 AF042_1991_CT_SU2011_ER_09 
"<existan>"
	"existir" Verb VLfin Past Subj Plural 3rd lang:es 00:02:27 00:02:34 tt-5040 AF042_1991_CT_SU2011_ER_09 @Gram:MSub:Pret 
"<cosas>"
	"cosa" Noun NC Plural lang:es 00:02:27 00:02:34 tt-5041 AF042_1991_CT_SU2011_ER_09 
"<más>"
	"más" Adverb ADV lang:es 00:02:27 00:02:34 tt-5042 AF042_1991_CT_SU2011_ER_09 
"<allá>"
	"allá" Adverb ADV lang:es 00:02:27 00:02:34 tt-5043 AF042_1991_CT_SU2011_ER_09 
"<de>"
	"de" Preposition PREP lang:es 00:02:27 00:02:34 tt-5044 AF042_1991_CT_SU2011_ER_09 @Gram:Prep 
"<lo>"
	"el" Determiner ART Singular lang:es 00:02:27 00:02:34 tt-5045 AF042_1991_CT_SU2011_ER_09 ID:335 R:Gram:Det:LoAdj:336 
"<que>"
	"que" Conjunction CQUE lang:es 00:02:27 00:02:34 tt-5046 AF042_1991_CT_SU2011_ER_09 ID:336 
"<vemos>"
	"ver" Verb VLfin Pres Indi Plural 1st lang:es 00:02:27 00:02:34 tt-5047 AF042_1991_CT_SU2011_ER_09 
"<$.>"
	"." Punctuation FS lang:es 00:02:27 00:02:34 tt-5048 AF042_1991_CT_SU2011_ER_09 

"<Eso>"
	"ese" Determiner DM Singular lang:es 00:02:27 00:02:34 tt-5049 AF042_1991_CT_SU2011_ER_09 
"<sí>"
	"sí" Adverb ADV lang:es 00:02:27 00:02:34 tt-5050 AF042_1991_CT_SU2011_ER_09 
"<lo>"
	"él" Pronoun PPC Singular lang:es 00:02:27 00:02:34 tt-5051 AF042_1991_CT_SU2011_ER_09 @Gram:Pron:Objeto 
"<creo>"
	"crear|creer" Verb VLfin Pres Indi Sing 1st lang:es 00:02:27 00:02:34 tt-5052 AF042_1991_CT_SU2011_ER_09 
"<,>"
	"," Punctuation CM lang:es 00:02:27 00:02:34 tt-5053 AF042_1991_CT_SU2011_ER_09 
"<pero>"
	"pero" Conjunction CCAD lang:es 00:02:27 00:02:34 tt-5054 AF042_1991_CT_SU2011_ER_09 @Prag:MarcadoresDisc:Revision 
"<que>"
	"que" Conjunction CQUE lang:es 00:02:27 00:02:34 tt-5055 AF042_1991_CT_SU2011_ER_09 
"<me>"
	"yo" Pronoun PPX Singular lang:es 00:02:37 00:02:42 tt-5056 AF042_1991_CT_SU2011_ER_09 @Gram:Pron:Objeto 
"<ha>"
	"haber" Verb VHfin Pres Indi Sing 3rd lang:es 00:02:37 00:02:42 tt-5057 AF042_1991_CT_SU2011_ER_09 ID:347 R:Gram:Aux:Haber:348 R:Gram:PerfPerif:348 
"<pasado>"
	"pasar" Verb VLadj lang:es 00:02:37 00:02:42 tt-5058 AF042_1991_CT_SU2011_ER_09 ID:348 
"<a>"
	"a" Preposition PREP lang:es 00:02:37 00:02:42 tt-5059 AF042_1991_CT_SU2011_ER_09 @Gram:Prep 
"<mí>"
	"yo" Pronoun PPX Singular lang:es 00:02:37 00:02:42 tt-5060 AF042_1991_CT_SU2011_ER_09 
"<no>"
	"no" Adverb NEG lang:es 00:02:37 00:02:42 tt-5061 AF042_1991_CT_SU2011_ER_09 
"<$.>"
	"." Punctuation FS lang:es 00:02:37 00:02:42 tt-5062 AF042_1991_CT_SU2011_ER_09 

"<Y>"
	"y" Conjunciton Conjunction CC lang:es 00:02:37 00:02:42 tt-5063 AF042_1991_CT_SU2011_ER_09 
"<cuando>"
	"cuando" Conjunction CSUBX lang:es 00:02:37 00:02:42 tt-5064 AF042_1991_CT_SU2011_ER_09 
"<oigo>"
	"oír" Verb VLfin Pres Indi_Command Sing 2nd_3rd Indi 1st lang:es 00:02:37 00:02:42 tt-5065 AF042_1991_CT_SU2011_ER_09 
"<historias>"
	"historia" Noun NC Plural lang:es 00:02:37 00:02:42 tt-5066 AF042_1991_CT_SU2011_ER_09 
"<lo>"
	"él" Pronoun PPC Singular lang:es 00:02:37 00:02:42 tt-5067 AF042_1991_CT_SU2011_ER_09 @Gram:Pron:Objeto 
"<creo>"
	"crear|creer" Verb VLfin Pres Indi Sing 1st lang:es 00:02:37 00:02:42 tt-5068 AF042_1991_CT_SU2011_ER_09 
"<$.>"
	"." Punctuation FS lang:es 00:02:37 00:02:42 tt-5069 AF042_1991_CT_SU2011_ER_09 

"<$¿>"
	"¿" Punctuation FS lang:es 00:02:42 00:02:46 tt-5070 AF042_1991_CT_SU2011_ER_09 
"<Y>"
	"y" Conjunciton Conjunction CC lang:es 00:02:42 00:02:46 tt-5071 AF042_1991_CT_SU2011_ER_09 
"<tú>"
	"tú" Pronoun PPX Singular lang:es 00:02:42 00:02:46 tt-5072 AF042_1991_CT_SU2011_ER_09 @Gram:Pron:Sujeto 
"<crees>"
	"crear|creer" Verb VLfin Pres Indi Sing 2nd lang:es 00:02:42 00:02:46 tt-5073 AF042_1991_CT_SU2011_ER_09 
"<,>"
	"," Punctuation CM lang:es 00:02:42 00:02:46 tt-5074 AF042_1991_CT_SU2011_ER_09 
"<tú>"
	"tú" Pronoun PPX Singular lang:es 00:02:42 00:02:46 tt-5075 AF042_1991_CT_SU2011_ER_09 @Gram:Pron:Sujeto 
"<crees>"
	"crear|creer" Verb VLfin Pres Indi Sing 2nd lang:es 00:02:42 00:02:46 tt-5076 AF042_1991_CT_SU2011_ER_09 
"<en>"
	"en" Preposition PREP lang:es 00:02:42 00:02:46 tt-5077 AF042_1991_CT_SU2011_ER_09 @Gram:Prep 
"<la>"
	"el" Determiner ART Singular Fem lang:es 00:02:42 00:02:46 tt-5078 AF042_1991_CT_SU2011_ER_09 @Gram:Det:Art 
"<vida>"
	"vida" Noun NC Singular lang:es 00:02:42 00:02:46 tt-5079 AF042_1991_CT_SU2011_ER_09 
"<después>"
	"después" Preposition PREP lang:es 00:02:42 00:02:46 tt-5080 AF042_1991_CT_SU2011_ER_09 @Gram:Prep 
"<de>"
	"de" Preposition PREP lang:es 00:02:42 00:02:46 tt-5081 AF042_1991_CT_SU2011_ER_09 @Gram:Prep 
"<la>"
	"el" Determiner ART Singular Fem lang:es 00:02:42 00:02:46 tt-5082 AF042_1991_CT_SU2011_ER_09 @Gram:Det:Art 
"<muerte>"
	"muerte" Noun NC Singular lang:es 00:02:42 00:02:46 tt-5083 AF042_1991_CT_SU2011_ER_09 
"<$?>"
	"?" Punctuation FS lang:es 00:02:42 00:02:46 tt-5084 AF042_1991_CT_SU2011_ER_09 

"<Sí>"
	"sí" Adverb ADV lang:es 00:02:46 00:02:47 tt-5085 AF042_1991_CT_SU2011_ER_09 
"<,>"
	"," Punctuation CM lang:es 00:02:46 00:02:47 tt-5086 AF042_1991_CT_SU2011_ER_09 
"<sí>"
	"sí" Adverb ADV lang:es 00:02:46 00:02:47 tt-5087 AF042_1991_CT_SU2011_ER_09 
"<$.>"
	"." Punctuation FS lang:es 00:02:46 00:02:47 tt-5088 AF042_1991_CT_SU2011_ER_09 

"<$¿>"
	"¿" Punctuation FS lang:es 00:02:47 00:02:50 tt-5089 AF042_1991_CT_SU2011_ER_09 
"<Cómo>"
	"cómo" Adverb ADV lang:es 00:02:47 00:02:50 tt-5090 AF042_1991_CT_SU2011_ER_09 
"<crees>"
	"crear|creer" Verb VLfin Pres Indi Sing 2nd lang:es 00:02:47 00:02:50 tt-5091 AF042_1991_CT_SU2011_ER_09 
"<,>"
	"," Punctuation CM lang:es 00:02:47 00:02:50 tt-5092 AF042_1991_CT_SU2011_ER_09 
"<cómo>"
	"cómo" Adverb ADV lang:es 00:02:47 00:02:50 tt-5093 AF042_1991_CT_SU2011_ER_09 
"<crees>"
	"crear|creer" Verb VLfin Pres Indi Sing 2nd lang:es 00:02:47 00:02:50 tt-5094 AF042_1991_CT_SU2011_ER_09 
"<que>"
	"que" Conjunction CQUE lang:es 00:02:47 00:02:50 tt-5095 AF042_1991_CT_SU2011_ER_09 
"<será>"
	"ser" Verb VSfin Fut Indi Sing 3rd lang:es 00:02:47 00:02:50 tt-5096 AF042_1991_CT_SU2011_ER_09 @Gram:VFut:Conjugado @Gram:SerEstar:Ser 
"<$?>"
	"?" Punctuation FS lang:es 00:02:47 00:02:50 tt-5097 AF042_1991_CT_SU2011_ER_09 
</speaker>
<speaker type="subj">

"<No>"
	"no" Adverb NEG lang:es 00:02:50 00:02:57 tt-5098 AF042_1991_CT_SU2011_ER_09 
"<sé>"
	"saber|ser" Verb VLfin Pres Indi Sing 1st lang:es 00:02:50 00:02:57 tt-5099 AF042_1991_CT_SU2011_ER_09 
"<$.>"
	"." Punctuation FS lang:es 00:02:50 00:02:57 tt-5100 AF042_1991_CT_SU2011_ER_09 

"<Pero>"
	"pero" Conjunction CCAD lang:es 00:02:50 00:02:57 tt-5101 AF042_1991_CT_SU2011_ER_09 @Prag:MarcadoresDisc:Revision 
"<...>"
	"..." Punctuation DOTS lang:es 00:02:50 00:02:57 tt-5102 AF042_1991_CT_SU2011_ER_09 
"<me>"
	"yo" Pronoun PPX Singular lang:es 00:02:50 00:02:57 tt-5103 AF042_1991_CT_SU2011_ER_09 @Gram:Pron:Objeto 
"<ima>"
	"UNK" Verb VLfin Pres Indi Sing 3rd lang:es 00:02:50 00:02:57 tt-5104 AF042_1991_CT_SU2011_ER_09 
"<...>"
	"..." Punctuation DOTS lang:es 00:02:50 00:02:57 tt-5105 AF042_1991_CT_SU2011_ER_09 
"<no>"
	"no" Adverb NEG lang:es 00:02:50 00:02:57 tt-5106 AF042_1991_CT_SU2011_ER_09 
"<sé>"
	"saber|ser" Verb VLfin Pres Indi Sing 1st lang:es 00:02:50 00:02:57 tt-5107 AF042_1991_CT_SU2011_ER_09 
"<$.>"
	"." Punctuation FS lang:es 00:02:50 00:02:57 tt-5108 AF042_1991_CT_SU2011_ER_09 

"<Uhm>"
	"UNK" Noun NP Singular lang:es 00:02:50 00:02:57 tt-5109 AF042_1991_CT_SU2011_ER_09 
"<...>"
	"..." Punctuation DOTS lang:es 00:02:50 00:02:57 tt-5110 AF042_1991_CT_SU2011_ER_09 
"<creo>"
	"crear|creer" Verb VLfin Pres Indi Sing 1st lang:es 00:02:50 00:02:57 tt-5111 AF042_1991_CT_SU2011_ER_09 
"<que>"
	"que" Conjunction CQUE lang:es 00:02:50 00:02:57 tt-5112 AF042_1991_CT_SU2011_ER_09 
"<será>"
	"ser" Verb VSfin Fut Indi Sing 3rd lang:es 00:02:50 00:02:57 tt-5113 AF042_1991_CT_SU2011_ER_09 @Gram:VFut:Conjugado @Gram:SerEstar:Ser 
"<más>"
	"más" Adverb ADV lang:es 00:02:50 00:02:57 tt-5114 AF042_1991_CT_SU2011_ER_09 
"<,>"
	"," Punctuation CM lang:es 00:02:50 00:02:57 tt-5115 AF042_1991_CT_SU2011_ER_09 
<lang code="en">
"<ah>"
	"UNK" Noun NN lang:en 00:02:50 00:02:57 tt-5116 AF042_1991_CT_SU2011_ER_09 
</lang>
"<...>"
	"..." Punctuation DOTS lang:es 00:02:50 00:02:57 tt-5117 AF042_1991_CT_SU2011_ER_09 
"<con>"
	"con" Preposition PREP lang:es 00:02:50 00:02:57 tt-5118 AF042_1991_CT_SU2011_ER_09 @Gram:Prep 
"<más>"
	"más" Adverb ADV lang:es 00:02:50 00:02:57 tt-5119 AF042_1991_CT_SU2011_ER_09 
"<paz>"
	"paz" Noun NC Singular lang:es 00:02:50 00:02:57 tt-5120 AF042_1991_CT_SU2011_ER_09 
"<porque>"
	"porque" Conjunction CSUBX lang:es 00:02:50 00:02:57 tt-5121 AF042_1991_CT_SU2011_ER_09 @Prag:MarcadoresDisc:Causa 
"<ya>"
	"ya" Adverb ADV lang:es 00:02:50 00:02:57 tt-5122 AF042_1991_CT_SU2011_ER_09 
"<viviste>"
	"UNK" Verb VLfin Pret Indi Sing 2nd lang:es 00:02:59 00:03:06 tt-5123 AF042_1991_CT_SU2011_ER_09 @Gram:Indefinido 
"<lo>"
	"el" Determiner ART Singular lang:es 00:02:59 00:03:06 tt-5124 AF042_1991_CT_SU2011_ER_09 
"<más>"
	"más" Adverb ADV lang:es 00:02:59 00:03:06 tt-5125 AF042_1991_CT_SU2011_ER_09 
"<...>"
	"..." Punctuation DOTS lang:es 00:02:59 00:03:06 tt-5126 AF042_1991_CT_SU2011_ER_09 
"<yo>"
	"yo" Pronoun PPX Singular lang:es 00:02:59 00:03:06 tt-5127 AF042_1991_CT_SU2011_ER_09 @Gram:Pron:Sujeto 
"<creo>"
	"crear|creer" Verb VLfin Pres Indi Sing 1st lang:es 00:02:59 00:03:06 tt-5128 AF042_1991_CT_SU2011_ER_09 
"<que>"
	"que" Conjunction CQUE lang:es 00:02:59 00:03:06 tt-5129 AF042_1991_CT_SU2011_ER_09 
"<antes>"
	"antes" Adverb ADV lang:es 00:02:59 00:03:06 tt-5130 AF042_1991_CT_SU2011_ER_09 
"<de>"
	"de" Conjunction CSUBI lang:es 00:02:59 00:03:06 tt-5131 AF042_1991_CT_SU2011_ER_09 
"<que>"
	"que" Conjunction CQUE lang:es 00:02:59 00:03:06 tt-5132 AF042_1991_CT_SU2011_ER_09 
"<te>"
	"tú" Pronoun PPX Singular lang:es 00:02:59 00:03:06 tt-5133 AF042_1991_CT_SU2011_ER_09 @Gram:Pron:Objeto 
"<mueres>"
	"morir" Verb VLfin Pres Indi Sing 2nd lang:es 00:02:59 00:03:06 tt-5134 AF042_1991_CT_SU2011_ER_09 
"<has>"
	"haber" Verb VHfin Pres Indi Sing 2nd lang:es 00:02:59 00:03:06 tt-5135 AF042_1991_CT_SU2011_ER_09 @Gram:Haber:Exist 
"<...>"
	"..." Punctuation DOTS lang:es 00:02:59 00:03:06 tt-5136 AF042_1991_CT_SU2011_ER_09 
"<has>"
	"haber" Verb VHfin Pres Indi Sing 2nd lang:es 00:02:59 00:03:06 tt-5137 AF042_1991_CT_SU2011_ER_09 ID:427 R:Gram:Aux:Haber:428 R:Gram:PerfPerif:428 
"<vivido>"
	"vivir" Verb VLadj lang:es 00:02:59 00:03:06 tt-5138 AF042_1991_CT_SU2011_ER_09 ID:428 
"<mucho>"
	"mucho" Adverb ADV lang:es 00:02:59 00:03:06 tt-5139 AF042_1991_CT_SU2011_ER_09 
"<,>"
	"," Punctuation CM lang:es 00:02:59 00:03:06 tt-5140 AF042_1991_CT_SU2011_ER_09 
"<has>"
	"haber" Verb VHfin Pres Indi Sing 2nd lang:es 00:02:59 00:03:06 tt-5141 AF042_1991_CT_SU2011_ER_09 ID:431 R:Gram:Aux:Haber:432 R:Gram:PerfPerif:432 
"<tenido>"
	"tener" Verb VLadj lang:es 00:02:59 00:03:06 tt-5142 AF042_1991_CT_SU2011_ER_09 ID:432 
"<más>"
	"más" Adverb ADV lang:es 00:02:59 00:03:06 tt-5143 AF042_1991_CT_SU2011_ER_09 
"<...>"
	"..." Punctuation DOTS lang:es 00:02:59 00:03:06 tt-5144 AF042_1991_CT_SU2011_ER_09 
"<muchas>"
	"mucho" Determiner QU lang:es 00:03:09 00:03:16 tt-5145 AF042_1991_CT_SU2011_ER_09 @Gram:Det:CuantIndef 
"<experiencias>"
	"experiencia" Noun NC Plural lang:es 00:03:09 00:03:16 tt-5146 AF042_1991_CT_SU2011_ER_09 
"<malas>"
	"malo" Adjective ADJ Plural lang:es 00:03:09 00:03:16 tt-5147 AF042_1991_CT_SU2011_ER_09 
"<a>"
	"a" Preposition PREP lang:es 00:03:09 00:03:16 tt-5148 AF042_1991_CT_SU2011_ER_09 @Gram:Prep 
"<la>"
	"el" Determiner ART Singular Fem lang:es 00:03:09 00:03:16 tt-5149 AF042_1991_CT_SU2011_ER_09 @Gram:Det:Art 
"<mejor>"
	"bueno" Adjective ADJ Singular lang:es 00:03:09 00:03:16 tt-5150 AF042_1991_CT_SU2011_ER_09 
"<o>"
	"o" Conjunciton Conjunction CC lang:es 00:03:09 00:03:16 tt-5151 AF042_1991_CT_SU2011_ER_09 
"<cosas>"
	"cosa" Noun NC Plural lang:es 00:03:09 00:03:16 tt-5152 AF042_1991_CT_SU2011_ER_09 
"<que>"
	"que" Conjunction CQUE lang:es 00:03:09 00:03:16 tt-5153 AF042_1991_CT_SU2011_ER_09 
"<no>"
	"no" Adverb NEG lang:es 00:03:09 00:03:16 tt-5154 AF042_1991_CT_SU2011_ER_09 
"<te>"
	"tú" Pronoun PPX Singular lang:es 00:03:09 00:03:16 tt-5155 AF042_1991_CT_SU2011_ER_09 @Gram:Pron:Objeto 
"<gusten>"
	"gustar" Verb VLfin Past Subj Plural 3rd lang:es 00:03:09 00:03:16 tt-5156 AF042_1991_CT_SU2011_ER_09 @Gram:Gustar:Interlocutor @Gram:MSub:Pret 
"<y>"
	"y" Conjunciton Conjunction CC lang:es 00:03:09 00:03:16 tt-5157 AF042_1991_CT_SU2011_ER_09 
"<yo>"
	"yo" Pronoun PPX Singular lang:es 00:03:09 00:03:16 tt-5158 AF042_1991_CT_SU2011_ER_09 @Gram:Pron:Sujeto 
"<digo>"
	"decir" Verb VLfin Pres Indi Sing 1st lang:es 00:03:09 00:03:16 tt-5159 AF042_1991_CT_SU2011_ER_09 
"<que>"
	"que" Conjunction CQUE lang:es 00:03:09 00:03:16 tt-5160 AF042_1991_CT_SU2011_ER_09 
"<ya>"
	"ya" Adverb ADV lang:es 00:03:09 00:03:16 tt-5161 AF042_1991_CT_SU2011_ER_09 
"<cuando>"
	"cuando" Conjunction CSUBX lang:es 00:03:09 00:03:16 tt-5162 AF042_1991_CT_SU2011_ER_09 
"<te>"
	"tú" Pronoun PPX Singular lang:es 00:03:09 00:03:16 tt-5163 AF042_1991_CT_SU2011_ER_09 @Gram:Pron:Objeto 
"<mueres>"
	"morir" Verb VLfin Pres Indi Sing 2nd lang:es 00:03:16 00:03:23 tt-5164 AF042_1991_CT_SU2011_ER_09 
"<ya>"
	"ya" Adverb ADV lang:es 00:03:16 00:03:23 tt-5165 AF042_1991_CT_SU2011_ER_09 
"<es>"
	"ser" Verb VSfin Pres Indi Sing 3rd lang:es 00:03:16 00:03:23 tt-5166 AF042_1991_CT_SU2011_ER_09 @Gram:SerEstar:Ser 
"<más>"
	"más" Adverb ADV lang:es 00:03:16 00:03:23 tt-5167 AF042_1991_CT_SU2011_ER_09 
"<pacífico>"
	"pacífico" Adjective ADJ Singular lang:es 00:03:16 00:03:23 tt-5168 AF042_1991_CT_SU2011_ER_09 
"<,>"
	"," Punctuation CM lang:es 00:03:16 00:03:23 tt-5169 AF042_1991_CT_SU2011_ER_09 
"<más>"
	"más" Adverb ADV lang:es 00:03:16 00:03:23 tt-5170 AF042_1991_CT_SU2011_ER_09 
"<,>"
	"," Punctuation CM lang:es 00:03:16 00:03:23 tt-5171 AF042_1991_CT_SU2011_ER_09 
"<va>"
	"ir" Verb VLfin Pres Indi Sing 3rd lang:es 00:03:16 00:03:23 tt-5172 AF042_1991_CT_SU2011_ER_09 ID:462 R:Gram:VFut:Perifrasis:464 
"<a>"
	"a" Preposition PREP lang:es 00:03:16 00:03:23 tt-5173 AF042_1991_CT_SU2011_ER_09 @Gram:Prep 
"<ser>"
	"ser" Verb VLinf VSinf Infinitive lang:es 00:03:16 00:03:23 tt-5174 AF042_1991_CT_SU2011_ER_09 @Gram:SerEstar:Ser ID:464 
"<más>"
	"más" Adverb ADV lang:es 00:03:16 00:03:23 tt-5175 AF042_1991_CT_SU2011_ER_09 
"<uhm>"
	"UNK" Noun NC Singular lang:es 00:03:16 00:03:23 tt-5176 AF042_1991_CT_SU2011_ER_09 
"<...>"
	"..." Punctuation DOTS lang:es 00:03:16 00:03:23 tt-5177 AF042_1991_CT_SU2011_ER_09 
"<va>"
	"ir" Verb VLfin Pres Indi Sing 3rd lang:es 00:03:16 00:03:23 tt-5178 AF042_1991_CT_SU2011_ER_09 ID:468 R:Gram:VFut:Perifrasis:470 
"<a>"
	"a" Preposition PREP lang:es 00:03:16 00:03:23 tt-5179 AF042_1991_CT_SU2011_ER_09 @Gram:Prep 
"<ser>"
	"ser" Verb VLinf VSinf Infinitive lang:es 00:03:16 00:03:23 tt-5180 AF042_1991_CT_SU2011_ER_09 @Gram:SerEstar:Ser ID:470 
"<más>"
	"más" Adverb ADV lang:es 00:03:16 00:03:23 tt-5181 AF042_1991_CT_SU2011_ER_09 
"<mejor>"
	"bueno" Adjective ADJ Singular lang:es 00:03:16 00:03:23 tt-5182 AF042_1991_CT_SU2011_ER_09 
"<$.>"
	"." Punctuation FS lang:es 00:03:16 00:03:23 tt-5183 AF042_1991_CT_SU2011_ER_09 
</speaker>
</text>

