<text id="AF047_1989_CT_SU2011_ER_02">
<speaker type="subj">
"<Mmm>"
	"mmm" Noun NP Singular lang:es 00:00:00 00:00:07 tt-408 AF047_1989_CT_SU2011_ER_02 
"<...>"
	"..." Punctuation DOTS lang:es 00:00:00 00:00:07 tt-409 AF047_1989_CT_SU2011_ER_02 
"<empiezo>"
	"empezar" Verb VLfin Pres Indi Sing 1st lang:es 00:00:00 00:00:07 tt-410 AF047_1989_CT_SU2011_ER_02 
"<...>"
	"..." Punctuation DOTS lang:es 00:00:00 00:00:07 tt-411 AF047_1989_CT_SU2011_ER_02 
"<empienzo>"
	"UNK" Noun NC Singular lang:es 00:00:00 00:00:07 tt-412 AF047_1989_CT_SU2011_ER_02 
"<a>"
	"a" Preposition PREP lang:es 00:00:00 00:00:07 tt-413 AF047_1989_CT_SU2011_ER_02 @Gram:Prep ADD:580 
"<hablar>"
	"hablar" Verb VLinf Infinitive lang:es 00:00:00 00:00:07 tt-414 AF047_1989_CT_SU2011_ER_02 SUBSTITUTE:309 
"<español>"
	"español" Noun NC Singular lang:es 00:00:00 00:00:07 tt-415 AF047_1989_CT_SU2011_ER_02 
"<...>"
	"..." Punctuation DOTS lang:es 00:00:00 00:00:07 tt-416 AF047_1989_CT_SU2011_ER_02 
"<uhm>"
	"UNK" Noun NP Singular lang:es 00:00:00 00:00:07 tt-417 AF047_1989_CT_SU2011_ER_02 
"<...>"
	"..." Punctuation DOTS lang:es 00:00:00 00:00:07 tt-418 AF047_1989_CT_SU2011_ER_02 
"<por>"
	"por" Preposition PREP lang:es 00:00:00 00:00:07 tt-419 AF047_1989_CT_SU2011_ER_02 @Gram:Prep:Por SUBSTITUTE:251 ADD:574 
"<los>"
	"el" Determiner ART Plural Masc lang:es 00:00:00 00:00:07 tt-420 AF047_1989_CT_SU2011_ER_02 @Gram:Det:Art ADD:395 
"<dos>"
	"dos" Determiner CARD Plural lang:es 00:00:00 00:00:07 tt-421 AF047_1989_CT_SU2011_ER_02 
"<años>"
	"año" Noun NC Plural lang:es 00:00:00 00:00:07 tt-422 AF047_1989_CT_SU2011_ER_02 
"<$.>"
	"." Punctuation FS lang:es 00:00:00 00:00:07 tt-423 AF047_1989_CT_SU2011_ER_02 
</speaker>
<speaker type="int">

"<$¿>"
	"¿" Punctuation FS lang:es 00:00:08 00:00:10 tt-424 AF047_1989_CT_SU2011_ER_02 
"<O>"
	"o" Adverb ADV lang:es 00:00:08 00:00:10 tt-425 AF047_1989_CT_SU2011_ER_02 ID:18 R:Prag:MarcadoresDisc:Igualdad:19 ADDRELATION(Prag:MarcadoresDisc:Igualdad):1093 
"<sea>"
	"sea" Adverb ADV lang:es 00:00:08 00:00:10 tt-426 AF047_1989_CT_SU2011_ER_02 ID:19 
"<ya>"
	"ya" Adverb ADV lang:es 00:00:08 00:00:10 tt-427 AF047_1989_CT_SU2011_ER_02 
"<llevas>"
	"llevar" Verb VLfin Pres Indi Sing 2nd lang:es 00:00:08 00:00:10 tt-428 AF047_1989_CT_SU2011_ER_02 
"<dos>"
	"dos" Determiner CARD Plural lang:es 00:00:08 00:00:10 tt-429 AF047_1989_CT_SU2011_ER_02 
"<años>"
	"año" Noun NC Plural lang:es 00:00:08 00:00:10 tt-430 AF047_1989_CT_SU2011_ER_02 
"<$?>"
	"?" Punctuation FS lang:es 00:00:08 00:00:10 tt-431 AF047_1989_CT_SU2011_ER_02 

"<Aha>"
	"aha" Noun NP Singular lang:es 00:00:10 00:00:10 tt-432 AF047_1989_CT_SU2011_ER_02 
"<$.>"
	"." Punctuation FS lang:es 00:00:10 00:00:10 tt-433 AF047_1989_CT_SU2011_ER_02 

"<$¿>"
	"¿" Punctuation FS lang:es 00:00:10 00:00:16 tt-434 AF047_1989_CT_SU2011_ER_02 
"<Y>"
	"y" Conjunction CC lang:es 00:00:10 00:00:16 tt-435 AF047_1989_CT_SU2011_ER_02 
"<dónde>"
	"dónde" Adverb ADV lang:es 00:00:10 00:00:16 tt-436 AF047_1989_CT_SU2011_ER_02 
"<lo>"
	"él" Pronoun PPC Singular lang:es 00:00:10 00:00:16 tt-437 AF047_1989_CT_SU2011_ER_02 @Gram:Pron:Objeto ADD:620 
"<aprendiste>"
	"aprender" Verb VLfin Pret Indi Sing 2nd lang:es 00:00:10 00:00:16 tt-438 AF047_1989_CT_SU2011_ER_02 @Gram:Indefinido ADD:654 
"<...>"
	"..." Punctuation DOTS lang:es 00:00:10 00:00:16 tt-439 AF047_1989_CT_SU2011_ER_02 
"<o>"
	"o" Conjunction CC lang:es 00:00:10 00:00:16 tt-440 AF047_1989_CT_SU2011_ER_02 
"<en>"
	"en" Preposition PREP lang:es 00:00:10 00:00:16 tt-441 AF047_1989_CT_SU2011_ER_02 @Gram:Prep ADD:580 
"<dónde>"
	"dónde" Adverb ADV lang:es 00:00:10 00:00:16 tt-442 AF047_1989_CT_SU2011_ER_02 
"<lo>"
	"el" Determiner ART Singular lang:es 00:00:10 00:00:16 tt-443 AF047_1989_CT_SU2011_ER_02 @Gram:Pron:Objeto ADD:608 
"<estás>"
	"estar" Verb VEfin Pres Indi Sing 2nd lang:es 00:00:10 00:00:16 tt-444 AF047_1989_CT_SU2011_ER_02 @Gram:SerEstar:Estar ID:37 R:Gram:SerEstar:EstarAux:38 ADD:778 ADDRELATION(Gram:SerEstar:EstarAux):794 
"<aprendiendo>"
	"aprender" Verb VLger lang:es 00:00:10 00:00:16 tt-445 AF047_1989_CT_SU2011_ER_02 ID:38 
"<$?>"
	"?" Punctuation FS lang:es 00:00:10 00:00:16 tt-446 AF047_1989_CT_SU2011_ER_02 

"<$¿>"
	"¿" Punctuation FS lang:es 00:00:16 00:00:17 tt-447 AF047_1989_CT_SU2011_ER_02 
"<Cómo>"
	"cómo" Adverb ADV lang:es 00:00:16 00:00:17 tt-448 AF047_1989_CT_SU2011_ER_02 
"<$?>"
	"?" Punctuation FS lang:es 00:00:16 00:00:17 tt-449 AF047_1989_CT_SU2011_ER_02 

"<$¿>"
	"¿" Punctuation FS lang:es 00:00:17 00:00:19 tt-450 AF047_1989_CT_SU2011_ER_02 
"<En>"
	"en" Preposition PREP lang:es 00:00:17 00:00:19 tt-451 AF047_1989_CT_SU2011_ER_02 @Gram:Prep ADD:580 
"<dónde>"
	"dónde" Adverb ADV lang:es 00:00:17 00:00:19 tt-452 AF047_1989_CT_SU2011_ER_02 
"<lo>"
	"el" Determiner ART Singular lang:es 00:00:17 00:00:19 tt-453 AF047_1989_CT_SU2011_ER_02 @Gram:Pron:Objeto ADD:608 
"<estás>"
	"estar" Verb VEfin Pres Indi Sing 2nd lang:es 00:00:17 00:00:19 tt-454 AF047_1989_CT_SU2011_ER_02 @Gram:SerEstar:Estar ID:47 R:Gram:SerEstar:EstarAux:48 ADD:778 ADDRELATION(Gram:SerEstar:EstarAux):794 
"<aprendiendo>"
	"aprender" Verb VLger lang:es 00:00:17 00:00:19 tt-455 AF047_1989_CT_SU2011_ER_02 ID:48 
"<$?>"
	"?" Punctuation FS lang:es 00:00:17 00:00:19 tt-456 AF047_1989_CT_SU2011_ER_02 
</speaker>
<speaker type="subj">

"<Oh>"
	"oh" Other UH lang:en 00:00:19 00:00:22 tt-457 AF047_1989_CT_SU2011_ER_02 
"<,>"
	"," Punctuation CM lang:es 00:00:19 00:00:22 tt-458 AF047_1989_CT_SU2011_ER_02 
"<en>"
	"en" Preposition PREP lang:es 00:00:19 00:00:22 tt-459 AF047_1989_CT_SU2011_ER_02 @Gram:Prep ADD:580 
"<el>"
	"el" Determiner ART Singular Masc lang:es 00:00:19 00:00:22 tt-460 AF047_1989_CT_SU2011_ER_02 @Gram:Det:Art ADD:395 
"<...>"
	"..." Punctuation DOTS lang:es 00:00:19 00:00:22 tt-461 AF047_1989_CT_SU2011_ER_02 
"<en>"
	"en" Preposition PREP lang:es 00:00:19 00:00:22 tt-462 AF047_1989_CT_SU2011_ER_02 @Gram:Prep ADD:580 
"<la>"
	"el" Determiner ART Singular Fem lang:es 00:00:19 00:00:22 tt-463 AF047_1989_CT_SU2011_ER_02 @Gram:Det:Art ADD:395 
"<universidad>"
	"universidad" Noun NC Singular lang:es 00:00:19 00:00:22 tt-464 AF047_1989_CT_SU2011_ER_02 
"<$.>"
	"." Punctuation FS lang:es 00:00:19 00:00:22 tt-465 AF047_1989_CT_SU2011_ER_02 
</speaker>
<speaker type="int">

"<$¿>"
	"¿" Punctuation FS lang:es 00:00:22 00:00:28 tt-466 AF047_1989_CT_SU2011_ER_02 
"<Y>"
	"y" Conjunction CC lang:es 00:00:22 00:00:28 tt-467 AF047_1989_CT_SU2011_ER_02 
"<este>"
	"este" Determiner DM Singular lang:es 00:00:22 00:00:28 tt-468 AF047_1989_CT_SU2011_ER_02 @Prag:RecuDiscurso:GanarTiempo ADD:1121 
"<...>"
	"..." Punctuation DOTS lang:es 00:00:22 00:00:28 tt-469 AF047_1989_CT_SU2011_ER_02 
"<y>"
	"y" Conjunction CC lang:es 00:00:22 00:00:28 tt-470 AF047_1989_CT_SU2011_ER_02 
"<tú>"
	"tú" Pronoun PPX Singular lang:es 00:00:22 00:00:28 tt-471 AF047_1989_CT_SU2011_ER_02 @Gram:Pron:Sujeto ADD:590 
"<no>"
	"no" Adverb NEG lang:es 00:00:22 00:00:28 tt-472 AF047_1989_CT_SU2011_ER_02 
"<hablas>"
	"hablar" Verb VLfin Pres Indi Sing 2nd lang:es 00:00:22 00:00:28 tt-473 AF047_1989_CT_SU2011_ER_02 
"<español>"
	"español" Noun NC Singular lang:es 00:00:22 00:00:28 tt-474 AF047_1989_CT_SU2011_ER_02 
"<con>"
	"con" Preposition PREP lang:es 00:00:22 00:00:28 tt-475 AF047_1989_CT_SU2011_ER_02 @Gram:Prep ADD:580 
"<tu>"
	"tú" Pronoun PPX Singular lang:es 00:00:22 00:00:28 tt-476 AF047_1989_CT_SU2011_ER_02 @Gram:Det:Pos ADD:425 
"<mamá>"
	"mamá" Noun NC Singular lang:es 00:00:22 00:00:28 tt-477 AF047_1989_CT_SU2011_ER_02 
"<$?>"
	"?" Punctuation FS lang:es 00:00:22 00:00:28 tt-478 AF047_1989_CT_SU2011_ER_02 

"<Aha>"
	"aha" Noun NP Singular lang:es 00:00:28 00:00:29 tt-479 AF047_1989_CT_SU2011_ER_02 
"<$.>"
	"." Punctuation FS lang:es 00:00:28 00:00:29 tt-480 AF047_1989_CT_SU2011_ER_02 

"<No>"
	"no" Adverb NEG lang:es 00:00:28 00:00:29 tt-481 AF047_1989_CT_SU2011_ER_02 
"<$.>"
	"." Punctuation FS lang:es 00:00:28 00:00:29 tt-482 AF047_1989_CT_SU2011_ER_02 

"<$¿>"
	"¿" Punctuation FS lang:es 00:00:29 00:00:31 tt-483 AF047_1989_CT_SU2011_ER_02 
"<Tampoco>"
	"tampoco" Adverb ADV lang:es 00:00:29 00:00:31 tt-484 AF047_1989_CT_SU2011_ER_02 
"<hoy>"
	"hoy" Adverb ADV lang:es 00:00:29 00:00:31 tt-485 AF047_1989_CT_SU2011_ER_02 
"<en>"
	"en" Preposition PREP lang:es 00:00:29 00:00:31 tt-486 AF047_1989_CT_SU2011_ER_02 @Gram:Prep ADD:580 
"<día>"
	"día" Noun NC Singular lang:es 00:00:29 00:00:31 tt-487 AF047_1989_CT_SU2011_ER_02 
"<$?>"
	"?" Punctuation FS lang:es 00:00:29 00:00:31 tt-488 AF047_1989_CT_SU2011_ER_02 

"<Aha>"
	"aha" Noun NP Singular lang:es 00:00:31 00:00:32 tt-489 AF047_1989_CT_SU2011_ER_02 
"<$.>"
	"." Punctuation FS lang:es 00:00:31 00:00:32 tt-490 AF047_1989_CT_SU2011_ER_02 

"<$¿>"
	"¿" Punctuation FS lang:es 00:00:32 00:00:33 tt-491 AF047_1989_CT_SU2011_ER_02 
"<Y>"
	"y" Conjunction CC lang:es 00:00:32 00:00:33 tt-492 AF047_1989_CT_SU2011_ER_02 
"<qué>"
	"qué" Pronoun INT Singular lang:es 00:00:32 00:00:33 tt-493 AF047_1989_CT_SU2011_ER_02 
"<tal>"
	"tal" Determiner QU lang:es 00:00:32 00:00:33 tt-494 AF047_1989_CT_SU2011_ER_02 @Gram:Det:CuantIndef ADD:442 
"<con>"
	"con" Preposition PREP lang:es 00:00:32 00:00:33 tt-495 AF047_1989_CT_SU2011_ER_02 @Gram:Prep ADD:580 
"<tus>"
	"UNK" Noun NC Plural lang:es 00:00:32 00:00:33 tt-496 AF047_1989_CT_SU2011_ER_02 @Gram:Det:Pos ADD:426 
"<abuelos>"
	"abuelo" Noun NC Plural lang:es 00:00:32 00:00:33 tt-497 AF047_1989_CT_SU2011_ER_02 
"<$?>"
	"?" Punctuation FS lang:es 00:00:32 00:00:33 tt-498 AF047_1989_CT_SU2011_ER_02 
</speaker>
<speaker type="subj">

"<Con>"
	"con" Preposition PREP lang:es 00:00:33 00:00:40 tt-499 AF047_1989_CT_SU2011_ER_02 @Gram:Prep ADD:580 
"<mi>"
	"mío" Pronoun PPO Singular lang:es 00:00:33 00:00:40 tt-500 AF047_1989_CT_SU2011_ER_02 @Gram:Det:Pos ADD:425 
"<fa>"
	"UNK" Noun NC Singular lang:es 00:00:33 00:00:40 tt-501 AF047_1989_CT_SU2011_ER_02 
"<...>"
	"..." Punctuation DOTS lang:es 00:00:33 00:00:40 tt-502 AF047_1989_CT_SU2011_ER_02 
"<con>"
	"con" Preposition PREP lang:es 00:00:33 00:00:40 tt-503 AF047_1989_CT_SU2011_ER_02 @Gram:Prep ADD:580 
"<mis>"
	"mío" Pronoun PPO Plural lang:es 00:00:33 00:00:40 tt-504 AF047_1989_CT_SU2011_ER_02 @Gram:Det:Pos SUBSTITUTE:298 ADD:426 
"<abuelos>"
	"abuelo" Noun NC Plural lang:es 00:00:33 00:00:40 tt-505 AF047_1989_CT_SU2011_ER_02 
"<también>"
	"también" Adverb ADV lang:es 00:00:33 00:00:40 tt-506 AF047_1989_CT_SU2011_ER_02 @Prag:MarcadoresDisc:Igualdad ADD:1082 
"<hablo>"
	"hablar" Verb VLfin Pres Indi Sing 1st lang:es 00:00:33 00:00:40 tt-507 AF047_1989_CT_SU2011_ER_02 
"<español>"
	"español" Adjective ADJ Singular lang:es 00:00:33 00:00:40 tt-508 AF047_1989_CT_SU2011_ER_02 
"<$.>"
	"." Punctuation FS lang:es 00:00:33 00:00:40 tt-509 AF047_1989_CT_SU2011_ER_02 
<lang code="en">

"<I>"
	"I" Pronoun PP lang:en 00:00:33 00:00:40 tt-510 AF047_1989_CT_SU2011_ER_02 
"<mean>"
	"mean" Verb VBP lang:en 00:00:33 00:00:40 tt-511 AF047_1989_CT_SU2011_ER_02 
</lang>
"<...>"
	"..." Punctuation DOTS lang:es 00:00:33 00:00:40 tt-512 AF047_1989_CT_SU2011_ER_02 
"<lo>"
	"él" Pronoun PPC Singular lang:es 00:00:33 00:00:40 tt-513 AF047_1989_CT_SU2011_ER_02 @Gram:Pron:Objeto ADD:620 
"<siento>"
	"sentar|sentir" Verb VLfin Pres Indi Sing 1st lang:es 00:00:33 00:00:40 tt-514 AF047_1989_CT_SU2011_ER_02 
"<...>"
	"..." Punctuation DOTS lang:es 00:00:33 00:00:40 tt-515 AF047_1989_CT_SU2011_ER_02 
"<con>"
	"con" Preposition PREP lang:es 00:00:33 00:00:40 tt-516 AF047_1989_CT_SU2011_ER_02 @Gram:Prep ADD:580 
"<mis>"
	"mío" Pronoun PPO Plural lang:es 00:00:33 00:00:40 tt-517 AF047_1989_CT_SU2011_ER_02 @Gram:Det:Pos SUBSTITUTE:298 ADD:426 
"<abuelos>"
	"abuelo" Noun NC Plural lang:es 00:00:40 00:00:41 tt-518 AF047_1989_CT_SU2011_ER_02 
"<hablo>"
	"hablar" Verb VLfin Pres Indi Sing 1st lang:es 00:00:40 00:00:41 tt-519 AF047_1989_CT_SU2011_ER_02 
"<inglés>"
	"inglés" Adjective ADJ Plural lang:es 00:00:40 00:00:41 tt-520 AF047_1989_CT_SU2011_ER_02 
"<$.>"
	"." Punctuation FS lang:es 00:00:40 00:00:41 tt-521 AF047_1989_CT_SU2011_ER_02 
</speaker>
<speaker type="int">

"<$¿>"
	"¿" Punctuation FS lang:es 00:00:41 00:00:43 tt-522 AF047_1989_CT_SU2011_ER_02 
"<Y>"
	"y" Conjunction CC lang:es 00:00:41 00:00:43 tt-523 AF047_1989_CT_SU2011_ER_02 
"<nunca>"
	"nunca" Adverb ADV lang:es 00:00:41 00:00:43 tt-524 AF047_1989_CT_SU2011_ER_02 
"<español>"
	"español" Adjective ADJ Singular lang:es 00:00:41 00:00:43 tt-525 AF047_1989_CT_SU2011_ER_02 
"<$?>"
	"?" Punctuation FS lang:es 00:00:41 00:00:43 tt-526 AF047_1989_CT_SU2011_ER_02 

"<Nunca>"
	"nunca" Adverb ADV lang:es 00:00:43 00:00:44 tt-527 AF047_1989_CT_SU2011_ER_02 
"<$.>"
	"." Punctuation FS lang:es 00:00:43 00:00:44 tt-528 AF047_1989_CT_SU2011_ER_02 

"<$¿>"
	"¿" Punctuation FS lang:es 00:00:44 00:00:48 tt-529 AF047_1989_CT_SU2011_ER_02 
"<Y>"
	"y" Conjunction CC lang:es 00:00:44 00:00:48 tt-530 AF047_1989_CT_SU2011_ER_02 
"<este>"
	"este" Noun NC Singular lang:es 00:00:44 00:00:48 tt-531 AF047_1989_CT_SU2011_ER_02 
"<...>"
	"..." Punctuation DOTS lang:es 00:00:44 00:00:48 tt-532 AF047_1989_CT_SU2011_ER_02 
"<hoy>"
	"hoy" Adverb ADV lang:es 00:00:44 00:00:48 tt-533 AF047_1989_CT_SU2011_ER_02 
"<en>"
	"en" Preposition PREP lang:es 00:00:44 00:00:48 tt-534 AF047_1989_CT_SU2011_ER_02 @Gram:Prep ADD:580 
"<día>"
	"día" Noun NC Singular lang:es 00:00:44 00:00:48 tt-535 AF047_1989_CT_SU2011_ER_02 
"<,>"
	"," Punctuation CM lang:es 00:00:44 00:00:48 tt-536 AF047_1989_CT_SU2011_ER_02 
"<con>"
	"con" Preposition PREP lang:es 00:00:44 00:00:48 tt-537 AF047_1989_CT_SU2011_ER_02 @Gram:Prep ADD:580 
"<quién>"
	"quién" Pronoun INT Singular lang:es 00:00:44 00:00:48 tt-538 AF047_1989_CT_SU2011_ER_02 
"<hablas>"
	"hablar" Verb VLfin Pres Indi Sing 2nd lang:es 00:00:44 00:00:48 tt-539 AF047_1989_CT_SU2011_ER_02 
"<español>"
	"español" Adjective ADJ Singular lang:es 00:00:44 00:00:48 tt-540 AF047_1989_CT_SU2011_ER_02 
"<$?>"
	"?" Punctuation FS lang:es 00:00:44 00:00:48 tt-541 AF047_1989_CT_SU2011_ER_02 
</speaker>
<speaker type="subj">

"<Hoy>"
	"hoy" Adverb ADV lang:es 00:00:48 00:00:55 tt-542 AF047_1989_CT_SU2011_ER_02 
"<día>"
	"día" Adverb ADV lang:es 00:00:48 00:00:55 tt-543 AF047_1989_CT_SU2011_ER_02 
"<uhm>"
	"UNK" Noun NP Singular lang:es 00:00:48 00:00:55 tt-544 AF047_1989_CT_SU2011_ER_02 
"<...>"
	"..." Punctuation DOTS lang:es 00:00:48 00:00:55 tt-545 AF047_1989_CT_SU2011_ER_02 
"<hablo>"
	"hablar" Verb VLfin Pres Indi Sing 1st lang:es 00:00:48 00:00:55 tt-546 AF047_1989_CT_SU2011_ER_02 
"<español>"
	"español" Noun NC Singular lang:es 00:00:48 00:00:55 tt-547 AF047_1989_CT_SU2011_ER_02 
"<con>"
	"con" Preposition PREP lang:es 00:00:48 00:00:55 tt-548 AF047_1989_CT_SU2011_ER_02 @Gram:Prep ADD:580 
"<mi>"
	"mío" Pronoun PPO Singular lang:es 00:00:48 00:00:55 tt-549 AF047_1989_CT_SU2011_ER_02 @Gram:Det:Pos ADD:425 
"<novio>"
	"novio" Noun NC Singular lang:es 00:00:48 00:00:55 tt-550 AF047_1989_CT_SU2011_ER_02 
"<y>"
	"y" Conjunction CC lang:es 00:00:48 00:00:55 tt-551 AF047_1989_CT_SU2011_ER_02 
"<con>"
	"con" Preposition PREP lang:es 00:00:48 00:00:55 tt-552 AF047_1989_CT_SU2011_ER_02 @Gram:Prep ADD:580 
"<mis>"
	"mío" Pronoun PPO Plural lang:es 00:00:48 00:00:55 tt-553 AF047_1989_CT_SU2011_ER_02 @Gram:Det:Pos SUBSTITUTE:298 ADD:426 
"<estudiantes>"
	"estudiante" Noun NC Plural lang:es 00:00:48 00:00:55 tt-554 AF047_1989_CT_SU2011_ER_02 
"<en>"
	"en" Preposition PREP lang:es 00:00:48 00:00:55 tt-555 AF047_1989_CT_SU2011_ER_02 @Gram:Prep ADD:580 
"<escuela>"
	"escuela" Noun NC Singular lang:es 00:00:48 00:00:55 tt-556 AF047_1989_CT_SU2011_ER_02 
"<y>"
	"y" Conjunction CC lang:es 00:00:48 00:00:55 tt-557 AF047_1989_CT_SU2011_ER_02 
"<con>"
	"con" Preposition PREP lang:es 00:00:48 00:00:55 tt-558 AF047_1989_CT_SU2011_ER_02 @Gram:Prep ADD:580 
"<mis>"
	"mío" Pronoun PPO Plural lang:es 00:00:48 00:00:55 tt-559 AF047_1989_CT_SU2011_ER_02 @Gram:Det:Pos SUBSTITUTE:298 ADD:426 
"<profesores>"
	"profesor" Noun NC Plural lang:es 00:00:58 00:00:58 tt-560 AF047_1989_CT_SU2011_ER_02 
"<$.>"
	"." Punctuation FS lang:es 00:00:58 00:00:58 tt-561 AF047_1989_CT_SU2011_ER_02 
</speaker>
<speaker type="int">

"<$¿>"
	"¿" Punctuation FS lang:es 00:00:58 00:01:05 tt-562 AF047_1989_CT_SU2011_ER_02 
"<Y>"
	"y" Conjunction CC lang:es 00:00:58 00:01:05 tt-563 AF047_1989_CT_SU2011_ER_02 
"<este>"
	"este" Determiner DM Singular lang:es 00:00:58 00:01:05 tt-564 AF047_1989_CT_SU2011_ER_02 @Prag:RecuDiscurso:GanarTiempo ADD:1121 
"<...>"
	"..." Punctuation DOTS lang:es 00:00:58 00:01:05 tt-565 AF047_1989_CT_SU2011_ER_02 
"<y>"
	"y" Conjunction CC lang:es 00:00:58 00:01:05 tt-566 AF047_1989_CT_SU2011_ER_02 
"<tú>"
	"tú" Pronoun PPX Singular lang:es 00:00:58 00:01:05 tt-567 AF047_1989_CT_SU2011_ER_02 @Gram:Pron:Sujeto ADD:590 
"<ya>"
	"ya" Conjunction CSUBF lang:es 00:00:58 00:01:05 tt-568 AF047_1989_CT_SU2011_ER_02 
"<que>"
	"que" Conjunction CSUBF lang:es 00:00:58 00:01:05 tt-569 AF047_1989_CT_SU2011_ER_02 
"<viviste>"
	"UNK" Verb VLfin Pret Indi Sing 2nd lang:es 00:00:58 00:01:05 tt-570 AF047_1989_CT_SU2011_ER_02 @Gram:Indefinido ADD:654 
"<en>"
	"en" Preposition PREP lang:es 00:00:58 00:01:05 tt-571 AF047_1989_CT_SU2011_ER_02 @Gram:Prep ADD:580 
"<El>"
	"el" Determiner ART Singular Masc lang:es 00:00:58 00:01:05 tt-572 AF047_1989_CT_SU2011_ER_02 @Gram:Det:Art ID:165 R:Vocab:Entities:Geo:166 ADD:395 ADDRELATION(Vocab:Entities:Geo):1159 
"<Paso>"
	"paso" Noun NC Singular lang:es 00:00:58 00:01:05 tt-573 AF047_1989_CT_SU2011_ER_02 ID:166 
"<,>"
	"," Punctuation CM lang:es 00:00:58 00:01:05 tt-574 AF047_1989_CT_SU2011_ER_02 
"<tú>"
	"tú" Pronoun PPX Singular lang:es 00:00:58 00:01:05 tt-575 AF047_1989_CT_SU2011_ER_02 @Gram:Pron:Sujeto ADD:590 
"<entendías>"
	"entender" Verb VLfin Imp Indi Sing 2nd lang:es 00:00:58 00:01:05 tt-576 AF047_1989_CT_SU2011_ER_02 @Gram:Imperf ADD:645 
"<español>"
	"español" Adjective ADJ Singular lang:es 00:00:58 00:01:05 tt-577 AF047_1989_CT_SU2011_ER_02 
"<,>"
	"," Punctuation CM lang:es 00:00:58 00:01:05 tt-578 AF047_1989_CT_SU2011_ER_02 
"<$¿>"
	"¿" Punctuation FS lang:es 00:00:58 00:01:05 tt-579 AF047_1989_CT_SU2011_ER_02 
"<no>"
	"no" Adverb NEG lang:es 00:00:58 00:01:05 tt-580 AF047_1989_CT_SU2011_ER_02 
"<$?>"
	"?" Punctuation FS lang:es 00:00:58 00:01:05 tt-581 AF047_1989_CT_SU2011_ER_02 

"<O>"
	"o" Adverb ADV lang:es 00:00:58 00:01:05 tt-582 AF047_1989_CT_SU2011_ER_02 ID:175 R:Prag:MarcadoresDisc:Igualdad:176 ADDRELATION(Prag:MarcadoresDisc:Igualdad):1093 
"<sea>"
	"sea" Adverb ADV lang:es 00:00:58 00:01:05 tt-583 AF047_1989_CT_SU2011_ER_02 ID:176 
"<,>"
	"," Punctuation CM lang:es 00:00:58 00:01:05 tt-584 AF047_1989_CT_SU2011_ER_02 
"<pero>"
	"pero" Conjunction CCAD lang:es 00:01:05 00:01:06 tt-585 AF047_1989_CT_SU2011_ER_02 @Prag:MarcadoresDisc:Revision ADD:998 
"<no>"
	"no" Adverb NEG lang:es 00:01:05 00:01:06 tt-586 AF047_1989_CT_SU2011_ER_02 
"<lo>"
	"él" Pronoun PPC Singular lang:es 00:01:05 00:01:06 tt-587 AF047_1989_CT_SU2011_ER_02 @Gram:Pron:Objeto ADD:620 
"<hablabas>"
	"hablar" Verb VLfin Imp Indi Sing 2nd lang:es 00:01:05 00:01:06 tt-588 AF047_1989_CT_SU2011_ER_02 @Gram:Imperf ADD:645 
"<$?>"
	"?" Punctuation FS lang:es 00:01:05 00:01:06 tt-589 AF047_1989_CT_SU2011_ER_02 

"<Aha>"
	"aha" Noun NP Singular lang:es 00:01:06 00:01:08 tt-590 AF047_1989_CT_SU2011_ER_02 
"<$.>"
	"." Punctuation FS lang:es 00:01:06 00:01:08 tt-591 AF047_1989_CT_SU2011_ER_02 

"<Correcto>"
	"correcto" Adjective ADJ Singular lang:es 00:01:06 00:01:08 tt-592 AF047_1989_CT_SU2011_ER_02 
"<$.>"
	"." Punctuation FS lang:es 00:01:06 00:01:08 tt-593 AF047_1989_CT_SU2011_ER_02 

"<$¿>"
	"¿" Punctuation FS lang:es 00:01:08 00:01:14 tt-594 AF047_1989_CT_SU2011_ER_02 
"<Y>"
	"y" Conjunction CC lang:es 00:01:08 00:01:14 tt-595 AF047_1989_CT_SU2011_ER_02 
"<este>"
	"este" Noun NC Singular lang:es 00:01:08 00:01:14 tt-596 AF047_1989_CT_SU2011_ER_02 
"<...>"
	"..." Punctuation DOTS lang:es 00:01:08 00:01:14 tt-597 AF047_1989_CT_SU2011_ER_02 
"<alguna>"
	"alguno" Determiner QU lang:es 00:01:08 00:01:14 tt-598 AF047_1989_CT_SU2011_ER_02 @Gram:Det:CuantIndef ADD:442 
"<vez>"
	"vez" Noun NC Singular lang:es 00:01:08 00:01:14 tt-599 AF047_1989_CT_SU2011_ER_02 
"<te>"
	"tú" Pronoun PPX Singular lang:es 00:01:08 00:01:14 tt-600 AF047_1989_CT_SU2011_ER_02 @Gram:Pron:Objeto ADD:614 
"<...>"
	"..." Punctuation DOTS lang:es 00:01:08 00:01:14 tt-601 AF047_1989_CT_SU2011_ER_02 
"<te>"
	"tú" Pronoun PPX Singular lang:es 00:01:08 00:01:14 tt-602 AF047_1989_CT_SU2011_ER_02 @Gram:Pron:Objeto ADD:614 
"<sentiste>"
	"UNK" Verb VLfin Pret Indi Sing 2nd lang:es 00:01:08 00:01:14 tt-603 AF047_1989_CT_SU2011_ER_02 @Gram:Indefinido ADD:654 
"<incómoda>"
	"incómodo" Adjective ADJ Singular lang:es 00:01:08 00:01:14 tt-604 AF047_1989_CT_SU2011_ER_02 
"<porque>"
	"porque" Conjunction CSUBX lang:es 00:01:08 00:01:14 tt-605 AF047_1989_CT_SU2011_ER_02 @Prag:MarcadoresDisc:Causa ADD:1051 
"<no>"
	"no" Adverb NEG lang:es 00:01:08 00:01:14 tt-606 AF047_1989_CT_SU2011_ER_02 
"<hablabas>"
	"hablar" Verb VLfin Imp Indi Sing 2nd lang:es 00:01:08 00:01:14 tt-607 AF047_1989_CT_SU2011_ER_02 @Gram:Imperf ADD:645 
"<español>"
	"español" Adjective ADJ Singular lang:es 00:01:08 00:01:14 tt-608 AF047_1989_CT_SU2011_ER_02 
"<$?>"
	"?" Punctuation FS lang:es 00:01:08 00:01:14 tt-609 AF047_1989_CT_SU2011_ER_02 
</speaker>
<speaker type="subj">

"<Cuando>"
	"cuando" Conjunction CSUBX lang:es 00:01:14 00:01:21 tt-610 AF047_1989_CT_SU2011_ER_02 
"<...>"
	"..." Punctuation DOTS lang:es 00:01:14 00:01:21 tt-611 AF047_1989_CT_SU2011_ER_02 
"<en>"
	"en" Preposition PREP lang:es 00:01:14 00:01:21 tt-612 AF047_1989_CT_SU2011_ER_02 @Gram:Prep ADD:580 
"<el>"
	"el" Determiner ART Singular Masc lang:es 00:01:14 00:01:21 tt-613 AF047_1989_CT_SU2011_ER_02 @Gram:Det:Art ADD:395 
"<pasado>"
	"pasar" Verb VLadj lang:es 00:01:14 00:01:21 tt-614 AF047_1989_CT_SU2011_ER_02 
"<me>"
	"yo" Pronoun PPX Singular lang:es 00:01:14 00:01:21 tt-615 AF047_1989_CT_SU2011_ER_02 @Gram:Pron:Objeto ADD:614 
"<siento>"
	"sentar|sentir" Verb VLfin Pres Indi Sing 1st lang:es 00:01:14 00:01:21 tt-616 AF047_1989_CT_SU2011_ER_02 
"<vergüenza>"
	"vergüenza" Noun NC Singular lang:es 00:01:14 00:01:21 tt-617 AF047_1989_CT_SU2011_ER_02 
"<$.>"
	"." Punctuation FS lang:es 00:01:14 00:01:21 tt-618 AF047_1989_CT_SU2011_ER_02 
</speaker>
<speaker type="int">

"<$¿>"
	"¿" Punctuation FS lang:es 00:01:22 00:01:23 tt-619 AF047_1989_CT_SU2011_ER_02 
"<Como>"
	"como" Conjunction CSUBX lang:es 00:01:22 00:01:23 tt-620 AF047_1989_CT_SU2011_ER_02 
"<avergonzada>"
	"avergonzar" Verb VLadj lang:es 00:01:22 00:01:23 tt-621 AF047_1989_CT_SU2011_ER_02 
"<$?>"
	"?" Punctuation FS lang:es 00:01:22 00:01:23 tt-622 AF047_1989_CT_SU2011_ER_02 

"<Sí>"
	"sí" Adverb ADV lang:es 00:01:23 00:01:30 tt-623 AF047_1989_CT_SU2011_ER_02 
"<$.>"
	"." Punctuation FS lang:es 00:01:23 00:01:30 tt-624 AF047_1989_CT_SU2011_ER_02 

"<Porque>"
	"porque" Conjunction CSUBX lang:es 00:01:23 00:01:30 tt-625 AF047_1989_CT_SU2011_ER_02 @Prag:MarcadoresDisc:Causa ADD:1051 
"<no>"
	"no" Adverb NEG lang:es 00:01:23 00:01:30 tt-626 AF047_1989_CT_SU2011_ER_02 
"<hablo>"
	"hablar" Verb VLfin Pres Indi Sing 1st lang:es 00:01:23 00:01:30 tt-627 AF047_1989_CT_SU2011_ER_02 
"<español>"
	"español" Noun NC Singular lang:es 00:01:23 00:01:30 tt-628 AF047_1989_CT_SU2011_ER_02 
"<uhm>"
	"UNK" Noun NP Singular lang:es 00:01:23 00:01:30 tt-629 AF047_1989_CT_SU2011_ER_02 
"<...>"
	"..." Punctuation DOTS lang:es 00:01:23 00:01:30 tt-630 AF047_1989_CT_SU2011_ER_02 
"<pero>"
	"pero" Conjunction CCAD lang:es 00:01:23 00:01:30 tt-631 AF047_1989_CT_SU2011_ER_02 @Prag:MarcadoresDisc:Revision ADD:998 
"<siempre>"
	"siempre" Adverb ADV lang:es 00:01:23 00:01:30 tt-632 AF047_1989_CT_SU2011_ER_02 
"<quiere>"
	"querer" Verb VLfin Pres Indi Sing 3rd lang:es 00:01:23 00:01:30 tt-633 AF047_1989_CT_SU2011_ER_02 
"<hablar>"
	"hablar" Verb VLinf Infinitive lang:es 00:01:23 00:01:30 tt-634 AF047_1989_CT_SU2011_ER_02 SUBSTITUTE:309 
"<español>"
	"español" Noun NC Singular lang:es 00:01:23 00:01:30 tt-635 AF047_1989_CT_SU2011_ER_02 
"<,>"
	"," Punctuation CM lang:es 00:01:23 00:01:30 tt-636 AF047_1989_CT_SU2011_ER_02 
"<pero>"
	"pero" Conjunction CCAD lang:es 00:01:23 00:01:30 tt-637 AF047_1989_CT_SU2011_ER_02 @Prag:MarcadoresDisc:Revision ADD:998 
"<tenía>"
	"tener" Verb VLfin Imp Indi Sing 1st_or_3rd lang:es 00:01:23 00:01:30 tt-638 AF047_1989_CT_SU2011_ER_02 @Gram:Imperf ADD:645 
"<miedo>"
	"miedo" Noun NC Singular lang:es 00:01:30 00:01:32 tt-639 AF047_1989_CT_SU2011_ER_02 
"<toda>"
	"todo" Determiner QU lang:es 00:01:30 00:01:32 tt-640 AF047_1989_CT_SU2011_ER_02 
"<mi>"
	"mío" Pronoun PPO Singular lang:es 00:01:30 00:01:32 tt-641 AF047_1989_CT_SU2011_ER_02 @Gram:Det:Pos ADD:425 
"<vida>"
	"vida" Noun NC Singular lang:es 00:01:30 00:01:32 tt-642 AF047_1989_CT_SU2011_ER_02 
"<$.>"
	"." Punctuation FS lang:es 00:01:30 00:01:32 tt-643 AF047_1989_CT_SU2011_ER_02 

"<$¿>"
	"¿" Punctuation FS lang:es 00:01:32 00:01:39 tt-644 AF047_1989_CT_SU2011_ER_02 
"<Y>"
	"y" Conjunction CC lang:es 00:01:32 00:01:39 tt-645 AF047_1989_CT_SU2011_ER_02 
"<tú>"
	"tú" Pronoun PPX Singular lang:es 00:01:32 00:01:39 tt-646 AF047_1989_CT_SU2011_ER_02 @Gram:Pron:Sujeto ADD:590 
"<este>"
	"este" Noun NC Singular lang:es 00:01:32 00:01:39 tt-647 AF047_1989_CT_SU2011_ER_02 
"<...>"
	"..." Punctuation DOTS lang:es 00:01:32 00:01:39 tt-648 AF047_1989_CT_SU2011_ER_02 
"<te>"
	"tú" Pronoun PPX Singular lang:es 00:01:32 00:01:39 tt-649 AF047_1989_CT_SU2011_ER_02 @Gram:Pron:Objeto ADD:614 
"<consideras>"
	"considerar" Verb VLfin Pres Indi Sing 2nd lang:es 00:01:32 00:01:39 tt-650 AF047_1989_CT_SU2011_ER_02 
"<mexicana>"
	"mexicano" Adjective ADJ Singular lang:es 00:01:32 00:01:39 tt-651 AF047_1989_CT_SU2011_ER_02 
"<o>"
	"o" Conjunction CC lang:es 00:01:32 00:01:39 tt-652 AF047_1989_CT_SU2011_ER_02 
"<americana>"
	"americano" Adjective ADJ Singular lang:es 00:01:32 00:01:39 tt-653 AF047_1989_CT_SU2011_ER_02 
"<,>"
	"," Punctuation CM lang:es 00:01:32 00:01:39 tt-654 AF047_1989_CT_SU2011_ER_02 
"<o>"
	"o" Conjunction CC lang:es 00:01:32 00:01:39 tt-655 AF047_1989_CT_SU2011_ER_02 
"<latina>"
	"latino" Adjective ADJ Singular lang:es 00:01:32 00:01:39 tt-656 AF047_1989_CT_SU2011_ER_02 
"<$?>"
	"?" Punctuation FS lang:es 00:01:32 00:01:39 tt-657 AF047_1989_CT_SU2011_ER_02 

"<$¿>"
	"¿" Punctuation FS lang:es 00:01:32 00:01:39 tt-658 AF047_1989_CT_SU2011_ER_02 
"<Cómo>"
	"cómo" Adverb ADV lang:es 00:01:32 00:01:39 tt-659 AF047_1989_CT_SU2011_ER_02 
"<...>"
	"..." Punctuation DOTS lang:es 00:01:32 00:01:39 tt-660 AF047_1989_CT_SU2011_ER_02 
"<cómo>"
	"cómo" Adverb ADV lang:es 00:01:32 00:01:39 tt-661 AF047_1989_CT_SU2011_ER_02 
"<te>"
	"tú" Pronoun PPX Singular lang:es 00:01:32 00:01:39 tt-662 AF047_1989_CT_SU2011_ER_02 @Gram:Pron:Objeto ADD:614 
"<llamas>"
	"llamar" Verb VLfin Pres Indi Sing 2nd lang:es 00:01:42 00:01:43 tt-663 AF047_1989_CT_SU2011_ER_02 
"<tú>"
	"tú" Pronoun PPX Singular lang:es 00:01:42 00:01:43 tt-664 AF047_1989_CT_SU2011_ER_02 @Gram:Pron:Sujeto ADD:590 
"<$?>"
	"?" Punctuation FS lang:es 00:01:42 00:01:43 tt-665 AF047_1989_CT_SU2011_ER_02 
</speaker>
<speaker type="subj">

"<Uhm>"
	"UNK" Noun NP Singular lang:es 00:01:43 00:01:50 tt-666 AF047_1989_CT_SU2011_ER_02 
"<...>"
	"..." Punctuation DOTS lang:es 00:01:43 00:01:50 tt-667 AF047_1989_CT_SU2011_ER_02 
"<me>"
	"yo" Pronoun PPX Singular lang:es 00:01:43 00:01:50 tt-668 AF047_1989_CT_SU2011_ER_02 @Gram:Pron:Objeto ADD:614 
"<siento>"
	"sentar|sentir" Verb VLfin Pres Indi Sing 1st lang:es 00:01:43 00:01:50 tt-669 AF047_1989_CT_SU2011_ER_02 
"<mexicana-americana>"
	"UNK" Adjective ADJ Singular lang:es 00:01:43 00:01:50 tt-670 AF047_1989_CT_SU2011_ER_02 
"<,>"
	"," Punctuation CM lang:es 00:01:43 00:01:50 tt-671 AF047_1989_CT_SU2011_ER_02 
"<pero>"
	"pero" Conjunction CCAD lang:es 00:01:43 00:01:50 tt-672 AF047_1989_CT_SU2011_ER_02 @Prag:MarcadoresDisc:Revision ADD:998 
"<yo>"
	"yo" Pronoun PPX Singular lang:es 00:01:43 00:01:50 tt-673 AF047_1989_CT_SU2011_ER_02 @Gram:Pron:Sujeto ADD:590 
"<sé>"
	"saber|ser" Verb VLfin Pres Indi Sing 1st lang:es 00:01:43 00:01:50 tt-674 AF047_1989_CT_SU2011_ER_02 
"<que>"
	"que" Conjunction CQUE lang:es 00:01:43 00:01:50 tt-675 AF047_1989_CT_SU2011_ER_02 
"<más>"
	"más" Adverb ADV lang:es 00:01:43 00:01:50 tt-676 AF047_1989_CT_SU2011_ER_02 
"<americana>"
	"americano" Adjective ADJ Singular lang:es 00:01:43 00:01:50 tt-677 AF047_1989_CT_SU2011_ER_02 
"<para>"
	"para" Preposition PREP lang:es 00:01:43 00:01:50 tt-678 AF047_1989_CT_SU2011_ER_02 @Gram:Prep:Para SUBSTITUTE:325 ADD:544 
"<mí>"
	"yo" Pronoun PPX Singular lang:es 00:01:43 00:01:50 tt-679 AF047_1989_CT_SU2011_ER_02 
"<porque>"
	"porque" Conjunction CSUBX lang:es 00:01:43 00:01:50 tt-680 AF047_1989_CT_SU2011_ER_02 @Prag:MarcadoresDisc:Causa ADD:1051 
"<la>"
	"el" Determiner ART Singular Fem lang:es 00:01:53 00:02:00 tt-681 AF047_1989_CT_SU2011_ER_02 @Gram:Det:Art ADD:395 
"<mayoría>"
	"mayoría" Noun NC Singular lang:es 00:01:53 00:02:00 tt-682 AF047_1989_CT_SU2011_ER_02 
"<de>"
	"de" Preposition PREP lang:es 00:01:53 00:02:00 tt-683 AF047_1989_CT_SU2011_ER_02 @Gram:Prep ADD:580 
"<mi>"
	"mío" Pronoun PPO Singular lang:es 00:01:53 00:02:00 tt-684 AF047_1989_CT_SU2011_ER_02 @Gram:Det:Pos ADD:425 
"<vida>"
	"vida" Noun NC Singular lang:es 00:01:53 00:02:00 tt-685 AF047_1989_CT_SU2011_ER_02 
"<hablo>"
	"hablar" Verb VLfin Pres Indi Sing 1st lang:es 00:01:53 00:02:00 tt-686 AF047_1989_CT_SU2011_ER_02 
"<inglés>"
	"inglés" Adjective ADJ Plural lang:es 00:01:53 00:02:00 tt-687 AF047_1989_CT_SU2011_ER_02 
"<,>"
	"," Punctuation CM lang:es 00:01:53 00:02:00 tt-688 AF047_1989_CT_SU2011_ER_02 
"<pero>"
	"pero" Conjunction CCAD lang:es 00:01:53 00:02:00 tt-689 AF047_1989_CT_SU2011_ER_02 @Prag:MarcadoresDisc:Revision ADD:998 
"<adentro>"
	"adentro" Adverb ADV lang:es 00:01:53 00:02:00 tt-690 AF047_1989_CT_SU2011_ER_02 
"<siento>"
	"sentar|sentir" Verb VLfin Pres Indi Sing 1st lang:es 00:01:53 00:02:00 tt-691 AF047_1989_CT_SU2011_ER_02 
"<mexicana-americana>"
	"UNK" Adjective ADJ Singular lang:es 00:01:53 00:02:00 tt-692 AF047_1989_CT_SU2011_ER_02 
"<$.>"
	"." Punctuation FS lang:es 00:01:53 00:02:00 tt-693 AF047_1989_CT_SU2011_ER_02 
</speaker>
</text>

