<text id="AF047_1989_CT_SU2011_ER_01">
<speaker type="subj">
"<Hola>"
	"hola" Noun NP Singular lang:es 00:00:00 00:00:02 tt-7 AF047_1989_CT_SU2011_ER_01 
"<$.>"
	"." Punctuation FS lang:es 00:00:00 00:00:02 tt-8 AF047_1989_CT_SU2011_ER_01 

"<Bien>"
	"bien" Adverb ADV lang:es 00:00:00 00:00:02 tt-9 AF047_1989_CT_SU2011_ER_01 
"<,>"
	"," Punctuation CM lang:es 00:00:00 00:00:02 tt-10 AF047_1989_CT_SU2011_ER_01 
"<$¿>"
	"¿" Punctuation FS lang:es 00:00:00 00:00:02 tt-11 AF047_1989_CT_SU2011_ER_01 
"<y>"
	"y" Conjunction CC lang:es 00:00:00 00:00:02 tt-12 AF047_1989_CT_SU2011_ER_01 
"<usted>"
	"usted" Pronoun PPX Singular lang:es 00:00:00 00:00:02 tt-13 AF047_1989_CT_SU2011_ER_01 @Gram:Pron:Sujeto 
"<$?>"
	"?" Punctuation FS lang:es 00:00:00 00:00:02 tt-14 AF047_1989_CT_SU2011_ER_01 
</speaker>
<speaker type="int">

"<Bien>"
	"bien" Adverb ADV lang:es 00:00:02 00:00:05 tt-15 AF047_1989_CT_SU2011_ER_01 
"<bien>"
	"bien" Adverb ADV lang:es 00:00:02 00:00:05 tt-16 AF047_1989_CT_SU2011_ER_01 
"<$.>"
	"." Punctuation FS lang:es 00:00:02 00:00:05 tt-17 AF047_1989_CT_SU2011_ER_01 

"<$¿>"
	"¿" Punctuation FS lang:es 00:00:02 00:00:05 tt-18 AF047_1989_CT_SU2011_ER_01 
"<Y>"
	"y" Conjunction CC lang:es 00:00:02 00:00:05 tt-19 AF047_1989_CT_SU2011_ER_01 
"<cuál>"
	"cuál" Pronoun INT Singular lang:es 00:00:02 00:00:05 tt-20 AF047_1989_CT_SU2011_ER_01 
"<es>"
	"ser" Verb VSfin Pres Indi Sing 3rd lang:es 00:00:02 00:00:05 tt-21 AF047_1989_CT_SU2011_ER_01 @Gram:SerEstar:Ser 
"<tu>"
	"tú" Pronoun PPX Singular lang:es 00:00:02 00:00:05 tt-22 AF047_1989_CT_SU2011_ER_01 @Gram:Det:Pos 
"<nombre>"
	"nombre" Noun NC Singular lang:es 00:00:02 00:00:05 tt-23 AF047_1989_CT_SU2011_ER_01 
"<$?>"
	"?" Punctuation FS lang:es 00:00:02 00:00:05 tt-24 AF047_1989_CT_SU2011_ER_01 
</speaker>
<speaker type="subj">

"<Mi>"
	"mío" Pronoun PPO Singular lang:es 00:00:05 00:00:06 tt-25 AF047_1989_CT_SU2011_ER_01 @Gram:Det:Pos 
"<nombre>"
	"nombre" Noun NC Singular lang:es 00:00:05 00:00:06 tt-26 AF047_1989_CT_SU2011_ER_01 
"<es>"
	"ser" Verb VSfin Pres Indi Sing 3rd lang:es 00:00:05 00:00:06 tt-27 AF047_1989_CT_SU2011_ER_01 @Gram:SerEstar:Ser 
"<Sara>"
	"Sara" Noun NP Singular lang:es 00:00:05 00:00:06 tt-28 AF047_1989_CT_SU2011_ER_01 
"<$.>"
	"." Punctuation FS lang:es 00:00:05 00:00:06 tt-29 AF047_1989_CT_SU2011_ER_01 
</speaker>
<speaker type="int">

"<$¿>"
	"¿" Punctuation FS lang:es 00:00:06 00:00:09 tt-30 AF047_1989_CT_SU2011_ER_01 
"<Y>"
	"y" Conjunction CC lang:es 00:00:06 00:00:09 tt-31 AF047_1989_CT_SU2011_ER_01 
"<cuántos>"
	"UNK" Noun NC Plural lang:es 00:00:06 00:00:09 tt-32 AF047_1989_CT_SU2011_ER_01 
"<años>"
	"año" Noun NC Plural lang:es 00:00:06 00:00:09 tt-33 AF047_1989_CT_SU2011_ER_01 
"<tienes>"
	"tener" Verb VLfin Pres Indi Sing 2nd lang:es 00:00:06 00:00:09 tt-34 AF047_1989_CT_SU2011_ER_01 
"<,>"
	"," Punctuation CM lang:es 00:00:06 00:00:09 tt-35 AF047_1989_CT_SU2011_ER_01 
"<Sara>"
	"Sara" Noun NP Singular lang:es 00:00:06 00:00:09 tt-36 AF047_1989_CT_SU2011_ER_01 
"<$?>"
	"?" Punctuation FS lang:es 00:00:06 00:00:09 tt-37 AF047_1989_CT_SU2011_ER_01 
</speaker>
<speaker type="subj">

"<Yo>"
	"yo" Pronoun PPX Singular lang:es 00:00:09 00:00:11 tt-38 AF047_1989_CT_SU2011_ER_01 @Gram:Pron:Sujeto 
"<tengo>"
	"tener" Verb VLfin Pres Indi Sing 1st lang:es 00:00:09 00:00:11 tt-39 AF047_1989_CT_SU2011_ER_01 
"<veintidós>"
	"veintidós" Determiner CARD Plural lang:es 00:00:09 00:00:11 tt-40 AF047_1989_CT_SU2011_ER_01 
"<años>"
	"año" Noun NC Plural lang:es 00:00:09 00:00:11 tt-41 AF047_1989_CT_SU2011_ER_01 
"<$.>"
	"." Punctuation FS lang:es 00:00:09 00:00:11 tt-42 AF047_1989_CT_SU2011_ER_01 
</speaker>
<speaker type="int">

"<Y>"
	"Y" Other ALFS lang:es 00:00:11 00:00:14 tt-43 AF047_1989_CT_SU2011_ER_01 
"<este>"
	"este" Noun NC Singular lang:es 00:00:11 00:00:14 tt-44 AF047_1989_CT_SU2011_ER_01 
"<...>"
	"..." Punctuation DOTS lang:es 00:00:11 00:00:14 tt-45 AF047_1989_CT_SU2011_ER_01 
"<$¿>"
	"¿" Punctuation FS lang:es 00:00:11 00:00:14 tt-46 AF047_1989_CT_SU2011_ER_01 
"<de>"
	"de" Preposition PREP lang:es 00:00:11 00:00:14 tt-47 AF047_1989_CT_SU2011_ER_01 @Gram:Prep 
"<dónde>"
	"dónde" Adverb ADV lang:es 00:00:11 00:00:14 tt-48 AF047_1989_CT_SU2011_ER_01 
"<eres>"
	"ser" Verb VSfin Pres Indi Sing 2nd lang:es 00:00:11 00:00:14 tt-49 AF047_1989_CT_SU2011_ER_01 @Gram:SerEstar:Ser 
"<tú>"
	"tú" Pronoun PPX Singular lang:es 00:00:11 00:00:14 tt-50 AF047_1989_CT_SU2011_ER_01 @Gram:Pron:Sujeto 
"<,>"
	"," Punctuation CM lang:es 00:00:11 00:00:14 tt-51 AF047_1989_CT_SU2011_ER_01 
"<Sara>"
	"Sara" Noun NP Singular lang:es 00:00:11 00:00:14 tt-52 AF047_1989_CT_SU2011_ER_01 
"<$?>"
	"?" Punctuation FS lang:es 00:00:11 00:00:14 tt-53 AF047_1989_CT_SU2011_ER_01 
</speaker>
<speaker type="subj">

"<Soy>"
	"ser" Verb VSfin Pres Indi Sing 1st lang:es 00:00:14 00:00:21 tt-54 AF047_1989_CT_SU2011_ER_01 @Gram:SerEstar:Ser 
"<de>"
	"de" Preposition PREP lang:es 00:00:14 00:00:21 tt-55 AF047_1989_CT_SU2011_ER_01 @Gram:Prep 
"<El>"
	"el" Determiner ART Singular lang:es 00:00:14 00:00:21 tt-56 AF047_1989_CT_SU2011_ER_01 @Gram:Det:Art ID:50 R:Vocab:Entities:Geo:51 
"<Paso>"
	"paso" Noun NC Singular lang:es 00:00:14 00:00:21 tt-57 AF047_1989_CT_SU2011_ER_01 ID:51 
"<,>"
	"," Punctuation CM lang:es 00:00:14 00:00:21 tt-58 AF047_1989_CT_SU2011_ER_01 
"<Tejas>"
	"UNK" Noun NP Plural lang:es 00:00:14 00:00:21 tt-59 AF047_1989_CT_SU2011_ER_01 
"<,>"
	"," Punctuation CM lang:es 00:00:14 00:00:21 tt-60 AF047_1989_CT_SU2011_ER_01 
"<y>"
	"y" Conjunction CC lang:es 00:00:14 00:00:21 tt-61 AF047_1989_CT_SU2011_ER_01 
"<nació>"
	"nacer" Verb VLfin Pret Indi Sing 3rd lang:es 00:00:14 00:00:21 tt-62 AF047_1989_CT_SU2011_ER_01 @Gram:Indefinido 
"<en>"
	"en" Preposition PREP lang:es 00:00:14 00:00:21 tt-63 AF047_1989_CT_SU2011_ER_01 @Gram:Prep 
"<El>"
	"el" Determiner ART Singular lang:es 00:00:14 00:00:21 tt-64 AF047_1989_CT_SU2011_ER_01 @Gram:Det:Art ID:58 R:Vocab:Entities:Geo:59 
"<Paso>"
	"paso" Noun NC Singular lang:es 00:00:14 00:00:21 tt-65 AF047_1989_CT_SU2011_ER_01 ID:59 
"<y>"
	"y" Conjunction CC lang:es 00:00:14 00:00:21 tt-66 AF047_1989_CT_SU2011_ER_01 
"<,>"
	"," Punctuation CM lang:es 00:00:14 00:00:21 tt-67 AF047_1989_CT_SU2011_ER_01 
"<pero>"
	"pero" Conjunction CCAD lang:es 00:00:14 00:00:21 tt-68 AF047_1989_CT_SU2011_ER_01 @Prag:MarcadoresDisc:Revision 
"<también>"
	"también" Adverb ADV lang:es 00:00:14 00:00:21 tt-69 AF047_1989_CT_SU2011_ER_01 @Prag:MarcadoresDisc:Igualdad 
"<cuando>"
	"cuando" Conjunction CSUBX lang:es 00:00:14 00:00:21 tt-70 AF047_1989_CT_SU2011_ER_01 
"<era>"
	"ser" Verb VEfin Imp Indi Sing 1st_or_3rd lang:es 00:00:14 00:00:21 tt-71 AF047_1989_CT_SU2011_ER_01 @Gram:Imperf @Gram:SerEstar:Ser 
"<niña>"
	"niño" Noun NC Singular lang:es 00:00:14 00:00:21 tt-72 AF047_1989_CT_SU2011_ER_01 
"<vive>"
	"vivir" Verb VLfin Pres Indi Sing 3rd lang:es 00:00:14 00:00:21 tt-73 AF047_1989_CT_SU2011_ER_01 
"<en>"
	"en" Preposition PREP lang:es 00:00:22 00:00:23 tt-74 AF047_1989_CT_SU2011_ER_01 @Gram:Prep 
"<Austin>"
	"Austin" Noun NP Singular lang:es 00:00:22 00:00:23 tt-75 AF047_1989_CT_SU2011_ER_01 
"<también>"
	"también" Adverb ADV lang:es 00:00:22 00:00:23 tt-76 AF047_1989_CT_SU2011_ER_01 @Prag:MarcadoresDisc:Igualdad 
"<$.>"
	"." Punctuation FS lang:es 00:00:22 00:00:23 tt-77 AF047_1989_CT_SU2011_ER_01 
</speaker>
<speaker type="int">

"<Y>"
	"Y" Other ALFS lang:es 00:00:23 00:00:27 tt-78 AF047_1989_CT_SU2011_ER_01 
"<este>"
	"este" Noun NC Singular lang:es 00:00:23 00:00:27 tt-79 AF047_1989_CT_SU2011_ER_01 
"<...>"
	"..." Punctuation DOTS lang:es 00:00:23 00:00:27 tt-80 AF047_1989_CT_SU2011_ER_01 
"<$¿>"
	"¿" Punctuation FS lang:es 00:00:23 00:00:27 tt-81 AF047_1989_CT_SU2011_ER_01 
"<y>"
	"y" Conjunction CC lang:es 00:00:23 00:00:27 tt-82 AF047_1989_CT_SU2011_ER_01 
"<tu>"
	"tú" Pronoun PPX Singular lang:es 00:00:23 00:00:27 tt-83 AF047_1989_CT_SU2011_ER_01 @Gram:Det:Pos 
"<familia>"
	"familia" Noun NC Singular lang:es 00:00:23 00:00:27 tt-84 AF047_1989_CT_SU2011_ER_01 
"<es>"
	"ser" Verb VSfin Pres Indi Sing 3rd lang:es 00:00:23 00:00:27 tt-85 AF047_1989_CT_SU2011_ER_01 @Gram:SerEstar:Ser 
"<mexicana>"
	"mexicano" Adjective ADJ Singular lang:es 00:00:23 00:00:27 tt-86 AF047_1989_CT_SU2011_ER_01 
"<$?>"
	"?" Punctuation FS lang:es 00:00:23 00:00:27 tt-87 AF047_1989_CT_SU2011_ER_01 

"<Sí>"
	"sí" Adverb ADV lang:es 00:00:27 00:00:28 tt-88 AF047_1989_CT_SU2011_ER_01 
"<$.>"
	"." Punctuation FS lang:es 00:00:27 00:00:28 tt-89 AF047_1989_CT_SU2011_ER_01 

"<$¿>"
	"¿" Punctuation FS lang:es 00:00:28 00:00:35 tt-90 AF047_1989_CT_SU2011_ER_01 
"<Y>"
	"y" Conjunction CC lang:es 00:00:28 00:00:35 tt-91 AF047_1989_CT_SU2011_ER_01 
"<este>"
	"este" Noun NC Singular lang:es 00:00:28 00:00:35 tt-92 AF047_1989_CT_SU2011_ER_01 
"<...>"
	"..." Punctuation DOTS lang:es 00:00:28 00:00:35 tt-93 AF047_1989_CT_SU2011_ER_01 
"<tú>"
	"tú" Pronoun PPX Singular lang:es 00:00:28 00:00:35 tt-94 AF047_1989_CT_SU2011_ER_01 @Gram:Pron:Sujeto 
"<eres>"
	"ser" Verb VSfin Pres Indi Sing 2nd lang:es 00:00:28 00:00:35 tt-95 AF047_1989_CT_SU2011_ER_01 @Gram:SerEstar:Ser 
"<de>"
	"de" Preposition PREP lang:es 00:00:28 00:00:35 tt-96 AF047_1989_CT_SU2011_ER_01 @Gram:Prep 
"<qué>"
	"qué" Pronoun INT Singular lang:es 00:00:28 00:00:35 tt-97 AF047_1989_CT_SU2011_ER_01 
"<generación>"
	"generación" Noun NC Singular lang:es 00:00:28 00:00:35 tt-98 AF047_1989_CT_SU2011_ER_01 
"<$?>"
	"?" Punctuation FS lang:es 00:00:28 00:00:35 tt-99 AF047_1989_CT_SU2011_ER_01 

"<O>"
	"o" Adverb ADV lang:es 00:00:28 00:00:35 tt-100 AF047_1989_CT_SU2011_ER_01 ID:94 R:Prag:MarcadoresDisc:Igualdad:95 
"<sea>"
	"sea" Adverb ADV lang:es 00:00:28 00:00:35 tt-101 AF047_1989_CT_SU2011_ER_01 ID:95 
"<,>"
	"," Punctuation CM lang:es 00:00:28 00:00:35 tt-102 AF047_1989_CT_SU2011_ER_01 
"<eres>"
	"ser" Verb VSfin Pres Indi Sing 2nd lang:es 00:00:28 00:00:35 tt-103 AF047_1989_CT_SU2011_ER_01 @Gram:SerEstar:Ser 
"<de>"
	"de" Preposition PREP lang:es 00:00:28 00:00:35 tt-104 AF047_1989_CT_SU2011_ER_01 @Gram:Prep 
"<segunda>"
	"segundo" Adjective ORD Singular lang:es 00:00:28 00:00:35 tt-105 AF047_1989_CT_SU2011_ER_01 
"<,>"
	"," Punctuation CM lang:es 00:00:28 00:00:35 tt-106 AF047_1989_CT_SU2011_ER_01 
"<o>"
	"o" Conjunction CC lang:es 00:00:28 00:00:35 tt-107 AF047_1989_CT_SU2011_ER_01 
"<tercera>"
	"tercero" Adjective ORD Singular lang:es 00:00:28 00:00:35 tt-108 AF047_1989_CT_SU2011_ER_01 
"<generación>"
	"generación" Noun NC Singular lang:es 00:00:28 00:00:35 tt-109 AF047_1989_CT_SU2011_ER_01 
"<$?>"
	"?" Punctuation FS lang:es 00:00:28 00:00:35 tt-110 AF047_1989_CT_SU2011_ER_01 

"<O>"
	"o" Conjunction CC lang:es 00:00:35 00:00:37 tt-111 AF047_1989_CT_SU2011_ER_01 
"<por>"
	"por" Preposition PREP lang:es 00:00:35 00:00:37 tt-112 AF047_1989_CT_SU2011_ER_01 @Gram:Prep:Por ID:106 R:Prag:MarcadoresDisc:Igualdad:107 
"<ejemplo>"
	"ejemplo" Adverb ADV lang:es 00:00:35 00:00:37 tt-113 AF047_1989_CT_SU2011_ER_01 ID:107 
"<tu>"
	"tú" Pronoun PPX Singular lang:es 00:00:35 00:00:37 tt-114 AF047_1989_CT_SU2011_ER_01 @Gram:Det:Pos 
"<mamá>"
	"mamá" Noun NC Singular lang:es 00:00:35 00:00:37 tt-115 AF047_1989_CT_SU2011_ER_01 
"<...>"
	"..." Punctuation DOTS lang:es 00:00:35 00:00:37 tt-116 AF047_1989_CT_SU2011_ER_01 
</speaker>
<speaker type="subj">
"<$¿>"
	"¿" Punctuation FS lang:es 00:00:37 00:00:37 tt-117 AF047_1989_CT_SU2011_ER_01 
"<En>"
	"en" Preposition PREP lang:es 00:00:37 00:00:37 tt-118 AF047_1989_CT_SU2011_ER_01 @Gram:Prep 
"<los>"
	"el" Determiner ART Plural lang:es 00:00:37 00:00:37 tt-119 AF047_1989_CT_SU2011_ER_01 @Gram:Det:Art 
"<Estados>"
	"Estados" Noun NP Plural lang:es 00:00:37 00:00:37 tt-120 AF047_1989_CT_SU2011_ER_01 ID:114 R:Vocab:Entities:Geo:115 
"<Unidos>"
	"Unidos" Noun NP Plural lang:es 00:00:37 00:00:37 tt-121 AF047_1989_CT_SU2011_ER_01 ID:115 
"<$?>"
	"?" Punctuation FS lang:es 00:00:37 00:00:37 tt-122 AF047_1989_CT_SU2011_ER_01 
</speaker>
<speaker type="int">

"<Sí>"
	"sí" Adverb ADV lang:es 00:00:37 00:00:41 tt-123 AF047_1989_CT_SU2011_ER_01 
"<$.>"
	"." Punctuation FS lang:es 00:00:37 00:00:41 tt-124 AF047_1989_CT_SU2011_ER_01 

"<$¿>"
	"¿" Punctuation FS lang:es 00:00:37 00:00:41 tt-125 AF047_1989_CT_SU2011_ER_01 
"<Tu>"
	"tú" Pronoun PPX Singular lang:es 00:00:37 00:00:41 tt-126 AF047_1989_CT_SU2011_ER_01 @Gram:Det:Pos 
"<mamá>"
	"mamá" Noun NC Singular lang:es 00:00:37 00:00:41 tt-127 AF047_1989_CT_SU2011_ER_01 
"<nación>"
	"nación" Noun NC Singular lang:es 00:00:37 00:00:41 tt-128 AF047_1989_CT_SU2011_ER_01 
"<en>"
	"en" Preposition PREP lang:es 00:00:37 00:00:41 tt-129 AF047_1989_CT_SU2011_ER_01 @Gram:Prep 
"<México>"
	"México" Noun NP Singular lang:es 00:00:37 00:00:41 tt-130 AF047_1989_CT_SU2011_ER_01 
"<o>"
	"o" Conjunction CC lang:es 00:00:37 00:00:41 tt-131 AF047_1989_CT_SU2011_ER_01 
"<Estados>"
	"Estados" Noun NP Plural lang:es 00:00:37 00:00:41 tt-132 AF047_1989_CT_SU2011_ER_01 ID:126 R:Vocab:Entities:Geo:127 
"<Unidos>"
	"Unidos" Noun NP Plural lang:es 00:00:37 00:00:41 tt-133 AF047_1989_CT_SU2011_ER_01 ID:127 
"<$?>"
	"?" Punctuation FS lang:es 00:00:37 00:00:41 tt-134 AF047_1989_CT_SU2011_ER_01 
</speaker>
<speaker type="subj">

"<Uhm>"
	"UNK" Noun NP Singular lang:es 00:00:41 00:00:45 tt-135 AF047_1989_CT_SU2011_ER_01 
"<...>"
	"..." Punctuation DOTS lang:es 00:00:41 00:00:45 tt-136 AF047_1989_CT_SU2011_ER_01 
"<creo>"
	"crear|creer" Verb VLfin Pres Indi Sing 1st lang:es 00:00:41 00:00:45 tt-137 AF047_1989_CT_SU2011_ER_01 
"<que>"
	"que" Conjunction CQUE lang:es 00:00:41 00:00:45 tt-138 AF047_1989_CT_SU2011_ER_01 
"<estoy>"
	"estar" Verb VEfin Pres Indi Sing 1st lang:es 00:00:41 00:00:45 tt-139 AF047_1989_CT_SU2011_ER_01 @Gram:SerEstar:Estar 
"<el>"
	"el" Determiner ART Singular lang:es 00:00:41 00:00:45 tt-140 AF047_1989_CT_SU2011_ER_01 @Gram:Det:Art 
"<tercer>"
	"tercero" Adjective ORD Singular lang:es 00:00:41 00:00:45 tt-141 AF047_1989_CT_SU2011_ER_01 Gram:Adj:Ord 
"<generación>"
	"generación" Noun NC Singular lang:es 00:00:41 00:00:45 tt-142 AF047_1989_CT_SU2011_ER_01 
"<$.>"
	"." Punctuation FS lang:es 00:00:41 00:00:45 tt-143 AF047_1989_CT_SU2011_ER_01 
</speaker>
<speaker type="int">

"<$¿>"
	"¿" Punctuation FS lang:es 00:00:45 00:00:47 tt-144 AF047_1989_CT_SU2011_ER_01 
"<Dónde>"
	"dónde" Adverb ADV lang:es 00:00:45 00:00:47 tt-145 AF047_1989_CT_SU2011_ER_01 
"<nacieron>"
	"nacer" Verb VLfin Pret Indi Plural 3rd lang:es 00:00:45 00:00:47 tt-146 AF047_1989_CT_SU2011_ER_01 @Gram:Indefinido 
"<tus>"
	"UNK" Noun NC Plural lang:es 00:00:45 00:00:47 tt-147 AF047_1989_CT_SU2011_ER_01 @Gram:Det:Pos 
"<abuelos>"
	"abuelo" Noun NC Plural lang:es 00:00:45 00:00:47 tt-148 AF047_1989_CT_SU2011_ER_01 
"<$?>"
	"?" Punctuation FS lang:es 00:00:45 00:00:47 tt-149 AF047_1989_CT_SU2011_ER_01 
</speaker>
<speaker type="subj">

"<En>"
	"en" Preposition PREP lang:es 00:00:47 00:00:50 tt-150 AF047_1989_CT_SU2011_ER_01 @Gram:Prep 
"<los>"
	"el" Determiner ART Plural lang:es 00:00:47 00:00:50 tt-151 AF047_1989_CT_SU2011_ER_01 @Gram:Det:Art 
"<Estados>"
	"Estados" Noun NP Plural lang:es 00:00:47 00:00:50 tt-152 AF047_1989_CT_SU2011_ER_01 ID:146 R:Vocab:Entities:Geo:147 
"<Unidos>"
	"Unidos" Noun NP Plural lang:es 00:00:47 00:00:50 tt-153 AF047_1989_CT_SU2011_ER_01 ID:147 
"<$.>"
	"." Punctuation FS lang:es 00:00:47 00:00:50 tt-154 AF047_1989_CT_SU2011_ER_01 
</speaker>
<speaker type="int">

"<Ah>"
	"ah" Other UH lang:en 00:00:50 00:00:55 tt-155 AF047_1989_CT_SU2011_ER_01 
"<,>"
	"," Punctuation CM lang:es 00:00:50 00:00:55 tt-156 AF047_1989_CT_SU2011_ER_01 
"<entonces>"
	"entonces" Adverb ADV lang:es 00:00:50 00:00:55 tt-157 AF047_1989_CT_SU2011_ER_01 
"<sí>"
	"sí" Adverb ADV lang:es 00:00:50 00:00:55 tt-158 AF047_1989_CT_SU2011_ER_01 
"<eres>"
	"ser" Verb VSfin Pres Indi Sing 2nd lang:es 00:00:50 00:00:55 tt-159 AF047_1989_CT_SU2011_ER_01 @Gram:SerEstar:Ser 
"<la>"
	"el" Determiner ART Singular lang:es 00:00:50 00:00:55 tt-160 AF047_1989_CT_SU2011_ER_01 @Gram:Det:Art 
"<tercera>"
	"tercero" Adjective ORD Singular lang:es 00:00:50 00:00:55 tt-161 AF047_1989_CT_SU2011_ER_01 Gram:Adj:Ord 
"<generación>"
	"generación" Noun NC Singular lang:es 00:00:50 00:00:55 tt-162 AF047_1989_CT_SU2011_ER_01 
"<$.>"
	"." Punctuation FS lang:es 00:00:50 00:00:55 tt-163 AF047_1989_CT_SU2011_ER_01 

"<Y>"
	"y" Conjunction CC lang:es 00:00:50 00:00:55 tt-164 AF047_1989_CT_SU2011_ER_01 
"<este>"
	"este" Noun NC Singular lang:es 00:00:50 00:00:55 tt-165 AF047_1989_CT_SU2011_ER_01 
"<...>"
	"..." Punctuation DOTS lang:es 00:00:50 00:00:55 tt-166 AF047_1989_CT_SU2011_ER_01 
"<oye>"
	"oír" Verb VLfin Pres Indi_Command Sing 2nd_3rd lang:es 00:00:50 00:00:55 tt-167 AF047_1989_CT_SU2011_ER_01 
"<,>"
	"," Punctuation CM lang:es 00:00:50 00:00:55 tt-168 AF047_1989_CT_SU2011_ER_01 
"<$¿>"
	"¿" Punctuation FS lang:es 00:00:50 00:00:55 tt-169 AF047_1989_CT_SU2011_ER_01 
"<y>"
	"y" Conjunction CC lang:es 00:00:50 00:00:55 tt-170 AF047_1989_CT_SU2011_ER_01 
"<tú>"
	"tú" Pronoun PPX Singular lang:es 00:00:50 00:00:55 tt-171 AF047_1989_CT_SU2011_ER_01 @Gram:Pron:Sujeto 
"<estudiaste>"
	"estudiar" Verb VLfin Pret Indi Sing 2nd lang:es 00:00:50 00:00:55 tt-172 AF047_1989_CT_SU2011_ER_01 @Gram:Indefinido 
"<toda>"
	"todo" Determiner QU lang:es 00:00:50 00:00:55 tt-173 AF047_1989_CT_SU2011_ER_01 
"<tu>"
	"tú" Pronoun PPX Singular lang:es 00:00:50 00:00:55 tt-174 AF047_1989_CT_SU2011_ER_01 @Gram:Det:Pos 
"<vida>"
	"vida" Noun NC Singular lang:es 00:00:50 00:00:55 tt-175 AF047_1989_CT_SU2011_ER_01 
"<en>"
	"en" Preposition PREP lang:es 00:00:55 00:00:57 tt-176 AF047_1989_CT_SU2011_ER_01 @Gram:Prep 
"<Estados>"
	"Estados" Noun NP Plural lang:es 00:00:55 00:00:57 tt-177 AF047_1989_CT_SU2011_ER_01 ID:171 R:Vocab:Entities:Geo:172 
"<Unidos>"
	"Unidos" Noun NP Plural lang:es 00:00:55 00:00:57 tt-178 AF047_1989_CT_SU2011_ER_01 ID:172 
"<$?>"
	"?" Punctuation FS lang:es 00:00:55 00:00:57 tt-179 AF047_1989_CT_SU2011_ER_01 

"<Sí>"
	"sí" Adverb ADV lang:es 00:00:57 00:00:57 tt-180 AF047_1989_CT_SU2011_ER_01 
"<$.>"
	"." Punctuation FS lang:es 00:00:57 00:00:57 tt-181 AF047_1989_CT_SU2011_ER_01 

"<$¿>"
	"¿" Punctuation FS lang:es 00:00:57 00:01:00 tt-182 AF047_1989_CT_SU2011_ER_01 
"<Nunca>"
	"nunca" Adverb ADV lang:es 00:00:57 00:01:00 tt-183 AF047_1989_CT_SU2011_ER_01 
"<has>"
	"haber" Verb VHfin Pres Indi Sing 2nd lang:es 00:00:57 00:01:00 tt-184 AF047_1989_CT_SU2011_ER_01 ID:178 R:Gram:Aux:Haber:179 R:Gram:PerfPerif:179 
"<vivido>"
	"vivir" Verb VLadj lang:es 00:00:57 00:01:00 tt-185 AF047_1989_CT_SU2011_ER_01 ID:179 
"<en>"
	"en" Preposition PREP lang:es 00:00:57 00:01:00 tt-186 AF047_1989_CT_SU2011_ER_01 @Gram:Prep 
"<México>"
	"México" Noun NP Singular lang:es 00:00:57 00:01:00 tt-187 AF047_1989_CT_SU2011_ER_01 
"<$?>"
	"?" Punctuation FS lang:es 00:00:57 00:01:00 tt-188 AF047_1989_CT_SU2011_ER_01 

"<No>"
	"no" Adverb NEG lang:es 00:01:00 00:01:00 tt-189 AF047_1989_CT_SU2011_ER_01 
"<$.>"
	"." Punctuation FS lang:es 00:01:00 00:01:00 tt-190 AF047_1989_CT_SU2011_ER_01 

"<$¿>"
	"¿" Punctuation FS lang:es 00:01:00 00:01:04 tt-191 AF047_1989_CT_SU2011_ER_01 
"<Y>"
	"y" Conjunction CC lang:es 00:01:00 00:01:04 tt-192 AF047_1989_CT_SU2011_ER_01 
"<qué>"
	"qué" Pronoun INT Singular lang:es 00:01:00 00:01:04 tt-193 AF047_1989_CT_SU2011_ER_01 
"<tal>"
	"tal" Determiner QU lang:es 00:01:00 00:01:04 tt-194 AF047_1989_CT_SU2011_ER_01 
"<tu>"
	"tú" Pronoun PPX Singular lang:es 00:01:00 00:01:04 tt-195 AF047_1989_CT_SU2011_ER_01 @Gram:Det:Pos 
"<mamá>"
	"mamá" Noun NC Singular lang:es 00:01:00 00:01:04 tt-196 AF047_1989_CT_SU2011_ER_01 
"<$?>"
	"?" Punctuation FS lang:es 00:01:00 00:01:04 tt-197 AF047_1989_CT_SU2011_ER_01 

"<$¿>"
	"¿" Punctuation FS lang:es 00:01:00 00:01:04 tt-198 AF047_1989_CT_SU2011_ER_01 
"<Ella>"
	"él" Pronoun PPX Singular lang:es 00:01:00 00:01:04 tt-199 AF047_1989_CT_SU2011_ER_01 @Gram:Pron:Sujeto 
"<ha>"
	"haber" Verb VHfin Pres Indi Sing 3rd lang:es 00:01:00 00:01:04 tt-200 AF047_1989_CT_SU2011_ER_01 ID:194 R:Gram:Aux:Haber:195 R:Gram:PerfPerif:195 
"<vivido>"
	"vivir" Verb VLadj lang:es 00:01:00 00:01:04 tt-201 AF047_1989_CT_SU2011_ER_01 ID:195 
"<en>"
	"en" Preposition PREP lang:es 00:01:00 00:01:04 tt-202 AF047_1989_CT_SU2011_ER_01 @Gram:Prep 
"<México>"
	"México" Noun NP Singular lang:es 00:01:00 00:01:04 tt-203 AF047_1989_CT_SU2011_ER_01 
"<$?>"
	"?" Punctuation FS lang:es 00:01:00 00:01:04 tt-204 AF047_1989_CT_SU2011_ER_01 
</speaker>
<speaker type="subj">

"<No>"
	"no" Adverb NEG lang:es 00:01:04 00:01:08 tt-205 AF047_1989_CT_SU2011_ER_01 
"<,>"
	"," Punctuation CM lang:es 00:01:04 00:01:08 tt-206 AF047_1989_CT_SU2011_ER_01 
"<ella>"
	"él" Pronoun PPX Singular lang:es 00:01:04 00:01:08 tt-207 AF047_1989_CT_SU2011_ER_01 @Gram:Pron:Sujeto 
"<siempre>"
	"siempre" Adverb ADV lang:es 00:01:04 00:01:08 tt-208 AF047_1989_CT_SU2011_ER_01 
"<vive>"
	"vivir" Verb VLfin Pres Indi Sing 3rd lang:es 00:01:04 00:01:08 tt-209 AF047_1989_CT_SU2011_ER_01 
"<en>"
	"en" Preposition PREP lang:es 00:01:04 00:01:08 tt-210 AF047_1989_CT_SU2011_ER_01 @Gram:Prep 
"<los>"
	"el" Determiner ART Plural lang:es 00:01:04 00:01:08 tt-211 AF047_1989_CT_SU2011_ER_01 @Gram:Det:Art 
"<Estados>"
	"Estados" Noun NP Plural lang:es 00:01:04 00:01:08 tt-212 AF047_1989_CT_SU2011_ER_01 ID:206 R:Vocab:Entities:Geo:207 
"<Unidos>"
	"Unidos" Noun NP Plural lang:es 00:01:04 00:01:08 tt-213 AF047_1989_CT_SU2011_ER_01 ID:207 
"<,>"
	"," Punctuation CM lang:es 00:01:04 00:01:08 tt-214 AF047_1989_CT_SU2011_ER_01 
"<entre>"
	"entre" Preposition PREP lang:es 00:01:04 00:01:08 tt-215 AF047_1989_CT_SU2011_ER_01 @Gram:Prep 
"<Tejas>"
	"UNK" Noun NP Plural lang:es 00:01:04 00:01:08 tt-216 AF047_1989_CT_SU2011_ER_01 
"<y>"
	"y" Conjunction CC lang:es 00:01:04 00:01:08 tt-217 AF047_1989_CT_SU2011_ER_01 
"<Californa>"
	"UNK" Noun NP Singular lang:es 00:01:04 00:01:08 tt-218 AF047_1989_CT_SU2011_ER_01 
"<$.>"
	"." Punctuation FS lang:es 00:01:04 00:01:08 tt-219 AF047_1989_CT_SU2011_ER_01 
</speaker>
<speaker type="int">

"<$¿>"
	"¿" Punctuation FS lang:es 00:01:08 00:01:13 tt-220 AF047_1989_CT_SU2011_ER_01 
"<Y>"
	"y" Conjunction CC lang:es 00:01:08 00:01:13 tt-221 AF047_1989_CT_SU2011_ER_01 
"<este>"
	"este" Determiner DM Singular lang:es 00:01:08 00:01:13 tt-222 AF047_1989_CT_SU2011_ER_01 @Prag:RecuDiscurso:GanarTiempo 
"<...>"
	"..." Punctuation DOTS lang:es 00:01:08 00:01:13 tt-223 AF047_1989_CT_SU2011_ER_01 
"<y>"
	"y" Conjunction CC lang:es 00:01:08 00:01:13 tt-224 AF047_1989_CT_SU2011_ER_01 
"<tus>"
	"UNK" Noun NC Plural lang:es 00:01:08 00:01:13 tt-225 AF047_1989_CT_SU2011_ER_01 @Gram:Det:Pos 
"<abuelos>"
	"abuelo" Noun NC Plural lang:es 00:01:08 00:01:13 tt-226 AF047_1989_CT_SU2011_ER_01 
"<de>"
	"de" Preposition PREP lang:es 00:01:08 00:01:13 tt-227 AF047_1989_CT_SU2011_ER_01 @Gram:Prep 
"<dónde>"
	"dónde" Adverb ADV lang:es 00:01:08 00:01:13 tt-228 AF047_1989_CT_SU2011_ER_01 
"<son>"
	"son" Noun NC Singular lang:es 00:01:08 00:01:13 tt-229 AF047_1989_CT_SU2011_ER_01 
"<$?>"
	"?" Punctuation FS lang:es 00:01:08 00:01:13 tt-230 AF047_1989_CT_SU2011_ER_01 
</speaker>
<speaker type="subj">

"<Ah>"
	"ah" Other UH lang:en 00:01:13 00:01:16 tt-231 AF047_1989_CT_SU2011_ER_01 
"<...>"
	"..." Punctuation DOTS lang:es 00:01:13 00:01:16 tt-232 AF047_1989_CT_SU2011_ER_01 
"<son>"
	"ser" Verb VSfin Pres Indi Plural 3rd lang:es 00:01:13 00:01:16 tt-233 AF047_1989_CT_SU2011_ER_01 @Gram:SerEstar:Ser 
"<de>"
	"de" Preposition PREP lang:es 00:01:13 00:01:16 tt-234 AF047_1989_CT_SU2011_ER_01 @Gram:Prep 
"<California>"
	"California" Noun NP Singular lang:es 00:01:13 00:01:16 tt-235 AF047_1989_CT_SU2011_ER_01 
"<también>"
	"también" Adverb ADV lang:es 00:01:13 00:01:16 tt-236 AF047_1989_CT_SU2011_ER_01 @Prag:MarcadoresDisc:Igualdad 
"<$.>"
	"." Punctuation FS lang:es 00:01:13 00:01:16 tt-237 AF047_1989_CT_SU2011_ER_01 
</speaker>
<speaker type="int">

"<$¿>"
	"¿" Punctuation FS lang:es 00:01:16 00:01:16 tt-238 AF047_1989_CT_SU2011_ER_01 
"<California>"
	"California" Noun NP Singular lang:es 00:01:16 00:01:16 tt-239 AF047_1989_CT_SU2011_ER_01 
"<$?>"
	"?" Punctuation FS lang:es 00:01:16 00:01:16 tt-240 AF047_1989_CT_SU2011_ER_01 

"<Aha>"
	"aha" Noun NP Singular lang:es 00:01:16 00:01:17 tt-241 AF047_1989_CT_SU2011_ER_01 
"<$.>"
	"." Punctuation FS lang:es 00:01:16 00:01:17 tt-242 AF047_1989_CT_SU2011_ER_01 

"<$¿>"
	"¿" Punctuation FS lang:es 00:01:17 00:01:22 tt-243 AF047_1989_CT_SU2011_ER_01 
"<Y>"
	"y" Conjunction CC lang:es 00:01:17 00:01:22 tt-244 AF047_1989_CT_SU2011_ER_01 
"<entonces>"
	"entonces" Adverb ADV lang:es 00:01:17 00:01:22 tt-245 AF047_1989_CT_SU2011_ER_01 
"<cuánto>"
	"UNK" Noun NC Singular lang:es 00:01:17 00:01:22 tt-246 AF047_1989_CT_SU2011_ER_01 
"<tiempo>"
	"tiempo" Noun NC Singular lang:es 00:01:17 00:01:22 tt-247 AF047_1989_CT_SU2011_ER_01 
"<lleva>"
	"llevar" Verb VLfin Pres Indi Sing 3rd lang:es 00:01:17 00:01:22 tt-248 AF047_1989_CT_SU2011_ER_01 
"<tu>"
	"tú" Pronoun PPX Singular lang:es 00:01:17 00:01:22 tt-249 AF047_1989_CT_SU2011_ER_01 @Gram:Det:Pos 
"<familia>"
	"familia" Noun NC Singular lang:es 00:01:17 00:01:22 tt-250 AF047_1989_CT_SU2011_ER_01 
"<en>"
	"en" Preposition PREP lang:es 00:01:17 00:01:22 tt-251 AF047_1989_CT_SU2011_ER_01 @Gram:Prep 
"<Tejas>"
	"UNK" Noun NP Plural lang:es 00:01:17 00:01:22 tt-252 AF047_1989_CT_SU2011_ER_01 
"<$?>"
	"?" Punctuation FS lang:es 00:01:17 00:01:22 tt-253 AF047_1989_CT_SU2011_ER_01 
</speaker>
<speaker type="subj">

"<Uhm>"
	"UNK" Noun NP Singular lang:es 00:01:22 00:01:28 tt-254 AF047_1989_CT_SU2011_ER_01 
"<...>"
	"..." Punctuation DOTS lang:es 00:01:22 00:01:28 tt-255 AF047_1989_CT_SU2011_ER_01 
"<pienso>"
	"pensar" Verb VLfin Pres Indi Sing 1st lang:es 00:01:22 00:01:28 tt-256 AF047_1989_CT_SU2011_ER_01 
"<que>"
	"que" Conjunction CQUE lang:es 00:01:22 00:01:28 tt-257 AF047_1989_CT_SU2011_ER_01 
"<como>"
	"como" Adverb ADV lang:es 00:01:22 00:01:28 tt-258 AF047_1989_CT_SU2011_ER_01 
"<...>"
	"..." Punctuation DOTS lang:es 00:01:22 00:01:28 tt-259 AF047_1989_CT_SU2011_ER_01 
"<cincuenta>"
	"cincuenta" Determiner CARD Singular lang:es 00:01:22 00:01:28 tt-260 AF047_1989_CT_SU2011_ER_01 
"<años>"
	"año" Noun NC Plural lang:es 00:01:22 00:01:28 tt-261 AF047_1989_CT_SU2011_ER_01 
"<$.>"
	"." Punctuation FS lang:es 00:01:22 00:01:28 tt-262 AF047_1989_CT_SU2011_ER_01 
</speaker>
<speaker type="int">

"<$¿>"
	"¿" Punctuation FS lang:es 00:01:28 00:01:32 tt-263 AF047_1989_CT_SU2011_ER_01 
"<Cincuenta>"
	"cincuenta" Determiner CARD Singular lang:es 00:01:28 00:01:32 tt-264 AF047_1989_CT_SU2011_ER_01 
"<$?>"
	"?" Punctuation FS lang:es 00:01:28 00:01:32 tt-265 AF047_1989_CT_SU2011_ER_01 

"<$¿>"
	"¿" Punctuation FS lang:es 00:01:28 00:01:32 tt-266 AF047_1989_CT_SU2011_ER_01 
"<Y>"
	"y" Conjunction CC lang:es 00:01:28 00:01:32 tt-267 AF047_1989_CT_SU2011_ER_01 
"<tus>"
	"UNK" Noun NC Plural lang:es 00:01:28 00:01:32 tt-268 AF047_1989_CT_SU2011_ER_01 @Gram:Det:Pos 
"<abuelos>"
	"abuelo" Noun NC Plural lang:es 00:01:28 00:01:32 tt-269 AF047_1989_CT_SU2011_ER_01 
"<hablan>"
	"hablar" Verb VLfin Pres Indi Plural 3rd lang:es 00:01:28 00:01:32 tt-270 AF047_1989_CT_SU2011_ER_01 
"<español>"
	"español" Adjective ADJ Singular lang:es 00:01:28 00:01:32 tt-271 AF047_1989_CT_SU2011_ER_01 
"<$?>"
	"?" Punctuation FS lang:es 00:01:28 00:01:32 tt-272 AF047_1989_CT_SU2011_ER_01 
</speaker>
<speaker type="subj">

"<Sí>"
	"sí" Adverb ADV lang:es 00:01:32 00:01:34 tt-273 AF047_1989_CT_SU2011_ER_01 
"<$.>"
	"." Punctuation FS lang:es 00:01:32 00:01:34 tt-274 AF047_1989_CT_SU2011_ER_01 

"<Inglés>"
	"inglés" Noun NC Plural lang:es 00:01:32 00:01:34 tt-275 AF047_1989_CT_SU2011_ER_01 
"<también>"
	"también" Adverb ADV lang:es 00:01:32 00:01:34 tt-276 AF047_1989_CT_SU2011_ER_01 @Prag:MarcadoresDisc:Igualdad 
"<$.>"
	"." Punctuation FS lang:es 00:01:32 00:01:34 tt-277 AF047_1989_CT_SU2011_ER_01 
</speaker>
<speaker type="int">

"<$¿>"
	"¿" Punctuation FS lang:es 00:01:34 00:01:36 tt-278 AF047_1989_CT_SU2011_ER_01 
"<Y>"
	"y" Conjunction CC lang:es 00:01:34 00:01:36 tt-279 AF047_1989_CT_SU2011_ER_01 
"<qué>"
	"qué" Pronoun INT Singular lang:es 00:01:34 00:01:36 tt-280 AF047_1989_CT_SU2011_ER_01 
"<tal>"
	"tal" Determiner QU lang:es 00:01:34 00:01:36 tt-281 AF047_1989_CT_SU2011_ER_01 
"<tu>"
	"tú" Pronoun PPX Singular lang:es 00:01:34 00:01:36 tt-282 AF047_1989_CT_SU2011_ER_01 @Gram:Det:Pos 
"<mamá>"
	"mamá" Noun NC Singular lang:es 00:01:34 00:01:36 tt-283 AF047_1989_CT_SU2011_ER_01 
"<$?>"
	"?" Punctuation FS lang:es 00:01:34 00:01:36 tt-284 AF047_1989_CT_SU2011_ER_01 

"<$¿>"
	"¿" Punctuation FS lang:es 00:01:36 00:01:38 tt-285 AF047_1989_CT_SU2011_ER_01 
"<Qué>"
	"qué" Pronoun INT Singular lang:es 00:01:36 00:01:38 tt-286 AF047_1989_CT_SU2011_ER_01 
"<tal>"
	"tal" Determiner QU lang:es 00:01:36 00:01:38 tt-287 AF047_1989_CT_SU2011_ER_01 
"<...>"
	"..." Punctuation DOTS lang:es 00:01:36 00:01:38 tt-288 AF047_1989_CT_SU2011_ER_01 
"<$?>"
	"?" Punctuation FS lang:es 00:01:36 00:01:38 tt-289 AF047_1989_CT_SU2011_ER_01 

"<$¿>"
	"¿" Punctuation FS lang:es 00:01:38 00:01:41 tt-290 AF047_1989_CT_SU2011_ER_01 
"<Ella>"
	"él" Pronoun PPX Singular lang:es 00:01:38 00:01:41 tt-291 AF047_1989_CT_SU2011_ER_01 @Gram:Pron:Sujeto 
"<habla>"
	"hablar" Verb VLfin Pres Indi Sing 3rd lang:es 00:01:38 00:01:41 tt-292 AF047_1989_CT_SU2011_ER_01 
"<español>"
	"español" Adjective ADJ Singular lang:es 00:01:38 00:01:41 tt-293 AF047_1989_CT_SU2011_ER_01 
"<$?>"
	"?" Punctuation FS lang:es 00:01:38 00:01:41 tt-294 AF047_1989_CT_SU2011_ER_01 
</speaker>
<speaker type="subj">

"<Sí>"
	"sí" Adverb ADV lang:es 00:01:41 00:01:48 tt-295 AF047_1989_CT_SU2011_ER_01 
"<$.>"
	"." Punctuation FS lang:es 00:01:41 00:01:48 tt-296 AF047_1989_CT_SU2011_ER_01 

"<Ella>"
	"él" Pronoun PPX Singular lang:es 00:01:41 00:01:48 tt-297 AF047_1989_CT_SU2011_ER_01 @Gram:Pron:Sujeto 
"<...>"
	"..." Punctuation DOTS lang:es 00:01:41 00:01:48 tt-298 AF047_1989_CT_SU2011_ER_01 
"<la>"
	"el" Determiner ART Singular lang:es 00:01:41 00:01:48 tt-299 AF047_1989_CT_SU2011_ER_01 @Gram:Det:Art 
<lang code="en">
"<may>"
	"may" Verb MD lang:en 00:01:41 00:01:48 tt-300 AF047_1989_CT_SU2011_ER_01 
</lang>
"<...>"
	"..." Punctuation DOTS lang:es 00:01:41 00:01:48 tt-301 AF047_1989_CT_SU2011_ER_01 
"<mayori>"
	"UNK" Adverb ADV lang:es 00:01:41 00:01:48 tt-302 AF047_1989_CT_SU2011_ER_01 
"<...>"
	"..." Punctuation DOTS lang:es 00:01:41 00:01:48 tt-303 AF047_1989_CT_SU2011_ER_01 
"<mayoría>"
	"mayoría" Noun NC Singular lang:es 00:01:41 00:01:48 tt-304 AF047_1989_CT_SU2011_ER_01 
"<ella>"
	"él" Pronoun PPX Singular lang:es 00:01:41 00:01:48 tt-305 AF047_1989_CT_SU2011_ER_01 @Gram:Pron:Sujeto 
"<habla>"
	"hablar" Verb VLfin Pres Indi Sing 3rd lang:es 00:01:41 00:01:48 tt-306 AF047_1989_CT_SU2011_ER_01 
"<,>"
	"," Punctuation CM lang:es 00:01:41 00:01:48 tt-307 AF047_1989_CT_SU2011_ER_01 
"<habla>"
	"hablar" Verb VLfin Pres Indi Sing 3rd lang:es 00:01:41 00:01:48 tt-308 AF047_1989_CT_SU2011_ER_01 
"<inglés>"
	"inglés" Adjective ADJ Plural lang:es 00:01:41 00:01:48 tt-309 AF047_1989_CT_SU2011_ER_01 
"<,>"
	"," Punctuation CM lang:es 00:01:41 00:01:48 tt-310 AF047_1989_CT_SU2011_ER_01 
"<pero>"
	"pero" Conjunction CCAD lang:es 00:01:41 00:01:48 tt-311 AF047_1989_CT_SU2011_ER_01 @Prag:MarcadoresDisc:Revision 
"<en>"
	"en" Preposition PREP lang:es 00:01:41 00:01:48 tt-312 AF047_1989_CT_SU2011_ER_01 @Gram:Prep 
"<su>"
	"suyo" Pronoun PPO Singular lang:es 00:01:41 00:01:48 tt-313 AF047_1989_CT_SU2011_ER_01 @Gram:Det:Pos 
"<trabajo>"
	"trabajo" Noun NC Singular lang:es 00:01:41 00:01:48 tt-314 AF047_1989_CT_SU2011_ER_01 
"<ella>"
	"él" Pronoun PPX Singular lang:es 00:01:48 00:01:53 tt-315 AF047_1989_CT_SU2011_ER_01 @Gram:Pron:Sujeto 
"<tenía>"
	"tener" Verb VLfin Imp Indi Sing 1st_or_3rd lang:es 00:01:48 00:01:53 tt-316 AF047_1989_CT_SU2011_ER_01 @Gram:Imperf 
"<...>"
	"..." Punctuation DOTS lang:es 00:01:48 00:01:53 tt-317 AF047_1989_CT_SU2011_ER_01 
"<tiene>"
	"tener" Verb VMfin lang:es 00:01:48 00:01:53 tt-318 AF047_1989_CT_SU2011_ER_01 
"<que>"
	"que" Verb VMfin lang:es 00:01:48 00:01:53 tt-319 AF047_1989_CT_SU2011_ER_01 
"<hablar>"
	"hablar" Verb VLinf Infinitive lang:es 00:01:48 00:01:53 tt-320 AF047_1989_CT_SU2011_ER_01 
"<español>"
	"español" Noun NC Singular lang:es 00:01:48 00:01:53 tt-321 AF047_1989_CT_SU2011_ER_01 
"<con>"
	"con" Preposition PREP lang:es 00:01:48 00:01:53 tt-322 AF047_1989_CT_SU2011_ER_01 @Gram:Prep 
"<sus>"
	"suyo" Pronoun PPO Plural lang:es 00:01:48 00:01:53 tt-323 AF047_1989_CT_SU2011_ER_01 @Gram:Det:Pos 
"<residente>"
	"residente" Noun NC Singular lang:es 00:01:48 00:01:53 tt-324 AF047_1989_CT_SU2011_ER_01 
"<,>"
	"," Punctuation CM lang:es 00:01:48 00:01:53 tt-325 AF047_1989_CT_SU2011_ER_01 
"<residentes>"
	"residente" Noun NC Plural lang:es 00:01:48 00:01:53 tt-326 AF047_1989_CT_SU2011_ER_01 
"<$.>"
	"." Punctuation FS lang:es 00:01:48 00:01:53 tt-327 AF047_1989_CT_SU2011_ER_01 
</speaker>
<speaker type="int">

"<$¿>"
	"¿" Punctuation FS lang:es 00:01:53 00:01:57 tt-328 AF047_1989_CT_SU2011_ER_01 
"<Y>"
	"y" Conjunction CC lang:es 00:01:53 00:01:57 tt-329 AF047_1989_CT_SU2011_ER_01 
"<este>"
	"este" Determiner DM Singular lang:es 00:01:53 00:01:57 tt-330 AF047_1989_CT_SU2011_ER_01 @Prag:RecuDiscurso:GanarTiempo 
"<...>"
	"..." Punctuation DOTS lang:es 00:01:53 00:01:57 tt-331 AF047_1989_CT_SU2011_ER_01 
"<y>"
	"y" Conjunction CC lang:es 00:01:53 00:01:57 tt-332 AF047_1989_CT_SU2011_ER_01 
"<nunca>"
	"nunca" Adverb ADV lang:es 00:01:53 00:01:57 tt-333 AF047_1989_CT_SU2011_ER_01 
"<te>"
	"tú" Pronoun PPX Singular lang:es 00:01:53 00:01:57 tt-334 AF047_1989_CT_SU2011_ER_01 @Gram:Pron:Objeto 
"<enseñó>"
	"enseñar" Verb VLfin Pret Indi Sing 3rd lang:es 00:01:53 00:01:57 tt-335 AF047_1989_CT_SU2011_ER_01 @Gram:Indefinido 
"<a>"
	"a" Preposition PREP lang:es 00:01:53 00:01:57 tt-336 AF047_1989_CT_SU2011_ER_01 @Gram:Prep 
"<ti>"
	"tú" Pronoun PPX Singular lang:es 00:01:53 00:01:57 tt-337 AF047_1989_CT_SU2011_ER_01 
"<el>"
	"el" Determiner ART Singular lang:es 00:01:53 00:01:57 tt-338 AF047_1989_CT_SU2011_ER_01 @Gram:Det:Art 
"<español>"
	"español" Noun NC Singular lang:es 00:01:53 00:01:57 tt-339 AF047_1989_CT_SU2011_ER_01 
"<$?>"
	"?" Punctuation FS lang:es 00:01:53 00:01:57 tt-340 AF047_1989_CT_SU2011_ER_01 

"<$¿>"
	"¿" Punctuation FS lang:es 00:01:57 00:01:58 tt-341 AF047_1989_CT_SU2011_ER_01 
<lang code="en">
"<Uh>"
	"UNK" Noun NP Singular lang:en 00:01:57 00:01:58 tt-342 AF047_1989_CT_SU2011_ER_01 
</lang>
"<$?>"
	"?" Punctuation FS lang:es 00:01:57 00:01:58 tt-343 AF047_1989_CT_SU2011_ER_01 

"<$¿>"
	"¿" Punctuation FS lang:es 00:01:58 00:02:02 tt-344 AF047_1989_CT_SU2011_ER_01 
"<O>"
	"o" Adverb ADV lang:es 00:01:58 00:02:02 tt-345 AF047_1989_CT_SU2011_ER_01 ID:339 R:Prag:MarcadoresDisc:Igualdad:340 
"<sea>"
	"sea" Adverb ADV lang:es 00:01:58 00:02:02 tt-346 AF047_1989_CT_SU2011_ER_01 ID:340 
"<cuando>"
	"cuando" Conjunction CSUBX lang:es 00:01:58 00:02:02 tt-347 AF047_1989_CT_SU2011_ER_01 
"<eras>"
	"ser" Verb VSfin Imp Indi Sing 2nd lang:es 00:01:58 00:02:02 tt-348 AF047_1989_CT_SU2011_ER_01 @Gram:SerEstar:Ser 
"<niña>"
	"niño" Noun NC Singular lang:es 00:01:58 00:02:02 tt-349 AF047_1989_CT_SU2011_ER_01 
"<tú>"
	"tú" Pronoun PPX Singular lang:es 00:01:58 00:02:02 tt-350 AF047_1989_CT_SU2011_ER_01 @Gram:Pron:Sujeto 
"<hablabas>"
	"hablar" Verb VLfin Imp Indi Sing 2nd lang:es 00:01:58 00:02:02 tt-351 AF047_1989_CT_SU2011_ER_01 @Gram:Imperf 
"<español>"
	"español" Adjective ADJ Singular lang:es 00:01:58 00:02:02 tt-352 AF047_1989_CT_SU2011_ER_01 
"<o>"
	"o" Conjunction CC lang:es 00:01:58 00:02:02 tt-353 AF047_1989_CT_SU2011_ER_01 
"<inglés>"
	"inglés" Adjective ADJ Plural lang:es 00:01:58 00:02:02 tt-354 AF047_1989_CT_SU2011_ER_01 
"<con>"
	"con" Preposition PREP lang:es 00:01:58 00:02:02 tt-355 AF047_1989_CT_SU2011_ER_01 @Gram:Prep 
"<tu>"
	"tú" Pronoun PPX Singular lang:es 00:01:58 00:02:02 tt-356 AF047_1989_CT_SU2011_ER_01 @Gram:Det:Pos 
"<mamá>"
	"mamá" Noun NC Singular lang:es 00:01:58 00:02:02 tt-357 AF047_1989_CT_SU2011_ER_01 
"<$?>"
	"?" Punctuation FS lang:es 00:01:58 00:02:02 tt-358 AF047_1989_CT_SU2011_ER_01 
</speaker>
<speaker type="subj">

"<No>"
	"no" Adverb NEG lang:es 00:02:02 00:02:03 tt-359 AF047_1989_CT_SU2011_ER_01 
"<,>"
	"," Punctuation CM lang:es 00:02:02 00:02:03 tt-360 AF047_1989_CT_SU2011_ER_01 
"<todo>"
	"todo" Determiner QU lang:es 00:02:02 00:02:03 tt-361 AF047_1989_CT_SU2011_ER_01 
"<inglés>"
	"inglés" Noun NC Plural lang:es 00:02:02 00:02:03 tt-362 AF047_1989_CT_SU2011_ER_01 
"<cuando>"
	"cuando" Conjunction CSUBX lang:es 00:02:02 00:02:03 tt-363 AF047_1989_CT_SU2011_ER_01 
"<era>"
	"ser" Verb VEfin Imp Indi Sing 1st_or_3rd lang:es 00:02:02 00:02:03 tt-364 AF047_1989_CT_SU2011_ER_01 @Gram:Imperf @Gram:SerEstar:Ser 
"<niña>"
	"niño" Noun NC Singular lang:es 00:02:02 00:02:03 tt-365 AF047_1989_CT_SU2011_ER_01 
"<$.>"
	"." Punctuation FS lang:es 00:02:02 00:02:03 tt-366 AF047_1989_CT_SU2011_ER_01 
</speaker>
<speaker type="int">

"<Pero>"
	"pero" Conjunction CC lang:es 00:02:03 00:02:07 tt-367 AF047_1989_CT_SU2011_ER_01 @Prag:MarcadoresDisc:Revision 
"<siempre>"
	"siempre" Adverb ADV lang:es 00:02:03 00:02:07 tt-368 AF047_1989_CT_SU2011_ER_01 
"<lo>"
	"él" Pronoun PPC Singular lang:es 00:02:03 00:02:07 tt-369 AF047_1989_CT_SU2011_ER_01 @Gram:Pron:Objeto 
"<entendiste>"
	"entender" Verb VLfin Pret Indi Sing 2nd lang:es 00:02:03 00:02:07 tt-370 AF047_1989_CT_SU2011_ER_01 @Gram:Indefinido 
"<,>"
	"," Punctuation CM lang:es 00:02:03 00:02:07 tt-371 AF047_1989_CT_SU2011_ER_01 
"<$¿>"
	"¿" Punctuation FS lang:es 00:02:03 00:02:07 tt-372 AF047_1989_CT_SU2011_ER_01 
"<no>"
	"no" Adverb NEG lang:es 00:02:03 00:02:07 tt-373 AF047_1989_CT_SU2011_ER_01 
"<$?>"
	"?" Punctuation FS lang:es 00:02:03 00:02:07 tt-374 AF047_1989_CT_SU2011_ER_01 

"<Si>"
	"si" Conjunction CSUBX lang:es 00:02:03 00:02:07 tt-375 AF047_1989_CT_SU2011_ER_01 
"<eres>"
	"ser" Verb VSfin Pres Indi Sing 2nd lang:es 00:02:03 00:02:07 tt-376 AF047_1989_CT_SU2011_ER_01 @Gram:SerEstar:Ser 
"<de>"
	"de" Preposition PREP lang:es 00:02:03 00:02:07 tt-377 AF047_1989_CT_SU2011_ER_01 @Gram:Prep 
"<El>"
	"el" Determiner ART Singular lang:es 00:02:03 00:02:07 tt-378 AF047_1989_CT_SU2011_ER_01 @Gram:Det:Art ID:372 R:Vocab:Entities:Geo:373 
"<Paso>"
	"paso" Noun NC Singular lang:es 00:02:03 00:02:07 tt-379 AF047_1989_CT_SU2011_ER_01 ID:373 
"<$.>"
	"." Punctuation FS lang:es 00:02:03 00:02:07 tt-380 AF047_1989_CT_SU2011_ER_01 
</speaker>
<speaker type="subj">

"<Sí>"
	"sí" Adverb ADV lang:es 00:02:07 00:02:14 tt-381 AF047_1989_CT_SU2011_ER_01 
"<,>"
	"," Punctuation CM lang:es 00:02:07 00:02:14 tt-382 AF047_1989_CT_SU2011_ER_01 
"<siempre>"
	"siempre" Adverb ADV lang:es 00:02:07 00:02:14 tt-383 AF047_1989_CT_SU2011_ER_01 
"<uhm>"
	"UNK" Noun NC Singular lang:es 00:02:07 00:02:14 tt-384 AF047_1989_CT_SU2011_ER_01 
"<...>"
	"..." Punctuation DOTS lang:es 00:02:07 00:02:14 tt-385 AF047_1989_CT_SU2011_ER_01 
"<entiendo>"
	"entender" Verb VLfin Pres Indi Sing 1st lang:es 00:02:07 00:02:14 tt-386 AF047_1989_CT_SU2011_ER_01 
"<en>"
	"en" Preposition PREP lang:es 00:02:07 00:02:14 tt-387 AF047_1989_CT_SU2011_ER_01 @Gram:Prep 
"<...>"
	"..." Punctuation DOTS lang:es 00:02:07 00:02:14 tt-388 AF047_1989_CT_SU2011_ER_01 
"<en>"
	"en" Preposition PREP lang:es 00:02:07 00:02:14 tt-389 AF047_1989_CT_SU2011_ER_01 @Gram:Prep 
"<...>"
	"..." Punctuation DOTS lang:es 00:02:07 00:02:14 tt-390 AF047_1989_CT_SU2011_ER_01 
"<una>"
	"un" Determiner ART Singular lang:es 00:02:07 00:02:14 tt-391 AF047_1989_CT_SU2011_ER_01 
"<forma>"
	"forma" Noun NC Singular lang:es 00:02:07 00:02:14 tt-392 AF047_1989_CT_SU2011_ER_01 
"<básica>"
	"básico" Adjective ADJ Singular lang:es 00:02:07 00:02:14 tt-393 AF047_1989_CT_SU2011_ER_01 
"<$.>"
	"." Punctuation FS lang:es 00:02:07 00:02:14 tt-394 AF047_1989_CT_SU2011_ER_01 
</speaker>
</text>

