<text id="AF044_1986_CT_SU2011_ER_02">
<speaker type="int">
"<es>"
	"ser" Verb VSfin Pres Indi Sing 3rd lang:es 00:00:00 00:00:03 tt-1831 AF044_1986_CT_SU2011_ER_02 @Gram:SerEstar:Ser ADD:647 
"<él>"
	"él" Pronoun PPX Singular lang:es 00:00:00 00:00:03 tt-1832 AF044_1986_CT_SU2011_ER_02 @Gram:Pron:Sujeto ADD:482 
"<$?>"
	"?" Punctuation FS lang:es 00:00:00 00:00:03 tt-1833 AF044_1986_CT_SU2011_ER_02 

"<$¿>"
	"¿" Punctuation FS lang:es 00:00:00 00:00:03 tt-1834 AF044_1986_CT_SU2011_ER_02 
"<Qué>"
	"qué" Pronoun INT Singular lang:es 00:00:00 00:00:03 tt-1835 AF044_1986_CT_SU2011_ER_02 
"<tipo>"
	"tipo" Noun NC Singular lang:es 00:00:00 00:00:03 tt-1836 AF044_1986_CT_SU2011_ER_02 
"<de>"
	"de" Preposition PREP lang:es 00:00:00 00:00:03 tt-1837 AF044_1986_CT_SU2011_ER_02 @Gram:Prep ADD:472 
"<persona>"
	"persona" Noun NC Singular lang:es 00:00:00 00:00:03 tt-1838 AF044_1986_CT_SU2011_ER_02 
"<es>"
	"ser" Verb VSfin Pres Indi Sing 3rd lang:es 00:00:00 00:00:03 tt-1839 AF044_1986_CT_SU2011_ER_02 @Gram:SerEstar:Ser ADD:647 
"<$?>"
	"?" Punctuation FS lang:es 00:00:00 00:00:03 tt-1840 AF044_1986_CT_SU2011_ER_02 
</speaker>
<speaker type="subj">

"<Es>"
	"ser" Verb VSfin Pres Indi Sing 3rd lang:es 00:00:03 00:00:10 tt-1841 AF044_1986_CT_SU2011_ER_02 @Gram:SerEstar:Ser ADD:647 
"<muy>"
	"muy" Adverb ADV lang:es 00:00:03 00:00:10 tt-1842 AF044_1986_CT_SU2011_ER_02 
"<inteligente>"
	"inteligente" Adjective ADJ Singular lang:es 00:00:03 00:00:10 tt-1843 AF044_1986_CT_SU2011_ER_02 
"<,>"
	"," Punctuation CM lang:es 00:00:03 00:00:10 tt-1844 AF044_1986_CT_SU2011_ER_02 
"<es>"
	"ser" Verb VSfin Pres Indi Sing 3rd lang:es 00:00:03 00:00:10 tt-1845 AF044_1986_CT_SU2011_ER_02 @Gram:SerEstar:Ser ADD:647 
"<muy>"
	"muy" Adverb ADV lang:es 00:00:03 00:00:10 tt-1846 AF044_1986_CT_SU2011_ER_02 
"<...>"
	"..." Punctuation DOTS lang:es 00:00:03 00:00:10 tt-1848 AF044_1986_CT_SU2011_ER_02 
"<y>"
	"y" Conjunction CC lang:es 00:00:03 00:00:10 tt-1850 AF044_1986_CT_SU2011_ER_02 
"<...>"
	"..." Punctuation DOTS lang:es 00:00:03 00:00:10 tt-1851 AF044_1986_CT_SU2011_ER_02 
"<y>"
	"y" Conjunction CC lang:es 00:00:03 00:00:10 tt-1852 AF044_1986_CT_SU2011_ER_02 
"<tiene>"
	"tener" Verb VLfin Pres Indi Sing 3rd lang:es 00:00:03 00:00:10 tt-1853 AF044_1986_CT_SU2011_ER_02 
"<un>"
	"un" Determiner ART Singular lang:es 00:00:03 00:00:10 tt-1854 AF044_1986_CT_SU2011_ER_02 
"<corazón>"
	"corazón" Noun NC Singular lang:es 00:00:03 00:00:10 tt-1855 AF044_1986_CT_SU2011_ER_02 
"<bien>"
	"bien" Adverb ADV lang:es 00:00:03 00:00:10 tt-1856 AF044_1986_CT_SU2011_ER_02 
"<grande>"
	"grande" Adjective ADJ Singular lang:es 00:00:03 00:00:10 tt-1857 AF044_1986_CT_SU2011_ER_02 
"<,>"
	"," Punctuation CM lang:es 00:00:03 00:00:10 tt-1858 AF044_1986_CT_SU2011_ER_02 
"<es>"
	"ser" Verb VSfin Pres Indi Sing 3rd lang:es 00:00:03 00:00:10 tt-1859 AF044_1986_CT_SU2011_ER_02 @Gram:SerEstar:Ser ADD:647 
"<humanista>"
	"UNK" Adjective ADJ Singular lang:es 00:00:03 00:00:10 tt-1860 AF044_1986_CT_SU2011_ER_02 
"<$.>"
	"." Punctuation FS lang:es 00:00:03 00:00:10 tt-1861 AF044_1986_CT_SU2011_ER_02 
</speaker>
</text>

