<text id="AF044_1986_CT_SU2011_ER_05">
<speaker type="subj">
"<Es>"
	"ser" Verb VSfin Pres Indi Sing 3rd lang:es 00:00:00 00:00:07 tt-3304 AF044_1986_CT_SU2011_ER_05 @Gram:SerEstar:Ser 
"<muy>"
	"muy" Adverb ADV lang:es 00:00:00 00:00:07 tt-3305 AF044_1986_CT_SU2011_ER_05 
"<importante>"
	"importante" Adjective ADJ Singular lang:es 00:00:00 00:00:07 tt-3306 AF044_1986_CT_SU2011_ER_05 
"<porque>"
	"porque" Conjunction CSUBX lang:es 00:00:00 00:00:07 tt-3307 AF044_1986_CT_SU2011_ER_05 @Prag:MarcadoresDisc:Causa 
"<...>"
	"..." Punctuation DOTS lang:es 00:00:00 00:00:07 tt-3308 AF044_1986_CT_SU2011_ER_05 
"<como>"
	"como" Adverb ADV lang:es 00:00:00 00:00:07 tt-3312 AF044_1986_CT_SU2011_ER_05 
"<mexicana>"
	"mexicano" Adjective ADJ Singular lang:es 00:00:00 00:00:07 tt-3313 AF044_1986_CT_SU2011_ER_05 
"<y>"
	"y" Conjunction CC lang:es 00:00:00 00:00:07 tt-3314 AF044_1986_CT_SU2011_ER_05 
"<es>"
	"ser" Verb VSfin Pres Indi Sing 3rd lang:es 00:00:00 00:00:07 tt-3315 AF044_1986_CT_SU2011_ER_05 @Gram:SerEstar:Ser 
"<muy>"
	"muy" Adverb ADV lang:es 00:00:00 00:00:07 tt-3316 AF044_1986_CT_SU2011_ER_05 
"<importante>"
	"importante" Adjective ADJ Singular lang:es 00:00:00 00:00:07 tt-3317 AF044_1986_CT_SU2011_ER_05 
"<a>"
	"a" Preposition PREP lang:es 00:00:00 00:00:07 tt-3318 AF044_1986_CT_SU2011_ER_05 @Gram:Prep 
"<ser>"
	"ser" Noun NC Infinitive lang:es 00:00:13 00:00:16 tt-3319 AF044_1986_CT_SU2011_ER_05 
"<mexicana>"
	"mexicano" Adjective ADJ Singular lang:es 00:00:13 00:00:16 tt-3320 AF044_1986_CT_SU2011_ER_05 
"<$.>"
	"." Punctuation FS lang:es 00:00:13 00:00:16 tt-3324 AF044_1986_CT_SU2011_ER_05 
</speaker>
</text>

