<text id="AF046_1992_CT_SU2011_ER_10">
<speaker type="int">
"<Este>"
	"este" Determiner DM Singular lang:es 00:00:00 00:00:05 tt-3430 AF046_1992_CT_SU2011_ER_10 @Prag:RecuDiscurso:GanarTiempo 
"<...>"
	"..." Punctuation DOTS lang:es 00:00:00 00:00:05 tt-3431 AF046_1992_CT_SU2011_ER_10 
"<y>"
	"y" Conjunction CC lang:es 00:00:00 00:00:05 tt-3432 AF046_1992_CT_SU2011_ER_10 
"<hay>"
	"haber" Verb VHfin Pres Indi Sing 3rd lang:es 00:00:00 00:00:05 tt-3433 AF046_1992_CT_SU2011_ER_10 @Gram:Haber:Exist 
"<...>"
	"..." Punctuation DOTS lang:es 00:00:00 00:00:05 tt-3434 AF046_1992_CT_SU2011_ER_10 
"<$¿>"
	"¿" Punctuation FS lang:es 00:00:00 00:00:05 tt-3435 AF046_1992_CT_SU2011_ER_10 
"<Hubo>"
	"haber" Verb VHfin Pret Indi Sing 3rd lang:es 00:00:00 00:00:05 tt-3436 AF046_1992_CT_SU2011_ER_10 @Gram:Haber:Exist 
"<algún>"
	"alguno" Determiner QU lang:es 00:00:00 00:00:05 tt-3437 AF046_1992_CT_SU2011_ER_10 
"<,>"
	"," Punctuation CM lang:es 00:00:00 00:00:05 tt-3438 AF046_1992_CT_SU2011_ER_10 
"<bueno>"
	"bueno" Adjective ADJ Singular lang:es 00:00:00 00:00:05 tt-3439 AF046_1992_CT_SU2011_ER_10 
"<,>"
	"," Punctuation CM lang:es 00:00:00 00:00:05 tt-3440 AF046_1992_CT_SU2011_ER_10 
"<en>"
	"en" Preposition PREP lang:es 00:00:00 00:00:05 tt-3441 AF046_1992_CT_SU2011_ER_10 @Gram:Prep 
"<la>"
	"el" Determiner ART Singular lang:es 00:00:00 00:00:05 tt-3442 AF046_1992_CT_SU2011_ER_10 @Gram:Det:Art 
"<preparatoria>"
	"preparatorio" Adjective ADJ Singular lang:es 00:00:00 00:00:05 tt-3443 AF046_1992_CT_SU2011_ER_10 
"<,>"
	"," Punctuation CM lang:es 00:00:00 00:00:05 tt-3444 AF046_1992_CT_SU2011_ER_10 
"<porque>"
	"porque" Conjunction CSUBX lang:es 00:00:00 00:00:05 tt-3445 AF046_1992_CT_SU2011_ER_10 @Prag:MarcadoresDisc:Causa 
"<es>"
	"ser" Verb VSfin Pres Indi Sing 3rd lang:es 00:00:00 00:00:05 tt-3446 AF046_1992_CT_SU2011_ER_10 @Gram:SerEstar:Ser 
"<...>"
	"..." Punctuation DOTS lang:es 00:00:00 00:00:05 tt-3447 AF046_1992_CT_SU2011_ER_10 
"<claro>"
	"claro" Adjective ADJ Singular lang:es 00:00:00 00:00:05 tt-3448 AF046_1992_CT_SU2011_ER_10 
"<porque>"
	"porque" Conjunction CSUBX lang:es 00:00:00 00:00:05 tt-3449 AF046_1992_CT_SU2011_ER_10 @Prag:MarcadoresDisc:Causa 
"<acabas>"
	"acabar" Verb VLfin Imp Indi Sing 2nd lang:es 00:00:05 00:00:12 tt-3450 AF046_1992_CT_SU2011_ER_10 @Gram:Imperf 
"<de>"
	"de" Preposition PREP lang:es 00:00:05 00:00:12 tt-3451 AF046_1992_CT_SU2011_ER_10 @Gram:Prep 
"<salir>"
	"salir" Verb VLinf Infinitive lang:es 00:00:05 00:00:12 tt-3452 AF046_1992_CT_SU2011_ER_10 
"<,>"
	"," Punctuation CM lang:es 00:00:05 00:00:12 tt-3453 AF046_1992_CT_SU2011_ER_10 
"<$¿>"
	"¿" Punctuation FS lang:es 00:00:05 00:00:12 tt-3454 AF046_1992_CT_SU2011_ER_10 
"<no>"
	"no" Adverb NEG lang:es 00:00:05 00:00:12 tt-3455 AF046_1992_CT_SU2011_ER_10 
"<$?>"
	"?" Punctuation FS lang:es 00:00:05 00:00:12 tt-3456 AF046_1992_CT_SU2011_ER_10 

"<hubo>"
	"haber" Verb VHfin Pret Indi Sing 3rd lang:es 00:00:05 00:00:12 tt-3457 AF046_1992_CT_SU2011_ER_10 @Gram:Haber:Exist 
"<algún>"
	"alguno" Determiner QU lang:es 00:00:05 00:00:12 tt-3458 AF046_1992_CT_SU2011_ER_10 
"<maestro>"
	"maestro" Noun NC Singular lang:es 00:00:05 00:00:12 tt-3459 AF046_1992_CT_SU2011_ER_10 
"<o>"
	"o" Conjunction CC lang:es 00:00:05 00:00:12 tt-3460 AF046_1992_CT_SU2011_ER_10 
"<maestra>"
	"maestro" Noun NC Singular lang:es 00:00:05 00:00:12 tt-3461 AF046_1992_CT_SU2011_ER_10 
"<,>"
	"," Punctuation CM lang:es 00:00:05 00:00:12 tt-3462 AF046_1992_CT_SU2011_ER_10 
"<que>"
	"que" Conjunction CQUE lang:es 00:00:05 00:00:12 tt-3463 AF046_1992_CT_SU2011_ER_10 
"<hayan>"
	"haber" Verb VHfin Pres Subj Plural 3rd lang:es 00:00:05 00:00:12 tt-3464 AF046_1992_CT_SU2011_ER_10 ID:35 R:Gram:MSub:Pres:36 
"<tenido>"
	"tener" Verb VLadj lang:es 00:00:05 00:00:12 tt-3465 AF046_1992_CT_SU2011_ER_10 ID:36 
"<una>"
	"un" Determiner ART Singular lang:es 00:00:05 00:00:12 tt-3466 AF046_1992_CT_SU2011_ER_10 
"<influencia>"
	"influencia" Noun NC Singular lang:es 00:00:05 00:00:12 tt-3467 AF046_1992_CT_SU2011_ER_10 
"<particularmente>"
	"particularmente" Adverb ADV lang:es 00:00:13 00:00:15 tt-3468 AF046_1992_CT_SU2011_ER_10 
"<fuerte>"
	"fuerte" Adjective ADJ Singular lang:es 00:00:13 00:00:15 tt-3469 AF046_1992_CT_SU2011_ER_10 
"<en>"
	"en" Preposition PREP lang:es 00:00:13 00:00:15 tt-3470 AF046_1992_CT_SU2011_ER_10 @Gram:Prep 
"<tu>"
	"tú" Pronoun PPX Singular lang:es 00:00:13 00:00:15 tt-3471 AF046_1992_CT_SU2011_ER_10 @Gram:Pron:Sujeto 
"<vida>"
	"vida" Noun NC Singular lang:es 00:00:13 00:00:15 tt-3472 AF046_1992_CT_SU2011_ER_10 
"<$?>"
	"?" Punctuation FS lang:es 00:00:13 00:00:15 tt-3473 AF046_1992_CT_SU2011_ER_10 
</speaker>
<speaker type="subj">

"<Sí>"
	"sí" Adverb ADV lang:es 00:00:15 00:00:22 tt-3474 AF046_1992_CT_SU2011_ER_10 
"<,>"
	"," Punctuation CM lang:es 00:00:15 00:00:22 tt-3475 AF046_1992_CT_SU2011_ER_10 
"<sí>"
	"sí" Adverb ADV lang:es 00:00:15 00:00:22 tt-3476 AF046_1992_CT_SU2011_ER_10 
"<,>"
	"," Punctuation CM lang:es 00:00:15 00:00:22 tt-3477 AF046_1992_CT_SU2011_ER_10 
"<mi>"
	"mío" Pronoun PPO Singular lang:es 00:00:15 00:00:22 tt-3478 AF046_1992_CT_SU2011_ER_10 
"<maestra>"
	"maestro" Noun NC Singular lang:es 00:00:15 00:00:22 tt-3479 AF046_1992_CT_SU2011_ER_10 
"<de>"
	"de" Preposition PREP lang:es 00:00:15 00:00:22 tt-3480 AF046_1992_CT_SU2011_ER_10 @Gram:Prep 
"<Calculus>"
	"UNK" Noun NC Plural lang:es 00:00:15 00:00:22 tt-3481 AF046_1992_CT_SU2011_ER_10 
"<,>"
	"," Punctuation CM lang:es 00:00:15 00:00:22 tt-3482 AF046_1992_CT_SU2011_ER_10 
"<ella>"
	"él" Pronoun PPX Singular lang:es 00:00:15 00:00:22 tt-3483 AF046_1992_CT_SU2011_ER_10 @Gram:Pron:Sujeto 
"<ha>"
	"haber" Verb VHfin Pres Indi Sing 3rd lang:es 00:00:15 00:00:22 tt-3484 AF046_1992_CT_SU2011_ER_10 ID:55 R:Gram:PerfPerif:56 
"<sido>"
	"ser" Verb VSadj Participle lang:es 00:00:15 00:00:22 tt-3485 AF046_1992_CT_SU2011_ER_10 @Gram:SerEstar:Ser ID:56 
"<...>"
	"..." Punctuation DOTS lang:es 00:00:15 00:00:22 tt-3486 AF046_1992_CT_SU2011_ER_10 
"<la>"
	"él" Pronoun PPC Singular lang:es 00:00:15 00:00:22 tt-3487 AF046_1992_CT_SU2011_ER_10 @Gram:Pron:Objeto 
"<he>"
	"haber" Verb VHfin Pres Indi Sing 1st lang:es 00:00:15 00:00:22 tt-3488 AF046_1992_CT_SU2011_ER_10 ID:59 R:Gram:PerfPerif:60 
"<tenido>"
	"tener" Verb VLadj lang:es 00:00:15 00:00:22 tt-3489 AF046_1992_CT_SU2011_ER_10 ID:60 
"<desde>"
	"desde" Preposition PREP lang:es 00:00:15 00:00:22 tt-3490 AF046_1992_CT_SU2011_ER_10 @Gram:Prep 
"<el>"
	"el" Determiner ART Singular lang:es 00:00:15 00:00:22 tt-3491 AF046_1992_CT_SU2011_ER_10 @Gram:Det:Art 
"<grado>"
	"grado" Noun NMEA Singular lang:es 00:00:15 00:00:22 tt-3492 AF046_1992_CT_SU2011_ER_10 
"<once>"
	"once" Determiner CARD Singular lang:es 00:00:15 00:00:22 tt-3493 AF046_1992_CT_SU2011_ER_10 
"<y>"
	"y" Conjunction CC lang:es 00:00:23 00:00:30 tt-3494 AF046_1992_CT_SU2011_ER_10 
"<ella>"
	"él" Pronoun PPX Singular lang:es 00:00:23 00:00:30 tt-3495 AF046_1992_CT_SU2011_ER_10 @Gram:Pron:Sujeto 
"<me>"
	"yo" Pronoun PPX Singular lang:es 00:00:23 00:00:30 tt-3496 AF046_1992_CT_SU2011_ER_10 @Gram:Pron:Objeto 
"<...>"
	"..." Punctuation DOTS lang:es 00:00:23 00:00:30 tt-3497 AF046_1992_CT_SU2011_ER_10 
"<honestamente>"
	"honesto" Adverb ADV lang:es 00:00:23 00:00:30 tt-3498 AF046_1992_CT_SU2011_ER_10 
"<,>"
	"," Punctuation CM lang:es 00:00:23 00:00:30 tt-3499 AF046_1992_CT_SU2011_ER_10 
"<es>"
	"ser" Verb VSfin Pres Indi Sing 3rd lang:es 00:00:23 00:00:30 tt-3500 AF046_1992_CT_SU2011_ER_10 @Gram:SerEstar:Ser 
"<la>"
	"el" Determiner ART Singular lang:es 00:00:23 00:00:30 tt-3501 AF046_1992_CT_SU2011_ER_10 @Gram:Det:Art 
"<que>"
	"que" Conjunction CQUE lang:es 00:00:23 00:00:30 tt-3502 AF046_1992_CT_SU2011_ER_10 
"<me>"
	"yo" Pronoun PPX Singular lang:es 00:00:23 00:00:30 tt-3503 AF046_1992_CT_SU2011_ER_10 @Gram:Pron:Objeto 
"<ha>"
	"haber" Verb VHfin Pres Indi Sing 3rd lang:es 00:00:23 00:00:30 tt-3504 AF046_1992_CT_SU2011_ER_10 ID:75 R:Gram:PerfPerif:76 
"<motivado>"
	"motivar" Verb VLadj lang:es 00:00:23 00:00:30 tt-3505 AF046_1992_CT_SU2011_ER_10 ID:76 
"<a>"
	"a" Preposition PREP lang:es 00:00:23 00:00:30 tt-3506 AF046_1992_CT_SU2011_ER_10 @Gram:Prep 
"<estudiar>"
	"estudiar" Verb VLinf Infinitive lang:es 00:00:23 00:00:30 tt-3507 AF046_1992_CT_SU2011_ER_10 
"<matemáticas>"
	"matemáticas" Noun NC Plural lang:es 00:00:23 00:00:30 tt-3508 AF046_1992_CT_SU2011_ER_10 
"<,>"
	"," Punctuation CM lang:es 00:00:23 00:00:30 tt-3509 AF046_1992_CT_SU2011_ER_10 
"<por>"
	"por" Preposition PREP lang:es 00:00:23 00:00:30 tt-3510 AF046_1992_CT_SU2011_ER_10 @Gram:Prep:Por 
"<ella>"
	"él" Pronoun PPX Singular lang:es 00:00:23 00:00:30 tt-3511 AF046_1992_CT_SU2011_ER_10 @Gram:Pron:Sujeto 
"<yo>"
	"yo" Pronoun PPX Singular lang:es 00:00:30 00:00:37 tt-3512 AF046_1992_CT_SU2011_ER_10 @Gram:Pron:Sujeto 
"<eh>"
	"eh" Noun NP Singular lang:es 00:00:30 00:00:37 tt-3513 AF046_1992_CT_SU2011_ER_10 
"<...>"
	"..." Punctuation DOTS lang:es 00:00:30 00:00:37 tt-3514 AF046_1992_CT_SU2011_ER_10 
"<tuve>"
	"tener" Verb VLfin Pret Indi Sing 1st lang:es 00:00:30 00:00:37 tt-3515 AF046_1992_CT_SU2011_ER_10 @Gram:Indefinido 
"<...>"
	"..." Punctuation DOTS lang:es 00:00:30 00:00:37 tt-3516 AF046_1992_CT_SU2011_ER_10 
"<he>"
	"haber" Verb VHfin Pres Indi Sing 1st lang:es 00:00:30 00:00:37 tt-3517 AF046_1992_CT_SU2011_ER_10 ID:88 R:Gram:PerfPerif:89 
"<tenido>"
	"tener" Verb VLadj lang:es 00:00:30 00:00:37 tt-3518 AF046_1992_CT_SU2011_ER_10 ID:89 
"<esta>"
	"este" Determiner DM Singular lang:es 00:00:30 00:00:37 tt-3519 AF046_1992_CT_SU2011_ER_10 
"<pasión>"
	"pasión" Noun NC Singular lang:es 00:00:30 00:00:37 tt-3520 AF046_1992_CT_SU2011_ER_10 
"<por>"
	"por" Preposition PREP lang:es 00:00:30 00:00:37 tt-3521 AF046_1992_CT_SU2011_ER_10 @Gram:Prep:Por 
"<matemáticas>"
	"matemáticas" Noun NC Plural lang:es 00:00:30 00:00:37 tt-3522 AF046_1992_CT_SU2011_ER_10 
"<$.>"
	"." Punctuation FS lang:es 00:00:30 00:00:37 tt-3523 AF046_1992_CT_SU2011_ER_10 

"<Y>"
	"Y" Other ALFS lang:es 00:00:30 00:00:37 tt-3524 AF046_1992_CT_SU2011_ER_10 
"<es>"
	"ser" Verb VSfin Pres Indi Sing 3rd lang:es 00:00:30 00:00:37 tt-3525 AF046_1992_CT_SU2011_ER_10 @Gram:SerEstar:Ser 
"<una>"
	"un" Determiner ART Singular lang:es 00:00:30 00:00:37 tt-3526 AF046_1992_CT_SU2011_ER_10 
"<maestra>"
	"maestro" Noun NC Singular lang:es 00:00:30 00:00:37 tt-3527 AF046_1992_CT_SU2011_ER_10 
"<súper>"
	"súper" Adjective ADJ Singular lang:es 00:00:30 00:00:37 tt-3528 AF046_1992_CT_SU2011_ER_10 
"<inteligente>"
	"inteligente" Adjective ADJ Singular lang:es 00:00:30 00:00:37 tt-3529 AF046_1992_CT_SU2011_ER_10 
"<,>"
	"," Punctuation CM lang:es 00:00:30 00:00:37 tt-3530 AF046_1992_CT_SU2011_ER_10 
"<determinada>"
	"determinado" Adjective ADJ Singular lang:es 00:00:37 00:00:42 tt-3531 AF046_1992_CT_SU2011_ER_10 
"<,>"
	"," Punctuation CM lang:es 00:00:37 00:00:42 tt-3532 AF046_1992_CT_SU2011_ER_10 
"<que>"
	"que" Conjunction CQUE lang:es 00:00:37 00:00:42 tt-3533 AF046_1992_CT_SU2011_ER_10 
"<de>"
	"de" Preposition PREP lang:es 00:00:37 00:00:42 tt-3534 AF046_1992_CT_SU2011_ER_10 @Gram:Prep 
"<verdad>"
	"verdad" Noun NC Singular lang:es 00:00:37 00:00:42 tt-3535 AF046_1992_CT_SU2011_ER_10 
"<le>"
	"él" Pronoun PPC Singular lang:es 00:00:37 00:00:42 tt-3536 AF046_1992_CT_SU2011_ER_10 @Gram:Pron:Objeto 
"<importan>"
	"importar" Verb VLfin Pres Indi Plural 3rd lang:es 00:00:37 00:00:42 tt-3537 AF046_1992_CT_SU2011_ER_10 
"<los>"
	"el" Determiner ART Plural lang:es 00:00:37 00:00:42 tt-3538 AF046_1992_CT_SU2011_ER_10 @Gram:Det:Art 
"<estudiantes>"
	"estudiante" Noun NC Plural lang:es 00:00:37 00:00:42 tt-3539 AF046_1992_CT_SU2011_ER_10 
"<$.>"
	"." Punctuation FS lang:es 00:00:37 00:00:42 tt-3540 AF046_1992_CT_SU2011_ER_10 

"<Y>"
	"y" Conjunction CC lang:es 00:00:37 00:00:42 tt-3541 AF046_1992_CT_SU2011_ER_10 
"<ella>"
	"él" Pronoun PPX Singular lang:es 00:00:37 00:00:42 tt-3542 AF046_1992_CT_SU2011_ER_10 @Gram:Pron:Sujeto 
"<...>"
	"..." Punctuation DOTS lang:es 00:00:37 00:00:42 tt-3543 AF046_1992_CT_SU2011_ER_10 
"<yo>"
	"yo" Pronoun PPX Singular lang:es 00:00:37 00:00:42 tt-3544 AF046_1992_CT_SU2011_ER_10 @Gram:Pron:Sujeto 
"<y>"
	"y" Conjunction CC lang:es 00:00:37 00:00:42 tt-3545 AF046_1992_CT_SU2011_ER_10 
"<ella>"
	"él" Pronoun PPX Singular lang:es 00:00:37 00:00:42 tt-3546 AF046_1992_CT_SU2011_ER_10 @Gram:Pron:Sujeto 
"<llegamos>"
	"llegar" Verb VLfin Pres_or_Pret Indi Plural 1st lang:es 00:00:37 00:00:42 tt-3547 AF046_1992_CT_SU2011_ER_10 
"<al>"
	"al" Preposition PAL lang:es 00:00:37 00:00:42 tt-3548 AF046_1992_CT_SU2011_ER_10 
"<punto>"
	"punto" Noun NC Singular lang:es 00:00:42 00:00:47 tt-3549 AF046_1992_CT_SU2011_ER_10 
"<que>"
	"que" Conjunction CQUE lang:es 00:00:42 00:00:47 tt-3550 AF046_1992_CT_SU2011_ER_10 
"<nos>"
	"nosotros" Pronoun PPX Plural lang:es 00:00:42 00:00:47 tt-3551 AF046_1992_CT_SU2011_ER_10 @Gram:Pron:Objeto 
"<hemos>"
	"haber" Verb VHfin Pres Indi Plural 1st lang:es 00:00:42 00:00:47 tt-3552 AF046_1992_CT_SU2011_ER_10 ID:123 R:Gram:PerfPerif:124 
"<hecho>"
	"hacer" Verb VLadj lang:es 00:00:42 00:00:47 tt-3553 AF046_1992_CT_SU2011_ER_10 ID:124 
"<amigas>"
	"amigo" Adjective ADJ Plural lang:es 00:00:42 00:00:47 tt-3554 AF046_1992_CT_SU2011_ER_10 
"<,>"
	"," Punctuation CM lang:es 00:00:42 00:00:47 tt-3555 AF046_1992_CT_SU2011_ER_10 
"<que>"
	"que" Conjunction CQUE lang:es 00:00:42 00:00:47 tt-3556 AF046_1992_CT_SU2011_ER_10 
"<ya>"
	"ya" Adverb ADV lang:es 00:00:42 00:00:47 tt-3557 AF046_1992_CT_SU2011_ER_10 
"<pasó>"
	"pasar" Verb VLfin Pret Indi Sing 3rd lang:es 00:00:42 00:00:47 tt-3558 AF046_1992_CT_SU2011_ER_10 @Gram:Indefinido 
"<entre>"
	"entre" Preposition PREP lang:es 00:00:42 00:00:47 tt-3559 AF046_1992_CT_SU2011_ER_10 @Gram:Prep 
"<maestra>"
	"maestro" Noun NC Singular lang:es 00:00:42 00:00:47 tt-3560 AF046_1992_CT_SU2011_ER_10 
"<y>"
	"y" Conjunction CC lang:es 00:00:42 00:00:47 tt-3561 AF046_1992_CT_SU2011_ER_10 
"<estudiante>"
	"estudiante" Noun NC Singular lang:es 00:00:42 00:00:47 tt-3562 AF046_1992_CT_SU2011_ER_10 
"<,>"
	"," Punctuation CM lang:es 00:00:42 00:00:47 tt-3563 AF046_1992_CT_SU2011_ER_10 
"<volvimos>"
	"volver" Verb VLfin Pres_or_Pret Indi Plural 1st lang:es 00:00:42 00:00:47 tt-3564 AF046_1992_CT_SU2011_ER_10 
"<a>"
	"a" Preposition PREP lang:es 00:00:42 00:00:47 tt-3565 AF046_1992_CT_SU2011_ER_10 @Gram:Prep 
"<ser>"
	"ser" Verb VSinf Infinitive lang:es 00:00:42 00:00:47 tt-3566 AF046_1992_CT_SU2011_ER_10 @Gram:SerEstar:Ser 
"<amigas>"
	"amigo" Adjective ADJ Plural lang:es 00:00:47 00:00:48 tt-3567 AF046_1992_CT_SU2011_ER_10 
"<$.>"
	"." Punctuation FS lang:es 00:00:47 00:00:48 tt-3568 AF046_1992_CT_SU2011_ER_10 
</speaker>
</text>

