<text id="AF049_1993_CT_SU2011_ER_02">
<speaker type="int">
"<Y>"
	"y" Conjunciton CC lang:es 00:00:00 00:00:07 tt-1061 AF049_1993_CT_SU2011_ER_02 SUBSTITUTE:385 SUBSTITUTE:386 
"<bueno>"
	"bueno" Adjective ADJ Singular lang:es 00:00:00 00:00:07 tt-1062 AF049_1993_CT_SU2011_ER_02 
"<,>"
	"," Punctuation CM lang:es 00:00:00 00:00:07 tt-1063 AF049_1993_CT_SU2011_ER_02 
"<siendo>"
	"ser" Verb VSger Gerund lang:es 00:00:00 00:00:07 tt-1064 AF049_1993_CT_SU2011_ER_02 @Gram:SerEstar:Ser ADD:803 
"<el>"
	"el" Determiner ART Singular Masc lang:es 00:00:00 00:00:07 tt-1065 AF049_1993_CT_SU2011_ER_02 @Gram:Det:Art ADD:416 
"<...>"
	"..." Punctuation DOTS lang:es 00:00:00 00:00:07 tt-1066 AF049_1993_CT_SU2011_ER_02 
"<el>"
	"el" Determiner ART Singular Masc lang:es 00:00:00 00:00:07 tt-1067 AF049_1993_CT_SU2011_ER_02 @Gram:Det:Art ADD:416 
"<...>"
	"..." Punctuation DOTS lang:es 00:00:00 00:00:07 tt-1068 AF049_1993_CT_SU2011_ER_02 
"<esta>"
	"este" Determiner DM Singular lang:es 00:00:00 00:00:07 tt-1069 AF049_1993_CT_SU2011_ER_02 
"<,>"
	"," Punctuation CM lang:es 00:00:00 00:00:07 tt-1070 AF049_1993_CT_SU2011_ER_02 
"<esta>"
	"este" Determiner DM Singular lang:es 00:00:00 00:00:07 tt-1071 AF049_1993_CT_SU2011_ER_02 
"<mezcla>"
	"mezcla" Noun NC Singular lang:es 00:00:00 00:00:07 tt-1072 AF049_1993_CT_SU2011_ER_02 
"<de>"
	"de" Preposition PREP lang:es 00:00:00 00:00:07 tt-1073 AF049_1993_CT_SU2011_ER_02 @Gram:Prep ADD:614 
"<idiomas>"
	"idioma" Noun NC Plural lang:es 00:00:00 00:00:07 tt-1074 AF049_1993_CT_SU2011_ER_02 
"<un>"
	"un" Determiner ART Singular lang:es 00:00:00 00:00:07 tt-1075 AF049_1993_CT_SU2011_ER_02 
"<atributo>"
	"atributo" Noun NC Singular lang:es 00:00:00 00:00:07 tt-1076 AF049_1993_CT_SU2011_ER_02 
"<de>"
	"de" Preposition PREP lang:es 00:00:00 00:00:07 tt-1077 AF049_1993_CT_SU2011_ER_02 @Gram:Prep ADD:614 
"<identidad>"
	"identidad" Noun NC Singular lang:es 00:00:00 00:00:07 tt-1078 AF049_1993_CT_SU2011_ER_02 
<lang code="en">
"<ah>"
	"UNK" Noun NN lang:en 00:00:00 00:00:07 tt-1079 AF049_1993_CT_SU2011_ER_02 
</lang>
"<...>"
	"..." Punctuation DOTS lang:es 00:00:00 00:00:07 tt-1080 AF049_1993_CT_SU2011_ER_02 
"<tejana>"
	"UNK" Noun NC Singular lang:es 00:00:09 00:00:16 tt-1081 AF049_1993_CT_SU2011_ER_02 
"<,>"
	"," Punctuation CM lang:es 00:00:09 00:00:16 tt-1082 AF049_1993_CT_SU2011_ER_02 
"<$¿>"
	"¿" Punctuation FS lang:es 00:00:09 00:00:16 tt-1083 AF049_1993_CT_SU2011_ER_02 
"<no>"
	"no" Adverb NEG lang:es 00:00:09 00:00:16 tt-1084 AF049_1993_CT_SU2011_ER_02 
"<$?>"
	"?" Punctuation FS lang:es 00:00:09 00:00:16 tt-1085 AF049_1993_CT_SU2011_ER_02 

"<Chicana>"
	"UNK" Noun NP Singular lang:es 00:00:09 00:00:16 tt-1086 AF049_1993_CT_SU2011_ER_02 
"<,>"
	"," Punctuation CM lang:es 00:00:09 00:00:16 tt-1087 AF049_1993_CT_SU2011_ER_02 
"<$¿>"
	"¿" Punctuation FS lang:es 00:00:09 00:00:16 tt-1088 AF049_1993_CT_SU2011_ER_02 
"<cómo>"
	"cómo" Adverb ADV lang:es 00:00:09 00:00:16 tt-1089 AF049_1993_CT_SU2011_ER_02 
"<te>"
	"tú" Pronoun PPX Singular lang:es 00:00:09 00:00:16 tt-1090 AF049_1993_CT_SU2011_ER_02 @Gram:Pron:Objeto ADD:648 
"<identificas>"
	"UNK" Verb VLfin Pres Indi Sing 2nd lang:es 00:00:09 00:00:16 tt-1091 AF049_1993_CT_SU2011_ER_02 
"<tú>"
	"tú" Pronoun PPX Singular lang:es 00:00:09 00:00:16 tt-1092 AF049_1993_CT_SU2011_ER_02 @Gram:Pron:Sujeto ADD:624 
"<si>"
	"si" Conjunction CSUBX lang:es 00:00:09 00:00:16 tt-1093 AF049_1993_CT_SU2011_ER_02 
"<alguien>"
	"UNK" Verb VLfin Past Subj Plural 3rd lang:es 00:00:09 00:00:16 tt-1094 AF049_1993_CT_SU2011_ER_02 @Gram:MSub:Pret ADD:773 
"<te>"
	"tú" Pronoun PPX Singular lang:es 00:00:09 00:00:16 tt-1095 AF049_1993_CT_SU2011_ER_02 @Gram:Pron:Objeto ADD:648 
"<pregunta>"
	"pregunta" Noun NC Singular lang:es 00:00:09 00:00:16 tt-1096 AF049_1993_CT_SU2011_ER_02 
"<,>"
	"," Punctuation CM lang:es 00:00:09 00:00:16 tt-1097 AF049_1993_CT_SU2011_ER_02 
"<no>"
	"no" Adverb NEG lang:es 00:00:09 00:00:16 tt-1098 AF049_1993_CT_SU2011_ER_02 
"<sé>"
	"saber|ser" Verb VLfin Pres Indi Sing 1st lang:es 00:00:09 00:00:16 tt-1099 AF049_1993_CT_SU2011_ER_02 
"<,>"
	"," Punctuation CM lang:es 00:00:09 00:00:16 tt-1100 AF049_1993_CT_SU2011_ER_02 
"<la>"
	"el" Determiner ART Singular Fem lang:es 00:00:09 00:00:16 tt-1101 AF049_1993_CT_SU2011_ER_02 @Gram:Det:Art ADD:416 
"<pregunta>"
	"pregunta" Noun NC Singular lang:es 00:00:09 00:00:16 tt-1102 AF049_1993_CT_SU2011_ER_02 
"<que>"
	"que" Conjunction CQUE lang:es 00:00:16 00:00:21 tt-1103 AF049_1993_CT_SU2011_ER_02 
"<existe>"
	"existir" Verb VLfin Pret Indi Sing 2nd lang:es 00:00:16 00:00:21 tt-1104 AF049_1993_CT_SU2011_ER_02 @Gram:Indefinido ADD:688 
"<muy>"
	"muy" Adverb ADV lang:es 00:00:16 00:00:21 tt-1105 AF049_1993_CT_SU2011_ER_02 
"<frecuentemente>"
	"frecuentemente" Adverb ADV lang:es 00:00:16 00:00:21 tt-1106 AF049_1993_CT_SU2011_ER_02 
"<aquí>"
	"aquí" Adverb ADV lang:es 00:00:16 00:00:21 tt-1107 AF049_1993_CT_SU2011_ER_02 
"<en>"
	"en" Preposition PREP lang:es 00:00:16 00:00:21 tt-1108 AF049_1993_CT_SU2011_ER_02 @Gram:Prep ADD:614 
"<este>"
	"este" Determiner DM Singular lang:es 00:00:16 00:00:21 tt-1109 AF049_1993_CT_SU2011_ER_02 @Gram:Det:Demo ADD:432 
"<país>"
	"país" Noun NC Plural lang:es 00:00:16 00:00:21 tt-1110 AF049_1993_CT_SU2011_ER_02 
"<,>"
	"," Punctuation CM lang:es 00:00:16 00:00:21 tt-1111 AF049_1993_CT_SU2011_ER_02 
"<de>"
	"de" Preposition PREP lang:es 00:00:16 00:00:21 tt-1112 AF049_1993_CT_SU2011_ER_02 @Gram:Prep ADD:614 
"<dónde>"
	"dónde" Adverb ADV lang:es 00:00:16 00:00:21 tt-1113 AF049_1993_CT_SU2011_ER_02 
"<eres>"
	"ser" Verb VSfin Pres Indi Sing 2nd lang:es 00:00:16 00:00:21 tt-1114 AF049_1993_CT_SU2011_ER_02 @Gram:SerEstar:Ser ADD:803 
"<$?>"
	"?" Punctuation FS lang:es 00:00:16 00:00:21 tt-1115 AF049_1993_CT_SU2011_ER_02 

"<Claro>"
	"claro" Adjective ADJ Singular lang:es 00:00:16 00:00:21 tt-1116 AF049_1993_CT_SU2011_ER_02 
"<,>"
	"," Punctuation CM lang:es 00:00:16 00:00:21 tt-1117 AF049_1993_CT_SU2011_ER_02 
"<tú>"
	"tú" Pronoun PPX Singular lang:es 00:00:16 00:00:21 tt-1118 AF049_1993_CT_SU2011_ER_02 @Gram:Pron:Sujeto ADD:624 
"<dirías>"
	"decir" Verb VLfin Cond Indi Sing 2nd lang:es 00:00:16 00:00:21 tt-1119 AF049_1993_CT_SU2011_ER_02 
"<de>"
	"de" Preposition PREP lang:es 00:00:16 00:00:21 tt-1120 AF049_1993_CT_SU2011_ER_02 @Gram:Prep ADD:614 
"<San>"
	"Santo" Noun NP Singular lang:es 00:00:21 00:00:26 tt-1121 AF049_1993_CT_SU2011_ER_02 
"<Antonio>"
	"Antonio" Noun NP Singular lang:es 00:00:21 00:00:26 tt-1122 AF049_1993_CT_SU2011_ER_02 
"<,>"
	"," Punctuation CM lang:es 00:00:21 00:00:26 tt-1123 AF049_1993_CT_SU2011_ER_02 
"<pero>"
	"pero" Conjunction CCAD lang:es 00:00:21 00:00:26 tt-1124 AF049_1993_CT_SU2011_ER_02 @Prag:MarcadoresDisc:Revision ADD:1032 
"<se>"
	"se" Other SE lang:es 00:00:21 00:00:26 tt-1125 AF049_1993_CT_SU2011_ER_02 
"<sabe>"
	"saber" Verb VLfin Pres Indi Sing 3rd lang:es 00:00:21 00:00:26 tt-1126 AF049_1993_CT_SU2011_ER_02 
"<que>"
	"que" Conjunction CQUE lang:es 00:00:21 00:00:26 tt-1127 AF049_1993_CT_SU2011_ER_02 
"<eso>"
	"ese" Determiner DM Singular lang:es 00:00:21 00:00:26 tt-1128 AF049_1993_CT_SU2011_ER_02 
"<no>"
	"no" Adverb NEG lang:es 00:00:21 00:00:26 tt-1129 AF049_1993_CT_SU2011_ER_02 
"<es>"
	"ser" Verb VSfin Pres Indi Sing 3rd lang:es 00:00:21 00:00:26 tt-1130 AF049_1993_CT_SU2011_ER_02 @Gram:SerEstar:Ser ADD:803 
"<lo>"
	"el" Determiner ART Singular lang:es 00:00:21 00:00:26 tt-1131 AF049_1993_CT_SU2011_ER_02 ID:71 R:Gram:Det:LoAdj:72 ADDRELATION(Gram:Det:LoAdj):422 
"<que>"
	"que" Conjunction CQUE lang:es 00:00:21 00:00:26 tt-1132 AF049_1993_CT_SU2011_ER_02 ID:72 
"<te>"
	"tú" Pronoun PPX Singular lang:es 00:00:21 00:00:26 tt-1133 AF049_1993_CT_SU2011_ER_02 @Gram:Pron:Objeto ADD:648 
"<están>"
	"estar" Verb VEfin Pres Indi Plural 3rd lang:es 00:00:21 00:00:26 tt-1134 AF049_1993_CT_SU2011_ER_02 @Gram:SerEstar:Estar ID:74 R:Gram:SerEstar:EstarAux:75 ADD:812 ADDRELATION(Gram:SerEstar:EstarAux):828 
"<preguntando>"
	"preguntar" Verb VLger lang:es 00:00:21 00:00:26 tt-1135 AF049_1993_CT_SU2011_ER_02 ID:75 
"<,>"
	"," Punctuation CM lang:es 00:00:21 00:00:26 tt-1136 AF049_1993_CT_SU2011_ER_02 
"<te>"
	"tú" Pronoun PPX Singular lang:es 00:00:21 00:00:26 tt-1137 AF049_1993_CT_SU2011_ER_02 @Gram:Pron:Objeto ADD:648 
"<están>"
	"estar" Verb VEfin Pres Indi Plural 3rd lang:es 00:00:21 00:00:26 tt-1138 AF049_1993_CT_SU2011_ER_02 @Gram:SerEstar:Estar ID:78 R:Gram:SerEstar:EstarAux:79 ADD:812 ADDRELATION(Gram:SerEstar:EstarAux):828 
"<preguntando>"
	"preguntar" Verb VLger lang:es 00:00:21 00:00:26 tt-1139 AF049_1993_CT_SU2011_ER_02 ID:79 
"<,>"
	"," Punctuation CM lang:es 00:00:21 00:00:26 tt-1140 AF049_1993_CT_SU2011_ER_02 
"<no>"
	"no" Adverb NEG lang:es 00:00:26 00:00:31 tt-1141 AF049_1993_CT_SU2011_ER_02 
"<sé>"
	"saber|ser" Verb VLfin Pres Indi Sing 1st lang:es 00:00:26 00:00:31 tt-1142 AF049_1993_CT_SU2011_ER_02 
"<$¿>"
	"¿" Punctuation FS lang:es 00:00:26 00:00:31 tt-1143 AF049_1993_CT_SU2011_ER_02 
"<de>"
	"de" Preposition PREP lang:es 00:00:26 00:00:31 tt-1144 AF049_1993_CT_SU2011_ER_02 @Gram:Prep ADD:614 
"<dónde>"
	"dónde" Adverb ADV lang:es 00:00:26 00:00:31 tt-1145 AF049_1993_CT_SU2011_ER_02 
"<es>"
	"ser" Verb VSfin Pres Indi Sing 3rd lang:es 00:00:26 00:00:31 tt-1146 AF049_1993_CT_SU2011_ER_02 @Gram:SerEstar:Ser ADD:803 
"<tu>"
	"tú" Pronoun PPX Singular lang:es 00:00:26 00:00:31 tt-1147 AF049_1993_CT_SU2011_ER_02 @Gram:Det:Pos ADD:446 
"<familia>"
	"familia" Noun NC Singular lang:es 00:00:26 00:00:31 tt-1148 AF049_1993_CT_SU2011_ER_02 
"<$?>"
	"?" Punctuation FS lang:es 00:00:26 00:00:31 tt-1149 AF049_1993_CT_SU2011_ER_02 

"<$¿>"
	"¿" Punctuation FS lang:es 00:00:26 00:00:31 tt-1150 AF049_1993_CT_SU2011_ER_02 
"<De>"
	"de" Preposition PREP lang:es 00:00:26 00:00:31 tt-1151 AF049_1993_CT_SU2011_ER_02 @Gram:Prep ADD:614 
"<dónde>"
	"dónde" Adverb ADV lang:es 00:00:26 00:00:31 tt-1152 AF049_1993_CT_SU2011_ER_02 
"<vienes>"
	"venir" Verb VLfin Pres Indi Sing 2nd lang:es 00:00:26 00:00:31 tt-1153 AF049_1993_CT_SU2011_ER_02 
"<$?>"
	"?" Punctuation FS lang:es 00:00:26 00:00:31 tt-1154 AF049_1993_CT_SU2011_ER_02 

"<$¿>"
	"¿" Punctuation FS lang:es 00:00:26 00:00:31 tt-1155 AF049_1993_CT_SU2011_ER_02 
"<Qué>"
	"qué" Pronoun INT Singular lang:es 00:00:26 00:00:31 tt-1156 AF049_1993_CT_SU2011_ER_02 
"<tipo>"
	"tipo" Noun NC Singular lang:es 00:00:26 00:00:31 tt-1157 AF049_1993_CT_SU2011_ER_02 
"<de>"
	"de" Preposition PREP lang:es 00:00:26 00:00:31 tt-1158 AF049_1993_CT_SU2011_ER_02 @Gram:Prep ADD:614 
"<herencia>"
	"herencia" Noun NC Singular lang:es 00:00:26 00:00:31 tt-1159 AF049_1993_CT_SU2011_ER_02 
"<tienes>"
	"tener" Verb VLfin Pres Indi Sing 2nd lang:es 00:00:26 00:00:31 tt-1160 AF049_1993_CT_SU2011_ER_02 
"<$?>"
	"?" Punctuation FS lang:es 00:00:26 00:00:31 tt-1161 AF049_1993_CT_SU2011_ER_02 

"<En>"
	"en" Preposition PREP lang:es 00:00:26 00:00:31 tt-1162 AF049_1993_CT_SU2011_ER_02 @Gram:Prep ADD:614 
"<esas>"
	"ese" Determiner DM Plural lang:es 00:00:31 00:00:35 tt-1163 AF049_1993_CT_SU2011_ER_02 @Gram:Det:Demo ADD:432 
"<circunstancias>"
	"circunstancia" Noun NC Plural lang:es 00:00:31 00:00:35 tt-1164 AF049_1993_CT_SU2011_ER_02 
"<$¿>"
	"¿" Punctuation FS lang:es 00:00:31 00:00:35 tt-1165 AF049_1993_CT_SU2011_ER_02 
"<qué>"
	"qué" Pronoun INT Singular lang:es 00:00:31 00:00:35 tt-1166 AF049_1993_CT_SU2011_ER_02 
"<dirías>"
	"decir" Verb VLfin Cond Indi Sing 2nd lang:es 00:00:31 00:00:35 tt-1167 AF049_1993_CT_SU2011_ER_02 
"<$?>"
	"?" Punctuation FS lang:es 00:00:31 00:00:35 tt-1168 AF049_1993_CT_SU2011_ER_02 

"<$¿>"
	"¿" Punctuation FS lang:es 00:00:31 00:00:35 tt-1169 AF049_1993_CT_SU2011_ER_02 
"<Cómo>"
	"cómo" Adverb ADV lang:es 00:00:31 00:00:35 tt-1170 AF049_1993_CT_SU2011_ER_02 
"<te>"
	"tú" Pronoun PPX Singular lang:es 00:00:31 00:00:35 tt-1171 AF049_1993_CT_SU2011_ER_02 @Gram:Pron:Objeto ADD:648 
<lang code="en">
"<defines>"
	"define" Verb VBZ lang:en 00:00:31 00:00:35 tt-1172 AF049_1993_CT_SU2011_ER_02 
</lang>
"<tú>"
	"tú" Pronoun PPX Singular lang:es 00:00:31 00:00:35 tt-1173 AF049_1993_CT_SU2011_ER_02 @Gram:Pron:Sujeto ADD:624 
"<misma>"
	"mismo" Adjective ADJ Singular lang:es 00:00:31 00:00:35 tt-1174 AF049_1993_CT_SU2011_ER_02 
"<$?>"
	"?" Punctuation FS lang:es 00:00:31 00:00:35 tt-1175 AF049_1993_CT_SU2011_ER_02 
</speaker>
<speaker type="subj">

"<Bueno>"
	"bueno" Adjective ADJ Singular lang:es 00:00:35 00:00:40 tt-1176 AF049_1993_CT_SU2011_ER_02 
"<,>"
	"," Punctuation CM lang:es 00:00:35 00:00:40 tt-1177 AF049_1993_CT_SU2011_ER_02 
"<yo>"
	"yo" Pronoun PPX Singular lang:es 00:00:35 00:00:40 tt-1178 AF049_1993_CT_SU2011_ER_02 @Gram:Pron:Sujeto ADD:624 
"<me>"
	"yo" Pronoun PPX Singular lang:es 00:00:35 00:00:40 tt-1179 AF049_1993_CT_SU2011_ER_02 @Gram:Pron:Objeto ADD:648 
"<defino>"
	"UNK" Verb VLfin Pres Indi Sing 1st lang:es 00:00:35 00:00:40 tt-1180 AF049_1993_CT_SU2011_ER_02 
"<hispana>"
	"hispano" Adjective ADJ Singular lang:es 00:00:35 00:00:40 tt-1181 AF049_1993_CT_SU2011_ER_02 
"<,>"
	"," Punctuation CM lang:es 00:00:35 00:00:40 tt-1182 AF049_1993_CT_SU2011_ER_02 
"<y>"
	"y" Conjunciton Conjunction CC lang:es 00:00:35 00:00:40 tt-1183 AF049_1993_CT_SU2011_ER_02 SUBSTITUTE:385 
"<les>"
	"él" Pronoun PPC Plural lang:es 00:00:35 00:00:40 tt-1184 AF049_1993_CT_SU2011_ER_02 @Gram:Pron:Objeto ADD:654 
"<platico>"
	"platicar" Verb VLfin Pres Indi Sing 1st lang:es 00:00:35 00:00:40 tt-1185 AF049_1993_CT_SU2011_ER_02 
"<también>"
	"también" Adverb ADV lang:es 00:00:35 00:00:40 tt-1186 AF049_1993_CT_SU2011_ER_02 @Prag:MarcadoresDisc:Igualdad ADD:1116 
"<que>"
	"que" Conjunction CQUE lang:es 00:00:35 00:00:40 tt-1187 AF049_1993_CT_SU2011_ER_02 
"<mi>"
	"mío" Pronoun PPO Singular lang:es 00:00:35 00:00:40 tt-1188 AF049_1993_CT_SU2011_ER_02 @Gram:Det:Pos ADD:446 
"<papá>"
	"papá" Noun NC Singular lang:es 00:00:35 00:00:40 tt-1189 AF049_1993_CT_SU2011_ER_02 
"<es>"
	"ser" Verb VSfin Pres Indi Sing 3rd lang:es 00:00:35 00:00:40 tt-1190 AF049_1993_CT_SU2011_ER_02 @Gram:SerEstar:Ser ADD:803 
"<de>"
	"de" Preposition PREP lang:es 00:00:35 00:00:40 tt-1191 AF049_1993_CT_SU2011_ER_02 @Gram:Prep ADD:614 
"<Monterrey>"
	"Monterrey" Noun NP Singular lang:es 00:00:35 00:00:40 tt-1192 AF049_1993_CT_SU2011_ER_02 
"<y>"
	"y" Conjunciton Conjunction CC lang:es 00:00:35 00:00:40 tt-1193 AF049_1993_CT_SU2011_ER_02 SUBSTITUTE:385 
"<o>"
	"o" Conjunciton Conjunction CC lang:es 00:00:35 00:00:40 tt-1194 AF049_1993_CT_SU2011_ER_02 SUBSTITUTE:387 
"<aprendí>"
	"aprender" Verb VLfin Pret Indi Sing 1st lang:es 00:00:40 00:00:44 tt-1195 AF049_1993_CT_SU2011_ER_02 @Gram:Indefinido ADD:688 
"<el>"
	"el" Determiner ART Singular Masc lang:es 00:00:40 00:00:44 tt-1196 AF049_1993_CT_SU2011_ER_02 @Gram:Det:Art ADD:416 
"<español>"
	"español" Noun NC Singular lang:es 00:00:40 00:00:44 tt-1197 AF049_1993_CT_SU2011_ER_02 
"<en>"
	"en" Preposition PREP lang:es 00:00:40 00:00:44 tt-1198 AF049_1993_CT_SU2011_ER_02 @Gram:Prep ADD:614 
"<Monterrey>"
	"Monterrey" Noun NP Singular lang:es 00:00:40 00:00:44 tt-1199 AF049_1993_CT_SU2011_ER_02 
"<porque>"
	"porque" Conjunction CSUBX lang:es 00:00:40 00:00:44 tt-1200 AF049_1993_CT_SU2011_ER_02 @Prag:MarcadoresDisc:Causa ADD:1085 
"<muchas>"
	"mucho" Determiner QU lang:es 00:00:40 00:00:44 tt-1201 AF049_1993_CT_SU2011_ER_02 @Gram:Det:CuantIndef ADD:468 
"<veces>"
	"vez" Noun NC Plural lang:es 00:00:40 00:00:44 tt-1202 AF049_1993_CT_SU2011_ER_02 
"<te>"
	"tú" Pronoun PPX Singular lang:es 00:00:40 00:00:44 tt-1203 AF049_1993_CT_SU2011_ER_02 @Gram:Pron:Objeto ADD:648 
"<preguntan>"
	"preguntar" Verb VLfin Pres Indi Plural 3rd lang:es 00:00:40 00:00:44 tt-1204 AF049_1993_CT_SU2011_ER_02 
"<por>"
	"por" Preposition PREP lang:es 00:00:40 00:00:44 tt-1205 AF049_1993_CT_SU2011_ER_02 @Gram:Prep:Por SUBSTITUTE:262 ADD:608 
"<qué>"
	"qué" Adverb ADV lang:es 00:00:40 00:00:44 tt-1206 AF049_1993_CT_SU2011_ER_02 
"<tu>"
	"tú" Pronoun PPX Singular lang:es 00:00:40 00:00:44 tt-1207 AF049_1993_CT_SU2011_ER_02 @Gram:Det:Pos ADD:446 
"<acento>"
	"acento" Noun NC Singular lang:es 00:00:40 00:00:44 tt-1208 AF049_1993_CT_SU2011_ER_02 
"<en>"
	"en" Preposition PREP lang:es 00:00:40 00:00:44 tt-1209 AF049_1993_CT_SU2011_ER_02 @Gram:Prep ADD:614 
"<español>"
	"español" Noun NC Singular lang:es 00:00:40 00:00:44 tt-1210 AF049_1993_CT_SU2011_ER_02 
"<es>"
	"ser" Verb VSfin Pres Indi Sing 3rd lang:es 00:00:44 00:00:49 tt-1211 AF049_1993_CT_SU2011_ER_02 @Gram:SerEstar:Ser ADD:803 
"<muy>"
	"muy" Adverb ADV lang:es 00:00:44 00:00:49 tt-1212 AF049_1993_CT_SU2011_ER_02 
"<diferente>"
	"diferente" Adjective ADJ Singular lang:es 00:00:44 00:00:49 tt-1213 AF049_1993_CT_SU2011_ER_02 
"<a>"
	"a" Preposition PREP lang:es 00:00:44 00:00:49 tt-1214 AF049_1993_CT_SU2011_ER_02 @Gram:Prep SUBSTITUTE:389 ADD:614 
"<lo>"
	"el" Determiner ART Singular lang:es 00:00:44 00:00:49 tt-1215 AF049_1993_CT_SU2011_ER_02 
"<de>"
	"de" Preposition PREP lang:es 00:00:44 00:00:49 tt-1216 AF049_1993_CT_SU2011_ER_02 @Gram:Prep ADD:614 
"<ellos>"
	"él" Pronoun PPX Plural lang:es 00:00:44 00:00:49 tt-1217 AF049_1993_CT_SU2011_ER_02 @Gram:Pron:Sujeto ADD:624 
"<,>"
	"," Punctuation CM lang:es 00:00:44 00:00:49 tt-1218 AF049_1993_CT_SU2011_ER_02 
"<y>"
	"y" Conjunciton Conjunction CC lang:es 00:00:44 00:00:49 tt-1219 AF049_1993_CT_SU2011_ER_02 SUBSTITUTE:385 
"<a>"
	"a" Preposition PREP Adverb ADV lang:es 00:00:44 00:00:49 tt-1220 AF049_1993_CT_SU2011_ER_02 @Gram:Prep SUBSTITUTE:389 ADD:614 
"<veces>"
	"veces" Adverb ADV lang:es 00:00:44 00:00:49 tt-1221 AF049_1993_CT_SU2011_ER_02 
"<también>"
	"también" Adverb ADV lang:es 00:00:44 00:00:49 tt-1222 AF049_1993_CT_SU2011_ER_02 @Prag:MarcadoresDisc:Igualdad ADD:1116 
"<me>"
	"yo" Pronoun PPX Singular lang:es 00:00:44 00:00:49 tt-1223 AF049_1993_CT_SU2011_ER_02 @Gram:Pron:Objeto ADD:648 
"<dicen>"
	"decir" Verb VLfin Pres Indi Plural 3rd lang:es 00:00:44 00:00:49 tt-1224 AF049_1993_CT_SU2011_ER_02 
"<que>"
	"que" Conjunction CQUE lang:es 00:00:44 00:00:49 tt-1225 AF049_1993_CT_SU2011_ER_02 
"<tengo>"
	"tener" Verb VLfin Pres Indi Sing 1st lang:es 00:00:44 00:00:49 tt-1226 AF049_1993_CT_SU2011_ER_02 
"<un>"
	"un" Determiner ART Singular lang:es 00:00:44 00:00:49 tt-1227 AF049_1993_CT_SU2011_ER_02 
"<acento>"
	"acento" Noun NC Singular lang:es 00:00:44 00:00:49 tt-1228 AF049_1993_CT_SU2011_ER_02 
"<americana>"
	"americano" Adjective ADJ Singular lang:es 00:00:44 00:00:49 tt-1229 AF049_1993_CT_SU2011_ER_02 
"<,>"
	"," Punctuation CM lang:es 00:00:44 00:00:49 tt-1230 AF049_1993_CT_SU2011_ER_02 
"<que>"
	"que" Conjunction CQUE lang:es 00:00:49 00:00:53 tt-1231 AF049_1993_CT_SU2011_ER_02 
"<no>"
	"no" Adverb NEG lang:es 00:00:49 00:00:53 tt-1232 AF049_1993_CT_SU2011_ER_02 
"<lo>"
	"él" Pronoun PPC Singular lang:es 00:00:49 00:00:53 tt-1233 AF049_1993_CT_SU2011_ER_02 @Gram:Pron:Objeto ADD:654 
"<hablo>"
	"hablar" Verb VLfin Pres Indi Sing 1st lang:es 00:00:49 00:00:53 tt-1234 AF049_1993_CT_SU2011_ER_02 
"<correcto>"
	"correcto" Adjective ADJ Singular lang:es 00:00:49 00:00:53 tt-1235 AF049_1993_CT_SU2011_ER_02 
"<$.>"
	"." Punctuation FS lang:es 00:00:49 00:00:53 tt-1236 AF049_1993_CT_SU2011_ER_02 
<lang code="en">

"<So>"
	"so" Adverb RB lang:en 00:00:49 00:00:53 tt-1237 AF049_1993_CT_SU2011_ER_02 
</lang>
"<,>"
	"," Punctuation CM lang:es 00:00:49 00:00:53 tt-1238 AF049_1993_CT_SU2011_ER_02 
"<siempre>"
	"siempre" Adverb ADV lang:es 00:00:49 00:00:53 tt-1239 AF049_1993_CT_SU2011_ER_02 
"<les>"
	"él" Pronoun PPC Plural lang:es 00:00:49 00:00:53 tt-1240 AF049_1993_CT_SU2011_ER_02 @Gram:Pron:Objeto ADD:654 
"<explico>"
	"explicar" Verb VLfin Pres Indi Sing 1st lang:es 00:00:49 00:00:53 tt-1241 AF049_1993_CT_SU2011_ER_02 
"<que>"
	"que" Conjunction CQUE lang:es 00:00:49 00:00:53 tt-1242 AF049_1993_CT_SU2011_ER_02 
"<nací>"
	"nacer" Verb VLfin Pret Indi Sing 1st lang:es 00:00:49 00:00:53 tt-1243 AF049_1993_CT_SU2011_ER_02 @Gram:Indefinido ADD:688 
"<aquí>"
	"aquí" Adverb ADV lang:es 00:00:49 00:00:53 tt-1244 AF049_1993_CT_SU2011_ER_02 
"<,>"
	"," Punctuation CM lang:es 00:00:49 00:00:53 tt-1245 AF049_1993_CT_SU2011_ER_02 
"<pero>"
	"pero" Conjunction CCAD lang:es 00:00:49 00:00:53 tt-1246 AF049_1993_CT_SU2011_ER_02 @Prag:MarcadoresDisc:Revision ADD:1032 
"<mi>"
	"mío" Pronoun PPO Singular lang:es 00:00:49 00:00:53 tt-1247 AF049_1993_CT_SU2011_ER_02 @Gram:Det:Pos ADD:446 
"<papá>"
	"papá" Noun NC Singular lang:es 00:00:49 00:00:53 tt-1248 AF049_1993_CT_SU2011_ER_02 
"<es>"
	"ser" Verb VSfin Pres Indi Sing 3rd lang:es 00:00:49 00:00:53 tt-1249 AF049_1993_CT_SU2011_ER_02 @Gram:SerEstar:Ser ADD:803 
"<de>"
	"de" Preposition PREP lang:es 00:00:49 00:00:53 tt-1250 AF049_1993_CT_SU2011_ER_02 @Gram:Prep ADD:614 
"<Monterrey>"
	"Monterrey" Noun NP Singular lang:es 00:00:53 00:01:00 tt-1251 AF049_1993_CT_SU2011_ER_02 
"<y>"
	"y" Conjunciton Conjunction CC lang:es 00:00:53 00:01:00 tt-1252 AF049_1993_CT_SU2011_ER_02 SUBSTITUTE:385 
"<yo>"
	"yo" Pronoun PPX Singular lang:es 00:00:53 00:01:00 tt-1253 AF049_1993_CT_SU2011_ER_02 @Gram:Pron:Sujeto ADD:624 
"<me>"
	"yo" Pronoun PPX Singular lang:es 00:00:53 00:01:00 tt-1254 AF049_1993_CT_SU2011_ER_02 @Gram:Pron:Objeto ADD:648 
"<identifico>"
	"UNK" Verb VLfin Pres Indi Sing 1st lang:es 00:00:53 00:01:00 tt-1255 AF049_1993_CT_SU2011_ER_02 
"<como>"
	"como" Conjunction CSUBX lang:es 00:00:53 00:01:00 tt-1256 AF049_1993_CT_SU2011_ER_02 
"<hispana>"
	"hispano" Adjective ADJ Singular lang:es 00:00:53 00:01:00 tt-1257 AF049_1993_CT_SU2011_ER_02 
"<$.>"
	"." Punctuation FS lang:es 00:00:53 00:01:00 tt-1258 AF049_1993_CT_SU2011_ER_02 

"<Y>"
	"y" Conjunciton Conjunction CC lang:es 00:00:53 00:01:00 tt-1259 AF049_1993_CT_SU2011_ER_02 SUBSTITUTE:385 
"<yo>"
	"yo" Pronoun PPX Singular lang:es 00:00:53 00:01:00 tt-1260 AF049_1993_CT_SU2011_ER_02 @Gram:Pron:Sujeto ADD:624 
"<...>"
	"..." Punctuation DOTS lang:es 00:00:53 00:01:00 tt-1261 AF049_1993_CT_SU2011_ER_02 
"<también>"
	"también" Adverb ADV lang:es 00:00:53 00:01:00 tt-1262 AF049_1993_CT_SU2011_ER_02 @Prag:MarcadoresDisc:Igualdad ADD:1116 
"<porque>"
	"porque" Conjunction CSUBX lang:es 00:00:53 00:01:00 tt-1263 AF049_1993_CT_SU2011_ER_02 @Prag:MarcadoresDisc:Causa ADD:1085 
"<en>"
	"en" Preposition PREP lang:es 00:00:53 00:01:00 tt-1264 AF049_1993_CT_SU2011_ER_02 @Gram:Prep ADD:614 
"<el>"
	"el" Determiner ART Singular Masc lang:es 00:00:53 00:01:00 tt-1265 AF049_1993_CT_SU2011_ER_02 @Gram:Det:Art ADD:416 
"<lado>"
	"lado" Noun NC Singular lang:es 00:00:53 00:01:00 tt-1266 AF049_1993_CT_SU2011_ER_02 
"<de>"
	"de" Preposition PREP lang:es 00:00:53 00:01:00 tt-1267 AF049_1993_CT_SU2011_ER_02 @Gram:Prep ADD:614 
"<mi>"
	"mío" Pronoun PPO Singular lang:es 00:00:53 00:01:00 tt-1268 AF049_1993_CT_SU2011_ER_02 @Gram:Det:Pos ADD:446 
"<mamá>"
	"mamá" Noun NC Singular lang:es 00:00:53 00:01:00 tt-1269 AF049_1993_CT_SU2011_ER_02 
"<,>"
	"," Punctuation CM lang:es 00:00:53 00:01:00 tt-1270 AF049_1993_CT_SU2011_ER_02 
"<mis>"
	"mío" Pronoun PPO Plural lang:es 00:01:02 00:01:09 tt-1271 AF049_1993_CT_SU2011_ER_02 @Gram:Det:Pos SUBSTITUTE:309 ADD:447 
"<bisabuelos>"
	"bisabuelo" Noun NC Plural lang:es 00:01:02 00:01:09 tt-1272 AF049_1993_CT_SU2011_ER_02 
"<eran>"
	"ser" Verb VSfin Imp Indi Plural 3rd lang:es 00:01:02 00:01:09 tt-1273 AF049_1993_CT_SU2011_ER_02 @Gram:Imperf @Gram:SerEstar:Ser SUBSTITUTE:304 ADD:679 ADD:803 
"<de>"
	"de" Preposition PREP lang:es 00:01:02 00:01:09 tt-1274 AF049_1993_CT_SU2011_ER_02 @Gram:Prep ADD:614 
"<España>"
	"España" Noun NP Singular lang:es 00:01:02 00:01:09 tt-1275 AF049_1993_CT_SU2011_ER_02 
"<,>"
	"," Punctuation CM lang:es 00:01:02 00:01:09 tt-1276 AF049_1993_CT_SU2011_ER_02 
<lang code="en">
"<so>"
	"so" Preposition IN lang:en 00:01:02 00:01:09 tt-1277 AF049_1993_CT_SU2011_ER_02 @Gram:Prep ADD:614 
</lang>
"<para>"
	"para" Preposition PREP lang:es 00:01:02 00:01:09 tt-1278 AF049_1993_CT_SU2011_ER_02 @Gram:Prep:Para SUBSTITUTE:336 ADD:578 
"<mí>"
	"yo" Pronoun PPX Singular lang:es 00:01:02 00:01:09 tt-1279 AF049_1993_CT_SU2011_ER_02 
"<el>"
	"el" Determiner ART Singular Masc lang:es 00:01:02 00:01:09 tt-1280 AF049_1993_CT_SU2011_ER_02 @Gram:Det:Art ADD:416 
"<...>"
	"..." Punctuation DOTS lang:es 00:01:02 00:01:09 tt-1281 AF049_1993_CT_SU2011_ER_02 
"<porque>"
	"porque" Conjunction CSUBX lang:es 00:01:02 00:01:09 tt-1282 AF049_1993_CT_SU2011_ER_02 @Prag:MarcadoresDisc:Causa ADD:1085 
"<mucha>"
	"mucho" Adjective ADJ Singular lang:es 00:01:02 00:01:09 tt-1283 AF049_1993_CT_SU2011_ER_02 
"<gente>"
	"gente" Noun NC Singular lang:es 00:01:02 00:01:09 tt-1284 AF049_1993_CT_SU2011_ER_02 
"<no>"
	"no" Adverb NEG lang:es 00:01:02 00:01:09 tt-1285 AF049_1993_CT_SU2011_ER_02 
"<le>"
	"él" Pronoun PPC Singular lang:es 00:01:02 00:01:09 tt-1286 AF049_1993_CT_SU2011_ER_02 @Gram:Pron:Objeto ID:226 R:Gram:Gustar:Ajenos:227 ADD:654 ADDRELATION(Gram:Gustar:Ajenos):735 
"<gustan>"
	"gustar" Verb VLfin Pres Indi Plural 3rd lang:es 00:01:02 00:01:09 tt-1287 AF049_1993_CT_SU2011_ER_02 ID:227 
"<la>"
	"el" Determiner ART Singular Fem lang:es 00:01:02 00:01:09 tt-1288 AF049_1993_CT_SU2011_ER_02 @Gram:Det:Art ADD:416 
"<identificación>"
	"identificación" Noun NC Singular lang:es 00:01:02 00:01:09 tt-1289 AF049_1993_CT_SU2011_ER_02 
"<hispana>"
	"hispano" Adjective ADJ Singular lang:es 00:01:11 00:01:17 tt-1290 AF049_1993_CT_SU2011_ER_02 
"<porque>"
	"porque" Conjunction CSUBX lang:es 00:01:11 00:01:17 tt-1291 AF049_1993_CT_SU2011_ER_02 @Prag:MarcadoresDisc:Causa ADD:1085 
"<dicen>"
	"decir" Verb VLfin Pres Indi Plural 3rd lang:es 00:01:11 00:01:17 tt-1292 AF049_1993_CT_SU2011_ER_02 
"<que>"
	"que" Conjunction CQUE lang:es 00:01:11 00:01:17 tt-1293 AF049_1993_CT_SU2011_ER_02 
"<es>"
	"ser" Verb VSfin Pres Indi Sing 3rd lang:es 00:01:11 00:01:17 tt-1294 AF049_1993_CT_SU2011_ER_02 @Gram:SerEstar:Ser ADD:803 
"<una>"
	"un" Determiner ART Singular lang:es 00:01:11 00:01:17 tt-1295 AF049_1993_CT_SU2011_ER_02 
"<terma>"
	"UNK" Noun NC Singular lang:es 00:01:11 00:01:17 tt-1296 AF049_1993_CT_SU2011_ER_02 
"<que>"
	"que" Conjunction CQUE lang:es 00:01:11 00:01:17 tt-1297 AF049_1993_CT_SU2011_ER_02 
"<crearon>"
	"crear" Verb VLfin Pret Indi Plural 3rd lang:es 00:01:11 00:01:17 tt-1298 AF049_1993_CT_SU2011_ER_02 @Gram:Indefinido ADD:688 
"<en>"
	"en" Preposition PREP lang:es 00:01:11 00:01:17 tt-1299 AF049_1993_CT_SU2011_ER_02 @Gram:Prep ADD:614 
"<mil>"
	"mil" Determiner CARD Singular lang:es 00:01:11 00:01:17 tt-1300 AF049_1993_CT_SU2011_ER_02 
"<novecientos>"
	"novecientos" Determiner CARD Plural lang:es 00:01:11 00:01:17 tt-1301 AF049_1993_CT_SU2011_ER_02 
"<noventa>"
	"noventa" Determiner CARD Singular lang:es 00:01:11 00:01:17 tt-1302 AF049_1993_CT_SU2011_ER_02 
"<bien>"
	"bien" Adverb ADV lang:es 00:01:11 00:01:17 tt-1303 AF049_1993_CT_SU2011_ER_02 
"<recientemente>"
	"recientemente" Adverb ADV lang:es 00:01:11 00:01:17 tt-1304 AF049_1993_CT_SU2011_ER_02 
"<cuando>"
	"cuando" Conjunction CSUBX lang:es 00:01:11 00:01:17 tt-1305 AF049_1993_CT_SU2011_ER_02 
"<no>"
	"no" Adverb NEG lang:es 00:01:17 00:01:24 tt-1306 AF049_1993_CT_SU2011_ER_02 
"<tenían>"
	"tener" Verb VLfin Imp Indi Plural 3rd lang:es 00:01:17 00:01:24 tt-1307 AF049_1993_CT_SU2011_ER_02 @Gram:Imperf ADD:679 
"<una>"
	"un" Determiner ART Singular lang:es 00:01:17 00:01:24 tt-1308 AF049_1993_CT_SU2011_ER_02 
"<palabra>"
	"palabra" Noun NC Singular lang:es 00:01:17 00:01:24 tt-1309 AF049_1993_CT_SU2011_ER_02 
"<para>"
	"para" Preposition PREP lang:es 00:01:17 00:01:24 tt-1310 AF049_1993_CT_SU2011_ER_02 @Gram:Prep:Para SUBSTITUTE:336 ADD:559 
"<llamarnos>"
	"llamar" Verb VLinf Infinitive lang:es 00:01:17 00:01:24 tt-1311 AF049_1993_CT_SU2011_ER_02 
"<,>"
	"," Punctuation CM lang:es 00:01:17 00:01:24 tt-1312 AF049_1993_CT_SU2011_ER_02 
"<pero>"
	"pero" Conjunction CCAD lang:es 00:01:17 00:01:24 tt-1313 AF049_1993_CT_SU2011_ER_02 @Prag:MarcadoresDisc:Revision ADD:1032 
"<para>"
	"para" Preposition PREP lang:es 00:01:17 00:01:24 tt-1314 AF049_1993_CT_SU2011_ER_02 @Gram:Prep:Para SUBSTITUTE:336 ADD:578 
"<mí>"
	"yo" Pronoun PPX Singular lang:es 00:01:17 00:01:24 tt-1315 AF049_1993_CT_SU2011_ER_02 
"<no>"
	"no" Adverb NEG lang:es 00:01:17 00:01:24 tt-1316 AF049_1993_CT_SU2011_ER_02 
"<tiene>"
	"tener" Verb VLfin Pres Indi Sing 3rd lang:es 00:01:17 00:01:24 tt-1317 AF049_1993_CT_SU2011_ER_02 
"<un>"
	"un" Determiner ART Singular lang:es 00:01:17 00:01:24 tt-1318 AF049_1993_CT_SU2011_ER_02 
"<connotation>"
	"UNK" Noun NC Singular lang:es 00:01:17 00:01:24 tt-1319 AF049_1993_CT_SU2011_ER_02 
"<negativa>"
	"negativo" Adjective ADJ Singular lang:es 00:01:17 00:01:24 tt-1320 AF049_1993_CT_SU2011_ER_02 
"<y>"
	"y" Conjunciton Conjunction CC lang:es 00:01:25 00:01:32 tt-1321 AF049_1993_CT_SU2011_ER_02 SUBSTITUTE:385 
"<desde>"
	"desde" Preposition PREP lang:es 00:01:25 00:01:32 tt-1322 AF049_1993_CT_SU2011_ER_02 @Gram:Prep ADD:614 
"<que>"
	"que" Conjunction CQUE lang:es 00:01:25 00:01:32 tt-1323 AF049_1993_CT_SU2011_ER_02 
"<era>"
	"ser" Verb VEfin Imp Indi Sing 1st_or_3rd lang:es 00:01:25 00:01:32 tt-1324 AF049_1993_CT_SU2011_ER_02 @Gram:Imperf @Gram:SerEstar:Ser ADD:679 ADD:803 
"<niña>"
	"niño" Noun NC Singular lang:es 00:01:25 00:01:32 tt-1325 AF049_1993_CT_SU2011_ER_02 
"<en>"
	"en" Preposition PREP lang:es 00:01:25 00:01:32 tt-1326 AF049_1993_CT_SU2011_ER_02 @Gram:Prep ADD:614 
"<primaria>"
	"primario" Adjective ADJ Singular lang:es 00:01:25 00:01:32 tt-1327 AF049_1993_CT_SU2011_ER_02 
"<cuando>"
	"cuando" Conjunction CSUBX lang:es 00:01:25 00:01:32 tt-1328 AF049_1993_CT_SU2011_ER_02 
"<tienes>"
	"tener" Verb VLfin Pres Indi Sing 2nd lang:es 00:01:25 00:01:32 tt-1329 AF049_1993_CT_SU2011_ER_02 
"<que>"
	"que" Conjunction CQUE lang:es 00:01:25 00:01:32 tt-1330 AF049_1993_CT_SU2011_ER_02 
"<uhm>"
	"UNK" Noun NP Singular lang:es 00:01:25 00:01:32 tt-1331 AF049_1993_CT_SU2011_ER_02 
"<...>"
	"..." Punctuation DOTS lang:es 00:01:25 00:01:32 tt-1332 AF049_1993_CT_SU2011_ER_02 
"<escribir>"
	"escribir" Verb VLinf Infinitive lang:es 00:01:25 00:01:32 tt-1333 AF049_1993_CT_SU2011_ER_02 SUBSTITUTE:320 
"<o>"
	"o" Conjunciton Conjunction CC lang:es 00:01:25 00:01:32 tt-1334 AF049_1993_CT_SU2011_ER_02 SUBSTITUTE:387 
<lang code="en">
"<to>"
	"to" Other TO lang:en 00:01:25 00:01:32 tt-1335 AF049_1993_CT_SU2011_ER_02 
"<fill>"
	"fill" Verb VB lang:en 00:01:25 00:01:32 tt-1336 AF049_1993_CT_SU2011_ER_02 
"<out>"
	"out" Other RP lang:en 00:01:25 00:01:32 tt-1337 AF049_1993_CT_SU2011_ER_02 
</lang>
"<los>"
	"el" Determiner ART Plural Masc lang:es 00:01:25 00:01:32 tt-1338 AF049_1993_CT_SU2011_ER_02 @Gram:Det:Art ADD:416 
"<papeles>"
	"papel" Noun NC Plural lang:es 00:01:25 00:01:32 tt-1339 AF049_1993_CT_SU2011_ER_02 
"<que>"
	"que" Conjunction CQUE lang:es 00:01:34 00:01:39 tt-1340 AF049_1993_CT_SU2011_ER_02 
"<te>"
	"tú" Pronoun PPX Singular lang:es 00:01:34 00:01:39 tt-1341 AF049_1993_CT_SU2011_ER_02 @Gram:Pron:Objeto ADD:648 
"<dan>"
	"dar" Verb VLfin Pres Indi Plural 3rd lang:es 00:01:34 00:01:39 tt-1342 AF049_1993_CT_SU2011_ER_02 
"<al>"
	"al" Preposition PAL lang:es 00:01:34 00:01:39 tt-1343 AF049_1993_CT_SU2011_ER_02 @Gram:Prep ADD:614 
"<principio>"
	"principio" Noun NC Singular lang:es 00:01:34 00:01:39 tt-1344 AF049_1993_CT_SU2011_ER_02 
"<de>"
	"de" Preposition PREP lang:es 00:01:34 00:01:39 tt-1345 AF049_1993_CT_SU2011_ER_02 @Gram:Prep ADD:614 
"<la>"
	"el" Determiner ART Singular Fem lang:es 00:01:34 00:01:39 tt-1346 AF049_1993_CT_SU2011_ER_02 @Gram:Det:Art ADD:416 
"<escuela>"
	"escuela" Noun NC Singular lang:es 00:01:34 00:01:39 tt-1347 AF049_1993_CT_SU2011_ER_02 
"<,>"
	"," Punctuation CM lang:es 00:01:34 00:01:39 tt-1348 AF049_1993_CT_SU2011_ER_02 
"<de>"
	"de" Preposition PREP lang:es 00:01:34 00:01:39 tt-1349 AF049_1993_CT_SU2011_ER_02 @Gram:Prep ADD:614 
"<todo>"
	"todo" Determiner QU lang:es 00:01:34 00:01:39 tt-1350 AF049_1993_CT_SU2011_ER_02 
"<y>"
	"y" Conjunciton Conjunction CC lang:es 00:01:34 00:01:39 tt-1351 AF049_1993_CT_SU2011_ER_02 SUBSTITUTE:385 
"<siempre>"
	"siempre" Adverb ADV lang:es 00:01:34 00:01:39 tt-1352 AF049_1993_CT_SU2011_ER_02 
"<me>"
	"yo" Pronoun PPX Singular lang:es 00:01:34 00:01:39 tt-1353 AF049_1993_CT_SU2011_ER_02 @Gram:Pron:Objeto ADD:648 
"<identifía>"
	"UNK" Verb VLfin Pres Indi Sing 3rd lang:es 00:01:34 00:01:39 tt-1354 AF049_1993_CT_SU2011_ER_02 
"<como>"
	"como" Conjunction CSUBX lang:es 00:01:34 00:01:39 tt-1355 AF049_1993_CT_SU2011_ER_02 
"<hispana>"
	"hispano" Adjective ADJ Singular lang:es 00:01:34 00:01:39 tt-1356 AF049_1993_CT_SU2011_ER_02 
"<$.>"
	"." Punctuation FS lang:es 00:01:34 00:01:39 tt-1357 AF049_1993_CT_SU2011_ER_02 
</speaker>
</text>

