<text id="AF042_1991_CT_SU2011_ER_08">
<speaker type="int">
"<Y>"
	"Y" Other ALFS lang:es 00:00:00 00:00:05 tt-2675 AF042_1991_CT_SU2011_ER_08 
"<bueno>"
	"bueno" Adjective ADJ Singular lang:es 00:00:00 00:00:05 tt-2676 AF042_1991_CT_SU2011_ER_08 
"<,>"
	"," Punctuation CM lang:es 00:00:00 00:00:05 tt-2677 AF042_1991_CT_SU2011_ER_08 
"<siendo>"
	"ser" Verb VSger Gerund lang:es 00:00:00 00:00:05 tt-2678 AF042_1991_CT_SU2011_ER_08 @Gram:SerEstar:Ser 
"<tú>"
	"tú" Pronoun PPX Singular lang:es 00:00:00 00:00:05 tt-2679 AF042_1991_CT_SU2011_ER_08 @Gram:Pron:Sujeto 
"<hispana>"
	"hispano" Adjective ADJ Singular lang:es 00:00:00 00:00:05 tt-2680 AF042_1991_CT_SU2011_ER_08 
"<,>"
	"," Punctuation CM lang:es 00:00:00 00:00:05 tt-2681 AF042_1991_CT_SU2011_ER_08 
"<$¿>"
	"¿" Punctuation FS lang:es 00:00:00 00:00:05 tt-2682 AF042_1991_CT_SU2011_ER_08 
"<alguna>"
	"alguno" Determiner QU lang:es 00:00:00 00:00:05 tt-2683 AF042_1991_CT_SU2011_ER_08 
"<vez>"
	"vez" Noun NC Singular lang:es 00:00:00 00:00:05 tt-2684 AF042_1991_CT_SU2011_ER_08 
"<has>"
	"haber" Verb VHfin Pres Indi Sing 2nd lang:es 00:00:00 00:00:05 tt-2685 AF042_1991_CT_SU2011_ER_08 @Gram:Haber:Exist 
"<sentido>"
	"sentido" Noun NC Singular lang:es 00:00:00 00:00:05 tt-2686 AF042_1991_CT_SU2011_ER_08 
"<algún>"
	"alguno" Determiner QU lang:es 00:00:00 00:00:05 tt-2687 AF042_1991_CT_SU2011_ER_08 
"<tipo>"
	"tipo" Noun NC Singular lang:es 00:00:00 00:00:05 tt-2688 AF042_1991_CT_SU2011_ER_08 
"<de>"
	"de" Preposition PREP lang:es 00:00:00 00:00:05 tt-2689 AF042_1991_CT_SU2011_ER_08 @Gram:Prep 
"<discriminación>"
	"discriminación" Noun NC Singular lang:es 00:00:00 00:00:05 tt-2690 AF042_1991_CT_SU2011_ER_08 
"<$?>"
	"?" Punctuation FS lang:es 00:00:00 00:00:05 tt-2691 AF042_1991_CT_SU2011_ER_08 
</speaker>
<speaker type="subj">

"<No>"
	"no" Adverb NEG lang:es 00:00:05 00:00:12 tt-2692 AF042_1991_CT_SU2011_ER_08 
"<,>"
	"," Punctuation CM lang:es 00:00:05 00:00:12 tt-2693 AF042_1991_CT_SU2011_ER_08 
"<nunca>"
	"nunca" Adverb ADV lang:es 00:00:05 00:00:12 tt-2694 AF042_1991_CT_SU2011_ER_08 
"<$.>"
	"." Punctuation FS lang:es 00:00:05 00:00:12 tt-2695 AF042_1991_CT_SU2011_ER_08 

"<Mi>"
	"mío" Pronoun PPO Singular lang:es 00:00:05 00:00:12 tt-2696 AF042_1991_CT_SU2011_ER_08 @Gram:Det:Pos 
"<pa>"
	"papá" Noun NC Singular lang:es 00:00:05 00:00:12 tt-2697 AF042_1991_CT_SU2011_ER_08 
"<...>"
	"..." Punctuation DOTS lang:es 00:00:05 00:00:12 tt-2698 AF042_1991_CT_SU2011_ER_08 
"<mi>"
	"mío" Pronoun PPO Singular lang:es 00:00:05 00:00:12 tt-2699 AF042_1991_CT_SU2011_ER_08 @Gram:Det:Pos 
"<papá>"
	"papá" Noun NC Singular lang:es 00:00:05 00:00:12 tt-2700 AF042_1991_CT_SU2011_ER_08 
"<siempre>"
	"siempre" Adverb ADV lang:es 00:00:05 00:00:12 tt-2701 AF042_1991_CT_SU2011_ER_08 
"<me>"
	"yo" Pronoun PPX Singular lang:es 00:00:05 00:00:12 tt-2702 AF042_1991_CT_SU2011_ER_08 @Gram:Pron:Objeto 
"<decía>"
	"decir" Verb VLfin Imp Indi Sing 1st_or_3rd lang:es 00:00:05 00:00:12 tt-2703 AF042_1991_CT_SU2011_ER_08 @Gram:Imperf 
"<sí>"
	"sí" Adverb ADV lang:es 00:00:05 00:00:12 tt-2704 AF042_1991_CT_SU2011_ER_08 
"<va>"
	"ir" Verb VLfin Pres Indi Sing 3rd lang:es 00:00:05 00:00:12 tt-2705 AF042_1991_CT_SU2011_ER_08 ID:31 R:Gram:VFut:Perifrasis:33 
"<a>"
	"a" Preposition PREP lang:es 00:00:05 00:00:12 tt-2706 AF042_1991_CT_SU2011_ER_08 @Gram:Prep 
"<haber>"
	"haber" Verb VLinf VHinf Infinitive lang:es 00:00:05 00:00:12 tt-2707 AF042_1991_CT_SU2011_ER_08 @Gram:Haber:Exist ID:33 
"<gente>"
	"gente" Noun NC Singular lang:es 00:00:05 00:00:12 tt-2708 AF042_1991_CT_SU2011_ER_08 
"<que>"
	"que" Conjunction CQUE lang:es 00:00:05 00:00:12 tt-2709 AF042_1991_CT_SU2011_ER_08 
"<te>"
	"tú" Pronoun PPX Singular lang:es 00:00:05 00:00:12 tt-2710 AF042_1991_CT_SU2011_ER_08 @Gram:Pron:Objeto 
"<va>"
	"ir" Verb VLfin Pres Indi Sing 3rd lang:es 00:00:05 00:00:12 tt-2711 AF042_1991_CT_SU2011_ER_08 ID:37 R:Gram:VFut:Perifrasis:39 
"<a>"
	"a" Preposition PREP lang:es 00:00:05 00:00:12 tt-2712 AF042_1991_CT_SU2011_ER_08 @Gram:Prep 
"<discriminar>"
	"discriminar" Verb VLinf Infinitive lang:es 00:00:05 00:00:12 tt-2713 AF042_1991_CT_SU2011_ER_08 ID:39 
"<por>"
	"por" Preposition PREP lang:es 00:00:14 00:00:21 tt-2714 AF042_1991_CT_SU2011_ER_08 @Gram:Prep:Por 
"<ser>"
	"ser" Verb VLinf VSinf Infinitive lang:es 00:00:14 00:00:21 tt-2715 AF042_1991_CT_SU2011_ER_08 @Gram:SerEstar:Ser 
"<...>"
	"..." Punctuation DOTS lang:es 00:00:14 00:00:21 tt-2716 AF042_1991_CT_SU2011_ER_08 
"<por>"
	"por" Preposition PREP lang:es 00:00:14 00:00:21 tt-2717 AF042_1991_CT_SU2011_ER_08 @Gram:Prep:Por 
"<ser>"
	"ser" Verb VLinf VSinf Infinitive lang:es 00:00:14 00:00:21 tt-2718 AF042_1991_CT_SU2011_ER_08 @Gram:SerEstar:Ser 
"<mexicana>"
	"mexicano" Adjective ADJ Singular lang:es 00:00:14 00:00:21 tt-2719 AF042_1991_CT_SU2011_ER_08 
"<o>"
	"o" Conjunction CC lang:es 00:00:14 00:00:21 tt-2720 AF042_1991_CT_SU2011_ER_08 
"<algo>"
	"algo" Determiner QU lang:es 00:00:14 00:00:21 tt-2721 AF042_1991_CT_SU2011_ER_08 
"<$.>"
	"." Punctuation FS lang:es 00:00:14 00:00:21 tt-2722 AF042_1991_CT_SU2011_ER_08 

"<Pero>"
	"pero" Conjunction CCAD lang:es 00:00:14 00:00:21 tt-2723 AF042_1991_CT_SU2011_ER_08 @Prag:MarcadoresDisc:Revision 
"<nunca>"
	"nunca" Adverb ADV lang:es 00:00:14 00:00:21 tt-2724 AF042_1991_CT_SU2011_ER_08 
"<,>"
	"," Punctuation CM lang:es 00:00:14 00:00:21 tt-2725 AF042_1991_CT_SU2011_ER_08 
"<yo>"
	"yo" Pronoun PPX Singular lang:es 00:00:14 00:00:21 tt-2726 AF042_1991_CT_SU2011_ER_08 @Gram:Pron:Sujeto 
"<personalmente>"
	"personal" Adverb ADV lang:es 00:00:14 00:00:21 tt-2727 AF042_1991_CT_SU2011_ER_08 
"<nunca>"
	"nunca" Adverb ADV lang:es 00:00:14 00:00:21 tt-2728 AF042_1991_CT_SU2011_ER_08 
"<lo>"
	"él" Pronoun PPC Singular lang:es 00:00:14 00:00:21 tt-2729 AF042_1991_CT_SU2011_ER_08 @Gram:Pron:Objeto 
"<he>"
	"haber" Verb VHfin Pres Indi Sing 1st lang:es 00:00:14 00:00:21 tt-2730 AF042_1991_CT_SU2011_ER_08 @Gram:Haber:Exist 
"<sentido>"
	"sentido" Noun NC Singular lang:es 00:00:14 00:00:21 tt-2731 AF042_1991_CT_SU2011_ER_08 
"<$.>"
	"." Punctuation FS lang:es 00:00:14 00:00:21 tt-2732 AF042_1991_CT_SU2011_ER_08 

"<Siempre>"
	"siempre" Adverb ADV lang:es 00:00:14 00:00:21 tt-2733 AF042_1991_CT_SU2011_ER_08 
"<me>"
	"yo" Pronoun PPX Singular lang:es 00:00:23 00:00:24 tt-2734 AF042_1991_CT_SU2011_ER_08 @Gram:Pron:Objeto 
"<sentí>"
	"sentir" Verb VLfin Pret Indi Sing 1st lang:es 00:00:23 00:00:24 tt-2735 AF042_1991_CT_SU2011_ER_08 @Gram:Indefinido 
"<muy>"
	"muy" Adverb ADV lang:es 00:00:23 00:00:24 tt-2736 AF042_1991_CT_SU2011_ER_08 
"<...>"
	"..." Punctuation DOTS lang:es 00:00:23 00:00:24 tt-2737 AF042_1991_CT_SU2011_ER_08 
"<bien>"
	"bien" Adverb ADV lang:es 00:00:23 00:00:24 tt-2738 AF042_1991_CT_SU2011_ER_08 
"<$.>"
	"." Punctuation FS lang:es 00:00:23 00:00:24 tt-2739 AF042_1991_CT_SU2011_ER_08 
</speaker>
<speaker type="int">

"<$¿>"
	"¿" Punctuation FS lang:es 00:00:24 00:00:30 tt-2740 AF042_1991_CT_SU2011_ER_08 
"<Y>"
	"y" Conjunction CC lang:es 00:00:24 00:00:30 tt-2741 AF042_1991_CT_SU2011_ER_08 
"<alguna>"
	"alguno" Determiner QU lang:es 00:00:24 00:00:30 tt-2742 AF042_1991_CT_SU2011_ER_08 
"<vez>"
	"vez" Noun NC Singular lang:es 00:00:24 00:00:30 tt-2743 AF042_1991_CT_SU2011_ER_08 
"<te>"
	"tú" Pronoun PPX Singular lang:es 00:00:24 00:00:30 tt-2744 AF042_1991_CT_SU2011_ER_08 @Gram:Pron:Objeto 
"<ha>"
	"haber" Verb VHfin Pres Indi Sing 3rd lang:es 00:00:24 00:00:30 tt-2745 AF042_1991_CT_SU2011_ER_08 ID:71 R:Gram:Aux:Haber:72 R:Gram:PerfPerif:72 
"<contado>"
	"contar" Verb VLadj lang:es 00:00:24 00:00:30 tt-2746 AF042_1991_CT_SU2011_ER_08 ID:72 
"<tu>"
	"tú" Pronoun PPX Singular lang:es 00:00:24 00:00:30 tt-2747 AF042_1991_CT_SU2011_ER_08 @Gram:Det:Pos 
"<papá>"
	"papá" Noun NC Singular lang:es 00:00:24 00:00:30 tt-2748 AF042_1991_CT_SU2011_ER_08 
"<de>"
	"de" Preposition PREP lang:es 00:00:24 00:00:30 tt-2749 AF042_1991_CT_SU2011_ER_08 @Gram:Prep 
"<algún>"
	"alguno" Determiner QU lang:es 00:00:24 00:00:30 tt-2750 AF042_1991_CT_SU2011_ER_08 
"<día>"
	"día" Noun NC Singular lang:es 00:00:24 00:00:30 tt-2751 AF042_1991_CT_SU2011_ER_08 
"<que>"
	"que" Conjunction CQUE lang:es 00:00:24 00:00:30 tt-2752 AF042_1991_CT_SU2011_ER_08 
"<él>"
	"él" Pronoun PPX Singular lang:es 00:00:24 00:00:30 tt-2753 AF042_1991_CT_SU2011_ER_08 @Gram:Pron:Sujeto 
"<sufrió>"
	"sufrir" Verb VLfin Pret Indi Sing 3rd lang:es 00:00:24 00:00:30 tt-2754 AF042_1991_CT_SU2011_ER_08 @Gram:Indefinido 
"<algún>"
	"alguno" Determiner QU lang:es 00:00:24 00:00:30 tt-2755 AF042_1991_CT_SU2011_ER_08 
"<tipo>"
	"tipo" Noun NC Singular lang:es 00:00:24 00:00:30 tt-2756 AF042_1991_CT_SU2011_ER_08 
"<de>"
	"de" Preposition PREP lang:es 00:00:30 00:00:30 tt-2757 AF042_1991_CT_SU2011_ER_08 @Gram:Prep 
"<discriminación>"
	"discriminación" Noun NC Singular lang:es 00:00:30 00:00:30 tt-2758 AF042_1991_CT_SU2011_ER_08 
"<$?>"
	"?" Punctuation FS lang:es 00:00:30 00:00:30 tt-2759 AF042_1991_CT_SU2011_ER_08 
</speaker>
<speaker type="subj">

"<Sí>"
	"sí" Adverb ADV lang:es 00:00:30 00:00:37 tt-2760 AF042_1991_CT_SU2011_ER_08 
"<,>"
	"," Punctuation CM lang:es 00:00:30 00:00:37 tt-2761 AF042_1991_CT_SU2011_ER_08 
"<siempre>"
	"siempre" Adverb ADV lang:es 00:00:30 00:00:37 tt-2762 AF042_1991_CT_SU2011_ER_08 
"<me>"
	"yo" Pronoun PPX Singular lang:es 00:00:30 00:00:37 tt-2763 AF042_1991_CT_SU2011_ER_08 @Gram:Pron:Objeto 
"<contaba>"
	"contar" Verb VLfin Imp Indi Sing 1st_or_3rd lang:es 00:00:30 00:00:37 tt-2764 AF042_1991_CT_SU2011_ER_08 @Gram:Imperf 
"<cuando>"
	"cuando" Conjunction CSUBX lang:es 00:00:30 00:00:37 tt-2765 AF042_1991_CT_SU2011_ER_08 
"<estaba>"
	"estar" Verb VEfin Imp Indi Sing 1st_or_3rd lang:es 00:00:30 00:00:37 tt-2766 AF042_1991_CT_SU2011_ER_08 @Gram:Imperf @Gram:SerEstar:Estar 
"<él>"
	"él" Pronoun PPX Singular lang:es 00:00:30 00:00:37 tt-2767 AF042_1991_CT_SU2011_ER_08 @Gram:Pron:Sujeto 
"<chico>"
	"chico" Adjective ADJ Singular lang:es 00:00:30 00:00:37 tt-2768 AF042_1991_CT_SU2011_ER_08 
"<,>"
	"," Punctuation CM lang:es 00:00:30 00:00:37 tt-2769 AF042_1991_CT_SU2011_ER_08 
"<cuando>"
	"cuando" Conjunction CSUBX lang:es 00:00:30 00:00:37 tt-2770 AF042_1991_CT_SU2011_ER_08 
"<estaba>"
	"estar" Verb VEfin Imp Indi Sing 1st_or_3rd lang:es 00:00:30 00:00:37 tt-2771 AF042_1991_CT_SU2011_ER_08 @Gram:Imperf @Gram:SerEstar:Estar 
"<en>"
	"en" Preposition PREP lang:es 00:00:30 00:00:37 tt-2772 AF042_1991_CT_SU2011_ER_08 @Gram:Prep 
<lang code="en">
"<high>"
	"high" Adjective JJ lang:en 00:00:30 00:00:37 tt-2773 AF042_1991_CT_SU2011_ER_08 
"<school>"
	"school" Noun NN lang:en 00:00:30 00:00:37 tt-2774 AF042_1991_CT_SU2011_ER_08 
</lang>
"<uhm>"
	"UNK" Noun NP Singular lang:es 00:00:30 00:00:37 tt-2775 AF042_1991_CT_SU2011_ER_08 
"<...>"
	"..." Punctuation DOTS lang:es 00:00:30 00:00:37 tt-2776 AF042_1991_CT_SU2011_ER_08 
"<me>"
	"yo" Pronoun PPX Singular lang:es 00:00:30 00:00:37 tt-2777 AF042_1991_CT_SU2011_ER_08 @Gram:Pron:Objeto 
"<decía>"
	"decir" Verb VLfin Imp Indi Sing 1st_or_3rd lang:es 00:00:37 00:00:44 tt-2778 AF042_1991_CT_SU2011_ER_08 @Gram:Imperf 
"<ahí>"
	"ahí" Adverb ADV lang:es 00:00:37 00:00:44 tt-2779 AF042_1991_CT_SU2011_ER_08 
"<es>"
	"ser" Verb VSfin Pres Indi Sing 3rd lang:es 00:00:37 00:00:44 tt-2780 AF042_1991_CT_SU2011_ER_08 @Gram:SerEstar:Ser 
"<pura>"
	"puro" Adjective ADJ Singular lang:es 00:00:37 00:00:44 tt-2781 AF042_1991_CT_SU2011_ER_08 
"<política>"
	"político" Adjective ADJ Singular lang:es 00:00:37 00:00:44 tt-2782 AF042_1991_CT_SU2011_ER_08 
"<,>"
	"," Punctuation CM lang:es 00:00:37 00:00:44 tt-2783 AF042_1991_CT_SU2011_ER_08 
"<uhm>"
	"UNK" Noun NC Singular lang:es 00:00:37 00:00:44 tt-2784 AF042_1991_CT_SU2011_ER_08 
"<...>"
	"..." Punctuation DOTS lang:es 00:00:37 00:00:44 tt-2785 AF042_1991_CT_SU2011_ER_08 
"<tienes>"
	"tener" Verb VLfin Pres Indi Sing 2nd lang:es 00:00:37 00:00:44 tt-2786 AF042_1991_CT_SU2011_ER_08 
"<que>"
	"que" Conjunction CQUE lang:es 00:00:37 00:00:44 tt-2787 AF042_1991_CT_SU2011_ER_08 
"<ser>"
	"ser" Verb VLinf VSinf Infinitive lang:es 00:00:37 00:00:44 tt-2788 AF042_1991_CT_SU2011_ER_08 @Gram:SerEstar:Ser 
"<blanco>"
	"blanco" Adjective ADJ Singular lang:es 00:00:37 00:00:44 tt-2789 AF042_1991_CT_SU2011_ER_08 
"<para>"
	"para" Preposition PREP lang:es 00:00:37 00:00:44 tt-2790 AF042_1991_CT_SU2011_ER_08 @Gram:Prep:Para 
"<poder>"
	"poder" Verb VLinf VMinf lang:es 00:00:37 00:00:44 tt-2791 AF042_1991_CT_SU2011_ER_08 
"<entrar>"
	"entrar" Verb VLinf Infinitive lang:es 00:00:37 00:00:44 tt-2792 AF042_1991_CT_SU2011_ER_08 
"<a>"
	"a" Preposition PREP lang:es 00:00:37 00:00:44 tt-2793 AF042_1991_CT_SU2011_ER_08 @Gram:Prep 
"<deportes>"
	"deportar" Verb VLfin Pres Subj Sing 2nd lang:es 00:00:37 00:00:44 tt-2794 AF042_1991_CT_SU2011_ER_08 @Gram:MSub:Pres 
"<$.>"
	"." Punctuation FS lang:es 00:00:37 00:00:44 tt-2795 AF042_1991_CT_SU2011_ER_08 

"<O>"
	"o" Conjunction CC lang:es 00:00:45 00:00:52 tt-2796 AF042_1991_CT_SU2011_ER_08 
"<siempre>"
	"siempre" Adverb ADV lang:es 00:00:45 00:00:52 tt-2797 AF042_1991_CT_SU2011_ER_08 
"<él>"
	"él" Pronoun PPX Singular lang:es 00:00:45 00:00:52 tt-2798 AF042_1991_CT_SU2011_ER_08 @Gram:Pron:Sujeto 
"<nunca>"
	"nunca" Adverb ADV lang:es 00:00:45 00:00:52 tt-2799 AF042_1991_CT_SU2011_ER_08 
"<entró>"
	"entrar" Verb VLfin Pret Indi Sing 3rd lang:es 00:00:45 00:00:52 tt-2800 AF042_1991_CT_SU2011_ER_08 @Gram:Indefinido 
"<a>"
	"a" Preposition PREP lang:es 00:00:45 00:00:52 tt-2801 AF042_1991_CT_SU2011_ER_08 @Gram:Prep 
"<deportes>"
	"deportar" Verb VLfin Pres Subj Sing 2nd lang:es 00:00:45 00:00:52 tt-2802 AF042_1991_CT_SU2011_ER_08 @Gram:MSub:Pres 
"<ni>"
	"ni" Conjunction CCNEG lang:es 00:00:45 00:00:52 tt-2803 AF042_1991_CT_SU2011_ER_08 
"<nada>"
	"nada" Determiner QU lang:es 00:00:45 00:00:52 tt-2804 AF042_1991_CT_SU2011_ER_08 
"<porque>"
	"porque" Conjunction CSUBX lang:es 00:00:45 00:00:52 tt-2805 AF042_1991_CT_SU2011_ER_08 @Prag:MarcadoresDisc:Causa 
"<él>"
	"él" Pronoun PPX Singular lang:es 00:00:45 00:00:52 tt-2806 AF042_1991_CT_SU2011_ER_08 @Gram:Pron:Sujeto 
"<era>"
	"ser" Verb VEfin Imp Indi Sing 1st_or_3rd lang:es 00:00:45 00:00:52 tt-2807 AF042_1991_CT_SU2011_ER_08 @Gram:Imperf @Gram:SerEstar:Ser 
"<mexicano>"
	"mexicano" Adjective ADJ Singular lang:es 00:00:45 00:00:52 tt-2808 AF042_1991_CT_SU2011_ER_08 
"<y>"
	"y" Conjunction CC lang:es 00:00:45 00:00:52 tt-2809 AF042_1991_CT_SU2011_ER_08 
"<cuando>"
	"cuando" Conjunction CSUBX lang:es 00:00:45 00:00:52 tt-2810 AF042_1991_CT_SU2011_ER_08 
"<...>"
	"..." Punctuation DOTS lang:es 00:00:45 00:00:52 tt-2811 AF042_1991_CT_SU2011_ER_08 
"<ahorita>"
	"ahora" Adverb ADV lang:es 00:00:45 00:00:52 tt-2812 AF042_1991_CT_SU2011_ER_08 
"<me>"
	"yo" Pronoun PPX Singular lang:es 00:00:53 00:01:00 tt-2813 AF042_1991_CT_SU2011_ER_08 @Gram:Pron:Objeto 
"<da>"
	"dar" Verb VLfin Pres Indi Sing 3rd lang:es 00:00:53 00:01:00 tt-2814 AF042_1991_CT_SU2011_ER_08 
"<risa>"
	"risa" Noun NC Singular lang:es 00:00:53 00:01:00 tt-2815 AF042_1991_CT_SU2011_ER_08 
"<porque>"
	"porque" Conjunction CSUBX lang:es 00:00:53 00:01:00 tt-2816 AF042_1991_CT_SU2011_ER_08 @Prag:MarcadoresDisc:Causa 
"<cuando>"
	"cuando" Conjunction CSUBX lang:es 00:00:53 00:01:00 tt-2817 AF042_1991_CT_SU2011_ER_08 
"<estamos>"
	"estar" Verb VEfin Pres Indi Plural 1st lang:es 00:00:53 00:01:00 tt-2818 AF042_1991_CT_SU2011_ER_08 @Gram:SerEstar:Estar 
"<en>"
	"en" Preposition PREP lang:es 00:00:53 00:01:00 tt-2819 AF042_1991_CT_SU2011_ER_08 @Gram:Prep 
"<la>"
	"el" Determiner ART Singular Fem lang:es 00:00:53 00:01:00 tt-2820 AF042_1991_CT_SU2011_ER_08 @Gram:Det:Art 
"<tienda>"
	"tienda" Noun NC Singular lang:es 00:00:53 00:01:00 tt-2821 AF042_1991_CT_SU2011_ER_08 
"<,>"
	"," Punctuation CM lang:es 00:00:53 00:01:00 tt-2822 AF042_1991_CT_SU2011_ER_08 
"<ay>"
	"ay" Noun NP Singular lang:es 00:00:53 00:01:00 tt-2823 AF042_1991_CT_SU2011_ER_08 
"<,>"
	"," Punctuation CM lang:es 00:00:53 00:01:00 tt-2824 AF042_1991_CT_SU2011_ER_08 
"<me>"
	"yo" Pronoun PPX Singular lang:es 00:00:53 00:01:00 tt-2825 AF042_1991_CT_SU2011_ER_08 @Gram:Pron:Objeto 
"<da>"
	"dar" Verb VLfin Pres Indi Sing 3rd lang:es 00:00:53 00:01:00 tt-2826 AF042_1991_CT_SU2011_ER_08 
"<una>"
	"un" Determiner ART Singular lang:es 00:00:53 00:01:00 tt-2827 AF042_1991_CT_SU2011_ER_08 
"<pena>"
	"pena" Noun NC Singular lang:es 00:00:53 00:01:00 tt-2828 AF042_1991_CT_SU2011_ER_08 
"<porque>"
	"porque" Conjunction CSUBX lang:es 00:00:53 00:01:00 tt-2829 AF042_1991_CT_SU2011_ER_08 @Prag:MarcadoresDisc:Causa 
"<siempre>"
	"siempre" Adverb ADV lang:es 00:00:53 00:01:00 tt-2830 AF042_1991_CT_SU2011_ER_08 
"<dice>"
	"decir" Verb VLfin Pres Indi Sing 3rd lang:es 00:00:53 00:01:00 tt-2831 AF042_1991_CT_SU2011_ER_08 
"<ay>"
	"ay" Noun NP Singular lang:es 00:00:53 00:01:00 tt-2832 AF042_1991_CT_SU2011_ER_08 
"<,>"
	"," Punctuation CM lang:es 00:00:53 00:01:00 tt-2833 AF042_1991_CT_SU2011_ER_08 
"<ay>"
	"ay" Noun NP Singular lang:es 00:01:00 00:01:05 tt-2834 AF042_1991_CT_SU2011_ER_08 
"<,>"
	"," Punctuation CM lang:es 00:01:00 00:01:05 tt-2835 AF042_1991_CT_SU2011_ER_08 
"<ese>"
	"ese" Determiner DM Singular lang:es 00:01:00 00:01:05 tt-2836 AF042_1991_CT_SU2011_ER_08 
"<es>"
	"ser" Verb VSfin Pres Indi Sing 3rd lang:es 00:01:00 00:01:05 tt-2837 AF042_1991_CT_SU2011_ER_08 @Gram:SerEstar:Ser 
"<policía>"
	"policía" Noun NC Singular lang:es 00:01:00 00:01:05 tt-2838 AF042_1991_CT_SU2011_ER_08 
"<y>"
	"y" Conjunction CC lang:es 00:01:00 00:01:05 tt-2839 AF042_1991_CT_SU2011_ER_08 
"<nada>"
	"nada" Determiner QU lang:es 00:01:00 00:01:05 tt-2840 AF042_1991_CT_SU2011_ER_08 
"<más>"
	"más" Adverb ADV lang:es 00:01:00 00:01:05 tt-2841 AF042_1991_CT_SU2011_ER_08 
"<me>"
	"yo" Pronoun PPX Singular lang:es 00:01:00 00:01:05 tt-2842 AF042_1991_CT_SU2011_ER_08 @Gram:Pron:Objeto 
"<persigue>"
	"perseguir" Verb VLfin Pres Indi Sing 3rd lang:es 00:01:00 00:01:05 tt-2843 AF042_1991_CT_SU2011_ER_08 
"<porque>"
	"porque" Conjunction CSUBX lang:es 00:01:00 00:01:05 tt-2844 AF042_1991_CT_SU2011_ER_08 @Prag:MarcadoresDisc:Causa 
"<soy>"
	"ser" Verb VSfin Pres Indi Sing 1st lang:es 00:01:00 00:01:05 tt-2845 AF042_1991_CT_SU2011_ER_08 @Gram:SerEstar:Ser 
"<mexicano>"
	"mexicano" Adjective ADJ Singular lang:es 00:01:00 00:01:05 tt-2846 AF042_1991_CT_SU2011_ER_08 
"<y>"
	"y" Conjunction CC lang:es 00:01:00 00:01:05 tt-2847 AF042_1991_CT_SU2011_ER_08 
"<cree>"
	"crear|creer" Verb VLfin Pres Indi Sing 3rd lang:es 00:01:00 00:01:05 tt-2848 AF042_1991_CT_SU2011_ER_08 
"<que>"
	"que" Conjunction CQUE lang:es 00:01:00 00:01:05 tt-2849 AF042_1991_CT_SU2011_ER_08 
"<me>"
	"yo" Pronoun PPX Singular lang:es 00:01:00 00:01:05 tt-2850 AF042_1991_CT_SU2011_ER_08 @Gram:Pron:Objeto 
"<voy>"
	"ir" Verb VLfin Pres Indi Sing 1st lang:es 00:01:00 00:01:05 tt-2851 AF042_1991_CT_SU2011_ER_08 ID:177 R:Gram:VFut:Perifrasis:179 
"<a>"
	"a" Preposition PREP lang:es 00:01:00 00:01:05 tt-2852 AF042_1991_CT_SU2011_ER_08 @Gram:Prep 
"<robar>"
	"robar" Verb VLinf Infinitive lang:es 00:01:00 00:01:05 tt-2853 AF042_1991_CT_SU2011_ER_08 ID:179 
"<algo>"
	"algo" Determiner QU lang:es 00:01:05 00:01:10 tt-2854 AF042_1991_CT_SU2011_ER_08 
"<$.>"
	"." Punctuation FS lang:es 00:01:05 00:01:10 tt-2855 AF042_1991_CT_SU2011_ER_08 

"<[>"
	"[" Punctuation LP lang:es 00:01:05 00:01:10 tt-2856 AF042_1991_CT_SU2011_ER_08 
"<Risas>"
	"UNK" Noun NP Plural lang:es 00:01:05 00:01:10 tt-2857 AF042_1991_CT_SU2011_ER_08 
"<]>"
	"]" Other RP lang:es 00:01:05 00:01:10 tt-2858 AF042_1991_CT_SU2011_ER_08 
"<Y>"
	"y" Conjunction CC lang:es 00:01:05 00:01:10 tt-2859 AF042_1991_CT_SU2011_ER_08 
"<digo>"
	"decir" Verb VLfin Pres Indi Sing 1st lang:es 00:01:05 00:01:10 tt-2860 AF042_1991_CT_SU2011_ER_08 
"<ay>"
	"ay" Noun NP Singular lang:es 00:01:05 00:01:10 tt-2861 AF042_1991_CT_SU2011_ER_08 
"<papá>"
	"papá" Noun NC Singular lang:es 00:01:05 00:01:10 tt-2862 AF042_1991_CT_SU2011_ER_08 
"<,>"
	"," Punctuation CM lang:es 00:01:05 00:01:10 tt-2863 AF042_1991_CT_SU2011_ER_08 
"<no>"
	"no" Adverb ADV lang:es 00:01:05 00:01:10 tt-2864 AF042_1991_CT_SU2011_ER_08 
"<más>"
	"más" Adverb ADV lang:es 00:01:05 00:01:10 tt-2865 AF042_1991_CT_SU2011_ER_08 
"<estás>"
	"estar" Verb VEfin Pres Indi Sing 2nd lang:es 00:01:05 00:01:10 tt-2866 AF042_1991_CT_SU2011_ER_08 @Gram:SerEstar:Estar 
"<paranoico>"
	"UNK" Adjective ADJ Singular lang:es 00:01:05 00:01:10 tt-2867 AF042_1991_CT_SU2011_ER_08 
"<$.>"
	"." Punctuation FS lang:es 00:01:05 00:01:10 tt-2868 AF042_1991_CT_SU2011_ER_08 
</speaker>
</text>

