<text id="AF050_1955_GV_FA2011_JT_09">
<speaker type="int">
"<Sí>"
	"sí" Adverb ADV lang:es 00:00:00 00:00:06 tt-1574 AF050_1955_GV_FA2011_JT_09 
"<$.>"
	"." Punctuation FS lang:es 00:00:00 00:00:06 tt-1575 AF050_1955_GV_FA2011_JT_09 

"<$¿>"
	"¿" Punctuation FS lang:es 00:00:00 00:00:06 tt-1576 AF050_1955_GV_FA2011_JT_09 
"<Has>"
	"haber" Verb VHfin Pres Indi Sing 2nd lang:es 00:00:00 00:00:06 tt-1577 AF050_1955_GV_FA2011_JT_09 ID:4 R:Gram:Aux:Haber:5 R:Gram:PerfPerif:5 ADDRELATION():570 
"<escuchado>"
	"escuchar" Verb VLadj lang:es 00:00:00 00:00:06 tt-1578 AF050_1955_GV_FA2011_JT_09 ID:5 
"<las>"
	"el" Determiner ART Plural lang:es 00:00:00 00:00:06 tt-1579 AF050_1955_GV_FA2011_JT_09 @Gram:Det:Art ADD:341 
"<palabras>"
	"palabra" Noun NC Plural lang:es 00:00:00 00:00:06 tt-1580 AF050_1955_GV_FA2011_JT_09 
"<pocho>"
	"UNK" Noun NC Singular lang:es 00:00:00 00:00:06 tt-1581 AF050_1955_GV_FA2011_JT_09 
"<o>"
	"o" Conjunction CC lang:es 00:00:00 00:00:06 tt-1582 AF050_1955_GV_FA2011_JT_09 
"<Spanglish>"
	"UNK" Noun NP Singular lang:es 00:00:00 00:00:06 tt-1583 AF050_1955_GV_FA2011_JT_09 
"<$?>"
	"?" Punctuation FS lang:es 00:00:00 00:00:06 tt-1584 AF050_1955_GV_FA2011_JT_09 

"<Sí>"
	"sí" Adverb ADV lang:es 00:00:06 00:00:07 tt-1585 AF050_1955_GV_FA2011_JT_09 
"<$.>"
	"." Punctuation FS lang:es 00:00:06 00:00:07 tt-1586 AF050_1955_GV_FA2011_JT_09 

"<$¿>"
	"¿" Punctuation FS lang:es 00:00:07 00:00:08 tt-1587 AF050_1955_GV_FA2011_JT_09 
"<Sí>"
	"él" Pronoun PPX Singular lang:es 00:00:07 00:00:08 tt-1588 AF050_1955_GV_FA2011_JT_09 
"<$?>"
	"?" Punctuation FS lang:es 00:00:07 00:00:08 tt-1589 AF050_1955_GV_FA2011_JT_09 

"<$.>"
	"." Punctuation FS lang:es 00:00:08 00:00:09 tt-1592 AF050_1955_GV_FA2011_JT_09 

"<$¿>"
	"¿" Punctuation FS lang:es 00:00:09 00:00:14 tt-1593 AF050_1955_GV_FA2011_JT_09 
"<Qué>"
	"qué" Pronoun INT Singular lang:es 00:00:09 00:00:14 tt-1594 AF050_1955_GV_FA2011_JT_09 
"<significan>"
	"significar" Verb VLfin Pres Indi Plural 3rd lang:es 00:00:09 00:00:14 tt-1595 AF050_1955_GV_FA2011_JT_09 
"<para>"
	"para" Preposition PREP lang:es 00:00:09 00:00:14 tt-1596 AF050_1955_GV_FA2011_JT_09 @Gram:Prep:Para SUBSTITUTE:312 ADD:454 
"<ti>"
	"tú" Pronoun PPX Singular lang:es 00:00:09 00:00:14 tt-1597 AF050_1955_GV_FA2011_JT_09 
"<$?>"
	"?" Punctuation FS lang:es 00:00:09 00:00:14 tt-1598 AF050_1955_GV_FA2011_JT_09 

"<Primero>"
	"primero" Adverb ADV lang:es 00:00:09 00:00:14 tt-1599 AF050_1955_GV_FA2011_JT_09 
"<con>"
	"con" Preposition PREP lang:es 00:00:09 00:00:14 tt-1600 AF050_1955_GV_FA2011_JT_09 @Gram:Prep ADD:489 
"<pocho>"
	"UNK" Noun NC Singular lang:es 00:00:09 00:00:14 tt-1601 AF050_1955_GV_FA2011_JT_09 
"<$.>"
	"." Punctuation FS lang:es 00:00:09 00:00:14 tt-1602 AF050_1955_GV_FA2011_JT_09 
</speaker>
<speaker type="subj">

"<Pocho>"
	"UNK" Noun NC Singular lang:es 00:00:14 00:00:21 tt-1603 AF050_1955_GV_FA2011_JT_09 
"<...>"
	"..." Punctuation DOTS lang:es 00:00:14 00:00:21 tt-1607 AF050_1955_GV_FA2011_JT_09 
"<[>"
	"[" Punctuation LP lang:es 00:00:14 00:00:21 tt-1608 AF050_1955_GV_FA2011_JT_09 
"<risa>"
	"risa" Noun NC Singular lang:es 00:00:14 00:00:21 tt-1609 AF050_1955_GV_FA2011_JT_09 
"<]>"
	"]" Other RP lang:es 00:00:14 00:00:21 tt-1610 AF050_1955_GV_FA2011_JT_09 
"<como>"
	"como" Conjunction CSUBX lang:es 00:00:14 00:00:21 tt-1611 AF050_1955_GV_FA2011_JT_09 
"<si>"
	"si" Conjunction CSUBX lang:es 00:00:14 00:00:21 tt-1612 AF050_1955_GV_FA2011_JT_09 
"<hablas>"
	"hablar" Verb VLfin Pres Indi Sing 2nd lang:es 00:00:14 00:00:21 tt-1613 AF050_1955_GV_FA2011_JT_09 
"<inglés>"
	"inglés" Adjective ADJ Plural lang:es 00:00:14 00:00:21 tt-1614 AF050_1955_GV_FA2011_JT_09 
"<y>"
	"y" Conjunction CC lang:es 00:00:14 00:00:21 tt-1615 AF050_1955_GV_FA2011_JT_09 
"<luego>"
	"luego" Adverb ADV lang:es 00:00:14 00:00:21 tt-1616 AF050_1955_GV_FA2011_JT_09 
"<lo>"
	"el" Determiner ART Singular lang:es 00:00:14 00:00:21 tt-1617 AF050_1955_GV_FA2011_JT_09 @Gram:Det:Art ADD:346 
"<mixteas>"
	"UNK" Adjective ADJ Plural lang:es 00:00:14 00:00:21 tt-1618 AF050_1955_GV_FA2011_JT_09 
"<con>"
	"con" Preposition PREP lang:es 00:00:14 00:00:21 tt-1619 AF050_1955_GV_FA2011_JT_09 @Gram:Prep ADD:489 
"<español>"
	"español" Noun NC Singular lang:es 00:00:14 00:00:21 tt-1620 AF050_1955_GV_FA2011_JT_09 
"<$.>"
	"." Punctuation FS lang:es 00:00:14 00:00:21 tt-1621 AF050_1955_GV_FA2011_JT_09 

"<[>"
	"[" Punctuation LP lang:es 00:00:21 00:00:22 tt-1622 AF050_1955_GV_FA2011_JT_09 
"<risa>"
	"risa" Noun NC Singular lang:es 00:00:21 00:00:22 tt-1623 AF050_1955_GV_FA2011_JT_09 
"<]>"
	"]" Other RP lang:es 00:00:21 00:00:22 tt-1624 AF050_1955_GV_FA2011_JT_09 
"<$.>"
	"." Punctuation FS lang:es 00:00:21 00:00:22 tt-1625 AF050_1955_GV_FA2011_JT_09 
</speaker>
<speaker type="int">

"<$¿>"
	"¿" Punctuation FS lang:es 00:00:22 00:00:23 tt-1626 AF050_1955_GV_FA2011_JT_09 
"<Y>"
	"y" Conjunction CC lang:es 00:00:22 00:00:23 tt-1627 AF050_1955_GV_FA2011_JT_09 
"<Spanglish>"
	"UNK" Noun NP Singular lang:es 00:00:22 00:00:23 tt-1628 AF050_1955_GV_FA2011_JT_09 
"<$?>"
	"?" Punctuation FS lang:es 00:00:22 00:00:23 tt-1629 AF050_1955_GV_FA2011_JT_09 
</speaker>
<speaker type="subj">

"<,>"
	"," Punctuation CM lang:es 00:00:23 00:00:30 tt-1631 AF050_1955_GV_FA2011_JT_09 
"<Spanglish>"
	"UNK" Noun NP Singular lang:es 00:00:23 00:00:30 tt-1632 AF050_1955_GV_FA2011_JT_09 
"<también>"
	"también" Adverb ADV lang:es 00:00:23 00:00:30 tt-1633 AF050_1955_GV_FA2011_JT_09 @Prag:MarcadoresDisc:Igualdad ADD:933 
"<,>"
	"," Punctuation CM lang:es 00:00:23 00:00:30 tt-1634 AF050_1955_GV_FA2011_JT_09 
"<más>"
	"más" Adverb ADV lang:es 00:00:23 00:00:30 tt-1635 AF050_1955_GV_FA2011_JT_09 
"<o>"
	"o" Conjunction CC lang:es 00:00:23 00:00:30 tt-1636 AF050_1955_GV_FA2011_JT_09 
"<menos>"
	"menos" Adverb ADV lang:es 00:00:23 00:00:30 tt-1637 AF050_1955_GV_FA2011_JT_09 
"<lo>"
	"el" Determiner ART Singular lang:es 00:00:23 00:00:30 tt-1638 AF050_1955_GV_FA2011_JT_09 @Gram:Det:Art ADD:346 
"<mismo>"
	"mismo" Adjective ADJ Singular lang:es 00:00:23 00:00:30 tt-1639 AF050_1955_GV_FA2011_JT_09 
"<pero>"
	"pero" Conjunction CCAD lang:es 00:00:23 00:00:30 tt-1640 AF050_1955_GV_FA2011_JT_09 @Prag:MarcadoresDisc:Revision ADD:849 
"<pocho>"
	"UNK" Noun NC Singular lang:es 00:00:23 00:00:30 tt-1641 AF050_1955_GV_FA2011_JT_09 
"<se>"
	"se" Other SE lang:es 00:00:23 00:00:30 tt-1642 AF050_1955_GV_FA2011_JT_09 @Gram:Pron:Otros ADD:542 
"<me>"
	"yo" Pronoun PPX Singular lang:es 00:00:23 00:00:30 tt-1643 AF050_1955_GV_FA2011_JT_09 @Gram:Pron:Objeto ADD:523 
"<hace>"
	"hacer" Verb VLfin Pres Indi Sing 3rd lang:es 00:00:23 00:00:30 tt-1644 AF050_1955_GV_FA2011_JT_09 
"<que>"
	"que" Conjunction CQUE lang:es 00:00:23 00:00:30 tt-1645 AF050_1955_GV_FA2011_JT_09 
"<es>"
	"ser" Verb VSfin Pres Indi Sing 3rd lang:es 00:00:23 00:00:30 tt-1646 AF050_1955_GV_FA2011_JT_09 @Gram:SerEstar:Ser ADD:664 
"<como>"
	"como" Adverb ADV lang:es 00:00:23 00:00:30 tt-1647 AF050_1955_GV_FA2011_JT_09 
"<,>"
	"," Punctuation CM lang:es 00:00:23 00:00:30 tt-1648 AF050_1955_GV_FA2011_JT_09 
"<ya>"
	"ya" Adverb ADV lang:es 00:00:32 00:00:39 tt-1649 AF050_1955_GV_FA2011_JT_09 
"<vez>"
	"vez" Noun NC Singular lang:es 00:00:32 00:00:39 tt-1650 AF050_1955_GV_FA2011_JT_09 
"<como>"
	"como" Adverb ADV lang:es 00:00:32 00:00:39 tt-1651 AF050_1955_GV_FA2011_JT_09 
"<,>"
	"," Punctuation CM lang:es 00:00:32 00:00:39 tt-1652 AF050_1955_GV_FA2011_JT_09 
"<no>"
	"no" Adverb NEG lang:es 00:00:32 00:00:39 tt-1653 AF050_1955_GV_FA2011_JT_09 
"<sé>"
	"saber|ser" Verb VLfin Pres Indi Sing 1st lang:es 00:00:32 00:00:39 tt-1654 AF050_1955_GV_FA2011_JT_09 
"<cómo>"
	"cómo" Adverb ADV lang:es 00:00:32 00:00:39 tt-1655 AF050_1955_GV_FA2011_JT_09 
"<decir>"
	"decir" Verb VLinf Infinitive lang:es 00:00:32 00:00:39 tt-1656 AF050_1955_GV_FA2011_JT_09 SUBSTITUTE:296 
"<la>"
	"el" Determiner ART Singular lang:es 00:00:32 00:00:39 tt-1657 AF050_1955_GV_FA2011_JT_09 @Gram:Det:Art ADD:341 
"<palabra>"
	"palabra" Noun NC Singular lang:es 00:00:32 00:00:39 tt-1658 AF050_1955_GV_FA2011_JT_09 
<lang code="en">
"<'>"
	"'" Other POS lang:en 00:00:24 00:00:39 tt-1659 AF050_1955_GV_FA2011_JT_09 
</lang>
"<palabra>"
	"palabra" Noun NC Singular lang:es 00:00:39 00:00:42 tt-1661 AF050_1955_GV_FA2011_JT_09 
"<de>"
	"de" Preposition PREP lang:es 00:00:39 00:00:42 tt-1662 AF050_1955_GV_FA2011_JT_09 @Gram:Prep ADD:489 
<lang code="en">
"<'>"
	"'" Other POS lang:en 00:00:25 00:00:42 tt-1663 AF050_1955_GV_FA2011_JT_09 
</lang>
</speaker>
<speaker type="int">
"<Yo>"
	"yo" Pronoun PPX Singular lang:es 00:00:42 00:00:44 tt-1664 AF050_1955_GV_FA2011_JT_09 @Gram:Pron:Sujeto ADD:499 
"<digo>"
	"decir" Verb VLfin Pres Indi Sing 1st lang:es 00:00:42 00:00:44 tt-1665 AF050_1955_GV_FA2011_JT_09 
"<slang>"
	"UNK" Noun NC Singular lang:es 00:00:42 00:00:44 tt-1666 AF050_1955_GV_FA2011_JT_09 
"<$.>"
	"." Punctuation FS lang:es 00:00:42 00:00:44 tt-1667 AF050_1955_GV_FA2011_JT_09 

"<[>"
	"[" Punctuation LP lang:es 00:00:44 00:00:44 tt-1668 AF050_1955_GV_FA2011_JT_09 
"<risa>"
	"risa" Noun NC Singular lang:es 00:00:44 00:00:44 tt-1669 AF050_1955_GV_FA2011_JT_09 
"<]>"
	"]" Other RP lang:es 00:00:44 00:00:44 tt-1670 AF050_1955_GV_FA2011_JT_09 
</speaker>
<speaker type="subj">
"<Slong>"
	"UNK" Noun NP Singular lang:es 00:00:44 00:00:46 tt-1671 AF050_1955_GV_FA2011_JT_09 
"<$.>"
	"." Punctuation FS lang:es 00:00:44 00:00:46 tt-1672 AF050_1955_GV_FA2011_JT_09 

"<[>"
	"[" Punctuation LP lang:es 00:00:44 00:00:46 tt-1673 AF050_1955_GV_FA2011_JT_09 
"<risa>"
	"risa" Noun NC Singular lang:es 00:00:44 00:00:46 tt-1674 AF050_1955_GV_FA2011_JT_09 
"<]>"
	"]" Other RP lang:es 00:00:44 00:00:46 tt-1675 AF050_1955_GV_FA2011_JT_09 
"<$.>"
	"." Punctuation FS lang:es 00:00:44 00:00:46 tt-1676 AF050_1955_GV_FA2011_JT_09 
</speaker>
<speaker type="int">

"<Yo>"
	"yo" Pronoun PPX Singular lang:es 00:00:46 00:00:53 tt-1677 AF050_1955_GV_FA2011_JT_09 @Gram:Pron:Sujeto ADD:499 
"<uso>"
	"uso" Noun NC Singular lang:es 00:00:46 00:00:53 tt-1678 AF050_1955_GV_FA2011_JT_09 
"<el>"
	"el" Determiner ART Singular lang:es 00:00:46 00:00:53 tt-1679 AF050_1955_GV_FA2011_JT_09 @Gram:Det:Art ADD:341 
"<slang>"
	"UNK" Noun NC Singular lang:es 00:00:46 00:00:53 tt-1680 AF050_1955_GV_FA2011_JT_09 
"<en>"
	"en" Preposition PREP lang:es 00:00:46 00:00:53 tt-1681 AF050_1955_GV_FA2011_JT_09 @Gram:Prep ADD:489 
"<veces>"
	"vez" Noun NC Plural lang:es 00:00:46 00:00:53 tt-1682 AF050_1955_GV_FA2011_JT_09 
"<también>"
	"también" Adverb ADV lang:es 00:00:46 00:00:53 tt-1683 AF050_1955_GV_FA2011_JT_09 @Prag:MarcadoresDisc:Igualdad ADD:933 
"<$.>"
	"." Punctuation FS lang:es 00:00:46 00:00:53 tt-1684 AF050_1955_GV_FA2011_JT_09 

"<Y>"
	"Y" Other ALFS lang:es 00:00:46 00:00:53 tt-1685 AF050_1955_GV_FA2011_JT_09 
"<$¿>"
	"¿" Punctuation FS lang:es 00:00:46 00:00:53 tt-1686 AF050_1955_GV_FA2011_JT_09 
"<Has>"
	"haber" Verb VHfin Pres Indi Sing 2nd lang:es 00:00:46 00:00:53 tt-1687 AF050_1955_GV_FA2011_JT_09 ID:107 R:Gram:Aux:Haber:108 R:Gram:PerfPerif:108 ADDRELATION():570 
"<escuchado>"
	"escuchar" Verb VLadj lang:es 00:00:46 00:00:53 tt-1688 AF050_1955_GV_FA2011_JT_09 ID:108 
"<a>"
	"a" Preposition PREP lang:es 00:00:46 00:00:53 tt-1689 AF050_1955_GV_FA2011_JT_09 @Gram:Prep ADD:489 
"<personas>"
	"persona" Noun NC Plural lang:es 00:00:46 00:00:53 tt-1690 AF050_1955_GV_FA2011_JT_09 
"<que>"
	"que" Conjunction CQUE lang:es 00:00:46 00:00:53 tt-1691 AF050_1955_GV_FA2011_JT_09 
"<mezclan>"
	"mezclar" Verb VLfin Pres Indi Plural 3rd lang:es 00:00:46 00:00:53 tt-1692 AF050_1955_GV_FA2011_JT_09 
"<los>"
	"el" Determiner ART Plural lang:es 00:00:46 00:00:53 tt-1693 AF050_1955_GV_FA2011_JT_09 @Gram:Det:Art ADD:341 
"<idiomas>"
	"idioma" Noun NC Plural lang:es 00:00:46 00:00:53 tt-1694 AF050_1955_GV_FA2011_JT_09 
"<$?>"
	"?" Punctuation FS lang:es 00:00:46 00:00:53 tt-1695 AF050_1955_GV_FA2011_JT_09 

"<Sí>"
	"sí" Adverb ADV lang:es 00:00:55 00:00:56 tt-1696 AF050_1955_GV_FA2011_JT_09 
"<$.>"
	"." Punctuation FS lang:es 00:00:55 00:00:56 tt-1697 AF050_1955_GV_FA2011_JT_09 

"<$¿>"
	"¿" Punctuation FS lang:es 00:00:56 00:00:59 tt-1698 AF050_1955_GV_FA2011_JT_09 
"<Y>"
	"y" Conjunction CC lang:es 00:00:56 00:00:59 tt-1699 AF050_1955_GV_FA2011_JT_09 
"<qué>"
	"qué" Pronoun INT Singular lang:es 00:00:56 00:00:59 tt-1700 AF050_1955_GV_FA2011_JT_09 
"<opinas>"
	"opinar" Verb VLfin Pres Indi Sing 2nd lang:es 00:00:56 00:00:59 tt-1701 AF050_1955_GV_FA2011_JT_09 
"<tú>"
	"tú" Pronoun PPX Singular lang:es 00:00:56 00:00:59 tt-1702 AF050_1955_GV_FA2011_JT_09 @Gram:Pron:Sujeto ADD:499 
"<de>"
	"de" Preposition PREP lang:es 00:00:56 00:00:59 tt-1703 AF050_1955_GV_FA2011_JT_09 @Gram:Prep ADD:489 
"<ellas>"
	"él" Pronoun PPX Plural lang:es 00:00:56 00:00:59 tt-1704 AF050_1955_GV_FA2011_JT_09 @Gram:Pron:Sujeto ADD:499 
"<$?>"
	"?" Punctuation FS lang:es 00:00:56 00:00:59 tt-1705 AF050_1955_GV_FA2011_JT_09 
</speaker>
<speaker type="subj">

"<Pues>"
	"pues" Conjunction CSUBF lang:es 00:00:59 00:01:06 tt-1706 AF050_1955_GV_FA2011_JT_09 
"<,>"
	"," Punctuation CM lang:es 00:00:59 00:01:06 tt-1707 AF050_1955_GV_FA2011_JT_09 
"<nada>"
	"nada" Determiner QU lang:es 00:00:59 00:01:06 tt-1708 AF050_1955_GV_FA2011_JT_09 
"<más>"
	"más" Adverb ADV lang:es 00:00:59 00:01:06 tt-1709 AF050_1955_GV_FA2011_JT_09 
"<pienso>"
	"pensar" Verb VLfin Pres Indi Sing 1st lang:es 00:00:59 00:01:06 tt-1710 AF050_1955_GV_FA2011_JT_09 ID:130 R:Vocab:Fraseol:VerbPrep:131 ADDRELATION(Vocab:Fraseol:VerbPrep):1009 
"<entre>"
	"entre" Preposition PREP lang:es 00:00:59 00:01:06 tt-1711 AF050_1955_GV_FA2011_JT_09 @Gram:Prep ID:131 ADD:489 
"<mí>"
	"yo" Pronoun PPX Singular lang:es 00:00:59 00:01:06 tt-1712 AF050_1955_GV_FA2011_JT_09 
"<...>"
	"..." Punctuation DOTS lang:es 00:00:59 00:01:06 tt-1714 AF050_1955_GV_FA2011_JT_09 
"<que>"
	"que" Conjunction CQUE lang:es 00:00:59 00:01:06 tt-1715 AF050_1955_GV_FA2011_JT_09 
"<no>"
	"no" Adverb NEG lang:es 00:00:59 00:01:06 tt-1716 AF050_1955_GV_FA2011_JT_09 
"<los>"
	"él" Pronoun PPC Plural lang:es 00:00:59 00:01:06 tt-1717 AF050_1955_GV_FA2011_JT_09 @Gram:Pron:Objeto ADD:529 
"<puedo>"
	"poder" Verb VLfin Pres Indi Sing 1st lang:es 00:00:59 00:01:06 tt-1718 AF050_1955_GV_FA2011_JT_09 
"<criticar>"
	"criticar" Verb VLinf Infinitive lang:es 00:00:59 00:01:06 tt-1719 AF050_1955_GV_FA2011_JT_09 SUBSTITUTE:296 
"<porque>"
	"porque" Conjunction CSUBX lang:es 00:00:59 00:01:06 tt-1720 AF050_1955_GV_FA2011_JT_09 @Prag:MarcadoresDisc:Causa ADD:902 
"<yo>"
	"yo" Pronoun PPX Singular lang:es 00:00:59 00:01:06 tt-1721 AF050_1955_GV_FA2011_JT_09 @Gram:Pron:Sujeto ADD:499 
"<soy>"
	"ser" Verb VSfin Pres Indi Sing 1st lang:es 00:00:59 00:01:06 tt-1722 AF050_1955_GV_FA2011_JT_09 @Gram:SerEstar:Ser ADD:664 
"<uno>"
	"uno" Determiner CARD Singular lang:es 00:00:59 00:01:06 tt-1723 AF050_1955_GV_FA2011_JT_09 @Gram:Det:CuantIndef ADD:379 
"<de>"
	"de" Preposition PREP lang:es 00:00:59 00:01:06 tt-1724 AF050_1955_GV_FA2011_JT_09 @Gram:Prep ADD:489 
"<ellos>"
	"él" Pronoun PPX Plural lang:es 00:01:09 00:01:14 tt-1725 AF050_1955_GV_FA2011_JT_09 @Gram:Pron:Sujeto ADD:499 
"<$.>"
	"." Punctuation FS lang:es 00:01:09 00:01:14 tt-1726 AF050_1955_GV_FA2011_JT_09 

"<Así>"
	"así" Conjunction CSUBX lang:es 00:01:09 00:01:14 tt-1727 AF050_1955_GV_FA2011_JT_09 
"<que>"
	"que" Conjunction CQUE lang:es 00:01:09 00:01:14 tt-1728 AF050_1955_GV_FA2011_JT_09 
"<ya>"
	"ya" Adverb ADV lang:es 00:01:09 00:01:14 tt-1729 AF050_1955_GV_FA2011_JT_09 
"<...>"
	"..." Punctuation DOTS lang:es 00:01:09 00:01:14 tt-1730 AF050_1955_GV_FA2011_JT_09 
"<ya>"
	"ya" Adverb ADV lang:es 00:01:09 00:01:14 tt-1731 AF050_1955_GV_FA2011_JT_09 
"<entiendo>"
	"entender" Verb VLfin Pres Indi Sing 1st lang:es 00:01:09 00:01:14 tt-1732 AF050_1955_GV_FA2011_JT_09 
"<cómo>"
	"cómo" Adverb ADV lang:es 00:01:09 00:01:14 tt-1733 AF050_1955_GV_FA2011_JT_09 
"<es>"
	"ser" Verb VSfin Pres Indi Sing 3rd lang:es 00:01:09 00:01:14 tt-1734 AF050_1955_GV_FA2011_JT_09 @Gram:SerEstar:Ser ADD:664 
"<$.>"
	"." Punctuation FS lang:es 00:01:09 00:01:14 tt-1735 AF050_1955_GV_FA2011_JT_09 
</speaker>
</text>

