<text id="AF055_1993_SA_SU2012_JB_08">
<speaker type="int">
"<Sí>"
	"sí" Adverb ADV lang:es 00:00:00 00:00:07 tt-3212 AF055_1993_SA_SU2012_JB_08 
"<$.>"
	"." Punctuation FS lang:es 00:00:00 00:00:07 tt-3213 AF055_1993_SA_SU2012_JB_08 

"<Uhm>"
	"UNK" Noun NP Singular lang:es 00:00:00 00:00:07 tt-3214 AF055_1993_SA_SU2012_JB_08 
"<...>"
	"..." Punctuation DOTS lang:es 00:00:00 00:00:07 tt-3215 AF055_1993_SA_SU2012_JB_08 
"<regresamos>"
	"regresar" Verb VLfin Pres_or_Pret Indi Plural 1st lang:es 00:00:00 00:00:07 tt-3216 AF055_1993_SA_SU2012_JB_08 
"<a>"
	"a" Preposition PREP lang:es 00:00:00 00:00:07 tt-3217 AF055_1993_SA_SU2012_JB_08 @Gram:Prep 
"<México>"
	"México" Noun NP Singular lang:es 00:00:00 00:00:07 tt-3218 AF055_1993_SA_SU2012_JB_08 
"<$.>"
	"." Punctuation FS lang:es 00:00:00 00:00:07 tt-3219 AF055_1993_SA_SU2012_JB_08 

"<Quiero>"
	"querer" Verb VLfin Pres Indi Sing 1st lang:es 00:00:00 00:00:07 tt-3220 AF055_1993_SA_SU2012_JB_08 
"<oír>"
	"oír" Verb VLinf VLfin Indi_Command Sing 2nd_3rd lang:es 00:00:00 00:00:07 tt-3221 AF055_1993_SA_SU2012_JB_08 
"<más>"
	"más" Adverb ADV lang:es 00:00:00 00:00:07 tt-3222 AF055_1993_SA_SU2012_JB_08 
"<cosas>"
	"cosa" Noun NC Plural lang:es 00:00:00 00:00:07 tt-3223 AF055_1993_SA_SU2012_JB_08 
"<que>"
	"que" Conjunction CQUE lang:es 00:00:00 00:00:07 tt-3224 AF055_1993_SA_SU2012_JB_08 
"<eran>"
	"ser" Verb VSfin Imp Indi Plural 3rd lang:es 00:00:00 00:00:07 tt-3225 AF055_1993_SA_SU2012_JB_08 @Gram:Imperf @Gram:SerEstar:Ser 
"<diferentes>"
	"diferente" Adjective ADJ Plural lang:es 00:00:00 00:00:07 tt-3226 AF055_1993_SA_SU2012_JB_08 
"<viviendo>"
	"vivir" Verb VLger lang:es 00:00:00 00:00:07 tt-3227 AF055_1993_SA_SU2012_JB_08 
"<allí>"
	"allí" Adverb ADV lang:es 00:00:00 00:00:07 tt-3228 AF055_1993_SA_SU2012_JB_08 
"<y>"
	"y" Conjunciton Conjunction CC lang:es 00:00:08 00:00:13 tt-3229 AF055_1993_SA_SU2012_JB_08 
"<viviendo>"
	"vivir" Verb VLger lang:es 00:00:08 00:00:13 tt-3230 AF055_1993_SA_SU2012_JB_08 
"<aquí>"
	"aquí" Adverb ADV lang:es 00:00:08 00:00:13 tt-3231 AF055_1993_SA_SU2012_JB_08 
"<en>"
	"en" Preposition PREP lang:es 00:00:08 00:00:13 tt-3232 AF055_1993_SA_SU2012_JB_08 @Gram:Prep 
"<los>"
	"el" Determiner ART Plural Masc lang:es 00:00:08 00:00:13 tt-3233 AF055_1993_SA_SU2012_JB_08 @Gram:Det:Art 
"<Estados>"
	"Estados" Noun NP Plural lang:es 00:00:08 00:00:13 tt-3234 AF055_1993_SA_SU2012_JB_08 ID:23 R:Vocab:Entities:Geo:24 
"<Unidos>"
	"Unidos" Noun NP Plural lang:es 00:00:08 00:00:13 tt-3235 AF055_1993_SA_SU2012_JB_08 ID:24 
"<$.>"
	"." Punctuation FS lang:es 00:00:08 00:00:13 tt-3236 AF055_1993_SA_SU2012_JB_08 

"<$¿>"
	"¿" Punctuation FS lang:es 00:00:08 00:00:13 tt-3237 AF055_1993_SA_SU2012_JB_08 
"<Qué>"
	"qué" Pronoun INT Singular lang:es 00:00:08 00:00:13 tt-3238 AF055_1993_SA_SU2012_JB_08 
"<es>"
	"ser" Verb VSfin Pres Indi Sing 3rd lang:es 00:00:08 00:00:13 tt-3239 AF055_1993_SA_SU2012_JB_08 @Gram:SerEstar:Ser 
"<algo>"
	"algo" Determiner QU lang:es 00:00:08 00:00:13 tt-3240 AF055_1993_SA_SU2012_JB_08 
"<más>"
	"más" Adverb ADV lang:es 00:00:08 00:00:13 tt-3241 AF055_1993_SA_SU2012_JB_08 
"<que>"
	"que" Conjunction CQUE lang:es 00:00:08 00:00:13 tt-3242 AF055_1993_SA_SU2012_JB_08 
"<era>"
	"ser" Verb VEfin Imp Indi Sing 1st_or_3rd lang:es 00:00:08 00:00:13 tt-3243 AF055_1993_SA_SU2012_JB_08 @Gram:Imperf @Gram:SerEstar:Ser 
"<muy>"
	"muy" Adverb ADV lang:es 00:00:08 00:00:13 tt-3244 AF055_1993_SA_SU2012_JB_08 
"<diferente>"
	"diferente" Adjective ADJ Singular lang:es 00:00:08 00:00:13 tt-3245 AF055_1993_SA_SU2012_JB_08 
"<$?>"
	"?" Punctuation FS lang:es 00:00:08 00:00:13 tt-3246 AF055_1993_SA_SU2012_JB_08 

"<Pues>"
	"pues" Conjunction CSUBF lang:es 00:00:13 00:00:19 tt-3247 AF055_1993_SA_SU2012_JB_08 
"<yo>"
	"yo" Pronoun PPX Singular lang:es 00:00:13 00:00:19 tt-3248 AF055_1993_SA_SU2012_JB_08 @Gram:Pron:Sujeto 
"<creo>"
	"crear|creer" Verb VLfin Pres Indi Sing 1st lang:es 00:00:13 00:00:19 tt-3249 AF055_1993_SA_SU2012_JB_08 
"<,>"
	"," Punctuation CM lang:es 00:00:13 00:00:19 tt-3250 AF055_1993_SA_SU2012_JB_08 
"<la>"
	"el" Determiner ART Singular Fem lang:es 00:00:13 00:00:19 tt-3251 AF055_1993_SA_SU2012_JB_08 @Gram:Det:Art 
"<manera>"
	"manera" Noun NC Singular lang:es 00:00:13 00:00:19 tt-3252 AF055_1993_SA_SU2012_JB_08 
"<en>"
	"en" Preposition PREP lang:es 00:00:13 00:00:19 tt-3253 AF055_1993_SA_SU2012_JB_08 @Gram:Prep 
"<la>"
	"el" Determiner ART Singular Fem lang:es 00:00:13 00:00:19 tt-3254 AF055_1993_SA_SU2012_JB_08 @Gram:Det:Art 
"<que>"
	"que" Conjunction CQUE lang:es 00:00:13 00:00:19 tt-3255 AF055_1993_SA_SU2012_JB_08 
"<nos>"
	"nosotros" Pronoun PPX Plural lang:es 00:00:13 00:00:19 tt-3256 AF055_1993_SA_SU2012_JB_08 @Gram:Pron:Objeto 
"<tratábamos>"
	"tratar" Verb VLfin Imp Indi Plural 1st lang:es 00:00:13 00:00:19 tt-3257 AF055_1993_SA_SU2012_JB_08 @Gram:Imperf 
"<en>"
	"en" Preposition PREP lang:es 00:00:13 00:00:19 tt-3258 AF055_1993_SA_SU2012_JB_08 @Gram:Prep 
"<la>"
	"el" Determiner ART Singular Fem lang:es 00:00:13 00:00:19 tt-3259 AF055_1993_SA_SU2012_JB_08 @Gram:Det:Art 
"<,>"
	"," Punctuation CM lang:es 00:00:13 00:00:19 tt-3260 AF055_1993_SA_SU2012_JB_08 
"<que>"
	"que" Conjunction CQUE lang:es 00:00:13 00:00:19 tt-3261 AF055_1993_SA_SU2012_JB_08 
"<nos>"
	"nosotros" Pronoun PPX Plural lang:es 00:00:13 00:00:19 tt-3262 AF055_1993_SA_SU2012_JB_08 @Gram:Pron:Objeto 
"<trataba>"
	"tratar" Verb VLfin Imp Indi Sing 1st_or_3rd lang:es 00:00:13 00:00:19 tt-3263 AF055_1993_SA_SU2012_JB_08 @Gram:Imperf 
"<...>"
	"..." Punctuation DOTS lang:es 00:00:13 00:00:19 tt-3264 AF055_1993_SA_SU2012_JB_08 
"<trataban>"
	"tratar" Verb VLfin Imp Indi Plural 3rd lang:es 00:00:13 00:00:19 tt-3265 AF055_1993_SA_SU2012_JB_08 @Gram:Imperf 
"<,>"
	"," Punctuation CM lang:es 00:00:13 00:00:19 tt-3266 AF055_1993_SA_SU2012_JB_08 
"<perdón>"
	"perdón" Noun NC Singular lang:es 00:00:19 00:00:26 tt-3267 AF055_1993_SA_SU2012_JB_08 
"<...>"
	"..." Punctuation DOTS lang:es 00:00:19 00:00:26 tt-3268 AF055_1993_SA_SU2012_JB_08 
"<en>"
	"en" Preposition PREP lang:es 00:00:19 00:00:26 tt-3269 AF055_1993_SA_SU2012_JB_08 @Gram:Prep 
"<escuela>"
	"escuela" Noun NC Singular lang:es 00:00:19 00:00:26 tt-3270 AF055_1993_SA_SU2012_JB_08 
"<fue>"
	"ser" Verb VSfin Pret Indi Sing 3rd lang:es 00:00:19 00:00:26 tt-3271 AF055_1993_SA_SU2012_JB_08 @Gram:Indefinido @Gram:SerEstar:Ser 
"<muy>"
	"muy" Adverb ADV lang:es 00:00:19 00:00:26 tt-3272 AF055_1993_SA_SU2012_JB_08 
"<diver>"
	"UNK" Noun NC Singular lang:es 00:00:19 00:00:26 tt-3273 AF055_1993_SA_SU2012_JB_08 
"<...>"
	"..." Punctuation DOTS lang:es 00:00:19 00:00:26 tt-3274 AF055_1993_SA_SU2012_JB_08 
"<diferente>"
	"diferente" Adjective ADJ Singular lang:es 00:00:19 00:00:26 tt-3275 AF055_1993_SA_SU2012_JB_08 
"<$.>"
	"." Punctuation FS lang:es 00:00:19 00:00:26 tt-3276 AF055_1993_SA_SU2012_JB_08 

"<Aquí>"
	"aquí" Adverb ADV lang:es 00:00:19 00:00:26 tt-3277 AF055_1993_SA_SU2012_JB_08 
"<era>"
	"ser" Verb VEfin Imp Indi Sing 1st_or_3rd lang:es 00:00:19 00:00:26 tt-3278 AF055_1993_SA_SU2012_JB_08 @Gram:Imperf @Gram:SerEstar:Ser 
"<más>"
	"más" Adverb ADV lang:es 00:00:19 00:00:26 tt-3279 AF055_1993_SA_SU2012_JB_08 
"<libre>"
	"libre" Adjective ADJ Singular lang:es 00:00:19 00:00:26 tt-3280 AF055_1993_SA_SU2012_JB_08 
"<$.>"
	"." Punctuation FS lang:es 00:00:19 00:00:26 tt-3281 AF055_1993_SA_SU2012_JB_08 

"<Puedes>"
	"poder" Verb VLfin Pres Indi Sing 2nd lang:es 00:00:19 00:00:26 tt-3282 AF055_1993_SA_SU2012_JB_08 
"<hacer>"
	"hacer" Verb VLinf Infinitive lang:es 00:00:19 00:00:26 tt-3283 AF055_1993_SA_SU2012_JB_08 
"<no>"
	"no" Adverb NEG lang:es 00:00:19 00:00:26 tt-3284 AF055_1993_SA_SU2012_JB_08 
"<lo>"
	"el" Determiner ART Singular lang:es 00:00:19 00:00:26 tt-3285 AF055_1993_SA_SU2012_JB_08 ID:74 R:Gram:Det:LoAdj:75 
"<que>"
	"que" Conjunction CQUE lang:es 00:00:19 00:00:26 tt-3286 AF055_1993_SA_SU2012_JB_08 ID:75 
"<quieras>"
	"querer" Verb VLfin Past Subj Sing 2nd lang:es 00:00:27 00:00:32 tt-3287 AF055_1993_SA_SU2012_JB_08 @Gram:MSub:Pret 
"<,>"
	"," Punctuation CM lang:es 00:00:27 00:00:32 tt-3288 AF055_1993_SA_SU2012_JB_08 
"<pero>"
	"pero" Conjunction CCAD lang:es 00:00:27 00:00:32 tt-3289 AF055_1993_SA_SU2012_JB_08 @Prag:MarcadoresDisc:Revision 
"<no>"
	"no" Adverb NEG lang:es 00:00:27 00:00:32 tt-3290 AF055_1993_SA_SU2012_JB_08 
"<te>"
	"tú" Pronoun PPX Singular lang:es 00:00:27 00:00:32 tt-3291 AF055_1993_SA_SU2012_JB_08 @Gram:Pron:Objeto 
"<tratan>"
	"tratar" Verb VLfin Pres Indi Plural 3rd lang:es 00:00:27 00:00:32 tt-3292 AF055_1993_SA_SU2012_JB_08 
"<como>"
	"como" Adverb ADV lang:es 00:00:27 00:00:32 tt-3293 AF055_1993_SA_SU2012_JB_08 
"<que>"
	"que" Conjunction CQUE lang:es 00:00:27 00:00:32 tt-3294 AF055_1993_SA_SU2012_JB_08 
<lang code="en">
"<okay>"
	"okay" Adjective JJ lang:en 00:00:27 00:00:32 tt-3295 AF055_1993_SA_SU2012_JB_08 
</lang>
"<tienes>"
	"tener" Verb VLfin Pres Indi Sing 2nd lang:es 00:00:27 00:00:32 tt-3296 AF055_1993_SA_SU2012_JB_08 
"<que>"
	"que" Conjunction CQUE lang:es 00:00:27 00:00:32 tt-3297 AF055_1993_SA_SU2012_JB_08 
"<hacer>"
	"hacer" Verb VLinf Infinitive lang:es 00:00:27 00:00:32 tt-3298 AF055_1993_SA_SU2012_JB_08 
"<esto>"
	"este" Determiner DM Singular lang:es 00:00:27 00:00:32 tt-3299 AF055_1993_SA_SU2012_JB_08 
"<esto>"
	"este" Determiner DM Singular lang:es 00:00:27 00:00:32 tt-3300 AF055_1993_SA_SU2012_JB_08 
"<esto>"
	"este" Determiner DM Singular lang:es 00:00:27 00:00:32 tt-3301 AF055_1993_SA_SU2012_JB_08 
"<$.>"
	"." Punctuation FS lang:es 00:00:27 00:00:32 tt-3302 AF055_1993_SA_SU2012_JB_08 

"<En>"
	"en" Preposition PREP lang:es 00:00:27 00:00:32 tt-3303 AF055_1993_SA_SU2012_JB_08 @Gram:Prep 
"<México>"
	"México" Noun NP Singular lang:es 00:00:27 00:00:32 tt-3304 AF055_1993_SA_SU2012_JB_08 
"<fui>"
	"ir|ser" Verb VLfin Pret Indi Sing 1st lang:es 00:00:27 00:00:32 tt-3305 AF055_1993_SA_SU2012_JB_08 @Gram:Indefinido 
"<a>"
	"a" Preposition PREP lang:es 00:00:32 00:00:38 tt-3306 AF055_1993_SA_SU2012_JB_08 @Gram:Prep 
"<una>"
	"un" Determiner ART Singular lang:es 00:00:32 00:00:38 tt-3307 AF055_1993_SA_SU2012_JB_08 
"<escuela>"
	"escuela" Noun NC Singular lang:es 00:00:32 00:00:38 tt-3308 AF055_1993_SA_SU2012_JB_08 
"<católica>"
	"católico" Adjective ADJ Singular lang:es 00:00:32 00:00:38 tt-3309 AF055_1993_SA_SU2012_JB_08 
"<entonces>"
	"entonces" Adverb ADV lang:es 00:00:32 00:00:38 tt-3310 AF055_1993_SA_SU2012_JB_08 
"<las>"
	"el" Determiner ART Plural Fem lang:es 00:00:32 00:00:38 tt-3311 AF055_1993_SA_SU2012_JB_08 @Gram:Det:Art 
"<monjas>"
	"monje" Noun NC Plural lang:es 00:00:32 00:00:38 tt-3312 AF055_1993_SA_SU2012_JB_08 
"<siempre>"
	"siempre" Adverb ADV lang:es 00:00:32 00:00:38 tt-3313 AF055_1993_SA_SU2012_JB_08 
"<a>"
	"a" Preposition PREP lang:es 00:00:32 00:00:38 tt-3314 AF055_1993_SA_SU2012_JB_08 @Gram:Prep 
"<ir>"
	"ir" Verb VLinf Infinitive lang:es 00:00:32 00:00:38 tt-3315 AF055_1993_SA_SU2012_JB_08 
"<regañándote>"
	"UNK" Verb VLadj lang:es 00:00:32 00:00:38 tt-3316 AF055_1993_SA_SU2012_JB_08 
"<por>"
	"por" Preposition PREP lang:es 00:00:32 00:00:38 tt-3317 AF055_1993_SA_SU2012_JB_08 @Gram:Prep:Por 
"<cualquier>"
	"cualquier" Determiner QU lang:es 00:00:32 00:00:38 tt-3318 AF055_1993_SA_SU2012_JB_08 @Gram:Det:CuantIndef 
"<cosita>"
	"cosa" Noun NC Singular lang:es 00:00:32 00:00:38 tt-3319 AF055_1993_SA_SU2012_JB_08 
"<,>"
	"," Punctuation CM lang:es 00:00:32 00:00:38 tt-3320 AF055_1993_SA_SU2012_JB_08 
"<y>"
	"y" Conjunciton Conjunction CC lang:es 00:00:38 00:00:45 tt-3321 AF055_1993_SA_SU2012_JB_08 
"<nos>"
	"nosotros" Pronoun PPX Plural lang:es 00:00:38 00:00:45 tt-3322 AF055_1993_SA_SU2012_JB_08 @Gram:Pron:Objeto 
"<trataban>"
	"tratar" Verb VLfin Imp Indi Plural 3rd lang:es 00:00:38 00:00:45 tt-3323 AF055_1993_SA_SU2012_JB_08 @Gram:Imperf 
"<casi>"
	"casi" Adverb ADV lang:es 00:00:38 00:00:45 tt-3324 AF055_1993_SA_SU2012_JB_08 
"<como>"
	"como" Conjunction CSUBX lang:es 00:00:38 00:00:45 tt-3325 AF055_1993_SA_SU2012_JB_08 
"<si>"
	"si" Conjunction CSUBX lang:es 00:00:38 00:00:45 tt-3326 AF055_1993_SA_SU2012_JB_08 
"<fuera>"
	"ser" Verb VSfin Past Subj Sing 1st_or_3rd lang:es 00:00:38 00:00:45 tt-3327 AF055_1993_SA_SU2012_JB_08 @Gram:MSub:Pret @Gram:SerEstar:Ser 
"<una>"
	"un" Determiner ART Singular lang:es 00:00:38 00:00:45 tt-3328 AF055_1993_SA_SU2012_JB_08 
"<escuela>"
	"escuela" Noun NC Singular lang:es 00:00:38 00:00:45 tt-3329 AF055_1993_SA_SU2012_JB_08 
"<militar>"
	"militar" Adjective ADJ Singular lang:es 00:00:38 00:00:45 tt-3330 AF055_1993_SA_SU2012_JB_08 
"<$.>"
	"." Punctuation FS lang:es 00:00:38 00:00:45 tt-3331 AF055_1993_SA_SU2012_JB_08 

"<Cada>"
	"cada" Determiner QU lang:es 00:00:38 00:00:45 tt-3332 AF055_1993_SA_SU2012_JB_08 @Gram:Det:CuantIndef 
"<día>"
	"día" Noun NC Singular lang:es 00:00:38 00:00:45 tt-3333 AF055_1993_SA_SU2012_JB_08 
"<nos>"
	"nosotros" Pronoun PPX Plural lang:es 00:00:38 00:00:45 tt-3334 AF055_1993_SA_SU2012_JB_08 @Gram:Pron:Objeto 
"<teníamos>"
	"tener" Verb VLfin Imp Indi Plural 1st lang:es 00:00:38 00:00:45 tt-3335 AF055_1993_SA_SU2012_JB_08 @Gram:Imperf 
"<que>"
	"que" Conjunction CQUE lang:es 00:00:38 00:00:45 tt-3336 AF055_1993_SA_SU2012_JB_08 
"<poner>"
	"poner" Verb VLinf Infinitive lang:es 00:00:38 00:00:45 tt-3337 AF055_1993_SA_SU2012_JB_08 
"<en>"
	"en" Preposition PREP lang:es 00:00:45 00:00:52 tt-3338 AF055_1993_SA_SU2012_JB_08 @Gram:Prep 
"<filas>"
	"fila" Noun NC Plural lang:es 00:00:45 00:00:52 tt-3339 AF055_1993_SA_SU2012_JB_08 
"<y>"
	"y" Conjunciton Conjunction CC lang:es 00:00:45 00:00:52 tt-3340 AF055_1993_SA_SU2012_JB_08 
"<cantar>"
	"cantar" Verb VLinf Infinitive lang:es 00:00:45 00:00:52 tt-3341 AF055_1993_SA_SU2012_JB_08 
"<el>"
	"el" Determiner ART Singular Masc lang:es 00:00:45 00:00:52 tt-3342 AF055_1993_SA_SU2012_JB_08 @Gram:Det:Art 
"<himno>"
	"himno" Noun NC Singular lang:es 00:00:45 00:00:52 tt-3343 AF055_1993_SA_SU2012_JB_08 
"<nacional>"
	"nacional" Adjective ADJ Singular lang:es 00:00:45 00:00:52 tt-3344 AF055_1993_SA_SU2012_JB_08 
"<y>"
	"y" Conjunciton Conjunction CC lang:es 00:00:45 00:00:52 tt-3345 AF055_1993_SA_SU2012_JB_08 
"<no>"
	"no" Adverb NEG lang:es 00:00:45 00:00:52 tt-3346 AF055_1993_SA_SU2012_JB_08 
"<nos>"
	"nosotros" Pronoun PPX Plural lang:es 00:00:45 00:00:52 tt-3347 AF055_1993_SA_SU2012_JB_08 @Gram:Pron:Objeto 
"<,>"
	"," Punctuation CM lang:es 00:00:45 00:00:52 tt-3348 AF055_1993_SA_SU2012_JB_08 
"<no>"
	"no" Adverb NEG lang:es 00:00:45 00:00:52 tt-3349 AF055_1993_SA_SU2012_JB_08 
"<podíamos>"
	"poder" Verb VLfin Imp Indi Plural 1st lang:es 00:00:45 00:00:52 tt-3350 AF055_1993_SA_SU2012_JB_08 @Gram:Imperf 
"<hablar>"
	"hablar" Verb VLinf Infinitive lang:es 00:00:45 00:00:52 tt-3351 AF055_1993_SA_SU2012_JB_08 ID:140 R:Vocab:Fraseol:VerbPrep:142 
"<uno>"
	"uno" Determiner CARD Singular lang:es 00:00:45 00:00:52 tt-3352 AF055_1993_SA_SU2012_JB_08 
"<con>"
	"con" Preposition PREP lang:es 00:00:45 00:00:52 tt-3353 AF055_1993_SA_SU2012_JB_08 @Gram:Prep ID:142 
"<los>"
	"el" Determiner ART Plural Masc lang:es 00:00:45 00:00:52 tt-3354 AF055_1993_SA_SU2012_JB_08 @Gram:Det:Art ID:143 R:Gram:Det:Combi:144 
"<otros>"
	"otro" Determiner QU lang:es 00:00:45 00:00:52 tt-3355 AF055_1993_SA_SU2012_JB_08 ID:144 
"<$.>"
	"." Punctuation FS lang:es 00:00:45 00:00:52 tt-3356 AF055_1993_SA_SU2012_JB_08 

"<Entonces>"
	"entonces" Adverb ADV lang:es 00:00:45 00:00:52 tt-3357 AF055_1993_SA_SU2012_JB_08 
"<fue>"
	"ser" Verb VSfin Pret Indi Sing 3rd lang:es 00:00:45 00:00:52 tt-3358 AF055_1993_SA_SU2012_JB_08 @Gram:Indefinido @Gram:SerEstar:Ser 
"<un>"
	"un" Determiner ART Singular lang:es 00:00:53 00:00:58 tt-3359 AF055_1993_SA_SU2012_JB_08 ID:148 R:Gram:Det:Combi:149 R:Vocab:Fraseol:LocAdv:150 
"<poquito>"
	"poco" Adjective ADJ Masc Singular lang:es 00:00:53 00:00:58 tt-3360 AF055_1993_SA_SU2012_JB_08 ID:149 
"<extraño>"
	"extraño" Adjective ADJ Singular lang:es 00:00:53 00:00:58 tt-3361 AF055_1993_SA_SU2012_JB_08 ID:150 
"<$.>"
	"." Punctuation FS lang:es 00:00:53 00:00:58 tt-3362 AF055_1993_SA_SU2012_JB_08 

"<Pero>"
	"pero" Conjunction CCAD lang:es 00:00:53 00:00:58 tt-3363 AF055_1993_SA_SU2012_JB_08 @Prag:MarcadoresDisc:Revision 
"<también>"
	"también" Adverb ADV lang:es 00:00:53 00:00:58 tt-3364 AF055_1993_SA_SU2012_JB_08 @Prag:MarcadoresDisc:Igualdad 
"<,>"
	"," Punctuation CM lang:es 00:00:53 00:00:58 tt-3365 AF055_1993_SA_SU2012_JB_08 
"<o>"
	"o" Conjunciton CC Adverb ADV lang:es 00:00:53 00:00:58 tt-3366 AF055_1993_SA_SU2012_JB_08 ID:155 R:Prag:MarcadoresDisc:Igualdad:156 
"<sea>"
	"sea" Adverb ADV lang:es 00:00:53 00:00:58 tt-3367 AF055_1993_SA_SU2012_JB_08 ID:156 
"<nada>"
	"nada" Determiner QU lang:es 00:00:53 00:00:58 tt-3368 AF055_1993_SA_SU2012_JB_08 ID:157 R:Vocab:Fraseol:LocAdv:158 
"<más>"
	"más" Adverb ADV lang:es 00:00:53 00:00:58 tt-3369 AF055_1993_SA_SU2012_JB_08 ID:158 
"<la>"
	"el" Determiner ART Singular Fem lang:es 00:00:53 00:00:58 tt-3370 AF055_1993_SA_SU2012_JB_08 @Gram:Det:Art 
"<manera>"
	"manera" Noun NC Singular lang:es 00:00:53 00:00:58 tt-3371 AF055_1993_SA_SU2012_JB_08 
"<de>"
	"de" Preposition PREP lang:es 00:00:53 00:00:58 tt-3372 AF055_1993_SA_SU2012_JB_08 @Gram:Prep 
"<vivir>"
	"vivir" Verb VLinf Infinitive lang:es 00:00:53 00:00:58 tt-3373 AF055_1993_SA_SU2012_JB_08 
"<en>"
	"en" Preposition PREP lang:es 00:00:53 00:00:58 tt-3374 AF055_1993_SA_SU2012_JB_08 @Gram:Prep 
"<México>"
	"México" Noun NP Singular lang:es 00:00:53 00:00:58 tt-3375 AF055_1993_SA_SU2012_JB_08 
"<es>"
	"ser" Verb VSfin Pres Indi Sing 3rd lang:es 00:00:53 00:00:58 tt-3376 AF055_1993_SA_SU2012_JB_08 @Gram:SerEstar:Ser 
"<muy>"
	"muy" Adverb ADV lang:es 00:00:53 00:00:58 tt-3377 AF055_1993_SA_SU2012_JB_08 
"<diferente>"
	"diferente" Adjective ADJ Singular lang:es 00:00:53 00:00:58 tt-3378 AF055_1993_SA_SU2012_JB_08 
"<$.>"
	"." Punctuation FS lang:es 00:00:53 00:00:58 tt-3379 AF055_1993_SA_SU2012_JB_08 

"<Yo>"
	"yo" Pronoun PPX Singular lang:es 00:00:58 00:01:05 tt-3380 AF055_1993_SA_SU2012_JB_08 @Gram:Pron:Sujeto 
"<tenía>"
	"tener" Verb VLfin Imp Indi Sing 1st_or_3rd lang:es 00:00:58 00:01:05 tt-3381 AF055_1993_SA_SU2012_JB_08 @Gram:Imperf 
"<un>"
	"un" Determiner ART Singular lang:es 00:00:58 00:01:05 tt-3382 AF055_1993_SA_SU2012_JB_08 
"<chofer>"
	"chofer" Noun NC Singular lang:es 00:00:58 00:01:05 tt-3383 AF055_1993_SA_SU2012_JB_08 
"<que>"
	"que" Conjunction CQUE lang:es 00:00:58 00:01:05 tt-3384 AF055_1993_SA_SU2012_JB_08 
"<me>"
	"yo" Pronoun PPX Singular lang:es 00:00:58 00:01:05 tt-3385 AF055_1993_SA_SU2012_JB_08 @Gram:Pron:Objeto 
"<llevaba>"
	"llevar" Verb VLfin Imp Indi Sing 1st_or_3rd lang:es 00:00:58 00:01:05 tt-3386 AF055_1993_SA_SU2012_JB_08 @Gram:Imperf 
"<a>"
	"a" Preposition PREP lang:es 00:00:58 00:01:05 tt-3387 AF055_1993_SA_SU2012_JB_08 @Gram:Prep 
"<mis>"
	"mío" Pronoun PPO Plural lang:es 00:00:58 00:01:05 tt-3388 AF055_1993_SA_SU2012_JB_08 @Gram:Det:Pos 
"<clases>"
	"clase" Noun NC Plural lang:es 00:00:58 00:01:05 tt-3389 AF055_1993_SA_SU2012_JB_08 
"<de>"
	"de" Preposition PREP lang:es 00:00:58 00:01:05 tt-3390 AF055_1993_SA_SU2012_JB_08 @Gram:Prep 
"<baile>"
	"baile" Noun NC Singular lang:es 00:00:58 00:01:05 tt-3391 AF055_1993_SA_SU2012_JB_08 
"<,>"
	"," Punctuation CM lang:es 00:00:58 00:01:05 tt-3392 AF055_1993_SA_SU2012_JB_08 
"<y>"
	"y" Conjunciton CC lang:es 00:00:58 00:01:05 tt-3393 AF055_1993_SA_SU2012_JB_08 
"<$¿>"
	"¿" Punctuation FS lang:es 00:00:58 00:01:05 tt-3394 AF055_1993_SA_SU2012_JB_08 
"<para>"
	"para" Preposition PREP lang:es 00:00:58 00:01:05 tt-3395 AF055_1993_SA_SU2012_JB_08 @Gram:Prep:Para 
"<qué>"
	"qué" Pronoun INT Singular lang:es 00:00:58 00:01:05 tt-3396 AF055_1993_SA_SU2012_JB_08 
"<$?>"
	"?" Punctuation FS lang:es 00:00:58 00:01:05 tt-3397 AF055_1993_SA_SU2012_JB_08 

"<No>"
	"no" Adverb NEG lang:es 00:00:58 00:01:05 tt-3398 AF055_1993_SA_SU2012_JB_08 
"<lo>"
	"él" Pronoun PPC Singular lang:es 00:00:58 00:01:05 tt-3399 AF055_1993_SA_SU2012_JB_08 @Gram:Pron:Objeto 
"<necesitamos>"
	"necesitar" Verb VLfin Pres_or_Pret Indi Plural 1st lang:es 00:00:58 00:01:05 tt-3400 AF055_1993_SA_SU2012_JB_08 
"<,>"
	"," Punctuation CM lang:es 00:00:58 00:01:05 tt-3401 AF055_1993_SA_SU2012_JB_08 
"<pero>"
	"pero" Conjunction CCAD lang:es 00:01:07 00:01:13 tt-3402 AF055_1993_SA_SU2012_JB_08 @Prag:MarcadoresDisc:Revision 
"<lo>"
	"él" Pronoun PPC Singular lang:es 00:01:07 00:01:13 tt-3403 AF055_1993_SA_SU2012_JB_08 @Gram:Pron:Objeto 
"<podíamos>"
	"poder" Verb VLfin Imp Indi Plural 1st lang:es 00:01:07 00:01:13 tt-3404 AF055_1993_SA_SU2012_JB_08 @Gram:Imperf 
"<tener>"
	"tener" Verb VLinf Infinitive lang:es 00:01:07 00:01:13 tt-3405 AF055_1993_SA_SU2012_JB_08 
"<,>"
	"," Punctuation CM lang:es 00:01:07 00:01:13 tt-3406 AF055_1993_SA_SU2012_JB_08 
"<entonces>"
	"entonces" Adverb ADV lang:es 00:01:07 00:01:13 tt-3407 AF055_1993_SA_SU2012_JB_08 
"<allí>"
	"allí" Adverb ADV lang:es 00:01:07 00:01:13 tt-3408 AF055_1993_SA_SU2012_JB_08 
"<lo>"
	"él" Pronoun PPC Singular lang:es 00:01:07 00:01:13 tt-3409 AF055_1993_SA_SU2012_JB_08 @Gram:Pron:Objeto 
"<teníamos>"
	"tener" Verb VLfin Imp Indi Plural 1st lang:es 00:01:07 00:01:13 tt-3410 AF055_1993_SA_SU2012_JB_08 @Gram:Imperf 
"<$.>"
	"." Punctuation FS lang:es 00:01:07 00:01:13 tt-3411 AF055_1993_SA_SU2012_JB_08 

"<Y>"
	"y" Conjunciton Conjunction CC lang:es 00:01:07 00:01:13 tt-3412 AF055_1993_SA_SU2012_JB_08 
"<cosas>"
	"cosa" Noun NC Plural lang:es 00:01:07 00:01:13 tt-3413 AF055_1993_SA_SU2012_JB_08 
"<así>"
	"así" Adverb ADV lang:es 00:01:07 00:01:13 tt-3414 AF055_1993_SA_SU2012_JB_08 
"<$.>"
	"." Punctuation FS lang:es 00:01:07 00:01:13 tt-3415 AF055_1993_SA_SU2012_JB_08 

"<La>"
	"el" Determiner ART Singular Fem lang:es 00:01:07 00:01:13 tt-3416 AF055_1993_SA_SU2012_JB_08 @Gram:Det:Art 
"<gente>"
	"gente" Noun NC Singular lang:es 00:01:07 00:01:13 tt-3417 AF055_1993_SA_SU2012_JB_08 
"<...>"
	"..." Punctuation DOTS lang:es 00:01:07 00:01:13 tt-3418 AF055_1993_SA_SU2012_JB_08 
"<por>"
	"por" Preposition PREP lang:es 00:01:07 00:01:13 tt-3419 AF055_1993_SA_SU2012_JB_08 @Gram:Prep:Por ID:208 R:Prag:MarcadoresDisc:Igualdad:209 
"<ejemplo>"
	"ejemplo" Adverb ADV lang:es 00:01:07 00:01:13 tt-3420 AF055_1993_SA_SU2012_JB_08 ID:209 
"<,>"
	"," Punctuation CM lang:es 00:01:07 00:01:13 tt-3421 AF055_1993_SA_SU2012_JB_08 
"<bueno>"
	"bueno" Adjective ADJ Singular lang:es 00:01:07 00:01:13 tt-3422 AF055_1993_SA_SU2012_JB_08 
"<,>"
	"," Punctuation CM lang:es 00:01:07 00:01:13 tt-3423 AF055_1993_SA_SU2012_JB_08 
"<esto>"
	"este" Determiner DM Singular lang:es 00:01:07 00:01:13 tt-3424 AF055_1993_SA_SU2012_JB_08 
"<,>"
	"," Punctuation CM lang:es 00:01:07 00:01:13 tt-3425 AF055_1993_SA_SU2012_JB_08 
"<no>"
	"no" Adverb NEG lang:es 00:01:13 00:01:20 tt-3426 AF055_1993_SA_SU2012_JB_08 
"<pude>"
	"poder" Verb VLfin Pret Indi Sing 1st lang:es 00:01:13 00:01:20 tt-3427 AF055_1993_SA_SU2012_JB_08 @Gram:Indefinido 
"<aprovechar>"
	"aprovechar" Verb VLinf Infinitive lang:es 00:01:13 00:01:20 tt-3428 AF055_1993_SA_SU2012_JB_08 
"<de>"
	"de" Preposition PREP lang:es 00:01:13 00:01:20 tt-3429 AF055_1993_SA_SU2012_JB_08 @Gram:Prep 
"<esto>"
	"este" Determiner DM Singular lang:es 00:01:13 00:01:20 tt-3430 AF055_1993_SA_SU2012_JB_08 @Gram:Det:Demo 
"<,>"
	"," Punctuation CM lang:es 00:01:13 00:01:20 tt-3431 AF055_1993_SA_SU2012_JB_08 
"<pero>"
	"pero" Conjunction CCAD lang:es 00:01:13 00:01:20 tt-3432 AF055_1993_SA_SU2012_JB_08 @Prag:MarcadoresDisc:Revision 
"<en>"
	"en" Preposition PREP lang:es 00:01:13 00:01:20 tt-3433 AF055_1993_SA_SU2012_JB_08 @Gram:Prep 
"<nuestro>"
	"UNK" Adjective ADJ Singular lang:es 00:01:13 00:01:20 tt-3434 AF055_1993_SA_SU2012_JB_08 
<lang code="en">
"<club>"
	"club" Noun NN lang:en 00:01:13 00:01:20 tt-3435 AF055_1993_SA_SU2012_JB_08 
</lang>
"<,>"
	"," Punctuation CM lang:es 00:01:13 00:01:20 tt-3436 AF055_1993_SA_SU2012_JB_08 
"<de>"
	"de" Preposition PREP lang:es 00:01:13 00:01:20 tt-3437 AF055_1993_SA_SU2012_JB_08 @Gram:Prep 
"<...>"
	"..." Punctuation DOTS lang:es 00:01:13 00:01:20 tt-3438 AF055_1993_SA_SU2012_JB_08 
<lang code="en">
"<country>"
	"country" Noun NN lang:en 00:01:13 00:01:20 tt-3439 AF055_1993_SA_SU2012_JB_08 
"<club>"
	"club" Noun NN lang:en 00:01:13 00:01:20 tt-3440 AF055_1993_SA_SU2012_JB_08 
</lang>
"<...>"
	"..." Punctuation DOTS lang:es 00:01:13 00:01:20 tt-3441 AF055_1993_SA_SU2012_JB_08 
"<tenían>"
	"tener" Verb VLfin Imp Indi Plural 3rd lang:es 00:01:13 00:01:20 tt-3442 AF055_1993_SA_SU2012_JB_08 @Gram:Imperf 
"<una>"
	"un" Determiner ART Singular lang:es 00:01:13 00:01:20 tt-3443 AF055_1993_SA_SU2012_JB_08 
"<,>"
	"," Punctuation CM lang:es 00:01:13 00:01:20 tt-3444 AF055_1993_SA_SU2012_JB_08 
"<como>"
	"como" Conjunction CSUBX lang:es 00:01:13 00:01:20 tt-3445 AF055_1993_SA_SU2012_JB_08 
"<un>"
	"un" Determiner ART Singular lang:es 00:01:13 00:01:20 tt-3446 AF055_1993_SA_SU2012_JB_08 
"<spa>"
	"UNK" Noun NC Singular lang:es 00:01:13 00:01:20 tt-3447 AF055_1993_SA_SU2012_JB_08 
"<tan>"
	"tan" Adverb ADV lang:es 00:01:22 00:01:29 tt-3448 AF055_1993_SA_SU2012_JB_08 
"<barato>"
	"barato" Adjective ADJ Singular lang:es 00:01:22 00:01:29 tt-3449 AF055_1993_SA_SU2012_JB_08 
"<,>"
	"," Punctuation CM lang:es 00:01:22 00:01:29 tt-3450 AF055_1993_SA_SU2012_JB_08 
"<o>"
	"o" Conjunciton CC Adverb ADV lang:es 00:01:22 00:01:29 tt-3451 AF055_1993_SA_SU2012_JB_08 ID:240 R:Prag:MarcadoresDisc:Igualdad:241 
"<sea>"
	"sea" Adverb ADV lang:es 00:01:22 00:01:29 tt-3452 AF055_1993_SA_SU2012_JB_08 ID:241 
"<,>"
	"," Punctuation CM lang:es 00:01:22 00:01:29 tt-3453 AF055_1993_SA_SU2012_JB_08 
"<los>"
	"el" Determiner ART Plural Masc lang:es 00:01:22 00:01:29 tt-3454 AF055_1993_SA_SU2012_JB_08 @Gram:Det:Art 
"<,>"
	"," Punctuation CM lang:es 00:01:22 00:01:29 tt-3455 AF055_1993_SA_SU2012_JB_08 
"<los>"
	"el" Determiner ART Plural Masc lang:es 00:01:22 00:01:29 tt-3456 AF055_1993_SA_SU2012_JB_08 @Gram:Det:Art 
"<masajes>"
	"masaje" Noun NC Plural lang:es 00:01:22 00:01:29 tt-3457 AF055_1993_SA_SU2012_JB_08 
"<costaban>"
	"costar" Verb VLfin Imp Indi Plural 3rd lang:es 00:01:22 00:01:29 tt-3458 AF055_1993_SA_SU2012_JB_08 @Gram:Imperf 
"<como>"
	"como" Adverb ADV lang:es 00:01:22 00:01:29 tt-3459 AF055_1993_SA_SU2012_JB_08 
"<quince>"
	"quince" Determiner CARD Singular lang:es 00:01:22 00:01:29 tt-3460 AF055_1993_SA_SU2012_JB_08 
"<dólares>"
	"dólar" Noun NC Plural lang:es 00:01:22 00:01:29 tt-3461 AF055_1993_SA_SU2012_JB_08 
"<$.>"
	"." Punctuation FS lang:es 00:01:22 00:01:29 tt-3462 AF055_1993_SA_SU2012_JB_08 

"<O>"
	"o" Conjunciton CC Adverb ADV lang:es 00:01:22 00:01:29 tt-3463 AF055_1993_SA_SU2012_JB_08 ID:252 R:Prag:MarcadoresDisc:Igualdad:253 
"<sea>"
	"sea" Adverb ADV lang:es 00:01:22 00:01:29 tt-3464 AF055_1993_SA_SU2012_JB_08 ID:253 
"<,>"
	"," Punctuation CM lang:es 00:01:22 00:01:29 tt-3465 AF055_1993_SA_SU2012_JB_08 
"<no>"
	"no" Adverb NEG lang:es 00:01:22 00:01:29 tt-3466 AF055_1993_SA_SU2012_JB_08 
"<costaba>"
	"costar" Verb VLfin Imp Indi Sing 1st_or_3rd lang:es 00:01:22 00:01:29 tt-3467 AF055_1993_SA_SU2012_JB_08 @Gram:Imperf 
"<nada>"
	"nada" Determiner QU lang:es 00:01:22 00:01:29 tt-3468 AF055_1993_SA_SU2012_JB_08 @Gram:Det:Pron 
"<,>"
	"," Punctuation CM lang:es 00:01:22 00:01:29 tt-3469 AF055_1993_SA_SU2012_JB_08 
"<pero>"
	"pero" Conjunction CCAD lang:es 00:01:22 00:01:29 tt-3470 AF055_1993_SA_SU2012_JB_08 @Prag:MarcadoresDisc:Revision 
"<yo>"
	"yo" Pronoun PPX Singular lang:es 00:01:22 00:01:29 tt-3471 AF055_1993_SA_SU2012_JB_08 @Gram:Pron:Sujeto 
"<obviamente>"
	"obvio" Adverb ADV lang:es 00:01:31 00:01:36 tt-3472 AF055_1993_SA_SU2012_JB_08 
"<no>"
	"no" Adverb NEG lang:es 00:01:31 00:01:36 tt-3473 AF055_1993_SA_SU2012_JB_08 
"<tenía>"
	"tener" Verb VLfin Imp Indi Sing 1st_or_3rd lang:es 00:01:31 00:01:36 tt-3474 AF055_1993_SA_SU2012_JB_08 @Gram:Imperf 
"<la>"
	"el" Determiner ART Singular Fem lang:es 00:01:31 00:01:36 tt-3475 AF055_1993_SA_SU2012_JB_08 @Gram:Det:Art 
"<edad>"
	"edad" Noun NC Singular lang:es 00:01:31 00:01:36 tt-3476 AF055_1993_SA_SU2012_JB_08 
"<para>"
	"para" Preposition PREP lang:es 00:01:31 00:01:36 tt-3477 AF055_1993_SA_SU2012_JB_08 @Gram:Prep:Para 
"<usar>"
	"usar" Verb VLinf Infinitive lang:es 00:01:31 00:01:36 tt-3478 AF055_1993_SA_SU2012_JB_08 
"<todo>"
	"todo" Determiner QU lang:es 00:01:31 00:01:36 tt-3479 AF055_1993_SA_SU2012_JB_08 ID:268 R:Gram:Det:Combi:269 
"<eso>"
	"ese" Determiner DM Singular lang:es 00:01:31 00:01:36 tt-3480 AF055_1993_SA_SU2012_JB_08 ID:269 
"<,>"
	"," Punctuation CM lang:es 00:01:31 00:01:36 tt-3481 AF055_1993_SA_SU2012_JB_08 
"<entonces>"
	"entonces" Adverb ADV lang:es 00:01:31 00:01:36 tt-3482 AF055_1993_SA_SU2012_JB_08 
"<no>"
	"no" Adverb NEG lang:es 00:01:31 00:01:36 tt-3483 AF055_1993_SA_SU2012_JB_08 
"<lo>"
	"él" Pronoun PPC Singular lang:es 00:01:31 00:01:36 tt-3484 AF055_1993_SA_SU2012_JB_08 @Gram:Pron:Objeto 
"<pude>"
	"poder" Verb VLfin Pret Indi Sing 1st lang:es 00:01:31 00:01:36 tt-3485 AF055_1993_SA_SU2012_JB_08 @Gram:Indefinido 
"<aprovechar>"
	"aprovechar" Verb VLinf Infinitive lang:es 00:01:31 00:01:36 tt-3486 AF055_1993_SA_SU2012_JB_08 
"<,>"
	"," Punctuation CM lang:es 00:01:31 00:01:36 tt-3487 AF055_1993_SA_SU2012_JB_08 
"<pero>"
	"pero" Conjunction CCAD lang:es 00:01:31 00:01:36 tt-3488 AF055_1993_SA_SU2012_JB_08 @Prag:MarcadoresDisc:Revision 
"<mis>"
	"mío" Pronoun PPO Plural Adjective ADJ lang:es 00:01:31 00:01:36 tt-3489 AF055_1993_SA_SU2012_JB_08 @Gram:Det:Pos 
"<papás>"
	"papá" Noun NC Plural lang:es 00:01:36 00:01:43 tt-3490 AF055_1993_SA_SU2012_JB_08 
"<me>"
	"yo" Pronoun PPX Singular lang:es 00:01:36 00:01:43 tt-3491 AF055_1993_SA_SU2012_JB_08 @Gram:Pron:Objeto 
"<dicen>"
	"decir" Verb VLfin Pres Indi Plural 3rd lang:es 00:01:36 00:01:43 tt-3492 AF055_1993_SA_SU2012_JB_08 
"<que>"
	"que" Conjunction CQUE lang:es 00:01:36 00:01:43 tt-3493 AF055_1993_SA_SU2012_JB_08 
"<era>"
	"ser" Verb VEfin Imp Indi Sing 1st_or_3rd lang:es 00:01:36 00:01:43 tt-3494 AF055_1993_SA_SU2012_JB_08 @Gram:Imperf @Gram:SerEstar:Ser 
"<lo>"
	"el" Determiner ART Singular lang:es 00:01:36 00:01:43 tt-3495 AF055_1993_SA_SU2012_JB_08 
"<mejor>"
	"bueno" Adjective ADJ Singular lang:es 00:01:36 00:01:43 tt-3496 AF055_1993_SA_SU2012_JB_08 
"<,>"
	"," Punctuation CM lang:es 00:01:36 00:01:43 tt-3497 AF055_1993_SA_SU2012_JB_08 
"<no>"
	"no" Adverb ADV lang:es 00:01:36 00:01:43 tt-3498 AF055_1993_SA_SU2012_JB_08 
"<más>"
	"más" Adverb ADV lang:es 00:01:36 00:01:43 tt-3499 AF055_1993_SA_SU2012_JB_08 
"<ir>"
	"ir" Verb VLinf Infinitive lang:es 00:01:36 00:01:43 tt-3500 AF055_1993_SA_SU2012_JB_08 
"<,>"
	"," Punctuation CM lang:es 00:01:36 00:01:43 tt-3501 AF055_1993_SA_SU2012_JB_08 
"<o>"
	"o" Conjunciton CC Adverb ADV lang:es 00:01:36 00:01:43 tt-3502 AF055_1993_SA_SU2012_JB_08 ID:291 R:Prag:MarcadoresDisc:Igualdad:292 
"<sea>"
	"sea" Adverb ADV lang:es 00:01:36 00:01:43 tt-3503 AF055_1993_SA_SU2012_JB_08 ID:292 
"<,>"
	"," Punctuation CM lang:es 00:01:36 00:01:43 tt-3504 AF055_1993_SA_SU2012_JB_08 
"<cada>"
	"cada" Determiner QU lang:es 00:01:36 00:01:43 tt-3505 AF055_1993_SA_SU2012_JB_08 @Gram:Det:CuantIndef 
"<día>"
	"día" Noun NC Singular lang:es 00:01:36 00:01:43 tt-3506 AF055_1993_SA_SU2012_JB_08 
"<si>"
	"si" Conjunction CSUBX lang:es 00:01:36 00:01:43 tt-3507 AF055_1993_SA_SU2012_JB_08 
"<querías>"
	"querer" Verb VLfin Imp Indi Sing 2nd lang:es 00:01:36 00:01:43 tt-3508 AF055_1993_SA_SU2012_JB_08 @Gram:Imperf 
"<un>"
	"un" Determiner ART Singular lang:es 00:01:36 00:01:43 tt-3509 AF055_1993_SA_SU2012_JB_08 
"<masaje>"
	"masaje" Noun NC Singular lang:es 00:01:36 00:01:43 tt-3510 AF055_1993_SA_SU2012_JB_08 
"<,>"
	"," Punctuation CM lang:es 00:01:36 00:01:43 tt-3511 AF055_1993_SA_SU2012_JB_08 
"<que>"
	"que" Conjunction CQUE lang:es 00:01:36 00:01:43 tt-3512 AF055_1993_SA_SU2012_JB_08 
"<te>"
	"tú" Pronoun PPX Singular lang:es 00:01:43 00:01:50 tt-3513 AF055_1993_SA_SU2012_JB_08 @Gram:Pron:Objeto 
"<pintan>"
	"pintar" Verb VLfin Pres Indi Plural 3rd lang:es 00:01:43 00:01:50 tt-3514 AF055_1993_SA_SU2012_JB_08 
"<las>"
	"el" Determiner ART Plural Fem lang:es 00:01:43 00:01:50 tt-3515 AF055_1993_SA_SU2012_JB_08 @Gram:Det:Art 
"<uñas>"
	"uña" Noun NC Plural lang:es 00:01:43 00:01:50 tt-3516 AF055_1993_SA_SU2012_JB_08 
"<,>"
	"," Punctuation CM lang:es 00:01:43 00:01:50 tt-3517 AF055_1993_SA_SU2012_JB_08 
"<superbarato>"
	"UNK" Noun NC Singular lang:es 00:01:43 00:01:50 tt-3518 AF055_1993_SA_SU2012_JB_08 
"<$.>"
	"." Punctuation FS lang:es 00:01:43 00:01:50 tt-3519 AF055_1993_SA_SU2012_JB_08 

"<Entonces>"
	"entonces" Adverb ADV lang:es 00:01:43 00:01:50 tt-3520 AF055_1993_SA_SU2012_JB_08 
"<eso>"
	"ese" Determiner DM Singular lang:es 00:01:43 00:01:50 tt-3521 AF055_1993_SA_SU2012_JB_08 
"<fue>"
	"ser" Verb VSfin Pret Indi Sing 3rd lang:es 00:01:43 00:01:50 tt-3522 AF055_1993_SA_SU2012_JB_08 @Gram:Indefinido @Gram:SerEstar:Ser 
"<divertido>"
	"divertir" Verb VLadj lang:es 00:01:43 00:01:50 tt-3523 AF055_1993_SA_SU2012_JB_08 
"<para>"
	"para" Preposition PREP lang:es 00:01:43 00:01:50 tt-3524 AF055_1993_SA_SU2012_JB_08 @Gram:Prep:Para 
"<ellos>"
	"él" Pronoun PPX Plural lang:es 00:01:43 00:01:50 tt-3525 AF055_1993_SA_SU2012_JB_08 @Gram:Pron:Sujeto 
"<y>"
	"y" Conjunciton Conjunction CC lang:es 00:01:43 00:01:50 tt-3526 AF055_1993_SA_SU2012_JB_08 
"<a>"
	"a" Preposition PREP lang:es 00:01:43 00:01:50 tt-3527 AF055_1993_SA_SU2012_JB_08 @Gram:Prep 
"<mí>"
	"yo" Pronoun PPX Singular lang:es 00:01:43 00:01:50 tt-3528 AF055_1993_SA_SU2012_JB_08 
"<me>"
	"yo" Pronoun PPX Singular lang:es 00:01:43 00:01:50 tt-3529 AF055_1993_SA_SU2012_JB_08 @Gram:Pron:Objeto ID:318 R:Gram:Gustar:Propios:319 
"<gustaría>"
	"gustar" Verb VLfin Cond Indi Sing 1st_or_3rd lang:es 00:01:43 00:01:50 tt-3530 AF055_1993_SA_SU2012_JB_08 ID:319 
"<tener>"
	"tener" Verb VLinf Infinitive lang:es 00:01:51 00:01:55 tt-3531 AF055_1993_SA_SU2012_JB_08 
"<esa>"
	"ese" Determiner DM Singular lang:es 00:01:51 00:01:55 tt-3532 AF055_1993_SA_SU2012_JB_08 
"<experiencia>"
	"experiencia" Noun NC Singular lang:es 00:01:51 00:01:55 tt-3533 AF055_1993_SA_SU2012_JB_08 
"<,>"
	"," Punctuation CM lang:es 00:01:51 00:01:55 tt-3534 AF055_1993_SA_SU2012_JB_08 
"<pero>"
	"pero" Conjunction CCAD lang:es 00:01:51 00:01:55 tt-3535 AF055_1993_SA_SU2012_JB_08 @Prag:MarcadoresDisc:Revision 
"<...>"
	"..." Punctuation DOTS lang:es 00:01:51 00:01:55 tt-3536 AF055_1993_SA_SU2012_JB_08 
"<tendré>"
	"tener" Verb VLfin Fut Indi Sing 1st lang:es 00:01:51 00:01:55 tt-3537 AF055_1993_SA_SU2012_JB_08 @Gram:VFut:Conjugado 
"<que>"
	"que" Conjunction CQUE lang:es 00:01:51 00:01:55 tt-3538 AF055_1993_SA_SU2012_JB_08 
"<regresar>"
	"regresar" Verb VLinf Infinitive lang:es 00:01:51 00:01:55 tt-3539 AF055_1993_SA_SU2012_JB_08 
"<para>"
	"para" Preposition PREP lang:es 00:01:51 00:01:55 tt-3540 AF055_1993_SA_SU2012_JB_08 @Gram:Prep:Para 
"<tener>"
	"tener" Verb VLinf Infinitive lang:es 00:01:51 00:01:55 tt-3541 AF055_1993_SA_SU2012_JB_08 
"<eso>"
	"ese" Determiner DM Singular lang:es 00:01:51 00:01:55 tt-3542 AF055_1993_SA_SU2012_JB_08 
"<$.>"
	"." Punctuation FS lang:es 00:01:51 00:01:55 tt-3543 AF055_1993_SA_SU2012_JB_08 
</speaker>
</text>

