<text id="AF058_1960_SA_SU2012_JB_06">
<speaker type="subj">
<lang code="en">
"<Oh>"
	"oh" Other UH lang:en 00:00:00 00:00:03 tt-3600 AF058_1960_SA_SU2012_JB_06 
</lang>
"<,>"
	"," Punctuation CM lang:es 00:00:00 00:00:03 tt-3601 AF058_1960_SA_SU2012_JB_06 
<lang code="en">
"<yeah>"
	"yeah" Adverb RB lang:en 00:00:00 00:00:03 tt-3602 AF058_1960_SA_SU2012_JB_06 
</lang>
"<$.>"
	"." Punctuation FS lang:es 00:00:00 00:00:03 tt-3603 AF058_1960_SA_SU2012_JB_06 
</speaker>
<speaker type="int">

"<Sí>"
	"sí" Adverb ADV lang:es 00:00:00 00:00:03 tt-3604 AF058_1960_SA_SU2012_JB_06 
"<$.>"
	"." Punctuation FS lang:es 00:00:00 00:00:03 tt-3605 AF058_1960_SA_SU2012_JB_06 

"<[>"
	"[" Punctuation LP lang:es 00:00:00 00:00:03 tt-3606 AF058_1960_SA_SU2012_JB_06 
"<Risas>"
	"UNK" Noun NP Plural lang:es 00:00:00 00:00:03 tt-3607 AF058_1960_SA_SU2012_JB_06 
"<]>"
	"]" Other RP lang:es 00:00:00 00:00:03 tt-3608 AF058_1960_SA_SU2012_JB_06 
</speaker>
<speaker type="subj">
"<Se>"
	"se" Other SE lang:es 00:00:03 00:00:09 tt-3609 AF058_1960_SA_SU2012_JB_06 
"<ríen>"
	"reír" Verb VLfin Past Subj Plural 3rd lang:es 00:00:03 00:00:09 tt-3610 AF058_1960_SA_SU2012_JB_06 @Gram:MSub:Pret 
"<mis>"
	"mío" Pronoun PPO Plural Adjective ADJ lang:es 00:00:03 00:00:09 tt-3611 AF058_1960_SA_SU2012_JB_06 @Gram:Det:Pos 
"<hijos>"
	"hijo" Noun NC Plural lang:es 00:00:03 00:00:09 tt-3612 AF058_1960_SA_SU2012_JB_06 
"<,>"
	"," Punctuation CM lang:es 00:00:03 00:00:09 tt-3613 AF058_1960_SA_SU2012_JB_06 
"<pero>"
	"pero" Conjunction CCAD lang:es 00:00:03 00:00:09 tt-3614 AF058_1960_SA_SU2012_JB_06 @Prag:MarcadoresDisc:Revision 
"<me>"
	"yo" Pronoun PPX Singular lang:es 00:00:03 00:00:09 tt-3615 AF058_1960_SA_SU2012_JB_06 @Gram:Pron:Objeto 
"<...>"
	"..." Punctuation DOTS lang:es 00:00:03 00:00:09 tt-3616 AF058_1960_SA_SU2012_JB_06 
"<a>"
	"a" Preposition PREP lang:es 00:00:03 00:00:09 tt-3617 AF058_1960_SA_SU2012_JB_06 @Gram:Prep 
"<mí>"
	"yo" Pronoun PPX Singular lang:es 00:00:03 00:00:09 tt-3618 AF058_1960_SA_SU2012_JB_06 
"<me>"
	"yo" Pronoun PPX Singular lang:es 00:00:03 00:00:09 tt-3619 AF058_1960_SA_SU2012_JB_06 @Gram:Pron:Objeto ID:20 R:Gram:Gustar:Propios:21 
"<encantaba>"
	"encantar" Verb VLfin Imp Indi Sing 1st_or_3rd lang:es 00:00:03 00:00:09 tt-3620 AF058_1960_SA_SU2012_JB_06 @Gram:Imperf ID:21 
"<la>"
	"el" Determiner ART Singular Fem lang:es 00:00:03 00:00:09 tt-3621 AF058_1960_SA_SU2012_JB_06 @Gram:Det:Art 
"<escuela>"
	"escuela" Noun NC Singular lang:es 00:00:03 00:00:09 tt-3622 AF058_1960_SA_SU2012_JB_06 
"<porque>"
	"porque" Conjunction CSUBX lang:es 00:00:03 00:00:09 tt-3623 AF058_1960_SA_SU2012_JB_06 @Prag:MarcadoresDisc:Causa 
"<tengo>"
	"tener" Verb VLfin Pres Indi Sing 1st lang:es 00:00:03 00:00:09 tt-3624 AF058_1960_SA_SU2012_JB_06 
"<un>"
	"un" Determiner ART Singular lang:es 00:00:03 00:00:09 tt-3625 AF058_1960_SA_SU2012_JB_06 
"<carácter>"
	"carácter" Noun NC Singular lang:es 00:00:03 00:00:09 tt-3626 AF058_1960_SA_SU2012_JB_06 
"<...>"
	"..." Punctuation DOTS lang:es 00:00:09 00:00:16 tt-3627 AF058_1960_SA_SU2012_JB_06 
"<lo>"
	"él" Pronoun PPC Singular lang:es 00:00:09 00:00:16 tt-3628 AF058_1960_SA_SU2012_JB_06 @Gram:Pron:Objeto 
"<tendré>"
	"tener" Verb VLfin Fut Indi Sing 1st lang:es 00:00:09 00:00:16 tt-3629 AF058_1960_SA_SU2012_JB_06 @Gram:VFut:Conjugado 
"<duro>"
	"duro" Adjective ADJ Singular lang:es 00:00:09 00:00:16 tt-3630 AF058_1960_SA_SU2012_JB_06 
"<$.>"
	"." Punctuation FS lang:es 00:00:09 00:00:16 tt-3631 AF058_1960_SA_SU2012_JB_06 

"<Este>"
	"este" Determiner DM Singular lang:es 00:00:09 00:00:16 tt-3632 AF058_1960_SA_SU2012_JB_06 @Prag:RecuDiscurso:GanarTiempo 
"<,>"
	"," Punctuation CM lang:es 00:00:09 00:00:16 tt-3633 AF058_1960_SA_SU2012_JB_06 
"<soy>"
	"ser" Verb VSfin Pres Indi Sing 1st lang:es 00:00:09 00:00:16 tt-3634 AF058_1960_SA_SU2012_JB_06 @Gram:SerEstar:Ser 
"<muy>"
	"muy" Adverb ADV lang:es 00:00:09 00:00:16 tt-3635 AF058_1960_SA_SU2012_JB_06 
"<,>"
	"," Punctuation CM lang:es 00:00:09 00:00:16 tt-3636 AF058_1960_SA_SU2012_JB_06 
"<este>"
	"este" Noun NC Singular lang:es 00:00:09 00:00:16 tt-3637 AF058_1960_SA_SU2012_JB_06 
"<...>"
	"..." Punctuation DOTS lang:es 00:00:09 00:00:16 tt-3638 AF058_1960_SA_SU2012_JB_06 
"<yo>"
	"yo" Pronoun PPX Singular lang:es 00:00:09 00:00:16 tt-3639 AF058_1960_SA_SU2012_JB_06 @Gram:Pron:Sujeto 
"<digo>"
	"decir" Verb VLfin Pres Indi Sing 1st lang:es 00:00:09 00:00:16 tt-3640 AF058_1960_SA_SU2012_JB_06 
"<como>"
	"como" Adverb ADV lang:es 00:00:09 00:00:16 tt-3641 AF058_1960_SA_SU2012_JB_06 
"<mi>"
	"mío" Pronoun PPO Singular lang:es 00:00:09 00:00:16 tt-3642 AF058_1960_SA_SU2012_JB_06 @Gram:Det:Pos 
"<mamá>"
	"mamá" Noun NC Singular lang:es 00:00:09 00:00:16 tt-3643 AF058_1960_SA_SU2012_JB_06 
"<buena>"
	"bueno" Adjective ADJ Singular lang:es 00:00:09 00:00:16 tt-3644 AF058_1960_SA_SU2012_JB_06 
"<española>"
	"español" Noun NC Singular lang:es 00:00:09 00:00:16 tt-3645 AF058_1960_SA_SU2012_JB_06 
"<que>"
	"que" Conjunction CQUE lang:es 00:00:17 00:00:23 tt-3646 AF058_1960_SA_SU2012_JB_06 
"<...>"
	"..." Punctuation DOTS lang:es 00:00:17 00:00:23 tt-3647 AF058_1960_SA_SU2012_JB_06 
"<que>"
	"que" Conjunction CQUE lang:es 00:00:17 00:00:23 tt-3648 AF058_1960_SA_SU2012_JB_06 
"<también>"
	"también" Adverb ADV lang:es 00:00:17 00:00:23 tt-3649 AF058_1960_SA_SU2012_JB_06 @Prag:MarcadoresDisc:Igualdad 
"<hay>"
	"haber" Verb VHfin Pres Indi Sing 3rd lang:es 00:00:17 00:00:23 tt-3650 AF058_1960_SA_SU2012_JB_06 @Gram:Haber:Exist 
"<gente>"
	"gente" Noun NC Singular lang:es 00:00:17 00:00:23 tt-3651 AF058_1960_SA_SU2012_JB_06 
"<que>"
	"que" Conjunction CQUE lang:es 00:00:17 00:00:23 tt-3652 AF058_1960_SA_SU2012_JB_06 
"<aquí>"
	"aquí" Adverb ADV lang:es 00:00:17 00:00:23 tt-3653 AF058_1960_SA_SU2012_JB_06 
"<porque>"
	"porque" Conjunction CSUBX lang:es 00:00:17 00:00:23 tt-3654 AF058_1960_SA_SU2012_JB_06 @Prag:MarcadoresDisc:Causa 
"<es>"
	"ser" Verb VSfin Pres Indi Sing 3rd lang:es 00:00:17 00:00:23 tt-3655 AF058_1960_SA_SU2012_JB_06 @Gram:SerEstar:Ser 
"<muy>"
	"muy" Adverb ADV lang:es 00:00:17 00:00:23 tt-3656 AF058_1960_SA_SU2012_JB_06 
"<distinto>"
	"distinto" Adjective ADJ Singular lang:es 00:00:17 00:00:23 tt-3657 AF058_1960_SA_SU2012_JB_06 
"<y>"
	"y" Conjunciton Conjunction CC lang:es 00:00:17 00:00:23 tt-3658 AF058_1960_SA_SU2012_JB_06 
"<te>"
	"tú" Pronoun PPX Singular lang:es 00:00:17 00:00:23 tt-3659 AF058_1960_SA_SU2012_JB_06 @Gram:Pron:Objeto 
"<gusta>"
	"gustar" Verb VLfin Pres Indi Sing 3rd lang:es 00:00:17 00:00:23 tt-3660 AF058_1960_SA_SU2012_JB_06 @Gram:Gustar:Interlocutor 
"<eso>"
	"ese" Determiner DM Singular lang:es 00:00:17 00:00:23 tt-3661 AF058_1960_SA_SU2012_JB_06 @Gram:Det:Demo 
"<...>"
	"..." Punctuation DOTS lang:es 00:00:17 00:00:23 tt-3662 AF058_1960_SA_SU2012_JB_06 
"<el>"
	"el" Determiner ART Singular Masc lang:es 00:00:17 00:00:23 tt-3663 AF058_1960_SA_SU2012_JB_06 @Gram:Det:Art 
"<mexicano>"
	"mexicano" Noun NC Singular lang:es 00:00:17 00:00:23 tt-3664 AF058_1960_SA_SU2012_JB_06 
"<otro>"
	"otro" Determiner QU lang:es 00:00:23 00:00:30 tt-3665 AF058_1960_SA_SU2012_JB_06 
"<carácter>"
	"carácter" Noun NC Singular lang:es 00:00:23 00:00:30 tt-3666 AF058_1960_SA_SU2012_JB_06 
"<yo>"
	"yo" Pronoun PPX Singular lang:es 00:00:23 00:00:30 tt-3667 AF058_1960_SA_SU2012_JB_06 @Gram:Pron:Sujeto 
"<creo>"
	"crear|creer" Verb VLfin Pres Indi Sing 1st lang:es 00:00:23 00:00:30 tt-3668 AF058_1960_SA_SU2012_JB_06 
"<que>"
	"que" Conjunction CQUE lang:es 00:00:23 00:00:30 tt-3669 AF058_1960_SA_SU2012_JB_06 
"<más>"
	"más" Adverb ADV lang:es 00:00:23 00:00:30 tt-3670 AF058_1960_SA_SU2012_JB_06 
"<...>"
	"..." Punctuation DOTS lang:es 00:00:23 00:00:30 tt-3671 AF058_1960_SA_SU2012_JB_06 
"<como>"
	"como" Adverb ADV lang:es 00:00:23 00:00:30 tt-3672 AF058_1960_SA_SU2012_JB_06 
"<el>"
	"el" Determiner ART Singular Masc lang:es 00:00:23 00:00:30 tt-3673 AF058_1960_SA_SU2012_JB_06 @Gram:Det:Art 
"<tejano>"
	"UNK" Noun NC Singular lang:es 00:00:23 00:00:30 tt-3674 AF058_1960_SA_SU2012_JB_06 
"<$.>"
	"." Punctuation FS lang:es 00:00:23 00:00:30 tt-3675 AF058_1960_SA_SU2012_JB_06 

"<Muy>"
	"muy" Adverb ADV lang:es 00:00:23 00:00:30 tt-3676 AF058_1960_SA_SU2012_JB_06 
"<suave>"
	"suave" Adjective ADJ Singular lang:es 00:00:23 00:00:30 tt-3677 AF058_1960_SA_SU2012_JB_06 
"<$.>"
	"." Punctuation FS lang:es 00:00:23 00:00:30 tt-3678 AF058_1960_SA_SU2012_JB_06 

"<Y>"
	"y" Conjunciton Conjunction CC lang:es 00:00:23 00:00:30 tt-3679 AF058_1960_SA_SU2012_JB_06 
"<el>"
	"el" Determiner ART Singular Masc lang:es 00:00:23 00:00:30 tt-3680 AF058_1960_SA_SU2012_JB_06 @Gram:Det:Art 
"<español>"
	"español" Noun NC Singular lang:es 00:00:23 00:00:30 tt-3681 AF058_1960_SA_SU2012_JB_06 
"<es>"
	"ser" Verb VSfin Pres Indi Sing 3rd lang:es 00:00:23 00:00:30 tt-3682 AF058_1960_SA_SU2012_JB_06 @Gram:SerEstar:Ser 
"<un>"
	"un" Determiner ART Singular lang:es 00:00:23 00:00:30 tt-3683 AF058_1960_SA_SU2012_JB_06 
"<carácter>"
	"carácter" Noun NC Singular lang:es 00:00:23 00:00:30 tt-3684 AF058_1960_SA_SU2012_JB_06 
"<,>"
	"," Punctuation CM lang:es 00:00:23 00:00:30 tt-3685 AF058_1960_SA_SU2012_JB_06 
"<yo>"
	"yo" Pronoun PPX Singular lang:es 00:00:30 00:00:37 tt-3686 AF058_1960_SA_SU2012_JB_06 @Gram:Pron:Sujeto 
"<digo>"
	"decir" Verb VLfin Pres Indi Sing 1st lang:es 00:00:30 00:00:37 tt-3687 AF058_1960_SA_SU2012_JB_06 
"<,>"
	"," Punctuation CM lang:es 00:00:30 00:00:37 tt-3688 AF058_1960_SA_SU2012_JB_06 
"<más>"
	"más" Adverb ADV lang:es 00:00:30 00:00:37 tt-3689 AF058_1960_SA_SU2012_JB_06 
"<duro>"
	"duro" Adjective ADJ Singular lang:es 00:00:30 00:00:37 tt-3690 AF058_1960_SA_SU2012_JB_06 
"<$.>"
	"." Punctuation FS lang:es 00:00:30 00:00:37 tt-3691 AF058_1960_SA_SU2012_JB_06 

"<Así>"
	"así" Conjunction CSUBX lang:es 00:00:30 00:00:37 tt-3692 AF058_1960_SA_SU2012_JB_06 
"<es>"
	"ser" Verb VSfin Pres Indi Sing 3rd lang:es 00:00:30 00:00:37 tt-3693 AF058_1960_SA_SU2012_JB_06 @Gram:SerEstar:Ser 
"<que>"
	"que" Conjunction CQUE lang:es 00:00:30 00:00:37 tt-3694 AF058_1960_SA_SU2012_JB_06 
"<lo>"
	"él" Pronoun PPC Singular lang:es 00:00:30 00:00:37 tt-3695 AF058_1960_SA_SU2012_JB_06 @Gram:Pron:Objeto 
"<tengo>"
	"tener" Verb VLfin Pres Indi Sing 1st lang:es 00:00:30 00:00:37 tt-3696 AF058_1960_SA_SU2012_JB_06 
"<más>"
	"más" Adverb ADV lang:es 00:00:30 00:00:37 tt-3697 AF058_1960_SA_SU2012_JB_06 
"<a>"
	"a" Preposition PREP lang:es 00:00:30 00:00:37 tt-3698 AF058_1960_SA_SU2012_JB_06 @Gram:Prep 
"<lo>"
	"el" Determiner ART Singular lang:es 00:00:30 00:00:37 tt-3699 AF058_1960_SA_SU2012_JB_06 
"<español>"
	"español" Noun NC Singular lang:es 00:00:30 00:00:37 tt-3700 AF058_1960_SA_SU2012_JB_06 
"<$.>"
	"." Punctuation FS lang:es 00:00:30 00:00:37 tt-3701 AF058_1960_SA_SU2012_JB_06 

"<Pero>"
	"pero" Conjunction CCAD lang:es 00:00:30 00:00:37 tt-3702 AF058_1960_SA_SU2012_JB_06 @Prag:MarcadoresDisc:Revision 
"<,>"
	"," Punctuation CM lang:es 00:00:30 00:00:37 tt-3703 AF058_1960_SA_SU2012_JB_06 
"<este>"
	"este" Noun NC Singular lang:es 00:00:30 00:00:37 tt-3704 AF058_1960_SA_SU2012_JB_06 
"<...>"
	"..." Punctuation DOTS lang:es 00:00:30 00:00:37 tt-3705 AF058_1960_SA_SU2012_JB_06 
"<no>"
	"no" Adverb NEG lang:es 00:00:30 00:00:37 tt-3706 AF058_1960_SA_SU2012_JB_06 
"<sé>"
	"saber|ser" Verb VLfin Pres Indi Sing 1st lang:es 00:00:30 00:00:37 tt-3707 AF058_1960_SA_SU2012_JB_06 
"<pues>"
	"pues" Conjunction CSUBF lang:es 00:00:37 00:00:44 tt-3708 AF058_1960_SA_SU2012_JB_06 
"<$.>"
	"." Punctuation FS lang:es 00:00:37 00:00:44 tt-3709 AF058_1960_SA_SU2012_JB_06 

"<No>"
	"no" Adverb NEG lang:es 00:00:37 00:00:44 tt-3710 AF058_1960_SA_SU2012_JB_06 
"<sé>"
	"saber|ser" Verb VLfin Pres Indi Sing 1st lang:es 00:00:37 00:00:44 tt-3711 AF058_1960_SA_SU2012_JB_06 
"<$.>"
	"." Punctuation FS lang:es 00:00:37 00:00:44 tt-3712 AF058_1960_SA_SU2012_JB_06 

"<[>"
	"[" Punctuation LP lang:es 00:00:37 00:00:44 tt-3713 AF058_1960_SA_SU2012_JB_06 
"<Risas>"
	"UNK" Noun NP Plural lang:es 00:00:37 00:00:44 tt-3714 AF058_1960_SA_SU2012_JB_06 
"<]>"
	"]" Other RP lang:es 00:00:37 00:00:44 tt-3715 AF058_1960_SA_SU2012_JB_06 
</speaker>
<speaker type="int">
"<$¿>"
	"¿" Punctuation FS lang:es 00:00:37 00:00:44 tt-3716 AF058_1960_SA_SU2012_JB_06 
"<Cómo>"
	"cómo" Adverb ADV lang:es 00:00:37 00:00:44 tt-3717 AF058_1960_SA_SU2012_JB_06 
"<te>"
	"tú" Pronoun PPX Singular lang:es 00:00:37 00:00:44 tt-3718 AF058_1960_SA_SU2012_JB_06 @Gram:Pron:Objeto 
"<recordarían>"
	"UNK" Verb VLfin Cond Indi Plural 3rd lang:es 00:00:37 00:00:44 tt-3719 AF058_1960_SA_SU2012_JB_06 
"<tus>"
	"UNK" Noun NC Plural lang:es 00:00:37 00:00:44 tt-3720 AF058_1960_SA_SU2012_JB_06 @Gram:Det:Pos 
"<compañeros>"
	"compañero" Noun NC Plural lang:es 00:00:37 00:00:44 tt-3721 AF058_1960_SA_SU2012_JB_06 
"<$?>"
	"?" Punctuation FS lang:es 00:00:37 00:00:44 tt-3722 AF058_1960_SA_SU2012_JB_06 
</speaker>
<speaker type="subj">

"<$¿>"
	"¿" Punctuation FS lang:es 00:00:44 00:00:48 tt-3723 AF058_1960_SA_SU2012_JB_06 
"<En>"
	"en" Preposition PREP lang:es 00:00:44 00:00:48 tt-3724 AF058_1960_SA_SU2012_JB_06 @Gram:Prep 
"<la>"
	"el" Determiner ART Singular Fem lang:es 00:00:44 00:00:48 tt-3725 AF058_1960_SA_SU2012_JB_06 @Gram:Det:Art 
"<escuela>"
	"escuela" Noun NC Singular lang:es 00:00:44 00:00:48 tt-3726 AF058_1960_SA_SU2012_JB_06 
"<$?>"
	"?" Punctuation FS lang:es 00:00:44 00:00:48 tt-3727 AF058_1960_SA_SU2012_JB_06 
</speaker>
<speaker type="int">

"<Sí>"
	"sí" Adverb ADV lang:es 00:00:44 00:00:48 tt-3728 AF058_1960_SA_SU2012_JB_06 
"<$.>"
	"." Punctuation FS lang:es 00:00:44 00:00:48 tt-3729 AF058_1960_SA_SU2012_JB_06 

"<[>"
	"[" Punctuation LP lang:es 00:00:44 00:00:48 tt-3730 AF058_1960_SA_SU2012_JB_06 
"<Pausa>"
	"pausa" Noun NC Singular lang:es 00:00:44 00:00:48 tt-3731 AF058_1960_SA_SU2012_JB_06 
"<]>"
	"]" Other RP lang:es 00:00:44 00:00:48 tt-3732 AF058_1960_SA_SU2012_JB_06 
</speaker>
<speaker type="subj">
"<Lo>"
	"el" Determiner ART Singular lang:es 00:00:48 00:00:55 tt-3733 AF058_1960_SA_SU2012_JB_06 ID:134 R:Gram:Det:LoAdj:135 
"<que>"
	"que" Conjunction CQUE lang:es 00:00:48 00:00:55 tt-3734 AF058_1960_SA_SU2012_JB_06 ID:135 
"<me>"
	"yo" Pronoun PPX Singular lang:es 00:00:48 00:00:55 tt-3735 AF058_1960_SA_SU2012_JB_06 @Gram:Pron:Objeto 
"<da>"
	"dar" Verb VLfin Pres Indi Sing 3rd lang:es 00:00:48 00:00:55 tt-3736 AF058_1960_SA_SU2012_JB_06 
"<risa>"
	"risa" Noun NC Singular lang:es 00:00:48 00:00:55 tt-3737 AF058_1960_SA_SU2012_JB_06 
"<ahora>"
	"ahora" Adverb ADV lang:es 00:00:48 00:00:55 tt-3738 AF058_1960_SA_SU2012_JB_06 
"<con>"
	"con" Preposition PREP lang:es 00:00:48 00:00:55 tt-3739 AF058_1960_SA_SU2012_JB_06 @Gram:Prep 
"<Facebook>"
	"UNK" Noun NP Singular lang:es 00:00:48 00:00:55 tt-3740 AF058_1960_SA_SU2012_JB_06 
"<platico>"
	"platicar" Verb VLfin Pres Indi Sing 1st lang:es 00:00:48 00:00:55 tt-3741 AF058_1960_SA_SU2012_JB_06 
"<y>"
	"y" Conjunciton Conjunction CC lang:es 00:00:48 00:00:55 tt-3742 AF058_1960_SA_SU2012_JB_06 
"<yo>"
	"yo" Pronoun PPX Singular lang:es 00:00:48 00:00:55 tt-3743 AF058_1960_SA_SU2012_JB_06 @Gram:Pron:Sujeto 
"<siempre>"
	"siempre" Adverb ADV lang:es 00:00:48 00:00:55 tt-3744 AF058_1960_SA_SU2012_JB_06 
"<decía>"
	"decir" Verb VLfin Imp Indi Sing 1st_or_3rd lang:es 00:00:48 00:00:55 tt-3745 AF058_1960_SA_SU2012_JB_06 @Gram:Imperf 
"<que>"
	"que" Conjunction CQUE lang:es 00:00:48 00:00:55 tt-3746 AF058_1960_SA_SU2012_JB_06 
"<era>"
	"ser" Verb VEfin Imp Indi Sing 1st_or_3rd lang:es 00:00:48 00:00:55 tt-3747 AF058_1960_SA_SU2012_JB_06 @Gram:Imperf @Gram:SerEstar:Ser 
"<un>"
	"un" Determiner ART Singular lang:es 00:00:48 00:00:55 tt-3748 AF058_1960_SA_SU2012_JB_06 
"<carácter>"
	"carácter" Noun NC Singular lang:es 00:00:48 00:00:55 tt-3749 AF058_1960_SA_SU2012_JB_06 
"<muy>"
	"muy" Adverb ADV lang:es 00:00:55 00:01:01 tt-3750 AF058_1960_SA_SU2012_JB_06 
"<abierto>"
	"abierto" Adjective ADJ Singular lang:es 00:00:55 00:01:01 tt-3751 AF058_1960_SA_SU2012_JB_06 
"<porque>"
	"porque" Conjunction CSUBX lang:es 00:00:55 00:01:01 tt-3752 AF058_1960_SA_SU2012_JB_06 @Prag:MarcadoresDisc:Causa 
"<me>"
	"yo" Pronoun PPX Singular lang:es 00:00:55 00:01:01 tt-3753 AF058_1960_SA_SU2012_JB_06 @Gram:Pron:Objeto ID:154 R:Gram:Gustar:Propios:155 
"<encantaba>"
	"encantar" Verb VLfin Imp Indi Sing 1st_or_3rd lang:es 00:00:55 00:01:01 tt-3754 AF058_1960_SA_SU2012_JB_06 @Gram:Imperf ID:155 
"<ir>"
	"ir" Verb VLinf Infinitive lang:es 00:00:55 00:01:01 tt-3755 AF058_1960_SA_SU2012_JB_06 
"<a>"
	"a" Preposition PREP lang:es 00:00:55 00:01:01 tt-3756 AF058_1960_SA_SU2012_JB_06 @Gram:Prep 
"<la>"
	"el" Determiner ART Singular Fem lang:es 00:00:55 00:01:01 tt-3757 AF058_1960_SA_SU2012_JB_06 @Gram:Det:Art 
"<escuela>"
	"escuela" Noun NC Singular lang:es 00:00:55 00:01:01 tt-3758 AF058_1960_SA_SU2012_JB_06 
"<$.>"
	"." Punctuation FS lang:es 00:00:55 00:01:01 tt-3759 AF058_1960_SA_SU2012_JB_06 

"<Yo>"
	"yo" Pronoun PPX Singular lang:es 00:00:55 00:01:01 tt-3760 AF058_1960_SA_SU2012_JB_06 @Gram:Pron:Sujeto 
"<estaba>"
	"estar" Verb VEfin Imp Indi Sing 1st_or_3rd lang:es 00:00:55 00:01:01 tt-3761 AF058_1960_SA_SU2012_JB_06 @Gram:Imperf @Gram:SerEstar:Estar 
"<enferma>"
	"enfermo" Adjective ADJ Singular lang:es 00:00:55 00:01:01 tt-3762 AF058_1960_SA_SU2012_JB_06 
"<y>"
	"y" Conjunciton Conjunction CC lang:es 00:00:55 00:01:01 tt-3763 AF058_1960_SA_SU2012_JB_06 
"<decía>"
	"decir" Verb VLfin Imp Indi Sing 1st_or_3rd lang:es 00:00:55 00:01:01 tt-3764 AF058_1960_SA_SU2012_JB_06 @Gram:Imperf 
"<mamá>"
	"mamá" Noun NC Singular lang:es 00:00:55 00:01:01 tt-3765 AF058_1960_SA_SU2012_JB_06 
"<no>"
	"no" Adverb NEG lang:es 00:00:55 00:01:01 tt-3766 AF058_1960_SA_SU2012_JB_06 
"<puedes>"
	"poder" Verb VLfin Pres Indi Sing 2nd lang:es 00:00:55 00:01:01 tt-3767 AF058_1960_SA_SU2012_JB_06 
"<ir>"
	"ir" Verb VLinf Infinitive lang:es 00:01:01 00:01:06 tt-3768 AF058_1960_SA_SU2012_JB_06 
"<$.>"
	"." Punctuation FS lang:es 00:01:01 00:01:06 tt-3769 AF058_1960_SA_SU2012_JB_06 

"<Me>"
	"yo" Pronoun PPX Singular lang:es 00:01:01 00:01:06 tt-3770 AF058_1960_SA_SU2012_JB_06 @Gram:Pron:Objeto 
"<hacía>"
	"hacer" Verb VLfin Imp Indi Sing 1st_or_3rd lang:es 00:01:01 00:01:06 tt-3771 AF058_1960_SA_SU2012_JB_06 @Gram:Imperf 
"<yo>"
	"yo" Pronoun PPX Singular lang:es 00:01:01 00:01:06 tt-3772 AF058_1960_SA_SU2012_JB_06 @Gram:Pron:Sujeto 
"<la>"
	"el" Determiner ART Singular Fem lang:es 00:01:01 00:01:06 tt-3773 AF058_1960_SA_SU2012_JB_06 @Gram:Det:Art 
"<loca>"
	"loco" Noun NC Singular lang:es 00:01:01 00:01:06 tt-3774 AF058_1960_SA_SU2012_JB_06 
"<y>"
	"y" Conjunciton Conjunction CC lang:es 00:01:01 00:01:06 tt-3775 AF058_1960_SA_SU2012_JB_06 
"<le>"
	"él" Pronoun PPC Singular lang:es 00:01:01 00:01:06 tt-3776 AF058_1960_SA_SU2012_JB_06 @Gram:Pron:Objeto 
"<decía>"
	"decir" Verb VLfin Imp Indi Sing 1st_or_3rd lang:es 00:01:01 00:01:06 tt-3777 AF058_1960_SA_SU2012_JB_06 @Gram:Imperf 
"<pero>"
	"pero" Conjunction CCAD lang:es 00:01:01 00:01:06 tt-3778 AF058_1960_SA_SU2012_JB_06 @Prag:MarcadoresDisc:Revision 
"<me>"
	"yo" Pronoun PPX Singular lang:es 00:01:01 00:01:06 tt-3779 AF058_1960_SA_SU2012_JB_06 @Gram:Pron:Objeto 
"<encuentro>"
	"encontrar" Verb VLfin Pres Indi Sing 1st lang:es 00:01:01 00:01:06 tt-3780 AF058_1960_SA_SU2012_JB_06 
"<rebién>"
	"UNK" Adverb ADV lang:es 00:01:01 00:01:06 tt-3781 AF058_1960_SA_SU2012_JB_06 
"<$.>"
	"." Punctuation FS lang:es 00:01:01 00:01:06 tt-3782 AF058_1960_SA_SU2012_JB_06 

"<Es>"
	"ser" Verb VSfin Pres Indi Sing 3rd lang:es 00:01:01 00:01:06 tt-3783 AF058_1960_SA_SU2012_JB_06 @Gram:SerEstar:Ser 
"<que>"
	"que" Conjunction CQUE lang:es 00:01:01 00:01:06 tt-3784 AF058_1960_SA_SU2012_JB_06 
"<me>"
	"yo" Pronoun PPX Singular lang:es 00:01:01 00:01:06 tt-3785 AF058_1960_SA_SU2012_JB_06 @Gram:Pron:Objeto ID:186 R:Gram:Gustar:Propios:187 
"<encantaba>"
	"encantar" Verb VLfin Imp Indi Sing 1st_or_3rd lang:es 00:01:01 00:01:06 tt-3786 AF058_1960_SA_SU2012_JB_06 @Gram:Imperf ID:187 
"<ir>"
	"ir" Verb VLinf Infinitive lang:es 00:01:06 00:01:13 tt-3787 AF058_1960_SA_SU2012_JB_06 
"<a>"
	"a" Preposition PREP lang:es 00:01:06 00:01:13 tt-3788 AF058_1960_SA_SU2012_JB_06 @Gram:Prep 
"<la>"
	"el" Determiner ART Singular Fem lang:es 00:01:06 00:01:13 tt-3789 AF058_1960_SA_SU2012_JB_06 @Gram:Det:Art 
"<escuela>"
	"escuela" Noun NC Singular lang:es 00:01:06 00:01:13 tt-3790 AF058_1960_SA_SU2012_JB_06 
"<$.>"
	"." Punctuation FS lang:es 00:01:06 00:01:13 tt-3791 AF058_1960_SA_SU2012_JB_06 

"<Y>"
	"y" Conjunciton Conjunction CC lang:es 00:01:06 00:01:13 tt-3792 AF058_1960_SA_SU2012_JB_06 
"<hasta>"
	"hasta" Preposition PREP lang:es 00:01:06 00:01:13 tt-3793 AF058_1960_SA_SU2012_JB_06 @Gram:Prep 
"<mis>"
	"mío" Pronoun PPO Plural lang:es 00:01:06 00:01:13 tt-3794 AF058_1960_SA_SU2012_JB_06 @Gram:Det:Pos 
"<hijos>"
	"hijo" Noun NC Plural lang:es 00:01:06 00:01:13 tt-3795 AF058_1960_SA_SU2012_JB_06 
"<me>"
	"yo" Pronoun PPX Singular lang:es 00:01:06 00:01:13 tt-3796 AF058_1960_SA_SU2012_JB_06 @Gram:Pron:Objeto 
"<dicen>"
	"decir" Verb VLfin Pres Indi Plural 3rd lang:es 00:01:06 00:01:13 tt-3797 AF058_1960_SA_SU2012_JB_06 
"<que>"
	"que" Conjunction CQUE lang:es 00:01:06 00:01:13 tt-3798 AF058_1960_SA_SU2012_JB_06 
"<estoy>"
	"estar" Verb VEfin Pres Indi Sing 1st lang:es 00:01:06 00:01:13 tt-3799 AF058_1960_SA_SU2012_JB_06 @Gram:SerEstar:Estar ID:200 R:Func:DescribirPersonas:FormaDeSer:202 
"<loca>"
	"loco" Adjective ADJ Singular lang:es 00:01:06 00:01:13 tt-3800 AF058_1960_SA_SU2012_JB_06 
"<$.>"
	"." Punctuation FS lang:es 00:01:06 00:01:13 tt-3801 AF058_1960_SA_SU2012_JB_06 ID:202 

"<Así>"
	"así" Conjunction CSUBX lang:es 00:01:06 00:01:13 tt-3802 AF058_1960_SA_SU2012_JB_06 
"<es>"
	"ser" Verb VSfin Pres Indi Sing 3rd lang:es 00:01:06 00:01:13 tt-3803 AF058_1960_SA_SU2012_JB_06 @Gram:SerEstar:Ser 
"<que>"
	"que" Conjunction CQUE lang:es 00:01:06 00:01:13 tt-3804 AF058_1960_SA_SU2012_JB_06 
"<yo>"
	"yo" Pronoun PPX Singular lang:es 00:01:06 00:01:13 tt-3805 AF058_1960_SA_SU2012_JB_06 @Gram:Pron:Sujeto 
"<siempre>"
	"siempre" Adverb ADV lang:es 00:01:06 00:01:13 tt-3806 AF058_1960_SA_SU2012_JB_06 
"<creía>"
	"creer" Verb VLfin Imp Indi Sing 1st_or_3rd lang:es 00:01:06 00:01:13 tt-3807 AF058_1960_SA_SU2012_JB_06 @Gram:Imperf 
"<que>"
	"que" Conjunction CQUE lang:es 00:01:13 00:01:19 tt-3808 AF058_1960_SA_SU2012_JB_06 
"<a>"
	"a" Preposition PREP lang:es 00:01:13 00:01:19 tt-3809 AF058_1960_SA_SU2012_JB_06 @Gram:Prep 
"<la>"
	"el" Determiner ART Singular Fem lang:es 00:01:13 00:01:19 tt-3810 AF058_1960_SA_SU2012_JB_06 @Gram:Det:Art 
"<mejor>"
	"bueno" Adjective ADJ Singular lang:es 00:01:13 00:01:19 tt-3811 AF058_1960_SA_SU2012_JB_06 
"<me>"
	"yo" Pronoun PPX Singular lang:es 00:01:13 00:01:19 tt-3812 AF058_1960_SA_SU2012_JB_06 @Gram:Pron:Objeto 
"<veían>"
	"ver" Verb VLfin Imp Indi Plural 3rd lang:es 00:01:13 00:01:19 tt-3813 AF058_1960_SA_SU2012_JB_06 @Gram:Imperf 
"<a>"
	"a" Preposition PREP lang:es 00:01:13 00:01:19 tt-3814 AF058_1960_SA_SU2012_JB_06 @Gram:Prep 
"<mí>"
	"yo" Pronoun PPX Singular lang:es 00:01:13 00:01:19 tt-3815 AF058_1960_SA_SU2012_JB_06 
"<medio>"
	"medio" Adjective ADJ Singular lang:es 00:01:13 00:01:19 tt-3816 AF058_1960_SA_SU2012_JB_06 
"<callada>"
	"callar" Verb VLadj lang:es 00:01:13 00:01:19 tt-3817 AF058_1960_SA_SU2012_JB_06 
"<$.>"
	"." Punctuation FS lang:es 00:01:13 00:01:19 tt-3818 AF058_1960_SA_SU2012_JB_06 

"<Pero>"
	"pero" Conjunction CCAD lang:es 00:01:13 00:01:19 tt-3819 AF058_1960_SA_SU2012_JB_06 @Prag:MarcadoresDisc:Revision 
"<hay>"
	"haber" Verb VHfin Pres Indi Sing 3rd lang:es 00:01:13 00:01:19 tt-3820 AF058_1960_SA_SU2012_JB_06 @Gram:Haber:Exist 
"<veces>"
	"vez" Noun NC Plural lang:es 00:01:13 00:01:19 tt-3821 AF058_1960_SA_SU2012_JB_06 
"<que>"
	"que" Conjunction CQUE lang:es 00:01:13 00:01:19 tt-3822 AF058_1960_SA_SU2012_JB_06 
"<ellos>"
	"él" Pronoun PPX Plural lang:es 00:01:13 00:01:19 tt-3823 AF058_1960_SA_SU2012_JB_06 @Gram:Pron:Sujeto 
"<se>"
	"se" Other SE lang:es 00:01:13 00:01:19 tt-3824 AF058_1960_SA_SU2012_JB_06 
"<recuerdan>"
	"recordar" Verb VLfin Pres Indi Plural 3rd lang:es 00:01:13 00:01:19 tt-3825 AF058_1960_SA_SU2012_JB_06 
"<también>"
	"también" Adverb ADV lang:es 00:01:13 00:01:19 tt-3826 AF058_1960_SA_SU2012_JB_06 @Prag:MarcadoresDisc:Igualdad 
"<de>"
	"de" Preposition PREP lang:es 00:01:19 00:01:25 tt-3827 AF058_1960_SA_SU2012_JB_06 @Gram:Prep 
"<un>"
	"un" Determiner ART Singular lang:es 00:01:19 00:01:25 tt-3828 AF058_1960_SA_SU2012_JB_06 
"<carácter>"
	"carácter" Noun NC Singular lang:es 00:01:19 00:01:25 tt-3829 AF058_1960_SA_SU2012_JB_06 
"<no>"
	"no" Adverb NEG lang:es 00:01:19 00:01:25 tt-3830 AF058_1960_SA_SU2012_JB_06 
"<tan>"
	"tan" Adverb ADV lang:es 00:01:19 00:01:25 tt-3831 AF058_1960_SA_SU2012_JB_06 
"<callada>"
	"callar" Verb VLadj lang:es 00:01:19 00:01:25 tt-3832 AF058_1960_SA_SU2012_JB_06 
"<$.>"
	"." Punctuation FS lang:es 00:01:19 00:01:25 tt-3833 AF058_1960_SA_SU2012_JB_06 
</speaker>
<speaker type="int">

"<Sí>"
	"sí" Adverb ADV lang:es 00:01:19 00:01:25 tt-3834 AF058_1960_SA_SU2012_JB_06 
"<$.>"
	"." Punctuation FS lang:es 00:01:19 00:01:25 tt-3835 AF058_1960_SA_SU2012_JB_06 

"<$¿>"
	"¿" Punctuation FS lang:es 00:01:19 00:01:25 tt-3836 AF058_1960_SA_SU2012_JB_06 
"<Cuáles>"
	"cuál" Pronoun INT Plural lang:es 00:01:19 00:01:25 tt-3837 AF058_1960_SA_SU2012_JB_06 
"<son>"
	"ser" Verb VSfin Pres Indi Plural 3rd lang:es 00:01:19 00:01:25 tt-3838 AF058_1960_SA_SU2012_JB_06 @Gram:SerEstar:Ser 
"<tus>"
	"UNK" Noun NC Plural lang:es 00:01:19 00:01:25 tt-3839 AF058_1960_SA_SU2012_JB_06 
"<mejores>"
	"bueno" Adjective ADJ Plural lang:es 00:01:19 00:01:25 tt-3840 AF058_1960_SA_SU2012_JB_06 
"<recuerdos>"
	"recuerdo" Adjective ADJ Plural lang:es 00:01:19 00:01:25 tt-3841 AF058_1960_SA_SU2012_JB_06 
"<de>"
	"de" Preposition PREP lang:es 00:01:25 00:01:28 tt-3842 AF058_1960_SA_SU2012_JB_06 @Gram:Prep 
"<cualquiera>"
	"cualquier" Determiner QU lang:es 00:01:25 00:01:28 tt-3843 AF058_1960_SA_SU2012_JB_06 @Gram:Det:CuantIndef 
"<...>"
	"..." Punctuation DOTS lang:es 00:01:25 00:01:28 tt-3844 AF058_1960_SA_SU2012_JB_06 
"<la>"
	"el" Determiner ART Singular Fem lang:es 00:01:25 00:01:28 tt-3845 AF058_1960_SA_SU2012_JB_06 @Gram:Det:Art 
"<primaria>"
	"primario" Adjective ADJ Singular lang:es 00:01:25 00:01:28 tt-3846 AF058_1960_SA_SU2012_JB_06 
"<,>"
	"," Punctuation CM lang:es 00:01:25 00:01:28 tt-3847 AF058_1960_SA_SU2012_JB_06 
"<secundaria>"
	"secundario" Adjective ADJ Singular lang:es 00:01:25 00:01:28 tt-3848 AF058_1960_SA_SU2012_JB_06 
"<,>"
	"," Punctuation CM lang:es 00:01:25 00:01:28 tt-3849 AF058_1960_SA_SU2012_JB_06 
"<universidad>"
	"universidad" Noun NC Singular lang:es 00:01:25 00:01:28 tt-3850 AF058_1960_SA_SU2012_JB_06 
"<tal>"
	"tal" Adverb ADV lang:es 00:01:25 00:01:28 tt-3851 AF058_1960_SA_SU2012_JB_06 ID:252 R:Prag:MarcadoresDisc:Probabilidad:253 
"<vez>"
	"vez" Adverb ADV lang:es 00:01:25 00:01:28 tt-3852 AF058_1960_SA_SU2012_JB_06 ID:253 
"<$?>"
	"?" Punctuation FS lang:es 00:01:25 00:01:28 tt-3853 AF058_1960_SA_SU2012_JB_06 
</speaker>
<speaker type="subj">

"<Oh>"
	"oh" Other UH lang:en 00:01:28 00:01:30 tt-3854 AF058_1960_SA_SU2012_JB_06 
"<,>"
	"," Punctuation CM lang:es 00:01:28 00:01:30 tt-3855 AF058_1960_SA_SU2012_JB_06 
"<la>"
	"el" Determiner ART Singular Fem lang:es 00:01:28 00:01:30 tt-3856 AF058_1960_SA_SU2012_JB_06 @Gram:Det:Art 
"<universidad>"
	"universidad" Noun NC Singular lang:es 00:01:28 00:01:30 tt-3857 AF058_1960_SA_SU2012_JB_06 
"<...>"
	"..." Punctuation DOTS lang:es 00:01:28 00:01:30 tt-3858 AF058_1960_SA_SU2012_JB_06 
</speaker>
<speaker type="int">
"<Sí>"
	"sí" Adverb ADV lang:es 00:01:28 00:01:30 tt-3859 AF058_1960_SA_SU2012_JB_06 
"<$.>"
	"." Punctuation FS lang:es 00:01:28 00:01:30 tt-3860 AF058_1960_SA_SU2012_JB_06 
</speaker>
<speaker type="subj">

"<Lo>"
	"el" Determiner ART Singular lang:es 00:01:30 00:01:33 tt-3861 AF058_1960_SA_SU2012_JB_06 @Gram:Pron:Objeto 
"<pasé>"
	"pasar" Verb VLfin Pret Indi Sing 1st lang:es 00:01:30 00:01:33 tt-3862 AF058_1960_SA_SU2012_JB_06 @Gram:Indefinido 
"<rebién>"
	"UNK" Adverb ADV lang:es 00:01:30 00:01:33 tt-3863 AF058_1960_SA_SU2012_JB_06 
"<$.>"
	"." Punctuation FS lang:es 00:01:30 00:01:33 tt-3864 AF058_1960_SA_SU2012_JB_06 

"<[>"
	"[" Punctuation LP lang:es 00:01:30 00:01:33 tt-3865 AF058_1960_SA_SU2012_JB_06 
"<Risas>"
	"UNK" Noun NP Plural lang:es 00:01:30 00:01:33 tt-3866 AF058_1960_SA_SU2012_JB_06 
"<]>"
	"]" Other RP lang:es 00:01:30 00:01:33 tt-3867 AF058_1960_SA_SU2012_JB_06 
</speaker>
<speaker type="int">
"<$¿>"
	"¿" Punctuation FS lang:es 00:01:30 00:01:33 tt-3868 AF058_1960_SA_SU2012_JB_06 
"<Dónde>"
	"dónde" Adverb ADV lang:es 00:01:30 00:01:33 tt-3869 AF058_1960_SA_SU2012_JB_06 
"<fuiste>"
	"ir|ser" Verb VLfin Pret Indi Sing 2nd lang:es 00:01:30 00:01:33 tt-3870 AF058_1960_SA_SU2012_JB_06 @Gram:Indefinido 
"<a>"
	"a" Preposition PREP lang:es 00:01:30 00:01:33 tt-3871 AF058_1960_SA_SU2012_JB_06 @Gram:Prep 
"<la>"
	"el" Determiner ART Singular Fem lang:es 00:01:30 00:01:33 tt-3872 AF058_1960_SA_SU2012_JB_06 @Gram:Det:Art 
"<universidad>"
	"universidad" Noun NC Singular lang:es 00:01:30 00:01:33 tt-3873 AF058_1960_SA_SU2012_JB_06 
"<$?>"
	"?" Punctuation FS lang:es 00:01:30 00:01:33 tt-3874 AF058_1960_SA_SU2012_JB_06 
</speaker>
</text>

