<text id="AF054_1955_SA_SU2012_JB_06">
<speaker type="int">
"<Aha>"
	"aha" Noun NP Singular lang:es 00:00:00 00:00:06 tt-2638 AF054_1955_SA_SU2012_JB_06 
"<$.>"
	"." Punctuation FS lang:es 00:00:00 00:00:06 tt-2639 AF054_1955_SA_SU2012_JB_06 

"<$¿>"
	"¿" Punctuation FS lang:es 00:00:00 00:00:06 tt-2640 AF054_1955_SA_SU2012_JB_06 
"<Y>"
	"y" Conjunciton Conjunction CC lang:es 00:00:00 00:00:06 tt-2641 AF054_1955_SA_SU2012_JB_06 SUBSTITUTE:394 
"<de>"
	"de" Preposition PREP lang:es 00:00:00 00:00:06 tt-2642 AF054_1955_SA_SU2012_JB_06 @Gram:Prep ADD:624 
"<qué>"
	"qué" Pronoun INT Singular lang:es 00:00:00 00:00:06 tt-2643 AF054_1955_SA_SU2012_JB_06 
"<sientes>"
	"sentar|sentir" Verb VLfin Pres Indi Sing 2nd lang:es 00:00:00 00:00:06 tt-2644 AF054_1955_SA_SU2012_JB_06 
"<más>"
	"más" Adverb ADV lang:es 00:00:00 00:00:06 tt-2645 AF054_1955_SA_SU2012_JB_06 
"<orgullo>"
	"orgullo" Noun NC Singular lang:es 00:00:00 00:00:06 tt-2646 AF054_1955_SA_SU2012_JB_06 
"<en>"
	"en" Preposition PREP lang:es 00:00:00 00:00:06 tt-2647 AF054_1955_SA_SU2012_JB_06 @Gram:Prep ADD:624 
"<tu>"
	"tú" Pronoun PPX Singular lang:es 00:00:00 00:00:06 tt-2648 AF054_1955_SA_SU2012_JB_06 @Gram:Det:Pos ADD:456 
"<vida>"
	"vida" Noun NC Singular lang:es 00:00:00 00:00:06 tt-2649 AF054_1955_SA_SU2012_JB_06 
"<$?>"
	"?" Punctuation FS lang:es 00:00:00 00:00:06 tt-2650 AF054_1955_SA_SU2012_JB_06 

"<Más>"
	"más" Adverb ADV lang:es 00:00:06 00:00:08 tt-2651 AF054_1955_SA_SU2012_JB_06 
"<orgullo>"
	"orgullo" Noun NC Singular lang:es 00:00:06 00:00:08 tt-2652 AF054_1955_SA_SU2012_JB_06 
"<...>"
	"..." Punctuation DOTS lang:es 00:00:06 00:00:08 tt-2653 AF054_1955_SA_SU2012_JB_06 
<lang code="en">
"<what>"
	"what" Pronoun WP lang:en 00:00:06 00:00:08 tt-2654 AF054_1955_SA_SU2012_JB_06 
"<'s>"
	"be" Verb VBZ lang:en 00:00:06 00:00:08 tt-2655 AF054_1955_SA_SU2012_JB_06 
"<that>"
	"that" Adverb RB lang:en 00:00:06 00:00:08 tt-2656 AF054_1955_SA_SU2012_JB_06 
</lang>
"<$?>"
	"?" Punctuation FS lang:es 00:00:06 00:00:08 tt-2657 AF054_1955_SA_SU2012_JB_06 
<lang code="en">

"<Pride>"
	"pride" Noun NN lang:en 00:00:08 00:00:09 tt-2658 AF054_1955_SA_SU2012_JB_06 
</lang>
"<$.>"
	"." Punctuation FS lang:es 00:00:08 00:00:09 tt-2659 AF054_1955_SA_SU2012_JB_06 
<lang code="en">

"<Oh>"
	"oh" Other UH lang:en 00:00:09 00:00:10 tt-2660 AF054_1955_SA_SU2012_JB_06 
</lang>
"<,>"
	"," Punctuation CM lang:es 00:00:09 00:00:10 tt-2661 AF054_1955_SA_SU2012_JB_06 
"<este>"
	"este" Noun NC Singular lang:es 00:00:09 00:00:10 tt-2662 AF054_1955_SA_SU2012_JB_06 
"<...>"
	"..." Punctuation DOTS lang:es 00:00:09 00:00:10 tt-2663 AF054_1955_SA_SU2012_JB_06 
<lang code="en">
"<What>"
	"What" Pronoun WP lang:en 00:00:10 00:00:13 tt-2664 AF054_1955_SA_SU2012_JB_06 
</lang>
"<are>"
	"are" Other PE lang:es 00:00:10 00:00:13 tt-2665 AF054_1955_SA_SU2012_JB_06 
<lang code="en">
"<you>"
	"you" Pronoun PP lang:en 00:00:10 00:00:13 tt-2666 AF054_1955_SA_SU2012_JB_06 
"<most>"
	"most" Adverb RBS lang:en 00:00:10 00:00:13 tt-2667 AF054_1955_SA_SU2012_JB_06 
"<proud>"
	"proud" Adjective JJ lang:en 00:00:10 00:00:13 tt-2668 AF054_1955_SA_SU2012_JB_06 
"<of>"
	"of" Preposition IN lang:en 00:00:10 00:00:13 tt-2669 AF054_1955_SA_SU2012_JB_06 @Gram:Prep ADD:624 
</lang>
"<$?>"
	"?" Punctuation FS lang:es 00:00:10 00:00:13 tt-2670 AF054_1955_SA_SU2012_JB_06 
</speaker>
<speaker type="subj">

"<Pues>"
	"pues" Conjunction CSUBF lang:es 00:00:13 00:00:15 tt-2671 AF054_1955_SA_SU2012_JB_06 
"<,>"
	"," Punctuation CM lang:es 00:00:13 00:00:15 tt-2672 AF054_1955_SA_SU2012_JB_06 
"<mi>"
	"mío" Pronoun PPO Singular lang:es 00:00:13 00:00:15 tt-2673 AF054_1955_SA_SU2012_JB_06 @Gram:Det:Pos ADD:456 
"<niña>"
	"niño" Noun NC Singular lang:es 00:00:13 00:00:15 tt-2674 AF054_1955_SA_SU2012_JB_06 
"<$.>"
	"." Punctuation FS lang:es 00:00:13 00:00:15 tt-2675 AF054_1955_SA_SU2012_JB_06 
</speaker>
<speaker type="int">

"<Sí>"
	"sí" Adverb ADV lang:es 00:00:15 00:00:16 tt-2676 AF054_1955_SA_SU2012_JB_06 
"<$.>"
	"." Punctuation FS lang:es 00:00:15 00:00:16 tt-2677 AF054_1955_SA_SU2012_JB_06 
</speaker>
<speaker type="subj">

"<Sí>"
	"sí" Adverb ADV lang:es 00:00:16 00:00:23 tt-2678 AF054_1955_SA_SU2012_JB_06 
"<,>"
	"," Punctuation CM lang:es 00:00:16 00:00:23 tt-2679 AF054_1955_SA_SU2012_JB_06 
"<mi>"
	"mío" Pronoun PPO Singular lang:es 00:00:16 00:00:23 tt-2680 AF054_1955_SA_SU2012_JB_06 @Gram:Det:Pos ADD:456 
"<niña>"
	"niño" Noun NC Singular lang:es 00:00:16 00:00:23 tt-2681 AF054_1955_SA_SU2012_JB_06 
"<$.>"
	"." Punctuation FS lang:es 00:00:16 00:00:23 tt-2682 AF054_1955_SA_SU2012_JB_06 

"<Eso>"
	"ese" Determiner DM Singular lang:es 00:00:16 00:00:23 tt-2683 AF054_1955_SA_SU2012_JB_06 
"<es>"
	"ser" Verb VSfin Pres Indi Sing 3rd lang:es 00:00:16 00:00:23 tt-2684 AF054_1955_SA_SU2012_JB_06 @Gram:SerEstar:Ser ADD:813 
"<$.>"
	"." Punctuation FS lang:es 00:00:16 00:00:23 tt-2685 AF054_1955_SA_SU2012_JB_06 

"<Ella>"
	"él" Pronoun PPX Singular lang:es 00:00:16 00:00:23 tt-2686 AF054_1955_SA_SU2012_JB_06 @Gram:Pron:Sujeto ADD:634 
"<es>"
	"ser" Verb VSfin Pres Indi Sing 3rd lang:es 00:00:16 00:00:23 tt-2687 AF054_1955_SA_SU2012_JB_06 @Gram:SerEstar:Ser ADD:813 
"<muy>"
	"muy" Adverb ADV lang:es 00:00:16 00:00:23 tt-2688 AF054_1955_SA_SU2012_JB_06 
"<bonita>"
	"bonito" Adjective ADJ Singular lang:es 00:00:16 00:00:23 tt-2689 AF054_1955_SA_SU2012_JB_06 
"<,>"
	"," Punctuation CM lang:es 00:00:16 00:00:23 tt-2690 AF054_1955_SA_SU2012_JB_06 
"<muy>"
	"muy" Adverb ADV lang:es 00:00:16 00:00:23 tt-2691 AF054_1955_SA_SU2012_JB_06 
"<bella>"
	"bello" Adjective ADJ Singular lang:es 00:00:16 00:00:23 tt-2692 AF054_1955_SA_SU2012_JB_06 
"<$.>"
	"." Punctuation FS lang:es 00:00:16 00:00:23 tt-2693 AF054_1955_SA_SU2012_JB_06 

"<Y>"
	"y" Conjunciton Conjunction CC lang:es 00:00:16 00:00:23 tt-2694 AF054_1955_SA_SU2012_JB_06 SUBSTITUTE:394 
"<como>"
	"como" Conjunction CSUBX lang:es 00:00:16 00:00:23 tt-2695 AF054_1955_SA_SU2012_JB_06 
"<que>"
	"que" Conjunction CQUE lang:es 00:00:16 00:00:23 tt-2696 AF054_1955_SA_SU2012_JB_06 
"<yo>"
	"yo" Pronoun PPX Singular lang:es 00:00:16 00:00:23 tt-2697 AF054_1955_SA_SU2012_JB_06 @Gram:Pron:Sujeto ADD:634 
"<tenía>"
	"tener" Verb VLfin Imp Indi Sing 1st_or_3rd lang:es 00:00:16 00:00:23 tt-2698 AF054_1955_SA_SU2012_JB_06 @Gram:Imperf ADD:689 
"<cuarenta>"
	"cuarenta" Determiner CARD Singular lang:es 00:00:16 00:00:23 tt-2699 AF054_1955_SA_SU2012_JB_06 
"<y>"
	"y" Conjunciton Conjunction CC lang:es 00:00:16 00:00:23 tt-2700 AF054_1955_SA_SU2012_JB_06 SUBSTITUTE:394 
"<seis>"
	"seis" Determiner CARD Plural lang:es 00:00:16 00:00:23 tt-2701 AF054_1955_SA_SU2012_JB_06 
"<años>"
	"año" Noun NC Plural lang:es 00:00:16 00:00:23 tt-2702 AF054_1955_SA_SU2012_JB_06 
"<cuando>"
	"cuando" Conjunction CSUBX lang:es 00:00:16 00:00:23 tt-2703 AF054_1955_SA_SU2012_JB_06 
"<tenía>"
	"tener" Verb VLfin Imp Indi Sing 1st_or_3rd lang:es 00:00:23 00:00:30 tt-2704 AF054_1955_SA_SU2012_JB_06 @Gram:Imperf ADD:689 
"<esta>"
	"este" Determiner DM Singular lang:es 00:00:23 00:00:30 tt-2705 AF054_1955_SA_SU2012_JB_06 @Gram:Det:Demo ADD:442 
"<niña>"
	"niño" Noun NC Singular lang:es 00:00:23 00:00:30 tt-2706 AF054_1955_SA_SU2012_JB_06 
"<es>"
	"ser" Verb VSfin Pres Indi Sing 3rd lang:es 00:00:23 00:00:30 tt-2707 AF054_1955_SA_SU2012_JB_06 @Gram:SerEstar:Ser ADD:813 
"<...>"
	"..." Punctuation DOTS lang:es 00:00:23 00:00:30 tt-2708 AF054_1955_SA_SU2012_JB_06 
"<tenía>"
	"tener" Verb VLfin Imp Indi Sing 1st_or_3rd lang:es 00:00:23 00:00:30 tt-2709 AF054_1955_SA_SU2012_JB_06 @Gram:Imperf ADD:689 
"<mucho>"
	"mucho" Determiner QU lang:es 00:00:23 00:00:30 tt-2710 AF054_1955_SA_SU2012_JB_06 
"<miedo>"
	"miedo" Noun NC Singular lang:es 00:00:23 00:00:30 tt-2711 AF054_1955_SA_SU2012_JB_06 
"<que>"
	"que" Conjunction CQUE lang:es 00:00:23 00:00:30 tt-2712 AF054_1955_SA_SU2012_JB_06 
"<ella>"
	"él" Pronoun PPX Singular lang:es 00:00:23 00:00:30 tt-2713 AF054_1955_SA_SU2012_JB_06 @Gram:Pron:Sujeto ADD:634 
"<no>"
	"no" Adverb NEG lang:es 00:00:23 00:00:30 tt-2714 AF054_1955_SA_SU2012_JB_06 
"<...>"
	"..." Punctuation DOTS lang:es 00:00:23 00:00:30 tt-2715 AF054_1955_SA_SU2012_JB_06 
"<no>"
	"no" Adverb NEG lang:es 00:00:23 00:00:30 tt-2716 AF054_1955_SA_SU2012_JB_06 
"<iba>"
	"ir" Verb VLfin Imp Indi Sing 1st_or_3rd lang:es 00:00:23 00:00:30 tt-2717 AF054_1955_SA_SU2012_JB_06 @Gram:Imperf ID:80 R:Gram:VFut:Perifrasis:82 ADD:689 ADDRELATION(Gram:VFut:Perifrasis):717 
"<a>"
	"a" Preposition PREP lang:es 00:00:23 00:00:30 tt-2718 AF054_1955_SA_SU2012_JB_06 @Gram:Prep SUBSTITUTE:398 ADD:624 
"<estar>"
	"estar" Verb VLinf VEinf Infinitive lang:es 00:00:23 00:00:30 tt-2719 AF054_1955_SA_SU2012_JB_06 @Gram:SerEstar:Estar ID:82 SUBSTITUTE:329 ADD:822 
"<bien>"
	"bien" Adverb ADV lang:es 00:00:23 00:00:30 tt-2720 AF054_1955_SA_SU2012_JB_06 
"<$.>"
	"." Punctuation FS lang:es 00:00:23 00:00:30 tt-2721 AF054_1955_SA_SU2012_JB_06 

"<Pero>"
	"pero" Conjunction CCAD lang:es 00:00:23 00:00:30 tt-2722 AF054_1955_SA_SU2012_JB_06 @Prag:MarcadoresDisc:Revision ADD:1046 
"<es>"
	"ser" Verb VSfin Pres Indi Sing 3rd lang:es 00:00:31 00:00:35 tt-2723 AF054_1955_SA_SU2012_JB_06 @Gram:SerEstar:Ser ADD:813 
"<muy>"
	"muy" Adverb ADV lang:es 00:00:31 00:00:35 tt-2724 AF054_1955_SA_SU2012_JB_06 
"<bonita>"
	"bonito" Adjective ADJ Singular lang:es 00:00:31 00:00:35 tt-2725 AF054_1955_SA_SU2012_JB_06 
"<y>"
	"y" Conjunciton Conjunction CC lang:es 00:00:31 00:00:35 tt-2726 AF054_1955_SA_SU2012_JB_06 SUBSTITUTE:394 
"<inteligente>"
	"inteligente" Adjective ADJ Singular lang:es 00:00:31 00:00:35 tt-2727 AF054_1955_SA_SU2012_JB_06 
"<y>"
	"y" Conjunciton Conjunction CC lang:es 00:00:31 00:00:35 tt-2728 AF054_1955_SA_SU2012_JB_06 SUBSTITUTE:394 
"<todo>"
	"todo" Determiner QU lang:es 00:00:31 00:00:35 tt-2729 AF054_1955_SA_SU2012_JB_06 
"<$.>"
	"." Punctuation FS lang:es 00:00:31 00:00:35 tt-2730 AF054_1955_SA_SU2012_JB_06 

"<Y>"
	"y" Conjunciton Conjunction CC lang:es 00:00:31 00:00:35 tt-2731 AF054_1955_SA_SU2012_JB_06 SUBSTITUTE:394 
"<todos>"
	"todo" Determiner QU lang:es 00:00:31 00:00:35 tt-2732 AF054_1955_SA_SU2012_JB_06 
"<...>"
	"..." Punctuation DOTS lang:es 00:00:31 00:00:35 tt-2733 AF054_1955_SA_SU2012_JB_06 
"<todo>"
	"todo" Determiner QU lang:es 00:00:31 00:00:35 tt-2734 AF054_1955_SA_SU2012_JB_06 
"<fue>"
	"ser" Verb VSfin Pret Indi Sing 3rd lang:es 00:00:31 00:00:35 tt-2735 AF054_1955_SA_SU2012_JB_06 @Gram:Indefinido @Gram:SerEstar:Ser ADD:698 ADD:813 
"<bien>"
	"bien" Adverb ADV lang:es 00:00:31 00:00:35 tt-2736 AF054_1955_SA_SU2012_JB_06 
"<$.>"
	"." Punctuation FS lang:es 00:00:31 00:00:35 tt-2737 AF054_1955_SA_SU2012_JB_06 
</speaker>
</text>

