<text id="AF054_1955_SA_SU2012_JB_04">
<speaker type="subj">
"<Y>"
	"y" Conjunciton CC lang:es 00:00:00 00:00:07 tt-1875 AF054_1955_SA_SU2012_JB_04 
"<,>"
	"," Punctuation CM lang:es 00:00:00 00:00:07 tt-1876 AF054_1955_SA_SU2012_JB_04 
"<este>"
	"este" Determiner DM Singular lang:es 00:00:00 00:00:07 tt-1877 AF054_1955_SA_SU2012_JB_04 @Prag:RecuDiscurso:GanarTiempo 
"<,>"
	"," Punctuation CM lang:es 00:00:00 00:00:07 tt-1878 AF054_1955_SA_SU2012_JB_04 
"<ella>"
	"él" Pronoun PPX Singular lang:es 00:00:00 00:00:07 tt-1879 AF054_1955_SA_SU2012_JB_04 @Gram:Pron:Sujeto 
"<le>"
	"él" Pronoun PPC Singular lang:es 00:00:00 00:00:07 tt-1880 AF054_1955_SA_SU2012_JB_04 @Gram:Pron:Objeto ID:6 R:Gram:Gustar:Ajenos:7 
"<gusta>"
	"gustar" Verb VLfin Pres Indi Sing 3rd lang:es 00:00:00 00:00:07 tt-1881 AF054_1955_SA_SU2012_JB_04 ID:7 
"<Disney>"
	"Disney" Noun NP Singular lang:es 00:00:00 00:00:07 tt-1882 AF054_1955_SA_SU2012_JB_04 
"<mucho>"
	"mucho" Adverb ADV lang:es 00:00:00 00:00:07 tt-1883 AF054_1955_SA_SU2012_JB_04 
"<$.>"
	"." Punctuation FS lang:es 00:00:00 00:00:07 tt-1884 AF054_1955_SA_SU2012_JB_04 

"<Le>"
	"le" Other PE lang:es 00:00:00 00:00:07 tt-1885 AF054_1955_SA_SU2012_JB_04 
"<gusta>"
	"gustar" Verb VLfin Pres Indi Sing 3rd lang:es 00:00:00 00:00:07 tt-1886 AF054_1955_SA_SU2012_JB_04 
"<ir>"
	"ir" Verb VLinf Infinitive lang:es 00:00:00 00:00:07 tt-1887 AF054_1955_SA_SU2012_JB_04 
"<a>"
	"a" Preposition PREP lang:es 00:00:00 00:00:07 tt-1888 AF054_1955_SA_SU2012_JB_04 @Gram:Prep 
"<Disneyland>"
	"UNK" Noun NP Singular lang:es 00:00:00 00:00:07 tt-1889 AF054_1955_SA_SU2012_JB_04 
"<$.>"
	"." Punctuation FS lang:es 00:00:00 00:00:07 tt-1890 AF054_1955_SA_SU2012_JB_04 

"<Disney>"
	"Disney" Noun NP Singular lang:es 00:00:00 00:00:07 tt-1891 AF054_1955_SA_SU2012_JB_04 
<lang code="en">
"<World>"
	"World" Noun NP Singular lang:en 00:00:00 00:00:07 tt-1892 AF054_1955_SA_SU2012_JB_04 
</lang>
"<también>"
	"también" Adverb ADV lang:es 00:00:00 00:00:07 tt-1893 AF054_1955_SA_SU2012_JB_04 @Prag:MarcadoresDisc:Igualdad 
"<$.>"
	"." Punctuation FS lang:es 00:00:00 00:00:07 tt-1894 AF054_1955_SA_SU2012_JB_04 

"<Fuimos>"
	"ir|ser" Verb VLfin Pres_or_Pret Indi Plural 1st lang:es 00:00:07 00:00:14 tt-1895 AF054_1955_SA_SU2012_JB_04 
"<cuando>"
	"cuando" Conjunction CSUBX lang:es 00:00:07 00:00:14 tt-1896 AF054_1955_SA_SU2012_JB_04 
"<ella>"
	"él" Pronoun PPX Singular lang:es 00:00:07 00:00:14 tt-1897 AF054_1955_SA_SU2012_JB_04 @Gram:Pron:Sujeto 
"<estaba>"
	"estar" Verb VEfin Imp Indi Sing 1st_or_3rd lang:es 00:00:07 00:00:14 tt-1898 AF054_1955_SA_SU2012_JB_04 @Gram:Imperf @Gram:SerEstar:Estar 
"<muy>"
	"muy" Adverb ADV lang:es 00:00:07 00:00:14 tt-1899 AF054_1955_SA_SU2012_JB_04 
"<chiquita>"
	"chico" Adjective ADJ Singular lang:es 00:00:07 00:00:14 tt-1900 AF054_1955_SA_SU2012_JB_04 
"<a>"
	"a" Preposition PREP lang:es 00:00:07 00:00:14 tt-1901 AF054_1955_SA_SU2012_JB_04 @Gram:Prep 
"<Disney>"
	"Disney" Noun NP Singular lang:es 00:00:07 00:00:14 tt-1902 AF054_1955_SA_SU2012_JB_04 
<lang code="en">
"<World>"
	"World" Noun NP Singular lang:en 00:00:07 00:00:14 tt-1903 AF054_1955_SA_SU2012_JB_04 
</lang>
"<no>"
	"no" Adverb ADV lang:es 00:00:07 00:00:14 tt-1904 AF054_1955_SA_SU2012_JB_04 
"<más>"
	"más" Adverb ADV lang:es 00:00:07 00:00:14 tt-1905 AF054_1955_SA_SU2012_JB_04 
"<para>"
	"para" Preposition PREP lang:es 00:00:07 00:00:14 tt-1906 AF054_1955_SA_SU2012_JB_04 @Gram:Prep:Para 
"<,>"
	"," Punctuation CM lang:es 00:00:07 00:00:14 tt-1907 AF054_1955_SA_SU2012_JB_04 
"<este>"
	"este" Noun NC Singular lang:es 00:00:07 00:00:14 tt-1908 AF054_1955_SA_SU2012_JB_04 
"<...>"
	"..." Punctuation DOTS lang:es 00:00:07 00:00:14 tt-1909 AF054_1955_SA_SU2012_JB_04 
"<a>"
	"a" Preposition PREP lang:es 00:00:07 00:00:14 tt-1910 AF054_1955_SA_SU2012_JB_04 @Gram:Prep 
"<ver>"
	"ver" Verb VLinf Infinitive lang:es 00:00:07 00:00:14 tt-1911 AF054_1955_SA_SU2012_JB_04 
"<a>"
	"a" Preposition PREP lang:es 00:00:07 00:00:14 tt-1912 AF054_1955_SA_SU2012_JB_04 @Gram:Prep 
"<Mickey>"
	"UNK" Noun NP Singular lang:es 00:00:07 00:00:14 tt-1913 AF054_1955_SA_SU2012_JB_04 
<lang code="en">
"<Mouse>"
	"Mouse" Noun NP Singular lang:en 00:00:07 00:00:14 tt-1914 AF054_1955_SA_SU2012_JB_04 
</lang>
"<y>"
	"y" Conjunciton Conjunction CC lang:es 00:00:14 00:00:20 tt-1915 AF054_1955_SA_SU2012_JB_04 
"<fuimos>"
	"ir|ser" Verb VLfin Pres_or_Pret Indi Plural 1st lang:es 00:00:14 00:00:20 tt-1916 AF054_1955_SA_SU2012_JB_04 
"<como>"
	"como" Adverb ADV lang:es 00:00:14 00:00:20 tt-1917 AF054_1955_SA_SU2012_JB_04 
"<en>"
	"en" Preposition PREP lang:es 00:00:14 00:00:20 tt-1918 AF054_1955_SA_SU2012_JB_04 @Gram:Prep 
"<Halloween>"
	"UNK" Noun NP Singular lang:es 00:00:14 00:00:20 tt-1919 AF054_1955_SA_SU2012_JB_04 
"<$.>"
	"." Punctuation FS lang:es 00:00:14 00:00:20 tt-1920 AF054_1955_SA_SU2012_JB_04 

"<En>"
	"en" Preposition PREP lang:es 00:00:14 00:00:20 tt-1921 AF054_1955_SA_SU2012_JB_04 @Gram:Prep 
"<español>"
	"español" Noun NC Singular lang:es 00:00:14 00:00:20 tt-1922 AF054_1955_SA_SU2012_JB_04 
"<,>"
	"," Punctuation CM lang:es 00:00:14 00:00:20 tt-1923 AF054_1955_SA_SU2012_JB_04 
"<no>"
	"no" Adverb NEG lang:es 00:00:14 00:00:20 tt-1924 AF054_1955_SA_SU2012_JB_04 
"<tienen>"
	"tener" Verb VLfin Pres Indi Plural 3rd lang:es 00:00:14 00:00:20 tt-1925 AF054_1955_SA_SU2012_JB_04 
"<Halloween>"
	"UNK" Adverb ADV lang:es 00:00:14 00:00:20 tt-1926 AF054_1955_SA_SU2012_JB_04 
"<$.>"
	"." Punctuation FS lang:es 00:00:14 00:00:20 tt-1927 AF054_1955_SA_SU2012_JB_04 

"<$¿>"
	"¿" Punctuation FS lang:es 00:00:14 00:00:20 tt-1928 AF054_1955_SA_SU2012_JB_04 
"<Cómo>"
	"cómo" Adverb ADV lang:es 00:00:14 00:00:20 tt-1929 AF054_1955_SA_SU2012_JB_04 
"<se>"
	"se" Other SE lang:es 00:00:14 00:00:20 tt-1930 AF054_1955_SA_SU2012_JB_04 
"<dice>"
	"decir" Verb VLfin Pres Indi Sing 3rd lang:es 00:00:14 00:00:20 tt-1931 AF054_1955_SA_SU2012_JB_04 
"<...>"
	"..." Punctuation DOTS lang:es 00:00:14 00:00:20 tt-1932 AF054_1955_SA_SU2012_JB_04 
"<$?>"
	"?" Punctuation FS lang:es 00:00:14 00:00:20 tt-1933 AF054_1955_SA_SU2012_JB_04 
</speaker>
<speaker type="int">

"<Día>"
	"día" Noun NC Singular lang:es 00:00:20 00:00:21 tt-1934 AF054_1955_SA_SU2012_JB_04 
"<de>"
	"de" Preposition PREP lang:es 00:00:20 00:00:21 tt-1935 AF054_1955_SA_SU2012_JB_04 @Gram:Prep 
"<...>"
	"..." Punctuation DOTS lang:es 00:00:20 00:00:21 tt-1936 AF054_1955_SA_SU2012_JB_04 
"<Día>"
	"día" Noun NC Singular lang:es 00:00:21 00:00:24 tt-1937 AF054_1955_SA_SU2012_JB_04 
"<de>"
	"de" Preposition PREP lang:es 00:00:21 00:00:24 tt-1938 AF054_1955_SA_SU2012_JB_04 @Gram:Prep 
"<...>"
	"..." Punctuation DOTS lang:es 00:00:21 00:00:24 tt-1939 AF054_1955_SA_SU2012_JB_04 
"<no>"
	"no" Adverb NEG lang:es 00:00:21 00:00:24 tt-1940 AF054_1955_SA_SU2012_JB_04 
"<es>"
	"ser" Verb VSfin Pres Indi Sing 3rd lang:es 00:00:21 00:00:24 tt-1941 AF054_1955_SA_SU2012_JB_04 @Gram:SerEstar:Ser 
"<Día>"
	"UNK" Adjective ADJ Singular lang:es 00:00:21 00:00:24 tt-1942 AF054_1955_SA_SU2012_JB_04 
"<de>"
	"de" Preposition PREP lang:es 00:00:21 00:00:24 tt-1943 AF054_1955_SA_SU2012_JB_04 @Gram:Prep 
"<los>"
	"el" Determiner ART Plural Masc lang:es 00:00:21 00:00:24 tt-1944 AF054_1955_SA_SU2012_JB_04 @Gram:Det:Art 
"<Muertos>"
	"UNK" Noun NC Plural lang:es 00:00:21 00:00:24 tt-1945 AF054_1955_SA_SU2012_JB_04 
"<$.>"
	"." Punctuation FS lang:es 00:00:21 00:00:24 tt-1946 AF054_1955_SA_SU2012_JB_04 

"<No>"
	"no" Adverb NEG lang:es 00:00:21 00:00:24 tt-1947 AF054_1955_SA_SU2012_JB_04 
"<es>"
	"ser" Verb VSfin Pres Indi Sing 3rd lang:es 00:00:21 00:00:24 tt-1948 AF054_1955_SA_SU2012_JB_04 @Gram:SerEstar:Ser 
"<...>"
	"..." Punctuation DOTS lang:es 00:00:21 00:00:24 tt-1949 AF054_1955_SA_SU2012_JB_04 
"<No>"
	"no" Adverb NEG lang:es 00:00:24 00:00:25 tt-1950 AF054_1955_SA_SU2012_JB_04 
"<$.>"
	"." Punctuation FS lang:es 00:00:24 00:00:25 tt-1951 AF054_1955_SA_SU2012_JB_04 

"<...>"
	"..." Punctuation DOTS lang:es 00:00:25 00:00:26 tt-1952 AF054_1955_SA_SU2012_JB_04 
"<Eso>"
	"UNK" Noun NC Singular lang:es 00:00:25 00:00:26 tt-1953 AF054_1955_SA_SU2012_JB_04 
"<,>"
	"," Punctuation CM lang:es 00:00:25 00:00:26 tt-1954 AF054_1955_SA_SU2012_JB_04 
"<pero>"
	"pero" Conjunction CCAD lang:es 00:00:25 00:00:26 tt-1955 AF054_1955_SA_SU2012_JB_04 @Prag:MarcadoresDisc:Revision 
"<eso>"
	"ese" Determiner DM Singular lang:es 00:00:25 00:00:26 tt-1956 AF054_1955_SA_SU2012_JB_04 
"<...>"
	"..." Punctuation DOTS lang:es 00:00:25 00:00:26 tt-1957 AF054_1955_SA_SU2012_JB_04 
"<$¿>"
	"¿" Punctuation FS lang:es 00:00:26 00:00:27 tt-1958 AF054_1955_SA_SU2012_JB_04 
"<Brujas>"
	"brujo" Adjective ADJ Plural lang:es 00:00:26 00:00:27 tt-1959 AF054_1955_SA_SU2012_JB_04 
"<$?>"
	"?" Punctuation FS lang:es 00:00:26 00:00:27 tt-1960 AF054_1955_SA_SU2012_JB_04 

"<No>"
	"no" Adverb NEG lang:es 00:00:26 00:00:27 tt-1961 AF054_1955_SA_SU2012_JB_04 
"<$.>"
	"." Punctuation FS lang:es 00:00:26 00:00:27 tt-1962 AF054_1955_SA_SU2012_JB_04 

"<Es>"
	"ser" Verb VSfin Pres Indi Sing 3rd lang:es 00:00:26 00:00:27 tt-1963 AF054_1955_SA_SU2012_JB_04 @Gram:SerEstar:Ser 
"<algo>"
	"algo" Determiner QU lang:es 00:00:26 00:00:27 tt-1964 AF054_1955_SA_SU2012_JB_04 
"<así>"
	"así" Adverb ADV lang:es 00:00:26 00:00:27 tt-1965 AF054_1955_SA_SU2012_JB_04 
"<$.>"
	"." Punctuation FS lang:es 00:00:26 00:00:27 tt-1966 AF054_1955_SA_SU2012_JB_04 

"<Es>"
	"ser" Verb VSfin Pres Indi Sing 3rd lang:es 00:00:27 00:00:32 tt-1967 AF054_1955_SA_SU2012_JB_04 @Gram:SerEstar:Ser 
"<...>"
	"..." Punctuation DOTS lang:es 00:00:27 00:00:32 tt-1968 AF054_1955_SA_SU2012_JB_04 
"<no>"
	"no" Adverb NEG lang:es 00:00:27 00:00:32 tt-1969 AF054_1955_SA_SU2012_JB_04 
"<sé>"
	"saber|ser" Verb VLfin Pres Indi Sing 1st lang:es 00:00:27 00:00:32 tt-1970 AF054_1955_SA_SU2012_JB_04 
"<Halloween>"
	"UNK" Adverb ADV lang:es 00:00:27 00:00:32 tt-1971 AF054_1955_SA_SU2012_JB_04 
"<en>"
	"en" Preposition PREP lang:es 00:00:27 00:00:32 tt-1972 AF054_1955_SA_SU2012_JB_04 @Gram:Prep 
"<español>"
	"español" Noun NC Singular lang:es 00:00:27 00:00:32 tt-1973 AF054_1955_SA_SU2012_JB_04 
"<porque>"
	"porque" Conjunction CSUBX lang:es 00:00:27 00:00:32 tt-1974 AF054_1955_SA_SU2012_JB_04 @Prag:MarcadoresDisc:Causa 
"<nunca>"
	"nunca" Adverb ADV lang:es 00:00:27 00:00:32 tt-1975 AF054_1955_SA_SU2012_JB_04 
"<he>"
	"haber" Verb VHfin Pres Indi Sing 1st lang:es 00:00:27 00:00:32 tt-1976 AF054_1955_SA_SU2012_JB_04 @Gram:Haber:Exist 
"<estado>"
	"estar" Verb VEadj Participle lang:es 00:00:27 00:00:32 tt-1977 AF054_1955_SA_SU2012_JB_04 @Gram:SerEstar:Estar 
"<allí>"
	"allí" Adverb ADV lang:es 00:00:27 00:00:32 tt-1978 AF054_1955_SA_SU2012_JB_04 
"<cuando>"
	"cuando" Conjunction CSUBX lang:es 00:00:27 00:00:32 tt-1979 AF054_1955_SA_SU2012_JB_04 
"<...>"
	"..." Punctuation DOTS lang:es 00:00:27 00:00:32 tt-1980 AF054_1955_SA_SU2012_JB_04 
"<cuando>"
	"cuando" Conjunction CSUBX lang:es 00:00:27 00:00:32 tt-1981 AF054_1955_SA_SU2012_JB_04 
"<tenía>"
	"tener" Verb VLfin Imp Indi Sing 1st_or_3rd lang:es 00:00:27 00:00:32 tt-1982 AF054_1955_SA_SU2012_JB_04 @Gram:Imperf 
"<Halloween>"
	"UNK" Adverb ADV lang:es 00:00:32 00:00:39 tt-1983 AF054_1955_SA_SU2012_JB_04 
"<$.>"
	"." Punctuation FS lang:es 00:00:32 00:00:39 tt-1984 AF054_1955_SA_SU2012_JB_04 

"<Bueno>"
	"bueno" Adjective ADJ Singular lang:es 00:00:32 00:00:39 tt-1985 AF054_1955_SA_SU2012_JB_04 
"<,>"
	"," Punctuation CM lang:es 00:00:32 00:00:39 tt-1986 AF054_1955_SA_SU2012_JB_04 
"<pues>"
	"pues" Conjunction CSUBF lang:es 00:00:32 00:00:39 tt-1987 AF054_1955_SA_SU2012_JB_04 
"<fuimos>"
	"ir|ser" Verb VLfin Pres_or_Pret Indi Plural 1st lang:es 00:00:32 00:00:39 tt-1988 AF054_1955_SA_SU2012_JB_04 
"<a>"
	"a" Preposition PREP lang:es 00:00:32 00:00:39 tt-1989 AF054_1955_SA_SU2012_JB_04 @Gram:Prep 
"<viajar>"
	"viajar" Verb VLinf Infinitive lang:es 00:00:32 00:00:39 tt-1990 AF054_1955_SA_SU2012_JB_04 
"<a>"
	"a" Preposition PREP lang:es 00:00:32 00:00:39 tt-1991 AF054_1955_SA_SU2012_JB_04 @Gram:Prep 
"<Disney>"
	"Disney" Noun NP Singular lang:es 00:00:32 00:00:39 tt-1992 AF054_1955_SA_SU2012_JB_04 
<lang code="en">
"<World>"
	"World" Noun NP Singular lang:en 00:00:32 00:00:39 tt-1993 AF054_1955_SA_SU2012_JB_04 
</lang>
"<a>"
	"a" Preposition PREP lang:es 00:00:32 00:00:39 tt-1994 AF054_1955_SA_SU2012_JB_04 @Gram:Prep 
"<ver>"
	"ver" Verb VLinf Infinitive lang:es 00:00:32 00:00:39 tt-1995 AF054_1955_SA_SU2012_JB_04 
"<Mickey>"
	"UNK" Noun NP Singular lang:es 00:00:32 00:00:39 tt-1996 AF054_1955_SA_SU2012_JB_04 
"<para>"
	"para" Preposition PREP lang:es 00:00:32 00:00:39 tt-1997 AF054_1955_SA_SU2012_JB_04 @Gram:Prep:Para 
"<hacer>"
	"hacer" Verb VLinf Infinitive lang:es 00:00:32 00:00:39 tt-1998 AF054_1955_SA_SU2012_JB_04 ID:124 R:Herit:Contacto:Mixtas:125 
<lang code="en">
"<trick>"
	"trick" Noun NN lang:en 00:00:32 00:00:39 tt-1999 AF054_1955_SA_SU2012_JB_04 ID:125 
"<or>"
	"or" Conjunction CC lang:en 00:00:32 00:00:39 tt-2000 AF054_1955_SA_SU2012_JB_04 
"<treat>"
	"treat" Verb VB lang:en 00:00:32 00:00:39 tt-2001 AF054_1955_SA_SU2012_JB_04 
</lang>
"<y>"
	"y" Conjunciton Conjunction CC lang:es 00:00:40 00:00:47 tt-2002 AF054_1955_SA_SU2012_JB_04 
"<eso>"
	"ese" Determiner DM Singular lang:es 00:00:40 00:00:47 tt-2003 AF054_1955_SA_SU2012_JB_04 
"<es>"
	"ser" Verb VSfin Pres Indi Sing 3rd lang:es 00:00:40 00:00:47 tt-2004 AF054_1955_SA_SU2012_JB_04 @Gram:SerEstar:Ser 
"<$.>"
	"." Punctuation FS lang:es 00:00:40 00:00:47 tt-2005 AF054_1955_SA_SU2012_JB_04 

"<Yo>"
	"yo" Pronoun PPX Singular lang:es 00:00:40 00:00:47 tt-2006 AF054_1955_SA_SU2012_JB_04 @Gram:Pron:Sujeto 
"<estoy>"
	"estar" Verb VEfin Pres Indi Sing 1st lang:es 00:00:40 00:00:47 tt-2007 AF054_1955_SA_SU2012_JB_04 @Gram:SerEstar:Estar 
"<Tex-Mex>"
	"UNK" Noun NC Singular lang:es 00:00:40 00:00:47 tt-2008 AF054_1955_SA_SU2012_JB_04 
"<ahorita>"
	"ahora" Adverb ADV lang:es 00:00:40 00:00:47 tt-2009 AF054_1955_SA_SU2012_JB_04 
"<...>"
	"..." Punctuation DOTS lang:es 00:00:40 00:00:47 tt-2010 AF054_1955_SA_SU2012_JB_04 
<lang code="en">
"<trick>"
	"trick" Verb VB lang:en 00:00:40 00:00:47 tt-2011 AF054_1955_SA_SU2012_JB_04 
"<or>"
	"or" Conjunction CC lang:en 00:00:40 00:00:47 tt-2012 AF054_1955_SA_SU2012_JB_04 
"<treat>"
	"treat" Verb VB lang:en 00:00:40 00:00:47 tt-2013 AF054_1955_SA_SU2012_JB_04 
</lang>
"<$.>"
	"." Punctuation FS lang:es 00:00:40 00:00:47 tt-2014 AF054_1955_SA_SU2012_JB_04 

"<[>"
	"[" Punctuation LP lang:es 00:00:40 00:00:47 tt-2015 AF054_1955_SA_SU2012_JB_04 
"<Risas>"
	"UNK" Noun NP Plural lang:es 00:00:40 00:00:47 tt-2016 AF054_1955_SA_SU2012_JB_04 
"<]>"
	"]" Other RP lang:es 00:00:40 00:00:47 tt-2017 AF054_1955_SA_SU2012_JB_04 
"<Bueno>"
	"UNK" Noun NP Singular lang:es 00:00:40 00:00:47 tt-2018 AF054_1955_SA_SU2012_JB_04 
"<,>"
	"," Punctuation CM lang:es 00:00:40 00:00:47 tt-2019 AF054_1955_SA_SU2012_JB_04 
"<pues>"
	"pues" Conjunction CSUBF lang:es 00:00:40 00:00:47 tt-2020 AF054_1955_SA_SU2012_JB_04 
"<,>"
	"," Punctuation CM lang:es 00:00:40 00:00:47 tt-2021 AF054_1955_SA_SU2012_JB_04 
"<tenía>"
	"tener" Verb VLfin Imp Indi Sing 1st_or_3rd lang:es 00:00:40 00:00:47 tt-2022 AF054_1955_SA_SU2012_JB_04 @Gram:Imperf 
"<un>"
	"un" Determiner ART Singular lang:es 00:00:40 00:00:47 tt-2023 AF054_1955_SA_SU2012_JB_04 
"<ese>"
	"ese" Noun NC Singular lang:es 00:00:40 00:00:47 tt-2024 AF054_1955_SA_SU2012_JB_04 
"<huracano>"
	"UNK" Adjective ADJ Singular lang:es 00:00:40 00:00:47 tt-2025 AF054_1955_SA_SU2012_JB_04 
"<y>"
	"y" Conjunciton Conjunction CC lang:es 00:00:47 00:00:54 tt-2026 AF054_1955_SA_SU2012_JB_04 
"<,>"
	"," Punctuation CM lang:es 00:00:47 00:00:54 tt-2027 AF054_1955_SA_SU2012_JB_04 
"<este>"
	"este" Determiner DM Singular lang:es 00:00:47 00:00:54 tt-2028 AF054_1955_SA_SU2012_JB_04 @Prag:RecuDiscurso:GanarTiempo 
"<,>"
	"," Punctuation CM lang:es 00:00:47 00:00:54 tt-2029 AF054_1955_SA_SU2012_JB_04 
"<llovió>"
	"llover" Verb VLfin Pret Indi Sing 3rd lang:es 00:00:47 00:00:54 tt-2030 AF054_1955_SA_SU2012_JB_04 @Gram:Indefinido 
"<mucho>"
	"mucho" Adverb ADV lang:es 00:00:47 00:00:54 tt-2031 AF054_1955_SA_SU2012_JB_04 
"<y>"
	"y" Conjunciton Conjunction CC lang:es 00:00:47 00:00:54 tt-2032 AF054_1955_SA_SU2012_JB_04 
"<tornó>"
	"tornar" Verb VLfin Pret Indi Sing 3rd lang:es 00:00:47 00:00:54 tt-2033 AF054_1955_SA_SU2012_JB_04 @Gram:Indefinido 
"<$.>"
	"." Punctuation FS lang:es 00:00:47 00:00:54 tt-2034 AF054_1955_SA_SU2012_JB_04 

"<Y>"
	"y" Conjunciton CC lang:es 00:00:47 00:00:54 tt-2035 AF054_1955_SA_SU2012_JB_04 
"<...>"
	"..." Punctuation DOTS lang:es 00:00:47 00:00:54 tt-2036 AF054_1955_SA_SU2012_JB_04 
"<y>"
	"y" Conjunciton CC lang:es 00:00:47 00:00:54 tt-2037 AF054_1955_SA_SU2012_JB_04 
"<teníamos>"
	"tener" Verb VLfin Imp Indi Plural 1st lang:es 00:00:47 00:00:54 tt-2038 AF054_1955_SA_SU2012_JB_04 @Gram:Imperf 
"<que>"
	"que" Conjunction CQUE lang:es 00:00:47 00:00:54 tt-2039 AF054_1955_SA_SU2012_JB_04 
"<correr>"
	"correr" Verb VLinf Infinitive lang:es 00:00:47 00:00:54 tt-2040 AF054_1955_SA_SU2012_JB_04 
"<bien>"
	"bien" Adverb ADV lang:es 00:00:47 00:00:54 tt-2041 AF054_1955_SA_SU2012_JB_04 
"<rápido>"
	"rápido" Adjective ADJ Singular lang:es 00:00:47 00:00:54 tt-2042 AF054_1955_SA_SU2012_JB_04 
"<del>"
	"del" Preposition PDEL lang:es 00:00:47 00:00:54 tt-2043 AF054_1955_SA_SU2012_JB_04 @Gram:Prep 
"<barco>"
	"barco" Noun NC Singular lang:es 00:00:47 00:00:54 tt-2044 AF054_1955_SA_SU2012_JB_04 
"<$.>"
	"." Punctuation FS lang:es 00:00:47 00:00:54 tt-2045 AF054_1955_SA_SU2012_JB_04 

"<Y>"
	"y" Conjunciton Conjunction CC lang:es 00:00:47 00:00:54 tt-2046 AF054_1955_SA_SU2012_JB_04 
"<ella>"
	"él" Pronoun PPX Singular lang:es 00:00:47 00:00:54 tt-2047 AF054_1955_SA_SU2012_JB_04 @Gram:Pron:Sujeto 
"<como>"
	"como" Adverb ADV lang:es 00:00:58 00:01:05 tt-2048 AF054_1955_SA_SU2012_JB_04 
"<tenía>"
	"tener" Verb VLfin Imp Indi Sing 1st_or_3rd lang:es 00:00:58 00:01:05 tt-2049 AF054_1955_SA_SU2012_JB_04 @Gram:Imperf 
"<un>"
	"un" Determiner ART Singular lang:es 00:00:58 00:01:05 tt-2050 AF054_1955_SA_SU2012_JB_04 
"<...>"
	"..." Punctuation DOTS lang:es 00:00:58 00:01:05 tt-2051 AF054_1955_SA_SU2012_JB_04 
"<una>"
	"un" Determiner ART Singular lang:es 00:00:58 00:01:05 tt-2052 AF054_1955_SA_SU2012_JB_04 
"<fiesta>"
	"fiesta" Noun NC Singular lang:es 00:00:58 00:01:05 tt-2053 AF054_1955_SA_SU2012_JB_04 
"<privado>"
	"privado" Adjective ADJ Singular lang:es 00:00:58 00:01:05 tt-2054 AF054_1955_SA_SU2012_JB_04 
"<con>"
	"con" Preposition PREP lang:es 00:00:58 00:01:05 tt-2055 AF054_1955_SA_SU2012_JB_04 @Gram:Prep 
"<Mickey>"
	"UNK" Noun NP Singular lang:es 00:00:58 00:01:05 tt-2056 AF054_1955_SA_SU2012_JB_04 
<lang code="en">
"<Mouse>"
	"Mouse" Noun NP Singular lang:en 00:00:58 00:01:05 tt-2057 AF054_1955_SA_SU2012_JB_04 
</lang>
"<y>"
	"y" Conjunciton Conjunction CC lang:es 00:00:58 00:01:05 tt-2058 AF054_1955_SA_SU2012_JB_04 
"<...>"
	"..." Punctuation DOTS lang:es 00:00:58 00:01:05 tt-2059 AF054_1955_SA_SU2012_JB_04 
"<y>"
	"y" Conjunciton Conjunction CC lang:es 00:00:58 00:01:05 tt-2060 AF054_1955_SA_SU2012_JB_04 
<lang code="en">
"<Snow>"
	"Snow" Noun NP Singular lang:en 00:00:58 00:01:05 tt-2061 AF054_1955_SA_SU2012_JB_04 
"<White>"
	"White" Noun NP Singular lang:en 00:00:58 00:01:05 tt-2062 AF054_1955_SA_SU2012_JB_04 
</lang>
"<y>"
	"y" Conjunciton Conjunction CC lang:es 00:00:58 00:01:05 tt-2063 AF054_1955_SA_SU2012_JB_04 
"<todo>"
	"todo" Determiner QU lang:es 00:00:58 00:01:05 tt-2064 AF054_1955_SA_SU2012_JB_04 ID:190 R:Gram:Det:DetCombi:191 
"<eso>"
	"ese" Determiner DM Singular lang:es 00:00:58 00:01:05 tt-2065 AF054_1955_SA_SU2012_JB_04 ID:191 
"<...>"
	"..." Punctuation DOTS lang:es 00:00:58 00:01:05 tt-2066 AF054_1955_SA_SU2012_JB_04 
"<$¿>"
	"¿" Punctuation FS lang:es 00:00:58 00:01:05 tt-2067 AF054_1955_SA_SU2012_JB_04 
"<cómo>"
	"cómo" Adverb ADV lang:es 00:00:58 00:01:05 tt-2068 AF054_1955_SA_SU2012_JB_04 
"<se>"
	"se" Other SE lang:es 00:01:05 00:01:06 tt-2069 AF054_1955_SA_SU2012_JB_04 
"<dice>"
	"decir" Verb VLfin Pres Indi Sing 3rd lang:es 00:01:05 00:01:06 tt-2070 AF054_1955_SA_SU2012_JB_04 
"<...>"
	"..." Punctuation DOTS lang:es 00:01:05 00:01:06 tt-2071 AF054_1955_SA_SU2012_JB_04 
"<Blanca>"
	"UNK" Noun NP Singular lang:es 00:01:05 00:01:06 tt-2072 AF054_1955_SA_SU2012_JB_04 
"<Nieve>"
	"nieve" Noun NC Singular lang:es 00:01:05 00:01:06 tt-2073 AF054_1955_SA_SU2012_JB_04 
"<$.>"
	"." Punctuation FS lang:es 00:01:05 00:01:06 tt-2074 AF054_1955_SA_SU2012_JB_04 
<lang code="en">

"<Oh>"
	"oh" Other UH lang:en 00:01:06 00:01:07 tt-2075 AF054_1955_SA_SU2012_JB_04 
</lang>
"<,>"
	"," Punctuation CM lang:es 00:01:06 00:01:07 tt-2076 AF054_1955_SA_SU2012_JB_04 
"<sí>"
	"sí" Adverb ADV lang:es 00:01:06 00:01:07 tt-2077 AF054_1955_SA_SU2012_JB_04 
"<$.>"
	"." Punctuation FS lang:es 00:01:06 00:01:07 tt-2078 AF054_1955_SA_SU2012_JB_04 
</speaker>
<speaker type="subj">

"<Blanca>"
	"blanco" Adjective ADJ Singular lang:es 00:01:07 00:01:13 tt-2079 AF054_1955_SA_SU2012_JB_04 
"<Nieve>"
	"nieve" Noun NC Singular lang:es 00:01:07 00:01:13 tt-2080 AF054_1955_SA_SU2012_JB_04 
"<$.>"
	"." Punctuation FS lang:es 00:01:07 00:01:13 tt-2081 AF054_1955_SA_SU2012_JB_04 

"<[>"
	"[" Punctuation LP lang:es 00:01:07 00:01:13 tt-2082 AF054_1955_SA_SU2012_JB_04 
"<Risas>"
	"UNK" Noun NP Plural lang:es 00:01:07 00:01:13 tt-2083 AF054_1955_SA_SU2012_JB_04 
"<]>"
	"]" Other RP lang:es 00:01:07 00:01:13 tt-2084 AF054_1955_SA_SU2012_JB_04 
"<Tenía>"
	"tener" Verb VLfin Imp Indi Sing 1st_or_3rd lang:es 00:01:07 00:01:13 tt-2085 AF054_1955_SA_SU2012_JB_04 @Gram:Imperf 
"<,>"
	"," Punctuation CM lang:es 00:01:07 00:01:13 tt-2086 AF054_1955_SA_SU2012_JB_04 
"<este>"
	"este" Determiner DM Singular lang:es 00:01:07 00:01:13 tt-2087 AF054_1955_SA_SU2012_JB_04 @Prag:RecuDiscurso:GanarTiempo 
"<,>"
	"," Punctuation CM lang:es 00:01:07 00:01:13 tt-2088 AF054_1955_SA_SU2012_JB_04 
"<un>"
	"un" Determiner ART Singular lang:es 00:01:07 00:01:13 tt-2089 AF054_1955_SA_SU2012_JB_04 
"<...>"
	"..." Punctuation DOTS lang:es 00:01:07 00:01:13 tt-2090 AF054_1955_SA_SU2012_JB_04 
"<un>"
	"un" Determiner ART Singular lang:es 00:01:07 00:01:13 tt-2091 AF054_1955_SA_SU2012_JB_04 
"<,>"
	"," Punctuation CM lang:es 00:01:07 00:01:13 tt-2092 AF054_1955_SA_SU2012_JB_04 
"<este>"
	"este" Determiner DM Singular lang:es 00:01:07 00:01:13 tt-2093 AF054_1955_SA_SU2012_JB_04 @Prag:RecuDiscurso:GanarTiempo 
"<,>"
	"," Punctuation CM lang:es 00:01:07 00:01:13 tt-2094 AF054_1955_SA_SU2012_JB_04 
"<fiesta>"
	"fiesta" Noun NC Singular lang:es 00:01:07 00:01:13 tt-2095 AF054_1955_SA_SU2012_JB_04 
"<chiquita>"
	"chico" Adjective ADJ Singular lang:es 00:01:07 00:01:13 tt-2096 AF054_1955_SA_SU2012_JB_04 
"<con>"
	"con" Preposition PREP lang:es 00:01:07 00:01:13 tt-2097 AF054_1955_SA_SU2012_JB_04 @Gram:Prep 
"<ellos>"
	"él" Pronoun PPX Plural lang:es 00:01:07 00:01:13 tt-2098 AF054_1955_SA_SU2012_JB_04 @Gram:Pron:Sujeto 
"<porque>"
	"porque" Conjunction CSUBX lang:es 00:01:07 00:01:13 tt-2099 AF054_1955_SA_SU2012_JB_04 @Prag:MarcadoresDisc:Causa 
"<no>"
	"no" Adverb NEG lang:es 00:01:13 00:01:20 tt-2100 AF054_1955_SA_SU2012_JB_04 
"<hay>"
	"haber" Verb VHfin Pres Indi Sing 3rd lang:es 00:01:13 00:01:20 tt-2101 AF054_1955_SA_SU2012_JB_04 @Gram:Haber:Exist 
"<nadie>"
	"nadie" Noun NC Singular lang:es 00:01:13 00:01:20 tt-2102 AF054_1955_SA_SU2012_JB_04 
"<en>"
	"en" Preposition PREP lang:es 00:01:13 00:01:20 tt-2103 AF054_1955_SA_SU2012_JB_04 @Gram:Prep 
"<el>"
	"el" Determiner ART Singular Masc lang:es 00:01:13 00:01:20 tt-2104 AF054_1955_SA_SU2012_JB_04 @Gram:Det:Art 
"<...>"
	"..." Punctuation DOTS lang:es 00:01:13 00:01:20 tt-2105 AF054_1955_SA_SU2012_JB_04 
"<en>"
	"en" Preposition PREP lang:es 00:01:13 00:01:20 tt-2106 AF054_1955_SA_SU2012_JB_04 @Gram:Prep 
"<el>"
	"el" Determiner ART Singular Masc lang:es 00:01:13 00:01:20 tt-2107 AF054_1955_SA_SU2012_JB_04 @Gram:Det:Art 
"<parque>"
	"parque" Noun NC Singular lang:es 00:01:13 00:01:20 tt-2108 AF054_1955_SA_SU2012_JB_04 
"<porque>"
	"porque" Conjunction CSUBX lang:es 00:01:13 00:01:20 tt-2109 AF054_1955_SA_SU2012_JB_04 @Prag:MarcadoresDisc:Causa 
"<estaba>"
	"estar" Verb VEfin Imp Indi Sing 1st_or_3rd lang:es 00:01:13 00:01:20 tt-2110 AF054_1955_SA_SU2012_JB_04 @Gram:Imperf @Gram:SerEstar:Estar 
"<mucha>"
	"mucho" Adjective ADJ Singular lang:es 00:01:13 00:01:20 tt-2111 AF054_1955_SA_SU2012_JB_04 
"<lluvia>"
	"lluvia" Noun NC Singular lang:es 00:01:13 00:01:20 tt-2112 AF054_1955_SA_SU2012_JB_04 
"<$.>"
	"." Punctuation FS lang:es 00:01:13 00:01:20 tt-2113 AF054_1955_SA_SU2012_JB_04 

"<Y>"
	"y" Conjunciton Conjunction CC lang:es 00:01:13 00:01:20 tt-2114 AF054_1955_SA_SU2012_JB_04 
"<estamos>"
	"estar" Verb VEfin Pres Indi Plural 1st lang:es 00:01:13 00:01:20 tt-2115 AF054_1955_SA_SU2012_JB_04 @Gram:SerEstar:Estar 
"<y>"
	"y" Conjunciton Conjunction CC lang:es 00:01:13 00:01:20 tt-2116 AF054_1955_SA_SU2012_JB_04 
"<solo>"
	"solo" Adjective ADJ Singular lang:es 00:01:13 00:01:20 tt-2117 AF054_1955_SA_SU2012_JB_04 
<lang code="en">
"<oh>"
	"oh" Other UH lang:en 00:01:13 00:01:20 tt-2118 AF054_1955_SA_SU2012_JB_04 
</lang>
"<vamos>"
	"vamos" Noun NP Plural lang:es 00:01:13 00:01:20 tt-2119 AF054_1955_SA_SU2012_JB_04 
"<a>"
	"a" Preposition PREP lang:es 00:01:13 00:01:20 tt-2120 AF054_1955_SA_SU2012_JB_04 @Gram:Prep 
"<jugar>"
	"jugar" Verb VLinf Infinitive lang:es 00:01:13 00:01:20 tt-2121 AF054_1955_SA_SU2012_JB_04 
"<con>"
	"con" Preposition PREP lang:es 00:01:20 00:01:27 tt-2122 AF054_1955_SA_SU2012_JB_04 @Gram:Prep 
"<Mickey>"
	"UNK" Noun NP Singular lang:es 00:01:20 00:01:27 tt-2123 AF054_1955_SA_SU2012_JB_04 
<lang code="en">
"<Mouse>"
	"Mouse" Noun NP Singular lang:en 00:01:20 00:01:27 tt-2124 AF054_1955_SA_SU2012_JB_04 
</lang>
"<$.>"
	"." Punctuation FS lang:es 00:01:20 00:01:27 tt-2125 AF054_1955_SA_SU2012_JB_04 

"<Y>"
	"y" Conjunciton Conjunction CC lang:es 00:01:20 00:01:27 tt-2126 AF054_1955_SA_SU2012_JB_04 
"<todo>"
	"todo" Determiner QU lang:es 00:01:20 00:01:27 tt-2127 AF054_1955_SA_SU2012_JB_04 @Gram:Det:TodoEsp 
"<lluvia>"
	"lluvia" Noun NC Singular lang:es 00:01:20 00:01:27 tt-2128 AF054_1955_SA_SU2012_JB_04 
"<y>"
	"y" Conjunciton Conjunction CC lang:es 00:01:20 00:01:27 tt-2129 AF054_1955_SA_SU2012_JB_04 
"<todo>"
	"todo" Determiner QU lang:es 00:01:20 00:01:27 tt-2130 AF054_1955_SA_SU2012_JB_04 ID:256 R:Gram:Det:DetCombi:257 
"<eso>"
	"ese" Determiner DM Singular lang:es 00:01:20 00:01:27 tt-2131 AF054_1955_SA_SU2012_JB_04 ID:257 
"<$.>"
	"." Punctuation FS lang:es 00:01:20 00:01:27 tt-2132 AF054_1955_SA_SU2012_JB_04 

"<Y>"
	"y" Conjunciton Conjunction CC lang:es 00:01:20 00:01:27 tt-2133 AF054_1955_SA_SU2012_JB_04 
"<quedamos>"
	"quedar" Verb VLfin Pres_or_Pret Indi Plural 1st lang:es 00:01:20 00:01:27 tt-2134 AF054_1955_SA_SU2012_JB_04 
"<,>"
	"," Punctuation CM lang:es 00:01:20 00:01:27 tt-2135 AF054_1955_SA_SU2012_JB_04 
"<quedamos>"
	"quedar" Verb VLfin Pres_or_Pret Indi Plural 1st lang:es 00:01:20 00:01:27 tt-2136 AF054_1955_SA_SU2012_JB_04 
"<,>"
	"," Punctuation CM lang:es 00:01:20 00:01:27 tt-2137 AF054_1955_SA_SU2012_JB_04 
"<quedamos>"
	"quedar" Verb VLfin Pres_or_Pret Indi Plural 1st lang:es 00:01:20 00:01:27 tt-2138 AF054_1955_SA_SU2012_JB_04 
"<$.>"
	"." Punctuation FS lang:es 00:01:20 00:01:27 tt-2139 AF054_1955_SA_SU2012_JB_04 

"<Y>"
	"y" Conjunciton Conjunction CC lang:es 00:01:20 00:01:27 tt-2140 AF054_1955_SA_SU2012_JB_04 
"<tornando>"
	"tornar" Verb VLger lang:es 00:01:20 00:01:27 tt-2141 AF054_1955_SA_SU2012_JB_04 
"<,>"
	"," Punctuation CM lang:es 00:01:20 00:01:27 tt-2142 AF054_1955_SA_SU2012_JB_04 
"<bien>"
	"bien" Adverb ADV lang:es 00:01:27 00:01:28 tt-2143 AF054_1955_SA_SU2012_JB_04 
"<feo>"
	"feo" Adjective ADJ Singular lang:es 00:01:27 00:01:28 tt-2144 AF054_1955_SA_SU2012_JB_04 
"<$.>"
	"." Punctuation FS lang:es 00:01:27 00:01:28 tt-2145 AF054_1955_SA_SU2012_JB_04 
</speaker>
</text>

