<text id="AF057_1960_SA_SU2012_JB_06">
<speaker type="subj">
"<Mmm>"
	"mmm" Noun NP Singular lang:es 00:00:00 00:00:07 tt-1219 AF057_1960_SA_SU2012_JB_06 
"<...>"
	"..." Punctuation DOTS lang:es 00:00:00 00:00:07 tt-1220 AF057_1960_SA_SU2012_JB_06 
"<me>"
	"yo" Pronoun PPX Singular lang:es 00:00:00 00:00:07 tt-1221 AF057_1960_SA_SU2012_JB_06 @Gram:Pron:Objeto 
"<acuerdo>"
	"acuerdo" Noun NC Singular lang:es 00:00:00 00:00:07 tt-1222 AF057_1960_SA_SU2012_JB_06 
"<mucho>"
	"mucho" Adverb ADV lang:es 00:00:00 00:00:07 tt-1223 AF057_1960_SA_SU2012_JB_06 
"<de>"
	"de" Preposition PREP lang:es 00:00:00 00:00:07 tt-1224 AF057_1960_SA_SU2012_JB_06 @Gram:Prep 
"<mi>"
	"mío" Pronoun PPO Singular lang:es 00:00:00 00:00:07 tt-1225 AF057_1960_SA_SU2012_JB_06 @Gram:Det:Pos 
"<tía>"
	"tío" Noun NC Singular lang:es 00:00:00 00:00:07 tt-1226 AF057_1960_SA_SU2012_JB_06 
"<Silvia>"
	"Silvio" Noun NP Singular lang:es 00:00:00 00:00:07 tt-1227 AF057_1960_SA_SU2012_JB_06 
"<,>"
	"," Punctuation CM lang:es 00:00:00 00:00:07 tt-1228 AF057_1960_SA_SU2012_JB_06 
"<que>"
	"que" Conjunction CQUE lang:es 00:00:00 00:00:07 tt-1229 AF057_1960_SA_SU2012_JB_06 
"<era>"
	"ser" Verb VEfin Imp Indi Sing 1st_or_3rd lang:es 00:00:00 00:00:07 tt-1230 AF057_1960_SA_SU2012_JB_06 @Gram:Imperf @Gram:SerEstar:Ser 
"<una>"
	"un" Determiner ART Singular lang:es 00:00:00 00:00:07 tt-1231 AF057_1960_SA_SU2012_JB_06 
<lang code="en">
"<mentor>"
	"mentor" Noun NN lang:en 00:00:00 00:00:07 tt-1232 AF057_1960_SA_SU2012_JB_06 
</lang>
"<mucho>"
	"mucho" Adverb ADV lang:es 00:00:00 00:00:07 tt-1233 AF057_1960_SA_SU2012_JB_06 
"<para>"
	"para" Preposition PREP lang:es 00:00:00 00:00:07 tt-1234 AF057_1960_SA_SU2012_JB_06 @Gram:Prep:Para 
"<mí>"
	"yo" Pronoun PPX Singular lang:es 00:00:00 00:00:07 tt-1235 AF057_1960_SA_SU2012_JB_06 
"<$.>"
	"." Punctuation FS lang:es 00:00:00 00:00:07 tt-1236 AF057_1960_SA_SU2012_JB_06 

"<$¿>"
	"¿" Punctuation FS lang:es 00:00:00 00:00:07 tt-1237 AF057_1960_SA_SU2012_JB_06 
"<Es>"
	"ser" Verb VSfin Pres Indi Sing 3rd lang:es 00:00:00 00:00:07 tt-1238 AF057_1960_SA_SU2012_JB_06 @Gram:SerEstar:Ser ID:20 R:Herit:Contacto:Mixtas:21 
<lang code="en">
"<mentor>"
	"mentor" Noun NN lang:en 00:00:00 00:00:07 tt-1239 AF057_1960_SA_SU2012_JB_06 ID:21 
</lang>
"<,>"
	"," Punctuation CM lang:es 00:00:00 00:00:07 tt-1240 AF057_1960_SA_SU2012_JB_06 
"<es>"
	"ser" Verb VSfin Pres Indi Sing 3rd lang:es 00:00:08 00:00:15 tt-1241 AF057_1960_SA_SU2012_JB_06 @Gram:SerEstar:Ser 
"<palabra>"
	"palabra" Noun NC Singular lang:es 00:00:08 00:00:15 tt-1242 AF057_1960_SA_SU2012_JB_06 
"<española>"
	"español" Noun NC Singular lang:es 00:00:08 00:00:15 tt-1243 AF057_1960_SA_SU2012_JB_06 
"<,>"
	"," Punctuation CM lang:es 00:00:08 00:00:15 tt-1244 AF057_1960_SA_SU2012_JB_06 
"<o>"
	"o" Conjunction CC lang:es 00:00:08 00:00:15 tt-1245 AF057_1960_SA_SU2012_JB_06 
"<es>"
	"ser" Verb VSfin Pres Indi Sing 3rd lang:es 00:00:08 00:00:15 tt-1246 AF057_1960_SA_SU2012_JB_06 @Gram:SerEstar:Ser ID:28 R:Herit:Contacto:Mixtas:29 
<lang code="en">
"<mentor>"
	"mentor" Noun NN lang:en 00:00:08 00:00:15 tt-1247 AF057_1960_SA_SU2012_JB_06 ID:29 
</lang>
"<está>"
	"estar" Verb VEfin Pres Indi Sing 3rd lang:es 00:00:08 00:00:15 tt-1248 AF057_1960_SA_SU2012_JB_06 @Gram:SerEstar:Estar ID:30 R:Gram:SerEstar:EstarAux:31 
"<haciendo>"
	"hacer" Verb VLger lang:es 00:00:08 00:00:15 tt-1249 AF057_1960_SA_SU2012_JB_06 ID:31 R:Herit:Contacto:Mixtas:32 
<lang code="en">
"<mentor>"
	"mentor" Noun NN lang:en 00:00:08 00:00:15 tt-1250 AF057_1960_SA_SU2012_JB_06 ID:32 
"<like>"
	"like" Preposition IN lang:en 00:00:08 00:00:15 tt-1251 AF057_1960_SA_SU2012_JB_06 @Gram:Prep 
</lang>
"<$?>"
	"?" Punctuation FS lang:es 00:00:08 00:00:15 tt-1252 AF057_1960_SA_SU2012_JB_06 

"<[>"
	"[" Punctuation LP lang:es 00:00:08 00:00:15 tt-1253 AF057_1960_SA_SU2012_JB_06 
"<Risas>"
	"UNK" Noun NP Plural lang:es 00:00:08 00:00:15 tt-1254 AF057_1960_SA_SU2012_JB_06 
"<]>"
	"]" Other RP lang:es 00:00:08 00:00:15 tt-1255 AF057_1960_SA_SU2012_JB_06 
"<Lo>"
	"el" Determiner ART Singular lang:es 00:00:08 00:00:15 tt-1256 AF057_1960_SA_SU2012_JB_06 @Gram:Pron:Objeto 
"<estoy>"
	"estar" Verb VEfin Pres Indi Sing 1st lang:es 00:00:08 00:00:15 tt-1257 AF057_1960_SA_SU2012_JB_06 @Gram:SerEstar:Estar ID:39 R:Gram:SerEstar:EstarAux:40 
"<diciendo>"
	"decir" Verb VLger lang:es 00:00:08 00:00:15 tt-1258 AF057_1960_SA_SU2012_JB_06 ID:40 
"<en>"
	"en" Preposition PREP lang:es 00:00:15 00:00:17 tt-1259 AF057_1960_SA_SU2012_JB_06 @Gram:Prep 
"<español>"
	"español" Noun NC Singular lang:es 00:00:15 00:00:17 tt-1260 AF057_1960_SA_SU2012_JB_06 
"<,>"
	"," Punctuation CM lang:es 00:00:15 00:00:17 tt-1261 AF057_1960_SA_SU2012_JB_06 
"<pero>"
	"pero" Conjunction CCAD lang:es 00:00:15 00:00:17 tt-1262 AF057_1960_SA_SU2012_JB_06 @Prag:MarcadoresDisc:Revision 
"<es>"
	"ser" Verb VSfin Pres Indi Sing 3rd lang:es 00:00:15 00:00:17 tt-1263 AF057_1960_SA_SU2012_JB_06 @Gram:SerEstar:Ser 
"<una>"
	"un" Determiner ART Singular lang:es 00:00:15 00:00:17 tt-1264 AF057_1960_SA_SU2012_JB_06 
"<palabra>"
	"palabra" Noun NC Singular lang:es 00:00:15 00:00:17 tt-1265 AF057_1960_SA_SU2012_JB_06 
"<$.>"
	"." Punctuation FS lang:es 00:00:15 00:00:17 tt-1266 AF057_1960_SA_SU2012_JB_06 
</speaker>
<speaker type="int">

"<Está>"
	"estar" Verb VEfin Pres Indi Sing 3rd lang:es 00:00:17 00:00:19 tt-1267 AF057_1960_SA_SU2012_JB_06 @Gram:SerEstar:Estar 
"<bien>"
	"bien" Adverb ADV lang:es 00:00:17 00:00:19 tt-1268 AF057_1960_SA_SU2012_JB_06 
"<$.>"
	"." Punctuation FS lang:es 00:00:17 00:00:19 tt-1269 AF057_1960_SA_SU2012_JB_06 
</speaker>
<speaker type="subj">

"<Maybe>"
	"maybe" Adverb RB lang:en 00:00:19 00:00:23 tt-1270 AF057_1960_SA_SU2012_JB_06 
<lang code="en">
"<it>"
	"it" Pronoun PP lang:en 00:00:19 00:00:23 tt-1271 AF057_1960_SA_SU2012_JB_06 
"<'s>"
	"be" Verb VBZ lang:en 00:00:19 00:00:23 tt-1272 AF057_1960_SA_SU2012_JB_06 
"<both>"
	"both" Determiner DT lang:en 00:00:19 00:00:23 tt-1273 AF057_1960_SA_SU2012_JB_06 
</lang>
"<$.>"
	"." Punctuation FS lang:es 00:00:19 00:00:23 tt-1274 AF057_1960_SA_SU2012_JB_06 
<lang code="en">

"<For>"
	"for" Preposition IN lang:en 00:00:19 00:00:23 tt-1275 AF057_1960_SA_SU2012_JB_06 @Gram:Prep 
"<all>"
	"all" Determiner DT lang:en 00:00:19 00:00:23 tt-1276 AF057_1960_SA_SU2012_JB_06 
"<I>"
	"I" Pronoun PP lang:en 00:00:19 00:00:23 tt-1277 AF057_1960_SA_SU2012_JB_06 
"<know>"
	"know" Verb VBP lang:en 00:00:19 00:00:23 tt-1278 AF057_1960_SA_SU2012_JB_06 
</lang>
"<$.>"
	"." Punctuation FS lang:es 00:00:19 00:00:23 tt-1279 AF057_1960_SA_SU2012_JB_06 

"<[>"
	"[" Punctuation LP lang:es 00:00:19 00:00:23 tt-1280 AF057_1960_SA_SU2012_JB_06 
"<Risas>"
	"UNK" Noun NP Plural lang:es 00:00:19 00:00:23 tt-1281 AF057_1960_SA_SU2012_JB_06 
"<]>"
	"]" Other RP lang:es 00:00:19 00:00:23 tt-1282 AF057_1960_SA_SU2012_JB_06 
</speaker>
<speaker type="int">
"<Uhm>"
	"UNK" Noun NP Singular lang:es 00:00:23 00:00:30 tt-1283 AF057_1960_SA_SU2012_JB_06 
"<...>"
	"..." Punctuation DOTS lang:es 00:00:23 00:00:30 tt-1284 AF057_1960_SA_SU2012_JB_06 
"<me>"
	"yo" Pronoun PPX Singular lang:es 00:00:23 00:00:30 tt-1285 AF057_1960_SA_SU2012_JB_06 @Gram:Pron:Objeto 
"<acuerdo>"
	"acuerdo" Noun NC Singular lang:es 00:00:23 00:00:30 tt-1286 AF057_1960_SA_SU2012_JB_06 
"<mucho>"
	"mucho" Adverb ADV lang:es 00:00:23 00:00:30 tt-1287 AF057_1960_SA_SU2012_JB_06 
"<de>"
	"de" Preposition PREP lang:es 00:00:23 00:00:30 tt-1288 AF057_1960_SA_SU2012_JB_06 @Gram:Prep 
"<ella>"
	"él" Pronoun PPX Singular lang:es 00:00:23 00:00:30 tt-1289 AF057_1960_SA_SU2012_JB_06 @Gram:Pron:Sujeto 
"<,>"
	"," Punctuation CM lang:es 00:00:23 00:00:30 tt-1290 AF057_1960_SA_SU2012_JB_06 
"<porque>"
	"porque" Conjunction CSUBX lang:es 00:00:23 00:00:30 tt-1291 AF057_1960_SA_SU2012_JB_06 @Prag:MarcadoresDisc:Causa 
"<era>"
	"ser" Verb VEfin Imp Indi Sing 1st_or_3rd lang:es 00:00:23 00:00:30 tt-1292 AF057_1960_SA_SU2012_JB_06 @Gram:Imperf @Gram:SerEstar:Ser 
"<,>"
	"," Punctuation CM lang:es 00:00:23 00:00:30 tt-1293 AF057_1960_SA_SU2012_JB_06 
"<es>"
	"ser" Verb VSfin Pres Indi Sing 3rd lang:es 00:00:23 00:00:30 tt-1294 AF057_1960_SA_SU2012_JB_06 @Gram:SerEstar:Ser 
"<,>"
	"," Punctuation CM lang:es 00:00:23 00:00:30 tt-1295 AF057_1960_SA_SU2012_JB_06 
"<era>"
	"ser" Verb VEfin Imp Indi Sing 1st_or_3rd lang:es 00:00:23 00:00:30 tt-1296 AF057_1960_SA_SU2012_JB_06 @Gram:Imperf @Gram:SerEstar:Ser 
"<muy>"
	"muy" Adverb ADV lang:es 00:00:23 00:00:30 tt-1297 AF057_1960_SA_SU2012_JB_06 
"<diver>"
	"UNK" Noun NC Singular lang:es 00:00:23 00:00:30 tt-1298 AF057_1960_SA_SU2012_JB_06 
"<...>"
	"..." Punctuation DOTS lang:es 00:00:23 00:00:30 tt-1299 AF057_1960_SA_SU2012_JB_06 
"<diver>"
	"UNK" Noun NC Singular lang:es 00:00:23 00:00:30 tt-1300 AF057_1960_SA_SU2012_JB_06 
"<...>"
	"..." Punctuation DOTS lang:es 00:00:23 00:00:30 tt-1301 AF057_1960_SA_SU2012_JB_06 
"<diver>"
	"UNK" Noun NC Singular lang:es 00:00:23 00:00:30 tt-1302 AF057_1960_SA_SU2012_JB_06 
"<...>"
	"..." Punctuation DOTS lang:es 00:00:23 00:00:30 tt-1303 AF057_1960_SA_SU2012_JB_06 
"<se>"
	"se" Other SE lang:es 00:00:23 00:00:30 tt-1304 AF057_1960_SA_SU2012_JB_06 @Gram:Pron:Otros 
"<me>"
	"yo" Pronoun PPX Singular lang:es 00:00:23 00:00:30 tt-1305 AF057_1960_SA_SU2012_JB_06 @Gram:Pron:Objeto 
"<está>"
	"estar" Verb VEfin Pres Indi Sing 3rd lang:es 00:00:23 00:00:30 tt-1306 AF057_1960_SA_SU2012_JB_06 @Gram:SerEstar:Estar ID:88 R:Gram:SerEstar:EstarAux:89 
"<trabando>"
	"UNK" Verb VLger lang:es 00:00:30 00:00:37 tt-1307 AF057_1960_SA_SU2012_JB_06 ID:89 
"<esta>"
	"este" Determiner DM Singular lang:es 00:00:30 00:00:37 tt-1308 AF057_1960_SA_SU2012_JB_06 
"<palabra>"
	"palabra" Noun NC Singular lang:es 00:00:30 00:00:37 tt-1309 AF057_1960_SA_SU2012_JB_06 
"<,>"
	"," Punctuation CM lang:es 00:00:30 00:00:37 tt-1310 AF057_1960_SA_SU2012_JB_06 
"<di>"
	"dar|decir" Verb VLfin Pres Command Sing 2nd lang:es 00:00:30 00:00:37 tt-1311 AF057_1960_SA_SU2012_JB_06 @Gram:MImp:Informal 
"<...>"
	"..." Punctuation DOTS lang:es 00:00:30 00:00:37 tt-1312 AF057_1960_SA_SU2012_JB_06 
"<divertida>"
	"divertido" Adjective ADJ Singular lang:es 00:00:30 00:00:37 tt-1313 AF057_1960_SA_SU2012_JB_06 
"<,>"
	"," Punctuation CM lang:es 00:00:30 00:00:37 tt-1314 AF057_1960_SA_SU2012_JB_06 
"<divertida>"
	"divertido" Adjective ADJ Singular lang:es 00:00:30 00:00:37 tt-1315 AF057_1960_SA_SU2012_JB_06 
"<,>"
	"," Punctuation CM lang:es 00:00:30 00:00:37 tt-1316 AF057_1960_SA_SU2012_JB_06 
<lang code="en">
"<ah>"
	"UNK" Noun NP Singular lang:en 00:00:30 00:00:37 tt-1317 AF057_1960_SA_SU2012_JB_06 
</lang>
"<...>"
	"..." Punctuation DOTS lang:es 00:00:30 00:00:37 tt-1318 AF057_1960_SA_SU2012_JB_06 
"<y>"
	"y" Conjunction CC lang:es 00:00:30 00:00:37 tt-1319 AF057_1960_SA_SU2012_JB_06 
"<bien>"
	"bien" Adverb ADV lang:es 00:00:30 00:00:37 tt-1320 AF057_1960_SA_SU2012_JB_06 
"<curiosa>"
	"curioso" Noun NC Singular lang:es 00:00:30 00:00:37 tt-1321 AF057_1960_SA_SU2012_JB_06 
"<,>"
	"," Punctuation CM lang:es 00:00:30 00:00:37 tt-1322 AF057_1960_SA_SU2012_JB_06 
"<era>"
	"ser" Verb VEfin Imp Indi Sing 1st_or_3rd lang:es 00:00:30 00:00:37 tt-1323 AF057_1960_SA_SU2012_JB_06 @Gram:Imperf @Gram:SerEstar:Ser 
"<como>"
	"como" Adverb ADV lang:es 00:00:30 00:00:37 tt-1324 AF057_1960_SA_SU2012_JB_06 
"<tipo>"
	"tipo" Noun NC Singular lang:es 00:00:30 00:00:37 tt-1325 AF057_1960_SA_SU2012_JB_06 
"<Lucille>"
	"UNK" Noun NP Singular lang:es 00:00:30 00:00:37 tt-1326 AF057_1960_SA_SU2012_JB_06 
<lang code="en">
"<Ball>"
	"Ball" Noun NP Singular lang:en 00:00:30 00:00:37 tt-1327 AF057_1960_SA_SU2012_JB_06 
</lang>
"<$.>"
	"." Punctuation FS lang:es 00:00:30 00:00:37 tt-1328 AF057_1960_SA_SU2012_JB_06 

"<[>"
	"[" Punctuation LP lang:es 00:00:37 00:00:44 tt-1329 AF057_1960_SA_SU2012_JB_06 
"<Risas>"
	"UNK" Noun NP Plural lang:es 00:00:37 00:00:44 tt-1330 AF057_1960_SA_SU2012_JB_06 
"<]>"
	"]" Other RP lang:es 00:00:37 00:00:44 tt-1331 AF057_1960_SA_SU2012_JB_06 
"<Y>"
	"y" Conjunction CC lang:es 00:00:37 00:00:44 tt-1332 AF057_1960_SA_SU2012_JB_06 
"<tengo>"
	"tener" Verb VLfin Pres Indi Sing 1st lang:es 00:00:37 00:00:44 tt-1333 AF057_1960_SA_SU2012_JB_06 
"<muchos>"
	"mucho" Determiner QU lang:es 00:00:37 00:00:44 tt-1334 AF057_1960_SA_SU2012_JB_06 
"<memorias>"
	"memoria" Noun NC Plural lang:es 00:00:37 00:00:44 tt-1335 AF057_1960_SA_SU2012_JB_06 
"<muy>"
	"muy" Adverb ADV lang:es 00:00:37 00:00:44 tt-1336 AF057_1960_SA_SU2012_JB_06 
"<felices>"
	"feliz" Adjective ADJ Plural lang:es 00:00:37 00:00:44 tt-1337 AF057_1960_SA_SU2012_JB_06 
"<,>"
	"," Punctuation CM lang:es 00:00:37 00:00:44 tt-1338 AF057_1960_SA_SU2012_JB_06 
"<y>"
	"y" Conjunction CC lang:es 00:00:37 00:00:44 tt-1339 AF057_1960_SA_SU2012_JB_06 
<lang code="en">
"<ah>"
	"UNK" Noun NP Singular lang:en 00:00:37 00:00:44 tt-1340 AF057_1960_SA_SU2012_JB_06 
</lang>
"<...>"
	"..." Punctuation DOTS lang:es 00:00:37 00:00:44 tt-1341 AF057_1960_SA_SU2012_JB_06 
"<curiosos>"
	"curioso" Noun NC Plural lang:es 00:00:37 00:00:44 tt-1342 AF057_1960_SA_SU2012_JB_06 
"<de>"
	"de" Preposition PREP lang:es 00:00:37 00:00:44 tt-1343 AF057_1960_SA_SU2012_JB_06 @Gram:Prep 
"<esos>"
	"ese" Determiner DM Plural lang:es 00:00:37 00:00:44 tt-1344 AF057_1960_SA_SU2012_JB_06 
"<,>"
	"," Punctuation CM lang:es 00:00:37 00:00:44 tt-1345 AF057_1960_SA_SU2012_JB_06 
"<esos>"
	"ese" Determiner DM Plural lang:es 00:00:37 00:00:44 tt-1346 AF057_1960_SA_SU2012_JB_06 
"<días>"
	"día" Noun NC Plural lang:es 00:00:37 00:00:44 tt-1347 AF057_1960_SA_SU2012_JB_06 
"<$.>"
	"." Punctuation FS lang:es 00:00:37 00:00:44 tt-1348 AF057_1960_SA_SU2012_JB_06 

"<Era>"
	"ser" Verb VEfin Imp Indi Sing 1st_or_3rd lang:es 00:00:37 00:00:44 tt-1349 AF057_1960_SA_SU2012_JB_06 @Gram:Imperf @Gram:SerEstar:Ser 
"<,>"
	"," Punctuation CM lang:es 00:00:37 00:00:44 tt-1350 AF057_1960_SA_SU2012_JB_06 
"<vivía>"
	"vivir" Verb VLfin Imp Indi Sing 1st_or_3rd lang:es 00:00:37 00:00:44 tt-1351 AF057_1960_SA_SU2012_JB_06 @Gram:Imperf 
"<bien>"
	"bien" Adverb ADV lang:es 00:00:37 00:00:44 tt-1352 AF057_1960_SA_SU2012_JB_06 
"<cerca>"
	"cerca" Adverb ADV lang:es 00:00:52 00:00:59 tt-1353 AF057_1960_SA_SU2012_JB_06 
"<de>"
	"de" Preposition PREP lang:es 00:00:52 00:00:59 tt-1354 AF057_1960_SA_SU2012_JB_06 @Gram:Prep 
"<mi>"
	"mío" Pronoun PPO Singular lang:es 00:00:52 00:00:59 tt-1355 AF057_1960_SA_SU2012_JB_06 @Gram:Det:Pos 
"<tía>"
	"tío" Noun NC Singular lang:es 00:00:52 00:00:59 tt-1356 AF057_1960_SA_SU2012_JB_06 
"<y>"
	"y" Conjunction CC lang:es 00:00:52 00:00:59 tt-1357 AF057_1960_SA_SU2012_JB_06 
"<me>"
	"yo" Pronoun PPX Singular lang:es 00:00:52 00:00:59 tt-1358 AF057_1960_SA_SU2012_JB_06 @Gram:Pron:Objeto 
"<crie>"
	"UNK" Verb VLfin Pres Subj Sing 1st_or_3rd lang:es 00:00:52 00:00:59 tt-1359 AF057_1960_SA_SU2012_JB_06 @Gram:MSub:Pres 
"<casi>"
	"casi" Adverb ADV lang:es 00:00:52 00:00:59 tt-1360 AF057_1960_SA_SU2012_JB_06 
"<en>"
	"en" Preposition PREP lang:es 00:00:52 00:00:59 tt-1361 AF057_1960_SA_SU2012_JB_06 @Gram:Prep 
"<su>"
	"suyo" Pronoun PPO Singular lang:es 00:00:52 00:00:59 tt-1362 AF057_1960_SA_SU2012_JB_06 @Gram:Det:Pos 
"<casa>"
	"casa" Noun NC Singular lang:es 00:00:52 00:00:59 tt-1363 AF057_1960_SA_SU2012_JB_06 
"<,>"
	"," Punctuation CM lang:es 00:00:52 00:00:59 tt-1364 AF057_1960_SA_SU2012_JB_06 
"<con>"
	"con" Preposition PREP lang:es 00:00:52 00:00:59 tt-1365 AF057_1960_SA_SU2012_JB_06 @Gram:Prep 
"<su>"
	"suyo" Pronoun PPO Singular lang:es 00:00:52 00:00:59 tt-1366 AF057_1960_SA_SU2012_JB_06 @Gram:Det:Pos 
"<,>"
	"," Punctuation CM lang:es 00:00:52 00:00:59 tt-1367 AF057_1960_SA_SU2012_JB_06 
"<con>"
	"con" Preposition PREP lang:es 00:00:52 00:00:59 tt-1368 AF057_1960_SA_SU2012_JB_06 @Gram:Prep 
"<su>"
	"suyo" Pronoun PPO Singular lang:es 00:00:52 00:00:59 tt-1369 AF057_1960_SA_SU2012_JB_06 @Gram:Det:Pos 
"<otra>"
	"otro" Determiner QU lang:es 00:00:52 00:00:59 tt-1370 AF057_1960_SA_SU2012_JB_06 
"<hija>"
	"hijo" Noun NC Singular lang:es 00:00:52 00:00:59 tt-1371 AF057_1960_SA_SU2012_JB_06 
"<,>"
	"," Punctuation CM lang:es 00:00:52 00:00:59 tt-1372 AF057_1960_SA_SU2012_JB_06 
"<que>"
	"que" Conjunction CQUE lang:es 00:00:52 00:00:59 tt-1373 AF057_1960_SA_SU2012_JB_06 
"<era>"
	"ser" Verb VEfin Imp Indi Sing 1st_or_3rd lang:es 00:00:52 00:00:59 tt-1374 AF057_1960_SA_SU2012_JB_06 @Gram:Imperf @Gram:SerEstar:Ser 
"<mi>"
	"mío" Pronoun PPO Singular lang:es 00:00:52 00:00:59 tt-1375 AF057_1960_SA_SU2012_JB_06 @Gram:Det:Pos 
"<prima>"
	"primo" Adjective ADJ Singular lang:es 00:00:52 00:00:59 tt-1376 AF057_1960_SA_SU2012_JB_06 
"<hermana>"
	"hermano" Noun NC Singular lang:es 00:00:52 00:00:59 tt-1377 AF057_1960_SA_SU2012_JB_06 
"<,>"
	"," Punctuation CM lang:es 00:00:52 00:00:59 tt-1378 AF057_1960_SA_SU2012_JB_06 
"<y>"
	"y" Conjunction CC lang:es 00:00:52 00:00:59 tt-1379 AF057_1960_SA_SU2012_JB_06 
"<era>"
	"ser" Verb VEfin Imp Indi Sing 1st_or_3rd lang:es 00:00:52 00:00:59 tt-1380 AF057_1960_SA_SU2012_JB_06 @Gram:Imperf @Gram:SerEstar:Ser 
"<...>"
	"..." Punctuation DOTS lang:es 00:00:52 00:00:59 tt-1381 AF057_1960_SA_SU2012_JB_06 
"<la>"
	"el" Determiner ART Singular lang:es 00:01:47 00:01:54 tt-1382 AF057_1960_SA_SU2012_JB_06 @Gram:Det:Art 
"<hermana>"
	"hermano" Noun NC Singular lang:es 00:01:47 00:01:54 tt-1383 AF057_1960_SA_SU2012_JB_06 
"<de>"
	"de" Preposition PREP lang:es 00:01:47 00:01:54 tt-1384 AF057_1960_SA_SU2012_JB_06 @Gram:Prep 
"<mi>"
	"mío" Pronoun PPO Singular lang:es 00:01:47 00:01:54 tt-1385 AF057_1960_SA_SU2012_JB_06 @Gram:Det:Pos 
"<papá>"
	"papá" Noun NC Singular lang:es 00:01:47 00:01:54 tt-1386 AF057_1960_SA_SU2012_JB_06 
"<,>"
	"," Punctuation CM lang:es 00:01:47 00:01:54 tt-1387 AF057_1960_SA_SU2012_JB_06 
"<la>"
	"el" Determiner ART Singular lang:es 00:01:47 00:01:54 tt-1388 AF057_1960_SA_SU2012_JB_06 @Gram:Det:Art 
"<menor>"
	"pequeño" Adjective ADJ Singular lang:es 00:01:47 00:01:54 tt-1389 AF057_1960_SA_SU2012_JB_06 
"<de>"
	"de" Preposition PREP lang:es 00:01:47 00:01:54 tt-1390 AF057_1960_SA_SU2012_JB_06 @Gram:Prep 
"<mi>"
	"mío" Pronoun PPO Singular lang:es 00:01:47 00:01:54 tt-1391 AF057_1960_SA_SU2012_JB_06 @Gram:Det:Pos 
"<papá>"
	"papá" Noun NC Singular lang:es 00:01:47 00:01:54 tt-1392 AF057_1960_SA_SU2012_JB_06 
"<$.>"
	"." Punctuation FS lang:es 00:01:47 00:01:54 tt-1393 AF057_1960_SA_SU2012_JB_06 

"<Y>"
	"y" Conjunction CC lang:es 00:01:47 00:01:54 tt-1394 AF057_1960_SA_SU2012_JB_06 
<lang code="en">
"<ah>"
	"UNK" Noun NP Singular lang:en 00:01:47 00:01:54 tt-1395 AF057_1960_SA_SU2012_JB_06 
</lang>
"<...>"
	"..." Punctuation DOTS lang:es 00:01:47 00:01:54 tt-1396 AF057_1960_SA_SU2012_JB_06 
"<y>"
	"y" Conjunction CC lang:es 00:01:47 00:01:54 tt-1397 AF057_1960_SA_SU2012_JB_06 
"<tengo>"
	"tener" Verb VLfin Pres Indi Sing 1st lang:es 00:01:47 00:01:54 tt-1398 AF057_1960_SA_SU2012_JB_06 
"<muchas>"
	"mucho" Determiner QU lang:es 00:01:47 00:01:54 tt-1399 AF057_1960_SA_SU2012_JB_06 
"<memorias>"
	"memoria" Noun NC Plural lang:es 00:01:47 00:01:54 tt-1400 AF057_1960_SA_SU2012_JB_06 
"<buenas>"
	"bueno" Adjective ADJ Plural lang:es 00:01:47 00:01:54 tt-1401 AF057_1960_SA_SU2012_JB_06 
"<de>"
	"de" Preposition PREP lang:es 00:01:47 00:01:54 tt-1402 AF057_1960_SA_SU2012_JB_06 @Gram:Prep 
"<ellas>"
	"él" Pronoun PPX Plural lang:es 00:01:47 00:01:54 tt-1403 AF057_1960_SA_SU2012_JB_06 @Gram:Pron:Sujeto 
"<$.>"
	"." Punctuation FS lang:es 00:01:47 00:01:54 tt-1404 AF057_1960_SA_SU2012_JB_06 

"<Me>"
	"yo" Pronoun PPX Singular lang:es 00:01:47 00:01:54 tt-1405 AF057_1960_SA_SU2012_JB_06 @Gram:Pron:Objeto 
"<enseñó>"
	"enseñar" Verb VLfin Pret Indi Sing 3rd lang:es 00:02:00 00:02:07 tt-1406 AF057_1960_SA_SU2012_JB_06 @Gram:Indefinido 
"<cómo>"
	"cómo" Adverb ADV lang:es 00:02:00 00:02:07 tt-1407 AF057_1960_SA_SU2012_JB_06 
"<...>"
	"..." Punctuation DOTS lang:es 00:02:00 00:02:07 tt-1408 AF057_1960_SA_SU2012_JB_06 
"<cómo>"
	"cómo" Adverb ADV lang:es 00:02:00 00:02:07 tt-1409 AF057_1960_SA_SU2012_JB_06 
"<montar>"
	"montar" Verb VLinf Infinitive lang:es 00:02:00 00:02:07 tt-1410 AF057_1960_SA_SU2012_JB_06 
"<la>"
	"el" Determiner ART Singular lang:es 00:02:00 00:02:07 tt-1411 AF057_1960_SA_SU2012_JB_06 @Gram:Det:Art 
"<bicicleta>"
	"bicicleta" Noun NC Singular lang:es 00:02:00 00:02:07 tt-1412 AF057_1960_SA_SU2012_JB_06 
"<,>"
	"," Punctuation CM lang:es 00:02:00 00:02:07 tt-1413 AF057_1960_SA_SU2012_JB_06 
"<y>"
	"y" Conjunction CC lang:es 00:02:00 00:02:07 tt-1414 AF057_1960_SA_SU2012_JB_06 
"<cocinar>"
	"cocinar" Verb VLinf Infinitive lang:es 00:02:00 00:02:07 tt-1415 AF057_1960_SA_SU2012_JB_06 
"<,>"
	"," Punctuation CM lang:es 00:02:00 00:02:07 tt-1416 AF057_1960_SA_SU2012_JB_06 
"<ella>"
	"él" Pronoun PPX Singular lang:es 00:02:00 00:02:07 tt-1417 AF057_1960_SA_SU2012_JB_06 @Gram:Pron:Sujeto 
"<es>"
	"ser" Verb VSfin Pres Indi Sing 3rd lang:es 00:02:00 00:02:07 tt-1418 AF057_1960_SA_SU2012_JB_06 @Gram:SerEstar:Ser 
"<más>"
	"más" Adverb ADV lang:es 00:02:00 00:02:07 tt-1419 AF057_1960_SA_SU2012_JB_06 
"<,>"
	"," Punctuation CM lang:es 00:02:00 00:02:07 tt-1420 AF057_1960_SA_SU2012_JB_06 
"<hizo>"
	"hacer" Verb VLfin Pres Indi Sing 1st lang:es 00:02:00 00:02:07 tt-1421 AF057_1960_SA_SU2012_JB_06 
"<un>"
	"un" Determiner ART Singular lang:es 00:02:00 00:02:07 tt-1422 AF057_1960_SA_SU2012_JB_06 
"<libro>"
	"libro" Noun NC Singular lang:es 00:02:00 00:02:07 tt-1423 AF057_1960_SA_SU2012_JB_06 
"<de>"
	"de" Preposition PREP lang:es 00:02:00 00:02:07 tt-1424 AF057_1960_SA_SU2012_JB_06 @Gram:Prep 
"<,>"
	"," Punctuation CM lang:es 00:02:00 00:02:07 tt-1425 AF057_1960_SA_SU2012_JB_06 
"<de>"
	"de" Preposition PREP lang:es 00:02:11 00:02:18 tt-1426 AF057_1960_SA_SU2012_JB_06 @Gram:Prep 
"<antes>"
	"antes" Adverb ADV lang:es 00:02:11 00:02:18 tt-1427 AF057_1960_SA_SU2012_JB_06 
"<de>"
	"de" Preposition PREP lang:es 00:02:11 00:02:18 tt-1428 AF057_1960_SA_SU2012_JB_06 @Gram:Prep 
"<que>"
	"que" Conjunction CQUE lang:es 00:02:11 00:02:18 tt-1429 AF057_1960_SA_SU2012_JB_06 
"<se>"
	"se" Other SE lang:es 00:02:11 00:02:18 tt-1430 AF057_1960_SA_SU2012_JB_06 
"<murió>"
	"morir" Verb VLfin Pret Indi Sing 3rd lang:es 00:02:11 00:02:18 tt-1431 AF057_1960_SA_SU2012_JB_06 @Gram:Indefinido 
"<,>"
	"," Punctuation CM lang:es 00:02:11 00:02:18 tt-1432 AF057_1960_SA_SU2012_JB_06 
"<y>"
	"y" Conjunction CC lang:es 00:02:11 00:02:18 tt-1433 AF057_1960_SA_SU2012_JB_06 
"<antes>"
	"antes" Adverb ADV lang:es 00:02:11 00:02:18 tt-1434 AF057_1960_SA_SU2012_JB_06 
"<,>"
	"," Punctuation CM lang:es 00:02:11 00:02:18 tt-1435 AF057_1960_SA_SU2012_JB_06 
"<se>"
	"se" Other SE lang:es 00:02:11 00:02:18 tt-1436 AF057_1960_SA_SU2012_JB_06 
"<murió>"
	"morir" Verb VLfin Pret Indi Sing 3rd lang:es 00:02:11 00:02:18 tt-1437 AF057_1960_SA_SU2012_JB_06 @Gram:Indefinido 
"<de>"
	"de" Preposition PREP lang:es 00:02:11 00:02:18 tt-1438 AF057_1960_SA_SU2012_JB_06 @Gram:Prep 
"<sorpresa>"
	"sorpresa" Noun NC Singular lang:es 00:02:11 00:02:18 tt-1439 AF057_1960_SA_SU2012_JB_06 
"<,>"
	"," Punctuation CM lang:es 00:02:11 00:02:18 tt-1440 AF057_1960_SA_SU2012_JB_06 
"<pero>"
	"pero" Conjunction CCAD lang:es 00:02:11 00:02:18 tt-1441 AF057_1960_SA_SU2012_JB_06 @Prag:MarcadoresDisc:Revision 
"<...>"
	"..." Punctuation DOTS lang:es 00:02:11 00:02:18 tt-1442 AF057_1960_SA_SU2012_JB_06 
"<y>"
	"y" Conjunction CC lang:es 00:02:11 00:02:18 tt-1443 AF057_1960_SA_SU2012_JB_06 
"<había>"
	"haber" Verb VHfin Imp Indi Sing 1st_or_3rd lang:es 00:02:11 00:02:18 tt-1444 AF057_1960_SA_SU2012_JB_06 ID:226 R:Gram:SerEstar:Ser:227 
"<sido>"
	"ser" Verb VSadj Participle lang:es 00:02:11 00:02:18 tt-1445 AF057_1960_SA_SU2012_JB_06 ID:227 
"<un>"
	"un" Determiner ART Singular lang:es 00:02:26 00:02:33 tt-1446 AF057_1960_SA_SU2012_JB_06 
"<libro>"
	"libro" Noun NC Singular lang:es 00:02:26 00:02:33 tt-1447 AF057_1960_SA_SU2012_JB_06 
"<de>"
	"de" Preposition PREP lang:es 00:02:26 00:02:33 tt-1448 AF057_1960_SA_SU2012_JB_06 @Gram:Prep 
<lang code="en">
"<cook>"
	"cook" Noun NN lang:en 00:02:26 00:02:33 tt-1449 AF057_1960_SA_SU2012_JB_06 
</lang>
"<,>"
	"," Punctuation CM lang:es 00:02:26 00:02:33 tt-1450 AF057_1960_SA_SU2012_JB_06 
"<de>"
	"de" Preposition PREP lang:es 00:02:26 00:02:33 tt-1451 AF057_1960_SA_SU2012_JB_06 @Gram:Prep 
"<,>"
	"," Punctuation CM lang:es 00:02:26 00:02:33 tt-1452 AF057_1960_SA_SU2012_JB_06 
"<de>"
	"de" Preposition PREP lang:es 00:02:26 00:02:33 tt-1453 AF057_1960_SA_SU2012_JB_06 @Gram:Prep 
"<cocinar>"
	"cocinar" Verb VLinf Infinitive lang:es 00:02:26 00:02:33 tt-1454 AF057_1960_SA_SU2012_JB_06 
"<,>"
	"," Punctuation CM lang:es 00:02:26 00:02:33 tt-1455 AF057_1960_SA_SU2012_JB_06 
"<y>"
	"y" Conjunction CC lang:es 00:02:26 00:02:33 tt-1456 AF057_1960_SA_SU2012_JB_06 
"<era>"
	"ser" Verb VEfin Imp Indi Sing 1st_or_3rd lang:es 00:02:26 00:02:33 tt-1457 AF057_1960_SA_SU2012_JB_06 @Gram:Imperf @Gram:SerEstar:Ser 
"<muy>"
	"muy" Adverb ADV lang:es 00:02:26 00:02:33 tt-1458 AF057_1960_SA_SU2012_JB_06 
"<curiosa>"
	"curioso" Adjective ADJ Singular lang:es 00:02:26 00:02:33 tt-1459 AF057_1960_SA_SU2012_JB_06 
"<,>"
	"," Punctuation CM lang:es 00:02:26 00:02:33 tt-1460 AF057_1960_SA_SU2012_JB_06 
"<y>"
	"y" Conjunction CC lang:es 00:02:26 00:02:33 tt-1461 AF057_1960_SA_SU2012_JB_06 
"<como>"
	"como" Conjunction CSUBX lang:es 00:02:26 00:02:33 tt-1462 AF057_1960_SA_SU2012_JB_06 
"<ella>"
	"él" Pronoun PPX Singular lang:es 00:02:26 00:02:33 tt-1463 AF057_1960_SA_SU2012_JB_06 @Gram:Pron:Sujeto 
"<se>"
	"se" Other SE lang:es 00:02:26 00:02:33 tt-1464 AF057_1960_SA_SU2012_JB_06 
"<crio>"
	"UNK" Verb VLfin Pres Indi Sing 1st lang:es 00:02:26 00:02:33 tt-1465 AF057_1960_SA_SU2012_JB_06 
"<con>"
	"con" Preposition PREP lang:es 00:02:26 00:02:33 tt-1466 AF057_1960_SA_SU2012_JB_06 @Gram:Prep 
"<gente>"
	"gente" Noun NC Singular lang:es 00:02:26 00:02:33 tt-1467 AF057_1960_SA_SU2012_JB_06 
"<que>"
	"que" Conjunction CQUE lang:es 00:02:26 00:02:33 tt-1468 AF057_1960_SA_SU2012_JB_06 
"<la>"
	"él" Pronoun PPC Singular lang:es 00:02:26 00:02:33 tt-1469 AF057_1960_SA_SU2012_JB_06 @Gram:Pron:Objeto 
"<ayudaba>"
	"ayudar" Verb VLfin Imp Indi Sing 1st_or_3rd lang:es 00:02:26 00:02:33 tt-1470 AF057_1960_SA_SU2012_JB_06 @Gram:Imperf 
"<,>"
	"," Punctuation CM lang:es 00:02:26 00:02:33 tt-1471 AF057_1960_SA_SU2012_JB_06 
"<las>"
	"el" Determiner ART Plural lang:es 00:02:48 00:02:55 tt-1472 AF057_1960_SA_SU2012_JB_06 @Gram:Det:Art 
"<criadas>"
	"criado" Noun NC Plural lang:es 00:02:48 00:02:55 tt-1473 AF057_1960_SA_SU2012_JB_06 
"<,>"
	"," Punctuation CM lang:es 00:02:48 00:02:55 tt-1474 AF057_1960_SA_SU2012_JB_06 
"<le>"
	"él" Pronoun PPC Singular lang:es 00:02:48 00:02:55 tt-1475 AF057_1960_SA_SU2012_JB_06 @Gram:Pron:Objeto 
"<decían>"
	"decir" Verb VLfin Imp Indi Plural 3rd lang:es 00:02:48 00:02:55 tt-1476 AF057_1960_SA_SU2012_JB_06 @Gram:Imperf 
"<maids>"
	"UNK" Noun NC Plural lang:es 00:02:48 00:02:55 tt-1477 AF057_1960_SA_SU2012_JB_06 
<lang code="en">
"<I>"
	"I" Pronoun PP lang:en 00:02:48 00:02:55 tt-1478 AF057_1960_SA_SU2012_JB_06 
</lang>
"<don>"
	"don" Noun NC Singular lang:es 00:02:48 00:02:55 tt-1479 AF057_1960_SA_SU2012_JB_06 
<lang code="en">
"<>"
	"Error" Other Error lang:en 00:02:30 00:02:55 tt-1480 AF057_1960_SA_SU2012_JB_06 
"<'t>"
	"UNK" Noun NN lang:en 00:02:48 00:02:55 tt-1481 AF057_1960_SA_SU2012_JB_06 
"<know>"
	"know" Verb VBP lang:en 00:02:48 00:02:55 tt-1482 AF057_1960_SA_SU2012_JB_06 
</lang>
"<$.>"
	"." Punctuation FS lang:es 00:02:48 00:02:55 tt-1483 AF057_1960_SA_SU2012_JB_06 
<lang code="en">

"<If>"
	"if" Preposition IN lang:en 00:02:48 00:02:55 tt-1484 AF057_1960_SA_SU2012_JB_06 @Gram:Prep 
"<that>"
	"that" Determiner DT lang:en 00:02:48 00:02:55 tt-1485 AF057_1960_SA_SU2012_JB_06 
"<'s>"
	"be" Verb VBZ lang:en 00:02:48 00:02:55 tt-1486 AF057_1960_SA_SU2012_JB_06 
"<too>"
	"too" Adverb RB lang:en 00:02:48 00:02:55 tt-1487 AF057_1960_SA_SU2012_JB_06 
"<ah>"
	"UNK" Noun NN lang:en 00:02:48 00:02:55 tt-1488 AF057_1960_SA_SU2012_JB_06 
</lang>
"<...>"
	"..." Punctuation DOTS lang:es 00:02:48 00:02:55 tt-1489 AF057_1960_SA_SU2012_JB_06 
<lang code="en">
"<whatever>"
	"whatever" Other WDT lang:en 00:02:48 00:02:55 tt-1490 AF057_1960_SA_SU2012_JB_06 
</lang>
"<,>"
	"," Punctuation CM lang:es 00:02:48 00:02:55 tt-1491 AF057_1960_SA_SU2012_JB_06 
"<pompous>"
	"UNK" Noun NC Plural lang:es 00:02:48 00:02:55 tt-1492 AF057_1960_SA_SU2012_JB_06 
"<,>"
	"," Punctuation CM lang:es 00:02:48 00:02:55 tt-1493 AF057_1960_SA_SU2012_JB_06 
<lang code="en">
"<whatever>"
	"whatever" Other WDT lang:en 00:02:48 00:02:55 tt-1494 AF057_1960_SA_SU2012_JB_06 
</lang>
"<$.>"
	"." Punctuation FS lang:es 00:02:48 00:02:55 tt-1495 AF057_1960_SA_SU2012_JB_06 
<lang code="en">

"<But>"
	"but" Conjunction CC lang:en 00:02:57 00:03:04 tt-1496 AF057_1960_SA_SU2012_JB_06 
</lang>
"<,>"
	"," Punctuation CM lang:es 00:02:57 00:03:04 tt-1497 AF057_1960_SA_SU2012_JB_06 
"<uhm>"
	"UNK" Noun NP Singular lang:es 00:02:57 00:03:04 tt-1498 AF057_1960_SA_SU2012_JB_06 
"<...>"
	"..." Punctuation DOTS lang:es 00:02:57 00:03:04 tt-1499 AF057_1960_SA_SU2012_JB_06 
"<la>"
	"el" Determiner ART Singular lang:es 00:02:57 00:03:04 tt-1500 AF057_1960_SA_SU2012_JB_06 @Gram:Det:Art 
"<gente>"
	"gente" Noun NC Singular lang:es 00:02:57 00:03:04 tt-1501 AF057_1960_SA_SU2012_JB_06 
"<,>"
	"," Punctuation CM lang:es 00:02:57 00:03:04 tt-1502 AF057_1960_SA_SU2012_JB_06 
"<la>"
	"el" Determiner ART Singular lang:es 00:02:57 00:03:04 tt-1503 AF057_1960_SA_SU2012_JB_06 @Gram:Det:Art 
"<...>"
	"..." Punctuation DOTS lang:es 00:02:57 00:03:04 tt-1504 AF057_1960_SA_SU2012_JB_06 
"<que>"
	"que" Conjunction CQUE lang:es 00:02:57 00:03:04 tt-1505 AF057_1960_SA_SU2012_JB_06 
"<eran>"
	"ser" Verb VSfin Imp Indi Plural 3rd lang:es 00:02:57 00:03:04 tt-1506 AF057_1960_SA_SU2012_JB_06 @Gram:SerEstar:Ser 
"<casi>"
	"casi" Adverb ADV lang:es 00:02:57 00:03:04 tt-1507 AF057_1960_SA_SU2012_JB_06 
"<,>"
	"," Punctuation CM lang:es 00:02:57 00:03:04 tt-1508 AF057_1960_SA_SU2012_JB_06 
"<casi>"
	"casi" Adverb ADV lang:es 00:02:57 00:03:04 tt-1509 AF057_1960_SA_SU2012_JB_06 
"<sus>"
	"suyo" Pronoun PPO Plural lang:es 00:02:57 00:03:04 tt-1510 AF057_1960_SA_SU2012_JB_06 @Gram:Det:Pos 
"<hijas>"
	"hijo" Noun NC Plural lang:es 00:02:57 00:03:04 tt-1511 AF057_1960_SA_SU2012_JB_06 
"<también>"
	"también" Adverb ADV lang:es 00:02:57 00:03:04 tt-1512 AF057_1960_SA_SU2012_JB_06 @Prag:MarcadoresDisc:Igualdad 
"<,>"
	"," Punctuation CM lang:es 00:02:57 00:03:04 tt-1513 AF057_1960_SA_SU2012_JB_06 
"<y>"
	"y" Conjunction CC lang:es 00:02:57 00:03:04 tt-1514 AF057_1960_SA_SU2012_JB_06 
"<sus>"
	"suyo" Pronoun PPO Plural lang:es 00:02:57 00:03:04 tt-1515 AF057_1960_SA_SU2012_JB_06 @Gram:Det:Pos 
"<madres>"
	"madre" Noun NC Plural lang:es 00:02:57 00:03:04 tt-1516 AF057_1960_SA_SU2012_JB_06 
"<,>"
	"," Punctuation CM lang:es 00:02:57 00:03:04 tt-1517 AF057_1960_SA_SU2012_JB_06 
"<dependía>"
	"depender" Verb VLfin Imp Indi Sing 1st_or_3rd lang:es 00:02:57 00:03:04 tt-1518 AF057_1960_SA_SU2012_JB_06 @Gram:Imperf 
"<que>"
	"que" Conjunction CQUE lang:es 00:02:57 00:03:04 tt-1519 AF057_1960_SA_SU2012_JB_06 
"<,>"
	"," Punctuation CM lang:es 00:02:57 00:03:04 tt-1520 AF057_1960_SA_SU2012_JB_06 
"<que>"
	"que" Conjunction CQUE lang:es 00:02:57 00:03:04 tt-1521 AF057_1960_SA_SU2012_JB_06 
"<edad>"
	"edad" Noun NC Singular lang:es 00:02:57 00:03:04 tt-1522 AF057_1960_SA_SU2012_JB_06 
"<tenían>"
	"tener" Verb VLfin Imp Indi Plural 3rd lang:es 00:03:11 00:03:18 tt-1523 AF057_1960_SA_SU2012_JB_06 @Gram:Imperf 
"<$.>"
	"." Punctuation FS lang:es 00:03:11 00:03:18 tt-1524 AF057_1960_SA_SU2012_JB_06 

"<Ella>"
	"él" Pronoun PPX Singular lang:es 00:03:11 00:03:18 tt-1525 AF057_1960_SA_SU2012_JB_06 @Gram:Pron:Sujeto 
<lang code="en">
"<ah>"
	"UNK" Noun NN lang:en 00:03:11 00:03:18 tt-1526 AF057_1960_SA_SU2012_JB_06 
</lang>
"<...>"
	"..." Punctuation DOTS lang:es 00:03:11 00:03:18 tt-1527 AF057_1960_SA_SU2012_JB_06 
"<le>"
	"le" Other PE lang:es 00:03:11 00:03:18 tt-1528 AF057_1960_SA_SU2012_JB_06 
"<,>"
	"," Punctuation CM lang:es 00:03:11 00:03:18 tt-1529 AF057_1960_SA_SU2012_JB_06 
"<siempre>"
	"siempre" Adverb ADV lang:es 00:03:11 00:03:18 tt-1530 AF057_1960_SA_SU2012_JB_06 
"<era>"
	"ser" Verb VEfin Imp Indi Sing 1st_or_3rd lang:es 00:03:11 00:03:18 tt-1531 AF057_1960_SA_SU2012_JB_06 @Gram:Imperf @Gram:SerEstar:Ser 
"<muy>"
	"muy" Adverb ADV lang:es 00:03:11 00:03:18 tt-1532 AF057_1960_SA_SU2012_JB_06 
"<buena>"
	"bueno" Adjective ADJ Singular lang:es 00:03:11 00:03:18 tt-1533 AF057_1960_SA_SU2012_JB_06 
"<de>"
	"de" Preposition PREP lang:es 00:03:11 00:03:18 tt-1534 AF057_1960_SA_SU2012_JB_06 @Gram:Prep 
<lang code="en">
"<instructor>"
	"instructor" Noun NN lang:en 00:03:11 00:03:18 tt-1535 AF057_1960_SA_SU2012_JB_06 
</lang>
"<...>"
	"..." Punctuation DOTS lang:es 00:03:11 00:03:18 tt-1536 AF057_1960_SA_SU2012_JB_06 
"<instructarlas>"
	"UNK" Verb VLinf Infinitive lang:es 00:03:11 00:03:18 tt-1537 AF057_1960_SA_SU2012_JB_06 
"<,>"
	"," Punctuation CM lang:es 00:03:11 00:03:18 tt-1538 AF057_1960_SA_SU2012_JB_06 
"<darles>"
	"dar" Verb VLinf Pres Subj Sing 2nd lang:es 00:03:11 00:03:18 tt-1539 AF057_1960_SA_SU2012_JB_06 @Gram:MSub:Pres 
"<de>"
	"de" Preposition PREP lang:es 00:03:11 00:03:18 tt-1540 AF057_1960_SA_SU2012_JB_06 @Gram:Prep 
"<...>"
	"..." Punctuation DOTS lang:es 00:03:11 00:03:18 tt-1541 AF057_1960_SA_SU2012_JB_06 
"<escribía>"
	"escribir" Verb VLfin Imp Indi Sing 1st_or_3rd lang:es 00:03:11 00:03:18 tt-1542 AF057_1960_SA_SU2012_JB_06 @Gram:Imperf 
"<todo>"
	"todo" Determiner QU lang:es 00:03:31 00:03:38 tt-1543 AF057_1960_SA_SU2012_JB_06 
"<,>"
	"," Punctuation CM lang:es 00:03:31 00:03:38 tt-1544 AF057_1960_SA_SU2012_JB_06 
"<bien>"
	"bien" Adverb ADV lang:es 00:03:31 00:03:38 tt-1545 AF057_1960_SA_SU2012_JB_06 
"<es>"
	"ser" Verb VSfin Pres Indi Sing 3rd lang:es 00:03:31 00:03:38 tt-1546 AF057_1960_SA_SU2012_JB_06 @Gram:SerEstar:Ser 
"<más>"
	"más" Adverb ADV lang:es 00:03:31 00:03:38 tt-1547 AF057_1960_SA_SU2012_JB_06 
"<,>"
	"," Punctuation CM lang:es 00:03:31 00:03:38 tt-1548 AF057_1960_SA_SU2012_JB_06 
"<este>"
	"este" Determiner DM Singular lang:es 00:03:31 00:03:38 tt-1549 AF057_1960_SA_SU2012_JB_06 
"<libro>"
	"libro" Noun NC Singular lang:es 00:03:31 00:03:38 tt-1550 AF057_1960_SA_SU2012_JB_06 
"<lo>"
	"él" Pronoun PPC Singular lang:es 00:03:31 00:03:38 tt-1551 AF057_1960_SA_SU2012_JB_06 @Gram:Pron:Objeto 
"<acaba>"
	"acabar" Verb VLfin Imp Indi Sing 1st_or_3rd lang:es 00:03:31 00:03:38 tt-1552 AF057_1960_SA_SU2012_JB_06 @Gram:Imperf 
"<de>"
	"de" Conjunction CSUBI lang:es 00:03:31 00:03:38 tt-1553 AF057_1960_SA_SU2012_JB_06 
"<abrir>"
	"abrir" Verb VLinf Infinitive lang:es 00:03:31 00:03:38 tt-1554 AF057_1960_SA_SU2012_JB_06 
"<el>"
	"el" Determiner ART Singular lang:es 00:03:31 00:03:38 tt-1555 AF057_1960_SA_SU2012_JB_06 @Gram:Det:Art 
"<otro>"
	"otro" Determiner QU lang:es 00:03:31 00:03:38 tt-1556 AF057_1960_SA_SU2012_JB_06 
"<día>"
	"día" Noun NC Singular lang:es 00:03:31 00:03:38 tt-1557 AF057_1960_SA_SU2012_JB_06 
"<,>"
	"," Punctuation CM lang:es 00:03:31 00:03:38 tt-1558 AF057_1960_SA_SU2012_JB_06 
"<no>"
	"no" Adverb ADV lang:es 00:03:31 00:03:38 tt-1559 AF057_1960_SA_SU2012_JB_06 
"<más>"
	"más" Adverb ADV lang:es 00:03:31 00:03:38 tt-1560 AF057_1960_SA_SU2012_JB_06 
"<para>"
	"para" Preposition PREP lang:es 00:03:31 00:03:38 tt-1561 AF057_1960_SA_SU2012_JB_06 @Gram:Prep:Para 
"<reírme>"
	"reír" Verb VLinf Infinitive lang:es 00:03:31 00:03:38 tt-1562 AF057_1960_SA_SU2012_JB_06 
"<,>"
	"," Punctuation CM lang:es 00:03:31 00:03:38 tt-1563 AF057_1960_SA_SU2012_JB_06 
"<y>"
	"y" Conjunction CC lang:es 00:03:31 00:03:38 tt-1564 AF057_1960_SA_SU2012_JB_06 
"<tenía>"
	"tener" Verb VLfin Imp Indi Sing 1st_or_3rd lang:es 00:03:31 00:03:38 tt-1565 AF057_1960_SA_SU2012_JB_06 @Gram:Imperf 
"<unas>"
	"un" Determiner ART Plural lang:es 00:03:54 00:04:01 tt-1566 AF057_1960_SA_SU2012_JB_06 
"<historias>"
	"historia" Noun NC Plural lang:es 00:03:54 00:04:01 tt-1567 AF057_1960_SA_SU2012_JB_06 
"<bien>"
	"bien" Adverb ADV lang:es 00:03:54 00:04:01 tt-1568 AF057_1960_SA_SU2012_JB_06 
"<curiosas>"
	"curioso" Adjective ADJ Plural lang:es 00:03:54 00:04:01 tt-1569 AF057_1960_SA_SU2012_JB_06 
"<$.>"
	"." Punctuation FS lang:es 00:03:54 00:04:01 tt-1570 AF057_1960_SA_SU2012_JB_06 

"<[>"
	"[" Punctuation LP lang:es 00:03:54 00:04:01 tt-1571 AF057_1960_SA_SU2012_JB_06 
"<Risas>"
	"UNK" Noun NP Plural lang:es 00:03:54 00:04:01 tt-1572 AF057_1960_SA_SU2012_JB_06 
"<]>"
	"]" Other RP lang:es 00:03:54 00:04:01 tt-1573 AF057_1960_SA_SU2012_JB_06 
"<Las>"
	"el" Determiner ART Plural lang:es 00:03:54 00:04:01 tt-1574 AF057_1960_SA_SU2012_JB_06 @Gram:Pron:Objeto 
"<hacía>"
	"hacer" Verb VLfin Imp Indi Sing 1st_or_3rd lang:es 00:03:54 00:04:01 tt-1575 AF057_1960_SA_SU2012_JB_06 @Gram:Imperf 
"<quedar>"
	"quedar" Verb VLinf Infinitive lang:es 00:03:54 00:04:01 tt-1576 AF057_1960_SA_SU2012_JB_06 
"<para>"
	"para" Preposition PREP lang:es 00:03:54 00:04:01 tt-1577 AF057_1960_SA_SU2012_JB_06 @Gram:Prep:Para 
"<ellas>"
	"él" Pronoun PPX Plural lang:es 00:03:54 00:04:01 tt-1578 AF057_1960_SA_SU2012_JB_06 @Gram:Pron:Sujeto 
"<,>"
	"," Punctuation CM lang:es 00:03:54 00:04:01 tt-1579 AF057_1960_SA_SU2012_JB_06 
"<para>"
	"para" Preposition PREP lang:es 00:03:54 00:04:01 tt-1580 AF057_1960_SA_SU2012_JB_06 @Gram:Prep:Para 
"<qué>"
	"qué" Pronoun INT Singular lang:es 00:03:54 00:04:01 tt-1581 AF057_1960_SA_SU2012_JB_06 
"<hacían>"
	"hacer" Verb VLfin Imp Indi Plural 3rd lang:es 00:03:54 00:04:01 tt-1582 AF057_1960_SA_SU2012_JB_06 @Gram:Imperf 
"<cuando>"
	"cuando" Conjunction CSUBX lang:es 00:04:01 00:04:08 tt-1583 AF057_1960_SA_SU2012_JB_06 
"<se>"
	"se" Other SE lang:es 00:04:01 00:04:08 tt-1584 AF057_1960_SA_SU2012_JB_06 
"<levantaban>"
	"levantar" Verb VLfin Imp Indi Plural 3rd lang:es 00:04:01 00:04:08 tt-1585 AF057_1960_SA_SU2012_JB_06 @Gram:Imperf 
"<en>"
	"en" Preposition PREP lang:es 00:04:01 00:04:08 tt-1586 AF057_1960_SA_SU2012_JB_06 @Gram:Prep 
"<la>"
	"el" Determiner ART Singular lang:es 00:04:01 00:04:08 tt-1587 AF057_1960_SA_SU2012_JB_06 @Gram:Det:Art 
"<mañana>"
	"mañana" Noun NC Singular lang:es 00:04:01 00:04:08 tt-1588 AF057_1960_SA_SU2012_JB_06 
"<,>"
	"," Punctuation CM lang:es 00:04:01 00:04:08 tt-1589 AF057_1960_SA_SU2012_JB_06 
"<que>"
	"que" Conjunction CQUE lang:es 00:04:01 00:04:08 tt-1590 AF057_1960_SA_SU2012_JB_06 
"<se>"
	"se" Other SE lang:es 00:04:01 00:04:08 tt-1591 AF057_1960_SA_SU2012_JB_06 
"<ponían>"
	"poner" Verb VLfin Imp Indi Plural 3rd lang:es 00:04:01 00:04:08 tt-1592 AF057_1960_SA_SU2012_JB_06 @Gram:Imperf 
"<su>"
	"suyo" Pronoun PPO Singular lang:es 00:04:01 00:04:08 tt-1593 AF057_1960_SA_SU2012_JB_06 @Gram:Det:Pos 
"<desodorante>"
	"desodorante" Noun NC Singular lang:es 00:04:01 00:04:08 tt-1594 AF057_1960_SA_SU2012_JB_06 
"<,>"
	"," Punctuation CM lang:es 00:04:01 00:04:08 tt-1595 AF057_1960_SA_SU2012_JB_06 
"<y>"
	"y" Conjunction CC lang:es 00:04:01 00:04:08 tt-1596 AF057_1960_SA_SU2012_JB_06 
"<que>"
	"que" Conjunction CQUE lang:es 00:04:01 00:04:08 tt-1597 AF057_1960_SA_SU2012_JB_06 
"<se>"
	"se" Other SE lang:es 00:04:01 00:04:08 tt-1598 AF057_1960_SA_SU2012_JB_06 @Gram:Pron:Otros 
"<fueran>"
	"ser" Verb VSfin Past Subj Plural 3rd lang:es 00:04:01 00:04:08 tt-1599 AF057_1960_SA_SU2012_JB_06 @Gram:SerEstar:Ser 
"<afuera>"
	"afuera" Adverb ADV lang:es 00:04:01 00:04:08 tt-1600 AF057_1960_SA_SU2012_JB_06 
"<a>"
	"a" Preposition PREP lang:es 00:04:13 00:04:20 tt-1601 AF057_1960_SA_SU2012_JB_06 @Gram:Prep 
"<recoger>"
	"recoger" Verb VLinf Infinitive lang:es 00:04:13 00:04:20 tt-1602 AF057_1960_SA_SU2012_JB_06 
"<la>"
	"el" Determiner ART Singular lang:es 00:04:13 00:04:20 tt-1603 AF057_1960_SA_SU2012_JB_06 @Gram:Det:Art 
"<...>"
	"..." Punctuation DOTS lang:es 00:04:13 00:04:20 tt-1604 AF057_1960_SA_SU2012_JB_06 
"<el>"
	"el" Determiner ART Singular lang:es 00:04:13 00:04:20 tt-1605 AF057_1960_SA_SU2012_JB_06 @Gram:Det:Art 
"<periódico>"
	"periódico" Adjective ADJ Singular lang:es 00:04:13 00:04:20 tt-1606 AF057_1960_SA_SU2012_JB_06 
"<$.>"
	"." Punctuation FS lang:es 00:04:13 00:04:20 tt-1607 AF057_1960_SA_SU2012_JB_06 
<lang code="en">

"<I>"
	"I" Pronoun PP lang:en 00:04:13 00:04:20 tt-1608 AF057_1960_SA_SU2012_JB_06 
</lang>
"<don>"
	"don" Noun NC Singular lang:es 00:04:13 00:04:20 tt-1609 AF057_1960_SA_SU2012_JB_06 
<lang code="en">
"<>"
	"Error" Other Error lang:en 00:03:33 00:04:20 tt-1610 AF057_1960_SA_SU2012_JB_06 
"<'t>"
	"UNK" Noun NN lang:en 00:04:13 00:04:20 tt-1611 AF057_1960_SA_SU2012_JB_06 
"<know>"
	"know" Verb VBP lang:en 00:04:13 00:04:20 tt-1612 AF057_1960_SA_SU2012_JB_06 
</lang>
"<,>"
	"," Punctuation CM lang:es 00:04:13 00:04:20 tt-1613 AF057_1960_SA_SU2012_JB_06 
<lang code="en">
"<this>"
	"this" Determiner DT lang:en 00:04:13 00:04:20 tt-1614 AF057_1960_SA_SU2012_JB_06 
"<is>"
	"be" Verb VBZ lang:en 00:04:13 00:04:20 tt-1615 AF057_1960_SA_SU2012_JB_06 
"<kind>"
	"kind" Noun NN lang:en 00:04:13 00:04:20 tt-1616 AF057_1960_SA_SU2012_JB_06 
"<of>"
	"of" Preposition IN lang:en 00:04:13 00:04:20 tt-1617 AF057_1960_SA_SU2012_JB_06 @Gram:Prep 
"<sounding>"
	"sound" Verb VBG lang:en 00:04:13 00:04:20 tt-1618 AF057_1960_SA_SU2012_JB_06 
</lang>
"<a>"
	"a" Preposition PREP lang:es 00:04:13 00:04:20 tt-1619 AF057_1960_SA_SU2012_JB_06 @Gram:Prep 
<lang code="en">
"<little>"
	"little" Adjective JJ lang:en 00:04:13 00:04:20 tt-1620 AF057_1960_SA_SU2012_JB_06 
</lang>
"<tacky>"
	"UNK" Noun NP Singular lang:es 00:04:13 00:04:20 tt-1621 AF057_1960_SA_SU2012_JB_06 
"<$.>"
	"." Punctuation FS lang:es 00:04:13 00:04:20 tt-1622 AF057_1960_SA_SU2012_JB_06 
<lang code="en">

"<Talking>"
	"talk" Verb VBG lang:en 00:04:13 00:04:20 tt-1623 AF057_1960_SA_SU2012_JB_06 
"<about>"
	"about" Preposition IN lang:en 00:04:13 00:04:20 tt-1624 AF057_1960_SA_SU2012_JB_06 @Gram:Prep 
"<house>"
	"house" Noun NN lang:en 00:04:13 00:04:20 tt-1625 AF057_1960_SA_SU2012_JB_06 
"<help>"
	"help" Noun NN lang:en 00:04:13 00:04:20 tt-1626 AF057_1960_SA_SU2012_JB_06 
</lang>
"<$.>"
	"." Punctuation FS lang:es 00:04:13 00:04:20 tt-1627 AF057_1960_SA_SU2012_JB_06 
<lang code="en">

"<But>"
	"but" Conjunction CC lang:en 00:04:26 00:04:33 tt-1628 AF057_1960_SA_SU2012_JB_06 
</lang>
"<anyways>"
	"UNK" Noun NP Plural lang:es 00:04:26 00:04:33 tt-1629 AF057_1960_SA_SU2012_JB_06 
"<,>"
	"," Punctuation CM lang:es 00:04:26 00:04:33 tt-1630 AF057_1960_SA_SU2012_JB_06 
<lang code="en">
"<she>"
	"she" Pronoun PP lang:en 00:04:26 00:04:33 tt-1631 AF057_1960_SA_SU2012_JB_06 
"<was>"
	"be" Verb VBD lang:en 00:04:26 00:04:33 tt-1632 AF057_1960_SA_SU2012_JB_06 
</lang>
"<a>"
	"a" Other PE lang:es 00:04:26 00:04:33 tt-1633 AF057_1960_SA_SU2012_JB_06 
<lang code="en">
"<part>"
	"part" Noun NN lang:en 00:04:26 00:04:33 tt-1634 AF057_1960_SA_SU2012_JB_06 
"<of>"
	"of" Preposition IN lang:en 00:04:26 00:04:33 tt-1635 AF057_1960_SA_SU2012_JB_06 @Gram:Prep 
"<my>"
	"my" Pronoun PP$ lang:en 00:04:26 00:04:33 tt-1636 AF057_1960_SA_SU2012_JB_06 
"<life>"
	"life" Noun NN lang:en 00:04:26 00:04:33 tt-1637 AF057_1960_SA_SU2012_JB_06 
"<and>"
	"and" Conjunction CC lang:en 00:04:26 00:04:33 tt-1638 AF057_1960_SA_SU2012_JB_06 
"<she>"
	"she" Pronoun PP lang:en 00:04:26 00:04:33 tt-1639 AF057_1960_SA_SU2012_JB_06 
"<was>"
	"be" Verb VBD lang:en 00:04:26 00:04:33 tt-1640 AF057_1960_SA_SU2012_JB_06 
"<so>"
	"so" Adverb RB lang:en 00:04:26 00:04:33 tt-1641 AF057_1960_SA_SU2012_JB_06 
"<funny>"
	"funny" Adjective JJ lang:en 00:04:26 00:04:33 tt-1642 AF057_1960_SA_SU2012_JB_06 
"<and>"
	"and" Conjunction CC lang:en 00:04:26 00:04:33 tt-1643 AF057_1960_SA_SU2012_JB_06 
"<I>"
	"I" Pronoun PP lang:en 00:04:26 00:04:33 tt-1644 AF057_1960_SA_SU2012_JB_06 
"<can>"
	"can" Verb MD lang:en 00:04:26 00:04:33 tt-1645 AF057_1960_SA_SU2012_JB_06 
"<show>"
	"show" Verb VB lang:en 00:04:26 00:04:33 tt-1646 AF057_1960_SA_SU2012_JB_06 
"<you>"
	"you" Pronoun PP lang:en 00:04:26 00:04:33 tt-1647 AF057_1960_SA_SU2012_JB_06 
"<the>"
	"the" Determiner DT lang:en 00:04:26 00:04:33 tt-1648 AF057_1960_SA_SU2012_JB_06 
"<book>"
	"book" Noun NN lang:en 00:04:26 00:04:33 tt-1649 AF057_1960_SA_SU2012_JB_06 
"<because>"
	"because" Preposition IN lang:en 00:04:39 00:04:46 tt-1650 AF057_1960_SA_SU2012_JB_06 @Gram:Prep 
"<she>"
	"she" Pronoun PP lang:en 00:04:39 00:04:46 tt-1651 AF057_1960_SA_SU2012_JB_06 
</lang>
"<,>"
	"," Punctuation CM lang:es 00:04:39 00:04:46 tt-1652 AF057_1960_SA_SU2012_JB_06 
<lang code="en">
"<she>"
	"she" Pronoun PP lang:en 00:04:39 00:04:46 tt-1653 AF057_1960_SA_SU2012_JB_06 
"<always>"
	"always" Adverb RB lang:en 00:04:39 00:04:46 tt-1654 AF057_1960_SA_SU2012_JB_06 
"<loved>"
	"love" Verb VBD lang:en 00:04:39 00:04:46 tt-1655 AF057_1960_SA_SU2012_JB_06 
"<her>"
	"her" Pronoun PP$ lang:en 00:04:39 00:04:46 tt-1656 AF057_1960_SA_SU2012_JB_06 
"<house>"
	"house" Noun NN lang:en 00:04:39 00:04:46 tt-1657 AF057_1960_SA_SU2012_JB_06 
"<help>"
	"help" Noun NN lang:en 00:04:39 00:04:46 tt-1658 AF057_1960_SA_SU2012_JB_06 
"<and>"
	"and" Conjunction CC lang:en 00:04:39 00:04:46 tt-1659 AF057_1960_SA_SU2012_JB_06 
"<they>"
	"they" Pronoun PP lang:en 00:04:39 00:04:46 tt-1660 AF057_1960_SA_SU2012_JB_06 
"<always>"
	"always" Adverb RB lang:en 00:04:39 00:04:46 tt-1661 AF057_1960_SA_SU2012_JB_06 
"<loved>"
	"love" Verb VBD lang:en 00:04:39 00:04:46 tt-1662 AF057_1960_SA_SU2012_JB_06 
"<her>"
	"her" Pronoun PP lang:en 00:04:39 00:04:46 tt-1663 AF057_1960_SA_SU2012_JB_06 
</lang>
"<$.>"
	"." Punctuation FS lang:es 00:04:39 00:04:46 tt-1664 AF057_1960_SA_SU2012_JB_06 
<lang code="en">

"<But>"
	"but" Conjunction CC lang:en 00:04:39 00:04:46 tt-1665 AF057_1960_SA_SU2012_JB_06 
"<she>"
	"she" Pronoun PP lang:en 00:04:39 00:04:46 tt-1666 AF057_1960_SA_SU2012_JB_06 
"<had>"
	"have" Verb VBD lang:en 00:04:39 00:04:46 tt-1667 AF057_1960_SA_SU2012_JB_06 
"<one>"
	"one" Other CD lang:en 00:04:39 00:04:46 tt-1668 AF057_1960_SA_SU2012_JB_06 
"<side>"
	"side" Noun NN lang:en 00:04:39 00:04:46 tt-1669 AF057_1960_SA_SU2012_JB_06 
"<of>"
	"of" Preposition IN lang:en 00:04:48 00:04:55 tt-1670 AF057_1960_SA_SU2012_JB_06 @Gram:Prep 
"<the>"
	"the" Determiner DT lang:en 00:04:48 00:04:55 tt-1671 AF057_1960_SA_SU2012_JB_06 
"<book>"
	"book" Noun NN lang:en 00:04:48 00:04:55 tt-1672 AF057_1960_SA_SU2012_JB_06 
"<where>"
	"where" Adverb WRB lang:en 00:04:48 00:04:55 tt-1673 AF057_1960_SA_SU2012_JB_06 
"<it>"
	"it" Pronoun PP lang:en 00:04:48 00:04:55 tt-1674 AF057_1960_SA_SU2012_JB_06 
"<was>"
	"be" Verb VBD lang:en 00:04:48 00:04:55 tt-1675 AF057_1960_SA_SU2012_JB_06 
"<all>"
	"all" Adverb RB lang:en 00:04:48 00:04:55 tt-1676 AF057_1960_SA_SU2012_JB_06 
"<in>"
	"in" Preposition IN lang:en 00:04:48 00:04:55 tt-1677 AF057_1960_SA_SU2012_JB_06 @Gram:Prep 
"<English>"
	"English" Adjective JJ lang:en 00:04:48 00:04:55 tt-1678 AF057_1960_SA_SU2012_JB_06 
"<and>"
	"and" Conjunction CC lang:en 00:04:48 00:04:55 tt-1679 AF057_1960_SA_SU2012_JB_06 
"<then>"
	"then" Adverb RB lang:en 00:04:48 00:04:55 tt-1680 AF057_1960_SA_SU2012_JB_06 
"<you>"
	"you" Pronoun PP lang:en 00:04:48 00:04:55 tt-1681 AF057_1960_SA_SU2012_JB_06 
"<flip>"
	"flip" Verb VB lang:en 00:04:48 00:04:55 tt-1682 AF057_1960_SA_SU2012_JB_06 
"<it>"
	"it" Pronoun PP lang:en 00:04:48 00:04:55 tt-1683 AF057_1960_SA_SU2012_JB_06 
"<which>"
	"which" Other WDT lang:en 00:04:48 00:04:55 tt-1684 AF057_1960_SA_SU2012_JB_06 
"<I>"
	"I" Pronoun PP lang:en 00:04:48 00:04:55 tt-1685 AF057_1960_SA_SU2012_JB_06 
"<have>"
	"have" Verb VBP lang:en 00:04:48 00:04:55 tt-1686 AF057_1960_SA_SU2012_JB_06 
"<it>"
	"it" Pronoun PP lang:en 00:04:48 00:04:55 tt-1687 AF057_1960_SA_SU2012_JB_06 
</lang>
"<,>"
	"," Punctuation CM lang:es 00:04:48 00:04:55 tt-1688 AF057_1960_SA_SU2012_JB_06 
<lang code="en">
"<I>"
	"I" Pronoun PP lang:en 00:04:48 00:04:55 tt-1689 AF057_1960_SA_SU2012_JB_06 
"<could>"
	"could" Verb MD lang:en 00:04:48 00:04:55 tt-1690 AF057_1960_SA_SU2012_JB_06 
"<show>"
	"show" Verb VB lang:en 00:04:59 00:05:06 tt-1691 AF057_1960_SA_SU2012_JB_06 
"<it>"
	"it" Pronoun PP lang:en 00:04:59 00:05:06 tt-1692 AF057_1960_SA_SU2012_JB_06 
"<to>"
	"to" Other TO lang:en 00:04:59 00:05:06 tt-1693 AF057_1960_SA_SU2012_JB_06 
"<you>"
	"you" Pronoun PP lang:en 00:04:59 00:05:06 tt-1694 AF057_1960_SA_SU2012_JB_06 
</lang>
"<$.>"
	"." Punctuation FS lang:es 00:04:59 00:05:06 tt-1695 AF057_1960_SA_SU2012_JB_06 
<lang code="en">

"<And>"
	"and" Conjunction CC lang:en 00:04:59 00:05:06 tt-1696 AF057_1960_SA_SU2012_JB_06 
"<then>"
	"then" Adverb RB lang:en 00:04:59 00:05:06 tt-1697 AF057_1960_SA_SU2012_JB_06 
"<she>"
	"she" Pronoun PP lang:en 00:04:59 00:05:06 tt-1698 AF057_1960_SA_SU2012_JB_06 
"<flipped>"
	"flip" Verb VBD lang:en 00:04:59 00:05:06 tt-1699 AF057_1960_SA_SU2012_JB_06 
"<it>"
	"it" Pronoun PP lang:en 00:04:59 00:05:06 tt-1700 AF057_1960_SA_SU2012_JB_06 
"<and>"
	"and" Conjunction CC lang:en 00:04:59 00:05:06 tt-1701 AF057_1960_SA_SU2012_JB_06 
"<she>"
	"she" Pronoun PP lang:en 00:04:59 00:05:06 tt-1702 AF057_1960_SA_SU2012_JB_06 
"<had>"
	"have" Verb VBD lang:en 00:04:59 00:05:06 tt-1703 AF057_1960_SA_SU2012_JB_06 
"<it>"
	"it" Pronoun PP lang:en 00:04:59 00:05:06 tt-1704 AF057_1960_SA_SU2012_JB_06 
"<all>"
	"all" Adverb RB lang:en 00:04:59 00:05:06 tt-1705 AF057_1960_SA_SU2012_JB_06 
"<in>"
	"in" Preposition IN lang:en 00:04:59 00:05:06 tt-1706 AF057_1960_SA_SU2012_JB_06 @Gram:Prep 
"<Spanish>"
	"Spanish" Noun NP Singular lang:en 00:04:59 00:05:06 tt-1707 AF057_1960_SA_SU2012_JB_06 
</lang>
"<,>"
	"," Punctuation CM lang:es 00:04:59 00:05:06 tt-1708 AF057_1960_SA_SU2012_JB_06 
<lang code="en">
"<all>"
	"all" Other PDT lang:en 00:04:59 00:05:06 tt-1709 AF057_1960_SA_SU2012_JB_06 
"<the>"
	"the" Determiner DT lang:en 00:04:59 00:05:06 tt-1710 AF057_1960_SA_SU2012_JB_06 
"<recipes>"
	"recipe" Noun NNS lang:en 00:04:59 00:05:06 tt-1711 AF057_1960_SA_SU2012_JB_06 
"<they>"
	"they" Pronoun PP lang:en 00:05:10 00:05:17 tt-1713 AF057_1960_SA_SU2012_JB_06 
"<would>"
	"would" Verb MD lang:en 00:05:10 00:05:17 tt-1714 AF057_1960_SA_SU2012_JB_06 
"<do>"
	"do" Verb VB lang:en 00:05:10 00:05:17 tt-1715 AF057_1960_SA_SU2012_JB_06 
</lang>
"<$.>"
	"." Punctuation FS lang:es 00:05:10 00:05:17 tt-1716 AF057_1960_SA_SU2012_JB_06 
<lang code="en">

"<She>"
	"she" Pronoun PP lang:en 00:05:10 00:05:17 tt-1717 AF057_1960_SA_SU2012_JB_06 
"<only>"
	"only" Adverb RB lang:en 00:05:10 00:05:17 tt-1718 AF057_1960_SA_SU2012_JB_06 
"<had>"
	"have" Verb VBD lang:en 00:05:10 00:05:17 tt-1719 AF057_1960_SA_SU2012_JB_06 
"<certain>"
	"certain" Adjective JJ lang:en 00:05:10 00:05:17 tt-1720 AF057_1960_SA_SU2012_JB_06 
"<ones>"
	"one" Noun NNS lang:en 00:05:10 00:05:17 tt-1721 AF057_1960_SA_SU2012_JB_06 
"<they>"
	"they" Pronoun PP lang:en 00:05:10 00:05:17 tt-1723 AF057_1960_SA_SU2012_JB_06 
"<would>"
	"would" Verb MD lang:en 00:05:10 00:05:17 tt-1724 AF057_1960_SA_SU2012_JB_06 
"<and>"
	"and" Conjunction CC lang:en 00:05:10 00:05:17 tt-1725 AF057_1960_SA_SU2012_JB_06 
"<only>"
	"only" Adjective JJ lang:en 00:05:10 00:05:17 tt-1726 AF057_1960_SA_SU2012_JB_06 
"<certain>"
	"certain" Adjective JJ lang:en 00:05:10 00:05:17 tt-1727 AF057_1960_SA_SU2012_JB_06 
"<ones>"
	"one" Noun NNS lang:en 00:05:10 00:05:17 tt-1728 AF057_1960_SA_SU2012_JB_06 
"<she>"
	"she" Pronoun PP lang:en 00:05:20 00:05:27 tt-1730 AF057_1960_SA_SU2012_JB_06 
"<would>"
	"would" Verb MD lang:en 00:05:20 00:05:27 tt-1731 AF057_1960_SA_SU2012_JB_06 
"<do>"
	"do" Verb VB lang:en 00:05:20 00:05:27 tt-1732 AF057_1960_SA_SU2012_JB_06 
</lang>
"<$.>"
	"." Punctuation FS lang:es 00:05:20 00:05:27 tt-1733 AF057_1960_SA_SU2012_JB_06 
<lang code="en">

"<But>"
	"but" Conjunction CC lang:en 00:05:20 00:05:27 tt-1734 AF057_1960_SA_SU2012_JB_06 
"<of>"
	"of" Preposition IN lang:en 00:05:20 00:05:27 tt-1735 AF057_1960_SA_SU2012_JB_06 @Gram:Prep 
"<course>"
	"course" Noun NN lang:en 00:05:20 00:05:27 tt-1736 AF057_1960_SA_SU2012_JB_06 
"<she>"
	"she" Pronoun PP lang:en 00:05:20 00:05:27 tt-1737 AF057_1960_SA_SU2012_JB_06 
"<taught>"
	"teach" Verb VBD lang:en 00:05:20 00:05:27 tt-1738 AF057_1960_SA_SU2012_JB_06 
"<them>"
	"them" Pronoun PP lang:en 00:05:20 00:05:27 tt-1739 AF057_1960_SA_SU2012_JB_06 
"<everything>"
	"everything" Noun NN lang:en 00:05:20 00:05:27 tt-1740 AF057_1960_SA_SU2012_JB_06 
"<she>"
	"she" Pronoun PP lang:en 00:05:20 00:05:27 tt-1741 AF057_1960_SA_SU2012_JB_06 
"<knows>"
	"know" Verb VBZ lang:en 00:05:20 00:05:27 tt-1742 AF057_1960_SA_SU2012_JB_06 
</lang>
"<$.>"
	"." Punctuation FS lang:es 00:05:20 00:05:27 tt-1743 AF057_1960_SA_SU2012_JB_06 
<lang code="en">

"<And>"
	"and" Conjunction CC lang:en 00:05:20 00:05:27 tt-1744 AF057_1960_SA_SU2012_JB_06 
"<one>"
	"one" Other CD lang:en 00:05:20 00:05:27 tt-1745 AF057_1960_SA_SU2012_JB_06 
"<of>"
	"of" Preposition IN lang:en 00:05:20 00:05:27 tt-1746 AF057_1960_SA_SU2012_JB_06 @Gram:Prep 
"<the>"
	"the" Determiner DT lang:en 00:05:20 00:05:27 tt-1747 AF057_1960_SA_SU2012_JB_06 
"<ones>"
	"one" Noun NNS lang:en 00:05:20 00:05:27 tt-1748 AF057_1960_SA_SU2012_JB_06 
"<she>"
	"she" Pronoun PP lang:en 00:05:32 00:05:39 tt-1750 AF057_1960_SA_SU2012_JB_06 
"<had>"
	"have" Verb VBD lang:en 00:05:32 00:05:39 tt-1751 AF057_1960_SA_SU2012_JB_06 
"<forever>"
	"forever" Adverb RB lang:en 00:05:32 00:05:39 tt-1752 AF057_1960_SA_SU2012_JB_06 
</lang>
"<,>"
	"," Punctuation CM lang:es 00:05:32 00:05:39 tt-1753 AF057_1960_SA_SU2012_JB_06 
<lang code="en">
"<that>"
	"that" Other WDT lang:en 00:05:32 00:05:39 tt-1754 AF057_1960_SA_SU2012_JB_06 
"<'s>"
	"be" Verb VBZ lang:en 00:05:32 00:05:39 tt-1755 AF057_1960_SA_SU2012_JB_06 
"<here>"
	"here" Adverb RB lang:en 00:05:32 00:05:39 tt-1756 AF057_1960_SA_SU2012_JB_06 
"<now>"
	"now" Adverb RB lang:en 00:05:32 00:05:39 tt-1757 AF057_1960_SA_SU2012_JB_06 
"<and>"
	"and" Conjunction CC lang:en 00:05:32 00:05:39 tt-1758 AF057_1960_SA_SU2012_JB_06 
"<I>"
	"I" Pronoun PP lang:en 00:05:32 00:05:39 tt-1759 AF057_1960_SA_SU2012_JB_06 
"<occasionally>"
	"occasionally" Adverb RB lang:en 00:05:32 00:05:39 tt-1760 AF057_1960_SA_SU2012_JB_06 
"<call>"
	"call" Verb VBP lang:en 00:05:32 00:05:39 tt-1761 AF057_1960_SA_SU2012_JB_06 
"<her>"
	"her" Pronoun PP lang:en 00:05:32 00:05:39 tt-1762 AF057_1960_SA_SU2012_JB_06 
"<to>"
	"to" Other TO lang:en 00:05:32 00:05:39 tt-1763 AF057_1960_SA_SU2012_JB_06 
"<come>"
	"come" Verb VB lang:en 00:05:32 00:05:39 tt-1764 AF057_1960_SA_SU2012_JB_06 
"<cook>"
	"cook" Noun NN lang:en 00:05:32 00:05:39 tt-1765 AF057_1960_SA_SU2012_JB_06 
"<for>"
	"for" Preposition IN lang:en 00:05:32 00:05:39 tt-1766 AF057_1960_SA_SU2012_JB_06 @Gram:Prep 
</lang>
"<me>"
	"yo" Pronoun PPX Singular lang:es 00:05:32 00:05:39 tt-1767 AF057_1960_SA_SU2012_JB_06 @Gram:Pron:Objeto 
<lang code="en">
"<because>"
	"because" Preposition IN lang:en 00:05:43 00:05:50 tt-1768 AF057_1960_SA_SU2012_JB_06 @Gram:Prep 
"<I>"
	"I" Pronoun PP lang:en 00:05:43 00:05:50 tt-1769 AF057_1960_SA_SU2012_JB_06 
"<used>"
	"use" Verb VBD lang:en 00:05:43 00:05:50 tt-1770 AF057_1960_SA_SU2012_JB_06 
"<to>"
	"to" Other TO lang:en 00:05:43 00:05:50 tt-1771 AF057_1960_SA_SU2012_JB_06 
"<love>"
	"love" Verb VB lang:en 00:05:43 00:05:50 tt-1772 AF057_1960_SA_SU2012_JB_06 
"<my>"
	"my" Pronoun PP$ lang:en 00:05:43 00:05:50 tt-1773 AF057_1960_SA_SU2012_JB_06 
"<aunt>"
	"aunt" Noun NN lang:en 00:05:43 00:05:50 tt-1774 AF057_1960_SA_SU2012_JB_06 
"<'s>"
	"'s" Other POS lang:en 00:05:43 00:05:50 tt-1775 AF057_1960_SA_SU2012_JB_06 
"<cooking>"
	"cooking" Noun NN lang:en 00:05:43 00:05:50 tt-1776 AF057_1960_SA_SU2012_JB_06 
"<and>"
	"and" Conjunction CC lang:en 00:05:43 00:05:50 tt-1777 AF057_1960_SA_SU2012_JB_06 
"<she>"
	"she" Pronoun PP lang:en 00:05:43 00:05:50 tt-1778 AF057_1960_SA_SU2012_JB_06 
"<always>"
	"always" Adverb RB lang:en 00:05:43 00:05:50 tt-1779 AF057_1960_SA_SU2012_JB_06 
"<used>"
	"use" Verb VBD lang:en 00:05:43 00:05:50 tt-1780 AF057_1960_SA_SU2012_JB_06 
"<to>"
	"to" Other TO lang:en 00:05:43 00:05:50 tt-1781 AF057_1960_SA_SU2012_JB_06 
"<give>"
	"give" Verb VB lang:en 00:05:43 00:05:50 tt-1782 AF057_1960_SA_SU2012_JB_06 
</lang>
"<a>"
	"a" Preposition PREP lang:es 00:05:43 00:05:50 tt-1783 AF057_1960_SA_SU2012_JB_06 @Gram:Prep 
<lang code="en">
"<lot>"
	"lot" Noun NN lang:en 00:05:43 00:05:50 tt-1784 AF057_1960_SA_SU2012_JB_06 
"<of>"
	"of" Preposition IN lang:en 00:05:43 00:05:50 tt-1785 AF057_1960_SA_SU2012_JB_06 @Gram:Prep 
"<these>"
	"these" Determiner DT lang:en 00:05:43 00:05:50 tt-1786 AF057_1960_SA_SU2012_JB_06 
"<house>"
	"house" Noun NN lang:en 00:05:43 00:05:50 tt-1787 AF057_1960_SA_SU2012_JB_06 
</lang>
"<keepers>"
	"UNK" Noun NC Plural lang:es 00:05:56 00:06:03 tt-1788 AF057_1960_SA_SU2012_JB_06 
<lang code="en">
"<the>"
	"the" Determiner DT lang:en 00:05:56 00:06:03 tt-1789 AF057_1960_SA_SU2012_JB_06 
"<honor>"
	"honor" Noun NN lang:en 00:05:56 00:06:03 tt-1790 AF057_1960_SA_SU2012_JB_06 
"<of>"
	"of" Preposition IN lang:en 00:05:56 00:06:03 tt-1791 AF057_1960_SA_SU2012_JB_06 @Gram:Prep 
"<having>"
	"have" Verb VBG lang:en 00:05:56 00:06:03 tt-1792 AF057_1960_SA_SU2012_JB_06 
</lang>
"<,>"
	"," Punctuation CM lang:es 00:05:56 00:06:03 tt-1793 AF057_1960_SA_SU2012_JB_06 
<lang code="en">
"<you>"
	"you" Pronoun PP lang:en 00:05:56 00:06:03 tt-1794 AF057_1960_SA_SU2012_JB_06 
"<know>"
	"know" Verb VBP lang:en 00:05:56 00:06:03 tt-1795 AF057_1960_SA_SU2012_JB_06 
</lang>
"<,>"
	"," Punctuation CM lang:es 00:05:56 00:06:03 tt-1796 AF057_1960_SA_SU2012_JB_06 
<lang code="en">
"<them>"
	"them" Pronoun PP lang:en 00:05:56 00:06:03 tt-1797 AF057_1960_SA_SU2012_JB_06 
"<cook>"
	"cook" Verb VBP lang:en 00:05:56 00:06:03 tt-1798 AF057_1960_SA_SU2012_JB_06 
"<just>"
	"just" Adverb RB lang:en 00:05:56 00:06:03 tt-1799 AF057_1960_SA_SU2012_JB_06 
"<as>"
	"as" Adverb RB lang:en 00:05:56 00:06:03 tt-1800 AF057_1960_SA_SU2012_JB_06 
"<good>"
	"good" Adjective JJ lang:en 00:05:56 00:06:03 tt-1801 AF057_1960_SA_SU2012_JB_06 
"<as>"
	"as" Adverb RB lang:en 00:05:56 00:06:03 tt-1802 AF057_1960_SA_SU2012_JB_06 
"<her>"
	"her" Pronoun PP lang:en 00:05:56 00:06:03 tt-1803 AF057_1960_SA_SU2012_JB_06 
</lang>
"<$.>"
	"." Punctuation FS lang:es 00:05:56 00:06:03 tt-1804 AF057_1960_SA_SU2012_JB_06 
<lang code="en">

"<So>"
	"so" Adverb RB lang:en 00:05:56 00:06:03 tt-1805 AF057_1960_SA_SU2012_JB_06 
</lang>
"<...>"
	"..." Punctuation DOTS lang:es 00:05:56 00:06:03 tt-1806 AF057_1960_SA_SU2012_JB_06 
<lang code="en">
"<oh>"
	"oh" Other UH lang:en 00:05:56 00:06:03 tt-1807 AF057_1960_SA_SU2012_JB_06 
</lang>
"<...>"
	"..." Punctuation DOTS lang:es 00:05:56 00:06:03 tt-1808 AF057_1960_SA_SU2012_JB_06 
"<español>"
	"español" Adjective ADJ Singular lang:es 00:05:56 00:06:03 tt-1809 AF057_1960_SA_SU2012_JB_06 
"<$.>"
	"." Punctuation FS lang:es 00:05:56 00:06:03 tt-1810 AF057_1960_SA_SU2012_JB_06 

"<Se>"
	"se" Other SE lang:es 00:05:56 00:06:03 tt-1811 AF057_1960_SA_SU2012_JB_06 @Gram:Pron:Otros 
"<me>"
	"yo" Pronoun PPX Singular lang:es 00:05:56 00:06:03 tt-1812 AF057_1960_SA_SU2012_JB_06 @Gram:Pron:Objeto 
"<olvidó>"
	"olvidar" Verb VLfin Pret Indi Sing 3rd lang:es 00:05:56 00:06:03 tt-1813 AF057_1960_SA_SU2012_JB_06 @Gram:Indefinido 
"<$.>"
	"." Punctuation FS lang:es 00:05:56 00:06:03 tt-1814 AF057_1960_SA_SU2012_JB_06 
</speaker>
</text>

