<text id="AF057_1960_SA_SU2012_JB_10">
<speaker type="int">
"<Sí>"
	"sí" Adverb ADV lang:es 00:00:00 00:00:05 tt-3347 AF057_1960_SA_SU2012_JB_10 
"<$.>"
	"." Punctuation FS lang:es 00:00:00 00:00:05 tt-3348 AF057_1960_SA_SU2012_JB_10 
<lang code="en">

"<OK>"
	"OK" Other UH lang:en 00:00:00 00:00:05 tt-3349 AF057_1960_SA_SU2012_JB_10 
</lang>
"<$.>"
	"." Punctuation FS lang:es 00:00:00 00:00:05 tt-3350 AF057_1960_SA_SU2012_JB_10 

"<Cuando>"
	"cuando" Conjunction CSUBX lang:es 00:00:00 00:00:05 tt-3351 AF057_1960_SA_SU2012_JB_10 
"<conoces>"
	"conocer" Verb VLfin Pres Indi Sing 2nd lang:es 00:00:00 00:00:05 tt-3352 AF057_1960_SA_SU2012_JB_10 
"<a>"
	"a" Preposition PREP lang:es 00:00:00 00:00:05 tt-3353 AF057_1960_SA_SU2012_JB_10 @Gram:Prep ADD:580 
"<una>"
	"un" Determiner ART Singular lang:es 00:00:00 00:00:05 tt-3354 AF057_1960_SA_SU2012_JB_10 
"<persona>"
	"persona" Noun NC Singular lang:es 00:00:00 00:00:05 tt-3355 AF057_1960_SA_SU2012_JB_10 
"<latina>"
	"latino" Adjective ADJ Singular lang:es 00:00:00 00:00:05 tt-3356 AF057_1960_SA_SU2012_JB_10 
"<o>"
	"o" Conjunction CC lang:es 00:00:00 00:00:05 tt-3357 AF057_1960_SA_SU2012_JB_10 
"<hispano>"
	"hispano" Adjective ADJ Singular lang:es 00:00:00 00:00:05 tt-3358 AF057_1960_SA_SU2012_JB_10 
"<,>"
	"," Punctuation CM lang:es 00:00:00 00:00:05 tt-3359 AF057_1960_SA_SU2012_JB_10 
"<por>"
	"por" Preposition PREP lang:es 00:00:00 00:00:05 tt-3360 AF057_1960_SA_SU2012_JB_10 @Gram:Prep:Por SUBSTITUTE:251 ADD:574 
"<primera>"
	"primero" Adjective ORD Singular lang:es 00:00:00 00:00:05 tt-3361 AF057_1960_SA_SU2012_JB_10 Gram:Adj:Ord ADD:494 
"<vez>"
	"vez" Noun NC Singular lang:es 00:00:00 00:00:05 tt-3362 AF057_1960_SA_SU2012_JB_10 
"<,>"
	"," Punctuation CM lang:es 00:00:00 00:00:05 tt-3363 AF057_1960_SA_SU2012_JB_10 
"<$¿>"
	"¿" Punctuation FS lang:es 00:00:00 00:00:05 tt-3364 AF057_1960_SA_SU2012_JB_10 
"<Cómo>"
	"cómo" Adverb ADV lang:es 00:00:00 00:00:05 tt-3365 AF057_1960_SA_SU2012_JB_10 
"<sabes>"
	"saber" Verb VLfin Pres Indi Sing 2nd lang:es 00:00:05 00:00:06 tt-3366 AF057_1960_SA_SU2012_JB_10 
"<si>"
	"si" Conjunction CSUBX lang:es 00:00:05 00:00:06 tt-3367 AF057_1960_SA_SU2012_JB_10 
"<hablar>"
	"hablar" Verb VLinf Infinitive lang:es 00:00:05 00:00:06 tt-3368 AF057_1960_SA_SU2012_JB_10 SUBSTITUTE:309 
"<inglés>"
	"inglés" Adjective ADJ Plural lang:es 00:00:05 00:00:06 tt-3369 AF057_1960_SA_SU2012_JB_10 
"<o>"
	"o" Conjunction CC lang:es 00:00:05 00:00:06 tt-3370 AF057_1960_SA_SU2012_JB_10 
"<español>"
	"español" Adjective ADJ Singular lang:es 00:00:05 00:00:06 tt-3371 AF057_1960_SA_SU2012_JB_10 
"<$?>"
	"?" Punctuation FS lang:es 00:00:05 00:00:06 tt-3372 AF057_1960_SA_SU2012_JB_10 
</speaker>
<speaker type="subj">

"<Qué>"
	"qué" Pronoun INT Singular lang:es 00:00:06 00:00:10 tt-3373 AF057_1960_SA_SU2012_JB_10 
"<curioso>"
	"curioso" Noun NC Singular lang:es 00:00:06 00:00:10 tt-3374 AF057_1960_SA_SU2012_JB_10 
"<que>"
	"que" Conjunction CQUE lang:es 00:00:06 00:00:10 tt-3375 AF057_1960_SA_SU2012_JB_10 
"<me>"
	"yo" Pronoun PPX Singular lang:es 00:00:06 00:00:10 tt-3376 AF057_1960_SA_SU2012_JB_10 @Gram:Pron:Objeto ADD:614 
"<preguntas>"
	"pregunta" Noun NC Plural lang:es 00:00:06 00:00:10 tt-3377 AF057_1960_SA_SU2012_JB_10 
"<eso>"
	"ese" Determiner DM Singular lang:es 00:00:06 00:00:10 tt-3378 AF057_1960_SA_SU2012_JB_10 
"<,>"
	"," Punctuation CM lang:es 00:00:06 00:00:10 tt-3379 AF057_1960_SA_SU2012_JB_10 
"<porque>"
	"porque" Conjunction CSUBX lang:es 00:00:06 00:00:10 tt-3380 AF057_1960_SA_SU2012_JB_10 @Prag:MarcadoresDisc:Causa ADD:1051 
"<a>"
	"a" Adverb ADV lang:es 00:00:06 00:00:10 tt-3381 AF057_1960_SA_SU2012_JB_10 
"<veces>"
	"veces" Adverb ADV lang:es 00:00:06 00:00:10 tt-3382 AF057_1960_SA_SU2012_JB_10 
"<me>"
	"yo" Pronoun PPX Singular lang:es 00:00:06 00:00:10 tt-3383 AF057_1960_SA_SU2012_JB_10 @Gram:Pron:Objeto ADD:614 
"<fallan>"
	"fallar" Verb VLfin Pres Indi Plural 3rd lang:es 00:00:06 00:00:10 tt-3384 AF057_1960_SA_SU2012_JB_10 
"<,>"
	"," Punctuation CM lang:es 00:00:06 00:00:10 tt-3385 AF057_1960_SA_SU2012_JB_10 
"<pero>"
	"pero" Conjunction CCAD lang:es 00:00:06 00:00:10 tt-3386 AF057_1960_SA_SU2012_JB_10 @Prag:MarcadoresDisc:Revision ADD:998 
"<por>"
	"por" Preposition PREP lang:es 00:00:06 00:00:10 tt-3387 AF057_1960_SA_SU2012_JB_10 @Gram:Prep:Por SUBSTITUTE:251 ADD:574 
"<su>"
	"suyo" Pronoun PPO Singular lang:es 00:00:06 00:00:10 tt-3388 AF057_1960_SA_SU2012_JB_10 @Gram:Det:Pos ADD:425 
"<lengua>"
	"lengua" Noun NC Singular lang:es 00:00:06 00:00:10 tt-3389 AF057_1960_SA_SU2012_JB_10 
"<,>"
	"," Punctuation CM lang:es 00:00:06 00:00:10 tt-3390 AF057_1960_SA_SU2012_JB_10 
"<de>"
	"de" Preposition PREP lang:es 00:00:06 00:00:10 tt-3391 AF057_1960_SA_SU2012_JB_10 @Gram:Prep ADD:580 
"<sus>"
	"suyo" Pronoun PPO Plural lang:es 00:00:10 00:00:11 tt-3392 AF057_1960_SA_SU2012_JB_10 @Gram:Det:Pos ADD:426 
"<movimientos>"
	"movimiento" Noun NC Plural lang:es 00:00:10 00:00:11 tt-3393 AF057_1960_SA_SU2012_JB_10 
"<del>"
	"del" Preposition PDEL lang:es 00:00:10 00:00:11 tt-3394 AF057_1960_SA_SU2012_JB_10 @Gram:Prep ADD:580 
"<cuerpo>"
	"cuerpo" Noun NC Singular lang:es 00:00:10 00:00:11 tt-3395 AF057_1960_SA_SU2012_JB_10 
"<siempre>"
	"siempre" Adverb ADV lang:es 00:00:10 00:00:11 tt-3396 AF057_1960_SA_SU2012_JB_10 
"<me>"
	"yo" Pronoun PPX Singular lang:es 00:00:10 00:00:11 tt-3397 AF057_1960_SA_SU2012_JB_10 @Gram:Pron:Objeto ADD:614 
"<puede>"
	"poder" Verb VMfin lang:es 00:00:10 00:00:11 tt-3398 AF057_1960_SA_SU2012_JB_10 
"<decir>"
	"decir" Verb VLinf Infinitive lang:es 00:00:10 00:00:11 tt-3399 AF057_1960_SA_SU2012_JB_10 SUBSTITUTE:309 
"<,>"
	"," Punctuation CM lang:es 00:00:10 00:00:11 tt-3400 AF057_1960_SA_SU2012_JB_10 
"<que>"
	"que" Conjunction CQUE lang:es 00:00:10 00:00:11 tt-3401 AF057_1960_SA_SU2012_JB_10 
"<si>"
	"si" Conjunction CSUBX lang:es 00:00:10 00:00:11 tt-3402 AF057_1960_SA_SU2012_JB_10 
"<se>"
	"se" Other SE lang:es 00:00:10 00:00:11 tt-3403 AF057_1960_SA_SU2012_JB_10 
"<ve>"
	"ver" Verb VLfin Pres Indi Sing 3rd lang:es 00:00:10 00:00:11 tt-3404 AF057_1960_SA_SU2012_JB_10 
"<cómo>"
	"cómo" Adverb ADV lang:es 00:00:10 00:00:11 tt-3405 AF057_1960_SA_SU2012_JB_10 
"<hablan>"
	"hablar" Verb VLfin Pres Indi Plural 3rd lang:es 00:00:10 00:00:11 tt-3406 AF057_1960_SA_SU2012_JB_10 
"<español>"
	"español" Adjective ADJ Singular lang:es 00:00:10 00:00:11 tt-3407 AF057_1960_SA_SU2012_JB_10 
"<,>"
	"," Punctuation CM lang:es 00:00:10 00:00:11 tt-3408 AF057_1960_SA_SU2012_JB_10 
"<y>"
	"y" Conjunction CC lang:es 00:00:11 00:00:11 tt-3409 AF057_1960_SA_SU2012_JB_10 
"<nunca>"
	"nunca" Adverb ADV lang:es 00:00:11 00:00:11 tt-3410 AF057_1960_SA_SU2012_JB_10 
"<sabes>"
	"saber" Verb VLfin Pres Indi Sing 2nd lang:es 00:00:11 00:00:11 tt-3411 AF057_1960_SA_SU2012_JB_10 
"<si>"
	"si" Conjunction CSUBX lang:es 00:00:11 00:00:11 tt-3412 AF057_1960_SA_SU2012_JB_10 
"<es>"
	"ser" Verb VSfin Pres Indi Sing 3rd lang:es 00:00:11 00:00:11 tt-3413 AF057_1960_SA_SU2012_JB_10 @Gram:SerEstar:Ser ADD:769 
"<inglés>"
	"inglés" Adjective ADJ Plural lang:es 00:00:11 00:00:11 tt-3414 AF057_1960_SA_SU2012_JB_10 
"<o>"
	"o" Conjunction CC lang:es 00:00:11 00:00:11 tt-3415 AF057_1960_SA_SU2012_JB_10 
"<español>"
	"español" Adjective ADJ Singular lang:es 00:00:11 00:00:11 tt-3416 AF057_1960_SA_SU2012_JB_10 
"<,>"
	"," Punctuation CM lang:es 00:00:11 00:00:11 tt-3417 AF057_1960_SA_SU2012_JB_10 
"<con>"
	"con" Preposition PREP lang:es 00:00:11 00:00:11 tt-3418 AF057_1960_SA_SU2012_JB_10 @Gram:Prep ADD:580 
"<la>"
	"el" Determiner ART Singular Fem lang:es 00:00:11 00:00:11 tt-3419 AF057_1960_SA_SU2012_JB_10 @Gram:Det:Art ADD:395 
"<manera>"
	"manera" Noun NC Singular lang:es 00:00:11 00:00:11 tt-3420 AF057_1960_SA_SU2012_JB_10 
"<de>"
	"de" Preposition PREP lang:es 00:00:11 00:00:11 tt-3421 AF057_1960_SA_SU2012_JB_10 @Gram:Prep ADD:580 
"<hablar>"
	"hablar" Verb VLinf Infinitive lang:es 00:00:11 00:00:11 tt-3422 AF057_1960_SA_SU2012_JB_10 SUBSTITUTE:309 
"<o>"
	"o" Conjunction CC lang:es 00:00:11 00:00:11 tt-3423 AF057_1960_SA_SU2012_JB_10 
"<la>"
	"el" Determiner ART Singular Fem lang:es 00:00:11 00:00:11 tt-3424 AF057_1960_SA_SU2012_JB_10 @Gram:Det:Art ADD:395 
"<manera>"
	"manera" Noun NC Singular lang:es 00:00:11 00:00:11 tt-3425 AF057_1960_SA_SU2012_JB_10 
"<de>"
	"de" Preposition PREP lang:es 00:00:11 00:00:11 tt-3426 AF057_1960_SA_SU2012_JB_10 @Gram:Prep ADD:580 
"<ser>"
	"ser" Verb VLinf VSinf Infinitive lang:es 00:00:11 00:00:11 tt-3427 AF057_1960_SA_SU2012_JB_10 @Gram:SerEstar:Ser SUBSTITUTE:309 ADD:769 
"<,>"
	"," Punctuation CM lang:es 00:00:11 00:00:11 tt-3428 AF057_1960_SA_SU2012_JB_10 
"<cómo>"
	"cómo" Adverb ADV lang:es 00:00:11 00:00:11 tt-3429 AF057_1960_SA_SU2012_JB_10 
"<usan>"
	"usar" Verb VLfin Pres Indi Plural 3rd lang:es 00:00:11 00:00:11 tt-3430 AF057_1960_SA_SU2012_JB_10 
"<sus>"
	"suyo" Pronoun PPO Plural lang:es 00:00:11 00:00:11 tt-3431 AF057_1960_SA_SU2012_JB_10 @Gram:Det:Pos ADD:426 
"<manos>"
	"mano" Noun NC Plural lang:es 00:00:11 00:00:11 tt-3432 AF057_1960_SA_SU2012_JB_10 
"<,>"
	"," Punctuation CM lang:es 00:00:11 00:00:11 tt-3433 AF057_1960_SA_SU2012_JB_10 
"<como>"
	"como" Conjunction CSUBX lang:es 00:00:11 00:00:11 tt-3434 AF057_1960_SA_SU2012_JB_10 
"<yo>"
	"yo" Pronoun PPX Singular lang:es 00:00:11 00:00:11 tt-3435 AF057_1960_SA_SU2012_JB_10 @Gram:Pron:Sujeto ADD:590 
"<las>"
	"el" Determiner ART Plural Fem lang:es 00:00:11 00:00:11 tt-3436 AF057_1960_SA_SU2012_JB_10 @Gram:Pron:Objeto ADD:608 
"<estoy>"
	"estar" Verb VEfin Pres Indi Sing 1st lang:es 00:00:11 00:00:11 tt-3437 AF057_1960_SA_SU2012_JB_10 @Gram:SerEstar:Estar ID:91 R:Gram:SerEstar:EstarAux:92 ADD:778 ADDRELATION(Gram:SerEstar:EstarAux):794 
"<usando>"
	"usar" Verb VLger lang:es 00:00:11 00:00:11 tt-3438 AF057_1960_SA_SU2012_JB_10 ID:92 
"<ahorita>"
	"ahora" Adverb ADV lang:es 00:00:11 00:00:11 tt-3439 AF057_1960_SA_SU2012_JB_10 
"<$.>"
	"." Punctuation FS lang:es 00:00:11 00:00:11 tt-3440 AF057_1960_SA_SU2012_JB_10 

"<[>"
	"[" Punctuation LP lang:es 00:00:11 00:00:11 tt-3441 AF057_1960_SA_SU2012_JB_10 
"<risas>"
	"risa" Noun NC Plural lang:es 00:00:11 00:00:11 tt-3442 AF057_1960_SA_SU2012_JB_10 
"<]>"
	"]" Other RP lang:es 00:00:11 00:00:11 tt-3443 AF057_1960_SA_SU2012_JB_10 
"<Pero>"
	"pero" Conjunction CCAD lang:es 00:00:11 00:00:11 tt-3444 AF057_1960_SA_SU2012_JB_10 @Prag:MarcadoresDisc:Revision ADD:998 
"<más>"
	"más" Adverb ADV lang:es 00:00:11 00:00:11 tt-3445 AF057_1960_SA_SU2012_JB_10 
"<o>"
	"o" Conjunction CC lang:es 00:00:11 00:00:11 tt-3446 AF057_1960_SA_SU2012_JB_10 
"<menos>"
	"menos" Adverb ADV lang:es 00:00:11 00:00:11 tt-3447 AF057_1960_SA_SU2012_JB_10 
"<,>"
	"," Punctuation CM lang:es 00:00:11 00:00:11 tt-3448 AF057_1960_SA_SU2012_JB_10 
"<digo>"
	"decir" Verb VLfin Pres Indi Sing 1st lang:es 00:00:11 00:00:11 tt-3449 AF057_1960_SA_SU2012_JB_10 
"<,>"
	"," Punctuation CM lang:es 00:00:11 00:00:11 tt-3450 AF057_1960_SA_SU2012_JB_10 
"<puedo>"
	"poder" Verb VLfin Pres Indi Sing 1st lang:es 00:00:11 00:00:11 tt-3451 AF057_1960_SA_SU2012_JB_10 
"<ver>"
	"ver" Verb VLinf Infinitive lang:es 00:00:11 00:00:11 tt-3452 AF057_1960_SA_SU2012_JB_10 SUBSTITUTE:309 
"<si>"
	"si" Conjunction CSUBX lang:es 00:00:11 00:00:11 tt-3453 AF057_1960_SA_SU2012_JB_10 
"<digo>"
	"decir" Verb VLfin Pres Indi Sing 1st lang:es 00:00:11 00:00:11 tt-3454 AF057_1960_SA_SU2012_JB_10 
"<->"
	"-" Punctuation DASH lang:es 00:00:11 00:00:11 tt-3455 AF057_1960_SA_SU2012_JB_10 
<lang code="en">
"<how>"
	"how" Adverb WRB lang:en 00:00:11 00:00:11 tt-3456 AF057_1960_SA_SU2012_JB_10 
"<do>"
	"do" Verb VBP lang:en 00:00:11 00:00:11 tt-3457 AF057_1960_SA_SU2012_JB_10 
"<you>"
	"you" Pronoun PP lang:en 00:00:11 00:00:11 tt-3458 AF057_1960_SA_SU2012_JB_10 
"<say>"
	"say" Verb VBP lang:en 00:00:11 00:00:11 tt-3459 AF057_1960_SA_SU2012_JB_10 
"<I>"
	"I" Pronoun PP lang:en 00:00:11 00:00:11 tt-3460 AF057_1960_SA_SU2012_JB_10 
</lang>
"<->"
	"-" Punctuation DASH lang:es 00:00:11 00:00:11 tt-3461 AF057_1960_SA_SU2012_JB_10 
<lang code="en">
"<God>"
	"God" Noun NP Singular lang:en 00:00:11 00:00:11 tt-3462 AF057_1960_SA_SU2012_JB_10 
"<I>"
	"I" Pronoun PP lang:en 00:00:11 00:00:11 tt-3463 AF057_1960_SA_SU2012_JB_10 
"<forgot>"
	"forget" Verb VBD lang:en 00:00:11 00:00:11 tt-3464 AF057_1960_SA_SU2012_JB_10 
"<what>"
	"what" Pronoun WP lang:en 00:00:11 00:00:11 tt-3465 AF057_1960_SA_SU2012_JB_10 
"<word>"
	"word" Noun NN lang:en 00:00:11 00:00:11 tt-3466 AF057_1960_SA_SU2012_JB_10 
"<I>"
	"I" Pronoun PP lang:en 00:00:11 00:00:11 tt-3467 AF057_1960_SA_SU2012_JB_10 
"<was>"
	"be" Verb VBD lang:en 00:00:11 00:00:11 tt-3468 AF057_1960_SA_SU2012_JB_10 
"<going>"
	"go" Verb VBG lang:en 00:00:11 00:00:11 tt-3469 AF057_1960_SA_SU2012_JB_10 
"<to>"
	"to" Other TO lang:en 00:00:11 00:00:11 tt-3470 AF057_1960_SA_SU2012_JB_10 
"<use>"
	"use" Verb VB lang:en 00:00:11 00:00:11 tt-3471 AF057_1960_SA_SU2012_JB_10 
</lang>
"<$.>"
	"." Punctuation FS lang:es 00:00:11 00:00:11 tt-3472 AF057_1960_SA_SU2012_JB_10 

"<Puedo>"
	"poder" Verb VLfin Pres Indi Sing 1st lang:es 00:00:11 00:00:11 tt-3473 AF057_1960_SA_SU2012_JB_10 
"<...>"
	"..." Punctuation DOTS lang:es 00:00:11 00:00:11 tt-3474 AF057_1960_SA_SU2012_JB_10 
"<no>"
	"no" Adverb NEG lang:es 00:00:11 00:00:11 tt-3475 AF057_1960_SA_SU2012_JB_10 
"<investigar>"
	"investigar" Verb VLinf Infinitive lang:es 00:00:11 00:00:11 tt-3476 AF057_1960_SA_SU2012_JB_10 SUBSTITUTE:309 
"<,>"
	"," Punctuation CM lang:es 00:00:11 00:00:11 tt-3477 AF057_1960_SA_SU2012_JB_10 
"<puedo>"
	"poder" Verb VLfin Pres Indi Sing 1st lang:es 00:00:11 00:00:11 tt-3478 AF057_1960_SA_SU2012_JB_10 
"<ver>"
	"ver" Verb VLinf Infinitive lang:es 00:00:11 00:00:11 tt-3479 AF057_1960_SA_SU2012_JB_10 SUBSTITUTE:309 
"<qué>"
	"qué" Pronoun INT Singular lang:es 00:00:11 00:00:11 tt-3480 AF057_1960_SA_SU2012_JB_10 
"<va>"
	"ir" Verb VLfin Pres Indi Sing 3rd lang:es 00:00:11 00:00:11 tt-3481 AF057_1960_SA_SU2012_JB_10 ID:135 R:Gram:VFut:Perifrasis:137 ADDRELATION(Gram:VFut:Perifrasis):673 
"<a>"
	"a" Preposition PREP lang:es 00:00:11 00:00:11 tt-3482 AF057_1960_SA_SU2012_JB_10 @Gram:Prep ADD:580 
"<ser>"
	"ser" Verb VLinf VSinf Infinitive lang:es 00:00:11 00:00:11 tt-3483 AF057_1960_SA_SU2012_JB_10 @Gram:SerEstar:Ser ID:137 SUBSTITUTE:309 ADD:769 
"<más>"
	"más" Adverb ADV lang:es 00:00:11 00:00:11 tt-3484 AF057_1960_SA_SU2012_JB_10 
"<cómodo>"
	"cómodo" Adjective ADJ Singular lang:es 00:00:11 00:00:11 tt-3485 AF057_1960_SA_SU2012_JB_10 
"<para>"
	"para" Preposition PREP lang:es 00:00:11 00:00:11 tt-3486 AF057_1960_SA_SU2012_JB_10 @Gram:Prep:Para SUBSTITUTE:325 ADD:537 
"<que>"
	"que" Conjunction CQUE lang:es 00:00:11 00:00:11 tt-3487 AF057_1960_SA_SU2012_JB_10 
"<ellos>"
	"él" Pronoun PPX Plural lang:es 00:00:11 00:00:11 tt-3488 AF057_1960_SA_SU2012_JB_10 @Gram:Pron:Sujeto ADD:590 
"<hablen>"
	"hablar" Verb VLfin Past Subj Plural 3rd lang:es 00:00:11 00:00:11 tt-3489 AF057_1960_SA_SU2012_JB_10 @Gram:MSub:Pret ADD:739 
"<conmigo>"
	"UNK" Verb VLfin Pres Indi Sing 1st lang:es 00:00:11 00:00:11 tt-3490 AF057_1960_SA_SU2012_JB_10 
"<,>"
	"," Punctuation CM lang:es 00:00:11 00:00:11 tt-3491 AF057_1960_SA_SU2012_JB_10 
"<creo>"
	"crear|creer" Verb VLfin Pres Indi Sing 1st lang:es 00:00:11 00:00:11 tt-3492 AF057_1960_SA_SU2012_JB_10 
"<que>"
	"que" Conjunction CQUE lang:es 00:00:11 00:00:11 tt-3493 AF057_1960_SA_SU2012_JB_10 
"<se>"
	"se" Other SE lang:es 00:00:11 00:00:11 tt-3494 AF057_1960_SA_SU2012_JB_10 
"<sienten>"
	"sentar|sentir" Verb VLfin Pres Indi Plural 3rd lang:es 00:00:11 00:00:12 tt-3495 AF057_1960_SA_SU2012_JB_10 
"<más>"
	"más" Adverb ADV lang:es 00:00:11 00:00:12 tt-3496 AF057_1960_SA_SU2012_JB_10 
"<cómodos>"
	"cómodo" Adjective ADJ Plural lang:es 00:00:11 00:00:12 tt-3497 AF057_1960_SA_SU2012_JB_10 
"<,>"
	"," Punctuation CM lang:es 00:00:11 00:00:12 tt-3498 AF057_1960_SA_SU2012_JB_10 
"<pero>"
	"pero" Conjunction CCAD lang:es 00:00:11 00:00:12 tt-3499 AF057_1960_SA_SU2012_JB_10 @Prag:MarcadoresDisc:Revision ADD:998 
"<un>"
	"un" Determiner ART Singular lang:es 00:00:11 00:00:12 tt-3500 AF057_1960_SA_SU2012_JB_10 
"<segundo>"
	"segundo" Adjective ORD Singular lang:es 00:00:11 00:00:12 tt-3501 AF057_1960_SA_SU2012_JB_10 
"<,>"
	"," Punctuation CM lang:es 00:00:11 00:00:12 tt-3502 AF057_1960_SA_SU2012_JB_10 
"<cuando>"
	"cuando" Conjunction CSUBX lang:es 00:00:11 00:00:12 tt-3503 AF057_1960_SA_SU2012_JB_10 
"<me>"
	"yo" Pronoun PPX Singular lang:es 00:00:11 00:00:12 tt-3504 AF057_1960_SA_SU2012_JB_10 @Gram:Pron:Objeto ADD:614 
"<respondan>"
	"responder" Verb VLfin Past Subj Plural 3rd lang:es 00:00:11 00:00:12 tt-3505 AF057_1960_SA_SU2012_JB_10 @Gram:MSub:Pret ADD:739 
"<en>"
	"en" Preposition PREP lang:es 00:00:11 00:00:12 tt-3506 AF057_1960_SA_SU2012_JB_10 @Gram:Prep ADD:580 
"<inglés>"
	"inglés" Noun NC Plural lang:es 00:00:11 00:00:12 tt-3507 AF057_1960_SA_SU2012_JB_10 
"<,>"
	"," Punctuation CM lang:es 00:00:11 00:00:12 tt-3508 AF057_1960_SA_SU2012_JB_10 
"<entonces>"
	"entonces" Adverb ADV lang:es 00:00:11 00:00:12 tt-3509 AF057_1960_SA_SU2012_JB_10 
"<ya>"
	"ya" Adverb ADV lang:es 00:00:11 00:00:12 tt-3510 AF057_1960_SA_SU2012_JB_10 
"<sé>"
	"saber|ser" Verb VLfin Pres Indi Sing 1st lang:es 00:00:11 00:00:12 tt-3511 AF057_1960_SA_SU2012_JB_10 
"<que>"
	"que" Conjunction CQUE lang:es 00:00:11 00:00:12 tt-3512 AF057_1960_SA_SU2012_JB_10 
"<tiene>"
	"tener" Verb VMfin lang:es 00:00:12 00:00:12 tt-3513 AF057_1960_SA_SU2012_JB_10 
"<que>"
	"que" Conjunction CQUE lang:es 00:00:12 00:00:12 tt-3514 AF057_1960_SA_SU2012_JB_10 
"<ser>"
	"ser" Verb VLinf VSinf Infinitive lang:es 00:00:12 00:00:12 tt-3515 AF057_1960_SA_SU2012_JB_10 @Gram:SerEstar:Ser SUBSTITUTE:309 ADD:769 
"<en>"
	"en" Preposition PREP lang:es 00:00:12 00:00:12 tt-3516 AF057_1960_SA_SU2012_JB_10 @Gram:Prep ADD:580 
"<inglés>"
	"inglés" Noun NC Plural lang:es 00:00:12 00:00:12 tt-3517 AF057_1960_SA_SU2012_JB_10 
"<$.>"
	"." Punctuation FS lang:es 00:00:12 00:00:12 tt-3518 AF057_1960_SA_SU2012_JB_10 

"<No>"
	"no" Adverb NEG lang:es 00:00:12 00:00:12 tt-3519 AF057_1960_SA_SU2012_JB_10 
"<más>"
	"más" Adverb ADV lang:es 00:00:12 00:00:12 tt-3520 AF057_1960_SA_SU2012_JB_10 
"<estar>"
	"estar" Verb VLinf VEinf Infinitive lang:es 00:00:12 00:00:12 tt-3521 AF057_1960_SA_SU2012_JB_10 @Gram:SerEstar:Estar SUBSTITUTE:309 ADD:778 
"<tranquila>"
	"tranquilo" Adjective ADJ Singular lang:es 00:00:12 00:00:12 tt-3522 AF057_1960_SA_SU2012_JB_10 
"<,>"
	"," Punctuation CM lang:es 00:00:12 00:00:12 tt-3523 AF057_1960_SA_SU2012_JB_10 
"<y>"
	"y" Conjunction CC lang:es 00:00:12 00:00:12 tt-3524 AF057_1960_SA_SU2012_JB_10 
"<escucharlos>"
	"escuchar" Verb VLinf Infinitive lang:es 00:00:12 00:00:12 tt-3525 AF057_1960_SA_SU2012_JB_10 
"<primero>"
	"primero" Adverb ADV lang:es 00:00:12 00:00:12 tt-3526 AF057_1960_SA_SU2012_JB_10 
"<,>"
	"," Punctuation CM lang:es 00:00:12 00:00:12 tt-3527 AF057_1960_SA_SU2012_JB_10 
"<ver>"
	"ver" Verb VLinf Infinitive lang:es 00:00:12 00:00:12 tt-3528 AF057_1960_SA_SU2012_JB_10 SUBSTITUTE:309 
"<cómo>"
	"cómo" Adverb ADV lang:es 00:00:12 00:00:12 tt-3529 AF057_1960_SA_SU2012_JB_10 
"<->"
	"-" Punctuation DASH lang:es 00:00:12 00:00:12 tt-3530 AF057_1960_SA_SU2012_JB_10 
"<son>"
	"ser" Verb VSfin Pres Indi Plural 3rd lang:es 00:00:12 00:00:12 tt-3531 AF057_1960_SA_SU2012_JB_10 @Gram:SerEstar:Ser ADD:769 
"<más>"
	"más" Adverb ADV lang:es 00:00:12 00:00:12 tt-3532 AF057_1960_SA_SU2012_JB_10 
"<cómodos>"
	"cómodo" Adjective ADJ Plural lang:es 00:00:12 00:00:12 tt-3533 AF057_1960_SA_SU2012_JB_10 
"<$.>"
	"." Punctuation FS lang:es 00:00:12 00:00:12 tt-3534 AF057_1960_SA_SU2012_JB_10 

"<Pero>"
	"pero" Conjunction CCAD lang:es 00:00:12 00:00:12 tt-3535 AF057_1960_SA_SU2012_JB_10 @Prag:MarcadoresDisc:Revision ADD:998 
"<siempre>"
	"siempre" Adverb ADV lang:es 00:00:12 00:00:12 tt-3536 AF057_1960_SA_SU2012_JB_10 
"<,>"
	"," Punctuation CM lang:es 00:00:12 00:00:12 tt-3537 AF057_1960_SA_SU2012_JB_10 
"<si>"
	"si" Conjunction CSUBX lang:es 00:00:12 00:00:12 tt-3538 AF057_1960_SA_SU2012_JB_10 
"<ellos>"
	"él" Pronoun PPX Plural lang:es 00:00:12 00:00:12 tt-3539 AF057_1960_SA_SU2012_JB_10 @Gram:Pron:Sujeto ADD:590 
"<están>"
	"estar" Verb VEfin Pres Indi Plural 3rd lang:es 00:00:12 00:00:12 tt-3540 AF057_1960_SA_SU2012_JB_10 @Gram:SerEstar:Estar ADD:778 
"<más>"
	"más" Adverb ADV lang:es 00:00:12 00:00:12 tt-3541 AF057_1960_SA_SU2012_JB_10 
"<cómodos>"
	"cómodo" Adjective ADJ Plural lang:es 00:00:12 00:00:12 tt-3542 AF057_1960_SA_SU2012_JB_10 
"<en>"
	"en" Preposition PREP lang:es 00:00:12 00:00:12 tt-3543 AF057_1960_SA_SU2012_JB_10 @Gram:Prep ADD:580 
"<español>"
	"español" Noun NC Singular lang:es 00:00:12 00:00:12 tt-3544 AF057_1960_SA_SU2012_JB_10 
"<,>"
	"," Punctuation CM lang:es 00:00:12 00:00:12 tt-3545 AF057_1960_SA_SU2012_JB_10 
"<y>"
	"y" Conjunction CC lang:es 00:00:12 00:00:12 tt-3546 AF057_1960_SA_SU2012_JB_10 
"<mi>"
	"mío" Pronoun PPO Singular lang:es 00:00:12 00:00:12 tt-3547 AF057_1960_SA_SU2012_JB_10 
"<español>"
	"español" Adjective ADJ Singular lang:es 00:00:12 00:00:12 tt-3548 AF057_1960_SA_SU2012_JB_10 
"<no>"
	"no" Adverb NEG lang:es 00:00:12 00:00:12 tt-3549 AF057_1960_SA_SU2012_JB_10 
"<está>"
	"estar" Verb VEfin Pres Indi Sing 3rd lang:es 00:00:12 00:00:12 tt-3550 AF057_1960_SA_SU2012_JB_10 @Gram:SerEstar:Estar ADD:778 
"<tan>"
	"tan" Adverb ADV lang:es 00:00:12 00:00:12 tt-3551 AF057_1960_SA_SU2012_JB_10 
"<perfecto>"
	"perfecto" Adjective ADJ Singular lang:es 00:00:12 00:00:12 tt-3552 AF057_1960_SA_SU2012_JB_10 
"<,>"
	"," Punctuation CM lang:es 00:00:12 00:00:12 tt-3553 AF057_1960_SA_SU2012_JB_10 
"<yo>"
	"yo" Pronoun PPX Singular lang:es 00:00:12 00:00:12 tt-3554 AF057_1960_SA_SU2012_JB_10 @Gram:Pron:Sujeto ADD:590 
"<siempre>"
	"siempre" Adverb ADV lang:es 00:00:12 00:00:12 tt-3555 AF057_1960_SA_SU2012_JB_10 
"<trato>"
	"tratar" Verb VLfin Pres Indi Sing 1st lang:es 00:00:12 00:00:12 tt-3556 AF057_1960_SA_SU2012_JB_10 
"<de>"
	"de" Conjunction CSUBI lang:es 00:00:12 00:00:12 tt-3557 AF057_1960_SA_SU2012_JB_10 
"<hablar>"
	"hablar" Verb VLinf Infinitive lang:es 00:00:12 00:00:12 tt-3558 AF057_1960_SA_SU2012_JB_10 SUBSTITUTE:309 
"<la>"
	"el" Determiner ART Singular Fem lang:es 00:00:12 00:00:12 tt-3559 AF057_1960_SA_SU2012_JB_10 @Gram:Det:Art ADD:395 
"<idioma>"
	"idioma" Noun NC Singular lang:es 00:00:12 00:00:12 tt-3560 AF057_1960_SA_SU2012_JB_10 
"<que>"
	"que" Conjunction CQUE lang:es 00:00:12 00:00:12 tt-3561 AF057_1960_SA_SU2012_JB_10 
"<ellos>"
	"él" Pronoun PPX Plural lang:es 00:00:12 00:00:12 tt-3562 AF057_1960_SA_SU2012_JB_10 @Gram:Pron:Sujeto ADD:590 
"<se>"
	"se" Other SE lang:es 00:00:12 00:00:12 tt-3563 AF057_1960_SA_SU2012_JB_10 
"<sienten>"
	"sentar|sentir" Verb VLfin Pres Indi Plural 3rd lang:es 00:00:12 00:00:12 tt-3564 AF057_1960_SA_SU2012_JB_10 
"<más>"
	"más" Adverb ADV lang:es 00:00:12 00:00:12 tt-3565 AF057_1960_SA_SU2012_JB_10 
"<cómodos>"
	"cómodo" Adjective ADJ Plural lang:es 00:00:12 00:00:12 tt-3566 AF057_1960_SA_SU2012_JB_10 
"<,>"
	"," Punctuation CM lang:es 00:00:12 00:00:12 tt-3567 AF057_1960_SA_SU2012_JB_10 
"<sí>"
	"sí" Adverb ADV lang:es 00:00:12 00:00:13 tt-3568 AF057_1960_SA_SU2012_JB_10 
"<$.>"
	"." Punctuation FS lang:es 00:00:12 00:00:13 tt-3569 AF057_1960_SA_SU2012_JB_10 
</speaker>
</text>

