<text id="AF062_1960_SA_SU2012_JB_05">
<speaker type="int">
"<$¿>"
	"¿" Punctuation FS lang:es 00:00:00 00:00:07 tt-1478 AF062_1960_SA_SU2012_JB_05 
"<Y>"
	"y" Conjunciton Conjunction CC lang:es 00:00:00 00:00:07 tt-1479 AF062_1960_SA_SU2012_JB_05 
"<te>"
	"tú" Pronoun PPX Singular lang:es 00:00:00 00:00:07 tt-1480 AF062_1960_SA_SU2012_JB_05 @Gram:Pron:Objeto 
"<consideras>"
	"considerar" Verb VLfin Pres Indi Sing 2nd lang:es 00:00:00 00:00:07 tt-1481 AF062_1960_SA_SU2012_JB_05 
"<mexicano-estadounidense>"
	"UNK" Adjective ADJ Singular lang:es 00:00:00 00:00:07 tt-1482 AF062_1960_SA_SU2012_JB_05 
"<,>"
	"," Punctuation CM lang:es 00:00:00 00:00:07 tt-1483 AF062_1960_SA_SU2012_JB_05 
"<mexicana>"
	"mexicano" Adjective ADJ Singular lang:es 00:00:00 00:00:07 tt-1484 AF062_1960_SA_SU2012_JB_05 
"<,>"
	"," Punctuation CM lang:es 00:00:00 00:00:07 tt-1485 AF062_1960_SA_SU2012_JB_05 
"<tejano>"
	"UNK" Noun NC Singular lang:es 00:00:00 00:00:07 tt-1486 AF062_1960_SA_SU2012_JB_05 
"<$?>"
	"?" Punctuation FS lang:es 00:00:00 00:00:07 tt-1487 AF062_1960_SA_SU2012_JB_05 
</speaker>
<speaker type="subj">

"<Yo>"
	"yo" Pronoun PPX Singular lang:es 00:00:07 00:00:09 tt-1488 AF062_1960_SA_SU2012_JB_05 @Gram:Pron:Sujeto 
"<digo>"
	"decir" Verb VLfin Pres Indi Sing 1st lang:es 00:00:07 00:00:09 tt-1489 AF062_1960_SA_SU2012_JB_05 
"<que>"
	"que" Conjunction CQUE lang:es 00:00:07 00:00:09 tt-1490 AF062_1960_SA_SU2012_JB_05 
"<soy>"
	"ser" Verb VSfin Pres Indi Sing 1st lang:es 00:00:07 00:00:09 tt-1491 AF062_1960_SA_SU2012_JB_05 @Gram:SerEstar:Ser 
"<mexicana>"
	"mexicano" Adjective ADJ Singular lang:es 00:00:07 00:00:09 tt-1492 AF062_1960_SA_SU2012_JB_05 
"<$.>"
	"." Punctuation FS lang:es 00:00:07 00:00:09 tt-1493 AF062_1960_SA_SU2012_JB_05 
</speaker>
<speaker type="int">

"<Sí>"
	"sí" Adverb ADV lang:es 00:00:09 00:00:11 tt-1494 AF062_1960_SA_SU2012_JB_05 
"<$.>"
	"." Punctuation FS lang:es 00:00:09 00:00:11 tt-1495 AF062_1960_SA_SU2012_JB_05 
</speaker>
<speaker type="subj">

"<Y>"
	"y" Conjunciton CC lang:es 00:00:11 00:00:16 tt-1496 AF062_1960_SA_SU2012_JB_05 
"<mucha>"
	"mucho" Adjective ADJ Singular lang:es 00:00:11 00:00:16 tt-1497 AF062_1960_SA_SU2012_JB_05 
"<gente>"
	"gente" Noun NC Singular lang:es 00:00:11 00:00:16 tt-1498 AF062_1960_SA_SU2012_JB_05 
"<dice>"
	"decir" Verb VLfin Pres Indi Sing 3rd lang:es 00:00:11 00:00:16 tt-1499 AF062_1960_SA_SU2012_JB_05 
"<,>"
	"," Punctuation CM lang:es 00:00:11 00:00:16 tt-1500 AF062_1960_SA_SU2012_JB_05 
"<pues>"
	"pues" Conjunction CSUBF lang:es 00:00:11 00:00:16 tt-1501 AF062_1960_SA_SU2012_JB_05 
"<pero>"
	"pero" Conjunction CCAD lang:es 00:00:11 00:00:16 tt-1502 AF062_1960_SA_SU2012_JB_05 @Prag:MarcadoresDisc:Revision 
"<tú>"
	"tú" Pronoun PPX Singular lang:es 00:00:11 00:00:16 tt-1503 AF062_1960_SA_SU2012_JB_05 @Gram:Pron:Sujeto 
"<no>"
	"no" Adverb NEG lang:es 00:00:11 00:00:16 tt-1504 AF062_1960_SA_SU2012_JB_05 
"<pareces>"
	"parecer" Verb VLfin Pres Indi Sing 2nd lang:es 00:00:11 00:00:16 tt-1505 AF062_1960_SA_SU2012_JB_05 
"<mexicana>"
	"mexicano" Adjective ADJ Singular lang:es 00:00:11 00:00:16 tt-1506 AF062_1960_SA_SU2012_JB_05 
"<$.>"
	"." Punctuation FS lang:es 00:00:11 00:00:16 tt-1507 AF062_1960_SA_SU2012_JB_05 

"<Porque>"
	"porque" Conjunction CSUBX lang:es 00:00:11 00:00:16 tt-1508 AF062_1960_SA_SU2012_JB_05 @Prag:MarcadoresDisc:Causa 
"<siempre>"
	"siempre" Adverb ADV lang:es 00:00:11 00:00:16 tt-1509 AF062_1960_SA_SU2012_JB_05 
"<...>"
	"..." Punctuation DOTS lang:es 00:00:11 00:00:16 tt-1510 AF062_1960_SA_SU2012_JB_05 
"<soy>"
	"ser" Verb VSfin Pres Indi Sing 1st lang:es 00:00:11 00:00:16 tt-1511 AF062_1960_SA_SU2012_JB_05 @Gram:SerEstar:Ser 
"<bien>"
	"bien" Adverb ADV lang:es 00:00:11 00:00:16 tt-1512 AF062_1960_SA_SU2012_JB_05 
"<güera>"
	"güero" Adjective ADJ Singular lang:es 00:00:16 00:00:23 tt-1513 AF062_1960_SA_SU2012_JB_05 
"<$.>"
	"." Punctuation FS lang:es 00:00:16 00:00:23 tt-1514 AF062_1960_SA_SU2012_JB_05 

"<Ahorita>"
	"ahora" Adverb ADV lang:es 00:00:16 00:00:23 tt-1515 AF062_1960_SA_SU2012_JB_05 
"<,>"
	"," Punctuation CM lang:es 00:00:16 00:00:23 tt-1516 AF062_1960_SA_SU2012_JB_05 
"<sí>"
	"sí" Adverb ADV lang:es 00:00:16 00:00:23 tt-1517 AF062_1960_SA_SU2012_JB_05 
"<,>"
	"," Punctuation CM lang:es 00:00:16 00:00:23 tt-1518 AF062_1960_SA_SU2012_JB_05 
"<tengo>"
	"tener" Verb VLfin Pres Indi Sing 1st lang:es 00:00:16 00:00:23 tt-1519 AF062_1960_SA_SU2012_JB_05 
"<mucho>"
	"mucho" Determiner QU lang:es 00:00:16 00:00:23 tt-1520 AF062_1960_SA_SU2012_JB_05 
"<color>"
	"color" Noun NC Singular lang:es 00:00:16 00:00:23 tt-1521 AF062_1960_SA_SU2012_JB_05 
"<por>"
	"por" Preposition PREP lang:es 00:00:16 00:00:23 tt-1522 AF062_1960_SA_SU2012_JB_05 @Gram:Prep:Por 
"<el>"
	"el" Determiner ART Singular Masc lang:es 00:00:16 00:00:23 tt-1523 AF062_1960_SA_SU2012_JB_05 @Gram:Det:Art 
"<sol>"
	"sol" Noun NC Singular lang:es 00:00:16 00:00:23 tt-1524 AF062_1960_SA_SU2012_JB_05 
"<$.>"
	"." Punctuation FS lang:es 00:00:16 00:00:23 tt-1525 AF062_1960_SA_SU2012_JB_05 

"<Pero>"
	"pero" Conjunction CCAD lang:es 00:00:16 00:00:23 tt-1526 AF062_1960_SA_SU2012_JB_05 @Prag:MarcadoresDisc:Revision 
"<a>"
	"a" Preposition PREP lang:es 00:00:16 00:00:23 tt-1527 AF062_1960_SA_SU2012_JB_05 @Gram:Prep 
"<mí>"
	"yo" Pronoun PPX Singular lang:es 00:00:16 00:00:23 tt-1528 AF062_1960_SA_SU2012_JB_05 
"<me>"
	"yo" Pronoun PPX Singular lang:es 00:00:16 00:00:23 tt-1529 AF062_1960_SA_SU2012_JB_05 @Gram:Pron:Objeto ID:52 R:Gram:Gustar:Propios:53 
"<encanta>"
	"encantar" Verb VLfin Pres Indi Sing 3rd lang:es 00:00:16 00:00:23 tt-1530 AF062_1960_SA_SU2012_JB_05 ID:53 
"<que>"
	"que" Conjunction CQUE lang:es 00:00:16 00:00:23 tt-1531 AF062_1960_SA_SU2012_JB_05 
"<...>"
	"..." Punctuation DOTS lang:es 00:00:16 00:00:23 tt-1532 AF062_1960_SA_SU2012_JB_05 
"<que>"
	"que" Conjunction CQUE lang:es 00:00:16 00:00:23 tt-1533 AF062_1960_SA_SU2012_JB_05 
"<me>"
	"yo" Pronoun PPX Singular lang:es 00:00:16 00:00:23 tt-1534 AF062_1960_SA_SU2012_JB_05 @Gram:Pron:Objeto 
"<veo>"
	"ver" Verb VLfin Pres Indi Sing 1st lang:es 00:00:24 00:00:31 tt-1535 AF062_1960_SA_SU2012_JB_05 
"<en>"
	"en" Preposition PREP lang:es 00:00:24 00:00:31 tt-1536 AF062_1960_SA_SU2012_JB_05 @Gram:Prep 
"<veces>"
	"vez" Noun NC Plural lang:es 00:00:24 00:00:31 tt-1537 AF062_1960_SA_SU2012_JB_05 
"<americana>"
	"americano" Adjective ADJ Singular lang:es 00:00:24 00:00:31 tt-1538 AF062_1960_SA_SU2012_JB_05 
"<por>"
	"por" Preposition PREP lang:es 00:00:24 00:00:31 tt-1539 AF062_1960_SA_SU2012_JB_05 @Gram:Prep:Por 
"<mi>"
	"mío" Pronoun PPO Singular lang:es 00:00:24 00:00:31 tt-1540 AF062_1960_SA_SU2012_JB_05 @Gram:Det:Pos 
"<color>"
	"color" Noun NC Singular lang:es 00:00:24 00:00:31 tt-1541 AF062_1960_SA_SU2012_JB_05 
"<,>"
	"," Punctuation CM lang:es 00:00:24 00:00:31 tt-1542 AF062_1960_SA_SU2012_JB_05 
"<pero>"
	"pero" Conjunction CCAD lang:es 00:00:24 00:00:31 tt-1543 AF062_1960_SA_SU2012_JB_05 @Prag:MarcadoresDisc:Revision 
"<cuando>"
	"cuando" Conjunction CSUBX lang:es 00:00:24 00:00:31 tt-1544 AF062_1960_SA_SU2012_JB_05 
"<hablo>"
	"hablar" Verb VLfin Pres Indi Sing 1st lang:es 00:00:24 00:00:31 tt-1545 AF062_1960_SA_SU2012_JB_05 ID:68 R:Vocab:Fraseol:VerbPrep:69 
"<en>"
	"en" Preposition PREP lang:es 00:00:24 00:00:31 tt-1546 AF062_1960_SA_SU2012_JB_05 @Gram:Prep ID:69 
"<español>"
	"español" Noun NC Singular lang:es 00:00:24 00:00:31 tt-1547 AF062_1960_SA_SU2012_JB_05 
"<la>"
	"el" Determiner ART Singular Fem lang:es 00:00:24 00:00:31 tt-1548 AF062_1960_SA_SU2012_JB_05 @Gram:Det:Art 
"<gente>"
	"gente" Noun NC Singular lang:es 00:00:24 00:00:31 tt-1549 AF062_1960_SA_SU2012_JB_05 
"<está>"
	"estar" Verb VEfin Pres Indi Sing 3rd lang:es 00:00:24 00:00:31 tt-1550 AF062_1960_SA_SU2012_JB_05 @Gram:SerEstar:Estar 
"<muy>"
	"muy" Adverb ADV lang:es 00:00:24 00:00:31 tt-1551 AF062_1960_SA_SU2012_JB_05 
"<sorprendida>"
	"sorprender" Verb VLadj lang:es 00:00:24 00:00:31 tt-1552 AF062_1960_SA_SU2012_JB_05 
"<$.>"
	"." Punctuation FS lang:es 00:00:24 00:00:31 tt-1553 AF062_1960_SA_SU2012_JB_05 
</speaker>
<speaker type="int">

"<Aha>"
	"aha" Noun NP Singular lang:es 00:00:31 00:00:34 tt-1554 AF062_1960_SA_SU2012_JB_05 
"<$.>"
	"." Punctuation FS lang:es 00:00:31 00:00:34 tt-1555 AF062_1960_SA_SU2012_JB_05 

"<$¿>"
	"¿" Punctuation FS lang:es 00:00:31 00:00:34 tt-1556 AF062_1960_SA_SU2012_JB_05 
"<Y>"
	"y" Conjunciton Conjunction CC lang:es 00:00:31 00:00:34 tt-1557 AF062_1960_SA_SU2012_JB_05 
"<por>"
	"por" Preposition PREP lang:es 00:00:31 00:00:34 tt-1558 AF062_1960_SA_SU2012_JB_05 @Gram:Prep:Por 
"<qué>"
	"qué" Adverb ADV lang:es 00:00:31 00:00:34 tt-1559 AF062_1960_SA_SU2012_JB_05 
"<es>"
	"ser" Verb VSfin Pres Indi Sing 3rd lang:es 00:00:31 00:00:34 tt-1560 AF062_1960_SA_SU2012_JB_05 @Gram:SerEstar:Ser 
"<importante>"
	"importante" Adjective ADJ Singular lang:es 00:00:31 00:00:34 tt-1561 AF062_1960_SA_SU2012_JB_05 
"<para>"
	"para" Preposition PREP lang:es 00:00:31 00:00:34 tt-1562 AF062_1960_SA_SU2012_JB_05 @Gram:Prep:Para 
"<ti>"
	"tú" Pronoun PPX Singular lang:es 00:00:31 00:00:34 tt-1563 AF062_1960_SA_SU2012_JB_05 
"<ser>"
	"ser" Verb VLinf VSinf Infinitive lang:es 00:00:31 00:00:34 tt-1564 AF062_1960_SA_SU2012_JB_05 @Gram:SerEstar:Ser 
"<mexicana>"
	"mexicano" Adjective ADJ Singular lang:es 00:00:31 00:00:34 tt-1565 AF062_1960_SA_SU2012_JB_05 
"<$?>"
	"?" Punctuation FS lang:es 00:00:31 00:00:34 tt-1566 AF062_1960_SA_SU2012_JB_05 
</speaker>
<speaker type="subj">

"<Pues>"
	"pues" Conjunction CSUBF lang:es 00:00:34 00:00:41 tt-1567 AF062_1960_SA_SU2012_JB_05 
"<,>"
	"," Punctuation CM lang:es 00:00:34 00:00:41 tt-1568 AF062_1960_SA_SU2012_JB_05 
"<eso>"
	"ese" Determiner DM Singular lang:es 00:00:34 00:00:41 tt-1569 AF062_1960_SA_SU2012_JB_05 
"<...>"
	"..." Punctuation DOTS lang:es 00:00:34 00:00:41 tt-1570 AF062_1960_SA_SU2012_JB_05 
"<yo>"
	"yo" Pronoun PPX Singular lang:es 00:00:34 00:00:41 tt-1571 AF062_1960_SA_SU2012_JB_05 @Gram:Pron:Sujeto 
"<nací>"
	"nacer" Verb VLfin Pret Indi Sing 1st lang:es 00:00:34 00:00:41 tt-1572 AF062_1960_SA_SU2012_JB_05 @Gram:Indefinido 
"<mexicana>"
	"mexicano" Adjective ADJ Singular lang:es 00:00:34 00:00:41 tt-1573 AF062_1960_SA_SU2012_JB_05 
"<,>"
	"," Punctuation CM lang:es 00:00:34 00:00:41 tt-1574 AF062_1960_SA_SU2012_JB_05 
<lang code="en">
"<so>"
	"so" Adverb RB lang:en 00:00:34 00:00:41 tt-1575 AF062_1960_SA_SU2012_JB_05 
</lang>
"<para>"
	"para" Preposition PREP lang:es 00:00:34 00:00:41 tt-1576 AF062_1960_SA_SU2012_JB_05 @Gram:Prep:Para 
"<mí>"
	"yo" Pronoun PPX Singular lang:es 00:00:34 00:00:41 tt-1577 AF062_1960_SA_SU2012_JB_05 
"<es>"
	"ser" Verb VSfin Pres Indi Sing 3rd lang:es 00:00:34 00:00:41 tt-1578 AF062_1960_SA_SU2012_JB_05 @Gram:SerEstar:Ser 
"<de>"
	"de" Preposition PREP lang:es 00:00:34 00:00:41 tt-1579 AF062_1960_SA_SU2012_JB_05 @Gram:Prep 
"<importancia>"
	"importancia" Noun NC Singular lang:es 00:00:34 00:00:41 tt-1580 AF062_1960_SA_SU2012_JB_05 
"<muy>"
	"muy" Adverb ADV lang:es 00:00:34 00:00:41 tt-1581 AF062_1960_SA_SU2012_JB_05 
"<grande>"
	"grande" Adjective ADJ Singular lang:es 00:00:34 00:00:41 tt-1582 AF062_1960_SA_SU2012_JB_05 
"<$.>"
	"." Punctuation FS lang:es 00:00:34 00:00:41 tt-1583 AF062_1960_SA_SU2012_JB_05 

"<Yo>"
	"yo" Pronoun PPX Singular lang:es 00:00:34 00:00:41 tt-1584 AF062_1960_SA_SU2012_JB_05 @Gram:Pron:Sujeto 
"<no>"
	"no" Adverb NEG lang:es 00:00:34 00:00:41 tt-1585 AF062_1960_SA_SU2012_JB_05 
"<quisiera>"
	"querer" Verb VLfin Past Subj Sing 1st_or_3rd lang:es 00:00:34 00:00:41 tt-1586 AF062_1960_SA_SU2012_JB_05 @Gram:MSub:Pret 
"<cambiarlo>"
	"cambiar" Verb VLinf Pres Indi Sing 1st lang:es 00:00:42 00:00:49 tt-1587 AF062_1960_SA_SU2012_JB_05 
"<$.>"
	"." Punctuation FS lang:es 00:00:42 00:00:49 tt-1588 AF062_1960_SA_SU2012_JB_05 

"<Me>"
	"yo" Pronoun PPX Singular lang:es 00:00:42 00:00:49 tt-1589 AF062_1960_SA_SU2012_JB_05 @Gram:Pron:Objeto ID:112 R:Gram:Gustar:Propios:113 
"<gusta>"
	"gustar" Verb VLfin Pres Indi Sing 3rd lang:es 00:00:42 00:00:49 tt-1590 AF062_1960_SA_SU2012_JB_05 ID:113 
"<las>"
	"el" Determiner ART Plural Fem lang:es 00:00:42 00:00:49 tt-1591 AF062_1960_SA_SU2012_JB_05 @Gram:Det:Art 
"<...>"
	"..." Punctuation DOTS lang:es 00:00:42 00:00:49 tt-1592 AF062_1960_SA_SU2012_JB_05 
"<las>"
	"el" Determiner ART Plural Fem lang:es 00:00:42 00:00:49 tt-1593 AF062_1960_SA_SU2012_JB_05 @Gram:Det:Art 
"<costumbres>"
	"costumbre" Noun NC Plural lang:es 00:00:42 00:00:49 tt-1594 AF062_1960_SA_SU2012_JB_05 
"<de>"
	"de" Preposition PREP lang:es 00:00:42 00:00:49 tt-1595 AF062_1960_SA_SU2012_JB_05 @Gram:Prep 
"<los>"
	"el" Determiner ART Plural Masc lang:es 00:00:42 00:00:49 tt-1596 AF062_1960_SA_SU2012_JB_05 @Gram:Det:Art 
"<mexicanos>"
	"mexicano" Noun NC Plural lang:es 00:00:42 00:00:49 tt-1597 AF062_1960_SA_SU2012_JB_05 
"<$.>"
	"." Punctuation FS lang:es 00:00:42 00:00:49 tt-1598 AF062_1960_SA_SU2012_JB_05 

"<Me>"
	"yo" Pronoun PPX Singular lang:es 00:00:42 00:00:49 tt-1599 AF062_1960_SA_SU2012_JB_05 @Gram:Pron:Objeto ID:122 R:Gram:Gustar:Propios:123 
"<gustan>"
	"gustar" Verb VLfin Pres Indi Plural 3rd lang:es 00:00:42 00:00:49 tt-1600 AF062_1960_SA_SU2012_JB_05 ID:123 
"<las>"
	"el" Determiner ART Plural Fem lang:es 00:00:42 00:00:49 tt-1601 AF062_1960_SA_SU2012_JB_05 @Gram:Det:Art 
"<comidas>"
	"comida" Noun NC Plural lang:es 00:00:42 00:00:49 tt-1602 AF062_1960_SA_SU2012_JB_05 
"<$.>"
	"." Punctuation FS lang:es 00:00:42 00:00:49 tt-1603 AF062_1960_SA_SU2012_JB_05 

"<Me>"
	"yo" Pronoun PPX Singular lang:es 00:00:42 00:00:49 tt-1604 AF062_1960_SA_SU2012_JB_05 @Gram:Pron:Objeto ID:127 R:Gram:Gustar:Propios:128 
"<gustan>"
	"gustar" Verb VLfin Pres Indi Plural 3rd lang:es 00:00:50 00:00:57 tt-1605 AF062_1960_SA_SU2012_JB_05 ID:128 
"<los>"
	"el" Determiner ART Plural Masc lang:es 00:00:50 00:00:57 tt-1606 AF062_1960_SA_SU2012_JB_05 @Gram:Det:Art 
"<colores>"
	"color" Noun NC Plural lang:es 00:00:50 00:00:57 tt-1607 AF062_1960_SA_SU2012_JB_05 
"<,>"
	"," Punctuation CM lang:es 00:00:50 00:00:57 tt-1608 AF062_1960_SA_SU2012_JB_05 
"<los>"
	"el" Determiner ART Plural Masc lang:es 00:00:50 00:00:57 tt-1609 AF062_1960_SA_SU2012_JB_05 @Gram:Det:Art 
"<...>"
	"..." Punctuation DOTS lang:es 00:00:50 00:00:57 tt-1610 AF062_1960_SA_SU2012_JB_05 
"<las>"
	"el" Determiner ART Plural Fem lang:es 00:00:50 00:00:57 tt-1611 AF062_1960_SA_SU2012_JB_05 @Gram:Det:Art 
"<fiestas>"
	"fiesta" Noun NC Plural lang:es 00:00:50 00:00:57 tt-1612 AF062_1960_SA_SU2012_JB_05 
"<$.>"
	"." Punctuation FS lang:es 00:00:50 00:00:57 tt-1613 AF062_1960_SA_SU2012_JB_05 

"<Todo>"
	"todo" Determiner QU lang:es 00:00:50 00:00:57 tt-1614 AF062_1960_SA_SU2012_JB_05 
"<de>"
	"de" Preposition PREP lang:es 00:00:50 00:00:57 tt-1615 AF062_1960_SA_SU2012_JB_05 @Gram:Prep 
"<mexicano>"
	"mexicano" Adjective ADJ Singular lang:es 00:00:50 00:00:57 tt-1616 AF062_1960_SA_SU2012_JB_05 
"<me>"
	"yo" Pronoun PPX Singular lang:es 00:00:50 00:00:57 tt-1617 AF062_1960_SA_SU2012_JB_05 @Gram:Pron:Objeto ID:140 R:Gram:Gustar:Propios:141 
"<encanta>"
	"encantar" Verb VLfin Pres Indi Sing 3rd lang:es 00:00:50 00:00:57 tt-1618 AF062_1960_SA_SU2012_JB_05 ID:141 
"<$.>"
	"." Punctuation FS lang:es 00:00:50 00:00:57 tt-1619 AF062_1960_SA_SU2012_JB_05 

"<Si>"
	"si" Conjunction CSUBX lang:es 00:00:50 00:00:57 tt-1620 AF062_1960_SA_SU2012_JB_05 
"<era>"
	"ser" Verb VEfin Imp Indi Sing 1st_or_3rd lang:es 00:00:50 00:00:57 tt-1621 AF062_1960_SA_SU2012_JB_05 @Gram:Imperf @Gram:SerEstar:Ser 
"<de>"
	"de" Preposition PREP lang:es 00:00:50 00:00:57 tt-1622 AF062_1960_SA_SU2012_JB_05 @Gram:Prep 
"<otro>"
	"otro" Determiner QU lang:es 00:00:50 00:00:57 tt-1623 AF062_1960_SA_SU2012_JB_05 
"<país>"
	"país" Noun NC Plural lang:es 00:00:50 00:00:57 tt-1624 AF062_1960_SA_SU2012_JB_05 
"<o>"
	"o" Conjunciton Conjunction CC lang:es 00:00:59 00:01:06 tt-1625 AF062_1960_SA_SU2012_JB_05 
"<si>"
	"si" Conjunction CSUBX lang:es 00:00:59 00:01:06 tt-1626 AF062_1960_SA_SU2012_JB_05 
"<mis>"
	"mío" Pronoun PPO Plural lang:es 00:00:59 00:01:06 tt-1627 AF062_1960_SA_SU2012_JB_05 @Gram:Det:Pos 
"<papases>"
	"UNK" Noun NC Plural lang:es 00:00:59 00:01:06 tt-1628 AF062_1960_SA_SU2012_JB_05 
"<eran>"
	"ser" Verb VSfin Imp Indi Plural 3rd lang:es 00:00:59 00:01:06 tt-1629 AF062_1960_SA_SU2012_JB_05 @Gram:Imperf @Gram:SerEstar:Ser 
"<de>"
	"de" Preposition PREP lang:es 00:00:59 00:01:06 tt-1630 AF062_1960_SA_SU2012_JB_05 @Gram:Prep 
"<otro>"
	"otro" Determiner QU lang:es 00:00:59 00:01:06 tt-1631 AF062_1960_SA_SU2012_JB_05 
"<país>"
	"país" Noun NC Plural lang:es 00:00:59 00:01:06 tt-1632 AF062_1960_SA_SU2012_JB_05 
"<,>"
	"," Punctuation CM lang:es 00:00:59 00:01:06 tt-1633 AF062_1960_SA_SU2012_JB_05 
"<quizás>"
	"quizás" Adverb ADV lang:es 00:00:59 00:01:06 tt-1634 AF062_1960_SA_SU2012_JB_05 @Prag:MarcadoresDisc:Probabilidad 
"<también>"
	"también" Adverb ADV lang:es 00:00:59 00:01:06 tt-1635 AF062_1960_SA_SU2012_JB_05 @Prag:MarcadoresDisc:Igualdad 
"<estuviera>"
	"estar" Verb VEfin Past Subj Sing 1st_or_3rd lang:es 00:00:59 00:01:06 tt-1636 AF062_1960_SA_SU2012_JB_05 @Gram:MSub:Pret @Gram:SerEstar:Estar 
"<tan>"
	"tan" Adverb ADV lang:es 00:00:59 00:01:06 tt-1637 AF062_1960_SA_SU2012_JB_05 
"<encantada>"
	"encantar" Verb VLadj lang:es 00:00:59 00:01:06 tt-1638 AF062_1960_SA_SU2012_JB_05 
"<de>"
	"de" Preposition PREP lang:es 00:00:59 00:01:06 tt-1639 AF062_1960_SA_SU2012_JB_05 @Gram:Prep 
"<ser>"
	"ser" Verb VLinf VSinf Infinitive lang:es 00:00:59 00:01:06 tt-1640 AF062_1960_SA_SU2012_JB_05 @Gram:SerEstar:Ser 
"<...>"
	"..." Punctuation DOTS lang:es 00:00:59 00:01:06 tt-1641 AF062_1960_SA_SU2012_JB_05 
"<como>"
	"como" Adverb ADV lang:es 00:00:59 00:01:06 tt-1642 AF062_1960_SA_SU2012_JB_05 
"<Alemania>"
	"Alemania" Noun NP Singular lang:es 00:01:06 00:01:12 tt-1643 AF062_1960_SA_SU2012_JB_05 
"<$.>"
	"." Punctuation FS lang:es 00:01:06 00:01:12 tt-1644 AF062_1960_SA_SU2012_JB_05 

"<Pero>"
	"pero" Conjunction CCAD lang:es 00:01:06 00:01:12 tt-1645 AF062_1960_SA_SU2012_JB_05 @Prag:MarcadoresDisc:Revision 
"<soy>"
	"ser" Verb VSfin Pres Indi Sing 1st lang:es 00:01:06 00:01:12 tt-1646 AF062_1960_SA_SU2012_JB_05 @Gram:SerEstar:Ser 
"<mexicana>"
	"mexicano" Adjective ADJ Singular lang:es 00:01:06 00:01:12 tt-1647 AF062_1960_SA_SU2012_JB_05 
"<y>"
	"y" Conjunciton Conjunction CC lang:es 00:01:06 00:01:12 tt-1648 AF062_1960_SA_SU2012_JB_05 
"<esos>"
	"ese" Determiner DM Plural lang:es 00:01:06 00:01:12 tt-1649 AF062_1960_SA_SU2012_JB_05 
"<son>"
	"ser" Verb VSfin Pres Indi Plural 3rd lang:es 00:01:06 00:01:12 tt-1650 AF062_1960_SA_SU2012_JB_05 @Gram:SerEstar:Ser 
"<de>"
	"de" Preposition PREP lang:es 00:01:06 00:01:12 tt-1651 AF062_1960_SA_SU2012_JB_05 @Gram:Prep 
"<donde>"
	"donde" Adverb ADV lang:es 00:01:06 00:01:12 tt-1652 AF062_1960_SA_SU2012_JB_05 
"<vine>"
	"venir" Verb VLfin Pret Indi Sing 1st lang:es 00:01:06 00:01:12 tt-1653 AF062_1960_SA_SU2012_JB_05 @Gram:Indefinido 
"<y>"
	"y" Conjunciton Conjunction CC lang:es 00:01:06 00:01:12 tt-1654 AF062_1960_SA_SU2012_JB_05 
"<es>"
	"ser" Verb VSfin Pres Indi Sing 3rd lang:es 00:01:06 00:01:12 tt-1655 AF062_1960_SA_SU2012_JB_05 @Gram:SerEstar:Ser 
"<lo>"
	"el" Determiner ART Singular lang:es 00:01:06 00:01:12 tt-1656 AF062_1960_SA_SU2012_JB_05 ID:179 R:Gram:Det:LoAdj:180 
"<que>"
	"que" Conjunction CQUE lang:es 00:01:06 00:01:12 tt-1657 AF062_1960_SA_SU2012_JB_05 ID:180 
"<me>"
	"yo" Pronoun PPX Singular lang:es 00:01:06 00:01:12 tt-1658 AF062_1960_SA_SU2012_JB_05 @Gram:Pron:Objeto ID:181 R:Gram:Gustar:Propios:182 
"<gusta>"
	"gustar" Verb VLfin Pres Indi Sing 3rd lang:es 00:01:06 00:01:12 tt-1659 AF062_1960_SA_SU2012_JB_05 ID:182 
"<$.>"
	"." Punctuation FS lang:es 00:01:06 00:01:12 tt-1660 AF062_1960_SA_SU2012_JB_05 
</speaker>
</text>

