<text id="AF062_1960_SA_SU2012_JB_08">
<speaker type="int">
"<$¿>"
	"¿" Punctuation FS lang:es 00:00:00 00:00:02 tt-3427 AF062_1960_SA_SU2012_JB_08 
"<Y>"
	"y" Conjunciton Conjunction CC lang:es 00:00:00 00:00:02 tt-3428 AF062_1960_SA_SU2012_JB_08 
"<cómo>"
	"cómo" Adverb ADV lang:es 00:00:00 00:00:02 tt-3429 AF062_1960_SA_SU2012_JB_08 
"<era>"
	"ser" Verb VEfin Imp Indi Sing 1st_or_3rd lang:es 00:00:00 00:00:02 tt-3430 AF062_1960_SA_SU2012_JB_08 @Gram:Imperf @Gram:SerEstar:Ser 
"<su>"
	"suyo" Pronoun PPO Singular lang:es 00:00:00 00:00:02 tt-3431 AF062_1960_SA_SU2012_JB_08 @Gram:Det:Pos 
"<tía>"
	"tío" Noun NC Singular lang:es 00:00:00 00:00:02 tt-3432 AF062_1960_SA_SU2012_JB_08 
"<$?>"
	"?" Punctuation FS lang:es 00:00:00 00:00:02 tt-3433 AF062_1960_SA_SU2012_JB_08 
</speaker>
<speaker type="subj">

"<Oh>"
	"oh" Other UH lang:en 00:00:02 00:00:09 tt-3434 AF062_1960_SA_SU2012_JB_08 
"<mi>"
	"mío" Pronoun PPO Singular lang:es 00:00:02 00:00:09 tt-3435 AF062_1960_SA_SU2012_JB_08 @Gram:Det:Pos 
"<tía>"
	"tío" Noun NC Singular lang:es 00:00:02 00:00:09 tt-3436 AF062_1960_SA_SU2012_JB_08 
"<era>"
	"ser" Verb VEfin Imp Indi Sing 1st_or_3rd lang:es 00:00:02 00:00:09 tt-3437 AF062_1960_SA_SU2012_JB_08 @Gram:Imperf @Gram:SerEstar:Ser 
"<...>"
	"..." Punctuation DOTS lang:es 00:00:02 00:00:09 tt-3438 AF062_1960_SA_SU2012_JB_08 
"<ella>"
	"él" Pronoun PPX Singular lang:es 00:00:02 00:00:09 tt-3439 AF062_1960_SA_SU2012_JB_08 @Gram:Pron:Sujeto 
"<era>"
	"ser" Verb VEfin Imp Indi Sing 1st_or_3rd lang:es 00:00:02 00:00:09 tt-3440 AF062_1960_SA_SU2012_JB_08 @Gram:Imperf @Gram:SerEstar:Ser 
"<siete>"
	"siete" Determiner CARD Singular lang:es 00:00:02 00:00:09 tt-3441 AF062_1960_SA_SU2012_JB_08 
"<años>"
	"año" Noun NC Plural lang:es 00:00:02 00:00:09 tt-3442 AF062_1960_SA_SU2012_JB_08 
"<más>"
	"más" Adverb ADV lang:es 00:00:02 00:00:09 tt-3443 AF062_1960_SA_SU2012_JB_08 
"<grande>"
	"grande" Adjective ADJ Singular lang:es 00:00:02 00:00:09 tt-3444 AF062_1960_SA_SU2012_JB_08 
"<de>"
	"de" Preposition PREP lang:es 00:00:02 00:00:09 tt-3445 AF062_1960_SA_SU2012_JB_08 @Gram:Prep 
"<mi>"
	"mío" Pronoun PPO Singular lang:es 00:00:02 00:00:09 tt-3446 AF062_1960_SA_SU2012_JB_08 @Gram:Det:Pos 
"<tío>"
	"tío" Noun NC Singular lang:es 00:00:02 00:00:09 tt-3447 AF062_1960_SA_SU2012_JB_08 
"<$.>"
	"." Punctuation FS lang:es 00:00:02 00:00:09 tt-3448 AF062_1960_SA_SU2012_JB_08 

"<Y>"
	"y" Conjunciton Conjunction CC lang:es 00:00:02 00:00:09 tt-3449 AF062_1960_SA_SU2012_JB_08 
"<no>"
	"no" Adverb NEG lang:es 00:00:02 00:00:09 tt-3450 AF062_1960_SA_SU2012_JB_08 
"<tuvieron>"
	"tener" Verb VLfin Pret Indi Plural 3rd lang:es 00:00:02 00:00:09 tt-3451 AF062_1960_SA_SU2012_JB_08 @Gram:Indefinido 
"<hijos>"
	"hijo" Noun NC Plural lang:es 00:00:02 00:00:09 tt-3452 AF062_1960_SA_SU2012_JB_08 
"<$.>"
	"." Punctuation FS lang:es 00:00:02 00:00:09 tt-3453 AF062_1960_SA_SU2012_JB_08 

"<Yo>"
	"yo" Pronoun PPX Singular lang:es 00:00:02 00:00:09 tt-3454 AF062_1960_SA_SU2012_JB_08 @Gram:Pron:Sujeto 
"<era>"
	"ser" Verb VEfin Imp Indi Sing 1st_or_3rd lang:es 00:00:12 00:00:19 tt-3455 AF062_1960_SA_SU2012_JB_08 @Gram:Imperf @Gram:SerEstar:Ser 
"<...>"
	"..." Punctuation DOTS lang:es 00:00:12 00:00:19 tt-3456 AF062_1960_SA_SU2012_JB_08 
"<yo>"
	"yo" Pronoun PPX Singular lang:es 00:00:12 00:00:19 tt-3457 AF062_1960_SA_SU2012_JB_08 @Gram:Pron:Sujeto 
"<era>"
	"ser" Verb VEfin Imp Indi Sing 1st_or_3rd lang:es 00:00:12 00:00:19 tt-3458 AF062_1960_SA_SU2012_JB_08 @Gram:Imperf @Gram:SerEstar:Ser 
"<la>"
	"el" Determiner ART Singular Fem lang:es 00:00:12 00:00:19 tt-3459 AF062_1960_SA_SU2012_JB_08 @Gram:Det:Art 
"<solamente>"
	"solamente" Adverb ADV lang:es 00:00:12 00:00:19 tt-3460 AF062_1960_SA_SU2012_JB_08 
"<$.>"
	"." Punctuation FS lang:es 00:00:12 00:00:19 tt-3461 AF062_1960_SA_SU2012_JB_08 

"<Y>"
	"y" Conjunciton Conjunction CC lang:es 00:00:12 00:00:19 tt-3462 AF062_1960_SA_SU2012_JB_08 
"<ella>"
	"él" Pronoun PPX Singular lang:es 00:00:12 00:00:19 tt-3463 AF062_1960_SA_SU2012_JB_08 @Gram:Pron:Sujeto 
"<era>"
	"ser" Verb VEfin Imp Indi Sing 1st_or_3rd lang:es 00:00:12 00:00:19 tt-3464 AF062_1960_SA_SU2012_JB_08 @Gram:Imperf @Gram:SerEstar:Ser 
"<...>"
	"..." Punctuation DOTS lang:es 00:00:12 00:00:19 tt-3465 AF062_1960_SA_SU2012_JB_08 
"<uhm>"
	"UNK" Noun NP Singular lang:es 00:00:12 00:00:19 tt-3466 AF062_1960_SA_SU2012_JB_08 
"<...>"
	"..." Punctuation DOTS lang:es 00:00:12 00:00:19 tt-3467 AF062_1960_SA_SU2012_JB_08 
"<estudió>"
	"estudiar" Verb VLfin Pret Indi Sing 3rd lang:es 00:00:12 00:00:19 tt-3468 AF062_1960_SA_SU2012_JB_08 @Gram:Indefinido 
"<,>"
	"," Punctuation CM lang:es 00:00:12 00:00:19 tt-3469 AF062_1960_SA_SU2012_JB_08 
"<trabajó>"
	"trabajar" Verb VLfin Pret Indi Sing 3rd lang:es 00:00:12 00:00:19 tt-3470 AF062_1960_SA_SU2012_JB_08 @Gram:Indefinido 
"<todos>"
	"todo" Determiner QU lang:es 00:00:12 00:00:19 tt-3471 AF062_1960_SA_SU2012_JB_08 ID:45 R:Gram:Det:Combi:46 
"<sus>"
	"suyo" Pronoun PPO Plural lang:es 00:00:12 00:00:19 tt-3472 AF062_1960_SA_SU2012_JB_08 @Gram:Det:Pos ID:46 
"<años>"
	"año" Noun NC Plural lang:es 00:00:12 00:00:19 tt-3473 AF062_1960_SA_SU2012_JB_08 
"<$.>"
	"." Punctuation FS lang:es 00:00:12 00:00:19 tt-3474 AF062_1960_SA_SU2012_JB_08 

"<Trabajó>"
	"trabajar" Verb VLfin Pret Indi Sing 3rd lang:es 00:00:12 00:00:19 tt-3475 AF062_1960_SA_SU2012_JB_08 @Gram:Indefinido 
"<por>"
	"por" Preposition PREP lang:es 00:00:12 00:00:19 tt-3476 AF062_1960_SA_SU2012_JB_08 @Gram:Prep:Por 
"<su>"
	"suyo" Pronoun PPO Singular lang:es 00:00:12 00:00:19 tt-3477 AF062_1960_SA_SU2012_JB_08 @Gram:Det:Pos 
"<papá>"
	"papá" Noun NC Singular lang:es 00:00:12 00:00:19 tt-3478 AF062_1960_SA_SU2012_JB_08 
"<que>"
	"que" Conjunction CQUE lang:es 00:00:24 00:00:31 tt-3479 AF062_1960_SA_SU2012_JB_08 
"<tenía>"
	"tener" Verb VLfin Imp Indi Sing 1st_or_3rd lang:es 00:00:24 00:00:31 tt-3480 AF062_1960_SA_SU2012_JB_08 @Gram:Imperf 
"<la>"
	"el" Determiner ART Singular Fem lang:es 00:00:24 00:00:31 tt-3481 AF062_1960_SA_SU2012_JB_08 @Gram:Det:Art 
"<ferretería>"
	"UNK" Noun NC Singular lang:es 00:00:24 00:00:31 tt-3482 AF062_1960_SA_SU2012_JB_08 
"<$.>"
	"." Punctuation FS lang:es 00:00:24 00:00:31 tt-3483 AF062_1960_SA_SU2012_JB_08 

"<Ella>"
	"él" Pronoun PPX Singular lang:es 00:00:24 00:00:31 tt-3484 AF062_1960_SA_SU2012_JB_08 @Gram:Pron:Sujeto 
"<era>"
	"ser" Verb VEfin Imp Indi Sing 1st_or_3rd lang:es 00:00:24 00:00:31 tt-3485 AF062_1960_SA_SU2012_JB_08 @Gram:Imperf @Gram:SerEstar:Ser 
"<...>"
	"..." Punctuation DOTS lang:es 00:00:24 00:00:31 tt-3486 AF062_1960_SA_SU2012_JB_08 
"<era>"
	"ser" Verb VEfin Imp Indi Sing 1st_or_3rd lang:es 00:00:24 00:00:31 tt-3487 AF062_1960_SA_SU2012_JB_08 @Gram:Imperf @Gram:SerEstar:Ser 
"<bien>"
	"bien" Adverb ADV lang:es 00:00:24 00:00:31 tt-3488 AF062_1960_SA_SU2012_JB_08 
"<güera>"
	"güero" Adjective ADJ Singular lang:es 00:00:24 00:00:31 tt-3489 AF062_1960_SA_SU2012_JB_08 
"<$.>"
	"." Punctuation FS lang:es 00:00:24 00:00:31 tt-3490 AF062_1960_SA_SU2012_JB_08 

"<Y>"
	"y" Conjunciton Conjunction CC lang:es 00:00:24 00:00:31 tt-3491 AF062_1960_SA_SU2012_JB_08 
"<todo>"
	"todo" Determiner QU lang:es 00:00:24 00:00:31 tt-3492 AF062_1960_SA_SU2012_JB_08 ID:66 R:Gram:Det:Combi:67 
"<el>"
	"el" Determiner ART Singular Masc lang:es 00:00:24 00:00:31 tt-3493 AF062_1960_SA_SU2012_JB_08 @Gram:Det:Art ID:67 
"<mundo>"
	"mundo" Noun NC Singular lang:es 00:00:24 00:00:31 tt-3494 AF062_1960_SA_SU2012_JB_08 
"<la>"
	"la" Other PE lang:es 00:00:24 00:00:31 tt-3495 AF062_1960_SA_SU2012_JB_08 
"<...>"
	"..." Punctuation DOTS lang:es 00:00:24 00:00:31 tt-3496 AF062_1960_SA_SU2012_JB_08 
"<la>"
	"la" Other PE lang:es 00:00:24 00:00:31 tt-3497 AF062_1960_SA_SU2012_JB_08 
"<quería>"
	"querer" Verb VLfin Imp Indi Sing 1st_or_3rd lang:es 00:00:24 00:00:31 tt-3498 AF062_1960_SA_SU2012_JB_08 @Gram:Imperf 
"<$.>"
	"." Punctuation FS lang:es 00:00:24 00:00:31 tt-3499 AF062_1960_SA_SU2012_JB_08 

"<Y>"
	"y" Conjunciton Conjunction CC lang:es 00:00:35 00:00:42 tt-3500 AF062_1960_SA_SU2012_JB_08 
"<hasta>"
	"hasta" Preposition PREP lang:es 00:00:35 00:00:42 tt-3501 AF062_1960_SA_SU2012_JB_08 @Gram:Prep 
"<el>"
	"el" Determiner ART Singular Masc lang:es 00:00:35 00:00:42 tt-3502 AF062_1960_SA_SU2012_JB_08 @Gram:Det:Art ID:76 R:Gram:Genero:ExcepMasc:77 
"<día>"
	"día" Noun NC Singular lang:es 00:00:35 00:00:42 tt-3503 AF062_1960_SA_SU2012_JB_08 ID:77 
"<que>"
	"que" Conjunction CQUE lang:es 00:00:35 00:00:42 tt-3504 AF062_1960_SA_SU2012_JB_08 
"<murió>"
	"morir" Verb VLfin Pret Indi Sing 3rd lang:es 00:00:35 00:00:42 tt-3505 AF062_1960_SA_SU2012_JB_08 @Gram:Indefinido 
"<era>"
	"ser" Verb VEfin Imp Indi Sing 1st_or_3rd lang:es 00:00:35 00:00:42 tt-3506 AF062_1960_SA_SU2012_JB_08 @Gram:Imperf @Gram:SerEstar:Ser 
"<voluntaria>"
	"voluntario" Adjective ADJ Singular lang:es 00:00:35 00:00:42 tt-3507 AF062_1960_SA_SU2012_JB_08 
"<en>"
	"en" Preposition PREP lang:es 00:00:35 00:00:42 tt-3508 AF062_1960_SA_SU2012_JB_08 @Gram:Prep 
"<el>"
	"el" Determiner ART Singular Masc lang:es 00:00:35 00:00:42 tt-3509 AF062_1960_SA_SU2012_JB_08 @Gram:Det:Art 
"<hospital>"
	"hospital" Noun NC Singular lang:es 00:00:35 00:00:42 tt-3510 AF062_1960_SA_SU2012_JB_08 
"<$.>"
	"." Punctuation FS lang:es 00:00:35 00:00:42 tt-3511 AF062_1960_SA_SU2012_JB_08 

"<Era>"
	"ser" Verb VEfin Imp Indi Sing 1st_or_3rd lang:es 00:00:35 00:00:42 tt-3512 AF062_1960_SA_SU2012_JB_08 @Gram:Imperf @Gram:SerEstar:Ser 
"<la>"
	"el" Determiner ART Singular Fem lang:es 00:00:35 00:00:42 tt-3513 AF062_1960_SA_SU2012_JB_08 @Gram:Det:Art 
"<líder>"
	"líder" Noun NC Singular lang:es 00:00:35 00:00:42 tt-3514 AF062_1960_SA_SU2012_JB_08 
"<de>"
	"de" Preposition PREP lang:es 00:00:35 00:00:42 tt-3515 AF062_1960_SA_SU2012_JB_08 @Gram:Prep 
<lang code="en">
"<Camps>"
	"Camps" Noun NP Plural lang:en 00:00:35 00:00:42 tt-3516 AF062_1960_SA_SU2012_JB_08 
</lang>
"<...>"
	"..." Punctuation DOTS lang:es 00:00:35 00:00:42 tt-3517 AF062_1960_SA_SU2012_JB_08 
<lang code="en">
"<ah>"
	"UNK" Noun NN lang:en 00:00:35 00:00:42 tt-3518 AF062_1960_SA_SU2012_JB_08 
</lang>
"<...>"
	"..." Punctuation DOTS lang:es 00:00:35 00:00:42 tt-3519 AF062_1960_SA_SU2012_JB_08 
"<Campfire>"
	"UNK" Noun NP Singular lang:es 00:00:35 00:00:42 tt-3520 AF062_1960_SA_SU2012_JB_08 
<lang code="en">
"<Girls>"
	"UNK" Noun NP Plural lang:en 00:00:44 00:00:51 tt-3521 AF062_1960_SA_SU2012_JB_08 
</lang>
"<$.>"
	"." Punctuation FS lang:es 00:00:44 00:00:51 tt-3522 AF062_1960_SA_SU2012_JB_08 

"<Siempre>"
	"siempre" Adverb ADV lang:es 00:00:44 00:00:51 tt-3523 AF062_1960_SA_SU2012_JB_08 
"<estaba>"
	"estar" Verb VEfin Imp Indi Sing 1st_or_3rd lang:es 00:00:44 00:00:51 tt-3524 AF062_1960_SA_SU2012_JB_08 @Gram:Imperf @Gram:SerEstar:Estar 
"<en>"
	"en" Preposition PREP lang:es 00:00:44 00:00:51 tt-3525 AF062_1960_SA_SU2012_JB_08 @Gram:Prep 
"<todo>"
	"todo" Determiner QU lang:es 00:00:44 00:00:51 tt-3526 AF062_1960_SA_SU2012_JB_08 
"<$.>"
	"." Punctuation FS lang:es 00:00:44 00:00:51 tt-3527 AF062_1960_SA_SU2012_JB_08 
<lang code="en">

"<So>"
	"so" Adverb RB lang:en 00:00:44 00:00:51 tt-3528 AF062_1960_SA_SU2012_JB_08 
</lang>
"<,>"
	"," Punctuation CM lang:es 00:00:44 00:00:51 tt-3529 AF062_1960_SA_SU2012_JB_08 
"<era>"
	"ser" Verb VEfin Imp Indi Sing 1st_or_3rd lang:es 00:00:44 00:00:51 tt-3530 AF062_1960_SA_SU2012_JB_08 @Gram:Imperf @Gram:SerEstar:Ser 
"<una>"
	"un" Determiner ART Singular lang:es 00:00:44 00:00:51 tt-3531 AF062_1960_SA_SU2012_JB_08 
"<gran>"
	"grande" Adjective ADJ Singular lang:es 00:00:44 00:00:51 tt-3532 AF062_1960_SA_SU2012_JB_08 
"<voluntaria>"
	"voluntario" Adjective ADJ Singular lang:es 00:00:44 00:00:51 tt-3533 AF062_1960_SA_SU2012_JB_08 
"<en>"
	"en" Preposition PREP lang:es 00:00:44 00:00:51 tt-3534 AF062_1960_SA_SU2012_JB_08 @Gram:Prep 
"<la>"
	"el" Determiner ART Singular Fem lang:es 00:00:44 00:00:51 tt-3535 AF062_1960_SA_SU2012_JB_08 @Gram:Det:Art 
"<comunidad>"
	"comunidad" Noun NC Singular lang:es 00:00:44 00:00:51 tt-3536 AF062_1960_SA_SU2012_JB_08 
"<y>"
	"y" Conjunciton Conjunction CC lang:es 00:00:44 00:00:51 tt-3537 AF062_1960_SA_SU2012_JB_08 
<lang code="en">
"<ah>"
	"UNK" Noun NN lang:en 00:00:44 00:00:51 tt-3538 AF062_1960_SA_SU2012_JB_08 
</lang>
"<...>"
	"..." Punctuation DOTS lang:es 00:00:44 00:00:51 tt-3539 AF062_1960_SA_SU2012_JB_08 
"<siempre>"
	"siempre" Adverb ADV lang:es 00:00:44 00:00:51 tt-3540 AF062_1960_SA_SU2012_JB_08 
"<estaba>"
	"estar" Verb VEfin Imp Indi Sing 1st_or_3rd lang:es 00:00:53 00:00:59 tt-3541 AF062_1960_SA_SU2012_JB_08 @Gram:Imperf @Gram:SerEstar:Estar ID:115 R:Gram:SerEstar:EstarAux:116 
"<dando>"
	"dar" Verb VLger lang:es 00:00:53 00:00:59 tt-3542 AF062_1960_SA_SU2012_JB_08 ID:116 
"<servicio>"
	"servicio" Noun NC Singular lang:es 00:00:53 00:00:59 tt-3543 AF062_1960_SA_SU2012_JB_08 
"<a>"
	"a" Preposition PREP lang:es 00:00:53 00:00:59 tt-3544 AF062_1960_SA_SU2012_JB_08 @Gram:Prep 
"<la>"
	"el" Determiner ART Singular Fem lang:es 00:00:53 00:00:59 tt-3545 AF062_1960_SA_SU2012_JB_08 @Gram:Det:Art 
"<comunidad>"
	"comunidad" Noun NC Singular lang:es 00:00:53 00:00:59 tt-3546 AF062_1960_SA_SU2012_JB_08 
"<y>"
	"y" Conjunciton Conjunction CC lang:es 00:00:53 00:00:59 tt-3547 AF062_1960_SA_SU2012_JB_08 
"<por>"
	"por" Preposition PREP lang:es 00:00:53 00:00:59 tt-3548 AF062_1960_SA_SU2012_JB_08 @Gram:Prep:Por 
"<eso>"
	"ese" Determiner DM Singular lang:es 00:00:53 00:00:59 tt-3549 AF062_1960_SA_SU2012_JB_08 @Gram:Det:Demo 
"<yo>"
	"yo" Pronoun PPX Singular lang:es 00:00:53 00:00:59 tt-3550 AF062_1960_SA_SU2012_JB_08 @Gram:Pron:Sujeto 
"<creo>"
	"crear|creer" Verb VLfin Pres Indi Sing 1st lang:es 00:00:53 00:00:59 tt-3551 AF062_1960_SA_SU2012_JB_08 
"<que>"
	"que" Conjunction CQUE lang:es 00:00:53 00:00:59 tt-3552 AF062_1960_SA_SU2012_JB_08 
"<hasta>"
	"hasta" Preposition PREP lang:es 00:00:53 00:00:59 tt-3553 AF062_1960_SA_SU2012_JB_08 @Gram:Prep 
"<el>"
	"el" Determiner ART Singular Masc lang:es 00:00:53 00:00:59 tt-3554 AF062_1960_SA_SU2012_JB_08 @Gram:Det:Art ID:128 R:Gram:Genero:ExcepMasc:129 
"<día>"
	"día" Noun NC Singular lang:es 00:00:53 00:00:59 tt-3555 AF062_1960_SA_SU2012_JB_08 ID:129 
"<hoy>"
	"hoy" Adverb ADV lang:es 00:00:53 00:00:59 tt-3556 AF062_1960_SA_SU2012_JB_08 
"<de>"
	"de" Preposition PREP lang:es 00:00:53 00:00:59 tt-3557 AF062_1960_SA_SU2012_JB_08 @Gram:Prep 
"<mi>"
	"mío" Pronoun PPO Singular lang:es 00:00:53 00:00:59 tt-3558 AF062_1960_SA_SU2012_JB_08 
"<...>"
	"..." Punctuation DOTS lang:es 00:00:53 00:00:59 tt-3559 AF062_1960_SA_SU2012_JB_08 
"<porque>"
	"porque" Conjunction CSUBX lang:es 00:00:53 00:00:59 tt-3560 AF062_1960_SA_SU2012_JB_08 @Prag:MarcadoresDisc:Causa 
"<yo>"
	"yo" Pronoun PPX Singular lang:es 00:00:59 00:01:03 tt-3561 AF062_1960_SA_SU2012_JB_08 @Gram:Pron:Sujeto 
"<todo>"
	"todo" Determiner QU lang:es 00:00:59 00:01:03 tt-3562 AF062_1960_SA_SU2012_JB_08 
"<...>"
	"..." Punctuation DOTS lang:es 00:00:59 00:01:03 tt-3563 AF062_1960_SA_SU2012_JB_08 
"<hago>"
	"hacer" Verb VLfin Pres Indi Sing 1st lang:es 00:00:59 00:01:03 tt-3564 AF062_1960_SA_SU2012_JB_08 
"<todo>"
	"todo" Determiner QU lang:es 00:00:59 00:01:03 tt-3565 AF062_1960_SA_SU2012_JB_08 ID:139 R:Gram:Det:Combi:140 
"<eso>"
	"ese" Determiner DM Singular lang:es 00:00:59 00:01:03 tt-3566 AF062_1960_SA_SU2012_JB_08 ID:140 
"<porque>"
	"porque" Conjunction CSUBX lang:es 00:00:59 00:01:03 tt-3567 AF062_1960_SA_SU2012_JB_08 @Prag:MarcadoresDisc:Causa 
"<estoy>"
	"estar" Verb VEfin Pres Indi Sing 1st lang:es 00:00:59 00:01:03 tt-3568 AF062_1960_SA_SU2012_JB_08 @Gram:SerEstar:Estar 
<lang code="en">
"<ah>"
	"UNK" Noun NN lang:en 00:00:59 00:01:03 tt-3569 AF062_1960_SA_SU2012_JB_08 
</lang>
"<...>"
	"..." Punctuation DOTS lang:es 00:00:59 00:01:03 tt-3570 AF062_1960_SA_SU2012_JB_08 
"<entre>"
	"entre" Preposition PREP lang:es 00:00:59 00:01:03 tt-3571 AF062_1960_SA_SU2012_JB_08 @Gram:Prep 
"<todo>"
	"todo" Determiner QU lang:es 00:00:59 00:01:03 tt-3572 AF062_1960_SA_SU2012_JB_08 
"<...>"
	"..." Punctuation DOTS lang:es 00:00:59 00:01:03 tt-3573 AF062_1960_SA_SU2012_JB_08 
</speaker>
<speaker type="int">
"<Sí>"
	"sí" Adverb ADV lang:es 00:01:03 00:01:04 tt-3574 AF062_1960_SA_SU2012_JB_08 
"<$.>"
	"." Punctuation FS lang:es 00:01:03 00:01:04 tt-3575 AF062_1960_SA_SU2012_JB_08 
</speaker>
<speaker type="subj">

"<...>"
	"..." Punctuation DOTS lang:es 00:01:04 00:01:07 tt-3576 AF062_1960_SA_SU2012_JB_08 
"<Aquí>"
	"aquí" Adverb ADV lang:es 00:01:04 00:01:07 tt-3577 AF062_1960_SA_SU2012_JB_08 
"<en>"
	"en" Preposition PREP lang:es 00:01:04 00:01:07 tt-3578 AF062_1960_SA_SU2012_JB_08 @Gram:Prep 
"<la>"
	"el" Determiner ART Singular Fem lang:es 00:01:04 00:01:07 tt-3579 AF062_1960_SA_SU2012_JB_08 @Gram:Det:Art 
"<ciudad>"
	"ciudad" Noun NC Singular lang:es 00:01:04 00:01:07 tt-3580 AF062_1960_SA_SU2012_JB_08 
"<también>"
	"también" Adverb ADV lang:es 00:01:04 00:01:07 tt-3581 AF062_1960_SA_SU2012_JB_08 @Prag:MarcadoresDisc:Igualdad 
"<$.>"
	"." Punctuation FS lang:es 00:01:04 00:01:07 tt-3582 AF062_1960_SA_SU2012_JB_08 
</speaker>
<speaker type="int">

"<$¿>"
	"¿" Punctuation FS lang:es 00:01:07 00:01:11 tt-3583 AF062_1960_SA_SU2012_JB_08 
"<Cuál>"
	"cuál" Pronoun INT Singular lang:es 00:01:07 00:01:11 tt-3584 AF062_1960_SA_SU2012_JB_08 
"<es>"
	"ser" Verb VSfin Pres Indi Sing 3rd lang:es 00:01:07 00:01:11 tt-3585 AF062_1960_SA_SU2012_JB_08 @Gram:SerEstar:Ser 
"<uno>"
	"uno" Determiner CARD Singular lang:es 00:01:07 00:01:11 tt-3586 AF062_1960_SA_SU2012_JB_08 @Gram:Det:CuantIndef 
"<de>"
	"de" Preposition PREP lang:es 00:01:07 00:01:11 tt-3587 AF062_1960_SA_SU2012_JB_08 @Gram:Prep 
"<sus>"
	"suyo" Pronoun PPO Plural lang:es 00:01:07 00:01:11 tt-3588 AF062_1960_SA_SU2012_JB_08 @Gram:Det:Pos 
"<causas>"
	"causa" Noun NC Plural lang:es 00:01:07 00:01:11 tt-3589 AF062_1960_SA_SU2012_JB_08 
"<favoritas>"
	"favorito" Adjective ADJ Plural lang:es 00:01:07 00:01:11 tt-3590 AF062_1960_SA_SU2012_JB_08 
"<de>"
	"de" Preposition PREP lang:es 00:01:07 00:01:11 tt-3591 AF062_1960_SA_SU2012_JB_08 @Gram:Prep 
"<voluntariado>"
	"voluntariado" Noun NC Singular lang:es 00:01:07 00:01:11 tt-3592 AF062_1960_SA_SU2012_JB_08 
"<$?>"
	"?" Punctuation FS lang:es 00:01:07 00:01:11 tt-3593 AF062_1960_SA_SU2012_JB_08 
</speaker>
<speaker type="subj">

"<El>"
	"el" Determiner ART Singular Masc lang:es 00:01:11 00:01:18 tt-3594 AF062_1960_SA_SU2012_JB_08 @Gram:Det:Art 
"<...>"
	"..." Punctuation DOTS lang:es 00:01:11 00:01:18 tt-3595 AF062_1960_SA_SU2012_JB_08 
"<esos>"
	"ese" Determiner DM Plural lang:es 00:01:11 00:01:18 tt-3596 AF062_1960_SA_SU2012_JB_08 
"<...>"
	"..." Punctuation DOTS lang:es 00:01:11 00:01:18 tt-3597 AF062_1960_SA_SU2012_JB_08 
"<Asociación>"
	"asociación" Noun NC Singular lang:es 00:01:11 00:01:18 tt-3598 AF062_1960_SA_SU2012_JB_08 
"<del>"
	"del" Preposition PDEL lang:es 00:01:11 00:01:18 tt-3599 AF062_1960_SA_SU2012_JB_08 @Gram:Prep 
<lang code="en">
"<American>"
	"American" Noun NP Singular lang:en 00:01:11 00:01:18 tt-3600 AF062_1960_SA_SU2012_JB_08 
"<Diabetes>"
	"UNK" Noun NP Plural lang:en 00:01:11 00:01:18 tt-3601 AF062_1960_SA_SU2012_JB_08 
</lang>
"<$.>"
	"." Punctuation FS lang:es 00:01:11 00:01:18 tt-3602 AF062_1960_SA_SU2012_JB_08 

"<El>"
	"el" Determiner ART Singular Masc lang:es 00:01:11 00:01:18 tt-3603 AF062_1960_SA_SU2012_JB_08 @Gram:Det:Art 
"<de>"
	"de" Preposition PREP lang:es 00:01:11 00:01:18 tt-3604 AF062_1960_SA_SU2012_JB_08 @Gram:Prep 
"<diabetis>"
	"UNK" Noun NC Plural lang:es 00:01:11 00:01:18 tt-3605 AF062_1960_SA_SU2012_JB_08 
"<$.>"
	"." Punctuation FS lang:es 00:01:11 00:01:18 tt-3606 AF062_1960_SA_SU2012_JB_08 

"<Mi>"
	"mío" Pronoun PPO Singular lang:es 00:01:11 00:01:18 tt-3607 AF062_1960_SA_SU2012_JB_08 @Gram:Det:Pos 
"<tía>"
	"tío" Noun NC Singular lang:es 00:01:11 00:01:18 tt-3608 AF062_1960_SA_SU2012_JB_08 
"<tuvo>"
	"tener" Verb VLfin Pres Indi Sing 1st lang:es 00:01:11 00:01:18 tt-3609 AF062_1960_SA_SU2012_JB_08 
"<diabetis>"
	"UNK" Noun NC Plural lang:es 00:01:11 00:01:18 tt-3610 AF062_1960_SA_SU2012_JB_08 
"<y>"
	"y" Conjunciton Conjunction CC lang:es 00:01:19 00:01:26 tt-3611 AF062_1960_SA_SU2012_JB_08 
"<por>"
	"por" Preposition PREP lang:es 00:01:19 00:01:26 tt-3612 AF062_1960_SA_SU2012_JB_08 @Gram:Prep:Por 
"<eso>"
	"ese" Determiner DM Singular lang:es 00:01:19 00:01:26 tt-3613 AF062_1960_SA_SU2012_JB_08 @Gram:Det:Demo 
"<su>"
	"suyo" Pronoun PPO Singular lang:es 00:01:19 00:01:26 tt-3614 AF062_1960_SA_SU2012_JB_08 @Gram:Det:Pos 
"<corazón>"
	"corazón" Noun NC Singular lang:es 00:01:19 00:01:26 tt-3615 AF062_1960_SA_SU2012_JB_08 
"<falló>"
	"fallar" Verb VLfin Pret Indi Sing 3rd lang:es 00:01:19 00:01:26 tt-3616 AF062_1960_SA_SU2012_JB_08 @Gram:Indefinido 
"<$.>"
	"." Punctuation FS lang:es 00:01:19 00:01:26 tt-3617 AF062_1960_SA_SU2012_JB_08 

"<Y>"
	"y" Conjunciton Conjunction CC lang:es 00:01:19 00:01:26 tt-3618 AF062_1960_SA_SU2012_JB_08 
<lang code="en">
"<ah>"
	"UNK" Noun NP Singular lang:en 00:01:19 00:01:26 tt-3619 AF062_1960_SA_SU2012_JB_08 
</lang>
"<...>"
	"..." Punctuation DOTS lang:es 00:01:19 00:01:26 tt-3620 AF062_1960_SA_SU2012_JB_08 
"<últimamente>"
	"últimamente" Adverb ADV lang:es 00:01:19 00:01:26 tt-3621 AF062_1960_SA_SU2012_JB_08 
"<murió>"
	"morir" Verb VLfin Pret Indi Sing 3rd lang:es 00:01:19 00:01:26 tt-3622 AF062_1960_SA_SU2012_JB_08 @Gram:Indefinido 
"<de>"
	"de" Preposition PREP lang:es 00:01:19 00:01:26 tt-3623 AF062_1960_SA_SU2012_JB_08 @Gram:Prep 
"<cáncer>"
	"cáncer" Noun NC Singular lang:es 00:01:19 00:01:26 tt-3624 AF062_1960_SA_SU2012_JB_08 
"<,>"
	"," Punctuation CM lang:es 00:01:19 00:01:26 tt-3625 AF062_1960_SA_SU2012_JB_08 
"<pero>"
	"pero" Conjunction CCAD lang:es 00:01:19 00:01:26 tt-3626 AF062_1960_SA_SU2012_JB_08 @Prag:MarcadoresDisc:Revision 
"<era>"
	"ser" Verb VEfin Imp Indi Sing 1st_or_3rd lang:es 00:01:19 00:01:26 tt-3627 AF062_1960_SA_SU2012_JB_08 @Gram:Imperf @Gram:SerEstar:Ser 
"<muy>"
	"muy" Adverb ADV lang:es 00:01:19 00:01:26 tt-3628 AF062_1960_SA_SU2012_JB_08 
"<diabética>"
	"diabético" Adjective ADJ Singular lang:es 00:01:19 00:01:26 tt-3629 AF062_1960_SA_SU2012_JB_08 
"<y>"
	"y" Conjunciton Conjunction CC lang:es 00:01:19 00:01:26 tt-3630 AF062_1960_SA_SU2012_JB_08 
"<por>"
	"por" Preposition PREP lang:es 00:01:30 00:01:32 tt-3631 AF062_1960_SA_SU2012_JB_08 @Gram:Prep:Por 
"<eso>"
	"ese" Determiner DM Singular lang:es 00:01:30 00:01:32 tt-3632 AF062_1960_SA_SU2012_JB_08 @Gram:Det:Demo 
"<hasta>"
	"hasta" Preposition PREP lang:es 00:01:30 00:01:32 tt-3633 AF062_1960_SA_SU2012_JB_08 @Gram:Prep 
"<este>"
	"este" Determiner DM Singular lang:es 00:01:30 00:01:32 tt-3634 AF062_1960_SA_SU2012_JB_08 @Gram:Det:Demo ID:208 R:Gram:Genero:ExcepMasc:209 
"<día>"
	"día" Noun NC Singular lang:es 00:01:30 00:01:32 tt-3635 AF062_1960_SA_SU2012_JB_08 ID:209 
"<lo>"
	"él" Pronoun PPC Singular lang:es 00:01:30 00:01:32 tt-3636 AF062_1960_SA_SU2012_JB_08 @Gram:Pron:Objeto 
"<hago>"
	"hacer" Verb VLfin Pres Indi Sing 1st lang:es 00:01:30 00:01:32 tt-3637 AF062_1960_SA_SU2012_JB_08 
"<$.>"
	"." Punctuation FS lang:es 00:01:30 00:01:32 tt-3638 AF062_1960_SA_SU2012_JB_08 
</speaker>
</text>

