<text id="AF062_1960_SA_SU2012_JB_03">
<speaker type="int">
"<Sí>"
	"sí" Adverb ADV lang:es 00:00:00 00:00:04 tt-579 AF062_1960_SA_SU2012_JB_03 
"<$.>"
	"." Punctuation FS lang:es 00:00:00 00:00:04 tt-580 AF062_1960_SA_SU2012_JB_03 

"<$¿>"
	"¿" Punctuation FS lang:es 00:00:00 00:00:04 tt-581 AF062_1960_SA_SU2012_JB_03 
"<Y>"
	"y" Conjunction CC lang:es 00:00:00 00:00:04 tt-582 AF062_1960_SA_SU2012_JB_03 
"<qué>"
	"qué" Pronoun INT Singular lang:es 00:00:00 00:00:04 tt-583 AF062_1960_SA_SU2012_JB_03 
"<tipo>"
	"tipo" Noun NC Singular lang:es 00:00:00 00:00:04 tt-584 AF062_1960_SA_SU2012_JB_03 
"<de>"
	"de" Preposition PREP lang:es 00:00:00 00:00:04 tt-585 AF062_1960_SA_SU2012_JB_03 @Gram:Prep 
"<trabajo>"
	"trabajo" Noun NC Singular lang:es 00:00:00 00:00:04 tt-586 AF062_1960_SA_SU2012_JB_03 
"<hacían>"
	"hacer" Verb VLfin Imp Indi Plural 3rd lang:es 00:00:00 00:00:04 tt-587 AF062_1960_SA_SU2012_JB_03 @Gram:Imperf 
"<tus>"
	"UNK" Noun NC Plural lang:es 00:00:00 00:00:04 tt-588 AF062_1960_SA_SU2012_JB_03 @Gram:Det:Pos 
"<padres>"
	"padre" Noun NC Plural lang:es 00:00:00 00:00:04 tt-589 AF062_1960_SA_SU2012_JB_03 
"<$?>"
	"?" Punctuation FS lang:es 00:00:00 00:00:04 tt-590 AF062_1960_SA_SU2012_JB_03 
</speaker>
<speaker type="subj">

"<Mmm>"
	"mmm" Noun NP Singular lang:es 00:00:04 00:00:11 tt-591 AF062_1960_SA_SU2012_JB_03 
"<...>"
	"..." Punctuation DOTS lang:es 00:00:04 00:00:11 tt-592 AF062_1960_SA_SU2012_JB_03 
"<mi>"
	"mío" Pronoun PPO Singular lang:es 00:00:04 00:00:11 tt-593 AF062_1960_SA_SU2012_JB_03 @Gram:Det:Pos 
"<papá>"
	"papá" Noun NC Singular lang:es 00:00:04 00:00:11 tt-594 AF062_1960_SA_SU2012_JB_03 
"<estaba>"
	"estar" Verb VEfin Imp Indi Sing 1st_or_3rd lang:es 00:00:04 00:00:11 tt-595 AF062_1960_SA_SU2012_JB_03 @Gram:Imperf @Gram:SerEstar:Estar 
"<con>"
	"con" Preposition PREP lang:es 00:00:04 00:00:11 tt-596 AF062_1960_SA_SU2012_JB_03 @Gram:Prep 
"<U>"
	"U" Other ALFS lang:es 00:00:04 00:00:11 tt-597 AF062_1960_SA_SU2012_JB_03 
"<$.>"
	"." Punctuation FS lang:es 00:00:04 00:00:11 tt-598 AF062_1960_SA_SU2012_JB_03 
<lang code="en">

"<S>"
	"Error" Other Error lang:en 00:00:04 00:00:11 tt-599 AF062_1960_SA_SU2012_JB_03 
</lang>
"<$.>"
	"." Punctuation FS lang:es 00:00:04 00:00:11 tt-600 AF062_1960_SA_SU2012_JB_03 
<lang code="en">

"<Customs>"
	"Customs" Noun NP Plural lang:en 00:00:04 00:00:11 tt-601 AF062_1960_SA_SU2012_JB_03 
</lang>
"<y>"
	"y" Conjunction CC lang:es 00:00:04 00:00:11 tt-602 AF062_1960_SA_SU2012_JB_03 
"<trabajaba>"
	"trabajar" Verb VLfin Imp Indi Sing 1st_or_3rd lang:es 00:00:04 00:00:11 tt-603 AF062_1960_SA_SU2012_JB_03 @Gram:Imperf 
"<en>"
	"en" Preposition PREP lang:es 00:00:04 00:00:11 tt-604 AF062_1960_SA_SU2012_JB_03 @Gram:Prep 
"<el>"
	"el" Determiner ART Singular lang:es 00:00:04 00:00:11 tt-605 AF062_1960_SA_SU2012_JB_03 @Gram:Det:Art 
"<puente>"
	"puente" Noun NC Singular lang:es 00:00:04 00:00:11 tt-606 AF062_1960_SA_SU2012_JB_03 
"<en>"
	"en" Preposition PREP lang:es 00:00:04 00:00:11 tt-607 AF062_1960_SA_SU2012_JB_03 @Gram:Prep 
"<la>"
	"el" Determiner ART Singular lang:es 00:00:04 00:00:11 tt-608 AF062_1960_SA_SU2012_JB_03 @Gram:Det:Art 
"<frontera>"
	"frontera" Noun NC Singular lang:es 00:00:04 00:00:11 tt-609 AF062_1960_SA_SU2012_JB_03 
"<de>"
	"de" Preposition PREP lang:es 00:00:04 00:00:11 tt-610 AF062_1960_SA_SU2012_JB_03 @Gram:Prep 
"<Roma>"
	"Roma" Noun NP Singular lang:es 00:00:04 00:00:11 tt-611 AF062_1960_SA_SU2012_JB_03 
"<y>"
	"y" Conjunction CC lang:es 00:00:04 00:00:11 tt-612 AF062_1960_SA_SU2012_JB_03 
"<Miguel>"
	"Miguel" Noun NP Singular lang:es 00:00:04 00:00:11 tt-613 AF062_1960_SA_SU2012_JB_03 
"<Alemán>"
	"UNK" Noun NP Singular lang:es 00:00:15 00:00:21 tt-614 AF062_1960_SA_SU2012_JB_03 
"<$.>"
	"." Punctuation FS lang:es 00:00:15 00:00:21 tt-615 AF062_1960_SA_SU2012_JB_03 

"<Y>"
	"y" Conjunction CC lang:es 00:00:15 00:00:21 tt-616 AF062_1960_SA_SU2012_JB_03 
"<también>"
	"también" Adverb ADV lang:es 00:00:15 00:00:21 tt-617 AF062_1960_SA_SU2012_JB_03 @Prag:MarcadoresDisc:Igualdad 
"<trabajaba>"
	"trabajar" Verb VLfin Imp Indi Sing 1st_or_3rd lang:es 00:00:15 00:00:21 tt-618 AF062_1960_SA_SU2012_JB_03 @Gram:Imperf 
"<en>"
	"en" Preposition PREP lang:es 00:00:15 00:00:21 tt-619 AF062_1960_SA_SU2012_JB_03 @Gram:Prep 
"<el>"
	"el" Determiner ART Singular lang:es 00:00:15 00:00:21 tt-620 AF062_1960_SA_SU2012_JB_03 @Gram:Det:Art 
"<puente>"
	"puente" Noun NC Singular lang:es 00:00:15 00:00:21 tt-621 AF062_1960_SA_SU2012_JB_03 
"<de>"
	"de" Preposition PREP lang:es 00:00:15 00:00:21 tt-622 AF062_1960_SA_SU2012_JB_03 @Gram:Prep 
"<Camargo>"
	"UNK" Noun NC Singular lang:es 00:00:15 00:00:21 tt-623 AF062_1960_SA_SU2012_JB_03 
"<que>"
	"que" Conjunction CQUE lang:es 00:00:15 00:00:21 tt-624 AF062_1960_SA_SU2012_JB_03 
"<es>"
	"ser" Verb VSfin Pres Indi Sing 3rd lang:es 00:00:15 00:00:21 tt-625 AF062_1960_SA_SU2012_JB_03 @Gram:SerEstar:Ser 
"<en>"
	"en" Preposition PREP lang:es 00:00:15 00:00:21 tt-626 AF062_1960_SA_SU2012_JB_03 @Gram:Prep 
"<seguida>"
	"seguida" Noun NC Singular lang:es 00:00:15 00:00:21 tt-627 AF062_1960_SA_SU2012_JB_03 
"<de>"
	"de" Preposition PREP lang:es 00:00:15 00:00:21 tt-628 AF062_1960_SA_SU2012_JB_03 @Gram:Prep 
"<Río>"
	"UNK" Adjective ADJ Singular lang:es 00:00:15 00:00:21 tt-629 AF062_1960_SA_SU2012_JB_03 
"<Grande>"
	"UNK" Noun NC Singular lang:es 00:00:15 00:00:21 tt-630 AF062_1960_SA_SU2012_JB_03 
<lang code="en">
"<City>"
	"City" Noun NP Singular lang:en 00:00:21 00:00:27 tt-631 AF062_1960_SA_SU2012_JB_03 
</lang>
"<$.>"
	"." Punctuation FS lang:es 00:00:21 00:00:27 tt-632 AF062_1960_SA_SU2012_JB_03 

"<Y>"
	"y" Conjunction CC lang:es 00:00:21 00:00:27 tt-633 AF062_1960_SA_SU2012_JB_03 
"<también>"
	"también" Adverb ADV lang:es 00:00:21 00:00:27 tt-634 AF062_1960_SA_SU2012_JB_03 @Prag:MarcadoresDisc:Igualdad 
"<en>"
	"en" Preposition PREP lang:es 00:00:21 00:00:27 tt-635 AF062_1960_SA_SU2012_JB_03 @Gram:Prep 
"<Falcón>"
	"UNK" Noun NP Singular lang:es 00:00:21 00:00:27 tt-636 AF062_1960_SA_SU2012_JB_03 
"<que>"
	"que" Conjunction CQUE lang:es 00:00:21 00:00:27 tt-637 AF062_1960_SA_SU2012_JB_03 
"<es>"
	"ser" Verb VSfin Pres Indi Sing 3rd lang:es 00:00:21 00:00:27 tt-638 AF062_1960_SA_SU2012_JB_03 @Gram:SerEstar:Ser 
"<la>"
	"el" Determiner ART Singular lang:es 00:00:21 00:00:27 tt-639 AF062_1960_SA_SU2012_JB_03 @Gram:Det:Art 
"<Ciudad>"
	"ciudad" Noun NC Singular lang:es 00:00:21 00:00:27 tt-640 AF062_1960_SA_SU2012_JB_03 
"<Guerrero>"
	"Guerrero" Noun NP Singular lang:es 00:00:21 00:00:27 tt-641 AF062_1960_SA_SU2012_JB_03 
"<...>"
	"..." Punctuation DOTS lang:es 00:00:21 00:00:27 tt-642 AF062_1960_SA_SU2012_JB_03 
"<Guerrero>"
	"Guerrero" Noun NP Singular lang:es 00:00:21 00:00:27 tt-643 AF062_1960_SA_SU2012_JB_03 
"<$.>"
	"." Punctuation FS lang:es 00:00:21 00:00:27 tt-644 AF062_1960_SA_SU2012_JB_03 

"<Y>"
	"y" Conjunction CC lang:es 00:00:21 00:00:27 tt-645 AF062_1960_SA_SU2012_JB_03 
"<mi>"
	"mío" Pronoun PPO Singular lang:es 00:00:21 00:00:27 tt-646 AF062_1960_SA_SU2012_JB_03 @Gram:Det:Pos 
"<mamá>"
	"mamá" Noun NC Singular lang:es 00:00:21 00:00:27 tt-647 AF062_1960_SA_SU2012_JB_03 
"<no>"
	"no" Adverb ADV lang:es 00:00:21 00:00:27 tt-648 AF062_1960_SA_SU2012_JB_03 
"<más>"
	"más" Adverb ADV lang:es 00:00:21 00:00:27 tt-649 AF062_1960_SA_SU2012_JB_03 
"<era>"
	"ser" Verb VEfin Imp Indi Sing 1st_or_3rd lang:es 00:00:21 00:00:27 tt-650 AF062_1960_SA_SU2012_JB_03 @Gram:Imperf @Gram:SerEstar:Ser 
"<una>"
	"un" Determiner ART Singular lang:es 00:00:27 00:00:28 tt-651 AF062_1960_SA_SU2012_JB_03 
"<housewife>"
	"UNK" Noun NC Singular lang:es 00:00:27 00:00:28 tt-652 AF062_1960_SA_SU2012_JB_03 
"<$.>"
	"." Punctuation FS lang:es 00:00:27 00:00:28 tt-653 AF062_1960_SA_SU2012_JB_03 
</speaker>
<speaker type="int">

"<Aha>"
	"aha" Noun NP Singular lang:es 00:00:28 00:00:34 tt-654 AF062_1960_SA_SU2012_JB_03 
"<$.>"
	"." Punctuation FS lang:es 00:00:28 00:00:34 tt-655 AF062_1960_SA_SU2012_JB_03 

"<Sí>"
	"él" Pronoun PPX Singular lang:es 00:00:28 00:00:34 tt-656 AF062_1960_SA_SU2012_JB_03 
"<$.>"
	"." Punctuation FS lang:es 00:00:28 00:00:34 tt-657 AF062_1960_SA_SU2012_JB_03 

"<$¿>"
	"¿" Punctuation FS lang:es 00:00:28 00:00:34 tt-658 AF062_1960_SA_SU2012_JB_03 
"<Y>"
	"y" Conjunction CC lang:es 00:00:28 00:00:34 tt-659 AF062_1960_SA_SU2012_JB_03 
"<dijiste>"
	"decir" Verb VLfin Pret Indi Sing 2nd lang:es 00:00:28 00:00:34 tt-660 AF062_1960_SA_SU2012_JB_03 @Gram:Indefinido 
"<que>"
	"que" Conjunction CQUE lang:es 00:00:28 00:00:34 tt-661 AF062_1960_SA_SU2012_JB_03 
"<vivías>"
	"vivir" Verb VLfin Imp Indi Sing 2nd lang:es 00:00:28 00:00:34 tt-662 AF062_1960_SA_SU2012_JB_03 @Gram:Imperf 
"<con>"
	"con" Preposition PREP lang:es 00:00:28 00:00:34 tt-663 AF062_1960_SA_SU2012_JB_03 @Gram:Prep 
"<tus>"
	"UNK" Noun NC Plural lang:es 00:00:28 00:00:34 tt-664 AF062_1960_SA_SU2012_JB_03 @Gram:Det:Pos 
"<tíos>"
	"tío" Noun NC Plural lang:es 00:00:28 00:00:34 tt-665 AF062_1960_SA_SU2012_JB_03 
"<$?>"
	"?" Punctuation FS lang:es 00:00:28 00:00:34 tt-666 AF062_1960_SA_SU2012_JB_03 
</speaker>
<speaker type="subj">

"<Con>"
	"con" Preposition PREP lang:es 00:00:34 00:00:35 tt-667 AF062_1960_SA_SU2012_JB_03 @Gram:Prep 
"<mis>"
	"mío" Pronoun PPO Plural lang:es 00:00:34 00:00:35 tt-668 AF062_1960_SA_SU2012_JB_03 @Gram:Det:Pos 
"<tíos>"
	"tío" Noun NC Plural lang:es 00:00:34 00:00:35 tt-669 AF062_1960_SA_SU2012_JB_03 
"<,>"
	"," Punctuation CM lang:es 00:00:34 00:00:35 tt-670 AF062_1960_SA_SU2012_JB_03 
"<sí>"
	"sí" Adverb ADV lang:es 00:00:34 00:00:35 tt-671 AF062_1960_SA_SU2012_JB_03 
"<$.>"
	"." Punctuation FS lang:es 00:00:34 00:00:35 tt-672 AF062_1960_SA_SU2012_JB_03 
</speaker>
<speaker type="int">

"<Sí>"
	"sí" Adverb ADV lang:es 00:00:35 00:00:38 tt-673 AF062_1960_SA_SU2012_JB_03 
"<$.>"
	"." Punctuation FS lang:es 00:00:35 00:00:38 tt-674 AF062_1960_SA_SU2012_JB_03 

"<$¿>"
	"¿" Punctuation FS lang:es 00:00:35 00:00:38 tt-675 AF062_1960_SA_SU2012_JB_03 
"<Qué>"
	"qué" Pronoun INT Singular lang:es 00:00:35 00:00:38 tt-676 AF062_1960_SA_SU2012_JB_03 
"<hicieron>"
	"hacer" Verb VLfin Pret Indi Plural 3rd lang:es 00:00:35 00:00:38 tt-677 AF062_1960_SA_SU2012_JB_03 @Gram:Indefinido 
"<ellos>"
	"él" Pronoun PPX Plural lang:es 00:00:35 00:00:38 tt-678 AF062_1960_SA_SU2012_JB_03 @Gram:Pron:Sujeto 
"<para>"
	"para" Preposition PREP lang:es 00:00:35 00:00:38 tt-679 AF062_1960_SA_SU2012_JB_03 @Gram:Prep:Para 
"<trabajo>"
	"trabajo" Noun NC Singular lang:es 00:00:35 00:00:38 tt-680 AF062_1960_SA_SU2012_JB_03 
"<$?>"
	"?" Punctuation FS lang:es 00:00:35 00:00:38 tt-681 AF062_1960_SA_SU2012_JB_03 
</speaker>
<speaker type="subj">

"<Mi>"
	"mío" Pronoun PPO Singular lang:es 00:00:38 00:00:45 tt-682 AF062_1960_SA_SU2012_JB_03 @Gram:Det:Pos 
"<...>"
	"..." Punctuation DOTS lang:es 00:00:38 00:00:45 tt-683 AF062_1960_SA_SU2012_JB_03 
"<mi>"
	"mío" Pronoun PPO Singular lang:es 00:00:38 00:00:45 tt-684 AF062_1960_SA_SU2012_JB_03 @Gram:Det:Pos 
"<tía>"
	"tío" Noun NC Singular lang:es 00:00:38 00:00:45 tt-685 AF062_1960_SA_SU2012_JB_03 
"<trabajó>"
	"trabajar" Verb VLfin Pret Indi Sing 3rd lang:es 00:00:38 00:00:45 tt-686 AF062_1960_SA_SU2012_JB_03 @Gram:Indefinido 
"<en>"
	"en" Preposition PREP lang:es 00:00:38 00:00:45 tt-687 AF062_1960_SA_SU2012_JB_03 @Gram:Prep 
"<la>"
	"el" Determiner ART Singular lang:es 00:00:38 00:00:45 tt-688 AF062_1960_SA_SU2012_JB_03 @Gram:Det:Art 
"<ferretería>"
	"UNK" Noun NC Singular lang:es 00:00:38 00:00:45 tt-689 AF062_1960_SA_SU2012_JB_03 
"<de>"
	"de" Preposition PREP lang:es 00:00:38 00:00:45 tt-690 AF062_1960_SA_SU2012_JB_03 @Gram:Prep 
"<mi>"
	"mío" Pronoun PPO Singular lang:es 00:00:38 00:00:45 tt-691 AF062_1960_SA_SU2012_JB_03 @Gram:Det:Pos 
"<abuelo>"
	"abuelo" Noun NC Singular lang:es 00:00:38 00:00:45 tt-692 AF062_1960_SA_SU2012_JB_03 
"<por>"
	"por" Preposition PREP lang:es 00:00:38 00:00:45 tt-693 AF062_1960_SA_SU2012_JB_03 @Gram:Prep:Por 
"<muchos>"
	"mucho" Determiner QU lang:es 00:00:38 00:00:45 tt-694 AF062_1960_SA_SU2012_JB_03 
"<años>"
	"año" Noun NC Plural lang:es 00:00:38 00:00:45 tt-695 AF062_1960_SA_SU2012_JB_03 
"<$.>"
	"." Punctuation FS lang:es 00:00:38 00:00:45 tt-696 AF062_1960_SA_SU2012_JB_03 

"<Él>"
	"él" Pronoun PPX Singular lang:es 00:00:38 00:00:45 tt-697 AF062_1960_SA_SU2012_JB_03 @Gram:Pron:Sujeto 
"<la>"
	"él" Pronoun PPC Singular lang:es 00:00:38 00:00:45 tt-698 AF062_1960_SA_SU2012_JB_03 @Gram:Pron:Objeto 
"<abrió>"
	"abrir" Verb VLfin Pret Indi Sing 3rd lang:es 00:00:38 00:00:45 tt-699 AF062_1960_SA_SU2012_JB_03 @Gram:Indefinido 
"<en>"
	"en" Preposition PREP lang:es 00:00:46 00:00:53 tt-700 AF062_1960_SA_SU2012_JB_03 @Gram:Prep 
"<mil>"
	"mil" Determiner CARD Singular lang:es 00:00:46 00:00:53 tt-701 AF062_1960_SA_SU2012_JB_03 
"<novecientos>"
	"novecientos" Determiner CARD Plural lang:es 00:00:46 00:00:53 tt-702 AF062_1960_SA_SU2012_JB_03 
"<treinta>"
	"treinta" Determiner CARD Singular lang:es 00:00:46 00:00:53 tt-703 AF062_1960_SA_SU2012_JB_03 
"<y>"
	"y" Conjunction CC lang:es 00:00:46 00:00:53 tt-704 AF062_1960_SA_SU2012_JB_03 
"<seis>"
	"seis" Determiner CARD Plural lang:es 00:00:46 00:00:53 tt-705 AF062_1960_SA_SU2012_JB_03 
"<$.>"
	"." Punctuation FS lang:es 00:00:46 00:00:53 tt-706 AF062_1960_SA_SU2012_JB_03 

"<Y>"
	"y" Conjunction CC lang:es 00:00:46 00:00:53 tt-707 AF062_1960_SA_SU2012_JB_03 
"<mi>"
	"mío" Pronoun PPO Singular lang:es 00:00:46 00:00:53 tt-708 AF062_1960_SA_SU2012_JB_03 @Gram:Det:Pos 
"<tío>"
	"tío" Noun NC Singular lang:es 00:00:46 00:00:53 tt-709 AF062_1960_SA_SU2012_JB_03 
"<tenía>"
	"tener" Verb VLfin Imp Indi Sing 1st_or_3rd lang:es 00:00:46 00:00:53 tt-710 AF062_1960_SA_SU2012_JB_03 @Gram:Imperf 
"<su>"
	"suyo" Pronoun PPO Singular lang:es 00:00:46 00:00:53 tt-711 AF062_1960_SA_SU2012_JB_03 @Gram:Det:Pos 
"<negocio>"
	"negocio" Noun NC Singular lang:es 00:00:46 00:00:53 tt-712 AF062_1960_SA_SU2012_JB_03 
"<en>"
	"en" Preposition PREP lang:es 00:00:46 00:00:53 tt-713 AF062_1960_SA_SU2012_JB_03 @Gram:Prep 
"<compresoras>"
	"UNK" Noun NC Plural lang:es 00:00:46 00:00:53 tt-714 AF062_1960_SA_SU2012_JB_03 
"<de>"
	"de" Preposition PREP lang:es 00:00:46 00:00:53 tt-715 AF062_1960_SA_SU2012_JB_03 @Gram:Prep 
<lang code="en">
"<gasoline>"
	"gasoline" Noun NN lang:en 00:00:46 00:00:53 tt-716 AF062_1960_SA_SU2012_JB_03 
</lang>
"<y>"
	"y" Conjunction CC lang:es 00:00:46 00:00:53 tt-717 AF062_1960_SA_SU2012_JB_03 
"<hacía>"
	"hacer" Verb VLfin Imp Indi Sing 1st_or_3rd lang:es 00:00:46 00:00:53 tt-718 AF062_1960_SA_SU2012_JB_03 @Gram:Imperf 
"<mucho>"
	"mucho" Determiner QU lang:es 00:00:46 00:00:53 tt-719 AF062_1960_SA_SU2012_JB_03 
"<trabajo>"
	"trabajo" Noun NC Singular lang:es 00:00:46 00:00:53 tt-720 AF062_1960_SA_SU2012_JB_03 
"<en>"
	"en" Preposition PREP lang:es 00:00:46 00:00:53 tt-721 AF062_1960_SA_SU2012_JB_03 @Gram:Prep 
"<el>"
	"el" Determiner ART Singular lang:es 00:00:46 00:00:53 tt-722 AF062_1960_SA_SU2012_JB_03 @Gram:Det:Art 
<lang code="en">
"<oil>"
	"oil" Noun NN lang:en 00:00:46 00:00:53 tt-723 AF062_1960_SA_SU2012_JB_03 
"<field>"
	"field" Noun NN lang:en 00:00:58 00:01:00 tt-724 AF062_1960_SA_SU2012_JB_03 
"<business>"
	"business" Noun NN lang:en 00:00:58 00:01:00 tt-725 AF062_1960_SA_SU2012_JB_03 
</lang>
"<$.>"
	"." Punctuation FS lang:es 00:00:58 00:01:00 tt-726 AF062_1960_SA_SU2012_JB_03 
</speaker>
</text>

