<text id="AF062_1960_SA_SU2012_JB_01">
<speaker type="int">
"<$¿>"
	"¿" Punctuation FS lang:es 00:00:00 00:00:04 tt-250 AF062_1960_SA_SU2012_JB_01 
"<Y>"
	"y" Conjunction CC lang:es 00:00:00 00:00:04 tt-251 AF062_1960_SA_SU2012_JB_01 
"<hoy>"
	"hoy" Adverb ADV lang:es 00:00:00 00:00:04 tt-252 AF062_1960_SA_SU2012_JB_01 
"<en>"
	"en" Preposition PREP lang:es 00:00:00 00:00:04 tt-253 AF062_1960_SA_SU2012_JB_01 @Gram:Prep 
"<día>"
	"día" Noun NC Singular lang:es 00:00:00 00:00:04 tt-254 AF062_1960_SA_SU2012_JB_01 
"<hablas>"
	"hablar" Verb VLfin Pres Indi Sing 2nd lang:es 00:00:00 00:00:04 tt-255 AF062_1960_SA_SU2012_JB_01 
"<español>"
	"español" Noun NC Singular lang:es 00:00:00 00:00:04 tt-256 AF062_1960_SA_SU2012_JB_01 
"<a>"
	"a" Preposition PREP lang:es 00:00:00 00:00:04 tt-257 AF062_1960_SA_SU2012_JB_01 @Gram:Prep 
"<diario>"
	"diario" Noun NC Singular lang:es 00:00:00 00:00:04 tt-258 AF062_1960_SA_SU2012_JB_01 
"<$?>"
	"?" Punctuation FS lang:es 00:00:00 00:00:04 tt-259 AF062_1960_SA_SU2012_JB_01 
</speaker>
<speaker type="subj">

"<A>"
	"a" Preposition PREP lang:es 00:00:04 00:00:07 tt-260 AF062_1960_SA_SU2012_JB_01 @Gram:Prep 
"<diario>"
	"diario" Noun NC Singular lang:es 00:00:04 00:00:07 tt-261 AF062_1960_SA_SU2012_JB_01 
"<,>"
	"," Punctuation CM lang:es 00:00:04 00:00:07 tt-262 AF062_1960_SA_SU2012_JB_01 
"<no>"
	"no" Adverb NEG lang:es 00:00:04 00:00:07 tt-263 AF062_1960_SA_SU2012_JB_01 
"<$.>"
	"." Punctuation FS lang:es 00:00:04 00:00:07 tt-264 AF062_1960_SA_SU2012_JB_01 
</speaker>
<speaker type="int">

"<$¿>"
	"¿" Punctuation FS lang:es 00:00:07 00:00:10 tt-265 AF062_1960_SA_SU2012_JB_01 
"<Y>"
	"y" Conjunction CC lang:es 00:00:07 00:00:10 tt-266 AF062_1960_SA_SU2012_JB_01 
"<,>"
	"," Punctuation CM lang:es 00:00:07 00:00:10 tt-267 AF062_1960_SA_SU2012_JB_01 
"<pero>"
	"pero" Conjunction CCAD lang:es 00:00:07 00:00:10 tt-268 AF062_1960_SA_SU2012_JB_01 @Prag:MarcadoresDisc:Revision 
"<cuando>"
	"cuando" Conjunction CSUBX lang:es 00:00:07 00:00:10 tt-269 AF062_1960_SA_SU2012_JB_01 
"<hablas>"
	"hablar" Verb VLfin Pres Indi Sing 2nd lang:es 00:00:07 00:00:10 tt-270 AF062_1960_SA_SU2012_JB_01 ID:21 R:Vocab:Fraseol:VerbPrep:22 
"<con>"
	"con" Preposition PREP lang:es 00:00:07 00:00:10 tt-271 AF062_1960_SA_SU2012_JB_01 @Gram:Prep ID:22 
"<quién>"
	"quién" Pronoun INT Singular lang:es 00:00:07 00:00:10 tt-272 AF062_1960_SA_SU2012_JB_01 
"<hablas>"
	"hablar" Verb VLfin Pres Indi Sing 2nd lang:es 00:00:07 00:00:10 tt-273 AF062_1960_SA_SU2012_JB_01 
"<español>"
	"español" Adjective ADJ Singular lang:es 00:00:07 00:00:10 tt-274 AF062_1960_SA_SU2012_JB_01 
"<$?>"
	"?" Punctuation FS lang:es 00:00:07 00:00:10 tt-275 AF062_1960_SA_SU2012_JB_01 

"<Español>"
	"español" Adjective ADJ Singular lang:es 00:00:10 00:00:17 tt-276 AF062_1960_SA_SU2012_JB_01 
"<en>"
	"en" Preposition PREP lang:es 00:00:10 00:00:17 tt-277 AF062_1960_SA_SU2012_JB_01 @Gram:Prep 
"<veces>"
	"vez" Noun NC Plural lang:es 00:00:10 00:00:17 tt-278 AF062_1960_SA_SU2012_JB_01 
"<tengo>"
	"tener" Verb VLfin Pres Indi Sing 1st lang:es 00:00:10 00:00:17 tt-279 AF062_1960_SA_SU2012_JB_01 
"<gente>"
	"gente" Noun NC Singular lang:es 00:00:10 00:00:17 tt-280 AF062_1960_SA_SU2012_JB_01 
"<que>"
	"que" Conjunction CQUE lang:es 00:00:10 00:00:17 tt-281 AF062_1960_SA_SU2012_JB_01 
"<me>"
	"yo" Pronoun PPX Singular lang:es 00:00:10 00:00:17 tt-282 AF062_1960_SA_SU2012_JB_01 @Gram:Pron:Objeto 
"<habla>"
	"hablar" Verb VLfin Pres Indi Sing 3rd lang:es 00:00:10 00:00:17 tt-283 AF062_1960_SA_SU2012_JB_01 ID:34 R:Vocab:Fraseol:VerbPrep:35 
"<en>"
	"en" Preposition PREP lang:es 00:00:10 00:00:17 tt-284 AF062_1960_SA_SU2012_JB_01 @Gram:Prep ID:35 
"<el>"
	"el" Determiner ART Singular lang:es 00:00:10 00:00:17 tt-285 AF062_1960_SA_SU2012_JB_01 @Gram:Det:Art 
"<trabajo>"
	"trabajo" Noun NC Singular lang:es 00:00:10 00:00:17 tt-286 AF062_1960_SA_SU2012_JB_01 
"<que>"
	"que" Conjunction CQUE lang:es 00:00:10 00:00:17 tt-287 AF062_1960_SA_SU2012_JB_01 
"<hablan>"
	"hablar" Verb VLfin Pres Indi Plural 3rd lang:es 00:00:10 00:00:17 tt-288 AF062_1960_SA_SU2012_JB_01 ID:39 R:Vocab:Fraseol:VerbPrep:40 
"<en>"
	"en" Preposition PREP lang:es 00:00:10 00:00:17 tt-289 AF062_1960_SA_SU2012_JB_01 @Gram:Prep ID:40 
"<español>"
	"español" Noun NC Singular lang:es 00:00:10 00:00:17 tt-290 AF062_1960_SA_SU2012_JB_01 
"<$.>"
	"." Punctuation FS lang:es 00:00:10 00:00:17 tt-291 AF062_1960_SA_SU2012_JB_01 

"<Y>"
	"y" Conjunction CC lang:es 00:00:17 00:00:24 tt-292 AF062_1960_SA_SU2012_JB_01 
"<mayormente>"
	"mayor" Adverb ADV lang:es 00:00:17 00:00:24 tt-293 AF062_1960_SA_SU2012_JB_01 
"<son>"
	"ser" Verb VSfin Pres Indi Plural 3rd lang:es 00:00:17 00:00:24 tt-294 AF062_1960_SA_SU2012_JB_01 @Gram:SerEstar:Ser 
"<gente>"
	"gente" Noun NC Singular lang:es 00:00:17 00:00:24 tt-295 AF062_1960_SA_SU2012_JB_01 
"<que>"
	"que" Conjunction CQUE lang:es 00:00:17 00:00:24 tt-296 AF062_1960_SA_SU2012_JB_01 
"<tiene>"
	"tener" Verb VLfin Pres Indi Sing 3rd lang:es 00:00:17 00:00:24 tt-297 AF062_1960_SA_SU2012_JB_01 
<lang code="en">
"<restaurants>"
	"restaurant" Noun NNS lang:en 00:00:17 00:00:24 tt-298 AF062_1960_SA_SU2012_JB_01 
</lang>
"<y>"
	"y" Conjunction CC lang:es 00:00:17 00:00:24 tt-299 AF062_1960_SA_SU2012_JB_01 
"<quieren>"
	"querer" Verb VLfin Pres Indi Plural 3rd lang:es 00:00:17 00:00:24 tt-300 AF062_1960_SA_SU2012_JB_01 
"<que>"
	"que" Conjunction CQUE lang:es 00:00:17 00:00:24 tt-301 AF062_1960_SA_SU2012_JB_01 
"<yo>"
	"yo" Pronoun PPX Singular lang:es 00:00:17 00:00:24 tt-302 AF062_1960_SA_SU2012_JB_01 @Gram:Pron:Sujeto 
"<les>"
	"él" Pronoun PPC Plural lang:es 00:00:17 00:00:24 tt-303 AF062_1960_SA_SU2012_JB_01 @Gram:Pron:Objeto 
"<haga>"
	"hacer" Verb VLfin Pres Subj Sing 1st_or_3rd lang:es 00:00:17 00:00:24 tt-304 AF062_1960_SA_SU2012_JB_01 @Gram:MSub:Pres 
"<un>"
	"un" Determiner ART Singular lang:es 00:00:17 00:00:24 tt-305 AF062_1960_SA_SU2012_JB_01 
"<trabajo>"
	"trabajo" Noun NC Singular lang:es 00:00:17 00:00:24 tt-306 AF062_1960_SA_SU2012_JB_01 
"<$.>"
	"." Punctuation FS lang:es 00:00:17 00:00:24 tt-307 AF062_1960_SA_SU2012_JB_01 

"<Pero>"
	"pero" Conjunction CC lang:es 00:00:17 00:00:24 tt-308 AF062_1960_SA_SU2012_JB_01 @Prag:MarcadoresDisc:Revision 
<lang code="en">
"<ah>"
	"UNK" Noun NP Singular lang:en 00:00:17 00:00:24 tt-309 AF062_1960_SA_SU2012_JB_01 
</lang>
"<...>"
	"..." Punctuation DOTS lang:es 00:00:17 00:00:24 tt-310 AF062_1960_SA_SU2012_JB_01 
"<y>"
	"y" Conjunction CC lang:es 00:00:24 00:00:31 tt-311 AF062_1960_SA_SU2012_JB_01 
"<en>"
	"en" Preposition PREP lang:es 00:00:24 00:00:31 tt-312 AF062_1960_SA_SU2012_JB_01 @Gram:Prep 
"<veces>"
	"vez" Noun NC Plural lang:es 00:00:24 00:00:31 tt-313 AF062_1960_SA_SU2012_JB_01 
"<donde>"
	"donde" Adverb ADV lang:es 00:00:24 00:00:31 tt-314 AF062_1960_SA_SU2012_JB_01 
"<vamos>"
	"ir" Verb VLfin Pres Indi Plural 1st lang:es 00:00:24 00:00:31 tt-315 AF062_1960_SA_SU2012_JB_01 
"<a>"
	"a" Preposition PREP lang:es 00:00:24 00:00:31 tt-316 AF062_1960_SA_SU2012_JB_01 @Gram:Prep 
"<comer>"
	"comer" Verb VLinf Infinitive lang:es 00:00:24 00:00:31 tt-317 AF062_1960_SA_SU2012_JB_01 
"<si>"
	"si" Conjunction CSUBX lang:es 00:00:24 00:00:31 tt-318 AF062_1960_SA_SU2012_JB_01 
"<son>"
	"ser" Verb VSfin Pres Indi Plural 3rd lang:es 00:00:24 00:00:31 tt-319 AF062_1960_SA_SU2012_JB_01 @Gram:SerEstar:Ser 
"<taquerías>"
	"UNK" Noun NC Plural lang:es 00:00:24 00:00:31 tt-320 AF062_1960_SA_SU2012_JB_01 
"<chiquitas>"
	"chico" Adjective ADJ Plural lang:es 00:00:24 00:00:31 tt-321 AF062_1960_SA_SU2012_JB_01 
"<o>"
	"o" Conjunction CC lang:es 00:00:24 00:00:31 tt-322 AF062_1960_SA_SU2012_JB_01 
"<...>"
	"..." Punctuation DOTS lang:es 00:00:24 00:00:31 tt-323 AF062_1960_SA_SU2012_JB_01 
"<o>"
	"o" Conjunction CC lang:es 00:00:24 00:00:31 tt-324 AF062_1960_SA_SU2012_JB_01 
"<a>"
	"a" Preposition PREP lang:es 00:00:24 00:00:31 tt-325 AF062_1960_SA_SU2012_JB_01 @Gram:Prep 
"<la>"
	"el" Determiner ART Singular lang:es 00:00:24 00:00:31 tt-326 AF062_1960_SA_SU2012_JB_01 @Gram:Det:Art 
"<gente>"
	"gente" Noun NC Singular lang:es 00:00:24 00:00:31 tt-327 AF062_1960_SA_SU2012_JB_01 
"<más>"
	"más" Adverb ADV lang:es 00:00:24 00:00:31 tt-328 AF062_1960_SA_SU2012_JB_01 
"<mayor>"
	"grande" Adjective ADJ Singular lang:es 00:00:32 00:00:36 tt-329 AF062_1960_SA_SU2012_JB_01 
"<que>"
	"que" Conjunction CQUE lang:es 00:00:32 00:00:36 tt-330 AF062_1960_SA_SU2012_JB_01 
"<hablan>"
	"hablar" Verb VLfin Pres Indi Plural 3rd lang:es 00:00:32 00:00:36 tt-331 AF062_1960_SA_SU2012_JB_01 
"<español>"
	"español" Noun NC Singular lang:es 00:00:32 00:00:36 tt-332 AF062_1960_SA_SU2012_JB_01 
"<más>"
	"más" Adverb ADV lang:es 00:00:32 00:00:36 tt-333 AF062_1960_SA_SU2012_JB_01 
"<que>"
	"que" Conjunction CQUE lang:es 00:00:32 00:00:36 tt-334 AF062_1960_SA_SU2012_JB_01 
"<inglés>"
	"inglés" Noun NC Plural lang:es 00:00:32 00:00:36 tt-335 AF062_1960_SA_SU2012_JB_01 
"<$.>"
	"." Punctuation FS lang:es 00:00:32 00:00:36 tt-336 AF062_1960_SA_SU2012_JB_01 

"<Aha>"
	"aha" Noun NP Singular lang:es 00:00:36 00:00:41 tt-337 AF062_1960_SA_SU2012_JB_01 
"<$.>"
	"." Punctuation FS lang:es 00:00:36 00:00:41 tt-338 AF062_1960_SA_SU2012_JB_01 

"<$¿>"
	"¿" Punctuation FS lang:es 00:00:36 00:00:41 tt-339 AF062_1960_SA_SU2012_JB_01 
"<Y>"
	"y" Conjunction CC lang:es 00:00:36 00:00:41 tt-340 AF062_1960_SA_SU2012_JB_01 
"<te>"
	"tú" Pronoun PPX Singular lang:es 00:00:36 00:00:41 tt-341 AF062_1960_SA_SU2012_JB_01 @Gram:Pron:Objeto 
"<sientes>"
	"sentar|sentir" Verb VLfin Pres Indi Sing 2nd lang:es 00:00:36 00:00:41 tt-342 AF062_1960_SA_SU2012_JB_01 
"<cómoda>"
	"cómoda" Noun NC Singular lang:es 00:00:36 00:00:41 tt-343 AF062_1960_SA_SU2012_JB_01 
"<al>"
	"al" Preposition PAL lang:es 00:00:36 00:00:41 tt-344 AF062_1960_SA_SU2012_JB_01 @Gram:Prep 
"<hablar>"
	"hablar" Verb VLinf Infinitive lang:es 00:00:36 00:00:41 tt-345 AF062_1960_SA_SU2012_JB_01 
"<español>"
	"español" Noun NC Singular lang:es 00:00:36 00:00:41 tt-346 AF062_1960_SA_SU2012_JB_01 
"<$?>"
	"?" Punctuation FS lang:es 00:00:36 00:00:41 tt-347 AF062_1960_SA_SU2012_JB_01 
</speaker>
<speaker type="subj">

"<Sí>"
	"sí" Adverb ADV lang:es 00:00:41 00:00:43 tt-348 AF062_1960_SA_SU2012_JB_01 
"<,>"
	"," Punctuation CM lang:es 00:00:41 00:00:43 tt-349 AF062_1960_SA_SU2012_JB_01 
"<me>"
	"yo" Pronoun PPX Singular lang:es 00:00:41 00:00:43 tt-350 AF062_1960_SA_SU2012_JB_01 @Gram:Pron:Objeto 
"<siento>"
	"sentar|sentir" Verb VLfin Pres Indi Sing 1st lang:es 00:00:41 00:00:43 tt-351 AF062_1960_SA_SU2012_JB_01 
"<cómoda>"
	"cómodo" Adjective ADJ Singular lang:es 00:00:41 00:00:43 tt-352 AF062_1960_SA_SU2012_JB_01 
"<$.>"
	"." Punctuation FS lang:es 00:00:41 00:00:43 tt-353 AF062_1960_SA_SU2012_JB_01 
</speaker>
<speaker type="int">

"<Aha>"
	"aha" Noun NP Singular lang:es 00:00:43 00:00:45 tt-354 AF062_1960_SA_SU2012_JB_01 
"<$.>"
	"." Punctuation FS lang:es 00:00:43 00:00:45 tt-355 AF062_1960_SA_SU2012_JB_01 

"<$¿>"
	"¿" Punctuation FS lang:es 00:00:43 00:00:45 tt-356 AF062_1960_SA_SU2012_JB_01 
"<Y>"
	"y" Conjunction CC lang:es 00:00:43 00:00:45 tt-357 AF062_1960_SA_SU2012_JB_01 
"<escribirlo>"
	"escribir" Verb VLinf Pres Indi Sing 1st lang:es 00:00:43 00:00:45 tt-358 AF062_1960_SA_SU2012_JB_01 
"<,>"
	"," Punctuation CM lang:es 00:00:43 00:00:45 tt-359 AF062_1960_SA_SU2012_JB_01 
"<leerlo>"
	"leer" Verb VLinf Pres Indi Sing 1st lang:es 00:00:43 00:00:45 tt-360 AF062_1960_SA_SU2012_JB_01 
"<$?>"
	"?" Punctuation FS lang:es 00:00:43 00:00:45 tt-361 AF062_1960_SA_SU2012_JB_01 
</speaker>
<speaker type="subj">

"<Eh>"
	"eh" Noun NP Singular lang:es 00:00:45 00:00:52 tt-362 AF062_1960_SA_SU2012_JB_01 
"<...>"
	"..." Punctuation DOTS lang:es 00:00:45 00:00:52 tt-363 AF062_1960_SA_SU2012_JB_01 
"<lo>"
	"él" Pronoun PPC Singular lang:es 00:00:45 00:00:52 tt-364 AF062_1960_SA_SU2012_JB_01 @Gram:Pron:Objeto 
"<puedo>"
	"poder" Verb VLfin Pres Indi Sing 1st lang:es 00:00:45 00:00:52 tt-365 AF062_1960_SA_SU2012_JB_01 
"<escribir>"
	"escribir" Verb VLinf Infinitive lang:es 00:00:45 00:00:52 tt-366 AF062_1960_SA_SU2012_JB_01 
"<$.>"
	"." Punctuation FS lang:es 00:00:45 00:00:52 tt-367 AF062_1960_SA_SU2012_JB_01 

"<No>"
	"no" Adverb NEG lang:es 00:00:45 00:00:52 tt-368 AF062_1960_SA_SU2012_JB_01 
"<todas>"
	"todo" Determiner QU lang:es 00:00:45 00:00:52 tt-369 AF062_1960_SA_SU2012_JB_01 
"<la>"
	"el" Determiner ART Singular lang:es 00:00:45 00:00:52 tt-370 AF062_1960_SA_SU2012_JB_01 @Gram:Det:Art 
"<palabras>"
	"palabra" Noun NC Plural lang:es 00:00:45 00:00:52 tt-371 AF062_1960_SA_SU2012_JB_01 
"<,>"
	"," Punctuation CM lang:es 00:00:45 00:00:52 tt-372 AF062_1960_SA_SU2012_JB_01 
"<pero>"
	"pero" Conjunction CCAD lang:es 00:00:45 00:00:52 tt-373 AF062_1960_SA_SU2012_JB_01 @Prag:MarcadoresDisc:Revision 
"<por>"
	"por" Preposition PREP lang:es 00:00:45 00:00:52 tt-374 AF062_1960_SA_SU2012_JB_01 @Gram:Prep:Por 
"<la>"
	"el" Determiner ART Singular lang:es 00:00:45 00:00:52 tt-375 AF062_1960_SA_SU2012_JB_01 @Gram:Det:Art 
"<mayoría>"
	"mayoría" Noun NC Singular lang:es 00:00:45 00:00:52 tt-376 AF062_1960_SA_SU2012_JB_01 
"<sí>"
	"sí" Adverb ADV lang:es 00:00:45 00:00:52 tt-377 AF062_1960_SA_SU2012_JB_01 
"<$.>"
	"." Punctuation FS lang:es 00:00:45 00:00:52 tt-378 AF062_1960_SA_SU2012_JB_01 

"<Y>"
	"y" Conjunction CC lang:es 00:00:45 00:00:52 tt-379 AF062_1960_SA_SU2012_JB_01 
"<lo>"
	"él" Pronoun PPC Singular lang:es 00:00:45 00:00:52 tt-380 AF062_1960_SA_SU2012_JB_01 @Gram:Pron:Objeto 
"<puedo>"
	"poder" Verb VLfin Pres Indi Sing 1st lang:es 00:00:45 00:00:52 tt-381 AF062_1960_SA_SU2012_JB_01 
"<leer>"
	"leer" Verb VLinf Infinitive lang:es 00:00:45 00:00:52 tt-382 AF062_1960_SA_SU2012_JB_01 
"<también>"
	"también" Adverb ADV lang:es 00:00:53 00:01:00 tt-383 AF062_1960_SA_SU2012_JB_01 @Prag:MarcadoresDisc:Igualdad 
"<y>"
	"y" Conjunction CC lang:es 00:00:53 00:01:00 tt-384 AF062_1960_SA_SU2012_JB_01 
"<escuchar>"
	"escuchar" Verb VLinf Infinitive lang:es 00:00:53 00:01:00 tt-385 AF062_1960_SA_SU2012_JB_01 
"<$.>"
	"." Punctuation FS lang:es 00:00:53 00:01:00 tt-386 AF062_1960_SA_SU2012_JB_01 

"<En>"
	"en" Preposition PREP lang:es 00:00:53 00:01:00 tt-387 AF062_1960_SA_SU2012_JB_01 @Gram:Prep 
"<veces>"
	"vez" Noun NC Plural lang:es 00:00:53 00:01:00 tt-388 AF062_1960_SA_SU2012_JB_01 
"<hay>"
	"haber" Verb VHfin Pres Indi Sing 3rd lang:es 00:00:53 00:01:00 tt-389 AF062_1960_SA_SU2012_JB_01 @Gram:Haber:Exist 
"<unas>"
	"un" Determiner ART Plural lang:es 00:00:53 00:01:00 tt-390 AF062_1960_SA_SU2012_JB_01 
"<palabras>"
	"palabra" Noun NC Plural lang:es 00:00:53 00:01:00 tt-391 AF062_1960_SA_SU2012_JB_01 
"<que>"
	"que" Conjunction CQUE lang:es 00:00:53 00:01:00 tt-392 AF062_1960_SA_SU2012_JB_01 
"<...>"
	"..." Punctuation DOTS lang:es 00:00:53 00:01:00 tt-393 AF062_1960_SA_SU2012_JB_01 
<lang code="en">
"<how>"
	"how" Adverb WRB lang:en 00:00:53 00:01:00 tt-394 AF062_1960_SA_SU2012_JB_01 
"<do>"
	"do" Verb VBP lang:en 00:00:53 00:01:00 tt-395 AF062_1960_SA_SU2012_JB_01 
"<we>"
	"we" Pronoun PP lang:en 00:00:53 00:01:00 tt-396 AF062_1960_SA_SU2012_JB_01 
"<say>"
	"say" Verb VBP lang:en 00:00:53 00:01:00 tt-397 AF062_1960_SA_SU2012_JB_01 
"<throw>"
	"throw" Verb VB lang:en 00:00:53 00:01:00 tt-398 AF062_1960_SA_SU2012_JB_01 
</lang>
"<me>"
	"yo" Pronoun PPX Singular lang:es 00:00:53 00:01:00 tt-399 AF062_1960_SA_SU2012_JB_01 @Gram:Pron:Objeto 
<lang code="en">
"<through>"
	"through" Preposition IN lang:en 00:00:53 00:01:00 tt-400 AF062_1960_SA_SU2012_JB_01 @Gram:Prep 
</lang>
"<a>"
	"a" Other PE lang:es 00:00:53 00:01:00 tt-401 AF062_1960_SA_SU2012_JB_01 
<lang code="en">
"<loop>"
	"loop" Noun NN lang:en 00:00:53 00:01:00 tt-402 AF062_1960_SA_SU2012_JB_01 
</lang>
"<$?>"
	"?" Punctuation FS lang:es 00:00:53 00:01:00 tt-403 AF062_1960_SA_SU2012_JB_01 
</speaker>
</text>

