<text id="AF083_1983_GV_SU2012_SB_07">
<speaker type="int">
<lang code="en">
"<Okay>"
	"okay" Adjective JJ lang:en 00:00:00 00:00:06 tt-1733 AF083_1983_GV_SU2012_SB_07 
</lang>
"<$.>"
	"." Punctuation FS lang:es 00:00:00 00:00:06 tt-1734 AF083_1983_GV_SU2012_SB_07 

"<$¿>"
	"¿" Punctuation FS lang:es 00:00:00 00:00:06 tt-1735 AF083_1983_GV_SU2012_SB_07 
"<Y>"
	"Y" Other ALFS lang:es 00:00:00 00:00:06 tt-1736 AF083_1983_GV_SU2012_SB_07 
"<...>"
	"..." Punctuation DOTS lang:es 00:00:00 00:00:06 tt-1737 AF083_1983_GV_SU2012_SB_07 
"<y>"
	"Y" Other ALFS lang:es 00:00:00 00:00:06 tt-1738 AF083_1983_GV_SU2012_SB_07 
"<qué>"
	"qué" Pronoun INT Singular lang:es 00:00:00 00:00:06 tt-1739 AF083_1983_GV_SU2012_SB_07 
"<tipo>"
	"tipo" Noun NC Singular lang:es 00:00:00 00:00:06 tt-1740 AF083_1983_GV_SU2012_SB_07 
"<de>"
	"de" Preposition PREP lang:es 00:00:00 00:00:06 tt-1741 AF083_1983_GV_SU2012_SB_07 @Gram:Prep 
"<trabajo>"
	"trabajo" Noun NC Singular lang:es 00:00:00 00:00:06 tt-1742 AF083_1983_GV_SU2012_SB_07 
"<hacían>"
	"hacer" Verb VLfin Imp Indi Plural 3rd lang:es 00:00:00 00:00:06 tt-1743 AF083_1983_GV_SU2012_SB_07 @Gram:Imperf 
"<tus>"
	"UNK" Noun NC Plural lang:es 00:00:00 00:00:06 tt-1744 AF083_1983_GV_SU2012_SB_07 @Gram:Det:Pos 
"<papás>"
	"papá" Noun NC Plural lang:es 00:00:00 00:00:06 tt-1745 AF083_1983_GV_SU2012_SB_07 
"<o>"
	"o" Conjunction CC lang:es 00:00:00 00:00:06 tt-1746 AF083_1983_GV_SU2012_SB_07 
"<tus>"
	"UNK" Noun NC Plural lang:es 00:00:00 00:00:06 tt-1747 AF083_1983_GV_SU2012_SB_07 @Gram:Det:Pos 
"<abuelos>"
	"abuelo" Noun NC Plural lang:es 00:00:00 00:00:06 tt-1748 AF083_1983_GV_SU2012_SB_07 
"<$?>"
	"?" Punctuation FS lang:es 00:00:00 00:00:06 tt-1749 AF083_1983_GV_SU2012_SB_07 

"<$¿>"
	"¿" Punctuation FS lang:es 00:00:00 00:00:06 tt-1750 AF083_1983_GV_SU2012_SB_07 
"<Sabes>"
	"saber" Verb VLfin Pres Indi Sing 2nd lang:es 00:00:00 00:00:06 tt-1751 AF083_1983_GV_SU2012_SB_07 
"<$?>"
	"?" Punctuation FS lang:es 00:00:00 00:00:06 tt-1752 AF083_1983_GV_SU2012_SB_07 
</speaker>
<speaker type="subj">

"<Uhm>"
	"UNK" Noun NP Singular lang:es 00:00:06 00:00:12 tt-1753 AF083_1983_GV_SU2012_SB_07 
"<...>"
	"..." Punctuation DOTS lang:es 00:00:06 00:00:12 tt-1754 AF083_1983_GV_SU2012_SB_07 
"<sí>"
	"sí" Adverb ADV lang:es 00:00:06 00:00:12 tt-1755 AF083_1983_GV_SU2012_SB_07 
"<$.>"
	"." Punctuation FS lang:es 00:00:06 00:00:12 tt-1756 AF083_1983_GV_SU2012_SB_07 

"<Mi>"
	"mío" Pronoun PPO Singular lang:es 00:00:06 00:00:12 tt-1757 AF083_1983_GV_SU2012_SB_07 
"<...>"
	"..." Punctuation DOTS lang:es 00:00:06 00:00:12 tt-1758 AF083_1983_GV_SU2012_SB_07 
"<yo>"
	"yo" Pronoun PPX Singular lang:es 00:00:06 00:00:12 tt-1759 AF083_1983_GV_SU2012_SB_07 @Gram:Pron:Sujeto 
"<...>"
	"..." Punctuation DOTS lang:es 00:00:06 00:00:12 tt-1760 AF083_1983_GV_SU2012_SB_07 
"<cuando>"
	"cuando" Conjunction CSUBX lang:es 00:00:06 00:00:12 tt-1761 AF083_1983_GV_SU2012_SB_07 
"<estaba>"
	"estar" Verb VEfin Imp Indi Sing 1st_or_3rd lang:es 00:00:06 00:00:12 tt-1762 AF083_1983_GV_SU2012_SB_07 @Gram:Imperf @Gram:SerEstar:Estar 
"<chiquita>"
	"chico" Adjective ADJ Singular lang:es 00:00:06 00:00:12 tt-1763 AF083_1983_GV_SU2012_SB_07 
"<mis>"
	"mío" Pronoun PPO Plural lang:es 00:00:06 00:00:12 tt-1764 AF083_1983_GV_SU2012_SB_07 @Gram:Det:Pos 
"<abuelos>"
	"abuelo" Noun NC Plural lang:es 00:00:06 00:00:12 tt-1765 AF083_1983_GV_SU2012_SB_07 
"<me>"
	"yo" Pronoun PPX Singular lang:es 00:00:06 00:00:12 tt-1766 AF083_1983_GV_SU2012_SB_07 @Gram:Pron:Objeto 
"<dijen>"
	"UNK" Verb VLfin Past Subj Plural 3rd lang:es 00:00:06 00:00:12 tt-1767 AF083_1983_GV_SU2012_SB_07 @Gram:MSub:Pret 
"<que>"
	"que" Conjunction CQUE lang:es 00:00:06 00:00:12 tt-1768 AF083_1983_GV_SU2012_SB_07 
"<hacieran>"
	"UNK" Verb VLfin Past Subj Plural 2nd_or_3rd lang:es 00:00:06 00:00:12 tt-1769 AF083_1983_GV_SU2012_SB_07 @Gram:MSub:Pret 
"<ellos>"
	"él" Pronoun PPX Plural lang:es 00:00:06 00:00:12 tt-1770 AF083_1983_GV_SU2012_SB_07 @Gram:Pron:Sujeto 
"<$.>"
	"." Punctuation FS lang:es 00:00:06 00:00:12 tt-1771 AF083_1983_GV_SU2012_SB_07 

"<Ellos>"
	"él" Pronoun PPX Plural lang:es 00:00:06 00:00:12 tt-1772 AF083_1983_GV_SU2012_SB_07 @Gram:Pron:Sujeto 
"<trabajaban>"
	"trabajar" Verb VLfin Imp Indi Plural 3rd lang:es 00:00:12 00:00:19 tt-1773 AF083_1983_GV_SU2012_SB_07 @Gram:Imperf 
<lang code="en">
"<in>"
	"in" Preposition IN lang:en 00:00:12 00:00:19 tt-1774 AF083_1983_GV_SU2012_SB_07 @Gram:Prep 
"<the>"
	"the" Determiner DT lang:en 00:00:12 00:00:19 tt-1775 AF083_1983_GV_SU2012_SB_07 
"<fields>"
	"field" Noun NNS lang:en 00:00:12 00:00:19 tt-1776 AF083_1983_GV_SU2012_SB_07 
</lang>
"<las>"
	"el" Determiner ART Plural lang:es 00:00:12 00:00:19 tt-1777 AF083_1983_GV_SU2012_SB_07 @Gram:Det:Art 
"<labores>"
	"labor" Noun NC Plural lang:es 00:00:12 00:00:19 tt-1778 AF083_1983_GV_SU2012_SB_07 
"<$.>"
	"." Punctuation FS lang:es 00:00:12 00:00:19 tt-1779 AF083_1983_GV_SU2012_SB_07 

"<Y>"
	"y" Conjunction CC lang:es 00:00:12 00:00:19 tt-1780 AF083_1983_GV_SU2012_SB_07 
<lang code="en">
"<ah>"
	"UNK" Noun NP Singular lang:en 00:00:12 00:00:19 tt-1781 AF083_1983_GV_SU2012_SB_07 
</lang>
"<...>"
	"..." Punctuation DOTS lang:es 00:00:12 00:00:19 tt-1782 AF083_1983_GV_SU2012_SB_07 
"<mi>"
	"mío" Pronoun PPO Singular lang:es 00:00:12 00:00:19 tt-1783 AF083_1983_GV_SU2012_SB_07 @Gram:Det:Pos 
"<mamá>"
	"mamá" Noun NC Singular lang:es 00:00:12 00:00:19 tt-1784 AF083_1983_GV_SU2012_SB_07 
"<asina>"
	"UNK" Adjective ADJ Singular lang:es 00:00:12 00:00:19 tt-1785 AF083_1983_GV_SU2012_SB_07 
"<creció>"
	"crecer" Verb VLfin Pret Indi Sing 3rd lang:es 00:00:12 00:00:19 tt-1786 AF083_1983_GV_SU2012_SB_07 @Gram:Indefinido 
"<$.>"
	"." Punctuation FS lang:es 00:00:12 00:00:19 tt-1787 AF083_1983_GV_SU2012_SB_07 

"<Uhm>"
	"UNK" Noun NP Singular lang:es 00:00:12 00:00:19 tt-1788 AF083_1983_GV_SU2012_SB_07 
"<...>"
	"..." Punctuation DOTS lang:es 00:00:12 00:00:19 tt-1789 AF083_1983_GV_SU2012_SB_07 
"<y>"
	"y" Other ALFS lang:es 00:00:12 00:00:19 tt-1790 AF083_1983_GV_SU2012_SB_07 
"<...>"
	"..." Punctuation DOTS lang:es 00:00:12 00:00:19 tt-1791 AF083_1983_GV_SU2012_SB_07 
"<pero>"
	"pero" Conjunction CCAD lang:es 00:00:12 00:00:19 tt-1792 AF083_1983_GV_SU2012_SB_07 @Prag:MarcadoresDisc:Revision 
"<mi>"
	"mío" Pronoun PPO Singular lang:es 00:00:12 00:00:19 tt-1793 AF083_1983_GV_SU2012_SB_07 @Gram:Det:Pos 
"<mamá>"
	"mamá" Noun NC Singular lang:es 00:00:12 00:00:19 tt-1794 AF083_1983_GV_SU2012_SB_07 
<lang code="en">
"<eventually>"
	"eventually" Adverb RB lang:en 00:00:12 00:00:19 tt-1795 AF083_1983_GV_SU2012_SB_07 
"<she>"
	"she" Pronoun PP lang:en 00:00:20 00:00:27 tt-1796 AF083_1983_GV_SU2012_SB_07 
</lang>
"<...>"
	"..." Punctuation DOTS lang:es 00:00:20 00:00:27 tt-1797 AF083_1983_GV_SU2012_SB_07 
<lang code="en">
"<my>"
	"my" Pronoun PP$ lang:en 00:00:20 00:00:27 tt-1798 AF083_1983_GV_SU2012_SB_07 
</lang>
"<...>"
	"..." Punctuation DOTS lang:es 00:00:20 00:00:27 tt-1799 AF083_1983_GV_SU2012_SB_07 
"<ella>"
	"él" Pronoun PPX Singular lang:es 00:00:20 00:00:27 tt-1800 AF083_1983_GV_SU2012_SB_07 @Gram:Pron:Sujeto 
"<fue>"
	"ir" Verb VLfin Pret Indi Sing 3rd lang:es 00:00:20 00:00:27 tt-1801 AF083_1983_GV_SU2012_SB_07 @Gram:Indefinido 
"<...>"
	"..." Punctuation DOTS lang:es 00:00:20 00:00:27 tt-1802 AF083_1983_GV_SU2012_SB_07 
"<sí>"
	"él" Pronoun PPX Singular lang:es 00:00:20 00:00:27 tt-1803 AF083_1983_GV_SU2012_SB_07 
"<graduó>"
	"graduar" Verb VLfin Pret Indi Sing 3rd lang:es 00:00:20 00:00:27 tt-1804 AF083_1983_GV_SU2012_SB_07 @Gram:Indefinido 
"<de>"
	"de" Preposition PREP lang:es 00:00:20 00:00:27 tt-1805 AF083_1983_GV_SU2012_SB_07 @Gram:Prep 
<lang code="en">
"<high>"
	"high" Adjective JJ lang:en 00:00:20 00:00:27 tt-1806 AF083_1983_GV_SU2012_SB_07 
"<school>"
	"school" Noun NN lang:en 00:00:20 00:00:27 tt-1807 AF083_1983_GV_SU2012_SB_07 
</lang>
"<y>"
	"y" Conjunction CC lang:es 00:00:20 00:00:27 tt-1808 AF083_1983_GV_SU2012_SB_07 
"<agarró>"
	"agarrar" Verb VLfin Pret Indi Sing 3rd lang:es 00:00:20 00:00:27 tt-1809 AF083_1983_GV_SU2012_SB_07 @Gram:Indefinido 
"<una>"
	"un" Determiner ART Singular lang:es 00:00:20 00:00:27 tt-1810 AF083_1983_GV_SU2012_SB_07 
"<...>"
	"..." Punctuation DOTS lang:es 00:00:20 00:00:27 tt-1811 AF083_1983_GV_SU2012_SB_07 
"<un>"
	"un" Determiner ART Singular lang:es 00:00:20 00:00:27 tt-1812 AF083_1983_GV_SU2012_SB_07 
<lang code="en">
"<job>"
	"job" Noun NN lang:en 00:00:20 00:00:27 tt-1813 AF083_1983_GV_SU2012_SB_07 
"<working>"
	"work" Verb VBG lang:en 00:00:20 00:00:27 tt-1814 AF083_1983_GV_SU2012_SB_07 
</lang>
"<con>"
	"con" Preposition PREP lang:es 00:00:20 00:00:27 tt-1815 AF083_1983_GV_SU2012_SB_07 @Gram:Prep 
"<...>"
	"..." Punctuation DOTS lang:es 00:00:20 00:00:27 tt-1816 AF083_1983_GV_SU2012_SB_07 
<lang code="en">
"<like>"
	"like" Preposition IN lang:en 00:00:27 00:00:34 tt-1817 AF083_1983_GV_SU2012_SB_07 @Gram:Prep 
"<the>"
	"the" Determiner DT lang:en 00:00:27 00:00:34 tt-1818 AF083_1983_GV_SU2012_SB_07 
</lang>
"<detention>"
	"UNK" Verb VLfin Error1 lang:es 00:00:27 00:00:34 tt-1819 AF083_1983_GV_SU2012_SB_07 
<lang code="en">
"<center>"
	"center" Noun NN lang:en 00:00:27 00:00:34 tt-1820 AF083_1983_GV_SU2012_SB_07 
</lang>
"<,>"
	"," Punctuation CM lang:es 00:00:27 00:00:34 tt-1821 AF083_1983_GV_SU2012_SB_07 
<lang code="en">
"<and>"
	"and" Conjunction CC lang:en 00:00:27 00:00:34 tt-1822 AF083_1983_GV_SU2012_SB_07 
"<it>"
	"it" Pronoun PP lang:en 00:00:27 00:00:34 tt-1823 AF083_1983_GV_SU2012_SB_07 
"<was>"
	"be" Verb VBD lang:en 00:00:27 00:00:34 tt-1824 AF083_1983_GV_SU2012_SB_07 
</lang>
"<a>"
	"a" Other PE lang:es 00:00:27 00:00:34 tt-1825 AF083_1983_GV_SU2012_SB_07 
<lang code="en">
"<long>"
	"long" Adjective JJ lang:en 00:00:27 00:00:34 tt-1826 AF083_1983_GV_SU2012_SB_07 
"<time>"
	"time" Noun NN lang:en 00:00:27 00:00:34 tt-1827 AF083_1983_GV_SU2012_SB_07 
"<ago>"
	"ago" Adverb RB lang:en 00:00:27 00:00:34 tt-1828 AF083_1983_GV_SU2012_SB_07 
</lang>
"<$.>"
	"." Punctuation FS lang:es 00:00:27 00:00:34 tt-1829 AF083_1983_GV_SU2012_SB_07 

"<Muchos>"
	"mucho" Determiner QU lang:es 00:00:27 00:00:34 tt-1830 AF083_1983_GV_SU2012_SB_07 
"<años>"
	"año" Noun NC Plural lang:es 00:00:27 00:00:34 tt-1831 AF083_1983_GV_SU2012_SB_07 
"<para>"
	"para" Preposition PREP lang:es 00:00:27 00:00:34 tt-1832 AF083_1983_GV_SU2012_SB_07 @Gram:Prep:Para 
"<átras>"
	"UNK" Noun NC Plural lang:es 00:00:27 00:00:34 tt-1833 AF083_1983_GV_SU2012_SB_07 
"<$.>"
	"." Punctuation FS lang:es 00:00:27 00:00:34 tt-1834 AF083_1983_GV_SU2012_SB_07 

"<Y>"
	"y" Conjunction CC lang:es 00:00:34 00:00:41 tt-1835 AF083_1983_GV_SU2012_SB_07 
"<luego>"
	"luego" Adverb ADV lang:es 00:00:34 00:00:41 tt-1836 AF083_1983_GV_SU2012_SB_07 
"<ella>"
	"él" Pronoun PPX Singular lang:es 00:00:34 00:00:41 tt-1837 AF083_1983_GV_SU2012_SB_07 @Gram:Pron:Sujeto 
"<trabajaba>"
	"trabajar" Verb VLfin Imp Indi Sing 1st_or_3rd lang:es 00:00:34 00:00:41 tt-1838 AF083_1983_GV_SU2012_SB_07 @Gram:Imperf 
"<con>"
	"con" Preposition PREP lang:es 00:00:34 00:00:41 tt-1839 AF083_1983_GV_SU2012_SB_07 @Gram:Prep 
"<unos>"
	"un" Determiner ART Plural lang:es 00:00:34 00:00:41 tt-1840 AF083_1983_GV_SU2012_SB_07 
"<niños>"
	"niño" Noun NC Plural lang:es 00:00:34 00:00:41 tt-1841 AF083_1983_GV_SU2012_SB_07 
"<en>"
	"en" Preposition PREP lang:es 00:00:34 00:00:41 tt-1842 AF083_1983_GV_SU2012_SB_07 @Gram:Prep 
"<el>"
	"el" Determiner ART Singular lang:es 00:00:34 00:00:41 tt-1843 AF083_1983_GV_SU2012_SB_07 @Gram:Det:Art 
<lang code="en">
"<rehabilitation>"
	"rehabilitation" Noun NN lang:en 00:00:34 00:00:41 tt-1844 AF083_1983_GV_SU2012_SB_07 
"<center>"
	"center" Noun NN lang:en 00:00:34 00:00:41 tt-1845 AF083_1983_GV_SU2012_SB_07 
</lang>
"<,>"
	"," Punctuation CM lang:es 00:00:34 00:00:41 tt-1846 AF083_1983_GV_SU2012_SB_07 
"<y>"
	"y" Conjunction CC lang:es 00:00:34 00:00:41 tt-1847 AF083_1983_GV_SU2012_SB_07 
"<mi>"
	"mío" Pronoun PPO Singular lang:es 00:00:34 00:00:41 tt-1848 AF083_1983_GV_SU2012_SB_07 @Gram:Det:Pos 
"<papá>"
	"papá" Noun NC Singular lang:es 00:00:34 00:00:41 tt-1849 AF083_1983_GV_SU2012_SB_07 
"<los>"
	"él" Pronoun PPC Plural lang:es 00:00:34 00:00:41 tt-1850 AF083_1983_GV_SU2012_SB_07 @Gram:Pron:Objeto 
"<cuidaba>"
	"cuidar" Verb VLfin Imp Indi Sing 1st_or_3rd lang:es 00:00:34 00:00:41 tt-1851 AF083_1983_GV_SU2012_SB_07 @Gram:Imperf 
"<en>"
	"en" Preposition PREP lang:es 00:00:41 00:00:48 tt-1852 AF083_1983_GV_SU2012_SB_07 @Gram:Prep 
"<la>"
	"el" Determiner ART Singular lang:es 00:00:41 00:00:48 tt-1853 AF083_1983_GV_SU2012_SB_07 @Gram:Det:Art 
"<casa>"
	"casa" Noun NC Singular lang:es 00:00:41 00:00:48 tt-1854 AF083_1983_GV_SU2012_SB_07 
"<$.>"
	"." Punctuation FS lang:es 00:00:41 00:00:48 tt-1855 AF083_1983_GV_SU2012_SB_07 
<lang code="en">

"<So>"
	"so" Adverb RB lang:en 00:00:41 00:00:48 tt-1856 AF083_1983_GV_SU2012_SB_07 
</lang>
"<he>"
	"haber" Verb VHfin Pres Indi Sing 1st lang:es 00:00:41 00:00:48 tt-1857 AF083_1983_GV_SU2012_SB_07 @Gram:Haber:Exist 
<lang code="en">
"<was>"
	"be" Verb VBD lang:en 00:00:41 00:00:48 tt-1858 AF083_1983_GV_SU2012_SB_07 
"<the>"
	"the" Determiner DT lang:en 00:00:41 00:00:48 tt-1859 AF083_1983_GV_SU2012_SB_07 
"<mom>"
	"mom" Noun NN lang:en 00:00:41 00:00:48 tt-1860 AF083_1983_GV_SU2012_SB_07 
</lang>
"<...>"
	"..." Punctuation DOTS lang:es 00:00:41 00:00:48 tt-1861 AF083_1983_GV_SU2012_SB_07 
"<stay-at-home>"
	"UNK" Noun NC Singular lang:es 00:00:41 00:00:48 tt-1862 AF083_1983_GV_SU2012_SB_07 
<lang code="en">
"<mom>"
	"mom" Noun NN lang:en 00:00:41 00:00:48 tt-1863 AF083_1983_GV_SU2012_SB_07 
"<and>"
	"and" Conjunction CC lang:en 00:00:41 00:00:48 tt-1864 AF083_1983_GV_SU2012_SB_07 
"<dad>"
	"dad" Noun NN lang:en 00:00:41 00:00:48 tt-1865 AF083_1983_GV_SU2012_SB_07 
</lang>
"<$.>"
	"." Punctuation FS lang:es 00:00:41 00:00:48 tt-1866 AF083_1983_GV_SU2012_SB_07 
<lang code="en">

"<And>"
	"and" Conjunction CC lang:en 00:00:41 00:00:48 tt-1867 AF083_1983_GV_SU2012_SB_07 
</lang>
"<...>"
	"..." Punctuation DOTS lang:es 00:00:41 00:00:48 tt-1868 AF083_1983_GV_SU2012_SB_07 
"<y>"
	"y" Conjunction CC lang:es 00:00:41 00:00:48 tt-1869 AF083_1983_GV_SU2012_SB_07 
"<luego>"
	"luego" Adverb ADV lang:es 00:00:41 00:00:48 tt-1870 AF083_1983_GV_SU2012_SB_07 
"<no>"
	"no" Adverb ADV lang:es 00:00:41 00:00:48 tt-1871 AF083_1983_GV_SU2012_SB_07 
"<más>"
	"más" Adverb ADV lang:es 00:00:41 00:00:48 tt-1872 AF083_1983_GV_SU2012_SB_07 
"<ahora>"
	"ahora" Adverb ADV lang:es 00:00:41 00:00:48 tt-1873 AF083_1983_GV_SU2012_SB_07 
"<mi>"
	"mío" Pronoun PPO Singular lang:es 00:00:41 00:00:48 tt-1874 AF083_1983_GV_SU2012_SB_07 @Gram:Det:Pos 
"<mamá>"
	"mamá" Noun NC Singular lang:es 00:00:48 00:00:52 tt-1875 AF083_1983_GV_SU2012_SB_07 
"<hace>"
	"hacer" Verb VLfin Pres Indi Sing 3rd lang:es 00:00:48 00:00:52 tt-1876 AF083_1983_GV_SU2012_SB_07 
"<ejercicios>"
	"ejercicio" Noun NC Plural lang:es 00:00:48 00:00:52 tt-1877 AF083_1983_GV_SU2012_SB_07 
"<y>"
	"y" Conjunction CC lang:es 00:00:48 00:00:52 tt-1878 AF083_1983_GV_SU2012_SB_07 
"<los>"
	"el" Determiner ART Plural lang:es 00:00:48 00:00:52 tt-1879 AF083_1983_GV_SU2012_SB_07 @Gram:Det:Art 
"<clases>"
	"clase" Noun NC Plural lang:es 00:00:48 00:00:52 tt-1880 AF083_1983_GV_SU2012_SB_07 
"<de>"
	"de" Preposition PREP lang:es 00:00:48 00:00:52 tt-1881 AF083_1983_GV_SU2012_SB_07 @Gram:Prep 
"<zumba>"
	"UNK" Noun NC Singular lang:es 00:00:48 00:00:52 tt-1882 AF083_1983_GV_SU2012_SB_07 
"<y>"
	"y" Conjunction CC lang:es 00:00:48 00:00:52 tt-1883 AF083_1983_GV_SU2012_SB_07 
"<asina>"
	"UNK" Verb VLfin Pres Indi Sing 3rd lang:es 00:00:48 00:00:52 tt-1884 AF083_1983_GV_SU2012_SB_07 
"<...>"
	"..." Punctuation DOTS lang:es 00:00:48 00:00:52 tt-1885 AF083_1983_GV_SU2012_SB_07 
</speaker>
</text>

