<text id="AF082_1991_GV_SU2012_SB_05">
<speaker type="int">
"<¿>"
	"Error" Other Error lang:es 00:00:00 00:00:03 tt-1307 AF082_1991_GV_SU2012_SB_05 
"<Y>"
	"Error" Other Error lang:es 00:00:00 00:00:03 tt-1308 AF082_1991_GV_SU2012_SB_05 
"<tu>"
	"Error" Other Error lang:es 00:00:00 00:00:03 tt-1309 AF082_1991_GV_SU2012_SB_05 
"<te>"
	"Error" Other Error lang:es 00:00:00 00:00:03 tt-1310 AF082_1991_GV_SU2012_SB_05 
"<consideras>"
	"Error" Other Error lang:es 00:00:00 00:00:03 tt-1311 AF082_1991_GV_SU2012_SB_05 
"<mexicana>"
	"Error" Other Error lang:es 00:00:00 00:00:03 tt-1312 AF082_1991_GV_SU2012_SB_05 
"<,>"
	"," Punctuation CM lang:es 00:00:00 00:00:03 tt-1313 AF082_1991_GV_SU2012_SB_05 
"<mexicana-americana>"
	"Error" Other Error lang:es 00:00:00 00:00:03 tt-1314 AF082_1991_GV_SU2012_SB_05 
"<,>"
	"," Punctuation CM lang:es 00:00:00 00:00:03 tt-1315 AF082_1991_GV_SU2012_SB_05 
"<texana>"
	"Error" Other Error lang:es 00:00:00 00:00:03 tt-1316 AF082_1991_GV_SU2012_SB_05 
"<,>"
	"," Punctuation CM lang:es 00:00:00 00:00:03 tt-1317 AF082_1991_GV_SU2012_SB_05 
"<americana>"
	"Error" Other Error lang:es 00:00:00 00:00:03 tt-1318 AF082_1991_GV_SU2012_SB_05 
"<?>"
	"Error" Other Error lang:es 00:00:00 00:00:03 tt-1319 AF082_1991_GV_SU2012_SB_05 
</speaker>
<speaker type="subj">
"<Mexican-American>"
	"Error" Other Error lang:es 00:00:03 00:00:10 tt-1323 AF082_1991_GV_SU2012_SB_05 
"<$.>"
	"." Punctuation FS lang:es 00:00:03 00:00:10 tt-1324 AF082_1991_GV_SU2012_SB_05 

"<Solamente>"
	"Error" Other Error lang:es 00:00:03 00:00:10 tt-1325 AF082_1991_GV_SU2012_SB_05 
"<porque>"
	"Error" Other Error lang:es 00:00:03 00:00:10 tt-1326 AF082_1991_GV_SU2012_SB_05 
"<nací>"
	"Error" Other Error lang:es 00:00:03 00:00:10 tt-1327 AF082_1991_GV_SU2012_SB_05 
"<aquí>"
	"Error" Other Error lang:es 00:00:03 00:00:10 tt-1328 AF082_1991_GV_SU2012_SB_05 
"<es>"
	"Error" Other Error lang:es 00:00:03 00:00:10 tt-1329 AF082_1991_GV_SU2012_SB_05 
"<...>"
	"..." Punctuation DOTS lang:es 00:00:03 00:00:10 tt-1330 AF082_1991_GV_SU2012_SB_05 
"<o>"
	"Error" Other Error lang:es 00:00:03 00:00:10 tt-1331 AF082_1991_GV_SU2012_SB_05 
"<sea>"
	"Error" Other Error lang:es 00:00:03 00:00:10 tt-1332 AF082_1991_GV_SU2012_SB_05 
"<siempre>"
	"Error" Other Error lang:es 00:00:03 00:00:10 tt-1333 AF082_1991_GV_SU2012_SB_05 
"<he>"
	"Error" Other Error lang:es 00:00:03 00:00:10 tt-1334 AF082_1991_GV_SU2012_SB_05 
"<vivido>"
	"Error" Other Error lang:es 00:00:11 00:00:18 tt-1335 AF082_1991_GV_SU2012_SB_05 
"<aquí>"
	"Error" Other Error lang:es 00:00:11 00:00:18 tt-1336 AF082_1991_GV_SU2012_SB_05 
"<y>"
	"y" Conjunction CC lang:es 00:00:11 00:00:18 tt-1337 AF082_1991_GV_SU2012_SB_05 
"<así>"
	"Error" Other Error lang:es 00:00:11 00:00:18 tt-1338 AF082_1991_GV_SU2012_SB_05 
"<pero>"
	"Error" Other Error lang:es 00:00:11 00:00:18 tt-1339 AF082_1991_GV_SU2012_SB_05 
"<...>"
	"..." Punctuation DOTS lang:es 00:00:11 00:00:18 tt-1340 AF082_1991_GV_SU2012_SB_05 
"<,>"
	"," Punctuation CM lang:es 00:00:11 00:00:18 tt-1343 AF082_1991_GV_SU2012_SB_05 
"<...>"
	"..." Punctuation DOTS lang:es 00:00:11 00:00:18 tt-1347 AF082_1991_GV_SU2012_SB_05 
"<don>"
	"Error" Other Error lang:es 00:00:11 00:00:18 tt-1349 AF082_1991_GV_SU2012_SB_05 
"<,>"
	"," Punctuation CM lang:es 00:00:11 00:00:18 tt-1352 AF082_1991_GV_SU2012_SB_05 
"<...>"
	"..." Punctuation DOTS lang:es 00:00:11 00:00:18 tt-1354 AF082_1991_GV_SU2012_SB_05 
"<,>"
	"," Punctuation CM lang:es 00:00:18 00:00:25 tt-1365 AF082_1991_GV_SU2012_SB_05 
"<,>"
	"," Punctuation CM lang:es 00:00:18 00:00:25 tt-1367 AF082_1991_GV_SU2012_SB_05 
<lang code="en">
"<'>"
	"'" Other POS lang:en 00:59:43 00:00:25 tt-1368 AF082_1991_GV_SU2012_SB_05 
"<'>"
	"'" Other POS lang:en 00:59:43 00:00:25 tt-1372 AF082_1991_GV_SU2012_SB_05 
</lang>
"<$.>"
	"." Punctuation FS lang:es 00:00:30 00:00:37 tt-1379 AF082_1991_GV_SU2012_SB_05 

"<,>"
	"," Punctuation CM lang:es 00:00:30 00:00:37 tt-1381 AF082_1991_GV_SU2012_SB_05 
"<,>"
	"," Punctuation CM lang:es 00:00:30 00:00:37 tt-1384 AF082_1991_GV_SU2012_SB_05 
"<$.>"
	"." Punctuation FS lang:es 00:00:37 00:00:44 tt-1411 AF082_1991_GV_SU2012_SB_05 

"<,>"
	"," Punctuation CM lang:es 00:00:37 00:00:44 tt-1416 AF082_1991_GV_SU2012_SB_05 
"<$.>"
	"." Punctuation FS lang:es 00:00:37 00:00:44 tt-1418 AF082_1991_GV_SU2012_SB_05 

"<Me>"
	"Error" Other Error lang:es 00:00:37 00:00:44 tt-1419 AF082_1991_GV_SU2012_SB_05 
"<...>"
	"..." Punctuation DOTS lang:es 00:00:37 00:00:44 tt-1420 AF082_1991_GV_SU2012_SB_05 
"<me>"
	"Error" Other Error lang:es 00:00:37 00:00:44 tt-1421 AF082_1991_GV_SU2012_SB_05 
"<gustaria>"
	"Error" Other Error lang:es 00:00:45 00:00:48 tt-1422 AF082_1991_GV_SU2012_SB_05 
"<vivir>"
	"Error" Other Error lang:es 00:00:45 00:00:48 tt-1423 AF082_1991_GV_SU2012_SB_05 
"<allá>"
	"Error" Other Error lang:es 00:00:45 00:00:48 tt-1424 AF082_1991_GV_SU2012_SB_05 
"<nomás>"
	"Error" Other Error lang:es 00:00:45 00:00:48 tt-1425 AF082_1991_GV_SU2012_SB_05 
"<para>"
	"Error" Other Error lang:es 00:00:45 00:00:48 tt-1426 AF082_1991_GV_SU2012_SB_05 
"<ir>"
	"Error" Other Error lang:es 00:00:45 00:00:48 tt-1427 AF082_1991_GV_SU2012_SB_05 
"<a>"
	"a" Preposition PREP lang:es 00:00:45 00:00:48 tt-1428 AF082_1991_GV_SU2012_SB_05 @Gram:Prep 
"<caminar>"
	"Error" Other Error lang:es 00:00:45 00:00:48 tt-1429 AF082_1991_GV_SU2012_SB_05 
"<al>"
	"Error" Other Error lang:es 00:00:45 00:00:48 tt-1430 AF082_1991_GV_SU2012_SB_05 
"<centro>"
	"Error" Other Error lang:es 00:00:45 00:00:48 tt-1431 AF082_1991_GV_SU2012_SB_05 
"<$.>"
	"." Punctuation FS lang:es 00:00:45 00:00:48 tt-1432 AF082_1991_GV_SU2012_SB_05 

"<[>"
	"Error" Other Error lang:es 00:00:45 00:00:48 tt-1433 AF082_1991_GV_SU2012_SB_05 
"<Risa>"
	"Error" Other Error lang:es 00:00:45 00:00:48 tt-1434 AF082_1991_GV_SU2012_SB_05 
"<]>"
	"Error" Other Error lang:es 00:00:45 00:00:48 tt-1435 AF082_1991_GV_SU2012_SB_05 
</speaker>
<speaker type="int">
"<¿>"
	"Error" Other Error lang:es 00:00:48 00:00:52 tt-1436 AF082_1991_GV_SU2012_SB_05 
"<Y>"
	"y" Conjunction CC lang:es 00:00:48 00:00:52 tt-1437 AF082_1991_GV_SU2012_SB_05 
"<dónde>"
	"Error" Other Error lang:es 00:00:48 00:00:52 tt-1438 AF082_1991_GV_SU2012_SB_05 
"<irias>"
	"Error" Other Error lang:es 00:00:48 00:00:52 tt-1439 AF082_1991_GV_SU2012_SB_05 
"<a>"
	"a" Preposition PREP lang:es 00:00:48 00:00:52 tt-1440 AF082_1991_GV_SU2012_SB_05 @Gram:Prep 
"<vivir>"
	"Error" Other Error lang:es 00:00:48 00:00:52 tt-1441 AF082_1991_GV_SU2012_SB_05 
"<en>"
	"en" Preposition PREP lang:es 00:00:48 00:00:52 tt-1442 AF082_1991_GV_SU2012_SB_05 @Gram:Prep 
"<Mexico>"
	"Error" Other Error lang:es 00:00:48 00:00:52 tt-1443 AF082_1991_GV_SU2012_SB_05 
"<,>"
	"," Punctuation CM lang:es 00:00:48 00:00:52 tt-1444 AF082_1991_GV_SU2012_SB_05 
"<a>"
	"a" Preposition PREP lang:es 00:00:48 00:00:52 tt-1445 AF082_1991_GV_SU2012_SB_05 @Gram:Prep 
"<que>"
	"Error" Other Error lang:es 00:00:48 00:00:52 tt-1446 AF082_1991_GV_SU2012_SB_05 
"<parte>"
	"Error" Other Error lang:es 00:00:48 00:00:52 tt-1447 AF082_1991_GV_SU2012_SB_05 
"<$?>"
	"?" Punctuation FS lang:es 00:00:48 00:00:52 tt-1448 AF082_1991_GV_SU2012_SB_05 

"<[>"
	"Error" Other Error lang:es 00:00:48 00:00:52 tt-1449 AF082_1991_GV_SU2012_SB_05 
"<Pausa>"
	"Error" Other Error lang:es 00:00:48 00:00:52 tt-1450 AF082_1991_GV_SU2012_SB_05 
"<]>"
	"Error" Other Error lang:es 00:00:48 00:00:52 tt-1451 AF082_1991_GV_SU2012_SB_05 
"<Al>"
	"Error" Other Error lang:es 00:00:52 00:00:58 tt-1452 AF082_1991_GV_SU2012_SB_05 
"<...>"
	"..." Punctuation DOTS lang:es 00:00:52 00:00:58 tt-1453 AF082_1991_GV_SU2012_SB_05 
"<$¿>"
	"¿" Punctuation FS lang:es 00:00:52 00:00:58 tt-1454 AF082_1991_GV_SU2012_SB_05 
"<Cómo>"
	"cómo" Adverb ADV lang:es 00:00:52 00:00:58 tt-1455 AF082_1991_GV_SU2012_SB_05 
"<se>"
	"se" Other SE lang:es 00:00:52 00:00:58 tt-1456 AF082_1991_GV_SU2012_SB_05 @Gram:Pron:Otros 
"<...>"
	"Error" Other Error lang:es 00:00:52 00:00:58 tt-1457 AF082_1991_GV_SU2012_SB_05 
"<...>"
	"..." Punctuation DOTS lang:es 00:00:52 00:00:58 tt-1459 AF082_1991_GV_SU2012_SB_05 
"<...>"
	"..." Punctuation DOTS lang:es 00:00:52 00:00:58 tt-1464 AF082_1991_GV_SU2012_SB_05 
"<$¿>"
	"¿" Punctuation FS lang:es 00:00:52 00:00:58 tt-1465 AF082_1991_GV_SU2012_SB_05 
"<Distrito>"
	"Error" Other Error lang:es 00:00:52 00:00:58 tt-1466 AF082_1991_GV_SU2012_SB_05 
"<$?>"
	"?" Punctuation FS lang:es 00:00:52 00:00:58 tt-1468 AF082_1991_GV_SU2012_SB_05 

"<Uh-huh>"
	"Error" Other Error lang:es 00:00:58 00:01:02 tt-1469 AF082_1991_GV_SU2012_SB_05 
"<$.>"
	"." Punctuation FS lang:es 00:00:58 00:01:02 tt-1470 AF082_1991_GV_SU2012_SB_05 

"<Distrito>"
	"Error" Other Error lang:es 00:00:58 00:01:02 tt-1471 AF082_1991_GV_SU2012_SB_05 
"<$.>"
	"." Punctuation FS lang:es 00:00:58 00:01:02 tt-1473 AF082_1991_GV_SU2012_SB_05 

"<¿>"
	"Error" Other Error lang:es 00:00:58 00:01:02 tt-1474 AF082_1991_GV_SU2012_SB_05 
"<Mexico>"
	"Error" Other Error lang:es 00:00:58 00:01:02 tt-1475 AF082_1991_GV_SU2012_SB_05 
"<D>"
	"Error" Other Error lang:es 00:00:58 00:01:02 tt-1476 AF082_1991_GV_SU2012_SB_05 
"<$.>"
	"." Punctuation FS lang:es 00:00:58 00:01:02 tt-1477 AF082_1991_GV_SU2012_SB_05 

"<F>"
	"Error" Other Error lang:es 00:00:58 00:01:02 tt-1478 AF082_1991_GV_SU2012_SB_05 
"<$.>"
	"." Punctuation FS lang:es 00:00:58 00:01:02 tt-1479 AF082_1991_GV_SU2012_SB_05 

"<?>"
	"Error" Other Error lang:es 00:00:58 00:01:02 tt-1480 AF082_1991_GV_SU2012_SB_05 
"<Sí>"
	"Error" Other Error lang:es 00:01:02 00:01:03 tt-1481 AF082_1991_GV_SU2012_SB_05 
"<$.>"
	"." Punctuation FS lang:es 00:01:02 00:01:03 tt-1482 AF082_1991_GV_SU2012_SB_05 

"<Mexico>"
	"Error" Other Error lang:es 00:01:03 00:01:05 tt-1483 AF082_1991_GV_SU2012_SB_05 
"<$.>"
	"." Punctuation FS lang:es 00:01:03 00:01:05 tt-1485 AF082_1991_GV_SU2012_SB_05 
</speaker>
<speaker type="subj">

"<Quiero>"
	"Error" Other Error lang:es 00:01:05 00:01:12 tt-1486 AF082_1991_GV_SU2012_SB_05 
"<...>"
	"Error" Other Error lang:es 00:01:05 00:01:12 tt-1487 AF082_1991_GV_SU2012_SB_05 
"<quiero>"
	"Error" Other Error lang:es 00:01:05 00:01:12 tt-1488 AF082_1991_GV_SU2012_SB_05 
"<ir>"
	"Error" Other Error lang:es 00:01:05 00:01:12 tt-1489 AF082_1991_GV_SU2012_SB_05 
"<allí>"
	"Error" Other Error lang:es 00:01:05 00:01:12 tt-1490 AF082_1991_GV_SU2012_SB_05 
"<para>"
	"Error" Other Error lang:es 00:01:05 00:01:12 tt-1491 AF082_1991_GV_SU2012_SB_05 
"<ir>"
	"Error" Other Error lang:es 00:01:05 00:01:12 tt-1492 AF082_1991_GV_SU2012_SB_05 
"<a>"
	"a" Preposition PREP lang:es 00:01:05 00:01:12 tt-1493 AF082_1991_GV_SU2012_SB_05 @Gram:Prep 
"<visitar>"
	"Error" Other Error lang:es 00:01:05 00:01:12 tt-1494 AF082_1991_GV_SU2012_SB_05 
"<el>"
	"Error" Other Error lang:es 00:01:05 00:01:12 tt-1495 AF082_1991_GV_SU2012_SB_05 
"<...>"
	"Error" Other Error lang:es 00:01:05 00:01:12 tt-1496 AF082_1991_GV_SU2012_SB_05 
"<la>"
	"Error" Other Error lang:es 00:01:05 00:01:12 tt-1497 AF082_1991_GV_SU2012_SB_05 
"<ciudad>"
	"Error" Other Error lang:es 00:01:05 00:01:12 tt-1498 AF082_1991_GV_SU2012_SB_05 
"<porque>"
	"Error" Other Error lang:es 00:01:05 00:01:12 tt-1499 AF082_1991_GV_SU2012_SB_05 
"<me>"
	"Error" Other Error lang:es 00:01:05 00:01:12 tt-1500 AF082_1991_GV_SU2012_SB_05 
"<...>"
	"..." Punctuation DOTS lang:es 00:01:05 00:01:12 tt-1501 AF082_1991_GV_SU2012_SB_05 
"<me>"
	"Error" Other Error lang:es 00:01:05 00:01:12 tt-1502 AF082_1991_GV_SU2012_SB_05 
"<han>"
	"Error" Other Error lang:es 00:01:13 00:01:15 tt-1503 AF082_1991_GV_SU2012_SB_05 
"<dicho>"
	"Error" Other Error lang:es 00:01:13 00:01:15 tt-1504 AF082_1991_GV_SU2012_SB_05 
"<que>"
	"Error" Other Error lang:es 00:01:13 00:01:15 tt-1505 AF082_1991_GV_SU2012_SB_05 
"<es>"
	"Error" Other Error lang:es 00:01:13 00:01:15 tt-1506 AF082_1991_GV_SU2012_SB_05 
"<...>"
	"..." Punctuation DOTS lang:es 00:01:13 00:01:15 tt-1507 AF082_1991_GV_SU2012_SB_05 
"<que>"
	"Error" Other Error lang:es 00:01:13 00:01:15 tt-1508 AF082_1991_GV_SU2012_SB_05 
"<es>"
	"Error" Other Error lang:es 00:01:13 00:01:15 tt-1509 AF082_1991_GV_SU2012_SB_05 
"<bien>"
	"Error" Other Error lang:es 00:01:13 00:01:15 tt-1510 AF082_1991_GV_SU2012_SB_05 
"<bonito>"
	"Error" Other Error lang:es 00:01:13 00:01:15 tt-1511 AF082_1991_GV_SU2012_SB_05 
"<allí>"
	"Error" Other Error lang:es 00:01:13 00:01:15 tt-1512 AF082_1991_GV_SU2012_SB_05 
"<$.>"
	"." Punctuation FS lang:es 00:01:13 00:01:15 tt-1513 AF082_1991_GV_SU2012_SB_05 

"<Y>"
	"Error" Other Error lang:es 00:01:13 00:01:15 tt-1514 AF082_1991_GV_SU2012_SB_05 
"<quiero>"
	"Error" Other Error lang:es 00:01:13 00:01:15 tt-1515 AF082_1991_GV_SU2012_SB_05 
"<llevar>"
	"Error" Other Error lang:es 00:01:13 00:01:15 tt-1516 AF082_1991_GV_SU2012_SB_05 
"<a>"
	"a" Preposition PREP lang:es 00:01:13 00:01:15 tt-1517 AF082_1991_GV_SU2012_SB_05 @Gram:Prep 
"<mi>"
	"Error" Other Error lang:es 00:01:13 00:01:15 tt-1518 AF082_1991_GV_SU2012_SB_05 
"<mamá>"
	"Error" Other Error lang:es 00:01:13 00:01:15 tt-1519 AF082_1991_GV_SU2012_SB_05 
"<$.>"
	"." Punctuation FS lang:es 00:01:13 00:01:15 tt-1520 AF082_1991_GV_SU2012_SB_05 
</speaker>
<speaker type="int">

"<Impresionante>"
	"Error" Other Error lang:es 00:01:15 00:01:16 tt-1521 AF082_1991_GV_SU2012_SB_05 
"<$.>"
	"." Punctuation FS lang:es 00:01:15 00:01:16 tt-1522 AF082_1991_GV_SU2012_SB_05 

"<Sí>"
	"Error" Other Error lang:es 00:01:15 00:01:16 tt-1523 AF082_1991_GV_SU2012_SB_05 
"<$.>"
	"." Punctuation FS lang:es 00:01:15 00:01:16 tt-1524 AF082_1991_GV_SU2012_SB_05 

"<Sí>"
	"Error" Other Error lang:es 00:01:16 tt-1525 AF082_1991_GV_SU2012_SB_05 
"<$.>"
	"." Punctuation FS lang:es 00:01:16 tt-1526 AF082_1991_GV_SU2012_SB_05 
</speaker>
<speaker type="subj">

"<[>"
	"Error" Other Error lang:es 00:01:16 tt-1529 AF082_1991_GV_SU2012_SB_05 
"<inaudible>"
	"Error" Other Error lang:es 00:01:16 tt-1530 AF082_1991_GV_SU2012_SB_05 
"<]>"
	"Error" Other Error lang:es 00:01:16 tt-1531 AF082_1991_GV_SU2012_SB_05 
"<...>"
	"..." Punctuation DOTS lang:es 00:01:16 tt-1532 AF082_1991_GV_SU2012_SB_05 
</speaker>
<speaker type="int">
"<Sí>"
	"Error" Other Error lang:es 00:01:16 00:01:17 tt-1533 AF082_1991_GV_SU2012_SB_05 
"<,>"
	"," Punctuation CM lang:es 00:01:16 00:01:17 tt-1534 AF082_1991_GV_SU2012_SB_05 
"<yo>"
	"Error" Other Error lang:es 00:01:16 00:01:17 tt-1535 AF082_1991_GV_SU2012_SB_05 @Gram:Pron:Sujeto 
"<hay>"
	"Error" Other Error lang:es 00:01:16 00:01:17 tt-1536 AF082_1991_GV_SU2012_SB_05 
"<ido>"
	"Error" Other Error lang:es 00:01:16 00:01:17 tt-1537 AF082_1991_GV_SU2012_SB_05 
"<$.>"
	"." Punctuation FS lang:es 00:01:16 00:01:17 tt-1538 AF082_1991_GV_SU2012_SB_05 

"<wanna>"
	"Error" Other Error lang:es 00:01:17 00:01:24 tt-1541 AF082_1991_GV_SU2012_SB_05 
"<$.>"
	"." Punctuation FS lang:es 00:01:17 00:01:24 tt-1543 AF082_1991_GV_SU2012_SB_05 

"<$.>"
	"." Punctuation FS lang:es 00:01:17 00:01:24 tt-1554 AF082_1991_GV_SU2012_SB_05 

"<$.>"
	"." Punctuation FS lang:es 00:01:17 00:01:24 tt-1557 AF082_1991_GV_SU2012_SB_05 
</speaker>
</text>

