<text id="AF082_1991_GV_SU2012_SB_08">
<speaker type="int">
"<$.>"
	"." Punctuation FS lang:es 00:00:00 00:00:03 tt-2342 AF082_1991_GV_SU2012_SB_08 

"<$.>"
	"." Punctuation FS lang:es 00:00:00 00:00:03 tt-2344 AF082_1991_GV_SU2012_SB_08 

"<$¿>"
	"¿" Punctuation FS lang:es 00:00:00 00:00:03 tt-2345 AF082_1991_GV_SU2012_SB_08 
"<Y>"
	"Error" Other Error lang:es 00:00:00 00:00:03 tt-2346 AF082_1991_GV_SU2012_SB_08 
"<te>"
	"Error" Other Error lang:es 00:00:00 00:00:03 tt-2347 AF082_1991_GV_SU2012_SB_08 
"<mudarías>"
	"Error" Other Error lang:es 00:00:00 00:00:03 tt-2348 AF082_1991_GV_SU2012_SB_08 
"<a>"
	"a" Preposition PREP lang:es 00:00:00 00:00:03 tt-2349 AF082_1991_GV_SU2012_SB_08 @Gram:Prep 
"<otro>"
	"Error" Other Error lang:es 00:00:00 00:00:03 tt-2350 AF082_1991_GV_SU2012_SB_08 
"<estado>"
	"Error" Other Error lang:es 00:00:00 00:00:03 tt-2351 AF082_1991_GV_SU2012_SB_08 
"<en>"
	"Error" Other Error lang:es 00:00:00 00:00:03 tt-2352 AF082_1991_GV_SU2012_SB_08 
"<Estados>"
	"Error" Other Error lang:es 00:00:00 00:00:03 tt-2353 AF082_1991_GV_SU2012_SB_08 
"<Unidos>"
	"Error" Other Error lang:es 00:00:00 00:00:03 tt-2354 AF082_1991_GV_SU2012_SB_08 
"<$?>"
	"?" Punctuation FS lang:es 00:00:00 00:00:03 tt-2355 AF082_1991_GV_SU2012_SB_08 

"<¿>"
	"Error" Other Error lang:es 00:00:00 00:00:03 tt-2356 AF082_1991_GV_SU2012_SB_08 
"<A>"
	"a" Preposition PREP lang:es 00:00:00 00:00:03 tt-2357 AF082_1991_GV_SU2012_SB_08 @Gram:Prep 
"<California>"
	"Error" Other Error lang:es 00:00:00 00:00:03 tt-2358 AF082_1991_GV_SU2012_SB_08 
"<?>"
	"Error" Other Error lang:es 00:00:00 00:00:03 tt-2359 AF082_1991_GV_SU2012_SB_08 
</speaker>
<speaker type="subj">
"<California>"
	"Error" Other Error lang:es 00:00:03 tt-2360 AF082_1991_GV_SU2012_SB_08 
"<,>"
	"," Punctuation CM lang:es 00:00:03 tt-2361 AF082_1991_GV_SU2012_SB_08 
"<sí>"
	"Error" Other Error lang:es 00:00:03 tt-2362 AF082_1991_GV_SU2012_SB_08 
"<$.>"
	"." Punctuation FS lang:es 00:00:03 tt-2363 AF082_1991_GV_SU2012_SB_08 
</speaker>
<speaker type="int">

"<¿>"
	"Error" Other Error lang:es 00:00:03 tt-2364 AF082_1991_GV_SU2012_SB_08 
"<A>"
	"a" Preposition PREP lang:es 00:00:03 tt-2365 AF082_1991_GV_SU2012_SB_08 @Gram:Prep 
"<Chicago>"
	"Error" Other Error lang:es 00:00:03 tt-2366 AF082_1991_GV_SU2012_SB_08 
"<?>"
	"Error" Other Error lang:es 00:00:03 tt-2367 AF082_1991_GV_SU2012_SB_08 
"<No>"
	"Error" Other Error lang:es 00:00:03 tt-2368 AF082_1991_GV_SU2012_SB_08 
"<$.>"
	"." Punctuation FS lang:es 00:00:03 tt-2369 AF082_1991_GV_SU2012_SB_08 

"<Ya>"
	"Error" Other Error lang:es 00:00:03 tt-2370 AF082_1991_GV_SU2012_SB_08 
"<para>"
	"Error" Other Error lang:es 00:00:03 tt-2371 AF082_1991_GV_SU2012_SB_08 
"<allá>"
	"Error" Other Error lang:es 00:00:03 tt-2372 AF082_1991_GV_SU2012_SB_08 
"<,>"
	"," Punctuation CM lang:es 00:00:03 tt-2373 AF082_1991_GV_SU2012_SB_08 
"<no>"
	"Error" Other Error lang:es 00:00:03 tt-2374 AF082_1991_GV_SU2012_SB_08 
"<$.>"
	"." Punctuation FS lang:es 00:00:03 tt-2375 AF082_1991_GV_SU2012_SB_08 

"<¿>"
	"Error" Other Error lang:es 00:00:03 tt-2376 AF082_1991_GV_SU2012_SB_08 
"<No>"
	"Error" Other Error lang:es 00:00:03 tt-2377 AF082_1991_GV_SU2012_SB_08 
"<$?>"
	"?" Punctuation FS lang:es 00:00:03 tt-2378 AF082_1991_GV_SU2012_SB_08 

"<No>"
	"Error" Other Error lang:es 00:00:03 00:00:04 tt-2379 AF082_1991_GV_SU2012_SB_08 
"<$.>"
	"." Punctuation FS lang:es 00:00:03 00:00:04 tt-2380 AF082_1991_GV_SU2012_SB_08 

"<...>"
	"Error" Other Error lang:es 00:00:03 00:00:04 tt-2384 AF082_1991_GV_SU2012_SB_08 
"<es>"
	"Error" Other Error lang:es 00:00:03 00:00:04 tt-2385 AF082_1991_GV_SU2012_SB_08 
"<que>"
	"Error" Other Error lang:es 00:00:03 00:00:04 tt-2386 AF082_1991_GV_SU2012_SB_08 
"<no>"
	"Error" Other Error lang:es 00:00:03 00:00:04 tt-2387 AF082_1991_GV_SU2012_SB_08 
"<...>"
	"..." Punctuation DOTS lang:es 00:00:03 00:00:04 tt-2388 AF082_1991_GV_SU2012_SB_08 
"<$¿>"
	"¿" Punctuation FS lang:es 00:00:03 00:00:04 tt-2389 AF082_1991_GV_SU2012_SB_08 
"<A>"
	"a" Preposition PREP lang:es 00:00:03 00:00:04 tt-2390 AF082_1991_GV_SU2012_SB_08 @Gram:Prep 
"<Florida>"
	"Error" Other Error lang:es 00:00:03 00:00:04 tt-2391 AF082_1991_GV_SU2012_SB_08 
"<?>"
	"Error" Other Error lang:es 00:00:03 00:00:04 tt-2392 AF082_1991_GV_SU2012_SB_08 
</speaker>
<speaker type="subj">
"<A>"
	"a" Preposition PREP lang:es 00:00:04 tt-2393 AF082_1991_GV_SU2012_SB_08 @Gram:Prep 
"<Florida>"
	"Error" Other Error lang:es 00:00:04 tt-2394 AF082_1991_GV_SU2012_SB_08 
"<,>"
	"," Punctuation CM lang:es 00:00:04 tt-2395 AF082_1991_GV_SU2012_SB_08 
"<sí>"
	"Error" Other Error lang:es 00:00:04 tt-2396 AF082_1991_GV_SU2012_SB_08 
"<$.>"
	"." Punctuation FS lang:es 00:00:04 tt-2397 AF082_1991_GV_SU2012_SB_08 

"<,>"
	"," Punctuation CM lang:es 00:00:04 tt-2401 AF082_1991_GV_SU2012_SB_08 
"<,>"
	"," Punctuation CM lang:es 00:00:04 tt-2403 AF082_1991_GV_SU2012_SB_08 
"<,>"
	"," Punctuation CM lang:es 00:00:04 tt-2406 AF082_1991_GV_SU2012_SB_08 
"<,>"
	"," Punctuation CM lang:es 00:00:04 tt-2408 AF082_1991_GV_SU2012_SB_08 
"<a>"
	"a" Preposition PREP lang:es 00:00:04 00:00:10 tt-2418 AF082_1991_GV_SU2012_SB_08 @Gram:Prep 
"<drastic>"
	"Error" Other Error lang:es 00:00:04 00:00:10 tt-2419 AF082_1991_GV_SU2012_SB_08 
"<me>"
	"Error" Other Error lang:es 00:00:04 00:00:10 tt-2422 AF082_1991_GV_SU2012_SB_08 
"<,>"
	"," Punctuation CM lang:es 00:00:04 00:00:10 tt-2424 AF082_1991_GV_SU2012_SB_08 
"<,>"
	"," Punctuation CM lang:es 00:00:04 00:00:10 tt-2427 AF082_1991_GV_SU2012_SB_08 
"<$.>"
	"." Punctuation FS lang:es 00:00:04 00:00:10 tt-2436 AF082_1991_GV_SU2012_SB_08 

"<$.>"
	"." Punctuation FS lang:es 00:00:10 00:00:13 tt-2443 AF082_1991_GV_SU2012_SB_08 
</speaker>
<speaker type="int">

"<$¿>"
	"¿" Punctuation FS lang:es 00:00:13 00:00:14 tt-2444 AF082_1991_GV_SU2012_SB_08 
"<O>"
	"Error" Other Error lang:es 00:00:13 00:00:14 tt-2445 AF082_1991_GV_SU2012_SB_08 
"<no>"
	"Error" Other Error lang:es 00:00:13 00:00:14 tt-2446 AF082_1991_GV_SU2012_SB_08 
"<tantos>"
	"Error" Other Error lang:es 00:00:13 00:00:14 tt-2447 AF082_1991_GV_SU2012_SB_08 
"<$?>"
	"?" Punctuation FS lang:es 00:00:13 00:00:14 tt-2448 AF082_1991_GV_SU2012_SB_08 

"<Pues>"
	"Error" Other Error lang:es 00:00:14 00:00:21 tt-2449 AF082_1991_GV_SU2012_SB_08 
"<,>"
	"," Punctuation CM lang:es 00:00:14 00:00:21 tt-2450 AF082_1991_GV_SU2012_SB_08 
"<sí>"
	"Error" Other Error lang:es 00:00:14 00:00:21 tt-2451 AF082_1991_GV_SU2012_SB_08 
"<$.>"
	"." Punctuation FS lang:es 00:00:14 00:00:21 tt-2452 AF082_1991_GV_SU2012_SB_08 

"<$.>"
	"." Punctuation FS lang:es 00:00:14 00:00:21 tt-2454 AF082_1991_GV_SU2012_SB_08 

"<,>"
	"," Punctuation CM lang:es 00:00:14 00:00:21 tt-2456 AF082_1991_GV_SU2012_SB_08 
"<,>"
	"," Punctuation CM lang:es 00:00:14 00:00:21 tt-2465 AF082_1991_GV_SU2012_SB_08 
"<...>"
	"Error" Other Error lang:es 00:00:14 00:00:21 tt-2470 AF082_1991_GV_SU2012_SB_08 
"<,>"
	"," Punctuation CM lang:es 00:00:14 00:00:21 tt-2476 AF082_1991_GV_SU2012_SB_08 
"<,>"
	"," Punctuation CM lang:es 00:00:14 00:00:21 tt-2478 AF082_1991_GV_SU2012_SB_08 
"<,>"
	"," Punctuation CM lang:es 00:00:24 00:00:31 tt-2481 AF082_1991_GV_SU2012_SB_08 
<lang code="en">
"<'>"
	"'" Other POS lang:en 00:59:55 00:00:31 tt-2482 AF082_1991_GV_SU2012_SB_08 
</lang>
"<$?>"
	"?" Punctuation FS lang:es 00:00:24 00:00:31 tt-2484 AF082_1991_GV_SU2012_SB_08 
<lang code="en">

"<'>"
	"'" Other POS lang:en 00:59:55 00:00:31 tt-2485 AF082_1991_GV_SU2012_SB_08 
</lang>
"<$.>"
	"." Punctuation FS lang:es 00:00:38 00:00:43 tt-2487 AF082_1991_GV_SU2012_SB_08 

"<¿>"
	"Error" Other Error lang:es 00:00:38 00:00:43 tt-2488 AF082_1991_GV_SU2012_SB_08 
"<Y>"
	"Error" Other Error lang:es 00:00:38 00:00:43 tt-2489 AF082_1991_GV_SU2012_SB_08 
"<has>"
	"Error" Other Error lang:es 00:00:38 00:00:43 tt-2490 AF082_1991_GV_SU2012_SB_08 
"<experimentado>"
	"Error" Other Error lang:es 00:00:38 00:00:43 tt-2491 AF082_1991_GV_SU2012_SB_08 
"<una>"
	"Error" Other Error lang:es 00:00:38 00:00:43 tt-2492 AF082_1991_GV_SU2012_SB_08 
"<vez>"
	"Error" Other Error lang:es 00:00:38 00:00:43 tt-2493 AF082_1991_GV_SU2012_SB_08 
"<una>"
	"Error" Other Error lang:es 00:00:38 00:00:43 tt-2494 AF082_1991_GV_SU2012_SB_08 
"<discriminación>"
	"Error" Other Error lang:es 00:00:38 00:00:43 tt-2495 AF082_1991_GV_SU2012_SB_08 
"<$?>"
	"?" Punctuation FS lang:es 00:00:38 00:00:43 tt-2496 AF082_1991_GV_SU2012_SB_08 
</speaker>
<speaker type="subj">

"<No>"
	"Error" Other Error lang:es 00:00:43 00:00:44 tt-2497 AF082_1991_GV_SU2012_SB_08 
"<$.>"
	"." Punctuation FS lang:es 00:00:43 00:00:44 tt-2498 AF082_1991_GV_SU2012_SB_08 

"<Pero>"
	"Error" Other Error lang:es 00:00:43 00:00:44 tt-2499 AF082_1991_GV_SU2012_SB_08 
"<mirada>"
	"Error" Other Error lang:es 00:00:43 00:00:44 tt-2500 AF082_1991_GV_SU2012_SB_08 
"<,>"
	"," Punctuation CM lang:es 00:00:43 00:00:44 tt-2501 AF082_1991_GV_SU2012_SB_08 
"<sí>"
	"Error" Other Error lang:es 00:00:43 00:00:44 tt-2502 AF082_1991_GV_SU2012_SB_08 
"<...>"
	"Error" Other Error lang:es 00:00:43 00:00:44 tt-2503 AF082_1991_GV_SU2012_SB_08 
"<mirada>"
	"Error" Other Error lang:es 00:00:43 00:00:44 tt-2504 AF082_1991_GV_SU2012_SB_08 
"<,>"
	"," Punctuation CM lang:es 00:00:43 00:00:44 tt-2505 AF082_1991_GV_SU2012_SB_08 
"<sí>"
	"Error" Other Error lang:es 00:00:43 00:00:44 tt-2506 AF082_1991_GV_SU2012_SB_08 
"<$.>"
	"." Punctuation FS lang:es 00:00:43 00:00:44 tt-2507 AF082_1991_GV_SU2012_SB_08 
</speaker>
<speaker type="int">

"<¿>"
	"Error" Other Error lang:es 00:00:44 00:00:46 tt-2508 AF082_1991_GV_SU2012_SB_08 
"<Cómo>"
	"Error" Other Error lang:es 00:00:44 00:00:46 tt-2509 AF082_1991_GV_SU2012_SB_08 
"<qué>"
	"Error" Other Error lang:es 00:00:44 00:00:46 tt-2510 AF082_1991_GV_SU2012_SB_08 
"<$?>"
	"?" Punctuation FS lang:es 00:00:44 00:00:46 tt-2511 AF082_1991_GV_SU2012_SB_08 

"<¿>"
	"Error" Other Error lang:es 00:00:44 00:00:46 tt-2512 AF082_1991_GV_SU2012_SB_08 
"<Cómo>"
	"Error" Other Error lang:es 00:00:44 00:00:46 tt-2513 AF082_1991_GV_SU2012_SB_08 
"<te>"
	"Error" Other Error lang:es 00:00:44 00:00:46 tt-2514 AF082_1991_GV_SU2012_SB_08 
"<sientes>"
	"Error" Other Error lang:es 00:00:44 00:00:46 tt-2515 AF082_1991_GV_SU2012_SB_08 
"<$?>"
	"?" Punctuation FS lang:es 00:00:44 00:00:46 tt-2516 AF082_1991_GV_SU2012_SB_08 
</speaker>
<speaker type="subj">

"<...>"
	"Error" Other Error lang:es 00:00:46 00:00:53 tt-2518 AF082_1991_GV_SU2012_SB_08 
"<don>"
	"Error" Other Error lang:es 00:00:46 00:00:53 tt-2520 AF082_1991_GV_SU2012_SB_08 
"<$.>"
	"." Punctuation FS lang:es 00:00:46 00:00:53 tt-2524 AF082_1991_GV_SU2012_SB_08 

"<,>"
	"," Punctuation CM lang:es 00:00:46 00:00:53 tt-2526 AF082_1991_GV_SU2012_SB_08 
"<$.>"
	"." Punctuation FS lang:es 00:00:46 00:00:53 tt-2531 AF082_1991_GV_SU2012_SB_08 

"<,>"
	"," Punctuation CM lang:es 00:00:46 00:00:53 tt-2533 AF082_1991_GV_SU2012_SB_08 
"<,>"
	"," Punctuation CM lang:es 00:00:46 00:00:53 tt-2536 AF082_1991_GV_SU2012_SB_08 
"<,>"
	"," Punctuation CM lang:es 00:00:46 00:00:53 tt-2538 AF082_1991_GV_SU2012_SB_08 
"<,>"
	"," Punctuation CM lang:es 00:00:46 00:00:53 tt-2544 AF082_1991_GV_SU2012_SB_08 
"<...>"
	"Error" Other Error lang:es 00:00:55 00:01:02 tt-2546 AF082_1991_GV_SU2012_SB_08 
"<,>"
	"," Punctuation CM lang:es 00:00:55 00:01:02 tt-2548 AF082_1991_GV_SU2012_SB_08 
<lang code="en">
"<'>"
	"'" Other POS lang:en 00:00:52 00:01:02 tt-2549 AF082_1991_GV_SU2012_SB_08 
</lang>
"<,>"
	"," Punctuation CM lang:es 00:00:55 00:01:02 tt-2551 AF082_1991_GV_SU2012_SB_08 
"<...>"
	"Error" Other Error lang:es 00:00:55 00:01:02 tt-2553 AF082_1991_GV_SU2012_SB_08 
<lang code="en">
"<'>"
	"'" Other POS lang:en 00:00:52 00:01:02 tt-2554 AF082_1991_GV_SU2012_SB_08 
</lang>
"<,>"
	"," Punctuation CM lang:es 00:01:04 00:01:11 tt-2557 AF082_1991_GV_SU2012_SB_08 
"<,>"
	"," Punctuation CM lang:es 00:01:04 00:01:11 tt-2564 AF082_1991_GV_SU2012_SB_08 
"<,>"
	"," Punctuation CM lang:es 00:01:04 00:01:11 tt-2567 AF082_1991_GV_SU2012_SB_08 
"<$.>"
	"." Punctuation FS lang:es 00:01:04 00:01:11 tt-2571 AF082_1991_GV_SU2012_SB_08 

"<$.>"
	"." Punctuation FS lang:es 00:01:04 00:01:11 tt-2577 AF082_1991_GV_SU2012_SB_08 
</speaker>
</text>

