<text id="AF082_1991_GV_SU2012_SB_02">
<speaker type="int">
"<Muy>"
	"muy" Adverb ADV lang:es 00:00:00 00:00:05 tt-320 AF082_1991_GV_SU2012_SB_02 
"<bien>"
	"bien" Adverb ADV lang:es 00:00:00 00:00:05 tt-321 AF082_1991_GV_SU2012_SB_02 
"<$.>"
	"." Punctuation FS lang:es 00:00:00 00:00:05 tt-322 AF082_1991_GV_SU2012_SB_02 

"<Y>"
	"y" Conjunction CC lang:es 00:00:00 00:00:05 tt-323 AF082_1991_GV_SU2012_SB_02 
"<dijiste>"
	"decir" Verb VLfin Pret Indi Sing 2nd lang:es 00:00:00 00:00:05 tt-324 AF082_1991_GV_SU2012_SB_02 @Gram:Indefinido ADD:546 
"<que>"
	"que" Conjunction CQUE lang:es 00:00:00 00:00:05 tt-325 AF082_1991_GV_SU2012_SB_02 
"<estudias>"
	"estudiar" Verb VLfin Pres Indi Sing 2nd lang:es 00:00:00 00:00:05 tt-326 AF082_1991_GV_SU2012_SB_02 
"<...>"
	"..." Punctuation DOTS lang:es 00:00:00 00:00:05 tt-327 AF082_1991_GV_SU2012_SB_02 
"<$¿>"
	"¿" Punctuation FS lang:es 00:00:00 00:00:05 tt-328 AF082_1991_GV_SU2012_SB_02 
"<Qué>"
	"qué" Pronoun INT Singular lang:es 00:00:00 00:00:05 tt-329 AF082_1991_GV_SU2012_SB_02 
"<fue>"
	"ir" Verb VLfin Pret Indi Sing 3rd lang:es 00:00:00 00:00:05 tt-330 AF082_1991_GV_SU2012_SB_02 @Gram:Indefinido ADD:546 
"<$?>"
	"?" Punctuation FS lang:es 00:00:00 00:00:05 tt-331 AF082_1991_GV_SU2012_SB_02 

"<$¿>"
	"¿" Punctuation FS lang:es 00:00:00 00:00:05 tt-332 AF082_1991_GV_SU2012_SB_02 
"<Biología>"
	"biología" Noun NC Singular lang:es 00:00:00 00:00:05 tt-333 AF082_1991_GV_SU2012_SB_02 
"<$?>"
	"?" Punctuation FS lang:es 00:00:00 00:00:05 tt-334 AF082_1991_GV_SU2012_SB_02 
</speaker>
<speaker type="subj">

"<Biología>"
	"biología" Noun NC Singular lang:es 00:00:05 00:00:05 tt-335 AF082_1991_GV_SU2012_SB_02 
"<$.>"
	"." Punctuation FS lang:es 00:00:05 00:00:05 tt-336 AF082_1991_GV_SU2012_SB_02 
</speaker>
<speaker type="int">

"<$¿>"
	"¿" Punctuation FS lang:es 00:00:05 00:00:09 tt-337 AF082_1991_GV_SU2012_SB_02 
"<Y>"
	"y" Conjunction CC lang:es 00:00:05 00:00:09 tt-338 AF082_1991_GV_SU2012_SB_02 
"<por>"
	"por" Preposition PREP lang:es 00:00:05 00:00:09 tt-339 AF082_1991_GV_SU2012_SB_02 @Gram:Prep:Por SUBSTITUTE:234 ADD:466 
"<qué>"
	"qué" Adverb ADV lang:es 00:00:05 00:00:09 tt-340 AF082_1991_GV_SU2012_SB_02 
"<escogiste>"
	"UNK" Verb VLfin Pret Indi Sing 2nd lang:es 00:00:05 00:00:09 tt-341 AF082_1991_GV_SU2012_SB_02 @Gram:Indefinido ADD:546 
"<biología>"
	"biología" Noun NC Singular lang:es 00:00:05 00:00:09 tt-342 AF082_1991_GV_SU2012_SB_02 
"<de>"
	"de" Preposition PREP lang:es 00:00:05 00:00:09 tt-343 AF082_1991_GV_SU2012_SB_02 @Gram:Prep ADD:472 
"<todos>"
	"todo" Determiner QU lang:es 00:00:05 00:00:09 tt-344 AF082_1991_GV_SU2012_SB_02 
"<lo>"
	"el" Determiner ART Singular lang:es 00:00:05 00:00:09 tt-345 AF082_1991_GV_SU2012_SB_02 
"<que>"
	"que" Conjunction CQUE lang:es 00:00:05 00:00:09 tt-347 AF082_1991_GV_SU2012_SB_02 
"<hay>"
	"haber" Verb VHfin Pres Indi Sing 3rd lang:es 00:00:05 00:00:09 tt-348 AF082_1991_GV_SU2012_SB_02 @Gram:Haber:Exist ADD:663 
"<$?>"
	"?" Punctuation FS lang:es 00:00:05 00:00:09 tt-349 AF082_1991_GV_SU2012_SB_02 
</speaker>
<speaker type="subj">

"<Fue>"
	"ir" Verb VLfin Pret Indi Sing 3rd lang:es 00:00:09 00:00:16 tt-350 AF082_1991_GV_SU2012_SB_02 @Gram:Indefinido ADD:546 
"<lo>"
	"el" Determiner ART Singular lang:es 00:00:09 00:00:16 tt-351 AF082_1991_GV_SU2012_SB_02 
"<que>"
	"que" Conjunction CQUE lang:es 00:00:09 00:00:16 tt-352 AF082_1991_GV_SU2012_SB_02 
"<más>"
	"más" Adverb ADV lang:es 00:00:09 00:00:16 tt-353 AF082_1991_GV_SU2012_SB_02 
"<me>"
	"yo" Pronoun PPX Singular lang:es 00:00:09 00:00:16 tt-354 AF082_1991_GV_SU2012_SB_02 @Gram:Pron:Objeto ID:34 R:Gram:Gustar:Propios:35 ADD:506 ADDRELATION(Gram:Gustar:Propios):563 
"<interesó>"
	"interesar" Verb VLfin Pret Indi Sing 3rd lang:es 00:00:09 00:00:16 tt-355 AF082_1991_GV_SU2012_SB_02 @Gram:Indefinido ID:35 ADD:546 
"<más>"
	"más" Adverb ADV lang:es 00:00:09 00:00:16 tt-356 AF082_1991_GV_SU2012_SB_02 
"<de>"
	"de" Preposition PREP lang:es 00:00:09 00:00:16 tt-357 AF082_1991_GV_SU2012_SB_02 @Gram:Prep ADD:472 
"<todo>"
	"todo" Determiner QU lang:es 00:00:09 00:00:16 tt-358 AF082_1991_GV_SU2012_SB_02 
"<$.>"
	"." Punctuation FS lang:es 00:00:09 00:00:16 tt-359 AF082_1991_GV_SU2012_SB_02 

"<Y>"
	"y" Conjunction CC lang:es 00:00:09 00:00:16 tt-360 AF082_1991_GV_SU2012_SB_02 
"<más>"
	"más" Adverb ADV lang:es 00:00:09 00:00:16 tt-361 AF082_1991_GV_SU2012_SB_02 
"<porque>"
	"porque" Conjunction CSUBX lang:es 00:00:09 00:00:16 tt-362 AF082_1991_GV_SU2012_SB_02 @Prag:MarcadoresDisc:Causa ADD:879 
"<me>"
	"yo" Pronoun PPX Singular lang:es 00:00:09 00:00:16 tt-363 AF082_1991_GV_SU2012_SB_02 @Gram:Pron:Objeto ID:43 R:Gram:Gustar:Propios:44 ADD:506 ADDRELATION(Gram:Gustar:Propios):563 
"<gustan>"
	"gustar" Verb VLfin Pres Indi Plural 3rd lang:es 00:00:09 00:00:16 tt-364 AF082_1991_GV_SU2012_SB_02 ID:44 
"<mucho>"
	"mucho" Adverb ADV lang:es 00:00:09 00:00:16 tt-365 AF082_1991_GV_SU2012_SB_02 
"<los>"
	"el" Determiner ART Plural lang:es 00:00:09 00:00:16 tt-366 AF082_1991_GV_SU2012_SB_02 @Gram:Det:Art ADD:324 
"<animales>"
	"animal" Noun NC Plural lang:es 00:00:09 00:00:16 tt-367 AF082_1991_GV_SU2012_SB_02 
"<y>"
	"y" Conjunction CC lang:es 00:00:17 00:00:22 tt-368 AF082_1991_GV_SU2012_SB_02 
"<yo>"
	"yo" Pronoun PPX Singular lang:es 00:00:17 00:00:22 tt-369 AF082_1991_GV_SU2012_SB_02 @Gram:Pron:Sujeto ADD:482 
"<creo>"
	"crear|creer" Verb VLfin Pres Indi Sing 1st lang:es 00:00:17 00:00:22 tt-370 AF082_1991_GV_SU2012_SB_02 
"<por>"
	"por" Preposition PREP lang:es 00:00:17 00:00:22 tt-371 AF082_1991_GV_SU2012_SB_02 @Gram:Prep:Por SUBSTITUTE:234 ADD:454 
"<eso>"
	"ese" Determiner DM Singular lang:es 00:00:17 00:00:22 tt-372 AF082_1991_GV_SU2012_SB_02 @Gram:Det:Demo ADD:343 
"<me>"
	"yo" Pronoun PPX Singular lang:es 00:00:17 00:00:22 tt-373 AF082_1991_GV_SU2012_SB_02 @Gram:Pron:Objeto ADD:506 
"<incliné>"
	"UNK" Verb VLfin Pret Indi Sing 1st lang:es 00:00:17 00:00:22 tt-374 AF082_1991_GV_SU2012_SB_02 @Gram:Indefinido ADD:546 
"<a>"
	"a" Preposition PREP lang:es 00:00:17 00:00:22 tt-375 AF082_1991_GV_SU2012_SB_02 @Gram:Prep ADD:472 
"<...>"
	"..." Punctuation DOTS lang:es 00:00:17 00:00:22 tt-376 AF082_1991_GV_SU2012_SB_02 
"<a>"
	"a" Preposition PREP lang:es 00:00:17 00:00:22 tt-377 AF082_1991_GV_SU2012_SB_02 @Gram:Prep ADD:472 
"<estudiar>"
	"estudiar" Verb VLinf Infinitive lang:es 00:00:17 00:00:22 tt-378 AF082_1991_GV_SU2012_SB_02 SUBSTITUTE:292 
"<eso>"
	"ese" Determiner DM Singular lang:es 00:00:17 00:00:22 tt-379 AF082_1991_GV_SU2012_SB_02 
"<$.>"
	"." Punctuation FS lang:es 00:00:17 00:00:22 tt-380 AF082_1991_GV_SU2012_SB_02 
</speaker>
<speaker type="int">

"<$¿>"
	"¿" Punctuation FS lang:es 00:00:22 00:00:29 tt-381 AF082_1991_GV_SU2012_SB_02 
"<Y>"
	"y" Conjunction CC lang:es 00:00:22 00:00:29 tt-382 AF082_1991_GV_SU2012_SB_02 
"<cómo>"
	"cómo" Adverb ADV lang:es 00:00:22 00:00:29 tt-383 AF082_1991_GV_SU2012_SB_02 
"<ha>"
	"haber" Verb VHfin Pres Indi Sing 3rd lang:es 00:00:22 00:00:29 tt-384 AF082_1991_GV_SU2012_SB_02 ID:64 R:Gram:Aux:Haber:65 R:Gram:PerfPerif:65 ADDRELATION():553 
"<cambiado>"
	"cambiar" Verb VLadj lang:es 00:00:22 00:00:29 tt-385 AF082_1991_GV_SU2012_SB_02 ID:65 
"<entonces>"
	"entonces" Adverb ADV lang:es 00:00:22 00:00:29 tt-386 AF082_1991_GV_SU2012_SB_02 
"<tu>"
	"tú" Pronoun PPX Singular lang:es 00:00:22 00:00:29 tt-387 AF082_1991_GV_SU2012_SB_02 @Gram:Det:Pos ADD:350 
"<manera>"
	"manera" Noun NC Singular lang:es 00:00:22 00:00:29 tt-388 AF082_1991_GV_SU2012_SB_02 
"<de>"
	"de" Conjunction CSUBI lang:es 00:00:22 00:00:29 tt-389 AF082_1991_GV_SU2012_SB_02 
"<ver>"
	"ver" Verb VLinf Infinitive lang:es 00:00:22 00:00:29 tt-390 AF082_1991_GV_SU2012_SB_02 SUBSTITUTE:292 
"<las>"
	"el" Determiner ART Plural lang:es 00:00:22 00:00:29 tt-391 AF082_1991_GV_SU2012_SB_02 @Gram:Det:Art ADD:324 
"<cosas>"
	"cosa" Noun NC Plural lang:es 00:00:22 00:00:29 tt-392 AF082_1991_GV_SU2012_SB_02 
"<,>"
	"," Punctuation CM lang:es 00:00:22 00:00:29 tt-393 AF082_1991_GV_SU2012_SB_02 
"<de>"
	"de" Preposition PREP lang:es 00:00:22 00:00:29 tt-394 AF082_1991_GV_SU2012_SB_02 @Gram:Prep ADD:472 
"<estar>"
	"estar" Verb VLinf VEinf Infinitive lang:es 00:00:22 00:00:29 tt-395 AF082_1991_GV_SU2012_SB_02 @Gram:SerEstar:Estar ID:75 R:Gram:SerEstar:EstarAux:76 SUBSTITUTE:292 ADD:656 ADDRELATION(Gram:SerEstar:EstarAux):673 
"<estudiando>"
	"estudiar" Verb VLger lang:es 00:00:22 00:00:29 tt-396 AF082_1991_GV_SU2012_SB_02 ID:76 
"<tanto>"
	"tanto" Adverb ADV lang:es 00:00:22 00:00:29 tt-397 AF082_1991_GV_SU2012_SB_02 
"<la>"
	"el" Determiner ART Singular lang:es 00:00:31 00:00:34 tt-398 AF082_1991_GV_SU2012_SB_02 @Gram:Det:Art ADD:324 
"<biología>"
	"biología" Noun NC Singular lang:es 00:00:31 00:00:34 tt-399 AF082_1991_GV_SU2012_SB_02 
"<y>"
	"y" Conjunction CC lang:es 00:00:31 00:00:34 tt-400 AF082_1991_GV_SU2012_SB_02 
"<de>"
	"de" Preposition PREP lang:es 00:00:31 00:00:34 tt-401 AF082_1991_GV_SU2012_SB_02 @Gram:Prep ADD:472 
"<estar>"
	"estar" Verb VLinf VEinf Infinitive lang:es 00:00:31 00:00:34 tt-402 AF082_1991_GV_SU2012_SB_02 @Gram:SerEstar:Estar SUBSTITUTE:292 ADD:656 
"<aquí>"
	"aquí" Adverb ADV lang:es 00:00:31 00:00:34 tt-403 AF082_1991_GV_SU2012_SB_02 
"<en>"
	"en" Preposition PREP lang:es 00:00:31 00:00:34 tt-404 AF082_1991_GV_SU2012_SB_02 @Gram:Prep ADD:472 
"<la>"
	"el" Determiner ART Singular lang:es 00:00:31 00:00:34 tt-405 AF082_1991_GV_SU2012_SB_02 @Gram:Det:Art ADD:324 
"<universidad>"
	"universidad" Noun NC Singular lang:es 00:00:31 00:00:34 tt-406 AF082_1991_GV_SU2012_SB_02 
"<$?>"
	"?" Punctuation FS lang:es 00:00:31 00:00:34 tt-407 AF082_1991_GV_SU2012_SB_02 
</speaker>
<speaker type="subj">

"<$¿>"
	"¿" Punctuation FS lang:es 00:00:34 00:00:38 tt-408 AF082_1991_GV_SU2012_SB_02 
"<Cómo>"
	"cómo" Adverb ADV lang:es 00:00:34 00:00:38 tt-409 AF082_1991_GV_SU2012_SB_02 
"<miro>"
	"mirar" Verb VLfin Pres Indi Sing 1st lang:es 00:00:34 00:00:38 tt-410 AF082_1991_GV_SU2012_SB_02 
"<...>"
	"..." Punctuation DOTS lang:es 00:00:34 00:00:38 tt-411 AF082_1991_GV_SU2012_SB_02 
"<que>"
	"que" Conjunction CQUE lang:es 00:00:34 00:00:38 tt-412 AF082_1991_GV_SU2012_SB_02 
"<$?>"
	"?" Punctuation FS lang:es 00:00:34 00:00:38 tt-413 AF082_1991_GV_SU2012_SB_02 
</speaker>
<speaker type="int">

"<Como>"
	"como" Adverb ADV lang:es 00:00:38 00:00:44 tt-414 AF082_1991_GV_SU2012_SB_02 
"<...>"
	"..." Punctuation DOTS lang:es 00:00:38 00:00:44 tt-415 AF082_1991_GV_SU2012_SB_02 
"<$¿>"
	"¿" Punctuation FS lang:es 00:00:38 00:00:44 tt-416 AF082_1991_GV_SU2012_SB_02 
"<Te>"
	"tú" Pronoun PPX Singular lang:es 00:00:38 00:00:44 tt-417 AF082_1991_GV_SU2012_SB_02 @Gram:Pron:Objeto ADD:506 
"<ha>"
	"haber" Verb VHfin Pres Indi Sing 3rd lang:es 00:00:38 00:00:44 tt-418 AF082_1991_GV_SU2012_SB_02 ID:98 R:Gram:Aux:Haber:99 R:Gram:PerfPerif:99 ADDRELATION():553 
"<cambiado>"
	"cambiar" Verb VLadj lang:es 00:00:38 00:00:44 tt-419 AF082_1991_GV_SU2012_SB_02 ID:99 
"<asistir>"
	"asistir" Verb VLinf Infinitive lang:es 00:00:38 00:00:44 tt-420 AF082_1991_GV_SU2012_SB_02 SUBSTITUTE:292 
"<a>"
	"a" Preposition PREP lang:es 00:00:38 00:00:44 tt-421 AF082_1991_GV_SU2012_SB_02 @Gram:Prep ADD:472 
"<la>"
	"el" Determiner ART Singular lang:es 00:00:38 00:00:44 tt-422 AF082_1991_GV_SU2012_SB_02 @Gram:Det:Art ADD:324 
"<universidad>"
	"universidad" Noun NC Singular lang:es 00:00:38 00:00:44 tt-423 AF082_1991_GV_SU2012_SB_02 
"<,>"
	"," Punctuation CM lang:es 00:00:38 00:00:44 tt-424 AF082_1991_GV_SU2012_SB_02 
"<tú>"
	"tú" Pronoun PPX Singular lang:es 00:00:38 00:00:44 tt-425 AF082_1991_GV_SU2012_SB_02 @Gram:Pron:Sujeto ADD:482 
"<crees>"
	"crear|creer" Verb VLfin Pres Indi Sing 2nd lang:es 00:00:38 00:00:44 tt-426 AF082_1991_GV_SU2012_SB_02 
"<$?>"
	"?" Punctuation FS lang:es 00:00:38 00:00:44 tt-427 AF082_1991_GV_SU2012_SB_02 

"<Yo>"
	"yo" Pronoun PPX Singular lang:es 00:00:44 00:00:51 tt-428 AF082_1991_GV_SU2012_SB_02 @Gram:Pron:Sujeto ADD:482 
"<creo>"
	"crear|creer" Verb VLfin Pres Indi Sing 1st lang:es 00:00:44 00:00:51 tt-429 AF082_1991_GV_SU2012_SB_02 
"<que>"
	"que" Conjunction CQUE lang:es 00:00:44 00:00:51 tt-430 AF082_1991_GV_SU2012_SB_02 
"<sí>"
	"él" Pronoun PPX Singular lang:es 00:00:44 00:00:51 tt-431 AF082_1991_GV_SU2012_SB_02 
"<$.>"
	"." Punctuation FS lang:es 00:00:44 00:00:51 tt-432 AF082_1991_GV_SU2012_SB_02 

"<Yo>"
	"yo" Pronoun PPX Singular lang:es 00:00:44 00:00:51 tt-433 AF082_1991_GV_SU2012_SB_02 @Gram:Pron:Sujeto ADD:482 
"<creo>"
	"crear|creer" Verb VLfin Pres Indi Sing 1st lang:es 00:00:44 00:00:51 tt-434 AF082_1991_GV_SU2012_SB_02 
"<que>"
	"que" Conjunction CQUE lang:es 00:00:44 00:00:51 tt-435 AF082_1991_GV_SU2012_SB_02 
"<sí>"
	"él" Pronoun PPX Singular lang:es 00:00:44 00:00:51 tt-436 AF082_1991_GV_SU2012_SB_02 
"<porque>"
	"porque" Conjunction CSUBX lang:es 00:00:44 00:00:51 tt-437 AF082_1991_GV_SU2012_SB_02 @Prag:MarcadoresDisc:Causa ADD:879 
"<...>"
	"..." Punctuation DOTS lang:es 00:00:44 00:00:51 tt-438 AF082_1991_GV_SU2012_SB_02 
"<o>"
	"o" Adverb ADV lang:es 00:00:44 00:00:51 tt-439 AF082_1991_GV_SU2012_SB_02 ID:119 R:Prag:MarcadoresDisc:Igualdad:120 ADDRELATION(Prag:MarcadoresDisc:Igualdad):921 
"<sea>"
	"sea" Adverb ADV lang:es 00:00:44 00:00:51 tt-440 AF082_1991_GV_SU2012_SB_02 ID:120 
"<,>"
	"," Punctuation CM lang:es 00:00:44 00:00:51 tt-441 AF082_1991_GV_SU2012_SB_02 
"<miro>"
	"mirar" Verb VLfin Pres Indi Sing 1st lang:es 00:00:44 00:00:51 tt-442 AF082_1991_GV_SU2012_SB_02 
"<a>"
	"a" Preposition PREP lang:es 00:00:44 00:00:51 tt-443 AF082_1991_GV_SU2012_SB_02 @Gram:Prep ADD:472 
"<la>"
	"el" Determiner ART Singular lang:es 00:00:44 00:00:51 tt-444 AF082_1991_GV_SU2012_SB_02 @Gram:Det:Art ADD:324 
"<gente>"
	"gente" Noun NC Singular lang:es 00:00:44 00:00:51 tt-445 AF082_1991_GV_SU2012_SB_02 
"<que>"
	"que" Conjunction CQUE lang:es 00:00:44 00:00:51 tt-446 AF082_1991_GV_SU2012_SB_02 
"<no>"
	"no" Adverb NEG lang:es 00:00:44 00:00:51 tt-447 AF082_1991_GV_SU2012_SB_02 
"<estudia>"
	"estudiar" Verb VLfin Pres Indi Sing 3rd lang:es 00:00:44 00:00:51 tt-448 AF082_1991_GV_SU2012_SB_02 
"<y>"
	"y" Conjunction CC lang:es 00:00:51 00:00:58 tt-449 AF082_1991_GV_SU2012_SB_02 
"<su>"
	"suyo" Pronoun PPO Singular lang:es 00:00:51 00:00:58 tt-450 AF082_1991_GV_SU2012_SB_02 @Gram:Det:Pos ADD:350 
"<vida>"
	"vida" Noun NC Singular lang:es 00:00:51 00:00:58 tt-451 AF082_1991_GV_SU2012_SB_02 
"<no>"
	"no" Adverb NEG lang:es 00:00:51 00:00:58 tt-452 AF082_1991_GV_SU2012_SB_02 
"<...>"
	"..." Punctuation DOTS lang:es 00:00:51 00:00:58 tt-453 AF082_1991_GV_SU2012_SB_02 
"<no>"
	"no" Adverb NEG lang:es 00:00:51 00:00:58 tt-454 AF082_1991_GV_SU2012_SB_02 
"<es>"
	"ser" Verb VSfin Pres Indi Sing 3rd lang:es 00:00:51 00:00:58 tt-455 AF082_1991_GV_SU2012_SB_02 @Gram:SerEstar:Ser ADD:647 
"<bien>"
	"bien" Adverb ADV lang:es 00:00:51 00:00:58 tt-456 AF082_1991_GV_SU2012_SB_02 
"<organizada>"
	"organizar" Verb VLadj lang:es 00:00:51 00:00:58 tt-457 AF082_1991_GV_SU2012_SB_02 
"<$.>"
	"." Punctuation FS lang:es 00:00:51 00:00:58 tt-458 AF082_1991_GV_SU2012_SB_02 

"<Y>"
	"y" Conjunction CC lang:es 00:00:51 00:00:58 tt-459 AF082_1991_GV_SU2012_SB_02 
"<,>"
	"," Punctuation CM lang:es 00:00:51 00:00:58 tt-460 AF082_1991_GV_SU2012_SB_02 
"<pues>"
	"pues" Conjunction CSUBF lang:es 00:00:51 00:00:58 tt-461 AF082_1991_GV_SU2012_SB_02 
"<,>"
	"," Punctuation CM lang:es 00:00:51 00:00:58 tt-462 AF082_1991_GV_SU2012_SB_02 
"<yo>"
	"yo" Pronoun PPX Singular lang:es 00:00:51 00:00:58 tt-463 AF082_1991_GV_SU2012_SB_02 @Gram:Pron:Sujeto ADD:482 
"<realmente>"
	"realmente" Adverb ADV lang:es 00:00:51 00:00:58 tt-464 AF082_1991_GV_SU2012_SB_02 
"<quiero>"
	"querer" Verb VLfin Pres Indi Sing 1st lang:es 00:00:51 00:00:58 tt-465 AF082_1991_GV_SU2012_SB_02 
"<hacer>"
	"hacer" Verb VLinf Infinitive lang:es 00:00:51 00:00:58 tt-466 AF082_1991_GV_SU2012_SB_02 SUBSTITUTE:292 
"<algo>"
	"algo" Determiner QU lang:es 00:00:51 00:00:58 tt-467 AF082_1991_GV_SU2012_SB_02 
"<de>"
	"de" Preposition PREP lang:es 00:00:51 00:00:58 tt-468 AF082_1991_GV_SU2012_SB_02 @Gram:Prep ADD:472 
"<mi>"
	"mío" Pronoun PPO Singular lang:es 00:00:51 00:00:58 tt-469 AF082_1991_GV_SU2012_SB_02 @Gram:Det:Pos ADD:350 
"<vida>"
	"vida" Noun NC Singular lang:es 00:00:59 00:01:03 tt-470 AF082_1991_GV_SU2012_SB_02 
"<$.>"
	"." Punctuation FS lang:es 00:00:59 00:01:03 tt-471 AF082_1991_GV_SU2012_SB_02 

"<No>"
	"no" Adverb NEG lang:es 00:00:59 00:01:03 tt-472 AF082_1991_GV_SU2012_SB_02 
"<quiero>"
	"querer" Verb VLfin Pres Indi Sing 1st lang:es 00:00:59 00:01:03 tt-473 AF082_1991_GV_SU2012_SB_02 
"<nomás>"
	"nomás" Adverb ADV lang:es 00:00:59 00:01:03 tt-474 AF082_1991_GV_SU2012_SB_02 
"<trabajar>"
	"trabajar" Verb VLinf Infinitive lang:es 00:00:59 00:01:03 tt-475 AF082_1991_GV_SU2012_SB_02 SUBSTITUTE:292 
"<un>"
	"un" Determiner ART Singular lang:es 00:00:59 00:01:03 tt-476 AF082_1991_GV_SU2012_SB_02 
"<y>"
	"y" Conjunction CC lang:es 00:00:59 00:01:03 tt-480 AF082_1991_GV_SU2012_SB_02 
"<así>"
	"así" Adverb ADV lang:es 00:00:59 00:01:03 tt-481 AF082_1991_GV_SU2012_SB_02 
"<pero>"
	"pero" Conjunction CC lang:es 00:00:59 00:01:03 tt-482 AF082_1991_GV_SU2012_SB_02 @Prag:MarcadoresDisc:Revision SUBSTITUTE:237 ADD:826 
"<...>"
	"..." Punctuation DOTS lang:es 00:00:59 00:01:03 tt-483 AF082_1991_GV_SU2012_SB_02 
"<$.>"
	"." Punctuation FS lang:es 00:01:03 00:01:07 tt-497 AF082_1991_GV_SU2012_SB_02 

"<[>"
	"[" Punctuation LP lang:es 00:01:03 00:01:07 tt-498 AF082_1991_GV_SU2012_SB_02 
"<Risa>"
	"UNK" Noun NP Singular lang:es 00:01:03 00:01:07 tt-499 AF082_1991_GV_SU2012_SB_02 
"<]>"
	"]" Other RP lang:es 00:01:03 00:01:07 tt-500 AF082_1991_GV_SU2012_SB_02 
"<Muy>"
	"muy" Adverb ADV lang:es 00:01:07 00:01:14 tt-501 AF082_1991_GV_SU2012_SB_02 
"<bien>"
	"bien" Adverb ADV lang:es 00:01:07 00:01:14 tt-502 AF082_1991_GV_SU2012_SB_02 
"<$.>"
	"." Punctuation FS lang:es 00:01:07 00:01:14 tt-503 AF082_1991_GV_SU2012_SB_02 

"<$¿>"
	"¿" Punctuation FS lang:es 00:01:07 00:01:14 tt-504 AF082_1991_GV_SU2012_SB_02 
"<Y>"
	"y" Conjunction CC lang:es 00:01:07 00:01:14 tt-505 AF082_1991_GV_SU2012_SB_02 
"<qué>"
	"qué" Pronoun INT Singular lang:es 00:01:07 00:01:14 tt-506 AF082_1991_GV_SU2012_SB_02 
"<quieres>"
	"querer" Verb VLfin Pres Indi Sing 2nd lang:es 00:01:07 00:01:14 tt-507 AF082_1991_GV_SU2012_SB_02 
"<hacer>"
	"hacer" Verb VLinf Infinitive lang:es 00:01:07 00:01:14 tt-508 AF082_1991_GV_SU2012_SB_02 SUBSTITUTE:292 
"<después>"
	"después" Conjunction CSUBI lang:es 00:01:07 00:01:14 tt-509 AF082_1991_GV_SU2012_SB_02 
"<de>"
	"de" Conjunction CSUBI lang:es 00:01:07 00:01:14 tt-510 AF082_1991_GV_SU2012_SB_02 
"<graduarte>"
	"UNK" Verb VLinf Infinitive lang:es 00:01:07 00:01:14 tt-511 AF082_1991_GV_SU2012_SB_02 
"<$?>"
	"?" Punctuation FS lang:es 00:01:07 00:01:14 tt-512 AF082_1991_GV_SU2012_SB_02 
</speaker>
<speaker type="subj">

"<Pues>"
	"pues" Conjunction CSUBF lang:es 00:01:14 00:01:21 tt-513 AF082_1991_GV_SU2012_SB_02 
"<,>"
	"," Punctuation CM lang:es 00:01:14 00:01:21 tt-514 AF082_1991_GV_SU2012_SB_02 
"<estoy>"
	"estar" Verb VEfin Pres Indi Sing 1st lang:es 00:01:14 00:01:21 tt-515 AF082_1991_GV_SU2012_SB_02 @Gram:SerEstar:Estar ID:179 R:Gram:SerEstar:EstarAux:180 ADD:656 ADDRELATION(Gram:SerEstar:EstarAux):672 
"<pensando>"
	"pensar" Verb VLger lang:es 00:01:14 00:01:21 tt-516 AF082_1991_GV_SU2012_SB_02 ID:180 R:Vocab:Fraseol:VerbPrep:181 ADDRELATION(Vocab:Fraseol:VerbPrep):986 
"<en>"
	"en" Preposition PREP lang:es 00:01:14 00:01:21 tt-517 AF082_1991_GV_SU2012_SB_02 @Gram:Prep ID:181 ADD:472 
"<asistir>"
	"asistir" Verb VLinf Infinitive lang:es 00:01:14 00:01:21 tt-518 AF082_1991_GV_SU2012_SB_02 SUBSTITUTE:292 
"<a>"
	"a" Preposition PREP lang:es 00:01:14 00:01:21 tt-519 AF082_1991_GV_SU2012_SB_02 @Gram:Prep ADD:472 
"<PA>"
	"papá" Noun NC Singular lang:es 00:01:14 00:01:21 tt-521 AF082_1991_GV_SU2012_SB_02 
"<nursing>"
	"UNK" Noun NP Singular lang:es 00:01:14 00:01:21 tt-524 AF082_1991_GV_SU2012_SB_02 
"<$.>"
	"." Punctuation FS lang:es 00:01:14 00:01:21 tt-526 AF082_1991_GV_SU2012_SB_02 

"<Estoy>"
	"estar" Verb VEfin Pres Indi Sing 1st lang:es 00:01:14 00:01:21 tt-527 AF082_1991_GV_SU2012_SB_02 @Gram:SerEstar:Estar ADD:656 
"<entre>"
	"entre" Preposition PREP lang:es 00:01:14 00:01:21 tt-528 AF082_1991_GV_SU2012_SB_02 @Gram:Prep ADD:472 
"<los>"
	"el" Determiner ART Plural lang:es 00:01:23 00:01:26 tt-529 AF082_1991_GV_SU2012_SB_02 @Gram:Det:Art ADD:324 
"<dos>"
	"dos" Noun NC Plural lang:es 00:01:23 00:01:26 tt-530 AF082_1991_GV_SU2012_SB_02 
"<pero>"
	"pero" Conjunction CCAD lang:es 00:01:23 00:01:26 tt-531 AF082_1991_GV_SU2012_SB_02 @Prag:MarcadoresDisc:Revision ADD:826 
"<no>"
	"no" Adverb NEG lang:es 00:01:23 00:01:26 tt-532 AF082_1991_GV_SU2012_SB_02 
"<me>"
	"yo" Pronoun PPX Singular lang:es 00:01:23 00:01:26 tt-533 AF082_1991_GV_SU2012_SB_02 @Gram:Pron:Objeto ADD:506 
"<he>"
	"haber" Verb VHfin Pres Indi Sing 1st lang:es 00:01:23 00:01:26 tt-534 AF082_1991_GV_SU2012_SB_02 ID:194 R:Gram:Aux:Haber:195 R:Gram:PerfPerif:195 ADDRELATION():553 
"<decidido>"
	"decidir" Verb VLadj lang:es 00:01:23 00:01:26 tt-535 AF082_1991_GV_SU2012_SB_02 ID:195 
"<$.>"
	"." Punctuation FS lang:es 00:01:23 00:01:26 tt-536 AF082_1991_GV_SU2012_SB_02 

"<,>"
	"," Punctuation CM lang:es 00:01:23 00:01:26 tt-538 AF082_1991_GV_SU2012_SB_02 
"<...>"
	"..." Punctuation DOTS lang:es 00:01:23 00:01:26 tt-540 AF082_1991_GV_SU2012_SB_02 
</speaker>
<speaker type="int">
"<Y>"
	"Y" Other ALFS lang:es 00:01:26 00:01:30 tt-541 AF082_1991_GV_SU2012_SB_02 
"<...>"
	"..." Punctuation DOTS lang:es 00:01:26 00:01:30 tt-542 AF082_1991_GV_SU2012_SB_02 
"<$¿>"
	"¿" Punctuation FS lang:es 00:01:26 00:01:30 tt-543 AF082_1991_GV_SU2012_SB_02 
"<Y>"
	"y" Conjunction CC lang:es 00:01:26 00:01:30 tt-544 AF082_1991_GV_SU2012_SB_02 
"<esos>"
	"ese" Determiner DM Plural lang:es 00:01:26 00:01:30 tt-545 AF082_1991_GV_SU2012_SB_02 
"<programas>"
	"programa" Noun NC Plural lang:es 00:01:26 00:01:30 tt-546 AF082_1991_GV_SU2012_SB_02 
"<están>"
	"estar" Verb VEfin Pres Indi Plural 3rd lang:es 00:01:26 00:01:30 tt-547 AF082_1991_GV_SU2012_SB_02 @Gram:SerEstar:Estar ADD:656 
"<aquí>"
	"aquí" Adverb ADV lang:es 00:01:26 00:01:30 tt-548 AF082_1991_GV_SU2012_SB_02 
"<en>"
	"en" Preposition PREP lang:es 00:01:26 00:01:30 tt-549 AF082_1991_GV_SU2012_SB_02 @Gram:Prep ADD:472 
"<...>"
	"..." Punctuation DOTS lang:es 00:01:26 00:01:30 tt-550 AF082_1991_GV_SU2012_SB_02 
"<en>"
	"en" Preposition PREP lang:es 00:01:26 00:01:30 tt-551 AF082_1991_GV_SU2012_SB_02 @Gram:Prep ADD:472 
"<$?>"
	"?" Punctuation FS lang:es 00:01:26 00:01:30 tt-554 AF082_1991_GV_SU2012_SB_02 
</speaker>
<speaker type="subj">

"<Sí>"
	"sí" Adverb ADV lang:es 00:01:30 00:01:37 tt-555 AF082_1991_GV_SU2012_SB_02 
"<,>"
	"," Punctuation CM lang:es 00:01:30 00:01:37 tt-556 AF082_1991_GV_SU2012_SB_02 
"<pero>"
	"pero" Conjunction CCAD lang:es 00:01:30 00:01:37 tt-557 AF082_1991_GV_SU2012_SB_02 @Prag:MarcadoresDisc:Revision ADD:826 
"<no>"
	"no" Adverb NEG lang:es 00:01:30 00:01:37 tt-558 AF082_1991_GV_SU2012_SB_02 
"<quiero>"
	"querer" Verb VLfin Pres Indi Sing 1st lang:es 00:01:30 00:01:37 tt-559 AF082_1991_GV_SU2012_SB_02 
"<...>"
	"..." Punctuation DOTS lang:es 00:01:30 00:01:37 tt-560 AF082_1991_GV_SU2012_SB_02 
"<no>"
	"no" Adverb NEG lang:es 00:01:30 00:01:37 tt-561 AF082_1991_GV_SU2012_SB_02 
"<quiero>"
	"querer" Verb VLfin Pres Indi Sing 1st lang:es 00:01:30 00:01:37 tt-562 AF082_1991_GV_SU2012_SB_02 
"<ir>"
	"ir" Verb VLinf Infinitive lang:es 00:01:30 00:01:37 tt-563 AF082_1991_GV_SU2012_SB_02 SUBSTITUTE:292 
"<a>"
	"a" Preposition PREP lang:es 00:01:30 00:01:37 tt-564 AF082_1991_GV_SU2012_SB_02 @Gram:Prep ADD:472 
"<la>"
	"el" Determiner ART Singular lang:es 00:01:30 00:01:37 tt-565 AF082_1991_GV_SU2012_SB_02 @Gram:Det:Art ADD:324 
"<escuela>"
	"escuela" Noun NC Singular lang:es 00:01:30 00:01:37 tt-566 AF082_1991_GV_SU2012_SB_02 
"<aquí>"
	"aquí" Adverb ADV lang:es 00:01:30 00:01:37 tt-567 AF082_1991_GV_SU2012_SB_02 
"<$.>"
	"." Punctuation FS lang:es 00:01:30 00:01:37 tt-568 AF082_1991_GV_SU2012_SB_02 

"<Me>"
	"yo" Pronoun PPX Singular lang:es 00:01:30 00:01:37 tt-569 AF082_1991_GV_SU2012_SB_02 @Gram:Pron:Objeto ADD:506 
"<quiero>"
	"querer" Verb VLfin Pres Indi Sing 1st lang:es 00:01:30 00:01:37 tt-570 AF082_1991_GV_SU2012_SB_02 
"<ir>"
	"ir" Verb VLinf Infinitive lang:es 00:01:30 00:01:37 tt-571 AF082_1991_GV_SU2012_SB_02 SUBSTITUTE:292 
"<a>"
	"a" Preposition PREP lang:es 00:01:30 00:01:37 tt-572 AF082_1991_GV_SU2012_SB_02 @Gram:Prep ADD:472 
"<...>"
	"..." Punctuation DOTS lang:es 00:01:30 00:01:37 tt-573 AF082_1991_GV_SU2012_SB_02 
"<como>"
	"como" Adverb ADV lang:es 00:01:30 00:01:37 tt-574 AF082_1991_GV_SU2012_SB_02 
"<para>"
	"para" Preposition PREP lang:es 00:01:38 00:01:41 tt-575 AF082_1991_GV_SU2012_SB_02 @Gram:Prep:Para ADD:444 
"<Austin>"
	"Austin" Noun NP Singular lang:es 00:01:38 00:01:41 tt-576 AF082_1991_GV_SU2012_SB_02 
"<o>"
	"o" Conjunction CC lang:es 00:01:38 00:01:41 tt-577 AF082_1991_GV_SU2012_SB_02 
"<San>"
	"Santo" Noun NP Singular lang:es 00:01:38 00:01:41 tt-578 AF082_1991_GV_SU2012_SB_02 
"<Antonio>"
	"Antonio" Noun NP Singular lang:es 00:01:38 00:01:41 tt-579 AF082_1991_GV_SU2012_SB_02 
"<$.>"
	"." Punctuation FS lang:es 00:01:38 00:01:41 tt-580 AF082_1991_GV_SU2012_SB_02 

"<Por>"
	"por" Preposition PREP lang:es 00:01:38 00:01:41 tt-581 AF082_1991_GV_SU2012_SB_02 @Gram:Prep:Por SUBSTITUTE:234 ADD:466 
"<allá>"
	"allá" Adverb ADV lang:es 00:01:38 00:01:41 tt-582 AF082_1991_GV_SU2012_SB_02 
"<$.>"
	"." Punctuation FS lang:es 00:01:38 00:01:41 tt-583 AF082_1991_GV_SU2012_SB_02 
</speaker>
</text>

