<text id="AF106_1991_GV_SU2012_AW_03">
<speaker type="subj">
"<Crecí>"
	"crecer" Verb VLfin Pret Indi Sing 1st lang:es 00:00:00 00:00:05 tt-1094 AF106_1991_GV_SU2012_AW_03 @Gram:Indefinido 
"<entre>"
	"entre" Preposition PREP lang:es 00:00:00 00:00:05 tt-1095 AF106_1991_GV_SU2012_AW_03 @Gram:Prep 
"<Matamoros>"
	"Matamoros" Noun NP Plural lang:es 00:00:00 00:00:05 tt-1096 AF106_1991_GV_SU2012_AW_03 
"<,>"
	"," Punctuation CM lang:es 00:00:00 00:00:05 tt-1097 AF106_1991_GV_SU2012_AW_03 
"<Tamaulipas>"
	"Tamaulipas" Noun NP Plural lang:es 00:00:00 00:00:05 tt-1098 AF106_1991_GV_SU2012_AW_03 
"<$.>"
	"." Punctuation FS lang:es 00:00:00 00:00:05 tt-1099 AF106_1991_GV_SU2012_AW_03 

"<Allí>"
	"allí" Adverb ADV lang:es 00:00:00 00:00:05 tt-1100 AF106_1991_GV_SU2012_AW_03 
"<viví>"
	"vivir" Verb VLfin Pret Indi Sing 1st lang:es 00:00:00 00:00:05 tt-1101 AF106_1991_GV_SU2012_AW_03 @Gram:Indefinido 
"<los>"
	"el" Determiner ART Plural Masc lang:es 00:00:00 00:00:05 tt-1102 AF106_1991_GV_SU2012_AW_03 @Gram:Det:Art 
"<primeros>"
	"primero" Adjective ORD Plural lang:es 00:00:00 00:00:05 tt-1103 AF106_1991_GV_SU2012_AW_03 
"<diez>"
	"diez" Determiner CARD Singular lang:es 00:00:00 00:00:05 tt-1104 AF106_1991_GV_SU2012_AW_03 
"<años>"
	"año" Noun NC Plural lang:es 00:00:00 00:00:05 tt-1105 AF106_1991_GV_SU2012_AW_03 
"<de>"
	"de" Preposition PREP lang:es 00:00:00 00:00:05 tt-1106 AF106_1991_GV_SU2012_AW_03 @Gram:Prep 
"<mi>"
	"mío" Pronoun PPO Singular lang:es 00:00:00 00:00:05 tt-1107 AF106_1991_GV_SU2012_AW_03 @Gram:Det:Pos 
"<vida>"
	"vida" Noun NC Singular lang:es 00:00:00 00:00:05 tt-1108 AF106_1991_GV_SU2012_AW_03 
"<$.>"
	"." Punctuation FS lang:es 00:00:00 00:00:05 tt-1109 AF106_1991_GV_SU2012_AW_03 

"<Y>"
	"y" Conjunciton Conjunction CC lang:es 00:00:05 00:00:09 tt-1110 AF106_1991_GV_SU2012_AW_03 
"<luego>"
	"luego" Adverb ADV lang:es 00:00:05 00:00:09 tt-1111 AF106_1991_GV_SU2012_AW_03 
"<ya>"
	"ya" Adverb ADV lang:es 00:00:05 00:00:09 tt-1112 AF106_1991_GV_SU2012_AW_03 
"<llevo>"
	"llevar" Verb VLfin Pres Indi Sing 1st lang:es 00:00:05 00:00:09 tt-1113 AF106_1991_GV_SU2012_AW_03 
"<once>"
	"once" Determiner CARD Singular lang:es 00:00:05 00:00:09 tt-1114 AF106_1991_GV_SU2012_AW_03 
"<aquí>"
	"aquí" Adverb ADV lang:es 00:00:05 00:00:09 tt-1115 AF106_1991_GV_SU2012_AW_03 
"<en>"
	"en" Preposition PREP lang:es 00:00:05 00:00:09 tt-1116 AF106_1991_GV_SU2012_AW_03 @Gram:Prep 
"<Rancho>"
	"UNK" Noun NP Singular lang:es 00:00:05 00:00:09 tt-1117 AF106_1991_GV_SU2012_AW_03 ID:24 R:Vocab:Entities:Geo:25 
"<Viejo>"
	"viejo" Noun NC Singular lang:es 00:00:05 00:00:09 tt-1118 AF106_1991_GV_SU2012_AW_03 ID:25 
"<,>"
	"," Punctuation CM lang:es 00:00:05 00:00:09 tt-1119 AF106_1991_GV_SU2012_AW_03 
"<en>"
	"en" Preposition PREP lang:es 00:00:05 00:00:09 tt-1120 AF106_1991_GV_SU2012_AW_03 @Gram:Prep 
"<Brownsville>"
	"Brownsville" Noun NP Singular lang:es 00:00:05 00:00:09 tt-1121 AF106_1991_GV_SU2012_AW_03 
"<$.>"
	"." Punctuation FS lang:es 00:00:05 00:00:09 tt-1122 AF106_1991_GV_SU2012_AW_03 
</speaker>
<speaker type="int">

"<$¿>"
	"¿" Punctuation FS lang:es 00:00:09 00:00:12 tt-1123 AF106_1991_GV_SU2012_AW_03 
"<Y>"
	"y" Conjunciton Conjunction CC lang:es 00:00:09 00:00:12 tt-1124 AF106_1991_GV_SU2012_AW_03 
"<cómo>"
	"cómo" Adverb ADV lang:es 00:00:09 00:00:12 tt-1125 AF106_1991_GV_SU2012_AW_03 
"<era>"
	"ser" Verb VEfin Imp Indi Sing 1st_or_3rd lang:es 00:00:09 00:00:12 tt-1126 AF106_1991_GV_SU2012_AW_03 @Gram:Imperf @Gram:SerEstar:Ser 
"<vivir>"
	"vivir" Verb VLinf Infinitive lang:es 00:00:09 00:00:12 tt-1127 AF106_1991_GV_SU2012_AW_03 
"<en>"
	"en" Preposition PREP lang:es 00:00:09 00:00:12 tt-1128 AF106_1991_GV_SU2012_AW_03 @Gram:Prep 
"<Brownsville>"
	"Brownsville" Noun NP Singular lang:es 00:00:09 00:00:12 tt-1129 AF106_1991_GV_SU2012_AW_03 
"<y>"
	"y" Conjunciton Conjunction CC lang:es 00:00:09 00:00:12 tt-1130 AF106_1991_GV_SU2012_AW_03 
"<en>"
	"en" Preposition PREP lang:es 00:00:09 00:00:12 tt-1131 AF106_1991_GV_SU2012_AW_03 @Gram:Prep 
"<Matamoros>"
	"Matamoros" Noun NP Plural lang:es 00:00:09 00:00:12 tt-1132 AF106_1991_GV_SU2012_AW_03 
"<$?>"
	"?" Punctuation FS lang:es 00:00:09 00:00:12 tt-1133 AF106_1991_GV_SU2012_AW_03 
</speaker>
<speaker type="subj">

"<La>"
	"el" Determiner ART Singular Fem lang:es 00:00:12 00:00:17 tt-1134 AF106_1991_GV_SU2012_AW_03 @Gram:Det:Art 
"<diferencia>"
	"diferencia" Noun NC Singular lang:es 00:00:12 00:00:17 tt-1135 AF106_1991_GV_SU2012_AW_03 
"<en>"
	"en" Preposition PREP lang:es 00:00:12 00:00:17 tt-1136 AF106_1991_GV_SU2012_AW_03 @Gram:Prep 
"<Matamoros>"
	"Matamoros" Noun NP Plural lang:es 00:00:12 00:00:17 tt-1137 AF106_1991_GV_SU2012_AW_03 
"<,>"
	"," Punctuation CM lang:es 00:00:12 00:00:17 tt-1138 AF106_1991_GV_SU2012_AW_03 
"<pues>"
	"pues" Conjunction CSUBF lang:es 00:00:12 00:00:17 tt-1139 AF106_1991_GV_SU2012_AW_03 
"<,>"
	"," Punctuation CM lang:es 00:00:12 00:00:17 tt-1140 AF106_1991_GV_SU2012_AW_03 
"<era>"
	"ser" Verb VEfin Imp Indi Sing 1st_or_3rd lang:es 00:00:12 00:00:17 tt-1141 AF106_1991_GV_SU2012_AW_03 @Gram:Imperf @Gram:SerEstar:Ser 
"<muy>"
	"muy" Adverb ADV lang:es 00:00:12 00:00:17 tt-1142 AF106_1991_GV_SU2012_AW_03 
"<chica>"
	"chico" Adjective ADJ Singular lang:es 00:00:12 00:00:17 tt-1143 AF106_1991_GV_SU2012_AW_03 
"<,>"
	"," Punctuation CM lang:es 00:00:12 00:00:17 tt-1144 AF106_1991_GV_SU2012_AW_03 
"<pero>"
	"pero" Conjunction CCAD lang:es 00:00:12 00:00:17 tt-1145 AF106_1991_GV_SU2012_AW_03 @Prag:MarcadoresDisc:Revision 
"<no>"
	"no" Adverb NEG lang:es 00:00:12 00:00:17 tt-1146 AF106_1991_GV_SU2012_AW_03 
"<...>"
	"..." Punctuation DOTS lang:es 00:00:12 00:00:17 tt-1147 AF106_1991_GV_SU2012_AW_03 
"<no>"
	"no" Adverb NEG lang:es 00:00:12 00:00:17 tt-1148 AF106_1991_GV_SU2012_AW_03 
"<nos>"
	"nosotros" Pronoun PPX Plural lang:es 00:00:12 00:00:17 tt-1149 AF106_1991_GV_SU2012_AW_03 @Gram:Pron:Objeto 
"<dejaban>"
	"dejar" Verb VLfin Imp Indi Plural 3rd lang:es 00:00:12 00:00:17 tt-1150 AF106_1991_GV_SU2012_AW_03 @Gram:Imperf 
"<salir>"
	"salir" Verb VLinf Infinitive lang:es 00:00:12 00:00:17 tt-1151 AF106_1991_GV_SU2012_AW_03 
"<tanto>"
	"tanto" Adverb ADV lang:es 00:00:17 00:00:22 tt-1152 AF106_1991_GV_SU2012_AW_03 
"<$.>"
	"." Punctuation FS lang:es 00:00:17 00:00:22 tt-1153 AF106_1991_GV_SU2012_AW_03 

"<Nos>"
	"nosotros" Pronoun PPX Plural lang:es 00:00:17 00:00:22 tt-1154 AF106_1991_GV_SU2012_AW_03 @Gram:Pron:Objeto 
"<teníamos>"
	"tener" Verb VLfin Imp Indi Plural 1st lang:es 00:00:17 00:00:22 tt-1155 AF106_1991_GV_SU2012_AW_03 @Gram:Imperf 
"<que>"
	"que" Conjunction CQUE lang:es 00:00:17 00:00:22 tt-1156 AF106_1991_GV_SU2012_AW_03 
"<quedar>"
	"quedar" Verb VLinf Infinitive lang:es 00:00:17 00:00:22 tt-1157 AF106_1991_GV_SU2012_AW_03 
"<en>"
	"en" Preposition PREP lang:es 00:00:17 00:00:22 tt-1158 AF106_1991_GV_SU2012_AW_03 @Gram:Prep 
"<el>"
	"el" Determiner ART Singular Masc lang:es 00:00:17 00:00:22 tt-1159 AF106_1991_GV_SU2012_AW_03 @Gram:Det:Art 
"<parquecito>"
	"UNK" Noun NC Singular lang:es 00:00:17 00:00:22 tt-1160 AF106_1991_GV_SU2012_AW_03 
"<de>"
	"de" Preposition PREP lang:es 00:00:17 00:00:22 tt-1161 AF106_1991_GV_SU2012_AW_03 @Gram:Prep 
"<enfrente>"
	"enfrente" Adverb ADV lang:es 00:00:17 00:00:22 tt-1162 AF106_1991_GV_SU2012_AW_03 
"<que>"
	"que" Conjunction CQUE lang:es 00:00:17 00:00:22 tt-1163 AF106_1991_GV_SU2012_AW_03 
"<estaba>"
	"estar" Verb VEfin Imp Indi Sing 1st_or_3rd lang:es 00:00:17 00:00:22 tt-1164 AF106_1991_GV_SU2012_AW_03 @Gram:Imperf @Gram:SerEstar:Estar 
"<...>"
	"..." Punctuation DOTS lang:es 00:00:17 00:00:22 tt-1165 AF106_1991_GV_SU2012_AW_03 
"<estaba>"
	"estar" Verb VEfin Imp Indi Sing 1st_or_3rd lang:es 00:00:17 00:00:22 tt-1166 AF106_1991_GV_SU2012_AW_03 @Gram:Imperf @Gram:SerEstar:Estar 
"<cercado>"
	"cercar" Verb VLadj lang:es 00:00:17 00:00:22 tt-1167 AF106_1991_GV_SU2012_AW_03 
"<$.>"
	"." Punctuation FS lang:es 00:00:17 00:00:22 tt-1168 AF106_1991_GV_SU2012_AW_03 

"<Este>"
	"este" Determiner DM Singular lang:es 00:00:22 00:00:27 tt-1169 AF106_1991_GV_SU2012_AW_03 @Prag:RecuDiscurso:GanarTiempo 
"<,>"
	"," Punctuation CM lang:es 00:00:22 00:00:27 tt-1170 AF106_1991_GV_SU2012_AW_03 
"<la>"
	"el" Determiner ART Singular Fem lang:es 00:00:22 00:00:27 tt-1171 AF106_1991_GV_SU2012_AW_03 @Gram:Det:Art 
"<primera>"
	"primero" Adjective ORD Singular lang:es 00:00:22 00:00:27 tt-1172 AF106_1991_GV_SU2012_AW_03 Gram:Adj:Ord 
"<vez>"
	"vez" Noun NC Singular lang:es 00:00:22 00:00:27 tt-1173 AF106_1991_GV_SU2012_AW_03 
"<que>"
	"que" Conjunction CQUE lang:es 00:00:22 00:00:27 tt-1174 AF106_1991_GV_SU2012_AW_03 
"<nos>"
	"nosotros" Pronoun PPX Plural lang:es 00:00:22 00:00:27 tt-1175 AF106_1991_GV_SU2012_AW_03 @Gram:Pron:Objeto 
"<dejaron>"
	"dejar" Verb VLfin Pret Indi Plural 3rd lang:es 00:00:22 00:00:27 tt-1176 AF106_1991_GV_SU2012_AW_03 @Gram:Indefinido 
"<salir>"
	"salir" Verb VLinf Infinitive lang:es 00:00:22 00:00:27 tt-1177 AF106_1991_GV_SU2012_AW_03 
"<,>"
	"," Punctuation CM lang:es 00:00:22 00:00:27 tt-1178 AF106_1991_GV_SU2012_AW_03 
"<ir>"
	"ir" Verb VLinf Infinitive lang:es 00:00:22 00:00:27 tt-1179 AF106_1991_GV_SU2012_AW_03 
"<al>"
	"al" Preposition PAL lang:es 00:00:22 00:00:27 tt-1180 AF106_1991_GV_SU2012_AW_03 @Gram:Prep 
"<Oxxo>"
	"UNK" Noun NC Singular lang:es 00:00:22 00:00:27 tt-1181 AF106_1991_GV_SU2012_AW_03 
"<que>"
	"que" Conjunction CQUE lang:es 00:00:22 00:00:27 tt-1182 AF106_1991_GV_SU2012_AW_03 
"<estaba>"
	"estar" Verb VEfin Imp Indi Sing 1st_or_3rd lang:es 00:00:22 00:00:27 tt-1183 AF106_1991_GV_SU2012_AW_03 @Gram:Imperf @Gram:SerEstar:Estar 
"<en>"
	"en" Preposition PREP lang:es 00:00:22 00:00:27 tt-1184 AF106_1991_GV_SU2012_AW_03 @Gram:Prep 
"<la>"
	"el" Determiner ART Singular Fem lang:es 00:00:22 00:00:27 tt-1185 AF106_1991_GV_SU2012_AW_03 @Gram:Det:Art 
"<esquina>"
	"esquina" Noun NC Singular lang:es 00:00:22 00:00:27 tt-1186 AF106_1991_GV_SU2012_AW_03 
"<,>"
	"," Punctuation CM lang:es 00:00:22 00:00:27 tt-1187 AF106_1991_GV_SU2012_AW_03 
"<nos>"
	"nosotros" Pronoun PPX Plural lang:es 00:00:27 00:00:34 tt-1188 AF106_1991_GV_SU2012_AW_03 @Gram:Pron:Objeto 
"<tuvimos>"
	"tener" Verb VLfin Pres_or_Pret Indi Plural 1st lang:es 00:00:27 00:00:34 tt-1189 AF106_1991_GV_SU2012_AW_03 
"<que>"
	"que" Conjunction CQUE lang:es 00:00:27 00:00:34 tt-1190 AF106_1991_GV_SU2012_AW_03 
"<llevar>"
	"llevar" Verb VLinf Infinitive lang:es 00:00:27 00:00:34 tt-1191 AF106_1991_GV_SU2012_AW_03 
"<radio>"
	"radio" Noun NC Singular lang:es 00:00:27 00:00:34 tt-1192 AF106_1991_GV_SU2012_AW_03 
"<y>"
	"y" Conjunciton Conjunction CC lang:es 00:00:27 00:00:34 tt-1193 AF106_1991_GV_SU2012_AW_03 
"<mi>"
	"mío" Pronoun PPO Singular lang:es 00:00:27 00:00:34 tt-1194 AF106_1991_GV_SU2012_AW_03 @Gram:Det:Pos 
"<mamá>"
	"mamá" Noun NC Singular lang:es 00:00:27 00:00:34 tt-1195 AF106_1991_GV_SU2012_AW_03 
"<se>"
	"se" Other SE lang:es 00:00:27 00:00:34 tt-1196 AF106_1991_GV_SU2012_AW_03 
"<quedó>"
	"quedar" Verb VLfin Pret Indi Sing 3rd lang:es 00:00:27 00:00:34 tt-1197 AF106_1991_GV_SU2012_AW_03 @Gram:Indefinido 
"<afuera>"
	"afuera" Adverb ADV lang:es 00:00:27 00:00:34 tt-1198 AF106_1991_GV_SU2012_AW_03 
"<viéndonos>"
	"UNK" Verb VLadj lang:es 00:00:27 00:00:34 tt-1199 AF106_1991_GV_SU2012_AW_03 
"<,>"
	"," Punctuation CM lang:es 00:00:27 00:00:34 tt-1200 AF106_1991_GV_SU2012_AW_03 
"<este>"
	"este" Determiner DM Singular lang:es 00:00:27 00:00:34 tt-1201 AF106_1991_GV_SU2012_AW_03 @Prag:RecuDiscurso:GanarTiempo 
"<,>"
	"," Punctuation CM lang:es 00:00:27 00:00:34 tt-1202 AF106_1991_GV_SU2012_AW_03 
"<todo>"
	"todo" Determiner QU lang:es 00:00:27 00:00:34 tt-1203 AF106_1991_GV_SU2012_AW_03 ID:110 R:Gram:Det:Combi:111 
"<el>"
	"el" Determiner ART Singular Masc lang:es 00:00:27 00:00:34 tt-1204 AF106_1991_GV_SU2012_AW_03 @Gram:Det:Art ID:111 
"<tramo>"
	"tramo" Noun NC Singular lang:es 00:00:27 00:00:34 tt-1205 AF106_1991_GV_SU2012_AW_03 
"<$.>"
	"." Punctuation FS lang:es 00:00:27 00:00:34 tt-1206 AF106_1991_GV_SU2012_AW_03 

"<Pero>"
	"pero" Conjunction CCAD lang:es 00:00:34 00:00:41 tt-1207 AF106_1991_GV_SU2012_AW_03 @Prag:MarcadoresDisc:Revision 
"<se>"
	"se" Other SE lang:es 00:00:34 00:00:41 tt-1208 AF106_1991_GV_SU2012_AW_03 
"<notaba>"
	"notar" Verb VLfin Imp Indi Sing 1st_or_3rd lang:es 00:00:34 00:00:41 tt-1209 AF106_1991_GV_SU2012_AW_03 @Gram:Imperf 
"<que>"
	"que" Conjunction CQUE lang:es 00:00:34 00:00:41 tt-1210 AF106_1991_GV_SU2012_AW_03 
"<...>"
	"..." Punctuation DOTS lang:es 00:00:34 00:00:41 tt-1211 AF106_1991_GV_SU2012_AW_03 
"<que>"
	"que" Conjunction CQUE lang:es 00:00:34 00:00:41 tt-1212 AF106_1991_GV_SU2012_AW_03 
"<la>"
	"el" Determiner ART Singular Fem lang:es 00:00:34 00:00:41 tt-1213 AF106_1991_GV_SU2012_AW_03 @Gram:Det:Art 
"<diferencia>"
	"diferencia" Noun NC Singular lang:es 00:00:34 00:00:41 tt-1214 AF106_1991_GV_SU2012_AW_03 
"<también>"
	"también" Adverb ADV lang:es 00:00:34 00:00:41 tt-1215 AF106_1991_GV_SU2012_AW_03 @Prag:MarcadoresDisc:Igualdad 
"<de>"
	"de" Preposition PREP lang:es 00:00:34 00:00:41 tt-1216 AF106_1991_GV_SU2012_AW_03 @Gram:Prep 
"<cultura>"
	"cultura" Noun NC Singular lang:es 00:00:34 00:00:41 tt-1217 AF106_1991_GV_SU2012_AW_03 
"<que>"
	"que" Conjunction CQUE lang:es 00:00:34 00:00:41 tt-1218 AF106_1991_GV_SU2012_AW_03 
"<ya>"
	"ya" Adverb ADV lang:es 00:00:34 00:00:41 tt-1219 AF106_1991_GV_SU2012_AW_03 
"<...>"
	"..." Punctuation DOTS lang:es 00:00:34 00:00:41 tt-1220 AF106_1991_GV_SU2012_AW_03 
"<si>"
	"si" Conjunction CSUBX lang:es 00:00:34 00:00:41 tt-1221 AF106_1991_GV_SU2012_AW_03 
"<querías>"
	"querer" Verb VLfin Imp Indi Sing 2nd lang:es 00:00:34 00:00:41 tt-1222 AF106_1991_GV_SU2012_AW_03 @Gram:Imperf 
"<ir>"
	"ir" Verb VLinf Infinitive lang:es 00:00:34 00:00:41 tt-1223 AF106_1991_GV_SU2012_AW_03 
"<al>"
	"al" Preposition PAL lang:es 00:00:34 00:00:41 tt-1224 AF106_1991_GV_SU2012_AW_03 @Gram:Prep 
"<...>"
	"..." Punctuation DOTS lang:es 00:00:34 00:00:41 tt-1225 AF106_1991_GV_SU2012_AW_03 
"<no>"
	"no" Adverb NEG lang:es 00:00:34 00:00:41 tt-1226 AF106_1991_GV_SU2012_AW_03 
"<tenías>"
	"tener" Verb VLfin Imp Indi Sing 2nd lang:es 00:00:42 00:00:46 tt-1227 AF106_1991_GV_SU2012_AW_03 @Gram:Imperf 
"<que>"
	"que" Conjunction CQUE lang:es 00:00:42 00:00:46 tt-1228 AF106_1991_GV_SU2012_AW_03 
"<ir>"
	"ir" Verb VLinf Infinitive lang:es 00:00:42 00:00:46 tt-1229 AF106_1991_GV_SU2012_AW_03 
"<al>"
	"al" Preposition PAL lang:es 00:00:42 00:00:46 tt-1230 AF106_1991_GV_SU2012_AW_03 @Gram:Prep 
"<súper>"
	"súper" Adjective ADJ Singular lang:es 00:00:42 00:00:46 tt-1231 AF106_1991_GV_SU2012_AW_03 
"<$.>"
	"." Punctuation FS lang:es 00:00:42 00:00:46 tt-1232 AF106_1991_GV_SU2012_AW_03 

"<Te>"
	"tú" Pronoun PPX Singular lang:es 00:00:42 00:00:46 tt-1233 AF106_1991_GV_SU2012_AW_03 @Gram:Pron:Objeto 
"<llevaban>"
	"llevar" Verb VLfin Imp Indi Plural 3rd lang:es 00:00:42 00:00:46 tt-1234 AF106_1991_GV_SU2012_AW_03 @Gram:Imperf 
"<el>"
	"el" Determiner ART Singular Masc lang:es 00:00:42 00:00:46 tt-1235 AF106_1991_GV_SU2012_AW_03 @Gram:Det:Art 
"<mandado>"
	"mandar" Verb VLadj lang:es 00:00:42 00:00:46 tt-1236 AF106_1991_GV_SU2012_AW_03 
"<si>"
	"si" Conjunction CSUBX lang:es 00:00:42 00:00:46 tt-1237 AF106_1991_GV_SU2012_AW_03 
"<querías>"
	"querer" Verb VLfin Imp Indi Sing 2nd lang:es 00:00:42 00:00:46 tt-1238 AF106_1991_GV_SU2012_AW_03 @Gram:Imperf 
"<$.>"
	"." Punctuation FS lang:es 00:00:42 00:00:46 tt-1239 AF106_1991_GV_SU2012_AW_03 

"<Siempre>"
	"siempre" Adverb ADV lang:es 00:00:42 00:00:46 tt-1240 AF106_1991_GV_SU2012_AW_03 
"<había>"
	"haber" Verb VHfin Imp Indi Sing 1st_or_3rd lang:es 00:00:42 00:00:46 tt-1241 AF106_1991_GV_SU2012_AW_03 @Gram:Haber:Exist 
"<alguien>"
	"UNK" Adverb ADV lang:es 00:00:42 00:00:46 tt-1242 AF106_1991_GV_SU2012_AW_03 
"<que>"
	"que" Conjunction CQUE lang:es 00:00:42 00:00:46 tt-1243 AF106_1991_GV_SU2012_AW_03 
"<...>"
	"..." Punctuation DOTS lang:es 00:00:42 00:00:46 tt-1244 AF106_1991_GV_SU2012_AW_03 
"<que>"
	"que" Conjunction CQUE lang:es 00:00:42 00:00:46 tt-1245 AF106_1991_GV_SU2012_AW_03 
"<te>"
	"tú" Pronoun PPX Singular lang:es 00:00:46 00:00:52 tt-1246 AF106_1991_GV_SU2012_AW_03 @Gram:Pron:Objeto 
"<ayudara>"
	"ayudar" Verb VLfin Past Subj Sing 1st_or_3rd lang:es 00:00:46 00:00:52 tt-1247 AF106_1991_GV_SU2012_AW_03 @Gram:MSub:Pret 
"<$.>"
	"." Punctuation FS lang:es 00:00:46 00:00:52 tt-1248 AF106_1991_GV_SU2012_AW_03 

"<Y>"
	"y" Conjunciton Conjunction CC lang:es 00:00:46 00:00:52 tt-1249 AF106_1991_GV_SU2012_AW_03 
"<luego>"
	"luego" Adverb ADV lang:es 00:00:46 00:00:52 tt-1250 AF106_1991_GV_SU2012_AW_03 
"<aquí>"
	"aquí" Adverb ADV lang:es 00:00:46 00:00:52 tt-1251 AF106_1991_GV_SU2012_AW_03 
"<no>"
	"no" Adverb NEG lang:es 00:00:46 00:00:52 tt-1252 AF106_1991_GV_SU2012_AW_03 
"<es>"
	"ser" Verb VSfin Pres Indi Sing 3rd lang:es 00:00:46 00:00:52 tt-1253 AF106_1991_GV_SU2012_AW_03 @Gram:SerEstar:Ser 
"<tan>"
	"tan" Adverb ADV lang:es 00:00:46 00:00:52 tt-1254 AF106_1991_GV_SU2012_AW_03 
"<fácil>"
	"fácil" Adjective ADJ Singular lang:es 00:00:46 00:00:52 tt-1255 AF106_1991_GV_SU2012_AW_03 
"<encontrar>"
	"encontrar" Verb VLinf Infinitive lang:es 00:00:46 00:00:52 tt-1256 AF106_1991_GV_SU2012_AW_03 
"<a>"
	"a" Preposition PREP lang:es 00:00:46 00:00:52 tt-1257 AF106_1991_GV_SU2012_AW_03 @Gram:Prep 
"<alguien>"
	"UNK" Verb VLfin Past Subj Plural 3rd lang:es 00:00:46 00:00:52 tt-1258 AF106_1991_GV_SU2012_AW_03 @Gram:MSub:Pret 
"<que>"
	"que" Conjunction CQUE lang:es 00:00:46 00:00:52 tt-1259 AF106_1991_GV_SU2012_AW_03 
"<te>"
	"tú" Pronoun PPX Singular lang:es 00:00:46 00:00:52 tt-1260 AF106_1991_GV_SU2012_AW_03 @Gram:Pron:Objeto 
"<ayuda>"
	"ayuda" Noun NC Singular lang:es 00:00:46 00:00:52 tt-1261 AF106_1991_GV_SU2012_AW_03 
"<en>"
	"en" Preposition PREP lang:es 00:00:46 00:00:52 tt-1262 AF106_1991_GV_SU2012_AW_03 @Gram:Prep 
"<la>"
	"el" Determiner ART Singular Fem lang:es 00:00:46 00:00:52 tt-1263 AF106_1991_GV_SU2012_AW_03 @Gram:Det:Art 
"<casa>"
	"casa" Noun NC Singular lang:es 00:00:46 00:00:52 tt-1264 AF106_1991_GV_SU2012_AW_03 
"<$.>"
	"." Punctuation FS lang:es 00:00:46 00:00:52 tt-1265 AF106_1991_GV_SU2012_AW_03 

"<Pero>"
	"pero" Conjunction CCAD lang:es 00:00:52 00:00:59 tt-1266 AF106_1991_GV_SU2012_AW_03 @Prag:MarcadoresDisc:Revision 
"<tú>"
	"tú" Pronoun PPX Singular lang:es 00:00:52 00:00:59 tt-1267 AF106_1991_GV_SU2012_AW_03 @Gram:Pron:Sujeto 
"<...>"
	"..." Punctuation DOTS lang:es 00:00:52 00:00:59 tt-1268 AF106_1991_GV_SU2012_AW_03 
"<teníamos>"
	"tener" Verb VLfin Imp Indi Plural 1st lang:es 00:00:52 00:00:59 tt-1269 AF106_1991_GV_SU2012_AW_03 @Gram:Imperf 
"<más>"
	"más" Adverb ADV lang:es 00:00:52 00:00:59 tt-1270 AF106_1991_GV_SU2012_AW_03 
"<...>"
	"..." Punctuation DOTS lang:es 00:00:52 00:00:59 tt-1271 AF106_1991_GV_SU2012_AW_03 
"<más>"
	"más" Adverb ADV lang:es 00:00:52 00:00:59 tt-1272 AF106_1991_GV_SU2012_AW_03 
"<libertades>"
	"libertad" Noun NC Plural lang:es 00:00:52 00:00:59 tt-1273 AF106_1991_GV_SU2012_AW_03 
"<de>"
	"de" Preposition PREP lang:es 00:00:52 00:00:59 tt-1274 AF106_1991_GV_SU2012_AW_03 @Gram:Prep 
"<,>"
	"," Punctuation CM lang:es 00:00:52 00:00:59 tt-1275 AF106_1991_GV_SU2012_AW_03 
"<este>"
	"este" Determiner DM Singular lang:es 00:00:52 00:00:59 tt-1276 AF106_1991_GV_SU2012_AW_03 @Prag:RecuDiscurso:GanarTiempo 
"<,>"
	"," Punctuation CM lang:es 00:00:52 00:00:59 tt-1277 AF106_1991_GV_SU2012_AW_03 
"<nos>"
	"nosotros" Pronoun PPX Plural lang:es 00:00:52 00:00:59 tt-1278 AF106_1991_GV_SU2012_AW_03 @Gram:Pron:Objeto 
"<dejaban>"
	"dejar" Verb VLfin Imp Indi Plural 3rd lang:es 00:00:52 00:00:59 tt-1279 AF106_1991_GV_SU2012_AW_03 @Gram:Imperf 
"<salir>"
	"salir" Verb VLinf Infinitive lang:es 00:00:52 00:00:59 tt-1280 AF106_1991_GV_SU2012_AW_03 
"<en>"
	"en" Preposition PREP lang:es 00:00:52 00:00:59 tt-1281 AF106_1991_GV_SU2012_AW_03 @Gram:Prep 
"<la>"
	"el" Determiner ART Singular Fem lang:es 00:00:52 00:00:59 tt-1282 AF106_1991_GV_SU2012_AW_03 @Gram:Det:Art 
"<bici>"
	"bicicleta" Noun NC Singular lang:es 00:00:52 00:00:59 tt-1283 AF106_1991_GV_SU2012_AW_03 
"<por>"
	"por" Preposition PREP lang:es 00:00:59 00:01:06 tt-1284 AF106_1991_GV_SU2012_AW_03 @Gram:Prep:Por 
"<...>"
	"..." Punctuation DOTS lang:es 00:00:59 00:01:06 tt-1285 AF106_1991_GV_SU2012_AW_03 
"<por>"
	"por" Preposition PREP lang:es 00:00:59 00:01:06 tt-1286 AF106_1991_GV_SU2012_AW_03 @Gram:Prep:Por 
"<todo>"
	"todo" Determiner QU lang:es 00:00:59 00:01:06 tt-1287 AF106_1991_GV_SU2012_AW_03 @Gram:Det:TodoEsp 
"<Rancho>"
	"UNK" Noun NP Singular lang:es 00:00:59 00:01:06 tt-1288 AF106_1991_GV_SU2012_AW_03 ID:195 R:Vocab:Entities:Geo:196 
"<Viejo>"
	"viejo" Noun NC Singular lang:es 00:00:59 00:01:06 tt-1289 AF106_1991_GV_SU2012_AW_03 ID:196 
"<$.>"
	"." Punctuation FS lang:es 00:00:59 00:01:06 tt-1290 AF106_1991_GV_SU2012_AW_03 

"<Este>"
	"este" Determiner DM Singular lang:es 00:00:59 00:01:06 tt-1291 AF106_1991_GV_SU2012_AW_03 @Prag:RecuDiscurso:GanarTiempo 
"<,>"
	"," Punctuation CM lang:es 00:00:59 00:01:06 tt-1292 AF106_1991_GV_SU2012_AW_03 
"<se>"
	"se" Other SE lang:es 00:00:59 00:01:06 tt-1293 AF106_1991_GV_SU2012_AW_03 
"<sentía>"
	"sentir" Verb VLfin Imp Indi Sing 1st_or_3rd lang:es 00:00:59 00:01:06 tt-1294 AF106_1991_GV_SU2012_AW_03 @Gram:Imperf 
"<más>"
	"más" Adverb ADV lang:es 00:00:59 00:01:06 tt-1295 AF106_1991_GV_SU2012_AW_03 
"<seguro>"
	"seguro" Adjective ADJ Singular lang:es 00:00:59 00:01:06 tt-1296 AF106_1991_GV_SU2012_AW_03 
"<$.>"
	"." Punctuation FS lang:es 00:00:59 00:01:06 tt-1297 AF106_1991_GV_SU2012_AW_03 

"<Tenemos>"
	"tener" Verb VLfin Pres Indi Plural 1st lang:es 00:00:59 00:01:06 tt-1298 AF106_1991_GV_SU2012_AW_03 
"<un>"
	"un" Determiner ART Singular lang:es 00:00:59 00:01:06 tt-1299 AF106_1991_GV_SU2012_AW_03 ID:206 R:Vocab:Fraseol:LocAdv:208 
"<poco>"
	"poco" Adverb ADV lang:es 00:00:59 00:01:06 tt-1300 AF106_1991_GV_SU2012_AW_03 
"<más>"
	"más" Adverb ADV lang:es 00:00:59 00:01:06 tt-1301 AF106_1991_GV_SU2012_AW_03 ID:208 
"<de>"
	"de" Preposition PREP lang:es 00:00:59 00:01:06 tt-1302 AF106_1991_GV_SU2012_AW_03 @Gram:Prep 
"<cosas>"
	"cosa" Noun NC Plural lang:es 00:01:06 00:01:08 tt-1303 AF106_1991_GV_SU2012_AW_03 
"<de>"
	"de" Preposition PREP lang:es 00:01:06 00:01:08 tt-1304 AF106_1991_GV_SU2012_AW_03 @Gram:Prep 
"<hacer>"
	"hacer" Verb VLinf Infinitive lang:es 00:01:06 00:01:08 tt-1305 AF106_1991_GV_SU2012_AW_03 
"<...>"
	"..." Punctuation DOTS lang:es 00:01:06 00:01:08 tt-1306 AF106_1991_GV_SU2012_AW_03 
"<que>"
	"que" Conjunction CQUE lang:es 00:01:06 00:01:08 tt-1307 AF106_1991_GV_SU2012_AW_03 
"<hacer>"
	"hacer" Verb VLinf Infinitive lang:es 00:01:06 00:01:08 tt-1308 AF106_1991_GV_SU2012_AW_03 
"<$.>"
	"." Punctuation FS lang:es 00:01:06 00:01:08 tt-1309 AF106_1991_GV_SU2012_AW_03 
</speaker>
</text>

