<text id="AF106_1991_GV_SU2012_AW_07">
<speaker type="int">
"<$¿>"
	"¿" Punctuation FS lang:es 00:00:00 00:00:02 tt-3193 AF106_1991_GV_SU2012_AW_07 
"<Hay>"
	"haber" Verb VHfin Pres Indi Sing 3rd lang:es 00:00:00 00:00:02 tt-3194 AF106_1991_GV_SU2012_AW_07 @Gram:Haber:Exist ADD:829 
"<dialectos>"
	"dialecto" Noun NC Plural lang:es 00:00:00 00:00:02 tt-3195 AF106_1991_GV_SU2012_AW_07 
"<distintos>"
	"distinto" Adjective ADJ Plural lang:es 00:00:00 00:00:02 tt-3196 AF106_1991_GV_SU2012_AW_07 
"<del>"
	"del" Preposition PDEL lang:es 00:00:00 00:00:02 tt-3197 AF106_1991_GV_SU2012_AW_07 @Gram:Prep ADD:624 
"<español>"
	"español" Noun NC Singular lang:es 00:00:00 00:00:02 tt-3198 AF106_1991_GV_SU2012_AW_07 
"<que>"
	"que" Conjunction CQUE lang:es 00:00:00 00:00:02 tt-3199 AF106_1991_GV_SU2012_AW_07 
"<se>"
	"se" Other SE lang:es 00:00:00 00:00:02 tt-3200 AF106_1991_GV_SU2012_AW_07 
"<hablan>"
	"hablar" Verb VLfin Pres Indi Plural 3rd lang:es 00:00:00 00:00:02 tt-3201 AF106_1991_GV_SU2012_AW_07 ID:9 R:Vocab:Fraseol:VerbPrep:10 ADDRELATION(Vocab:Fraseol:VerbPrep):1223 
"<en>"
	"en" Preposition PREP lang:es 00:00:00 00:00:02 tt-3202 AF106_1991_GV_SU2012_AW_07 @Gram:Prep ID:10 ADD:624 
"<Tejas>"
	"UNK" Noun NP Plural lang:es 00:00:00 00:00:02 tt-3203 AF106_1991_GV_SU2012_AW_07 
"<$?>"
	"?" Punctuation FS lang:es 00:00:00 00:00:02 tt-3204 AF106_1991_GV_SU2012_AW_07 
</speaker>
<speaker type="subj">

"<Sí>"
	"sí" Adverb ADV lang:es 00:00:02 00:00:07 tt-3205 AF106_1991_GV_SU2012_AW_07 
"<,>"
	"," Punctuation CM lang:es 00:00:02 00:00:07 tt-3206 AF106_1991_GV_SU2012_AW_07 
"<definitivamente>"
	"definitivamente" Adverb ADV lang:es 00:00:02 00:00:07 tt-3207 AF106_1991_GV_SU2012_AW_07 
"<$.>"
	"." Punctuation FS lang:es 00:00:02 00:00:07 tt-3208 AF106_1991_GV_SU2012_AW_07 

"<Y>"
	"y" Conjunciton Conjunction CC lang:es 00:00:02 00:00:07 tt-3209 AF106_1991_GV_SU2012_AW_07 SUBSTITUTE:394 
"<eso>"
	"ese" Determiner DM Singular lang:es 00:00:02 00:00:07 tt-3210 AF106_1991_GV_SU2012_AW_07 
"<lo>"
	"él" Pronoun PPC Singular lang:es 00:00:02 00:00:07 tt-3211 AF106_1991_GV_SU2012_AW_07 @Gram:Pron:Objeto ADD:664 
"<...>"
	"..." Punctuation DOTS lang:es 00:00:02 00:00:07 tt-3212 AF106_1991_GV_SU2012_AW_07 
"<lo>"
	"él" Pronoun PPC Singular lang:es 00:00:02 00:00:07 tt-3213 AF106_1991_GV_SU2012_AW_07 @Gram:Pron:Objeto ADD:664 
"<...>"
	"..." Punctuation DOTS lang:es 00:00:02 00:00:07 tt-3214 AF106_1991_GV_SU2012_AW_07 
"<lo>"
	"él" Pronoun PPC Singular lang:es 00:00:02 00:00:07 tt-3215 AF106_1991_GV_SU2012_AW_07 @Gram:Pron:Objeto ADD:664 
"<he>"
	"haber" Verb VHfin Pres Indi Sing 1st lang:es 00:00:02 00:00:07 tt-3216 AF106_1991_GV_SU2012_AW_07 ID:24 R:Gram:Aux:Haber:25 R:Gram:PerfPerif:25 ADDRELATION():705 
"<aprendido>"
	"aprender" Verb VLadj lang:es 00:00:02 00:00:07 tt-3217 AF106_1991_GV_SU2012_AW_07 ID:25 
"<especialmente>"
	"especialmente" Adverb ADV lang:es 00:00:02 00:00:07 tt-3218 AF106_1991_GV_SU2012_AW_07 
"<en>"
	"en" Preposition PREP lang:es 00:00:02 00:00:07 tt-3219 AF106_1991_GV_SU2012_AW_07 @Gram:Prep ADD:624 
"<San>"
	"Santo" Noun NP Singular lang:es 00:00:02 00:00:07 tt-3220 AF106_1991_GV_SU2012_AW_07 
"<Antonio>"
	"Antonio" Noun NP Singular lang:es 00:00:02 00:00:07 tt-3221 AF106_1991_GV_SU2012_AW_07 
"<que>"
	"que" Conjunction CQUE lang:es 00:00:07 00:00:13 tt-3222 AF106_1991_GV_SU2012_AW_07 
"<mucha>"
	"mucho" Adjective ADJ Singular lang:es 00:00:07 00:00:13 tt-3223 AF106_1991_GV_SU2012_AW_07 
"<gente>"
	"gente" Noun NC Singular lang:es 00:00:07 00:00:13 tt-3224 AF106_1991_GV_SU2012_AW_07 
"<con>"
	"con" Preposition PREP lang:es 00:00:07 00:00:13 tt-3225 AF106_1991_GV_SU2012_AW_07 @Gram:Prep ADD:624 
"<el>"
	"el" Determiner ART Singular Masc lang:es 00:00:07 00:00:13 tt-3226 AF106_1991_GV_SU2012_AW_07 @Gram:Det:Art ADD:426 
"<dialecto>"
	"dialecto" Noun NC Singular lang:es 00:00:07 00:00:13 tt-3227 AF106_1991_GV_SU2012_AW_07 
"<de>"
	"de" Preposition PREP lang:es 00:00:07 00:00:13 tt-3228 AF106_1991_GV_SU2012_AW_07 @Gram:Prep ADD:624 
"<allá>"
	"allá" Adverb ADV lang:es 00:00:07 00:00:13 tt-3229 AF106_1991_GV_SU2012_AW_07 
"<que>"
	"que" Conjunction CQUE lang:es 00:00:07 00:00:13 tt-3230 AF106_1991_GV_SU2012_AW_07 
"<uso>"
	"uso" Noun NC Singular lang:es 00:00:07 00:00:13 tt-3231 AF106_1991_GV_SU2012_AW_07 
"<palabras>"
	"palabra" Noun NC Plural lang:es 00:00:07 00:00:13 tt-3232 AF106_1991_GV_SU2012_AW_07 
"<mexicanas>"
	"mexicano" Adjective ADJ Plural lang:es 00:00:07 00:00:13 tt-3233 AF106_1991_GV_SU2012_AW_07 
"<,>"
	"," Punctuation CM lang:es 00:00:07 00:00:13 tt-3234 AF106_1991_GV_SU2012_AW_07 
"<especialmente>"
	"especialmente" Adverb ADV lang:es 00:00:07 00:00:13 tt-3235 AF106_1991_GV_SU2012_AW_07 
"<modismos>"
	"UNK" Verb VLfin Error1 lang:es 00:00:07 00:00:13 tt-3236 AF106_1991_GV_SU2012_AW_07 
"<,>"
	"," Punctuation CM lang:es 00:00:07 00:00:13 tt-3237 AF106_1991_GV_SU2012_AW_07 
"<de>"
	"de" Preposition PREP lang:es 00:00:13 00:00:18 tt-3238 AF106_1991_GV_SU2012_AW_07 @Gram:Prep ADD:624 
"<la>"
	"el" Determiner ART Singular Fem lang:es 00:00:13 00:00:18 tt-3239 AF106_1991_GV_SU2012_AW_07 @Gram:Det:Art ADD:426 
"<ciudad>"
	"ciudad" Noun NC Singular lang:es 00:00:13 00:00:18 tt-3240 AF106_1991_GV_SU2012_AW_07 
"<por>"
	"por" Preposition PREP lang:es 00:00:13 00:00:18 tt-3241 AF106_1991_GV_SU2012_AW_07 @Gram:Prep:Por SUBSTITUTE:269 SUBSTITUTE:270 ADD:618 
"<mi>"
	"mío" Pronoun PPO Singular lang:es 00:00:13 00:00:18 tt-3242 AF106_1991_GV_SU2012_AW_07 @Gram:Det:Pos ADD:456 
"<mamá>"
	"mamá" Noun NC Singular lang:es 00:00:13 00:00:18 tt-3243 AF106_1991_GV_SU2012_AW_07 
"<que>"
	"que" Conjunction CQUE lang:es 00:00:13 00:00:18 tt-3244 AF106_1991_GV_SU2012_AW_07 
"<he>"
	"haber" Verb VHfin Pres Indi Sing 1st lang:es 00:00:13 00:00:18 tt-3245 AF106_1991_GV_SU2012_AW_07 ID:53 R:Gram:Aux:Haber:54 R:Gram:PerfPerif:54 ADDRELATION():705 
"<aprendido>"
	"aprender" Verb VLadj lang:es 00:00:13 00:00:18 tt-3246 AF106_1991_GV_SU2012_AW_07 ID:54 
"<$.>"
	"." Punctuation FS lang:es 00:00:13 00:00:18 tt-3247 AF106_1991_GV_SU2012_AW_07 

"<Que>"
	"que" Conjunction CQUE lang:es 00:00:13 00:00:18 tt-3248 AF106_1991_GV_SU2012_AW_07 
"<ellos>"
	"él" Pronoun PPX Plural lang:es 00:00:13 00:00:18 tt-3249 AF106_1991_GV_SU2012_AW_07 @Gram:Pron:Sujeto ADD:634 
"<no>"
	"no" Adverb NEG lang:es 00:00:13 00:00:18 tt-3250 AF106_1991_GV_SU2012_AW_07 
"<me>"
	"yo" Pronoun PPX Singular lang:es 00:00:13 00:00:18 tt-3251 AF106_1991_GV_SU2012_AW_07 @Gram:Pron:Objeto ADD:658 
"<entienden>"
	"entender" Verb VLfin Pres Indi Plural 3rd lang:es 00:00:13 00:00:18 tt-3252 AF106_1991_GV_SU2012_AW_07 
"<entonces>"
	"entonces" Adverb ADV lang:es 00:00:13 00:00:18 tt-3253 AF106_1991_GV_SU2012_AW_07 
"<tengo>"
	"tener" Verb VLfin Pres Indi Sing 1st lang:es 00:00:13 00:00:18 tt-3254 AF106_1991_GV_SU2012_AW_07 
"<que>"
	"que" Conjunction CQUE lang:es 00:00:13 00:00:18 tt-3255 AF106_1991_GV_SU2012_AW_07 
"<...>"
	"..." Punctuation DOTS lang:es 00:00:13 00:00:18 tt-3256 AF106_1991_GV_SU2012_AW_07 
"<he>"
	"haber" Verb VHfin Pres Indi Sing 1st lang:es 00:00:18 00:00:21 tt-3257 AF106_1991_GV_SU2012_AW_07 ID:65 R:Gram:Aux:Haber:66 R:Gram:PerfPerif:66 ADDRELATION():705 
"<tenido>"
	"tener" Verb VLadj lang:es 00:00:18 00:00:21 tt-3258 AF106_1991_GV_SU2012_AW_07 ID:66 
"<que>"
	"que" Conjunction CQUE lang:es 00:00:18 00:00:21 tt-3259 AF106_1991_GV_SU2012_AW_07 
"<aprender>"
	"aprender" Verb VLinf Infinitive lang:es 00:00:18 00:00:21 tt-3260 AF106_1991_GV_SU2012_AW_07 SUBSTITUTE:329 
"<su>"
	"suyo" Pronoun PPO Singular lang:es 00:00:18 00:00:21 tt-3261 AF106_1991_GV_SU2012_AW_07 
"<...>"
	"..." Punctuation DOTS lang:es 00:00:18 00:00:21 tt-3262 AF106_1991_GV_SU2012_AW_07 
"<sus>"
	"suyo" Pronoun PPO Plural lang:es 00:00:18 00:00:21 tt-3263 AF106_1991_GV_SU2012_AW_07 @Gram:Det:Pos ADD:457 
"<modismos>"
	"UNK" Noun NC Plural lang:es 00:00:18 00:00:21 tt-3264 AF106_1991_GV_SU2012_AW_07 
"<también>"
	"también" Adverb ADV lang:es 00:00:18 00:00:21 tt-3265 AF106_1991_GV_SU2012_AW_07 @Prag:MarcadoresDisc:Igualdad ADD:1130 
"<$.>"
	"." Punctuation FS lang:es 00:00:18 00:00:21 tt-3266 AF106_1991_GV_SU2012_AW_07 
</speaker>
<speaker type="int">

"<$¿>"
	"¿" Punctuation FS lang:es 00:00:21 00:00:28 tt-3267 AF106_1991_GV_SU2012_AW_07 
"<Y>"
	"y" Conjunciton Conjunction CC lang:es 00:00:21 00:00:28 tt-3268 AF106_1991_GV_SU2012_AW_07 SUBSTITUTE:394 
"<hay>"
	"haber" Verb VHfin Pres Indi Sing 3rd lang:es 00:00:21 00:00:28 tt-3269 AF106_1991_GV_SU2012_AW_07 @Gram:Haber:Exist ADD:829 
"<palabras>"
	"palabra" Noun NC Plural lang:es 00:00:21 00:00:28 tt-3270 AF106_1991_GV_SU2012_AW_07 
"<o>"
	"o" Conjunciton Conjunction CC lang:es 00:00:21 00:00:28 tt-3271 AF106_1991_GV_SU2012_AW_07 SUBSTITUTE:396 
"<expresiones>"
	"expresión" Noun NC Plural lang:es 00:00:21 00:00:28 tt-3272 AF106_1991_GV_SU2012_AW_07 
"<que>"
	"que" Conjunction CQUE lang:es 00:00:21 00:00:28 tt-3273 AF106_1991_GV_SU2012_AW_07 
"<solo>"
	"solo" Adverb ADV lang:es 00:00:21 00:00:28 tt-3274 AF106_1991_GV_SU2012_AW_07 
"<se>"
	"se" Other SE lang:es 00:00:21 00:00:28 tt-3275 AF106_1991_GV_SU2012_AW_07 
"<usan>"
	"usar" Verb VLfin Pres Indi Plural 3rd lang:es 00:00:21 00:00:28 tt-3276 AF106_1991_GV_SU2012_AW_07 
"<...>"
	"..." Punctuation DOTS lang:es 00:00:21 00:00:28 tt-3277 AF106_1991_GV_SU2012_AW_07 
"<que>"
	"que" Conjunction CQUE lang:es 00:00:21 00:00:28 tt-3278 AF106_1991_GV_SU2012_AW_07 
"<solo>"
	"solo" Adverb ADV lang:es 00:00:21 00:00:28 tt-3279 AF106_1991_GV_SU2012_AW_07 
"<tú>"
	"tú" Pronoun PPX Singular lang:es 00:00:21 00:00:28 tt-3280 AF106_1991_GV_SU2012_AW_07 @Gram:Pron:Sujeto ADD:634 
"<usas>"
	"usar" Verb VLfin Pres Indi Sing 2nd lang:es 00:00:21 00:00:28 tt-3281 AF106_1991_GV_SU2012_AW_07 
"<en>"
	"en" Preposition PREP lang:es 00:00:21 00:00:28 tt-3282 AF106_1991_GV_SU2012_AW_07 @Gram:Prep ADD:624 
"<inglés>"
	"inglés" Noun NC Plural lang:es 00:00:21 00:00:28 tt-3283 AF106_1991_GV_SU2012_AW_07 
"<o>"
	"o" Conjunciton Conjunction CC lang:es 00:00:21 00:00:28 tt-3284 AF106_1991_GV_SU2012_AW_07 SUBSTITUTE:396 
"<en>"
	"en" Preposition PREP lang:es 00:00:29 00:00:30 tt-3285 AF106_1991_GV_SU2012_AW_07 @Gram:Prep ADD:624 
"<español>"
	"español" Noun NC Singular lang:es 00:00:29 00:00:30 tt-3286 AF106_1991_GV_SU2012_AW_07 
"<$?>"
	"?" Punctuation FS lang:es 00:00:29 00:00:30 tt-3287 AF106_1991_GV_SU2012_AW_07 
</speaker>
<speaker type="subj">

"<Sí>"
	"sí" Adverb ADV lang:es 00:00:30 00:00:35 tt-3288 AF106_1991_GV_SU2012_AW_07 
"<,>"
	"," Punctuation CM lang:es 00:00:30 00:00:35 tt-3289 AF106_1991_GV_SU2012_AW_07 
"<pero>"
	"pero" Conjunction CCAD lang:es 00:00:30 00:00:35 tt-3290 AF106_1991_GV_SU2012_AW_07 @Prag:MarcadoresDisc:Revision ADD:1046 
"<es>"
	"ser" Verb VSfin Pres Indi Sing 3rd lang:es 00:00:30 00:00:35 tt-3291 AF106_1991_GV_SU2012_AW_07 @Gram:SerEstar:Ser ADD:813 
"<de>"
	"de" Preposition PREP lang:es 00:00:30 00:00:35 tt-3292 AF106_1991_GV_SU2012_AW_07 @Gram:Prep ADD:624 
"<casa>"
	"casa" Noun NC Singular lang:es 00:00:30 00:00:35 tt-3293 AF106_1991_GV_SU2012_AW_07 
"<que>"
	"que" Conjunction CQUE lang:es 00:00:30 00:00:35 tt-3294 AF106_1991_GV_SU2012_AW_07 
"<mis>"
	"mío" Pronoun PPO Plural Verb VLfin Error1 lang:es 00:00:30 00:00:35 tt-3295 AF106_1991_GV_SU2012_AW_07 @Gram:Det:Pos SUBSTITUTE:318 ADD:457 
"<papás>"
	"papá" Noun NC Plural lang:es 00:00:30 00:00:35 tt-3296 AF106_1991_GV_SU2012_AW_07 
"<me>"
	"yo" Pronoun PPX Singular lang:es 00:00:30 00:00:35 tt-3297 AF106_1991_GV_SU2012_AW_07 @Gram:Pron:Objeto ADD:658 
"<entienden>"
	"entender" Verb VLfin Pres Indi Plural 3rd lang:es 00:00:30 00:00:35 tt-3298 AF106_1991_GV_SU2012_AW_07 
"<,>"
	"," Punctuation CM lang:es 00:00:30 00:00:35 tt-3299 AF106_1991_GV_SU2012_AW_07 
"<mis>"
	"mío" Pronoun PPO Plural lang:es 00:00:30 00:00:35 tt-3300 AF106_1991_GV_SU2012_AW_07 SUBSTITUTE:318 
"<primos>"
	"primo" Adjective ADJ Plural lang:es 00:00:30 00:00:35 tt-3301 AF106_1991_GV_SU2012_AW_07 
"<me>"
	"yo" Pronoun PPX Singular lang:es 00:00:30 00:00:35 tt-3302 AF106_1991_GV_SU2012_AW_07 @Gram:Pron:Objeto ADD:658 
"<entienden>"
	"entender" Verb VLfin Pres Indi Plural 3rd lang:es 00:00:30 00:00:35 tt-3303 AF106_1991_GV_SU2012_AW_07 
"<,>"
	"," Punctuation CM lang:es 00:00:30 00:00:35 tt-3304 AF106_1991_GV_SU2012_AW_07 
"<pero>"
	"pero" Conjunction CCAD lang:es 00:00:30 00:00:35 tt-3305 AF106_1991_GV_SU2012_AW_07 @Prag:MarcadoresDisc:Revision ADD:1046 
"<nadie>"
	"nadie" Noun NC Singular lang:es 00:00:35 00:00:36 tt-3306 AF106_1991_GV_SU2012_AW_07 
"<más>"
	"más" Adverb ADV lang:es 00:00:35 00:00:36 tt-3307 AF106_1991_GV_SU2012_AW_07 
"<$.>"
	"." Punctuation FS lang:es 00:00:35 00:00:36 tt-3308 AF106_1991_GV_SU2012_AW_07 
</speaker>
<speaker type="int">

"<$¿>"
	"¿" Punctuation FS lang:es 00:00:36 00:00:38 tt-3309 AF106_1991_GV_SU2012_AW_07 
"<Y>"
	"y" Conjunciton Conjunction CC lang:es 00:00:36 00:00:38 tt-3310 AF106_1991_GV_SU2012_AW_07 SUBSTITUTE:394 
"<tienes>"
	"tener" Verb VLfin Pres Indi Sing 2nd lang:es 00:00:36 00:00:38 tt-3311 AF106_1991_GV_SU2012_AW_07 
"<unos>"
	"un" Determiner ART Plural lang:es 00:00:36 00:00:38 tt-3312 AF106_1991_GV_SU2012_AW_07 
"<ejemplos>"
	"ejemplo" Noun NC Plural lang:es 00:00:36 00:00:38 tt-3313 AF106_1991_GV_SU2012_AW_07 
"<$?>"
	"?" Punctuation FS lang:es 00:00:36 00:00:38 tt-3314 AF106_1991_GV_SU2012_AW_07 
</speaker>
<speaker type="subj">

"<Este>"
	"este" Determiner DM Singular lang:es 00:00:38 00:00:45 tt-3315 AF106_1991_GV_SU2012_AW_07 @Prag:RecuDiscurso:GanarTiempo ADD:1169 
"<,>"
	"," Punctuation CM lang:es 00:00:38 00:00:45 tt-3316 AF106_1991_GV_SU2012_AW_07 
"<cocay>"
	"UNK" Noun NC Singular lang:es 00:00:38 00:00:45 tt-3317 AF106_1991_GV_SU2012_AW_07 
"<,>"
	"," Punctuation CM lang:es 00:00:38 00:00:45 tt-3318 AF106_1991_GV_SU2012_AW_07 
"<por>"
	"por" Preposition PREP lang:es 00:00:38 00:00:45 tt-3319 AF106_1991_GV_SU2012_AW_07 @Gram:Prep:Por ID:127 R:Prag:MarcadoresDisc:Igualdad:128 SUBSTITUTE:269 SUBSTITUTE:270 ADD:605 ADDRELATION(Prag:MarcadoresDisc:Igualdad):1136 
"<ejemplo>"
	"ejemplo" Adverb ADV lang:es 00:00:38 00:00:45 tt-3320 AF106_1991_GV_SU2012_AW_07 ID:128 
"<$.>"
	"." Punctuation FS lang:es 00:00:38 00:00:45 tt-3321 AF106_1991_GV_SU2012_AW_07 

"<Mi>"
	"mío" Pronoun PPO Singular lang:es 00:00:38 00:00:45 tt-3322 AF106_1991_GV_SU2012_AW_07 @Gram:Det:Pos ADD:456 
"<primo>"
	"primo" Noun NC Singular lang:es 00:00:38 00:00:45 tt-3323 AF106_1991_GV_SU2012_AW_07 
"<Ricardito>"
	"Ricardo" Noun NP Singular lang:es 00:00:38 00:00:45 tt-3324 AF106_1991_GV_SU2012_AW_07 
"<de>"
	"de" Preposition PREP lang:es 00:00:38 00:00:45 tt-3325 AF106_1991_GV_SU2012_AW_07 @Gram:Prep ADD:624 
"<chiquito>"
	"chico" Noun NC Singular lang:es 00:00:38 00:00:45 tt-3326 AF106_1991_GV_SU2012_AW_07 
"<no>"
	"no" Adverb NEG lang:es 00:00:38 00:00:45 tt-3327 AF106_1991_GV_SU2012_AW_07 
"<podía>"
	"poder" Verb VLfin Imp Indi Sing 1st_or_3rd lang:es 00:00:38 00:00:45 tt-3328 AF106_1991_GV_SU2012_AW_07 @Gram:Imperf ADD:689 
"<decir>"
	"decir" Verb VLinf Infinitive lang:es 00:00:38 00:00:45 tt-3329 AF106_1991_GV_SU2012_AW_07 SUBSTITUTE:329 
"<pez>"
	"pez" Noun NC Singular lang:es 00:00:38 00:00:45 tt-3330 AF106_1991_GV_SU2012_AW_07 
"<o>"
	"o" Conjunciton Conjunction CC lang:es 00:00:46 00:00:51 tt-3331 AF106_1991_GV_SU2012_AW_07 SUBSTITUTE:396 
"<pescado>"
	"pescado" Noun NC Singular lang:es 00:00:46 00:00:51 tt-3332 AF106_1991_GV_SU2012_AW_07 
"<$.>"
	"." Punctuation FS lang:es 00:00:46 00:00:51 tt-3333 AF106_1991_GV_SU2012_AW_07 

"<Decía>"
	"decir" Verb VLfin Imp Indi Sing 1st_or_3rd lang:es 00:00:46 00:00:51 tt-3334 AF106_1991_GV_SU2012_AW_07 @Gram:Imperf ADD:689 
"<,>"
	"," Punctuation CM lang:es 00:00:46 00:00:51 tt-3335 AF106_1991_GV_SU2012_AW_07 
"<pues>"
	"pues" Conjunction CSUBF lang:es 00:00:46 00:00:51 tt-3336 AF106_1991_GV_SU2012_AW_07 
"<cocay>"
	"UNK" Noun NC Singular lang:es 00:00:46 00:00:51 tt-3337 AF106_1991_GV_SU2012_AW_07 
"<$.>"
	"." Punctuation FS lang:es 00:00:46 00:00:51 tt-3338 AF106_1991_GV_SU2012_AW_07 

"<Entonces>"
	"entonces" Adverb ADV lang:es 00:00:46 00:00:51 tt-3339 AF106_1991_GV_SU2012_AW_07 
"<quedó>"
	"quedar" Verb VLfin Pret Indi Sing 3rd lang:es 00:00:46 00:00:51 tt-3340 AF106_1991_GV_SU2012_AW_07 @Gram:Indefinido ADD:698 
"<cocay>"
	"UNK" Noun NC Singular lang:es 00:00:46 00:00:51 tt-3341 AF106_1991_GV_SU2012_AW_07 
"<$.>"
	"." Punctuation FS lang:es 00:00:46 00:00:51 tt-3342 AF106_1991_GV_SU2012_AW_07 

"<O>"
	"o" Conjunciton Conjunction CC lang:es 00:00:46 00:00:51 tt-3343 AF106_1991_GV_SU2012_AW_07 SUBSTITUTE:396 
"<que>"
	"que" Conjunction CQUE lang:es 00:00:46 00:00:51 tt-3344 AF106_1991_GV_SU2012_AW_07 
"<cuando>"
	"cuando" Conjunction CSUBX lang:es 00:00:46 00:00:51 tt-3345 AF106_1991_GV_SU2012_AW_07 
"<tenemos>"
	"tener" Verb VLfin Pres Indi Plural 1st lang:es 00:00:46 00:00:51 tt-3346 AF106_1991_GV_SU2012_AW_07 
"<hambre>"
	"hambre" Noun NC Singular lang:es 00:00:46 00:00:51 tt-3347 AF106_1991_GV_SU2012_AW_07 
"<le>"
	"él" Pronoun PPC Singular lang:es 00:00:46 00:00:51 tt-3348 AF106_1991_GV_SU2012_AW_07 @Gram:Pron:Objeto ADD:664 
"<hacemos>"
	"hacer" Verb VLfin Pres Indi Plural 1st lang:es 00:00:46 00:00:51 tt-3349 AF106_1991_GV_SU2012_AW_07 
"<woo>"
	"UNK" Noun NC Singular lang:es 00:00:51 00:00:55 tt-3350 AF106_1991_GV_SU2012_AW_07 
"<,>"
	"," Punctuation CM lang:es 00:00:51 00:00:55 tt-3351 AF106_1991_GV_SU2012_AW_07 
"<woo>"
	"UNK" Noun NC Singular lang:es 00:00:51 00:00:55 tt-3352 AF106_1991_GV_SU2012_AW_07 
"<,>"
	"," Punctuation CM lang:es 00:00:51 00:00:55 tt-3353 AF106_1991_GV_SU2012_AW_07 
"<woo>"
	"UNK" Noun NC Singular lang:es 00:00:51 00:00:55 tt-3354 AF106_1991_GV_SU2012_AW_07 
"<,>"
	"," Punctuation CM lang:es 00:00:51 00:00:55 tt-3355 AF106_1991_GV_SU2012_AW_07 
"<woo>"
	"UNK" Noun NC Singular lang:es 00:00:51 00:00:55 tt-3356 AF106_1991_GV_SU2012_AW_07 
"<$.>"
	"." Punctuation FS lang:es 00:00:51 00:00:55 tt-3357 AF106_1991_GV_SU2012_AW_07 

"<Porque>"
	"porque" Conjunction CSUBX lang:es 00:00:51 00:00:55 tt-3358 AF106_1991_GV_SU2012_AW_07 @Prag:MarcadoresDisc:Causa ADD:1099 
"<el>"
	"el" Determiner ART Singular Masc lang:es 00:00:51 00:00:55 tt-3359 AF106_1991_GV_SU2012_AW_07 @Gram:Det:Art ADD:426 
"<primo>"
	"primo" Noun NC Singular lang:es 00:00:51 00:00:55 tt-3360 AF106_1991_GV_SU2012_AW_07 
"<más>"
	"más" Adverb ADV lang:es 00:00:51 00:00:55 tt-3361 AF106_1991_GV_SU2012_AW_07 
"<chiquito>"
	"chico" Adjective ADJ Singular lang:es 00:00:51 00:00:55 tt-3362 AF106_1991_GV_SU2012_AW_07 
"<cuando>"
	"cuando" Conjunction CSUBX lang:es 00:00:51 00:00:55 tt-3363 AF106_1991_GV_SU2012_AW_07 
"<tenía>"
	"tener" Verb VLfin Imp Indi Sing 1st_or_3rd lang:es 00:00:51 00:00:55 tt-3364 AF106_1991_GV_SU2012_AW_07 @Gram:Imperf ADD:689 
"<hambre>"
	"hambre" Noun NC Singular lang:es 00:00:51 00:00:55 tt-3365 AF106_1991_GV_SU2012_AW_07 
"<así>"
	"así" Adverb ADV lang:es 00:00:51 00:00:55 tt-3366 AF106_1991_GV_SU2012_AW_07 
"<le>"
	"él" Pronoun PPC Singular lang:es 00:00:51 00:00:55 tt-3367 AF106_1991_GV_SU2012_AW_07 @Gram:Pron:Objeto ADD:664 
"<hacía>"
	"hacer" Verb VLfin Imp Indi Sing 1st_or_3rd lang:es 00:00:51 00:00:55 tt-3368 AF106_1991_GV_SU2012_AW_07 @Gram:Imperf ADD:689 
"<$.>"
	"." Punctuation FS lang:es 00:00:51 00:00:55 tt-3369 AF106_1991_GV_SU2012_AW_07 

"<Entonces>"
	"entonces" Adverb ADV lang:es 00:00:55 00:01:02 tt-3370 AF106_1991_GV_SU2012_AW_07 
"<así>"
	"así" Conjunction CSUBX lang:es 00:00:55 00:01:02 tt-3371 AF106_1991_GV_SU2012_AW_07 
"<le>"
	"él" Pronoun PPC Singular lang:es 00:00:55 00:01:02 tt-3372 AF106_1991_GV_SU2012_AW_07 @Gram:Pron:Objeto ADD:664 
"<hacemos>"
	"hacer" Verb VLfin Pres Indi Plural 1st lang:es 00:00:55 00:01:02 tt-3373 AF106_1991_GV_SU2012_AW_07 
"<$.>"
	"." Punctuation FS lang:es 00:00:55 00:01:02 tt-3374 AF106_1991_GV_SU2012_AW_07 

"<Este>"
	"este" Determiner DM Singular lang:es 00:00:55 00:01:02 tt-3375 AF106_1991_GV_SU2012_AW_07 @Prag:RecuDiscurso:GanarTiempo ADD:1169 
"<,>"
	"," Punctuation CM lang:es 00:00:55 00:01:02 tt-3376 AF106_1991_GV_SU2012_AW_07 
"<el>"
	"el" Determiner ART Singular Masc lang:es 00:00:55 00:01:02 tt-3377 AF106_1991_GV_SU2012_AW_07 @Gram:Det:Art ADD:426 
"<cocay>"
	"UNK" Noun NC Singular lang:es 00:00:55 00:01:02 tt-3378 AF106_1991_GV_SU2012_AW_07 
"<se>"
	"se" Other SE lang:es 00:00:55 00:01:02 tt-3379 AF106_1991_GV_SU2012_AW_07 @Gram:Pron:Otros ADD:677 
"<me>"
	"yo" Pronoun PPX Singular lang:es 00:00:55 00:01:02 tt-3380 AF106_1991_GV_SU2012_AW_07 @Gram:Pron:Objeto ADD:658 
"<ocurre>"
	"ocurrir" Verb VLfin Pres Indi Sing 3rd lang:es 00:00:55 00:01:02 tt-3381 AF106_1991_GV_SU2012_AW_07 
"<ahorita>"
	"ahora" Adverb ADV lang:es 00:00:55 00:01:02 tt-3382 AF106_1991_GV_SU2012_AW_07 
"<$.>"
	"." Punctuation FS lang:es 00:00:55 00:01:02 tt-3383 AF106_1991_GV_SU2012_AW_07 
</speaker>
</text>

