<text id="AM001_1925_EP_SU2011_AD_05">
<speaker type="subj">
"<otro>"
	"otro" Determiner QU lang:es 00:00:00 00:00:04 tt-1214 AM001_1925_EP_SU2011_AD_05 
"<hacía>"
	"hacer" Verb VLfin Imp Indi Sing 1st_or_3rd lang:es 00:00:00 00:00:04 tt-1215 AM001_1925_EP_SU2011_AD_05 @Gram:Imperf 
"<mandados>"
	"mandar" Verb VLadj lang:es 00:00:00 00:00:04 tt-1216 AM001_1925_EP_SU2011_AD_05 
"<a>"
	"a" Preposition PREP lang:es 00:00:00 00:00:04 tt-1217 AM001_1925_EP_SU2011_AD_05 @Gram:Prep 
"<la>"
	"el" Determiner ART Singular Fem lang:es 00:00:00 00:00:04 tt-1218 AM001_1925_EP_SU2011_AD_05 @Gram:Det:Art 
"<gente>"
	"gente" Noun NC Singular lang:es 00:00:00 00:00:04 tt-1219 AM001_1925_EP_SU2011_AD_05 
"<rica>"
	"rico" Adjective ADJ Singular lang:es 00:00:00 00:00:04 tt-1220 AM001_1925_EP_SU2011_AD_05 
"<que>"
	"que" Conjunction CQUE lang:es 00:00:00 00:00:04 tt-1221 AM001_1925_EP_SU2011_AD_05 
"<vivía>"
	"vivir" Verb VLfin Imp Indi Sing 1st_or_3rd lang:es 00:00:00 00:00:04 tt-1222 AM001_1925_EP_SU2011_AD_05 @Gram:Imperf 
"<allí>"
	"allí" Adverb ADV lang:es 00:00:00 00:00:04 tt-1223 AM001_1925_EP_SU2011_AD_05 
"<,>"
	"," Punctuation CM lang:es 00:00:00 00:00:04 tt-1224 AM001_1925_EP_SU2011_AD_05 
"<había>"
	"haber" Verb VHfin Imp Indi Sing 1st_or_3rd lang:es 00:00:00 00:00:04 tt-1225 AM001_1925_EP_SU2011_AD_05 @Gram:Haber:Exist 
"<gente>"
	"gente" Noun NC Singular lang:es 00:00:00 00:00:04 tt-1226 AM001_1925_EP_SU2011_AD_05 
"<muy>"
	"muy" Adverb ADV lang:es 00:00:00 00:00:04 tt-1227 AM001_1925_EP_SU2011_AD_05 
"<rica>"
	"rico" Adjective ADJ Singular lang:es 00:00:00 00:00:04 tt-1228 AM001_1925_EP_SU2011_AD_05 
"<allí>"
	"allí" Adverb ADV lang:es 00:00:00 00:00:04 tt-1229 AM001_1925_EP_SU2011_AD_05 
"<,>"
	"," Punctuation CM lang:es 00:00:00 00:00:04 tt-1230 AM001_1925_EP_SU2011_AD_05 
"<en>"
	"en" Preposition PREP lang:es 00:00:00 00:00:04 tt-1231 AM001_1925_EP_SU2011_AD_05 @Gram:Prep 
"<la>"
	"el" Determiner ART Singular Fem lang:es 00:00:00 00:00:04 tt-1232 AM001_1925_EP_SU2011_AD_05 @Gram:Det:Art 
"<calle>"
	"calle" Noun NC Singular lang:es 00:00:04 00:00:11 tt-1233 AM001_1925_EP_SU2011_AD_05 
"<esa>"
	"ese" Determiner DM Singular lang:es 00:00:04 00:00:11 tt-1234 AM001_1925_EP_SU2011_AD_05 
"<$.>"
	"." Punctuation FS lang:es 00:00:04 00:00:11 tt-1235 AM001_1925_EP_SU2011_AD_05 

"<Y>"
	"y" Conjunciton Conjunction CC lang:es 00:00:04 00:00:11 tt-1236 AM001_1925_EP_SU2011_AD_05 
"<yo>"
	"yo" Pronoun PPX Singular lang:es 00:00:04 00:00:11 tt-1237 AM001_1925_EP_SU2011_AD_05 @Gram:Pron:Sujeto 
"<,>"
	"," Punctuation CM lang:es 00:00:04 00:00:11 tt-1238 AM001_1925_EP_SU2011_AD_05 
"<que>"
	"que" Conjunction CQUE lang:es 00:00:04 00:00:11 tt-1239 AM001_1925_EP_SU2011_AD_05 
"<era>"
	"ser" Verb VEfin Imp Indi Sing 1st_or_3rd lang:es 00:00:04 00:00:11 tt-1240 AM001_1925_EP_SU2011_AD_05 @Gram:Imperf @Gram:SerEstar:Ser 
"<el>"
	"el" Determiner ART Singular Masc lang:es 00:00:04 00:00:11 tt-1241 AM001_1925_EP_SU2011_AD_05 @Gram:Det:Art 
"<más>"
	"más" Adverb ADV lang:es 00:00:04 00:00:11 tt-1242 AM001_1925_EP_SU2011_AD_05 
"<chico>"
	"chico" Adjective ADJ Singular lang:es 00:00:04 00:00:11 tt-1243 AM001_1925_EP_SU2011_AD_05 
"<iba>"
	"ir" Verb VLfin Imp Indi Sing 1st_or_3rd lang:es 00:00:04 00:00:11 tt-1244 AM001_1925_EP_SU2011_AD_05 @Gram:Imperf ID:31 R:Gram:VFut:Perifrasis:33 
"<a>"
	"a" Preposition PREP lang:es 00:00:04 00:00:11 tt-1245 AM001_1925_EP_SU2011_AD_05 @Gram:Prep 
"<dar>"
	"dar" Verb VLinf Infinitive lang:es 00:00:04 00:00:11 tt-1246 AM001_1925_EP_SU2011_AD_05 ID:33 
<lang code="en">
"<shine>"
	"shine" Noun NN lang:en 00:00:04 00:00:11 tt-1247 AM001_1925_EP_SU2011_AD_05 
</lang>
"<,>"
	"," Punctuation CM lang:es 00:00:04 00:00:11 tt-1248 AM001_1925_EP_SU2011_AD_05 
"<a>"
	"a" Preposition PREP lang:es 00:00:04 00:00:11 tt-1249 AM001_1925_EP_SU2011_AD_05 @Gram:Prep ID:36 R:Prag:MarcadoresDisc:Probabilidad:38 
"<lo>"
	"el" Determiner ART Singular lang:es 00:00:04 00:00:11 tt-1250 AM001_1925_EP_SU2011_AD_05 
"<mejor>"
	"bueno" Adjective ADJ Singular lang:es 00:00:04 00:00:11 tt-1251 AM001_1925_EP_SU2011_AD_05 ID:38 
"<tenía>"
	"tener" Verb VLfin Imp Indi Sing 1st_or_3rd lang:es 00:00:04 00:00:11 tt-1252 AM001_1925_EP_SU2011_AD_05 @Gram:Imperf 
"<como>"
	"como" Adverb ADV lang:es 00:00:04 00:00:11 tt-1253 AM001_1925_EP_SU2011_AD_05 
"<siete>"
	"siete" Determiner CARD Singular lang:es 00:00:04 00:00:11 tt-1254 AM001_1925_EP_SU2011_AD_05 
"<años>"
	"año" Noun NC Plural lang:es 00:00:04 00:00:11 tt-1255 AM001_1925_EP_SU2011_AD_05 
"<,>"
	"," Punctuation CM lang:es 00:00:04 00:00:11 tt-1256 AM001_1925_EP_SU2011_AD_05 
"<ocho>"
	"ocho" Determiner CARD Singular lang:es 00:00:12 00:00:19 tt-1257 AM001_1925_EP_SU2011_AD_05 
"<$.>"
	"." Punctuation FS lang:es 00:00:12 00:00:19 tt-1258 AM001_1925_EP_SU2011_AD_05 

"<Iba>"
	"ir" Verb VLfin Imp Indi Sing 1st_or_3rd lang:es 00:00:12 00:00:19 tt-1259 AM001_1925_EP_SU2011_AD_05 @Gram:Imperf 
"<a>"
	"a" Preposition PREP lang:es 00:00:12 00:00:19 tt-1260 AM001_1925_EP_SU2011_AD_05 @Gram:Prep 
"<shiny>"
	"UNK" Noun NC Singular lang:es 00:00:12 00:00:19 tt-1261 AM001_1925_EP_SU2011_AD_05 
<lang code="en">
"<shoes>"
	"shoe" Noun NNS lang:en 00:00:12 00:00:19 tt-1262 AM001_1925_EP_SU2011_AD_05 
</lang>
"<y>"
	"y" Conjunciton Conjunction CC lang:es 00:00:12 00:00:19 tt-1263 AM001_1925_EP_SU2011_AD_05 
"<también>"
	"también" Adverb ADV lang:es 00:00:12 00:00:19 tt-1264 AM001_1925_EP_SU2011_AD_05 @Prag:MarcadoresDisc:Igualdad 
"<me>"
	"yo" Pronoun PPX Singular lang:es 00:00:12 00:00:19 tt-1265 AM001_1925_EP_SU2011_AD_05 @Gram:Pron:Objeto 
"<traía>"
	"traer" Verb VLfin Imp Indi Sing 1st_or_3rd lang:es 00:00:12 00:00:19 tt-1266 AM001_1925_EP_SU2011_AD_05 @Gram:Imperf 
"<mis>"
	"mío" Pronoun PPO Plural lang:es 00:00:12 00:00:19 tt-1267 AM001_1925_EP_SU2011_AD_05 
"<centavitos>"
	"UNK" Adjective ADJ Plural lang:es 00:00:12 00:00:19 tt-1268 AM001_1925_EP_SU2011_AD_05 
"<,>"
	"," Punctuation CM lang:es 00:00:12 00:00:19 tt-1269 AM001_1925_EP_SU2011_AD_05 
"<veinte>"
	"veinte" Determiner CARD Singular lang:es 00:00:12 00:00:19 tt-1270 AM001_1925_EP_SU2011_AD_05 
"<o>"
	"o" Conjunciton Conjunction CC lang:es 00:00:12 00:00:19 tt-1271 AM001_1925_EP_SU2011_AD_05 
"<treinta>"
	"treinta" Determiner CARD Singular lang:es 00:00:12 00:00:19 tt-1272 AM001_1925_EP_SU2011_AD_05 
"<centavos>"
	"centavo" Noun NC Plural lang:es 00:00:12 00:00:19 tt-1273 AM001_1925_EP_SU2011_AD_05 
"<,>"
	"," Punctuation CM lang:es 00:00:12 00:00:19 tt-1274 AM001_1925_EP_SU2011_AD_05 
"<y>"
	"y" Conjunciton Conjunction CC lang:es 00:00:12 00:00:19 tt-1275 AM001_1925_EP_SU2011_AD_05 
"<todos>"
	"todo" Determiner QU lang:es 00:00:12 00:00:19 tt-1276 AM001_1925_EP_SU2011_AD_05 
"<traíamos>"
	"UNK" Verb VLfin Pres_or_Pret Indi Plural 1st lang:es 00:00:20 00:00:27 tt-1277 AM001_1925_EP_SU2011_AD_05 
"<poquito>"
	"poco" Adverb ADV lang:es 00:00:20 00:00:27 tt-1278 AM001_1925_EP_SU2011_AD_05 
"<a>"
	"a" Preposition PREP lang:es 00:00:20 00:00:27 tt-1279 AM001_1925_EP_SU2011_AD_05 @Gram:Prep 
"<la>"
	"el" Determiner ART Singular Fem lang:es 00:00:20 00:00:27 tt-1280 AM001_1925_EP_SU2011_AD_05 @Gram:Det:Art 
"<casa>"
	"casa" Noun NC Singular lang:es 00:00:20 00:00:27 tt-1281 AM001_1925_EP_SU2011_AD_05 
"<,>"
	"," Punctuation CM lang:es 00:00:20 00:00:27 tt-1282 AM001_1925_EP_SU2011_AD_05 
"<en>"
	"en" Preposition PREP lang:es 00:00:20 00:00:27 tt-1283 AM001_1925_EP_SU2011_AD_05 @Gram:Prep 
"<esos>"
	"ese" Determiner DM Plural lang:es 00:00:20 00:00:27 tt-1284 AM001_1925_EP_SU2011_AD_05 @Gram:Det:Demo 
"<años>"
	"año" Noun NC Plural lang:es 00:00:20 00:00:27 tt-1285 AM001_1925_EP_SU2011_AD_05 
"<$.>"
	"." Punctuation FS lang:es 00:00:20 00:00:27 tt-1286 AM001_1925_EP_SU2011_AD_05 

"<Hasta>"
	"hasta" Preposition PREP lang:es 00:00:20 00:00:27 tt-1287 AM001_1925_EP_SU2011_AD_05 @Gram:Prep 
"<que>"
	"que" Conjunction CQUE lang:es 00:00:20 00:00:27 tt-1288 AM001_1925_EP_SU2011_AD_05 
"<ya>"
	"ya" Adverb ADV lang:es 00:00:20 00:00:27 tt-1289 AM001_1925_EP_SU2011_AD_05 
"<...>"
	"..." Punctuation DOTS lang:es 00:00:20 00:00:27 tt-1290 AM001_1925_EP_SU2011_AD_05 
"<que>"
	"que" Conjunction CQUE lang:es 00:00:20 00:00:27 tt-1291 AM001_1925_EP_SU2011_AD_05 
"<hubo>"
	"haber" Verb VHfin Pret Indi Sing 3rd lang:es 00:00:20 00:00:27 tt-1292 AM001_1925_EP_SU2011_AD_05 @Gram:Haber:Exist 
"<mucha>"
	"mucho" Adjective ADJ Singular lang:es 00:00:20 00:00:27 tt-1293 AM001_1925_EP_SU2011_AD_05 
"<depresión>"
	"depresión" Noun NC Singular lang:es 00:00:20 00:00:27 tt-1294 AM001_1925_EP_SU2011_AD_05 
"<,>"
	"," Punctuation CM lang:es 00:00:20 00:00:27 tt-1295 AM001_1925_EP_SU2011_AD_05 
"<entonces>"
	"entonces" Adverb ADV lang:es 00:00:30 00:00:37 tt-1296 AM001_1925_EP_SU2011_AD_05 
"<sí>"
	"sí" Adverb ADV lang:es 00:00:30 00:00:37 tt-1297 AM001_1925_EP_SU2011_AD_05 
"<tuvimos>"
	"tener" Verb VLfin Pres_or_Pret Indi Plural 1st lang:es 00:00:30 00:00:37 tt-1298 AM001_1925_EP_SU2011_AD_05 
"<que>"
	"que" Conjunction CQUE lang:es 00:00:30 00:00:37 tt-1299 AM001_1925_EP_SU2011_AD_05 
"<irnos>"
	"ir" Verb VLinf Infinitive lang:es 00:00:30 00:00:37 tt-1300 AM001_1925_EP_SU2011_AD_05 
"<$.>"
	"." Punctuation FS lang:es 00:00:30 00:00:37 tt-1301 AM001_1925_EP_SU2011_AD_05 

"<Ninguno>"
	"ninguno" Determiner QU lang:es 00:00:30 00:00:37 tt-1302 AM001_1925_EP_SU2011_AD_05 
"<tomó>"
	"tomar" Verb VLfin Pret Indi Sing 3rd lang:es 00:00:30 00:00:37 tt-1303 AM001_1925_EP_SU2011_AD_05 @Gram:Indefinido 
"<escuela>"
	"escuela" Noun NC Singular lang:es 00:00:30 00:00:37 tt-1304 AM001_1925_EP_SU2011_AD_05 
"<,>"
	"," Punctuation CM lang:es 00:00:30 00:00:37 tt-1305 AM001_1925_EP_SU2011_AD_05 
"<ninguno>"
	"ninguno" Determiner QU lang:es 00:00:30 00:00:37 tt-1306 AM001_1925_EP_SU2011_AD_05 
"<de>"
	"de" Preposition PREP lang:es 00:00:30 00:00:37 tt-1307 AM001_1925_EP_SU2011_AD_05 @Gram:Prep 
"<ellos>"
	"él" Pronoun PPX Plural lang:es 00:00:30 00:00:37 tt-1308 AM001_1925_EP_SU2011_AD_05 @Gram:Pron:Sujeto 
"<ni>"
	"ni" Conjunction CCNEG lang:es 00:00:30 00:00:37 tt-1309 AM001_1925_EP_SU2011_AD_05 
"<yo>"
	"yo" Pronoun PPX Singular lang:es 00:00:30 00:00:37 tt-1310 AM001_1925_EP_SU2011_AD_05 @Gram:Pron:Sujeto 
"<,>"
	"," Punctuation CM lang:es 00:00:30 00:00:37 tt-1311 AM001_1925_EP_SU2011_AD_05 
"<menos>"
	"menos" Adverb ADV lang:es 00:00:30 00:00:37 tt-1312 AM001_1925_EP_SU2011_AD_05 
"<yo>"
	"yo" Pronoun PPX Singular lang:es 00:00:30 00:00:37 tt-1313 AM001_1925_EP_SU2011_AD_05 @Gram:Pron:Sujeto 
"<$.>"
	"." Punctuation FS lang:es 00:00:30 00:00:37 tt-1314 AM001_1925_EP_SU2011_AD_05 

"<Ni>"
	"ni" Conjunction CCNEG lang:es 00:00:38 00:00:45 tt-1315 AM001_1925_EP_SU2011_AD_05 
"<mexicana>"
	"mexicano" Adjective ADJ Singular lang:es 00:00:38 00:00:45 tt-1316 AM001_1925_EP_SU2011_AD_05 
"<,>"
	"," Punctuation CM lang:es 00:00:38 00:00:45 tt-1317 AM001_1925_EP_SU2011_AD_05 
"<ni>"
	"ni" Conjunction CCNEG lang:es 00:00:38 00:00:45 tt-1318 AM001_1925_EP_SU2011_AD_05 
"<en>"
	"en" Preposition PREP lang:es 00:00:38 00:00:45 tt-1319 AM001_1925_EP_SU2011_AD_05 @Gram:Prep 
"<inglés>"
	"inglés" Noun NC Plural lang:es 00:00:38 00:00:45 tt-1320 AM001_1925_EP_SU2011_AD_05 
"<ni>"
	"ni" Conjunction CCNEG lang:es 00:00:38 00:00:45 tt-1321 AM001_1925_EP_SU2011_AD_05 
"<nada>"
	"nada" Determiner QU lang:es 00:00:38 00:00:45 tt-1322 AM001_1925_EP_SU2011_AD_05 @Gram:Det:Pron 
"<$.>"
	"." Punctuation FS lang:es 00:00:38 00:00:45 tt-1323 AM001_1925_EP_SU2011_AD_05 

"<Y>"
	"y" Conjunciton Conjunction CC lang:es 00:00:38 00:00:45 tt-1324 AM001_1925_EP_SU2011_AD_05 
"<todos>"
	"todo" Determiner QU lang:es 00:00:38 00:00:45 tt-1325 AM001_1925_EP_SU2011_AD_05 
"<aprendimos>"
	"aprender" Verb VLfin Pres_or_Pret Indi Plural 1st lang:es 00:00:38 00:00:45 tt-1326 AM001_1925_EP_SU2011_AD_05 
"<a>"
	"a" Preposition PREP lang:es 00:00:38 00:00:45 tt-1327 AM001_1925_EP_SU2011_AD_05 @Gram:Prep 
"<hablar>"
	"hablar" Verb VLinf Infinitive lang:es 00:00:38 00:00:45 tt-1328 AM001_1925_EP_SU2011_AD_05 
"<poco>"
	"pocos" Determiner QU lang:es 00:00:38 00:00:45 tt-1329 AM001_1925_EP_SU2011_AD_05 
"<inglés>"
	"inglés" Noun NC Plural lang:es 00:00:38 00:00:45 tt-1330 AM001_1925_EP_SU2011_AD_05 
"<,>"
	"," Punctuation CM lang:es 00:00:38 00:00:45 tt-1331 AM001_1925_EP_SU2011_AD_05 
"<a>"
	"a" Preposition PREP lang:es 00:00:38 00:00:45 tt-1332 AM001_1925_EP_SU2011_AD_05 @Gram:Prep 
"<leer>"
	"leer" Verb VLinf Infinitive lang:es 00:00:38 00:00:45 tt-1333 AM001_1925_EP_SU2011_AD_05 
"<...>"
	"..." Punctuation DOTS lang:es 00:00:38 00:00:45 tt-1334 AM001_1925_EP_SU2011_AD_05 
"<que>"
	"que" Conjunction CQUE lang:es 00:00:38 00:00:45 tt-1335 AM001_1925_EP_SU2011_AD_05 
"<yo>"
	"yo" Pronoun PPX Singular lang:es 00:00:48 00:00:55 tt-1336 AM001_1925_EP_SU2011_AD_05 @Gram:Pron:Sujeto 
"<fui>"
	"ir|ser" Verb VLfin Pret Indi Sing 1st lang:es 00:00:48 00:00:55 tt-1337 AM001_1925_EP_SU2011_AD_05 @Gram:Indefinido 
"<el>"
	"el" Determiner ART Singular Masc lang:es 00:00:48 00:00:55 tt-1338 AM001_1925_EP_SU2011_AD_05 @Gram:Det:Art 
"<que>"
	"que" Conjunction CQUE lang:es 00:00:48 00:00:55 tt-1339 AM001_1925_EP_SU2011_AD_05 
"<tuvo>"
	"tener" Verb VLfin Pres Indi Sing 1st lang:es 00:00:48 00:00:55 tt-1340 AM001_1925_EP_SU2011_AD_05 
"<más>"
	"más" Adverb ADV lang:es 00:00:48 00:00:55 tt-1341 AM001_1925_EP_SU2011_AD_05 
"<oportunidad>"
	"oportunidad" Noun NC Singular lang:es 00:00:48 00:00:55 tt-1342 AM001_1925_EP_SU2011_AD_05 
"<que>"
	"que" Conjunction CQUE lang:es 00:00:48 00:00:55 tt-1343 AM001_1925_EP_SU2011_AD_05 
"<ellos>"
	"él" Pronoun PPX Plural lang:es 00:00:48 00:00:55 tt-1344 AM001_1925_EP_SU2011_AD_05 @Gram:Pron:Sujeto 
"<$.>"
	"." Punctuation FS lang:es 00:00:48 00:00:55 tt-1345 AM001_1925_EP_SU2011_AD_05 

"<Hubo>"
	"haber" Verb VHfin Pret Indi Sing 3rd lang:es 00:00:48 00:00:55 tt-1346 AM001_1925_EP_SU2011_AD_05 @Gram:Haber:Exist 
"<uno>"
	"uno" Determiner CARD Singular lang:es 00:00:48 00:00:55 tt-1347 AM001_1925_EP_SU2011_AD_05 @Gram:Det:CuantIndef 
"<de>"
	"de" Preposition PREP lang:es 00:00:48 00:00:55 tt-1348 AM001_1925_EP_SU2011_AD_05 @Gram:Prep 
"<mis>"
	"mío" Pronoun PPO Plural lang:es 00:00:48 00:00:55 tt-1349 AM001_1925_EP_SU2011_AD_05 @Gram:Det:Pos 
"<hermanos>"
	"hermano" Noun NC Plural lang:es 00:00:48 00:00:55 tt-1350 AM001_1925_EP_SU2011_AD_05 
"<que>"
	"que" Conjunction CQUE lang:es 00:00:48 00:00:55 tt-1351 AM001_1925_EP_SU2011_AD_05 
"<nada>"
	"nada" Determiner QU lang:es 00:00:48 00:00:55 tt-1352 AM001_1925_EP_SU2011_AD_05 @Gram:Det:Pron 
"<,>"
	"," Punctuation CM lang:es 00:00:48 00:00:55 tt-1353 AM001_1925_EP_SU2011_AD_05 
"<ni>"
	"ni" Conjunction CCNEG lang:es 00:00:48 00:00:55 tt-1354 AM001_1925_EP_SU2011_AD_05 
"<inglés>"
	"inglés" Adjective ADJ Plural lang:es 00:00:48 00:00:55 tt-1355 AM001_1925_EP_SU2011_AD_05 
"<,>"
	"," Punctuation CM lang:es 00:00:48 00:00:55 tt-1356 AM001_1925_EP_SU2011_AD_05 
"<ni>"
	"ni" Conjunction CCNEG lang:es 00:00:55 00:01:02 tt-1357 AM001_1925_EP_SU2011_AD_05 
"<español>"
	"español" Adjective ADJ Singular lang:es 00:00:55 00:01:02 tt-1358 AM001_1925_EP_SU2011_AD_05 
"<el>"
	"el" Determiner ART Singular Masc lang:es 00:00:55 00:01:02 tt-1359 AM001_1925_EP_SU2011_AD_05 @Gram:Det:Art 
"<pobrecito>"
	"pobre" Adjective ADJ Singular lang:es 00:00:55 00:01:02 tt-1360 AM001_1925_EP_SU2011_AD_05 
"<$.>"
	"." Punctuation FS lang:es 00:00:55 00:01:02 tt-1361 AM001_1925_EP_SU2011_AD_05 

"<Pero>"
	"pero" Conjunction CCAD lang:es 00:00:55 00:01:02 tt-1362 AM001_1925_EP_SU2011_AD_05 @Prag:MarcadoresDisc:Revision 
"<era>"
	"ser" Verb VEfin Imp Indi Sing 1st_or_3rd lang:es 00:00:55 00:01:02 tt-1363 AM001_1925_EP_SU2011_AD_05 @Gram:Imperf @Gram:SerEstar:Ser 
"<muy>"
	"muy" Adverb ADV lang:es 00:00:55 00:01:02 tt-1364 AM001_1925_EP_SU2011_AD_05 
"<vivo>"
	"vivo" Adjective ADJ Singular lang:es 00:00:55 00:01:02 tt-1365 AM001_1925_EP_SU2011_AD_05 
"<,>"
	"," Punctuation CM lang:es 00:00:55 00:01:02 tt-1366 AM001_1925_EP_SU2011_AD_05 
"<muy>"
	"muy" Adverb ADV lang:es 00:00:55 00:01:02 tt-1367 AM001_1925_EP_SU2011_AD_05 
"<inteligente>"
	"inteligente" Adjective ADJ Singular lang:es 00:00:55 00:01:02 tt-1368 AM001_1925_EP_SU2011_AD_05 
"<el>"
	"el" Determiner ART Singular Masc lang:es 00:00:55 00:01:02 tt-1369 AM001_1925_EP_SU2011_AD_05 @Gram:Det:Art 
"<sinvergüenza>"
	"sinvergüenza" Noun NC Singular lang:es 00:00:55 00:01:02 tt-1370 AM001_1925_EP_SU2011_AD_05 
"<$.>"
	"." Punctuation FS lang:es 00:00:55 00:01:02 tt-1371 AM001_1925_EP_SU2011_AD_05 

"<Puso>"
	"poner" Verb VLfin Pres Indi Sing 1st lang:es 00:00:55 00:01:02 tt-1372 AM001_1925_EP_SU2011_AD_05 
"<cantina>"
	"cantina" Noun NC Singular lang:es 00:00:55 00:01:02 tt-1373 AM001_1925_EP_SU2011_AD_05 
"<en>"
	"en" Preposition PREP lang:es 00:01:06 00:01:13 tt-1374 AM001_1925_EP_SU2011_AD_05 @Gram:Prep 
"<Juárez>"
	"Juárez" Noun NP Singular lang:es 00:01:06 00:01:13 tt-1375 AM001_1925_EP_SU2011_AD_05 
"<$.>"
	"." Punctuation FS lang:es 00:01:06 00:01:13 tt-1376 AM001_1925_EP_SU2011_AD_05 

"<Eh>"
	"eh" Noun NP Singular lang:es 00:01:06 00:01:13 tt-1377 AM001_1925_EP_SU2011_AD_05 
"<...>"
	"..." Punctuation DOTS lang:es 00:01:06 00:01:13 tt-1378 AM001_1925_EP_SU2011_AD_05 
"<se>"
	"se" Other SE lang:es 00:01:06 00:01:13 tt-1379 AM001_1925_EP_SU2011_AD_05 
"<acostaba>"
	"acostar" Verb VLfin Imp Indi Sing 1st_or_3rd lang:es 00:01:06 00:01:13 tt-1380 AM001_1925_EP_SU2011_AD_05 @Gram:Imperf 
"<a>"
	"a" Preposition PREP lang:es 00:01:06 00:01:13 tt-1381 AM001_1925_EP_SU2011_AD_05 @Gram:Prep 
"<dormir>"
	"dormir" Verb VLinf Infinitive lang:es 00:01:06 00:01:13 tt-1382 AM001_1925_EP_SU2011_AD_05 
"<como>"
	"como" Adverb ADV lang:es 00:01:06 00:01:13 tt-1383 AM001_1925_EP_SU2011_AD_05 
"<a>"
	"a" Preposition PREP lang:es 00:01:06 00:01:13 tt-1384 AM001_1925_EP_SU2011_AD_05 @Gram:Prep 
"<la>"
	"el" Determiner ART Singular Fem lang:es 00:01:06 00:01:13 tt-1385 AM001_1925_EP_SU2011_AD_05 @Gram:Det:Art 
"<una>"
	"un" Determiner ART Singular lang:es 00:01:06 00:01:13 tt-1386 AM001_1925_EP_SU2011_AD_05 
"<y>"
	"y" Conjunciton Conjunction CC lang:es 00:01:06 00:01:13 tt-1387 AM001_1925_EP_SU2011_AD_05 
"<se>"
	"se" Other SE lang:es 00:01:06 00:01:13 tt-1388 AM001_1925_EP_SU2011_AD_05 
"<levantaba>"
	"levantar" Verb VLfin Imp Indi Sing 1st_or_3rd lang:es 00:01:06 00:01:13 tt-1389 AM001_1925_EP_SU2011_AD_05 @Gram:Imperf 
"<otro>"
	"otro" Determiner QU lang:es 00:01:06 00:01:13 tt-1390 AM001_1925_EP_SU2011_AD_05 
"<día>"
	"día" Noun NC Singular lang:es 00:01:06 00:01:13 tt-1391 AM001_1925_EP_SU2011_AD_05 
"<a>"
	"a" Preposition PREP lang:es 00:01:06 00:01:13 tt-1392 AM001_1925_EP_SU2011_AD_05 @Gram:Prep 
"<revisar>"
	"revisar" Verb VLinf Infinitive lang:es 00:01:06 00:01:13 tt-1393 AM001_1925_EP_SU2011_AD_05 
"<las>"
	"el" Determiner ART Plural Fem lang:es 00:01:14 00:01:20 tt-1394 AM001_1925_EP_SU2011_AD_05 @Gram:Det:Art 
"<botellas>"
	"botella" Noun NC Plural lang:es 00:01:14 00:01:20 tt-1395 AM001_1925_EP_SU2011_AD_05 
"<fíjate>"
	"fijar" Verb VLfin Pres Command Sing 2nd lang:es 00:01:14 00:01:20 tt-1396 AM001_1925_EP_SU2011_AD_05 @Gram:MImp:Informal 
"<$.>"
	"." Punctuation FS lang:es 00:01:14 00:01:20 tt-1397 AM001_1925_EP_SU2011_AD_05 

"<No>"
	"no" Adverb NEG lang:es 00:01:14 00:01:20 tt-1398 AM001_1925_EP_SU2011_AD_05 
"<las>"
	"él" Pronoun PPC Plural lang:es 00:01:14 00:01:20 tt-1399 AM001_1925_EP_SU2011_AD_05 @Gram:Pron:Objeto 
"<apuntaba>"
	"apuntar" Verb VLfin Imp Indi Sing 1st_or_3rd lang:es 00:01:14 00:01:20 tt-1400 AM001_1925_EP_SU2011_AD_05 @Gram:Imperf 
"<ni>"
	"ni" Conjunction CCNEG lang:es 00:01:14 00:01:20 tt-1401 AM001_1925_EP_SU2011_AD_05 
"<nada>"
	"nada" Determiner QU lang:es 00:01:14 00:01:20 tt-1402 AM001_1925_EP_SU2011_AD_05 @Gram:Det:Pron 
"<,>"
	"," Punctuation CM lang:es 00:01:14 00:01:20 tt-1403 AM001_1925_EP_SU2011_AD_05 
"<y>"
	"y" Conjunciton Conjunction CC lang:es 00:01:14 00:01:20 tt-1404 AM001_1925_EP_SU2011_AD_05 
"<luego>"
	"luego" Conjunction CSUBF lang:es 00:01:14 00:01:20 tt-1405 AM001_1925_EP_SU2011_AD_05 
"<luego>"
	"luego" Conjunction CSUBF lang:es 00:01:14 00:01:20 tt-1406 AM001_1925_EP_SU2011_AD_05 
"<le>"
	"él" Pronoun PPC Singular lang:es 00:01:14 00:01:20 tt-1407 AM001_1925_EP_SU2011_AD_05 @Gram:Pron:Objeto 
"<decía>"
	"decir" Verb VLfin Imp Indi Sing 1st_or_3rd lang:es 00:01:14 00:01:20 tt-1408 AM001_1925_EP_SU2011_AD_05 @Gram:Imperf 
"<al>"
	"al" Preposition PAL lang:es 00:01:14 00:01:20 tt-1409 AM001_1925_EP_SU2011_AD_05 @Gram:Prep 
"<que>"
	"que" Conjunction CQUE lang:es 00:01:14 00:01:20 tt-1410 AM001_1925_EP_SU2011_AD_05 
"<se>"
	"se" Other SE lang:es 00:01:14 00:01:20 tt-1411 AM001_1925_EP_SU2011_AD_05 
"<quedaba>"
	"quedar" Verb VLfin Imp Indi Sing 1st_or_3rd lang:es 00:01:14 00:01:20 tt-1412 AM001_1925_EP_SU2011_AD_05 @Gram:Imperf 
"<cuidando>"
	"cuidar" Verb VLger lang:es 00:01:20 00:01:27 tt-1413 AM001_1925_EP_SU2011_AD_05 
"<la>"
	"el" Determiner ART Singular Fem lang:es 00:01:20 00:01:27 tt-1414 AM001_1925_EP_SU2011_AD_05 @Gram:Det:Art 
"<cantina>"
	"cantina" Noun NC Singular lang:es 00:01:20 00:01:27 tt-1415 AM001_1925_EP_SU2011_AD_05 
"<no>"
	"no" Adverb NEG lang:es 00:01:20 00:01:27 tt-1416 AM001_1925_EP_SU2011_AD_05 
"<te>"
	"tú" Pronoun PPX Singular lang:es 00:01:20 00:01:27 tt-1417 AM001_1925_EP_SU2011_AD_05 @Gram:Pron:Objeto 
"<vayas>"
	"ir" Verb VLfin Pres Subj Sing 2nd lang:es 00:01:20 00:01:27 tt-1418 AM001_1925_EP_SU2011_AD_05 @Gram:MSub:Pres 
"<,>"
	"," Punctuation CM lang:es 00:01:20 00:01:27 tt-1419 AM001_1925_EP_SU2011_AD_05 
"<espérate>"
	"esperar" Verb VLfin Pres Command Sing 2nd lang:es 00:01:20 00:01:27 tt-1420 AM001_1925_EP_SU2011_AD_05 @Gram:MImp:Informal 
"<...>"
	"..." Punctuation DOTS lang:es 00:01:20 00:01:27 tt-1421 AM001_1925_EP_SU2011_AD_05 
"<oye>"
	"oír" Verb VLfin Pres Indi_Command Sing 2nd_3rd lang:es 00:01:20 00:01:27 tt-1422 AM001_1925_EP_SU2011_AD_05 
"<,>"
	"," Punctuation CM lang:es 00:01:20 00:01:27 tt-1423 AM001_1925_EP_SU2011_AD_05 
"<aquí>"
	"aquí" Adverb ADV lang:es 00:01:20 00:01:27 tt-1424 AM001_1925_EP_SU2011_AD_05 
"<vendiste>"
	"UNK" Verb VLfin Pret Indi Sing 2nd lang:es 00:01:20 00:01:27 tt-1425 AM001_1925_EP_SU2011_AD_05 @Gram:Indefinido 
"<mucho>"
	"mucho" Adverb ADV lang:es 00:01:20 00:01:27 tt-1426 AM001_1925_EP_SU2011_AD_05 
"<...>"
	"..." Punctuation DOTS lang:es 00:01:20 00:01:27 tt-1427 AM001_1925_EP_SU2011_AD_05 
"<vendiste>"
	"UNK" Verb VLfin Pret Indi Sing 2nd lang:es 00:01:20 00:01:27 tt-1428 AM001_1925_EP_SU2011_AD_05 @Gram:Indefinido 
"<como>"
	"como" Adverb ADV lang:es 00:01:20 00:01:27 tt-1429 AM001_1925_EP_SU2011_AD_05 
"<,>"
	"," Punctuation CM lang:es 00:01:20 00:01:27 tt-1430 AM001_1925_EP_SU2011_AD_05 
"<como>"
	"como" Adverb ADV lang:es 00:01:20 00:01:27 tt-1431 AM001_1925_EP_SU2011_AD_05 
"<cinco>"
	"cinco" Determiner CARD Singular lang:es 00:01:29 00:01:34 tt-1432 AM001_1925_EP_SU2011_AD_05 
"<copas>"
	"copa" Noun NC Plural lang:es 00:01:29 00:01:34 tt-1433 AM001_1925_EP_SU2011_AD_05 
"<de>"
	"de" Preposition PREP lang:es 00:01:29 00:01:34 tt-1434 AM001_1925_EP_SU2011_AD_05 @Gram:Prep 
"<güisqui>"
	"güisqui" Noun NC Singular lang:es 00:01:29 00:01:34 tt-1435 AM001_1925_EP_SU2011_AD_05 
"<,>"
	"," Punctuation CM lang:es 00:01:29 00:01:34 tt-1436 AM001_1925_EP_SU2011_AD_05 
"<$¿>"
	"¿" Punctuation FS lang:es 00:01:29 00:01:34 tt-1437 AM001_1925_EP_SU2011_AD_05 
"<y>"
	"y" Conjunciton Conjunction CC lang:es 00:01:29 00:01:34 tt-1438 AM001_1925_EP_SU2011_AD_05 
"<dónde>"
	"dónde" Adverb ADV lang:es 00:01:29 00:01:34 tt-1439 AM001_1925_EP_SU2011_AD_05 
"<está>"
	"estar" Verb VEfin Pres Indi Sing 3rd lang:es 00:01:29 00:01:34 tt-1440 AM001_1925_EP_SU2011_AD_05 @Gram:SerEstar:Estar 
"<el>"
	"el" Determiner ART Singular Masc lang:es 00:01:29 00:01:34 tt-1441 AM001_1925_EP_SU2011_AD_05 @Gram:Det:Art 
"<dinero>"
	"dinero" Noun NC Singular lang:es 00:01:29 00:01:34 tt-1442 AM001_1925_EP_SU2011_AD_05 
"<$?>"
	"?" Punctuation FS lang:es 00:01:29 00:01:34 tt-1443 AM001_1925_EP_SU2011_AD_05 
<lang code="en">

"<Ah>"
	"ah" Other UH lang:en 00:01:29 00:01:34 tt-1444 AM001_1925_EP_SU2011_AD_05 
</lang>
"<caray>"
	"caray" Noun NP Singular lang:es 00:01:29 00:01:34 tt-1445 AM001_1925_EP_SU2011_AD_05 
"<,>"
	"," Punctuation CM lang:es 00:01:29 00:01:34 tt-1446 AM001_1925_EP_SU2011_AD_05 
"<$¿>"
	"¿" Punctuation FS lang:es 00:01:29 00:01:34 tt-1447 AM001_1925_EP_SU2011_AD_05 
"<por>"
	"por" Preposition PREP lang:es 00:01:29 00:01:34 tt-1448 AM001_1925_EP_SU2011_AD_05 @Gram:Prep:Por 
"<qué>"
	"qué" Adverb ADV lang:es 00:01:29 00:01:34 tt-1449 AM001_1925_EP_SU2011_AD_05 
"<no>"
	"no" Adverb NEG lang:es 00:01:29 00:01:34 tt-1450 AM001_1925_EP_SU2011_AD_05 
"<está>"
	"estar" Verb VEfin Pres Indi Sing 3rd lang:es 00:01:29 00:01:34 tt-1451 AM001_1925_EP_SU2011_AD_05 @Gram:SerEstar:Estar 
"<$?>"
	"?" Punctuation FS lang:es 00:01:29 00:01:34 tt-1452 AM001_1925_EP_SU2011_AD_05 

"<No>"
	"no" Adverb NEG lang:es 00:01:29 00:01:34 tt-1453 AM001_1925_EP_SU2011_AD_05 
"<está>"
	"estar" Verb VEfin Pres Indi Sing 3rd lang:es 00:01:34 00:01:41 tt-1454 AM001_1925_EP_SU2011_AD_05 @Gram:SerEstar:Estar 
"<,>"
	"," Punctuation CM lang:es 00:01:34 00:01:41 tt-1455 AM001_1925_EP_SU2011_AD_05 
"<aquí>"
	"aquí" Adverb ADV lang:es 00:01:34 00:01:41 tt-1456 AM001_1925_EP_SU2011_AD_05 
"<faltan>"
	"faltar" Verb VLfin Pres Indi Plural 3rd lang:es 00:01:34 00:01:41 tt-1457 AM001_1925_EP_SU2011_AD_05 
"<como>"
	"como" Adverb ADV lang:es 00:01:34 00:01:41 tt-1458 AM001_1925_EP_SU2011_AD_05 
"<dos>"
	"dos" Determiner CARD Plural lang:es 00:01:34 00:01:41 tt-1459 AM001_1925_EP_SU2011_AD_05 
"<copas>"
	"copa" Noun NC Plural lang:es 00:01:34 00:01:41 tt-1460 AM001_1925_EP_SU2011_AD_05 
"<de>"
	"de" Preposition PREP lang:es 00:01:34 00:01:41 tt-1461 AM001_1925_EP_SU2011_AD_05 @Gram:Prep 
"<güisqui>"
	"güisqui" Noun NC Singular lang:es 00:01:34 00:01:41 tt-1462 AM001_1925_EP_SU2011_AD_05 
"<$.>"
	"." Punctuation FS lang:es 00:01:34 00:01:41 tt-1463 AM001_1925_EP_SU2011_AD_05 

"<No>"
	"no" Adverb NEG lang:es 00:01:34 00:01:41 tt-1464 AM001_1925_EP_SU2011_AD_05 
"<las>"
	"él" Pronoun PPC Plural lang:es 00:01:34 00:01:41 tt-1465 AM001_1925_EP_SU2011_AD_05 @Gram:Pron:Objeto 
"<apuntaste>"
	"apuntar" Verb VLfin Pret Indi Sing 2nd lang:es 00:01:34 00:01:41 tt-1466 AM001_1925_EP_SU2011_AD_05 @Gram:Indefinido 
"<$.>"
	"." Punctuation FS lang:es 00:01:34 00:01:41 tt-1467 AM001_1925_EP_SU2011_AD_05 
<lang code="en">

"<Ah>"
	"ah" Other UH lang:en 00:01:34 00:01:41 tt-1468 AM001_1925_EP_SU2011_AD_05 
</lang>
"<,>"
	"," Punctuation CM lang:es 00:01:34 00:01:41 tt-1469 AM001_1925_EP_SU2011_AD_05 
"<digo>"
	"decir" Verb VLfin Pres Indi Sing 1st lang:es 00:01:34 00:01:41 tt-1470 AM001_1925_EP_SU2011_AD_05 
"<$¿>"
	"¿" Punctuation FS lang:es 00:01:34 00:01:41 tt-1471 AM001_1925_EP_SU2011_AD_05 
"<como>"
	"como" Conjunction CSUBX lang:es 00:01:34 00:01:41 tt-1472 AM001_1925_EP_SU2011_AD_05 
"<que>"
	"que" Conjunction CQUE lang:es 00:01:34 00:01:41 tt-1473 AM001_1925_EP_SU2011_AD_05 
"<no>"
	"no" Adverb NEG lang:es 00:01:34 00:01:41 tt-1474 AM001_1925_EP_SU2011_AD_05 
"<$?>"
	"?" Punctuation FS lang:es 00:01:34 00:01:41 tt-1475 AM001_1925_EP_SU2011_AD_05 

"<Sí>"
	"sí" Adverb ADV lang:es 00:01:42 00:01:49 tt-1476 AM001_1925_EP_SU2011_AD_05 
"<,>"
	"," Punctuation CM lang:es 00:01:42 00:01:49 tt-1477 AM001_1925_EP_SU2011_AD_05 
"<$¿>"
	"¿" Punctuation FS lang:es 00:01:42 00:01:49 tt-1478 AM001_1925_EP_SU2011_AD_05 
"<sabes>"
	"saber" Verb VLfin Pres Indi Sing 2nd lang:es 00:01:42 00:01:49 tt-1479 AM001_1925_EP_SU2011_AD_05 
"<qué>"
	"qué" Pronoun INT Singular lang:es 00:01:42 00:01:49 tt-1480 AM001_1925_EP_SU2011_AD_05 
"<$?>"
	"?" Punctuation FS lang:es 00:01:42 00:01:49 tt-1481 AM001_1925_EP_SU2011_AD_05 

"<Si>"
	"si" Conjunction CSUBX lang:es 00:01:42 00:01:49 tt-1482 AM001_1925_EP_SU2011_AD_05 
"<vas>"
	"ir" Verb VLfin Pres Indi Sing 2nd lang:es 00:01:42 00:01:49 tt-1483 AM001_1925_EP_SU2011_AD_05 ID:270 R:Gram:VFut:Perifrasis:272 
"<a>"
	"a" Preposition PREP lang:es 00:01:42 00:01:49 tt-1484 AM001_1925_EP_SU2011_AD_05 @Gram:Prep 
"<seguir>"
	"seguir" Verb VLinf Infinitive lang:es 00:01:42 00:01:49 tt-1485 AM001_1925_EP_SU2011_AD_05 ID:272 
"<así>"
	"así" Adverb ADV lang:es 00:01:42 00:01:49 tt-1486 AM001_1925_EP_SU2011_AD_05 
"<mejor>"
	"bueno" Adjective ADJ Singular lang:es 00:01:42 00:01:49 tt-1487 AM001_1925_EP_SU2011_AD_05 
"<no>"
	"no" Adverb NEG lang:es 00:01:42 00:01:49 tt-1488 AM001_1925_EP_SU2011_AD_05 
"<venga>"
	"vengar|venir" Verb VLfin Pres Subj Sing 1st_or_3rd lang:es 00:01:42 00:01:49 tt-1489 AM001_1925_EP_SU2011_AD_05 @Gram:MSub:Pres 
"<$.>"
	"." Punctuation FS lang:es 00:01:42 00:01:49 tt-1490 AM001_1925_EP_SU2011_AD_05 

"<No>"
	"no" Adverb NEG lang:es 00:01:42 00:01:49 tt-1491 AM001_1925_EP_SU2011_AD_05 
"<quiero>"
	"querer" Verb VLfin Pres Indi Sing 1st lang:es 00:01:42 00:01:49 tt-1492 AM001_1925_EP_SU2011_AD_05 
"<ponerte>"
	"poner" Verb VLinf Pres Indi Sing 3rd lang:es 00:01:42 00:01:49 tt-1493 AM001_1925_EP_SU2011_AD_05 
"<en>"
	"en" Preposition PREP lang:es 00:01:42 00:01:49 tt-1494 AM001_1925_EP_SU2011_AD_05 @Gram:Prep 
"<mala>"
	"malo" Adjective ADJ Singular lang:es 00:01:42 00:01:49 tt-1495 AM001_1925_EP_SU2011_AD_05 
"<...>"
	"..." Punctuation DOTS lang:es 00:01:42 00:01:49 tt-1496 AM001_1925_EP_SU2011_AD_05 
"<en>"
	"en" Preposition PREP lang:es 00:01:42 00:01:49 tt-1497 AM001_1925_EP_SU2011_AD_05 @Gram:Prep 
"<mala>"
	"malo" Adjective ADJ Singular lang:es 00:01:50 00:01:57 tt-1498 AM001_1925_EP_SU2011_AD_05 
"<racha>"
	"rachar" Verb VLfin Pres Indi Sing 3rd lang:es 00:01:50 00:01:57 tt-1499 AM001_1925_EP_SU2011_AD_05 
"<,>"
	"," Punctuation CM lang:es 00:01:50 00:01:57 tt-1500 AM001_1925_EP_SU2011_AD_05 
"<vete>"
	"ir|ver|vetar" Verb VLfin Pres Subj Sing 1st_or_3rd lang:es 00:01:50 00:01:57 tt-1501 AM001_1925_EP_SU2011_AD_05 @Gram:MSub:Pres 
"<mejor>"
	"bueno" Adjective ADJ Singular lang:es 00:01:50 00:01:57 tt-1502 AM001_1925_EP_SU2011_AD_05 
"<y>"
	"y" Conjunciton Conjunction CC lang:es 00:01:50 00:01:57 tt-1503 AM001_1925_EP_SU2011_AD_05 
"<se>"
	"se" Other SE lang:es 00:01:50 00:01:57 tt-1504 AM001_1925_EP_SU2011_AD_05 
"<acaba>"
	"acabar" Verb VLfin Imp Indi Sing 1st_or_3rd lang:es 00:01:50 00:01:57 tt-1505 AM001_1925_EP_SU2011_AD_05 @Gram:Imperf 
"<todo>"
	"todo" Determiner QU lang:es 00:01:50 00:01:57 tt-1506 AM001_1925_EP_SU2011_AD_05 
"<,>"
	"," Punctuation CM lang:es 00:01:50 00:01:57 tt-1507 AM001_1925_EP_SU2011_AD_05 
"<pero>"
	"pero" Conjunction CCAD lang:es 00:01:50 00:01:57 tt-1508 AM001_1925_EP_SU2011_AD_05 @Prag:MarcadoresDisc:Revision 
"<fue>"
	"ser" Verb VSfin Pret Indi Sing 3rd lang:es 00:01:50 00:01:57 tt-1509 AM001_1925_EP_SU2011_AD_05 @Gram:Indefinido @Gram:SerEstar:Ser 
"<un>"
	"un" Determiner ART Singular lang:es 00:01:50 00:01:57 tt-1510 AM001_1925_EP_SU2011_AD_05 
"<...>"
	"..." Punctuation DOTS lang:es 00:01:50 00:01:57 tt-1511 AM001_1925_EP_SU2011_AD_05 
"<no>"
	"no" Adverb NEG lang:es 00:01:50 00:01:57 tt-1512 AM001_1925_EP_SU2011_AD_05 
"<era>"
	"ser" Verb VEfin Imp Indi Sing 1st_or_3rd lang:es 00:01:50 00:01:57 tt-1513 AM001_1925_EP_SU2011_AD_05 @Gram:Imperf @Gram:SerEstar:Ser 
"<inteligente>"
	"inteligente" Adjective ADJ Singular lang:es 00:01:50 00:01:57 tt-1514 AM001_1925_EP_SU2011_AD_05 
"<,>"
	"," Punctuation CM lang:es 00:01:50 00:01:57 tt-1515 AM001_1925_EP_SU2011_AD_05 
"<no>"
	"no" Adverb NEG lang:es 00:01:50 00:01:57 tt-1516 AM001_1925_EP_SU2011_AD_05 
"<sabía>"
	"saber" Verb VLfin Imp Indi Sing 1st_or_3rd lang:es 00:01:50 00:01:57 tt-1517 AM001_1925_EP_SU2011_AD_05 @Gram:Imperf 
"<escribir>"
	"escribir" Verb VLinf Infinitive lang:es 00:01:50 00:01:57 tt-1518 AM001_1925_EP_SU2011_AD_05 
"<,>"
	"," Punctuation CM lang:es 00:01:50 00:01:57 tt-1519 AM001_1925_EP_SU2011_AD_05 
"<ni>"
	"ni" Conjunction CCNEG lang:es 00:01:59 00:02:06 tt-1520 AM001_1925_EP_SU2011_AD_05 
"<leer>"
	"leer" Verb VLinf Infinitive lang:es 00:01:59 00:02:06 tt-1521 AM001_1925_EP_SU2011_AD_05 
"<,>"
	"," Punctuation CM lang:es 00:01:59 00:02:06 tt-1522 AM001_1925_EP_SU2011_AD_05 
"<pero>"
	"pero" Conjunction CCAD lang:es 00:01:59 00:02:06 tt-1523 AM001_1925_EP_SU2011_AD_05 @Prag:MarcadoresDisc:Revision 
"<yo>"
	"yo" Pronoun PPX Singular lang:es 00:01:59 00:02:06 tt-1524 AM001_1925_EP_SU2011_AD_05 @Gram:Pron:Sujeto 
"<no>"
	"no" Adverb NEG lang:es 00:01:59 00:02:06 tt-1525 AM001_1925_EP_SU2011_AD_05 
"<sé>"
	"saber|ser" Verb VLfin Pres Indi Sing 1st lang:es 00:01:59 00:02:06 tt-1526 AM001_1925_EP_SU2011_AD_05 
"<cómo>"
	"cómo" Adverb ADV lang:es 00:01:59 00:02:06 tt-1527 AM001_1925_EP_SU2011_AD_05 
"<,>"
	"," Punctuation CM lang:es 00:01:59 00:02:06 tt-1528 AM001_1925_EP_SU2011_AD_05 
"<cómo>"
	"cómo" Adverb ADV lang:es 00:01:59 00:02:06 tt-1529 AM001_1925_EP_SU2011_AD_05 
"<usaba>"
	"usar" Verb VLfin Imp Indi Sing 1st_or_3rd lang:es 00:01:59 00:02:06 tt-1530 AM001_1925_EP_SU2011_AD_05 @Gram:Imperf 
"<la>"
	"el" Determiner ART Singular Fem lang:es 00:01:59 00:02:06 tt-1531 AM001_1925_EP_SU2011_AD_05 @Gram:Det:Art 
"<cabeza>"
	"cabeza" Noun NC Singular lang:es 00:01:59 00:02:06 tt-1532 AM001_1925_EP_SU2011_AD_05 
"<,>"
	"," Punctuation CM lang:es 00:01:59 00:02:06 tt-1533 AM001_1925_EP_SU2011_AD_05 
"<cómo>"
	"cómo" Adverb ADV lang:es 00:01:59 00:02:06 tt-1534 AM001_1925_EP_SU2011_AD_05 
"<caramba>"
	"caramba" Noun NP Singular lang:es 00:01:59 00:02:06 tt-1535 AM001_1925_EP_SU2011_AD_05 
"<$.>"
	"." Punctuation FS lang:es 00:01:59 00:02:06 tt-1536 AM001_1925_EP_SU2011_AD_05 

"<Ese>"
	"ese" Determiner DM Singular lang:es 00:01:59 00:02:06 tt-1537 AM001_1925_EP_SU2011_AD_05 
"<tuvo>"
	"tener" Verb VLfin Pres Indi Sing 1st lang:es 00:01:59 00:02:06 tt-1538 AM001_1925_EP_SU2011_AD_05 
"<mucho>"
	"mucho" Determiner QU lang:es 00:01:59 00:02:06 tt-1539 AM001_1925_EP_SU2011_AD_05 
"<dinero>"
	"dinero" Noun NC Singular lang:es 00:01:59 00:02:06 tt-1540 AM001_1925_EP_SU2011_AD_05 
"<en>"
	"en" Preposition PREP lang:es 00:01:59 00:02:06 tt-1541 AM001_1925_EP_SU2011_AD_05 @Gram:Prep 
"<Juárez>"
	"Juárez" Noun NP Singular lang:es 00:01:59 00:02:06 tt-1542 AM001_1925_EP_SU2011_AD_05 
"<,>"
	"," Punctuation CM lang:es 00:01:59 00:02:06 tt-1543 AM001_1925_EP_SU2011_AD_05 
</speaker>
</text>

