<text id="AM001_1925_EP_SU2011_AD_06">
<speaker type="subj">
"<mucho>"
	"mucho" Determiner QU lang:es 00:00:00 00:00:07 tt-1544 AM001_1925_EP_SU2011_AD_06 
"<dinero>"
	"dinero" Noun NC Singular lang:es 00:00:00 00:00:07 tt-1545 AM001_1925_EP_SU2011_AD_06 
"<$.>"
	"." Punctuation FS lang:es 00:00:00 00:00:07 tt-1546 AM001_1925_EP_SU2011_AD_06 

"<Él>"
	"él" Pronoun PPX Singular lang:es 00:00:00 00:00:07 tt-1547 AM001_1925_EP_SU2011_AD_06 @Gram:Pron:Sujeto 
"<fue>"
	"ir" Verb VLfin Pret Indi Sing 3rd lang:es 00:00:00 00:00:07 tt-1548 AM001_1925_EP_SU2011_AD_06 @Gram:Indefinido 
"<el>"
	"el" Determiner ART Singular lang:es 00:00:00 00:00:07 tt-1549 AM001_1925_EP_SU2011_AD_06 @Gram:Det:Art 
"<que>"
	"que" Conjunction CQUE lang:es 00:00:00 00:00:07 tt-1550 AM001_1925_EP_SU2011_AD_06 
"<me>"
	"yo" Pronoun PPX Singular lang:es 00:00:00 00:00:07 tt-1551 AM001_1925_EP_SU2011_AD_06 @Gram:Pron:Objeto 
"<ayudó>"
	"ayudar" Verb VLfin Pret Indi Sing 3rd lang:es 00:00:00 00:00:07 tt-1552 AM001_1925_EP_SU2011_AD_06 @Gram:Indefinido 
"<cuando>"
	"cuando" Conjunction CSUBX lang:es 00:00:00 00:00:07 tt-1553 AM001_1925_EP_SU2011_AD_06 
"<me>"
	"yo" Pronoun PPX Singular lang:es 00:00:00 00:00:07 tt-1554 AM001_1925_EP_SU2011_AD_06 @Gram:Pron:Objeto 
"<casé>"
	"casar" Verb VLfin Pret Indi Sing 1st lang:es 00:00:00 00:00:07 tt-1555 AM001_1925_EP_SU2011_AD_06 @Gram:Indefinido 
"<$.>"
	"." Punctuation FS lang:es 00:00:00 00:00:07 tt-1556 AM001_1925_EP_SU2011_AD_06 

"<Él>"
	"él" Pronoun PPX Singular lang:es 00:00:00 00:00:07 tt-1557 AM001_1925_EP_SU2011_AD_06 @Gram:Pron:Sujeto 
"<dijo>"
	"decir" Verb VLfin Pres Indi Sing 1st lang:es 00:00:00 00:00:07 tt-1558 AM001_1925_EP_SU2011_AD_06 
"<váyanse>"
	"ir" Verb VLfin Pres Indi Sing 3rd lang:es 00:00:00 00:00:07 tt-1559 AM001_1925_EP_SU2011_AD_06 
"<a>"
	"a" Preposition PREP lang:es 00:00:00 00:00:07 tt-1560 AM001_1925_EP_SU2011_AD_06 @Gram:Prep 
"<pasear>"
	"pasear" Verb VLinf Infinitive lang:es 00:00:00 00:00:07 tt-1561 AM001_1925_EP_SU2011_AD_06 
"<carnal>"
	"UNK" Noun NC Singular lang:es 00:00:00 00:00:07 tt-1562 AM001_1925_EP_SU2011_AD_06 
"<,>"
	"," Punctuation CM lang:es 00:00:00 00:00:07 tt-1563 AM001_1925_EP_SU2011_AD_06 
"<tenga>"
	"tener" Verb VLfin Pres Subj Sing 1st_or_3rd lang:es 00:00:07 00:00:13 tt-1564 AM001_1925_EP_SU2011_AD_06 @Gram:MSub:Pres 
"<$.>"
	"." Punctuation FS lang:es 00:00:07 00:00:13 tt-1565 AM001_1925_EP_SU2011_AD_06 

"<No>"
	"no" Adverb NEG lang:es 00:00:07 00:00:13 tt-1566 AM001_1925_EP_SU2011_AD_06 
"<,>"
	"," Punctuation CM lang:es 00:00:07 00:00:13 tt-1567 AM001_1925_EP_SU2011_AD_06 
"<le>"
	"él" Pronoun PPC Singular lang:es 00:00:07 00:00:13 tt-1568 AM001_1925_EP_SU2011_AD_06 @Gram:Pron:Objeto 
"<digo>"
	"decir" Verb VLfin Pres Indi Sing 1st lang:es 00:00:07 00:00:13 tt-1569 AM001_1925_EP_SU2011_AD_06 
"<yo>"
	"yo" Pronoun PPX Singular lang:es 00:00:07 00:00:13 tt-1570 AM001_1925_EP_SU2011_AD_06 @Gram:Pron:Sujeto 
"<tengo>"
	"tener" Verb VLfin Pres Indi Sing 1st lang:es 00:00:07 00:00:13 tt-1571 AM001_1925_EP_SU2011_AD_06 
"<dinero>"
	"dinero" Noun NC Singular lang:es 00:00:07 00:00:13 tt-1572 AM001_1925_EP_SU2011_AD_06 
"<$.>"
	"." Punctuation FS lang:es 00:00:07 00:00:13 tt-1573 AM001_1925_EP_SU2011_AD_06 

"<De>"
	"de" Preposition PREP lang:es 00:00:07 00:00:13 tt-1574 AM001_1925_EP_SU2011_AD_06 @Gram:Prep ID:31 R:Prag:MarcadoresDisc:Revision:33 
"<todos>"
	"todo" Determiner QU lang:es 00:00:07 00:00:13 tt-1575 AM001_1925_EP_SU2011_AD_06 
"<modos>"
	"modo" Noun NC Plural lang:es 00:00:07 00:00:13 tt-1576 AM001_1925_EP_SU2011_AD_06 ID:33 
"<lleve>"
	"llevar" Verb VLfin Pres Subj Sing 1st_or_3rd lang:es 00:00:07 00:00:13 tt-1577 AM001_1925_EP_SU2011_AD_06 @Gram:MSub:Pres 
"<,>"
	"," Punctuation CM lang:es 00:00:07 00:00:13 tt-1578 AM001_1925_EP_SU2011_AD_06 
"<si>"
	"si" Conjunction CSUBX lang:es 00:00:07 00:00:13 tt-1579 AM001_1925_EP_SU2011_AD_06 
"<se>"
	"se" Other SE lang:es 00:00:07 00:00:13 tt-1580 AM001_1925_EP_SU2011_AD_06 
"<ofrece>"
	"ofrecer" Verb VLfin Pres Indi Sing 3rd lang:es 00:00:07 00:00:13 tt-1581 AM001_1925_EP_SU2011_AD_06 
"<algo>"
	"algo" Determiner QU lang:es 00:00:07 00:00:13 tt-1582 AM001_1925_EP_SU2011_AD_06 
"<allá>"
	"allá" Adverb ADV lang:es 00:00:07 00:00:13 tt-1583 AM001_1925_EP_SU2011_AD_06 
"<en>"
	"en" Preposition PREP lang:es 00:00:13 00:00:20 tt-1584 AM001_1925_EP_SU2011_AD_06 @Gram:Prep 
"<México>"
	"México" Noun NP Singular lang:es 00:00:13 00:00:20 tt-1585 AM001_1925_EP_SU2011_AD_06 
"<,>"
	"," Punctuation CM lang:es 00:00:13 00:00:20 tt-1586 AM001_1925_EP_SU2011_AD_06 
"<allá>"
	"allá" Adverb ADV lang:es 00:00:13 00:00:20 tt-1587 AM001_1925_EP_SU2011_AD_06 
"<está>"
	"estar" Verb VEfin Pres Indi Sing 3rd lang:es 00:00:13 00:00:20 tt-1588 AM001_1925_EP_SU2011_AD_06 @Gram:SerEstar:Estar 
"<este>"
	"este" Noun NC Singular lang:es 00:00:13 00:00:20 tt-1589 AM001_1925_EP_SU2011_AD_06 
"<Teófilo>"
	"Teófilo" Noun NP Singular lang:es 00:00:13 00:00:20 tt-1590 AM001_1925_EP_SU2011_AD_06 
"<Orunda>"
	"UNK" Adjective ADJ Singular lang:es 00:00:13 00:00:20 tt-1591 AM001_1925_EP_SU2011_AD_06 
"<y>"
	"y" Conjunction CC lang:es 00:00:13 00:00:20 tt-1592 AM001_1925_EP_SU2011_AD_06 
"<Rosendo>"
	"UNK" Verb VLadj lang:es 00:00:13 00:00:20 tt-1593 AM001_1925_EP_SU2011_AD_06 
"<De>"
	"de" Preposition PREP lang:es 00:00:13 00:00:20 tt-1594 AM001_1925_EP_SU2011_AD_06 @Gram:Prep 
"<Anda>"
	"anda" Noun NP Singular lang:es 00:00:13 00:00:20 tt-1595 AM001_1925_EP_SU2011_AD_06 
"<,>"
	"," Punctuation CM lang:es 00:00:13 00:00:20 tt-1596 AM001_1925_EP_SU2011_AD_06 
"<si>"
	"si" Conjunction CSUBX lang:es 00:00:13 00:00:20 tt-1597 AM001_1925_EP_SU2011_AD_06 
"<pasa>"
	"pasar" Verb VLfin Pres Indi Sing 3rd lang:es 00:00:13 00:00:20 tt-1598 AM001_1925_EP_SU2011_AD_06 
"<algo>"
	"algo" Determiner QU lang:es 00:00:13 00:00:20 tt-1599 AM001_1925_EP_SU2011_AD_06 
"<,>"
	"," Punctuation CM lang:es 00:00:13 00:00:20 tt-1600 AM001_1925_EP_SU2011_AD_06 
"<luego>"
	"luego" Conjunction CSUBF lang:es 00:00:13 00:00:20 tt-1601 AM001_1925_EP_SU2011_AD_06 
"<luego>"
	"luego" Conjunction CSUBF lang:es 00:00:13 00:00:20 tt-1602 AM001_1925_EP_SU2011_AD_06 
"<hábleles>"
	"UNK" Verb VLfin Pres Subj Sing 2nd lang:es 00:00:21 00:00:26 tt-1603 AM001_1925_EP_SU2011_AD_06 @Gram:MSub:Pres 
"<a>"
	"a" Preposition PREP lang:es 00:00:21 00:00:26 tt-1604 AM001_1925_EP_SU2011_AD_06 @Gram:Prep 
"<ellos>"
	"él" Pronoun PPX Plural lang:es 00:00:21 00:00:26 tt-1605 AM001_1925_EP_SU2011_AD_06 @Gram:Pron:Sujeto 
"<$.>"
	"." Punctuation FS lang:es 00:00:21 00:00:26 tt-1606 AM001_1925_EP_SU2011_AD_06 

"<Ellos>"
	"él" Pronoun PPX Plural lang:es 00:00:21 00:00:26 tt-1607 AM001_1925_EP_SU2011_AD_06 @Gram:Pron:Sujeto 
"<lo>"
	"él" Pronoun PPC Singular lang:es 00:00:21 00:00:26 tt-1608 AM001_1925_EP_SU2011_AD_06 @Gram:Pron:Objeto 
"<arreglan>"
	"arreglar" Verb VLfin Pres Indi Plural 3rd lang:es 00:00:21 00:00:26 tt-1609 AM001_1925_EP_SU2011_AD_06 
"<lo>"
	"él" Pronoun PPC Singular lang:es 00:00:21 00:00:26 tt-1610 AM001_1925_EP_SU2011_AD_06 @Gram:Pron:Objeto 
"<que>"
	"que" Conjunction CQUE lang:es 00:00:21 00:00:26 tt-1611 AM001_1925_EP_SU2011_AD_06 
"<sea>"
	"ser" Verb VSfin Pres Subj Sing 1st_or_3rd lang:es 00:00:21 00:00:26 tt-1612 AM001_1925_EP_SU2011_AD_06 @Gram:MSub:Pres @Gram:SerEstar:Ser 
"<,>"
	"," Punctuation CM lang:es 00:00:21 00:00:26 tt-1613 AM001_1925_EP_SU2011_AD_06 
"<no>"
	"no" Adverb NEG lang:es 00:00:21 00:00:26 tt-1614 AM001_1925_EP_SU2011_AD_06 
"<le>"
	"él" Pronoun PPC Singular lang:es 00:00:21 00:00:26 tt-1615 AM001_1925_EP_SU2011_AD_06 @Gram:Pron:Objeto 
"<hace>"
	"hacer" Verb VLfin Pres Indi Sing 3rd lang:es 00:00:21 00:00:26 tt-1616 AM001_1925_EP_SU2011_AD_06 
"<,>"
	"," Punctuation CM lang:es 00:00:21 00:00:26 tt-1617 AM001_1925_EP_SU2011_AD_06 
"<nada>"
	"nada" Determiner QU lang:es 00:00:21 00:00:26 tt-1618 AM001_1925_EP_SU2011_AD_06 
"<más>"
	"más" Adverb ADV lang:es 00:00:21 00:00:26 tt-1619 AM001_1925_EP_SU2011_AD_06 
"<dígales>"
	"UNK" Verb VLfin Pres Subj Sing 2nd lang:es 00:00:21 00:00:26 tt-1620 AM001_1925_EP_SU2011_AD_06 @Gram:MSub:Pres 
"<que>"
	"que" Conjunction CQUE lang:es 00:00:21 00:00:26 tt-1621 AM001_1925_EP_SU2011_AD_06 
"<es>"
	"ser" Verb VSfin Pres Indi Sing 3rd lang:es 00:00:21 00:00:26 tt-1622 AM001_1925_EP_SU2011_AD_06 @Gram:SerEstar:Ser 
"<hermano>"
	"hermano" Noun NC Singular lang:es 00:00:26 00:00:33 tt-1623 AM001_1925_EP_SU2011_AD_06 
"<de>"
	"de" Preposition PREP lang:es 00:00:26 00:00:33 tt-1624 AM001_1925_EP_SU2011_AD_06 @Gram:Prep 
"<El>"
	"el" Determiner ART Singular lang:es 00:00:26 00:00:33 tt-1625 AM001_1925_EP_SU2011_AD_06 @Gram:Det:Art 
"<Mudo>"
	"mudo" Noun NC Singular lang:es 00:00:26 00:00:33 tt-1626 AM001_1925_EP_SU2011_AD_06 
"<$.>"
	"." Punctuation FS lang:es 00:00:26 00:00:33 tt-1627 AM001_1925_EP_SU2011_AD_06 

"<Así>"
	"así" Conjunction CSUBX lang:es 00:00:26 00:00:33 tt-1628 AM001_1925_EP_SU2011_AD_06 
"<le>"
	"él" Pronoun PPC Singular lang:es 00:00:26 00:00:33 tt-1629 AM001_1925_EP_SU2011_AD_06 @Gram:Pron:Objeto 
"<decían>"
	"decir" Verb VLfin Imp Indi Plural 3rd lang:es 00:00:26 00:00:33 tt-1630 AM001_1925_EP_SU2011_AD_06 @Gram:Imperf 
"<a>"
	"a" Preposition PREP lang:es 00:00:26 00:00:33 tt-1631 AM001_1925_EP_SU2011_AD_06 @Gram:Prep 
"<mi>"
	"mío" Pronoun PPO Singular lang:es 00:00:26 00:00:33 tt-1632 AM001_1925_EP_SU2011_AD_06 @Gram:Det:Pos 
"<hermano>"
	"hermano" Noun NC Singular lang:es 00:00:26 00:00:33 tt-1633 AM001_1925_EP_SU2011_AD_06 
"<El>"
	"el" Determiner ART Singular lang:es 00:00:26 00:00:33 tt-1634 AM001_1925_EP_SU2011_AD_06 @Gram:Det:Art 
"<Mudo>"
	"mudo" Noun NC Singular lang:es 00:00:26 00:00:33 tt-1635 AM001_1925_EP_SU2011_AD_06 
"<$.>"
	"." Punctuation FS lang:es 00:00:26 00:00:33 tt-1636 AM001_1925_EP_SU2011_AD_06 

"<Porque>"
	"porque" Conjunction CSUBX lang:es 00:00:26 00:00:33 tt-1637 AM001_1925_EP_SU2011_AD_06 @Prag:MarcadoresDisc:Causa 
"<se>"
	"se" Other SE lang:es 00:00:26 00:00:33 tt-1638 AM001_1925_EP_SU2011_AD_06 
"<juntaban>"
	"UNK" Verb VLfin Imp Indi Plural 3rd lang:es 00:00:26 00:00:33 tt-1639 AM001_1925_EP_SU2011_AD_06 @Gram:Imperf 
"<todos>"
	"todo" Determiner QU lang:es 00:00:26 00:00:33 tt-1640 AM001_1925_EP_SU2011_AD_06 
"<a>"
	"a" Preposition PREP lang:es 00:00:34 00:00:41 tt-1641 AM001_1925_EP_SU2011_AD_06 @Gram:Prep 
"<platicar>"
	"platicar" Verb VLinf Infinitive lang:es 00:00:34 00:00:41 tt-1642 AM001_1925_EP_SU2011_AD_06 
"<,>"
	"," Punctuation CM lang:es 00:00:34 00:00:41 tt-1643 AM001_1925_EP_SU2011_AD_06 
"<pues>"
	"pues" Conjunction CSUBF lang:es 00:00:34 00:00:41 tt-1644 AM001_1925_EP_SU2011_AD_06 
"<tú>"
	"tú" Pronoun PPX Singular lang:es 00:00:34 00:00:41 tt-1645 AM001_1925_EP_SU2011_AD_06 @Gram:Pron:Sujeto 
"<sabes>"
	"saber" Verb VLfin Pres Indi Sing 2nd lang:es 00:00:34 00:00:41 tt-1646 AM001_1925_EP_SU2011_AD_06 
"<,>"
	"," Punctuation CM lang:es 00:00:34 00:00:41 tt-1647 AM001_1925_EP_SU2011_AD_06 
"<pura>"
	"puro" Adjective ADJ Singular lang:es 00:00:34 00:00:41 tt-1648 AM001_1925_EP_SU2011_AD_06 
"<gente>"
	"gente" Noun NC Singular lang:es 00:00:34 00:00:41 tt-1649 AM001_1925_EP_SU2011_AD_06 
"<de>"
	"de" Preposition PREP lang:es 00:00:34 00:00:41 tt-1650 AM001_1925_EP_SU2011_AD_06 @Gram:Prep 
"<dinero>"
	"dinero" Noun NC Singular lang:es 00:00:34 00:00:41 tt-1651 AM001_1925_EP_SU2011_AD_06 
"<,>"
	"," Punctuation CM lang:es 00:00:34 00:00:41 tt-1652 AM001_1925_EP_SU2011_AD_06 
"<eh>"
	"eh" Noun NP Singular lang:es 00:00:34 00:00:41 tt-1653 AM001_1925_EP_SU2011_AD_06 
"<...>"
	"..." Punctuation DOTS lang:es 00:00:34 00:00:41 tt-1654 AM001_1925_EP_SU2011_AD_06 
"<se>"
	"se" Other SE lang:es 00:00:34 00:00:41 tt-1655 AM001_1925_EP_SU2011_AD_06 
"<juntaban>"
	"UNK" Verb VLfin Imp Indi Plural 3rd lang:es 00:00:34 00:00:41 tt-1656 AM001_1925_EP_SU2011_AD_06 @Gram:Imperf 
"<a>"
	"a" Preposition PREP lang:es 00:00:34 00:00:41 tt-1657 AM001_1925_EP_SU2011_AD_06 @Gram:Prep 
"<platicar>"
	"platicar" Verb VLinf Infinitive lang:es 00:00:34 00:00:41 tt-1658 AM001_1925_EP_SU2011_AD_06 
"<,>"
	"," Punctuation CM lang:es 00:00:34 00:00:41 tt-1659 AM001_1925_EP_SU2011_AD_06 
"<luego>"
	"luego" Conjunction CSUBF lang:es 00:00:34 00:00:41 tt-1660 AM001_1925_EP_SU2011_AD_06 
"<empezaban>"
	"empezar" Verb VLfin Imp Indi Plural 3rd lang:es 00:00:34 00:00:41 tt-1661 AM001_1925_EP_SU2011_AD_06 @Gram:Imperf 
<lang code="en">
"<ah>"
	"UNK" Noun NP Singular lang:en 00:00:42 00:00:49 tt-1662 AM001_1925_EP_SU2011_AD_06 
</lang>
"<bueno>"
	"bueno" Adjective ADJ Singular lang:es 00:00:42 00:00:49 tt-1663 AM001_1925_EP_SU2011_AD_06 
"<,>"
	"," Punctuation CM lang:es 00:00:42 00:00:49 tt-1664 AM001_1925_EP_SU2011_AD_06 
"<iré>"
	"ir" Verb VLfin Fut Indi Sing 1st lang:es 00:00:42 00:00:49 tt-1665 AM001_1925_EP_SU2011_AD_06 
"<a>"
	"a" Preposition PREP lang:es 00:00:42 00:00:49 tt-1666 AM001_1925_EP_SU2011_AD_06 @Gram:Prep 
"<presidente>"
	"presidente" Noun NC Singular lang:es 00:00:42 00:00:49 tt-1667 AM001_1925_EP_SU2011_AD_06 
"<,>"
	"," Punctuation CM lang:es 00:00:42 00:00:49 tt-1668 AM001_1925_EP_SU2011_AD_06 
"<a>"
	"a" Preposition PREP lang:es 00:00:42 00:00:49 tt-1669 AM001_1925_EP_SU2011_AD_06 @Gram:Prep 
"<ver>"
	"ver" Verb VLinf Infinitive lang:es 00:00:42 00:00:49 tt-1670 AM001_1925_EP_SU2011_AD_06 
"<al>"
	"al" Preposition PAL lang:es 00:00:42 00:00:49 tt-1671 AM001_1925_EP_SU2011_AD_06 @Gram:Prep 
"<presidente>"
	"presidente" Noun NC Singular lang:es 00:00:42 00:00:49 tt-1672 AM001_1925_EP_SU2011_AD_06 
"<a>"
	"a" Preposition PREP lang:es 00:00:42 00:00:49 tt-1673 AM001_1925_EP_SU2011_AD_06 @Gram:Prep 
"<México>"
	"México" Noun NP Singular lang:es 00:00:42 00:00:49 tt-1674 AM001_1925_EP_SU2011_AD_06 
"<,>"
	"," Punctuation CM lang:es 00:00:42 00:00:49 tt-1675 AM001_1925_EP_SU2011_AD_06 
"<eh>"
	"eh" Noun NP Singular lang:es 00:00:42 00:00:49 tt-1676 AM001_1925_EP_SU2011_AD_06 
"<...>"
	"..." Punctuation DOTS lang:es 00:00:42 00:00:49 tt-1677 AM001_1925_EP_SU2011_AD_06 
"<pero>"
	"pero" Conjunction CC lang:es 00:00:42 00:00:49 tt-1678 AM001_1925_EP_SU2011_AD_06 @Prag:MarcadoresDisc:Revision 
"<híjole>"
	"híjole" Noun NP Singular lang:es 00:00:42 00:00:49 tt-1679 AM001_1925_EP_SU2011_AD_06 
"<,>"
	"," Punctuation CM lang:es 00:00:42 00:00:49 tt-1680 AM001_1925_EP_SU2011_AD_06 
"<pero>"
	"pero" Conjunction CCAD lang:es 00:00:42 00:00:49 tt-1681 AM001_1925_EP_SU2011_AD_06 @Prag:MarcadoresDisc:Revision 
"<yo>"
	"yo" Pronoun PPX Singular lang:es 00:00:42 00:00:49 tt-1682 AM001_1925_EP_SU2011_AD_06 @Gram:Pron:Sujeto 
"<no>"
	"no" Adverb NEG lang:es 00:00:42 00:00:49 tt-1683 AM001_1925_EP_SU2011_AD_06 
"<tengo>"
	"tener" Verb VLfin Pres Indi Sing 1st lang:es 00:00:42 00:00:49 tt-1684 AM001_1925_EP_SU2011_AD_06 
"<dinero>"
	"dinero" Noun NC Singular lang:es 00:00:42 00:00:49 tt-1685 AM001_1925_EP_SU2011_AD_06 
"<ahorita>"
	"ahora" Adverb ADV lang:es 00:00:50 00:00:57 tt-1686 AM001_1925_EP_SU2011_AD_06 
"<$.>"
	"." Punctuation FS lang:es 00:00:50 00:00:57 tt-1687 AM001_1925_EP_SU2011_AD_06 

"<Y>"
	"Y" Other ALFS lang:es 00:00:50 00:00:57 tt-1688 AM001_1925_EP_SU2011_AD_06 
"<...>"
	"..." Punctuation DOTS lang:es 00:00:50 00:00:57 tt-1689 AM001_1925_EP_SU2011_AD_06 
"<él>"
	"él" Pronoun PPX Singular lang:es 00:00:50 00:00:57 tt-1690 AM001_1925_EP_SU2011_AD_06 @Gram:Pron:Sujeto 
"<tenía>"
	"tener" Verb VLfin Imp Indi Sing 1st_or_3rd lang:es 00:00:50 00:00:57 tt-1691 AM001_1925_EP_SU2011_AD_06 @Gram:Imperf 
"<curiosidades>"
	"curiosidad" Noun NC Plural lang:es 00:00:50 00:00:57 tt-1692 AM001_1925_EP_SU2011_AD_06 
"<en>"
	"en" Preposition PREP lang:es 00:00:50 00:00:57 tt-1693 AM001_1925_EP_SU2011_AD_06 @Gram:Prep 
"<Juárez>"
	"Juárez" Noun NP Singular lang:es 00:00:50 00:00:57 tt-1694 AM001_1925_EP_SU2011_AD_06 
"<$.>"
	"." Punctuation FS lang:es 00:00:50 00:00:57 tt-1695 AM001_1925_EP_SU2011_AD_06 

"<Hijo>"
	"hijo" Noun NC Singular lang:es 00:00:50 00:00:57 tt-1696 AM001_1925_EP_SU2011_AD_06 
"<yo>"
	"yo" Pronoun PPX Singular lang:es 00:00:50 00:00:57 tt-1697 AM001_1925_EP_SU2011_AD_06 @Gram:Pron:Sujeto 
"<tampoco>"
	"tampoco" Adverb ADV lang:es 00:00:50 00:00:57 tt-1698 AM001_1925_EP_SU2011_AD_06 
"<tengo>"
	"tener" Verb VLfin Pres Indi Sing 1st lang:es 00:00:50 00:00:57 tt-1699 AM001_1925_EP_SU2011_AD_06 
"<dinero>"
	"dinero" Noun NC Singular lang:es 00:00:50 00:00:57 tt-1700 AM001_1925_EP_SU2011_AD_06 
"<,>"
	"," Punctuation CM lang:es 00:00:50 00:00:57 tt-1701 AM001_1925_EP_SU2011_AD_06 
"<pero>"
	"pero" Conjunction CCAD lang:es 00:00:50 00:00:57 tt-1702 AM001_1925_EP_SU2011_AD_06 @Prag:MarcadoresDisc:Revision 
"<yo>"
	"yo" Pronoun PPX Singular lang:es 00:00:50 00:00:57 tt-1703 AM001_1925_EP_SU2011_AD_06 @Gram:Pron:Sujeto 
"<no>"
	"no" Adverb NEG lang:es 00:00:50 00:00:57 tt-1704 AM001_1925_EP_SU2011_AD_06 
"<iba>"
	"ir" Verb VLfin Imp Indi Sing 1st_or_3rd lang:es 00:00:50 00:00:57 tt-1705 AM001_1925_EP_SU2011_AD_06 @Gram:Imperf 
"<con>"
	"con" Preposition PREP lang:es 00:00:58 00:01:05 tt-1706 AM001_1925_EP_SU2011_AD_06 @Gram:Prep 
"<ellos>"
	"él" Pronoun PPX Plural lang:es 00:00:58 00:01:05 tt-1707 AM001_1925_EP_SU2011_AD_06 @Gram:Pron:Sujeto 
"<,>"
	"," Punctuation CM lang:es 00:00:58 00:01:05 tt-1708 AM001_1925_EP_SU2011_AD_06 
"<y>"
	"y" Conjunction CC lang:es 00:00:58 00:01:05 tt-1709 AM001_1925_EP_SU2011_AD_06 
"<luego>"
	"luego" Adverb ADV lang:es 00:00:58 00:01:05 tt-1710 AM001_1925_EP_SU2011_AD_06 
"<le>"
	"él" Pronoun PPC Singular lang:es 00:00:58 00:01:05 tt-1711 AM001_1925_EP_SU2011_AD_06 @Gram:Pron:Objeto 
"<decía>"
	"decir" Verb VLfin Imp Indi Sing 1st_or_3rd lang:es 00:00:58 00:01:05 tt-1712 AM001_1925_EP_SU2011_AD_06 @Gram:Imperf ID:169 R:Herit:Contacto:Mixtas:170 
<lang code="en">
"<ah>"
	"UNK" Noun NN lang:en 00:00:58 00:01:05 tt-1713 AM001_1925_EP_SU2011_AD_06 ID:170 
</lang>
"<cómo>"
	"cómo" Adverb ADV lang:es 00:00:58 00:01:05 tt-1714 AM001_1925_EP_SU2011_AD_06 
"<friega>"
	"fregar" Verb VLfin Pres Indi Sing 3rd lang:es 00:00:58 00:01:05 tt-1715 AM001_1925_EP_SU2011_AD_06 
"<y>"
	"y" Conjunction CC lang:es 00:00:58 00:01:05 tt-1716 AM001_1925_EP_SU2011_AD_06 
"<que>"
	"que" Conjunction CQUE lang:es 00:00:58 00:01:05 tt-1717 AM001_1925_EP_SU2011_AD_06 
"<no>"
	"no" Adverb NEG lang:es 00:00:58 00:01:05 tt-1718 AM001_1925_EP_SU2011_AD_06 
"<tengo>"
	"tener" Verb VLfin Pres Indi Sing 1st lang:es 00:00:58 00:01:05 tt-1719 AM001_1925_EP_SU2011_AD_06 
"<y>"
	"y" Conjunction CC lang:es 00:00:58 00:01:05 tt-1720 AM001_1925_EP_SU2011_AD_06 
"<que>"
	"que" Conjunction CQUE lang:es 00:00:58 00:01:05 tt-1721 AM001_1925_EP_SU2011_AD_06 
"<$.>"
	"." Punctuation FS lang:es 00:00:58 00:01:05 tt-1722 AM001_1925_EP_SU2011_AD_06 

"<Mañana>"
	"mañana" Noun NC Singular lang:es 00:00:58 00:01:05 tt-1723 AM001_1925_EP_SU2011_AD_06 
"<nos>"
	"nosotros" Pronoun PPX Plural lang:es 00:00:58 00:01:05 tt-1724 AM001_1925_EP_SU2011_AD_06 @Gram:Pron:Objeto 
"<vamos>"
	"ir" Verb VLfin Pres Indi Plural 1st lang:es 00:00:58 00:01:05 tt-1725 AM001_1925_EP_SU2011_AD_06 
"<$.>"
	"." Punctuation FS lang:es 00:00:58 00:01:05 tt-1726 AM001_1925_EP_SU2011_AD_06 

"<Y>"
	"y" Conjunction CC lang:es 00:00:58 00:01:05 tt-1727 AM001_1925_EP_SU2011_AD_06 
"<como>"
	"como" Conjunction CSUBX lang:es 00:01:06 00:01:13 tt-1728 AM001_1925_EP_SU2011_AD_06 
"<,>"
	"," Punctuation CM lang:es 00:01:06 00:01:13 tt-1729 AM001_1925_EP_SU2011_AD_06 
"<yo>"
	"yo" Pronoun PPX Singular lang:es 00:01:06 00:01:13 tt-1730 AM001_1925_EP_SU2011_AD_06 @Gram:Pron:Sujeto 
"<tengo>"
	"tener" Verb VLfin Pres Indi Sing 1st lang:es 00:01:06 00:01:13 tt-1731 AM001_1925_EP_SU2011_AD_06 
"<dinero>"
	"dinero" Noun NC Singular lang:es 00:01:06 00:01:13 tt-1732 AM001_1925_EP_SU2011_AD_06 
"<para>"
	"para" Preposition PREP lang:es 00:01:06 00:01:13 tt-1733 AM001_1925_EP_SU2011_AD_06 @Gram:Prep:Para 
"<pagar>"
	"pagar" Verb VLinf Infinitive lang:es 00:01:06 00:01:13 tt-1734 AM001_1925_EP_SU2011_AD_06 
"<todo>"
	"todo" Determiner QU lang:es 00:01:06 00:01:13 tt-1735 AM001_1925_EP_SU2011_AD_06 
"<,>"
	"," Punctuation CM lang:es 00:01:06 00:01:13 tt-1736 AM001_1925_EP_SU2011_AD_06 
"<pero>"
	"pero" Conjunction CCAD lang:es 00:01:06 00:01:13 tt-1737 AM001_1925_EP_SU2011_AD_06 @Prag:MarcadoresDisc:Revision 
"<me>"
	"yo" Pronoun PPX Singular lang:es 00:01:06 00:01:13 tt-1738 AM001_1925_EP_SU2011_AD_06 @Gram:Pron:Objeto 
"<regresan>"
	"regresar" Verb VLfin Pres Indi Plural 3rd lang:es 00:01:06 00:01:13 tt-1739 AM001_1925_EP_SU2011_AD_06 
"<ese>"
	"ese" Determiner DM Singular lang:es 00:01:06 00:01:13 tt-1740 AM001_1925_EP_SU2011_AD_06 @Gram:Det:Demo 
"<dinero>"
	"dinero" Noun NC Singular lang:es 00:01:06 00:01:13 tt-1741 AM001_1925_EP_SU2011_AD_06 
"<$.>"
	"." Punctuation FS lang:es 00:01:06 00:01:13 tt-1742 AM001_1925_EP_SU2011_AD_06 

"<Yo>"
	"yo" Pronoun PPX Singular lang:es 00:01:06 00:01:13 tt-1743 AM001_1925_EP_SU2011_AD_06 @Gram:Pron:Sujeto 
"<pago>"
	"pago" Noun NC Singular lang:es 00:01:06 00:01:13 tt-1744 AM001_1925_EP_SU2011_AD_06 
"<por>"
	"por" Preposition PREP lang:es 00:01:06 00:01:13 tt-1745 AM001_1925_EP_SU2011_AD_06 @Gram:Prep:Por 
"<todo>"
	"todo" Determiner QU lang:es 00:01:06 00:01:13 tt-1746 AM001_1925_EP_SU2011_AD_06 
"<$.>"
	"." Punctuation FS lang:es 00:01:06 00:01:13 tt-1747 AM001_1925_EP_SU2011_AD_06 

"<Y>"
	"y" Conjunction CC lang:es 00:01:14 00:01:21 tt-1748 AM001_1925_EP_SU2011_AD_06 
"<se>"
	"se" Other SE lang:es 00:01:14 00:01:21 tt-1749 AM001_1925_EP_SU2011_AD_06 
"<iban>"
	"ir" Verb VLfin Imp Indi Plural 3rd lang:es 00:01:14 00:01:21 tt-1750 AM001_1925_EP_SU2011_AD_06 @Gram:Imperf 
"<hasta>"
	"hasta" Preposition PREP lang:es 00:01:14 00:01:21 tt-1751 AM001_1925_EP_SU2011_AD_06 @Gram:Prep 
"<México>"
	"México" Noun NP Singular lang:es 00:01:14 00:01:21 tt-1752 AM001_1925_EP_SU2011_AD_06 
"<y>"
	"y" Conjunction CC lang:es 00:01:14 00:01:21 tt-1753 AM001_1925_EP_SU2011_AD_06 
"<él>"
	"él" Pronoun PPX Singular lang:es 00:01:14 00:01:21 tt-1754 AM001_1925_EP_SU2011_AD_06 @Gram:Pron:Sujeto 
"<pagaba>"
	"pagar" Verb VLfin Imp Indi Sing 1st_or_3rd lang:es 00:01:14 00:01:21 tt-1755 AM001_1925_EP_SU2011_AD_06 @Gram:Imperf 
"<todo>"
	"todo" Determiner QU lang:es 00:01:14 00:01:21 tt-1756 AM001_1925_EP_SU2011_AD_06 
"<,>"
	"," Punctuation CM lang:es 00:01:14 00:01:21 tt-1757 AM001_1925_EP_SU2011_AD_06 
"<pero>"
	"pero" Conjunction CCAD lang:es 00:01:14 00:01:21 tt-1758 AM001_1925_EP_SU2011_AD_06 @Prag:MarcadoresDisc:Revision 
"<,>"
	"," Punctuation CM lang:es 00:01:14 00:01:21 tt-1759 AM001_1925_EP_SU2011_AD_06 
"<regresaban>"
	"regresar" Verb VLfin Imp Indi Plural 3rd lang:es 00:01:14 00:01:21 tt-1760 AM001_1925_EP_SU2011_AD_06 @Gram:Imperf 
"<y>"
	"y" Conjunction CC lang:es 00:01:14 00:01:21 tt-1761 AM001_1925_EP_SU2011_AD_06 
"<todos>"
	"todo" Determiner QU lang:es 00:01:14 00:01:21 tt-1762 AM001_1925_EP_SU2011_AD_06 
"<le>"
	"él" Pronoun PPC Singular lang:es 00:01:14 00:01:21 tt-1763 AM001_1925_EP_SU2011_AD_06 @Gram:Pron:Objeto 
"<regresaban>"
	"regresar" Verb VLfin Imp Indi Plural 3rd lang:es 00:01:14 00:01:21 tt-1764 AM001_1925_EP_SU2011_AD_06 @Gram:Imperf 
"<su>"
	"suyo" Pronoun PPO Singular lang:es 00:01:14 00:01:21 tt-1765 AM001_1925_EP_SU2011_AD_06 @Gram:Det:Pos 
"<dinero>"
	"dinero" Noun NC Singular lang:es 00:01:21 00:01:28 tt-1766 AM001_1925_EP_SU2011_AD_06 
"<,>"
	"," Punctuation CM lang:es 00:01:21 00:01:28 tt-1767 AM001_1925_EP_SU2011_AD_06 
"<a>"
	"a" Preposition PREP lang:es 00:01:21 00:01:28 tt-1768 AM001_1925_EP_SU2011_AD_06 @Gram:Prep 
"<mi>"
	"mío" Pronoun PPO Singular lang:es 00:01:21 00:01:28 tt-1769 AM001_1925_EP_SU2011_AD_06 @Gram:Det:Pos 
"<hermano>"
	"hermano" Noun NC Singular lang:es 00:01:21 00:01:28 tt-1770 AM001_1925_EP_SU2011_AD_06 
"<$.>"
	"." Punctuation FS lang:es 00:01:21 00:01:28 tt-1771 AM001_1925_EP_SU2011_AD_06 

"<Él>"
	"él" Pronoun PPX Singular lang:es 00:01:21 00:01:28 tt-1772 AM001_1925_EP_SU2011_AD_06 @Gram:Pron:Sujeto 
"<tenía>"
	"tener" Verb VLfin Imp Indi Sing 1st_or_3rd lang:es 00:01:21 00:01:28 tt-1773 AM001_1925_EP_SU2011_AD_06 @Gram:Imperf 
"<propiedades>"
	"propiedad" Noun NC Plural lang:es 00:01:21 00:01:28 tt-1774 AM001_1925_EP_SU2011_AD_06 
"<en>"
	"en" Preposition PREP lang:es 00:01:21 00:01:28 tt-1775 AM001_1925_EP_SU2011_AD_06 @Gram:Prep 
"<Juárez>"
	"Juárez" Noun NP Singular lang:es 00:01:21 00:01:28 tt-1776 AM001_1925_EP_SU2011_AD_06 
"<$.>"
	"." Punctuation FS lang:es 00:01:21 00:01:28 tt-1777 AM001_1925_EP_SU2011_AD_06 

"<Estaba>"
	"estar" Verb VEfin Imp Indi Sing 1st_or_3rd lang:es 00:01:21 00:01:28 tt-1778 AM001_1925_EP_SU2011_AD_06 @Gram:Imperf @Gram:SerEstar:Estar 
"<muy>"
	"muy" Adverb ADV lang:es 00:01:21 00:01:28 tt-1779 AM001_1925_EP_SU2011_AD_06 
"<rico>"
	"rico" Adjective ADJ Singular lang:es 00:01:21 00:01:28 tt-1780 AM001_1925_EP_SU2011_AD_06 
"<$.>"
	"." Punctuation FS lang:es 00:01:21 00:01:28 tt-1781 AM001_1925_EP_SU2011_AD_06 

"<Cuando>"
	"cuando" Conjunction CSUBX lang:es 00:01:21 00:01:28 tt-1782 AM001_1925_EP_SU2011_AD_06 
"<me>"
	"yo" Pronoun PPX Singular lang:es 00:01:21 00:01:28 tt-1783 AM001_1925_EP_SU2011_AD_06 @Gram:Pron:Objeto 
"<casé>"
	"casar" Verb VLfin Pret Indi Sing 1st lang:es 00:01:21 00:01:28 tt-1784 AM001_1925_EP_SU2011_AD_06 @Gram:Indefinido 
"<,>"
	"," Punctuation CM lang:es 00:01:21 00:01:28 tt-1785 AM001_1925_EP_SU2011_AD_06 
"<él>"
	"él" Pronoun PPX Singular lang:es 00:01:30 00:01:35 tt-1786 AM001_1925_EP_SU2011_AD_06 @Gram:Pron:Sujeto 
"<tenía>"
	"tener" Verb VLfin Imp Indi Sing 1st_or_3rd lang:es 00:01:30 00:01:35 tt-1787 AM001_1925_EP_SU2011_AD_06 @Gram:Imperf 
"<como>"
	"como" Adverb ADV lang:es 00:01:30 00:01:35 tt-1788 AM001_1925_EP_SU2011_AD_06 
"<,>"
	"," Punctuation CM lang:es 00:01:30 00:01:35 tt-1789 AM001_1925_EP_SU2011_AD_06 
"<porque>"
	"porque" Conjunction CSUBX lang:es 00:01:30 00:01:35 tt-1790 AM001_1925_EP_SU2011_AD_06 @Prag:MarcadoresDisc:Causa 
"<me>"
	"yo" Pronoun PPX Singular lang:es 00:01:30 00:01:35 tt-1791 AM001_1925_EP_SU2011_AD_06 @Gram:Pron:Objeto 
"<dijo>"
	"decir" Verb VLfin Pres Indi Sing 1st lang:es 00:01:30 00:01:35 tt-1792 AM001_1925_EP_SU2011_AD_06 
"<oye>"
	"oír" Verb VLfin Pres Indi_Command Sing 2nd_3rd lang:es 00:01:30 00:01:35 tt-1793 AM001_1925_EP_SU2011_AD_06 
"<carnal>"
	"UNK" Noun NC Singular lang:es 00:01:30 00:01:35 tt-1794 AM001_1925_EP_SU2011_AD_06 
"<$¿>"
	"¿" Punctuation FS lang:es 00:01:30 00:01:35 tt-1795 AM001_1925_EP_SU2011_AD_06 
"<cuántos>"
	"UNK" Noun NC Plural lang:es 00:01:30 00:01:35 tt-1796 AM001_1925_EP_SU2011_AD_06 
"<tacuches>"
	"UNK" Noun NC Plural lang:es 00:01:30 00:01:35 tt-1797 AM001_1925_EP_SU2011_AD_06 
"<tienes>"
	"tener" Verb VLfin Pres Indi Sing 2nd lang:es 00:01:30 00:01:35 tt-1798 AM001_1925_EP_SU2011_AD_06 
"<$?>"
	"?" Punctuation FS lang:es 00:01:30 00:01:35 tt-1799 AM001_1925_EP_SU2011_AD_06 

"<Pues>"
	"pues" Conjunction CSUBF lang:es 00:01:30 00:01:35 tt-1800 AM001_1925_EP_SU2011_AD_06 
"<nada>"
	"nada" Determiner QU lang:es 00:01:30 00:01:35 tt-1801 AM001_1925_EP_SU2011_AD_06 
"<más>"
	"más" Adverb ADV lang:es 00:01:30 00:01:35 tt-1802 AM001_1925_EP_SU2011_AD_06 
"<tengo>"
	"tener" Verb VLfin Pres Indi Sing 1st lang:es 00:01:30 00:01:35 tt-1803 AM001_1925_EP_SU2011_AD_06 
"<dos>"
	"dos" Determiner CARD Plural lang:es 00:01:35 00:01:42 tt-1804 AM001_1925_EP_SU2011_AD_06 
"<carnal>"
	"UNK" Noun NC Singular lang:es 00:01:35 00:01:42 tt-1805 AM001_1925_EP_SU2011_AD_06 
"<$.>"
	"." Punctuation FS lang:es 00:01:35 00:01:42 tt-1806 AM001_1925_EP_SU2011_AD_06 

"<$¿>"
	"¿" Punctuation FS lang:es 00:01:35 00:01:42 tt-1807 AM001_1925_EP_SU2011_AD_06 
"<Por>"
	"por" Preposition PREP lang:es 00:01:35 00:01:42 tt-1808 AM001_1925_EP_SU2011_AD_06 @Gram:Prep:Por 
"<qué>"
	"qué" Pronoun INT Singular lang:es 00:01:35 00:01:42 tt-1809 AM001_1925_EP_SU2011_AD_06 
"<no>"
	"no" Adverb NEG lang:es 00:01:35 00:01:42 tt-1810 AM001_1925_EP_SU2011_AD_06 
"<me>"
	"yo" Pronoun PPX Singular lang:es 00:01:35 00:01:42 tt-1811 AM001_1925_EP_SU2011_AD_06 @Gram:Pron:Objeto 
"<lo>"
	"él" Pronoun PPC Singular lang:es 00:01:35 00:01:42 tt-1812 AM001_1925_EP_SU2011_AD_06 @Gram:Pron:Objeto 
"<has>"
	"haber" Verb VHfin Pres Indi Sing 2nd lang:es 00:01:35 00:01:42 tt-1813 AM001_1925_EP_SU2011_AD_06 ID:270 R:Gram:Aux:Haber:271 R:Gram:PerfPerif:271 
"<dicho>"
	"decir" Verb VLadj lang:es 00:01:35 00:01:42 tt-1814 AM001_1925_EP_SU2011_AD_06 ID:271 
"<$?>"
	"?" Punctuation FS lang:es 00:01:35 00:01:42 tt-1815 AM001_1925_EP_SU2011_AD_06 

"<Pues>"
	"pues" Conjunction CSUBF lang:es 00:01:35 00:01:42 tt-1816 AM001_1925_EP_SU2011_AD_06 
"<no>"
	"no" Adverb NEG lang:es 00:01:35 00:01:42 tt-1817 AM001_1925_EP_SU2011_AD_06 
"<,>"
	"," Punctuation CM lang:es 00:01:35 00:01:42 tt-1818 AM001_1925_EP_SU2011_AD_06 
"<$¿>"
	"¿" Punctuation FS lang:es 00:01:35 00:01:42 tt-1819 AM001_1925_EP_SU2011_AD_06 
"<para>"
	"para" Preposition PREP lang:es 00:01:35 00:01:42 tt-1820 AM001_1925_EP_SU2011_AD_06 @Gram:Prep:Para 
"<qué>"
	"qué" Pronoun INT Singular lang:es 00:01:35 00:01:42 tt-1821 AM001_1925_EP_SU2011_AD_06 
"<$?>"
	"?" Punctuation FS lang:es 00:01:35 00:01:42 tt-1822 AM001_1925_EP_SU2011_AD_06 

"<Bueno>"
	"bueno" Adjective ADJ Singular lang:es 00:01:35 00:01:42 tt-1823 AM001_1925_EP_SU2011_AD_06 
"<$.>"
	"." Punctuation FS lang:es 00:01:35 00:01:42 tt-1824 AM001_1925_EP_SU2011_AD_06 

"<Dijo>"
	"decir" Verb VLfin Pres Indi Sing 1st lang:es 00:01:35 00:01:42 tt-1825 AM001_1925_EP_SU2011_AD_06 
"<mira>"
	"mirar" Verb VLfin Pres Indi Sing 3rd lang:es 00:01:35 00:01:42 tt-1826 AM001_1925_EP_SU2011_AD_06 
"<,>"
	"," Punctuation CM lang:es 00:01:35 00:01:42 tt-1827 AM001_1925_EP_SU2011_AD_06 
"<ve>"
	"ver" Verb VLfin Pres Indi Sing 3rd lang:es 00:01:45 00:01:52 tt-1828 AM001_1925_EP_SU2011_AD_06 
"<asómate>"
	"asomar" Verb VLfin Pres Command Sing 2nd lang:es 00:01:45 00:01:52 tt-1829 AM001_1925_EP_SU2011_AD_06 @Gram:MImp:Informal 
"<allá>"
	"allá" Adverb ADV lang:es 00:01:45 00:01:52 tt-1830 AM001_1925_EP_SU2011_AD_06 
"<,>"
	"," Punctuation CM lang:es 00:01:45 00:01:52 tt-1831 AM001_1925_EP_SU2011_AD_06 
"<allí>"
	"allí" Adverb ADV lang:es 00:01:45 00:01:52 tt-1832 AM001_1925_EP_SU2011_AD_06 
"<en>"
	"en" Preposition PREP lang:es 00:01:45 00:01:52 tt-1833 AM001_1925_EP_SU2011_AD_06 @Gram:Prep 
"<donde>"
	"donde" Adverb ADV lang:es 00:01:45 00:01:52 tt-1834 AM001_1925_EP_SU2011_AD_06 
"<tengo>"
	"tener" Verb VLfin Pres Indi Sing 1st lang:es 00:01:45 00:01:52 tt-1835 AM001_1925_EP_SU2011_AD_06 
"<yo>"
	"yo" Pronoun PPX Singular lang:es 00:01:45 00:01:52 tt-1836 AM001_1925_EP_SU2011_AD_06 @Gram:Pron:Sujeto 
"<mis>"
	"mío" Pronoun PPO Plural Adjective ADJ lang:es 00:01:45 00:01:52 tt-1837 AM001_1925_EP_SU2011_AD_06 @Gram:Det:Pos 
"<tacuches>"
	"UNK" Noun NC Plural lang:es 00:01:45 00:01:52 tt-1838 AM001_1925_EP_SU2011_AD_06 
"<$.>"
	"." Punctuation FS lang:es 00:01:45 00:01:52 tt-1839 AM001_1925_EP_SU2011_AD_06 

"<Tenía>"
	"tener" Verb VLfin Imp Indi Sing 1st_or_3rd lang:es 00:01:45 00:01:52 tt-1840 AM001_1925_EP_SU2011_AD_06 @Gram:Imperf 
"<como>"
	"como" Adverb ADV lang:es 00:01:45 00:01:52 tt-1841 AM001_1925_EP_SU2011_AD_06 
"<ocho>"
	"ocho" Determiner CARD Singular lang:es 00:01:45 00:01:52 tt-1842 AM001_1925_EP_SU2011_AD_06 
"<vestidos>"
	"vestido" Noun NC Plural lang:es 00:01:45 00:01:52 tt-1843 AM001_1925_EP_SU2011_AD_06 
"<,>"
	"," Punctuation CM lang:es 00:01:45 00:01:52 tt-1844 AM001_1925_EP_SU2011_AD_06 
"<saco>"
	"saco" Noun NC Singular lang:es 00:01:45 00:01:52 tt-1845 AM001_1925_EP_SU2011_AD_06 
"<y>"
	"y" Conjunction CC lang:es 00:01:53 00:01:59 tt-1846 AM001_1925_EP_SU2011_AD_06 
"<pantalón>"
	"pantalón" Noun NC Singular lang:es 00:01:53 00:01:59 tt-1847 AM001_1925_EP_SU2011_AD_06 
"<$.>"
	"." Punctuation FS lang:es 00:01:53 00:01:59 tt-1848 AM001_1925_EP_SU2011_AD_06 

"<Llévate>"
	"llevar" Verb VLfin Pres Command Sing 2nd lang:es 00:01:53 00:01:59 tt-1849 AM001_1925_EP_SU2011_AD_06 @Gram:MImp:Informal 
"<los>"
	"el" Determiner ART Plural lang:es 00:01:53 00:01:59 tt-1850 AM001_1925_EP_SU2011_AD_06 @Gram:Det:Art 
"<que>"
	"que" Conjunction CQUE lang:es 00:01:53 00:01:59 tt-1851 AM001_1925_EP_SU2011_AD_06 
"<quieras>"
	"querer" Verb VLfin Past Subj Sing 2nd lang:es 00:01:53 00:01:59 tt-1852 AM001_1925_EP_SU2011_AD_06 @Gram:MSub:Pret 
"<,>"
	"," Punctuation CM lang:es 00:01:53 00:01:59 tt-1853 AM001_1925_EP_SU2011_AD_06 
"<llévate>"
	"llevar" Verb VLfin Pres Command Sing 2nd lang:es 00:01:53 00:01:59 tt-1854 AM001_1925_EP_SU2011_AD_06 @Gram:MImp:Informal 
"<unos>"
	"un" Determiner ART Plural lang:es 00:01:53 00:01:59 tt-1855 AM001_1925_EP_SU2011_AD_06 
"<dos>"
	"dos" Determiner CARD Plural lang:es 00:01:53 00:01:59 tt-1856 AM001_1925_EP_SU2011_AD_06 
"<más>"
	"más" Adverb ADV lang:es 00:01:53 00:01:59 tt-1857 AM001_1925_EP_SU2011_AD_06 
"<y>"
	"y" Conjunction CC lang:es 00:01:53 00:01:59 tt-1858 AM001_1925_EP_SU2011_AD_06 
"<lo>"
	"el" Determiner ART Singular lang:es 00:01:53 00:01:59 tt-1859 AM001_1925_EP_SU2011_AD_06 
"<que>"
	"que" Conjunction CQUE lang:es 00:01:53 00:01:59 tt-1860 AM001_1925_EP_SU2011_AD_06 
"<sea>"
	"ser" Verb VSfin Pres Subj Sing 1st_or_3rd lang:es 00:01:53 00:01:59 tt-1861 AM001_1925_EP_SU2011_AD_06 @Gram:MSub:Pres @Gram:SerEstar:Ser 
"<,>"
	"," Punctuation CM lang:es 00:01:53 00:01:59 tt-1862 AM001_1925_EP_SU2011_AD_06 
"<tú>"
	"tú" Pronoun PPX Singular lang:es 00:01:53 00:01:59 tt-1863 AM001_1925_EP_SU2011_AD_06 @Gram:Pron:Sujeto 
"<dos>"
	"dos" Determiner CARD Plural lang:es 00:01:53 00:01:59 tt-1864 AM001_1925_EP_SU2011_AD_06 
"<$.>"
	"." Punctuation FS lang:es 00:01:53 00:01:59 tt-1865 AM001_1925_EP_SU2011_AD_06 

"<Y>"
	"y" Conjunction CC lang:es 00:01:53 00:01:59 tt-1866 AM001_1925_EP_SU2011_AD_06 
"<toma>"
	"tomar" Verb VLfin Pres Indi Sing 3rd lang:es 00:01:53 00:01:59 tt-1867 AM001_1925_EP_SU2011_AD_06 
"<dinero>"
	"dinero" Noun NC Singular lang:es 00:01:59 00:02:06 tt-1868 AM001_1925_EP_SU2011_AD_06 
"<para>"
	"para" Preposition PREP lang:es 00:01:59 00:02:06 tt-1869 AM001_1925_EP_SU2011_AD_06 @Gram:Prep:Para 
"<que>"
	"que" Conjunction CQUE lang:es 00:01:59 00:02:06 tt-1870 AM001_1925_EP_SU2011_AD_06 
"<te>"
	"tú" Pronoun PPX Singular lang:es 00:01:59 00:02:06 tt-1871 AM001_1925_EP_SU2011_AD_06 @Gram:Pron:Objeto 
"<vayas>"
	"ir" Verb VLfin Pres Subj Sing 2nd lang:es 00:01:59 00:02:06 tt-1872 AM001_1925_EP_SU2011_AD_06 @Gram:MSub:Pres 
"<a>"
	"a" Preposition PREP lang:es 00:01:59 00:02:06 tt-1873 AM001_1925_EP_SU2011_AD_06 @Gram:Prep 
"<pasear>"
	"pasear" Verb VLinf Infinitive lang:es 00:01:59 00:02:06 tt-1874 AM001_1925_EP_SU2011_AD_06 
"<con>"
	"con" Preposition PREP lang:es 00:01:59 00:02:06 tt-1875 AM001_1925_EP_SU2011_AD_06 @Gram:Prep 
"<tu>"
	"tú" Pronoun PPX Singular lang:es 00:01:59 00:02:06 tt-1876 AM001_1925_EP_SU2011_AD_06 
"<esposa>"
	"esposar" Verb VLfin Pres Indi Sing 3rd lang:es 00:01:59 00:02:06 tt-1877 AM001_1925_EP_SU2011_AD_06 
"<,>"
	"," Punctuation CM lang:es 00:01:59 00:02:06 tt-1878 AM001_1925_EP_SU2011_AD_06 
"<ahora>"
	"ahora" Adverb ADV lang:es 00:01:59 00:02:06 tt-1879 AM001_1925_EP_SU2011_AD_06 
"<tu>"
	"tú" Pronoun PPX Singular lang:es 00:01:59 00:02:06 tt-1880 AM001_1925_EP_SU2011_AD_06 
"<esposa>"
	"esposar" Verb VLfin Pres Indi Sing 3rd lang:es 00:01:59 00:02:06 tt-1881 AM001_1925_EP_SU2011_AD_06 
"<,>"
	"," Punctuation CM lang:es 00:01:59 00:02:06 tt-1882 AM001_1925_EP_SU2011_AD_06 
"<que>"
	"que" Conjunction CQUE lang:es 00:01:59 00:02:06 tt-1883 AM001_1925_EP_SU2011_AD_06 
"<ya>"
	"ya" Adverb ADV lang:es 00:01:59 00:02:06 tt-1884 AM001_1925_EP_SU2011_AD_06 
"<te>"
	"tú" Pronoun PPX Singular lang:es 00:01:59 00:02:06 tt-1885 AM001_1925_EP_SU2011_AD_06 @Gram:Pron:Objeto 
"<casaste>"
	"casar" Verb VLfin Pret Indi Sing 2nd lang:es 00:01:59 00:02:06 tt-1886 AM001_1925_EP_SU2011_AD_06 @Gram:Indefinido 
"<,>"
	"," Punctuation CM lang:es 00:01:59 00:02:06 tt-1887 AM001_1925_EP_SU2011_AD_06 
"<vete>"
	"ir|ver|vetar" Verb VLfin Pres Subj Sing 1st_or_3rd lang:es 00:01:59 00:02:06 tt-1888 AM001_1925_EP_SU2011_AD_06 @Gram:MSub:Pres 
"<hasta>"
	"hasta" Preposition PREP lang:es 00:01:59 00:02:06 tt-1889 AM001_1925_EP_SU2011_AD_06 @Gram:Prep 
"<México>"
	"México" Noun NP Singular lang:es 00:02:07 00:02:14 tt-1890 AM001_1925_EP_SU2011_AD_06 
"<$.>"
	"." Punctuation FS lang:es 00:02:07 00:02:14 tt-1891 AM001_1925_EP_SU2011_AD_06 

"<Vete>"
	"ir|ver|vetar" Verb VLfin Pres Subj Sing 1st_or_3rd lang:es 00:02:07 00:02:14 tt-1892 AM001_1925_EP_SU2011_AD_06 @Gram:MSub:Pres 
"<a>"
	"a" Preposition PREP lang:es 00:02:07 00:02:14 tt-1893 AM001_1925_EP_SU2011_AD_06 @Gram:Prep 
"<Acapulco>"
	"Acapulco" Noun NP Singular lang:es 00:02:07 00:02:14 tt-1894 AM001_1925_EP_SU2011_AD_06 
"<y>"
	"y" Conjunction CC lang:es 00:02:07 00:02:14 tt-1895 AM001_1925_EP_SU2011_AD_06 
"<a>"
	"a" Preposition PREP lang:es 00:02:07 00:02:14 tt-1896 AM001_1925_EP_SU2011_AD_06 @Gram:Prep 
"<ver>"
	"ver" Verb VLinf Infinitive lang:es 00:02:07 00:02:14 tt-1897 AM001_1925_EP_SU2011_AD_06 
"<qué>"
	"qué" Pronoun INT Singular lang:es 00:02:07 00:02:14 tt-1898 AM001_1925_EP_SU2011_AD_06 
"<más>"
	"más" Adverb ADV lang:es 00:02:07 00:02:14 tt-1899 AM001_1925_EP_SU2011_AD_06 
"<,>"
	"," Punctuation CM lang:es 00:02:07 00:02:14 tt-1900 AM001_1925_EP_SU2011_AD_06 
"<ve>"
	"ver" Verb VLfin Pres Indi Sing 3rd lang:es 00:02:07 00:02:14 tt-1901 AM001_1925_EP_SU2011_AD_06 
"<a>"
	"a" Preposition PREP lang:es 00:02:07 00:02:14 tt-1902 AM001_1925_EP_SU2011_AD_06 @Gram:Prep 
"<la>"
	"el" Determiner ART Singular lang:es 00:02:07 00:02:14 tt-1903 AM001_1925_EP_SU2011_AD_06 @Gram:Det:Art 
"<Basílica>"
	"UNK" Noun NP Singular lang:es 00:02:07 00:02:14 tt-1904 AM001_1925_EP_SU2011_AD_06 
"<a>"
	"a" Preposition PREP lang:es 00:02:07 00:02:14 tt-1905 AM001_1925_EP_SU2011_AD_06 @Gram:Prep 
"<visitar>"
	"visitar" Verb VLinf Infinitive lang:es 00:02:07 00:02:14 tt-1906 AM001_1925_EP_SU2011_AD_06 
"<a>"
	"a" Preposition PREP lang:es 00:02:07 00:02:14 tt-1907 AM001_1925_EP_SU2011_AD_06 @Gram:Prep 
"<la>"
	"el" Determiner ART Singular lang:es 00:02:07 00:02:14 tt-1908 AM001_1925_EP_SU2011_AD_06 @Gram:Det:Art 
"<Virgen>"
	"Virgen" Noun NP Singular lang:es 00:02:07 00:02:14 tt-1909 AM001_1925_EP_SU2011_AD_06 
"<de>"
	"de" Preposition PREP lang:es 00:02:07 00:02:14 tt-1910 AM001_1925_EP_SU2011_AD_06 @Gram:Prep 
"<Guadalupe>"
	"Guadalupe" Noun NP Singular lang:es 00:02:07 00:02:14 tt-1911 AM001_1925_EP_SU2011_AD_06 
"<,>"
	"," Punctuation CM lang:es 00:02:07 00:02:14 tt-1912 AM001_1925_EP_SU2011_AD_06 
"<paséate>"
	"UNK" Verb VLfin Pres Subj Sing 1st_or_3rd lang:es 00:02:16 00:02:22 tt-1913 AM001_1925_EP_SU2011_AD_06 @Gram:MSub:Pres 
"<lo>"
	"el" Determiner ART Singular lang:es 00:02:16 00:02:22 tt-1914 AM001_1925_EP_SU2011_AD_06 
"<que>"
	"que" Conjunction CQUE lang:es 00:02:16 00:02:22 tt-1915 AM001_1925_EP_SU2011_AD_06 
"<quieras>"
	"querer" Verb VLfin Past Subj Sing 2nd lang:es 00:02:16 00:02:22 tt-1916 AM001_1925_EP_SU2011_AD_06 @Gram:MSub:Pret 
"<,>"
	"," Punctuation CM lang:es 00:02:16 00:02:22 tt-1917 AM001_1925_EP_SU2011_AD_06 
"<yo>"
	"yo" Pronoun PPX Singular lang:es 00:02:16 00:02:22 tt-1918 AM001_1925_EP_SU2011_AD_06 @Gram:Pron:Sujeto 
"<pago>"
	"pago" Noun NC Singular lang:es 00:02:16 00:02:22 tt-1919 AM001_1925_EP_SU2011_AD_06 
"<$.>"
	"." Punctuation FS lang:es 00:02:16 00:02:22 tt-1920 AM001_1925_EP_SU2011_AD_06 
</speaker>
</text>

