<text id="AM001_1925_EP_SU2011_AD_03">
<speaker type="int">
"<Vivía>"
	"vivir" Verb VLfin Imp Indi Sing 1st_or_3rd lang:es 00:00:00 00:00:07 tt-485 AM001_1925_EP_SU2011_AD_03 @Gram:Imperf ADD:645 
"<muy>"
	"muy" Adverb ADV lang:es 00:00:00 00:00:07 tt-486 AM001_1925_EP_SU2011_AD_03 
"<a>"
	"a" Preposition PREP lang:es 00:00:00 00:00:07 tt-487 AM001_1925_EP_SU2011_AD_03 @Gram:Prep ADD:580 
"<gusto>"
	"gusto" Noun NC Singular lang:es 00:00:00 00:00:07 tt-488 AM001_1925_EP_SU2011_AD_03 
"<,>"
	"," Punctuation CM lang:es 00:00:00 00:00:07 tt-489 AM001_1925_EP_SU2011_AD_03 
"<ganaba>"
	"ganar" Verb VLfin Imp Indi Sing 1st_or_3rd lang:es 00:00:00 00:00:07 tt-490 AM001_1925_EP_SU2011_AD_03 @Gram:Imperf ADD:645 
"<muy>"
	"muy" Adverb ADV lang:es 00:00:00 00:00:07 tt-491 AM001_1925_EP_SU2011_AD_03 
"<buenos>"
	"bueno" Adjective ADJ Plural lang:es 00:00:00 00:00:07 tt-492 AM001_1925_EP_SU2011_AD_03 
"<centavos>"
	"centavo" Noun NC Plural lang:es 00:00:00 00:00:07 tt-493 AM001_1925_EP_SU2011_AD_03 
"<en>"
	"en" Preposition PREP lang:es 00:00:00 00:00:07 tt-494 AM001_1925_EP_SU2011_AD_03 @Gram:Prep ADD:580 
"<el>"
	"el" Determiner ART Singular Masc lang:es 00:00:00 00:00:07 tt-495 AM001_1925_EP_SU2011_AD_03 
"<ordeñe>"
	"UNK" Verb VLfin Pres Subj Sing 1st_or_3rd lang:es 00:00:00 00:00:07 tt-496 AM001_1925_EP_SU2011_AD_03 @Gram:MSub:Pres ADD:738 
"<yo>"
	"yo" Pronoun PPX Singular lang:es 00:00:00 00:00:07 tt-497 AM001_1925_EP_SU2011_AD_03 @Gram:Pron:Sujeto ADD:590 
"<$.>"
	"." Punctuation FS lang:es 00:00:00 00:00:07 tt-498 AM001_1925_EP_SU2011_AD_03 

"<En>"
	"en" Preposition PREP lang:es 00:00:00 00:00:07 tt-499 AM001_1925_EP_SU2011_AD_03 @Gram:Prep ADD:580 
"<esos>"
	"ese" Determiner DM Plural lang:es 00:00:00 00:00:07 tt-500 AM001_1925_EP_SU2011_AD_03 @Gram:Det:Demo ADD:411 
"<años>"
	"año" Noun NC Plural lang:es 00:00:00 00:00:07 tt-501 AM001_1925_EP_SU2011_AD_03 
<lang code="en">
"<ah>"
	"UNK" Noun NN lang:en 00:00:00 00:00:07 tt-502 AM001_1925_EP_SU2011_AD_03 
</lang>
"<...>"
	"..." Punctuation DOTS lang:es 00:00:00 00:00:07 tt-503 AM001_1925_EP_SU2011_AD_03 
"<a>"
	"a" Preposition PREP lang:es 00:00:00 00:00:07 tt-504 AM001_1925_EP_SU2011_AD_03 @Gram:Prep ADD:580 
"<mí>"
	"yo" Pronoun PPX Singular lang:es 00:00:00 00:00:07 tt-505 AM001_1925_EP_SU2011_AD_03 
"<me>"
	"yo" Pronoun PPX Singular lang:es 00:00:08 00:00:15 tt-506 AM001_1925_EP_SU2011_AD_03 @Gram:Pron:Objeto ADD:614 
"<pagaban>"
	"pagar" Verb VLfin Imp Indi Plural 3rd lang:es 00:00:08 00:00:15 tt-507 AM001_1925_EP_SU2011_AD_03 @Gram:Imperf ADD:645 
"<dieciocho>"
	"dieciocho" Determiner CARD Singular lang:es 00:00:08 00:00:15 tt-508 AM001_1925_EP_SU2011_AD_03 
"<...>"
	"..." Punctuation DOTS lang:es 00:00:08 00:00:15 tt-509 AM001_1925_EP_SU2011_AD_03 
"<dieciocho>"
	"dieciocho" Determiner CARD Singular lang:es 00:00:08 00:00:15 tt-510 AM001_1925_EP_SU2011_AD_03 
"<pesos>"
	"peso" Noun NC Plural lang:es 00:00:08 00:00:15 tt-511 AM001_1925_EP_SU2011_AD_03 
"<por>"
	"por" Preposition PREP lang:es 00:00:08 00:00:15 tt-512 AM001_1925_EP_SU2011_AD_03 @Gram:Prep:Por SUBSTITUTE:251 ADD:574 
"<semana>"
	"semana" Noun NC Singular lang:es 00:00:08 00:00:15 tt-513 AM001_1925_EP_SU2011_AD_03 
"<$.>"
	"." Punctuation FS lang:es 00:00:08 00:00:15 tt-514 AM001_1925_EP_SU2011_AD_03 

"<Pero>"
	"pero" Conjunction CCAD lang:es 00:00:08 00:00:15 tt-515 AM001_1925_EP_SU2011_AD_03 @Prag:MarcadoresDisc:Revision ADD:998 
"<era>"
	"ser" Verb VEfin Imp Indi Sing 1st_or_3rd lang:es 00:00:08 00:00:15 tt-516 AM001_1925_EP_SU2011_AD_03 @Gram:Imperf @Gram:SerEstar:Ser ADD:645 ADD:769 
"<trabajar>"
	"trabajar" Verb VLinf Infinitive lang:es 00:00:08 00:00:15 tt-517 AM001_1925_EP_SU2011_AD_03 SUBSTITUTE:309 
"<sa>"
	"UNK" Noun NC Singular lang:es 00:00:08 00:00:15 tt-518 AM001_1925_EP_SU2011_AD_03 
"<...>"
	"..." Punctuation DOTS lang:es 00:00:08 00:00:15 tt-519 AM001_1925_EP_SU2011_AD_03 
"<ahí>"
	"ahí" Adverb ADV lang:es 00:00:08 00:00:15 tt-520 AM001_1925_EP_SU2011_AD_03 
"<no>"
	"no" Adverb NEG lang:es 00:00:08 00:00:15 tt-521 AM001_1925_EP_SU2011_AD_03 
"<había>"
	"haber" Verb VHfin Imp Indi Sing 1st_or_3rd lang:es 00:00:08 00:00:15 tt-522 AM001_1925_EP_SU2011_AD_03 @Gram:Haber:Exist ADD:785 
"<domingos>"
	"domingo" Noun NC Plural lang:es 00:00:08 00:00:15 tt-523 AM001_1925_EP_SU2011_AD_03 
"<ni>"
	"ni" Conjunction CCNEG lang:es 00:00:17 00:00:24 tt-524 AM001_1925_EP_SU2011_AD_03 
"<sábados>"
	"sábado" Noun NC Plural lang:es 00:00:17 00:00:24 tt-525 AM001_1925_EP_SU2011_AD_03 
"<,>"
	"," Punctuation CM lang:es 00:00:17 00:00:24 tt-526 AM001_1925_EP_SU2011_AD_03 
"<era>"
	"ser" Verb VEfin Imp Indi Sing 1st_or_3rd lang:es 00:00:17 00:00:24 tt-527 AM001_1925_EP_SU2011_AD_03 @Gram:Imperf @Gram:SerEstar:Ser ADD:645 ADD:769 
"<puro>"
	"puro" Adjective ADJ Singular lang:es 00:00:17 00:00:24 tt-528 AM001_1925_EP_SU2011_AD_03 
"<trabajar>"
	"trabajar" Verb VLinf Infinitive lang:es 00:00:17 00:00:24 tt-529 AM001_1925_EP_SU2011_AD_03 SUBSTITUTE:309 
"<$.>"
	"." Punctuation FS lang:es 00:00:17 00:00:24 tt-530 AM001_1925_EP_SU2011_AD_03 

"<Pero>"
	"pero" Conjunction CCAD lang:es 00:00:17 00:00:24 tt-531 AM001_1925_EP_SU2011_AD_03 @Prag:MarcadoresDisc:Revision ADD:998 
"<se>"
	"se" Other SE lang:es 00:00:17 00:00:24 tt-532 AM001_1925_EP_SU2011_AD_03 @Gram:Pron:Otros ADD:633 
"<me>"
	"yo" Pronoun PPX Singular lang:es 00:00:17 00:00:24 tt-533 AM001_1925_EP_SU2011_AD_03 @Gram:Pron:Objeto ADD:614 
"<ha>"
	"haber" Verb VHfin Pres Indi Sing 3rd lang:es 00:00:17 00:00:24 tt-534 AM001_1925_EP_SU2011_AD_03 ID:50 R:Gram:Aux:Haber:51 R:Gram:PerfPerif:51 ADDRELATION():661 
"<ido>"
	"ir" Verb VLadj lang:es 00:00:17 00:00:24 tt-535 AM001_1925_EP_SU2011_AD_03 ID:51 
"<,>"
	"," Punctuation CM lang:es 00:00:17 00:00:24 tt-536 AM001_1925_EP_SU2011_AD_03 
"<pues>"
	"pues" Conjunction CSUBF lang:es 00:00:17 00:00:24 tt-537 AM001_1925_EP_SU2011_AD_03 
"<,>"
	"," Punctuation CM lang:es 00:00:17 00:00:24 tt-538 AM001_1925_EP_SU2011_AD_03 
"<que>"
	"que" Conjunction CQUE lang:es 00:00:17 00:00:24 tt-539 AM001_1925_EP_SU2011_AD_03 
"<,>"
	"," Punctuation CM lang:es 00:00:17 00:00:24 tt-540 AM001_1925_EP_SU2011_AD_03 
"<a>"
	"a" Preposition PREP lang:es 00:00:17 00:00:24 tt-541 AM001_1925_EP_SU2011_AD_03 @Gram:Prep ADD:580 
"<la>"
	"el" Determiner ART Singular Fem lang:es 00:00:17 00:00:24 tt-542 AM001_1925_EP_SU2011_AD_03 @Gram:Det:Art ADD:395 
"<una>"
	"un" Determiner ART Singular lang:es 00:00:17 00:00:24 tt-543 AM001_1925_EP_SU2011_AD_03 
"<de>"
	"de" Preposition PREP lang:es 00:00:17 00:00:24 tt-544 AM001_1925_EP_SU2011_AD_03 @Gram:Prep ADD:580 
"<la>"
	"el" Determiner ART Singular Fem lang:es 00:00:17 00:00:24 tt-545 AM001_1925_EP_SU2011_AD_03 @Gram:Det:Art ADD:395 
"<mañana>"
	"mañana" Noun NC Singular lang:es 00:00:17 00:00:24 tt-546 AM001_1925_EP_SU2011_AD_03 
"<y>"
	"y" Conjunction CC lang:es 00:00:17 00:00:24 tt-547 AM001_1925_EP_SU2011_AD_03 
"<después>"
	"después" Adverb ADV lang:es 00:00:24 00:00:30 tt-548 AM001_1925_EP_SU2011_AD_03 
"<ya>"
	"ya" Adverb ADV lang:es 00:00:24 00:00:30 tt-549 AM001_1925_EP_SU2011_AD_03 
"<para>"
	"para" Preposition PREP lang:es 00:00:24 00:00:30 tt-550 AM001_1925_EP_SU2011_AD_03 @Gram:Prep:Para SUBSTITUTE:325 ADD:551 
"<las>"
	"el" Determiner ART Plural Fem lang:es 00:00:24 00:00:30 tt-551 AM001_1925_EP_SU2011_AD_03 @Gram:Det:Art ADD:395 
"<siete>"
	"siete" Determiner CARD Singular lang:es 00:00:24 00:00:30 tt-552 AM001_1925_EP_SU2011_AD_03 
"<y>"
	"y" Conjunction CC lang:es 00:00:24 00:00:30 tt-553 AM001_1925_EP_SU2011_AD_03 
"<ya>"
	"ya" Adverb ADV lang:es 00:00:24 00:00:30 tt-554 AM001_1925_EP_SU2011_AD_03 
"<estaba>"
	"estar" Verb VEfin Imp Indi Sing 1st_or_3rd lang:es 00:00:24 00:00:30 tt-555 AM001_1925_EP_SU2011_AD_03 @Gram:Imperf @Gram:SerEstar:Estar ADD:645 ADD:778 
"<libre>"
	"libre" Adjective ADJ Singular lang:es 00:00:24 00:00:30 tt-556 AM001_1925_EP_SU2011_AD_03 
"<para>"
	"para" Preposition PREP lang:es 00:00:24 00:00:30 tt-557 AM001_1925_EP_SU2011_AD_03 @Gram:Prep:Para SUBSTITUTE:325 ADD:525 
"<ir>"
	"ir" Verb VLinf Infinitive lang:es 00:00:24 00:00:30 tt-558 AM001_1925_EP_SU2011_AD_03 SUBSTITUTE:309 
"<a>"
	"a" Preposition PREP lang:es 00:00:24 00:00:30 tt-559 AM001_1925_EP_SU2011_AD_03 @Gram:Prep ADD:580 
"<platicar>"
	"platicar" Verb VLinf Infinitive lang:es 00:00:24 00:00:30 tt-560 AM001_1925_EP_SU2011_AD_03 SUBSTITUTE:309 
"<con>"
	"con" Preposition PREP lang:es 00:00:24 00:00:30 tt-561 AM001_1925_EP_SU2011_AD_03 @Gram:Prep ADD:580 
"<los>"
	"el" Determiner ART Plural Masc lang:es 00:00:24 00:00:30 tt-562 AM001_1925_EP_SU2011_AD_03 @Gram:Det:Art ADD:395 
"<amigos>"
	"amigo" Noun NC Plural lang:es 00:00:24 00:00:30 tt-563 AM001_1925_EP_SU2011_AD_03 
"<y>"
	"y" Conjunction CC lang:es 00:00:24 00:00:30 tt-564 AM001_1925_EP_SU2011_AD_03 
"<todo>"
	"todo" Determiner QU lang:es 00:00:24 00:00:30 tt-565 AM001_1925_EP_SU2011_AD_03 
"<eso>"
	"ese" Determiner DM Singular lang:es 00:00:24 00:00:30 tt-566 AM001_1925_EP_SU2011_AD_03 
"<$.>"
	"." Punctuation FS lang:es 00:00:24 00:00:30 tt-567 AM001_1925_EP_SU2011_AD_03 

"<Eh>"
	"eh" Noun NP Singular lang:es 00:00:24 00:00:30 tt-568 AM001_1925_EP_SU2011_AD_03 
"<...>"
	"..." Punctuation DOTS lang:es 00:00:24 00:00:30 tt-569 AM001_1925_EP_SU2011_AD_03 
"<me>"
	"yo" Pronoun PPX Singular lang:es 00:00:24 00:00:30 tt-570 AM001_1925_EP_SU2011_AD_03 @Gram:Pron:Objeto ADD:614 
"<iba>"
	"ir" Verb VLfin Imp Indi Sing 1st_or_3rd lang:es 00:00:30 00:00:37 tt-571 AM001_1925_EP_SU2011_AD_03 @Gram:Imperf ADD:645 
"<a>"
	"a" Preposition PREP lang:es 00:00:30 00:00:37 tt-572 AM001_1925_EP_SU2011_AD_03 @Gram:Prep ADD:580 
"<mi>"
	"mío" Pronoun PPO Singular lang:es 00:00:30 00:00:37 tt-573 AM001_1925_EP_SU2011_AD_03 @Gram:Det:Pos ADD:425 
"<casa>"
	"casa" Noun NC Singular lang:es 00:00:30 00:00:37 tt-574 AM001_1925_EP_SU2011_AD_03 
"<,>"
	"," Punctuation CM lang:es 00:00:30 00:00:37 tt-575 AM001_1925_EP_SU2011_AD_03 
"<estaba>"
	"estar" Verb VEfin Imp Indi Sing 1st_or_3rd lang:es 00:00:30 00:00:37 tt-576 AM001_1925_EP_SU2011_AD_03 @Gram:Imperf @Gram:SerEstar:Estar ADD:645 ADD:778 
"<con>"
	"con" Preposition PREP lang:es 00:00:30 00:00:37 tt-577 AM001_1925_EP_SU2011_AD_03 @Gram:Prep ADD:580 
"<mi>"
	"mío" Pronoun PPO Singular lang:es 00:00:30 00:00:37 tt-578 AM001_1925_EP_SU2011_AD_03 @Gram:Det:Pos ADD:425 
"<abuelita>"
	"abuelita|abuelo" Noun NC Singular lang:es 00:00:30 00:00:37 tt-579 AM001_1925_EP_SU2011_AD_03 
"<$.>"
	"." Punctuation FS lang:es 00:00:30 00:00:37 tt-580 AM001_1925_EP_SU2011_AD_03 

"<En>"
	"en" Preposition PREP lang:es 00:00:30 00:00:37 tt-581 AM001_1925_EP_SU2011_AD_03 @Gram:Prep ADD:580 
"<ese>"
	"ese" Determiner DM Singular lang:es 00:00:30 00:00:37 tt-582 AM001_1925_EP_SU2011_AD_03 @Gram:Det:Demo ADD:411 
"<tiempo>"
	"tiempo" Noun NC Singular lang:es 00:00:30 00:00:37 tt-583 AM001_1925_EP_SU2011_AD_03 
"<no>"
	"no" Adverb NEG lang:es 00:00:30 00:00:37 tt-584 AM001_1925_EP_SU2011_AD_03 
"<había>"
	"haber" Verb VHfin Imp Indi Sing 1st_or_3rd lang:es 00:00:30 00:00:37 tt-585 AM001_1925_EP_SU2011_AD_03 @Gram:Haber:Exist ADD:785 
"<relojes>"
	"reloj" Noun NC Plural lang:es 00:00:30 00:00:37 tt-586 AM001_1925_EP_SU2011_AD_03 
"<,>"
	"," Punctuation CM lang:es 00:00:30 00:00:37 tt-587 AM001_1925_EP_SU2011_AD_03 
"<no>"
	"no" Adverb NEG lang:es 00:00:30 00:00:37 tt-588 AM001_1925_EP_SU2011_AD_03 
"<teníamos>"
	"tener" Verb VLfin Imp Indi Plural 1st lang:es 00:00:30 00:00:37 tt-589 AM001_1925_EP_SU2011_AD_03 @Gram:Imperf ADD:645 
"<pues>"
	"pues" Conjunction CSUBF lang:es 00:00:38 00:00:45 tt-590 AM001_1925_EP_SU2011_AD_03 
"<nosotros>"
	"nosotros" Pronoun PPX Plural lang:es 00:00:38 00:00:45 tt-591 AM001_1925_EP_SU2011_AD_03 @Gram:Pron:Sujeto ADD:590 
"<,>"
	"," Punctuation CM lang:es 00:00:38 00:00:45 tt-592 AM001_1925_EP_SU2011_AD_03 
"<ni>"
	"ni" Conjunction CCNEG lang:es 00:00:38 00:00:45 tt-593 AM001_1925_EP_SU2011_AD_03 
"<hielera>"
	"UNK" Noun NC Singular lang:es 00:00:38 00:00:45 tt-594 AM001_1925_EP_SU2011_AD_03 
"<,>"
	"," Punctuation CM lang:es 00:00:38 00:00:45 tt-595 AM001_1925_EP_SU2011_AD_03 
"<ni>"
	"ni" Conjunction CCNEG lang:es 00:00:38 00:00:45 tt-596 AM001_1925_EP_SU2011_AD_03 
"<nada>"
	"nada" Determiner QU lang:es 00:00:38 00:00:45 tt-597 AM001_1925_EP_SU2011_AD_03 
"<$.>"
	"." Punctuation FS lang:es 00:00:38 00:00:45 tt-598 AM001_1925_EP_SU2011_AD_03 

"<Pero>"
	"pero" Conjunction CCAD lang:es 00:00:38 00:00:45 tt-599 AM001_1925_EP_SU2011_AD_03 @Prag:MarcadoresDisc:Revision ADD:998 
"<mi>"
	"mío" Pronoun PPO Singular lang:es 00:00:38 00:00:45 tt-600 AM001_1925_EP_SU2011_AD_03 @Gram:Det:Pos ADD:425 
"<mamá>"
	"mamá" Noun NC Singular lang:es 00:00:38 00:00:45 tt-601 AM001_1925_EP_SU2011_AD_03 
"<como>"
	"como" Conjunction CSUBX lang:es 00:00:38 00:00:45 tt-602 AM001_1925_EP_SU2011_AD_03 
"<no>"
	"no" Adverb NEG lang:es 00:00:38 00:00:45 tt-603 AM001_1925_EP_SU2011_AD_03 
"<podía>"
	"poder" Verb VLfin Imp Indi Sing 1st_or_3rd lang:es 00:00:38 00:00:45 tt-604 AM001_1925_EP_SU2011_AD_03 @Gram:Imperf ADD:645 
"<andar>"
	"andar" Verb VLinf Infinitive lang:es 00:00:38 00:00:45 tt-605 AM001_1925_EP_SU2011_AD_03 SUBSTITUTE:309 
"<muy>"
	"muy" Adverb ADV lang:es 00:00:38 00:00:45 tt-606 AM001_1925_EP_SU2011_AD_03 
"<bien>"
	"bien" Adverb ADV lang:es 00:00:38 00:00:45 tt-607 AM001_1925_EP_SU2011_AD_03 
"<,>"
	"," Punctuation CM lang:es 00:00:38 00:00:45 tt-608 AM001_1925_EP_SU2011_AD_03 
"<estaba>"
	"estar" Verb VEfin Imp Indi Sing 1st_or_3rd lang:es 00:00:38 00:00:45 tt-609 AM001_1925_EP_SU2011_AD_03 @Gram:Imperf @Gram:SerEstar:Estar ADD:645 ADD:778 
"<un>"
	"un" Determiner ART Singular lang:es 00:00:45 00:00:52 tt-610 AM001_1925_EP_SU2011_AD_03 
"<poco>"
	"pocos" Determiner QU lang:es 00:00:45 00:00:52 tt-611 AM001_1925_EP_SU2011_AD_03 
"<parali>"
	"UNK" Noun NP Singular lang:es 00:00:45 00:00:52 tt-612 AM001_1925_EP_SU2011_AD_03 
"<...>"
	"..." Punctuation DOTS lang:es 00:00:45 00:00:52 tt-613 AM001_1925_EP_SU2011_AD_03 
<lang code="en">
"<ah>"
	"UNK" Noun NN lang:en 00:00:45 00:00:52 tt-614 AM001_1925_EP_SU2011_AD_03 
</lang>
"<...>"
	"..." Punctuation DOTS lang:es 00:00:45 00:00:52 tt-615 AM001_1925_EP_SU2011_AD_03 
"<me>"
	"yo" Pronoun PPX Singular lang:es 00:00:45 00:00:52 tt-616 AM001_1925_EP_SU2011_AD_03 @Gram:Pron:Objeto ADD:614 
"<decía>"
	"decir" Verb VLfin Imp Indi Sing 1st_or_3rd lang:es 00:00:45 00:00:52 tt-617 AM001_1925_EP_SU2011_AD_03 @Gram:Imperf ADD:645 
"<cuando>"
	"cuando" Conjunction CSUBX lang:es 00:00:45 00:00:52 tt-618 AM001_1925_EP_SU2011_AD_03 
"<llegaba>"
	"llegar" Verb VLfin Imp Indi Sing 1st_or_3rd lang:es 00:00:45 00:00:52 tt-619 AM001_1925_EP_SU2011_AD_03 @Gram:Imperf ADD:645 
"<yo>"
	"yo" Pronoun PPX Singular lang:es 00:00:45 00:00:52 tt-620 AM001_1925_EP_SU2011_AD_03 @Gram:Pron:Sujeto ADD:590 
"<,>"
	"," Punctuation CM lang:es 00:00:45 00:00:52 tt-621 AM001_1925_EP_SU2011_AD_03 
"<en>"
	"en" Preposition PREP lang:es 00:00:45 00:00:52 tt-622 AM001_1925_EP_SU2011_AD_03 @Gram:Prep ADD:580 
"<la>"
	"el" Determiner ART Singular Fem lang:es 00:00:45 00:00:52 tt-623 AM001_1925_EP_SU2011_AD_03 @Gram:Det:Art ADD:395 
"<mañana>"
	"mañana" Noun NC Singular lang:es 00:00:45 00:00:52 tt-624 AM001_1925_EP_SU2011_AD_03 
"<,>"
	"," Punctuation CM lang:es 00:00:45 00:00:52 tt-625 AM001_1925_EP_SU2011_AD_03 
"<como>"
	"como" Conjunction CSUBX lang:es 00:00:45 00:00:52 tt-626 AM001_1925_EP_SU2011_AD_03 
"<a>"
	"a" Preposition PREP lang:es 00:00:45 00:00:52 tt-627 AM001_1925_EP_SU2011_AD_03 @Gram:Prep ADD:580 
"<las>"
	"el" Determiner ART Plural Fem lang:es 00:00:45 00:00:52 tt-628 AM001_1925_EP_SU2011_AD_03 @Gram:Det:Art ADD:395 
"<siete>"
	"siete" Determiner CARD Singular lang:es 00:00:45 00:00:52 tt-629 AM001_1925_EP_SU2011_AD_03 
"<,>"
	"," Punctuation CM lang:es 00:00:45 00:00:52 tt-630 AM001_1925_EP_SU2011_AD_03 
"<me>"
	"yo" Pronoun PPX Singular lang:es 00:00:45 00:00:52 tt-631 AM001_1925_EP_SU2011_AD_03 @Gram:Pron:Objeto ADD:614 
"<decía>"
	"decir" Verb VLfin Imp Indi Sing 1st_or_3rd lang:es 00:00:45 00:00:52 tt-632 AM001_1925_EP_SU2011_AD_03 @Gram:Imperf ADD:645 
"<almuerce>"
	"UNK" Verb VLfin Pres Subj Sing 1st_or_3rd lang:es 00:00:52 00:00:59 tt-633 AM001_1925_EP_SU2011_AD_03 @Gram:MSub:Pres ADD:738 
"<mi>"
	"mío" Pronoun PPO Singular lang:es 00:00:52 00:00:59 tt-634 AM001_1925_EP_SU2011_AD_03 @Gram:Det:Pos ADD:425 
"<hijo>"
	"hijo" Noun NC Singular lang:es 00:00:52 00:00:59 tt-635 AM001_1925_EP_SU2011_AD_03 
"<y>"
	"y" Conjunction CC lang:es 00:00:52 00:00:59 tt-636 AM001_1925_EP_SU2011_AD_03 
"<sáqueme>"
	"UNK" Verb VLfin Pres Subj Sing 1st_or_3rd lang:es 00:00:52 00:00:59 tt-637 AM001_1925_EP_SU2011_AD_03 @Gram:MSub:Pres ADD:738 
"<un>"
	"un" Determiner ART Singular lang:es 00:00:52 00:00:59 tt-638 AM001_1925_EP_SU2011_AD_03 
"<rato>"
	"rato" Noun NC Singular lang:es 00:00:52 00:00:59 tt-639 AM001_1925_EP_SU2011_AD_03 
"<afuera>"
	"afuera" Noun NP Singular lang:es 00:00:52 00:00:59 tt-640 AM001_1925_EP_SU2011_AD_03 
"<$.>"
	"." Punctuation FS lang:es 00:00:52 00:00:59 tt-641 AM001_1925_EP_SU2011_AD_03 

"<Ya>"
	"ya" Adverb ADV lang:es 00:00:52 00:00:59 tt-642 AM001_1925_EP_SU2011_AD_03 
"<sabe>"
	"saber" Verb VLfin Pres Indi Sing 3rd lang:es 00:00:52 00:00:59 tt-643 AM001_1925_EP_SU2011_AD_03 
"<,>"
	"," Punctuation CM lang:es 00:00:52 00:00:59 tt-644 AM001_1925_EP_SU2011_AD_03 
"<está>"
	"estar" Verb VEfin Pres Indi Sing 3rd lang:es 00:00:52 00:00:59 tt-645 AM001_1925_EP_SU2011_AD_03 @Gram:SerEstar:Estar ADD:778 
"<muy>"
	"muy" Adverb ADV lang:es 00:00:52 00:00:59 tt-646 AM001_1925_EP_SU2011_AD_03 
"<alto>"
	"alto" Adjective ADJ Singular lang:es 00:00:52 00:00:59 tt-647 AM001_1925_EP_SU2011_AD_03 
"<para>"
	"para" Preposition PREP lang:es 00:00:52 00:00:59 tt-648 AM001_1925_EP_SU2011_AD_03 @Gram:Prep:Para SUBSTITUTE:325 ADD:525 
"<salir>"
	"salir" Verb VLinf Infinitive lang:es 00:00:52 00:00:59 tt-649 AM001_1925_EP_SU2011_AD_03 SUBSTITUTE:309 
"<,>"
	"," Punctuation CM lang:es 00:00:52 00:00:59 tt-650 AM001_1925_EP_SU2011_AD_03 
"<no>"
	"no" Adverb NEG lang:es 00:00:52 00:00:59 tt-651 AM001_1925_EP_SU2011_AD_03 
"<puedo>"
	"poder" Verb VLfin Pres Indi Sing 1st lang:es 00:00:52 00:00:59 tt-652 AM001_1925_EP_SU2011_AD_03 
"<salir>"
	"salir" Verb VLinf Infinitive lang:es 00:00:59 00:01:06 tt-653 AM001_1925_EP_SU2011_AD_03 SUBSTITUTE:309 
"<$.>"
	"." Punctuation FS lang:es 00:00:59 00:01:06 tt-654 AM001_1925_EP_SU2011_AD_03 

"<La>"
	"el" Determiner ART Singular Fem lang:es 00:00:59 00:01:06 tt-655 AM001_1925_EP_SU2011_AD_03 @Gram:Pron:Objeto ADD:608 
"<sacaba>"
	"sacar" Verb VLfin Imp Indi Sing 1st_or_3rd lang:es 00:00:59 00:01:06 tt-656 AM001_1925_EP_SU2011_AD_03 @Gram:Imperf ADD:645 
"<y>"
	"y" Conjunction CC lang:es 00:00:59 00:01:06 tt-657 AM001_1925_EP_SU2011_AD_03 
"<se>"
	"se" Other SE lang:es 00:00:59 00:01:06 tt-658 AM001_1925_EP_SU2011_AD_03 
"<sentaba>"
	"UNK" Verb VLfin Imp Indi Sing 1st_or_3rd lang:es 00:00:59 00:01:06 tt-659 AM001_1925_EP_SU2011_AD_03 @Gram:Imperf ADD:645 
"<allá>"
	"allá" Adverb ADV lang:es 00:00:59 00:01:06 tt-660 AM001_1925_EP_SU2011_AD_03 
"<afuera>"
	"afuera" Adverb ADV lang:es 00:00:59 00:01:06 tt-661 AM001_1925_EP_SU2011_AD_03 
"<$.>"
	"." Punctuation FS lang:es 00:00:59 00:01:06 tt-662 AM001_1925_EP_SU2011_AD_03 

"<Y>"
	"y" Conjunction CC lang:es 00:00:59 00:01:06 tt-663 AM001_1925_EP_SU2011_AD_03 
"<me>"
	"yo" Pronoun PPX Singular lang:es 00:00:59 00:01:06 tt-664 AM001_1925_EP_SU2011_AD_03 @Gram:Pron:Objeto ADD:614 
"<decía>"
	"decir" Verb VLfin Imp Indi Sing 1st_or_3rd lang:es 00:00:59 00:01:06 tt-665 AM001_1925_EP_SU2011_AD_03 @Gram:Imperf ADD:645 
"<ella>"
	"él" Pronoun PPX Singular lang:es 00:00:59 00:01:06 tt-666 AM001_1925_EP_SU2011_AD_03 @Gram:Pron:Sujeto ADD:590 
"<,>"
	"," Punctuation CM lang:es 00:00:59 00:01:06 tt-667 AM001_1925_EP_SU2011_AD_03 
"<me>"
	"yo" Pronoun PPX Singular lang:es 00:00:59 00:01:06 tt-668 AM001_1925_EP_SU2011_AD_03 @Gram:Pron:Objeto ADD:614 
"<decía>"
	"decir" Verb VLfin Imp Indi Sing 1st_or_3rd lang:es 00:00:59 00:01:06 tt-669 AM001_1925_EP_SU2011_AD_03 @Gram:Imperf ADD:645 
"<,>"
	"," Punctuation CM lang:es 00:00:59 00:01:06 tt-670 AM001_1925_EP_SU2011_AD_03 
"<decía>"
	"decir" Verb VLfin Imp Indi Sing 1st_or_3rd lang:es 00:00:59 00:01:06 tt-671 AM001_1925_EP_SU2011_AD_03 @Gram:Imperf ADD:645 
"<$¿>"
	"¿" Punctuation FS lang:es 00:00:59 00:01:06 tt-672 AM001_1925_EP_SU2011_AD_03 
"<a>"
	"a" Preposition PREP lang:es 00:00:59 00:01:06 tt-673 AM001_1925_EP_SU2011_AD_03 @Gram:Prep ADD:580 
"<qué>"
	"qué" Pronoun INT Singular lang:es 00:00:59 00:01:06 tt-674 AM001_1925_EP_SU2011_AD_03 
"<hora>"
	"hora" Noun NC Singular lang:es 00:00:59 00:01:06 tt-675 AM001_1925_EP_SU2011_AD_03 
"<se>"
	"se" Other SE lang:es 00:00:59 00:01:06 tt-676 AM001_1925_EP_SU2011_AD_03 
"<va>"
	"ir" Verb VLfin Pres Indi Sing 3rd lang:es 00:00:59 00:01:06 tt-677 AM001_1925_EP_SU2011_AD_03 ID:193 R:Gram:VFut:Perifrasis:195 ADDRELATION(Gram:VFut:Perifrasis):673 
"<a>"
	"a" Preposition PREP lang:es 00:00:59 00:01:06 tt-678 AM001_1925_EP_SU2011_AD_03 @Gram:Prep ADD:580 
"<ir>"
	"ir" Verb VLinf Infinitive lang:es 00:00:59 00:01:06 tt-679 AM001_1925_EP_SU2011_AD_03 ID:195 SUBSTITUTE:309 
"<mi>"
	"mío" Pronoun PPO Singular lang:es 00:01:06 00:01:13 tt-680 AM001_1925_EP_SU2011_AD_03 @Gram:Det:Pos ADD:425 
"<hijo>"
	"hijo" Noun NC Singular lang:es 00:01:06 00:01:13 tt-681 AM001_1925_EP_SU2011_AD_03 
"<$?>"
	"?" Punctuation FS lang:es 00:01:06 00:01:13 tt-682 AM001_1925_EP_SU2011_AD_03 

"<Y>"
	"y" Conjunction CC lang:es 00:01:06 00:01:13 tt-683 AM001_1925_EP_SU2011_AD_03 
"<le>"
	"él" Pronoun PPC Singular lang:es 00:01:06 00:01:13 tt-684 AM001_1925_EP_SU2011_AD_03 @Gram:Pron:Objeto ADD:620 
"<digo>"
	"decir" Verb VLfin Pres Indi Sing 1st lang:es 00:01:06 00:01:13 tt-685 AM001_1925_EP_SU2011_AD_03 
"<mire>"
	"mirar" Verb VLfin Pres Subj Sing 1st_or_3rd lang:es 00:01:06 00:01:13 tt-686 AM001_1925_EP_SU2011_AD_03 @Gram:MSub:Pres ADD:738 
"<cuando>"
	"cuando" Conjunction CSUBX lang:es 00:01:06 00:01:13 tt-687 AM001_1925_EP_SU2011_AD_03 
"<venga>"
	"vengar|venir" Verb VLfin Pres Subj Sing 1st_or_3rd lang:es 00:01:06 00:01:13 tt-688 AM001_1925_EP_SU2011_AD_03 @Gram:MSub:Pres ADD:738 
"<la>"
	"el" Determiner ART Singular Fem lang:es 00:01:06 00:01:13 tt-689 AM001_1925_EP_SU2011_AD_03 @Gram:Det:Art ADD:395 
"<sombra>"
	"sombra" Noun NC Singular lang:es 00:01:06 00:01:13 tt-690 AM001_1925_EP_SU2011_AD_03 
"<aquí>"
	"aquí" Adverb ADV lang:es 00:01:06 00:01:13 tt-691 AM001_1925_EP_SU2011_AD_03 
"<me>"
	"yo" Pronoun PPX Singular lang:es 00:01:06 00:01:13 tt-692 AM001_1925_EP_SU2011_AD_03 @Gram:Pron:Objeto ADD:614 
"<habla>"
	"hablar" Verb VLfin Pres Indi Sing 3rd lang:es 00:01:06 00:01:13 tt-693 AM001_1925_EP_SU2011_AD_03 
"<,>"
	"," Punctuation CM lang:es 00:01:06 00:01:13 tt-694 AM001_1925_EP_SU2011_AD_03 
"<porque>"
	"porque" Conjunction CSUBX lang:es 00:01:06 00:01:13 tt-695 AM001_1925_EP_SU2011_AD_03 @Prag:MarcadoresDisc:Causa ADD:1051 
"<me>"
	"yo" Pronoun PPX Singular lang:es 00:01:06 00:01:13 tt-696 AM001_1925_EP_SU2011_AD_03 @Gram:Pron:Objeto ADD:614 
"<tengo>"
	"tener" Verb VLfin Pres Indi Sing 1st lang:es 00:01:06 00:01:13 tt-697 AM001_1925_EP_SU2011_AD_03 
"<que>"
	"que" Conjunction CQUE lang:es 00:01:06 00:01:13 tt-698 AM001_1925_EP_SU2011_AD_03 
"<ir>"
	"ir" Verb VLinf Infinitive lang:es 00:01:06 00:01:13 tt-699 AM001_1925_EP_SU2011_AD_03 SUBSTITUTE:309 
"<otra>"
	"otro" Determiner QU lang:es 00:01:06 00:01:13 tt-700 AM001_1925_EP_SU2011_AD_03 
"<vez>"
	"vez" Noun NC Singular lang:es 00:01:13 00:01:20 tt-701 AM001_1925_EP_SU2011_AD_03 
"<a>"
	"a" Preposition PREP lang:es 00:01:13 00:01:20 tt-702 AM001_1925_EP_SU2011_AD_03 @Gram:Prep ADD:580 
"<ordeñar>"
	"ordeñar" Verb VLinf Infinitive lang:es 00:01:13 00:01:20 tt-703 AM001_1925_EP_SU2011_AD_03 SUBSTITUTE:309 
"<,>"
	"," Punctuation CM lang:es 00:01:13 00:01:20 tt-704 AM001_1925_EP_SU2011_AD_03 
"<en>"
	"en" Preposition PREP lang:es 00:01:13 00:01:20 tt-705 AM001_1925_EP_SU2011_AD_03 @Gram:Prep ADD:580 
"<la>"
	"el" Determiner ART Singular Fem lang:es 00:01:13 00:01:20 tt-706 AM001_1925_EP_SU2011_AD_03 @Gram:Det:Art ADD:395 
"<tarde>"
	"tarde" Adverb ADV lang:es 00:01:13 00:01:20 tt-707 AM001_1925_EP_SU2011_AD_03 
"<$.>"
	"." Punctuation FS lang:es 00:01:13 00:01:20 tt-708 AM001_1925_EP_SU2011_AD_03 

"<Que>"
	"que" Conjunction CQUE lang:es 00:01:13 00:01:20 tt-709 AM001_1925_EP_SU2011_AD_03 
"<venía>"
	"venir" Verb VLfin Imp Indi Sing 1st_or_3rd lang:es 00:01:13 00:01:20 tt-710 AM001_1925_EP_SU2011_AD_03 @Gram:Imperf ADD:645 
"<siendo>"
	"ser" Verb VSger Gerund lang:es 00:01:13 00:01:20 tt-711 AM001_1925_EP_SU2011_AD_03 @Gram:SerEstar:Ser ADD:769 
"<como>"
	"como" Adverb ADV lang:es 00:01:13 00:01:20 tt-712 AM001_1925_EP_SU2011_AD_03 
"<la>"
	"el" Determiner ART Singular Fem lang:es 00:01:13 00:01:20 tt-713 AM001_1925_EP_SU2011_AD_03 @Gram:Det:Art ADD:395 
"<una>"
	"un" Determiner ART Singular lang:es 00:01:13 00:01:20 tt-714 AM001_1925_EP_SU2011_AD_03 
"<o>"
	"o" Conjunction CC lang:es 00:01:13 00:01:20 tt-715 AM001_1925_EP_SU2011_AD_03 
"<las>"
	"él" Pronoun PPC Plural lang:es 00:01:13 00:01:20 tt-716 AM001_1925_EP_SU2011_AD_03 @Gram:Pron:Objeto ADD:620 
"<dos>"
	"dos" Determiner CARD Plural lang:es 00:01:13 00:01:20 tt-717 AM001_1925_EP_SU2011_AD_03 
"<que>"
	"que" Conjunction CQUE lang:es 00:01:13 00:01:20 tt-718 AM001_1925_EP_SU2011_AD_03 
"<iba>"
	"ir" Verb VLfin Imp Indi Sing 1st_or_3rd lang:es 00:01:13 00:01:20 tt-719 AM001_1925_EP_SU2011_AD_03 @Gram:Imperf ADD:645 
"<otra>"
	"otro" Determiner QU lang:es 00:01:13 00:01:20 tt-720 AM001_1925_EP_SU2011_AD_03 
"<vez>"
	"vez" Noun NC Singular lang:es 00:01:13 00:01:20 tt-721 AM001_1925_EP_SU2011_AD_03 
"<a>"
	"a" Preposition PREP lang:es 00:01:13 00:01:20 tt-722 AM001_1925_EP_SU2011_AD_03 @Gram:Prep ADD:580 
"<trabajar>"
	"trabajar" Verb VLinf Infinitive lang:es 00:01:13 00:01:20 tt-723 AM001_1925_EP_SU2011_AD_03 SUBSTITUTE:309 
"<en>"
	"en" Preposition PREP lang:es 00:01:22 00:01:29 tt-724 AM001_1925_EP_SU2011_AD_03 @Gram:Prep ADD:580 
"<la>"
	"el" Determiner ART Singular Fem lang:es 00:01:22 00:01:29 tt-725 AM001_1925_EP_SU2011_AD_03 @Gram:Det:Art ADD:395 
"<ordeña>"
	"UNK" Noun NC Singular lang:es 00:01:22 00:01:29 tt-726 AM001_1925_EP_SU2011_AD_03 
"<$.>"
	"." Punctuation FS lang:es 00:01:22 00:01:29 tt-727 AM001_1925_EP_SU2011_AD_03 

"<Y>"
	"y" Conjunction CC lang:es 00:01:22 00:01:29 tt-728 AM001_1925_EP_SU2011_AD_03 
"<terminaba>"
	"terminar" Verb VLfin Imp Indi Sing 1st_or_3rd lang:es 00:01:22 00:01:29 tt-729 AM001_1925_EP_SU2011_AD_03 @Gram:Imperf ADD:645 
"<el>"
	"el" Determiner ART Singular Masc lang:es 00:01:22 00:01:29 tt-730 AM001_1925_EP_SU2011_AD_03 @Gram:Det:Art ADD:395 
"<trabajo>"
	"trabajo" Noun NC Singular lang:es 00:01:22 00:01:29 tt-731 AM001_1925_EP_SU2011_AD_03 
"<de>"
	"de" Preposition PREP lang:es 00:01:22 00:01:29 tt-732 AM001_1925_EP_SU2011_AD_03 @Gram:Prep ADD:580 
"<la>"
	"el" Determiner ART Singular Fem lang:es 00:01:22 00:01:29 tt-733 AM001_1925_EP_SU2011_AD_03 @Gram:Det:Art ADD:395 
"<ordeña>"
	"UNK" Noun NC Singular lang:es 00:01:22 00:01:29 tt-734 AM001_1925_EP_SU2011_AD_03 
"<como>"
	"como" Adverb ADV lang:es 00:01:22 00:01:29 tt-735 AM001_1925_EP_SU2011_AD_03 
"<a>"
	"a" Preposition PREP lang:es 00:01:22 00:01:29 tt-736 AM001_1925_EP_SU2011_AD_03 @Gram:Prep ADD:580 
"<las>"
	"el" Determiner ART Plural Fem lang:es 00:01:22 00:01:29 tt-737 AM001_1925_EP_SU2011_AD_03 @Gram:Det:Art ADD:395 
"<cinco>"
	"cinco" Determiner CARD Singular lang:es 00:01:22 00:01:29 tt-738 AM001_1925_EP_SU2011_AD_03 
"<ya>"
	"ya" Adverb ADV lang:es 00:01:22 00:01:29 tt-739 AM001_1925_EP_SU2011_AD_03 
"<libre>"
	"libre" Adjective ADJ Singular lang:es 00:01:22 00:01:29 tt-740 AM001_1925_EP_SU2011_AD_03 
"<,>"
	"," Punctuation CM lang:es 00:01:22 00:01:29 tt-741 AM001_1925_EP_SU2011_AD_03 
"<ahora>"
	"ahora" Adverb ADV lang:es 00:01:22 00:01:29 tt-742 AM001_1925_EP_SU2011_AD_03 
"<sí>"
	"sí" Adverb ADV lang:es 00:01:22 00:01:29 tt-743 AM001_1925_EP_SU2011_AD_03 
"<ya>"
	"ya" Adverb ADV lang:es 00:01:22 00:01:29 tt-744 AM001_1925_EP_SU2011_AD_03 
"<,>"
	"," Punctuation CM lang:es 00:01:22 00:01:29 tt-745 AM001_1925_EP_SU2011_AD_03 
"<hasta>"
	"hasta" Preposition PREP lang:es 00:01:31 00:01:38 tt-746 AM001_1925_EP_SU2011_AD_03 @Gram:Prep ADD:580 
"<la>"
	"el" Determiner ART Singular Fem lang:es 00:01:31 00:01:38 tt-747 AM001_1925_EP_SU2011_AD_03 @Gram:Det:Art ADD:395 
"<una>"
	"un" Determiner ART Singular lang:es 00:01:31 00:01:38 tt-748 AM001_1925_EP_SU2011_AD_03 
"<de>"
	"de" Preposition PREP lang:es 00:01:31 00:01:38 tt-749 AM001_1925_EP_SU2011_AD_03 @Gram:Prep ADD:580 
"<la>"
	"el" Determiner ART Singular Fem lang:es 00:01:31 00:01:38 tt-750 AM001_1925_EP_SU2011_AD_03 @Gram:Det:Art ADD:395 
"<mañana>"
	"mañana" Noun NC Singular lang:es 00:01:31 00:01:38 tt-751 AM001_1925_EP_SU2011_AD_03 
"<era>"
	"ser" Verb VEfin Imp Indi Sing 1st_or_3rd lang:es 00:01:31 00:01:38 tt-752 AM001_1925_EP_SU2011_AD_03 @Gram:Imperf @Gram:SerEstar:Ser ADD:645 ADD:769 
"<libre>"
	"libre" Adjective ADJ Singular lang:es 00:01:31 00:01:38 tt-753 AM001_1925_EP_SU2011_AD_03 
"<,>"
	"," Punctuation CM lang:es 00:01:31 00:01:38 tt-754 AM001_1925_EP_SU2011_AD_03 
"<o>"
	"o" Adverb ADV lang:es 00:01:31 00:01:38 tt-755 AM001_1925_EP_SU2011_AD_03 ID:271 R:Prag:MarcadoresDisc:Igualdad:272 ADDRELATION(Prag:MarcadoresDisc:Igualdad):1093 
"<sea>"
	"sea" Adverb ADV lang:es 00:01:31 00:01:38 tt-756 AM001_1925_EP_SU2011_AD_03 ID:272 
"<$.>"
	"." Punctuation FS lang:es 00:01:31 00:01:38 tt-757 AM001_1925_EP_SU2011_AD_03 

"<Y>"
	"y" Conjunction CC lang:es 00:01:31 00:01:38 tt-758 AM001_1925_EP_SU2011_AD_03 
"<me>"
	"yo" Pronoun PPX Singular lang:es 00:01:31 00:01:38 tt-759 AM001_1925_EP_SU2011_AD_03 @Gram:Pron:Objeto ADD:614 
"<iba>"
	"ir" Verb VLfin Imp Indi Sing 1st_or_3rd lang:es 00:01:31 00:01:38 tt-760 AM001_1925_EP_SU2011_AD_03 @Gram:Imperf ID:276 R:Gram:VFut:Perifrasis:278 ADD:645 ADDRELATION(Gram:VFut:Perifrasis):673 
"<a>"
	"a" Preposition PREP lang:es 00:01:31 00:01:38 tt-761 AM001_1925_EP_SU2011_AD_03 @Gram:Prep ADD:580 
"<platicar>"
	"platicar" Verb VLinf Infinitive lang:es 00:01:31 00:01:38 tt-762 AM001_1925_EP_SU2011_AD_03 ID:278 SUBSTITUTE:309 
"<con>"
	"con" Preposition PREP lang:es 00:01:31 00:01:38 tt-763 AM001_1925_EP_SU2011_AD_03 @Gram:Prep ADD:580 
"<mis>"
	"mío" Pronoun PPO Plural lang:es 00:01:31 00:01:38 tt-764 AM001_1925_EP_SU2011_AD_03 SUBSTITUTE:298 
"<amigos>"
	"amigo" Adjective ADJ Plural lang:es 00:01:31 00:01:38 tt-765 AM001_1925_EP_SU2011_AD_03 
"<y>"
	"y" Conjunction CC lang:es 00:01:31 00:01:38 tt-766 AM001_1925_EP_SU2011_AD_03 
"<todo>"
	"todo" Determiner QU lang:es 00:01:31 00:01:38 tt-767 AM001_1925_EP_SU2011_AD_03 
"<$.>"
	"." Punctuation FS lang:es 00:01:31 00:01:38 tt-768 AM001_1925_EP_SU2011_AD_03 

"<Y>"
	"y" Conjunction CC lang:es 00:01:31 00:01:38 tt-769 AM001_1925_EP_SU2011_AD_03 
"<muchos>"
	"mucho" Determiner QU lang:es 00:01:31 00:01:38 tt-770 AM001_1925_EP_SU2011_AD_03 @Gram:Det:CuantIndef ADD:447 
"<mira>"
	"mirar" Verb VLfin Pres Indi Sing 3rd lang:es 00:01:31 00:01:38 tt-771 AM001_1925_EP_SU2011_AD_03 
"<,>"
	"," Punctuation CM lang:es 00:01:31 00:01:38 tt-772 AM001_1925_EP_SU2011_AD_03 
"<allá>"
	"allá" Adverb ADV lang:es 00:01:39 00:01:45 tt-773 AM001_1925_EP_SU2011_AD_03 
"<viene>"
	"venir" Verb VLfin Pres Indi Sing 3rd lang:es 00:01:39 00:01:45 tt-774 AM001_1925_EP_SU2011_AD_03 
"<el>"
	"el" Determiner ART Singular Masc lang:es 00:01:39 00:01:45 tt-775 AM001_1925_EP_SU2011_AD_03 @Gram:Det:Art ADD:395 
"<ordeñador>"
	"UNK" Noun NC Singular lang:es 00:01:39 00:01:45 tt-776 AM001_1925_EP_SU2011_AD_03 
"<,>"
	"," Punctuation CM lang:es 00:01:39 00:01:45 tt-777 AM001_1925_EP_SU2011_AD_03 
"<hijo>"
	"hijo" Noun NC Singular lang:es 00:01:39 00:01:45 tt-778 AM001_1925_EP_SU2011_AD_03 
"<,>"
	"," Punctuation CM lang:es 00:01:39 00:01:45 tt-779 AM001_1925_EP_SU2011_AD_03 
"<dice>"
	"decir" Verb VLfin Pres Indi Sing 3rd lang:es 00:01:39 00:01:45 tt-780 AM001_1925_EP_SU2011_AD_03 
"<,>"
	"," Punctuation CM lang:es 00:01:39 00:01:45 tt-781 AM001_1925_EP_SU2011_AD_03 
"<él>"
	"él" Pronoun PPX Singular lang:es 00:01:39 00:01:45 tt-782 AM001_1925_EP_SU2011_AD_03 @Gram:Pron:Sujeto ADD:590 
"<como>"
	"como" Adverb ADV lang:es 00:01:39 00:01:45 tt-783 AM001_1925_EP_SU2011_AD_03 
"<tiene>"
	"tener" Verb VLfin Pres Indi Sing 3rd lang:es 00:01:39 00:01:45 tt-784 AM001_1925_EP_SU2011_AD_03 
"<centavos>"
	"centavo" Noun NC Plural lang:es 00:01:39 00:01:45 tt-785 AM001_1925_EP_SU2011_AD_03 
"<,>"
	"," Punctuation CM lang:es 00:01:39 00:01:45 tt-786 AM001_1925_EP_SU2011_AD_03 
"<decía>"
	"decir" Verb VLfin Imp Indi Sing 1st_or_3rd lang:es 00:01:39 00:01:45 tt-787 AM001_1925_EP_SU2011_AD_03 @Gram:Imperf ADD:645 
"<$.>"
	"." Punctuation FS lang:es 00:01:39 00:01:45 tt-788 AM001_1925_EP_SU2011_AD_03 

"<Y>"
	"y" Conjunction CC lang:es 00:01:39 00:01:45 tt-789 AM001_1925_EP_SU2011_AD_03 
"<luego>"
	"luego" Adverb ADV lang:es 00:01:39 00:01:45 tt-790 AM001_1925_EP_SU2011_AD_03 
"<le>"
	"él" Pronoun PPC Singular lang:es 00:01:39 00:01:45 tt-791 AM001_1925_EP_SU2011_AD_03 @Gram:Pron:Objeto ADD:620 
"<decía>"
	"decir" Verb VLfin Imp Indi Sing 1st_or_3rd lang:es 00:01:39 00:01:45 tt-792 AM001_1925_EP_SU2011_AD_03 @Gram:Imperf ADD:645 
"<el>"
	"el" Determiner ART Singular Masc lang:es 00:01:45 00:01:51 tt-793 AM001_1925_EP_SU2011_AD_03 @Gram:Det:Art ID:309 R:Gram:Det:DetCombi:310 ADD:395 ADDRELATION(Gram:Det:DetCombi):453 
"<otro>"
	"otro" Determiner QU lang:es 00:01:45 00:01:51 tt-794 AM001_1925_EP_SU2011_AD_03 ID:310 
"<pues>"
	"pues" Conjunction CSUBF lang:es 00:01:45 00:01:51 tt-795 AM001_1925_EP_SU2011_AD_03 
"<$¿>"
	"¿" Punctuation FS lang:es 00:01:45 00:01:51 tt-796 AM001_1925_EP_SU2011_AD_03 
"<que>"
	"que" Conjunction CQUE lang:es 00:01:45 00:01:51 tt-797 AM001_1925_EP_SU2011_AD_03 
"<no>"
	"no" Adverb NEG lang:es 00:01:45 00:01:51 tt-798 AM001_1925_EP_SU2011_AD_03 
"<lo>"
	"él" Pronoun PPC Singular lang:es 00:01:45 00:01:51 tt-799 AM001_1925_EP_SU2011_AD_03 @Gram:Pron:Objeto ADD:620 
"<ves>"
	"ver" Verb VLfin Pres Indi Sing 2nd lang:es 00:01:45 00:01:51 tt-800 AM001_1925_EP_SU2011_AD_03 
"<como>"
	"como" Conjunction CSUBX lang:es 00:01:45 00:01:51 tt-801 AM001_1925_EP_SU2011_AD_03 
"<trabaja>"
	"trabajar" Verb VLfin Pres Indi Sing 3rd lang:es 00:01:45 00:01:51 tt-802 AM001_1925_EP_SU2011_AD_03 
"<,>"
	"," Punctuation CM lang:es 00:01:45 00:01:51 tt-803 AM001_1925_EP_SU2011_AD_03 
"<para>"
	"para" Preposition PREP lang:es 00:01:45 00:01:51 tt-804 AM001_1925_EP_SU2011_AD_03 @Gram:Prep:Para SUBSTITUTE:325 ADD:525 
"<tener>"
	"tener" Verb VLinf Infinitive lang:es 00:01:45 00:01:51 tt-805 AM001_1925_EP_SU2011_AD_03 SUBSTITUTE:309 
"<centavos>"
	"centavo" Noun NC Plural lang:es 00:01:45 00:01:51 tt-806 AM001_1925_EP_SU2011_AD_03 
"<$?>"
	"?" Punctuation FS lang:es 00:01:45 00:01:51 tt-807 AM001_1925_EP_SU2011_AD_03 

"<Pues>"
	"pues" Conjunction CSUBF lang:es 00:01:45 00:01:51 tt-808 AM001_1925_EP_SU2011_AD_03 
"<sí>"
	"sí" Adverb ADV lang:es 00:01:45 00:01:51 tt-809 AM001_1925_EP_SU2011_AD_03 
"<,>"
	"," Punctuation CM lang:es 00:01:45 00:01:51 tt-810 AM001_1925_EP_SU2011_AD_03 
"<dice>"
	"decir" Verb VLfin Pres Indi Sing 3rd lang:es 00:01:45 00:01:51 tt-811 AM001_1925_EP_SU2011_AD_03 
"<,>"
	"," Punctuation CM lang:es 00:01:45 00:01:51 tt-812 AM001_1925_EP_SU2011_AD_03 
"<sí>"
	"sí" Adverb ADV lang:es 00:01:45 00:01:51 tt-813 AM001_1925_EP_SU2011_AD_03 
"<trabaja>"
	"trabajar" Verb VLfin Pres Indi Sing 3rd lang:es 00:01:51 00:01:57 tt-814 AM001_1925_EP_SU2011_AD_03 
"<mucho>"
	"mucho" Adverb ADV lang:es 00:01:51 00:01:57 tt-815 AM001_1925_EP_SU2011_AD_03 
"<$.>"
	"." Punctuation FS lang:es 00:01:51 00:01:57 tt-816 AM001_1925_EP_SU2011_AD_03 

"<Y>"
	"y" Conjunction CC lang:es 00:01:51 00:01:57 tt-817 AM001_1925_EP_SU2011_AD_03 
"<míralo>"
	"mirar" Verb VLfin Pres Command Sing 2nd lang:es 00:01:51 00:01:57 tt-818 AM001_1925_EP_SU2011_AD_03 @Gram:MImp:Informal ADD:749 
"<aquí>"
	"aquí" Adverb ADV lang:es 00:01:51 00:01:57 tt-819 AM001_1925_EP_SU2011_AD_03 
"<está>"
	"estar" Verb VEfin Pres Indi Sing 3rd lang:es 00:01:51 00:01:57 tt-820 AM001_1925_EP_SU2011_AD_03 @Gram:SerEstar:Estar ADD:778 
"<muy>"
	"muy" Adverb ADV lang:es 00:01:51 00:01:57 tt-821 AM001_1925_EP_SU2011_AD_03 
"<a>"
	"a" Preposition PREP lang:es 00:01:51 00:01:57 tt-822 AM001_1925_EP_SU2011_AD_03 @Gram:Prep ADD:580 
"<quitar>"
	"quitar" Verb VLinf Infinitive lang:es 00:01:51 00:01:57 tt-823 AM001_1925_EP_SU2011_AD_03 SUBSTITUTE:309 
"<la>"
	"el" Determiner ART Singular Fem lang:es 00:01:51 00:01:57 tt-824 AM001_1925_EP_SU2011_AD_03 @Gram:Det:Art ADD:395 
"<pena>"
	"pena" Noun NC Singular lang:es 00:01:51 00:01:57 tt-825 AM001_1925_EP_SU2011_AD_03 
"<platicando>"
	"platicar" Verb VLger lang:es 00:01:51 00:01:57 tt-826 AM001_1925_EP_SU2011_AD_03 
"<y>"
	"y" Conjunction CC lang:es 00:01:51 00:01:57 tt-827 AM001_1925_EP_SU2011_AD_03 
"<todo>"
	"todo" Determiner QU lang:es 00:01:51 00:01:57 tt-828 AM001_1925_EP_SU2011_AD_03 
"<,>"
	"," Punctuation CM lang:es 00:01:51 00:01:57 tt-829 AM001_1925_EP_SU2011_AD_03 
"<dicen>"
	"decir" Verb VLfin Pres Indi Plural 3rd lang:es 00:01:51 00:01:57 tt-830 AM001_1925_EP_SU2011_AD_03 
"<$.>"
	"." Punctuation FS lang:es 00:01:51 00:01:57 tt-831 AM001_1925_EP_SU2011_AD_03 

"<Y>"
	"y" Conjunction CC lang:es 00:01:51 00:01:57 tt-832 AM001_1925_EP_SU2011_AD_03 
"<ahorita>"
	"ahora" Adverb ADV lang:es 00:01:51 00:01:57 tt-833 AM001_1925_EP_SU2011_AD_03 
"<se>"
	"se" Other SE lang:es 00:01:57 00:02:04 tt-834 AM001_1925_EP_SU2011_AD_03 
"<va>"
	"ir" Verb VLfin Pres Indi Sing 3rd lang:es 00:01:57 00:02:04 tt-835 AM001_1925_EP_SU2011_AD_03 ID:351 R:Gram:VFut:Perifrasis:353 ADDRELATION(Gram:VFut:Perifrasis):673 
"<a>"
	"a" Preposition PREP lang:es 00:01:57 00:02:04 tt-836 AM001_1925_EP_SU2011_AD_03 @Gram:Prep ADD:580 
"<ir>"
	"ir" Verb VLinf Infinitive lang:es 00:01:57 00:02:04 tt-837 AM001_1925_EP_SU2011_AD_03 ID:353 SUBSTITUTE:309 
"<con>"
	"con" Preposition PREP lang:es 00:01:57 00:02:04 tt-838 AM001_1925_EP_SU2011_AD_03 @Gram:Prep ADD:580 
"<la>"
	"el" Determiner ART Singular Fem lang:es 00:01:57 00:02:04 tt-839 AM001_1925_EP_SU2011_AD_03 @Gram:Det:Art ADD:395 
"<mamá>"
	"mamá" Noun NC Singular lang:es 00:01:57 00:02:04 tt-840 AM001_1925_EP_SU2011_AD_03 
"<a>"
	"a" Preposition PREP lang:es 00:01:57 00:02:04 tt-841 AM001_1925_EP_SU2011_AD_03 @Gram:Prep ADD:580 
"<cuidarla>"
	"cuidar" Verb VLinf Pres Indi Sing 3rd lang:es 00:01:57 00:02:04 tt-842 AM001_1925_EP_SU2011_AD_03 
"<otra>"
	"otro" Determiner QU lang:es 00:01:57 00:02:04 tt-843 AM001_1925_EP_SU2011_AD_03 
"<vez>"
	"vez" Noun NC Singular lang:es 00:01:57 00:02:04 tt-844 AM001_1925_EP_SU2011_AD_03 
"<$.>"
	"." Punctuation FS lang:es 00:01:57 00:02:04 tt-845 AM001_1925_EP_SU2011_AD_03 

"<Yo>"
	"yo" Pronoun PPX Singular lang:es 00:01:57 00:02:04 tt-846 AM001_1925_EP_SU2011_AD_03 @Gram:Pron:Sujeto ADD:590 
"<llegaba>"
	"llegar" Verb VLfin Imp Indi Sing 1st_or_3rd lang:es 00:01:57 00:02:04 tt-847 AM001_1925_EP_SU2011_AD_03 @Gram:Imperf ADD:645 
"<,>"
	"," Punctuation CM lang:es 00:01:57 00:02:04 tt-848 AM001_1925_EP_SU2011_AD_03 
"<mi>"
	"mío" Pronoun PPO Singular lang:es 00:01:57 00:02:04 tt-849 AM001_1925_EP_SU2011_AD_03 @Gram:Det:Pos ADD:425 
"<mamá>"
	"mamá" Noun NC Singular lang:es 00:01:57 00:02:04 tt-850 AM001_1925_EP_SU2011_AD_03 
"<no>"
	"no" Adverb NEG lang:es 00:01:57 00:02:04 tt-851 AM001_1925_EP_SU2011_AD_03 
"<podía>"
	"poder" Verb VLfin Imp Indi Sing 1st_or_3rd lang:es 00:01:57 00:02:04 tt-852 AM001_1925_EP_SU2011_AD_03 @Gram:Imperf ADD:645 
"<andar>"
	"andar" Verb VLinf Infinitive lang:es 00:01:57 00:02:04 tt-853 AM001_1925_EP_SU2011_AD_03 SUBSTITUTE:309 
"<muy>"
	"muy" Adverb ADV lang:es 00:01:57 00:02:04 tt-854 AM001_1925_EP_SU2011_AD_03 
"<bien>"
	"bien" Adverb ADV lang:es 00:01:57 00:02:04 tt-855 AM001_1925_EP_SU2011_AD_03 
"<$.>"
	"." Punctuation FS lang:es 00:01:57 00:02:04 tt-856 AM001_1925_EP_SU2011_AD_03 

"<Pero>"
	"pero" Conjunction CCAD lang:es 00:02:04 00:02:11 tt-857 AM001_1925_EP_SU2011_AD_03 @Prag:MarcadoresDisc:Revision ADD:998 
"<siempre>"
	"siempre" Adverb ADV lang:es 00:02:04 00:02:11 tt-858 AM001_1925_EP_SU2011_AD_03 
"<cuando>"
	"cuando" Conjunction CSUBX lang:es 00:02:04 00:02:11 tt-859 AM001_1925_EP_SU2011_AD_03 
"<llegaba>"
	"llegar" Verb VLfin Imp Indi Sing 1st_or_3rd lang:es 00:02:04 00:02:11 tt-860 AM001_1925_EP_SU2011_AD_03 @Gram:Imperf ADD:645 
"<me>"
	"yo" Pronoun PPX Singular lang:es 00:02:04 00:02:11 tt-861 AM001_1925_EP_SU2011_AD_03 @Gram:Pron:Objeto ADD:614 
"<decía>"
	"decir" Verb VLfin Imp Indi Sing 1st_or_3rd lang:es 00:02:04 00:02:11 tt-862 AM001_1925_EP_SU2011_AD_03 @Gram:Imperf ADD:645 
"<va>"
	"ir" Verb VLfin Pres Indi Sing 3rd lang:es 00:02:04 00:02:11 tt-863 AM001_1925_EP_SU2011_AD_03 ID:379 R:Gram:VFut:Perifrasis:381 ADDRELATION(Gram:VFut:Perifrasis):673 
"<a>"
	"a" Preposition PREP lang:es 00:02:04 00:02:11 tt-864 AM001_1925_EP_SU2011_AD_03 @Gram:Prep ADD:580 
"<traer>"
	"traer" Verb VLinf Infinitive lang:es 00:02:04 00:02:11 tt-865 AM001_1925_EP_SU2011_AD_03 ID:381 SUBSTITUTE:309 
"<tortillas>"
	"torta|tortilla" Noun NC Plural lang:es 00:02:04 00:02:11 tt-866 AM001_1925_EP_SU2011_AD_03 
"<y>"
	"y" Conjunction CC lang:es 00:02:04 00:02:11 tt-867 AM001_1925_EP_SU2011_AD_03 
"<tráigame>"
	"UNK" Verb VLfin Pres Subj Sing 1st_or_3rd lang:es 00:02:04 00:02:11 tt-868 AM001_1925_EP_SU2011_AD_03 @Gram:MSub:Pres ADD:738 
"<esto>"
	"este" Determiner DM Singular lang:es 00:02:04 00:02:11 tt-869 AM001_1925_EP_SU2011_AD_03 @Gram:Det:Demo ADD:418 
"<y>"
	"y" Conjunction CC lang:es 00:02:04 00:02:11 tt-870 AM001_1925_EP_SU2011_AD_03 
"<esto>"
	"este" Determiner DM Singular lang:es 00:02:04 00:02:11 tt-871 AM001_1925_EP_SU2011_AD_03 
"<y>"
	"y" Conjunction CC lang:es 00:02:04 00:02:11 tt-872 AM001_1925_EP_SU2011_AD_03 
"<ahorita>"
	"ahora" Adverb ADV lang:es 00:02:12 00:02:18 tt-873 AM001_1925_EP_SU2011_AD_03 
"<le>"
	"él" Pronoun PPC Singular lang:es 00:02:12 00:02:18 tt-874 AM001_1925_EP_SU2011_AD_03 @Gram:Pron:Objeto ADD:620 
"<doy>"
	"dar" Verb VLfin Pres Indi Sing 1st lang:es 00:02:12 00:02:18 tt-875 AM001_1925_EP_SU2011_AD_03 
"<cena>"
	"cenar" Verb VLfin Pres Indi Sing 3rd lang:es 00:02:12 00:02:18 tt-876 AM001_1925_EP_SU2011_AD_03 
"<mi>"
	"mío" Pronoun PPO Singular lang:es 00:02:12 00:02:18 tt-877 AM001_1925_EP_SU2011_AD_03 @Gram:Det:Pos ADD:425 
"<hijo>"
	"hijo" Noun NC Singular lang:es 00:02:12 00:02:18 tt-878 AM001_1925_EP_SU2011_AD_03 
"<,>"
	"," Punctuation CM lang:es 00:02:12 00:02:18 tt-879 AM001_1925_EP_SU2011_AD_03 
"<ándele>"
	"UNK" Verb VLfin Pres Subj Sing 1st_or_3rd lang:es 00:02:12 00:02:18 tt-880 AM001_1925_EP_SU2011_AD_03 @Gram:MSub:Pres ADD:738 
"<$.>"
	"." Punctuation FS lang:es 00:02:12 00:02:18 tt-881 AM001_1925_EP_SU2011_AD_03 

"<No>"
	"no" Adverb NEG lang:es 00:02:12 00:02:18 tt-882 AM001_1925_EP_SU2011_AD_03 
"<,>"
	"," Punctuation CM lang:es 00:02:12 00:02:18 tt-883 AM001_1925_EP_SU2011_AD_03 
"<ya>"
	"ya" Adverb ADV lang:es 00:02:12 00:02:18 tt-884 AM001_1925_EP_SU2011_AD_03 
"<para>"
	"para" Preposition PREP lang:es 00:02:12 00:02:18 tt-885 AM001_1925_EP_SU2011_AD_03 @Gram:Prep:Para SUBSTITUTE:325 ADD:551 
"<las>"
	"el" Determiner ART Plural Fem lang:es 00:02:12 00:02:18 tt-886 AM001_1925_EP_SU2011_AD_03 @Gram:Det:Art ADD:395 
"<cinco>"
	"cinco" Determiner CARD Singular lang:es 00:02:12 00:02:18 tt-887 AM001_1925_EP_SU2011_AD_03 
"<ya>"
	"ya" Adverb ADV lang:es 00:02:12 00:02:18 tt-888 AM001_1925_EP_SU2011_AD_03 
"<había>"
	"haber" Verb VHfin Imp Indi Sing 1st_or_3rd lang:es 00:02:12 00:02:18 tt-889 AM001_1925_EP_SU2011_AD_03 
"<cenado>"
	"cenar" Verb VLadj lang:es 00:02:12 00:02:18 tt-890 AM001_1925_EP_SU2011_AD_03 
"<y>"
	"y" Conjunction CC lang:es 00:02:12 00:02:18 tt-891 AM001_1925_EP_SU2011_AD_03 
"<todo>"
	"todo" Determiner QU lang:es 00:02:12 00:02:18 tt-892 AM001_1925_EP_SU2011_AD_03 
"<$.>"
	"." Punctuation FS lang:es 00:02:12 00:02:18 tt-893 AM001_1925_EP_SU2011_AD_03 

"<Me>"
	"yo" Pronoun PPX Singular lang:es 00:02:12 00:02:18 tt-894 AM001_1925_EP_SU2011_AD_03 @Gram:Pron:Objeto ADD:614 
"<iba>"
	"ir" Verb VLfin Imp Indi Sing 1st_or_3rd lang:es 00:02:18 00:02:25 tt-895 AM001_1925_EP_SU2011_AD_03 @Gram:Imperf ADD:645 
"<todo>"
	"todo" Determiner QU lang:es 00:02:18 00:02:25 tt-896 AM001_1925_EP_SU2011_AD_03 
"<el>"
	"el" Determiner ART Singular Masc lang:es 00:02:18 00:02:25 tt-897 AM001_1925_EP_SU2011_AD_03 @Gram:Det:Art ADD:395 
"<rato>"
	"rato" Noun NC Singular lang:es 00:02:18 00:02:25 tt-898 AM001_1925_EP_SU2011_AD_03 
"<a>"
	"a" Preposition PREP lang:es 00:02:18 00:02:25 tt-899 AM001_1925_EP_SU2011_AD_03 @Gram:Prep ADD:580 
"<la>"
	"el" Determiner ART Singular Fem lang:es 00:02:18 00:02:25 tt-900 AM001_1925_EP_SU2011_AD_03 @Gram:Det:Art ADD:395 
"<esquina>"
	"esquina" Noun NC Singular lang:es 00:02:18 00:02:25 tt-901 AM001_1925_EP_SU2011_AD_03 
"<a>"
	"a" Preposition PREP lang:es 00:02:18 00:02:25 tt-902 AM001_1925_EP_SU2011_AD_03 @Gram:Prep ADD:580 
"<platicar>"
	"platicar" Verb VLinf Infinitive lang:es 00:02:18 00:02:25 tt-903 AM001_1925_EP_SU2011_AD_03 SUBSTITUTE:309 
"<con>"
	"con" Preposition PREP lang:es 00:02:18 00:02:25 tt-904 AM001_1925_EP_SU2011_AD_03 @Gram:Prep ADD:580 
"<los>"
	"el" Determiner ART Plural Masc lang:es 00:02:18 00:02:25 tt-905 AM001_1925_EP_SU2011_AD_03 @Gram:Det:Art ADD:395 
"<amigos>"
	"amigo" Noun NC Plural lang:es 00:02:18 00:02:25 tt-906 AM001_1925_EP_SU2011_AD_03 
"<$.>"
	"." Punctuation FS lang:es 00:02:18 00:02:25 tt-907 AM001_1925_EP_SU2011_AD_03 

"<Y>"
	"y" Conjunction CC lang:es 00:02:18 00:02:25 tt-908 AM001_1925_EP_SU2011_AD_03 
"<yo>"
	"yo" Pronoun PPX Singular lang:es 00:02:18 00:02:25 tt-909 AM001_1925_EP_SU2011_AD_03 @Gram:Pron:Sujeto ADD:590 
"<regresaba>"
	"regresar" Verb VLfin Imp Indi Sing 1st_or_3rd lang:es 00:02:18 00:02:25 tt-910 AM001_1925_EP_SU2011_AD_03 @Gram:Imperf ADD:645 
"<ya>"
	"ya" Adverb ADV lang:es 00:02:18 00:02:25 tt-911 AM001_1925_EP_SU2011_AD_03 
"<como>"
	"como" Conjunction CSUBX lang:es 00:02:18 00:02:25 tt-912 AM001_1925_EP_SU2011_AD_03 
"<siete>"
	"siete" Determiner CARD Singular lang:es 00:02:18 00:02:25 tt-913 AM001_1925_EP_SU2011_AD_03 
"<y>"
	"y" Conjunction CC lang:es 00:02:18 00:02:25 tt-914 AM001_1925_EP_SU2011_AD_03 
<lang code="en">
"<media>"
	"medium" Noun NNS lang:en 00:02:18 00:02:25 tt-915 AM001_1925_EP_SU2011_AD_03 
</lang>
"<u>"
	"o" Conjunction CC lang:es 00:02:18 00:02:25 tt-916 AM001_1925_EP_SU2011_AD_03 
"<ocho>"
	"ocho" Determiner CARD Singular lang:es 00:02:18 00:02:25 tt-917 AM001_1925_EP_SU2011_AD_03 
"<entonces>"
	"entonces" Adverb ADV lang:es 00:02:18 00:02:25 tt-918 AM001_1925_EP_SU2011_AD_03 
"<ya>"
	"ya" Adverb ADV lang:es 00:02:26 00:02:33 tt-919 AM001_1925_EP_SU2011_AD_03 
"<a>"
	"a" Preposition PREP lang:es 00:02:26 00:02:33 tt-920 AM001_1925_EP_SU2011_AD_03 @Gram:Prep ADD:580 
"<dormir>"
	"dormir" Verb VLinf Infinitive lang:es 00:02:26 00:02:33 tt-921 AM001_1925_EP_SU2011_AD_03 SUBSTITUTE:309 
"<luego>"
	"luego" Adverb ADV lang:es 00:02:26 00:02:33 tt-922 AM001_1925_EP_SU2011_AD_03 
"<,>"
	"," Punctuation CM lang:es 00:02:26 00:02:33 tt-923 AM001_1925_EP_SU2011_AD_03 
"<luego>"
	"luego" Adverb ADV lang:es 00:02:26 00:02:33 tt-924 AM001_1925_EP_SU2011_AD_03 
"<porque>"
	"porque" Conjunction CSUBX lang:es 00:02:26 00:02:33 tt-925 AM001_1925_EP_SU2011_AD_03 @Prag:MarcadoresDisc:Causa ADD:1051 
"<no>"
	"no" Adverb NEG lang:es 00:02:26 00:02:33 tt-926 AM001_1925_EP_SU2011_AD_03 
"<había>"
	"haber" Verb VHfin Imp Indi Sing 1st_or_3rd lang:es 00:02:26 00:02:33 tt-927 AM001_1925_EP_SU2011_AD_03 @Gram:Haber:Exist ADD:785 
"<luz>"
	"luz" Noun NC Singular lang:es 00:02:26 00:02:33 tt-928 AM001_1925_EP_SU2011_AD_03 
"<eléctrica>"
	"eléctrico" Adjective ADJ Singular lang:es 00:02:26 00:02:33 tt-929 AM001_1925_EP_SU2011_AD_03 
"<ni>"
	"ni" Conjunction CCNEG lang:es 00:02:26 00:02:33 tt-930 AM001_1925_EP_SU2011_AD_03 
"<nada>"
	"nada" Determiner QU lang:es 00:02:26 00:02:33 tt-931 AM001_1925_EP_SU2011_AD_03 
"<,>"
	"," Punctuation CM lang:es 00:02:26 00:02:33 tt-932 AM001_1925_EP_SU2011_AD_03 
"<así>"
	"así" Conjunction CSUBF lang:es 00:02:26 00:02:33 tt-933 AM001_1925_EP_SU2011_AD_03 
"<que>"
	"que" Conjunction CSUBF lang:es 00:02:26 00:02:33 tt-934 AM001_1925_EP_SU2011_AD_03 
"<se>"
	"se" Other SE lang:es 00:02:26 00:02:33 tt-935 AM001_1925_EP_SU2011_AD_03 
"<acostaba>"
	"acostar" Verb VLfin Imp Indi Sing 1st_or_3rd lang:es 00:02:26 00:02:33 tt-936 AM001_1925_EP_SU2011_AD_03 @Gram:Imperf ADD:645 
"<uno>"
	"uno" Determiner CARD Singular lang:es 00:02:26 00:02:33 tt-937 AM001_1925_EP_SU2011_AD_03 
"<muy>"
	"muy" Adverb ADV lang:es 00:02:26 00:02:33 tt-938 AM001_1925_EP_SU2011_AD_03 
"<temprano>"
	"temprano" Adverb ADV lang:es 00:02:26 00:02:33 tt-939 AM001_1925_EP_SU2011_AD_03 
"<$.>"
	"." Punctuation FS lang:es 00:02:26 00:02:33 tt-940 AM001_1925_EP_SU2011_AD_03 

"<Se>"
	"se" Other SE lang:es 00:02:34 00:02:41 tt-941 AM001_1925_EP_SU2011_AD_03 
"<metía>"
	"meter" Verb VLfin Imp Indi Sing 1st_or_3rd lang:es 00:02:34 00:02:41 tt-942 AM001_1925_EP_SU2011_AD_03 @Gram:Imperf ADD:645 
"<el>"
	"el" Determiner ART Singular Masc lang:es 00:02:34 00:02:41 tt-943 AM001_1925_EP_SU2011_AD_03 @Gram:Det:Art ADD:395 
"<sol>"
	"sol" Noun NC Singular lang:es 00:02:34 00:02:41 tt-944 AM001_1925_EP_SU2011_AD_03 
"<y>"
	"y" Conjunction CC lang:es 00:02:34 00:02:41 tt-945 AM001_1925_EP_SU2011_AD_03 
"<nos>"
	"nosotros" Pronoun PPX Plural lang:es 00:02:34 00:02:41 tt-946 AM001_1925_EP_SU2011_AD_03 @Gram:Pron:Objeto ADD:614 
"<metíamos>"
	"meter" Verb VLfin Imp Indi Plural 1st lang:es 00:02:34 00:02:41 tt-947 AM001_1925_EP_SU2011_AD_03 @Gram:Imperf ADD:645 
"<a>"
	"a" Preposition PREP lang:es 00:02:34 00:02:41 tt-948 AM001_1925_EP_SU2011_AD_03 @Gram:Prep ADD:580 
"<dormir>"
	"dormir" Verb VLinf Infinitive lang:es 00:02:34 00:02:41 tt-949 AM001_1925_EP_SU2011_AD_03 SUBSTITUTE:309 
"<todos>"
	"todo" Determiner QU lang:es 00:02:34 00:02:41 tt-950 AM001_1925_EP_SU2011_AD_03 
"<$.>"
	"." Punctuation FS lang:es 00:02:34 00:02:41 tt-951 AM001_1925_EP_SU2011_AD_03 

"<Eso>"
	"ese" Determiner DM Singular lang:es 00:02:34 00:02:41 tt-952 AM001_1925_EP_SU2011_AD_03 
"<fue>"
	"ser" Verb VSfin Pret Indi Sing 3rd lang:es 00:02:34 00:02:41 tt-953 AM001_1925_EP_SU2011_AD_03 @Gram:Indefinido @Gram:SerEstar:Ser ADD:654 ADD:769 
"<nineteen>"
	"UNK" Noun NC Singular lang:es 00:02:34 00:02:41 tt-954 AM001_1925_EP_SU2011_AD_03 
"<...>"
	"..." Punctuation DOTS lang:es 00:02:34 00:02:41 tt-955 AM001_1925_EP_SU2011_AD_03 
"<sí>"
	"él" Pronoun PPX Singular lang:es 00:02:34 00:02:41 tt-956 AM001_1925_EP_SU2011_AD_03 
"<,>"
	"," Punctuation CM lang:es 00:02:34 00:02:41 tt-957 AM001_1925_EP_SU2011_AD_03 
"<pues>"
	"pues" Conjunction CSUBF lang:es 00:02:34 00:02:41 tt-958 AM001_1925_EP_SU2011_AD_03 
"<nineteen>"
	"UNK" Verb VLfin Past Subj Plural 3rd lang:es 00:02:34 00:02:41 tt-959 AM001_1925_EP_SU2011_AD_03 @Gram:MSub:Pret ADD:739 
"<forty-one>"
	"UNK" Verb VLfin Pres Subj Sing 1st_or_3rd lang:es 00:02:34 00:02:41 tt-960 AM001_1925_EP_SU2011_AD_03 @Gram:MSub:Pres ADD:738 
"<,>"
	"," Punctuation CM lang:es 00:02:34 00:02:41 tt-961 AM001_1925_EP_SU2011_AD_03 
"<nineteen>"
	"UNK" Verb VLfin Past Subj Plural 3rd lang:es 00:02:34 00:02:41 tt-962 AM001_1925_EP_SU2011_AD_03 @Gram:MSub:Pret ADD:739 
"<thirty-eight>"
	"UNK" Noun NC Singular lang:es 00:02:34 00:02:41 tt-963 AM001_1925_EP_SU2011_AD_03 
"<empezó>"
	"empezar" Verb VLfin Pret Indi Sing 3rd lang:es 00:02:34 00:02:41 tt-964 AM001_1925_EP_SU2011_AD_03 @Gram:Indefinido ADD:654 
"<eso>"
	"ese" Determiner DM Singular lang:es 00:02:48 00:02:52 tt-965 AM001_1925_EP_SU2011_AD_03 @Gram:Det:Demo ADD:418 
"<,>"
	"," Punctuation CM lang:es 00:02:48 00:02:52 tt-966 AM001_1925_EP_SU2011_AD_03 
"<eh>"
	"eh" Noun NP Singular lang:es 00:02:48 00:02:52 tt-967 AM001_1925_EP_SU2011_AD_03 
"<...>"
	"..." Punctuation DOTS lang:es 00:02:48 00:02:52 tt-968 AM001_1925_EP_SU2011_AD_03 
"<nineteen>"
	"UNK" Verb VLfin Past Subj Plural 3rd lang:es 00:02:48 00:02:52 tt-969 AM001_1925_EP_SU2011_AD_03 @Gram:MSub:Pret ADD:739 
"<thirty-eight>"
	"UNK" Noun NC Singular lang:es 00:02:48 00:02:52 tt-970 AM001_1925_EP_SU2011_AD_03 
"<$.>"
	"." Punctuation FS lang:es 00:02:48 00:02:52 tt-971 AM001_1925_EP_SU2011_AD_03 
</speaker>
</text>

