<text id="AM007_1988_EP_SU2011_AD-03">
<speaker type="subj">
"<De>"
	"de" Preposition PREP lang:es 00:00:00 00:00:07 tt-179 AM007_1988_EP_SU2011_AD-03 @Gram:Prep ADD:614 
"<mi>"
	"mío" Pronoun PPO Singular lang:es 00:00:00 00:00:07 tt-180 AM007_1988_EP_SU2011_AD-03 @Gram:Det:Pos ADD:446 
"<infancia>"
	"infancia" Noun NC Singular lang:es 00:00:00 00:00:07 tt-181 AM007_1988_EP_SU2011_AD-03 
"<sería>"
	"ser" Verb VSfin Cond Indi Sing 1st_or_3rd lang:es 00:00:00 00:00:07 tt-182 AM007_1988_EP_SU2011_AD-03 @Gram:SerEstar:Ser ADD:803 
"<cuando>"
	"cuando" Conjunction CSUBX lang:es 00:00:00 00:00:07 tt-183 AM007_1988_EP_SU2011_AD-03 
"<apenas>"
	"apenar" Verb VLfin Pres Indi Sing 2nd lang:es 00:00:00 00:00:07 tt-184 AM007_1988_EP_SU2011_AD-03 
"<mis>"
	"mío" Pronoun PPO Plural Adjective ADJ lang:es 00:00:00 00:00:07 tt-185 AM007_1988_EP_SU2011_AD-03 @Gram:Det:Pos SUBSTITUTE:309 ADD:447 
"<padres>"
	"padre" Noun NC Plural lang:es 00:00:00 00:00:07 tt-186 AM007_1988_EP_SU2011_AD-03 
"<decidieron>"
	"decidir" Verb VLfin Pret Indi Plural 3rd lang:es 00:00:00 00:00:07 tt-187 AM007_1988_EP_SU2011_AD-03 @Gram:Indefinido ADD:688 
"<hacer>"
	"hacer" Verb VLinf Infinitive lang:es 00:00:00 00:00:07 tt-188 AM007_1988_EP_SU2011_AD-03 SUBSTITUTE:320 
"<su>"
	"suyo" Pronoun PPO Singular lang:es 00:00:00 00:00:07 tt-189 AM007_1988_EP_SU2011_AD-03 @Gram:Det:Pos ADD:446 
"<propia>"
	"propio" Adjective ADJ Singular lang:es 00:00:00 00:00:07 tt-190 AM007_1988_EP_SU2011_AD-03 
"<casa>"
	"casa" Noun NC Singular lang:es 00:00:00 00:00:07 tt-191 AM007_1988_EP_SU2011_AD-03 
"<y>"
	"y" Conjunciton Conjunction CC lang:es 00:00:00 00:00:07 tt-192 AM007_1988_EP_SU2011_AD-03 SUBSTITUTE:385 
"<me>"
	"yo" Pronoun PPX Singular lang:es 00:00:00 00:00:07 tt-193 AM007_1988_EP_SU2011_AD-03 @Gram:Pron:Objeto ADD:648 
"<acuerdo>"
	"acuerdo" Noun NC Singular lang:es 00:00:09 00:00:15 tt-194 AM007_1988_EP_SU2011_AD-03 
"<que>"
	"que" Conjunction CQUE lang:es 00:00:09 00:00:15 tt-195 AM007_1988_EP_SU2011_AD-03 
"<yo>"
	"yo" Pronoun PPX Singular lang:es 00:00:09 00:00:15 tt-196 AM007_1988_EP_SU2011_AD-03 @Gram:Pron:Sujeto ADD:624 
"<era>"
	"ser" Verb VEfin Imp Indi Sing 1st_or_3rd lang:es 00:00:09 00:00:15 tt-197 AM007_1988_EP_SU2011_AD-03 @Gram:Imperf @Gram:SerEstar:Ser ADD:679 ADD:803 
"<el>"
	"el" Determiner ART Singular Masc lang:es 00:00:09 00:00:15 tt-198 AM007_1988_EP_SU2011_AD-03 @Gram:Det:Art ADD:416 
"<único>"
	"único" Adjective ADJ Singular lang:es 00:00:09 00:00:15 tt-199 AM007_1988_EP_SU2011_AD-03 
"<hijo>"
	"hijo" Noun NC Singular lang:es 00:00:09 00:00:15 tt-200 AM007_1988_EP_SU2011_AD-03 
<lang code="en">
"<so>"
	"so" Adverb RB lang:en 00:00:09 00:00:15 tt-201 AM007_1988_EP_SU2011_AD-03 
</lang>
"<...>"
	"..." Punctuation DOTS lang:es 00:00:09 00:00:15 tt-202 AM007_1988_EP_SU2011_AD-03 
"<yo>"
	"yo" Pronoun PPX Singular lang:es 00:00:09 00:00:15 tt-203 AM007_1988_EP_SU2011_AD-03 @Gram:Pron:Sujeto ADD:624 
"<,>"
	"," Punctuation CM lang:es 00:00:09 00:00:15 tt-204 AM007_1988_EP_SU2011_AD-03 
"<la>"
	"el" Determiner ART Singular Fem lang:es 00:00:09 00:00:15 tt-205 AM007_1988_EP_SU2011_AD-03 @Gram:Det:Art ADD:416 
"<experiencia>"
	"experiencia" Noun NC Singular lang:es 00:00:09 00:00:15 tt-206 AM007_1988_EP_SU2011_AD-03 
"<bonita>"
	"bonito" Adjective ADJ Singular lang:es 00:00:09 00:00:15 tt-207 AM007_1988_EP_SU2011_AD-03 
"<será>"
	"ser" Verb VSfin Fut Indi Sing 3rd lang:es 00:00:09 00:00:15 tt-208 AM007_1988_EP_SU2011_AD-03 @Gram:VFut:Conjugado @Gram:SerEstar:Ser ADD:702 ADD:803 
"<que>"
	"que" Conjunction CQUE lang:es 00:00:09 00:00:15 tt-209 AM007_1988_EP_SU2011_AD-03 
"<yo>"
	"yo" Pronoun PPX Singular lang:es 00:00:09 00:00:15 tt-210 AM007_1988_EP_SU2011_AD-03 @Gram:Pron:Sujeto ADD:624 
"<le>"
	"él" Pronoun PPC Singular lang:es 00:00:09 00:00:15 tt-211 AM007_1988_EP_SU2011_AD-03 @Gram:Pron:Objeto ADD:654 
"<ayudaba>"
	"ayudar" Verb VLfin Imp Indi Sing 1st_or_3rd lang:es 00:00:09 00:00:15 tt-212 AM007_1988_EP_SU2011_AD-03 @Gram:Imperf ADD:679 
"<a>"
	"a" Preposition PREP lang:es 00:00:15 00:00:22 tt-213 AM007_1988_EP_SU2011_AD-03 @Gram:Prep SUBSTITUTE:389 ADD:614 
"<mi>"
	"mío" Pronoun PPO Singular lang:es 00:00:15 00:00:22 tt-214 AM007_1988_EP_SU2011_AD-03 @Gram:Det:Pos ADD:446 
"<papá>"
	"papá" Noun NC Singular lang:es 00:00:15 00:00:22 tt-215 AM007_1988_EP_SU2011_AD-03 
"<con>"
	"con" Preposition PREP lang:es 00:00:15 00:00:22 tt-216 AM007_1988_EP_SU2011_AD-03 @Gram:Prep ADD:614 
"<mi>"
	"mío" Pronoun PPO Singular lang:es 00:00:15 00:00:22 tt-217 AM007_1988_EP_SU2011_AD-03 @Gram:Det:Pos ADD:446 
"<abuelito>"
	"abuelo" Noun NC Singular lang:es 00:00:15 00:00:22 tt-218 AM007_1988_EP_SU2011_AD-03 
"<,>"
	"," Punctuation CM lang:es 00:00:15 00:00:22 tt-219 AM007_1988_EP_SU2011_AD-03 
"<a>"
	"a" Preposition PREP lang:es 00:00:15 00:00:22 tt-220 AM007_1988_EP_SU2011_AD-03 @Gram:Prep SUBSTITUTE:389 ADD:614 
"<no>"
	"no" Adverb NEG lang:es 00:00:15 00:00:22 tt-221 AM007_1988_EP_SU2011_AD-03 
"<sé>"
	"saber|ser" Verb VLfin Pres Indi Sing 1st lang:es 00:00:15 00:00:22 tt-222 AM007_1988_EP_SU2011_AD-03 
"<,>"
	"," Punctuation CM lang:es 00:00:15 00:00:22 tt-223 AM007_1988_EP_SU2011_AD-03 
"<a>"
	"a" Preposition PREP lang:es 00:00:15 00:00:22 tt-224 AM007_1988_EP_SU2011_AD-03 @Gram:Prep SUBSTITUTE:389 ADD:614 
"<recoger>"
	"recoger" Verb VLinf Infinitive lang:es 00:00:15 00:00:22 tt-225 AM007_1988_EP_SU2011_AD-03 SUBSTITUTE:320 
"<clavos>"
	"clavo" Noun NC Plural lang:es 00:00:15 00:00:22 tt-226 AM007_1988_EP_SU2011_AD-03 
"<o>"
	"o" Conjunciton Conjunction CC lang:es 00:00:15 00:00:22 tt-227 AM007_1988_EP_SU2011_AD-03 SUBSTITUTE:387 
"<a>"
	"a" Preposition PREP lang:es 00:00:15 00:00:22 tt-228 AM007_1988_EP_SU2011_AD-03 @Gram:Prep SUBSTITUTE:389 ADD:614 
"<ayudarles>"
	"ayudar" Verb VLinf Pres Subj Sing 2nd lang:es 00:00:15 00:00:22 tt-229 AM007_1988_EP_SU2011_AD-03 @Gram:MSub:Pres ADD:772 
"<,>"
	"," Punctuation CM lang:es 00:00:15 00:00:22 tt-230 AM007_1988_EP_SU2011_AD-03 
"<yo>"
	"yo" Pronoun PPX Singular lang:es 00:00:15 00:00:22 tt-231 AM007_1988_EP_SU2011_AD-03 @Gram:Pron:Sujeto ADD:624 
"<en>"
	"en" Preposition PREP lang:es 00:00:15 00:00:22 tt-232 AM007_1988_EP_SU2011_AD-03 @Gram:Prep ADD:614 
"<mi>"
	"mío" Pronoun PPO Singular lang:es 00:00:15 00:00:22 tt-233 AM007_1988_EP_SU2011_AD-03 @Gram:Det:Pos ADD:446 
"<mente>"
	"mente" Noun NC Singular lang:es 00:00:15 00:00:22 tt-234 AM007_1988_EP_SU2011_AD-03 
"<,>"
	"," Punctuation CM lang:es 00:00:15 00:00:22 tt-235 AM007_1988_EP_SU2011_AD-03 
"<en>"
	"en" Preposition PREP lang:es 00:00:15 00:00:22 tt-236 AM007_1988_EP_SU2011_AD-03 @Gram:Prep ADD:614 
"<mi>"
	"mío" Pronoun PPO Singular lang:es 00:00:15 00:00:22 tt-237 AM007_1988_EP_SU2011_AD-03 @Gram:Det:Pos ADD:446 
"<mentalidad>"
	"mentalidad" Noun NC Singular lang:es 00:00:23 00:00:30 tt-238 AM007_1988_EP_SU2011_AD-03 
"<,>"
	"," Punctuation CM lang:es 00:00:23 00:00:30 tt-239 AM007_1988_EP_SU2011_AD-03 
"<este>"
	"este" Noun NC Singular lang:es 00:00:23 00:00:30 tt-240 AM007_1988_EP_SU2011_AD-03 
"<...>"
	"..." Punctuation DOTS lang:es 00:00:23 00:00:30 tt-241 AM007_1988_EP_SU2011_AD-03 
"<yo>"
	"yo" Pronoun PPX Singular lang:es 00:00:23 00:00:30 tt-242 AM007_1988_EP_SU2011_AD-03 @Gram:Pron:Sujeto ADD:624 
"<como>"
	"como" Adverb ADV lang:es 00:00:23 00:00:30 tt-243 AM007_1988_EP_SU2011_AD-03 
"<que>"
	"que" Conjunction CQUE lang:es 00:00:23 00:00:30 tt-244 AM007_1988_EP_SU2011_AD-03 
"<,>"
	"," Punctuation CM lang:es 00:00:23 00:00:30 tt-245 AM007_1988_EP_SU2011_AD-03 
"<yo>"
	"yo" Pronoun PPX Singular lang:es 00:00:23 00:00:30 tt-246 AM007_1988_EP_SU2011_AD-03 @Gram:Pron:Sujeto ADD:624 
"<sentía>"
	"sentir" Verb VLfin Imp Indi Sing 1st_or_3rd lang:es 00:00:23 00:00:30 tt-247 AM007_1988_EP_SU2011_AD-03 @Gram:Imperf ADD:679 
"<que>"
	"que" Conjunction CQUE lang:es 00:00:23 00:00:30 tt-248 AM007_1988_EP_SU2011_AD-03 
"<yo>"
	"yo" Pronoun PPX Singular lang:es 00:00:23 00:00:30 tt-249 AM007_1988_EP_SU2011_AD-03 @Gram:Pron:Sujeto ADD:624 
"<hice>"
	"hacer" Verb VLfin Pret Indi Sing 1st lang:es 00:00:23 00:00:30 tt-250 AM007_1988_EP_SU2011_AD-03 @Gram:Indefinido ADD:688 
"<,>"
	"," Punctuation CM lang:es 00:00:23 00:00:30 tt-251 AM007_1988_EP_SU2011_AD-03 
"<yo>"
	"yo" Pronoun PPX Singular lang:es 00:00:23 00:00:30 tt-252 AM007_1988_EP_SU2011_AD-03 @Gram:Pron:Sujeto ADD:624 
"<era>"
	"ser" Verb VEfin Imp Indi Sing 1st_or_3rd lang:es 00:00:23 00:00:30 tt-253 AM007_1988_EP_SU2011_AD-03 @Gram:Imperf @Gram:SerEstar:Ser ADD:679 ADD:803 
"<parte>"
	"parte" Noun NC Singular lang:es 00:00:23 00:00:30 tt-254 AM007_1988_EP_SU2011_AD-03 
"<de>"
	"de" Conjunction CSUBI lang:es 00:00:23 00:00:30 tt-255 AM007_1988_EP_SU2011_AD-03 
"<haciendo>"
	"hacer" Verb VLger lang:es 00:00:23 00:00:30 tt-256 AM007_1988_EP_SU2011_AD-03 
"<la>"
	"el" Determiner ART Singular Fem lang:es 00:00:23 00:00:30 tt-257 AM007_1988_EP_SU2011_AD-03 @Gram:Det:Art ADD:416 
"<casa>"
	"casa" Noun NC Singular lang:es 00:00:23 00:00:30 tt-258 AM007_1988_EP_SU2011_AD-03 
"<y>"
	"y" Conjunciton Conjunction CC lang:es 00:00:23 00:00:30 tt-259 AM007_1988_EP_SU2011_AD-03 SUBSTITUTE:385 
"<todo>"
	"todo" Determiner QU lang:es 00:00:23 00:00:30 tt-260 AM007_1988_EP_SU2011_AD-03 
"<$.>"
	"." Punctuation FS lang:es 00:00:23 00:00:30 tt-261 AM007_1988_EP_SU2011_AD-03 

"<Yo>"
	"yo" Pronoun PPX Singular lang:es 00:00:30 00:00:33 tt-262 AM007_1988_EP_SU2011_AD-03 @Gram:Pron:Sujeto ADD:624 
"<creo>"
	"crear|creer" Verb VLfin Pres Indi Sing 1st lang:es 00:00:30 00:00:33 tt-263 AM007_1988_EP_SU2011_AD-03 
"<eso>"
	"ese" Determiner DM Singular lang:es 00:00:30 00:00:33 tt-264 AM007_1988_EP_SU2011_AD-03 @Gram:Det:Demo ADD:439 
"<sería>"
	"ser" Verb VSfin Cond Indi Sing 1st_or_3rd lang:es 00:00:30 00:00:33 tt-265 AM007_1988_EP_SU2011_AD-03 @Gram:SerEstar:Ser ADD:803 
"<una>"
	"un" Determiner ART Singular lang:es 00:00:30 00:00:33 tt-266 AM007_1988_EP_SU2011_AD-03 
"<de>"
	"de" Preposition PREP lang:es 00:00:30 00:00:33 tt-267 AM007_1988_EP_SU2011_AD-03 @Gram:Prep ADD:614 
"<las>"
	"el" Determiner ART Plural Fem lang:es 00:00:30 00:00:33 tt-268 AM007_1988_EP_SU2011_AD-03 @Gram:Det:Art ADD:416 
"<...>"
	"..." Punctuation DOTS lang:es 00:00:30 00:00:33 tt-269 AM007_1988_EP_SU2011_AD-03 
"<de>"
	"de" Conjunction CSUBI lang:es 00:00:30 00:00:33 tt-270 AM007_1988_EP_SU2011_AD-03 
"<que>"
	"que" Conjunction CQUE lang:es 00:00:30 00:00:33 tt-271 AM007_1988_EP_SU2011_AD-03 
"<me>"
	"yo" Pronoun PPX Singular lang:es 00:00:30 00:00:33 tt-272 AM007_1988_EP_SU2011_AD-03 @Gram:Pron:Objeto ADD:648 
"<acuerdo>"
	"acuerdo" Noun NC Singular lang:es 00:00:30 00:00:33 tt-273 AM007_1988_EP_SU2011_AD-03 
"<$.>"
	"." Punctuation FS lang:es 00:00:30 00:00:33 tt-274 AM007_1988_EP_SU2011_AD-03 
</speaker>
</text>

