<text id="AM011_1963_EP_SU2011_AD_05">
<speaker type="int">
"<$¿>"
	"¿" Punctuation FS lang:es 00:00:00 00:00:07 tt-4559 AM011_1963_EP_SU2011_AD_05 
"<Te>"
	"tú" Pronoun PPX Singular lang:es 00:00:00 00:00:07 tt-4560 AM011_1963_EP_SU2011_AD_05 @Gram:Pron:Objeto ADD:614 
"<sientes>"
	"sentar|sentir" Verb VLfin Pres Indi Sing 2nd lang:es 00:00:00 00:00:07 tt-4561 AM011_1963_EP_SU2011_AD_05 
"<cómodo>"
	"cómodo" Adjective ADJ Singular lang:es 00:00:00 00:00:07 tt-4562 AM011_1963_EP_SU2011_AD_05 
"<al>"
	"al" Conjunction CSUBI lang:es 00:00:00 00:00:07 tt-4563 AM011_1963_EP_SU2011_AD_05 
"<hablar>"
	"hablar" Verb VLinf Infinitive lang:es 00:00:00 00:00:07 tt-4564 AM011_1963_EP_SU2011_AD_05 SUBSTITUTE:309 
"<el>"
	"el" Determiner ART Singular Masc lang:es 00:00:00 00:00:07 tt-4565 AM011_1963_EP_SU2011_AD_05 @Gram:Det:Art ADD:395 
"<español>"
	"español" Noun NC Singular lang:es 00:00:00 00:00:07 tt-4566 AM011_1963_EP_SU2011_AD_05 
"<y>"
	"y" Conjunction CC lang:es 00:00:00 00:00:07 tt-4567 AM011_1963_EP_SU2011_AD_05 
"<qué>"
	"qué" Pronoun INT Singular lang:es 00:00:00 00:00:07 tt-4568 AM011_1963_EP_SU2011_AD_05 
"<tal>"
	"tal" Determiner QU lang:es 00:00:00 00:00:07 tt-4569 AM011_1963_EP_SU2011_AD_05 @Gram:Det:CuantIndef ADD:442 
"<escribirlo>"
	"escribir" Verb VLinf Pres Indi Sing 1st lang:es 00:00:00 00:00:07 tt-4570 AM011_1963_EP_SU2011_AD_05 
"<y>"
	"y" Conjunction CC lang:es 00:00:00 00:00:07 tt-4571 AM011_1963_EP_SU2011_AD_05 
"<leerlo>"
	"leer" Verb VLinf Pres Indi Sing 1st lang:es 00:00:00 00:00:07 tt-4572 AM011_1963_EP_SU2011_AD_05 
"<$?>"
	"?" Punctuation FS lang:es 00:00:00 00:00:07 tt-4573 AM011_1963_EP_SU2011_AD_05 
</speaker>
<speaker type="subj">

"<No>"
	"no" Adverb NEG lang:es 00:00:09 00:00:16 tt-4574 AM011_1963_EP_SU2011_AD_05 
"<,>"
	"," Punctuation CM lang:es 00:00:09 00:00:16 tt-4575 AM011_1963_EP_SU2011_AD_05 
"<pues>"
	"pues" Conjunction CSUBF lang:es 00:00:09 00:00:16 tt-4576 AM011_1963_EP_SU2011_AD_05 
"<oiga>"
	"oír" Verb VLfin Pres Indi_Command Sing 2nd_3rd Indi 3rd lang:es 00:00:09 00:00:16 tt-4577 AM011_1963_EP_SU2011_AD_05 SUBSTITUTE:274 
"<,>"
	"," Punctuation CM lang:es 00:00:09 00:00:16 tt-4578 AM011_1963_EP_SU2011_AD_05 
"<más>"
	"más" Adverb ADV lang:es 00:00:09 00:00:16 tt-4579 AM011_1963_EP_SU2011_AD_05 
"<bien>"
	"bien" Adverb ADV lang:es 00:00:09 00:00:16 tt-4580 AM011_1963_EP_SU2011_AD_05 
"<,>"
	"," Punctuation CM lang:es 00:00:09 00:00:16 tt-4581 AM011_1963_EP_SU2011_AD_05 
"<puedo>"
	"poder" Verb VLfin Pres Indi Sing 1st lang:es 00:00:09 00:00:16 tt-4582 AM011_1963_EP_SU2011_AD_05 
"<hablarlo>"
	"hablar" Verb VLinf Pres Indi Sing 1st lang:es 00:00:09 00:00:16 tt-4583 AM011_1963_EP_SU2011_AD_05 
"<y>"
	"y" Conjunction CC lang:es 00:00:09 00:00:16 tt-4584 AM011_1963_EP_SU2011_AD_05 
"<lo>"
	"él" Pronoun PPC Singular lang:es 00:00:09 00:00:16 tt-4585 AM011_1963_EP_SU2011_AD_05 @Gram:Pron:Objeto ADD:620 
"<entiendo>"
	"entender" Verb VLfin Pres Indi Sing 1st lang:es 00:00:09 00:00:16 tt-4586 AM011_1963_EP_SU2011_AD_05 
"<bien>"
	"bien" Adverb ADV lang:es 00:00:09 00:00:16 tt-4587 AM011_1963_EP_SU2011_AD_05 
"<,>"
	"," Punctuation CM lang:es 00:00:09 00:00:16 tt-4588 AM011_1963_EP_SU2011_AD_05 
"<lo>"
	"él" Pronoun PPC Singular lang:es 00:00:09 00:00:16 tt-4589 AM011_1963_EP_SU2011_AD_05 @Gram:Pron:Objeto ADD:620 
"<entiendo>"
	"entender" Verb VLfin Pres Indi Sing 1st lang:es 00:00:09 00:00:16 tt-4590 AM011_1963_EP_SU2011_AD_05 
"<más>"
	"más" Adverb ADV lang:es 00:00:09 00:00:16 tt-4591 AM011_1963_EP_SU2011_AD_05 
"<que>"
	"que" Conjunction CQUE lang:es 00:00:18 00:00:25 tt-4592 AM011_1963_EP_SU2011_AD_05 
"<lo>"
	"él" Pronoun PPC Singular lang:es 00:00:18 00:00:25 tt-4593 AM011_1963_EP_SU2011_AD_05 @Gram:Pron:Objeto ADD:620 
"<puedo>"
	"poder" Verb VLfin Pres Indi Sing 1st lang:es 00:00:18 00:00:25 tt-4594 AM011_1963_EP_SU2011_AD_05 
"<hablar>"
	"hablar" Verb VLinf Infinitive lang:es 00:00:18 00:00:25 tt-4595 AM011_1963_EP_SU2011_AD_05 SUBSTITUTE:309 
"<,>"
	"," Punctuation CM lang:es 00:00:18 00:00:25 tt-4596 AM011_1963_EP_SU2011_AD_05 
"<pero>"
	"pero" Conjunction CCAD lang:es 00:00:18 00:00:25 tt-4597 AM011_1963_EP_SU2011_AD_05 @Prag:MarcadoresDisc:Revision ADD:998 
"<escribir>"
	"escribir" Verb VLinf Infinitive lang:es 00:00:18 00:00:25 tt-4598 AM011_1963_EP_SU2011_AD_05 SUBSTITUTE:309 
"<no>"
	"no" Adverb NEG lang:es 00:00:18 00:00:25 tt-4599 AM011_1963_EP_SU2011_AD_05 
"<puedo>"
	"poder" Verb VLfin Pres Indi Sing 1st lang:es 00:00:18 00:00:25 tt-4600 AM011_1963_EP_SU2011_AD_05 
"<escribir>"
	"escribir" Verb VLinf Infinitive lang:es 00:00:18 00:00:25 tt-4601 AM011_1963_EP_SU2011_AD_05 SUBSTITUTE:309 
"<,>"
	"," Punctuation CM lang:es 00:00:18 00:00:25 tt-4602 AM011_1963_EP_SU2011_AD_05 
"<sí>"
	"él" Pronoun PPX Singular lang:es 00:00:18 00:00:25 tt-4603 AM011_1963_EP_SU2011_AD_05 
"<puedo>"
	"poder" Verb VLfin Pres Indi Sing 1st lang:es 00:00:18 00:00:25 tt-4604 AM011_1963_EP_SU2011_AD_05 
"<leer>"
	"leer" Verb VLinf Infinitive lang:es 00:00:18 00:00:25 tt-4605 AM011_1963_EP_SU2011_AD_05 SUBSTITUTE:309 
"<poquito>"
	"poco" Adverb ADV lang:es 00:00:18 00:00:25 tt-4606 AM011_1963_EP_SU2011_AD_05 SUBSTITUTE:367 
"<,>"
	"," Punctuation CM lang:es 00:00:18 00:00:25 tt-4607 AM011_1963_EP_SU2011_AD_05 
"<pero>"
	"pero" Conjunction CCAD lang:es 00:00:18 00:00:25 tt-4608 AM011_1963_EP_SU2011_AD_05 @Prag:MarcadoresDisc:Revision ADD:998 
"<leer>"
	"leer" Verb VLinf Infinitive lang:es 00:00:18 00:00:25 tt-4609 AM011_1963_EP_SU2011_AD_05 SUBSTITUTE:309 
"<...>"
	"..." Punctuation DOTS lang:es 00:00:18 00:00:25 tt-4610 AM011_1963_EP_SU2011_AD_05 
"<escribir>"
	"escribir" Verb VLinf Infinitive lang:es 00:00:18 00:00:25 tt-4611 AM011_1963_EP_SU2011_AD_05 SUBSTITUTE:309 
"<,>"
	"," Punctuation CM lang:es 00:00:18 00:00:25 tt-4612 AM011_1963_EP_SU2011_AD_05 
"<no>"
	"no" Adverb NEG lang:es 00:00:29 00:00:32 tt-4613 AM011_1963_EP_SU2011_AD_05 
"<,>"
	"," Punctuation CM lang:es 00:00:29 00:00:32 tt-4614 AM011_1963_EP_SU2011_AD_05 
"<nunca>"
	"nunca" Adverb ADV lang:es 00:00:29 00:00:32 tt-4615 AM011_1963_EP_SU2011_AD_05 
"<...>"
	"..." Punctuation DOTS lang:es 00:00:29 00:00:32 tt-4616 AM011_1963_EP_SU2011_AD_05 
"<nunca>"
	"nunca" Adverb ADV lang:es 00:00:29 00:00:32 tt-4617 AM011_1963_EP_SU2011_AD_05 
"<me>"
	"yo" Pronoun PPX Singular lang:es 00:00:29 00:00:32 tt-4618 AM011_1963_EP_SU2011_AD_05 @Gram:Pron:Objeto ADD:614 
"<enseñaron>"
	"enseñar" Verb VLfin Pret Indi Plural 3rd lang:es 00:00:29 00:00:32 tt-4619 AM011_1963_EP_SU2011_AD_05 @Gram:Indefinido ADD:654 
"<$.>"
	"." Punctuation FS lang:es 00:00:29 00:00:32 tt-4620 AM011_1963_EP_SU2011_AD_05 
</speaker>
<speaker type="int">

"<$¿>"
	"¿" Punctuation FS lang:es 00:00:32 00:00:39 tt-4621 AM011_1963_EP_SU2011_AD_05 
"<Te>"
	"tú" Pronoun PPX Singular lang:es 00:00:32 00:00:39 tt-4622 AM011_1963_EP_SU2011_AD_05 @Gram:Pron:Objeto ADD:614 
"<sientes>"
	"sentar|sentir" Verb VLfin Pres Indi Sing 2nd lang:es 00:00:32 00:00:39 tt-4623 AM011_1963_EP_SU2011_AD_05 
"<cómodo>"
	"cómodo" Adjective ADJ Singular lang:es 00:00:32 00:00:39 tt-4624 AM011_1963_EP_SU2011_AD_05 
"<al>"
	"al" Conjunction CSUBI lang:es 00:00:32 00:00:39 tt-4625 AM011_1963_EP_SU2011_AD_05 
"<hablar>"
	"hablar" Verb VLinf Infinitive lang:es 00:00:32 00:00:39 tt-4626 AM011_1963_EP_SU2011_AD_05 SUBSTITUTE:309 
"<inglés>"
	"inglés" Noun NC Plural lang:es 00:00:32 00:00:39 tt-4627 AM011_1963_EP_SU2011_AD_05 
"<y>"
	"y" Conjunction CC lang:es 00:00:32 00:00:39 tt-4628 AM011_1963_EP_SU2011_AD_05 
"<qué>"
	"qué" Pronoun INT Singular lang:es 00:00:32 00:00:39 tt-4629 AM011_1963_EP_SU2011_AD_05 
"<tal>"
	"tal" Determiner QU lang:es 00:00:32 00:00:39 tt-4630 AM011_1963_EP_SU2011_AD_05 @Gram:Det:CuantIndef ADD:442 
"<escribirlo>"
	"escribir" Verb VLinf Pres Indi Sing 1st lang:es 00:00:32 00:00:39 tt-4631 AM011_1963_EP_SU2011_AD_05 
"<y>"
	"y" Conjunction CC lang:es 00:00:32 00:00:39 tt-4632 AM011_1963_EP_SU2011_AD_05 
"<leerlo>"
	"leer" Verb VLinf Pres Indi Sing 1st lang:es 00:00:32 00:00:39 tt-4633 AM011_1963_EP_SU2011_AD_05 
"<$?>"
	"?" Punctuation FS lang:es 00:00:32 00:00:39 tt-4634 AM011_1963_EP_SU2011_AD_05 
</speaker>
<speaker type="subj">

"<Pues>"
	"pues" Conjunction CSUBF lang:es 00:00:39 00:00:46 tt-4635 AM011_1963_EP_SU2011_AD_05 
"<sí>"
	"sí" Adverb ADV lang:es 00:00:39 00:00:46 tt-4636 AM011_1963_EP_SU2011_AD_05 
"<,>"
	"," Punctuation CM lang:es 00:00:39 00:00:46 tt-4637 AM011_1963_EP_SU2011_AD_05 
"<en>"
	"en" Preposition PREP lang:es 00:00:39 00:00:46 tt-4638 AM011_1963_EP_SU2011_AD_05 @Gram:Prep ADD:580 
"<inglés>"
	"inglés" Noun NC Plural lang:es 00:00:39 00:00:46 tt-4639 AM011_1963_EP_SU2011_AD_05 
"<pienso>"
	"pensar" Verb VLfin Pres Indi Sing 1st lang:es 00:00:39 00:00:46 tt-4640 AM011_1963_EP_SU2011_AD_05 
"<...>"
	"..." Punctuation DOTS lang:es 00:00:39 00:00:46 tt-4641 AM011_1963_EP_SU2011_AD_05 
"<hablo>"
	"hablar" Verb VLfin Pres Indi Sing 1st lang:es 00:00:39 00:00:46 tt-4642 AM011_1963_EP_SU2011_AD_05 
"<bien>"
	"bien" Adverb ADV lang:es 00:00:39 00:00:46 tt-4643 AM011_1963_EP_SU2011_AD_05 
"<,>"
	"," Punctuation CM lang:es 00:00:39 00:00:46 tt-4644 AM011_1963_EP_SU2011_AD_05 
"<a>"
	"a" Adverb ADV lang:es 00:00:39 00:00:46 tt-4645 AM011_1963_EP_SU2011_AD_05 
"<veces>"
	"veces" Adverb ADV lang:es 00:00:39 00:00:46 tt-4646 AM011_1963_EP_SU2011_AD_05 
"<mi>"
	"mío" Pronoun PPO Singular lang:es 00:00:39 00:00:46 tt-4647 AM011_1963_EP_SU2011_AD_05 @Gram:Det:Pos ADD:425 
"<accento>"
	"UNK" Noun NC Singular lang:es 00:00:39 00:00:46 tt-4648 AM011_1963_EP_SU2011_AD_05 
"<es>"
	"ser" Verb VSfin Pres Indi Sing 3rd lang:es 00:00:39 00:00:46 tt-4649 AM011_1963_EP_SU2011_AD_05 @Gram:SerEstar:Ser ADD:769 
"<medio>"
	"medio" Noun NC Singular lang:es 00:00:39 00:00:46 tt-4650 AM011_1963_EP_SU2011_AD_05 
"<...>"
	"..." Punctuation DOTS lang:es 00:00:39 00:00:46 tt-4651 AM011_1963_EP_SU2011_AD_05 
"<$¿>"
	"¿" Punctuation FS lang:es 00:00:39 00:00:46 tt-4652 AM011_1963_EP_SU2011_AD_05 
"<cómo>"
	"cómo" Adverb ADV lang:es 00:00:39 00:00:46 tt-4653 AM011_1963_EP_SU2011_AD_05 
"<dicen>"
	"decir" Verb VLfin Pres Indi Plural 3rd lang:es 00:00:48 00:00:55 tt-4654 AM011_1963_EP_SU2011_AD_05 
"<$?>"
	"?" Punctuation FS lang:es 00:00:48 00:00:55 tt-4655 AM011_1963_EP_SU2011_AD_05 

"<Marcado>"
	"marcar" Verb VLadj lang:es 00:00:48 00:00:55 tt-4656 AM011_1963_EP_SU2011_AD_05 
"<en>"
	"en" Preposition PREP lang:es 00:00:48 00:00:55 tt-4657 AM011_1963_EP_SU2011_AD_05 @Gram:Prep ADD:580 
<lang code="en">
"<ah>"
	"UNK" Noun NN lang:en 00:00:48 00:00:55 tt-4658 AM011_1963_EP_SU2011_AD_05 
</lang>
"<...>"
	"..." Punctuation DOTS lang:es 00:00:48 00:00:55 tt-4659 AM011_1963_EP_SU2011_AD_05 
"<español>"
	"español" Adjective ADJ Singular lang:es 00:00:48 00:00:55 tt-4660 AM011_1963_EP_SU2011_AD_05 
"<,>"
	"," Punctuation CM lang:es 00:00:48 00:00:55 tt-4661 AM011_1963_EP_SU2011_AD_05 
"<$¿>"
	"¿" Punctuation FS lang:es 00:00:48 00:00:55 tt-4662 AM011_1963_EP_SU2011_AD_05 
"<no>"
	"no" Adverb NEG lang:es 00:00:48 00:00:55 tt-4663 AM011_1963_EP_SU2011_AD_05 
"<$?>"
	"?" Punctuation FS lang:es 00:00:48 00:00:55 tt-4664 AM011_1963_EP_SU2011_AD_05 

"<Pero>"
	"pero" Conjunction CCAD lang:es 00:00:48 00:00:55 tt-4665 AM011_1963_EP_SU2011_AD_05 @Prag:MarcadoresDisc:Revision ADD:998 
"<lo>"
	"él" Pronoun PPC Singular lang:es 00:00:48 00:00:55 tt-4666 AM011_1963_EP_SU2011_AD_05 @Gram:Pron:Objeto ADD:620 
"<puedo>"
	"poder" Verb VLfin Pres Indi Sing 1st lang:es 00:00:48 00:00:55 tt-4667 AM011_1963_EP_SU2011_AD_05 
"<leer>"
	"leer" Verb VLinf Infinitive lang:es 00:00:48 00:00:55 tt-4668 AM011_1963_EP_SU2011_AD_05 SUBSTITUTE:309 
"<y>"
	"y" Conjunction CC lang:es 00:00:48 00:00:55 tt-4669 AM011_1963_EP_SU2011_AD_05 
"<escribir>"
	"escribir" Verb VLinf Infinitive lang:es 00:00:48 00:00:55 tt-4670 AM011_1963_EP_SU2011_AD_05 SUBSTITUTE:309 
"<bien>"
	"bien" Adverb ADV lang:es 00:00:48 00:00:55 tt-4671 AM011_1963_EP_SU2011_AD_05 
"<$.>"
	"." Punctuation FS lang:es 00:00:48 00:00:55 tt-4672 AM011_1963_EP_SU2011_AD_05 

"<Pues>"
	"pues" Conjunction CSUBF lang:es 00:00:48 00:00:55 tt-4673 AM011_1963_EP_SU2011_AD_05 
"<,>"
	"," Punctuation CM lang:es 00:00:48 00:00:55 tt-4674 AM011_1963_EP_SU2011_AD_05 
"<hice>"
	"hacer" Verb VLfin Pret Indi Sing 1st lang:es 00:00:48 00:00:55 tt-4675 AM011_1963_EP_SU2011_AD_05 @Gram:Indefinido ID:117 R:Herit:Contacto:Mixtas:118 ADD:654 ADDRELATION(Herit:Contacto:Mixtas):1136 
<lang code="en">
"<high>"
	"high" Adjective JJ lang:en 00:00:57 00:01:00 tt-4676 AM011_1963_EP_SU2011_AD_05 ID:118 
"<school>"
	"school" Noun NN lang:en 00:00:57 00:01:00 tt-4677 AM011_1963_EP_SU2011_AD_05 
</lang>
"<aquí>"
	"aquí" Adverb ADV lang:es 00:00:57 00:01:00 tt-4678 AM011_1963_EP_SU2011_AD_05 
"<$.>"
	"." Punctuation FS lang:es 00:00:57 00:01:00 tt-4679 AM011_1963_EP_SU2011_AD_05 
</speaker>
</text>

