<text id="AM011_1963_EP_SU2011_AD_01">
<speaker type="int">
"<$¿>"
	"¿" Punctuation FS lang:es 00:00:00 00:00:07 tt-917 AM011_1963_EP_SU2011_AD_01 
"<Cómo>"
	"cómo" Adverb ADV lang:es 00:00:00 00:00:07 tt-918 AM011_1963_EP_SU2011_AD_01 
"<crees>"
	"crear|creer" Verb VLfin Pres Indi Sing 2nd lang:es 00:00:00 00:00:07 tt-919 AM011_1963_EP_SU2011_AD_01 
"<que>"
	"que" Conjunction CQUE lang:es 00:00:00 00:00:07 tt-920 AM011_1963_EP_SU2011_AD_01 
"<la>"
	"el" Determiner ART Singular Fem lang:es 00:00:00 00:00:07 tt-921 AM011_1963_EP_SU2011_AD_01 @Gram:Det:Art 
"<vida>"
	"vida" Noun NC Singular lang:es 00:00:00 00:00:07 tt-922 AM011_1963_EP_SU2011_AD_01 
"<...>"
	"..." Punctuation DOTS lang:es 00:00:00 00:00:07 tt-923 AM011_1963_EP_SU2011_AD_01 
"<de>"
	"de" Preposition PREP lang:es 00:00:00 00:00:07 tt-924 AM011_1963_EP_SU2011_AD_01 @Gram:Prep 
"<los>"
	"el" Determiner ART Plural Masc lang:es 00:00:00 00:00:07 tt-925 AM011_1963_EP_SU2011_AD_01 @Gram:Det:Art 
"<latinos>"
	"latino" Adjective ADJ Plural lang:es 00:00:00 00:00:07 tt-926 AM011_1963_EP_SU2011_AD_01 
"<es>"
	"ser" Verb VSfin Pres Indi Sing 3rd lang:es 00:00:00 00:00:07 tt-927 AM011_1963_EP_SU2011_AD_01 @Gram:SerEstar:Ser 
"<diferente>"
	"diferente" Adjective ADJ Singular lang:es 00:00:00 00:00:07 tt-928 AM011_1963_EP_SU2011_AD_01 
"<ahora>"
	"ahora" Adverb ADV lang:es 00:00:00 00:00:07 tt-929 AM011_1963_EP_SU2011_AD_01 
"<en>"
	"en" Preposition PREP lang:es 00:00:00 00:00:07 tt-930 AM011_1963_EP_SU2011_AD_01 @Gram:Prep 
"<comparación>"
	"comparación" Noun NC Singular lang:es 00:00:00 00:00:07 tt-931 AM011_1963_EP_SU2011_AD_01 
"<con>"
	"con" Preposition PREP lang:es 00:00:00 00:00:07 tt-932 AM011_1963_EP_SU2011_AD_01 @Gram:Prep 
"<la>"
	"el" Determiner ART Singular Fem lang:es 00:00:00 00:00:07 tt-933 AM011_1963_EP_SU2011_AD_01 @Gram:Det:Art 
"<época>"
	"época" Noun NC Singular lang:es 00:00:12 00:00:15 tt-934 AM011_1963_EP_SU2011_AD_01 
"<en>"
	"en" Preposition PREP lang:es 00:00:12 00:00:15 tt-935 AM011_1963_EP_SU2011_AD_01 @Gram:Prep 
"<que>"
	"que" Conjunction CQUE lang:es 00:00:12 00:00:15 tt-936 AM011_1963_EP_SU2011_AD_01 
"<crecieron>"
	"crecer" Verb VLfin Pret Indi Plural 3rd lang:es 00:00:12 00:00:15 tt-937 AM011_1963_EP_SU2011_AD_01 @Gram:Indefinido 
"<tus>"
	"UNK" Noun NC Plural lang:es 00:00:12 00:00:15 tt-938 AM011_1963_EP_SU2011_AD_01 @Gram:Det:Pos 
"<padres>"
	"padre" Noun NC Plural lang:es 00:00:12 00:00:15 tt-939 AM011_1963_EP_SU2011_AD_01 
"<$?>"
	"?" Punctuation FS lang:es 00:00:12 00:00:15 tt-940 AM011_1963_EP_SU2011_AD_01 
</speaker>
<speaker type="subj">

"<$¿>"
	"¿" Punctuation FS lang:es 00:00:15 00:00:22 tt-941 AM011_1963_EP_SU2011_AD_01 
"<De>"
	"de" Preposition PREP lang:es 00:00:15 00:00:22 tt-942 AM011_1963_EP_SU2011_AD_01 @Gram:Prep 
"<ahora>"
	"ahora" Adverb ADV lang:es 00:00:15 00:00:22 tt-943 AM011_1963_EP_SU2011_AD_01 
"<$?>"
	"?" Punctuation FS lang:es 00:00:15 00:00:22 tt-944 AM011_1963_EP_SU2011_AD_01 

"<$¿>"
	"¿" Punctuation FS lang:es 00:00:15 00:00:22 tt-945 AM011_1963_EP_SU2011_AD_01 
"<En>"
	"en" Preposition PREP lang:es 00:00:15 00:00:22 tt-946 AM011_1963_EP_SU2011_AD_01 @Gram:Prep 
"<comparación>"
	"comparación" Noun NC Singular lang:es 00:00:15 00:00:22 tt-947 AM011_1963_EP_SU2011_AD_01 
"<de>"
	"de" Preposition PREP lang:es 00:00:15 00:00:22 tt-948 AM011_1963_EP_SU2011_AD_01 @Gram:Prep 
"<mi>"
	"mío" Pronoun PPO Singular lang:es 00:00:15 00:00:22 tt-949 AM011_1963_EP_SU2011_AD_01 @Gram:Det:Pos 
"<papá>"
	"papá" Noun NC Singular lang:es 00:00:15 00:00:22 tt-950 AM011_1963_EP_SU2011_AD_01 
"<$?>"
	"?" Punctuation FS lang:es 00:00:15 00:00:22 tt-951 AM011_1963_EP_SU2011_AD_01 

"<Uf>"
	"uf" Noun NP Singular lang:es 00:00:15 00:00:22 tt-952 AM011_1963_EP_SU2011_AD_01 
"<,>"
	"," Punctuation CM lang:es 00:00:15 00:00:22 tt-953 AM011_1963_EP_SU2011_AD_01 
"<muy>"
	"muy" Adverb ADV lang:es 00:00:15 00:00:22 tt-954 AM011_1963_EP_SU2011_AD_01 
"<diferente>"
	"diferente" Adjective ADJ Singular lang:es 00:00:15 00:00:22 tt-955 AM011_1963_EP_SU2011_AD_01 
"<$.>"
	"." Punctuation FS lang:es 00:00:15 00:00:22 tt-956 AM011_1963_EP_SU2011_AD_01 
<lang code="en">

"<Oh>"
	"oh" Other UH lang:en 00:00:15 00:00:22 tt-957 AM011_1963_EP_SU2011_AD_01 
</lang>
"<,>"
	"," Punctuation CM lang:es 00:00:15 00:00:22 tt-958 AM011_1963_EP_SU2011_AD_01 
<lang code="en">
"<yeah>"
	"yeah" Adverb RB lang:en 00:00:15 00:00:22 tt-959 AM011_1963_EP_SU2011_AD_01 
</lang>
"<,>"
	"," Punctuation CM lang:es 00:00:15 00:00:22 tt-960 AM011_1963_EP_SU2011_AD_01 
"<pues>"
	"pues" Conjunction CSUBF lang:es 00:00:15 00:00:22 tt-961 AM011_1963_EP_SU2011_AD_01 
"<$.>"
	"." Punctuation FS lang:es 00:00:15 00:00:22 tt-962 AM011_1963_EP_SU2011_AD_01 

"<Ahora>"
	"ahora" Adverb ADV lang:es 00:00:15 00:00:22 tt-963 AM011_1963_EP_SU2011_AD_01 
"<,>"
	"," Punctuation CM lang:es 00:00:15 00:00:22 tt-964 AM011_1963_EP_SU2011_AD_01 
"<son>"
	"ser" Verb VSfin Pres Indi Plural 3rd lang:es 00:00:28 00:00:35 tt-965 AM011_1963_EP_SU2011_AD_01 @Gram:SerEstar:Ser 
"<...>"
	"..." Punctuation DOTS lang:es 00:00:28 00:00:35 tt-966 AM011_1963_EP_SU2011_AD_01 
"<bueno>"
	"bueno" Adjective ADJ Singular lang:es 00:00:28 00:00:35 tt-967 AM011_1963_EP_SU2011_AD_01 
"<yo>"
	"yo" Pronoun PPX Singular lang:es 00:00:28 00:00:35 tt-968 AM011_1963_EP_SU2011_AD_01 @Gram:Pron:Sujeto 
"<me>"
	"yo" Pronoun PPX Singular lang:es 00:00:28 00:00:35 tt-969 AM011_1963_EP_SU2011_AD_01 @Gram:Pron:Objeto 
"<imagino>"
	"imaginar" Verb VLfin Pres Indi Sing 1st lang:es 00:00:28 00:00:35 tt-970 AM011_1963_EP_SU2011_AD_01 
"<en>"
	"en" Preposition PREP lang:es 00:00:28 00:00:35 tt-971 AM011_1963_EP_SU2011_AD_01 @Gram:Prep 
"<el>"
	"el" Determiner ART Singular Masc lang:es 00:00:28 00:00:35 tt-972 AM011_1963_EP_SU2011_AD_01 @Gram:Det:Art 
"<tiempo>"
	"tiempo" Noun NC Singular lang:es 00:00:28 00:00:35 tt-973 AM011_1963_EP_SU2011_AD_01 
"<de>"
	"de" Preposition PREP lang:es 00:00:28 00:00:35 tt-974 AM011_1963_EP_SU2011_AD_01 @Gram:Prep 
"<mis>"
	"mío" Pronoun PPO Plural lang:es 00:00:28 00:00:35 tt-975 AM011_1963_EP_SU2011_AD_01 @Gram:Det:Pos 
"<papás>"
	"papá" Noun NC Plural lang:es 00:00:28 00:00:35 tt-976 AM011_1963_EP_SU2011_AD_01 
"<eran>"
	"ser" Verb VSfin Imp Indi Plural 3rd lang:es 00:00:28 00:00:35 tt-977 AM011_1963_EP_SU2011_AD_01 @Gram:Imperf @Gram:SerEstar:Ser 
"<estrictos>"
	"estricto" Adjective ADJ Plural lang:es 00:00:28 00:00:35 tt-978 AM011_1963_EP_SU2011_AD_01 
"<,>"
	"," Punctuation CM lang:es 00:00:28 00:00:35 tt-979 AM011_1963_EP_SU2011_AD_01 
"<no>"
	"no" Adverb NEG lang:es 00:00:28 00:00:35 tt-980 AM011_1963_EP_SU2011_AD_01 
"<podías>"
	"poder" Verb VLfin Imp Indi Sing 2nd lang:es 00:00:28 00:00:35 tt-981 AM011_1963_EP_SU2011_AD_01 @Gram:Imperf 
"<contestar>"
	"contestar" Verb VLinf Infinitive lang:es 00:00:28 00:00:35 tt-982 AM011_1963_EP_SU2011_AD_01 
"<a>"
	"a" Preposition PREP lang:es 00:00:28 00:00:35 tt-983 AM011_1963_EP_SU2011_AD_01 @Gram:Prep 
"<nada>"
	"nada" Determiner QU lang:es 00:00:37 00:00:44 tt-984 AM011_1963_EP_SU2011_AD_01 
"<contra>"
	"contra" Preposition PREP lang:es 00:00:37 00:00:44 tt-985 AM011_1963_EP_SU2011_AD_01 @Gram:Prep 
"<tus>"
	"UNK" Noun NC Plural lang:es 00:00:37 00:00:44 tt-986 AM011_1963_EP_SU2011_AD_01 @Gram:Det:Pos 
"<papás>"
	"papá" Noun NC Plural lang:es 00:00:37 00:00:44 tt-987 AM011_1963_EP_SU2011_AD_01 
"<$.>"
	"." Punctuation FS lang:es 00:00:37 00:00:44 tt-988 AM011_1963_EP_SU2011_AD_01 

"<Eran>"
	"ser" Verb VSfin Imp Indi Plural 3rd lang:es 00:00:37 00:00:44 tt-989 AM011_1963_EP_SU2011_AD_01 @Gram:Imperf @Gram:SerEstar:Ser 
"<...>"
	"..." Punctuation DOTS lang:es 00:00:37 00:00:44 tt-990 AM011_1963_EP_SU2011_AD_01 
"<no>"
	"no" Adverb NEG lang:es 00:00:37 00:00:44 tt-991 AM011_1963_EP_SU2011_AD_01 
"<tenían>"
	"tener" Verb VLfin Imp Indi Plural 3rd lang:es 00:00:37 00:00:44 tt-992 AM011_1963_EP_SU2011_AD_01 @Gram:Imperf 
"<tantas>"
	"tanto" Determiner QU lang:es 00:00:37 00:00:44 tt-993 AM011_1963_EP_SU2011_AD_01 @Gram:Det:CuantIndef 
"<,>"
	"," Punctuation CM lang:es 00:00:37 00:00:44 tt-994 AM011_1963_EP_SU2011_AD_01 
"<$¿>"
	"¿" Punctuation FS lang:es 00:00:37 00:00:44 tt-995 AM011_1963_EP_SU2011_AD_01 
"<cómo>"
	"cómo" Adverb ADV lang:es 00:00:37 00:00:44 tt-996 AM011_1963_EP_SU2011_AD_01 
"<diría>"
	"decir" Verb VLfin Cond Indi Sing 1st_or_3rd lang:es 00:00:37 00:00:44 tt-997 AM011_1963_EP_SU2011_AD_01 
"<$?>"
	"?" Punctuation FS lang:es 00:00:37 00:00:44 tt-998 AM011_1963_EP_SU2011_AD_01 

"<Cosas>"
	"cosa" Noun NC Plural lang:es 00:00:37 00:00:44 tt-999 AM011_1963_EP_SU2011_AD_01 
"<materiales>"
	"material" Adjective ADJ Plural lang:es 00:00:37 00:00:44 tt-1000 AM011_1963_EP_SU2011_AD_01 
"<...>"
	"..." Punctuation DOTS lang:es 00:00:37 00:00:44 tt-1001 AM011_1963_EP_SU2011_AD_01 
"<como>"
	"como" Adverb ADV lang:es 00:00:37 00:00:44 tt-1002 AM011_1963_EP_SU2011_AD_01 
"<...>"
	"..." Punctuation DOTS lang:es 00:00:37 00:00:44 tt-1003 AM011_1963_EP_SU2011_AD_01 
"<en>"
	"en" Preposition PREP lang:es 00:00:37 00:00:44 tt-1004 AM011_1963_EP_SU2011_AD_01 @Gram:Prep 
"<los>"
	"el" Determiner ART Plural Masc lang:es 00:00:52 00:00:59 tt-1005 AM011_1963_EP_SU2011_AD_01 @Gram:Det:Art 
"<tiempos>"
	"tiempo" Noun NC Plural lang:es 00:00:52 00:00:59 tt-1006 AM011_1963_EP_SU2011_AD_01 
"<de>"
	"de" Preposition PREP lang:es 00:00:52 00:00:59 tt-1007 AM011_1963_EP_SU2011_AD_01 @Gram:Prep 
"<mi>"
	"mío" Pronoun PPO Singular lang:es 00:00:52 00:00:59 tt-1008 AM011_1963_EP_SU2011_AD_01 @Gram:Det:Pos 
"<papá>"
	"papá" Noun NC Singular lang:es 00:00:52 00:00:59 tt-1009 AM011_1963_EP_SU2011_AD_01 
"<$.>"
	"." Punctuation FS lang:es 00:00:52 00:00:59 tt-1010 AM011_1963_EP_SU2011_AD_01 

"<Era>"
	"ser" Verb VEfin Imp Indi Sing 1st_or_3rd lang:es 00:00:52 00:00:59 tt-1011 AM011_1963_EP_SU2011_AD_01 @Gram:Imperf @Gram:SerEstar:Ser 
"<,>"
	"," Punctuation CM lang:es 00:00:52 00:00:59 tt-1012 AM011_1963_EP_SU2011_AD_01 
"<$¿>"
	"¿" Punctuation FS lang:es 00:00:52 00:00:59 tt-1013 AM011_1963_EP_SU2011_AD_01 
"<cómo>"
	"cómo" Adverb ADV lang:es 00:00:52 00:00:59 tt-1014 AM011_1963_EP_SU2011_AD_01 
"<dicen>"
	"decir" Verb VLfin Pres Indi Plural 3rd lang:es 00:00:52 00:00:59 tt-1015 AM011_1963_EP_SU2011_AD_01 
"<$?>"
	"?" Punctuation FS lang:es 00:00:52 00:00:59 tt-1016 AM011_1963_EP_SU2011_AD_01 
<lang code="en">

"<Day>"
	"day" Noun NN lang:en 00:00:52 00:00:59 tt-1017 AM011_1963_EP_SU2011_AD_01 
"<to>"
	"to" Other TO lang:en 00:00:52 00:00:59 tt-1018 AM011_1963_EP_SU2011_AD_01 
"<day>"
	"day" Noun NN lang:en 00:00:52 00:00:59 tt-1019 AM011_1963_EP_SU2011_AD_01 
</lang>
"<$.>"
	"." Punctuation FS lang:es 00:00:52 00:00:59 tt-1020 AM011_1963_EP_SU2011_AD_01 

"<Era>"
	"ser" Verb VEfin Imp Indi Sing 1st_or_3rd lang:es 00:00:52 00:00:59 tt-1021 AM011_1963_EP_SU2011_AD_01 @Gram:Imperf @Gram:SerEstar:Ser 
"<que>"
	"que" Conjunction CQUE lang:es 00:00:52 00:00:59 tt-1022 AM011_1963_EP_SU2011_AD_01 
"<comían>"
	"comer" Verb VLfin Imp Indi Plural 3rd lang:es 00:00:52 00:00:59 tt-1023 AM011_1963_EP_SU2011_AD_01 @Gram:Imperf 
"<no>"
	"no" Adverb ADV lang:es 00:00:52 00:00:59 tt-1024 AM011_1963_EP_SU2011_AD_01 
"<más>"
	"más" Adverb ADV lang:es 00:00:52 00:00:59 tt-1025 AM011_1963_EP_SU2011_AD_01 
"<,>"
	"," Punctuation CM lang:es 00:00:52 00:00:59 tt-1026 AM011_1963_EP_SU2011_AD_01 
"<eh>"
	"eh" Noun NP Singular lang:es 00:00:52 00:00:59 tt-1027 AM011_1963_EP_SU2011_AD_01 
"<...>"
	"..." Punctuation DOTS lang:es 00:00:52 00:00:59 tt-1028 AM011_1963_EP_SU2011_AD_01 
"<ahora>"
	"ahora" Adverb ADV lang:es 00:01:05 00:01:12 tt-1029 AM011_1963_EP_SU2011_AD_01 
"<tienen>"
	"tener" Verb VLfin Pres Indi Plural 3rd lang:es 00:01:05 00:01:12 tt-1030 AM011_1963_EP_SU2011_AD_01 
"<,>"
	"," Punctuation CM lang:es 00:01:05 00:01:12 tt-1031 AM011_1963_EP_SU2011_AD_01 
"<los>"
	"el" Determiner ART Plural Masc lang:es 00:01:05 00:01:12 tt-1032 AM011_1963_EP_SU2011_AD_01 @Gram:Det:Art 
"<niños>"
	"niño" Noun NC Plural lang:es 00:01:05 00:01:12 tt-1033 AM011_1963_EP_SU2011_AD_01 
"<de>"
	"de" Preposition PREP lang:es 00:01:05 00:01:12 tt-1034 AM011_1963_EP_SU2011_AD_01 @Gram:Prep 
"<ahora>"
	"ahora" Adverb ADV lang:es 00:01:05 00:01:12 tt-1035 AM011_1963_EP_SU2011_AD_01 
"<tienen>"
	"tener" Verb VLfin Pres Indi Plural 3rd lang:es 00:01:05 00:01:12 tt-1036 AM011_1963_EP_SU2011_AD_01 
"<todo>"
	"todo" Determiner QU lang:es 00:01:05 00:01:12 tt-1037 AM011_1963_EP_SU2011_AD_01 
"<,>"
	"," Punctuation CM lang:es 00:01:05 00:01:12 tt-1038 AM011_1963_EP_SU2011_AD_01 
"<tienen>"
	"tener" Verb VLfin Pres Indi Plural 3rd lang:es 00:01:05 00:01:12 tt-1039 AM011_1963_EP_SU2011_AD_01 
<lang code="en">
"<chips>"
	"chip" Noun NNS lang:en 00:01:05 00:01:12 tt-1040 AM011_1963_EP_SU2011_AD_01 
</lang>
"<y>"
	"y" Conjunciton Conjunction CC lang:es 00:01:05 00:01:12 tt-1041 AM011_1963_EP_SU2011_AD_01 
"<hamburguesas>"
	"hamburguesa|hamburgués" Noun NC Plural lang:es 00:01:05 00:01:12 tt-1042 AM011_1963_EP_SU2011_AD_01 
"<,>"
	"," Punctuation CM lang:es 00:01:05 00:01:12 tt-1043 AM011_1963_EP_SU2011_AD_01 
"<y>"
	"y" Conjunciton Conjunction CC lang:es 00:01:05 00:01:12 tt-1044 AM011_1963_EP_SU2011_AD_01 
"<todo>"
	"todo" Determiner QU lang:es 00:01:05 00:01:12 tt-1045 AM011_1963_EP_SU2011_AD_01 
"<$.>"
	"." Punctuation FS lang:es 00:01:05 00:01:12 tt-1046 AM011_1963_EP_SU2011_AD_01 

"<Eh>"
	"eh" Noun NP Singular lang:es 00:01:05 00:01:12 tt-1047 AM011_1963_EP_SU2011_AD_01 
"<...>"
	"..." Punctuation DOTS lang:es 00:01:05 00:01:12 tt-1048 AM011_1963_EP_SU2011_AD_01 
"<muy>"
	"muy" Adverb ADV lang:es 00:01:05 00:01:12 tt-1049 AM011_1963_EP_SU2011_AD_01 
"<diferente>"
	"diferente" Adjective ADJ Singular lang:es 00:01:15 00:01:22 tt-1050 AM011_1963_EP_SU2011_AD_01 
"<$.>"
	"." Punctuation FS lang:es 00:01:15 00:01:22 tt-1051 AM011_1963_EP_SU2011_AD_01 

"<Ya>"
	"ya" Adverb ADV lang:es 00:01:15 00:01:22 tt-1052 AM011_1963_EP_SU2011_AD_01 
"<en>"
	"en" Preposition PREP lang:es 00:01:15 00:01:22 tt-1053 AM011_1963_EP_SU2011_AD_01 @Gram:Prep 
"<el>"
	"el" Determiner ART Singular Masc lang:es 00:01:15 00:01:22 tt-1054 AM011_1963_EP_SU2011_AD_01 @Gram:Det:Art 
"<tiempo>"
	"tiempo" Noun NC Singular lang:es 00:01:15 00:01:22 tt-1055 AM011_1963_EP_SU2011_AD_01 
"<de>"
	"de" Preposition PREP lang:es 00:01:15 00:01:22 tt-1056 AM011_1963_EP_SU2011_AD_01 @Gram:Prep 
"<mi>"
	"mío" Pronoun PPO Singular lang:es 00:01:15 00:01:22 tt-1057 AM011_1963_EP_SU2011_AD_01 @Gram:Det:Pos 
"<papá>"
	"papá" Noun NC Singular lang:es 00:01:15 00:01:22 tt-1058 AM011_1963_EP_SU2011_AD_01 
"<,>"
	"," Punctuation CM lang:es 00:01:15 00:01:22 tt-1059 AM011_1963_EP_SU2011_AD_01 
"<ya>"
	"ya" Adverb ADV lang:es 00:01:15 00:01:22 tt-1060 AM011_1963_EP_SU2011_AD_01 
"<para>"
	"para" Preposition PREP lang:es 00:01:15 00:01:22 tt-1061 AM011_1963_EP_SU2011_AD_01 @Gram:Prep:Para 
"<los>"
	"el" Determiner ART Plural Masc lang:es 00:01:15 00:01:22 tt-1062 AM011_1963_EP_SU2011_AD_01 @Gram:Det:Art 
"<diez>"
	"diez" Determiner CARD Singular lang:es 00:01:15 00:01:22 tt-1063 AM011_1963_EP_SU2011_AD_01 
"<,>"
	"," Punctuation CM lang:es 00:01:15 00:01:22 tt-1064 AM011_1963_EP_SU2011_AD_01 
"<once>"
	"once" Determiner CARD Singular lang:es 00:01:15 00:01:22 tt-1065 AM011_1963_EP_SU2011_AD_01 
"<años>"
	"año" Noun NC Plural lang:es 00:01:15 00:01:22 tt-1066 AM011_1963_EP_SU2011_AD_01 
"<ya>"
	"ya" Adverb ADV lang:es 00:01:15 00:01:22 tt-1067 AM011_1963_EP_SU2011_AD_01 
"<tenían>"
	"tener" Verb VLfin Imp Indi Plural 3rd lang:es 00:01:15 00:01:22 tt-1068 AM011_1963_EP_SU2011_AD_01 @Gram:Imperf 
"<que>"
	"que" Conjunction CQUE lang:es 00:01:15 00:01:22 tt-1069 AM011_1963_EP_SU2011_AD_01 
"<trabajar>"
	"trabajar" Verb VLinf Infinitive lang:es 00:01:15 00:01:22 tt-1070 AM011_1963_EP_SU2011_AD_01 
"<,>"
	"," Punctuation CM lang:es 00:01:15 00:01:22 tt-1071 AM011_1963_EP_SU2011_AD_01 
"<hacer>"
	"hacer" Verb VLinf Infinitive lang:es 00:01:27 00:01:34 tt-1072 AM011_1963_EP_SU2011_AD_01 
"<un>"
	"un" Determiner ART Singular lang:es 00:01:27 00:01:34 tt-1073 AM011_1963_EP_SU2011_AD_01 
"<...>"
	"..." Punctuation DOTS lang:es 00:01:27 00:01:34 tt-1074 AM011_1963_EP_SU2011_AD_01 
"<trabajar>"
	"trabajar" Verb VLinf Infinitive lang:es 00:01:27 00:01:34 tt-1075 AM011_1963_EP_SU2011_AD_01 
"<para>"
	"para" Preposition PREP lang:es 00:01:27 00:01:34 tt-1076 AM011_1963_EP_SU2011_AD_01 @Gram:Prep:Para 
"<ganar>"
	"ganar" Verb VLinf Infinitive lang:es 00:01:27 00:01:34 tt-1077 AM011_1963_EP_SU2011_AD_01 
"<dinero>"
	"dinero" Noun NC Singular lang:es 00:01:27 00:01:34 tt-1078 AM011_1963_EP_SU2011_AD_01 
"<y>"
	"y" Conjunciton Conjunction CC lang:es 00:01:27 00:01:34 tt-1079 AM011_1963_EP_SU2011_AD_01 
"<ahora>"
	"ahora" Adverb ADV lang:es 00:01:27 00:01:34 tt-1080 AM011_1963_EP_SU2011_AD_01 
"<no>"
	"no" Adverb NEG lang:es 00:01:27 00:01:34 tt-1081 AM011_1963_EP_SU2011_AD_01 
"<$.>"
	"." Punctuation FS lang:es 00:01:27 00:01:34 tt-1082 AM011_1963_EP_SU2011_AD_01 

"<Sí>"
	"él" Pronoun PPX Singular lang:es 00:01:27 00:01:34 tt-1083 AM011_1963_EP_SU2011_AD_01 
"<no>"
	"no" Adverb NEG lang:es 00:01:27 00:01:34 tt-1084 AM011_1963_EP_SU2011_AD_01 
"<están>"
	"estar" Verb VEfin Pres Indi Plural 3rd lang:es 00:01:27 00:01:34 tt-1085 AM011_1963_EP_SU2011_AD_01 @Gram:SerEstar:Estar 
"<en>"
	"en" Preposition PREP lang:es 00:01:27 00:01:34 tt-1086 AM011_1963_EP_SU2011_AD_01 @Gram:Prep 
"<el>"
	"el" Determiner ART Singular Masc lang:es 00:01:27 00:01:34 tt-1087 AM011_1963_EP_SU2011_AD_01 @Gram:Det:Art 
<lang code="en">
"<computer>"
	"computer" Noun NN lang:en 00:01:27 00:01:34 tt-1088 AM011_1963_EP_SU2011_AD_01 
</lang>
"<o>"
	"o" Conjunciton Conjunction CC lang:es 00:01:27 00:01:34 tt-1089 AM011_1963_EP_SU2011_AD_01 
"<en>"
	"en" Preposition PREP lang:es 00:01:27 00:01:34 tt-1090 AM011_1963_EP_SU2011_AD_01 @Gram:Prep 
"<...>"
	"..." Punctuation DOTS lang:es 00:01:27 00:01:34 tt-1091 AM011_1963_EP_SU2011_AD_01 
"<viendo>"
	"ver" Verb VLger lang:es 00:01:27 00:01:34 tt-1092 AM011_1963_EP_SU2011_AD_01 
"<televisión>"
	"televisión" Noun NC Singular lang:es 00:01:40 00:01:47 tt-1093 AM011_1963_EP_SU2011_AD_01 
"<,>"
	"," Punctuation CM lang:es 00:01:40 00:01:47 tt-1094 AM011_1963_EP_SU2011_AD_01 
"<pues>"
	"pues" Conjunction CSUBF lang:es 00:01:40 00:01:47 tt-1095 AM011_1963_EP_SU2011_AD_01 
"<no>"
	"no" Adverb NEG lang:es 00:01:40 00:01:47 tt-1096 AM011_1963_EP_SU2011_AD_01 
"<,>"
	"," Punctuation CM lang:es 00:01:40 00:01:47 tt-1097 AM011_1963_EP_SU2011_AD_01 
"<no>"
	"no" Adverb NEG lang:es 00:01:40 00:01:47 tt-1098 AM011_1963_EP_SU2011_AD_01 
"<más>"
	"más" Adverb ADV lang:es 00:01:40 00:01:47 tt-1099 AM011_1963_EP_SU2011_AD_01 
"<haciendo>"
	"hacer" Verb VLger lang:es 00:01:40 00:01:47 tt-1100 AM011_1963_EP_SU2011_AD_01 
"<eso>"
	"ese" Determiner DM Singular lang:es 00:01:40 00:01:47 tt-1101 AM011_1963_EP_SU2011_AD_01 
"<,>"
	"," Punctuation CM lang:es 00:01:40 00:01:47 tt-1102 AM011_1963_EP_SU2011_AD_01 
"<lo>"
	"él" Pronoun PPC Singular lang:es 00:01:40 00:01:47 tt-1103 AM011_1963_EP_SU2011_AD_01 @Gram:Pron:Objeto 
"<tienen>"
	"tener" Verb VLfin Pres Indi Plural 3rd lang:es 00:01:40 00:01:47 tt-1104 AM011_1963_EP_SU2011_AD_01 
"<fácil>"
	"fácil" Adjective ADJ Singular lang:es 00:01:40 00:01:47 tt-1105 AM011_1963_EP_SU2011_AD_01 
"<...>"
	"..." Punctuation DOTS lang:es 00:01:40 00:01:47 tt-1106 AM011_1963_EP_SU2011_AD_01 
"<[>"
	"[" Punctuation LP lang:es 00:01:40 00:01:47 tt-1107 AM011_1963_EP_SU2011_AD_01 
"<Risas>"
	"UNK" Noun NP Plural lang:es 00:01:40 00:01:47 tt-1108 AM011_1963_EP_SU2011_AD_01 
"<]>"
	"]" Other RP lang:es 00:01:40 00:01:47 tt-1109 AM011_1963_EP_SU2011_AD_01 
"<Los>"
	"el" Determiner ART Plural Masc lang:es 00:01:40 00:01:47 tt-1110 AM011_1963_EP_SU2011_AD_01 @Gram:Det:Art 
"<niños>"
	"niño" Noun NC Plural lang:es 00:01:40 00:01:47 tt-1111 AM011_1963_EP_SU2011_AD_01 
"<de>"
	"de" Preposition PREP lang:es 00:01:40 00:01:47 tt-1112 AM011_1963_EP_SU2011_AD_01 @Gram:Prep 
"<ahora>"
	"ahora" Adverb ADV lang:es 00:01:40 00:01:47 tt-1113 AM011_1963_EP_SU2011_AD_01 
"<$.>"
	"." Punctuation FS lang:es 00:01:40 00:01:47 tt-1114 AM011_1963_EP_SU2011_AD_01 
<lang code="en">

"<Yeah>"
	"Yeah" Other UH lang:en 00:01:40 00:01:47 tt-1115 AM011_1963_EP_SU2011_AD_01 
</lang>
"<,>"
	"," Punctuation CM lang:es 00:01:40 00:01:47 tt-1116 AM011_1963_EP_SU2011_AD_01 
"<muy>"
	"muy" Adverb ADV lang:es 00:01:51 00:01:53 tt-1117 AM011_1963_EP_SU2011_AD_01 
"<diferente>"
	"diferente" Adjective ADJ Singular lang:es 00:01:51 00:01:53 tt-1118 AM011_1963_EP_SU2011_AD_01 
"<que>"
	"que" Conjunction CQUE lang:es 00:01:51 00:01:53 tt-1119 AM011_1963_EP_SU2011_AD_01 
"<los>"
	"el" Determiner ART Plural Masc lang:es 00:01:51 00:01:53 tt-1120 AM011_1963_EP_SU2011_AD_01 @Gram:Det:Art 
"<tiempos>"
	"tiempo" Noun NC Plural lang:es 00:01:51 00:01:53 tt-1121 AM011_1963_EP_SU2011_AD_01 
"<de>"
	"de" Preposition PREP lang:es 00:01:51 00:01:53 tt-1122 AM011_1963_EP_SU2011_AD_01 @Gram:Prep 
"<antes>"
	"antes" Adverb ADV lang:es 00:01:51 00:01:53 tt-1123 AM011_1963_EP_SU2011_AD_01 
"<$.>"
	"." Punctuation FS lang:es 00:01:51 00:01:53 tt-1124 AM011_1963_EP_SU2011_AD_01 
</speaker>
</text>

