<text id="AM032_1952_CT_SU2011_VA_07">
<speaker type="int">
"<secundaria>"
	"secundario" Adjective ADJ Singular lang:es 00:00:00 00:00:07 tt-4069 AM032_1952_CT_SU2011_VA_07 
"<...>"
	"..." Punctuation DOTS lang:es 00:00:00 00:00:07 tt-4070 AM032_1952_CT_SU2011_VA_07 
<lang code="en">
"<ah>"
	"UNK" Noun NNS lang:en 00:00:00 00:00:07 tt-4071 AM032_1952_CT_SU2011_VA_07 
</lang>
"<,>"
	"," Punctuation CM lang:es 00:00:00 00:00:07 tt-4072 AM032_1952_CT_SU2011_VA_07 
"<pero>"
	"pero" Conjunction CCAD lang:es 00:00:00 00:00:07 tt-4073 AM032_1952_CT_SU2011_VA_07 @Prag:MarcadoresDisc:Revision 
"<no>"
	"no" Adverb NEG lang:es 00:00:00 00:00:07 tt-4074 AM032_1952_CT_SU2011_VA_07 
"<fue>"
	"ser" Verb VSfin Pret Indi Sing 3rd lang:es 00:00:00 00:00:07 tt-4075 AM032_1952_CT_SU2011_VA_07 @Gram:Indefinido @Gram:SerEstar:Ser 
"<fácil>"
	"fácil" Adjective ADJ Singular lang:es 00:00:00 00:00:07 tt-4076 AM032_1952_CT_SU2011_VA_07 
"<entrar>"
	"entrar" Verb VLinf Infinitive lang:es 00:00:00 00:00:07 tt-4077 AM032_1952_CT_SU2011_VA_07 
"<a>"
	"a" Preposition PREP lang:es 00:00:00 00:00:07 tt-4078 AM032_1952_CT_SU2011_VA_07 @Gram:Prep 
"<la>"
	"el" Determiner ART Singular Fem lang:es 00:00:00 00:00:07 tt-4079 AM032_1952_CT_SU2011_VA_07 @Gram:Det:Art 
"<secundaria>"
	"secundario" Adjective ADJ Singular lang:es 00:00:00 00:00:07 tt-4080 AM032_1952_CT_SU2011_VA_07 
"<$.>"
	"." Punctuation FS lang:es 00:00:00 00:00:07 tt-4081 AM032_1952_CT_SU2011_VA_07 

"<El>"
	"el" Determiner ART Singular Masc lang:es 00:00:00 00:00:07 tt-4082 AM032_1952_CT_SU2011_VA_07 @Gram:Det:Art 
"<peor>"
	"malo" Adjective ADJ Singular lang:es 00:00:00 00:00:07 tt-4083 AM032_1952_CT_SU2011_VA_07 
"<temor>"
	"temor" Noun NC Singular lang:es 00:00:00 00:00:07 tt-4084 AM032_1952_CT_SU2011_VA_07 
"<que>"
	"que" Conjunction CQUE lang:es 00:00:00 00:00:07 tt-4085 AM032_1952_CT_SU2011_VA_07 
"<tuve>"
	"tener" Verb VLfin Pret Indi Sing 1st lang:es 00:00:00 00:00:07 tt-4086 AM032_1952_CT_SU2011_VA_07 @Gram:Indefinido 
"<desde>"
	"desde" Preposition PREP lang:es 00:00:00 00:00:07 tt-4087 AM032_1952_CT_SU2011_VA_07 @Gram:Prep 
"<que>"
	"que" Conjunction CQUE lang:es 00:00:00 00:00:07 tt-4088 AM032_1952_CT_SU2011_VA_07 
"<nací>"
	"nacer" Verb VLfin Pret Indi Sing 1st lang:es 00:00:00 00:00:07 tt-4089 AM032_1952_CT_SU2011_VA_07 @Gram:Indefinido 
"<yo>"
	"yo" Pronoun PPX Singular lang:es 00:00:00 00:00:07 tt-4090 AM032_1952_CT_SU2011_VA_07 @Gram:Pron:Sujeto 
"<creo>"
	"crear|creer" Verb VLfin Pres Indi Sing 1st lang:es 00:00:10 00:00:17 tt-4091 AM032_1952_CT_SU2011_VA_07 
"<porque>"
	"porque" Conjunction CSUBX lang:es 00:00:10 00:00:17 tt-4092 AM032_1952_CT_SU2011_VA_07 @Prag:MarcadoresDisc:Causa 
"<hasta>"
	"hasta" Preposition PREP lang:es 00:00:10 00:00:17 tt-4093 AM032_1952_CT_SU2011_VA_07 @Gram:Prep 
"<ese>"
	"ese" Determiner DM Singular lang:es 00:00:10 00:00:17 tt-4094 AM032_1952_CT_SU2011_VA_07 @Gram:Det:Demo 
"<momento>"
	"momento" Noun NC Singular lang:es 00:00:10 00:00:17 tt-4095 AM032_1952_CT_SU2011_VA_07 
"<de>"
	"de" Conjunction CSUBI lang:es 00:00:10 00:00:17 tt-4096 AM032_1952_CT_SU2011_VA_07 
"<entrar>"
	"entrar" Verb VLinf Infinitive lang:es 00:00:10 00:00:17 tt-4097 AM032_1952_CT_SU2011_VA_07 
"<en>"
	"en" Preposition PREP lang:es 00:00:10 00:00:17 tt-4098 AM032_1952_CT_SU2011_VA_07 @Gram:Prep 
"<el>"
	"el" Determiner ART Singular Masc lang:es 00:00:10 00:00:17 tt-4099 AM032_1952_CT_SU2011_VA_07 @Gram:Det:Art 
"<primero>"
	"primero" Adjective ORD Singular lang:es 00:00:10 00:00:17 tt-4100 AM032_1952_CT_SU2011_VA_07 
"<de>"
	"de" Preposition PREP lang:es 00:00:10 00:00:17 tt-4101 AM032_1952_CT_SU2011_VA_07 @Gram:Prep 
"<secundaria>"
	"secundario" Adjective ADJ Singular lang:es 00:00:10 00:00:17 tt-4102 AM032_1952_CT_SU2011_VA_07 
"<que>"
	"que" Conjunction CQUE lang:es 00:00:10 00:00:17 tt-4103 AM032_1952_CT_SU2011_VA_07 
"<es>"
	"ser" Verb VSfin Pres Indi Sing 3rd lang:es 00:00:10 00:00:17 tt-4104 AM032_1952_CT_SU2011_VA_07 @Gram:SerEstar:Ser 
"<el>"
	"el" Determiner ART Singular Masc lang:es 00:00:10 00:00:17 tt-4105 AM032_1952_CT_SU2011_VA_07 @Gram:Det:Art 
"<séptimo>"
	"séptimo" Noun NC Singular lang:es 00:00:10 00:00:17 tt-4106 AM032_1952_CT_SU2011_VA_07 
"<que>"
	"que" Conjunction CQUE lang:es 00:00:10 00:00:17 tt-4107 AM032_1952_CT_SU2011_VA_07 
"<en>"
	"en" Preposition PREP lang:es 00:00:17 00:00:23 tt-4108 AM032_1952_CT_SU2011_VA_07 @Gram:Prep 
"<inglés>"
	"inglés" Noun NC Plural lang:es 00:00:17 00:00:23 tt-4109 AM032_1952_CT_SU2011_VA_07 
"<,>"
	"," Punctuation CM lang:es 00:00:17 00:00:23 tt-4110 AM032_1952_CT_SU2011_VA_07 
<lang code="en">
"<seventh>"
	"seventh" Adjective JJ lang:en 00:00:17 00:00:23 tt-4111 AM032_1952_CT_SU2011_VA_07 
"<grade>"
	"grade" Noun NN lang:en 00:00:17 00:00:23 tt-4112 AM032_1952_CT_SU2011_VA_07 
</lang>
"<en>"
	"en" Preposition PREP lang:es 00:00:17 00:00:23 tt-4113 AM032_1952_CT_SU2011_VA_07 @Gram:Prep 
"<Estados>"
	"Estados" Noun NP Plural lang:es 00:00:17 00:00:23 tt-4114 AM032_1952_CT_SU2011_VA_07 ID:46 R:Vocab:Entities:Geo:47 
"<Unidos>"
	"Unidos" Noun NP Plural lang:es 00:00:17 00:00:23 tt-4115 AM032_1952_CT_SU2011_VA_07 ID:47 
"<,>"
	"," Punctuation CM lang:es 00:00:17 00:00:23 tt-4116 AM032_1952_CT_SU2011_VA_07 
"<fue>"
	"ser" Verb VSfin Pret Indi Sing 3rd lang:es 00:00:17 00:00:23 tt-4117 AM032_1952_CT_SU2011_VA_07 @Gram:Indefinido @Gram:SerEstar:Ser 
"<que>"
	"que" Conjunction CQUE lang:es 00:00:17 00:00:23 tt-4118 AM032_1952_CT_SU2011_VA_07 
"<tuve>"
	"tener" Verb VLfin Pret Indi Sing 1st lang:es 00:00:17 00:00:23 tt-4119 AM032_1952_CT_SU2011_VA_07 @Gram:Indefinido 
"<que>"
	"que" Conjunction CQUE lang:es 00:00:17 00:00:23 tt-4120 AM032_1952_CT_SU2011_VA_07 
"<pasar>"
	"pasar" Verb VLinf Infinitive lang:es 00:00:17 00:00:23 tt-4121 AM032_1952_CT_SU2011_VA_07 
"<una>"
	"un" Determiner ART Singular lang:es 00:00:17 00:00:23 tt-4122 AM032_1952_CT_SU2011_VA_07 
"<prueba>"
	"prueba" Noun NC Singular lang:es 00:00:17 00:00:23 tt-4123 AM032_1952_CT_SU2011_VA_07 
"<para>"
	"para" Preposition PREP lang:es 00:00:17 00:00:23 tt-4124 AM032_1952_CT_SU2011_VA_07 @Gram:Prep:Para 
"<ver>"
	"ver" Verb VLinf Infinitive lang:es 00:00:17 00:00:23 tt-4125 AM032_1952_CT_SU2011_VA_07 
"<si>"
	"si" Conjunction CSUBX lang:es 00:00:23 00:00:29 tt-4126 AM032_1952_CT_SU2011_VA_07 
"<me>"
	"yo" Pronoun PPX Singular lang:es 00:00:23 00:00:29 tt-4127 AM032_1952_CT_SU2011_VA_07 @Gram:Pron:Objeto 
"<aceptaba>"
	"aceptar" Verb VLfin Imp Indi Sing 1st_or_3rd lang:es 00:00:23 00:00:29 tt-4128 AM032_1952_CT_SU2011_VA_07 @Gram:Imperf 
"<la>"
	"el" Determiner ART Singular Fem lang:es 00:00:23 00:00:29 tt-4129 AM032_1952_CT_SU2011_VA_07 @Gram:Det:Art 
"<escuela>"
	"escuela" Noun NC Singular lang:es 00:00:23 00:00:29 tt-4130 AM032_1952_CT_SU2011_VA_07 
"<,>"
	"," Punctuation CM lang:es 00:00:23 00:00:29 tt-4131 AM032_1952_CT_SU2011_VA_07 
"<la>"
	"el" Determiner ART Singular Fem lang:es 00:00:23 00:00:29 tt-4132 AM032_1952_CT_SU2011_VA_07 @Gram:Det:Art 
"<secundaria>"
	"secundario" Adjective ADJ Singular lang:es 00:00:23 00:00:29 tt-4133 AM032_1952_CT_SU2011_VA_07 
"<del>"
	"del" Preposition PDEL lang:es 00:00:23 00:00:29 tt-4134 AM032_1952_CT_SU2011_VA_07 @Gram:Prep 
"<estado>"
	"estado" Noun NC Singular lang:es 00:00:23 00:00:29 tt-4135 AM032_1952_CT_SU2011_VA_07 
"<$.>"
	"." Punctuation FS lang:es 00:00:23 00:00:29 tt-4136 AM032_1952_CT_SU2011_VA_07 

"<Aquí>"
	"aquí" Adverb ADV lang:es 00:00:23 00:00:29 tt-4137 AM032_1952_CT_SU2011_VA_07 
"<en>"
	"en" Preposition PREP lang:es 00:00:23 00:00:29 tt-4138 AM032_1952_CT_SU2011_VA_07 @Gram:Prep 
"<Estados>"
	"Estados" Noun NP Plural lang:es 00:00:23 00:00:29 tt-4139 AM032_1952_CT_SU2011_VA_07 ID:71 R:Vocab:Entities:Geo:72 
"<Unidos>"
	"Unidos" Noun NP Plural lang:es 00:00:23 00:00:29 tt-4140 AM032_1952_CT_SU2011_VA_07 ID:72 
"<no>"
	"no" Adverb NEG lang:es 00:00:23 00:00:29 tt-4141 AM032_1952_CT_SU2011_VA_07 
"<tienes>"
	"tener" Verb VLfin Pres Indi Sing 2nd lang:es 00:00:23 00:00:29 tt-4142 AM032_1952_CT_SU2011_VA_07 
"<que>"
	"que" Conjunction CQUE lang:es 00:00:29 00:00:35 tt-4143 AM032_1952_CT_SU2011_VA_07 
"<pasar>"
	"pasar" Verb VLinf Infinitive lang:es 00:00:29 00:00:35 tt-4144 AM032_1952_CT_SU2011_VA_07 
"<ninguna>"
	"ninguno" Determiner QU lang:es 00:00:29 00:00:35 tt-4145 AM032_1952_CT_SU2011_VA_07 @Gram:Det:CuantIndef 
"<prueba>"
	"prueba" Noun NC Singular lang:es 00:00:29 00:00:35 tt-4146 AM032_1952_CT_SU2011_VA_07 
"<,>"
	"," Punctuation CM lang:es 00:00:29 00:00:35 tt-4147 AM032_1952_CT_SU2011_VA_07 
"<pero>"
	"pero" Conjunction CCAD lang:es 00:00:29 00:00:35 tt-4148 AM032_1952_CT_SU2011_VA_07 @Prag:MarcadoresDisc:Revision 
"<allí>"
	"allí" Adverb ADV lang:es 00:00:29 00:00:35 tt-4149 AM032_1952_CT_SU2011_VA_07 
"<para>"
	"para" Preposition PREP lang:es 00:00:29 00:00:35 tt-4150 AM032_1952_CT_SU2011_VA_07 @Gram:Prep:Para 
"<ir>"
	"ir" Verb VLinf Infinitive lang:es 00:00:29 00:00:35 tt-4151 AM032_1952_CT_SU2011_VA_07 
"<a>"
	"a" Preposition PREP lang:es 00:00:29 00:00:35 tt-4152 AM032_1952_CT_SU2011_VA_07 @Gram:Prep 
"<esa>"
	"ese" Determiner DM Singular lang:es 00:00:29 00:00:35 tt-4153 AM032_1952_CT_SU2011_VA_07 @Gram:Det:Demo 
"<escuela>"
	"escuela" Noun NC Singular lang:es 00:00:29 00:00:35 tt-4154 AM032_1952_CT_SU2011_VA_07 
"<,>"
	"," Punctuation CM lang:es 00:00:29 00:00:35 tt-4155 AM032_1952_CT_SU2011_VA_07 
"<en>"
	"en" Preposition PREP lang:es 00:00:29 00:00:35 tt-4156 AM032_1952_CT_SU2011_VA_07 @Gram:Prep 
"<la>"
	"el" Determiner ART Singular Fem lang:es 00:00:29 00:00:35 tt-4157 AM032_1952_CT_SU2011_VA_07 @Gram:Det:Art ID:89 R:Herit:Contacto:Mixtas:90 
<lang code="en">
"<federal>"
	"federal" Adjective JJ lang:en 00:00:29 00:00:35 tt-4158 AM032_1952_CT_SU2011_VA_07 ID:90 
</lang>
"<te>"
	"tú" Pronoun PPX Singular lang:es 00:00:29 00:00:35 tt-4159 AM032_1952_CT_SU2011_VA_07 @Gram:Pron:Objeto 
"<recibían>"
	"recibir" Verb VLfin Imp Indi Plural 3rd lang:es 00:00:29 00:00:35 tt-4160 AM032_1952_CT_SU2011_VA_07 @Gram:Imperf 
"<fácil>"
	"fácil" Adjective ADJ Singular lang:es 00:00:35 00:00:41 tt-4161 AM032_1952_CT_SU2011_VA_07 
"<$.>"
	"." Punctuation FS lang:es 00:00:35 00:00:41 tt-4162 AM032_1952_CT_SU2011_VA_07 

"<A>"
	"a" Preposition PREP lang:es 00:00:35 00:00:41 tt-4163 AM032_1952_CT_SU2011_VA_07 @Gram:Prep 
"<la>"
	"el" Determiner ART Singular Fem lang:es 00:00:35 00:00:41 tt-4164 AM032_1952_CT_SU2011_VA_07 @Gram:Det:Art 
"<secundaria>"
	"secundario" Adjective ADJ Singular lang:es 00:00:35 00:00:41 tt-4165 AM032_1952_CT_SU2011_VA_07 
"<del>"
	"del" Preposition PDEL lang:es 00:00:35 00:00:41 tt-4166 AM032_1952_CT_SU2011_VA_07 @Gram:Prep 
"<estado>"
	"estado" Noun NC Singular lang:es 00:00:35 00:00:41 tt-4167 AM032_1952_CT_SU2011_VA_07 
"<que>"
	"que" Conjunction CQUE lang:es 00:00:35 00:00:41 tt-4168 AM032_1952_CT_SU2011_VA_07 
"<según>"
	"según" Conjunction CSUBF lang:es 00:00:35 00:00:41 tt-4169 AM032_1952_CT_SU2011_VA_07 
"<era>"
	"ser" Verb VEfin Imp Indi Sing 1st_or_3rd lang:es 00:00:35 00:00:41 tt-4170 AM032_1952_CT_SU2011_VA_07 @Gram:Imperf @Gram:SerEstar:Ser 
"<de>"
	"de" Preposition PREP lang:es 00:00:35 00:00:41 tt-4171 AM032_1952_CT_SU2011_VA_07 @Gram:Prep 
"<más>"
	"más" Adverb ADV lang:es 00:00:35 00:00:41 tt-4172 AM032_1952_CT_SU2011_VA_07 
"<categoría>"
	"categoría" Noun NC Singular lang:es 00:00:35 00:00:41 tt-4173 AM032_1952_CT_SU2011_VA_07 
"<,>"
	"," Punctuation CM lang:es 00:00:35 00:00:41 tt-4174 AM032_1952_CT_SU2011_VA_07 
"<tenías>"
	"tener" Verb VLfin Imp Indi Sing 2nd lang:es 00:00:35 00:00:41 tt-4175 AM032_1952_CT_SU2011_VA_07 @Gram:Imperf 
"<que>"
	"que" Conjunction CQUE lang:es 00:00:35 00:00:41 tt-4176 AM032_1952_CT_SU2011_VA_07 
"<pasar>"
	"pasar" Verb VLinf Infinitive lang:es 00:00:35 00:00:41 tt-4177 AM032_1952_CT_SU2011_VA_07 
"<una>"
	"un" Determiner ART Singular lang:es 00:00:41 00:00:46 tt-4178 AM032_1952_CT_SU2011_VA_07 
"<prueba>"
	"prueba" Noun NC Singular lang:es 00:00:41 00:00:46 tt-4179 AM032_1952_CT_SU2011_VA_07 
"<y>"
	"y" Conjunciton Conjunction CC lang:es 00:00:41 00:00:46 tt-4180 AM032_1952_CT_SU2011_VA_07 
"<ay>"
	"ay" Noun NP Singular lang:es 00:00:41 00:00:46 tt-4181 AM032_1952_CT_SU2011_VA_07 
"<de>"
	"de" Preposition PREP lang:es 00:00:41 00:00:46 tt-4182 AM032_1952_CT_SU2011_VA_07 @Gram:Prep 
"<ti>"
	"tú" Pronoun PPX Singular lang:es 00:00:41 00:00:46 tt-4183 AM032_1952_CT_SU2011_VA_07 
"<si>"
	"si" Conjunction CSUBX lang:es 00:00:41 00:00:46 tt-4184 AM032_1952_CT_SU2011_VA_07 
"<no>"
	"no" Adverb NEG lang:es 00:00:41 00:00:46 tt-4185 AM032_1952_CT_SU2011_VA_07 
"<pasas>"
	"paso" Adjective ADJ Plural lang:es 00:00:41 00:00:46 tt-4186 AM032_1952_CT_SU2011_VA_07 
"<pues>"
	"pues" Conjunction CSUBF lang:es 00:00:41 00:00:46 tt-4187 AM032_1952_CT_SU2011_VA_07 
"<te>"
	"tú" Pronoun PPX Singular lang:es 00:00:41 00:00:46 tt-4188 AM032_1952_CT_SU2011_VA_07 @Gram:Pron:Objeto 
"<vas>"
	"ir" Verb VLfin Pres Indi Sing 2nd lang:es 00:00:41 00:00:46 tt-4189 AM032_1952_CT_SU2011_VA_07 
"<a>"
	"a" Preposition PREP lang:es 00:00:41 00:00:46 tt-4190 AM032_1952_CT_SU2011_VA_07 @Gram:Prep 
"<la>"
	"el" Determiner ART Singular Fem lang:es 00:00:41 00:00:46 tt-4191 AM032_1952_CT_SU2011_VA_07 @Gram:Det:Art ID:123 R:Herit:Contacto:Mixtas:124 
<lang code="en">
"<federal>"
	"federal" Adjective JJ lang:en 00:00:41 00:00:46 tt-4192 AM032_1952_CT_SU2011_VA_07 ID:124 
</lang>
"<o>"
	"o" Conjunciton Conjunction CC lang:es 00:00:41 00:00:46 tt-4193 AM032_1952_CT_SU2011_VA_07 
"<a>"
	"a" Preposition PREP lang:es 00:00:41 00:00:46 tt-4194 AM032_1952_CT_SU2011_VA_07 @Gram:Prep 
"<otra>"
	"otro" Determiner QU lang:es 00:00:41 00:00:46 tt-4195 AM032_1952_CT_SU2011_VA_07 
"<por>"
	"por" Preposition PREP lang:es 00:00:41 00:00:46 tt-4196 AM032_1952_CT_SU2011_VA_07 @Gram:Prep:Por 
"<allí>"
	"allí" Adverb ADV lang:es 00:00:41 00:00:46 tt-4197 AM032_1952_CT_SU2011_VA_07 
"<$.>"
	"." Punctuation FS lang:es 00:00:41 00:00:46 tt-4198 AM032_1952_CT_SU2011_VA_07 

"<Claro>"
	"claro" Adjective ADJ Singular lang:es 00:00:41 00:00:46 tt-4199 AM032_1952_CT_SU2011_VA_07 
"<la>"
	"el" Determiner ART Singular Fem lang:es 00:00:46 00:00:53 tt-4200 AM032_1952_CT_SU2011_VA_07 @Gram:Det:Art 
"<privada>"
	"privado" Adjective ADJ Singular lang:es 00:00:46 00:00:53 tt-4201 AM032_1952_CT_SU2011_VA_07 
"<no>"
	"no" Adverb NEG lang:es 00:00:46 00:00:53 tt-4202 AM032_1952_CT_SU2011_VA_07 
"<era>"
	"ser" Verb VEfin Imp Indi Sing 1st_or_3rd lang:es 00:00:46 00:00:53 tt-4203 AM032_1952_CT_SU2011_VA_07 @Gram:Imperf @Gram:SerEstar:Ser 
"<opción>"
	"opción" Noun NC Singular lang:es 00:00:46 00:00:53 tt-4204 AM032_1952_CT_SU2011_VA_07 
"<porque>"
	"porque" Conjunction CSUBX lang:es 00:00:46 00:00:53 tt-4205 AM032_1952_CT_SU2011_VA_07 @Prag:MarcadoresDisc:Causa 
"<no>"
	"no" Adverb NEG lang:es 00:00:46 00:00:53 tt-4206 AM032_1952_CT_SU2011_VA_07 
"<había>"
	"haber" Verb VHfin Imp Indi Sing 1st_or_3rd lang:es 00:00:46 00:00:53 tt-4207 AM032_1952_CT_SU2011_VA_07 @Gram:Haber:Exist 
"<dinero>"
	"dinero" Noun NC Singular lang:es 00:00:46 00:00:53 tt-4208 AM032_1952_CT_SU2011_VA_07 
"<$.>"
	"." Punctuation FS lang:es 00:00:46 00:00:53 tt-4209 AM032_1952_CT_SU2011_VA_07 
<lang code="en">

"<Not>"
	"not" Adverb RB lang:en 00:00:46 00:00:53 tt-4210 AM032_1952_CT_SU2011_VA_07 
"<enough>"
	"enough" Adjective JJ lang:en 00:00:46 00:00:53 tt-4211 AM032_1952_CT_SU2011_VA_07 
"<money>"
	"money" Noun NN lang:en 00:00:46 00:00:53 tt-4212 AM032_1952_CT_SU2011_VA_07 
"<for>"
	"for" Preposition IN lang:en 00:00:46 00:00:53 tt-4213 AM032_1952_CT_SU2011_VA_07 @Gram:Prep 
"<all>"
	"all" Other PDT lang:en 00:00:46 00:00:53 tt-4214 AM032_1952_CT_SU2011_VA_07 
"<that>"
	"that" Determiner DT lang:en 00:00:46 00:00:53 tt-4215 AM032_1952_CT_SU2011_VA_07 
</lang>
"<$.>"
	"." Punctuation FS lang:es 00:00:46 00:00:53 tt-4216 AM032_1952_CT_SU2011_VA_07 

"<Entonces>"
	"entonces" Adverb ADV lang:es 00:00:46 00:00:53 tt-4217 AM032_1952_CT_SU2011_VA_07 
"<...>"
	"..." Punctuation DOTS lang:es 00:00:46 00:00:53 tt-4218 AM032_1952_CT_SU2011_VA_07 
"<pues>"
	"pues" Conjunction CSUBF lang:es 00:00:54 00:01:01 tt-4219 AM032_1952_CT_SU2011_VA_07 
"<ese>"
	"ese" Determiner DM Singular lang:es 00:00:54 00:01:01 tt-4220 AM032_1952_CT_SU2011_VA_07 
"<miedo>"
	"miedo" Noun NC Singular lang:es 00:00:54 00:01:01 tt-4221 AM032_1952_CT_SU2011_VA_07 
"<que>"
	"que" Conjunction CQUE lang:es 00:00:54 00:01:01 tt-4222 AM032_1952_CT_SU2011_VA_07 
"<tuve>"
	"tener" Verb VLfin Pret Indi Sing 1st lang:es 00:00:54 00:01:01 tt-4223 AM032_1952_CT_SU2011_VA_07 @Gram:Indefinido 
"<...>"
	"..." Punctuation DOTS lang:es 00:00:54 00:01:01 tt-4224 AM032_1952_CT_SU2011_VA_07 
"<ya>"
	"ya" Adverb ADV lang:es 00:00:54 00:01:01 tt-4225 AM032_1952_CT_SU2011_VA_07 
"<lo>"
	"el" Determiner ART Singular lang:es 00:00:54 00:01:01 tt-4226 AM032_1952_CT_SU2011_VA_07 
"<recuerdo>"
	"recuerdo" Noun NC Singular lang:es 00:00:54 00:01:01 tt-4227 AM032_1952_CT_SU2011_VA_07 
"<y>"
	"y" Conjunciton Conjunction CC lang:es 00:00:54 00:01:01 tt-4228 AM032_1952_CT_SU2011_VA_07 
"<ni>"
	"ni" Conjunction CCNEG lang:es 00:00:54 00:01:01 tt-4229 AM032_1952_CT_SU2011_VA_07 
"<siquiera>"
	"siquiera" Adverb ADV lang:es 00:00:54 00:01:01 tt-4230 AM032_1952_CT_SU2011_VA_07 
"<mi>"
	"mío" Pronoun PPO Singular lang:es 00:00:54 00:01:01 tt-4231 AM032_1952_CT_SU2011_VA_07 @Gram:Det:Pos 
"<mamá>"
	"mamá" Noun NC Singular lang:es 00:00:54 00:01:01 tt-4232 AM032_1952_CT_SU2011_VA_07 
"<tuvo>"
	"tener" Verb VLfin Pres Indi Sing 1st lang:es 00:00:54 00:01:01 tt-4233 AM032_1952_CT_SU2011_VA_07 
"<tiempo>"
	"tiempo" Noun NC Singular lang:es 00:00:54 00:01:01 tt-4234 AM032_1952_CT_SU2011_VA_07 
"<de>"
	"de" Preposition PREP lang:es 00:00:54 00:01:01 tt-4235 AM032_1952_CT_SU2011_VA_07 @Gram:Prep 
"<llevarme>"
	"llevar" Verb VLinf Pres Subj Sing 1st_or_3rd lang:es 00:00:54 00:01:01 tt-4236 AM032_1952_CT_SU2011_VA_07 
"<$.>"
	"." Punctuation FS lang:es 00:00:54 00:01:01 tt-4237 AM032_1952_CT_SU2011_VA_07 

"<Me>"
	"yo" Pronoun PPX Singular lang:es 00:01:03 00:01:07 tt-4238 AM032_1952_CT_SU2011_VA_07 @Gram:Pron:Objeto 
"<llevó>"
	"llevar" Verb VLfin Pret Indi Sing 3rd lang:es 00:01:03 00:01:07 tt-4239 AM032_1952_CT_SU2011_VA_07 @Gram:Indefinido 
"<una>"
	"un" Determiner ART Singular lang:es 00:01:03 00:01:07 tt-4240 AM032_1952_CT_SU2011_VA_07 
"<enfermera>"
	"enfermero" Noun NC Singular lang:es 00:01:03 00:01:07 tt-4241 AM032_1952_CT_SU2011_VA_07 
"<,>"
	"," Punctuation CM lang:es 00:01:03 00:01:07 tt-4242 AM032_1952_CT_SU2011_VA_07 
"<otra>"
	"otro" Determiner QU lang:es 00:01:03 00:01:07 tt-4243 AM032_1952_CT_SU2011_VA_07 
"<que>"
	"que" Conjunction CQUE lang:es 00:01:03 00:01:07 tt-4244 AM032_1952_CT_SU2011_VA_07 
"<era>"
	"ser" Verb VEfin Imp Indi Sing 1st_or_3rd lang:es 00:01:03 00:01:07 tt-4245 AM032_1952_CT_SU2011_VA_07 @Gram:Imperf @Gram:SerEstar:Ser 
"<de>"
	"de" Preposition PREP lang:es 00:01:03 00:01:07 tt-4246 AM032_1952_CT_SU2011_VA_07 @Gram:Prep 
"<California>"
	"California" Noun NP Singular lang:es 00:01:03 00:01:07 tt-4247 AM032_1952_CT_SU2011_VA_07 
"<que>"
	"que" Conjunction CQUE lang:es 00:01:03 00:01:07 tt-4248 AM032_1952_CT_SU2011_VA_07 
"<trabajaba>"
	"trabajar" Verb VLfin Imp Indi Sing 1st_or_3rd lang:es 00:01:03 00:01:07 tt-4249 AM032_1952_CT_SU2011_VA_07 @Gram:Imperf 
"<con>"
	"con" Preposition PREP lang:es 00:01:03 00:01:07 tt-4250 AM032_1952_CT_SU2011_VA_07 @Gram:Prep 
"<mi>"
	"mío" Pronoun PPO Singular lang:es 00:01:03 00:01:07 tt-4251 AM032_1952_CT_SU2011_VA_07 @Gram:Det:Pos 
"<papá>"
	"papá" Noun NC Singular lang:es 00:01:03 00:01:07 tt-4252 AM032_1952_CT_SU2011_VA_07 
"<,>"
	"," Punctuation CM lang:es 00:01:03 00:01:07 tt-4253 AM032_1952_CT_SU2011_VA_07 
"<soltera>"
	"soltero" Noun NC Singular lang:es 00:01:03 00:01:07 tt-4254 AM032_1952_CT_SU2011_VA_07 
"<$.>"
	"." Punctuation FS lang:es 00:01:03 00:01:07 tt-4255 AM032_1952_CT_SU2011_VA_07 

"<Ella>"
	"él" Pronoun PPX Singular lang:es 00:01:03 00:01:07 tt-4256 AM032_1952_CT_SU2011_VA_07 @Gram:Pron:Sujeto 
"<me>"
	"yo" Pronoun PPX Singular lang:es 00:01:07 00:01:14 tt-4257 AM032_1952_CT_SU2011_VA_07 @Gram:Pron:Objeto 
"<llevó>"
	"llevar" Verb VLfin Pret Indi Sing 3rd lang:es 00:01:07 00:01:14 tt-4258 AM032_1952_CT_SU2011_VA_07 @Gram:Indefinido 
"<allí>"
	"allí" Adverb ADV lang:es 00:01:07 00:01:14 tt-4259 AM032_1952_CT_SU2011_VA_07 
"<como>"
	"como" Conjunction CSUBX lang:es 00:01:07 00:01:14 tt-4260 AM032_1952_CT_SU2011_VA_07 
"<mi>"
	"mío" Pronoun PPO Singular lang:es 00:01:07 00:01:14 tt-4261 AM032_1952_CT_SU2011_VA_07 @Gram:Det:Pos 
"<madre>"
	"madre" Noun NC Singular lang:es 00:01:07 00:01:14 tt-4262 AM032_1952_CT_SU2011_VA_07 
"<,>"
	"," Punctuation CM lang:es 00:01:07 00:01:14 tt-4263 AM032_1952_CT_SU2011_VA_07 
"<mi>"
	"mío" Pronoun PPO Singular lang:es 00:01:07 00:01:14 tt-4264 AM032_1952_CT_SU2011_VA_07 @Gram:Det:Pos 
"<madrastra>"
	"madrastra" Noun NC Singular lang:es 00:01:07 00:01:14 tt-4265 AM032_1952_CT_SU2011_VA_07 
"<será>"
	"ser" Verb VSfin Fut Indi Sing 3rd lang:es 00:01:07 00:01:14 tt-4266 AM032_1952_CT_SU2011_VA_07 @Gram:VFut:Conjugado @Gram:SerEstar:Ser 
"<o>"
	"o" Conjunciton Conjunction CC lang:es 00:01:07 00:01:14 tt-4267 AM032_1952_CT_SU2011_VA_07 
"<algo>"
	"algo" Determiner QU lang:es 00:01:07 00:01:14 tt-4268 AM032_1952_CT_SU2011_VA_07 @Gram:Det:Pron 
"<así>"
	"así" Adverb ADV lang:es 00:01:07 00:01:14 tt-4269 AM032_1952_CT_SU2011_VA_07 
"<por>"
	"por" Preposition PREP lang:es 00:01:07 00:01:14 tt-4270 AM032_1952_CT_SU2011_VA_07 @Gram:Prep:Por 
"<ese>"
	"ese" Determiner DM Singular lang:es 00:01:07 00:01:14 tt-4271 AM032_1952_CT_SU2011_VA_07 @Gram:Det:Demo ID:203 R:Gram:Genero:ExcepMasc:204 
"<día>"
	"día" Noun NC Singular lang:es 00:01:07 00:01:14 tt-4272 AM032_1952_CT_SU2011_VA_07 ID:204 
"<$.>"
	"." Punctuation FS lang:es 00:01:07 00:01:14 tt-4273 AM032_1952_CT_SU2011_VA_07 

"<Ay>"
	"ay" Noun NP Singular lang:es 00:01:07 00:01:14 tt-4274 AM032_1952_CT_SU2011_VA_07 
"<que>"
	"que" Conjunction CQUE lang:es 00:01:07 00:01:14 tt-4275 AM032_1952_CT_SU2011_VA_07 
"<miedo>"
	"miedo" Noun NC Singular lang:es 00:01:07 00:01:14 tt-4276 AM032_1952_CT_SU2011_VA_07 
"<me>"
	"yo" Pronoun PPX Singular lang:es 00:01:15 00:01:22 tt-4277 AM032_1952_CT_SU2011_VA_07 @Gram:Pron:Objeto 
"<dio>"
	"dar" Verb VLfin Pret Indi Sing 3rd lang:es 00:01:15 00:01:22 tt-4278 AM032_1952_CT_SU2011_VA_07 @Gram:Indefinido 
"<$.>"
	"." Punctuation FS lang:es 00:01:15 00:01:22 tt-4279 AM032_1952_CT_SU2011_VA_07 

"<Dije>"
	"decir" Verb VLfin Pret Indi Sing 1st lang:es 00:01:15 00:01:22 tt-4280 AM032_1952_CT_SU2011_VA_07 @Gram:Indefinido 
"<yo>"
	"yo" Pronoun PPX Singular lang:es 00:01:15 00:01:22 tt-4281 AM032_1952_CT_SU2011_VA_07 @Gram:Pron:Sujeto 
"<no>"
	"no" Adverb NEG lang:es 00:01:15 00:01:22 tt-4282 AM032_1952_CT_SU2011_VA_07 
"<,>"
	"," Punctuation CM lang:es 00:01:15 00:01:22 tt-4283 AM032_1952_CT_SU2011_VA_07 
"<yo>"
	"yo" Pronoun PPX Singular lang:es 00:01:15 00:01:22 tt-4284 AM032_1952_CT_SU2011_VA_07 @Gram:Pron:Sujeto 
"<estudié>"
	"estudiar" Verb VLfin Pret Indi Sing 1st lang:es 00:01:15 00:01:22 tt-4285 AM032_1952_CT_SU2011_VA_07 @Gram:Indefinido 
"<en>"
	"en" Preposition PREP lang:es 00:01:15 00:01:22 tt-4286 AM032_1952_CT_SU2011_VA_07 @Gram:Prep 
"<rancho>"
	"rancho" Noun NC Singular Masculine lang:es 00:01:15 00:01:22 tt-4287 AM032_1952_CT_SU2011_VA_07 
"<$.>"
	"." Punctuation FS lang:es 00:01:15 00:01:22 tt-4288 AM032_1952_CT_SU2011_VA_07 

"<No>"
	"no" Adverb NEG lang:es 00:01:15 00:01:22 tt-4289 AM032_1952_CT_SU2011_VA_07 
"<creo>"
	"crear|creer" Verb VLfin Pres Indi Sing 1st lang:es 00:01:15 00:01:22 tt-4290 AM032_1952_CT_SU2011_VA_07 
"<que>"
	"que" Conjunction CQUE lang:es 00:01:15 00:01:22 tt-4291 AM032_1952_CT_SU2011_VA_07 
"<pueda>"
	"poder" Verb VMfin lang:es 00:01:15 00:01:22 tt-4292 AM032_1952_CT_SU2011_VA_07 
"<pasar>"
	"pasar" Verb VLinf Infinitive lang:es 00:01:15 00:01:22 tt-4293 AM032_1952_CT_SU2011_VA_07 
"<esta>"
	"este" Determiner DM Singular lang:es 00:01:15 00:01:22 tt-4294 AM032_1952_CT_SU2011_VA_07 
"<prueba>"
	"prueba" Noun NC Singular lang:es 00:01:15 00:01:22 tt-4295 AM032_1952_CT_SU2011_VA_07 
"<$.>"
	"." Punctuation FS lang:es 00:01:15 00:01:22 tt-4296 AM032_1952_CT_SU2011_VA_07 

"<No>"
	"no" Adverb NEG lang:es 00:01:15 00:01:22 tt-4297 AM032_1952_CT_SU2011_VA_07 
"<creo>"
	"crear|creer" Verb VLfin Pres Indi Sing 1st lang:es 00:01:15 00:01:22 tt-4298 AM032_1952_CT_SU2011_VA_07 
"<que>"
	"que" Conjunction CQUE lang:es 00:01:25 00:01:30 tt-4299 AM032_1952_CT_SU2011_VA_07 
"<las>"
	"el" Determiner ART Plural Fem lang:es 00:01:25 00:01:30 tt-4300 AM032_1952_CT_SU2011_VA_07 @Gram:Det:Art 
"<escuelas>"
	"escuela" Noun NC Plural lang:es 00:01:25 00:01:30 tt-4301 AM032_1952_CT_SU2011_VA_07 
"<de>"
	"de" Preposition PREP lang:es 00:01:25 00:01:30 tt-4302 AM032_1952_CT_SU2011_VA_07 @Gram:Prep 
"<rancho>"
	"rancho" Noun NC Singular Masculine lang:es 00:01:25 00:01:30 tt-4303 AM032_1952_CT_SU2011_VA_07 
"<sean>"
	"ser" Verb VSfin Pres Subj Plural 3rd lang:es 00:01:25 00:01:30 tt-4304 AM032_1952_CT_SU2011_VA_07 @Gram:MSub:Pres @Gram:SerEstar:Ser 
"<igual>"
	"igual" Adjective ADJ Singular lang:es 00:01:25 00:01:30 tt-4305 AM032_1952_CT_SU2011_VA_07 
"<de>"
	"de" Preposition PREP lang:es 00:01:25 00:01:30 tt-4306 AM032_1952_CT_SU2011_VA_07 @Gram:Prep 
"<buenas>"
	"bueno" Adjective ADJ Plural lang:es 00:01:25 00:01:30 tt-4307 AM032_1952_CT_SU2011_VA_07 
"<que>"
	"que" Conjunction CQUE lang:es 00:01:25 00:01:30 tt-4308 AM032_1952_CT_SU2011_VA_07 
"<las>"
	"el" Determiner ART Plural Fem lang:es 00:01:25 00:01:30 tt-4309 AM032_1952_CT_SU2011_VA_07 @Gram:Det:Art 
"<de>"
	"de" Preposition PREP lang:es 00:01:25 00:01:30 tt-4310 AM032_1952_CT_SU2011_VA_07 @Gram:Prep 
"<aquí>"
	"aquí" Adverb ADV lang:es 00:01:25 00:01:30 tt-4311 AM032_1952_CT_SU2011_VA_07 
"<de>"
	"de" Preposition PREP lang:es 00:01:25 00:01:30 tt-4312 AM032_1952_CT_SU2011_VA_07 @Gram:Prep 
"<la>"
	"el" Determiner ART Singular Fem lang:es 00:01:25 00:01:30 tt-4313 AM032_1952_CT_SU2011_VA_07 @Gram:Det:Art 
"<ciudad>"
	"ciudad" Noun NC Singular lang:es 00:01:25 00:01:30 tt-4314 AM032_1952_CT_SU2011_VA_07 
"<de>"
	"de" Preposition PREP lang:es 00:01:25 00:01:30 tt-4315 AM032_1952_CT_SU2011_VA_07 @Gram:Prep 
"<Saltillo>"
	"Saltillo" Noun NP Singular lang:es 00:01:25 00:01:30 tt-4316 AM032_1952_CT_SU2011_VA_07 
"<$.>"
	"." Punctuation FS lang:es 00:01:25 00:01:30 tt-4317 AM032_1952_CT_SU2011_VA_07 

"<Todos>"
	"todo" Determiner QU lang:es 00:01:30 00:01:35 tt-4318 AM032_1952_CT_SU2011_VA_07 ID:250 R:Gram:Det:Combi:251 
"<los>"
	"el" Determiner ART Plural Masc lang:es 00:01:30 00:01:35 tt-4319 AM032_1952_CT_SU2011_VA_07 @Gram:Det:Art ID:251 
"<que>"
	"que" Conjunction CQUE lang:es 00:01:30 00:01:35 tt-4320 AM032_1952_CT_SU2011_VA_07 
"<estaban>"
	"estar" Verb VEfin Imp Indi Plural 3rd lang:es 00:01:30 00:01:35 tt-4321 AM032_1952_CT_SU2011_VA_07 @Gram:Imperf @Gram:SerEstar:Estar ID:253 R:Gram:SerEstar:EstarAux:254 
"<haciendo>"
	"hacer" Verb VLger lang:es 00:01:30 00:01:35 tt-4322 AM032_1952_CT_SU2011_VA_07 ID:254 
"<su>"
	"suyo" Pronoun PPO Singular lang:es 00:01:30 00:01:35 tt-4323 AM032_1952_CT_SU2011_VA_07 @Gram:Det:Pos 
"<...>"
	"..." Punctuation DOTS lang:es 00:01:30 00:01:35 tt-4324 AM032_1952_CT_SU2011_VA_07 
"<llenando>"
	"llenar" Verb VLger lang:es 00:01:30 00:01:35 tt-4325 AM032_1952_CT_SU2011_VA_07 
"<su>"
	"suyo" Pronoun PPO Singular lang:es 00:01:30 00:01:35 tt-4326 AM032_1952_CT_SU2011_VA_07 @Gram:Det:Pos 
"<solicitud>"
	"solicitud" Noun NC Singular lang:es 00:01:30 00:01:35 tt-4327 AM032_1952_CT_SU2011_VA_07 
"<y>"
	"y" Conjunciton Conjunction CC lang:es 00:01:30 00:01:35 tt-4328 AM032_1952_CT_SU2011_VA_07 
"<haciendo>"
	"hacer" Verb VLger lang:es 00:01:30 00:01:35 tt-4329 AM032_1952_CT_SU2011_VA_07 
"<,>"
	"," Punctuation CM lang:es 00:01:30 00:01:35 tt-4330 AM032_1952_CT_SU2011_VA_07 
"<tomando>"
	"tomar" Verb VLger lang:es 00:01:30 00:01:35 tt-4331 AM032_1952_CT_SU2011_VA_07 
"<la>"
	"el" Determiner ART Singular Fem lang:es 00:01:30 00:01:35 tt-4332 AM032_1952_CT_SU2011_VA_07 @Gram:Det:Art 
"<prueba>"
	"prueba" Noun NC Singular lang:es 00:01:30 00:01:35 tt-4333 AM032_1952_CT_SU2011_VA_07 
"<pues>"
	"pues" Conjunction CSUBF lang:es 00:01:30 00:01:35 tt-4334 AM032_1952_CT_SU2011_VA_07 
"<son>"
	"ser" Verb VSfin Pres Indi Plural 3rd lang:es 00:01:30 00:01:35 tt-4335 AM032_1952_CT_SU2011_VA_07 @Gram:SerEstar:Ser 
"<todos>"
	"todo" Determiner QU lang:es 00:01:35 00:01:41 tt-4336 AM032_1952_CT_SU2011_VA_07 
"<de>"
	"de" Preposition PREP lang:es 00:01:35 00:01:41 tt-4337 AM032_1952_CT_SU2011_VA_07 @Gram:Prep 
"<allí>"
	"allí" Adverb ADV lang:es 00:01:35 00:01:41 tt-4338 AM032_1952_CT_SU2011_VA_07 
"<$.>"
	"." Punctuation FS lang:es 00:01:35 00:01:41 tt-4339 AM032_1952_CT_SU2011_VA_07 

"<De>"
	"de" Preposition PREP lang:es 00:01:35 00:01:41 tt-4340 AM032_1952_CT_SU2011_VA_07 @Gram:Prep 
"<las>"
	"el" Determiner ART Plural Fem lang:es 00:01:35 00:01:41 tt-4341 AM032_1952_CT_SU2011_VA_07 @Gram:Det:Art 
"<escuelas>"
	"escuela" Noun NC Plural lang:es 00:01:35 00:01:41 tt-4342 AM032_1952_CT_SU2011_VA_07 
"<de>"
	"de" Preposition PREP lang:es 00:01:35 00:01:41 tt-4343 AM032_1952_CT_SU2011_VA_07 @Gram:Prep 
"<la>"
	"el" Determiner ART Singular Fem lang:es 00:01:35 00:01:41 tt-4344 AM032_1952_CT_SU2011_VA_07 @Gram:Det:Art 
"<ciudad>"
	"ciudad" Noun NC Singular lang:es 00:01:35 00:01:41 tt-4345 AM032_1952_CT_SU2011_VA_07 
"<$.>"
	"." Punctuation FS lang:es 00:01:35 00:01:41 tt-4346 AM032_1952_CT_SU2011_VA_07 

"<Yo>"
	"yo" Pronoun PPX Singular lang:es 00:01:35 00:01:41 tt-4347 AM032_1952_CT_SU2011_VA_07 @Gram:Pron:Sujeto 
"<dije>"
	"decir" Verb VLfin Pret Indi Sing 1st lang:es 00:01:35 00:01:41 tt-4348 AM032_1952_CT_SU2011_VA_07 @Gram:Indefinido 
"<no>"
	"no" Adverb NEG lang:es 00:01:35 00:01:41 tt-4349 AM032_1952_CT_SU2011_VA_07 
"<,>"
	"," Punctuation CM lang:es 00:01:35 00:01:41 tt-4350 AM032_1952_CT_SU2011_VA_07 
"<yo>"
	"yo" Pronoun PPX Singular lang:es 00:01:35 00:01:41 tt-4351 AM032_1952_CT_SU2011_VA_07 @Gram:Pron:Sujeto 
"<no>"
	"no" Adverb NEG lang:es 00:01:35 00:01:41 tt-4352 AM032_1952_CT_SU2011_VA_07 
"<tengo>"
	"tener" Verb VLfin Pres Indi Sing 1st lang:es 00:01:35 00:01:41 tt-4353 AM032_1952_CT_SU2011_VA_07 
"<ni>"
	"ni" Conjunction CCNEG lang:es 00:01:35 00:01:41 tt-4354 AM032_1952_CT_SU2011_VA_07 
"<...>"
	"..." Punctuation DOTS lang:es 00:01:35 00:01:41 tt-4355 AM032_1952_CT_SU2011_VA_07 
"<no>"
	"no" Adverb NEG lang:es 00:01:35 00:01:41 tt-4356 AM032_1952_CT_SU2011_VA_07 
"<creo>"
	"crear|creer" Verb VLfin Pres Indi Sing 1st lang:es 00:01:35 00:01:41 tt-4357 AM032_1952_CT_SU2011_VA_07 
"<que>"
	"que" Conjunction CQUE lang:es 00:01:35 00:01:41 tt-4358 AM032_1952_CT_SU2011_VA_07 
"<pueda>"
	"poder" Verb VMfin lang:es 00:01:41 00:01:48 tt-4359 AM032_1952_CT_SU2011_VA_07 
"<yo>"
	"yo" Pronoun PPX Singular lang:es 00:01:41 00:01:48 tt-4360 AM032_1952_CT_SU2011_VA_07 @Gram:Pron:Sujeto 
"<pasar>"
	"pasar" Verb VLinf Infinitive lang:es 00:01:41 00:01:48 tt-4361 AM032_1952_CT_SU2011_VA_07 
"<esta>"
	"este" Determiner DM Singular lang:es 00:01:41 00:01:48 tt-4362 AM032_1952_CT_SU2011_VA_07 
"<prueba>"
	"prueba" Noun NC Singular lang:es 00:01:41 00:01:48 tt-4363 AM032_1952_CT_SU2011_VA_07 
"<$.>"
	"." Punctuation FS lang:es 00:01:41 00:01:48 tt-4364 AM032_1952_CT_SU2011_VA_07 

"<Así>"
	"así" Conjunction CSUBX lang:es 00:01:41 00:01:48 tt-4365 AM032_1952_CT_SU2011_VA_07 
"<estaba>"
	"estar" Verb VEfin Imp Indi Sing 1st_or_3rd lang:es 00:01:41 00:01:48 tt-4366 AM032_1952_CT_SU2011_VA_07 @Gram:Imperf @Gram:SerEstar:Estar 
"<yo>"
	"yo" Pronoun PPX Singular lang:es 00:01:41 00:01:48 tt-4367 AM032_1952_CT_SU2011_VA_07 @Gram:Pron:Sujeto 
"<de>"
	"de" Preposition PREP lang:es 00:01:41 00:01:48 tt-4368 AM032_1952_CT_SU2011_VA_07 @Gram:Prep 
"<...>"
	"..." Punctuation DOTS lang:es 00:01:41 00:01:48 tt-4369 AM032_1952_CT_SU2011_VA_07 
"<de>"
	"de" Preposition PREP lang:es 00:01:41 00:01:48 tt-4370 AM032_1952_CT_SU2011_VA_07 @Gram:Prep 
"<,>"
	"," Punctuation CM lang:es 00:01:41 00:01:48 tt-4371 AM032_1952_CT_SU2011_VA_07 
"<$¿>"
	"¿" Punctuation FS lang:es 00:01:41 00:01:48 tt-4372 AM032_1952_CT_SU2011_VA_07 
"<qué>"
	"qué" Pronoun INT Singular lang:es 00:01:41 00:01:48 tt-4373 AM032_1952_CT_SU2011_VA_07 
"<$?>"
	"?" Punctuation FS lang:es 00:01:41 00:01:48 tt-4374 AM032_1952_CT_SU2011_VA_07 

"<De>"
	"de" Preposition PREP lang:es 00:01:41 00:01:48 tt-4375 AM032_1952_CT_SU2011_VA_07 @Gram:Prep 
"<temeroso>"
	"temeroso" Adjective ADJ Singular lang:es 00:01:41 00:01:48 tt-4376 AM032_1952_CT_SU2011_VA_07 
"<$.>"
	"." Punctuation FS lang:es 00:01:41 00:01:48 tt-4377 AM032_1952_CT_SU2011_VA_07 

"<Pues>"
	"pues" Conjunction CSUBF lang:es 00:01:41 00:01:48 tt-4378 AM032_1952_CT_SU2011_VA_07 
"<sucede>"
	"suceder" Verb VLfin Pres Indi Sing 3rd lang:es 00:01:41 00:01:48 tt-4379 AM032_1952_CT_SU2011_VA_07 
"<,>"
	"," Punctuation CM lang:es 00:01:41 00:01:48 tt-4380 AM032_1952_CT_SU2011_VA_07 
"<no>"
	"no" Adverb NEG lang:es 00:01:49 00:01:56 tt-4381 AM032_1952_CT_SU2011_VA_07 
"<sé>"
	"saber|ser" Verb VLfin Pres Indi Sing 1st lang:es 00:01:49 00:01:56 tt-4382 AM032_1952_CT_SU2011_VA_07 
"<si>"
	"si" Conjunction CSUBX lang:es 00:01:49 00:01:56 tt-4383 AM032_1952_CT_SU2011_VA_07 
"<por>"
	"por" Preposition PREP lang:es 00:01:49 00:01:56 tt-4384 AM032_1952_CT_SU2011_VA_07 @Gram:Prep:Por 
"<ser>"
	"ser" Verb VLinf VSinf Infinitive lang:es 00:01:49 00:01:56 tt-4385 AM032_1952_CT_SU2011_VA_07 @Gram:SerEstar:Ser 
"<americano>"
	"americano" Adjective ADJ Singular lang:es 00:01:49 00:01:56 tt-4386 AM032_1952_CT_SU2011_VA_07 
"<o>"
	"o" Conjunciton Conjunction CC lang:es 00:01:49 00:01:56 tt-4387 AM032_1952_CT_SU2011_VA_07 
"<porque>"
	"porque" Conjunction CSUBX lang:es 00:01:49 00:01:56 tt-4388 AM032_1952_CT_SU2011_VA_07 @Prag:MarcadoresDisc:Causa 
"<en>"
	"en" Preposition PREP lang:es 00:01:49 00:01:56 tt-4389 AM032_1952_CT_SU2011_VA_07 @Gram:Prep 
"<verdad>"
	"verdad" Noun NC Singular lang:es 00:01:49 00:01:56 tt-4390 AM032_1952_CT_SU2011_VA_07 
"<pasé>"
	"pasar" Verb VLfin Pret Indi Sing 1st lang:es 00:01:49 00:01:56 tt-4391 AM032_1952_CT_SU2011_VA_07 @Gram:Indefinido 
"<,>"
	"," Punctuation CM lang:es 00:01:49 00:01:56 tt-4392 AM032_1952_CT_SU2011_VA_07 
"<pues>"
	"pues" Conjunction CSUBF lang:es 00:01:49 00:01:56 tt-4393 AM032_1952_CT_SU2011_VA_07 
"<dijeron>"
	"decir" Verb VLfin Pret Indi Plural 3rd lang:es 00:01:49 00:01:56 tt-4394 AM032_1952_CT_SU2011_VA_07 @Gram:Indefinido ID:326 R:Func:Referir:327 
"<que>"
	"que" Conjunction CQUE lang:es 00:01:49 00:01:56 tt-4395 AM032_1952_CT_SU2011_VA_07 ID:327 
"<pasé>"
	"pasar" Verb VLfin Pret Indi Sing 1st lang:es 00:01:49 00:01:56 tt-4396 AM032_1952_CT_SU2011_VA_07 @Gram:Indefinido 
"<$.>"
	"." Punctuation FS lang:es 00:01:49 00:01:56 tt-4397 AM032_1952_CT_SU2011_VA_07 

"<Entonces>"
	"entonces" Adverb ADV lang:es 00:01:49 00:01:56 tt-4398 AM032_1952_CT_SU2011_VA_07 
"<empecé>"
	"empezar" Verb VLfin Pret Indi Sing 1st lang:es 00:01:49 00:01:56 tt-4399 AM032_1952_CT_SU2011_VA_07 @Gram:Indefinido ID:331 R:Vocab:Fraseol:VerbPrep:332 
"<a>"
	"a" Preposition PREP lang:es 00:01:57 00:02:03 tt-4400 AM032_1952_CT_SU2011_VA_07 @Gram:Prep ID:332 
"<estudiar>"
	"estudiar" Verb VLinf Infinitive lang:es 00:01:57 00:02:03 tt-4401 AM032_1952_CT_SU2011_VA_07 
"<ahí>"
	"ahí" Adverb ADV lang:es 00:01:57 00:02:03 tt-4402 AM032_1952_CT_SU2011_VA_07 
"<$.>"
	"." Punctuation FS lang:es 00:01:57 00:02:03 tt-4403 AM032_1952_CT_SU2011_VA_07 

"<Y>"
	"y" Conjunciton Conjunction CC lang:es 00:01:57 00:02:03 tt-4404 AM032_1952_CT_SU2011_VA_07 
"<pasé>"
	"pasar" Verb VLfin Pret Indi Sing 1st lang:es 00:01:57 00:02:03 tt-4405 AM032_1952_CT_SU2011_VA_07 @Gram:Indefinido 
"<tres>"
	"tres" Determiner CARD Plural lang:es 00:01:57 00:02:03 tt-4406 AM032_1952_CT_SU2011_VA_07 
"<años>"
	"año" Noun NC Plural lang:es 00:01:57 00:02:03 tt-4407 AM032_1952_CT_SU2011_VA_07 
"<muy>"
	"muy" Adverb ADV lang:es 00:01:57 00:02:03 tt-4408 AM032_1952_CT_SU2011_VA_07 
"<...>"
	"..." Punctuation DOTS lang:es 00:01:57 00:02:03 tt-4409 AM032_1952_CT_SU2011_VA_07 
"<muy>"
	"muy" Adverb ADV lang:es 00:01:57 00:02:03 tt-4410 AM032_1952_CT_SU2011_VA_07 
"<buenos>"
	"bueno" Adjective ADJ Plural lang:es 00:01:57 00:02:03 tt-4411 AM032_1952_CT_SU2011_VA_07 
"<$.>"
	"." Punctuation FS lang:es 00:01:57 00:02:03 tt-4412 AM032_1952_CT_SU2011_VA_07 

"<Éramos>"
	"ser" Verb VSfin Imp Indi Plural 1st lang:es 00:01:57 00:02:03 tt-4413 AM032_1952_CT_SU2011_VA_07 @Gram:Imperf @Gram:SerEstar:Ser 
"<el>"
	"el" Determiner ART Singular Masc lang:es 00:01:57 00:02:03 tt-4414 AM032_1952_CT_SU2011_VA_07 @Gram:Det:Art 
"<primer>"
	"primero" Adjective ORD Singular lang:es 00:01:57 00:02:03 tt-4415 AM032_1952_CT_SU2011_VA_07 Gram:Adj:Ord 
"<año>"
	"año" Noun NC Singular lang:es 00:01:57 00:02:03 tt-4416 AM032_1952_CT_SU2011_VA_07 
"<,>"
	"," Punctuation CM lang:es 00:01:57 00:02:03 tt-4417 AM032_1952_CT_SU2011_VA_07 
"<éramos>"
	"ser" Verb VSfin Imp Indi Plural 1st lang:es 00:01:57 00:02:03 tt-4418 AM032_1952_CT_SU2011_VA_07 @Gram:Imperf @Gram:SerEstar:Ser 
"<yo>"
	"yo" Pronoun PPX Singular lang:es 00:01:57 00:02:03 tt-4419 AM032_1952_CT_SU2011_VA_07 @Gram:Pron:Sujeto 
"<y>"
	"y" Conjunciton Conjunction CC lang:es 00:02:03 00:02:10 tt-4420 AM032_1952_CT_SU2011_VA_07 
"<dos>"
	"dos" Determiner CARD Plural lang:es 00:02:03 00:02:10 tt-4421 AM032_1952_CT_SU2011_VA_07 
"<americanos>"
	"americano" Noun NC Plural lang:es 00:02:03 00:02:10 tt-4422 AM032_1952_CT_SU2011_VA_07 
"<$.>"
	"." Punctuation FS lang:es 00:02:03 00:02:10 tt-4423 AM032_1952_CT_SU2011_VA_07 

"<El>"
	"el" Determiner ART Singular Masc lang:es 00:02:03 00:02:10 tt-4424 AM032_1952_CT_SU2011_VA_07 @Gram:Det:Art 
"<segundo>"
	"segundo" Adjective ORD Singular lang:es 00:02:03 00:02:10 tt-4425 AM032_1952_CT_SU2011_VA_07 Gram:Adj:Ord 
"<año>"
	"año" Noun NC Singular lang:es 00:02:03 00:02:10 tt-4426 AM032_1952_CT_SU2011_VA_07 
"<éramos>"
	"ser" Verb VSfin Imp Indi Plural 1st lang:es 00:02:03 00:02:10 tt-4427 AM032_1952_CT_SU2011_VA_07 @Gram:Imperf @Gram:SerEstar:Ser 
"<yo>"
	"yo" Pronoun PPX Singular lang:es 00:02:03 00:02:10 tt-4428 AM032_1952_CT_SU2011_VA_07 @Gram:Pron:Sujeto 
"<y>"
	"y" Conjunciton Conjunction CC lang:es 00:02:03 00:02:10 tt-4429 AM032_1952_CT_SU2011_VA_07 
"<mi>"
	"mío" Pronoun PPO Singular lang:es 00:02:03 00:02:10 tt-4430 AM032_1952_CT_SU2011_VA_07 @Gram:Det:Pos 
"<hermana>"
	"hermano" Noun NC Singular lang:es 00:02:03 00:02:10 tt-4431 AM032_1952_CT_SU2011_VA_07 
"<y>"
	"y" Conjunciton Conjunction CC lang:es 00:02:03 00:02:10 tt-4432 AM032_1952_CT_SU2011_VA_07 
"<esos>"
	"ese" Determiner DM Plural lang:es 00:02:03 00:02:10 tt-4433 AM032_1952_CT_SU2011_VA_07 
"<dos>"
	"dos" Determiner CARD Plural lang:es 00:02:03 00:02:10 tt-4434 AM032_1952_CT_SU2011_VA_07 
"<americanos>"
	"americano" Noun NC Plural lang:es 00:02:03 00:02:10 tt-4435 AM032_1952_CT_SU2011_VA_07 
"<$.>"
	"." Punctuation FS lang:es 00:02:03 00:02:10 tt-4436 AM032_1952_CT_SU2011_VA_07 

"<En>"
	"en" Preposition PREP lang:es 00:02:03 00:02:10 tt-4437 AM032_1952_CT_SU2011_VA_07 @Gram:Prep 
"<tercer>"
	"tercero" Adjective ORD Singular lang:es 00:02:12 00:02:18 tt-4438 AM032_1952_CT_SU2011_VA_07 Gram:Adj:Ord 
"<año>"
	"año" Noun NC Singular lang:es 00:02:12 00:02:18 tt-4439 AM032_1952_CT_SU2011_VA_07 
"<nada>"
	"nada" Determiner QU lang:es 00:02:12 00:02:18 tt-4440 AM032_1952_CT_SU2011_VA_07 ID:372 R:Vocab:Fraseol:LocAdv:373 
"<más>"
	"más" Adverb ADV lang:es 00:02:12 00:02:18 tt-4441 AM032_1952_CT_SU2011_VA_07 ID:373 
"<éramos>"
	"ser" Verb VSfin Imp Indi Plural 1st lang:es 00:02:12 00:02:18 tt-4442 AM032_1952_CT_SU2011_VA_07 @Gram:Imperf @Gram:SerEstar:Ser 
"<yo>"
	"yo" Pronoun PPX Singular lang:es 00:02:12 00:02:18 tt-4443 AM032_1952_CT_SU2011_VA_07 @Gram:Pron:Sujeto 
"<y>"
	"y" Conjunciton Conjunction CC lang:es 00:02:12 00:02:18 tt-4444 AM032_1952_CT_SU2011_VA_07 
"<mi>"
	"mío" Pronoun PPO Singular lang:es 00:02:12 00:02:18 tt-4445 AM032_1952_CT_SU2011_VA_07 @Gram:Det:Pos 
"<hermana>"
	"hermano" Noun NC Singular lang:es 00:02:12 00:02:18 tt-4446 AM032_1952_CT_SU2011_VA_07 
"<$.>"
	"." Punctuation FS lang:es 00:02:12 00:02:18 tt-4447 AM032_1952_CT_SU2011_VA_07 

"<Y>"
	"y" Conjunciton Conjunction CC lang:es 00:02:12 00:02:18 tt-4448 AM032_1952_CT_SU2011_VA_07 
"<en>"
	"en" Preposition PREP lang:es 00:02:12 00:02:18 tt-4449 AM032_1952_CT_SU2011_VA_07 @Gram:Prep 
"<tercer>"
	"tercero" Adjective ORD Singular lang:es 00:02:12 00:02:18 tt-4450 AM032_1952_CT_SU2011_VA_07 Gram:Adj:Ord 
"<año>"
	"año" Noun NC Singular lang:es 00:02:12 00:02:18 tt-4451 AM032_1952_CT_SU2011_VA_07 
"<...>"
	"..." Punctuation DOTS lang:es 00:02:12 00:02:18 tt-4452 AM032_1952_CT_SU2011_VA_07 
"<el>"
	"el" Determiner ART Singular Masc lang:es 00:02:12 00:02:18 tt-4453 AM032_1952_CT_SU2011_VA_07 @Gram:Det:Art 
"<tercer>"
	"tercero" Adjective ORD Singular lang:es 00:02:12 00:02:18 tt-4454 AM032_1952_CT_SU2011_VA_07 Gram:Adj:Ord 
"<año>"
	"año" Noun NC Singular lang:es 00:02:12 00:02:18 tt-4455 AM032_1952_CT_SU2011_VA_07 
"<que>"
	"que" Conjunction CQUE lang:es 00:02:12 00:02:18 tt-4456 AM032_1952_CT_SU2011_VA_07 
"<es>"
	"ser" Verb VSfin Pres Indi Sing 3rd lang:es 00:02:12 00:02:18 tt-4457 AM032_1952_CT_SU2011_VA_07 @Gram:SerEstar:Ser 
"<el>"
	"el" Determiner ART Singular Masc lang:es 00:02:12 00:02:18 tt-4458 AM032_1952_CT_SU2011_VA_07 @Gram:Det:Art 
"<tercero>"
	"tercero" Adjective ORD Singular lang:es 00:02:18 00:02:23 tt-4459 AM032_1952_CT_SU2011_VA_07 
"<de>"
	"de" Preposition PREP lang:es 00:02:18 00:02:23 tt-4460 AM032_1952_CT_SU2011_VA_07 @Gram:Prep 
"<secundaria>"
	"secundario" Adjective ADJ Singular lang:es 00:02:18 00:02:23 tt-4461 AM032_1952_CT_SU2011_VA_07 
"<,>"
	"," Punctuation CM lang:es 00:02:18 00:02:23 tt-4462 AM032_1952_CT_SU2011_VA_07 
"<el>"
	"el" Determiner ART Singular Masc lang:es 00:02:18 00:02:23 tt-4463 AM032_1952_CT_SU2011_VA_07 @Gram:Det:Art 
"<noveno>"
	"noveno" Noun NC Singular lang:es 00:02:18 00:02:23 tt-4464 AM032_1952_CT_SU2011_VA_07 
"<,>"
	"," Punctuation CM lang:es 00:02:18 00:02:23 tt-4465 AM032_1952_CT_SU2011_VA_07 
<lang code="en">
"<the>"
	"the" Determiner DT lang:en 00:02:18 00:02:23 tt-4466 AM032_1952_CT_SU2011_VA_07 
</lang>
"<ninth>"
	"UNK" Adjective ADJ Singular lang:es 00:02:18 00:02:23 tt-4467 AM032_1952_CT_SU2011_VA_07 
<lang code="en">
"<grade>"
	"grade" Noun NN lang:en 00:02:18 00:02:23 tt-4468 AM032_1952_CT_SU2011_VA_07 
</lang>
"<aquí>"
	"aquí" Adverb ADV lang:es 00:02:18 00:02:23 tt-4469 AM032_1952_CT_SU2011_VA_07 
"<en>"
	"en" Preposition PREP lang:es 00:02:18 00:02:23 tt-4470 AM032_1952_CT_SU2011_VA_07 @Gram:Prep 
"<Estados>"
	"Estados" Noun NP Plural lang:es 00:02:18 00:02:23 tt-4471 AM032_1952_CT_SU2011_VA_07 ID:403 R:Vocab:Entities:Geo:404 
"<Unidos>"
	"Unidos" Noun NP Plural lang:es 00:02:18 00:02:23 tt-4472 AM032_1952_CT_SU2011_VA_07 ID:404 
"<,>"
	"," Punctuation CM lang:es 00:02:18 00:02:23 tt-4473 AM032_1952_CT_SU2011_VA_07 
"<me>"
	"yo" Pronoun PPX Singular lang:es 00:02:18 00:02:23 tt-4474 AM032_1952_CT_SU2011_VA_07 @Gram:Pron:Objeto 
"<lancé>"
	"lanzar" Verb VLfin Pret Indi Sing 1st lang:es 00:02:18 00:02:23 tt-4475 AM032_1952_CT_SU2011_VA_07 @Gram:Indefinido 
"<de>"
	"de" Preposition PREP lang:es 00:02:18 00:02:23 tt-4476 AM032_1952_CT_SU2011_VA_07 @Gram:Prep 
"<vicepresidente>"
	"vicepresidente" Noun NC Singular lang:es 00:02:23 00:02:30 tt-4477 AM032_1952_CT_SU2011_VA_07 
"<de>"
	"de" Preposition PREP lang:es 00:02:23 00:02:30 tt-4478 AM032_1952_CT_SU2011_VA_07 @Gram:Prep 
"<la>"
	"el" Determiner ART Singular Fem lang:es 00:02:23 00:02:30 tt-4479 AM032_1952_CT_SU2011_VA_07 @Gram:Det:Art 
"<...>"
	"..." Punctuation DOTS lang:es 00:02:23 00:02:30 tt-4480 AM032_1952_CT_SU2011_VA_07 
"<del>"
	"del" Preposition PDEL lang:es 00:02:23 00:02:30 tt-4481 AM032_1952_CT_SU2011_VA_07 @Gram:Prep 
"<del>"
	"del" Preposition PDEL lang:es 00:02:23 00:02:30 tt-4482 AM032_1952_CT_SU2011_VA_07 @Gram:Prep 
"<cuerpo>"
	"cuerpo" Noun NC Singular lang:es 00:02:23 00:02:30 tt-4483 AM032_1952_CT_SU2011_VA_07 
"<estudiantil>"
	"estudiantil" Adjective ADJ Singular lang:es 00:02:23 00:02:30 tt-4484 AM032_1952_CT_SU2011_VA_07 
"<$.>"
	"." Punctuation FS lang:es 00:02:23 00:02:30 tt-4485 AM032_1952_CT_SU2011_VA_07 

"<Y>"
	"y" Conjunciton Conjunction CC lang:es 00:02:23 00:02:30 tt-4486 AM032_1952_CT_SU2011_VA_07 
"<mi>"
	"mío" Pronoun PPO Singular lang:es 00:02:23 00:02:30 tt-4487 AM032_1952_CT_SU2011_VA_07 @Gram:Det:Pos 
"<hermana>"
	"hermano" Noun NC Singular lang:es 00:02:23 00:02:30 tt-4488 AM032_1952_CT_SU2011_VA_07 
"<me>"
	"yo" Pronoun PPX Singular lang:es 00:02:23 00:02:30 tt-4489 AM032_1952_CT_SU2011_VA_07 @Gram:Pron:Objeto 
"<empujó>"
	"empujar" Verb VLfin Pret Indi Sing 3rd lang:es 00:02:23 00:02:30 tt-4490 AM032_1952_CT_SU2011_VA_07 @Gram:Indefinido 
"<$.>"
	"." Punctuation FS lang:es 00:02:23 00:02:30 tt-4491 AM032_1952_CT_SU2011_VA_07 

"<Todavía>"
	"todavía" Adverb ADV lang:es 00:02:23 00:02:30 tt-4492 AM032_1952_CT_SU2011_VA_07 
"<recuerdo>"
	"recordar" Verb VLfin Pres Indi Sing 1st lang:es 00:02:23 00:02:30 tt-4493 AM032_1952_CT_SU2011_VA_07 
"<la>"
	"el" Determiner ART Singular Fem lang:es 00:02:34 00:02:38 tt-4494 AM032_1952_CT_SU2011_VA_07 @Gram:Det:Art 
"<presidenta>"
	"presidente" Noun NC Singular lang:es 00:02:34 00:02:38 tt-4495 AM032_1952_CT_SU2011_VA_07 
"<,>"
	"," Punctuation CM lang:es 00:02:34 00:02:38 tt-4496 AM032_1952_CT_SU2011_VA_07 
"<era>"
	"ser" Verb VEfin Imp Indi Sing 1st_or_3rd lang:es 00:02:34 00:02:38 tt-4497 AM032_1952_CT_SU2011_VA_07 @Gram:Imperf @Gram:SerEstar:Ser 
"<Alicia>"
	"Alicia" Noun NP Singular lang:es 00:02:34 00:02:38 tt-4498 AM032_1952_CT_SU2011_VA_07 
"<Mier>"
	"UNK" Noun NP Singular lang:es 00:02:34 00:02:38 tt-4499 AM032_1952_CT_SU2011_VA_07 
"<$.>"
	"." Punctuation FS lang:es 00:02:34 00:02:38 tt-4500 AM032_1952_CT_SU2011_VA_07 

"<Era>"
	"ser" Verb VEfin Imp Indi Sing 1st_or_3rd lang:es 00:02:34 00:02:38 tt-4501 AM032_1952_CT_SU2011_VA_07 @Gram:Imperf @Gram:SerEstar:Ser 
"<...>"
	"..." Punctuation DOTS lang:es 00:02:34 00:02:38 tt-4502 AM032_1952_CT_SU2011_VA_07 
"<Qué>"
	"UNK" Verb VLfin Pret Indi Sing 1st lang:es 00:02:34 00:02:38 tt-4503 AM032_1952_CT_SU2011_VA_07 @Gram:Indefinido 
"<increíble>"
	"increíble" Adjective ADJ Singular lang:es 00:02:34 00:02:38 tt-4504 AM032_1952_CT_SU2011_VA_07 
"<$.>"
	"." Punctuation FS lang:es 00:02:34 00:02:38 tt-4505 AM032_1952_CT_SU2011_VA_07 

"<Después>"
	"después" Preposition PREP lang:es 00:02:34 00:02:38 tt-4506 AM032_1952_CT_SU2011_VA_07 @Gram:Prep 
"<de>"
	"de" Preposition PREP lang:es 00:02:34 00:02:38 tt-4507 AM032_1952_CT_SU2011_VA_07 @Gram:Prep 
"<tantos>"
	"tanto" Adjective ADJ Plural lang:es 00:02:34 00:02:38 tt-4508 AM032_1952_CT_SU2011_VA_07 
"<años>"
	"año" Noun NC Plural lang:es 00:02:34 00:02:38 tt-4509 AM032_1952_CT_SU2011_VA_07 
"<todavía>"
	"todavía" Adverb ADV lang:es 00:02:34 00:02:38 tt-4510 AM032_1952_CT_SU2011_VA_07 
"<me>"
	"yo" Pronoun PPX Singular lang:es 00:02:38 00:02:45 tt-4511 AM032_1952_CT_SU2011_VA_07 @Gram:Pron:Objeto 
"<acuerdo>"
	"acuerdo" Noun NC Singular lang:es 00:02:38 00:02:45 tt-4512 AM032_1952_CT_SU2011_VA_07 
"<$.>"
	"." Punctuation FS lang:es 00:02:38 00:02:45 tt-4513 AM032_1952_CT_SU2011_VA_07 

"<Alicia>"
	"Alicia" Noun NP Singular lang:es 00:02:38 00:02:45 tt-4514 AM032_1952_CT_SU2011_VA_07 
"<Mier>"
	"UNK" Noun NP Singular lang:es 00:02:38 00:02:45 tt-4515 AM032_1952_CT_SU2011_VA_07 
"<,>"
	"," Punctuation CM lang:es 00:02:38 00:02:45 tt-4516 AM032_1952_CT_SU2011_VA_07 
"<una>"
	"un" Determiner ART Singular lang:es 00:02:38 00:02:45 tt-4517 AM032_1952_CT_SU2011_VA_07 
"<mujer>"
	"mujer" Noun NP Singular lang:es 00:02:38 00:02:45 tt-4518 AM032_1952_CT_SU2011_VA_07 
"<$.>"
	"." Punctuation FS lang:es 00:02:38 00:02:45 tt-4519 AM032_1952_CT_SU2011_VA_07 

"<Y>"
	"y" Conjunciton Conjunction CC lang:es 00:02:38 00:02:45 tt-4520 AM032_1952_CT_SU2011_VA_07 
"<yo>"
	"yo" Pronoun PPX Singular lang:es 00:02:38 00:02:45 tt-4521 AM032_1952_CT_SU2011_VA_07 @Gram:Pron:Sujeto 
"<,>"
	"," Punctuation CM lang:es 00:02:38 00:02:45 tt-4522 AM032_1952_CT_SU2011_VA_07 
"<Paul>"
	"Paul" Noun NP Singular lang:es 00:02:38 00:02:45 tt-4523 AM032_1952_CT_SU2011_VA_07 
"<...>"
	"..." Punctuation DOTS lang:es 00:02:38 00:02:45 tt-4524 AM032_1952_CT_SU2011_VA_07 
"<Paul>"
	"Paul" Noun NP Singular lang:es 00:02:38 00:02:45 tt-4525 AM032_1952_CT_SU2011_VA_07 
<lang code="en">
"<West>"
	"West" Noun NP Singular lang:en 00:02:38 00:02:45 tt-4526 AM032_1952_CT_SU2011_VA_07 
</lang>
"<,>"
	"," Punctuation CM lang:es 00:02:38 00:02:45 tt-4527 AM032_1952_CT_SU2011_VA_07 
"<el>"
	"el" Determiner ART Singular Masc lang:es 00:02:38 00:02:45 tt-4528 AM032_1952_CT_SU2011_VA_07 @Gram:Det:Art 
"<vicepresidente>"
	"vicepresidente" Noun NC Singular lang:es 00:02:38 00:02:45 tt-4529 AM032_1952_CT_SU2011_VA_07 
"<$.>"
	"." Punctuation FS lang:es 00:02:38 00:02:45 tt-4530 AM032_1952_CT_SU2011_VA_07 

"<En>"
	"en" Preposition PREP lang:es 00:02:38 00:02:45 tt-4531 AM032_1952_CT_SU2011_VA_07 @Gram:Prep 
"<aquel>"
	"aquel" Determiner DM Singular lang:es 00:02:38 00:02:45 tt-4532 AM032_1952_CT_SU2011_VA_07 @Gram:Det:Demo 
"<tiempo>"
	"tiempo" Noun NC Singular lang:es 00:02:47 00:02:52 tt-4533 AM032_1952_CT_SU2011_VA_07 
"<no>"
	"no" Adverb NEG lang:es 00:02:47 00:02:52 tt-4534 AM032_1952_CT_SU2011_VA_07 
"<me>"
	"yo" Pronoun PPX Singular lang:es 00:02:47 00:02:52 tt-4535 AM032_1952_CT_SU2011_VA_07 @Gram:Pron:Objeto 
"<hubieras>"
	"haber" Verb VHfin Past Subj Sing 2nd lang:es 00:02:47 00:02:52 tt-4536 AM032_1952_CT_SU2011_VA_07 @Gram:MSub:Pret @Gram:Haber:Exist 
"<aquí>"
	"aquí" Adverb ADV lang:es 00:02:47 00:02:52 tt-4537 AM032_1952_CT_SU2011_VA_07 
"<...>"
	"..." Punctuation DOTS lang:es 00:02:47 00:02:52 tt-4538 AM032_1952_CT_SU2011_VA_07 
"<no>"
	"no" Adverb NEG lang:es 00:02:47 00:02:52 tt-4539 AM032_1952_CT_SU2011_VA_07 
"<me>"
	"yo" Pronoun PPX Singular lang:es 00:02:47 00:02:52 tt-4540 AM032_1952_CT_SU2011_VA_07 @Gram:Pron:Objeto 
"<hubieras>"
	"haber" Verb VHfin Past Subj Sing 2nd lang:es 00:02:47 00:02:52 tt-4541 AM032_1952_CT_SU2011_VA_07 @Gram:MSub:Pret @Gram:Haber:Exist 
"<aquí>"
	"aquí" Adverb ADV lang:es 00:02:47 00:02:52 tt-4542 AM032_1952_CT_SU2011_VA_07 
"<,>"
	"," Punctuation CM lang:es 00:02:47 00:02:52 tt-4543 AM032_1952_CT_SU2011_VA_07 
"<no>"
	"no" Adverb NEG lang:es 00:02:47 00:02:52 tt-4544 AM032_1952_CT_SU2011_VA_07 
"<me>"
	"yo" Pronoun PPX Singular lang:es 00:02:47 00:02:52 tt-4545 AM032_1952_CT_SU2011_VA_07 @Gram:Pron:Objeto 
"<hubieras>"
	"haber" Verb VHfin Past Subj Sing 2nd lang:es 00:02:47 00:02:52 tt-4546 AM032_1952_CT_SU2011_VA_07 ID:478 R:Gram:MSub:Pret:479 
"<visto>"
	"ver" Verb VLadj lang:es 00:02:47 00:02:52 tt-4547 AM032_1952_CT_SU2011_VA_07 ID:479 
"<hablar>"
	"hablar" Verb VLinf Infinitive lang:es 00:02:47 00:02:52 tt-4548 AM032_1952_CT_SU2011_VA_07 
"<tanto>"
	"tanto" Determiner QU lang:es 00:02:47 00:02:52 tt-4549 AM032_1952_CT_SU2011_VA_07 
"<tiempo>"
	"tiempo" Noun NC Singular lang:es 00:02:47 00:02:52 tt-4550 AM032_1952_CT_SU2011_VA_07 
"<$.>"
	"." Punctuation FS lang:es 00:02:47 00:02:52 tt-4551 AM032_1952_CT_SU2011_VA_07 

"<Yo>"
	"yo" Pronoun PPX Singular lang:es 00:02:52 00:02:59 tt-4552 AM032_1952_CT_SU2011_VA_07 @Gram:Pron:Sujeto 
"<era>"
	"ser" Verb VEfin Imp Indi Sing 1st_or_3rd lang:es 00:02:52 00:02:59 tt-4553 AM032_1952_CT_SU2011_VA_07 @Gram:Imperf @Gram:SerEstar:Ser 
"<...>"
	"..." Punctuation DOTS lang:es 00:02:52 00:02:59 tt-4554 AM032_1952_CT_SU2011_VA_07 
"<era>"
	"ser" Verb VEfin Imp Indi Sing 1st_or_3rd lang:es 00:02:52 00:02:59 tt-4555 AM032_1952_CT_SU2011_VA_07 @Gram:Imperf @Gram:SerEstar:Ser 
"<un>"
	"un" Determiner ART Singular lang:es 00:02:52 00:02:59 tt-4556 AM032_1952_CT_SU2011_VA_07 
"<poco>"
	"pocos" Determiner QU lang:es 00:02:52 00:02:59 tt-4557 AM032_1952_CT_SU2011_VA_07 
"<tímido>"
	"tímido" Noun NC Singular lang:es 00:02:52 00:02:59 tt-4558 AM032_1952_CT_SU2011_VA_07 
"<para>"
	"para" Preposition PREP lang:es 00:02:52 00:02:59 tt-4559 AM032_1952_CT_SU2011_VA_07 @Gram:Prep:Para 
"<hablar>"
	"hablar" Verb VLinf Infinitive lang:es 00:02:52 00:02:59 tt-4560 AM032_1952_CT_SU2011_VA_07 
"<$.>"
	"." Punctuation FS lang:es 00:02:52 00:02:59 tt-4561 AM032_1952_CT_SU2011_VA_07 

"<Me>"
	"yo" Pronoun PPX Singular lang:es 00:02:52 00:02:59 tt-4562 AM032_1952_CT_SU2011_VA_07 @Gram:Pron:Objeto 
"<acuerdo>"
	"acuerdo" Noun NC Singular lang:es 00:02:52 00:02:59 tt-4563 AM032_1952_CT_SU2011_VA_07 
"<que>"
	"que" Conjunction CQUE lang:es 00:02:52 00:02:59 tt-4564 AM032_1952_CT_SU2011_VA_07 
"<no>"
	"no" Adverb ADV lang:es 00:02:52 00:02:59 tt-4565 AM032_1952_CT_SU2011_VA_07 
"<más>"
	"más" Adverb ADV lang:es 00:02:52 00:02:59 tt-4566 AM032_1952_CT_SU2011_VA_07 
"<hablé>"
	"hablar" Verb VLfin Pret Indi Sing 1st lang:es 00:02:52 00:02:59 tt-4567 AM032_1952_CT_SU2011_VA_07 @Gram:Indefinido 
"<una>"
	"un" Determiner ART Singular lang:es 00:02:52 00:02:59 tt-4568 AM032_1952_CT_SU2011_VA_07 
"<o>"
	"o" Conjunciton Conjunction CC lang:es 00:02:52 00:02:59 tt-4569 AM032_1952_CT_SU2011_VA_07 
"<dos>"
	"dos" Determiner CARD Plural lang:es 00:02:52 00:02:59 tt-4570 AM032_1952_CT_SU2011_VA_07 
"<veces>"
	"vez" Noun NC Plural lang:es 00:02:52 00:02:59 tt-4571 AM032_1952_CT_SU2011_VA_07 
"<allí>"
	"allí" Adverb ADV lang:es 00:02:59 00:03:06 tt-4572 AM032_1952_CT_SU2011_VA_07 
"<en>"
	"en" Preposition PREP lang:es 00:02:59 00:03:06 tt-4573 AM032_1952_CT_SU2011_VA_07 @Gram:Prep 
"<el>"
	"el" Determiner ART Singular Masc lang:es 00:02:59 00:03:06 tt-4574 AM032_1952_CT_SU2011_VA_07 @Gram:Det:Art 
"<micrófono>"
	"micrófono" Noun NC Singular lang:es 00:02:59 00:03:06 tt-4575 AM032_1952_CT_SU2011_VA_07 
"<en>"
	"en" Preposition PREP lang:es 00:02:59 00:03:06 tt-4576 AM032_1952_CT_SU2011_VA_07 @Gram:Prep 
"<esa>"
	"ese" Determiner DM Singular lang:es 00:02:59 00:03:06 tt-4577 AM032_1952_CT_SU2011_VA_07 @Gram:Det:Demo 
"<escuela>"
	"escuela" Noun NC Singular lang:es 00:02:59 00:03:06 tt-4578 AM032_1952_CT_SU2011_VA_07 
"<,>"
	"," Punctuation CM lang:es 00:02:59 00:03:06 tt-4579 AM032_1952_CT_SU2011_VA_07 
"<pero>"
	"pero" Conjunction CCAD lang:es 00:02:59 00:03:06 tt-4580 AM032_1952_CT_SU2011_VA_07 @Prag:MarcadoresDisc:Revision 
"<...>"
	"..." Punctuation DOTS lang:es 00:02:59 00:03:06 tt-4581 AM032_1952_CT_SU2011_VA_07 
"<qué>"
	"qué" Pronoun INT Singular lang:es 00:02:59 00:03:06 tt-4582 AM032_1952_CT_SU2011_VA_07 
"<susto>"
	"susto" Noun NC Singular lang:es 00:02:59 00:03:06 tt-4583 AM032_1952_CT_SU2011_VA_07 
"<llevé>"
	"llevar" Verb VLfin Pret Indi Sing 1st lang:es 00:02:59 00:03:06 tt-4584 AM032_1952_CT_SU2011_VA_07 @Gram:Indefinido 
"<,>"
	"," Punctuation CM lang:es 00:02:59 00:03:06 tt-4585 AM032_1952_CT_SU2011_VA_07 
"<qué>"
	"qué" Pronoun INT Singular lang:es 00:02:59 00:03:06 tt-4586 AM032_1952_CT_SU2011_VA_07 
"<espanto>"
	"espantar" Verb VLfin Pres Indi Sing 1st lang:es 00:02:59 00:03:06 tt-4587 AM032_1952_CT_SU2011_VA_07 
"<$.>"
	"." Punctuation FS lang:es 00:02:59 00:03:06 tt-4588 AM032_1952_CT_SU2011_VA_07 

"<Yo>"
	"yo" Pronoun PPX Singular lang:es 00:02:59 00:03:06 tt-4589 AM032_1952_CT_SU2011_VA_07 @Gram:Pron:Sujeto 
"<no>"
	"no" Adverb NEG lang:es 00:02:59 00:03:06 tt-4590 AM032_1952_CT_SU2011_VA_07 
"<$.>"
	"." Punctuation FS lang:es 00:02:59 00:03:06 tt-4591 AM032_1952_CT_SU2011_VA_07 

"<Yo>"
	"yo" Pronoun PPX Singular lang:es 00:02:59 00:03:06 tt-4592 AM032_1952_CT_SU2011_VA_07 @Gram:Pron:Sujeto 
"<tenía>"
	"tener" Verb VLfin Imp Indi Sing 1st_or_3rd lang:es 00:03:06 00:03:13 tt-4593 AM032_1952_CT_SU2011_VA_07 @Gram:Imperf 
"<...>"
	"..." Punctuation DOTS lang:es 00:03:06 00:03:13 tt-4594 AM032_1952_CT_SU2011_VA_07 
"<estaba>"
	"estar" Verb VEfin Imp Indi Sing 1st_or_3rd lang:es 00:03:06 00:03:13 tt-4595 AM032_1952_CT_SU2011_VA_07 @Gram:Imperf @Gram:SerEstar:Estar 
"<muy>"
	"muy" Adverb ADV lang:es 00:03:06 00:03:13 tt-4596 AM032_1952_CT_SU2011_VA_07 
"<,>"
	"," Punctuation CM lang:es 00:03:06 00:03:13 tt-4597 AM032_1952_CT_SU2011_VA_07 
"<muy>"
	"muy" Adverb ADV lang:es 00:03:06 00:03:13 tt-4598 AM032_1952_CT_SU2011_VA_07 
"<temeroso>"
	"temeroso" Adjective ADJ Singular lang:es 00:03:06 00:03:13 tt-4599 AM032_1952_CT_SU2011_VA_07 
"<de>"
	"de" Conjunction CSUBI lang:es 00:03:06 00:03:13 tt-4600 AM032_1952_CT_SU2011_VA_07 
"<hablar>"
	"hablar" Verb VLinf Infinitive lang:es 00:03:06 00:03:13 tt-4601 AM032_1952_CT_SU2011_VA_07 
"<$.>"
	"." Punctuation FS lang:es 00:03:06 00:03:13 tt-4602 AM032_1952_CT_SU2011_VA_07 

"<Pero>"
	"pero" Conjunction CCAD lang:es 00:03:06 00:03:13 tt-4603 AM032_1952_CT_SU2011_VA_07 @Prag:MarcadoresDisc:Revision 
"<me>"
	"yo" Pronoun PPX Singular lang:es 00:03:06 00:03:13 tt-4604 AM032_1952_CT_SU2011_VA_07 @Gram:Pron:Objeto 
"<fui>"
	"ir|ser" Verb VLfin Pret Indi Sing 1st lang:es 00:03:06 00:03:13 tt-4605 AM032_1952_CT_SU2011_VA_07 @Gram:Indefinido 
"<desarrollando>"
	"desarrollar" Verb VLger lang:es 00:03:06 00:03:13 tt-4606 AM032_1952_CT_SU2011_VA_07 
"<poco>"
	"poco" Adverb ADV lang:es 00:03:06 00:03:13 tt-4607 AM032_1952_CT_SU2011_VA_07 
"<a>"
	"a" Preposition PREP lang:es 00:03:06 00:03:13 tt-4608 AM032_1952_CT_SU2011_VA_07 @Gram:Prep 
"<poco>"
	"poco" Adverb ADV lang:es 00:03:06 00:03:13 tt-4609 AM032_1952_CT_SU2011_VA_07 
"<$.>"
	"." Punctuation FS lang:es 00:03:06 00:03:13 tt-4610 AM032_1952_CT_SU2011_VA_07 

"<Total>"
	"total" Adjective ADJ Singular lang:es 00:03:06 00:03:13 tt-4611 AM032_1952_CT_SU2011_VA_07 
"<no>"
	"no" Adverb NEG lang:es 00:03:16 00:03:23 tt-4612 AM032_1952_CT_SU2011_VA_07 
"<creo>"
	"crear|creer" Verb VLfin Pres Indi Sing 1st lang:es 00:03:16 00:03:23 tt-4613 AM032_1952_CT_SU2011_VA_07 
"<que>"
	"que" Conjunction CQUE lang:es 00:03:16 00:03:23 tt-4614 AM032_1952_CT_SU2011_VA_07 
"<hice>"
	"hacer" Verb VLfin Pret Indi Sing 1st lang:es 00:03:16 00:03:23 tt-4615 AM032_1952_CT_SU2011_VA_07 @Gram:Indefinido 
"<nada>"
	"nada" Determiner QU lang:es 00:03:16 00:03:23 tt-4616 AM032_1952_CT_SU2011_VA_07 @Gram:Det:Pron 
"<importante>"
	"importar" Verb VLadj lang:es 00:03:16 00:03:23 tt-4617 AM032_1952_CT_SU2011_VA_07 
"<como>"
	"como" Conjunction CSUBX lang:es 00:03:16 00:03:23 tt-4618 AM032_1952_CT_SU2011_VA_07 
"<vicepresidente>"
	"vicepresidente" Noun NC Singular lang:es 00:03:16 00:03:23 tt-4619 AM032_1952_CT_SU2011_VA_07 
"<$.>"
	"." Punctuation FS lang:es 00:03:16 00:03:23 tt-4620 AM032_1952_CT_SU2011_VA_07 

"<Pero>"
	"pero" Conjunction CCAD lang:es 00:03:16 00:03:23 tt-4621 AM032_1952_CT_SU2011_VA_07 @Prag:MarcadoresDisc:Revision 
"<...>"
	"..." Punctuation DOTS lang:es 00:03:16 00:03:23 tt-4622 AM032_1952_CT_SU2011_VA_07 
<lang code="en">
"<ah>"
	"UNK" Noun NN lang:en 00:03:16 00:03:23 tt-4623 AM032_1952_CT_SU2011_VA_07 
</lang>
"<...>"
	"..." Punctuation DOTS lang:es 00:03:16 00:03:23 tt-4624 AM032_1952_CT_SU2011_VA_07 
"<eso>"
	"ese" Determiner DM Singular lang:es 00:03:16 00:03:23 tt-4625 AM032_1952_CT_SU2011_VA_07 
"<fue>"
	"ser" Verb VSfin Pret Indi Sing 3rd lang:es 00:03:16 00:03:23 tt-4626 AM032_1952_CT_SU2011_VA_07 @Gram:Indefinido @Gram:SerEstar:Ser 
"<algo>"
	"algo" Determiner QU lang:es 00:03:16 00:03:23 tt-4627 AM032_1952_CT_SU2011_VA_07 @Gram:Det:Pron 
"<que>"
	"que" Conjunction CQUE lang:es 00:03:16 00:03:23 tt-4628 AM032_1952_CT_SU2011_VA_07 
"<,>"
	"," Punctuation CM lang:es 00:03:16 00:03:23 tt-4629 AM032_1952_CT_SU2011_VA_07 
"<importante>"
	"importar" Verb VLadj lang:es 00:03:16 00:03:23 tt-4630 AM032_1952_CT_SU2011_VA_07 
"<que>"
	"que" Conjunction CQUE lang:es 00:03:24 00:03:30 tt-4631 AM032_1952_CT_SU2011_VA_07 
"<me>"
	"yo" Pronoun PPX Singular lang:es 00:03:24 00:03:30 tt-4632 AM032_1952_CT_SU2011_VA_07 @Gram:Pron:Objeto 
"<tocó>"
	"tocar" Verb VLfin Pret Indi Sing 3rd lang:es 00:03:24 00:03:30 tt-4633 AM032_1952_CT_SU2011_VA_07 @Gram:Indefinido 
"<hacer>"
	"hacer" Verb VLinf Infinitive lang:es 00:03:24 00:03:30 tt-4634 AM032_1952_CT_SU2011_VA_07 
"<allí>"
	"allí" Adverb ADV lang:es 00:03:24 00:03:30 tt-4635 AM032_1952_CT_SU2011_VA_07 
"<,>"
	"," Punctuation CM lang:es 00:03:24 00:03:30 tt-4636 AM032_1952_CT_SU2011_VA_07 
"<algo>"
	"algo" Determiner QU lang:es 00:03:24 00:03:30 tt-4637 AM032_1952_CT_SU2011_VA_07 @Gram:Det:Pron 
"<destacante>"
	"UNK" Noun NC Singular lang:es 00:03:24 00:03:30 tt-4638 AM032_1952_CT_SU2011_VA_07 
"<$.>"
	"." Punctuation FS lang:es 00:03:24 00:03:30 tt-4639 AM032_1952_CT_SU2011_VA_07 

"<Mi>"
	"mío" Pronoun PPO Singular lang:es 00:03:24 00:03:30 tt-4640 AM032_1952_CT_SU2011_VA_07 @Gram:Det:Pos 
"<hermana>"
	"hermano" Noun NC Singular lang:es 00:03:24 00:03:30 tt-4641 AM032_1952_CT_SU2011_VA_07 
"<creo>"
	"crear|creer" Verb VLfin Pres Indi Sing 1st lang:es 00:03:24 00:03:30 tt-4642 AM032_1952_CT_SU2011_VA_07 
"<que>"
	"que" Conjunction CQUE lang:es 00:03:24 00:03:30 tt-4643 AM032_1952_CT_SU2011_VA_07 
"<era>"
	"ser" Verb VEfin Imp Indi Sing 1st_or_3rd lang:es 00:03:24 00:03:30 tt-4644 AM032_1952_CT_SU2011_VA_07 @Gram:Imperf @Gram:SerEstar:Ser 
"<la>"
	"el" Determiner ART Singular Fem lang:es 00:03:24 00:03:30 tt-4645 AM032_1952_CT_SU2011_VA_07 @Gram:Det:Art 
"<secretaria>"
	"secretario" Noun NC Singular lang:es 00:03:24 00:03:30 tt-4646 AM032_1952_CT_SU2011_VA_07 
"<o>"
	"o" Conjunciton Conjunction CC lang:es 00:03:24 00:03:30 tt-4647 AM032_1952_CT_SU2011_VA_07 
"<la>"
	"el" Determiner ART Singular Fem lang:es 00:03:24 00:03:30 tt-4648 AM032_1952_CT_SU2011_VA_07 @Gram:Det:Art 
</speaker>
</text>

