<text id="AM048_1982_CT_SU2011_ER_05">
<speaker type="int">
"<$¿>"
	"¿" Punctuation FS lang:es 00:00:00 00:00:05 tt-1116 AM048_1982_CT_SU2011_ER_05 
"<Oye>"
	"oír" Verb VLfin Pres Indi_Command Sing 2nd_3rd lang:es 00:00:00 00:00:05 tt-1117 AM048_1982_CT_SU2011_ER_05 
"<,>"
	"," Punctuation CM lang:es 00:00:00 00:00:05 tt-1118 AM048_1982_CT_SU2011_ER_05 
"<tú>"
	"tú" Pronoun PPX Singular lang:es 00:00:00 00:00:05 tt-1119 AM048_1982_CT_SU2011_ER_05 @Gram:Pron:Sujeto 
"<te>"
	"tú" Pronoun PPX Singular lang:es 00:00:00 00:00:05 tt-1120 AM048_1982_CT_SU2011_ER_05 @Gram:Pron:Objeto 
"<consideras>"
	"considerar" Verb VLfin Pres Indi Sing 2nd lang:es 00:00:00 00:00:05 tt-1121 AM048_1982_CT_SU2011_ER_05 
"<este>"
	"este" Determiner DM Singular lang:es 00:00:00 00:00:05 tt-1122 AM048_1982_CT_SU2011_ER_05 @Prag:RecuDiscurso:GanarTiempo 
"<...>"
	"..." Punctuation DOTS lang:es 00:00:00 00:00:05 tt-1123 AM048_1982_CT_SU2011_ER_05 
"<un>"
	"un" Determiner ART Singular lang:es 00:00:00 00:00:05 tt-1124 AM048_1982_CT_SU2011_ER_05 
"<ciudadano>"
	"ciudadano" Noun NC Singular lang:es 00:00:00 00:00:05 tt-1125 AM048_1982_CT_SU2011_ER_05 
"<americano>"
	"americano" Noun NC Singular lang:es 00:00:00 00:00:05 tt-1126 AM048_1982_CT_SU2011_ER_05 
"<,>"
	"," Punctuation CM lang:es 00:00:00 00:00:05 tt-1127 AM048_1982_CT_SU2011_ER_05 
"<te>"
	"tú" Pronoun PPX Singular lang:es 00:00:00 00:00:05 tt-1128 AM048_1982_CT_SU2011_ER_05 @Gram:Pron:Objeto 
"<llamas>"
	"llamar" Verb VLfin Pres Indi Sing 2nd lang:es 00:00:00 00:00:05 tt-1129 AM048_1982_CT_SU2011_ER_05 
"<colombiano>"
	"colombiano" Adjective ADJ Singular lang:es 00:00:00 00:00:05 tt-1130 AM048_1982_CT_SU2011_ER_05 
"<$?>"
	"?" Punctuation FS lang:es 00:00:00 00:00:05 tt-1131 AM048_1982_CT_SU2011_ER_05 
</speaker>
<speaker type="subj">

"<Sí>"
	"sí" Adverb ADV lang:es 00:00:05 00:00:12 tt-1132 AM048_1982_CT_SU2011_ER_05 
"<,>"
	"," Punctuation CM lang:es 00:00:05 00:00:12 tt-1133 AM048_1982_CT_SU2011_ER_05 
"<yo>"
	"yo" Pronoun PPX Singular lang:es 00:00:05 00:00:12 tt-1134 AM048_1982_CT_SU2011_ER_05 @Gram:Pron:Sujeto 
"<...>"
	"..." Punctuation DOTS lang:es 00:00:05 00:00:12 tt-1135 AM048_1982_CT_SU2011_ER_05 
"<yo>"
	"yo" Pronoun PPX Singular lang:es 00:00:05 00:00:12 tt-1136 AM048_1982_CT_SU2011_ER_05 @Gram:Pron:Sujeto 
"<me>"
	"yo" Pronoun PPX Singular lang:es 00:00:05 00:00:12 tt-1137 AM048_1982_CT_SU2011_ER_05 @Gram:Pron:Objeto 
"<veo>"
	"ver" Verb VLfin Pres Indi Sing 1st lang:es 00:00:05 00:00:12 tt-1138 AM048_1982_CT_SU2011_ER_05 
"<como>"
	"como" Conjunction CSUBX lang:es 00:00:05 00:00:12 tt-1139 AM048_1982_CT_SU2011_ER_05 
"<un>"
	"un" Determiner ART Singular lang:es 00:00:05 00:00:12 tt-1140 AM048_1982_CT_SU2011_ER_05 
"<colombiano-americano>"
	"UNK" Noun NC Singular lang:es 00:00:05 00:00:12 tt-1141 AM048_1982_CT_SU2011_ER_05 
"<$.>"
	"." Punctuation FS lang:es 00:00:05 00:00:12 tt-1142 AM048_1982_CT_SU2011_ER_05 

"<Que>"
	"que" Conjunction CQUE lang:es 00:00:05 00:00:12 tt-1143 AM048_1982_CT_SU2011_ER_05 
"<nació>"
	"nacer" Verb VLfin Pret Indi Sing 3rd lang:es 00:00:05 00:00:12 tt-1144 AM048_1982_CT_SU2011_ER_05 @Gram:Indefinido 
"<aquí>"
	"aquí" Adverb ADV lang:es 00:00:05 00:00:12 tt-1145 AM048_1982_CT_SU2011_ER_05 
"<y>"
	"y" Conjunciton Conjunction CC lang:es 00:00:05 00:00:12 tt-1146 AM048_1982_CT_SU2011_ER_05 
"<somos>"
	"ser" Verb VSfin Pres Indi Plural 1st lang:es 00:00:05 00:00:12 tt-1147 AM048_1982_CT_SU2011_ER_05 @Gram:SerEstar:Ser 
"<gringos>"
	"gringos" Adjective ADJ Plural lang:es 00:00:05 00:00:12 tt-1148 AM048_1982_CT_SU2011_ER_05 
"<porque>"
	"porque" Conjunction CSUBX lang:es 00:00:12 00:00:19 tt-1149 AM048_1982_CT_SU2011_ER_05 @Prag:MarcadoresDisc:Causa 
"<nacimos>"
	"UNK" Noun NC Plural lang:es 00:00:12 00:00:19 tt-1150 AM048_1982_CT_SU2011_ER_05 
"<aquí>"
	"aquí" Adverb ADV lang:es 00:00:12 00:00:19 tt-1151 AM048_1982_CT_SU2011_ER_05 
"<y>"
	"y" Conjunciton Conjunction CC lang:es 00:00:12 00:00:19 tt-1152 AM048_1982_CT_SU2011_ER_05 
"<tenemos>"
	"tener" Verb VLfin Pres Indi Plural 1st lang:es 00:00:12 00:00:19 tt-1153 AM048_1982_CT_SU2011_ER_05 
"<familias>"
	"familia" Noun NC Plural lang:es 00:00:12 00:00:19 tt-1154 AM048_1982_CT_SU2011_ER_05 
<lang code="en">
"<ah>"
	"UNK" Noun NN lang:en 00:00:12 00:00:19 tt-1155 AM048_1982_CT_SU2011_ER_05 
</lang>
"<...>"
	"..." Punctuation DOTS lang:es 00:00:12 00:00:19 tt-1156 AM048_1982_CT_SU2011_ER_05 
"<en>"
	"en" Preposition PREP lang:es 00:00:12 00:00:19 tt-1157 AM048_1982_CT_SU2011_ER_05 @Gram:Prep 
"<el>"
	"el" Determiner ART Singular Masc lang:es 00:00:12 00:00:19 tt-1158 AM048_1982_CT_SU2011_ER_05 @Gram:Det:Art 
"<...>"
	"..." Punctuation DOTS lang:es 00:00:12 00:00:19 tt-1159 AM048_1982_CT_SU2011_ER_05 
"<en>"
	"en" Preposition PREP lang:es 00:00:12 00:00:19 tt-1160 AM048_1982_CT_SU2011_ER_05 @Gram:Prep 
"<el>"
	"el" Determiner ART Singular Masc lang:es 00:00:12 00:00:19 tt-1161 AM048_1982_CT_SU2011_ER_05 @Gram:Det:Art ID:46 R:Gram:Det:Combi:47 
"<otro>"
	"otro" Determiner QU lang:es 00:00:12 00:00:19 tt-1162 AM048_1982_CT_SU2011_ER_05 ID:47 
"<lado>"
	"lado" Noun NC Singular lang:es 00:00:12 00:00:19 tt-1163 AM048_1982_CT_SU2011_ER_05 
"<$.>"
	"." Punctuation FS lang:es 00:00:12 00:00:19 tt-1164 AM048_1982_CT_SU2011_ER_05 
</speaker>
<speaker type="int">

"<$¿>"
	"¿" Punctuation FS lang:es 00:00:19 00:00:24 tt-1165 AM048_1982_CT_SU2011_ER_05 
"<Este>"
	"este" Determiner DM Singular lang:es 00:00:19 00:00:24 tt-1166 AM048_1982_CT_SU2011_ER_05 @Prag:RecuDiscurso:GanarTiempo 
"<...>"
	"..." Punctuation DOTS lang:es 00:00:19 00:00:24 tt-1167 AM048_1982_CT_SU2011_ER_05 
"<y>"
	"y" Conjunciton Conjunction CC lang:es 00:00:19 00:00:24 tt-1168 AM048_1982_CT_SU2011_ER_05 
"<tu>"
	"tú" Pronoun PPX Singular lang:es 00:00:19 00:00:24 tt-1169 AM048_1982_CT_SU2011_ER_05 @Gram:Det:Pos 
"<mamá>"
	"mamá" Noun NC Singular lang:es 00:00:19 00:00:24 tt-1170 AM048_1982_CT_SU2011_ER_05 
"<crees>"
	"creer" Verb VLfin Pres Indi Sing 2nd lang:es 00:00:19 00:00:24 tt-1171 AM048_1982_CT_SU2011_ER_05 
"<que>"
	"que" Conjunction CQUE lang:es 00:00:19 00:00:24 tt-1172 AM048_1982_CT_SU2011_ER_05 
"<ella>"
	"él" Pronoun PPX Singular lang:es 00:00:19 00:00:24 tt-1173 AM048_1982_CT_SU2011_ER_05 @Gram:Pron:Sujeto 
"<este>"
	"este" Noun NC Singular lang:es 00:00:19 00:00:24 tt-1174 AM048_1982_CT_SU2011_ER_05 
"<...>"
	"..." Punctuation DOTS lang:es 00:00:19 00:00:24 tt-1175 AM048_1982_CT_SU2011_ER_05 
"<sería>"
	"ser" Verb VSfin Cond Indi Sing 1st_or_3rd lang:es 00:00:19 00:00:24 tt-1176 AM048_1982_CT_SU2011_ER_05 @Gram:SerEstar:Ser 
"<solo>"
	"solo" Adverb ADV lang:es 00:00:19 00:00:24 tt-1177 AM048_1982_CT_SU2011_ER_05 
"<colombiana>"
	"colombiano" Adjective ADJ Singular lang:es 00:00:19 00:00:24 tt-1178 AM048_1982_CT_SU2011_ER_05 
"<,>"
	"," Punctuation CM lang:es 00:00:19 00:00:24 tt-1179 AM048_1982_CT_SU2011_ER_05 
"<o>"
	"o" Conjunciton Conjunction CC lang:es 00:00:19 00:00:24 tt-1180 AM048_1982_CT_SU2011_ER_05 
"<también>"
	"también" Adverb ADV lang:es 00:00:19 00:00:24 tt-1181 AM048_1982_CT_SU2011_ER_05 @Prag:MarcadoresDisc:Igualdad 
"<colombiana-estadounidense>"
	"UNK" Noun NC Singular lang:es 00:00:19 00:00:24 tt-1182 AM048_1982_CT_SU2011_ER_05 
"<$?>"
	"?" Punctuation FS lang:es 00:00:19 00:00:24 tt-1183 AM048_1982_CT_SU2011_ER_05 
</speaker>
<speaker type="subj">

"<Sí>"
	"sí" Adverb ADV lang:es 00:00:24 00:00:31 tt-1184 AM048_1982_CT_SU2011_ER_05 
"<,>"
	"," Punctuation CM lang:es 00:00:24 00:00:31 tt-1185 AM048_1982_CT_SU2011_ER_05 
"<también>"
	"también" Adverb ADV lang:es 00:00:24 00:00:31 tt-1186 AM048_1982_CT_SU2011_ER_05 @Prag:MarcadoresDisc:Igualdad 
"<$.>"
	"." Punctuation FS lang:es 00:00:24 00:00:31 tt-1187 AM048_1982_CT_SU2011_ER_05 

"<Porque>"
	"porque" Conjunction CSUBX lang:es 00:00:24 00:00:31 tt-1188 AM048_1982_CT_SU2011_ER_05 @Prag:MarcadoresDisc:Causa 
"<ya>"
	"ya" Adverb ADV lang:es 00:00:24 00:00:31 tt-1189 AM048_1982_CT_SU2011_ER_05 
"<ha>"
	"haber" Verb VHfin Pres Indi Sing 3rd lang:es 00:00:24 00:00:31 tt-1190 AM048_1982_CT_SU2011_ER_05 ID:75 R:Gram:Aux:Haber:76 R:Gram:PerfPerif:76 
"<pasado>"
	"pasar" Verb VLadj lang:es 00:00:24 00:00:31 tt-1191 AM048_1982_CT_SU2011_ER_05 ID:76 
"<mucho>"
	"mucho" Determiner QU lang:es 00:00:24 00:00:31 tt-1192 AM048_1982_CT_SU2011_ER_05 
"<tiempo>"
	"tiempo" Noun NC Singular lang:es 00:00:24 00:00:31 tt-1193 AM048_1982_CT_SU2011_ER_05 
"<viviendo>"
	"vivir" Verb VLger lang:es 00:00:24 00:00:31 tt-1194 AM048_1982_CT_SU2011_ER_05 
"<aquí>"
	"aquí" Adverb ADV lang:es 00:00:24 00:00:31 tt-1195 AM048_1982_CT_SU2011_ER_05 
"<,>"
	"," Punctuation CM lang:es 00:00:24 00:00:31 tt-1196 AM048_1982_CT_SU2011_ER_05 
"<y>"
	"y" Conjunciton Conjunction CC lang:es 00:00:24 00:00:31 tt-1197 AM048_1982_CT_SU2011_ER_05 
"<...>"
	"..." Punctuation DOTS lang:es 00:00:24 00:00:31 tt-1198 AM048_1982_CT_SU2011_ER_05 
"<y>"
	"y" Conjunciton Conjunction CC lang:es 00:00:24 00:00:31 tt-1199 AM048_1982_CT_SU2011_ER_05 
"<también>"
	"también" Adverb ADV lang:es 00:00:24 00:00:31 tt-1200 AM048_1982_CT_SU2011_ER_05 @Prag:MarcadoresDisc:Igualdad 
"<maneja>"
	"manejar" Verb VLfin Pres Indi Sing 3rd lang:es 00:00:24 00:00:31 tt-1201 AM048_1982_CT_SU2011_ER_05 
"<el>"
	"el" Determiner ART Singular Masc lang:es 00:00:32 00:00:39 tt-1202 AM048_1982_CT_SU2011_ER_05 @Gram:Det:Art ID:87 R:Gram:Genero:ExcepMasc:88 
"<idioma>"
	"idioma" Noun NC Singular lang:es 00:00:32 00:00:39 tt-1203 AM048_1982_CT_SU2011_ER_05 ID:88 
"<de>"
	"de" Preposition PREP lang:es 00:00:32 00:00:39 tt-1204 AM048_1982_CT_SU2011_ER_05 @Gram:Prep 
"<inglés>"
	"inglés" Noun NC Plural lang:es 00:00:32 00:00:39 tt-1205 AM048_1982_CT_SU2011_ER_05 
"<muy>"
	"muy" Adverb ADV lang:es 00:00:32 00:00:39 tt-1206 AM048_1982_CT_SU2011_ER_05 
"<bien>"
	"bien" Adverb ADV lang:es 00:00:32 00:00:39 tt-1207 AM048_1982_CT_SU2011_ER_05 
"<y>"
	"y" Conjunciton Conjunction CC lang:es 00:00:32 00:00:39 tt-1208 AM048_1982_CT_SU2011_ER_05 
"<trabaja>"
	"trabajar" Verb VLfin Pres Indi Sing 3rd lang:es 00:00:32 00:00:39 tt-1209 AM048_1982_CT_SU2011_ER_05 
"<aquí>"
	"aquí" Adverb ADV lang:es 00:00:32 00:00:39 tt-1210 AM048_1982_CT_SU2011_ER_05 
"<$.>"
	"." Punctuation FS lang:es 00:00:32 00:00:39 tt-1211 AM048_1982_CT_SU2011_ER_05 

"<Tiene>"
	"tener" Verb VLfin Pres Indi Sing 3rd lang:es 00:00:32 00:00:39 tt-1212 AM048_1982_CT_SU2011_ER_05 
"<sus>"
	"suyo" Pronoun PPO Plural lang:es 00:00:32 00:00:39 tt-1213 AM048_1982_CT_SU2011_ER_05 @Gram:Det:Pos 
"<cosas>"
	"cosa" Noun NC Plural lang:es 00:00:32 00:00:39 tt-1214 AM048_1982_CT_SU2011_ER_05 
"<aquí>"
	"aquí" Adverb ADV lang:es 00:00:32 00:00:39 tt-1215 AM048_1982_CT_SU2011_ER_05 
"<y>"
	"y" Conjunciton Conjunction CC lang:es 00:00:32 00:00:39 tt-1216 AM048_1982_CT_SU2011_ER_05 
"<yo>"
	"yo" Pronoun PPX Singular lang:es 00:00:32 00:00:39 tt-1217 AM048_1982_CT_SU2011_ER_05 @Gram:Pron:Sujeto 
"<no>"
	"no" Adverb NEG lang:es 00:00:32 00:00:39 tt-1218 AM048_1982_CT_SU2011_ER_05 
"<creo>"
	"crear|creer" Verb VLfin Pres Indi Sing 1st lang:es 00:00:32 00:00:39 tt-1219 AM048_1982_CT_SU2011_ER_05 
"<que>"
	"que" Conjunction CQUE lang:es 00:00:32 00:00:39 tt-1220 AM048_1982_CT_SU2011_ER_05 
"<...>"
	"..." Punctuation DOTS lang:es 00:00:32 00:00:39 tt-1221 AM048_1982_CT_SU2011_ER_05 
"<que>"
	"que" Conjunction CQUE lang:es 00:00:32 00:00:39 tt-1222 AM048_1982_CT_SU2011_ER_05 
"<algún>"
	"alguno" Determiner QU lang:es 00:00:40 00:00:42 tt-1223 AM048_1982_CT_SU2011_ER_05 @Gram:Det:CuantIndef 
"<día>"
	"día" Noun NC Singular lang:es 00:00:40 00:00:42 tt-1224 AM048_1982_CT_SU2011_ER_05 
"<vuelve>"
	"volver" Verb VLfin Pres Indi Sing 3rd lang:es 00:00:40 00:00:42 tt-1225 AM048_1982_CT_SU2011_ER_05 
"<a>"
	"a" Preposition PREP lang:es 00:00:40 00:00:42 tt-1226 AM048_1982_CT_SU2011_ER_05 @Gram:Prep 
"<vivir>"
	"vivir" Verb VLinf Infinitive lang:es 00:00:40 00:00:42 tt-1227 AM048_1982_CT_SU2011_ER_05 
"<allá>"
	"allá" Adverb ADV lang:es 00:00:40 00:00:42 tt-1228 AM048_1982_CT_SU2011_ER_05 
"<$.>"
	"." Punctuation FS lang:es 00:00:40 00:00:42 tt-1229 AM048_1982_CT_SU2011_ER_05 
</speaker>
<speaker type="int">

"<$¿>"
	"¿" Punctuation FS lang:es 00:00:42 00:00:44 tt-1230 AM048_1982_CT_SU2011_ER_05 
"<Oye>"
	"oír" Verb VLfin Pres Indi_Command Sing 2nd_3rd lang:es 00:00:42 00:00:44 tt-1231 AM048_1982_CT_SU2011_ER_05 
"<y>"
	"y" Conjunciton Conjunction CC lang:es 00:00:42 00:00:44 tt-1232 AM048_1982_CT_SU2011_ER_05 
"<ella>"
	"él" Pronoun PPX Singular lang:es 00:00:42 00:00:44 tt-1233 AM048_1982_CT_SU2011_ER_05 @Gram:Pron:Sujeto 
"<nació>"
	"nacer" Verb VLfin Pret Indi Sing 3rd lang:es 00:00:42 00:00:44 tt-1234 AM048_1982_CT_SU2011_ER_05 @Gram:Indefinido 
"<en>"
	"en" Preposition PREP lang:es 00:00:42 00:00:44 tt-1235 AM048_1982_CT_SU2011_ER_05 @Gram:Prep 
"<Colombia>"
	"Colombia" Noun NP Singular lang:es 00:00:42 00:00:44 tt-1236 AM048_1982_CT_SU2011_ER_05 
"<$?>"
	"?" Punctuation FS lang:es 00:00:42 00:00:44 tt-1237 AM048_1982_CT_SU2011_ER_05 
</speaker>
<speaker type="subj">

"<Sí>"
	"sí" Adverb ADV lang:es 00:00:44 00:00:45 tt-1238 AM048_1982_CT_SU2011_ER_05 
"<$.>"
	"." Punctuation FS lang:es 00:00:44 00:00:45 tt-1239 AM048_1982_CT_SU2011_ER_05 
</speaker>
<speaker type="int">

"<$¿>"
	"¿" Punctuation FS lang:es 00:00:45 00:00:48 tt-1240 AM048_1982_CT_SU2011_ER_05 
"<Y>"
	"y" Conjunciton Conjunction CC lang:es 00:00:45 00:00:48 tt-1241 AM048_1982_CT_SU2011_ER_05 
"<hoy>"
	"hoy" Adverb ADV lang:es 00:00:45 00:00:48 tt-1242 AM048_1982_CT_SU2011_ER_05 
"<en>"
	"en" Preposition PREP lang:es 00:00:45 00:00:48 tt-1243 AM048_1982_CT_SU2011_ER_05 @Gram:Prep 
"<día>"
	"día" Noun NC Singular lang:es 00:00:45 00:00:48 tt-1244 AM048_1982_CT_SU2011_ER_05 
"<es>"
	"ser" Verb VSfin Pres Indi Sing 3rd lang:es 00:00:45 00:00:48 tt-1245 AM048_1982_CT_SU2011_ER_05 @Gram:SerEstar:Ser 
"<ciudadana>"
	"ciudadano" Noun NC Singular lang:es 00:00:45 00:00:48 tt-1246 AM048_1982_CT_SU2011_ER_05 
"<de>"
	"de" Preposition PREP lang:es 00:00:45 00:00:48 tt-1247 AM048_1982_CT_SU2011_ER_05 @Gram:Prep 
"<Estados>"
	"Estados" Noun NP Plural lang:es 00:00:45 00:00:48 tt-1248 AM048_1982_CT_SU2011_ER_05 ID:133 R:Vocab:Entities:Geo:134 
"<Unidos>"
	"Unidos" Noun NP Plural lang:es 00:00:45 00:00:48 tt-1249 AM048_1982_CT_SU2011_ER_05 ID:134 
"<o>"
	"o" Conjunciton CC lang:es 00:00:45 00:00:48 tt-1250 AM048_1982_CT_SU2011_ER_05 
"<...>"
	"..." Punctuation DOTS lang:es 00:00:45 00:00:48 tt-1251 AM048_1982_CT_SU2011_ER_05 
"<$?>"
	"?" Punctuation FS lang:es 00:00:45 00:00:48 tt-1252 AM048_1982_CT_SU2011_ER_05 
</speaker>
<speaker type="subj">

"<Sí>"
	"sí" Adverb ADV lang:es 00:00:48 00:00:51 tt-1253 AM048_1982_CT_SU2011_ER_05 
"<,>"
	"," Punctuation CM lang:es 00:00:48 00:00:51 tt-1254 AM048_1982_CT_SU2011_ER_05 
"<también>"
	"también" Adverb ADV lang:es 00:00:48 00:00:51 tt-1255 AM048_1982_CT_SU2011_ER_05 @Prag:MarcadoresDisc:Igualdad 
"<$.>"
	"." Punctuation FS lang:es 00:00:48 00:00:51 tt-1256 AM048_1982_CT_SU2011_ER_05 

"<Tenemos>"
	"tener" Verb VLfin Pres Indi Plural 1st lang:es 00:00:48 00:00:51 tt-1257 AM048_1982_CT_SU2011_ER_05 
"<doble>"
	"doble" Adjective ADJ Singular Masc-Fem lang:es 00:00:48 00:00:51 tt-1258 AM048_1982_CT_SU2011_ER_05 
"<ciudadanía>"
	"ciudadanía" Noun NC Singular lang:es 00:00:48 00:00:51 tt-1259 AM048_1982_CT_SU2011_ER_05 
"<$.>"
	"." Punctuation FS lang:es 00:00:48 00:00:51 tt-1260 AM048_1982_CT_SU2011_ER_05 
</speaker>
<speaker type="int">

"<O>"
	"o" Conjunciton CC Adverb ADV lang:es 00:00:51 00:00:52 tt-1261 AM048_1982_CT_SU2011_ER_05 ID:146 R:Prag:MarcadoresDisc:Igualdad:147 
"<sea>"
	"sea" Adverb ADV lang:es 00:00:51 00:00:52 tt-1262 AM048_1982_CT_SU2011_ER_05 ID:147 
"<doble>"
	"doble" Adjective ADJ Singular Masc-Fem lang:es 00:00:51 00:00:52 tt-1263 AM048_1982_CT_SU2011_ER_05 
"<ciudadanía>"
	"ciudadanía" Noun NC Singular lang:es 00:00:51 00:00:52 tt-1264 AM048_1982_CT_SU2011_ER_05 
"<$.>"
	"." Punctuation FS lang:es 00:00:51 00:00:52 tt-1265 AM048_1982_CT_SU2011_ER_05 
</speaker>
<speaker type="subj">

"<Yeah>"
	"Yeah" Other UH lang:en 00:00:52 00:00:54 tt-1266 AM048_1982_CT_SU2011_ER_05 
"<$.>"
	"." Punctuation FS lang:es 00:00:52 00:00:54 tt-1267 AM048_1982_CT_SU2011_ER_05 
</speaker>
<speaker type="int">

"<Oye>"
	"oír" Verb VLfin Pres Indi_Command Sing 2nd_3rd lang:es 00:00:54 00:01:01 tt-1268 AM048_1982_CT_SU2011_ER_05 
"<y>"
	"y" Conjunciton Conjunction CC lang:es 00:00:54 00:01:01 tt-1269 AM048_1982_CT_SU2011_ER_05 
"<este>"
	"este" Noun NC Singular lang:es 00:00:54 00:01:01 tt-1270 AM048_1982_CT_SU2011_ER_05 
"<...>"
	"..." Punctuation DOTS lang:es 00:00:54 00:01:01 tt-1271 AM048_1982_CT_SU2011_ER_05 
"<cuéntame>"
	"contar" Verb VLfin Pres Command Sing 2nd lang:es 00:00:54 00:01:01 tt-1272 AM048_1982_CT_SU2011_ER_05 @Gram:MImp:Informal 
"<$¿>"
	"¿" Punctuation FS lang:es 00:00:54 00:01:01 tt-1273 AM048_1982_CT_SU2011_ER_05 
"<cómo>"
	"cómo" Adverb ADV lang:es 00:00:54 00:01:01 tt-1274 AM048_1982_CT_SU2011_ER_05 
"<era>"
	"ser" Verb VEfin Imp Indi Sing 1st_or_3rd lang:es 00:00:54 00:01:01 tt-1275 AM048_1982_CT_SU2011_ER_05 @Gram:Imperf @Gram:SerEstar:Ser 
"<vivir>"
	"vivir" Verb VLinf Infinitive lang:es 00:00:54 00:01:01 tt-1276 AM048_1982_CT_SU2011_ER_05 
"<en>"
	"en" Preposition PREP lang:es 00:00:54 00:01:01 tt-1277 AM048_1982_CT_SU2011_ER_05 @Gram:Prep 
"<Colombia>"
	"Colombia" Noun NP Singular lang:es 00:00:54 00:01:01 tt-1278 AM048_1982_CT_SU2011_ER_05 
"<$?>"
	"?" Punctuation FS lang:es 00:00:54 00:01:01 tt-1279 AM048_1982_CT_SU2011_ER_05 
</speaker>
<speaker type="subj">

"<Para>"
	"para" Preposition PREP lang:es 00:01:01 00:01:08 tt-1280 AM048_1982_CT_SU2011_ER_05 @Gram:Prep:Para 
"<mí>"
	"yo" Pronoun PPX Singular lang:es 00:01:01 00:01:08 tt-1281 AM048_1982_CT_SU2011_ER_05 
"<era>"
	"ser" Verb VEfin Imp Indi Sing 1st_or_3rd lang:es 00:01:01 00:01:08 tt-1282 AM048_1982_CT_SU2011_ER_05 @Gram:Imperf @Gram:SerEstar:Ser 
"<un>"
	"un" Determiner ART Singular lang:es 00:01:01 00:01:08 tt-1283 AM048_1982_CT_SU2011_ER_05 
"<...>"
	"..." Punctuation DOTS lang:es 00:01:01 00:01:08 tt-1284 AM048_1982_CT_SU2011_ER_05 
"<una>"
	"un" Determiner ART Singular lang:es 00:01:01 00:01:08 tt-1285 AM048_1982_CT_SU2011_ER_05 
"<aventura>"
	"aventura" Noun NC Singular lang:es 00:01:01 00:01:08 tt-1286 AM048_1982_CT_SU2011_ER_05 
"<$.>"
	"." Punctuation FS lang:es 00:01:01 00:01:08 tt-1287 AM048_1982_CT_SU2011_ER_05 

"<Nuevos>"
	"nuevo" Adjective ADJ Plural lang:es 00:01:01 00:01:08 tt-1288 AM048_1982_CT_SU2011_ER_05 
"<horizontes>"
	"horizonte" Noun NC Plural lang:es 00:01:01 00:01:08 tt-1289 AM048_1982_CT_SU2011_ER_05 
"<$.>"
	"." Punctuation FS lang:es 00:01:01 00:01:08 tt-1290 AM048_1982_CT_SU2011_ER_05 

"<Pues>"
	"pues" Conjunction CSUBF lang:es 00:01:01 00:01:08 tt-1291 AM048_1982_CT_SU2011_ER_05 
"<conociendo>"
	"conocer" Verb VLger lang:es 00:01:01 00:01:08 tt-1292 AM048_1982_CT_SU2011_ER_05 
"<algo>"
	"algo" Determiner QU lang:es 00:01:01 00:01:08 tt-1293 AM048_1982_CT_SU2011_ER_05 @Gram:Det:Pron 
"<que>"
	"que" Conjunction CQUE lang:es 00:01:01 00:01:08 tt-1294 AM048_1982_CT_SU2011_ER_05 
"<no>"
	"no" Adverb NEG lang:es 00:01:01 00:01:08 tt-1295 AM048_1982_CT_SU2011_ER_05 
"<ha>"
	"haber" Verb VHfin Pres Indi Sing 3rd lang:es 00:01:01 00:01:08 tt-1296 AM048_1982_CT_SU2011_ER_05 ID:181 R:Gram:Aux:Haber:182 R:Gram:PerfPerif:182 
"<conocido>"
	"conocer" Verb VLadj lang:es 00:01:09 00:01:16 tt-1297 AM048_1982_CT_SU2011_ER_05 ID:182 
"<antes>"
	"antes" Adverb ADV lang:es 00:01:09 00:01:16 tt-1298 AM048_1982_CT_SU2011_ER_05 
"<que>"
	"que" Conjunction CQUE lang:es 00:01:09 00:01:16 tt-1299 AM048_1982_CT_SU2011_ER_05 
"<eso>"
	"ese" Determiner DM Singular lang:es 00:01:09 00:01:16 tt-1300 AM048_1982_CT_SU2011_ER_05 
"<,>"
	"," Punctuation CM lang:es 00:01:09 00:01:16 tt-1301 AM048_1982_CT_SU2011_ER_05 
"<eh>"
	"eh" Noun NP Singular lang:es 00:01:09 00:01:16 tt-1302 AM048_1982_CT_SU2011_ER_05 
"<...>"
	"..." Punctuation DOTS lang:es 00:01:09 00:01:16 tt-1303 AM048_1982_CT_SU2011_ER_05 
"<porque>"
	"porque" Conjunction CSUBX lang:es 00:01:09 00:01:16 tt-1304 AM048_1982_CT_SU2011_ER_05 @Prag:MarcadoresDisc:Causa 
"<vivimos>"
	"vivir" Verb VLfin Pres_or_Pret Indi Plural 1st lang:es 00:01:09 00:01:16 tt-1305 AM048_1982_CT_SU2011_ER_05 
"<aquí>"
	"aquí" Adverb ADV lang:es 00:01:09 00:01:16 tt-1306 AM048_1982_CT_SU2011_ER_05 
"<mucho>"
	"mucho" Adverb ADV lang:es 00:01:09 00:01:16 tt-1307 AM048_1982_CT_SU2011_ER_05 
"<más>"
	"más" Adverb ADV lang:es 00:01:09 00:01:16 tt-1308 AM048_1982_CT_SU2011_ER_05 
"<que>"
	"que" Conjunction CQUE lang:es 00:01:09 00:01:16 tt-1309 AM048_1982_CT_SU2011_ER_05 
"<todo>"
	"todo" Determiner QU lang:es 00:01:09 00:01:16 tt-1310 AM048_1982_CT_SU2011_ER_05 
"<,>"
	"," Punctuation CM lang:es 00:01:09 00:01:16 tt-1311 AM048_1982_CT_SU2011_ER_05 
"<y>"
	"y" Conjunciton Conjunction CC lang:es 00:01:09 00:01:16 tt-1312 AM048_1982_CT_SU2011_ER_05 
"<aquí>"
	"aquí" Adverb ADV lang:es 00:01:09 00:01:16 tt-1313 AM048_1982_CT_SU2011_ER_05 
"<es>"
	"ser" Verb VSfin Pres Indi Sing 3rd lang:es 00:01:09 00:01:16 tt-1314 AM048_1982_CT_SU2011_ER_05 @Gram:SerEstar:Ser 
"<muy>"
	"muy" Adverb ADV lang:es 00:01:09 00:01:16 tt-1315 AM048_1982_CT_SU2011_ER_05 
"<distinto>"
	"distinto" Adjective ADJ Singular lang:es 00:01:09 00:01:16 tt-1316 AM048_1982_CT_SU2011_ER_05 
"<vivir>"
	"vivir" Verb VLinf Infinitive lang:es 00:01:19 00:01:20 tt-1317 AM048_1982_CT_SU2011_ER_05 
"<allá>"
	"allá" Adverb ADV lang:es 00:01:19 00:01:20 tt-1318 AM048_1982_CT_SU2011_ER_05 
"<$.>"
	"." Punctuation FS lang:es 00:01:19 00:01:20 tt-1319 AM048_1982_CT_SU2011_ER_05 
</speaker>
<speaker type="int">

"<$¿>"
	"¿" Punctuation FS lang:es 00:01:20 00:01:23 tt-1320 AM048_1982_CT_SU2011_ER_05 
"<Y>"
	"y" Conjunciton Conjunction CC lang:es 00:01:20 00:01:23 tt-1321 AM048_1982_CT_SU2011_ER_05 
"<se>"
	"se" Other SE lang:es 00:01:20 00:01:23 tt-1322 AM048_1982_CT_SU2011_ER_05 @Gram:Pron:Otros 
"<te>"
	"tú" Pronoun PPX Singular lang:es 00:01:20 00:01:23 tt-1323 AM048_1982_CT_SU2011_ER_05 @Gram:Pron:Objeto 
"<hizo>"
	"hacer" Verb VLfin Pres Indi Sing 1st lang:es 00:01:20 00:01:23 tt-1324 AM048_1982_CT_SU2011_ER_05 
"<difícil>"
	"difícil" Adjective ADJ Singular lang:es 00:01:20 00:01:23 tt-1325 AM048_1982_CT_SU2011_ER_05 
"<adaptarte>"
	"UNK" Verb VLinf Infinitive lang:es 00:01:20 00:01:23 tt-1326 AM048_1982_CT_SU2011_ER_05 
"<al>"
	"al" Preposition PAL lang:es 00:01:20 00:01:23 tt-1327 AM048_1982_CT_SU2011_ER_05 @Gram:Prep 
"<estilo>"
	"estilo" Noun NC Singular lang:es 00:01:20 00:01:23 tt-1328 AM048_1982_CT_SU2011_ER_05 
"<de>"
	"de" Preposition PREP lang:es 00:01:20 00:01:23 tt-1329 AM048_1982_CT_SU2011_ER_05 @Gram:Prep 
"<vida>"
	"vida" Noun NC Singular lang:es 00:01:20 00:01:23 tt-1330 AM048_1982_CT_SU2011_ER_05 
"<$?>"
	"?" Punctuation FS lang:es 00:01:20 00:01:23 tt-1331 AM048_1982_CT_SU2011_ER_05 
</speaker>
<speaker type="subj">

"<Al>"
	"al" Conjunction CSUBI lang:es 00:01:23 00:01:29 tt-1332 AM048_1982_CT_SU2011_ER_05 
"<principio>"
	"principio" Noun NC Singular lang:es 00:01:23 00:01:29 tt-1333 AM048_1982_CT_SU2011_ER_05 
"<sí>"
	"sí" Adverb ADV lang:es 00:01:23 00:01:29 tt-1334 AM048_1982_CT_SU2011_ER_05 
"<,>"
	"," Punctuation CM lang:es 00:01:23 00:01:29 tt-1335 AM048_1982_CT_SU2011_ER_05 
"<pero>"
	"pero" Conjunction CCAD lang:es 00:01:23 00:01:29 tt-1336 AM048_1982_CT_SU2011_ER_05 @Prag:MarcadoresDisc:Revision 
"<fue>"
	"ir" Verb VLfin Pret Indi Sing 3rd lang:es 00:01:23 00:01:29 tt-1337 AM048_1982_CT_SU2011_ER_05 @Gram:Indefinido 
"<...>"
	"..." Punctuation DOTS lang:es 00:01:23 00:01:29 tt-1338 AM048_1982_CT_SU2011_ER_05 
"<fue>"
	"ir" Verb VLfin Pret Indi Sing 3rd lang:es 00:01:23 00:01:29 tt-1339 AM048_1982_CT_SU2011_ER_05 @Gram:Indefinido 
"<una>"
	"un" Determiner ART Singular lang:es 00:01:23 00:01:29 tt-1340 AM048_1982_CT_SU2011_ER_05 
"<cosa>"
	"cosa" Noun NC Singular lang:es 00:01:23 00:01:29 tt-1341 AM048_1982_CT_SU2011_ER_05 
"<que>"
	"que" Conjunction CQUE lang:es 00:01:23 00:01:29 tt-1342 AM048_1982_CT_SU2011_ER_05 
"<yo>"
	"yo" Pronoun PPX Singular lang:es 00:01:23 00:01:29 tt-1343 AM048_1982_CT_SU2011_ER_05 @Gram:Pron:Sujeto 
"<quería>"
	"querer" Verb VLfin Imp Indi Sing 1st_or_3rd lang:es 00:01:23 00:01:29 tt-1344 AM048_1982_CT_SU2011_ER_05 @Gram:Imperf 
"<hacer>"
	"hacer" Verb VLinf Infinitive lang:es 00:01:23 00:01:29 tt-1345 AM048_1982_CT_SU2011_ER_05 
"<$.>"
	"." Punctuation FS lang:es 00:01:23 00:01:29 tt-1346 AM048_1982_CT_SU2011_ER_05 
</speaker>
<speaker type="int">

"<$¿>"
	"¿" Punctuation FS lang:es 00:01:29 00:01:36 tt-1347 AM048_1982_CT_SU2011_ER_05 
"<Y>"
	"y" Conjunciton Conjunction CC lang:es 00:01:29 00:01:36 tt-1348 AM048_1982_CT_SU2011_ER_05 
"<cuál>"
	"cuál" Pronoun INT Singular lang:es 00:01:29 00:01:36 tt-1349 AM048_1982_CT_SU2011_ER_05 
"<es>"
	"ser" Verb VSfin Pres Indi Sing 3rd lang:es 00:01:29 00:01:36 tt-1350 AM048_1982_CT_SU2011_ER_05 @Gram:SerEstar:Ser 
"<...>"
	"..." Punctuation DOTS lang:es 00:01:29 00:01:36 tt-1351 AM048_1982_CT_SU2011_ER_05 
"<cuál>"
	"cuál" Pronoun INT Singular lang:es 00:01:29 00:01:36 tt-1352 AM048_1982_CT_SU2011_ER_05 
"<es>"
	"ser" Verb VSfin Pres Indi Sing 3rd lang:es 00:01:29 00:01:36 tt-1353 AM048_1982_CT_SU2011_ER_05 @Gram:SerEstar:Ser 
"<este>"
	"este" Noun NC Singular lang:es 00:01:29 00:01:36 tt-1354 AM048_1982_CT_SU2011_ER_05 
"<...>"
	"..." Punctuation DOTS lang:es 00:01:29 00:01:36 tt-1355 AM048_1982_CT_SU2011_ER_05 
"<o>"
	"o" Conjunciton CC Adverb ADV lang:es 00:01:29 00:01:36 tt-1356 AM048_1982_CT_SU2011_ER_05 ID:241 R:Prag:MarcadoresDisc:Igualdad:242 
"<sea>"
	"sea" Adverb ADV lang:es 00:01:29 00:01:36 tt-1357 AM048_1982_CT_SU2011_ER_05 ID:242 
"<,>"
	"," Punctuation CM lang:es 00:01:29 00:01:36 tt-1358 AM048_1982_CT_SU2011_ER_05 
"<qué>"
	"qué" Pronoun INT Singular lang:es 00:01:29 00:01:36 tt-1359 AM048_1982_CT_SU2011_ER_05 
"<,>"
	"," Punctuation CM lang:es 00:01:29 00:01:36 tt-1360 AM048_1982_CT_SU2011_ER_05 
"<qué>"
	"qué" Pronoun INT Singular lang:es 00:01:29 00:01:36 tt-1361 AM048_1982_CT_SU2011_ER_05 
"<te>"
	"tú" Pronoun PPX Singular lang:es 00:01:29 00:01:36 tt-1362 AM048_1982_CT_SU2011_ER_05 @Gram:Pron:Objeto 
"<impresionó>"
	"impresionar" Verb VLfin Pret Indi Sing 3rd lang:es 00:01:29 00:01:36 tt-1363 AM048_1982_CT_SU2011_ER_05 @Gram:Indefinido 
"<más>"
	"más" Adverb ADV lang:es 00:01:29 00:01:36 tt-1364 AM048_1982_CT_SU2011_ER_05 
"<del>"
	"del" Preposition PDEL lang:es 00:01:29 00:01:36 tt-1365 AM048_1982_CT_SU2011_ER_05 @Gram:Prep 
"<cambio>"
	"cambio" Noun NC Singular lang:es 00:01:29 00:01:36 tt-1366 AM048_1982_CT_SU2011_ER_05 
"<,>"
	"," Punctuation CM lang:es 00:01:29 00:01:36 tt-1367 AM048_1982_CT_SU2011_ER_05 
"<o>"
	"o" Conjunciton CC Adverb ADV lang:es 00:01:29 00:01:36 tt-1368 AM048_1982_CT_SU2011_ER_05 ID:253 R:Prag:MarcadoresDisc:Igualdad:254 
"<sea>"
	"sea" Adverb ADV lang:es 00:01:29 00:01:36 tt-1369 AM048_1982_CT_SU2011_ER_05 ID:254 
"<,>"
	"," Punctuation CM lang:es 00:01:29 00:01:36 tt-1370 AM048_1982_CT_SU2011_ER_05 
"<qué>"
	"qué" Pronoun INT Singular lang:es 00:01:29 00:01:36 tt-1371 AM048_1982_CT_SU2011_ER_05 
"<te>"
	"tú" Pronoun PPX Singular lang:es 00:01:29 00:01:36 tt-1372 AM048_1982_CT_SU2011_ER_05 @Gram:Pron:Objeto 
"<hizo>"
	"hacer" Verb VLfin Pres Indi Sing 1st lang:es 00:01:29 00:01:36 tt-1373 AM048_1982_CT_SU2011_ER_05 
"<...>"
	"..." Punctuation DOTS lang:es 00:01:29 00:01:36 tt-1374 AM048_1982_CT_SU2011_ER_05 
"<$?>"
	"?" Punctuation FS lang:es 00:01:29 00:01:36 tt-1375 AM048_1982_CT_SU2011_ER_05 
</speaker>
<speaker type="subj">

"<Eh>"
	"eh" Noun NP Singular lang:es 00:01:37 00:01:44 tt-1376 AM048_1982_CT_SU2011_ER_05 
"<...>"
	"..." Punctuation DOTS lang:es 00:01:37 00:01:44 tt-1377 AM048_1982_CT_SU2011_ER_05 
"<pues>"
	"pues" Conjunction CSUBF lang:es 00:01:37 00:01:44 tt-1378 AM048_1982_CT_SU2011_ER_05 
"<como>"
	"como" Conjunction CSUBX lang:es 00:01:37 00:01:44 tt-1379 AM048_1982_CT_SU2011_ER_05 
"<la>"
	"el" Determiner ART Singular Fem lang:es 00:01:37 00:01:44 tt-1380 AM048_1982_CT_SU2011_ER_05 @Gram:Det:Art 
"<gente>"
	"gente" Noun NC Singular lang:es 00:01:37 00:01:44 tt-1381 AM048_1982_CT_SU2011_ER_05 
"<se>"
	"se" Other SE lang:es 00:01:37 00:01:44 tt-1382 AM048_1982_CT_SU2011_ER_05 
"<trata>"
	"tratar" Verb VLfin Pres Indi Sing 3rd lang:es 00:01:37 00:01:44 tt-1383 AM048_1982_CT_SU2011_ER_05 
"<a>"
	"a" Preposition PREP lang:es 00:01:37 00:01:44 tt-1384 AM048_1982_CT_SU2011_ER_05 @Gram:Prep 
"<uno>"
	"uno" Determiner CARD Singular lang:es 00:01:37 00:01:44 tt-1385 AM048_1982_CT_SU2011_ER_05 
"<$.>"
	"." Punctuation FS lang:es 00:01:37 00:01:44 tt-1386 AM048_1982_CT_SU2011_ER_05 

"<Allá>"
	"allá" Adverb ADV lang:es 00:01:37 00:01:44 tt-1387 AM048_1982_CT_SU2011_ER_05 
"<es>"
	"ser" Verb VSfin Pres Indi Sing 3rd lang:es 00:01:37 00:01:44 tt-1388 AM048_1982_CT_SU2011_ER_05 @Gram:SerEstar:Ser 
"<muy>"
	"muy" Adverb ADV lang:es 00:01:37 00:01:44 tt-1389 AM048_1982_CT_SU2011_ER_05 
"<...>"
	"..." Punctuation DOTS lang:es 00:01:37 00:01:44 tt-1390 AM048_1982_CT_SU2011_ER_05 
"<más>"
	"más" Adverb ADV lang:es 00:01:37 00:01:44 tt-1391 AM048_1982_CT_SU2011_ER_05 
"<...>"
	"..." Punctuation DOTS lang:es 00:01:37 00:01:44 tt-1392 AM048_1982_CT_SU2011_ER_05 
"<como>"
	"como" Adverb ADV lang:es 00:01:37 00:01:44 tt-1393 AM048_1982_CT_SU2011_ER_05 
"<más>"
	"más" Adverb ADV lang:es 00:01:37 00:01:44 tt-1394 AM048_1982_CT_SU2011_ER_05 
"<relajado>"
	"relajar" Verb VLadj lang:es 00:01:37 00:01:44 tt-1395 AM048_1982_CT_SU2011_ER_05 
"<$.>"
	"." Punctuation FS lang:es 00:01:37 00:01:44 tt-1396 AM048_1982_CT_SU2011_ER_05 

"<La>"
	"el" Determiner ART Singular Fem lang:es 00:01:37 00:01:44 tt-1397 AM048_1982_CT_SU2011_ER_05 @Gram:Det:Art 
"<gente>"
	"gente" Noun NC Singular lang:es 00:01:37 00:01:44 tt-1398 AM048_1982_CT_SU2011_ER_05 
"<se>"
	"se" Other SE lang:es 00:01:37 00:01:44 tt-1399 AM048_1982_CT_SU2011_ER_05 
"<reúnen>"
	"reunir" Verb VLfin Pres Indi Plural 3rd lang:es 00:01:47 00:01:54 tt-1400 AM048_1982_CT_SU2011_ER_05 
"<cada>"
	"cada" Determiner QU lang:es 00:01:47 00:01:54 tt-1401 AM048_1982_CT_SU2011_ER_05 @Gram:Det:CuantIndef 
"<fin>"
	"fin" Noun NC Singular lang:es 00:01:47 00:01:54 tt-1402 AM048_1982_CT_SU2011_ER_05 
"<de>"
	"de" Preposition PREP lang:es 00:01:47 00:01:54 tt-1403 AM048_1982_CT_SU2011_ER_05 @Gram:Prep 
"<semana>"
	"semana" Noun NC Singular lang:es 00:01:47 00:01:54 tt-1404 AM048_1982_CT_SU2011_ER_05 
"<$.>"
	"." Punctuation FS lang:es 00:01:47 00:01:54 tt-1405 AM048_1982_CT_SU2011_ER_05 

"<El>"
	"el" Determiner ART Singular Masc lang:es 00:01:47 00:01:54 tt-1406 AM048_1982_CT_SU2011_ER_05 @Gram:Det:Art 
"<trabajo>"
	"trabajo" Noun NC Singular lang:es 00:01:47 00:01:54 tt-1407 AM048_1982_CT_SU2011_ER_05 
"<...>"
	"..." Punctuation DOTS lang:es 00:01:47 00:01:54 tt-1408 AM048_1982_CT_SU2011_ER_05 
"<no>"
	"no" Adverb NEG lang:es 00:01:47 00:01:54 tt-1409 AM048_1982_CT_SU2011_ER_05 
"<se>"
	"se" Other SE lang:es 00:01:47 00:01:54 tt-1410 AM048_1982_CT_SU2011_ER_05 
"<estresa>"
	"UNK" Verb VLfin Pres Indi Sing 3rd lang:es 00:01:47 00:01:54 tt-1411 AM048_1982_CT_SU2011_ER_05 
"<uno>"
	"uno" Determiner CARD Singular lang:es 00:01:47 00:01:54 tt-1412 AM048_1982_CT_SU2011_ER_05 
"<mucho>"
	"mucho" Determiner QU lang:es 00:01:47 00:01:54 tt-1413 AM048_1982_CT_SU2011_ER_05 
"<,>"
	"," Punctuation CM lang:es 00:01:47 00:01:54 tt-1414 AM048_1982_CT_SU2011_ER_05 
"<y>"
	"y" Conjunciton Conjunction CC lang:es 00:01:47 00:01:54 tt-1415 AM048_1982_CT_SU2011_ER_05 
"<se>"
	"se" Other SE lang:es 00:01:47 00:01:54 tt-1416 AM048_1982_CT_SU2011_ER_05 
"<vive>"
	"vivir" Verb VLfin Pres Indi Sing 3rd lang:es 00:01:47 00:01:54 tt-1417 AM048_1982_CT_SU2011_ER_05 
"<muy>"
	"muy" Adverb ADV lang:es 00:01:47 00:01:54 tt-1418 AM048_1982_CT_SU2011_ER_05 
"<bien>"
	"bien" Adverb ADV lang:es 00:01:47 00:01:54 tt-1419 AM048_1982_CT_SU2011_ER_05 
"<$.>"
	"." Punctuation FS lang:es 00:01:47 00:01:54 tt-1420 AM048_1982_CT_SU2011_ER_05 
</speaker>
<speaker type="int">

"<Y>"
	"y" Conjunciton CC lang:es 00:01:56 00:01:59 tt-1421 AM048_1982_CT_SU2011_ER_05 
"<es>"
	"ser" Verb VSfin Pres Indi Sing 3rd lang:es 00:01:56 00:01:59 tt-1422 AM048_1982_CT_SU2011_ER_05 @Gram:SerEstar:Ser 
"<...>"
	"..." Punctuation DOTS lang:es 00:01:56 00:01:59 tt-1423 AM048_1982_CT_SU2011_ER_05 
"<$¿>"
	"¿" Punctuation FS lang:es 00:01:56 00:01:59 tt-1424 AM048_1982_CT_SU2011_ER_05 ID:309 R:Func:Opiniones:Pedir:311 
"<crees>"
	"creer" Verb VLfin Pres Indi Sing 2nd lang:es 00:01:56 00:01:59 tt-1425 AM048_1982_CT_SU2011_ER_05 
"<que>"
	"que" Conjunction CQUE lang:es 00:01:56 00:01:59 tt-1426 AM048_1982_CT_SU2011_ER_05 ID:311 
"<es>"
	"ser" Verb VSfin Pres Indi Sing 3rd lang:es 00:01:56 00:01:59 tt-1427 AM048_1982_CT_SU2011_ER_05 @Gram:SerEstar:Ser ID:312 R:Func:DescribirPersonas:FormaDeSer:315 
"<más>"
	"más" Adverb ADV lang:es 00:01:56 00:01:59 tt-1428 AM048_1982_CT_SU2011_ER_05 
"<amigable>"
	"amigable" Adjective ADJ Singular lang:es 00:01:56 00:01:59 tt-1429 AM048_1982_CT_SU2011_ER_05 
"<la>"
	"el" Determiner ART Singular Fem lang:es 00:01:56 00:01:59 tt-1430 AM048_1982_CT_SU2011_ER_05 @Gram:Det:Art ID:315 
"<gente>"
	"gente" Noun NC Singular lang:es 00:01:56 00:01:59 tt-1431 AM048_1982_CT_SU2011_ER_05 
"<$?>"
	"?" Punctuation FS lang:es 00:01:56 00:01:59 tt-1432 AM048_1982_CT_SU2011_ER_05 
</speaker>
<speaker type="subj">

"<Sí>"
	"sí" Adverb ADV lang:es 00:01:59 00:02:00 tt-1433 AM048_1982_CT_SU2011_ER_05 
"<$.>"
	"." Punctuation FS lang:es 00:01:59 00:02:00 tt-1434 AM048_1982_CT_SU2011_ER_05 
</speaker>
<speaker type="int">

"<$¿>"
	"¿" Punctuation FS lang:es 00:02:00 00:02:07 tt-1435 AM048_1982_CT_SU2011_ER_05 
"<Y>"
	"y" Conjunciton Conjunction CC lang:es 00:02:00 00:02:07 tt-1436 AM048_1982_CT_SU2011_ER_05 
"<este>"
	"este" Noun NC Singular lang:es 00:02:00 00:02:07 tt-1437 AM048_1982_CT_SU2011_ER_05 
"<...>"
	"..." Punctuation DOTS lang:es 00:02:00 00:02:07 tt-1438 AM048_1982_CT_SU2011_ER_05 
"<cuando>"
	"cuando" Conjunction CSUBX lang:es 00:02:00 00:02:07 tt-1439 AM048_1982_CT_SU2011_ER_05 
"<...>"
	"..." Punctuation DOTS lang:es 00:02:00 00:02:07 tt-1440 AM048_1982_CT_SU2011_ER_05 
"<y>"
	"y" Conjunciton Conjunction CC lang:es 00:02:00 00:02:07 tt-1441 AM048_1982_CT_SU2011_ER_05 
"<ya>"
	"ya" Adverb ADV lang:es 00:02:00 00:02:07 tt-1442 AM048_1982_CT_SU2011_ER_05 
"<estando>"
	"estar" Verb VEger Gerund lang:es 00:02:00 00:02:07 tt-1443 AM048_1982_CT_SU2011_ER_05 @Gram:SerEstar:Estar 
"<en>"
	"en" Preposition PREP lang:es 00:02:00 00:02:07 tt-1444 AM048_1982_CT_SU2011_ER_05 @Gram:Prep 
"<Colombia>"
	"Colombia" Noun NP Singular lang:es 00:02:00 00:02:07 tt-1445 AM048_1982_CT_SU2011_ER_05 
"<te>"
	"tú" Pronoun PPX Singular lang:es 00:02:00 00:02:07 tt-1446 AM048_1982_CT_SU2011_ER_05 @Gram:Pron:Objeto 
"<,>"
	"," Punctuation CM lang:es 00:02:00 00:02:07 tt-1447 AM048_1982_CT_SU2011_ER_05 
"<te>"
	"tú" Pronoun PPX Singular lang:es 00:02:00 00:02:07 tt-1448 AM048_1982_CT_SU2011_ER_05 @Gram:Pron:Objeto 
"<costó>"
	"costar" Verb VLfin Pret Indi Sing 3rd lang:es 00:02:00 00:02:07 tt-1449 AM048_1982_CT_SU2011_ER_05 @Gram:Indefinido 
"<trabajo>"
	"trabajo" Noun NC Singular lang:es 00:02:00 00:02:07 tt-1450 AM048_1982_CT_SU2011_ER_05 
"<hablar>"
	"hablar" Verb VLinf Infinitive lang:es 00:02:00 00:02:07 tt-1451 AM048_1982_CT_SU2011_ER_05 
"<español>"
	"español" Noun NC Singular lang:es 00:02:00 00:02:07 tt-1452 AM048_1982_CT_SU2011_ER_05 
"<con>"
	"con" Preposition PREP lang:es 00:02:00 00:02:07 tt-1453 AM048_1982_CT_SU2011_ER_05 @Gram:Prep 
"<la>"
	"el" Determiner ART Singular Fem lang:es 00:02:00 00:02:07 tt-1454 AM048_1982_CT_SU2011_ER_05 @Gram:Det:Art 
"<gente>"
	"gente" Noun NC Singular lang:es 00:02:00 00:02:07 tt-1455 AM048_1982_CT_SU2011_ER_05 
<lang code="en">
"<local>"
	"local" Adjective JJ lang:en 00:02:07 00:02:08 tt-1456 AM048_1982_CT_SU2011_ER_05 
</lang>
"<$?>"
	"?" Punctuation FS lang:es 00:02:07 00:02:08 tt-1457 AM048_1982_CT_SU2011_ER_05 
</speaker>
<speaker type="subj">

"<Aha>"
	"aha" Noun NP Singular lang:es 00:02:08 00:02:15 tt-1458 AM048_1982_CT_SU2011_ER_05 
"<$.>"
	"." Punctuation FS lang:es 00:02:08 00:02:15 tt-1459 AM048_1982_CT_SU2011_ER_05 

"<Al>"
	"al" Preposition PAL lang:es 00:02:08 00:02:15 tt-1460 AM048_1982_CT_SU2011_ER_05 @Gram:Prep 
"<principio>"
	"principio" Noun NC Singular lang:es 00:02:08 00:02:15 tt-1461 AM048_1982_CT_SU2011_ER_05 
"<sí>"
	"sí" Adverb ADV lang:es 00:02:08 00:02:15 tt-1462 AM048_1982_CT_SU2011_ER_05 
"<porque>"
	"porque" Conjunction CSUBX lang:es 00:02:08 00:02:15 tt-1463 AM048_1982_CT_SU2011_ER_05 @Prag:MarcadoresDisc:Causa 
"<pues>"
	"pues" Conjunction CSUBF lang:es 00:02:08 00:02:15 tt-1464 AM048_1982_CT_SU2011_ER_05 
"<se>"
	"se" Other SE lang:es 00:02:08 00:02:15 tt-1465 AM048_1982_CT_SU2011_ER_05 
"<notaban>"
	"notar" Verb VLfin Imp Indi Plural 3rd lang:es 00:02:08 00:02:15 tt-1466 AM048_1982_CT_SU2011_ER_05 @Gram:Imperf 
"<que>"
	"que" Conjunction CQUE lang:es 00:02:08 00:02:15 tt-1467 AM048_1982_CT_SU2011_ER_05 
"<yo>"
	"yo" Pronoun PPX Singular lang:es 00:02:08 00:02:15 tt-1468 AM048_1982_CT_SU2011_ER_05 @Gram:Pron:Sujeto 
"<no>"
	"no" Adverb NEG lang:es 00:02:08 00:02:15 tt-1469 AM048_1982_CT_SU2011_ER_05 
"<aprendí>"
	"aprender" Verb VLfin Pret Indi Sing 1st lang:es 00:02:08 00:02:15 tt-1470 AM048_1982_CT_SU2011_ER_05 @Gram:Indefinido 
"<ahí>"
	"ahí" Adverb ADV lang:es 00:02:08 00:02:15 tt-1471 AM048_1982_CT_SU2011_ER_05 
"<en>"
	"en" Preposition PREP lang:es 00:02:08 00:02:15 tt-1472 AM048_1982_CT_SU2011_ER_05 @Gram:Prep 
"<...>"
	"..." Punctuation DOTS lang:es 00:02:08 00:02:15 tt-1473 AM048_1982_CT_SU2011_ER_05 
"<en>"
	"en" Preposition PREP lang:es 00:02:08 00:02:15 tt-1474 AM048_1982_CT_SU2011_ER_05 @Gram:Prep 
"<Colombia>"
	"Colombia" Noun NP Singular lang:es 00:02:08 00:02:15 tt-1475 AM048_1982_CT_SU2011_ER_05 
"<,>"
	"," Punctuation CM lang:es 00:02:08 00:02:15 tt-1476 AM048_1982_CT_SU2011_ER_05 
"<sino>"
	"sino" Conjunction CCAD lang:es 00:02:18 00:02:21 tt-1477 AM048_1982_CT_SU2011_ER_05 
"<aprendí>"
	"aprender" Verb VLfin Pret Indi Sing 1st lang:es 00:02:18 00:02:21 tt-1478 AM048_1982_CT_SU2011_ER_05 @Gram:Indefinido 
"<afuera>"
	"afuera" Adverb ADV lang:es 00:02:18 00:02:21 tt-1479 AM048_1982_CT_SU2011_ER_05 
"<de>"
	"de" Preposition PREP lang:es 00:02:18 00:02:21 tt-1480 AM048_1982_CT_SU2011_ER_05 @Gram:Prep 
"<ahí>"
	"ahí" Adverb ADV lang:es 00:02:18 00:02:21 tt-1481 AM048_1982_CT_SU2011_ER_05 
"<$.>"
	"." Punctuation FS lang:es 00:02:18 00:02:21 tt-1482 AM048_1982_CT_SU2011_ER_05 
</speaker>
<speaker type="int">

"<O>"
	"o" Conjunciton CC Adverb ADV lang:es 00:02:21 00:02:24 tt-1483 AM048_1982_CT_SU2011_ER_05 ID:368 R:Prag:MarcadoresDisc:Igualdad:369 
"<sea>"
	"sea" Adverb ADV lang:es 00:02:21 00:02:24 tt-1484 AM048_1982_CT_SU2011_ER_05 ID:369 
"<que>"
	"que" Conjunction CQUE lang:es 00:02:21 00:02:24 tt-1485 AM048_1982_CT_SU2011_ER_05 
"<era>"
	"ser" Verb VEfin Imp Indi Sing 1st_or_3rd lang:es 00:02:21 00:02:24 tt-1486 AM048_1982_CT_SU2011_ER_05 @Gram:Imperf @Gram:SerEstar:Ser 
"<un>"
	"un" Determiner ART Singular lang:es 00:02:21 00:02:24 tt-1487 AM048_1982_CT_SU2011_ER_05 
"<español>"
	"español" Noun NC Singular lang:es 00:02:21 00:02:24 tt-1488 AM048_1982_CT_SU2011_ER_05 
"<distinto>"
	"distinto" Adjective ADJ Singular lang:es 00:02:21 00:02:24 tt-1489 AM048_1982_CT_SU2011_ER_05 
"<,>"
	"," Punctuation CM lang:es 00:02:21 00:02:24 tt-1490 AM048_1982_CT_SU2011_ER_05 
"<$¿>"
	"¿" Punctuation FS lang:es 00:02:21 00:02:24 tt-1491 AM048_1982_CT_SU2011_ER_05 
"<no>"
	"no" Adverb NEG lang:es 00:02:21 00:02:24 tt-1492 AM048_1982_CT_SU2011_ER_05 
"<$?>"
	"?" Punctuation FS lang:es 00:02:21 00:02:24 tt-1493 AM048_1982_CT_SU2011_ER_05 
</speaker>
<speaker type="subj">

"<Sí>"
	"sí" Adverb ADV lang:es 00:02:24 00:02:25 tt-1494 AM048_1982_CT_SU2011_ER_05 
"<,>"
	"," Punctuation CM lang:es 00:02:24 00:02:25 tt-1495 AM048_1982_CT_SU2011_ER_05 
"<sí>"
	"sí" Adverb ADV lang:es 00:02:24 00:02:25 tt-1496 AM048_1982_CT_SU2011_ER_05 
"<$.>"
	"." Punctuation FS lang:es 00:02:24 00:02:25 tt-1497 AM048_1982_CT_SU2011_ER_05 
</speaker>
<speaker type="int">

"<$¿>"
	"¿" Punctuation FS lang:es 00:02:25 00:02:32 tt-1498 AM048_1982_CT_SU2011_ER_05 
"<Y>"
	"y" Conjunciton Conjunction CC lang:es 00:02:25 00:02:32 tt-1499 AM048_1982_CT_SU2011_ER_05 
"<este>"
	"este" Noun NC Singular lang:es 00:02:25 00:02:32 tt-1500 AM048_1982_CT_SU2011_ER_05 
"<...>"
	"..." Punctuation DOTS lang:es 00:02:25 00:02:32 tt-1501 AM048_1982_CT_SU2011_ER_05 
"<alguna>"
	"alguno" Determiner QU lang:es 00:02:25 00:02:32 tt-1502 AM048_1982_CT_SU2011_ER_05 @Gram:Det:CuantIndef 
"<vez>"
	"vez" Noun NC Singular lang:es 00:02:25 00:02:32 tt-1503 AM048_1982_CT_SU2011_ER_05 
"<te>"
	"tú" Pronoun PPX Singular lang:es 00:02:25 00:02:32 tt-1504 AM048_1982_CT_SU2011_ER_05 @Gram:Pron:Objeto 
"<...>"
	"..." Punctuation DOTS lang:es 00:02:25 00:02:32 tt-1505 AM048_1982_CT_SU2011_ER_05 
"<te>"
	"tú" Pronoun PPX Singular lang:es 00:02:25 00:02:32 tt-1506 AM048_1982_CT_SU2011_ER_05 @Gram:Pron:Objeto 
"<...>"
	"..." Punctuation DOTS lang:es 00:02:25 00:02:32 tt-1507 AM048_1982_CT_SU2011_ER_05 
"<te>"
	"tú" Pronoun PPX Singular lang:es 00:02:25 00:02:32 tt-1508 AM048_1982_CT_SU2011_ER_05 @Gram:Pron:Objeto 
"<sentiste>"
	"UNK" Verb VLfin Pret Indi Sing 2nd lang:es 00:02:25 00:02:32 tt-1509 AM048_1982_CT_SU2011_ER_05 @Gram:Indefinido 
"<incómodo>"
	"incómodo" Adjective ADJ Singular lang:es 00:02:25 00:02:32 tt-1510 AM048_1982_CT_SU2011_ER_05 
"<por>"
	"por" Preposition PREP lang:es 00:02:25 00:02:32 tt-1511 AM048_1982_CT_SU2011_ER_05 @Gram:Prep:Por 
"<no>"
	"no" Adverb NEG lang:es 00:02:25 00:02:32 tt-1512 AM048_1982_CT_SU2011_ER_05 
"<poder>"
	"poder" Verb VLinf VMinf lang:es 00:02:25 00:02:32 tt-1513 AM048_1982_CT_SU2011_ER_05 
"<hablar>"
	"hablar" Verb VLinf Infinitive lang:es 00:02:25 00:02:32 tt-1514 AM048_1982_CT_SU2011_ER_05 
"<como>"
	"como" Conjunction CSUBX lang:es 00:02:25 00:02:32 tt-1515 AM048_1982_CT_SU2011_ER_05 
"<ellos>"
	"él" Pronoun PPX Plural lang:es 00:02:25 00:02:32 tt-1516 AM048_1982_CT_SU2011_ER_05 @Gram:Pron:Sujeto 
"<$?>"
	"?" Punctuation FS lang:es 00:02:25 00:02:32 tt-1517 AM048_1982_CT_SU2011_ER_05 
</speaker>
<speaker type="subj">

"<Mmm>"
	"mmm" Noun NP Singular lang:es 00:02:32 00:02:39 tt-1518 AM048_1982_CT_SU2011_ER_05 
"<...>"
	"..." Punctuation DOTS lang:es 00:02:32 00:02:39 tt-1519 AM048_1982_CT_SU2011_ER_05 
"<no>"
	"no" Adverb NEG lang:es 00:02:32 00:02:39 tt-1520 AM048_1982_CT_SU2011_ER_05 
"<,>"
	"," Punctuation CM lang:es 00:02:32 00:02:39 tt-1521 AM048_1982_CT_SU2011_ER_05 
"<no>"
	"no" Adverb NEG lang:es 00:02:32 00:02:39 tt-1522 AM048_1982_CT_SU2011_ER_05 
"<creo>"
	"crear|creer" Verb VLfin Pres Indi Sing 1st lang:es 00:02:32 00:02:39 tt-1523 AM048_1982_CT_SU2011_ER_05 
"<$.>"
	"." Punctuation FS lang:es 00:02:32 00:02:39 tt-1524 AM048_1982_CT_SU2011_ER_05 

"<Porque>"
	"porque" Conjunction CSUBX lang:es 00:02:32 00:02:39 tt-1525 AM048_1982_CT_SU2011_ER_05 @Prag:MarcadoresDisc:Causa 
"<se>"
	"se" Other SE lang:es 00:02:32 00:02:39 tt-1526 AM048_1982_CT_SU2011_ER_05 @Gram:Pron:Otros 
"<me>"
	"yo" Pronoun PPX Singular lang:es 00:02:32 00:02:39 tt-1527 AM048_1982_CT_SU2011_ER_05 @Gram:Pron:Objeto 
"<pegó>"
	"pegar" Verb VLfin Pret Indi Sing 3rd lang:es 00:02:32 00:02:39 tt-1528 AM048_1982_CT_SU2011_ER_05 @Gram:Indefinido 
"<el>"
	"el" Determiner ART Singular Masc lang:es 00:02:32 00:02:39 tt-1529 AM048_1982_CT_SU2011_ER_05 @Gram:Det:Art 
"<acento>"
	"acento" Noun NC Singular lang:es 00:02:32 00:02:39 tt-1530 AM048_1982_CT_SU2011_ER_05 
"<colombiano>"
	"colombiano" Adjective ADJ Singular lang:es 00:02:32 00:02:39 tt-1531 AM048_1982_CT_SU2011_ER_05 
"<ahí>"
	"ahí" Adverb ADV lang:es 00:02:32 00:02:39 tt-1532 AM048_1982_CT_SU2011_ER_05 
"<viviendo>"
	"vivir" Verb VLger lang:es 00:02:32 00:02:39 tt-1533 AM048_1982_CT_SU2011_ER_05 
"<mucho>"
	"mucho" Determiner QU lang:es 00:02:32 00:02:39 tt-1534 AM048_1982_CT_SU2011_ER_05 
"<tiempo>"
	"tiempo" Noun NC Singular lang:es 00:02:32 00:02:39 tt-1535 AM048_1982_CT_SU2011_ER_05 
"<y>"
	"y" Conjunciton Conjunction CC lang:es 00:02:32 00:02:39 tt-1536 AM048_1982_CT_SU2011_ER_05 
"<después>"
	"después" Preposition PREP lang:es 00:02:32 00:02:39 tt-1537 AM048_1982_CT_SU2011_ER_05 @Gram:Prep 
"<de>"
	"de" Preposition PREP lang:es 00:02:41 00:02:46 tt-1538 AM048_1982_CT_SU2011_ER_05 @Gram:Prep 
"<seis>"
	"seis" Determiner CARD Plural lang:es 00:02:41 00:02:46 tt-1539 AM048_1982_CT_SU2011_ER_05 
"<meses>"
	"mes" Noun NC Plural lang:es 00:02:41 00:02:46 tt-1540 AM048_1982_CT_SU2011_ER_05 
"<de>"
	"de" Preposition PREP lang:es 00:02:41 00:02:46 tt-1541 AM048_1982_CT_SU2011_ER_05 @Gram:Prep 
"<ahí>"
	"ahí" Adverb ADV lang:es 00:02:41 00:02:46 tt-1542 AM048_1982_CT_SU2011_ER_05 
"<tú>"
	"tú" Pronoun PPX Singular lang:es 00:02:41 00:02:46 tt-1543 AM048_1982_CT_SU2011_ER_05 @Gram:Pron:Sujeto 
"<no>"
	"no" Adverb NEG lang:es 00:02:41 00:02:46 tt-1544 AM048_1982_CT_SU2011_ER_05 
"<podías>"
	"poder" Verb VLfin Imp Indi Sing 2nd lang:es 00:02:41 00:02:46 tt-1545 AM048_1982_CT_SU2011_ER_05 @Gram:Imperf 
"<darse>"
	"darse" Verb VCLIinf lang:es 00:02:41 00:02:46 tt-1546 AM048_1982_CT_SU2011_ER_05 
"<cuenta>"
	"cuenta" Noun NC Singular lang:es 00:02:41 00:02:46 tt-1547 AM048_1982_CT_SU2011_ER_05 
"<$.>"
	"." Punctuation FS lang:es 00:02:41 00:02:46 tt-1548 AM048_1982_CT_SU2011_ER_05 
</speaker>
<speaker type="int">

"<O>"
	"o" Conjunciton CC Adverb ADV lang:es 00:02:46 00:02:48 tt-1549 AM048_1982_CT_SU2011_ER_05 ID:434 R:Prag:MarcadoresDisc:Igualdad:435 
"<sea>"
	"sea" Adverb ADV lang:es 00:02:46 00:02:48 tt-1550 AM048_1982_CT_SU2011_ER_05 ID:435 
"<ya>"
	"ya" Adverb ADV lang:es 00:02:46 00:02:48 tt-1551 AM048_1982_CT_SU2011_ER_05 
"<hablabas>"
	"hablar" Verb VLfin Imp Indi Sing 2nd lang:es 00:02:46 00:02:48 tt-1552 AM048_1982_CT_SU2011_ER_05 @Gram:Imperf 
"<como>"
	"como" Adverb ADV lang:es 00:02:46 00:02:48 tt-1553 AM048_1982_CT_SU2011_ER_05 
"<...>"
	"..." Punctuation DOTS lang:es 00:02:46 00:02:48 tt-1554 AM048_1982_CT_SU2011_ER_05 
"<como>"
	"como" Adverb ADV lang:es 00:02:46 00:02:48 tt-1555 AM048_1982_CT_SU2011_ER_05 
"<un>"
	"un" Determiner ART Singular lang:es 00:02:46 00:02:48 tt-1556 AM048_1982_CT_SU2011_ER_05 ID:441 R:Herit:Contacto:Mixtas:442 
<lang code="en">
"<local>"
	"local" Adjective JJ lang:en 00:02:46 00:02:48 tt-1557 AM048_1982_CT_SU2011_ER_05 ID:442 
</lang>
"<,>"
	"," Punctuation CM lang:es 00:02:46 00:02:48 tt-1558 AM048_1982_CT_SU2011_ER_05 
"<$¿>"
	"¿" Punctuation FS lang:es 00:02:46 00:02:48 tt-1559 AM048_1982_CT_SU2011_ER_05 
"<no>"
	"no" Adverb NEG lang:es 00:02:46 00:02:48 tt-1560 AM048_1982_CT_SU2011_ER_05 
"<$?>"
	"?" Punctuation FS lang:es 00:02:46 00:02:48 tt-1561 AM048_1982_CT_SU2011_ER_05 
</speaker>
<speaker type="subj">

"<Aha>"
	"aha" Noun NP Singular lang:es 00:02:48 00:02:49 tt-1562 AM048_1982_CT_SU2011_ER_05 
"<$.>"
	"." Punctuation FS lang:es 00:02:48 00:02:49 tt-1563 AM048_1982_CT_SU2011_ER_05 
</speaker>
<speaker type="int">

"<$¿>"
	"¿" Punctuation FS lang:es 00:02:49 00:02:54 tt-1564 AM048_1982_CT_SU2011_ER_05 
"<Y>"
	"y" Conjunciton Conjunction CC lang:es 00:02:49 00:02:54 tt-1565 AM048_1982_CT_SU2011_ER_05 
"<este>"
	"este" Noun NC Singular lang:es 00:02:49 00:02:54 tt-1566 AM048_1982_CT_SU2011_ER_05 
"<...>"
	"..." Punctuation DOTS lang:es 00:02:49 00:02:54 tt-1567 AM048_1982_CT_SU2011_ER_05 
"<qué>"
	"qué" Pronoun INT Singular lang:es 00:02:49 00:02:54 tt-1568 AM048_1982_CT_SU2011_ER_05 
"<hiciste>"
	"hacer" Verb VLfin Pret Indi Sing 2nd lang:es 00:02:49 00:02:54 tt-1569 AM048_1982_CT_SU2011_ER_05 @Gram:Indefinido 
"<en>"
	"en" Preposition PREP lang:es 00:02:49 00:02:54 tt-1570 AM048_1982_CT_SU2011_ER_05 @Gram:Prep 
"<ese>"
	"ese" Determiner DM Singular lang:es 00:02:49 00:02:54 tt-1571 AM048_1982_CT_SU2011_ER_05 @Gram:Det:Demo 
"<tiempo>"
	"tiempo" Noun NC Singular lang:es 00:02:49 00:02:54 tt-1572 AM048_1982_CT_SU2011_ER_05 
"<que>"
	"que" Conjunction CQUE lang:es 00:02:49 00:02:54 tt-1573 AM048_1982_CT_SU2011_ER_05 
"<estabas>"
	"estar" Verb VEfin Imp Indi Sing 2nd lang:es 00:02:49 00:02:54 tt-1574 AM048_1982_CT_SU2011_ER_05 @Gram:Imperf @Gram:SerEstar:Estar 
"<en>"
	"en" Preposition PREP lang:es 00:02:49 00:02:54 tt-1575 AM048_1982_CT_SU2011_ER_05 @Gram:Prep 
"<Colombia>"
	"Colombia" Noun NP Singular lang:es 00:02:49 00:02:54 tt-1576 AM048_1982_CT_SU2011_ER_05 
"<$?>"
	"?" Punctuation FS lang:es 00:02:49 00:02:54 tt-1577 AM048_1982_CT_SU2011_ER_05 

"<$¿>"
	"¿" Punctuation FS lang:es 00:02:49 00:02:54 tt-1578 AM048_1982_CT_SU2011_ER_05 
"<A>"
	"a" Preposition PREP lang:es 00:02:49 00:02:54 tt-1579 AM048_1982_CT_SU2011_ER_05 @Gram:Prep 
"<qué>"
	"qué" Pronoun INT Singular lang:es 00:02:49 00:02:54 tt-1580 AM048_1982_CT_SU2011_ER_05 
"<te>"
	"tú" Pronoun PPX Singular lang:es 00:02:49 00:02:54 tt-1581 AM048_1982_CT_SU2011_ER_05 @Gram:Pron:Objeto 
"<dedicabas>"
	"UNK" Verb VLfin Imp Indi Sing 2nd lang:es 00:02:49 00:02:54 tt-1582 AM048_1982_CT_SU2011_ER_05 @Gram:Imperf 
"<$?>"
	"?" Punctuation FS lang:es 00:02:49 00:02:54 tt-1583 AM048_1982_CT_SU2011_ER_05 
</speaker>
<speaker type="subj">

"<También>"
	"también" Adverb ADV lang:es 00:02:54 00:02:59 tt-1584 AM048_1982_CT_SU2011_ER_05 @Prag:MarcadoresDisc:Igualdad 
"<me>"
	"yo" Pronoun PPX Singular lang:es 00:02:54 00:02:59 tt-1585 AM048_1982_CT_SU2011_ER_05 @Gram:Pron:Objeto 
"<...>"
	"..." Punctuation DOTS lang:es 00:02:54 00:02:59 tt-1586 AM048_1982_CT_SU2011_ER_05 
"<me>"
	"yo" Pronoun PPX Singular lang:es 00:02:54 00:02:59 tt-1587 AM048_1982_CT_SU2011_ER_05 @Gram:Pron:Objeto 
"<metí>"
	"meter" Verb VLfin Pret Indi Sing 1st lang:es 00:02:54 00:02:59 tt-1588 AM048_1982_CT_SU2011_ER_05 @Gram:Indefinido 
"<en>"
	"en" Preposition PREP lang:es 00:02:54 00:02:59 tt-1589 AM048_1982_CT_SU2011_ER_05 @Gram:Prep 
"<clases>"
	"clase" Noun NC Plural lang:es 00:02:54 00:02:59 tt-1590 AM048_1982_CT_SU2011_ER_05 
"<de>"
	"de" Preposition PREP lang:es 00:02:54 00:02:59 tt-1591 AM048_1982_CT_SU2011_ER_05 @Gram:Prep 
"<español>"
	"español" Noun NC Singular lang:es 00:02:54 00:02:59 tt-1592 AM048_1982_CT_SU2011_ER_05 
"<y>"
	"y" Conjunciton Conjunction CC lang:es 00:02:54 00:02:59 tt-1593 AM048_1982_CT_SU2011_ER_05 
"<clases>"
	"clase" Noun NC Plural lang:es 00:02:54 00:02:59 tt-1594 AM048_1982_CT_SU2011_ER_05 
"<de>"
	"de" Preposition PREP lang:es 00:02:54 00:02:59 tt-1595 AM048_1982_CT_SU2011_ER_05 @Gram:Prep 
"<diseño>"
	"diseño" Noun NC Singular lang:es 00:02:54 00:02:59 tt-1596 AM048_1982_CT_SU2011_ER_05 
"<gráfico>"
	"gráfico" Adjective ADJ Singular lang:es 00:02:54 00:02:59 tt-1597 AM048_1982_CT_SU2011_ER_05 
"<$.>"
	"." Punctuation FS lang:es 00:02:54 00:02:59 tt-1598 AM048_1982_CT_SU2011_ER_05 
</speaker>
<speaker type="int">

"<Así>"
	"así" Conjunction CSUBX lang:es 00:02:59 00:03:02 tt-1599 AM048_1982_CT_SU2011_ER_05 
"<que>"
	"que" Conjunction CQUE lang:es 00:02:59 00:03:02 tt-1600 AM048_1982_CT_SU2011_ER_05 
"<estuviste>"
	"estar" Verb VEfin Pret Indi Sing 2nd lang:es 00:02:59 00:03:02 tt-1601 AM048_1982_CT_SU2011_ER_05 @Gram:Indefinido @Gram:SerEstar:Estar ID:486 R:Gram:SerEstar:EstarAux:487 
"<estudiando>"
	"estudiar" Verb VLger lang:es 00:02:59 00:03:02 tt-1602 AM048_1982_CT_SU2011_ER_05 ID:487 
"<allá>"
	"allá" Adverb ADV lang:es 00:02:59 00:03:02 tt-1603 AM048_1982_CT_SU2011_ER_05 
"<también>"
	"también" Adverb ADV lang:es 00:02:59 00:03:02 tt-1604 AM048_1982_CT_SU2011_ER_05 @Prag:MarcadoresDisc:Igualdad 
"<$.>"
	"." Punctuation FS lang:es 00:02:59 00:03:02 tt-1605 AM048_1982_CT_SU2011_ER_05 
</speaker>
<speaker type="subj">

"<Allá>"
	"allá" Adverb ADV lang:es 00:03:02 00:03:03 tt-1606 AM048_1982_CT_SU2011_ER_05 
"<también>"
	"también" Adverb ADV lang:es 00:03:02 00:03:03 tt-1607 AM048_1982_CT_SU2011_ER_05 @Prag:MarcadoresDisc:Igualdad 
"<$.>"
	"." Punctuation FS lang:es 00:03:02 00:03:03 tt-1608 AM048_1982_CT_SU2011_ER_05 
</speaker>
<speaker type="int">

"<$¿>"
	"¿" Punctuation FS lang:es 00:03:03 00:03:05 tt-1609 AM048_1982_CT_SU2011_ER_05 
"<Y>"
	"y" Conjunciton Conjunction CC lang:es 00:03:03 00:03:05 tt-1610 AM048_1982_CT_SU2011_ER_05 
"<trabajaste>"
	"trabajar" Verb VLfin Pret Indi Sing 2nd lang:es 00:03:03 00:03:05 tt-1611 AM048_1982_CT_SU2011_ER_05 @Gram:Indefinido 
"<algún>"
	"alguno" Determiner QU lang:es 00:03:03 00:03:05 tt-1612 AM048_1982_CT_SU2011_ER_05 @Gram:Det:CuantIndef 
"<tiempo>"
	"tiempo" Noun NC Singular lang:es 00:03:03 00:03:05 tt-1613 AM048_1982_CT_SU2011_ER_05 
"<allá>"
	"allá" Adverb ADV lang:es 00:03:03 00:03:05 tt-1614 AM048_1982_CT_SU2011_ER_05 
"<$?>"
	"?" Punctuation FS lang:es 00:03:03 00:03:05 tt-1615 AM048_1982_CT_SU2011_ER_05 
</speaker>
<speaker type="subj">

"<Sí>"
	"sí" Adverb ADV lang:es 00:03:05 00:03:12 tt-1616 AM048_1982_CT_SU2011_ER_05 
"<,>"
	"," Punctuation CM lang:es 00:03:05 00:03:12 tt-1617 AM048_1982_CT_SU2011_ER_05 
"<en>"
	"en" Preposition PREP lang:es 00:03:05 00:03:12 tt-1618 AM048_1982_CT_SU2011_ER_05 @Gram:Prep 
"<...>"
	"..." Punctuation DOTS lang:es 00:03:05 00:03:12 tt-1619 AM048_1982_CT_SU2011_ER_05 
"<en>"
	"en" Preposition PREP lang:es 00:03:05 00:03:12 tt-1620 AM048_1982_CT_SU2011_ER_05 @Gram:Prep 
"<la>"
	"el" Determiner ART Singular Fem lang:es 00:03:05 00:03:12 tt-1621 AM048_1982_CT_SU2011_ER_05 @Gram:Det:Art 
"<pintura>"
	"pintura" Noun NC Singular lang:es 00:03:05 00:03:12 tt-1622 AM048_1982_CT_SU2011_ER_05 
"<$.>"
	"." Punctuation FS lang:es 00:03:05 00:03:12 tt-1623 AM048_1982_CT_SU2011_ER_05 

"<Hice>"
	"hacer" Verb VLfin Pret Indi Sing 1st lang:es 00:03:05 00:03:12 tt-1624 AM048_1982_CT_SU2011_ER_05 @Gram:Indefinido 
"<muchos>"
	"mucho" Determiner QU lang:es 00:03:05 00:03:12 tt-1625 AM048_1982_CT_SU2011_ER_05 @Gram:Det:CuantIndef 
"<trabajos>"
	"trabajo" Noun NC Plural lang:es 00:03:05 00:03:12 tt-1626 AM048_1982_CT_SU2011_ER_05 
"<con>"
	"con" Preposition PREP lang:es 00:03:05 00:03:12 tt-1627 AM048_1982_CT_SU2011_ER_05 @Gram:Prep 
"<mi>"
	"mío" Pronoun PPO Singular lang:es 00:03:05 00:03:12 tt-1628 AM048_1982_CT_SU2011_ER_05 @Gram:Det:Pos 
"<familia>"
	"familia" Noun NC Singular lang:es 00:03:05 00:03:12 tt-1629 AM048_1982_CT_SU2011_ER_05 
"<,>"
	"," Punctuation CM lang:es 00:03:05 00:03:12 tt-1630 AM048_1982_CT_SU2011_ER_05 
"<y>"
	"y" Conjunciton Conjunction CC lang:es 00:03:05 00:03:12 tt-1631 AM048_1982_CT_SU2011_ER_05 
"<no>"
	"no" Adverb ADV lang:es 00:03:05 00:03:12 tt-1632 AM048_1982_CT_SU2011_ER_05 
"<más>"
	"más" Adverb ADV lang:es 00:03:05 00:03:12 tt-1633 AM048_1982_CT_SU2011_ER_05 
"<...>"
	"..." Punctuation DOTS lang:es 00:03:05 00:03:12 tt-1634 AM048_1982_CT_SU2011_ER_05 
"<más>"
	"más" Adverb ADV lang:es 00:03:05 00:03:12 tt-1635 AM048_1982_CT_SU2011_ER_05 
"<estudiando>"
	"estudiar" Verb VLger lang:es 00:03:05 00:03:12 tt-1636 AM048_1982_CT_SU2011_ER_05 
"<que>"
	"que" Conjunction CQUE lang:es 00:03:14 00:03:15 tt-1637 AM048_1982_CT_SU2011_ER_05 
"<,>"
	"," Punctuation CM lang:es 00:03:14 00:03:15 tt-1638 AM048_1982_CT_SU2011_ER_05 
"<que>"
	"que" Conjunction CQUE lang:es 00:03:14 00:03:15 tt-1639 AM048_1982_CT_SU2011_ER_05 
"<todo>"
	"todo" Determiner QU lang:es 00:03:14 00:03:15 tt-1640 AM048_1982_CT_SU2011_ER_05 
"<pues>"
	"pues" Conjunction CSUBF lang:es 00:03:14 00:03:15 tt-1641 AM048_1982_CT_SU2011_ER_05 
"<$.>"
	"." Punctuation FS lang:es 00:03:14 00:03:15 tt-1642 AM048_1982_CT_SU2011_ER_05 
</speaker>
<speaker type="int">

"<$¿>"
	"¿" Punctuation FS lang:es 00:03:15 00:03:21 tt-1643 AM048_1982_CT_SU2011_ER_05 
"<Y>"
	"y" Conjunciton Conjunction CC lang:es 00:03:15 00:03:21 tt-1644 AM048_1982_CT_SU2011_ER_05 
"<cómo>"
	"cómo" Adverb ADV lang:es 00:03:15 00:03:21 tt-1645 AM048_1982_CT_SU2011_ER_05 
"<,>"
	"," Punctuation CM lang:es 00:03:15 00:03:21 tt-1646 AM048_1982_CT_SU2011_ER_05 
"<este>"
	"este" Noun NC Singular lang:es 00:03:15 00:03:21 tt-1647 AM048_1982_CT_SU2011_ER_05 
"<...>"
	"..." Punctuation DOTS lang:es 00:03:15 00:03:21 tt-1648 AM048_1982_CT_SU2011_ER_05 
"<alguna>"
	"alguno" Determiner QU lang:es 00:03:15 00:03:21 tt-1649 AM048_1982_CT_SU2011_ER_05 @Gram:Det:CuantIndef 
"<vez>"
	"vez" Noun NC Singular lang:es 00:03:15 00:03:21 tt-1650 AM048_1982_CT_SU2011_ER_05 
"<encontraste>"
	"encontrar" Verb VLfin Pret Indi Sing 2nd lang:es 00:03:15 00:03:21 tt-1651 AM048_1982_CT_SU2011_ER_05 @Gram:Indefinido 
"<alguna>"
	"alguno" Determiner QU lang:es 00:03:15 00:03:21 tt-1652 AM048_1982_CT_SU2011_ER_05 @Gram:Det:CuantIndef 
"<situación>"
	"situación" Noun NC Singular lang:es 00:03:15 00:03:21 tt-1653 AM048_1982_CT_SU2011_ER_05 
"<en>"
	"en" Preposition PREP lang:es 00:03:15 00:03:21 tt-1654 AM048_1982_CT_SU2011_ER_05 @Gram:Prep 
"<Colombia>"
	"Colombia" Noun NP Singular lang:es 00:03:15 00:03:21 tt-1655 AM048_1982_CT_SU2011_ER_05 
"<donde>"
	"donde" Adverb ADV lang:es 00:03:15 00:03:21 tt-1656 AM048_1982_CT_SU2011_ER_05 
"<usaste>"
	"UNK" Verb VLfin Pret Indi Sing 2nd lang:es 00:03:15 00:03:21 tt-1657 AM048_1982_CT_SU2011_ER_05 @Gram:Indefinido 
"<el>"
	"el" Determiner ART Singular Masc lang:es 00:03:21 00:03:22 tt-1658 AM048_1982_CT_SU2011_ER_05 @Gram:Det:Art 
"<inglés>"
	"inglés" Noun NC Plural lang:es 00:03:21 00:03:22 tt-1659 AM048_1982_CT_SU2011_ER_05 
"<$?>"
	"?" Punctuation FS lang:es 00:03:21 00:03:22 tt-1660 AM048_1982_CT_SU2011_ER_05 
</speaker>
<speaker type="subj">

"<Siempre>"
	"siempre" Adverb ADV lang:es 00:03:22 00:03:29 tt-1661 AM048_1982_CT_SU2011_ER_05 
"<,>"
	"," Punctuation CM lang:es 00:03:22 00:03:29 tt-1662 AM048_1982_CT_SU2011_ER_05 
"<siempre>"
	"siempre" Adverb ADV lang:es 00:03:22 00:03:29 tt-1663 AM048_1982_CT_SU2011_ER_05 
"<querían>"
	"querer" Verb VLfin Imp Indi Plural 3rd lang:es 00:03:22 00:03:29 tt-1664 AM048_1982_CT_SU2011_ER_05 @Gram:Imperf 
"<practicar>"
	"practicar" Verb VLinf Infinitive lang:es 00:03:22 00:03:29 tt-1665 AM048_1982_CT_SU2011_ER_05 
"<el>"
	"el" Determiner ART Singular Masc lang:es 00:03:22 00:03:29 tt-1666 AM048_1982_CT_SU2011_ER_05 @Gram:Det:Art 
"<inglés>"
	"inglés" Noun NC Plural lang:es 00:03:22 00:03:29 tt-1667 AM048_1982_CT_SU2011_ER_05 
"<conmigo>"
	"UNK" Verb VLfin Pres Indi Sing 1st lang:es 00:03:22 00:03:29 tt-1668 AM048_1982_CT_SU2011_ER_05 
"<,>"
	"," Punctuation CM lang:es 00:03:22 00:03:29 tt-1669 AM048_1982_CT_SU2011_ER_05 
"<los>"
	"el" Determiner ART Plural Masc lang:es 00:03:22 00:03:29 tt-1670 AM048_1982_CT_SU2011_ER_05 @Gram:Det:Art 
"<primos>"
	"primo" Noun NC Plural lang:es 00:03:22 00:03:29 tt-1671 AM048_1982_CT_SU2011_ER_05 
"<,>"
	"," Punctuation CM lang:es 00:03:22 00:03:29 tt-1672 AM048_1982_CT_SU2011_ER_05 
"<sí>"
	"él" Pronoun PPX Singular lang:es 00:03:22 00:03:29 tt-1673 AM048_1982_CT_SU2011_ER_05 
"<...>"
	"..." Punctuation DOTS lang:es 00:03:22 00:03:29 tt-1674 AM048_1982_CT_SU2011_ER_05 
"<los>"
	"el" Determiner ART Plural Masc lang:es 00:03:22 00:03:29 tt-1675 AM048_1982_CT_SU2011_ER_05 @Gram:Det:Art 
"<tíos>"
	"tío" Noun NC Plural lang:es 00:03:22 00:03:29 tt-1676 AM048_1982_CT_SU2011_ER_05 
"<,>"
	"," Punctuation CM lang:es 00:03:22 00:03:29 tt-1677 AM048_1982_CT_SU2011_ER_05 
"<siempre>"
	"siempre" Adverb ADV lang:es 00:03:29 00:03:36 tt-1678 AM048_1982_CT_SU2011_ER_05 
"<querían>"
	"querer" Verb VLfin Imp Indi Plural 3rd lang:es 00:03:29 00:03:36 tt-1679 AM048_1982_CT_SU2011_ER_05 @Gram:Imperf 
"<,>"
	"," Punctuation CM lang:es 00:03:29 00:03:36 tt-1680 AM048_1982_CT_SU2011_ER_05 
"<no>"
	"no" Adverb NEG lang:es 00:03:29 00:03:36 tt-1681 AM048_1982_CT_SU2011_ER_05 
"<$¿>"
	"¿" Punctuation FS lang:es 00:03:29 00:03:36 tt-1682 AM048_1982_CT_SU2011_ER_05 
"<cómo>"
	"cómo" Adverb ADV lang:es 00:03:29 00:03:36 tt-1683 AM048_1982_CT_SU2011_ER_05 
"<va>"
	"ir" Verb VLfin Pres Indi Sing 3rd lang:es 00:03:29 00:03:36 tt-1684 AM048_1982_CT_SU2011_ER_05 
"<mi>"
	"mío" Pronoun PPO Singular lang:es 00:03:29 00:03:36 tt-1685 AM048_1982_CT_SU2011_ER_05 
"<inglés>"
	"inglés" Noun NC Plural lang:es 00:03:29 00:03:36 tt-1686 AM048_1982_CT_SU2011_ER_05 
"<$?>"
	"?" Punctuation FS lang:es 00:03:29 00:03:36 tt-1687 AM048_1982_CT_SU2011_ER_05 

"<$¿>"
	"¿" Punctuation FS lang:es 00:03:29 00:03:36 tt-1688 AM048_1982_CT_SU2011_ER_05 
"<qué>"
	"qué" Pronoun INT Singular lang:es 00:03:29 00:03:36 tt-1689 AM048_1982_CT_SU2011_ER_05 
"<es>"
	"ser" Verb VSfin Pres Indi Sing 3rd lang:es 00:03:29 00:03:36 tt-1690 AM048_1982_CT_SU2011_ER_05 @Gram:SerEstar:Ser 
"<esto>"
	"este" Determiner DM Singular lang:es 00:03:29 00:03:36 tt-1691 AM048_1982_CT_SU2011_ER_05 @Gram:Det:Demo 
"<$?>"
	"?" Punctuation FS lang:es 00:03:29 00:03:36 tt-1692 AM048_1982_CT_SU2011_ER_05 

"<Y>"
	"y" Conjunciton Conjunction CC lang:es 00:03:29 00:03:36 tt-1693 AM048_1982_CT_SU2011_ER_05 
"<sí>"
	"él" Pronoun PPX Singular lang:es 00:03:29 00:03:36 tt-1694 AM048_1982_CT_SU2011_ER_05 
"<,>"
	"," Punctuation CM lang:es 00:03:29 00:03:36 tt-1695 AM048_1982_CT_SU2011_ER_05 
"<me>"
	"yo" Pronoun PPX Singular lang:es 00:03:29 00:03:36 tt-1696 AM048_1982_CT_SU2011_ER_05 @Gram:Pron:Objeto 
"<fue>"
	"ir" Verb VLfin Pret Indi Sing 3rd lang:es 00:03:29 00:03:36 tt-1697 AM048_1982_CT_SU2011_ER_05 @Gram:Indefinido 
"<muy>"
	"muy" Adverb ADV lang:es 00:03:29 00:03:36 tt-1698 AM048_1982_CT_SU2011_ER_05 
"<bien>"
	"bien" Adverb ADV lang:es 00:03:29 00:03:36 tt-1699 AM048_1982_CT_SU2011_ER_05 
"<con>"
	"con" Preposition PREP lang:es 00:03:29 00:03:36 tt-1700 AM048_1982_CT_SU2011_ER_05 @Gram:Prep 
"<ellos>"
	"él" Pronoun PPX Plural lang:es 00:03:36 00:03:38 tt-1701 AM048_1982_CT_SU2011_ER_05 @Gram:Pron:Sujeto 
"<$.>"
	"." Punctuation FS lang:es 00:03:36 00:03:38 tt-1702 AM048_1982_CT_SU2011_ER_05 

"<Me>"
	"yo" Pronoun PPX Singular lang:es 00:03:36 00:03:38 tt-1703 AM048_1982_CT_SU2011_ER_05 @Gram:Pron:Objeto 
"<disfruté>"
	"disfrutar" Verb VLfin Pret Indi Sing 1st lang:es 00:03:36 00:03:38 tt-1704 AM048_1982_CT_SU2011_ER_05 @Gram:Indefinido 
"<ahí>"
	"ahí" Adverb ADV lang:es 00:03:36 00:03:38 tt-1705 AM048_1982_CT_SU2011_ER_05 
"<$.>"
	"." Punctuation FS lang:es 00:03:36 00:03:38 tt-1706 AM048_1982_CT_SU2011_ER_05 
</speaker>
</text>

