<text id="AM059_1951_SA_SU2012_JB_01">
<speaker type="subj">
"<Listo>"
	"listo" Adjective ADJ Singular lang:es 00:00:00 00:00:00 tt-1 AM059_1951_SA_SU2012_JB_01 
"<$.>"
	"." Punctuation FS lang:es 00:00:00 00:00:00 tt-2 AM059_1951_SA_SU2012_JB_01 
</speaker>
<speaker type="int">

"<Hola>"
	"hola" Noun NP Singular lang:es 00:00:00 00:00:01 tt-3 AM059_1951_SA_SU2012_JB_01 
"<$.>"
	"." Punctuation FS lang:es 00:00:00 00:00:01 tt-4 AM059_1951_SA_SU2012_JB_01 

"<Hola>"
	"hola" Noun NP Singular lang:es 00:00:01 00:00:01 tt-5 AM059_1951_SA_SU2012_JB_01 
"<$.>"
	"." Punctuation FS lang:es 00:00:01 00:00:01 tt-6 AM059_1951_SA_SU2012_JB_01 

"<$¿>"
	"¿" Punctuation FS lang:es 00:00:01 00:00:02 tt-7 AM059_1951_SA_SU2012_JB_01 
"<Cómo>"
	"cómo" Adverb ADV lang:es 00:00:01 00:00:02 tt-8 AM059_1951_SA_SU2012_JB_01 
"<estás>"
	"estar" Verb VEfin Pres Indi Sing 2nd lang:es 00:00:01 00:00:02 tt-9 AM059_1951_SA_SU2012_JB_01 @Gram:SerEstar:Estar ADD:812 
"<$?>"
	"?" Punctuation FS lang:es 00:00:01 00:00:02 tt-10 AM059_1951_SA_SU2012_JB_01 
</speaker>
<speaker type="subj">

"<Muy>"
	"muy" Adverb ADV lang:es 00:00:02 00:00:04 tt-11 AM059_1951_SA_SU2012_JB_01 
"<bien>"
	"bien" Adverb ADV lang:es 00:00:02 00:00:04 tt-12 AM059_1951_SA_SU2012_JB_01 
"<$.>"
	"." Punctuation FS lang:es 00:00:02 00:00:04 tt-13 AM059_1951_SA_SU2012_JB_01 

"<$¿>"
	"¿" Punctuation FS lang:es 00:00:02 00:00:04 tt-14 AM059_1951_SA_SU2012_JB_01 
"<Y>"
	"y" Conjunciton Conjunction CC lang:es 00:00:02 00:00:04 tt-15 AM059_1951_SA_SU2012_JB_01 SUBSTITUTE:385 
"<tú>"
	"tú" Pronoun PPX Singular lang:es 00:00:02 00:00:04 tt-16 AM059_1951_SA_SU2012_JB_01 @Gram:Pron:Sujeto ADD:624 
"<$?>"
	"?" Punctuation FS lang:es 00:00:02 00:00:04 tt-17 AM059_1951_SA_SU2012_JB_01 
</speaker>
<speaker type="int">

"<Muy>"
	"muy" Adverb ADV lang:es 00:00:04 00:00:05 tt-18 AM059_1951_SA_SU2012_JB_01 
"<,>"
	"," Punctuation CM lang:es 00:00:04 00:00:05 tt-19 AM059_1951_SA_SU2012_JB_01 
"<muy>"
	"muy" Adverb ADV lang:es 00:00:04 00:00:05 tt-20 AM059_1951_SA_SU2012_JB_01 
"<bien>"
	"bien" Adverb ADV lang:es 00:00:04 00:00:05 tt-21 AM059_1951_SA_SU2012_JB_01 
"<$.>"
	"." Punctuation FS lang:es 00:00:04 00:00:05 tt-22 AM059_1951_SA_SU2012_JB_01 

"<Qué>"
	"qué" Pronoun INT Singular lang:es 00:00:05 00:00:06 tt-23 AM059_1951_SA_SU2012_JB_01 
"<bueno>"
	"bueno" Adjective ADJ Singular lang:es 00:00:05 00:00:06 tt-24 AM059_1951_SA_SU2012_JB_01 
"<$.>"
	"." Punctuation FS lang:es 00:00:05 00:00:06 tt-25 AM059_1951_SA_SU2012_JB_01 

"<$¿>"
	"¿" Punctuation FS lang:es 00:00:06 00:00:07 tt-26 AM059_1951_SA_SU2012_JB_01 
"<Y>"
	"y" Conjunciton Conjunction CC lang:es 00:00:06 00:00:07 tt-27 AM059_1951_SA_SU2012_JB_01 SUBSTITUTE:385 
"<cómo>"
	"cómo" Adverb ADV lang:es 00:00:06 00:00:07 tt-28 AM059_1951_SA_SU2012_JB_01 
"<te>"
	"tú" Pronoun PPX Singular lang:es 00:00:06 00:00:07 tt-29 AM059_1951_SA_SU2012_JB_01 @Gram:Pron:Objeto ADD:648 
"<llamas>"
	"llamar" Verb VLfin Pres Indi Sing 2nd lang:es 00:00:06 00:00:07 tt-30 AM059_1951_SA_SU2012_JB_01 
"<$?>"
	"?" Punctuation FS lang:es 00:00:06 00:00:07 tt-31 AM059_1951_SA_SU2012_JB_01 

"<Me>"
	"yo" Pronoun PPX Singular lang:es 00:00:07 00:00:09 tt-32 AM059_1951_SA_SU2012_JB_01 @Gram:Pron:Objeto ADD:648 
"<llamo>"
	"llamar" Verb VLfin Pres Indi Sing 1st lang:es 00:00:07 00:00:09 tt-33 AM059_1951_SA_SU2012_JB_01 
"<George>"
	"George" Noun NP Singular lang:es 00:00:07 00:00:09 tt-34 AM059_1951_SA_SU2012_JB_01 
"<$.>"
	"." Punctuation FS lang:es 00:00:07 00:00:09 tt-35 AM059_1951_SA_SU2012_JB_01 

"<$¿>"
	"¿" Punctuation FS lang:es 00:00:09 00:00:10 tt-36 AM059_1951_SA_SU2012_JB_01 
"<Y>"
	"y" Conjunciton Conjunction CC lang:es 00:00:09 00:00:10 tt-37 AM059_1951_SA_SU2012_JB_01 SUBSTITUTE:385 
"<cuántos>"
	"UNK" Noun NC Plural lang:es 00:00:09 00:00:10 tt-38 AM059_1951_SA_SU2012_JB_01 
"<años>"
	"año" Noun NC Plural lang:es 00:00:09 00:00:10 tt-39 AM059_1951_SA_SU2012_JB_01 
"<tienes>"
	"tener" Verb VLfin Pres Indi Sing 2nd lang:es 00:00:09 00:00:10 tt-40 AM059_1951_SA_SU2012_JB_01 
"<$?>"
	"?" Punctuation FS lang:es 00:00:09 00:00:10 tt-41 AM059_1951_SA_SU2012_JB_01 

"<Tengo>"
	"tener" Verb VLfin Pres Indi Sing 1st lang:es 00:00:10 00:00:13 tt-42 AM059_1951_SA_SU2012_JB_01 
"<sesenta>"
	"sesenta" Determiner CARD Singular lang:es 00:00:10 00:00:13 tt-43 AM059_1951_SA_SU2012_JB_01 
"<y>"
	"y" Conjunciton Conjunction CC lang:es 00:00:10 00:00:13 tt-44 AM059_1951_SA_SU2012_JB_01 SUBSTITUTE:385 
"<un>"
	"un" Determiner ART Singular lang:es 00:00:10 00:00:13 tt-45 AM059_1951_SA_SU2012_JB_01 
"<años>"
	"año" Noun NC Plural lang:es 00:00:10 00:00:13 tt-46 AM059_1951_SA_SU2012_JB_01 
"<$.>"
	"." Punctuation FS lang:es 00:00:10 00:00:13 tt-47 AM059_1951_SA_SU2012_JB_01 

"<$¿>"
	"¿" Punctuation FS lang:es 00:00:13 00:00:15 tt-48 AM059_1951_SA_SU2012_JB_01 
"<Y>"
	"y" Conjunciton Conjunction CC lang:es 00:00:13 00:00:15 tt-49 AM059_1951_SA_SU2012_JB_01 SUBSTITUTE:385 
"<dónde>"
	"dónde" Adverb ADV lang:es 00:00:13 00:00:15 tt-50 AM059_1951_SA_SU2012_JB_01 
"<naciste>"
	"nacer" Verb VLfin Pret Indi Sing 2nd lang:es 00:00:13 00:00:15 tt-51 AM059_1951_SA_SU2012_JB_01 @Gram:Indefinido ADD:688 
"<$?>"
	"?" Punctuation FS lang:es 00:00:13 00:00:15 tt-52 AM059_1951_SA_SU2012_JB_01 
</speaker>
<speaker type="subj">

"<Yo>"
	"yo" Pronoun PPX Singular lang:es 00:00:15 00:00:17 tt-53 AM059_1951_SA_SU2012_JB_01 @Gram:Pron:Sujeto ADD:624 
"<nací>"
	"nacer" Verb VLfin Pret Indi Sing 1st lang:es 00:00:15 00:00:17 tt-54 AM059_1951_SA_SU2012_JB_01 @Gram:Indefinido ADD:688 
"<en>"
	"en" Preposition PREP lang:es 00:00:15 00:00:17 tt-55 AM059_1951_SA_SU2012_JB_01 @Gram:Prep ADD:614 
"<Chicago>"
	"Chicago" Noun NP Singular lang:es 00:00:15 00:00:17 tt-56 AM059_1951_SA_SU2012_JB_01 
"<$.>"
	"." Punctuation FS lang:es 00:00:15 00:00:17 tt-57 AM059_1951_SA_SU2012_JB_01 
</speaker>
<speaker type="int">

"<Sí>"
	"sí" Adverb ADV lang:es 00:00:17 00:00:18 tt-58 AM059_1951_SA_SU2012_JB_01 
"<$.>"
	"." Punctuation FS lang:es 00:00:17 00:00:18 tt-59 AM059_1951_SA_SU2012_JB_01 
</speaker>
<speaker type="subj">

"<Illinois>"
	"Illinois" Noun NP Plural lang:es 00:00:18 00:00:19 tt-60 AM059_1951_SA_SU2012_JB_01 
"<$.>"
	"." Punctuation FS lang:es 00:00:18 00:00:19 tt-61 AM059_1951_SA_SU2012_JB_01 
</speaker>
<speaker type="int">

"<$¿>"
	"¿" Punctuation FS lang:es 00:00:19 00:00:22 tt-62 AM059_1951_SA_SU2012_JB_01 
"<Y>"
	"y" Conjunciton Conjunction CC lang:es 00:00:19 00:00:22 tt-63 AM059_1951_SA_SU2012_JB_01 SUBSTITUTE:385 
"<dónde>"
	"dónde" Adverb ADV lang:es 00:00:19 00:00:22 tt-64 AM059_1951_SA_SU2012_JB_01 
"<creciste>"
	"UNK" Noun NC Singular lang:es 00:00:19 00:00:22 tt-65 AM059_1951_SA_SU2012_JB_01 
"<$?>"
	"?" Punctuation FS lang:es 00:00:19 00:00:22 tt-66 AM059_1951_SA_SU2012_JB_01 

"<$¿>"
	"¿" Punctuation FS lang:es 00:00:19 00:00:22 tt-67 AM059_1951_SA_SU2012_JB_01 
"<Allí>"
	"allí" Adverb ADV lang:es 00:00:19 00:00:22 tt-68 AM059_1951_SA_SU2012_JB_01 
"<en>"
	"en" Preposition PREP lang:es 00:00:19 00:00:22 tt-69 AM059_1951_SA_SU2012_JB_01 @Gram:Prep ADD:614 
"<Chicago>"
	"Chicago" Noun NP Singular lang:es 00:00:19 00:00:22 tt-70 AM059_1951_SA_SU2012_JB_01 
"<$?>"
	"?" Punctuation FS lang:es 00:00:19 00:00:22 tt-71 AM059_1951_SA_SU2012_JB_01 
</speaker>
<speaker type="subj">

"<No>"
	"no" Adverb NEG lang:es 00:00:22 00:00:25 tt-72 AM059_1951_SA_SU2012_JB_01 
"<$.>"
	"." Punctuation FS lang:es 00:00:22 00:00:25 tt-73 AM059_1951_SA_SU2012_JB_01 

"<Crecí>"
	"crecer" Verb VLfin Pret Indi Sing 1st lang:es 00:00:22 00:00:25 tt-74 AM059_1951_SA_SU2012_JB_01 @Gram:Indefinido ADD:688 
"<en>"
	"en" Preposition PREP lang:es 00:00:22 00:00:25 tt-75 AM059_1951_SA_SU2012_JB_01 @Gram:Prep ADD:614 
"<la>"
	"el" Determiner ART Singular Fem lang:es 00:00:22 00:00:25 tt-76 AM059_1951_SA_SU2012_JB_01 @Gram:Det:Art ADD:416 
"<Ciudad>"
	"ciudad" Noun NC Singular lang:es 00:00:22 00:00:25 tt-77 AM059_1951_SA_SU2012_JB_01 
"<de>"
	"de" Preposition PREP lang:es 00:00:22 00:00:25 tt-78 AM059_1951_SA_SU2012_JB_01 @Gram:Prep ADD:614 
"<México>"
	"México" Noun NP Singular lang:es 00:00:22 00:00:25 tt-79 AM059_1951_SA_SU2012_JB_01 
"<$.>"
	"." Punctuation FS lang:es 00:00:22 00:00:25 tt-80 AM059_1951_SA_SU2012_JB_01 
</speaker>
<speaker type="int">

"<$¿>"
	"¿" Punctuation FS lang:es 00:00:25 00:00:30 tt-81 AM059_1951_SA_SU2012_JB_01 
"<Entonces>"
	"entonces" Adverb ADV lang:es 00:00:25 00:00:30 tt-82 AM059_1951_SA_SU2012_JB_01 
"<hiciste>"
	"hacer" Verb VLfin Pret Indi Sing 2nd lang:es 00:00:25 00:00:30 tt-83 AM059_1951_SA_SU2012_JB_01 @Gram:Indefinido ADD:688 
"<la>"
	"el" Determiner ART Singular Fem lang:es 00:00:25 00:00:30 tt-84 AM059_1951_SA_SU2012_JB_01 @Gram:Det:Art ADD:416 
"<primaria>"
	"primario" Adjective ADJ Singular lang:es 00:00:25 00:00:30 tt-85 AM059_1951_SA_SU2012_JB_01 
"<allí>"
	"allí" Adverb ADV lang:es 00:00:25 00:00:30 tt-86 AM059_1951_SA_SU2012_JB_01 
"<$?>"
	"?" Punctuation FS lang:es 00:00:25 00:00:30 tt-87 AM059_1951_SA_SU2012_JB_01 
</speaker>
<speaker type="subj">

"<Hice>"
	"hacer" Verb VLfin Pret Indi Sing 1st lang:es 00:00:30 00:00:33 tt-88 AM059_1951_SA_SU2012_JB_01 @Gram:Indefinido ADD:688 
"<la>"
	"el" Determiner ART Singular Fem lang:es 00:00:30 00:00:33 tt-89 AM059_1951_SA_SU2012_JB_01 @Gram:Det:Art ADD:416 
"<primaria>"
	"primario" Adjective ADJ Singular lang:es 00:00:30 00:00:33 tt-90 AM059_1951_SA_SU2012_JB_01 
"<y>"
	"y" Conjunciton Conjunction CC lang:es 00:00:30 00:00:33 tt-91 AM059_1951_SA_SU2012_JB_01 SUBSTITUTE:385 
"<un>"
	"un" Determiner ART Singular lang:es 00:00:30 00:00:33 tt-92 AM059_1951_SA_SU2012_JB_01 
"<poco>"
	"pocos" Determiner QU lang:es 00:00:30 00:00:33 tt-93 AM059_1951_SA_SU2012_JB_01 
"<de>"
	"de" Preposition PREP lang:es 00:00:30 00:00:33 tt-94 AM059_1951_SA_SU2012_JB_01 @Gram:Prep ADD:614 
"<la>"
	"el" Determiner ART Singular Fem lang:es 00:00:30 00:00:33 tt-95 AM059_1951_SA_SU2012_JB_01 @Gram:Det:Art ADD:416 
"<secundaria>"
	"secundario" Adjective ADJ Singular lang:es 00:00:30 00:00:33 tt-96 AM059_1951_SA_SU2012_JB_01 
"<en>"
	"en" Preposition PREP lang:es 00:00:30 00:00:33 tt-97 AM059_1951_SA_SU2012_JB_01 @Gram:Prep ADD:614 
"<la>"
	"el" Determiner ART Singular Fem lang:es 00:00:30 00:00:33 tt-98 AM059_1951_SA_SU2012_JB_01 @Gram:Det:Art ADD:416 
"<Ciudad>"
	"ciudad" Noun NC Singular lang:es 00:00:30 00:00:33 tt-99 AM059_1951_SA_SU2012_JB_01 
"<de>"
	"de" Preposition PREP lang:es 00:00:30 00:00:33 tt-100 AM059_1951_SA_SU2012_JB_01 @Gram:Prep ADD:614 
"<México>"
	"México" Noun NP Singular lang:es 00:00:30 00:00:33 tt-101 AM059_1951_SA_SU2012_JB_01 
"<$.>"
	"." Punctuation FS lang:es 00:00:30 00:00:33 tt-102 AM059_1951_SA_SU2012_JB_01 
</speaker>
<speaker type="int">

"<$¿>"
	"¿" Punctuation FS lang:es 00:00:33 00:00:38 tt-103 AM059_1951_SA_SU2012_JB_01 
"<Y>"
	"y" Conjunciton Conjunction CC lang:es 00:00:33 00:00:38 tt-104 AM059_1951_SA_SU2012_JB_01 SUBSTITUTE:385 
"<se>"
	"se" Other SE lang:es 00:00:33 00:00:38 tt-105 AM059_1951_SA_SU2012_JB_01 
"<impartían>"
	"UNK" Verb VLfin Pres Indi Plural 3rd lang:es 00:00:33 00:00:38 tt-106 AM059_1951_SA_SU2012_JB_01 
"<las>"
	"el" Determiner ART Plural Fem lang:es 00:00:33 00:00:38 tt-107 AM059_1951_SA_SU2012_JB_01 @Gram:Det:Art ADD:416 
"<clases>"
	"clase" Noun NC Plural lang:es 00:00:33 00:00:38 tt-108 AM059_1951_SA_SU2012_JB_01 
"<en>"
	"en" Preposition PREP lang:es 00:00:33 00:00:38 tt-109 AM059_1951_SA_SU2012_JB_01 @Gram:Prep ADD:614 
"<inglés>"
	"inglés" Noun NC Plural lang:es 00:00:33 00:00:38 tt-110 AM059_1951_SA_SU2012_JB_01 
"<o>"
	"o" Conjunciton Conjunction CC lang:es 00:00:33 00:00:38 tt-111 AM059_1951_SA_SU2012_JB_01 SUBSTITUTE:387 
"<español>"
	"español" Noun NC Singular lang:es 00:00:33 00:00:38 tt-112 AM059_1951_SA_SU2012_JB_01 
"<$?>"
	"?" Punctuation FS lang:es 00:00:33 00:00:38 tt-113 AM059_1951_SA_SU2012_JB_01 

"<Empecé>"
	"empezar" Verb VLfin Pret Indi Sing 1st lang:es 00:00:38 00:00:45 tt-114 AM059_1951_SA_SU2012_JB_01 @Gram:Indefinido ADD:688 
"<...>"
	"..." Punctuation DOTS lang:es 00:00:38 00:00:45 tt-115 AM059_1951_SA_SU2012_JB_01 
"<era>"
	"ser" Verb VEfin Imp Indi Sing 1st_or_3rd lang:es 00:00:38 00:00:45 tt-116 AM059_1951_SA_SU2012_JB_01 @Gram:Imperf @Gram:SerEstar:Ser ADD:679 ADD:803 
"<una>"
	"un" Determiner ART Singular lang:es 00:00:38 00:00:45 tt-117 AM059_1951_SA_SU2012_JB_01 
"<mezcla>"
	"mezcla" Noun NC Singular lang:es 00:00:38 00:00:45 tt-118 AM059_1951_SA_SU2012_JB_01 
"<$.>"
	"." Punctuation FS lang:es 00:00:38 00:00:45 tt-119 AM059_1951_SA_SU2012_JB_01 

"<O>"
	"o" Conjunciton CC Adverb ADV lang:es 00:00:38 00:00:45 tt-120 AM059_1951_SA_SU2012_JB_01 ID:120 R:Prag:MarcadoresDisc:Igualdad:121 SUBSTITUTE:387 ADDRELATION(Prag:MarcadoresDisc:Igualdad):1127 
"<sea>"
	"sea" Adverb ADV lang:es 00:00:38 00:00:45 tt-121 AM059_1951_SA_SU2012_JB_01 ID:121 
"<,>"
	"," Punctuation CM lang:es 00:00:38 00:00:45 tt-122 AM059_1951_SA_SU2012_JB_01 
"<empecé>"
	"empezar" Verb VLfin Pret Indi Sing 1st lang:es 00:00:38 00:00:45 tt-123 AM059_1951_SA_SU2012_JB_01 @Gram:Indefinido ADD:688 
"<clases>"
	"clase" Noun NC Plural lang:es 00:00:38 00:00:45 tt-124 AM059_1951_SA_SU2012_JB_01 
"<en>"
	"en" Preposition PREP lang:es 00:00:38 00:00:45 tt-125 AM059_1951_SA_SU2012_JB_01 @Gram:Prep ADD:614 
"<puro>"
	"puro" Adjective ADJ Singular lang:es 00:00:38 00:00:45 tt-126 AM059_1951_SA_SU2012_JB_01 
"<español>"
	"español" Noun NC Singular lang:es 00:00:38 00:00:45 tt-127 AM059_1951_SA_SU2012_JB_01 
"<y>"
	"y" Conjunciton Conjunction CC lang:es 00:00:38 00:00:45 tt-128 AM059_1951_SA_SU2012_JB_01 SUBSTITUTE:385 
"<luego>"
	"luego" Adverb ADV lang:es 00:00:38 00:00:45 tt-129 AM059_1951_SA_SU2012_JB_01 
"<me>"
	"yo" Pronoun PPX Singular lang:es 00:00:38 00:00:45 tt-130 AM059_1951_SA_SU2012_JB_01 @Gram:Pron:Objeto ADD:648 
"<ingresé>"
	"UNK" Verb VLfin Pret Indi Sing 1st lang:es 00:00:38 00:00:45 tt-131 AM059_1951_SA_SU2012_JB_01 @Gram:Indefinido ADD:688 
"<a>"
	"a" Preposition PREP lang:es 00:00:45 00:00:50 tt-132 AM059_1951_SA_SU2012_JB_01 @Gram:Prep SUBSTITUTE:389 ADD:614 
"<una>"
	"un" Determiner ART Singular lang:es 00:00:45 00:00:50 tt-133 AM059_1951_SA_SU2012_JB_01 
"<escuela>"
	"escuela" Noun NC Singular lang:es 00:00:45 00:00:50 tt-134 AM059_1951_SA_SU2012_JB_01 
"<que>"
	"que" Conjunction CQUE lang:es 00:00:45 00:00:50 tt-135 AM059_1951_SA_SU2012_JB_01 
"<era>"
	"ser" Verb VEfin Imp Indi Sing 1st_or_3rd lang:es 00:00:45 00:00:50 tt-136 AM059_1951_SA_SU2012_JB_01 @Gram:Imperf @Gram:SerEstar:Ser ADD:679 ADD:803 
"<la>"
	"el" Determiner ART Singular Fem lang:es 00:00:45 00:00:50 tt-137 AM059_1951_SA_SU2012_JB_01 @Gram:Det:Art ADD:416 
"<mitad>"
	"mitad" Noun NC Singular lang:es 00:00:45 00:00:50 tt-138 AM059_1951_SA_SU2012_JB_01 
"<del>"
	"del" Preposition PDEL lang:es 00:00:45 00:00:50 tt-139 AM059_1951_SA_SU2012_JB_01 @Gram:Prep ADD:614 
"<día>"
	"día" Noun NC Singular lang:es 00:00:45 00:00:50 tt-140 AM059_1951_SA_SU2012_JB_01 
"<en>"
	"en" Preposition PREP lang:es 00:00:45 00:00:50 tt-141 AM059_1951_SA_SU2012_JB_01 @Gram:Prep ADD:614 
"<inglés>"
	"inglés" Noun NC Plural lang:es 00:00:45 00:00:50 tt-142 AM059_1951_SA_SU2012_JB_01 
"<y>"
	"y" Conjunciton Conjunction CC lang:es 00:00:45 00:00:50 tt-143 AM059_1951_SA_SU2012_JB_01 SUBSTITUTE:385 
"<la>"
	"el" Determiner ART Singular Fem lang:es 00:00:45 00:00:50 tt-144 AM059_1951_SA_SU2012_JB_01 @Gram:Det:Art ADD:416 
"<mitad>"
	"mitad" Noun NC Singular lang:es 00:00:45 00:00:50 tt-145 AM059_1951_SA_SU2012_JB_01 
"<en>"
	"en" Preposition PREP lang:es 00:00:45 00:00:50 tt-146 AM059_1951_SA_SU2012_JB_01 @Gram:Prep ADD:614 
"<español>"
	"español" Noun NC Singular lang:es 00:00:45 00:00:50 tt-147 AM059_1951_SA_SU2012_JB_01 
"<$.>"
	"." Punctuation FS lang:es 00:00:45 00:00:50 tt-148 AM059_1951_SA_SU2012_JB_01 

"<Sí>"
	"sí" Adverb ADV lang:es 00:00:50 00:00:54 tt-149 AM059_1951_SA_SU2012_JB_01 
"<$.>"
	"." Punctuation FS lang:es 00:00:50 00:00:54 tt-150 AM059_1951_SA_SU2012_JB_01 

"<$¿>"
	"¿" Punctuation FS lang:es 00:00:50 00:00:54 tt-151 AM059_1951_SA_SU2012_JB_01 
"<Y>"
	"y" Conjunciton Conjunction CC lang:es 00:00:50 00:00:54 tt-152 AM059_1951_SA_SU2012_JB_01 SUBSTITUTE:385 
"<durante>"
	"durante" Preposition PREP lang:es 00:00:50 00:00:54 tt-153 AM059_1951_SA_SU2012_JB_01 @Gram:Prep ADD:614 
"<tu>"
	"tú" Pronoun PPX Singular lang:es 00:00:50 00:00:54 tt-154 AM059_1951_SA_SU2012_JB_01 @Gram:Det:Pos ADD:446 
"<infancia>"
	"infancia" Noun NC Singular lang:es 00:00:50 00:00:54 tt-155 AM059_1951_SA_SU2012_JB_01 
"<,>"
	"," Punctuation CM lang:es 00:00:50 00:00:54 tt-156 AM059_1951_SA_SU2012_JB_01 
"<qué>"
	"qué" Pronoun INT Singular lang:es 00:00:50 00:00:54 tt-157 AM059_1951_SA_SU2012_JB_01 
"<lenguas>"
	"lengua" Noun NC Plural lang:es 00:00:50 00:00:54 tt-158 AM059_1951_SA_SU2012_JB_01 
"<se>"
	"se" Other SE lang:es 00:00:50 00:00:54 tt-159 AM059_1951_SA_SU2012_JB_01 
"<hablaban>"
	"hablar" Verb VLfin Imp Indi Plural 3rd lang:es 00:00:50 00:00:54 tt-160 AM059_1951_SA_SU2012_JB_01 @Gram:Imperf ID:160 R:Vocab:Fraseol:VerbPrep:161 ADD:679 ADDRELATION(Vocab:Fraseol:VerbPrep):1209 
"<en>"
	"en" Preposition PREP lang:es 00:00:50 00:00:54 tt-161 AM059_1951_SA_SU2012_JB_01 @Gram:Prep ID:161 ADD:614 
"<tu>"
	"tú" Pronoun PPX Singular lang:es 00:00:50 00:00:54 tt-162 AM059_1951_SA_SU2012_JB_01 
"<casa>"
	"casar" Verb VLfin Pres Indi Sing 3rd lang:es 00:00:50 00:00:54 tt-163 AM059_1951_SA_SU2012_JB_01 
"<$?>"
	"?" Punctuation FS lang:es 00:00:50 00:00:54 tt-164 AM059_1951_SA_SU2012_JB_01 
</speaker>
<speaker type="subj">

"<En>"
	"en" Preposition PREP lang:es 00:00:54 00:01:01 tt-165 AM059_1951_SA_SU2012_JB_01 @Gram:Prep ADD:614 
"<mi>"
	"mío" Pronoun PPO Singular lang:es 00:00:54 00:01:01 tt-166 AM059_1951_SA_SU2012_JB_01 @Gram:Det:Pos ADD:446 
"<casa>"
	"casa" Noun NC Singular lang:es 00:00:54 00:01:01 tt-167 AM059_1951_SA_SU2012_JB_01 
"<la>"
	"el" Determiner ART Singular Fem lang:es 00:00:54 00:01:01 tt-168 AM059_1951_SA_SU2012_JB_01 @Gram:Det:Art ADD:416 
"<...>"
	"..." Punctuation DOTS lang:es 00:00:54 00:01:01 tt-169 AM059_1951_SA_SU2012_JB_01 
"<bueno>"
	"bueno" Adjective ADJ Singular lang:es 00:00:54 00:01:01 tt-170 AM059_1951_SA_SU2012_JB_01 
"<,>"
	"," Punctuation CM lang:es 00:00:54 00:01:01 tt-171 AM059_1951_SA_SU2012_JB_01 
"<inglés>"
	"inglés" Adjective ADJ Plural lang:es 00:00:54 00:01:01 tt-172 AM059_1951_SA_SU2012_JB_01 
"<y>"
	"y" Conjunciton Conjunction CC lang:es 00:00:54 00:01:01 tt-173 AM059_1951_SA_SU2012_JB_01 SUBSTITUTE:385 
"<español>"
	"español" Adjective ADJ Singular lang:es 00:00:54 00:01:01 tt-174 AM059_1951_SA_SU2012_JB_01 
"<porque>"
	"porque" Conjunction CSUBX lang:es 00:00:54 00:01:01 tt-175 AM059_1951_SA_SU2012_JB_01 @Prag:MarcadoresDisc:Causa ADD:1085 
"<en>"
	"en" Preposition PREP lang:es 00:00:54 00:01:01 tt-176 AM059_1951_SA_SU2012_JB_01 @Gram:Prep ADD:614 
"<...>"
	"..." Punctuation DOTS lang:es 00:00:54 00:01:01 tt-177 AM059_1951_SA_SU2012_JB_01 
"<dentro>"
	"dentro" Preposition PREP lang:es 00:00:54 00:01:01 tt-178 AM059_1951_SA_SU2012_JB_01 @Gram:Prep ADD:614 
"<de>"
	"de" Preposition PREP lang:es 00:00:54 00:01:01 tt-179 AM059_1951_SA_SU2012_JB_01 @Gram:Prep ADD:614 
"<mi>"
	"mío" Pronoun PPO Singular lang:es 00:00:54 00:01:01 tt-180 AM059_1951_SA_SU2012_JB_01 @Gram:Det:Pos ADD:446 
"<familia>"
	"familia" Noun NC Singular lang:es 00:00:54 00:01:01 tt-181 AM059_1951_SA_SU2012_JB_01 
"<hablábamos>"
	"hablar" Verb VLfin Imp Indi Plural 1st lang:es 00:00:54 00:01:01 tt-182 AM059_1951_SA_SU2012_JB_01 @Gram:Imperf ADD:679 
"<...>"
	"..." Punctuation DOTS lang:es 00:00:54 00:01:01 tt-183 AM059_1951_SA_SU2012_JB_01 
"<hablábamos>"
	"hablar" Verb VLfin Imp Indi Plural 1st lang:es 00:01:01 00:01:06 tt-184 AM059_1951_SA_SU2012_JB_01 @Gram:Imperf ADD:679 
"<más>"
	"más" Adverb ADV lang:es 00:01:01 00:01:06 tt-185 AM059_1951_SA_SU2012_JB_01 
"<inglés>"
	"inglés" Noun NC Plural lang:es 00:01:01 00:01:06 tt-186 AM059_1951_SA_SU2012_JB_01 
"<$.>"
	"." Punctuation FS lang:es 00:01:01 00:01:06 tt-187 AM059_1951_SA_SU2012_JB_01 

"<Pero>"
	"pero" Conjunction CCAD lang:es 00:01:01 00:01:06 tt-188 AM059_1951_SA_SU2012_JB_01 @Prag:MarcadoresDisc:Revision ADD:1032 
"<con>"
	"con" Preposition PREP lang:es 00:01:01 00:01:06 tt-189 AM059_1951_SA_SU2012_JB_01 @Gram:Prep ADD:614 
"<todo>"
	"todo" Determiner QU lang:es 00:01:01 00:01:06 tt-190 AM059_1951_SA_SU2012_JB_01 
"<...>"
	"..." Punctuation DOTS lang:es 00:01:01 00:01:06 tt-191 AM059_1951_SA_SU2012_JB_01 
"<la>"
	"el" Determiner ART Singular Fem lang:es 00:01:01 00:01:06 tt-192 AM059_1951_SA_SU2012_JB_01 @Gram:Det:Art ADD:416 
"<ayuda>"
	"ayuda" Noun NC Singular lang:es 00:01:01 00:01:06 tt-193 AM059_1951_SA_SU2012_JB_01 
"<,>"
	"," Punctuation CM lang:es 00:01:01 00:01:06 tt-194 AM059_1951_SA_SU2012_JB_01 
"<hablábamos>"
	"hablar" Verb VLfin Imp Indi Plural 1st lang:es 00:01:01 00:01:06 tt-195 AM059_1951_SA_SU2012_JB_01 @Gram:Imperf ADD:679 
"<español>"
	"español" Adjective ADJ Singular lang:es 00:01:01 00:01:06 tt-196 AM059_1951_SA_SU2012_JB_01 
"<$.>"
	"." Punctuation FS lang:es 00:01:01 00:01:06 tt-197 AM059_1951_SA_SU2012_JB_01 
</speaker>
<speaker type="int">

"<Sí>"
	"sí" Adverb ADV lang:es 00:01:06 00:01:07 tt-198 AM059_1951_SA_SU2012_JB_01 
"<$.>"
	"." Punctuation FS lang:es 00:01:06 00:01:07 tt-199 AM059_1951_SA_SU2012_JB_01 

"<$¿>"
	"¿" Punctuation FS lang:es 00:01:06 00:01:07 tt-200 AM059_1951_SA_SU2012_JB_01 
"<Y>"
	"y" Conjunciton Conjunction CC lang:es 00:01:06 00:01:07 tt-201 AM059_1951_SA_SU2012_JB_01 SUBSTITUTE:385 
"<tienes>"
	"tener" Verb VLfin Pres Indi Sing 2nd lang:es 00:01:06 00:01:07 tt-202 AM059_1951_SA_SU2012_JB_01 
"<hermanos>"
	"hermano" Noun NC Plural lang:es 00:01:06 00:01:07 tt-203 AM059_1951_SA_SU2012_JB_01 
"<$?>"
	"?" Punctuation FS lang:es 00:01:06 00:01:07 tt-204 AM059_1951_SA_SU2012_JB_01 

"<Tengo>"
	"tener" Verb VLfin Pres Indi Sing 1st lang:es 00:01:07 00:01:09 tt-205 AM059_1951_SA_SU2012_JB_01 
"<tres>"
	"tres" Determiner CARD Plural lang:es 00:01:07 00:01:09 tt-206 AM059_1951_SA_SU2012_JB_01 
"<hermanas>"
	"hermano" Noun NC Plural lang:es 00:01:07 00:01:09 tt-207 AM059_1951_SA_SU2012_JB_01 
"<$.>"
	"." Punctuation FS lang:es 00:01:07 00:01:09 tt-208 AM059_1951_SA_SU2012_JB_01 

"<$¿>"
	"¿" Punctuation FS lang:es 00:01:09 00:01:12 tt-209 AM059_1951_SA_SU2012_JB_01 
"<Con>"
	"con" Preposition PREP lang:es 00:01:09 00:01:12 tt-210 AM059_1951_SA_SU2012_JB_01 @Gram:Prep ADD:614 
"<ellas>"
	"él" Pronoun PPX Plural lang:es 00:01:09 00:01:12 tt-211 AM059_1951_SA_SU2012_JB_01 @Gram:Pron:Sujeto ADD:624 
"<hablas>"
	"hablar" Verb VLfin Pres Indi Sing 2nd lang:es 00:01:09 00:01:12 tt-212 AM059_1951_SA_SU2012_JB_01 
"<...>"
	"..." Punctuation DOTS lang:es 00:01:09 00:01:12 tt-213 AM059_1951_SA_SU2012_JB_01 
"<hablaste>"
	"hablar" Verb VLfin Pret Indi Sing 2nd lang:es 00:01:09 00:01:12 tt-214 AM059_1951_SA_SU2012_JB_01 @Gram:Indefinido ID:214 R:Vocab:Fraseol:VerbPrep:215 ADD:688 ADDRELATION(Vocab:Fraseol:VerbPrep):1209 
"<en>"
	"en" Preposition PREP lang:es 00:01:09 00:01:12 tt-215 AM059_1951_SA_SU2012_JB_01 @Gram:Prep ID:215 ADD:614 
"<inglés>"
	"inglés" Noun NC Plural lang:es 00:01:09 00:01:12 tt-216 AM059_1951_SA_SU2012_JB_01 
"<o>"
	"o" Conjunciton Conjunction CC lang:es 00:01:09 00:01:12 tt-217 AM059_1951_SA_SU2012_JB_01 SUBSTITUTE:387 
"<español>"
	"español" Noun NC Singular lang:es 00:01:09 00:01:12 tt-218 AM059_1951_SA_SU2012_JB_01 
"<$?>"
	"?" Punctuation FS lang:es 00:01:09 00:01:12 tt-219 AM059_1951_SA_SU2012_JB_01 
</speaker>
<speaker type="subj">

"<Con>"
	"con" Preposition PREP lang:es 00:01:12 00:01:14 tt-220 AM059_1951_SA_SU2012_JB_01 @Gram:Prep ADD:614 
"<dos>"
	"dos" Determiner CARD Plural lang:es 00:01:12 00:01:14 tt-221 AM059_1951_SA_SU2012_JB_01 
"<en>"
	"en" Preposition PREP lang:es 00:01:12 00:01:14 tt-222 AM059_1951_SA_SU2012_JB_01 @Gram:Prep ADD:614 
"<inglés>"
	"inglés" Noun NC Plural lang:es 00:01:12 00:01:14 tt-223 AM059_1951_SA_SU2012_JB_01 
"<$.>"
	"." Punctuation FS lang:es 00:01:12 00:01:14 tt-224 AM059_1951_SA_SU2012_JB_01 
</speaker>
<speaker type="int">

"<Sí>"
	"sí" Adverb ADV lang:es 00:01:14 00:01:14 tt-225 AM059_1951_SA_SU2012_JB_01 
"<$.>"
	"." Punctuation FS lang:es 00:01:14 00:01:14 tt-226 AM059_1951_SA_SU2012_JB_01 

"<Y>"
	"y" Conjunciton CC lang:es 00:01:14 00:01:16 tt-227 AM059_1951_SA_SU2012_JB_01 SUBSTITUTE:385 SUBSTITUTE:386 
"<con>"
	"con" Preposition PREP lang:es 00:01:14 00:01:16 tt-228 AM059_1951_SA_SU2012_JB_01 @Gram:Prep ADD:614 
"<una>"
	"un" Determiner ART Singular lang:es 00:01:14 00:01:16 tt-229 AM059_1951_SA_SU2012_JB_01 
"<en>"
	"en" Preposition PREP lang:es 00:01:14 00:01:16 tt-230 AM059_1951_SA_SU2012_JB_01 @Gram:Prep ADD:614 
"<español>"
	"español" Noun NC Singular lang:es 00:01:14 00:01:16 tt-231 AM059_1951_SA_SU2012_JB_01 
"<$.>"
	"." Punctuation FS lang:es 00:01:14 00:01:16 tt-232 AM059_1951_SA_SU2012_JB_01 

"<$¿>"
	"¿" Punctuation FS lang:es 00:01:16 00:01:18 tt-233 AM059_1951_SA_SU2012_JB_01 
"<Y>"
	"y" Conjunciton Conjunction CC lang:es 00:01:16 00:01:18 tt-234 AM059_1951_SA_SU2012_JB_01 SUBSTITUTE:385 
"<por>"
	"por" Preposition PREP lang:es 00:01:16 00:01:18 tt-235 AM059_1951_SA_SU2012_JB_01 @Gram:Prep:Por SUBSTITUTE:262 ADD:608 
"<qué>"
	"qué" Adverb ADV lang:es 00:01:16 00:01:18 tt-236 AM059_1951_SA_SU2012_JB_01 
"<$?>"
	"?" Punctuation FS lang:es 00:01:16 00:01:18 tt-237 AM059_1951_SA_SU2012_JB_01 
</speaker>
<speaker type="subj">

"<Porque>"
	"porque" Conjunction CSUBX lang:es 00:01:18 00:01:24 tt-238 AM059_1951_SA_SU2012_JB_01 @Prag:MarcadoresDisc:Causa ADD:1085 
"<eh>"
	"eh" Noun NP Singular lang:es 00:01:18 00:01:24 tt-239 AM059_1951_SA_SU2012_JB_01 
"<...>"
	"..." Punctuation DOTS lang:es 00:01:18 00:01:24 tt-240 AM059_1951_SA_SU2012_JB_01 
"<dos>"
	"dos" Determiner CARD Plural lang:es 00:01:18 00:01:24 tt-241 AM059_1951_SA_SU2012_JB_01 
"<de>"
	"de" Preposition PREP lang:es 00:01:18 00:01:24 tt-242 AM059_1951_SA_SU2012_JB_01 @Gram:Prep ADD:614 
"<ellas>"
	"él" Pronoun PPX Plural lang:es 00:01:18 00:01:24 tt-243 AM059_1951_SA_SU2012_JB_01 @Gram:Pron:Sujeto ADD:624 
"<se>"
	"se" Other SE lang:es 00:01:18 00:01:24 tt-244 AM059_1951_SA_SU2012_JB_01 
"<vinieron>"
	"venir" Verb VLfin Pret Indi Plural 3rd lang:es 00:01:18 00:01:24 tt-245 AM059_1951_SA_SU2012_JB_01 @Gram:Indefinido ADD:688 
"<a>"
	"a" Preposition PREP lang:es 00:01:18 00:01:24 tt-246 AM059_1951_SA_SU2012_JB_01 @Gram:Prep SUBSTITUTE:389 ADD:614 
"<hacer>"
	"hacer" Verb VLinf Infinitive lang:es 00:01:18 00:01:24 tt-247 AM059_1951_SA_SU2012_JB_01 SUBSTITUTE:320 
"<su>"
	"suyo" Pronoun PPO Singular lang:es 00:01:18 00:01:24 tt-248 AM059_1951_SA_SU2012_JB_01 @Gram:Det:Pos ADD:446 
"<escuela>"
	"escuela" Noun NC Singular lang:es 00:01:18 00:01:24 tt-249 AM059_1951_SA_SU2012_JB_01 
"<en>"
	"en" Preposition PREP lang:es 00:01:18 00:01:24 tt-250 AM059_1951_SA_SU2012_JB_01 @Gram:Prep ADD:614 
"<los>"
	"el" Determiner ART Plural Masc lang:es 00:01:18 00:01:24 tt-251 AM059_1951_SA_SU2012_JB_01 @Gram:Det:Art ADD:416 
"<Estados>"
	"Estados" Noun NP Plural lang:es 00:01:18 00:01:24 tt-252 AM059_1951_SA_SU2012_JB_01 ID:252 R:Vocab:Entities:Geo:253 ADDRELATION(Vocab:Entities:Geo):1196 
"<Unidos>"
	"Unidos" Noun NP Plural lang:es 00:01:18 00:01:24 tt-253 AM059_1951_SA_SU2012_JB_01 ID:253 
"<$.>"
	"." Punctuation FS lang:es 00:01:18 00:01:24 tt-254 AM059_1951_SA_SU2012_JB_01 

"<Y>"
	"y" Conjunciton Conjunction CC lang:es 00:01:18 00:01:24 tt-255 AM059_1951_SA_SU2012_JB_01 SUBSTITUTE:385 
"<una>"
	"un" Determiner ART Singular lang:es 00:01:18 00:01:24 tt-256 AM059_1951_SA_SU2012_JB_01 
"<se>"
	"se" Other SE lang:es 00:01:18 00:01:24 tt-257 AM059_1951_SA_SU2012_JB_01 
"<quedó>"
	"quedar" Verb VLfin Pret Indi Sing 3rd lang:es 00:01:24 00:01:29 tt-258 AM059_1951_SA_SU2012_JB_01 @Gram:Indefinido ADD:688 
"<en>"
	"en" Preposition PREP lang:es 00:01:24 00:01:29 tt-259 AM059_1951_SA_SU2012_JB_01 @Gram:Prep ADD:614 
"<México>"
	"México" Noun NP Singular lang:es 00:01:24 00:01:29 tt-260 AM059_1951_SA_SU2012_JB_01 
"<$.>"
	"." Punctuation FS lang:es 00:01:24 00:01:29 tt-261 AM059_1951_SA_SU2012_JB_01 

"<Entonces>"
	"entonces" Adverb ADV lang:es 00:01:24 00:01:29 tt-262 AM059_1951_SA_SU2012_JB_01 
"<la>"
	"el" Determiner ART Singular Fem lang:es 00:01:24 00:01:29 tt-263 AM059_1951_SA_SU2012_JB_01 @Gram:Det:Art ADD:416 
"<que>"
	"que" Conjunction CQUE lang:es 00:01:24 00:01:29 tt-264 AM059_1951_SA_SU2012_JB_01 
"<se>"
	"se" Other SE lang:es 00:01:24 00:01:29 tt-265 AM059_1951_SA_SU2012_JB_01 
"<quedó>"
	"quedar" Verb VLfin Pret Indi Sing 3rd lang:es 00:01:24 00:01:29 tt-266 AM059_1951_SA_SU2012_JB_01 @Gram:Indefinido ADD:688 
"<en>"
	"en" Preposition PREP lang:es 00:01:24 00:01:29 tt-267 AM059_1951_SA_SU2012_JB_01 @Gram:Prep ADD:614 
"<México>"
	"México" Noun NP Singular lang:es 00:01:24 00:01:29 tt-268 AM059_1951_SA_SU2012_JB_01 
"<hablábamos>"
	"hablar" Verb VLfin Imp Indi Plural 1st lang:es 00:01:24 00:01:29 tt-269 AM059_1951_SA_SU2012_JB_01 @Gram:Imperf ID:269 R:Vocab:Fraseol:VerbPrep:272 ADD:679 ADDRELATION(Vocab:Fraseol:VerbPrep):1209 
"<casi>"
	"casi" Adverb ADV lang:es 00:01:24 00:01:29 tt-270 AM059_1951_SA_SU2012_JB_01 
"<todo>"
	"todo" Determiner QU lang:es 00:01:24 00:01:29 tt-271 AM059_1951_SA_SU2012_JB_01 
"<en>"
	"en" Preposition PREP lang:es 00:01:24 00:01:29 tt-272 AM059_1951_SA_SU2012_JB_01 @Gram:Prep ID:272 ADD:614 
"<español>"
	"español" Noun NC Singular lang:es 00:01:24 00:01:29 tt-273 AM059_1951_SA_SU2012_JB_01 
"<$.>"
	"." Punctuation FS lang:es 00:01:24 00:01:29 tt-274 AM059_1951_SA_SU2012_JB_01 
</speaker>
<speaker type="int">

"<Aha>"
	"aha" Noun NP Singular lang:es 00:01:29 00:01:33 tt-275 AM059_1951_SA_SU2012_JB_01 
"<$.>"
	"." Punctuation FS lang:es 00:01:29 00:01:33 tt-276 AM059_1951_SA_SU2012_JB_01 

"<$¿>"
	"¿" Punctuation FS lang:es 00:01:29 00:01:33 tt-277 AM059_1951_SA_SU2012_JB_01 
"<Y>"
	"y" Conjunciton Conjunction CC lang:es 00:01:29 00:01:33 tt-278 AM059_1951_SA_SU2012_JB_01 SUBSTITUTE:385 
"<hoy>"
	"hoy" Adverb ADV lang:es 00:01:29 00:01:33 tt-279 AM059_1951_SA_SU2012_JB_01 
"<en>"
	"en" Preposition PREP lang:es 00:01:29 00:01:33 tt-280 AM059_1951_SA_SU2012_JB_01 @Gram:Prep ADD:614 
"<día>"
	"día" Noun NC Singular lang:es 00:01:29 00:01:33 tt-281 AM059_1951_SA_SU2012_JB_01 
"<hablas>"
	"hablar" Verb VLfin Pres Indi Sing 2nd lang:es 00:01:29 00:01:33 tt-282 AM059_1951_SA_SU2012_JB_01 
"<español>"
	"español" Noun NC Singular lang:es 00:01:29 00:01:33 tt-283 AM059_1951_SA_SU2012_JB_01 
"<a>"
	"a" Preposition PREP lang:es 00:01:29 00:01:33 tt-284 AM059_1951_SA_SU2012_JB_01 @Gram:Prep SUBSTITUTE:389 ADD:614 
"<diario>"
	"diario" Noun NC Singular lang:es 00:01:29 00:01:33 tt-285 AM059_1951_SA_SU2012_JB_01 
"<$?>"
	"?" Punctuation FS lang:es 00:01:29 00:01:33 tt-286 AM059_1951_SA_SU2012_JB_01 

"<Todos>"
	"todo" Determiner QU lang:es 00:01:33 00:01:35 tt-287 AM059_1951_SA_SU2012_JB_01 ID:287 R:Gram:Det:DetCombi:288 ADDRELATION(Gram:Det:DetCombi):489 
"<los>"
	"el" Determiner ART Plural Masc lang:es 00:01:33 00:01:35 tt-288 AM059_1951_SA_SU2012_JB_01 @Gram:Det:Art ID:288 ADD:416 
"<días>"
	"día" Noun NC Plural lang:es 00:01:33 00:01:35 tt-289 AM059_1951_SA_SU2012_JB_01 
"<$.>"
	"." Punctuation FS lang:es 00:01:33 00:01:35 tt-290 AM059_1951_SA_SU2012_JB_01 

"<Todos>"
	"todo" Determiner QU lang:es 00:01:35 00:01:35 tt-291 AM059_1951_SA_SU2012_JB_01 ID:291 R:Gram:Det:DetCombi:292 ADDRELATION(Gram:Det:DetCombi):489 
"<los>"
	"el" Determiner ART Plural Masc lang:es 00:01:35 00:01:35 tt-292 AM059_1951_SA_SU2012_JB_01 @Gram:Det:Art ID:292 ADD:416 
"<días>"
	"día" Noun NC Plural lang:es 00:01:35 00:01:35 tt-293 AM059_1951_SA_SU2012_JB_01 
"<$.>"
	"." Punctuation FS lang:es 00:01:35 00:01:35 tt-294 AM059_1951_SA_SU2012_JB_01 

"<La>"
	"el" Determiner ART Singular Fem lang:es 00:01:35 00:01:38 tt-295 AM059_1951_SA_SU2012_JB_01 @Gram:Det:Art ADD:416 
"<mayoría>"
	"mayoría" Noun NC Singular lang:es 00:01:35 00:01:38 tt-296 AM059_1951_SA_SU2012_JB_01 
"<de>"
	"de" Preposition PREP lang:es 00:01:35 00:01:38 tt-297 AM059_1951_SA_SU2012_JB_01 @Gram:Prep ADD:614 
"<lo>"
	"el" Determiner ART Singular lang:es 00:01:35 00:01:38 tt-298 AM059_1951_SA_SU2012_JB_01 ID:298 R:Gram:Det:LoAdj:299 ADDRELATION(Gram:Det:LoAdj):422 
"<que>"
	"que" Conjunction CQUE lang:es 00:01:35 00:01:38 tt-299 AM059_1951_SA_SU2012_JB_01 ID:299 
"<hablo>"
	"hablar" Verb VLfin Pres Indi Sing 1st lang:es 00:01:35 00:01:38 tt-300 AM059_1951_SA_SU2012_JB_01 
"<es>"
	"ser" Verb VSfin Pres Indi Sing 3rd lang:es 00:01:35 00:01:38 tt-301 AM059_1951_SA_SU2012_JB_01 @Gram:SerEstar:Ser ADD:803 
"<español>"
	"español" Adjective ADJ Singular lang:es 00:01:35 00:01:38 tt-302 AM059_1951_SA_SU2012_JB_01 
"<$.>"
	"." Punctuation FS lang:es 00:01:35 00:01:38 tt-303 AM059_1951_SA_SU2012_JB_01 
</speaker>
</text>

