<text id="AM059_1951_SA_SU2012_JB_07">
<speaker type="int">
"<Sí>"
	"sí" Adverb ADV lang:es 00:00:00 00:00:06 tt-3136 AM059_1951_SA_SU2012_JB_07 
"<$.>"
	"." Punctuation FS lang:es 00:00:00 00:00:06 tt-3137 AM059_1951_SA_SU2012_JB_07 

"<$¿>"
	"¿" Punctuation FS lang:es 00:00:00 00:00:06 tt-3138 AM059_1951_SA_SU2012_JB_07 
"<Y>"
	"y" Conjunciton Conjunction CC lang:es 00:00:00 00:00:06 tt-3139 AM059_1951_SA_SU2012_JB_07 SUBSTITUTE:385 
"<cuando>"
	"cuando" Conjunction CSUBX lang:es 00:00:00 00:00:06 tt-3140 AM059_1951_SA_SU2012_JB_07 
"<conoces>"
	"conocer" Verb VLfin Pres Indi Sing 2nd lang:es 00:00:00 00:00:06 tt-3141 AM059_1951_SA_SU2012_JB_07 
"<a>"
	"a" Preposition PREP lang:es 00:00:00 00:00:06 tt-3142 AM059_1951_SA_SU2012_JB_07 @Gram:Prep SUBSTITUTE:389 ADD:614 
"<una>"
	"un" Determiner ART Singular lang:es 00:00:00 00:00:06 tt-3143 AM059_1951_SA_SU2012_JB_07 
"<persona>"
	"persona" Noun NC Singular lang:es 00:00:00 00:00:06 tt-3144 AM059_1951_SA_SU2012_JB_07 
"<latina>"
	"latino" Adjective ADJ Singular lang:es 00:00:00 00:00:06 tt-3145 AM059_1951_SA_SU2012_JB_07 
"<o>"
	"o" Conjunciton Conjunction CC lang:es 00:00:00 00:00:06 tt-3146 AM059_1951_SA_SU2012_JB_07 SUBSTITUTE:387 
"<hispana>"
	"hispano" Adjective ADJ Singular lang:es 00:00:00 00:00:06 tt-3147 AM059_1951_SA_SU2012_JB_07 
"<por>"
	"por" Preposition PREP lang:es 00:00:00 00:00:06 tt-3148 AM059_1951_SA_SU2012_JB_07 @Gram:Prep:Por SUBSTITUTE:262 ADD:608 
"<primera>"
	"primero" Adjective ORD Singular lang:es 00:00:00 00:00:06 tt-3149 AM059_1951_SA_SU2012_JB_07 Gram:Adj:Ord ADD:528 
"<vez>"
	"vez" Noun NC Singular lang:es 00:00:00 00:00:06 tt-3150 AM059_1951_SA_SU2012_JB_07 
"<,>"
	"," Punctuation CM lang:es 00:00:00 00:00:06 tt-3151 AM059_1951_SA_SU2012_JB_07 
"<cómo>"
	"cómo" Adverb ADV lang:es 00:00:00 00:00:06 tt-3152 AM059_1951_SA_SU2012_JB_07 
"<sabes>"
	"saber" Verb VLfin Pres Indi Sing 2nd lang:es 00:00:00 00:00:06 tt-3153 AM059_1951_SA_SU2012_JB_07 
"<si>"
	"si" Conjunction CSUBX lang:es 00:00:06 00:00:08 tt-3154 AM059_1951_SA_SU2012_JB_07 
"<hablar>"
	"hablar" Verb VLinf Infinitive lang:es 00:00:06 00:00:08 tt-3155 AM059_1951_SA_SU2012_JB_07 ID:20 R:Vocab:Fraseol:VerbPrep:21 SUBSTITUTE:320 ADDRELATION(Vocab:Fraseol:VerbPrep):1209 
"<en>"
	"en" Preposition PREP lang:es 00:00:06 00:00:08 tt-3156 AM059_1951_SA_SU2012_JB_07 @Gram:Prep ID:21 ADD:614 
"<inglés>"
	"inglés" Noun NC Plural lang:es 00:00:06 00:00:08 tt-3157 AM059_1951_SA_SU2012_JB_07 
"<o>"
	"o" Conjunciton Conjunction CC lang:es 00:00:06 00:00:08 tt-3158 AM059_1951_SA_SU2012_JB_07 SUBSTITUTE:387 
"<español>"
	"español" Noun NC Singular lang:es 00:00:06 00:00:08 tt-3159 AM059_1951_SA_SU2012_JB_07 
"<$?>"
	"?" Punctuation FS lang:es 00:00:06 00:00:08 tt-3160 AM059_1951_SA_SU2012_JB_07 
</speaker>
<speaker type="subj">

"<Pues>"
	"pues" Conjunction CSUBF lang:es 00:00:08 00:00:15 tt-3161 AM059_1951_SA_SU2012_JB_07 
"<,>"
	"," Punctuation CM lang:es 00:00:08 00:00:15 tt-3162 AM059_1951_SA_SU2012_JB_07 
"<depende>"
	"depender" Verb VLfin Pres Indi Sing 3rd lang:es 00:00:08 00:00:15 tt-3163 AM059_1951_SA_SU2012_JB_07 
"<$.>"
	"." Punctuation FS lang:es 00:00:08 00:00:15 tt-3164 AM059_1951_SA_SU2012_JB_07 

"<Si>"
	"si" Conjunction CSUBX lang:es 00:00:08 00:00:15 tt-3165 AM059_1951_SA_SU2012_JB_07 
"<es>"
	"ser" Verb VSfin Pres Indi Sing 3rd lang:es 00:00:08 00:00:15 tt-3166 AM059_1951_SA_SU2012_JB_07 @Gram:SerEstar:Ser ADD:803 
"<latina>"
	"latino" Adjective ADJ Singular lang:es 00:00:08 00:00:15 tt-3167 AM059_1951_SA_SU2012_JB_07 
"<o>"
	"o" Conjunciton Conjunction CC lang:es 00:00:08 00:00:15 tt-3168 AM059_1951_SA_SU2012_JB_07 SUBSTITUTE:387 
"<hispana>"
	"hispano" Adjective ADJ Singular lang:es 00:00:08 00:00:15 tt-3169 AM059_1951_SA_SU2012_JB_07 
"<de>"
	"de" Preposition PREP lang:es 00:00:08 00:00:15 tt-3170 AM059_1951_SA_SU2012_JB_07 @Gram:Prep ADD:614 
"<aquí>"
	"aquí" Adverb ADV lang:es 00:00:08 00:00:15 tt-3171 AM059_1951_SA_SU2012_JB_07 
"<,>"
	"," Punctuation CM lang:es 00:00:08 00:00:15 tt-3172 AM059_1951_SA_SU2012_JB_07 
"<normalmente>"
	"normalmente" Adverb ADV lang:es 00:00:08 00:00:15 tt-3173 AM059_1951_SA_SU2012_JB_07 
"<es>"
	"ser" Verb VSfin Pres Indi Sing 3rd lang:es 00:00:08 00:00:15 tt-3174 AM059_1951_SA_SU2012_JB_07 @Gram:SerEstar:Ser ADD:803 
"<inglés>"
	"inglés" Adjective ADJ Plural lang:es 00:00:08 00:00:15 tt-3175 AM059_1951_SA_SU2012_JB_07 
"<$.>"
	"." Punctuation FS lang:es 00:00:08 00:00:15 tt-3176 AM059_1951_SA_SU2012_JB_07 

"<Si>"
	"si" Conjunction CSUBX lang:es 00:00:08 00:00:15 tt-3177 AM059_1951_SA_SU2012_JB_07 
"<es>"
	"ser" Verb VSfin Pres Indi Sing 3rd lang:es 00:00:08 00:00:15 tt-3178 AM059_1951_SA_SU2012_JB_07 @Gram:SerEstar:Ser ADD:803 
"<latino>"
	"latino" Adjective ADJ Singular lang:es 00:00:08 00:00:15 tt-3179 AM059_1951_SA_SU2012_JB_07 
"<de>"
	"de" Preposition PREP lang:es 00:00:16 00:00:22 tt-3180 AM059_1951_SA_SU2012_JB_07 @Gram:Prep ADD:614 
"<México>"
	"México" Noun NP Singular lang:es 00:00:16 00:00:22 tt-3181 AM059_1951_SA_SU2012_JB_07 
"<,>"
	"," Punctuation CM lang:es 00:00:16 00:00:22 tt-3182 AM059_1951_SA_SU2012_JB_07 
"<es>"
	"ser" Verb VSfin Pres Indi Sing 3rd lang:es 00:00:16 00:00:22 tt-3183 AM059_1951_SA_SU2012_JB_07 @Gram:SerEstar:Ser ADD:803 
"<normalmente>"
	"normalmente" Adverb ADV lang:es 00:00:16 00:00:22 tt-3184 AM059_1951_SA_SU2012_JB_07 
"<la>"
	"el" Determiner ART Singular Fem lang:es 00:00:16 00:00:22 tt-3185 AM059_1951_SA_SU2012_JB_07 @Gram:Det:Art ADD:416 
"<plática>"
	"plática" Noun NC Singular lang:es 00:00:16 00:00:22 tt-3186 AM059_1951_SA_SU2012_JB_07 
"<se>"
	"se" Other SE lang:es 00:00:16 00:00:22 tt-3187 AM059_1951_SA_SU2012_JB_07 
"<vuelve>"
	"volver" Verb VLfin Pres Indi Sing 3rd lang:es 00:00:16 00:00:22 tt-3188 AM059_1951_SA_SU2012_JB_07 
"<en>"
	"en" Preposition PREP lang:es 00:00:16 00:00:22 tt-3189 AM059_1951_SA_SU2012_JB_07 @Gram:Prep ADD:614 
"<español>"
	"español" Noun NC Singular lang:es 00:00:16 00:00:22 tt-3190 AM059_1951_SA_SU2012_JB_07 
"<$.>"
	"." Punctuation FS lang:es 00:00:16 00:00:22 tt-3191 AM059_1951_SA_SU2012_JB_07 
</speaker>
<speaker type="int">

"<$¿>"
	"¿" Punctuation FS lang:es 00:00:22 00:00:28 tt-3192 AM059_1951_SA_SU2012_JB_07 
"<Y>"
	"y" Conjunciton Conjunction CC lang:es 00:00:22 00:00:28 tt-3193 AM059_1951_SA_SU2012_JB_07 SUBSTITUTE:385 
"<piensas>"
	"pensar" Verb VLfin Pres Indi Sing 2nd lang:es 00:00:22 00:00:28 tt-3194 AM059_1951_SA_SU2012_JB_07 
"<que>"
	"que" Conjunction CQUE lang:es 00:00:22 00:00:28 tt-3195 AM059_1951_SA_SU2012_JB_07 
"<hay>"
	"haber" Verb VHfin Pres Indi Sing 3rd lang:es 00:00:22 00:00:28 tt-3196 AM059_1951_SA_SU2012_JB_07 @Gram:Haber:Exist ADD:819 
"<dialectos>"
	"dialecto" Noun NC Plural lang:es 00:00:22 00:00:28 tt-3197 AM059_1951_SA_SU2012_JB_07 
"<distintos>"
	"distinto" Adjective ADJ Plural lang:es 00:00:22 00:00:28 tt-3198 AM059_1951_SA_SU2012_JB_07 
"<del>"
	"del" Preposition PDEL lang:es 00:00:22 00:00:28 tt-3199 AM059_1951_SA_SU2012_JB_07 @Gram:Prep ADD:614 
"<español>"
	"español" Noun NC Singular lang:es 00:00:22 00:00:28 tt-3200 AM059_1951_SA_SU2012_JB_07 
"<que>"
	"que" Conjunction CQUE lang:es 00:00:22 00:00:28 tt-3201 AM059_1951_SA_SU2012_JB_07 
"<se>"
	"se" Other SE lang:es 00:00:22 00:00:28 tt-3202 AM059_1951_SA_SU2012_JB_07 
"<hablan>"
	"hablar" Verb VLfin Pres Indi Plural 3rd lang:es 00:00:22 00:00:28 tt-3203 AM059_1951_SA_SU2012_JB_07 ID:68 R:Vocab:Fraseol:VerbPrep:69 ADDRELATION(Vocab:Fraseol:VerbPrep):1209 
"<en>"
	"en" Preposition PREP lang:es 00:00:22 00:00:28 tt-3204 AM059_1951_SA_SU2012_JB_07 @Gram:Prep ID:69 ADD:614 
"<Tejas>"
	"UNK" Noun NP Plural lang:es 00:00:22 00:00:28 tt-3205 AM059_1951_SA_SU2012_JB_07 
"<$?>"
	"?" Punctuation FS lang:es 00:00:22 00:00:28 tt-3206 AM059_1951_SA_SU2012_JB_07 
</speaker>
<speaker type="subj">

"<Muchísimos>"
	"mucho" Adjective ADJ Plural lang:es 00:00:28 00:00:29 tt-3207 AM059_1951_SA_SU2012_JB_07 
"<$.>"
	"." Punctuation FS lang:es 00:00:28 00:00:29 tt-3208 AM059_1951_SA_SU2012_JB_07 
</speaker>
<speaker type="int">

"<$¿>"
	"¿" Punctuation FS lang:es 00:00:29 00:00:30 tt-3209 AM059_1951_SA_SU2012_JB_07 
"<Sí>"
	"él" Pronoun PPX Singular lang:es 00:00:29 00:00:30 tt-3210 AM059_1951_SA_SU2012_JB_07 
"<$?>"
	"?" Punctuation FS lang:es 00:00:29 00:00:30 tt-3211 AM059_1951_SA_SU2012_JB_07 
</speaker>
<speaker type="subj">

"<Sí>"
	"él" Pronoun PPX Singular lang:es 00:00:30 00:00:32 tt-3212 AM059_1951_SA_SU2012_JB_07 
"<$.>"
	"." Punctuation FS lang:es 00:00:30 00:00:32 tt-3213 AM059_1951_SA_SU2012_JB_07 

"<Muchísimos>"
	"mucho" Adjective ADJ Plural lang:es 00:00:30 00:00:32 tt-3214 AM059_1951_SA_SU2012_JB_07 
"<$.>"
	"." Punctuation FS lang:es 00:00:30 00:00:32 tt-3215 AM059_1951_SA_SU2012_JB_07 
</speaker>
<speaker type="int">

"<$¿>"
	"¿" Punctuation FS lang:es 00:00:32 00:00:37 tt-3216 AM059_1951_SA_SU2012_JB_07 
"<Y>"
	"y" Conjunciton Conjunction CC lang:es 00:00:32 00:00:37 tt-3217 AM059_1951_SA_SU2012_JB_07 SUBSTITUTE:385 
"<has>"
	"haber" Verb VHfin Pres Indi Sing 2nd lang:es 00:00:32 00:00:37 tt-3218 AM059_1951_SA_SU2012_JB_07 ID:83 R:Gram:Aux:Haber:84 R:Gram:PerfPerif:84 ADDRELATION():695 
"<escuchado>"
	"escuchar" Verb VLadj lang:es 00:00:32 00:00:37 tt-3219 AM059_1951_SA_SU2012_JB_07 ID:84 
"<unas>"
	"un" Determiner ART Plural lang:es 00:00:32 00:00:37 tt-3220 AM059_1951_SA_SU2012_JB_07 
"<palabras>"
	"palabra" Noun NC Plural lang:es 00:00:32 00:00:37 tt-3221 AM059_1951_SA_SU2012_JB_07 
"<del>"
	"del" Preposition PDEL lang:es 00:00:32 00:00:37 tt-3222 AM059_1951_SA_SU2012_JB_07 @Gram:Prep ADD:614 
"<español>"
	"español" Noun NC Singular lang:es 00:00:32 00:00:37 tt-3223 AM059_1951_SA_SU2012_JB_07 
"<solamente>"
	"solamente" Adverb ADV lang:es 00:00:32 00:00:37 tt-3224 AM059_1951_SA_SU2012_JB_07 
"<en>"
	"en" Preposition PREP lang:es 00:00:32 00:00:37 tt-3225 AM059_1951_SA_SU2012_JB_07 @Gram:Prep ADD:614 
"<esta>"
	"este" Determiner DM Singular lang:es 00:00:32 00:00:37 tt-3226 AM059_1951_SA_SU2012_JB_07 @Gram:Det:Demo ADD:432 
"<área>"
	"área" Noun NC Singular lang:es 00:00:32 00:00:37 tt-3227 AM059_1951_SA_SU2012_JB_07 
"<$?>"
	"?" Punctuation FS lang:es 00:00:32 00:00:37 tt-3228 AM059_1951_SA_SU2012_JB_07 
</speaker>
<speaker type="subj">

"<Muchísimas>"
	"mucho" Adjective ADJ Plural lang:es 00:00:37 00:00:38 tt-3229 AM059_1951_SA_SU2012_JB_07 
"<$.>"
	"." Punctuation FS lang:es 00:00:37 00:00:38 tt-3230 AM059_1951_SA_SU2012_JB_07 
</speaker>
<speaker type="int">

"<Sí>"
	"sí" Adverb ADV lang:es 00:00:38 00:00:39 tt-3231 AM059_1951_SA_SU2012_JB_07 
"<$.>"
	"." Punctuation FS lang:es 00:00:38 00:00:39 tt-3232 AM059_1951_SA_SU2012_JB_07 

"<$¿>"
	"¿" Punctuation FS lang:es 00:00:38 00:00:39 tt-3233 AM059_1951_SA_SU2012_JB_07 
"<Como>"
	"como" Conjunction CSUBX lang:es 00:00:38 00:00:39 tt-3234 AM059_1951_SA_SU2012_JB_07 
"<cuál>"
	"cuál" Pronoun INT Singular lang:es 00:00:38 00:00:39 tt-3235 AM059_1951_SA_SU2012_JB_07 
"<...>"
	"..." Punctuation DOTS lang:es 00:00:38 00:00:39 tt-3236 AM059_1951_SA_SU2012_JB_07 
"<$?>"
	"?" Punctuation FS lang:es 00:00:38 00:00:39 tt-3237 AM059_1951_SA_SU2012_JB_07 
</speaker>
<speaker type="subj">

"<$¿>"
	"¿" Punctuation FS lang:es 00:00:39 00:00:40 tt-3238 AM059_1951_SA_SU2012_JB_07 
"<Como>"
	"como" Conjunction CSUBX lang:es 00:00:39 00:00:40 tt-3239 AM059_1951_SA_SU2012_JB_07 
"<cuáles>"
	"cuál" Pronoun INT Plural lang:es 00:00:39 00:00:40 tt-3240 AM059_1951_SA_SU2012_JB_07 
"<$?>"
	"?" Punctuation FS lang:es 00:00:39 00:00:40 tt-3241 AM059_1951_SA_SU2012_JB_07 

"<[>"
	"[" Punctuation LP lang:es 00:00:39 00:00:40 tt-3242 AM059_1951_SA_SU2012_JB_07 
"<Risas>"
	"UNK" Noun NP Plural lang:es 00:00:39 00:00:40 tt-3243 AM059_1951_SA_SU2012_JB_07 
"<]>"
	"]" Other RP lang:es 00:00:39 00:00:40 tt-3244 AM059_1951_SA_SU2012_JB_07 
</speaker>
<speaker type="int">
"<Sí>"
	"sí" Adverb ADV lang:es 00:00:40 00:00:40 tt-3245 AM059_1951_SA_SU2012_JB_07 
"<$.>"
	"." Punctuation FS lang:es 00:00:40 00:00:40 tt-3246 AM059_1951_SA_SU2012_JB_07 

"<[>"
	"[" Punctuation LP lang:es 00:00:40 00:00:40 tt-3247 AM059_1951_SA_SU2012_JB_07 
"<Risas>"
	"UNK" Noun NP Plural lang:es 00:00:40 00:00:40 tt-3248 AM059_1951_SA_SU2012_JB_07 
"<]>"
	"]" Other RP lang:es 00:00:40 00:00:40 tt-3249 AM059_1951_SA_SU2012_JB_07 
"<Pues>"
	"pues" Conjunction CSUBF lang:es 00:00:40 00:00:45 tt-3250 AM059_1951_SA_SU2012_JB_07 
"<,>"
	"," Punctuation CM lang:es 00:00:40 00:00:45 tt-3251 AM059_1951_SA_SU2012_JB_07 
"<es>"
	"ser" Verb VSfin Pres Indi Sing 3rd lang:es 00:00:40 00:00:45 tt-3252 AM059_1951_SA_SU2012_JB_07 @Gram:SerEstar:Ser ADD:803 
"<que>"
	"que" Conjunction CQUE lang:es 00:00:40 00:00:45 tt-3253 AM059_1951_SA_SU2012_JB_07 
"<aquí>"
	"aquí" Adverb ADV lang:es 00:00:40 00:00:45 tt-3254 AM059_1951_SA_SU2012_JB_07 
"<cuando>"
	"cuando" Conjunction CSUBX lang:es 00:00:40 00:00:45 tt-3255 AM059_1951_SA_SU2012_JB_07 
"<estás>"
	"estar" Verb VEfin Pres Indi Sing 2nd lang:es 00:00:40 00:00:45 tt-3256 AM059_1951_SA_SU2012_JB_07 @Gram:SerEstar:Estar ADD:812 
"<...>"
	"..." Punctuation DOTS lang:es 00:00:40 00:00:45 tt-3257 AM059_1951_SA_SU2012_JB_07 
"<yo>"
	"yo" Pronoun PPX Singular lang:es 00:00:40 00:00:45 tt-3258 AM059_1951_SA_SU2012_JB_07 @Gram:Pron:Sujeto ADD:624 
"<creo>"
	"crear|creer" Verb VLfin Pres Indi Sing 1st lang:es 00:00:40 00:00:45 tt-3259 AM059_1951_SA_SU2012_JB_07 
"<que>"
	"que" Conjunction CQUE lang:es 00:00:40 00:00:45 tt-3260 AM059_1951_SA_SU2012_JB_07 
"<hay>"
	"haber" Verb VHfin Pres Indi Sing 3rd lang:es 00:00:40 00:00:45 tt-3261 AM059_1951_SA_SU2012_JB_07 @Gram:Haber:Exist ADD:819 
"<un>"
	"un" Determiner ART Singular lang:es 00:00:40 00:00:45 tt-3262 AM059_1951_SA_SU2012_JB_07 
"<tercer>"
	"tercero" Adjective ORD Singular lang:es 00:00:40 00:00:45 tt-3263 AM059_1951_SA_SU2012_JB_07 Gram:Adj:Ord ADD:528 
"<idioma>"
	"idioma" Noun NC Singular lang:es 00:00:40 00:00:45 tt-3264 AM059_1951_SA_SU2012_JB_07 
"<$.>"
	"." Punctuation FS lang:es 00:00:40 00:00:45 tt-3265 AM059_1951_SA_SU2012_JB_07 

"<O>"
	"o" Conjunciton CC Adverb ADV lang:es 00:00:40 00:00:45 tt-3266 AM059_1951_SA_SU2012_JB_07 ID:131 R:Prag:MarcadoresDisc:Igualdad:132 SUBSTITUTE:387 ADDRELATION(Prag:MarcadoresDisc:Igualdad):1127 
"<sea>"
	"sea" Adverb ADV lang:es 00:00:40 00:00:45 tt-3267 AM059_1951_SA_SU2012_JB_07 ID:132 
"<,>"
	"," Punctuation CM lang:es 00:00:40 00:00:45 tt-3268 AM059_1951_SA_SU2012_JB_07 
"<está>"
	"estar" Verb VEfin Pres Indi Sing 3rd lang:es 00:00:40 00:00:45 tt-3269 AM059_1951_SA_SU2012_JB_07 @Gram:SerEstar:Estar ADD:812 
"<el>"
	"el" Determiner ART Singular Masc lang:es 00:00:45 00:00:50 tt-3270 AM059_1951_SA_SU2012_JB_07 @Gram:Det:Art ADD:416 
"<inglés>"
	"inglés" Noun NC Plural lang:es 00:00:45 00:00:50 tt-3271 AM059_1951_SA_SU2012_JB_07 
"<,>"
	"," Punctuation CM lang:es 00:00:45 00:00:50 tt-3272 AM059_1951_SA_SU2012_JB_07 
"<está>"
	"estar" Verb VEfin Pres Indi Sing 3rd lang:es 00:00:45 00:00:50 tt-3273 AM059_1951_SA_SU2012_JB_07 @Gram:SerEstar:Estar ADD:812 
"<el>"
	"el" Determiner ART Singular Masc lang:es 00:00:45 00:00:50 tt-3274 AM059_1951_SA_SU2012_JB_07 @Gram:Det:Art ADD:416 
"<español>"
	"español" Noun NC Singular lang:es 00:00:45 00:00:50 tt-3275 AM059_1951_SA_SU2012_JB_07 
"<,>"
	"," Punctuation CM lang:es 00:00:45 00:00:50 tt-3276 AM059_1951_SA_SU2012_JB_07 
"<y>"
	"y" Conjunciton Conjunction CC lang:es 00:00:45 00:00:50 tt-3277 AM059_1951_SA_SU2012_JB_07 SUBSTITUTE:385 
"<está>"
	"estar" Verb VEfin Pres Indi Sing 3rd lang:es 00:00:45 00:00:50 tt-3278 AM059_1951_SA_SU2012_JB_07 @Gram:SerEstar:Estar ADD:812 
"<el>"
	"el" Determiner ART Singular Masc lang:es 00:00:45 00:00:50 tt-3279 AM059_1951_SA_SU2012_JB_07 @Gram:Det:Art ID:144 R:Gram:Genero:ExcepMasc:145 ADD:416 ADDRELATION(Gram:Genero:ExcepMasc):512 
"<idioma>"
	"idioma" Noun NC Singular lang:es 00:00:45 00:00:50 tt-3280 AM059_1951_SA_SU2012_JB_07 ID:145 
"<...>"
	"..." Punctuation DOTS lang:es 00:00:45 00:00:50 tt-3281 AM059_1951_SA_SU2012_JB_07 
"<un>"
	"un" Determiner ART Singular lang:es 00:00:45 00:00:50 tt-3282 AM059_1951_SA_SU2012_JB_07 
"<...>"
	"..." Punctuation DOTS lang:es 00:00:45 00:00:50 tt-3283 AM059_1951_SA_SU2012_JB_07 
"<un>"
	"un" Determiner ART Singular lang:es 00:00:45 00:00:50 tt-3284 AM059_1951_SA_SU2012_JB_07 
"<lenguaje>"
	"lenguaje" Noun NC Singular lang:es 00:00:45 00:00:50 tt-3285 AM059_1951_SA_SU2012_JB_07 
"<que>"
	"que" Conjunction CQUE lang:es 00:00:45 00:00:50 tt-3286 AM059_1951_SA_SU2012_JB_07 
"<es>"
	"ser" Verb VSfin Pres Indi Sing 3rd lang:es 00:00:45 00:00:50 tt-3287 AM059_1951_SA_SU2012_JB_07 @Gram:SerEstar:Ser ADD:803 
"<fronterizo>"
	"fronterizo" Adjective ADJ Singular lang:es 00:00:45 00:00:50 tt-3288 AM059_1951_SA_SU2012_JB_07 
"<$.>"
	"." Punctuation FS lang:es 00:00:45 00:00:50 tt-3289 AM059_1951_SA_SU2012_JB_07 

"<Yo>"
	"yo" Pronoun PPX Singular lang:es 00:00:45 00:00:50 tt-3290 AM059_1951_SA_SU2012_JB_07 @Gram:Pron:Sujeto ADD:624 
"<le>"
	"él" Pronoun PPC Singular lang:es 00:00:45 00:00:50 tt-3291 AM059_1951_SA_SU2012_JB_07 @Gram:Pron:Objeto ADD:654 
"<digo>"
	"decir" Verb VLfin Pres Indi Sing 1st lang:es 00:00:45 00:00:50 tt-3292 AM059_1951_SA_SU2012_JB_07 
"<fronterizo>"
	"fronterizo" Adjective ADJ Singular lang:es 00:00:50 00:00:56 tt-3293 AM059_1951_SA_SU2012_JB_07 
"<$.>"
	"." Punctuation FS lang:es 00:00:50 00:00:56 tt-3294 AM059_1951_SA_SU2012_JB_07 

"<En>"
	"en" Preposition PREP lang:es 00:00:50 00:00:56 tt-3295 AM059_1951_SA_SU2012_JB_07 @Gram:Prep ADD:614 
"<la>"
	"el" Determiner ART Singular Fem lang:es 00:00:50 00:00:56 tt-3296 AM059_1951_SA_SU2012_JB_07 @Gram:Det:Art ADD:416 
"<franja>"
	"franja" Noun NC Singular lang:es 00:00:50 00:00:56 tt-3297 AM059_1951_SA_SU2012_JB_07 
"<de>"
	"de" Preposition PREP lang:es 00:00:50 00:00:56 tt-3298 AM059_1951_SA_SU2012_JB_07 @Gram:Prep ADD:614 
"<la>"
	"el" Determiner ART Singular Fem lang:es 00:00:50 00:00:56 tt-3299 AM059_1951_SA_SU2012_JB_07 @Gram:Det:Art ADD:416 
"<frontera>"
	"frontera" Noun NC Singular lang:es 00:00:50 00:00:56 tt-3300 AM059_1951_SA_SU2012_JB_07 
"<,>"
	"," Punctuation CM lang:es 00:00:50 00:00:56 tt-3301 AM059_1951_SA_SU2012_JB_07 
"<entre>"
	"entre" Preposition PREP lang:es 00:00:50 00:00:56 tt-3302 AM059_1951_SA_SU2012_JB_07 @Gram:Prep ADD:614 
"<más>"
	"más" Adverb ADV lang:es 00:00:50 00:00:56 tt-3303 AM059_1951_SA_SU2012_JB_07 
"<cerca>"
	"cerca" Adverb ADV lang:es 00:00:50 00:00:56 tt-3304 AM059_1951_SA_SU2012_JB_07 
"<de>"
	"de" Preposition PREP lang:es 00:00:50 00:00:56 tt-3305 AM059_1951_SA_SU2012_JB_07 @Gram:Prep ADD:614 
"<la>"
	"el" Determiner ART Singular Fem lang:es 00:00:50 00:00:56 tt-3306 AM059_1951_SA_SU2012_JB_07 @Gram:Det:Art ADD:416 
"<frontera>"
	"frontera" Noun NC Singular lang:es 00:00:50 00:00:56 tt-3307 AM059_1951_SA_SU2012_JB_07 
"<,>"
	"," Punctuation CM lang:es 00:00:50 00:00:56 tt-3308 AM059_1951_SA_SU2012_JB_07 
"<estás>"
	"estar" Verb VEfin Pres Indi Sing 2nd lang:es 00:00:50 00:00:56 tt-3309 AM059_1951_SA_SU2012_JB_07 @Gram:SerEstar:Estar ADD:812 
"<en>"
	"en" Preposition PREP lang:es 00:00:50 00:00:56 tt-3310 AM059_1951_SA_SU2012_JB_07 @Gram:Prep ADD:614 
"<Estados>"
	"Estados" Noun NP Plural lang:es 00:00:50 00:00:56 tt-3311 AM059_1951_SA_SU2012_JB_07 ID:176 R:Vocab:Entities:Geo:177 ADDRELATION(Vocab:Entities:Geo):1196 
"<Unidos>"
	"Unidos" Noun NP Plural lang:es 00:00:56 00:01:03 tt-3312 AM059_1951_SA_SU2012_JB_07 ID:177 
"<y>"
	"y" Conjunciton Conjunction CC lang:es 00:00:56 00:01:03 tt-3313 AM059_1951_SA_SU2012_JB_07 SUBSTITUTE:385 
"<en>"
	"en" Preposition PREP lang:es 00:00:56 00:01:03 tt-3314 AM059_1951_SA_SU2012_JB_07 @Gram:Prep ADD:614 
"<México>"
	"México" Noun NP Singular lang:es 00:00:56 00:01:03 tt-3315 AM059_1951_SA_SU2012_JB_07 
"<,>"
	"," Punctuation CM lang:es 00:00:56 00:01:03 tt-3316 AM059_1951_SA_SU2012_JB_07 
"<se>"
	"se" Other SE lang:es 00:00:56 00:01:03 tt-3317 AM059_1951_SA_SU2012_JB_07 
"<inventan>"
	"inventar" Verb VLfin Pres Indi Plural 3rd lang:es 00:00:56 00:01:03 tt-3318 AM059_1951_SA_SU2012_JB_07 
"<palabras>"
	"palabra" Noun NC Plural lang:es 00:00:56 00:01:03 tt-3319 AM059_1951_SA_SU2012_JB_07 
"<nuevas>"
	"nuevo" Adjective ADJ Plural lang:es 00:00:56 00:01:03 tt-3320 AM059_1951_SA_SU2012_JB_07 
"<eh>"
	"eh" Noun NP Singular lang:es 00:00:56 00:01:03 tt-3321 AM059_1951_SA_SU2012_JB_07 
"<...>"
	"..." Punctuation DOTS lang:es 00:00:56 00:01:03 tt-3322 AM059_1951_SA_SU2012_JB_07 
"<como>"
	"como" Adverb ADV lang:es 00:00:56 00:01:03 tt-3323 AM059_1951_SA_SU2012_JB_07 
"<troca>"
	"UNK" Noun NC Singular lang:es 00:00:56 00:01:03 tt-3324 AM059_1951_SA_SU2012_JB_07 
"<,>"
	"," Punctuation CM lang:es 00:00:56 00:01:03 tt-3325 AM059_1951_SA_SU2012_JB_07 
"<por>"
	"por" Preposition PREP lang:es 00:00:56 00:01:03 tt-3326 AM059_1951_SA_SU2012_JB_07 @Gram:Prep:Por ID:191 R:Prag:MarcadoresDisc:Igualdad:192 SUBSTITUTE:262 ADD:595 ADDRELATION(Prag:MarcadoresDisc:Igualdad):1122 
"<ejemplo>"
	"ejemplo" Adverb ADV lang:es 00:00:56 00:01:03 tt-3327 AM059_1951_SA_SU2012_JB_07 ID:192 
"<...>"
	"..." Punctuation DOTS lang:es 00:00:56 00:01:03 tt-3328 AM059_1951_SA_SU2012_JB_07 
"<Sí>"
	"sí" Adverb ADV lang:es 00:01:03 00:01:03 tt-3329 AM059_1951_SA_SU2012_JB_07 
"<$.>"
	"." Punctuation FS lang:es 00:01:03 00:01:03 tt-3330 AM059_1951_SA_SU2012_JB_07 
</speaker>
<speaker type="subj">

"<...>"
	"..." Punctuation DOTS lang:es 00:01:03 00:01:08 tt-3331 AM059_1951_SA_SU2012_JB_07 
"<Que>"
	"que" Conjunction CQUE lang:es 00:01:03 00:01:08 tt-3332 AM059_1951_SA_SU2012_JB_07 
"<es>"
	"ser" Verb VSfin Pres Indi Sing 3rd lang:es 00:01:03 00:01:08 tt-3333 AM059_1951_SA_SU2012_JB_07 @Gram:SerEstar:Ser ADD:803 
"<una>"
	"un" Determiner ART Singular lang:es 00:01:03 00:01:08 tt-3334 AM059_1951_SA_SU2012_JB_07 
"<palabra>"
	"palabra" Noun NC Singular lang:es 00:01:03 00:01:08 tt-3335 AM059_1951_SA_SU2012_JB_07 
"<inventada>"
	"UNK" Verb VLadj lang:es 00:01:03 00:01:08 tt-3336 AM059_1951_SA_SU2012_JB_07 
"<$.>"
	"." Punctuation FS lang:es 00:01:03 00:01:08 tt-3337 AM059_1951_SA_SU2012_JB_07 

"<Freezar>"
	"UNK" Noun NP Singular lang:es 00:01:03 00:01:08 tt-3338 AM059_1951_SA_SU2012_JB_07 
"<$.>"
	"." Punctuation FS lang:es 00:01:03 00:01:08 tt-3339 AM059_1951_SA_SU2012_JB_07 

"<O>"
	"o" Conjunciton CC Adverb ADV lang:es 00:01:03 00:01:08 tt-3340 AM059_1951_SA_SU2012_JB_07 ID:205 R:Prag:MarcadoresDisc:Igualdad:206 SUBSTITUTE:387 ADDRELATION(Prag:MarcadoresDisc:Igualdad):1127 
"<sea>"
	"sea" Adverb ADV lang:es 00:01:03 00:01:08 tt-3341 AM059_1951_SA_SU2012_JB_07 ID:206 
"<me>"
	"yo" Pronoun PPX Singular lang:es 00:01:03 00:01:08 tt-3342 AM059_1951_SA_SU2012_JB_07 @Gram:Pron:Objeto ADD:648 
"<estoy>"
	"estar" Verb VEfin Pres Indi Sing 1st lang:es 00:01:03 00:01:08 tt-3343 AM059_1951_SA_SU2012_JB_07 @Gram:SerEstar:Estar ID:208 R:Gram:SerEstar:EstarAux:209 ADD:812 ADDRELATION(Gram:SerEstar:EstarAux):828 
"<freezando>"
	"UNK" Verb VLger lang:es 00:01:03 00:01:08 tt-3344 AM059_1951_SA_SU2012_JB_07 ID:209 
"<$.>"
	"." Punctuation FS lang:es 00:01:03 00:01:08 tt-3345 AM059_1951_SA_SU2012_JB_07 

"<Es>"
	"ser" Verb VSfin Pres Indi Sing 3rd lang:es 00:01:03 00:01:08 tt-3346 AM059_1951_SA_SU2012_JB_07 @Gram:SerEstar:Ser ADD:803 
"<que>"
	"que" Conjunction CQUE lang:es 00:01:03 00:01:08 tt-3347 AM059_1951_SA_SU2012_JB_07 
"<me>"
	"yo" Pronoun PPX Singular lang:es 00:01:03 00:01:08 tt-3348 AM059_1951_SA_SU2012_JB_07 @Gram:Pron:Objeto ADD:648 
"<estoy>"
	"estar" Verb VEfin Pres Indi Sing 1st lang:es 00:01:03 00:01:08 tt-3349 AM059_1951_SA_SU2012_JB_07 @Gram:SerEstar:Estar ADD:812 
"<congelando>"
	"UNK" Verb VLadj lang:es 00:01:08 00:01:15 tt-3350 AM059_1951_SA_SU2012_JB_07 
"<$.>"
	"." Punctuation FS lang:es 00:01:08 00:01:15 tt-3351 AM059_1951_SA_SU2012_JB_07 

"<Tengo>"
	"tener" Verb VLfin Pres Indi Sing 1st lang:es 00:01:08 00:01:15 tt-3352 AM059_1951_SA_SU2012_JB_07 
"<frío>"
	"frío" Adjective ADJ Singular lang:es 00:01:08 00:01:15 tt-3353 AM059_1951_SA_SU2012_JB_07 
"<$.>"
	"." Punctuation FS lang:es 00:01:08 00:01:15 tt-3354 AM059_1951_SA_SU2012_JB_07 

"<Este>"
	"este" Determiner DM Singular lang:es 00:01:08 00:01:15 tt-3355 AM059_1951_SA_SU2012_JB_07 @Prag:RecuDiscurso:GanarTiempo ADD:1155 
"<...>"
	"..." Punctuation DOTS lang:es 00:01:08 00:01:15 tt-3356 AM059_1951_SA_SU2012_JB_07 
"<hay>"
	"haber" Verb VHfin Pres Indi Sing 3rd lang:es 00:01:08 00:01:15 tt-3357 AM059_1951_SA_SU2012_JB_07 @Gram:Haber:Exist ADD:819 
"<muchas>"
	"mucho" Determiner QU lang:es 00:01:08 00:01:15 tt-3358 AM059_1951_SA_SU2012_JB_07 @Gram:Det:CuantIndef ADD:468 
"<$.>"
	"." Punctuation FS lang:es 00:01:08 00:01:15 tt-3359 AM059_1951_SA_SU2012_JB_07 

"<Hay>"
	"haber" Verb VHfin Pres Indi Sing 3rd lang:es 00:01:08 00:01:15 tt-3360 AM059_1951_SA_SU2012_JB_07 @Gram:Haber:Exist ADD:819 
"<muchísimas>"
	"mucho" Adjective ADJ Plural lang:es 00:01:08 00:01:15 tt-3361 AM059_1951_SA_SU2012_JB_07 
"<palabras>"
	"palabra" Noun NC Plural lang:es 00:01:08 00:01:15 tt-3362 AM059_1951_SA_SU2012_JB_07 
"<que>"
	"que" Conjunction CQUE lang:es 00:01:08 00:01:15 tt-3363 AM059_1951_SA_SU2012_JB_07 
"<se>"
	"se" Other SE lang:es 00:01:08 00:01:15 tt-3364 AM059_1951_SA_SU2012_JB_07 
"<inventan>"
	"inventar" Verb VLfin Pres Indi Plural 3rd lang:es 00:01:08 00:01:15 tt-3365 AM059_1951_SA_SU2012_JB_07 
"<porque>"
	"porque" Conjunction CSUBX lang:es 00:01:08 00:01:15 tt-3366 AM059_1951_SA_SU2012_JB_07 @Prag:MarcadoresDisc:Causa ADD:1085 
"<,>"
	"," Punctuation CM lang:es 00:01:08 00:01:15 tt-3367 AM059_1951_SA_SU2012_JB_07 
"<pues>"
	"pues" Conjunction CSUBF lang:es 00:01:15 00:01:22 tt-3368 AM059_1951_SA_SU2012_JB_07 
"<,>"
	"," Punctuation CM lang:es 00:01:15 00:01:22 tt-3369 AM059_1951_SA_SU2012_JB_07 
"<uno>"
	"uno" Determiner CARD Singular lang:es 00:01:15 00:01:22 tt-3370 AM059_1951_SA_SU2012_JB_07 @Gram:Pron:Sujeto ADD:632 
"<está>"
	"estar" Verb VEfin Pres Indi Sing 3rd lang:es 00:01:15 00:01:22 tt-3371 AM059_1951_SA_SU2012_JB_07 @Gram:SerEstar:Estar ADD:812 
"<mezclado>"
	"mezclar" Verb VLadj lang:es 00:01:15 00:01:22 tt-3372 AM059_1951_SA_SU2012_JB_07 
"<en>"
	"en" Preposition PREP lang:es 00:01:15 00:01:22 tt-3373 AM059_1951_SA_SU2012_JB_07 @Gram:Prep ADD:614 
"<dos>"
	"dos" Determiner CARD Plural lang:es 00:01:15 00:01:22 tt-3374 AM059_1951_SA_SU2012_JB_07 
"<idiomas>"
	"idioma" Noun NC Plural lang:es 00:01:15 00:01:22 tt-3375 AM059_1951_SA_SU2012_JB_07 
"<,>"
	"," Punctuation CM lang:es 00:01:15 00:01:22 tt-3376 AM059_1951_SA_SU2012_JB_07 
"<$¿>"
	"¿" Punctuation FS lang:es 00:01:15 00:01:22 tt-3377 AM059_1951_SA_SU2012_JB_07 
"<no>"
	"no" Adverb NEG lang:es 00:01:15 00:01:22 tt-3378 AM059_1951_SA_SU2012_JB_07 
"<$?>"
	"?" Punctuation FS lang:es 00:01:15 00:01:22 tt-3379 AM059_1951_SA_SU2012_JB_07 

"<Al>"
	"al" Preposition PAL lang:es 00:01:15 00:01:22 tt-3380 AM059_1951_SA_SU2012_JB_07 @Gram:Prep ADD:614 
"<mexicano>"
	"mexicano" Noun NC Singular lang:es 00:01:15 00:01:22 tt-3381 AM059_1951_SA_SU2012_JB_07 
"<no>"
	"no" Adverb NEG lang:es 00:01:15 00:01:22 tt-3382 AM059_1951_SA_SU2012_JB_07 
"<le>"
	"él" Pronoun PPC Singular lang:es 00:01:15 00:01:22 tt-3383 AM059_1951_SA_SU2012_JB_07 @Gram:Pron:Objeto ID:248 R:Gram:Gustar:Ajenos:249 ADD:654 ADDRELATION(Gram:Gustar:Ajenos):735 
"<gusta>"
	"gustar" Verb VLfin Pres Indi Sing 3rd lang:es 00:01:15 00:01:22 tt-3384 AM059_1951_SA_SU2012_JB_07 ID:249 
"<eso>"
	"ese" Determiner DM Singular lang:es 00:01:15 00:01:22 tt-3385 AM059_1951_SA_SU2012_JB_07 @Gram:Det:Demo ADD:439 
"<$.>"
	"." Punctuation FS lang:es 00:01:15 00:01:22 tt-3386 AM059_1951_SA_SU2012_JB_07 

"<No>"
	"no" Other PE lang:es 00:01:15 00:01:22 tt-3387 AM059_1951_SA_SU2012_JB_07 
"<...>"
	"..." Punctuation DOTS lang:es 00:01:15 00:01:22 tt-3388 AM059_1951_SA_SU2012_JB_07 
"<no>"
	"no" Other PE lang:es 00:01:15 00:01:22 tt-3389 AM059_1951_SA_SU2012_JB_07 
"<...>"
	"..." Punctuation DOTS lang:es 00:01:15 00:01:22 tt-3390 AM059_1951_SA_SU2012_JB_07 
"<no>"
	"no" Other PE lang:es 00:01:15 00:01:22 tt-3391 AM059_1951_SA_SU2012_JB_07 
"<le>"
	"él" Pronoun PPC Singular lang:es 00:01:22 00:01:28 tt-3392 AM059_1951_SA_SU2012_JB_07 @Gram:Pron:Objeto ID:257 R:Gram:Gustar:Ajenos:258 ADD:654 ADDRELATION(Gram:Gustar:Ajenos):735 
"<gusta>"
	"gustar" Verb VLfin Pres Indi Sing 3rd lang:es 00:01:22 00:01:28 tt-3393 AM059_1951_SA_SU2012_JB_07 ID:258 
"<$.>"
	"." Punctuation FS lang:es 00:01:22 00:01:28 tt-3394 AM059_1951_SA_SU2012_JB_07 

"<Al>"
	"al" Preposition PAL lang:es 00:01:22 00:01:28 tt-3395 AM059_1951_SA_SU2012_JB_07 @Gram:Prep ADD:614 
"<americano>"
	"americano" Noun NC Singular lang:es 00:01:22 00:01:28 tt-3396 AM059_1951_SA_SU2012_JB_07 
"<no>"
	"no" Adverb NEG lang:es 00:01:22 00:01:28 tt-3397 AM059_1951_SA_SU2012_JB_07 
"<le>"
	"él" Pronoun PPC Singular lang:es 00:01:22 00:01:28 tt-3398 AM059_1951_SA_SU2012_JB_07 @Gram:Pron:Objeto ADD:654 
"<importa>"
	"importar" Verb VLfin Pres Indi Sing 3rd lang:es 00:01:22 00:01:28 tt-3399 AM059_1951_SA_SU2012_JB_07 
"<porque>"
	"porque" Conjunction CSUBX lang:es 00:01:22 00:01:28 tt-3400 AM059_1951_SA_SU2012_JB_07 @Prag:MarcadoresDisc:Causa ADD:1085 
"<,>"
	"," Punctuation CM lang:es 00:01:22 00:01:28 tt-3401 AM059_1951_SA_SU2012_JB_07 
"<pues>"
	"pues" Conjunction CSUBF lang:es 00:01:22 00:01:28 tt-3402 AM059_1951_SA_SU2012_JB_07 
"<,>"
	"," Punctuation CM lang:es 00:01:22 00:01:28 tt-3403 AM059_1951_SA_SU2012_JB_07 
"<no>"
	"no" Adverb NEG lang:es 00:01:22 00:01:28 tt-3404 AM059_1951_SA_SU2012_JB_07 
"<conoce>"
	"conocer" Verb VLfin Pres Indi Sing 3rd lang:es 00:01:22 00:01:28 tt-3405 AM059_1951_SA_SU2012_JB_07 
"<el>"
	"el" Determiner ART Singular Masc lang:es 00:01:22 00:01:28 tt-3406 AM059_1951_SA_SU2012_JB_07 @Gram:Det:Art ADD:416 
"<español>"
	"español" Noun NC Singular lang:es 00:01:22 00:01:28 tt-3407 AM059_1951_SA_SU2012_JB_07 
"<muy>"
	"muy" Adverb ADV lang:es 00:01:22 00:01:28 tt-3408 AM059_1951_SA_SU2012_JB_07 
"<bien>"
	"bien" Adverb ADV lang:es 00:01:22 00:01:28 tt-3409 AM059_1951_SA_SU2012_JB_07 
"<$.>"
	"." Punctuation FS lang:es 00:01:22 00:01:28 tt-3410 AM059_1951_SA_SU2012_JB_07 

"<Pero>"
	"pero" Conjunction CCAD lang:es 00:01:22 00:01:28 tt-3411 AM059_1951_SA_SU2012_JB_07 @Prag:MarcadoresDisc:Revision ADD:1032 
"<el>"
	"el" Determiner ART Singular Masc lang:es 00:01:28 00:01:35 tt-3412 AM059_1951_SA_SU2012_JB_07 @Gram:Det:Art ADD:416 
"<mexicano>"
	"mexicano" Noun NC Singular lang:es 00:01:28 00:01:35 tt-3413 AM059_1951_SA_SU2012_JB_07 
"<es>"
	"ser" Verb VSfin Pres Indi Sing 3rd lang:es 00:01:28 00:01:35 tt-3414 AM059_1951_SA_SU2012_JB_07 @Gram:SerEstar:Ser ADD:803 
"<más>"
	"más" Adverb ADV lang:es 00:01:28 00:01:35 tt-3415 AM059_1951_SA_SU2012_JB_07 
"<puro>"
	"puro" Adjective ADJ Singular lang:es 00:01:28 00:01:35 tt-3416 AM059_1951_SA_SU2012_JB_07 
"<en>"
	"en" Preposition PREP lang:es 00:01:28 00:01:35 tt-3417 AM059_1951_SA_SU2012_JB_07 @Gram:Prep ADD:614 
"<términos>"
	"término" Noun NC Plural lang:es 00:01:28 00:01:35 tt-3418 AM059_1951_SA_SU2012_JB_07 
"<de>"
	"de" Conjunction CSUBI lang:es 00:01:28 00:01:35 tt-3419 AM059_1951_SA_SU2012_JB_07 
"<creer>"
	"creer" Verb VLinf Infinitive lang:es 00:01:28 00:01:35 tt-3420 AM059_1951_SA_SU2012_JB_07 SUBSTITUTE:320 
"<que>"
	"que" Conjunction CQUE lang:es 00:01:28 00:01:35 tt-3421 AM059_1951_SA_SU2012_JB_07 
"<el>"
	"el" Determiner ART Singular Masc lang:es 00:01:28 00:01:35 tt-3422 AM059_1951_SA_SU2012_JB_07 @Gram:Det:Art ID:287 R:Gram:Genero:ExcepMasc:288 ADD:416 ADDRELATION(Gram:Genero:ExcepMasc):512 
"<idioma>"
	"idioma" Noun NC Singular lang:es 00:01:28 00:01:35 tt-3423 AM059_1951_SA_SU2012_JB_07 ID:288 
"<se>"
	"se" Other SE lang:es 00:01:28 00:01:35 tt-3424 AM059_1951_SA_SU2012_JB_07 
"<hable>"
	"hablar" Verb VLfin Pres Subj Sing 1st_or_3rd lang:es 00:01:28 00:01:35 tt-3425 AM059_1951_SA_SU2012_JB_07 @Gram:MSub:Pres ADD:772 
"<bien>"
	"bien" Adverb ADV lang:es 00:01:28 00:01:35 tt-3426 AM059_1951_SA_SU2012_JB_07 
"<$.>"
	"." Punctuation FS lang:es 00:01:28 00:01:35 tt-3427 AM059_1951_SA_SU2012_JB_07 

"<Pero>"
	"pero" Conjunction CCAD lang:es 00:01:28 00:01:35 tt-3428 AM059_1951_SA_SU2012_JB_07 @Prag:MarcadoresDisc:Revision ADD:1032 
"<yo>"
	"yo" Pronoun PPX Singular lang:es 00:01:28 00:01:35 tt-3429 AM059_1951_SA_SU2012_JB_07 @Gram:Pron:Sujeto ADD:624 
"<he>"
	"haber" Verb VHfin Pres Indi Sing 1st lang:es 00:01:28 00:01:35 tt-3430 AM059_1951_SA_SU2012_JB_07 ID:295 R:Gram:Aux:Haber:296 R:Gram:PerfPerif:296 ADDRELATION():695 
"<visto>"
	"ver" Verb VLadj lang:es 00:01:28 00:01:35 tt-3431 AM059_1951_SA_SU2012_JB_07 ID:296 
"<,>"
	"," Punctuation CM lang:es 00:01:28 00:01:35 tt-3432 AM059_1951_SA_SU2012_JB_07 
"<experimentado>"
	"experimentar" Verb VLadj lang:es 00:01:36 00:01:41 tt-3433 AM059_1951_SA_SU2012_JB_07 
"<que>"
	"que" Conjunction CQUE lang:es 00:01:36 00:01:41 tt-3434 AM059_1951_SA_SU2012_JB_07 
"<hasta>"
	"hasta" Preposition PREP lang:es 00:01:36 00:01:41 tt-3435 AM059_1951_SA_SU2012_JB_07 @Gram:Prep ADD:614 
"<en>"
	"en" Preposition PREP lang:es 00:01:36 00:01:41 tt-3436 AM059_1951_SA_SU2012_JB_07 @Gram:Prep ADD:614 
"<la>"
	"el" Determiner ART Singular Fem lang:es 00:01:36 00:01:41 tt-3437 AM059_1951_SA_SU2012_JB_07 @Gram:Det:Art ADD:416 
"<Ciudad>"
	"ciudad" Noun NC Singular lang:es 00:01:36 00:01:41 tt-3438 AM059_1951_SA_SU2012_JB_07 
"<de>"
	"de" Preposition PREP lang:es 00:01:36 00:01:41 tt-3439 AM059_1951_SA_SU2012_JB_07 @Gram:Prep ADD:614 
"<México>"
	"México" Noun NP Singular lang:es 00:01:36 00:01:41 tt-3440 AM059_1951_SA_SU2012_JB_07 
"<ya>"
	"ya" Adverb ADV lang:es 00:01:36 00:01:41 tt-3441 AM059_1951_SA_SU2012_JB_07 
"<en>"
	"en" Preposition PREP lang:es 00:01:36 00:01:41 tt-3442 AM059_1951_SA_SU2012_JB_07 @Gram:Prep ADD:614 
"<...>"
	"..." Punctuation DOTS lang:es 00:01:36 00:01:41 tt-3443 AM059_1951_SA_SU2012_JB_07 
"<hay>"
	"haber" Verb VHfin Pres Indi Sing 3rd lang:es 00:01:36 00:01:41 tt-3444 AM059_1951_SA_SU2012_JB_07 @Gram:Haber:Exist ADD:819 
"<muchas>"
	"mucho" Determiner QU lang:es 00:01:36 00:01:41 tt-3445 AM059_1951_SA_SU2012_JB_07 @Gram:Det:CuantIndef ADD:468 
"<...>"
	"..." Punctuation DOTS lang:es 00:01:36 00:01:41 tt-3446 AM059_1951_SA_SU2012_JB_07 
"<hay>"
	"haber" Verb VHfin Pres Indi Sing 3rd lang:es 00:01:36 00:01:41 tt-3447 AM059_1951_SA_SU2012_JB_07 @Gram:Haber:Exist ADD:819 
"<muchos>"
	"mucho" Determiner QU lang:es 00:01:36 00:01:41 tt-3448 AM059_1951_SA_SU2012_JB_07 @Gram:Det:CuantIndef ADD:468 
"<términos>"
	"término" Noun NC Plural lang:es 00:01:36 00:01:41 tt-3449 AM059_1951_SA_SU2012_JB_07 
"<especialmente>"
	"especialmente" Adverb ADV lang:es 00:01:41 00:01:48 tt-3450 AM059_1951_SA_SU2012_JB_07 
"<en>"
	"en" Preposition PREP lang:es 00:01:41 00:01:48 tt-3451 AM059_1951_SA_SU2012_JB_07 @Gram:Prep ADD:614 
"<relación>"
	"relación" Noun NC Singular lang:es 00:01:41 00:01:48 tt-3452 AM059_1951_SA_SU2012_JB_07 
"<a>"
	"a" Preposition PREP lang:es 00:01:41 00:01:48 tt-3453 AM059_1951_SA_SU2012_JB_07 @Gram:Prep SUBSTITUTE:389 ADD:614 
"<computadoras>"
	"computadora" Noun NC Plural lang:es 00:01:41 00:01:48 tt-3454 AM059_1951_SA_SU2012_JB_07 
"<$.>"
	"." Punctuation FS lang:es 00:01:41 00:01:48 tt-3455 AM059_1951_SA_SU2012_JB_07 

"<$¿>"
	"¿" Punctuation FS lang:es 00:01:41 00:01:48 tt-3456 AM059_1951_SA_SU2012_JB_07 
"<No>"
	"no" Adverb NEG lang:es 00:01:41 00:01:48 tt-3457 AM059_1951_SA_SU2012_JB_07 
"<$?>"
	"?" Punctuation FS lang:es 00:01:41 00:01:48 tt-3458 AM059_1951_SA_SU2012_JB_07 

"<Este>"
	"este" Determiner DM Singular lang:es 00:01:41 00:01:48 tt-3459 AM059_1951_SA_SU2012_JB_07 @Prag:RecuDiscurso:GanarTiempo ADD:1155 
"<,>"
	"," Punctuation CM lang:es 00:01:41 00:01:48 tt-3460 AM059_1951_SA_SU2012_JB_07 
"<porque>"
	"porque" Conjunction CSUBX lang:es 00:01:41 00:01:48 tt-3461 AM059_1951_SA_SU2012_JB_07 @Prag:MarcadoresDisc:Causa ADD:1085 
"<es>"
	"ser" Verb VSfin Pres Indi Sing 3rd lang:es 00:01:41 00:01:48 tt-3462 AM059_1951_SA_SU2012_JB_07 @Gram:SerEstar:Ser ADD:803 
"<muy>"
	"muy" Adverb ADV lang:es 00:01:41 00:01:48 tt-3463 AM059_1951_SA_SU2012_JB_07 
"<difícil>"
	"difícil" Adjective ADJ Singular lang:es 00:01:41 00:01:48 tt-3464 AM059_1951_SA_SU2012_JB_07 
"<$.>"
	"." Punctuation FS lang:es 00:01:41 00:01:48 tt-3465 AM059_1951_SA_SU2012_JB_07 

"<Y>"
	"y" Conjunciton Conjunction CC lang:es 00:01:41 00:01:48 tt-3466 AM059_1951_SA_SU2012_JB_07 SUBSTITUTE:385 
"<ya>"
	"ya" Adverb ADV lang:es 00:01:41 00:01:48 tt-3467 AM059_1951_SA_SU2012_JB_07 
"<el>"
	"el" Determiner ART Singular Masc lang:es 00:01:41 00:01:48 tt-3468 AM059_1951_SA_SU2012_JB_07 @Gram:Det:Art ADD:416 
"<inglés>"
	"inglés" Noun NC Plural lang:es 00:01:48 00:01:55 tt-3469 AM059_1951_SA_SU2012_JB_07 
"<en>"
	"en" Preposition PREP lang:es 00:01:48 00:01:55 tt-3470 AM059_1951_SA_SU2012_JB_07 @Gram:Prep ADD:614 
"<México>"
	"México" Noun NP Singular lang:es 00:01:48 00:01:55 tt-3471 AM059_1951_SA_SU2012_JB_07 
"<se>"
	"se" Other SE lang:es 00:01:48 00:01:55 tt-3472 AM059_1951_SA_SU2012_JB_07 
"<está>"
	"estar" Verb VEfin Pres Indi Sing 3rd lang:es 00:01:48 00:01:55 tt-3473 AM059_1951_SA_SU2012_JB_07 @Gram:SerEstar:Estar ID:338 R:Gram:SerEstar:EstarAux:339 ADD:812 ADDRELATION(Gram:SerEstar:EstarAux):828 
"<metiendo>"
	"meter" Verb VLger lang:es 00:01:48 00:01:55 tt-3474 AM059_1951_SA_SU2012_JB_07 ID:339 
"<más>"
	"más" Adverb ADV lang:es 00:01:48 00:01:55 tt-3475 AM059_1951_SA_SU2012_JB_07 
"<y>"
	"y" Conjunciton Conjunction CC lang:es 00:01:48 00:01:55 tt-3476 AM059_1951_SA_SU2012_JB_07 SUBSTITUTE:385 
"<más>"
	"más" Adverb ADV lang:es 00:01:48 00:01:55 tt-3477 AM059_1951_SA_SU2012_JB_07 
"<para>"
	"para" Preposition PREP lang:es 00:01:48 00:01:55 tt-3478 AM059_1951_SA_SU2012_JB_07 @Gram:Prep:Para SUBSTITUTE:336 ADD:585 
"<términos>"
	"término" Noun NC Plural lang:es 00:01:48 00:01:55 tt-3479 AM059_1951_SA_SU2012_JB_07 
"<eh>"
	"eh" Noun NP Singular lang:es 00:01:48 00:01:55 tt-3480 AM059_1951_SA_SU2012_JB_07 
"<...>"
	"..." Punctuation DOTS lang:es 00:01:48 00:01:55 tt-3481 AM059_1951_SA_SU2012_JB_07 
"<de>"
	"de" Preposition PREP lang:es 00:01:48 00:01:55 tt-3482 AM059_1951_SA_SU2012_JB_07 @Gram:Prep ADD:614 
"<tecnología>"
	"tecnología" Noun NC Singular lang:es 00:01:48 00:01:55 tt-3483 AM059_1951_SA_SU2012_JB_07 
"<especialmente>"
	"especialmente" Adverb ADV lang:es 00:01:48 00:01:55 tt-3484 AM059_1951_SA_SU2012_JB_07 
"<,>"
	"," Punctuation CM lang:es 00:01:48 00:01:55 tt-3485 AM059_1951_SA_SU2012_JB_07 
"<que>"
	"que" Conjunction CQUE lang:es 00:01:58 00:02:05 tt-3486 AM059_1951_SA_SU2012_JB_07 
"<son>"
	"ser" Verb VSfin Pres Indi Plural 3rd lang:es 00:01:58 00:02:05 tt-3487 AM059_1951_SA_SU2012_JB_07 @Gram:SerEstar:Ser ADD:803 
"<nuevos>"
	"nuevo" Adjective ADJ Plural lang:es 00:01:58 00:02:05 tt-3488 AM059_1951_SA_SU2012_JB_07 
"<términos>"
	"término" Noun NC Plural lang:es 00:01:58 00:02:05 tt-3489 AM059_1951_SA_SU2012_JB_07 
"<,>"
	"," Punctuation CM lang:es 00:01:58 00:02:05 tt-3490 AM059_1951_SA_SU2012_JB_07 
"<que>"
	"que" Conjunction CQUE lang:es 00:01:58 00:02:05 tt-3491 AM059_1951_SA_SU2012_JB_07 
"<son>"
	"ser" Verb VSfin Pres Indi Plural 3rd lang:es 00:01:58 00:02:05 tt-3492 AM059_1951_SA_SU2012_JB_07 @Gram:SerEstar:Ser ADD:803 
"<muy>"
	"muy" Adverb ADV lang:es 00:01:58 00:02:05 tt-3493 AM059_1951_SA_SU2012_JB_07 
"<difíciles>"
	"difícil" Adjective ADJ Plural lang:es 00:01:58 00:02:05 tt-3494 AM059_1951_SA_SU2012_JB_07 
"<de>"
	"de" Conjunction CSUBI lang:es 00:01:58 00:02:05 tt-3495 AM059_1951_SA_SU2012_JB_07 
"<traducir>"
	"traducir" Verb VLinf Infinitive lang:es 00:01:58 00:02:05 tt-3496 AM059_1951_SA_SU2012_JB_07 SUBSTITUTE:320 
"<$.>"
	"." Punctuation FS lang:es 00:01:58 00:02:05 tt-3497 AM059_1951_SA_SU2012_JB_07 

"<Yo>"
	"yo" Pronoun PPX Singular lang:es 00:01:58 00:02:05 tt-3498 AM059_1951_SA_SU2012_JB_07 @Gram:Pron:Sujeto ADD:624 
"<cuando>"
	"cuando" Conjunction CSUBX lang:es 00:01:58 00:02:05 tt-3499 AM059_1951_SA_SU2012_JB_07 
"<primero>"
	"primero" Adverb ADV lang:es 00:01:58 00:02:05 tt-3500 AM059_1951_SA_SU2012_JB_07 
"<empecé>"
	"empezar" Verb VLfin Pret Indi Sing 1st lang:es 00:01:58 00:02:05 tt-3501 AM059_1951_SA_SU2012_JB_07 @Gram:Indefinido ID:366 R:Vocab:Fraseol:VerbPrep:367 ADD:688 ADDRELATION(Vocab:Fraseol:VerbPrep):1211 
"<a>"
	"a" Preposition PREP lang:es 00:01:58 00:02:05 tt-3502 AM059_1951_SA_SU2012_JB_07 @Gram:Prep ID:367 SUBSTITUTE:389 ADD:614 
"<trabajar>"
	"trabajar" Verb VLinf Infinitive lang:es 00:01:58 00:02:05 tt-3503 AM059_1951_SA_SU2012_JB_07 SUBSTITUTE:320 
"<con>"
	"con" Preposition PREP lang:es 00:02:05 00:02:12 tt-3504 AM059_1951_SA_SU2012_JB_07 @Gram:Prep ADD:614 
"<una>"
	"un" Determiner ART Singular lang:es 00:02:05 00:02:12 tt-3505 AM059_1951_SA_SU2012_JB_07 
"<...>"
	"..." Punctuation DOTS lang:es 00:02:05 00:02:12 tt-3506 AM059_1951_SA_SU2012_JB_07 
"<un>"
	"un" Determiner ART Singular lang:es 00:02:05 00:02:12 tt-3507 AM059_1951_SA_SU2012_JB_07 ID:372 R:Gram:Genero:ExcepMasc:373 ADDRELATION(Gram:Genero:ExcepMasc):512 
"<programa>"
	"programa" Noun NC Singular lang:es 00:02:05 00:02:12 tt-3508 AM059_1951_SA_SU2012_JB_07 ID:373 
"<de>"
	"de" Preposition PREP lang:es 00:02:05 00:02:12 tt-3509 AM059_1951_SA_SU2012_JB_07 @Gram:Prep ADD:614 
"<cómputo>"
	"cómputo" Noun NC Singular lang:es 00:02:05 00:02:12 tt-3510 AM059_1951_SA_SU2012_JB_07 
"<en>"
	"en" Preposition PREP lang:es 00:02:05 00:02:12 tt-3511 AM059_1951_SA_SU2012_JB_07 @Gram:Prep ADD:614 
"<español>"
	"español" Noun NC Singular lang:es 00:02:05 00:02:12 tt-3512 AM059_1951_SA_SU2012_JB_07 
"<como>"
	"como" Conjunction CSUBX lang:es 00:02:05 00:02:12 tt-3513 AM059_1951_SA_SU2012_JB_07 
"<...>"
	"..." Punctuation DOTS lang:es 00:02:05 00:02:12 tt-3514 AM059_1951_SA_SU2012_JB_07 
"<por>"
	"por" Preposition PREP lang:es 00:02:05 00:02:12 tt-3515 AM059_1951_SA_SU2012_JB_07 @Gram:Prep:Por ID:380 R:Prag:MarcadoresDisc:Igualdad:381 SUBSTITUTE:262 ADD:595 ADDRELATION(Prag:MarcadoresDisc:Igualdad):1122 
"<ejemplo>"
	"ejemplo" Adverb ADV lang:es 00:02:05 00:02:12 tt-3516 AM059_1951_SA_SU2012_JB_07 ID:381 
"<,>"
	"," Punctuation CM lang:es 00:02:05 00:02:12 tt-3517 AM059_1951_SA_SU2012_JB_07 
"<aquí>"
	"aquí" Adverb ADV lang:es 00:02:05 00:02:12 tt-3518 AM059_1951_SA_SU2012_JB_07 
"<está>"
	"estar" Verb VEfin Pres Indi Sing 3rd lang:es 00:02:05 00:02:12 tt-3519 AM059_1951_SA_SU2012_JB_07 @Gram:SerEstar:Estar ADD:812 
"<una>"
	"un" Determiner ART Singular lang:es 00:02:05 00:02:12 tt-3520 AM059_1951_SA_SU2012_JB_07 
"<Microsoft>"
	"Microsoft" Noun NP Singular lang:es 00:02:05 00:02:12 tt-3521 AM059_1951_SA_SU2012_JB_07 
<lang code="en">
"<Word>"
	"Word" Noun NP Singular lang:en 00:02:14 00:02:19 tt-3522 AM059_1951_SA_SU2012_JB_07 
</lang>
"<,>"
	"," Punctuation CM lang:es 00:02:14 00:02:19 tt-3523 AM059_1951_SA_SU2012_JB_07 
"<$¿>"
	"¿" Punctuation FS lang:es 00:02:14 00:02:19 tt-3524 AM059_1951_SA_SU2012_JB_07 
"<no>"
	"no" Adverb NEG lang:es 00:02:14 00:02:19 tt-3525 AM059_1951_SA_SU2012_JB_07 
"<$?>"
	"?" Punctuation FS lang:es 00:02:14 00:02:19 tt-3526 AM059_1951_SA_SU2012_JB_07 

"<O>"
	"o" Conjunciton CC Adverb ADV lang:es 00:02:14 00:02:19 tt-3527 AM059_1951_SA_SU2012_JB_07 ID:392 R:Prag:MarcadoresDisc:Igualdad:393 SUBSTITUTE:387 ADDRELATION(Prag:MarcadoresDisc:Igualdad):1127 
"<sea>"
	"sea" Adverb ADV lang:es 00:02:14 00:02:19 tt-3528 AM059_1951_SA_SU2012_JB_07 ID:393 
"<,>"
	"," Punctuation CM lang:es 00:02:14 00:02:19 tt-3529 AM059_1951_SA_SU2012_JB_07 
"<en>"
	"en" Preposition PREP lang:es 00:02:14 00:02:19 tt-3530 AM059_1951_SA_SU2012_JB_07 @Gram:Prep ADD:614 
"<México>"
	"México" Noun NP Singular lang:es 00:02:14 00:02:19 tt-3531 AM059_1951_SA_SU2012_JB_07 
"<,>"
	"," Punctuation CM lang:es 00:02:14 00:02:19 tt-3532 AM059_1951_SA_SU2012_JB_07 
"<no>"
	"no" Adverb NEG lang:es 00:02:14 00:02:19 tt-3533 AM059_1951_SA_SU2012_JB_07 
"<dices>"
	"decir" Verb VLfin Pres Indi Sing 2nd lang:es 00:02:14 00:02:19 tt-3534 AM059_1951_SA_SU2012_JB_07 
"<a>"
	"a" Preposition PREP lang:es 00:02:14 00:02:19 tt-3535 AM059_1951_SA_SU2012_JB_07 @Gram:Prep SUBSTITUTE:389 ADD:614 
"<ver>"
	"ver" Verb VLinf Infinitive lang:es 00:02:14 00:02:19 tt-3536 AM059_1951_SA_SU2012_JB_07 SUBSTITUTE:320 
"<yo>"
	"yo" Pronoun PPX Singular lang:es 00:02:14 00:02:19 tt-3537 AM059_1951_SA_SU2012_JB_07 @Gram:Pron:Sujeto ADD:624 
"<estoy>"
	"estar" Verb VEfin Pres Indi Sing 1st lang:es 00:02:14 00:02:19 tt-3538 AM059_1951_SA_SU2012_JB_07 @Gram:SerEstar:Estar ID:403 R:Gram:SerEstar:EstarAux:404 ADD:812 ADDRELATION(Gram:SerEstar:EstarAux):828 
"<trabajando>"
	"trabajar" Verb VLger lang:es 00:02:14 00:02:19 tt-3539 AM059_1951_SA_SU2012_JB_07 ID:404 
"<en>"
	"en" Preposition PREP lang:es 00:02:14 00:02:19 tt-3540 AM059_1951_SA_SU2012_JB_07 @Gram:Prep ADD:614 
"<Microsoft>"
	"Microsoft" Noun NP Singular lang:es 00:02:14 00:02:19 tt-3541 AM059_1951_SA_SU2012_JB_07 
"<Palabra>"
	"palabra" Noun NC Singular lang:es 00:02:14 00:02:19 tt-3542 AM059_1951_SA_SU2012_JB_07 
"<$.>"
	"." Punctuation FS lang:es 00:02:14 00:02:19 tt-3543 AM059_1951_SA_SU2012_JB_07 

"<No>"
	"no" Adverb NEG lang:es 00:02:19 00:02:24 tt-3544 AM059_1951_SA_SU2012_JB_07 
"<$.>"
	"." Punctuation FS lang:es 00:02:19 00:02:24 tt-3545 AM059_1951_SA_SU2012_JB_07 

"<Dices>"
	"decir" Verb VLfin Pres Indi Sing 2nd lang:es 00:02:19 00:02:24 tt-3546 AM059_1951_SA_SU2012_JB_07 
"<estoy>"
	"estar" Verb VEfin Pres Indi Sing 1st lang:es 00:02:19 00:02:24 tt-3547 AM059_1951_SA_SU2012_JB_07 @Gram:SerEstar:Estar ID:412 R:Gram:SerEstar:EstarAux:413 ADD:812 ADDRELATION(Gram:SerEstar:EstarAux):828 
"<trabajando>"
	"trabajar" Verb VLger lang:es 00:02:19 00:02:24 tt-3548 AM059_1951_SA_SU2012_JB_07 ID:413 
"<...>"
	"..." Punctuation DOTS lang:es 00:02:19 00:02:24 tt-3549 AM059_1951_SA_SU2012_JB_07 
"<$¿>"
	"¿" Punctuation FS lang:es 00:02:19 00:02:24 tt-3550 AM059_1951_SA_SU2012_JB_07 
"<qué>"
	"qué" Pronoun INT Singular lang:es 00:02:19 00:02:24 tt-3551 AM059_1951_SA_SU2012_JB_07 
"<...>"
	"..." Punctuation DOTS lang:es 00:02:19 00:02:24 tt-3552 AM059_1951_SA_SU2012_JB_07 
"<qué>"
	"qué" Pronoun INT Singular lang:es 00:02:19 00:02:24 tt-3553 AM059_1951_SA_SU2012_JB_07 
"<...>"
	"..." Punctuation DOTS lang:es 00:02:19 00:02:24 tt-3554 AM059_1951_SA_SU2012_JB_07 
"<qué>"
	"qué" Pronoun INT Singular lang:es 00:02:19 00:02:24 tt-3555 AM059_1951_SA_SU2012_JB_07 
"<programa>"
	"programa" Noun NC Singular lang:es 00:02:19 00:02:24 tt-3556 AM059_1951_SA_SU2012_JB_07 
"<usas>"
	"usar" Verb VLfin Pres Indi Sing 2nd lang:es 00:02:19 00:02:24 tt-3557 AM059_1951_SA_SU2012_JB_07 
"<$?>"
	"?" Punctuation FS lang:es 00:02:19 00:02:24 tt-3558 AM059_1951_SA_SU2012_JB_07 

"<Pues>"
	"pues" Conjunction CSUBF lang:es 00:02:19 00:02:24 tt-3559 AM059_1951_SA_SU2012_JB_07 
"<,>"
	"," Punctuation CM lang:es 00:02:19 00:02:24 tt-3560 AM059_1951_SA_SU2012_JB_07 
"<yo>"
	"yo" Pronoun PPX Singular lang:es 00:02:19 00:02:24 tt-3561 AM059_1951_SA_SU2012_JB_07 @Gram:Pron:Sujeto ADD:624 
"<uso>"
	"uso" Noun NC Singular lang:es 00:02:19 00:02:24 tt-3562 AM059_1951_SA_SU2012_JB_07 
"<Microsoft>"
	"Microsoft" Noun NP Singular lang:es 00:02:19 00:02:24 tt-3563 AM059_1951_SA_SU2012_JB_07 
<lang code="en">
"<Word>"
	"Word" Noun NP Singular lang:en 00:02:24 00:02:28 tt-3564 AM059_1951_SA_SU2012_JB_07 
</lang>
"<$.>"
	"." Punctuation FS lang:es 00:02:24 00:02:28 tt-3565 AM059_1951_SA_SU2012_JB_07 
<lang code="en">

"<Ah>"
	"ah" Other UH lang:en 00:02:24 00:02:28 tt-3566 AM059_1951_SA_SU2012_JB_07 
</lang>
"<,>"
	"," Punctuation CM lang:es 00:02:24 00:02:28 tt-3567 AM059_1951_SA_SU2012_JB_07 
<lang code="en">
"<okay>"
	"okay" Adjective JJ lang:en 00:02:24 00:02:28 tt-3568 AM059_1951_SA_SU2012_JB_07 
</lang>
"<$.>"
	"." Punctuation FS lang:es 00:02:24 00:02:28 tt-3569 AM059_1951_SA_SU2012_JB_07 

"<O>"
	"o" Conjunciton CC Adverb ADV lang:es 00:02:24 00:02:28 tt-3570 AM059_1951_SA_SU2012_JB_07 ID:435 R:Prag:MarcadoresDisc:Igualdad:436 SUBSTITUTE:387 ADDRELATION(Prag:MarcadoresDisc:Igualdad):1127 
"<sea>"
	"sea" Adverb ADV lang:es 00:02:24 00:02:28 tt-3571 AM059_1951_SA_SU2012_JB_07 ID:436 
"<,>"
	"," Punctuation CM lang:es 00:02:24 00:02:28 tt-3572 AM059_1951_SA_SU2012_JB_07 
"<ese>"
	"ese" Determiner DM Singular lang:es 00:02:24 00:02:28 tt-3573 AM059_1951_SA_SU2012_JB_07 
"<es>"
	"ser" Verb VSfin Pres Indi Sing 3rd lang:es 00:02:24 00:02:28 tt-3574 AM059_1951_SA_SU2012_JB_07 @Gram:SerEstar:Ser ADD:803 
"<...>"
	"..." Punctuation DOTS lang:es 00:02:24 00:02:28 tt-3575 AM059_1951_SA_SU2012_JB_07 
"<ese>"
	"ese" Determiner DM Singular lang:es 00:02:24 00:02:28 tt-3576 AM059_1951_SA_SU2012_JB_07 
"<es>"
	"ser" Verb VSfin Pres Indi Sing 3rd lang:es 00:02:24 00:02:28 tt-3577 AM059_1951_SA_SU2012_JB_07 @Gram:SerEstar:Ser ADD:803 
"<uno>"
	"uno" Determiner CARD Singular lang:es 00:02:24 00:02:28 tt-3578 AM059_1951_SA_SU2012_JB_07 
"<que>"
	"que" Conjunction CQUE lang:es 00:02:24 00:02:28 tt-3579 AM059_1951_SA_SU2012_JB_07 
"<no>"
	"no" Adverb NEG lang:es 00:02:24 00:02:28 tt-3580 AM059_1951_SA_SU2012_JB_07 
"<se>"
	"se" Other SE lang:es 00:02:24 00:02:28 tt-3581 AM059_1951_SA_SU2012_JB_07 
"<traduce>"
	"traducir" Verb VLfin Pres Indi Sing 3rd lang:es 00:02:24 00:02:28 tt-3582 AM059_1951_SA_SU2012_JB_07 
"<$.>"
	"." Punctuation FS lang:es 00:02:24 00:02:28 tt-3583 AM059_1951_SA_SU2012_JB_07 
</speaker>
<speaker type="int">

"<Sí>"
	"sí" Adverb ADV lang:es 00:02:28 00:02:28 tt-3584 AM059_1951_SA_SU2012_JB_07 
"<$.>"
	"." Punctuation FS lang:es 00:02:28 00:02:28 tt-3585 AM059_1951_SA_SU2012_JB_07 

"<No>"
	"no" Adverb NEG lang:es 00:02:28 00:02:32 tt-3586 AM059_1951_SA_SU2012_JB_07 
"<se>"
	"se" Other SE lang:es 00:02:28 00:02:32 tt-3587 AM059_1951_SA_SU2012_JB_07 
"<traduce>"
	"traducir" Verb VLfin Pres Indi Sing 3rd lang:es 00:02:28 00:02:32 tt-3588 AM059_1951_SA_SU2012_JB_07 
"<$.>"
	"." Punctuation FS lang:es 00:02:28 00:02:32 tt-3589 AM059_1951_SA_SU2012_JB_07 

"<Cuando>"
	"cuando" Conjunction CSUBX lang:es 00:02:28 00:02:32 tt-3590 AM059_1951_SA_SU2012_JB_07 
"<yo>"
	"yo" Pronoun PPX Singular lang:es 00:02:28 00:02:32 tt-3591 AM059_1951_SA_SU2012_JB_07 @Gram:Pron:Sujeto ADD:624 
"<,>"
	"," Punctuation CM lang:es 00:02:28 00:02:32 tt-3592 AM059_1951_SA_SU2012_JB_07 
"<pero>"
	"pero" Conjunction CCAD lang:es 00:02:28 00:02:32 tt-3593 AM059_1951_SA_SU2012_JB_07 @Prag:MarcadoresDisc:Revision ADD:1032 
"<el>"
	"el" Determiner ART Singular Masc lang:es 00:02:28 00:02:32 tt-3594 AM059_1951_SA_SU2012_JB_07 @Gram:Det:Art ID:459 R:Gram:Genero:ExcepMasc:460 ADD:416 ADDRELATION(Gram:Genero:ExcepMasc):512 
"<programa>"
	"programa" Noun NC Singular lang:es 00:02:28 00:02:32 tt-3595 AM059_1951_SA_SU2012_JB_07 ID:460 
"<lo>"
	"él" Pronoun PPC Singular lang:es 00:02:28 00:02:32 tt-3596 AM059_1951_SA_SU2012_JB_07 @Gram:Pron:Objeto ADD:654 
"<tienen>"
	"tener" Verb VLfin Pres Indi Plural 3rd lang:es 00:02:28 00:02:32 tt-3597 AM059_1951_SA_SU2012_JB_07 
"<en>"
	"en" Preposition PREP lang:es 00:02:28 00:02:32 tt-3598 AM059_1951_SA_SU2012_JB_07 @Gram:Prep ADD:614 
"<español>"
	"español" Noun NC Singular lang:es 00:02:28 00:02:32 tt-3599 AM059_1951_SA_SU2012_JB_07 
"<$.>"
	"." Punctuation FS lang:es 00:02:28 00:02:32 tt-3600 AM059_1951_SA_SU2012_JB_07 

"<Y>"
	"y" Conjunciton Conjunction CC lang:es 00:02:28 00:02:32 tt-3601 AM059_1951_SA_SU2012_JB_07 SUBSTITUTE:385 
"<yo>"
	"yo" Pronoun PPX Singular lang:es 00:02:28 00:02:32 tt-3602 AM059_1951_SA_SU2012_JB_07 @Gram:Pron:Sujeto ADD:624 
"<cuando>"
	"cuando" Conjunction CSUBX lang:es 00:02:28 00:02:32 tt-3603 AM059_1951_SA_SU2012_JB_07 
"<primero>"
	"primero" Adverb ADV lang:es 00:02:28 00:02:32 tt-3604 AM059_1951_SA_SU2012_JB_07 
"<vi>"
	"vi" Determiner CARD Singular lang:es 00:02:32 00:02:38 tt-3605 AM059_1951_SA_SU2012_JB_07 
"<el>"
	"el" Determiner ART Singular Masc lang:es 00:02:32 00:02:38 tt-3606 AM059_1951_SA_SU2012_JB_07 @Gram:Det:Art ID:471 R:Gram:Genero:ExcepMasc:472 ADD:416 ADDRELATION(Gram:Genero:ExcepMasc):512 
"<programa>"
	"programa" Noun NC Singular lang:es 00:02:32 00:02:38 tt-3607 AM059_1951_SA_SU2012_JB_07 ID:472 
"<español>"
	"español" Adjective ADJ Singular lang:es 00:02:32 00:02:38 tt-3608 AM059_1951_SA_SU2012_JB_07 
"<,>"
	"," Punctuation CM lang:es 00:02:32 00:02:38 tt-3609 AM059_1951_SA_SU2012_JB_07 
"<yo>"
	"yo" Pronoun PPX Singular lang:es 00:02:32 00:02:38 tt-3610 AM059_1951_SA_SU2012_JB_07 @Gram:Pron:Sujeto ADD:624 
"<no>"
	"no" Adverb NEG lang:es 00:02:32 00:02:38 tt-3611 AM059_1951_SA_SU2012_JB_07 
"<le>"
	"él" Pronoun PPC Singular lang:es 00:02:32 00:02:38 tt-3612 AM059_1951_SA_SU2012_JB_07 @Gram:Pron:Objeto ADD:654 
"<entendía>"
	"entender" Verb VLfin Imp Indi Sing 1st_or_3rd lang:es 00:02:32 00:02:38 tt-3613 AM059_1951_SA_SU2012_JB_07 @Gram:Imperf ADD:679 
"<nada>"
	"nada" Determiner QU lang:es 00:02:32 00:02:38 tt-3614 AM059_1951_SA_SU2012_JB_07 @Gram:Det:Pron ADD:476 
"<porque>"
	"porque" Conjunction CSUBX lang:es 00:02:32 00:02:38 tt-3615 AM059_1951_SA_SU2012_JB_07 @Prag:MarcadoresDisc:Causa ADD:1085 
"<,>"
	"," Punctuation CM lang:es 00:02:32 00:02:38 tt-3616 AM059_1951_SA_SU2012_JB_07 
"<pues>"
	"pues" Conjunction CSUBF lang:es 00:02:32 00:02:38 tt-3617 AM059_1951_SA_SU2012_JB_07 
"<,>"
	"," Punctuation CM lang:es 00:02:32 00:02:38 tt-3618 AM059_1951_SA_SU2012_JB_07 
"<alguien>"
	"UNK" Adjective ADJ Singular lang:es 00:02:32 00:02:38 tt-3619 AM059_1951_SA_SU2012_JB_07 
"<en>"
	"en" Preposition PREP lang:es 00:02:32 00:02:38 tt-3620 AM059_1951_SA_SU2012_JB_07 @Gram:Prep ADD:614 
"<...>"
	"..." Punctuation DOTS lang:es 00:02:32 00:02:38 tt-3621 AM059_1951_SA_SU2012_JB_07 
"<no>"
	"no" Adverb NEG lang:es 00:02:32 00:02:38 tt-3622 AM059_1951_SA_SU2012_JB_07 
"<sé>"
	"saber|ser" Verb VLfin Pres Indi Sing 1st lang:es 00:02:32 00:02:38 tt-3623 AM059_1951_SA_SU2012_JB_07 
"<dónde>"
	"dónde" Adverb ADV lang:es 00:02:32 00:02:38 tt-3624 AM059_1951_SA_SU2012_JB_07 
"<$.>"
	"." Punctuation FS lang:es 00:02:32 00:02:38 tt-3625 AM059_1951_SA_SU2012_JB_07 

"<Seattle>"
	"Seattle" Noun NP Singular lang:es 00:02:38 00:02:45 tt-3626 AM059_1951_SA_SU2012_JB_07 
"<,>"
	"," Punctuation CM lang:es 00:02:38 00:02:45 tt-3627 AM059_1951_SA_SU2012_JB_07 
"<donde>"
	"donde" Adverb ADV lang:es 00:02:38 00:02:45 tt-3628 AM059_1951_SA_SU2012_JB_07 
"<está>"
	"estar" Verb VEfin Pres Indi Sing 3rd lang:es 00:02:38 00:02:45 tt-3629 AM059_1951_SA_SU2012_JB_07 @Gram:SerEstar:Estar ADD:812 
"<Microsoft>"
	"Microsoft" Noun NP Singular lang:es 00:02:38 00:02:45 tt-3630 AM059_1951_SA_SU2012_JB_07 
"<se>"
	"se" Other SE lang:es 00:02:38 00:02:45 tt-3631 AM059_1951_SA_SU2012_JB_07 
"<hizo>"
	"hacer" Verb VLfin Pres Indi Sing 1st lang:es 00:02:38 00:02:45 tt-3632 AM059_1951_SA_SU2012_JB_07 
"<una>"
	"un" Determiner ART Singular lang:es 00:02:38 00:02:45 tt-3633 AM059_1951_SA_SU2012_JB_07 
"<traducción>"
	"traducción" Noun NC Singular lang:es 00:02:38 00:02:45 tt-3634 AM059_1951_SA_SU2012_JB_07 
"<que>"
	"que" Conjunction CQUE lang:es 00:02:38 00:02:45 tt-3635 AM059_1951_SA_SU2012_JB_07 
"<pues>"
	"pues" Conjunction CSUBF lang:es 00:02:38 00:02:45 tt-3636 AM059_1951_SA_SU2012_JB_07 
"<no>"
	"no" Adverb NEG lang:es 00:02:38 00:02:45 tt-3637 AM059_1951_SA_SU2012_JB_07 
"<...>"
	"..." Punctuation DOTS lang:es 00:02:38 00:02:45 tt-3638 AM059_1951_SA_SU2012_JB_07 
"<como>"
	"como" Adverb ADV lang:es 00:02:38 00:02:45 tt-3639 AM059_1951_SA_SU2012_JB_07 
"<negrillas>"
	"UNK" Noun NC Plural lang:es 00:02:38 00:02:45 tt-3640 AM059_1951_SA_SU2012_JB_07 
"<,>"
	"," Punctuation CM lang:es 00:02:38 00:02:45 tt-3641 AM059_1951_SA_SU2012_JB_07 
"<por>"
	"por" Preposition PREP lang:es 00:02:38 00:02:45 tt-3642 AM059_1951_SA_SU2012_JB_07 @Gram:Prep:Por ID:507 R:Prag:MarcadoresDisc:Igualdad:508 SUBSTITUTE:262 ADD:595 ADDRELATION(Prag:MarcadoresDisc:Igualdad):1122 
"<ejemplo>"
	"ejemplo" Adverb ADV lang:es 00:02:38 00:02:45 tt-3643 AM059_1951_SA_SU2012_JB_07 ID:508 
"<$.>"
	"." Punctuation FS lang:es 00:02:38 00:02:45 tt-3644 AM059_1951_SA_SU2012_JB_07 

"<Negrillas>"
	"UNK" Noun NP Plural lang:es 00:02:38 00:02:45 tt-3645 AM059_1951_SA_SU2012_JB_07 
"<$.>"
	"." Punctuation FS lang:es 00:02:38 00:02:45 tt-3646 AM059_1951_SA_SU2012_JB_07 

"<Dices>"
	"decir" Verb VLfin Pres Indi Sing 2nd lang:es 00:02:46 00:02:51 tt-3647 AM059_1951_SA_SU2012_JB_07 
"<$¿>"
	"¿" Punctuation FS lang:es 00:02:46 00:02:51 tt-3648 AM059_1951_SA_SU2012_JB_07 
"<qué>"
	"qué" Pronoun INT Singular lang:es 00:02:46 00:02:51 tt-3649 AM059_1951_SA_SU2012_JB_07 
"<es>"
	"ser" Verb VSfin Pres Indi Sing 3rd lang:es 00:02:46 00:02:51 tt-3650 AM059_1951_SA_SU2012_JB_07 @Gram:SerEstar:Ser ADD:803 
"<eso>"
	"ese" Determiner DM Singular lang:es 00:02:46 00:02:51 tt-3651 AM059_1951_SA_SU2012_JB_07 @Gram:Det:Demo ADD:439 
"<$?>"
	"?" Punctuation FS lang:es 00:02:46 00:02:51 tt-3652 AM059_1951_SA_SU2012_JB_07 

"<$¿>"
	"¿" Punctuation FS lang:es 00:02:46 00:02:51 tt-3653 AM059_1951_SA_SU2012_JB_07 
"<Qué>"
	"qué" Pronoun INT Singular lang:es 00:02:46 00:02:51 tt-3654 AM059_1951_SA_SU2012_JB_07 
"<es>"
	"ser" Verb VSfin Pres Indi Sing 3rd lang:es 00:02:46 00:02:51 tt-3655 AM059_1951_SA_SU2012_JB_07 @Gram:SerEstar:Ser ADD:803 
"<negrillas>"
	"UNK" Adjective ADJ Plural lang:es 00:02:46 00:02:51 tt-3656 AM059_1951_SA_SU2012_JB_07 
"<$?>"
	"?" Punctuation FS lang:es 00:02:46 00:02:51 tt-3657 AM059_1951_SA_SU2012_JB_07 

"<No>"
	"no" Adverb NEG lang:es 00:02:46 00:02:51 tt-3658 AM059_1951_SA_SU2012_JB_07 
"<,>"
	"," Punctuation CM lang:es 00:02:46 00:02:51 tt-3659 AM059_1951_SA_SU2012_JB_07 
"<pues>"
	"pues" Conjunction CSUBF lang:es 00:02:46 00:02:51 tt-3660 AM059_1951_SA_SU2012_JB_07 
"<,>"
	"," Punctuation CM lang:es 00:02:46 00:02:51 tt-3661 AM059_1951_SA_SU2012_JB_07 
"<es>"
	"ser" Verb VSfin Pres Indi Sing 3rd lang:es 00:02:46 00:02:51 tt-3662 AM059_1951_SA_SU2012_JB_07 @Gram:SerEstar:Ser ADD:803 
"<...>"
	"..." Punctuation DOTS lang:es 00:02:46 00:02:51 tt-3663 AM059_1951_SA_SU2012_JB_07 
"<es>"
	"ser" Verb VSfin Pres Indi Sing 3rd lang:es 00:02:46 00:02:51 tt-3664 AM059_1951_SA_SU2012_JB_07 @Gram:SerEstar:Ser ADD:803 
"<cuando>"
	"cuando" Conjunction CSUBX lang:es 00:02:46 00:02:51 tt-3665 AM059_1951_SA_SU2012_JB_07 
"<tienes>"
	"tener" Verb VLfin Pres Indi Sing 2nd lang:es 00:02:46 00:02:51 tt-3666 AM059_1951_SA_SU2012_JB_07 
"<una>"
	"un" Determiner ART Singular lang:es 00:02:46 00:02:51 tt-3667 AM059_1951_SA_SU2012_JB_07 
"<palabra>"
	"palabra" Noun NC Singular lang:es 00:02:46 00:02:51 tt-3668 AM059_1951_SA_SU2012_JB_07 
"<que>"
	"que" Conjunction CQUE lang:es 00:02:51 00:02:56 tt-3669 AM059_1951_SA_SU2012_JB_07 
"<lo>"
	"él" Pronoun PPC Singular lang:es 00:02:51 00:02:56 tt-3670 AM059_1951_SA_SU2012_JB_07 @Gram:Pron:Objeto ADD:654 
"<quieres>"
	"querer" Verb VLfin Pres Indi Sing 2nd lang:es 00:02:51 00:02:56 tt-3671 AM059_1951_SA_SU2012_JB_07 
"<poner>"
	"poner" Verb VLinf Infinitive lang:es 00:02:51 00:02:56 tt-3672 AM059_1951_SA_SU2012_JB_07 SUBSTITUTE:320 
"<en>"
	"en" Preposition PREP lang:es 00:02:51 00:02:56 tt-3673 AM059_1951_SA_SU2012_JB_07 @Gram:Prep ADD:614 
<lang code="en">
"<bold>"
	"bold" Adjective JJ lang:en 00:02:51 00:02:56 tt-3674 AM059_1951_SA_SU2012_JB_07 
</lang>
"<,>"
	"," Punctuation CM lang:es 00:02:51 00:02:56 tt-3675 AM059_1951_SA_SU2012_JB_07 
"<$¿>"
	"¿" Punctuation FS lang:es 00:02:51 00:02:56 tt-3676 AM059_1951_SA_SU2012_JB_07 
"<no>"
	"no" Adverb NEG lang:es 00:02:51 00:02:56 tt-3677 AM059_1951_SA_SU2012_JB_07 
"<$?>"
	"?" Punctuation FS lang:es 00:02:51 00:02:56 tt-3678 AM059_1951_SA_SU2012_JB_07 

"<Lo>"
	"el" Determiner ART Singular lang:es 00:02:51 00:02:56 tt-3679 AM059_1951_SA_SU2012_JB_07 ID:544 R:Gram:Det:LoAdj:545 ADDRELATION(Gram:Det:LoAdj):422 
"<que>"
	"que" Conjunction CQUE lang:es 00:02:51 00:02:56 tt-3680 AM059_1951_SA_SU2012_JB_07 ID:545 
"<se>"
	"se" Other SE lang:es 00:02:51 00:02:56 tt-3681 AM059_1951_SA_SU2012_JB_07 
"<dice>"
	"decir" Verb VLfin Pres Indi Sing 3rd lang:es 00:02:51 00:02:56 tt-3682 AM059_1951_SA_SU2012_JB_07 ID:547 R:Herit:Contacto:Mixtas:548 ADDRELATION(Herit:Contacto:Mixtas):1170 
<lang code="en">
"<bold>"
	"bold" Adjective JJ lang:en 00:02:51 00:02:56 tt-3683 AM059_1951_SA_SU2012_JB_07 ID:548 
</lang>
"<$.>"
	"." Punctuation FS lang:es 00:02:51 00:02:56 tt-3684 AM059_1951_SA_SU2012_JB_07 

"<Entonces>"
	"entonces" Adverb ADV lang:es 00:02:51 00:02:56 tt-3685 AM059_1951_SA_SU2012_JB_07 
"<en>"
	"en" Preposition PREP lang:es 00:02:51 00:02:56 tt-3686 AM059_1951_SA_SU2012_JB_07 @Gram:Prep ADD:614 
"<México>"
	"México" Noun NP Singular lang:es 00:02:51 00:02:56 tt-3687 AM059_1951_SA_SU2012_JB_07 
"<,>"
	"," Punctuation CM lang:es 00:02:51 00:02:56 tt-3688 AM059_1951_SA_SU2012_JB_07 
"<más>"
	"más" Adverb ADV lang:es 00:02:51 00:02:56 tt-3689 AM059_1951_SA_SU2012_JB_07 
"<se>"
	"se" Other SE lang:es 00:02:51 00:02:56 tt-3690 AM059_1951_SA_SU2012_JB_07 
"<está>"
	"estar" Verb VEfin Pres Indi Sing 3rd lang:es 00:02:51 00:02:56 tt-3691 AM059_1951_SA_SU2012_JB_07 @Gram:SerEstar:Estar ID:556 R:Gram:SerEstar:EstarAux:557 ADD:812 ADDRELATION(Gram:SerEstar:EstarAux):828 
"<diciendo>"
	"decir" Verb VLger lang:es 00:02:56 00:03:02 tt-3692 AM059_1951_SA_SU2012_JB_07 ID:557 
"<voy>"
	"ir" Verb VLfin Pres Indi Sing 1st lang:es 00:02:56 00:03:02 tt-3693 AM059_1951_SA_SU2012_JB_07 
"<a>"
	"a" Preposition PREP lang:es 00:02:56 00:03:02 tt-3694 AM059_1951_SA_SU2012_JB_07 @Gram:Prep SUBSTITUTE:389 ADD:614 
"<boldear>"
	"UNK" Noun NC Singular lang:es 00:02:56 00:03:02 tt-3695 AM059_1951_SA_SU2012_JB_07 
"<$.>"
	"." Punctuation FS lang:es 00:02:56 00:03:02 tt-3696 AM059_1951_SA_SU2012_JB_07 

"<Lo>"
	"el" Determiner ART Singular lang:es 00:02:56 00:03:02 tt-3697 AM059_1951_SA_SU2012_JB_07 @Gram:Pron:Objeto ADD:642 
"<voy>"
	"ir" Verb VLfin Pres Indi Sing 1st lang:es 00:02:56 00:03:02 tt-3698 AM059_1951_SA_SU2012_JB_07 ID:563 R:Gram:VFut:Perifrasis:565 ADDRELATION(Gram:VFut:Perifrasis):707 
"<a>"
	"a" Preposition PREP lang:es 00:02:56 00:03:02 tt-3699 AM059_1951_SA_SU2012_JB_07 @Gram:Prep SUBSTITUTE:389 ADD:614 
"<poner>"
	"poner" Verb VLinf Infinitive lang:es 00:02:56 00:03:02 tt-3700 AM059_1951_SA_SU2012_JB_07 ID:565 SUBSTITUTE:320 
"<en>"
	"en" Preposition PREP lang:es 00:02:56 00:03:02 tt-3701 AM059_1951_SA_SU2012_JB_07 @Gram:Prep ADD:614 
<lang code="en">
"<bold>"
	"bold" Adjective JJ lang:en 00:02:56 00:03:02 tt-3702 AM059_1951_SA_SU2012_JB_07 
</lang>
"<$.>"
	"." Punctuation FS lang:es 00:02:56 00:03:02 tt-3703 AM059_1951_SA_SU2012_JB_07 

"<En>"
	"en" Preposition PREP lang:es 00:02:56 00:03:02 tt-3704 AM059_1951_SA_SU2012_JB_07 @Gram:Prep ADD:614 
"<vez>"
	"vez" Noun NC Singular lang:es 00:02:56 00:03:02 tt-3705 AM059_1951_SA_SU2012_JB_07 
"<de>"
	"de" Preposition PREP lang:es 00:02:56 00:03:02 tt-3706 AM059_1951_SA_SU2012_JB_07 @Gram:Prep ADD:614 
"<lo>"
	"el" Determiner ART Singular lang:es 00:02:56 00:03:02 tt-3707 AM059_1951_SA_SU2012_JB_07 
"<voy>"
	"ir" Verb VLfin Pres Indi Sing 1st lang:es 00:02:56 00:03:02 tt-3708 AM059_1951_SA_SU2012_JB_07 ID:573 R:Gram:VFut:Perifrasis:575 ADDRELATION(Gram:VFut:Perifrasis):707 
"<a>"
	"a" Preposition PREP lang:es 00:02:56 00:03:02 tt-3709 AM059_1951_SA_SU2012_JB_07 @Gram:Prep SUBSTITUTE:389 ADD:614 
"<poner>"
	"poner" Verb VLinf Infinitive lang:es 00:02:56 00:03:02 tt-3710 AM059_1951_SA_SU2012_JB_07 ID:575 SUBSTITUTE:320 
"<en>"
	"en" Preposition PREP lang:es 00:02:56 00:03:02 tt-3711 AM059_1951_SA_SU2012_JB_07 @Gram:Prep ADD:614 
"<negrillas>"
	"UNK" Noun NC Plural lang:es 00:02:56 00:03:02 tt-3712 AM059_1951_SA_SU2012_JB_07 
"<$.>"
	"." Punctuation FS lang:es 00:02:56 00:03:02 tt-3713 AM059_1951_SA_SU2012_JB_07 

"<Sí>"
	"sí" Adverb ADV lang:es 00:03:02 00:03:03 tt-3714 AM059_1951_SA_SU2012_JB_07 
"<$.>"
	"." Punctuation FS lang:es 00:03:02 00:03:03 tt-3715 AM059_1951_SA_SU2012_JB_07 
</speaker>
<speaker type="subj">

"<Es>"
	"ser" Verb VSfin Pres Indi Sing 3rd lang:es 00:03:03 00:03:06 tt-3716 AM059_1951_SA_SU2012_JB_07 @Gram:SerEstar:Ser ADD:803 
"<muy>"
	"muy" Adverb ADV lang:es 00:03:03 00:03:06 tt-3717 AM059_1951_SA_SU2012_JB_07 
"<raro>"
	"raro" Adjective ADJ Singular lang:es 00:03:03 00:03:06 tt-3718 AM059_1951_SA_SU2012_JB_07 
"<$.>"
	"." Punctuation FS lang:es 00:03:03 00:03:06 tt-3719 AM059_1951_SA_SU2012_JB_07 

"<Muy>"
	"muy" Adverb ADV lang:es 00:03:03 00:03:06 tt-3720 AM059_1951_SA_SU2012_JB_07 
"<diferente>"
	"diferente" Adjective ADJ Singular lang:es 00:03:03 00:03:06 tt-3721 AM059_1951_SA_SU2012_JB_07 
"<$.>"
	"." Punctuation FS lang:es 00:03:03 00:03:06 tt-3722 AM059_1951_SA_SU2012_JB_07 
</speaker>
</text>

