<text id="AM063_1992_CT_SU2012_CL_10">
<speaker type="subj">
"<No>"
	"no" Adverb NEG lang:es 00:00:00 00:00:06 tt-4887 AM063_1992_CT_SU2012_CL_10 
"<$.>"
	"." Punctuation FS lang:es 00:00:00 00:00:06 tt-4888 AM063_1992_CT_SU2012_CL_10 

"<La>"
	"el" Determiner ART Singular Fem lang:es 00:00:00 00:00:06 tt-4889 AM063_1992_CT_SU2012_CL_10 @Gram:Det:Art ID:3 R:Herit:Contacto:Mixtas:4 ADD:416 ADDRELATION(Herit:Contacto:Mixtas):1175 
<lang code="en">
"<pizza>"
	"pizza" Noun NN lang:en 00:00:00 00:00:06 tt-4890 AM063_1992_CT_SU2012_CL_10 ID:4 
</lang>
"<,>"
	"," Punctuation CM lang:es 00:00:00 00:00:06 tt-4891 AM063_1992_CT_SU2012_CL_10 
"<no>"
	"no" Adverb NEG lang:es 00:00:00 00:00:06 tt-4892 AM063_1992_CT_SU2012_CL_10 
"<$.>"
	"." Punctuation FS lang:es 00:00:00 00:00:06 tt-4893 AM063_1992_CT_SU2012_CL_10 

"<Debo>"
	"deber" Verb VLfin Pres Indi Sing 1st lang:es 00:00:00 00:00:06 tt-4894 AM063_1992_CT_SU2012_CL_10 
"<clarific>"
	"UNK" Noun NC Singular lang:es 00:00:00 00:00:06 tt-4895 AM063_1992_CT_SU2012_CL_10 
"<...>"
	"..." Punctuation DOTS lang:es 00:00:00 00:00:06 tt-4896 AM063_1992_CT_SU2012_CL_10 
"<debo>"
	"deber" Verb VLfin Pres Indi Sing 1st lang:es 00:00:00 00:00:06 tt-4897 AM063_1992_CT_SU2012_CL_10 
"<decir>"
	"decir" Verb VLinf Infinitive lang:es 00:00:00 00:00:06 tt-4898 AM063_1992_CT_SU2012_CL_10 SUBSTITUTE:320 
"<esto>"
	"este" Determiner DM Singular lang:es 00:00:00 00:00:06 tt-4899 AM063_1992_CT_SU2012_CL_10 
"<un>"
	"un" Determiner ART Singular lang:es 00:00:00 00:00:06 tt-4900 AM063_1992_CT_SU2012_CL_10 
"<poco>"
	"poco" Adverb ADV lang:es 00:00:00 00:00:06 tt-4901 AM063_1992_CT_SU2012_CL_10 
"<más>"
	"más" Adverb ADV lang:es 00:00:00 00:00:06 tt-4902 AM063_1992_CT_SU2012_CL_10 
"<claro>"
	"claro" Adjective ADJ Singular lang:es 00:00:00 00:00:06 tt-4903 AM063_1992_CT_SU2012_CL_10 
"<$.>"
	"." Punctuation FS lang:es 00:00:00 00:00:06 tt-4904 AM063_1992_CT_SU2012_CL_10 

"<Estaba>"
	"estar" Verb VEfin Imp Indi Sing 1st_or_3rd lang:es 00:00:00 00:00:06 tt-4905 AM063_1992_CT_SU2012_CL_10 @Gram:Imperf ID:19 R:Gram:SerEstar:EstarAux:20 ADD:679 ADD:812 ADDRELATION(Gram:SerEstar:EstarAux):828 
	"estar" Verb VEfin Imp Indi Sing 1st_or_3rd lang:es 00:00:00 00:00:06 tt-4905 AM063_1992_CT_SU2012_CL_10 @Gram:SerEstar:Estar ID:19 R:Gram:SerEstar:EstarAux:20 ADD:679 ADD:812 
"<comiendo>"
	"comer" Verb VLger lang:es 00:00:00 00:00:06 tt-4906 AM063_1992_CT_SU2012_CL_10 ID:20 
"<la>"
	"el" Determiner ART Singular Fem lang:es 00:00:06 00:00:10 tt-4907 AM063_1992_CT_SU2012_CL_10 @Gram:Det:Art ID:21 R:Herit:Contacto:Mixtas:22 ADD:416 ADDRELATION(Herit:Contacto:Mixtas):1175 
<lang code="en">
"<pizza>"
	"pizza" Noun NN lang:en 00:00:06 00:00:10 tt-4908 AM063_1992_CT_SU2012_CL_10 ID:22 
</lang>
"<aquí>"
	"aquí" Adverb ADV lang:es 00:00:06 00:00:10 tt-4909 AM063_1992_CT_SU2012_CL_10 
"<$.>"
	"." Punctuation FS lang:es 00:00:06 00:00:10 tt-4910 AM063_1992_CT_SU2012_CL_10 

"<La>"
	"el" Determiner ART Singular Fem lang:es 00:00:06 00:00:10 tt-4911 AM063_1992_CT_SU2012_CL_10 @Gram:Det:Art ID:25 R:Herit:Contacto:Mixtas:26 ADD:416 ADDRELATION(Herit:Contacto:Mixtas):1175 
<lang code="en">
"<pizza>"
	"pizza" Noun NN lang:en 00:00:06 00:00:10 tt-4912 AM063_1992_CT_SU2012_CL_10 ID:26 
</lang>
"<en>"
	"en" Preposition PREP lang:es 00:00:06 00:00:10 tt-4913 AM063_1992_CT_SU2012_CL_10 @Gram:Prep ADD:614 
"<México>"
	"México" Noun NP Singular lang:es 00:00:06 00:00:10 tt-4914 AM063_1992_CT_SU2012_CL_10 
"<no>"
	"no" Adverb NEG lang:es 00:00:06 00:00:10 tt-4915 AM063_1992_CT_SU2012_CL_10 
"<la>"
	"él" Pronoun PPC Singular lang:es 00:00:06 00:00:10 tt-4916 AM063_1992_CT_SU2012_CL_10 @Gram:Pron:Objeto ADD:654 
"<recomiendo>"
	"recomendar" Verb VLfin Pres Indi Sing 1st lang:es 00:00:06 00:00:10 tt-4917 AM063_1992_CT_SU2012_CL_10 
"<$.>"
	"." Punctuation FS lang:es 00:00:06 00:00:10 tt-4918 AM063_1992_CT_SU2012_CL_10 
</speaker>
<speaker type="int">

"<$¿>"
	"¿" Punctuation FS lang:es 00:00:10 00:00:13 tt-4919 AM063_1992_CT_SU2012_CL_10 
"<Y>"
	"y" Conjunciton Conjunction CC lang:es 00:00:10 00:00:13 tt-4920 AM063_1992_CT_SU2012_CL_10 SUBSTITUTE:385 
"<por>"
	"por" Preposition PREP lang:es 00:00:10 00:00:13 tt-4921 AM063_1992_CT_SU2012_CL_10 @Gram:Prep:Por SUBSTITUTE:262 ADD:608 
"<qué>"
	"qué" Adverb ADV lang:es 00:00:10 00:00:13 tt-4922 AM063_1992_CT_SU2012_CL_10 
"<no>"
	"no" Adverb NEG lang:es 00:00:10 00:00:13 tt-4923 AM063_1992_CT_SU2012_CL_10 
"<me>"
	"yo" Pronoun PPX Singular lang:es 00:00:10 00:00:13 tt-4924 AM063_1992_CT_SU2012_CL_10 @Gram:Pron:Objeto ADD:648 
"<la>"
	"él" Pronoun PPC Singular lang:es 00:00:10 00:00:13 tt-4925 AM063_1992_CT_SU2012_CL_10 @Gram:Pron:Objeto ADD:654 
"<recomiendas>"
	"recomendar" Verb VLfin Pres Indi Sing 2nd lang:es 00:00:10 00:00:13 tt-4926 AM063_1992_CT_SU2012_CL_10 
"<$?>"
	"?" Punctuation FS lang:es 00:00:10 00:00:13 tt-4927 AM063_1992_CT_SU2012_CL_10 

"<[>"
	"[" Punctuation LP lang:es 00:00:10 00:00:13 tt-4928 AM063_1992_CT_SU2012_CL_10 
"<29>"
	"@card@" Determiner CARD Singular lang:es 00:00:10 00:00:13 tt-4929 AM063_1992_CT_SU2012_CL_10 
"<38>"
	"@card@" Determiner CARD Singular lang:es 00:00:10 00:00:13 tt-4930 AM063_1992_CT_SU2012_CL_10 
"<]>"
	"]" Other RP lang:es 00:00:10 00:00:13 tt-4931 AM063_1992_CT_SU2012_CL_10 
</speaker>
<speaker type="subj">
"<A>"
	"a" Preposition PREP lang:es 00:00:13 00:00:20 tt-4932 AM063_1992_CT_SU2012_CL_10 @Gram:Prep SUBSTITUTE:389 ADD:614 
"<menos>"
	"menos" Adverb ADV lang:es 00:00:13 00:00:20 tt-4933 AM063_1992_CT_SU2012_CL_10 
"<que>"
	"que" Conjunction CQUE lang:es 00:00:13 00:00:20 tt-4934 AM063_1992_CT_SU2012_CL_10 
"<a>"
	"a" Preposition PREP lang:es 00:00:13 00:00:20 tt-4935 AM063_1992_CT_SU2012_CL_10 @Gram:Prep SUBSTITUTE:389 ADD:614 
"<usted>"
	"usted" Pronoun PPX Singular lang:es 00:00:13 00:00:20 tt-4936 AM063_1992_CT_SU2012_CL_10 @Gram:Pron:Sujeto ADD:624 
"<le>"
	"él" Pronoun PPC Singular lang:es 00:00:13 00:00:20 tt-4937 AM063_1992_CT_SU2012_CL_10 @Gram:Pron:Objeto ADD:654 
"<guste>"
	"gustar" Verb VLfin Pret Indi Sing 2nd lang:es 00:00:13 00:00:20 tt-4938 AM063_1992_CT_SU2012_CL_10 @Gram:Indefinido ADD:688 
<lang code="en">
"<pizza>"
	"pizza" Noun NN lang:en 00:00:13 00:00:20 tt-4939 AM063_1992_CT_SU2012_CL_10 
</lang>
"<de>"
	"de" Preposition PREP lang:es 00:00:13 00:00:20 tt-4940 AM063_1992_CT_SU2012_CL_10 @Gram:Prep ADD:614 
"<papel>"
	"papel" Noun NC Singular lang:es 00:00:13 00:00:20 tt-4941 AM063_1992_CT_SU2012_CL_10 
"<o>"
	"o" Conjunciton Conjunction CC lang:es 00:00:13 00:00:20 tt-4942 AM063_1992_CT_SU2012_CL_10 SUBSTITUTE:387 
"<de>"
	"de" Preposition PREP lang:es 00:00:13 00:00:20 tt-4943 AM063_1992_CT_SU2012_CL_10 @Gram:Prep ADD:614 
"<cartón>"
	"cartón" Noun NC Singular lang:es 00:00:13 00:00:20 tt-4944 AM063_1992_CT_SU2012_CL_10 
"<no>"
	"no" Adverb NEG lang:es 00:00:13 00:00:20 tt-4945 AM063_1992_CT_SU2012_CL_10 
"<lo>"
	"él" Pronoun PPC Singular lang:es 00:00:13 00:00:20 tt-4946 AM063_1992_CT_SU2012_CL_10 @Gram:Pron:Objeto ADD:654 
"<recomiendo>"
	"recomendar" Verb VLfin Pres Indi Sing 1st lang:es 00:00:13 00:00:20 tt-4947 AM063_1992_CT_SU2012_CL_10 
"<porque>"
	"porque" Conjunction CSUBX lang:es 00:00:13 00:00:20 tt-4948 AM063_1992_CT_SU2012_CL_10 @Prag:MarcadoresDisc:Causa ADD:1085 
"<la>"
	"el" Determiner ART Singular Fem lang:es 00:00:21 00:00:28 tt-4949 AM063_1992_CT_SU2012_CL_10 @Gram:Det:Art ADD:416 
"<salsa>"
	"salsa" Noun NC Singular lang:es 00:00:21 00:00:28 tt-4950 AM063_1992_CT_SU2012_CL_10 
"<allí>"
	"allí" Adverb ADV lang:es 00:00:21 00:00:28 tt-4951 AM063_1992_CT_SU2012_CL_10 
"<es>"
	"ser" Verb VSfin Pres Indi Sing 3rd lang:es 00:00:21 00:00:28 tt-4952 AM063_1992_CT_SU2012_CL_10 @Gram:SerEstar:Ser ADD:803 
"<un>"
	"un" Determiner ART Singular lang:es 00:00:21 00:00:28 tt-4953 AM063_1992_CT_SU2012_CL_10 ID:67 R:Vocab:Fraseol:LocAdv:69 ADDRELATION(Vocab:Fraseol:LocAdv):1223 
"<poco>"
	"poco" Adverb ADV lang:es 00:00:21 00:00:28 tt-4954 AM063_1992_CT_SU2012_CL_10 
"<diferente>"
	"diferente" Adjective ADJ Singular lang:es 00:00:21 00:00:28 tt-4955 AM063_1992_CT_SU2012_CL_10 ID:69 
"<,>"
	"," Punctuation CM lang:es 00:00:21 00:00:28 tt-4956 AM063_1992_CT_SU2012_CL_10 
"<el>"
	"el" Determiner ART Singular Masc lang:es 00:00:21 00:00:28 tt-4957 AM063_1992_CT_SU2012_CL_10 @Gram:Det:Art ADD:416 
"<queso>"
	"queso" Noun NC Singular lang:es 00:00:21 00:00:28 tt-4958 AM063_1992_CT_SU2012_CL_10 
"<es>"
	"ser" Verb VSfin Pres Indi Sing 3rd lang:es 00:00:21 00:00:28 tt-4959 AM063_1992_CT_SU2012_CL_10 @Gram:SerEstar:Ser ADD:803 
"<diferente>"
	"diferente" Adjective ADJ Singular lang:es 00:00:21 00:00:28 tt-4960 AM063_1992_CT_SU2012_CL_10 
"<,>"
	"," Punctuation CM lang:es 00:00:21 00:00:28 tt-4961 AM063_1992_CT_SU2012_CL_10 
"<el>"
	"el" Determiner ART Singular Masc lang:es 00:00:21 00:00:28 tt-4962 AM063_1992_CT_SU2012_CL_10 @Gram:Det:Art ID:76 R:Herit:Contacto:Mixtas:77 ADD:416 ADDRELATION(Herit:Contacto:Mixtas):1175 
<lang code="en">
"<pan>"
	"pan" Noun NN lang:en 00:00:21 00:00:28 tt-4963 AM063_1992_CT_SU2012_CL_10 ID:77 
</lang>
"<es>"
	"ser" Verb VSfin Pres Indi Sing 3rd lang:es 00:00:21 00:00:28 tt-4964 AM063_1992_CT_SU2012_CL_10 @Gram:SerEstar:Ser ADD:803 
"<un>"
	"un" Determiner ART Singular lang:es 00:00:21 00:00:28 tt-4965 AM063_1992_CT_SU2012_CL_10 ID:79 R:Vocab:Fraseol:LocAdv:81 ADDRELATION(Vocab:Fraseol:LocAdv):1223 
"<poco>"
	"poco" Adverb ADV lang:es 00:00:21 00:00:28 tt-4966 AM063_1992_CT_SU2012_CL_10 
"<diferente>"
	"diferente" Adjective ADJ Singular lang:es 00:00:21 00:00:28 tt-4967 AM063_1992_CT_SU2012_CL_10 ID:81 
"<$.>"
	"." Punctuation FS lang:es 00:00:21 00:00:28 tt-4968 AM063_1992_CT_SU2012_CL_10 

"<Vaya>"
	"ir" Verb VLfin Pres Subj Sing 1st_or_3rd lang:es 00:00:28 00:00:32 tt-4969 AM063_1992_CT_SU2012_CL_10 @Gram:MSub:Pres ADD:772 
"<,>"
	"," Punctuation CM lang:es 00:00:28 00:00:32 tt-4970 AM063_1992_CT_SU2012_CL_10 
"<hasta>"
	"hasta" Preposition PREP lang:es 00:00:28 00:00:32 tt-4971 AM063_1992_CT_SU2012_CL_10 @Gram:Prep ADD:614 
"<la>"
	"el" Determiner ART Singular Fem lang:es 00:00:28 00:00:32 tt-4972 AM063_1992_CT_SU2012_CL_10 @Gram:Det:Art ADD:416 
"<carne>"
	"carne" Noun NC Singular lang:es 00:00:28 00:00:32 tt-4973 AM063_1992_CT_SU2012_CL_10 
"<es>"
	"ser" Verb VSfin Pres Indi Sing 3rd lang:es 00:00:28 00:00:32 tt-4974 AM063_1992_CT_SU2012_CL_10 @Gram:SerEstar:Ser ADD:803 
"<diferente>"
	"diferente" Adjective ADJ Singular lang:es 00:00:28 00:00:32 tt-4975 AM063_1992_CT_SU2012_CL_10 
"<$.>"
	"." Punctuation FS lang:es 00:00:28 00:00:32 tt-4976 AM063_1992_CT_SU2012_CL_10 
</speaker>
<speaker type="int">

"<Wow>"
	"wow" Noun NN lang:en 00:00:32 00:00:39 tt-4977 AM063_1992_CT_SU2012_CL_10 
"<$.>"
	"." Punctuation FS lang:es 00:00:32 00:00:39 tt-4978 AM063_1992_CT_SU2012_CL_10 

"<$¿>"
	"¿" Punctuation FS lang:es 00:00:32 00:00:39 tt-4979 AM063_1992_CT_SU2012_CL_10 
"<Tienen>"
	"tener" Verb VLfin Pres Indi Plural 3rd lang:es 00:00:32 00:00:39 tt-4980 AM063_1992_CT_SU2012_CL_10 
"<las>"
	"el" Determiner ART Plural Fem lang:es 00:00:32 00:00:39 tt-4981 AM063_1992_CT_SU2012_CL_10 @Gram:Det:Art ADD:416 
"<mismas>"
	"mismo" Adjective ADJ Plural lang:es 00:00:32 00:00:39 tt-4982 AM063_1992_CT_SU2012_CL_10 
"<marcas>"
	"marca" Noun NC Plural lang:es 00:00:32 00:00:39 tt-4983 AM063_1992_CT_SU2012_CL_10 
"<allá>"
	"allá" Adverb ADV lang:es 00:00:32 00:00:39 tt-4984 AM063_1992_CT_SU2012_CL_10 
"<que>"
	"que" Conjunction CQUE lang:es 00:00:32 00:00:39 tt-4985 AM063_1992_CT_SU2012_CL_10 
"<acá>"
	"acá" Adverb ADV lang:es 00:00:32 00:00:39 tt-4986 AM063_1992_CT_SU2012_CL_10 
"<,>"
	"," Punctuation CM lang:es 00:00:32 00:00:39 tt-4987 AM063_1992_CT_SU2012_CL_10 
"<por>"
	"por" Preposition PREP lang:es 00:00:32 00:00:39 tt-4988 AM063_1992_CT_SU2012_CL_10 @Gram:Prep:Por ID:102 R:Prag:MarcadoresDisc:Igualdad:103 SUBSTITUTE:262 ADD:595 ADDRELATION(Prag:MarcadoresDisc:Igualdad):1122 
"<ejemplo>"
	"ejemplo" Adverb ADV lang:es 00:00:32 00:00:39 tt-4989 AM063_1992_CT_SU2012_CL_10 ID:103 
"<,>"
	"," Punctuation CM lang:es 00:00:32 00:00:39 tt-4990 AM063_1992_CT_SU2012_CL_10 
<lang code="en">
"<Pizza>"
	"Pizza" Noun NP Singular lang:en 00:00:32 00:00:39 tt-4991 AM063_1992_CT_SU2012_CL_10 
</lang>
"<Hut>"
	"UNK" Noun NP Singular lang:es 00:00:32 00:00:39 tt-4992 AM063_1992_CT_SU2012_CL_10 
"<$?>"
	"?" Punctuation FS lang:es 00:00:32 00:00:39 tt-4993 AM063_1992_CT_SU2012_CL_10 

"<Antes>"
	"antes" Adverb ADV lang:es 00:00:39 00:00:45 tt-4994 AM063_1992_CT_SU2012_CL_10 
"<,>"
	"," Punctuation CM lang:es 00:00:39 00:00:45 tt-4995 AM063_1992_CT_SU2012_CL_10 
"<yo>"
	"yo" Pronoun PPX Singular lang:es 00:00:39 00:00:45 tt-4996 AM063_1992_CT_SU2012_CL_10 @Gram:Pron:Sujeto ADD:624 
"<creo>"
	"crear|creer" Verb VLfin Pres Indi Sing 1st lang:es 00:00:39 00:00:45 tt-4997 AM063_1992_CT_SU2012_CL_10 
"<que>"
	"que" Conjunction CQUE lang:es 00:00:39 00:00:45 tt-4998 AM063_1992_CT_SU2012_CL_10 
"<muy>"
	"muy" Adverb ADV lang:es 00:00:39 00:00:45 tt-4999 AM063_1992_CT_SU2012_CL_10 
"<pocos>"
	"pocos" Determiner QU lang:es 00:00:39 00:00:45 tt-5000 AM063_1992_CT_SU2012_CL_10 
"<,>"
	"," Punctuation CM lang:es 00:00:39 00:00:45 tt-5001 AM063_1992_CT_SU2012_CL_10 
"<pero>"
	"pero" Conjunction CCAD lang:es 00:00:39 00:00:45 tt-5002 AM063_1992_CT_SU2012_CL_10 @Prag:MarcadoresDisc:Revision ADD:1032 
"<ahora>"
	"ahora" Adverb ADV lang:es 00:00:39 00:00:45 tt-5003 AM063_1992_CT_SU2012_CL_10 
"<,>"
	"," Punctuation CM lang:es 00:00:39 00:00:45 tt-5004 AM063_1992_CT_SU2012_CL_10 
"<ya>"
	"ya" Adverb ADV lang:es 00:00:39 00:00:45 tt-5005 AM063_1992_CT_SU2012_CL_10 
"<con>"
	"con" Preposition PREP lang:es 00:00:39 00:00:45 tt-5006 AM063_1992_CT_SU2012_CL_10 @Gram:Prep ADD:614 
"<esta>"
	"este" Determiner DM Singular lang:es 00:00:39 00:00:45 tt-5007 AM063_1992_CT_SU2012_CL_10 @Gram:Det:Demo ADD:432 
"<globalización>"
	"globalización" Noun NC Singular lang:es 00:00:39 00:00:45 tt-5008 AM063_1992_CT_SU2012_CL_10 
"<,>"
	"," Punctuation CM lang:es 00:00:39 00:00:45 tt-5009 AM063_1992_CT_SU2012_CL_10 
"<sí>"
	"sí" Adverb ADV lang:es 00:00:39 00:00:45 tt-5010 AM063_1992_CT_SU2012_CL_10 
"<,>"
	"," Punctuation CM lang:es 00:00:39 00:00:45 tt-5011 AM063_1992_CT_SU2012_CL_10 
"<hasta>"
	"hasta" Preposition PREP lang:es 00:00:39 00:00:45 tt-5012 AM063_1992_CT_SU2012_CL_10 @Gram:Prep ADD:614 
"<,>"
	"," Punctuation CM lang:es 00:00:39 00:00:45 tt-5013 AM063_1992_CT_SU2012_CL_10 
"<hasta>"
	"hasta" Preposition PREP lang:es 00:00:39 00:00:45 tt-5014 AM063_1992_CT_SU2012_CL_10 @Gram:Prep ADD:614 
"<puedo>"
	"poder" Verb VLfin Pres Indi Sing 1st lang:es 00:00:45 00:00:49 tt-5015 AM063_1992_CT_SU2012_CL_10 
"<asegurar>"
	"asegurar" Verb VLinf Infinitive lang:es 00:00:45 00:00:49 tt-5016 AM063_1992_CT_SU2012_CL_10 SUBSTITUTE:320 
"<que>"
	"que" Conjunction CQUE lang:es 00:00:45 00:00:49 tt-5017 AM063_1992_CT_SU2012_CL_10 
"<comí>"
	"comer" Verb VLfin Pret Indi Sing 1st lang:es 00:00:45 00:00:49 tt-5018 AM063_1992_CT_SU2012_CL_10 @Gram:Indefinido ADD:688 
"<Domino>"
	"UNK" Noun NC Singular lang:es 00:00:45 00:00:49 tt-5019 AM063_1992_CT_SU2012_CL_10 
<lang code="en">
"<'s>"
	"'s" Other POS lang:en 00:00:45 00:00:49 tt-5020 AM063_1992_CT_SU2012_CL_10 
</lang>
"<una>"
	"un" Determiner ART Singular lang:es 00:00:45 00:00:49 tt-5021 AM063_1992_CT_SU2012_CL_10 
"<vez>"
	"vez" Noun NC Singular lang:es 00:00:45 00:00:49 tt-5022 AM063_1992_CT_SU2012_CL_10 
"<hace>"
	"hacer" Verb VLfin Pres Indi Sing 3rd lang:es 00:00:45 00:00:49 tt-5023 AM063_1992_CT_SU2012_CL_10 
"<,>"
	"," Punctuation CM lang:es 00:00:45 00:00:49 tt-5024 AM063_1992_CT_SU2012_CL_10 
"<la>"
	"el" Determiner ART Singular Fem lang:es 00:00:45 00:00:49 tt-5025 AM063_1992_CT_SU2012_CL_10 @Gram:Det:Art ADD:416 
"<última>"
	"último" Adjective ADJ Singular lang:es 00:00:45 00:00:49 tt-5026 AM063_1992_CT_SU2012_CL_10 
"<vez>"
	"vez" Noun NC Singular lang:es 00:00:45 00:00:49 tt-5027 AM063_1992_CT_SU2012_CL_10 
"<que>"
	"que" Conjunction CQUE lang:es 00:00:45 00:00:49 tt-5028 AM063_1992_CT_SU2012_CL_10 
"<fui>"
	"ir|ser" Verb VLfin Pret Indi Sing 1st lang:es 00:00:45 00:00:49 tt-5029 AM063_1992_CT_SU2012_CL_10 @Gram:Indefinido ADD:688 
"<hace>"
	"hacer" Verb VLfin Pres Indi Sing 3rd lang:es 00:00:45 00:00:49 tt-5030 AM063_1992_CT_SU2012_CL_10 
"<tres>"
	"tres" Determiner CARD Plural lang:es 00:00:45 00:00:49 tt-5031 AM063_1992_CT_SU2012_CL_10 
"<años>"
	"año" Noun NC Plural lang:es 00:00:45 00:00:49 tt-5032 AM063_1992_CT_SU2012_CL_10 
"<$.>"
	"." Punctuation FS lang:es 00:00:45 00:00:49 tt-5033 AM063_1992_CT_SU2012_CL_10 

"<Tenía>"
	"tener" Verb VLfin Imp Indi Sing 1st_or_3rd lang:es 00:00:49 00:00:55 tt-5034 AM063_1992_CT_SU2012_CL_10 @Gram:Imperf ADD:679 
"<un>"
	"un" Determiner ART Singular lang:es 00:00:49 00:00:55 tt-5035 AM063_1992_CT_SU2012_CL_10 
"<sabor>"
	"sabor" Noun NC Singular lang:es 00:00:49 00:00:55 tt-5036 AM063_1992_CT_SU2012_CL_10 
"<diferente>"
	"diferente" Adjective ADJ Singular lang:es 00:00:49 00:00:55 tt-5037 AM063_1992_CT_SU2012_CL_10 
"<que>"
	"que" Conjunction CQUE lang:es 00:00:49 00:00:55 tt-5038 AM063_1992_CT_SU2012_CL_10 
"<lo>"
	"el" Determiner ART Singular lang:es 00:00:49 00:00:55 tt-5039 AM063_1992_CT_SU2012_CL_10 
"<de>"
	"de" Preposition PREP lang:es 00:00:49 00:00:55 tt-5040 AM063_1992_CT_SU2012_CL_10 @Gram:Prep ADD:614 
"<aquí>"
	"aquí" Adverb ADV lang:es 00:00:49 00:00:55 tt-5041 AM063_1992_CT_SU2012_CL_10 
"<$.>"
	"." Punctuation FS lang:es 00:00:49 00:00:55 tt-5042 AM063_1992_CT_SU2012_CL_10 

"<Será>"
	"ser" Verb VSfin Fut Indi Sing 3rd lang:es 00:00:49 00:00:55 tt-5043 AM063_1992_CT_SU2012_CL_10 @Gram:VFut:Conjugado @Gram:SerEstar:Ser ADD:702 ADD:803 
"<por>"
	"por" Preposition PREP lang:es 00:00:49 00:00:55 tt-5044 AM063_1992_CT_SU2012_CL_10 @Gram:Prep:Por SUBSTITUTE:262 ADD:608 
"<los>"
	"el" Determiner ART Plural Masc lang:es 00:00:49 00:00:55 tt-5045 AM063_1992_CT_SU2012_CL_10 @Gram:Det:Art ADD:416 
"<ingredientes>"
	"ingrediente" Noun NC Plural lang:es 00:00:49 00:00:55 tt-5046 AM063_1992_CT_SU2012_CL_10 
"<locales>"
	"local" Adjective ADJ Plural lang:es 00:00:49 00:00:55 tt-5047 AM063_1992_CT_SU2012_CL_10 
"<que>"
	"que" Conjunction CQUE lang:es 00:00:49 00:00:55 tt-5048 AM063_1992_CT_SU2012_CL_10 
"<usan>"
	"usar" Verb VLfin Pres Indi Plural 3rd lang:es 00:00:49 00:00:55 tt-5049 AM063_1992_CT_SU2012_CL_10 
"<o>"
	"o" Conjunciton Conjunction CC lang:es 00:00:49 00:00:55 tt-5050 AM063_1992_CT_SU2012_CL_10 SUBSTITUTE:387 
"<no>"
	"no" Adverb NEG lang:es 00:00:49 00:00:55 tt-5051 AM063_1992_CT_SU2012_CL_10 
"<sé>"
	"saber|ser" Verb VLfin Pres Indi Sing 1st lang:es 00:00:55 00:01:00 tt-5052 AM063_1992_CT_SU2012_CL_10 
"<qué>"
	"qué" Pronoun INT Singular lang:es 00:00:55 00:01:00 tt-5053 AM063_1992_CT_SU2012_CL_10 
"<,>"
	"," Punctuation CM lang:es 00:00:55 00:01:00 tt-5054 AM063_1992_CT_SU2012_CL_10 
"<pero>"
	"pero" Conjunction CCAD lang:es 00:00:55 00:01:00 tt-5055 AM063_1992_CT_SU2012_CL_10 @Prag:MarcadoresDisc:Revision ADD:1032 
"<tenía>"
	"tener" Verb VLfin Imp Indi Sing 1st_or_3rd lang:es 00:00:55 00:01:00 tt-5056 AM063_1992_CT_SU2012_CL_10 @Gram:Imperf ADD:679 
"<un>"
	"un" Determiner ART Singular lang:es 00:00:55 00:01:00 tt-5057 AM063_1992_CT_SU2012_CL_10 
"<sabor>"
	"sabor" Noun NC Singular lang:es 00:00:55 00:01:00 tt-5058 AM063_1992_CT_SU2012_CL_10 
"<diferente>"
	"diferente" Adjective ADJ Singular lang:es 00:00:55 00:01:00 tt-5059 AM063_1992_CT_SU2012_CL_10 
"<$.>"
	"." Punctuation FS lang:es 00:00:55 00:01:00 tt-5060 AM063_1992_CT_SU2012_CL_10 

"<Caro>"
	"caro" Adjective ADJ Singular lang:es 00:00:55 00:01:00 tt-5061 AM063_1992_CT_SU2012_CL_10 
"<,>"
	"," Punctuation CM lang:es 00:00:55 00:01:00 tt-5062 AM063_1992_CT_SU2012_CL_10 
"<pero>"
	"pero" Conjunction CCAD lang:es 00:00:55 00:01:00 tt-5063 AM063_1992_CT_SU2012_CL_10 @Prag:MarcadoresDisc:Revision ADD:1032 
"<diferente>"
	"diferente" Adjective ADJ Singular lang:es 00:00:55 00:01:00 tt-5064 AM063_1992_CT_SU2012_CL_10 
"<$.>"
	"." Punctuation FS lang:es 00:00:55 00:01:00 tt-5065 AM063_1992_CT_SU2012_CL_10 

"<$¿>"
	"¿" Punctuation FS lang:es 00:01:00 00:01:04 tt-5066 AM063_1992_CT_SU2012_CL_10 
"<Tú>"
	"tú" Pronoun PPX Singular lang:es 00:01:00 00:01:04 tt-5067 AM063_1992_CT_SU2012_CL_10 @Gram:Pron:Sujeto ADD:624 
"<dirías>"
	"decir" Verb VLfin Cond Indi Sing 2nd lang:es 00:01:00 00:01:04 tt-5068 AM063_1992_CT_SU2012_CL_10 
"<que>"
	"que" Conjunction CQUE lang:es 00:01:00 00:01:04 tt-5069 AM063_1992_CT_SU2012_CL_10 
"<la>"
	"el" Determiner ART Singular Fem lang:es 00:01:00 00:01:04 tt-5070 AM063_1992_CT_SU2012_CL_10 @Gram:Det:Art ADD:416 
"<comida>"
	"comida" Noun NC Singular lang:es 00:01:00 00:01:04 tt-5071 AM063_1992_CT_SU2012_CL_10 
"<mexicana>"
	"mexicano" Adjective ADJ Singular lang:es 00:01:00 00:01:04 tt-5072 AM063_1992_CT_SU2012_CL_10 
"<aquí>"
	"aquí" Adverb ADV lang:es 00:01:00 00:01:04 tt-5073 AM063_1992_CT_SU2012_CL_10 
"<en>"
	"en" Preposition PREP lang:es 00:01:00 00:01:04 tt-5074 AM063_1992_CT_SU2012_CL_10 @Gram:Prep ADD:614 
<lang code="en">
"<Texas>"
	"Texas" Noun NP Plural lang:en 00:01:00 00:01:04 tt-5075 AM063_1992_CT_SU2012_CL_10 
</lang>
"<también>"
	"también" Adverb ADV lang:es 00:01:00 00:01:04 tt-5076 AM063_1992_CT_SU2012_CL_10 @Prag:MarcadoresDisc:Igualdad ADD:1116 
"<es>"
	"ser" Verb VSfin Pres Indi Sing 3rd lang:es 00:01:00 00:01:04 tt-5077 AM063_1992_CT_SU2012_CL_10 @Gram:SerEstar:Ser ADD:803 
"<bastante>"
	"bastante" Adverb ADV lang:es 00:01:00 00:01:04 tt-5078 AM063_1992_CT_SU2012_CL_10 
"<distinta>"
	"distinto" Adjective ADJ Singular lang:es 00:01:00 00:01:04 tt-5079 AM063_1992_CT_SU2012_CL_10 
"<$?>"
	"?" Punctuation FS lang:es 00:01:00 00:01:04 tt-5080 AM063_1992_CT_SU2012_CL_10 
</speaker>
<speaker type="subj">

"<Sí>"
	"sí" Adverb ADV lang:es 00:01:04 00:01:11 tt-5081 AM063_1992_CT_SU2012_CL_10 
"<,>"
	"," Punctuation CM lang:es 00:01:04 00:01:11 tt-5082 AM063_1992_CT_SU2012_CL_10 
"<es>"
	"ser" Verb VSfin Pres Indi Sing 3rd lang:es 00:01:04 00:01:11 tt-5083 AM063_1992_CT_SU2012_CL_10 @Gram:SerEstar:Ser ADD:803 
"<distinta>"
	"distinto" Adjective ADJ Singular lang:es 00:01:04 00:01:11 tt-5084 AM063_1992_CT_SU2012_CL_10 
"<porque>"
	"porque" Conjunction CSUBX lang:es 00:01:04 00:01:11 tt-5085 AM063_1992_CT_SU2012_CL_10 @Prag:MarcadoresDisc:Causa ADD:1085 
"<realmente>"
	"realmente" Adverb ADV lang:es 00:01:04 00:01:11 tt-5086 AM063_1992_CT_SU2012_CL_10 
"<al>"
	"al" Adverb ADV lang:es 00:01:04 00:01:11 tt-5087 AM063_1992_CT_SU2012_CL_10 
"<menos>"
	"menos" Adverb ADV lang:es 00:01:04 00:01:11 tt-5088 AM063_1992_CT_SU2012_CL_10 
"<que>"
	"que" Conjunction CQUE lang:es 00:01:04 00:01:11 tt-5089 AM063_1992_CT_SU2012_CL_10 
"<diga>"
	"decir" Verb VLfin Pres Subj Sing 1st_or_3rd lang:es 00:01:04 00:01:11 tt-5090 AM063_1992_CT_SU2012_CL_10 @Gram:MSub:Pres ADD:772 
"<un>"
	"un" Determiner ART Singular lang:es 00:01:04 00:01:11 tt-5091 AM063_1992_CT_SU2012_CL_10 
"<restorán>"
	"restorán" Noun NC Singular lang:es 00:01:04 00:01:11 tt-5092 AM063_1992_CT_SU2012_CL_10 
"<mexicano>"
	"mexicano" Adjective ADJ Singular lang:es 00:01:04 00:01:11 tt-5093 AM063_1992_CT_SU2012_CL_10 
"<,>"
	"," Punctuation CM lang:es 00:01:04 00:01:11 tt-5094 AM063_1992_CT_SU2012_CL_10 
"<auténtico>"
	"auténtico" Adjective ADJ Singular lang:es 00:01:04 00:01:11 tt-5095 AM063_1992_CT_SU2012_CL_10 
"<mexicano>"
	"mexicano" Adjective ADJ Singular lang:es 00:01:11 00:01:17 tt-5096 AM063_1992_CT_SU2012_CL_10 
"<no>"
	"no" Adverb NEG lang:es 00:01:11 00:01:17 tt-5097 AM063_1992_CT_SU2012_CL_10 
"<es>"
	"ser" Verb VSfin Pres Indi Sing 3rd lang:es 00:01:11 00:01:17 tt-5098 AM063_1992_CT_SU2012_CL_10 @Gram:SerEstar:Ser ADD:803 
"<porque>"
	"porque" Conjunction CSUBX lang:es 00:01:11 00:01:17 tt-5099 AM063_1992_CT_SU2012_CL_10 @Prag:MarcadoresDisc:Causa ADD:1085 
"<ha>"
	"haber" Verb VHfin Pres Indi Sing 3rd lang:es 00:01:11 00:01:17 tt-5100 AM063_1992_CT_SU2012_CL_10 ID:214 R:Gram:Aux:Haber:215 R:Gram:PerfPerif:215 ADDRELATION():695 
"<adoptado>"
	"adoptar" Verb VLadj lang:es 00:01:11 00:01:17 tt-5101 AM063_1992_CT_SU2012_CL_10 ID:215 
"<culturas>"
	"culturar" Verb VLfin Pres Indi Sing 2nd lang:es 00:01:11 00:01:17 tt-5102 AM063_1992_CT_SU2012_CL_10 
"<y>"
	"y" Conjunciton Conjunction CC lang:es 00:01:11 00:01:17 tt-5103 AM063_1992_CT_SU2012_CL_10 SUBSTITUTE:385 
<lang code="en">
"<ideas>"
	"idea" Noun NNS lang:en 00:01:11 00:01:17 tt-5104 AM063_1992_CT_SU2012_CL_10 
</lang>
"<de>"
	"de" Preposition PREP lang:es 00:01:11 00:01:17 tt-5105 AM063_1992_CT_SU2012_CL_10 @Gram:Prep ADD:614 
<lang code="en">
"<Texas>"
	"Texas" Noun NP Plural lang:en 00:01:11 00:01:17 tt-5106 AM063_1992_CT_SU2012_CL_10 
</lang>
"<que>"
	"que" Conjunction CQUE lang:es 00:01:11 00:01:17 tt-5107 AM063_1992_CT_SU2012_CL_10 
"<en>"
	"en" Preposition PREP lang:es 00:01:11 00:01:17 tt-5108 AM063_1992_CT_SU2012_CL_10 @Gram:Prep ADD:614 
"<verdad>"
	"verdad" Noun NC Singular lang:es 00:01:11 00:01:17 tt-5109 AM063_1992_CT_SU2012_CL_10 
"<se>"
	"se" Other SE lang:es 00:01:11 00:01:17 tt-5110 AM063_1992_CT_SU2012_CL_10 
"<considera>"
	"considerar" Verb VLfin Pres Indi Sing 3rd lang:es 00:01:11 00:01:17 tt-5111 AM063_1992_CT_SU2012_CL_10 
"<Tex-Mex>"
	"UNK" Noun NC Singular lang:es 00:01:17 00:01:19 tt-5112 AM063_1992_CT_SU2012_CL_10 
"<y>"
	"y" Conjunciton Conjunction CC lang:es 00:01:17 00:01:19 tt-5113 AM063_1992_CT_SU2012_CL_10 SUBSTITUTE:385 
"<no>"
	"no" Adverb NEG lang:es 00:01:17 00:01:19 tt-5114 AM063_1992_CT_SU2012_CL_10 
"<mexicano>"
	"mexicano" Adjective ADJ Singular lang:es 00:01:17 00:01:19 tt-5115 AM063_1992_CT_SU2012_CL_10 
"<$.>"
	"." Punctuation FS lang:es 00:01:17 00:01:19 tt-5116 AM063_1992_CT_SU2012_CL_10 
</speaker>
<speaker type="int">

"<$¿>"
	"¿" Punctuation FS lang:es 00:01:19 00:01:24 tt-5117 AM063_1992_CT_SU2012_CL_10 
"<Podrías>"
	"poder" Verb VLfin Cond Indi Sing 2nd lang:es 00:01:19 00:01:24 tt-5118 AM063_1992_CT_SU2012_CL_10 
"<hablarme>"
	"UNK" Verb VLinf Infinitive lang:es 00:01:19 00:01:24 tt-5119 AM063_1992_CT_SU2012_CL_10 
"<de>"
	"de" Preposition PREP lang:es 00:01:19 00:01:24 tt-5120 AM063_1992_CT_SU2012_CL_10 @Gram:Prep ADD:614 
"<algún>"
	"alguno" Determiner QU lang:es 00:01:19 00:01:24 tt-5121 AM063_1992_CT_SU2012_CL_10 @Gram:Det:CuantIndef ADD:463 
"<platillo>"
	"platillo|plato" Noun NC Singular lang:es 00:01:19 00:01:24 tt-5122 AM063_1992_CT_SU2012_CL_10 
"<en>"
	"en" Adverb ADV lang:es 00:01:19 00:01:24 tt-5123 AM063_1992_CT_SU2012_CL_10 
"<especial>"
	"especial" Adverb ADV lang:es 00:01:19 00:01:24 tt-5124 AM063_1992_CT_SU2012_CL_10 
"<que>"
	"que" Conjunction CQUE lang:es 00:01:19 00:01:24 tt-5125 AM063_1992_CT_SU2012_CL_10 
"<a>"
	"a" Preposition PREP lang:es 00:01:19 00:01:24 tt-5126 AM063_1992_CT_SU2012_CL_10 @Gram:Prep SUBSTITUTE:389 ADD:614 
"<ti>"
	"tú" Pronoun PPX Singular lang:es 00:01:19 00:01:24 tt-5127 AM063_1992_CT_SU2012_CL_10 
"<no>"
	"no" Adverb NEG lang:es 00:01:19 00:01:24 tt-5128 AM063_1992_CT_SU2012_CL_10 
"<te>"
	"tú" Pronoun PPX Singular lang:es 00:01:19 00:01:24 tt-5129 AM063_1992_CT_SU2012_CL_10 @Gram:Pron:Objeto ADD:648 
"<parece>"
	"parecer" Verb VLfin Pres Indi Sing 3rd lang:es 00:01:19 00:01:24 tt-5130 AM063_1992_CT_SU2012_CL_10 
"<mexicano>"
	"mexicano" Adjective ADJ Singular lang:es 00:01:19 00:01:24 tt-5131 AM063_1992_CT_SU2012_CL_10 
"<$?>"
	"?" Punctuation FS lang:es 00:01:19 00:01:24 tt-5132 AM063_1992_CT_SU2012_CL_10 

"<Mmm>"
	"mmm" Noun NP Singular lang:es 00:01:24 00:01:27 tt-5133 AM063_1992_CT_SU2012_CL_10 
"<...>"
	"..." Punctuation DOTS lang:es 00:01:24 00:01:27 tt-5134 AM063_1992_CT_SU2012_CL_10 
"<$¿>"
	"¿" Punctuation FS lang:es 00:01:24 00:01:27 tt-5135 AM063_1992_CT_SU2012_CL_10 
"<cómo>"
	"cómo" Adverb ADV lang:es 00:01:24 00:01:27 tt-5136 AM063_1992_CT_SU2012_CL_10 
"<qué>"
	"qué" Pronoun INT Singular lang:es 00:01:24 00:01:27 tt-5137 AM063_1992_CT_SU2012_CL_10 
"<$?>"
	"?" Punctuation FS lang:es 00:01:24 00:01:27 tt-5138 AM063_1992_CT_SU2012_CL_10 

"<Un>"
	"un" Determiner ART Singular lang:es 00:01:27 00:01:34 tt-5139 AM063_1992_CT_SU2012_CL_10 
"<platillo>"
	"platillo|plato" Noun NC Singular lang:es 00:01:27 00:01:34 tt-5140 AM063_1992_CT_SU2012_CL_10 
"<,>"
	"," Punctuation CM lang:es 00:01:27 00:01:34 tt-5141 AM063_1992_CT_SU2012_CL_10 
"<no>"
	"no" Adverb NEG lang:es 00:01:27 00:01:34 tt-5142 AM063_1992_CT_SU2012_CL_10 
"<sé>"
	"saber|ser" Verb VLfin Pres Indi Sing 1st lang:es 00:01:27 00:01:34 tt-5143 AM063_1992_CT_SU2012_CL_10 
"<$.>"
	"." Punctuation FS lang:es 00:01:27 00:01:34 tt-5144 AM063_1992_CT_SU2012_CL_10 

"<Algún>"
	"alguno" Determiner QU lang:es 00:01:27 00:01:34 tt-5145 AM063_1992_CT_SU2012_CL_10 @Gram:Det:CuantIndef ADD:463 
"<platillo>"
	"platillo|plato" Noun NC Singular lang:es 00:01:27 00:01:34 tt-5146 AM063_1992_CT_SU2012_CL_10 
"<mexicano>"
	"mexicano" Adjective ADJ Singular lang:es 00:01:27 00:01:34 tt-5147 AM063_1992_CT_SU2012_CL_10 
"<$.>"
	"." Punctuation FS lang:es 00:01:27 00:01:34 tt-5148 AM063_1992_CT_SU2012_CL_10 

"<No>"
	"no" Adverb NEG lang:es 00:01:27 00:01:34 tt-5149 AM063_1992_CT_SU2012_CL_10 
"<conozco>"
	"conocer" Verb VLfin Pres Indi Sing 1st lang:es 00:01:27 00:01:34 tt-5150 AM063_1992_CT_SU2012_CL_10 
"<yo>"
	"yo" Pronoun PPX Singular lang:es 00:01:27 00:01:34 tt-5151 AM063_1992_CT_SU2012_CL_10 @Gram:Pron:Sujeto ADD:624 
"<muchos>"
	"mucho" Determiner QU lang:es 00:01:27 00:01:34 tt-5152 AM063_1992_CT_SU2012_CL_10 @Gram:Det:CuantIndef ADD:468 
"<de>"
	"de" Preposition PREP lang:es 00:01:27 00:01:34 tt-5153 AM063_1992_CT_SU2012_CL_10 @Gram:Prep ADD:614 
"<esos>"
	"ese" Determiner DM Plural lang:es 00:01:27 00:01:34 tt-5154 AM063_1992_CT_SU2012_CL_10 
"<$.>"
	"." Punctuation FS lang:es 00:01:27 00:01:34 tt-5155 AM063_1992_CT_SU2012_CL_10 
</speaker>
<speaker type="subj">

"<Bueno>"
	"bueno" Adjective ADJ Singular lang:es 00:01:34 00:01:41 tt-5156 AM063_1992_CT_SU2012_CL_10 
"<,>"
	"," Punctuation CM lang:es 00:01:34 00:01:41 tt-5157 AM063_1992_CT_SU2012_CL_10 
"<puedo>"
	"poder" Verb VLfin Pres Indi Sing 1st lang:es 00:01:34 00:01:41 tt-5158 AM063_1992_CT_SU2012_CL_10 
"<hablarte>"
	"hablar" Verb VLinf Pres Subj Sing 1st_or_3rd lang:es 00:01:34 00:01:41 tt-5159 AM063_1992_CT_SU2012_CL_10 @Gram:MSub:Pres ID:273 R:Vocab:Fraseol:VerbPrep:274 ADD:772 ADDRELATION(Vocab:Fraseol:VerbPrep):1209 
"<de>"
	"de" Preposition PREP lang:es 00:01:34 00:01:41 tt-5160 AM063_1992_CT_SU2012_CL_10 @Gram:Prep ID:274 ADD:614 
"<comidas>"
	"comida" Noun NC Plural lang:es 00:01:34 00:01:41 tt-5161 AM063_1992_CT_SU2012_CL_10 
"<mexicanas>"
	"mexicano" Adjective ADJ Plural lang:es 00:01:34 00:01:41 tt-5162 AM063_1992_CT_SU2012_CL_10 
"<que>"
	"que" Conjunction CQUE lang:es 00:01:34 00:01:41 tt-5163 AM063_1992_CT_SU2012_CL_10 
"<se>"
	"se" Other SE lang:es 00:01:34 00:01:41 tt-5164 AM063_1992_CT_SU2012_CL_10 
"<ven>"
	"ver" Verb VLfin Pres Indi Plural 3rd lang:es 00:01:34 00:01:41 tt-5165 AM063_1992_CT_SU2012_CL_10 
"<apetitosos>"
	"UNK" Noun NC Plural lang:es 00:01:34 00:01:41 tt-5166 AM063_1992_CT_SU2012_CL_10 
"<como>"
	"como" Conjunction CSUBX lang:es 00:01:34 00:01:41 tt-5167 AM063_1992_CT_SU2012_CL_10 
"<las>"
	"el" Determiner ART Plural Fem lang:es 00:01:34 00:01:41 tt-5168 AM063_1992_CT_SU2012_CL_10 @Gram:Det:Art ADD:416 
"<enchiladas>"
	"enchilar" Verb VLadj lang:es 00:01:34 00:01:41 tt-5169 AM063_1992_CT_SU2012_CL_10 
"<,>"
	"," Punctuation CM lang:es 00:01:34 00:01:41 tt-5170 AM063_1992_CT_SU2012_CL_10 
"<por>"
	"por" Preposition PREP lang:es 00:01:42 00:01:49 tt-5171 AM063_1992_CT_SU2012_CL_10 @Gram:Prep:Por ID:285 R:Prag:MarcadoresDisc:Igualdad:286 SUBSTITUTE:262 ADD:595 ADDRELATION(Prag:MarcadoresDisc:Igualdad):1122 
"<ejemplo>"
	"ejemplo" Adverb ADV lang:es 00:01:42 00:01:49 tt-5172 AM063_1992_CT_SU2012_CL_10 ID:286 
"<$.>"
	"." Punctuation FS lang:es 00:01:42 00:01:49 tt-5173 AM063_1992_CT_SU2012_CL_10 

"<No>"
	"no" Adverb NEG lang:es 00:01:42 00:01:49 tt-5174 AM063_1992_CT_SU2012_CL_10 
"<me>"
	"yo" Pronoun PPX Singular lang:es 00:01:42 00:01:49 tt-5175 AM063_1992_CT_SU2012_CL_10 @Gram:Pron:Objeto ADD:648 
"<agarra>"
	"agarrar" Verb VLfin Pres Indi Sing 3rd lang:es 00:01:42 00:01:49 tt-5176 AM063_1992_CT_SU2012_CL_10 
"<tanto>"
	"tanto" Adverb ADV lang:es 00:01:42 00:01:49 tt-5177 AM063_1992_CT_SU2012_CL_10 
"<el>"
	"el" Determiner ART Singular Masc lang:es 00:01:42 00:01:49 tt-5178 AM063_1992_CT_SU2012_CL_10 @Gram:Det:Art ADD:416 
"<chile>"
	"chile" Noun NC Singular lang:es 00:01:42 00:01:49 tt-5179 AM063_1992_CT_SU2012_CL_10 
"<poblano>"
	"poblano" Adjective ADJ Singular lang:es 00:01:42 00:01:49 tt-5180 AM063_1992_CT_SU2012_CL_10 
"<porque>"
	"porque" Conjunction CSUBX lang:es 00:01:42 00:01:49 tt-5181 AM063_1992_CT_SU2012_CL_10 @Prag:MarcadoresDisc:Causa ADD:1085 
"<no>"
	"no" Adverb NEG lang:es 00:01:42 00:01:49 tt-5182 AM063_1992_CT_SU2012_CL_10 
"<,>"
	"," Punctuation CM lang:es 00:01:42 00:01:49 tt-5183 AM063_1992_CT_SU2012_CL_10 
"<aunque>"
	"aunque" Conjunction CSUBX lang:es 00:01:42 00:01:49 tt-5184 AM063_1992_CT_SU2012_CL_10 @Prag:MarcadoresDisc:Revision ADD:1032 
"<soy>"
	"ser" Verb VSfin Pres Indi Sing 1st lang:es 00:01:42 00:01:49 tt-5185 AM063_1992_CT_SU2012_CL_10 @Gram:SerEstar:Ser ADD:803 
"<mexicano>"
	"mexicano" Adjective ADJ Singular lang:es 00:01:42 00:01:49 tt-5186 AM063_1992_CT_SU2012_CL_10 
"<no>"
	"no" Adverb NEG lang:es 00:01:42 00:01:49 tt-5187 AM063_1992_CT_SU2012_CL_10 
"<me>"
	"yo" Pronoun PPX Singular lang:es 00:01:42 00:01:49 tt-5188 AM063_1992_CT_SU2012_CL_10 @Gram:Pron:Objeto ID:302 R:Gram:Gustar:Propios:303 ADD:648 ADDRELATION(Gram:Gustar:Propios):717 
"<gusta>"
	"gustar" Verb VLfin Pres Indi Sing 3rd lang:es 00:01:42 00:01:49 tt-5189 AM063_1992_CT_SU2012_CL_10 ID:303 
"<tanto>"
	"tanto" Adverb ADV lang:es 00:01:50 00:01:53 tt-5190 AM063_1992_CT_SU2012_CL_10 
"<el>"
	"el" Determiner ART Singular Masc lang:es 00:01:50 00:01:53 tt-5191 AM063_1992_CT_SU2012_CL_10 @Gram:Det:Art ADD:416 
"<chile>"
	"chile" Noun NC Singular lang:es 00:01:50 00:01:53 tt-5192 AM063_1992_CT_SU2012_CL_10 
"<$.>"
	"." Punctuation FS lang:es 00:01:50 00:01:53 tt-5193 AM063_1992_CT_SU2012_CL_10 

"<Me>"
	"yo" Pronoun PPX Singular lang:es 00:01:50 00:01:53 tt-5194 AM063_1992_CT_SU2012_CL_10 @Gram:Pron:Objeto ADD:648 
"<enchilo>"
	"UNK" Verb VLfin Pres Indi Sing 1st lang:es 00:01:50 00:01:53 tt-5195 AM063_1992_CT_SU2012_CL_10 
"<fácil>"
	"fácil" Adjective ADJ Singular lang:es 00:01:50 00:01:53 tt-5196 AM063_1992_CT_SU2012_CL_10 
"<$.>"
	"." Punctuation FS lang:es 00:01:50 00:01:53 tt-5197 AM063_1992_CT_SU2012_CL_10 
</speaker>
</text>

