<text id="AM063_1992_CT_SU2012_CL_02">
<speaker type="subj">
<lang code="en">
"<Ah>"
	"ah" Other UH lang:en 00:00:00 00:00:07 tt-1038 AM063_1992_CT_SU2012_CL_02 
</lang>
"<...>"
	"..." Punctuation DOTS lang:es 00:00:00 00:00:07 tt-1039 AM063_1992_CT_SU2012_CL_02 
"<bueno>"
	"bueno" Adjective ADJ Singular lang:es 00:00:00 00:00:07 tt-1040 AM063_1992_CT_SU2012_CL_02 
"<,>"
	"," Punctuation CM lang:es 00:00:00 00:00:07 tt-1041 AM063_1992_CT_SU2012_CL_02 
"<usualmente>"
	"usualmente" Adverb ADV lang:es 00:00:00 00:00:07 tt-1042 AM063_1992_CT_SU2012_CL_02 
"<tiene>"
	"tener" Verb VMfin lang:es 00:00:00 00:00:07 tt-1043 AM063_1992_CT_SU2012_CL_02 
"<que>"
	"que" Verb VMfin lang:es 00:00:00 00:00:07 tt-1044 AM063_1992_CT_SU2012_CL_02 
"<ver>"
	"ver" Verb VLinf Infinitive lang:es 00:00:00 00:00:07 tt-1045 AM063_1992_CT_SU2012_CL_02 
"<con>"
	"con" Preposition PREP lang:es 00:00:00 00:00:07 tt-1046 AM063_1992_CT_SU2012_CL_02 @Gram:Prep 
"<la>"
	"el" Determiner ART Singular Fem lang:es 00:00:00 00:00:07 tt-1047 AM063_1992_CT_SU2012_CL_02 @Gram:Det:Art 
"<religión>"
	"religión" Noun NC Singular lang:es 00:00:00 00:00:07 tt-1048 AM063_1992_CT_SU2012_CL_02 
"<$.>"
	"." Punctuation FS lang:es 00:00:00 00:00:07 tt-1049 AM063_1992_CT_SU2012_CL_02 

"<Por>"
	"por" Preposition PREP lang:es 00:00:00 00:00:07 tt-1050 AM063_1992_CT_SU2012_CL_02 @Gram:Prep:Por ID:13 R:Prag:MarcadoresDisc:Igualdad:14 
"<ejemplo>"
	"ejemplo" Adverb ADV lang:es 00:00:00 00:00:07 tt-1051 AM063_1992_CT_SU2012_CL_02 ID:14 
"<,>"
	"," Punctuation CM lang:es 00:00:00 00:00:07 tt-1052 AM063_1992_CT_SU2012_CL_02 
"<el>"
	"el" Determiner ART Singular Masc lang:es 00:00:00 00:00:07 tt-1053 AM063_1992_CT_SU2012_CL_02 @Gram:Det:Art 
"<doce>"
	"doce" Determiner CARD Singular lang:es 00:00:00 00:00:07 tt-1054 AM063_1992_CT_SU2012_CL_02 
"<de>"
	"de" Preposition PREP lang:es 00:00:00 00:00:07 tt-1055 AM063_1992_CT_SU2012_CL_02 @Gram:Prep 
"<diciembre>"
	"diciembre" Noun NMON Singular lang:es 00:00:00 00:00:07 tt-1056 AM063_1992_CT_SU2012_CL_02 
"<,>"
	"," Punctuation CM lang:es 00:00:00 00:00:07 tt-1057 AM063_1992_CT_SU2012_CL_02 
"<celebramos>"
	"celebrar" Verb VLfin Pres_or_Pret Indi Plural 1st lang:es 00:00:09 00:00:16 tt-1058 AM063_1992_CT_SU2012_CL_02 
"<el>"
	"el" Determiner ART Singular Masc lang:es 00:00:09 00:00:16 tt-1059 AM063_1992_CT_SU2012_CL_02 @Gram:Det:Art ID:22 R:Gram:Genero:ExcepMasc:23 
"<día>"
	"día" Noun NC Singular lang:es 00:00:09 00:00:16 tt-1060 AM063_1992_CT_SU2012_CL_02 ID:23 
"<de>"
	"de" Preposition PREP lang:es 00:00:09 00:00:16 tt-1061 AM063_1992_CT_SU2012_CL_02 @Gram:Prep 
"<la>"
	"el" Determiner ART Singular Fem lang:es 00:00:09 00:00:16 tt-1062 AM063_1992_CT_SU2012_CL_02 @Gram:Det:Art 
"<Virgen>"
	"Virgen" Noun NP Singular lang:es 00:00:09 00:00:16 tt-1063 AM063_1992_CT_SU2012_CL_02 
"<de>"
	"de" Preposition PREP lang:es 00:00:09 00:00:16 tt-1064 AM063_1992_CT_SU2012_CL_02 @Gram:Prep 
"<Guadalupe>"
	"Guadalupe" Noun NP Singular lang:es 00:00:09 00:00:16 tt-1065 AM063_1992_CT_SU2012_CL_02 
"<$.>"
	"." Punctuation FS lang:es 00:00:09 00:00:16 tt-1066 AM063_1992_CT_SU2012_CL_02 

"<Usualmente>"
	"usualmente" Adverb ADV lang:es 00:00:09 00:00:16 tt-1067 AM063_1992_CT_SU2012_CL_02 
"<,>"
	"," Punctuation CM lang:es 00:00:09 00:00:16 tt-1068 AM063_1992_CT_SU2012_CL_02 
"<no>"
	"no" Adverb NEG lang:es 00:00:09 00:00:16 tt-1069 AM063_1992_CT_SU2012_CL_02 
"<invitamos>"
	"invitar" Verb VLfin Pres_or_Pret Indi Plural 1st lang:es 00:00:09 00:00:16 tt-1070 AM063_1992_CT_SU2012_CL_02 
"<gente>"
	"gente" Noun NC Singular lang:es 00:00:09 00:00:16 tt-1071 AM063_1992_CT_SU2012_CL_02 
"<$.>"
	"." Punctuation FS lang:es 00:00:09 00:00:16 tt-1072 AM063_1992_CT_SU2012_CL_02 

"<Es>"
	"ser" Verb VSfin Pres Indi Sing 3rd lang:es 00:00:09 00:00:16 tt-1073 AM063_1992_CT_SU2012_CL_02 @Gram:SerEstar:Ser 
"<más>"
	"más" Adverb ADV lang:es 00:00:09 00:00:16 tt-1074 AM063_1992_CT_SU2012_CL_02 
"<,>"
	"," Punctuation CM lang:es 00:00:09 00:00:16 tt-1075 AM063_1992_CT_SU2012_CL_02 
"<lo>"
	"el" Determiner ART Singular lang:es 00:00:09 00:00:16 tt-1076 AM063_1992_CT_SU2012_CL_02 ID:39 R:Gram:Det:LoAdj:40 
"<que>"
	"que" Conjunction CQUE lang:es 00:00:17 00:00:23 tt-1077 AM063_1992_CT_SU2012_CL_02 ID:40 
"<consiste>"
	"consistir" Verb VLfin Pret Indi Sing 2nd lang:es 00:00:17 00:00:23 tt-1078 AM063_1992_CT_SU2012_CL_02 @Gram:Indefinido 
"<esa>"
	"ese" Determiner DM Singular lang:es 00:00:17 00:00:23 tt-1079 AM063_1992_CT_SU2012_CL_02 @Gram:Det:Demo 
"<cultura>"
	"cultura" Noun NC Singular lang:es 00:00:17 00:00:23 tt-1080 AM063_1992_CT_SU2012_CL_02 
"<es>"
	"ser" Verb VSfin Pres Indi Sing 3rd lang:es 00:00:17 00:00:23 tt-1081 AM063_1992_CT_SU2012_CL_02 @Gram:SerEstar:Ser 
"<no>"
	"no" Adverb ADV lang:es 00:00:17 00:00:23 tt-1082 AM063_1992_CT_SU2012_CL_02 
"<más>"
	"más" Adverb ADV lang:es 00:00:17 00:00:23 tt-1083 AM063_1992_CT_SU2012_CL_02 
"<de>"
	"de" Preposition PREP lang:es 00:00:17 00:00:23 tt-1084 AM063_1992_CT_SU2012_CL_02 @Gram:Prep 
"<ir>"
	"ir" Verb VLinf Infinitive lang:es 00:00:17 00:00:23 tt-1085 AM063_1992_CT_SU2012_CL_02 
"<a>"
	"a" Preposition PREP lang:es 00:00:17 00:00:23 tt-1086 AM063_1992_CT_SU2012_CL_02 @Gram:Prep 
"<una>"
	"un" Determiner ART Singular lang:es 00:00:17 00:00:23 tt-1087 AM063_1992_CT_SU2012_CL_02 
"<iglesia>"
	"iglesia" Noun NC Singular lang:es 00:00:17 00:00:23 tt-1088 AM063_1992_CT_SU2012_CL_02 
"<a>"
	"a" Preposition PREP lang:es 00:00:17 00:00:23 tt-1089 AM063_1992_CT_SU2012_CL_02 @Gram:Prep 
"<celebrar>"
	"celebrar" Verb VLinf Infinitive lang:es 00:00:17 00:00:23 tt-1090 AM063_1992_CT_SU2012_CL_02 
"<$.>"
	"." Punctuation FS lang:es 00:00:17 00:00:23 tt-1091 AM063_1992_CT_SU2012_CL_02 

"<Usualmente>"
	"usualmente" Adverb ADV lang:es 00:00:17 00:00:23 tt-1092 AM063_1992_CT_SU2012_CL_02 
"<,>"
	"," Punctuation CM lang:es 00:00:17 00:00:23 tt-1093 AM063_1992_CT_SU2012_CL_02 
"<voy>"
	"ir" Verb VLfin Pres Indi Sing 1st lang:es 00:00:17 00:00:23 tt-1094 AM063_1992_CT_SU2012_CL_02 
"<yo>"
	"yo" Pronoun PPX Singular lang:es 00:00:23 00:00:30 tt-1095 AM063_1992_CT_SU2012_CL_02 @Gram:Pron:Sujeto 
"<a>"
	"a" Preposition PREP lang:es 00:00:23 00:00:30 tt-1096 AM063_1992_CT_SU2012_CL_02 @Gram:Prep 
"<esta>"
	"este" Determiner DM Singular lang:es 00:00:23 00:00:30 tt-1097 AM063_1992_CT_SU2012_CL_02 @Gram:Det:Demo 
"<iglesia>"
	"iglesia" Noun NC Singular lang:es 00:00:23 00:00:30 tt-1098 AM063_1992_CT_SU2012_CL_02 
"<a>"
	"a" Preposition PREP Conjunction CSUBI lang:es 00:00:23 00:00:30 tt-1099 AM063_1992_CT_SU2012_CL_02 @Gram:Prep 
"<transar>"
	"UNK" Verb VLinf Infinitive lang:es 00:00:23 00:00:30 tt-1100 AM063_1992_CT_SU2012_CL_02 
"<parte>"
	"parte" Noun NC Singular lang:es 00:00:23 00:00:30 tt-1101 AM063_1992_CT_SU2012_CL_02 
"<de>"
	"de" Preposition PREP lang:es 00:00:23 00:00:30 tt-1102 AM063_1992_CT_SU2012_CL_02 @Gram:Prep 
"<los>"
	"el" Determiner ART Plural Masc lang:es 00:00:23 00:00:30 tt-1103 AM063_1992_CT_SU2012_CL_02 @Gram:Det:Art 
"<matachines>"
	"UNK" Noun NC Plural lang:es 00:00:23 00:00:30 tt-1104 AM063_1992_CT_SU2012_CL_02 
"<,>"
	"," Punctuation CM lang:es 00:00:23 00:00:30 tt-1105 AM063_1992_CT_SU2012_CL_02 
"<ya>"
	"ya" Adverb ADV lang:es 00:00:23 00:00:30 tt-1106 AM063_1992_CT_SU2012_CL_02 
"<llevo>"
	"llevar" Verb VLfin Pres Indi Sing 1st lang:es 00:00:23 00:00:30 tt-1107 AM063_1992_CT_SU2012_CL_02 
"<creo>"
	"crear|creer" Verb VLfin Pres Indi Sing 1st lang:es 00:00:23 00:00:30 tt-1108 AM063_1992_CT_SU2012_CL_02 
"<que>"
	"que" Conjunction CQUE lang:es 00:00:23 00:00:30 tt-1109 AM063_1992_CT_SU2012_CL_02 
"<ya>"
	"ya" Adverb ADV lang:es 00:00:23 00:00:30 tt-1110 AM063_1992_CT_SU2012_CL_02 
"<seis>"
	"seis" Determiner CARD Plural lang:es 00:00:23 00:00:30 tt-1111 AM063_1992_CT_SU2012_CL_02 
"<años>"
	"año" Noun NC Plural lang:es 00:00:23 00:00:30 tt-1112 AM063_1992_CT_SU2012_CL_02 
"<$.>"
	"." Punctuation FS lang:es 00:00:23 00:00:30 tt-1113 AM063_1992_CT_SU2012_CL_02 

"<Cada>"
	"cada" Determiner QU lang:es 00:00:30 00:00:37 tt-1114 AM063_1992_CT_SU2012_CL_02 @Gram:Det:CuantIndef 
"<año>"
	"año" Noun NC Singular lang:es 00:00:30 00:00:37 tt-1115 AM063_1992_CT_SU2012_CL_02 
"<más>"
	"más" Adverb ADV lang:es 00:00:30 00:00:37 tt-1116 AM063_1992_CT_SU2012_CL_02 
"<cansado>"
	"cansar" Verb VLadj lang:es 00:00:30 00:00:37 tt-1117 AM063_1992_CT_SU2012_CL_02 
"<que>"
	"que" Conjunction CQUE lang:es 00:00:30 00:00:37 tt-1118 AM063_1992_CT_SU2012_CL_02 
"<el>"
	"el" Determiner ART Singular Masc lang:es 00:00:30 00:00:37 tt-1119 AM063_1992_CT_SU2012_CL_02 @Gram:Det:Art ID:82 R:Gram:Det:DetCombi:83 
"<otro>"
	"otro" Determiner QU lang:es 00:00:30 00:00:37 tt-1120 AM063_1992_CT_SU2012_CL_02 ID:83 
"<$.>"
	"." Punctuation FS lang:es 00:00:30 00:00:37 tt-1121 AM063_1992_CT_SU2012_CL_02 

"<Y>"
	"y" Conjunciton Conjunction CC lang:es 00:00:30 00:00:37 tt-1122 AM063_1992_CT_SU2012_CL_02 
"<no>"
	"no" Adverb ADV lang:es 00:00:30 00:00:37 tt-1123 AM063_1992_CT_SU2012_CL_02 
"<más>"
	"más" Adverb ADV lang:es 00:00:30 00:00:37 tt-1124 AM063_1992_CT_SU2012_CL_02 
"<celebramos>"
	"celebrar" Verb VLfin Pres_or_Pret Indi Plural 1st lang:es 00:00:30 00:00:37 tt-1125 AM063_1992_CT_SU2012_CL_02 
"<ese>"
	"ese" Determiner DM Singular lang:es 00:00:30 00:00:37 tt-1126 AM063_1992_CT_SU2012_CL_02 @Gram:Det:Demo ID:89 R:Gram:Genero:ExcepMasc:90 
"<día>"
	"día" Noun NC Singular lang:es 00:00:30 00:00:37 tt-1127 AM063_1992_CT_SU2012_CL_02 ID:90 
"<casi>"
	"casi" Adverb ADV lang:es 00:00:30 00:00:37 tt-1128 AM063_1992_CT_SU2012_CL_02 
"<como>"
	"como" Adverb ADV lang:es 00:00:30 00:00:37 tt-1129 AM063_1992_CT_SU2012_CL_02 
"<si>"
	"si" Conjunction CSUBX lang:es 00:00:30 00:00:37 tt-1130 AM063_1992_CT_SU2012_CL_02 
"<fuera>"
	"ser" Verb VSfin Past Subj Sing 1st_or_3rd lang:es 00:00:30 00:00:37 tt-1131 AM063_1992_CT_SU2012_CL_02 @Gram:MSub:Pret @Gram:SerEstar:Ser 
"<una>"
	"un" Determiner ART Singular lang:es 00:00:30 00:00:37 tt-1132 AM063_1992_CT_SU2012_CL_02 
"<pre-Navidad>"
	"UNK" Noun NC Singular lang:es 00:00:37 00:00:37 tt-1133 AM063_1992_CT_SU2012_CL_02 
"<$.>"
	"." Punctuation FS lang:es 00:00:37 00:00:37 tt-1134 AM063_1992_CT_SU2012_CL_02 
</speaker>
<speaker type="int">

"<Qué>"
	"qué" Pronoun INT Singular lang:es 00:00:37 00:00:44 tt-1135 AM063_1992_CT_SU2012_CL_02 
"<bien>"
	"bien" Noun NC Singular lang:es 00:00:37 00:00:44 tt-1136 AM063_1992_CT_SU2012_CL_02 
"<$.>"
	"." Punctuation FS lang:es 00:00:37 00:00:44 tt-1137 AM063_1992_CT_SU2012_CL_02 

"<Y>"
	"y" Conjunciton Conjunction CC lang:es 00:00:37 00:00:44 tt-1138 AM063_1992_CT_SU2012_CL_02 
"<,>"
	"," Punctuation CM lang:es 00:00:37 00:00:44 tt-1139 AM063_1992_CT_SU2012_CL_02 
"<$¿>"
	"¿" Punctuation FS lang:es 00:00:37 00:00:44 tt-1140 AM063_1992_CT_SU2012_CL_02 
"<tú>"
	"tú" Pronoun PPX Singular lang:es 00:00:37 00:00:44 tt-1141 AM063_1992_CT_SU2012_CL_02 @Gram:Pron:Sujeto 
"<podrías>"
	"poder" Verb VLfin Cond Indi Sing 2nd lang:es 00:00:37 00:00:44 tt-1142 AM063_1992_CT_SU2012_CL_02 
"<decir>"
	"decir" Verb VLinf Infinitive lang:es 00:00:37 00:00:44 tt-1143 AM063_1992_CT_SU2012_CL_02 
"<que>"
	"que" Conjunction CQUE lang:es 00:00:37 00:00:44 tt-1144 AM063_1992_CT_SU2012_CL_02 
"<,>"
	"," Punctuation CM lang:es 00:00:37 00:00:44 tt-1145 AM063_1992_CT_SU2012_CL_02 
"<que>"
	"que" Conjunction CQUE lang:es 00:00:37 00:00:44 tt-1146 AM063_1992_CT_SU2012_CL_02 
"<tu>"
	"tú" Pronoun PPX Singular lang:es 00:00:37 00:00:44 tt-1147 AM063_1992_CT_SU2012_CL_02 @Gram:Det:Pos 
"<familia>"
	"familia" Noun NC Singular lang:es 00:00:37 00:00:44 tt-1148 AM063_1992_CT_SU2012_CL_02 
"<celebra>"
	"celebrar" Verb VLfin Pres Indi Sing 3rd lang:es 00:00:37 00:00:44 tt-1149 AM063_1992_CT_SU2012_CL_02 
"<diferente>"
	"diferente" Adjective ADJ Singular lang:es 00:00:37 00:00:44 tt-1150 AM063_1992_CT_SU2012_CL_02 
"<las>"
	"el" Determiner ART Plural Fem lang:es 00:00:37 00:00:44 tt-1151 AM063_1992_CT_SU2012_CL_02 @Gram:Det:Art 
"<tradiciones>"
	"tradición" Noun NC Plural lang:es 00:00:37 00:00:44 tt-1152 AM063_1992_CT_SU2012_CL_02 
"<cuando>"
	"cuando" Conjunction CSUBX lang:es 00:00:46 00:00:49 tt-1153 AM063_1992_CT_SU2012_CL_02 
"<están>"
	"estar" Verb VEfin Pres Indi Plural 3rd lang:es 00:00:46 00:00:49 tt-1154 AM063_1992_CT_SU2012_CL_02 @Gram:SerEstar:Estar 
"<México>"
	"México" Noun NP Singular lang:es 00:00:46 00:00:49 tt-1155 AM063_1992_CT_SU2012_CL_02 
"<que>"
	"que" Conjunction CQUE lang:es 00:00:46 00:00:49 tt-1156 AM063_1992_CT_SU2012_CL_02 
"<ahora>"
	"ahora" Adverb ADV lang:es 00:00:46 00:00:49 tt-1157 AM063_1992_CT_SU2012_CL_02 
"<que>"
	"que" Conjunction CQUE lang:es 00:00:46 00:00:49 tt-1158 AM063_1992_CT_SU2012_CL_02 
"<están>"
	"estar" Verb VEfin Pres Indi Plural 3rd lang:es 00:00:46 00:00:49 tt-1159 AM063_1992_CT_SU2012_CL_02 @Gram:SerEstar:Estar 
"<en>"
	"en" Preposition PREP lang:es 00:00:46 00:00:49 tt-1160 AM063_1992_CT_SU2012_CL_02 @Gram:Prep 
"<los>"
	"el" Determiner ART Plural Masc lang:es 00:00:46 00:00:49 tt-1161 AM063_1992_CT_SU2012_CL_02 @Gram:Det:Art 
"<Estados>"
	"Estados" Noun NP Plural lang:es 00:00:46 00:00:49 tt-1162 AM063_1992_CT_SU2012_CL_02 ID:125 R:Vocab:Entities:Geo:126 
"<Unidos>"
	"Unidos" Noun NP Plural lang:es 00:00:46 00:00:49 tt-1163 AM063_1992_CT_SU2012_CL_02 ID:126 
"<$?>"
	"?" Punctuation FS lang:es 00:00:46 00:00:49 tt-1164 AM063_1992_CT_SU2012_CL_02 
</speaker>
<speaker type="subj">

"<No>"
	"no" Adverb NEG lang:es 00:00:49 00:00:56 tt-1165 AM063_1992_CT_SU2012_CL_02 
"<necesariamente>"
	"necesariamente" Adverb ADV lang:es 00:00:49 00:00:56 tt-1166 AM063_1992_CT_SU2012_CL_02 
"<$.>"
	"." Punctuation FS lang:es 00:00:49 00:00:56 tt-1167 AM063_1992_CT_SU2012_CL_02 

"<De>"
	"de" Preposition PREP lang:es 00:00:49 00:00:56 tt-1168 AM063_1992_CT_SU2012_CL_02 @Gram:Prep 
"<seguro>"
	"seguro" Adjective ADJ Singular lang:es 00:00:49 00:00:56 tt-1169 AM063_1992_CT_SU2012_CL_02 
"<uno>"
	"uno" Determiner CARD Singular lang:es 00:00:49 00:00:56 tt-1170 AM063_1992_CT_SU2012_CL_02 
"<o>"
	"o" Conjunciton Conjunction CC lang:es 00:00:49 00:00:56 tt-1171 AM063_1992_CT_SU2012_CL_02 
"<dos>"
	"dos" Determiner CARD Plural lang:es 00:00:49 00:00:56 tt-1172 AM063_1992_CT_SU2012_CL_02 
"<cositas>"
	"cosa" Noun NC Plural lang:es 00:00:49 00:00:56 tt-1173 AM063_1992_CT_SU2012_CL_02 
"<extrañas>"
	"extraño" Adjective ADJ Plural lang:es 00:00:49 00:00:56 tt-1174 AM063_1992_CT_SU2012_CL_02 
"<porque>"
	"porque" Conjunction CSUBX lang:es 00:00:49 00:00:56 tt-1175 AM063_1992_CT_SU2012_CL_02 @Prag:MarcadoresDisc:Causa 
"<cuando>"
	"cuando" Conjunction CSUBX lang:es 00:00:49 00:00:56 tt-1176 AM063_1992_CT_SU2012_CL_02 
"<uno>"
	"uno" Determiner CARD Singular lang:es 00:00:49 00:00:56 tt-1177 AM063_1992_CT_SU2012_CL_02 
"<muda>"
	"muda|mudo" Noun NC Singular lang:es 00:00:49 00:00:56 tt-1178 AM063_1992_CT_SU2012_CL_02 
"<a>"
	"a" Preposition PREP lang:es 00:00:49 00:00:56 tt-1179 AM063_1992_CT_SU2012_CL_02 @Gram:Prep 
"<una>"
	"un" Determiner ART Singular lang:es 00:00:57 00:01:04 tt-1180 AM063_1992_CT_SU2012_CL_02 
"<ciudad>"
	"ciudad" Noun NC Singular lang:es 00:00:57 00:01:04 tt-1181 AM063_1992_CT_SU2012_CL_02 
"<,>"
	"," Punctuation CM lang:es 00:00:57 00:01:04 tt-1182 AM063_1992_CT_SU2012_CL_02 
"<una>"
	"un" Determiner ART Singular lang:es 00:00:57 00:01:04 tt-1183 AM063_1992_CT_SU2012_CL_02 
"<,>"
	"," Punctuation CM lang:es 00:00:57 00:01:04 tt-1184 AM063_1992_CT_SU2012_CL_02 
"<un>"
	"un" Determiner ART Singular lang:es 00:00:57 00:01:04 tt-1185 AM063_1992_CT_SU2012_CL_02 
"<país>"
	"país" Noun NC Plural lang:es 00:00:57 00:01:04 tt-1186 AM063_1992_CT_SU2012_CL_02 
"<diferente>"
	"diferente" Adjective ADJ Singular lang:es 00:00:57 00:01:04 tt-1187 AM063_1992_CT_SU2012_CL_02 
"<,>"
	"," Punctuation CM lang:es 00:00:57 00:01:04 tt-1188 AM063_1992_CT_SU2012_CL_02 
"<y>"
	"y" Conjunciton Conjunction CC lang:es 00:00:57 00:01:04 tt-1189 AM063_1992_CT_SU2012_CL_02 
"<uno>"
	"uno" Determiner CARD Singular lang:es 00:00:57 00:01:04 tt-1190 AM063_1992_CT_SU2012_CL_02 
"<no>"
	"no" Adverb NEG lang:es 00:00:57 00:01:04 tt-1191 AM063_1992_CT_SU2012_CL_02 
"<está>"
	"estar" Verb VEfin Pres Indi Sing 3rd lang:es 00:00:57 00:01:04 tt-1192 AM063_1992_CT_SU2012_CL_02 @Gram:SerEstar:Estar 
"<cómodo>"
	"cómodo" Adjective ADJ Singular lang:es 00:00:57 00:01:04 tt-1193 AM063_1992_CT_SU2012_CL_02 
"<al>"
	"al" Preposition PAL lang:es 00:00:57 00:01:04 tt-1194 AM063_1992_CT_SU2012_CL_02 @Gram:Prep 
"<principio>"
	"principio" Noun NC Singular lang:es 00:00:57 00:01:04 tt-1195 AM063_1992_CT_SU2012_CL_02 
"<,>"
	"," Punctuation CM lang:es 00:00:57 00:01:04 tt-1196 AM063_1992_CT_SU2012_CL_02 
"<pero>"
	"pero" Conjunction CCAD lang:es 00:00:57 00:01:04 tt-1197 AM063_1992_CT_SU2012_CL_02 @Prag:MarcadoresDisc:Revision 
"<sí>"
	"él" Pronoun PPX Singular lang:es 00:00:57 00:01:04 tt-1198 AM063_1992_CT_SU2012_CL_02 
"<se>"
	"se" Other SE lang:es 00:00:57 00:01:04 tt-1199 AM063_1992_CT_SU2012_CL_02 
"<extraña>"
	"extrañar" Verb VLfin Pres Indi Sing 3rd lang:es 00:00:57 00:01:04 tt-1200 AM063_1992_CT_SU2012_CL_02 
"<en>"
	"en" Preposition PREP lang:es 00:00:57 00:01:04 tt-1201 AM063_1992_CT_SU2012_CL_02 @Gram:Prep 
"<veces>"
	"vez" Noun NC Plural lang:es 00:00:57 00:01:04 tt-1202 AM063_1992_CT_SU2012_CL_02 
"<ese>"
	"ese" Determiner DM Singular lang:es 00:01:04 00:01:10 tt-1203 AM063_1992_CT_SU2012_CL_02 
"<sabor>"
	"sabor" Noun NC Singular lang:es 00:01:04 00:01:10 tt-1204 AM063_1992_CT_SU2012_CL_02 
"<,>"
	"," Punctuation CM lang:es 00:01:04 00:01:10 tt-1205 AM063_1992_CT_SU2012_CL_02 
"<esa>"
	"ese" Determiner DM Singular lang:es 00:01:04 00:01:10 tt-1206 AM063_1992_CT_SU2012_CL_02 
"<,>"
	"," Punctuation CM lang:es 00:01:04 00:01:10 tt-1207 AM063_1992_CT_SU2012_CL_02 
"<ese>"
	"ese" Determiner DM Singular lang:es 00:01:04 00:01:10 tt-1208 AM063_1992_CT_SU2012_CL_02 
"<ruido>"
	"ruido" Noun NC Singular lang:es 00:01:04 00:01:10 tt-1209 AM063_1992_CT_SU2012_CL_02 
"<,>"
	"," Punctuation CM lang:es 00:01:04 00:01:10 tt-1210 AM063_1992_CT_SU2012_CL_02 
"<esa>"
	"ese" Determiner DM Singular lang:es 00:01:04 00:01:10 tt-1211 AM063_1992_CT_SU2012_CL_02 
"<cultura>"
	"cultura" Noun NC Singular lang:es 00:01:04 00:01:10 tt-1212 AM063_1992_CT_SU2012_CL_02 
"<,>"
	"," Punctuation CM lang:es 00:01:04 00:01:10 tt-1213 AM063_1992_CT_SU2012_CL_02 
"<que>"
	"que" Conjunction CQUE lang:es 00:01:04 00:01:10 tt-1214 AM063_1992_CT_SU2012_CL_02 
"<en>"
	"en" Preposition PREP lang:es 00:01:04 00:01:10 tt-1215 AM063_1992_CT_SU2012_CL_02 @Gram:Prep 
"<veces>"
	"vez" Noun NC Plural lang:es 00:01:04 00:01:10 tt-1216 AM063_1992_CT_SU2012_CL_02 
"<no>"
	"no" Adverb NEG lang:es 00:01:04 00:01:10 tt-1217 AM063_1992_CT_SU2012_CL_02 
"<encuentra>"
	"encontrar" Verb VLfin Pres Indi Sing 3rd lang:es 00:01:04 00:01:10 tt-1218 AM063_1992_CT_SU2012_CL_02 
"<en>"
	"en" Preposition PREP lang:es 00:01:04 00:01:10 tt-1219 AM063_1992_CT_SU2012_CL_02 @Gram:Prep 
"<los>"
	"el" Determiner ART Plural Masc lang:es 00:01:04 00:01:10 tt-1220 AM063_1992_CT_SU2012_CL_02 @Gram:Det:Art 
"<Estados>"
	"Estados" Noun NP Plural lang:es 00:01:04 00:01:10 tt-1221 AM063_1992_CT_SU2012_CL_02 ID:184 R:Vocab:Entities:Geo:185 
"<Unidos>"
	"Unidos" Noun NP Plural lang:es 00:01:04 00:01:10 tt-1222 AM063_1992_CT_SU2012_CL_02 ID:185 
"<porque>"
	"porque" Conjunction CSUBX lang:es 00:01:10 00:01:13 tt-1223 AM063_1992_CT_SU2012_CL_02 @Prag:MarcadoresDisc:Causa 
"<hay>"
	"haber" Verb VHfin Pres Indi Sing 3rd lang:es 00:01:10 00:01:13 tt-1224 AM063_1992_CT_SU2012_CL_02 @Gram:Haber:Exist 
"<demasiado>"
	"demasiado" Adverb ADV lang:es 00:01:10 00:01:13 tt-1225 AM063_1992_CT_SU2012_CL_02 
"<cultura>"
	"cultura" Noun NC Singular lang:es 00:01:10 00:01:13 tt-1226 AM063_1992_CT_SU2012_CL_02 
"<en>"
	"en" Preposition PREP lang:es 00:01:10 00:01:13 tt-1227 AM063_1992_CT_SU2012_CL_02 @Gram:Prep 
"<los>"
	"el" Determiner ART Plural Masc lang:es 00:01:10 00:01:13 tt-1228 AM063_1992_CT_SU2012_CL_02 @Gram:Det:Art 
"<Estados>"
	"Estados" Noun NP Plural lang:es 00:01:10 00:01:13 tt-1229 AM063_1992_CT_SU2012_CL_02 ID:192 R:Vocab:Entities:Geo:193 
"<Unidos>"
	"Unidos" Noun NP Plural lang:es 00:01:10 00:01:13 tt-1230 AM063_1992_CT_SU2012_CL_02 ID:193 
"<$.>"
	"." Punctuation FS lang:es 00:01:10 00:01:13 tt-1231 AM063_1992_CT_SU2012_CL_02 
</speaker>
<speaker type="int">

"<$¿>"
	"¿" Punctuation FS lang:es 00:01:13 00:01:17 tt-1232 AM063_1992_CT_SU2012_CL_02 
"<Me>"
	"yo" Pronoun PPX Singular lang:es 00:01:13 00:01:17 tt-1233 AM063_1992_CT_SU2012_CL_02 @Gram:Pron:Objeto 
"<podrías>"
	"poder" Verb VLfin Cond Indi Sing 2nd lang:es 00:01:13 00:01:17 tt-1234 AM063_1992_CT_SU2012_CL_02 
"<contar>"
	"contar" Verb VLinf Infinitive lang:es 00:01:13 00:01:17 tt-1235 AM063_1992_CT_SU2012_CL_02 
"<un>"
	"un" Determiner ART Singular lang:es 00:01:13 00:01:17 tt-1236 AM063_1992_CT_SU2012_CL_02 ID:199 R:Gram:Det:DetCombi:200 
"<poquito>"
	"poco" Adjective ADJ Masc Singular lang:es 00:01:13 00:01:17 tt-1237 AM063_1992_CT_SU2012_CL_02 ID:200 
"<de>"
	"de" Preposition PREP lang:es 00:01:13 00:01:17 tt-1238 AM063_1992_CT_SU2012_CL_02 @Gram:Prep 
"<las>"
	"el" Determiner ART Plural Fem lang:es 00:01:13 00:01:17 tt-1239 AM063_1992_CT_SU2012_CL_02 @Gram:Det:Art 
"<diferencias>"
	"diferencia" Noun NC Plural lang:es 00:01:13 00:01:17 tt-1240 AM063_1992_CT_SU2012_CL_02 
"<que>"
	"que" Conjunction CQUE lang:es 00:01:13 00:01:17 tt-1241 AM063_1992_CT_SU2012_CL_02 
"<tú>"
	"tú" Pronoun PPX Singular lang:es 00:01:13 00:01:17 tt-1242 AM063_1992_CT_SU2012_CL_02 @Gram:Pron:Sujeto 
"<ves>"
	"ver" Verb VLfin Pres Indi Sing 2nd lang:es 00:01:13 00:01:17 tt-1243 AM063_1992_CT_SU2012_CL_02 
"<$?>"
	"?" Punctuation FS lang:es 00:01:13 00:01:17 tt-1244 AM063_1992_CT_SU2012_CL_02 
</speaker>
<speaker type="subj">

"<Bueno>"
	"bueno" Adjective ADJ Singular lang:es 00:01:17 00:01:23 tt-1245 AM063_1992_CT_SU2012_CL_02 
"<,>"
	"," Punctuation CM lang:es 00:01:17 00:01:23 tt-1246 AM063_1992_CT_SU2012_CL_02 
"<por>"
	"por" Preposition PREP lang:es 00:01:17 00:01:23 tt-1247 AM063_1992_CT_SU2012_CL_02 @Gram:Prep:Por ID:210 R:Prag:MarcadoresDisc:Igualdad:211 
"<ejemplo>"
	"ejemplo" Adverb ADV lang:es 00:01:17 00:01:23 tt-1248 AM063_1992_CT_SU2012_CL_02 ID:211 
"<,>"
	"," Punctuation CM lang:es 00:01:17 00:01:23 tt-1249 AM063_1992_CT_SU2012_CL_02 
"<no>"
	"no" Adverb NEG lang:es 00:01:17 00:01:23 tt-1250 AM063_1992_CT_SU2012_CL_02 
"<sé>"
	"saber|ser" Verb VLfin Pres Indi Sing 1st lang:es 00:01:17 00:01:23 tt-1251 AM063_1992_CT_SU2012_CL_02 
"<si>"
	"si" Conjunction CSUBX lang:es 00:01:17 00:01:23 tt-1252 AM063_1992_CT_SU2012_CL_02 
"<tiene>"
	"tener" Verb VMfin lang:es 00:01:17 00:01:23 tt-1253 AM063_1992_CT_SU2012_CL_02 
"<que>"
	"que" Verb VMfin lang:es 00:01:17 00:01:23 tt-1254 AM063_1992_CT_SU2012_CL_02 
"<ver>"
	"ver" Verb VLinf Infinitive lang:es 00:01:17 00:01:23 tt-1255 AM063_1992_CT_SU2012_CL_02 
"<tanto>"
	"tanto" Adverb ADV lang:es 00:01:17 00:01:23 tt-1256 AM063_1992_CT_SU2012_CL_02 
"<con>"
	"con" Preposition PREP lang:es 00:01:17 00:01:23 tt-1257 AM063_1992_CT_SU2012_CL_02 @Gram:Prep 
"<cultura>"
	"cultura" Noun NC Singular lang:es 00:01:17 00:01:23 tt-1258 AM063_1992_CT_SU2012_CL_02 
"<,>"
	"," Punctuation CM lang:es 00:01:17 00:01:23 tt-1259 AM063_1992_CT_SU2012_CL_02 
"<pero>"
	"pero" Conjunction CCAD lang:es 00:01:17 00:01:23 tt-1260 AM063_1992_CT_SU2012_CL_02 @Prag:MarcadoresDisc:Revision 
"<a>"
	"a" Preposition PREP lang:es 00:01:17 00:01:23 tt-1261 AM063_1992_CT_SU2012_CL_02 @Gram:Prep ID:224 R:Prag:MarcadoresDisc:Probabilidad:226 
"<lo>"
	"el" Determiner ART Singular lang:es 00:01:17 00:01:23 tt-1262 AM063_1992_CT_SU2012_CL_02 
"<mejor>"
	"bueno" Adjective ADJ Singular lang:es 00:01:17 00:01:23 tt-1263 AM063_1992_CT_SU2012_CL_02 ID:226 
"<sí>"
	"sí" Adverb ADV lang:es 00:01:23 00:01:28 tt-1264 AM063_1992_CT_SU2012_CL_02 
"<afecta>"
	"afectar" Verb VLfin Pres Indi Sing 3rd lang:es 00:01:23 00:01:28 tt-1265 AM063_1992_CT_SU2012_CL_02 
"<el>"
	"el" Determiner ART Singular Masc lang:es 00:01:23 00:01:28 tt-1266 AM063_1992_CT_SU2012_CL_02 @Gram:Det:Art 
"<estado>"
	"estado" Noun NC Singular lang:es 00:01:23 00:01:28 tt-1267 AM063_1992_CT_SU2012_CL_02 
"<de>"
	"de" Preposition PREP lang:es 00:01:23 00:01:28 tt-1268 AM063_1992_CT_SU2012_CL_02 @Gram:Prep 
"<ánimo>"
	"ánimo" Noun NC Singular lang:es 00:01:23 00:01:28 tt-1269 AM063_1992_CT_SU2012_CL_02 
"<$.>"
	"." Punctuation FS lang:es 00:01:23 00:01:28 tt-1270 AM063_1992_CT_SU2012_CL_02 

"<De>"
	"de" Preposition PREP lang:es 00:01:23 00:01:28 tt-1271 AM063_1992_CT_SU2012_CL_02 @Gram:Prep 
"<la>"
	"el" Determiner ART Singular Fem lang:es 00:01:23 00:01:28 tt-1272 AM063_1992_CT_SU2012_CL_02 @Gram:Det:Art 
"<gente>"
	"gente" Noun NC Singular lang:es 00:01:23 00:01:28 tt-1273 AM063_1992_CT_SU2012_CL_02 
"<cuando>"
	"cuando" Conjunction CSUBX lang:es 00:01:23 00:01:28 tt-1274 AM063_1992_CT_SU2012_CL_02 
"<van>"
	"ir" Verb VLfin Pres Indi Plural 3rd lang:es 00:01:23 00:01:28 tt-1275 AM063_1992_CT_SU2012_CL_02 
"<a>"
	"a" Preposition PREP lang:es 00:01:23 00:01:28 tt-1276 AM063_1992_CT_SU2012_CL_02 @Gram:Prep 
"<las>"
	"el" Determiner ART Plural Fem lang:es 00:01:23 00:01:28 tt-1277 AM063_1992_CT_SU2012_CL_02 @Gram:Det:Art 
"<fiestas>"
	"fiesta" Noun NC Plural lang:es 00:01:23 00:01:28 tt-1278 AM063_1992_CT_SU2012_CL_02 
"<,>"
	"," Punctuation CM lang:es 00:01:23 00:01:28 tt-1279 AM063_1992_CT_SU2012_CL_02 
"<es>"
	"ser" Verb VSfin Pres Indi Sing 3rd lang:es 00:01:23 00:01:28 tt-1280 AM063_1992_CT_SU2012_CL_02 @Gram:SerEstar:Ser 
"<que>"
	"que" Conjunction CQUE lang:es 00:01:23 00:01:28 tt-1281 AM063_1992_CT_SU2012_CL_02 
"<en>"
	"en" Preposition PREP lang:es 00:01:23 00:01:28 tt-1282 AM063_1992_CT_SU2012_CL_02 @Gram:Prep 
"<Estados>"
	"Estados" Noun NP Plural lang:es 00:01:23 00:01:28 tt-1283 AM063_1992_CT_SU2012_CL_02 ID:246 R:Vocab:Entities:Geo:247 
"<Unidos>"
	"Unidos" Noun NP Plural lang:es 00:01:28 00:01:34 tt-1284 AM063_1992_CT_SU2012_CL_02 ID:247 
"<primariamente>"
	"UNK" Adverb ADV lang:es 00:01:28 00:01:34 tt-1285 AM063_1992_CT_SU2012_CL_02 
"<necesitas>"
	"necesitar" Verb VLfin Pres Indi Sing 2nd lang:es 00:01:28 00:01:34 tt-1286 AM063_1992_CT_SU2012_CL_02 
"<un>"
	"un" Determiner ART Singular lang:es 00:01:28 00:01:34 tt-1287 AM063_1992_CT_SU2012_CL_02 
"<automóvil>"
	"automóvil" Noun NC Singular lang:es 00:01:28 00:01:34 tt-1288 AM063_1992_CT_SU2012_CL_02 
"<$.>"
	"." Punctuation FS lang:es 00:01:28 00:01:34 tt-1289 AM063_1992_CT_SU2012_CL_02 

"<Sin>"
	"sin" Preposition PREP lang:es 00:01:28 00:01:34 tt-1290 AM063_1992_CT_SU2012_CL_02 @Gram:Prep 
"<eso>"
	"ese" Determiner DM Singular lang:es 00:01:28 00:01:34 tt-1291 AM063_1992_CT_SU2012_CL_02 @Gram:Det:Demo 
"<,>"
	"," Punctuation CM lang:es 00:01:28 00:01:34 tt-1292 AM063_1992_CT_SU2012_CL_02 
"<no>"
	"no" Adverb NEG lang:es 00:01:28 00:01:34 tt-1293 AM063_1992_CT_SU2012_CL_02 
"<te>"
	"tú" Pronoun PPX Singular lang:es 00:01:28 00:01:34 tt-1294 AM063_1992_CT_SU2012_CL_02 @Gram:Pron:Objeto 
"<puedes>"
	"poder" Verb VLfin Pres Indi Sing 2nd lang:es 00:01:28 00:01:34 tt-1295 AM063_1992_CT_SU2012_CL_02 
"<mover>"
	"mover" Verb VLinf Infinitive lang:es 00:01:28 00:01:34 tt-1296 AM063_1992_CT_SU2012_CL_02 
"<tanto>"
	"tanto" Adverb ADV lang:es 00:01:28 00:01:34 tt-1297 AM063_1992_CT_SU2012_CL_02 
"<,>"
	"," Punctuation CM lang:es 00:01:28 00:01:34 tt-1298 AM063_1992_CT_SU2012_CL_02 
"<y>"
	"y" Conjunciton Conjunction CC lang:es 00:01:28 00:01:34 tt-1299 AM063_1992_CT_SU2012_CL_02 
"<llegas>"
	"llegar" Verb VLfin Pres Indi Sing 2nd lang:es 00:01:28 00:01:34 tt-1300 AM063_1992_CT_SU2012_CL_02 
"<a>"
	"a" Preposition PREP lang:es 00:01:28 00:01:34 tt-1301 AM063_1992_CT_SU2012_CL_02 @Gram:Prep 
"<México>"
	"México" Noun NP Singular lang:es 00:01:34 00:01:41 tt-1302 AM063_1992_CT_SU2012_CL_02 
"<,>"
	"," Punctuation CM lang:es 00:01:34 00:01:41 tt-1303 AM063_1992_CT_SU2012_CL_02 
"<celebras>"
	"UNK" Verb VLfin Pres Indi Sing 2nd lang:es 00:01:34 00:01:41 tt-1304 AM063_1992_CT_SU2012_CL_02 
"<por>"
	"por" Preposition PREP lang:es 00:01:34 00:01:41 tt-1305 AM063_1992_CT_SU2012_CL_02 @Gram:Prep:Por ID:268 R:Prag:MarcadoresDisc:Igualdad:269 
"<ejemplo>"
	"ejemplo" Adverb ADV lang:es 00:01:34 00:01:41 tt-1306 AM063_1992_CT_SU2012_CL_02 ID:269 
"<,>"
	"," Punctuation CM lang:es 00:01:34 00:01:41 tt-1307 AM063_1992_CT_SU2012_CL_02 
"<Navidad>"
	"navidad" Noun NC Singular lang:es 00:01:34 00:01:41 tt-1308 AM063_1992_CT_SU2012_CL_02 
"<o>"
	"o" Conjunciton Conjunction CC lang:es 00:01:34 00:01:41 tt-1309 AM063_1992_CT_SU2012_CL_02 
"<algún>"
	"alguno" Determiner QU lang:es 00:01:34 00:01:41 tt-1310 AM063_1992_CT_SU2012_CL_02 @Gram:Det:CuantIndef 
"<tipo>"
	"tipo" Noun NC Singular lang:es 00:01:34 00:01:41 tt-1311 AM063_1992_CT_SU2012_CL_02 
"<de>"
	"de" Preposition PREP lang:es 00:01:34 00:01:41 tt-1312 AM063_1992_CT_SU2012_CL_02 @Gram:Prep 
"<celebración>"
	"celebración" Noun NC Singular lang:es 00:01:34 00:01:41 tt-1313 AM063_1992_CT_SU2012_CL_02 
"<chica>"
	"chico" Adjective ADJ Singular lang:es 00:01:34 00:01:41 tt-1314 AM063_1992_CT_SU2012_CL_02 
"<y>"
	"y" Conjunciton Conjunction CC lang:es 00:01:34 00:01:41 tt-1315 AM063_1992_CT_SU2012_CL_02 
"<no>"
	"no" Adverb NEG lang:es 00:01:34 00:01:41 tt-1316 AM063_1992_CT_SU2012_CL_02 
"<tienes>"
	"tener" Verb VLfin Pres Indi Sing 2nd lang:es 00:01:34 00:01:41 tt-1317 AM063_1992_CT_SU2012_CL_02 
"<que>"
	"que" Conjunction CQUE lang:es 00:01:34 00:01:41 tt-1318 AM063_1992_CT_SU2012_CL_02 
"<manejar>"
	"manejar" Verb VLinf Infinitive lang:es 00:01:44 00:01:50 tt-1319 AM063_1992_CT_SU2012_CL_02 
"<tantas>"
	"tanto" Determiner QU lang:es 00:01:44 00:01:50 tt-1320 AM063_1992_CT_SU2012_CL_02 @Gram:Det:CuantIndef 
"<líneas>"
	"línea" Noun NC Plural lang:es 00:01:44 00:01:50 tt-1321 AM063_1992_CT_SU2012_CL_02 
"<para>"
	"para" Preposition PREP lang:es 00:01:44 00:01:50 tt-1322 AM063_1992_CT_SU2012_CL_02 @Gram:Prep:Para 
"<verlos>"
	"ver" Verb VLinf Infinitive lang:es 00:01:44 00:01:50 tt-1323 AM063_1992_CT_SU2012_CL_02 
"<puedes>"
	"poder" Verb VLfin Pres Indi Sing 2nd lang:es 00:01:44 00:01:50 tt-1324 AM063_1992_CT_SU2012_CL_02 
"<ir>"
	"ir" Verb VLinf Infinitive lang:es 00:01:44 00:01:50 tt-1325 AM063_1992_CT_SU2012_CL_02 
"<a>"
	"a" Preposition PREP lang:es 00:01:44 00:01:50 tt-1326 AM063_1992_CT_SU2012_CL_02 @Gram:Prep 
"<cruzar>"
	"cruzar" Verb VLinf Infinitive lang:es 00:01:44 00:01:50 tt-1327 AM063_1992_CT_SU2012_CL_02 
"<,>"
	"," Punctuation CM lang:es 00:01:44 00:01:50 tt-1328 AM063_1992_CT_SU2012_CL_02 
"<a>"
	"a" Preposition PREP lang:es 00:01:44 00:01:50 tt-1329 AM063_1992_CT_SU2012_CL_02 @Gram:Prep 
"<caminar>"
	"caminar" Verb VLinf Infinitive lang:es 00:01:44 00:01:50 tt-1330 AM063_1992_CT_SU2012_CL_02 
"<,>"
	"," Punctuation CM lang:es 00:01:44 00:01:50 tt-1331 AM063_1992_CT_SU2012_CL_02 
"<ir>"
	"ir" Verb VLinf Infinitive lang:es 00:01:44 00:01:50 tt-1332 AM063_1992_CT_SU2012_CL_02 
"<de>"
	"de" Preposition PREP lang:es 00:01:44 00:01:50 tt-1333 AM063_1992_CT_SU2012_CL_02 @Gram:Prep 
"<paso>"
	"paso" Noun NC Singular lang:es 00:01:44 00:01:50 tt-1334 AM063_1992_CT_SU2012_CL_02 
"<si>"
	"si" Conjunction CSUBX lang:es 00:01:44 00:01:50 tt-1335 AM063_1992_CT_SU2012_CL_02 
"<caminas>"
	"caminar" Verb VLfin Pres Indi Sing 2nd lang:es 00:01:44 00:01:50 tt-1336 AM063_1992_CT_SU2012_CL_02 
"<a>"
	"a" Preposition PREP lang:es 00:01:50 00:01:55 tt-1337 AM063_1992_CT_SU2012_CL_02 @Gram:Prep 
"<una>"
	"un" Determiner ART Singular lang:es 00:01:50 00:01:55 tt-1338 AM063_1992_CT_SU2012_CL_02 
"<casa>"
	"casa" Noun NC Singular lang:es 00:01:50 00:01:55 tt-1339 AM063_1992_CT_SU2012_CL_02 
"<cerca>"
	"cerca" Adverb ADV lang:es 00:01:50 00:01:55 tt-1340 AM063_1992_CT_SU2012_CL_02 
"<$.>"
	"." Punctuation FS lang:es 00:01:50 00:01:55 tt-1341 AM063_1992_CT_SU2012_CL_02 

"<Puedes>"
	"poder" Verb VLfin Pres Indi Sing 2nd lang:es 00:01:50 00:01:55 tt-1342 AM063_1992_CT_SU2012_CL_02 
"<andar>"
	"andar" Verb VLinf Infinitive lang:es 00:01:50 00:01:55 tt-1343 AM063_1992_CT_SU2012_CL_02 
"<con>"
	"con" Preposition PREP lang:es 00:01:50 00:01:55 tt-1344 AM063_1992_CT_SU2012_CL_02 @Gram:Prep 
"<alguien>"
	"UNK" Noun NC Singular lang:es 00:01:50 00:01:55 tt-1345 AM063_1992_CT_SU2012_CL_02 
"<más>"
	"más" Adverb ADV lang:es 00:01:50 00:01:55 tt-1346 AM063_1992_CT_SU2012_CL_02 
"<caminando>"
	"caminar" Verb VLger lang:es 00:01:50 00:01:55 tt-1347 AM063_1992_CT_SU2012_CL_02 
"<y>"
	"y" Conjunciton Conjunction CC lang:es 00:01:50 00:01:55 tt-1348 AM063_1992_CT_SU2012_CL_02 
"<hablando>"
	"hablar" Verb VLger lang:es 00:01:50 00:01:55 tt-1349 AM063_1992_CT_SU2012_CL_02 ID:312 R:Vocab:Fraseol:VerbPrep:313 
"<a>"
	"a" Preposition PREP lang:es 00:01:50 00:01:55 tt-1350 AM063_1992_CT_SU2012_CL_02 @Gram:Prep ID:313 
"<la>"
	"el" Determiner ART Singular Fem lang:es 00:01:50 00:01:55 tt-1351 AM063_1992_CT_SU2012_CL_02 @Gram:Det:Art 
"<misma>"
	"mismo" Adjective ADJ Singular lang:es 00:01:50 00:01:55 tt-1352 AM063_1992_CT_SU2012_CL_02 
"<vez>"
	"vez" Noun NC Singular lang:es 00:01:50 00:01:55 tt-1353 AM063_1992_CT_SU2012_CL_02 
"<en>"
	"en" Preposition PREP lang:es 00:01:50 00:01:55 tt-1354 AM063_1992_CT_SU2012_CL_02 @Gram:Prep 
"<vez>"
	"vez" Noun NC Singular lang:es 00:01:50 00:01:55 tt-1355 AM063_1992_CT_SU2012_CL_02 
"<de>"
	"de" Preposition PREP lang:es 00:01:55 00:01:56 tt-1356 AM063_1992_CT_SU2012_CL_02 @Gram:Prep 
"<andar>"
	"andar" Verb VLinf Infinitive lang:es 00:01:55 00:01:56 tt-1357 AM063_1992_CT_SU2012_CL_02 
"<en>"
	"en" Preposition PREP lang:es 00:01:55 00:01:56 tt-1358 AM063_1992_CT_SU2012_CL_02 @Gram:Prep 
"<un>"
	"un" Determiner ART Singular lang:es 00:01:55 00:01:56 tt-1359 AM063_1992_CT_SU2012_CL_02 
"<celular>"
	"celular" Adjective ADJ Singular lang:es 00:01:55 00:01:56 tt-1360 AM063_1992_CT_SU2012_CL_02 
"<$.>"
	"." Punctuation FS lang:es 00:01:55 00:01:56 tt-1361 AM063_1992_CT_SU2012_CL_02 
</speaker>
</text>

