<text id="AM063_1992_CT_SU2012_CL_04">
<speaker type="subj">
"<La>"
	"el" Determiner ART Singular Fem lang:es 00:00:00 00:00:05 tt-2118 AM063_1992_CT_SU2012_CL_04 @Gram:Det:Art ADD:395 
"<importancia>"
	"importancia" Noun NC Singular lang:es 00:00:00 00:00:05 tt-2119 AM063_1992_CT_SU2012_CL_04 
"<del>"
	"del" Preposition PDEL lang:es 00:00:00 00:00:05 tt-2120 AM063_1992_CT_SU2012_CL_04 @Gram:Prep ADD:580 
"<español>"
	"español" Noun NC Singular lang:es 00:00:00 00:00:05 tt-2121 AM063_1992_CT_SU2012_CL_04 
"<,>"
	"," Punctuation CM lang:es 00:00:00 00:00:05 tt-2122 AM063_1992_CT_SU2012_CL_04 
"<no>"
	"no" Adverb NEG lang:es 00:00:00 00:00:05 tt-2123 AM063_1992_CT_SU2012_CL_04 
"<,>"
	"," Punctuation CM lang:es 00:00:00 00:00:05 tt-2124 AM063_1992_CT_SU2012_CL_04 
"<no>"
	"no" Adverb NEG lang:es 00:00:00 00:00:05 tt-2125 AM063_1992_CT_SU2012_CL_04 
"<más>"
	"más" Adverb ADV lang:es 00:00:00 00:00:05 tt-2126 AM063_1992_CT_SU2012_CL_04 
"<el>"
	"el" Determiner ART Singular Masc lang:es 00:00:00 00:00:05 tt-2127 AM063_1992_CT_SU2012_CL_04 @Gram:Det:Art ADD:395 
"<español>"
	"español" Noun NC Singular lang:es 00:00:00 00:00:05 tt-2128 AM063_1992_CT_SU2012_CL_04 
"<,>"
	"," Punctuation CM lang:es 00:00:00 00:00:05 tt-2129 AM063_1992_CT_SU2012_CL_04 
"<sino>"
	"sino" Conjunction CCAD lang:es 00:00:00 00:00:05 tt-2130 AM063_1992_CT_SU2012_CL_04 
"<de>"
	"de" Conjunction CSUBI lang:es 00:00:00 00:00:05 tt-2131 AM063_1992_CT_SU2012_CL_04 
"<aprender>"
	"aprender" Verb VLinf Infinitive lang:es 00:00:00 00:00:05 tt-2132 AM063_1992_CT_SU2012_CL_04 SUBSTITUTE:309 
"<otro>"
	"otro" Determiner QU lang:es 00:00:00 00:00:05 tt-2133 AM063_1992_CT_SU2012_CL_04 
"<lenguaje>"
	"lenguaje" Noun NC Singular lang:es 00:00:00 00:00:05 tt-2134 AM063_1992_CT_SU2012_CL_04 
"<es>"
	"ser" Verb VSfin Pres Indi Sing 3rd lang:es 00:00:05 00:00:11 tt-2135 AM063_1992_CT_SU2012_CL_04 @Gram:SerEstar:Ser ADD:769 
"<muy>"
	"muy" Adverb ADV lang:es 00:00:05 00:00:11 tt-2136 AM063_1992_CT_SU2012_CL_04 
"<importante>"
	"importante" Adjective ADJ Singular lang:es 00:00:05 00:00:11 tt-2137 AM063_1992_CT_SU2012_CL_04 
"<porque>"
	"porque" Conjunction CSUBX lang:es 00:00:05 00:00:11 tt-2138 AM063_1992_CT_SU2012_CL_04 @Prag:MarcadoresDisc:Causa ADD:1051 
"<si>"
	"si" Conjunction CSUBX lang:es 00:00:05 00:00:11 tt-2139 AM063_1992_CT_SU2012_CL_04 
"<te>"
	"tú" Pronoun PPX Singular lang:es 00:00:05 00:00:11 tt-2140 AM063_1992_CT_SU2012_CL_04 @Gram:Pron:Objeto ADD:614 
"<limitas>"
	"UNK" Verb VLfin Pres Indi Sing 2nd lang:es 00:00:05 00:00:11 tt-2141 AM063_1992_CT_SU2012_CL_04 
"<a>"
	"a" Preposition PREP lang:es 00:00:05 00:00:11 tt-2142 AM063_1992_CT_SU2012_CL_04 @Gram:Prep ADD:580 
"<solo>"
	"solo" Adjective ADJ Singular lang:es 00:00:05 00:00:11 tt-2143 AM063_1992_CT_SU2012_CL_04 
"<un>"
	"un" Determiner ART Singular lang:es 00:00:05 00:00:11 tt-2144 AM063_1992_CT_SU2012_CL_04 
"<lenguaje>"
	"lenguaje" Noun NC Singular lang:es 00:00:05 00:00:11 tt-2145 AM063_1992_CT_SU2012_CL_04 
"<,>"
	"," Punctuation CM lang:es 00:00:05 00:00:11 tt-2146 AM063_1992_CT_SU2012_CL_04 
"<te>"
	"tú" Pronoun PPX Singular lang:es 00:00:05 00:00:11 tt-2147 AM063_1992_CT_SU2012_CL_04 @Gram:Pron:Objeto ADD:614 
"<limitas>"
	"UNK" Verb VLfin Pres Indi Sing 2nd lang:es 00:00:05 00:00:11 tt-2148 AM063_1992_CT_SU2012_CL_04 
"<a>"
	"a" Preposition PREP lang:es 00:00:05 00:00:11 tt-2149 AM063_1992_CT_SU2012_CL_04 @Gram:Prep ADD:580 
"<la>"
	"el" Determiner ART Singular Fem lang:es 00:00:05 00:00:11 tt-2150 AM063_1992_CT_SU2012_CL_04 @Gram:Det:Art ADD:395 
"<comunicación>"
	"comunicación" Noun NC Singular lang:es 00:00:05 00:00:11 tt-2151 AM063_1992_CT_SU2012_CL_04 
"<con>"
	"con" Preposition PREP lang:es 00:00:11 00:00:12 tt-2152 AM063_1992_CT_SU2012_CL_04 @Gram:Prep ADD:580 
"<los>"
	"el" Determiner ART Plural Masc lang:es 00:00:11 00:00:12 tt-2153 AM063_1992_CT_SU2012_CL_04 @Gram:Det:Art ID:36 R:Gram:Det:DetCombi:37 ADD:395 ADDRELATION(Gram:Det:DetCombi):453 
"<demás>"
	"demás" Determiner QU lang:es 00:00:11 00:00:12 tt-2154 AM063_1992_CT_SU2012_CL_04 ID:37 
"<$.>"
	"." Punctuation FS lang:es 00:00:11 00:00:12 tt-2155 AM063_1992_CT_SU2012_CL_04 
</speaker>
<speaker type="int">

"<Muy>"
	"muy" Adverb ADV lang:es 00:00:12 00:00:17 tt-2156 AM063_1992_CT_SU2012_CL_04 
"<bien>"
	"bien" Adverb ADV lang:es 00:00:12 00:00:17 tt-2157 AM063_1992_CT_SU2012_CL_04 
"<,>"
	"," Punctuation CM lang:es 00:00:12 00:00:17 tt-2158 AM063_1992_CT_SU2012_CL_04 
"<y>"
	"y" Other ALFS lang:es 00:00:12 00:00:17 tt-2159 AM063_1992_CT_SU2012_CL_04 
"<$¿>"
	"¿" Punctuation FS lang:es 00:00:12 00:00:17 tt-2160 AM063_1992_CT_SU2012_CL_04 
"<alguna>"
	"alguno" Determiner QU lang:es 00:00:12 00:00:17 tt-2161 AM063_1992_CT_SU2012_CL_04 @Gram:Det:CuantIndef ADD:442 
"<vez>"
	"vez" Noun NC Singular lang:es 00:00:12 00:00:17 tt-2162 AM063_1992_CT_SU2012_CL_04 
"<has>"
	"haber" Verb VHfin Pres Indi Sing 2nd lang:es 00:00:12 00:00:17 tt-2163 AM063_1992_CT_SU2012_CL_04 ID:46 R:Gram:Aux:Haber:47 R:Gram:PerfPerif:47 ADDRELATION():661 
"<evitado>"
	"evitar" Verb VLadj lang:es 00:00:12 00:00:17 tt-2164 AM063_1992_CT_SU2012_CL_04 ID:47 
"<,>"
	"," Punctuation CM lang:es 00:00:12 00:00:17 tt-2165 AM063_1992_CT_SU2012_CL_04 
"<por>"
	"por" Preposition PREP lang:es 00:00:12 00:00:17 tt-2166 AM063_1992_CT_SU2012_CL_04 @Gram:Prep:Por ID:49 R:Prag:MarcadoresDisc:Igualdad:50 SUBSTITUTE:251 ADD:561 ADDRELATION(Prag:MarcadoresDisc:Igualdad):1088 
"<ejemplo>"
	"ejemplo" Adverb ADV lang:es 00:00:12 00:00:17 tt-2167 AM063_1992_CT_SU2012_CL_04 ID:50 
"<,>"
	"," Punctuation CM lang:es 00:00:12 00:00:17 tt-2168 AM063_1992_CT_SU2012_CL_04 
"<hablar>"
	"hablar" Verb VLinf Infinitive lang:es 00:00:12 00:00:17 tt-2169 AM063_1992_CT_SU2012_CL_04 SUBSTITUTE:309 
"<español>"
	"español" Noun NC Singular lang:es 00:00:12 00:00:17 tt-2170 AM063_1992_CT_SU2012_CL_04 
"<para>"
	"para" Preposition PREP lang:es 00:00:12 00:00:17 tt-2171 AM063_1992_CT_SU2012_CL_04 @Gram:Prep:Para SUBSTITUTE:325 ADD:537 
"<que>"
	"que" Conjunction CQUE lang:es 00:00:12 00:00:17 tt-2172 AM063_1992_CT_SU2012_CL_04 
"<otras>"
	"otro" Determiner QU lang:es 00:00:12 00:00:17 tt-2173 AM063_1992_CT_SU2012_CL_04 
"<personas>"
	"persona" Noun NC Plural lang:es 00:00:17 00:00:20 tt-2174 AM063_1992_CT_SU2012_CL_04 
"<no>"
	"no" Adverb NEG lang:es 00:00:17 00:00:20 tt-2175 AM063_1992_CT_SU2012_CL_04 
"<te>"
	"tú" Pronoun PPX Singular lang:es 00:00:17 00:00:20 tt-2176 AM063_1992_CT_SU2012_CL_04 @Gram:Pron:Objeto ADD:614 
"<discriminen>"
	"UNK" Verb VLfin Past Subj Plural 3rd lang:es 00:00:17 00:00:20 tt-2177 AM063_1992_CT_SU2012_CL_04 @Gram:MSub:Pret ADD:739 
"<$?>"
	"?" Punctuation FS lang:es 00:00:17 00:00:20 tt-2178 AM063_1992_CT_SU2012_CL_04 
</speaker>
<speaker type="subj">

"<No>"
	"no" Adverb NEG lang:es 00:00:20 00:00:24 tt-2179 AM063_1992_CT_SU2012_CL_04 
"<,>"
	"," Punctuation CM lang:es 00:00:20 00:00:24 tt-2180 AM063_1992_CT_SU2012_CL_04 
"<no>"
	"no" Adverb NEG lang:es 00:00:20 00:00:24 tt-2181 AM063_1992_CT_SU2012_CL_04 
"<he>"
	"haber" Verb VHfin Pres Indi Sing 1st lang:es 00:00:20 00:00:24 tt-2182 AM063_1992_CT_SU2012_CL_04 @Gram:Haber:Exist ADD:785 
"<,>"
	"," Punctuation CM lang:es 00:00:20 00:00:24 tt-2183 AM063_1992_CT_SU2012_CL_04 
"<nunca>"
	"nunca" Adverb ADV lang:es 00:00:20 00:00:24 tt-2184 AM063_1992_CT_SU2012_CL_04 
"<he>"
	"haber" Verb VHfin Pres Indi Sing 1st lang:es 00:00:20 00:00:24 tt-2185 AM063_1992_CT_SU2012_CL_04 ID:68 R:Gram:Aux:Haber:69 R:Gram:PerfPerif:69 ADDRELATION():661 
"<intentado>"
	"intentar" Verb VLadj lang:es 00:00:20 00:00:24 tt-2186 AM063_1992_CT_SU2012_CL_04 ID:69 
"<eso>"
	"ese" Determiner DM Singular lang:es 00:00:20 00:00:24 tt-2187 AM063_1992_CT_SU2012_CL_04 
"<,>"
	"," Punctuation CM lang:es 00:00:20 00:00:24 tt-2188 AM063_1992_CT_SU2012_CL_04 
"<es>"
	"ser" Verb VSfin Pres Indi Sing 3rd lang:es 00:00:20 00:00:24 tt-2189 AM063_1992_CT_SU2012_CL_04 @Gram:SerEstar:Ser ADD:769 
"<más>"
	"más" Adverb ADV lang:es 00:00:20 00:00:24 tt-2190 AM063_1992_CT_SU2012_CL_04 
"<,>"
	"," Punctuation CM lang:es 00:00:20 00:00:24 tt-2191 AM063_1992_CT_SU2012_CL_04 
"<la>"
	"el" Determiner ART Singular Fem lang:es 00:00:20 00:00:24 tt-2192 AM063_1992_CT_SU2012_CL_04 @Gram:Det:Art ADD:395 
"<única>"
	"único" Adjective ADJ Singular lang:es 00:00:20 00:00:24 tt-2193 AM063_1992_CT_SU2012_CL_04 
"<vez>"
	"vez" Noun NC Singular lang:es 00:00:20 00:00:24 tt-2194 AM063_1992_CT_SU2012_CL_04 
"<que>"
	"que" Conjunction CQUE lang:es 00:00:20 00:00:24 tt-2195 AM063_1992_CT_SU2012_CL_04 
"<,>"
	"," Punctuation CM lang:es 00:00:20 00:00:24 tt-2196 AM063_1992_CT_SU2012_CL_04 
"<en>"
	"en" Preposition PREP lang:es 00:00:20 00:00:24 tt-2197 AM063_1992_CT_SU2012_CL_04 @Gram:Prep ADD:580 
"<veces>"
	"vez" Noun NC Plural lang:es 00:00:20 00:00:24 tt-2198 AM063_1992_CT_SU2012_CL_04 
"<intento>"
	"intento" Noun NC Singular lang:es 00:00:20 00:00:24 tt-2199 AM063_1992_CT_SU2012_CL_04 
"<de>"
	"de" Conjunction CSUBI lang:es 00:00:24 00:00:30 tt-2200 AM063_1992_CT_SU2012_CL_04 
"<evitar>"
	"evitar" Verb VLinf Infinitive lang:es 00:00:24 00:00:30 tt-2201 AM063_1992_CT_SU2012_CL_04 SUBSTITUTE:309 
"<hablar>"
	"hablar" Verb VLinf Infinitive lang:es 00:00:24 00:00:30 tt-2202 AM063_1992_CT_SU2012_CL_04 SUBSTITUTE:309 
"<el>"
	"el" Determiner ART Singular Masc lang:es 00:00:24 00:00:30 tt-2203 AM063_1992_CT_SU2012_CL_04 @Gram:Det:Art ADD:395 
"<español>"
	"español" Noun NC Singular lang:es 00:00:24 00:00:30 tt-2204 AM063_1992_CT_SU2012_CL_04 
"<es>"
	"ser" Verb VSfin Pres Indi Sing 3rd lang:es 00:00:24 00:00:30 tt-2205 AM063_1992_CT_SU2012_CL_04 @Gram:SerEstar:Ser ADD:769 
"<cuando>"
	"cuando" Conjunction CSUBX lang:es 00:00:24 00:00:30 tt-2206 AM063_1992_CT_SU2012_CL_04 
"<la>"
	"el" Determiner ART Singular Fem lang:es 00:00:24 00:00:30 tt-2207 AM063_1992_CT_SU2012_CL_04 @Gram:Det:Art ADD:395 
"<gente>"
	"gente" Noun NC Singular lang:es 00:00:24 00:00:30 tt-2208 AM063_1992_CT_SU2012_CL_04 
"<no>"
	"no" Adverb NEG lang:es 00:00:24 00:00:30 tt-2209 AM063_1992_CT_SU2012_CL_04 
"<sabe>"
	"saber" Verb VLfin Pres Indi Sing 3rd lang:es 00:00:24 00:00:30 tt-2210 AM063_1992_CT_SU2012_CL_04 
"<que>"
	"que" Conjunction CQUE lang:es 00:00:24 00:00:30 tt-2211 AM063_1992_CT_SU2012_CL_04 
"<soy>"
	"ser" Verb VSfin Pres Indi Sing 1st lang:es 00:00:24 00:00:30 tt-2212 AM063_1992_CT_SU2012_CL_04 @Gram:SerEstar:Ser ADD:769 
"<mexicano>"
	"mexicano" Adjective ADJ Singular lang:es 00:00:24 00:00:30 tt-2213 AM063_1992_CT_SU2012_CL_04 
"<,>"
	"," Punctuation CM lang:es 00:00:24 00:00:30 tt-2214 AM063_1992_CT_SU2012_CL_04 
"<piensan>"
	"pensar" Verb VLfin Pres Indi Plural 3rd lang:es 00:00:24 00:00:30 tt-2215 AM063_1992_CT_SU2012_CL_04 
"<que>"
	"que" Conjunction CQUE lang:es 00:00:24 00:00:30 tt-2216 AM063_1992_CT_SU2012_CL_04 
"<soy>"
	"ser" Verb VSfin Pres Indi Sing 1st lang:es 00:00:30 00:00:36 tt-2217 AM063_1992_CT_SU2012_CL_04 @Gram:SerEstar:Ser ADD:769 
"<de>"
	"de" Preposition PREP lang:es 00:00:30 00:00:36 tt-2218 AM063_1992_CT_SU2012_CL_04 @Gram:Prep ADD:580 
"<otra>"
	"otro" Determiner QU lang:es 00:00:30 00:00:36 tt-2219 AM063_1992_CT_SU2012_CL_04 
"<cultura>"
	"cultura" Noun NC Singular lang:es 00:00:30 00:00:36 tt-2220 AM063_1992_CT_SU2012_CL_04 
"<$.>"
	"." Punctuation FS lang:es 00:00:30 00:00:36 tt-2221 AM063_1992_CT_SU2012_CL_04 

"<No>"
	"no" Adverb NEG lang:es 00:00:30 00:00:36 tt-2222 AM063_1992_CT_SU2012_CL_04 
"<más>"
	"más" Adverb ADV lang:es 00:00:30 00:00:36 tt-2223 AM063_1992_CT_SU2012_CL_04 
"<por>"
	"por" Preposition PREP lang:es 00:00:30 00:00:36 tt-2224 AM063_1992_CT_SU2012_CL_04 @Gram:Prep:Por SUBSTITUTE:251 ADD:574 
"<ser>"
	"ser" Verb VLinf VSinf Infinitive lang:es 00:00:30 00:00:36 tt-2225 AM063_1992_CT_SU2012_CL_04 @Gram:SerEstar:Ser SUBSTITUTE:309 ADD:769 
"<por>"
	"por" Preposition PREP lang:es 00:00:30 00:00:36 tt-2226 AM063_1992_CT_SU2012_CL_04 @Gram:Prep:Por SUBSTITUTE:251 ADD:574 
"<mi>"
	"mío" Pronoun PPO Singular lang:es 00:00:30 00:00:36 tt-2227 AM063_1992_CT_SU2012_CL_04 @Gram:Det:Pos ADD:425 
"<apariencia>"
	"apariencia" Noun NC Singular lang:es 00:00:30 00:00:36 tt-2228 AM063_1992_CT_SU2012_CL_04 
"<,>"
	"," Punctuation CM lang:es 00:00:30 00:00:36 tt-2229 AM063_1992_CT_SU2012_CL_04 
"<y>"
	"y" Conjunction CC lang:es 00:00:30 00:00:36 tt-2230 AM063_1992_CT_SU2012_CL_04 
"<luego>"
	"luego" Adverb ADV lang:es 00:00:30 00:00:36 tt-2231 AM063_1992_CT_SU2012_CL_04 
"<,>"
	"," Punctuation CM lang:es 00:00:30 00:00:36 tt-2232 AM063_1992_CT_SU2012_CL_04 
"<y>"
	"y" Conjunction CC lang:es 00:00:30 00:00:36 tt-2233 AM063_1992_CT_SU2012_CL_04 
"<tratan>"
	"tratar" Verb VLfin Pres Indi Plural 3rd lang:es 00:00:30 00:00:36 tt-2234 AM063_1992_CT_SU2012_CL_04 
"<de>"
	"de" Preposition PREP lang:es 00:00:30 00:00:36 tt-2235 AM063_1992_CT_SU2012_CL_04 @Gram:Prep ADD:580 
"<hablarme>"
	"UNK" Verb VLinf Infinitive lang:es 00:00:30 00:00:36 tt-2236 AM063_1992_CT_SU2012_CL_04 
"<en>"
	"en" Preposition PREP lang:es 00:00:36 00:00:42 tt-2237 AM063_1992_CT_SU2012_CL_04 @Gram:Prep ADD:580 
"<español>"
	"español" Noun NC Singular lang:es 00:00:36 00:00:42 tt-2238 AM063_1992_CT_SU2012_CL_04 
"<en>"
	"en" Preposition PREP lang:es 00:00:36 00:00:42 tt-2239 AM063_1992_CT_SU2012_CL_04 @Gram:Prep ADD:580 
"<veces>"
	"vez" Noun NC Plural lang:es 00:00:36 00:00:42 tt-2240 AM063_1992_CT_SU2012_CL_04 
"<hablando>"
	"hablar" Verb VLger lang:es 00:00:36 00:00:42 tt-2241 AM063_1992_CT_SU2012_CL_04 
"<mal>"
	"mal" Adverb ADV lang:es 00:00:36 00:00:42 tt-2242 AM063_1992_CT_SU2012_CL_04 
"<y>"
	"y" Conjunction CC lang:es 00:00:36 00:00:42 tt-2243 AM063_1992_CT_SU2012_CL_04 
"<allí>"
	"allí" Adverb ADV lang:es 00:00:36 00:00:42 tt-2244 AM063_1992_CT_SU2012_CL_04 
"<es>"
	"ser" Verb VSfin Pres Indi Sing 3rd lang:es 00:00:36 00:00:42 tt-2245 AM063_1992_CT_SU2012_CL_04 @Gram:SerEstar:Ser ADD:769 
"<cuando>"
	"cuando" Conjunction CSUBX lang:es 00:00:36 00:00:42 tt-2246 AM063_1992_CT_SU2012_CL_04 
"<yo>"
	"yo" Pronoun PPX Singular lang:es 00:00:36 00:00:42 tt-2247 AM063_1992_CT_SU2012_CL_04 @Gram:Pron:Sujeto ADD:590 
"<no>"
	"no" Adverb NEG lang:es 00:00:36 00:00:42 tt-2248 AM063_1992_CT_SU2012_CL_04 
"<les>"
	"él" Pronoun PPC Plural lang:es 00:00:36 00:00:42 tt-2249 AM063_1992_CT_SU2012_CL_04 @Gram:Pron:Objeto ADD:620 
"<contraataco>"
	"UNK" Verb VLfin Pres Indi Sing 1st lang:es 00:00:36 00:00:42 tt-2250 AM063_1992_CT_SU2012_CL_04 
"<$.>"
	"." Punctuation FS lang:es 00:00:36 00:00:42 tt-2251 AM063_1992_CT_SU2012_CL_04 
</speaker>
</text>

