<text id="AM084_1990_GV_SU2012_SB_03">
<speaker type="int">
"<Sí>"
	"sí" Adverb ADV lang:es 00:00:00 00:00:03 tt-1526 AM084_1990_GV_SU2012_SB_03 
"<,>"
	"," Punctuation CM lang:es 00:00:00 00:00:03 tt-1527 AM084_1990_GV_SU2012_SB_03 
"<claro>"
	"claro" Adjective ADJ Singular lang:es 00:00:00 00:00:03 tt-1528 AM084_1990_GV_SU2012_SB_03 
"<$.>"
	"." Punctuation FS lang:es 00:00:00 00:00:03 tt-1529 AM084_1990_GV_SU2012_SB_03 

"<$¿>"
	"¿" Punctuation FS lang:es 00:00:00 00:00:03 tt-1530 AM084_1990_GV_SU2012_SB_03 
"<Y>"
	"y" Conjunction CC lang:es 00:00:00 00:00:03 tt-1531 AM084_1990_GV_SU2012_SB_03 
"<has>"
	"haber" Verb VHfin Pres Indi Sing 2nd lang:es 00:00:00 00:00:03 tt-1532 AM084_1990_GV_SU2012_SB_03 ID:7 R:Gram:Aux:Haber:8 R:Gram:PerfPerif:8 
"<ido>"
	"ir" Verb VLadj lang:es 00:00:00 00:00:03 tt-1533 AM084_1990_GV_SU2012_SB_03 ID:8 
"<a>"
	"a" Preposition PREP lang:es 00:00:00 00:00:03 tt-1534 AM084_1990_GV_SU2012_SB_03 @Gram:Prep 
"<otros>"
	"otro" Determiner QU lang:es 00:00:00 00:00:03 tt-1535 AM084_1990_GV_SU2012_SB_03 
"<estados>"
	"estado" Noun NC Plural lang:es 00:00:00 00:00:03 tt-1536 AM084_1990_GV_SU2012_SB_03 
"<$?>"
	"?" Punctuation FS lang:es 00:00:00 00:00:03 tt-1537 AM084_1990_GV_SU2012_SB_03 
</speaker>
<speaker type="subj">

"<No>"
	"no" Adverb NEG lang:es 00:00:03 00:00:07 tt-1538 AM084_1990_GV_SU2012_SB_03 
"<,>"
	"," Punctuation CM lang:es 00:00:03 00:00:07 tt-1539 AM084_1990_GV_SU2012_SB_03 
"<no>"
	"no" Adverb NEG lang:es 00:00:03 00:00:07 tt-1540 AM084_1990_GV_SU2012_SB_03 
"<más>"
	"más" Adverb ADV lang:es 00:00:03 00:00:07 tt-1541 AM084_1990_GV_SU2012_SB_03 
"<he>"
	"haber" Verb VHfin Pres Indi Sing 1st lang:es 00:00:03 00:00:07 tt-1542 AM084_1990_GV_SU2012_SB_03 ID:17 R:Gram:Aux:Haber:18 R:Gram:PerfPerif:18 
"<ido>"
	"ir" Verb VLadj lang:es 00:00:03 00:00:07 tt-1543 AM084_1990_GV_SU2012_SB_03 ID:18 
"<aquí>"
	"aquí" Adverb ADV lang:es 00:00:03 00:00:07 tt-1544 AM084_1990_GV_SU2012_SB_03 
"<en>"
	"en" Preposition PREP lang:es 00:00:03 00:00:07 tt-1545 AM084_1990_GV_SU2012_SB_03 @Gram:Prep 
<lang code="en">
"<Texas>"
	"Texas" Noun NP Plural lang:en 00:00:03 00:00:07 tt-1546 AM084_1990_GV_SU2012_SB_03 
</lang>
"<,>"
	"," Punctuation CM lang:es 00:00:03 00:00:07 tt-1547 AM084_1990_GV_SU2012_SB_03 
"<todo>"
	"todo" Determiner QU lang:es 00:00:03 00:00:07 tt-1548 AM084_1990_GV_SU2012_SB_03 
"<hasta>"
	"hasta" Preposition PREP lang:es 00:00:03 00:00:07 tt-1549 AM084_1990_GV_SU2012_SB_03 @Gram:Prep 
"<Austin>"
	"Austin" Noun NP Singular lang:es 00:00:03 00:00:07 tt-1550 AM084_1990_GV_SU2012_SB_03 
"<y>"
	"y" Conjunction CC lang:es 00:00:03 00:00:07 tt-1551 AM084_1990_GV_SU2012_SB_03 
"<no>"
	"no" Adverb ADV lang:es 00:00:03 00:00:07 tt-1552 AM084_1990_GV_SU2012_SB_03 
"<más>"
	"más" Adverb ADV lang:es 00:00:03 00:00:07 tt-1553 AM084_1990_GV_SU2012_SB_03 
"<hasta>"
	"hasta" Preposition PREP lang:es 00:00:03 00:00:07 tt-1554 AM084_1990_GV_SU2012_SB_03 @Gram:Prep 
"<allí>"
	"allí" Adverb ADV lang:es 00:00:03 00:00:07 tt-1555 AM084_1990_GV_SU2012_SB_03 
"<$.>"
	"." Punctuation FS lang:es 00:00:03 00:00:07 tt-1556 AM084_1990_GV_SU2012_SB_03 

"<Nunca>"
	"nunca" Adverb ADV lang:es 00:00:03 00:00:07 tt-1557 AM084_1990_GV_SU2012_SB_03 
"<he>"
	"haber" Verb VHfin Pres Indi Sing 1st lang:es 00:00:03 00:00:07 tt-1558 AM084_1990_GV_SU2012_SB_03 ID:33 R:Gram:Aux:Haber:34 R:Gram:PerfPerif:34 
"<ido>"
	"ir" Verb VLadj lang:es 00:00:07 00:00:08 tt-1559 AM084_1990_GV_SU2012_SB_03 ID:34 
"<a>"
	"a" Preposition PREP lang:es 00:00:07 00:00:08 tt-1560 AM084_1990_GV_SU2012_SB_03 @Gram:Prep 
"<otro>"
	"otro" Determiner QU lang:es 00:00:07 00:00:08 tt-1561 AM084_1990_GV_SU2012_SB_03 
"<lugar>"
	"lugar" Noun NC Singular lang:es 00:00:07 00:00:08 tt-1562 AM084_1990_GV_SU2012_SB_03 
"<$.>"
	"." Punctuation FS lang:es 00:00:07 00:00:08 tt-1563 AM084_1990_GV_SU2012_SB_03 
</speaker>
<speaker type="int">

"<$¿>"
	"¿" Punctuation FS lang:es 00:00:08 00:00:14 tt-1564 AM084_1990_GV_SU2012_SB_03 
"<Y>"
	"y" Conjunction CC lang:es 00:00:08 00:00:14 tt-1565 AM084_1990_GV_SU2012_SB_03 
"<cómo>"
	"cómo" Adverb ADV lang:es 00:00:08 00:00:14 tt-1566 AM084_1990_GV_SU2012_SB_03 
"<te>"
	"tú" Pronoun PPX Singular lang:es 00:00:08 00:00:14 tt-1567 AM084_1990_GV_SU2012_SB_03 @Gram:Pron:Objeto 
"<parece>"
	"parecer" Verb VLfin Pres Indi Sing 3rd lang:es 00:00:08 00:00:14 tt-1568 AM084_1990_GV_SU2012_SB_03 
"<Austin>"
	"Austin" Noun NP Singular lang:es 00:00:08 00:00:14 tt-1569 AM084_1990_GV_SU2012_SB_03 
"<o>"
	"o" Conjunction CC lang:es 00:00:08 00:00:14 tt-1570 AM084_1990_GV_SU2012_SB_03 
"<San>"
	"Santo" Noun NP Singular lang:es 00:00:08 00:00:14 tt-1571 AM084_1990_GV_SU2012_SB_03 
"<Antonio>"
	"Antonio" Noun NP Singular lang:es 00:00:08 00:00:14 tt-1572 AM084_1990_GV_SU2012_SB_03 
"<,>"
	"," Punctuation CM lang:es 00:00:08 00:00:14 tt-1573 AM084_1990_GV_SU2012_SB_03 
"<otros>"
	"otro" Determiner QU lang:es 00:00:08 00:00:14 tt-1574 AM084_1990_GV_SU2012_SB_03 
"<lugares>"
	"lugar" Noun NC Plural lang:es 00:00:08 00:00:14 tt-1575 AM084_1990_GV_SU2012_SB_03 
"<aquí>"
	"aquí" Adverb ADV lang:es 00:00:08 00:00:14 tt-1576 AM084_1990_GV_SU2012_SB_03 
"<más>"
	"más" Adverb ADV lang:es 00:00:08 00:00:14 tt-1577 AM084_1990_GV_SU2012_SB_03 
"<cerca>"
	"cerca" Adverb ADV lang:es 00:00:08 00:00:14 tt-1578 AM084_1990_GV_SU2012_SB_03 
"<del>"
	"del" Preposition PDEL lang:es 00:00:08 00:00:14 tt-1579 AM084_1990_GV_SU2012_SB_03 @Gram:Prep 
"<Valle>"
	"Valle" Noun NP Singular lang:es 00:00:08 00:00:14 tt-1580 AM084_1990_GV_SU2012_SB_03 
"<$?>"
	"?" Punctuation FS lang:es 00:00:08 00:00:14 tt-1581 AM084_1990_GV_SU2012_SB_03 
</speaker>
<speaker type="subj">

"<Otros>"
	"otro" Determiner QU lang:es 00:00:14 00:00:19 tt-1582 AM084_1990_GV_SU2012_SB_03 
"<lugares>"
	"lugar" Noun NC Plural lang:es 00:00:14 00:00:19 tt-1583 AM084_1990_GV_SU2012_SB_03 
"<con>"
	"con" Preposition PREP lang:es 00:00:14 00:00:19 tt-1584 AM084_1990_GV_SU2012_SB_03 @Gram:Prep 
"<todos>"
	"todo" Determiner QU lang:es 00:00:14 00:00:19 tt-1585 AM084_1990_GV_SU2012_SB_03 
"<mis>"
	"mío" Pronoun PPO Plural lang:es 00:00:14 00:00:19 tt-1586 AM084_1990_GV_SU2012_SB_03 
"<amigos>"
	"amigo" Adjective ADJ Plural lang:es 00:00:14 00:00:19 tt-1587 AM084_1990_GV_SU2012_SB_03 
"<,>"
	"," Punctuation CM lang:es 00:00:14 00:00:19 tt-1588 AM084_1990_GV_SU2012_SB_03 
"<es>"
	"ser" Verb VSfin Pres Indi Sing 3rd lang:es 00:00:14 00:00:19 tt-1589 AM084_1990_GV_SU2012_SB_03 @Gram:SerEstar:Ser 
"<algo>"
	"algo" Determiner QU lang:es 00:00:14 00:00:19 tt-1590 AM084_1990_GV_SU2012_SB_03 
"<diferente>"
	"diferente" Adjective ADJ Singular lang:es 00:00:14 00:00:19 tt-1591 AM084_1990_GV_SU2012_SB_03 
"<$.>"
	"." Punctuation FS lang:es 00:00:14 00:00:19 tt-1592 AM084_1990_GV_SU2012_SB_03 

"<No>"
	"no" Adverb NEG lang:es 00:00:14 00:00:19 tt-1593 AM084_1990_GV_SU2012_SB_03 
"<estoy>"
	"estar" Verb VEfin Pres Indi Sing 1st lang:es 00:00:14 00:00:19 tt-1594 AM084_1990_GV_SU2012_SB_03 @Gram:SerEstar:Estar 
"<acostumbrado>"
	"acostumbrar" Verb VLadj lang:es 00:00:14 00:00:19 tt-1595 AM084_1990_GV_SU2012_SB_03 
"<como>"
	"como" Conjunction CSUBX lang:es 00:00:14 00:00:19 tt-1596 AM084_1990_GV_SU2012_SB_03 
"<Mercedes>"
	"Mercedes" Noun NP Plural lang:es 00:00:19 00:00:26 tt-1597 AM084_1990_GV_SU2012_SB_03 
"<es>"
	"ser" Verb VSfin Pres Indi Sing 3rd lang:es 00:00:19 00:00:26 tt-1598 AM084_1990_GV_SU2012_SB_03 @Gram:SerEstar:Ser 
"<una>"
	"un" Determiner ART Singular lang:es 00:00:19 00:00:26 tt-1599 AM084_1990_GV_SU2012_SB_03 
"<ciudad>"
	"ciudad" Noun NC Singular lang:es 00:00:19 00:00:26 tt-1600 AM084_1990_GV_SU2012_SB_03 
"<tan>"
	"tan" Adverb ADV lang:es 00:00:19 00:00:26 tt-1601 AM084_1990_GV_SU2012_SB_03 
"<chiquita>"
	"chico" Adjective ADJ Singular lang:es 00:00:19 00:00:26 tt-1602 AM084_1990_GV_SU2012_SB_03 
"<pues>"
	"pues" Conjunction CSUBF lang:es 00:00:19 00:00:26 tt-1603 AM084_1990_GV_SU2012_SB_03 
"<vas>"
	"ir" Verb VLfin Pres Indi Sing 2nd lang:es 00:00:19 00:00:26 tt-1604 AM084_1990_GV_SU2012_SB_03 
"<a>"
	"a" Preposition PREP lang:es 00:00:19 00:00:26 tt-1605 AM084_1990_GV_SU2012_SB_03 @Gram:Prep 
"<San>"
	"Santo" Noun NP Singular lang:es 00:00:19 00:00:26 tt-1606 AM084_1990_GV_SU2012_SB_03 
"<Antonio>"
	"Antonio" Noun NP Singular lang:es 00:00:19 00:00:26 tt-1607 AM084_1990_GV_SU2012_SB_03 
"<y>"
	"y" Conjunction CC lang:es 00:00:19 00:00:26 tt-1608 AM084_1990_GV_SU2012_SB_03 
"<tanta>"
	"tanto" Adjective ADJ Singular lang:es 00:00:19 00:00:26 tt-1609 AM084_1990_GV_SU2012_SB_03 
"<gente>"
	"gente" Noun NC Singular lang:es 00:00:19 00:00:26 tt-1610 AM084_1990_GV_SU2012_SB_03 
"<,>"
	"," Punctuation CM lang:es 00:00:19 00:00:26 tt-1611 AM084_1990_GV_SU2012_SB_03 
"<como>"
	"como" Adverb ADV lang:es 00:00:19 00:00:26 tt-1612 AM084_1990_GV_SU2012_SB_03 
"<cuando>"
	"cuando" Conjunction CSUBX lang:es 00:00:19 00:00:26 tt-1613 AM084_1990_GV_SU2012_SB_03 
"<estamos>"
	"estar" Verb VEfin Pres Indi Plural 1st lang:es 00:00:19 00:00:26 tt-1614 AM084_1990_GV_SU2012_SB_03 @Gram:SerEstar:Estar ID:89 R:Gram:SerEstar:EstarAux:90 
"<bajando>"
	"bajar" Verb VLger lang:es 00:00:26 00:00:30 tt-1615 AM084_1990_GV_SU2012_SB_03 ID:90 
"<en>"
	"en" Preposition PREP lang:es 00:00:26 00:00:30 tt-1616 AM084_1990_GV_SU2012_SB_03 @Gram:Prep 
"<el>"
	"el" Determiner ART Singular lang:es 00:00:26 00:00:30 tt-1617 AM084_1990_GV_SU2012_SB_03 @Gram:Det:Art 
"<expressway>"
	"UNK" Noun NP Singular lang:es 00:00:26 00:00:30 tt-1618 AM084_1990_GV_SU2012_SB_03 
"<te>"
	"tú" Pronoun PPX Singular lang:es 00:00:26 00:00:30 tt-1619 AM084_1990_GV_SU2012_SB_03 @Gram:Pron:Objeto 
"<asustas>"
	"UNK" Verb VLfin Pres Indi Sing 2nd lang:es 00:00:26 00:00:30 tt-1620 AM084_1990_GV_SU2012_SB_03 
"<porque>"
	"porque" Conjunction CSUBX lang:es 00:00:26 00:00:30 tt-1621 AM084_1990_GV_SU2012_SB_03 @Prag:MarcadoresDisc:Causa 
"<la>"
	"el" Determiner ART Singular lang:es 00:00:26 00:00:30 tt-1622 AM084_1990_GV_SU2012_SB_03 @Gram:Det:Art 
"<gente>"
	"gente" Noun NC Singular lang:es 00:00:26 00:00:30 tt-1623 AM084_1990_GV_SU2012_SB_03 
"<del>"
	"del" Preposition PDEL lang:es 00:00:26 00:00:30 tt-1624 AM084_1990_GV_SU2012_SB_03 @Gram:Prep 
"<carro>"
	"carro" Noun NC Singular lang:es 00:00:26 00:00:30 tt-1625 AM084_1990_GV_SU2012_SB_03 
"<va>"
	"ir" Verb VLfin Pres Indi Sing 3rd lang:es 00:00:26 00:00:30 tt-1626 AM084_1990_GV_SU2012_SB_03 
"<tan>"
	"tan" Adverb ADV lang:es 00:00:26 00:00:30 tt-1627 AM084_1990_GV_SU2012_SB_03 
"<recio>"
	"recio" Adverb ADV lang:es 00:00:26 00:00:30 tt-1628 AM084_1990_GV_SU2012_SB_03 
"<y>"
	"y" Conjunction CC lang:es 00:00:26 00:00:30 tt-1629 AM084_1990_GV_SU2012_SB_03 
"<no>"
	"no" Adverb NEG lang:es 00:00:26 00:00:30 tt-1630 AM084_1990_GV_SU2012_SB_03 
"<sabes>"
	"saber" Verb VLfin Pres Indi Sing 2nd lang:es 00:00:26 00:00:30 tt-1631 AM084_1990_GV_SU2012_SB_03 
"<a>"
	"a" Preposition PREP lang:es 00:00:30 00:00:34 tt-1632 AM084_1990_GV_SU2012_SB_03 @Gram:Prep 
"<dónde>"
	"dónde" Adverb ADV lang:es 00:00:30 00:00:34 tt-1633 AM084_1990_GV_SU2012_SB_03 
"<vas>"
	"ir" Verb VLfin Pres Indi Sing 2nd lang:es 00:00:30 00:00:34 tt-1634 AM084_1990_GV_SU2012_SB_03 
"<$.>"
	"." Punctuation FS lang:es 00:00:30 00:00:34 tt-1635 AM084_1990_GV_SU2012_SB_03 

"<Y>"
	"y" Conjunction CC lang:es 00:00:30 00:00:34 tt-1636 AM084_1990_GV_SU2012_SB_03 
"<a>"
	"a" Preposition PREP lang:es 00:00:30 00:00:34 tt-1637 AM084_1990_GV_SU2012_SB_03 @Gram:Prep 
"<mí>"
	"yo" Pronoun PPX Singular lang:es 00:00:30 00:00:34 tt-1638 AM084_1990_GV_SU2012_SB_03 
"<no>"
	"no" Adverb NEG lang:es 00:00:30 00:00:34 tt-1639 AM084_1990_GV_SU2012_SB_03 
"<me>"
	"yo" Pronoun PPX Singular lang:es 00:00:30 00:00:34 tt-1640 AM084_1990_GV_SU2012_SB_03 @Gram:Pron:Objeto ID:115 R:Gram:Gustar:Propios:116 
"<gusta>"
	"gustar" Verb VLfin Pres Indi Sing 3rd lang:es 00:00:30 00:00:34 tt-1641 AM084_1990_GV_SU2012_SB_03 ID:116 
"<andar>"
	"andar" Verb VLinf Infinitive lang:es 00:00:30 00:00:34 tt-1642 AM084_1990_GV_SU2012_SB_03 
"<perdido>"
	"perder" Verb VLadj lang:es 00:00:30 00:00:34 tt-1643 AM084_1990_GV_SU2012_SB_03 
"<$.>"
	"." Punctuation FS lang:es 00:00:30 00:00:34 tt-1644 AM084_1990_GV_SU2012_SB_03 

"<Es>"
	"ser" Verb VSfin Pres Indi Sing 3rd lang:es 00:00:30 00:00:34 tt-1645 AM084_1990_GV_SU2012_SB_03 @Gram:SerEstar:Ser 
"<la>"
	"el" Determiner ART Singular lang:es 00:00:30 00:00:34 tt-1646 AM084_1990_GV_SU2012_SB_03 @Gram:Det:Art 
"<primera>"
	"primero" Adjective ORD Singular lang:es 00:00:30 00:00:34 tt-1647 AM084_1990_GV_SU2012_SB_03 Gram:Adj:Ord 
"<vez>"
	"vez" Noun NC Singular lang:es 00:00:30 00:00:34 tt-1648 AM084_1990_GV_SU2012_SB_03 
"<que>"
	"que" Conjunction CQUE lang:es 00:00:30 00:00:34 tt-1649 AM084_1990_GV_SU2012_SB_03 
"<me>"
	"yo" Pronoun PPX Singular lang:es 00:00:30 00:00:34 tt-1650 AM084_1990_GV_SU2012_SB_03 @Gram:Pron:Objeto 
"<he>"
	"haber" Verb VHfin Pres Indi Sing 1st lang:es 00:00:30 00:00:34 tt-1651 AM084_1990_GV_SU2012_SB_03 ID:126 R:Gram:Aux:Haber:127 R:Gram:PerfPerif:127 
"<perdido>"
	"perder" Verb VLadj lang:es 00:00:30 00:00:34 tt-1652 AM084_1990_GV_SU2012_SB_03 ID:127 
"<en>"
	"en" Preposition PREP lang:es 00:00:30 00:00:34 tt-1653 AM084_1990_GV_SU2012_SB_03 @Gram:Prep 
"<toda>"
	"todo" Determiner QU lang:es 00:00:30 00:00:34 tt-1654 AM084_1990_GV_SU2012_SB_03 
"<mi>"
	"mío" Pronoun PPO Singular lang:es 00:00:34 00:00:40 tt-1655 AM084_1990_GV_SU2012_SB_03 @Gram:Det:Pos 
"<vida>"
	"vida" Noun NC Singular lang:es 00:00:34 00:00:40 tt-1656 AM084_1990_GV_SU2012_SB_03 
"<$.>"
	"." Punctuation FS lang:es 00:00:34 00:00:40 tt-1657 AM084_1990_GV_SU2012_SB_03 

"<Cuando>"
	"cuando" Conjunction CSUBX lang:es 00:00:34 00:00:40 tt-1658 AM084_1990_GV_SU2012_SB_03 
"<fui>"
	"ir|ser" Verb VLfin Pret Indi Sing 1st lang:es 00:00:34 00:00:40 tt-1659 AM084_1990_GV_SU2012_SB_03 @Gram:Indefinido 
"<a>"
	"a" Preposition PREP lang:es 00:00:34 00:00:40 tt-1660 AM084_1990_GV_SU2012_SB_03 @Gram:Prep 
"<San>"
	"Santo" Noun NP Singular lang:es 00:00:34 00:00:40 tt-1661 AM084_1990_GV_SU2012_SB_03 
"<Antonio>"
	"Antonio" Noun NP Singular lang:es 00:00:34 00:00:40 tt-1662 AM084_1990_GV_SU2012_SB_03 
"<nos>"
	"nosotros" Pronoun PPX Plural lang:es 00:00:34 00:00:40 tt-1663 AM084_1990_GV_SU2012_SB_03 @Gram:Pron:Objeto 
"<perdimos>"
	"perder" Verb VLfin Pres_or_Pret Indi Plural 1st lang:es 00:00:34 00:00:40 tt-1664 AM084_1990_GV_SU2012_SB_03 
"<yo>"
	"yo" Pronoun PPX Singular lang:es 00:00:34 00:00:40 tt-1665 AM084_1990_GV_SU2012_SB_03 @Gram:Pron:Sujeto 
"<,>"
	"," Punctuation CM lang:es 00:00:34 00:00:40 tt-1666 AM084_1990_GV_SU2012_SB_03 
"<mi>"
	"mío" Pronoun PPO Singular lang:es 00:00:34 00:00:40 tt-1667 AM084_1990_GV_SU2012_SB_03 @Gram:Det:Pos 
"<amiga>"
	"amigo" Noun NC Singular lang:es 00:00:34 00:00:40 tt-1668 AM084_1990_GV_SU2012_SB_03 
"<y>"
	"y" Conjunction CC lang:es 00:00:34 00:00:40 tt-1669 AM084_1990_GV_SU2012_SB_03 
"<mi>"
	"mío" Pronoun PPO Singular lang:es 00:00:34 00:00:40 tt-1670 AM084_1990_GV_SU2012_SB_03 @Gram:Det:Pos 
"<amigo>"
	"amigo" Noun NC Singular lang:es 00:00:34 00:00:40 tt-1671 AM084_1990_GV_SU2012_SB_03 
"<$.>"
	"." Punctuation FS lang:es 00:00:34 00:00:40 tt-1672 AM084_1990_GV_SU2012_SB_03 

"<No>"
	"no" Adverb NEG lang:es 00:00:34 00:00:40 tt-1673 AM084_1990_GV_SU2012_SB_03 
"<sabíamos>"
	"saber" Verb VLfin Imp Indi Plural 1st lang:es 00:00:34 00:00:40 tt-1674 AM084_1990_GV_SU2012_SB_03 @Gram:Imperf 
"<en>"
	"en" Preposition PREP lang:es 00:00:34 00:00:40 tt-1675 AM084_1990_GV_SU2012_SB_03 @Gram:Prep 
"<dónde>"
	"dónde" Adverb ADV lang:es 00:00:34 00:00:40 tt-1676 AM084_1990_GV_SU2012_SB_03 
"<estábamos>"
	"estar" Verb VEfin Imp Indi Plural 1st lang:es 00:00:40 00:00:45 tt-1677 AM084_1990_GV_SU2012_SB_03 @Gram:Imperf @Gram:SerEstar:Estar 
"<$.>"
	"." Punctuation FS lang:es 00:00:40 00:00:45 tt-1678 AM084_1990_GV_SU2012_SB_03 

"<Perdidos>"
	"perdido" Adjective ADJ Plural lang:es 00:00:40 00:00:45 tt-1679 AM084_1990_GV_SU2012_SB_03 
"<perdidos>"
	"perdido" Adjective ADJ Plural lang:es 00:00:40 00:00:45 tt-1680 AM084_1990_GV_SU2012_SB_03 
"<$.>"
	"." Punctuation FS lang:es 00:00:40 00:00:45 tt-1681 AM084_1990_GV_SU2012_SB_03 

"<Que>"
	"que" Conjunction CQUE lang:es 00:00:40 00:00:45 tt-1682 AM084_1990_GV_SU2012_SB_03 
"<ni>"
	"ni" Conjunction CCNEG lang:es 00:00:40 00:00:45 tt-1683 AM084_1990_GV_SU2012_SB_03 
"<sabíamos>"
	"saber" Verb VLfin Imp Indi Plural 1st lang:es 00:00:40 00:00:45 tt-1684 AM084_1990_GV_SU2012_SB_03 @Gram:Imperf 
"<en>"
	"en" Preposition PREP lang:es 00:00:40 00:00:45 tt-1685 AM084_1990_GV_SU2012_SB_03 @Gram:Prep 
"<dónde>"
	"dónde" Adverb ADV lang:es 00:00:40 00:00:45 tt-1686 AM084_1990_GV_SU2012_SB_03 
"<estaba>"
	"estar" Verb VEfin Imp Indi Sing 1st_or_3rd lang:es 00:00:40 00:00:45 tt-1687 AM084_1990_GV_SU2012_SB_03 @Gram:Imperf @Gram:SerEstar:Estar 
"<el>"
	"el" Determiner ART Singular lang:es 00:00:40 00:00:45 tt-1688 AM084_1990_GV_SU2012_SB_03 @Gram:Det:Art 
<lang code="en">
"<hotel>"
	"hotel" Noun NN lang:en 00:00:40 00:00:45 tt-1689 AM084_1990_GV_SU2012_SB_03 
</lang>
"<,>"
	"," Punctuation CM lang:es 00:00:40 00:00:45 tt-1690 AM084_1990_GV_SU2012_SB_03 
"<y>"
	"y" Conjunction CC lang:es 00:00:40 00:00:45 tt-1691 AM084_1990_GV_SU2012_SB_03 
"<...>"
	"..." Punctuation DOTS lang:es 00:00:40 00:00:45 tt-1692 AM084_1990_GV_SU2012_SB_03 
"<no>"
	"no" Adverb NEG lang:es 00:00:40 00:00:45 tt-1693 AM084_1990_GV_SU2012_SB_03 
"<es>"
	"ser" Verb VSfin Pres Indi Sing 3rd lang:es 00:00:40 00:00:45 tt-1694 AM084_1990_GV_SU2012_SB_03 @Gram:SerEstar:Ser 
"<una>"
	"un" Determiner ART Singular lang:es 00:00:40 00:00:45 tt-1695 AM084_1990_GV_SU2012_SB_03 
<lang code="en">
"<feeling>"
	"feel" Verb VBG lang:en 00:00:40 00:00:45 tt-1696 AM084_1990_GV_SU2012_SB_03 
</lang>
"<que>"
	"que" Conjunction CQUE lang:es 00:00:45 00:00:48 tt-1697 AM084_1990_GV_SU2012_SB_03 
"<me>"
	"yo" Pronoun PPX Singular lang:es 00:00:45 00:00:48 tt-1698 AM084_1990_GV_SU2012_SB_03 @Gram:Pron:Objeto ID:173 R:Gram:Gustar:Propios:174 
"<gusta>"
	"gustar" Verb VLfin Pres Indi Sing 3rd lang:es 00:00:45 00:00:48 tt-1699 AM084_1990_GV_SU2012_SB_03 ID:174 
"<a>"
	"a" Preposition PREP lang:es 00:00:45 00:00:48 tt-1700 AM084_1990_GV_SU2012_SB_03 @Gram:Prep 
"<mí>"
	"yo" Pronoun PPX Singular lang:es 00:00:45 00:00:48 tt-1701 AM084_1990_GV_SU2012_SB_03 
"<$.>"
	"." Punctuation FS lang:es 00:00:45 00:00:48 tt-1702 AM084_1990_GV_SU2012_SB_03 

"<Estar>"
	"estar" Verb VLinf VEinf Infinitive lang:es 00:00:45 00:00:48 tt-1703 AM084_1990_GV_SU2012_SB_03 @Gram:SerEstar:Estar 
"<perdido>"
	"perder" Verb VLadj lang:es 00:00:45 00:00:48 tt-1704 AM084_1990_GV_SU2012_SB_03 
"<$.>"
	"." Punctuation FS lang:es 00:00:45 00:00:48 tt-1705 AM084_1990_GV_SU2012_SB_03 
</speaker>
<speaker type="int">

"<$¿>"
	"¿" Punctuation FS lang:es 00:00:48 00:00:55 tt-1706 AM084_1990_GV_SU2012_SB_03 
"<Y>"
	"y" Conjunction CC lang:es 00:00:48 00:00:55 tt-1707 AM084_1990_GV_SU2012_SB_03 
"<después>"
	"después" Preposition PREP lang:es 00:00:48 00:00:55 tt-1708 AM084_1990_GV_SU2012_SB_03 @Gram:Prep 
"<de>"
	"de" Preposition PREP lang:es 00:00:48 00:00:55 tt-1709 AM084_1990_GV_SU2012_SB_03 @Gram:Prep 
"<graduarte>"
	"UNK" Verb VLinf Infinitive lang:es 00:00:48 00:00:55 tt-1710 AM084_1990_GV_SU2012_SB_03 
"<piensas>"
	"pensar" Verb VLfin Pres Indi Sing 2nd lang:es 00:00:48 00:00:55 tt-1711 AM084_1990_GV_SU2012_SB_03 
"<quedarte>"
	"quedar" Verb VLinf Pres Subj Sing 1st_or_3rd lang:es 00:00:48 00:00:55 tt-1712 AM084_1990_GV_SU2012_SB_03 @Gram:MSub:Pres 
"<aquí>"
	"aquí" Adverb ADV lang:es 00:00:48 00:00:55 tt-1713 AM084_1990_GV_SU2012_SB_03 
"<o>"
	"o" Conjunction CC lang:es 00:00:48 00:00:55 tt-1714 AM084_1990_GV_SU2012_SB_03 
"<mudarte>"
	"UNK" Verb VLinf Infinitive lang:es 00:00:48 00:00:55 tt-1715 AM084_1990_GV_SU2012_SB_03 
"<a>"
	"a" Preposition PREP lang:es 00:00:48 00:00:55 tt-1716 AM084_1990_GV_SU2012_SB_03 @Gram:Prep 
"<otro>"
	"otro" Determiner QU lang:es 00:00:48 00:00:55 tt-1717 AM084_1990_GV_SU2012_SB_03 
"<lugar>"
	"lugar" Noun NC Singular lang:es 00:00:48 00:00:55 tt-1718 AM084_1990_GV_SU2012_SB_03 
"<,>"
	"," Punctuation CM lang:es 00:00:48 00:00:55 tt-1719 AM084_1990_GV_SU2012_SB_03 
"<a>"
	"a" Preposition PREP lang:es 00:00:48 00:00:55 tt-1720 AM084_1990_GV_SU2012_SB_03 @Gram:Prep 
"<otra>"
	"otro" Determiner QU lang:es 00:00:48 00:00:55 tt-1721 AM084_1990_GV_SU2012_SB_03 
"<ciudad>"
	"ciudad" Noun NC Singular lang:es 00:00:48 00:00:55 tt-1722 AM084_1990_GV_SU2012_SB_03 
"<o>"
	"o" Conjunction CC lang:es 00:00:48 00:00:55 tt-1723 AM084_1990_GV_SU2012_SB_03 
"<...>"
	"..." Punctuation DOTS lang:es 00:00:48 00:00:55 tt-1724 AM084_1990_GV_SU2012_SB_03 
"<$?>"
	"?" Punctuation FS lang:es 00:00:48 00:00:55 tt-1725 AM084_1990_GV_SU2012_SB_03 
</speaker>
<speaker type="subj">

"<Si>"
	"si" Conjunction CSUBX lang:es 00:00:56 00:01:02 tt-1726 AM084_1990_GV_SU2012_SB_03 
"<puedo>"
	"poder" Verb VLfin Pres Indi Sing 1st lang:es 00:00:56 00:01:02 tt-1727 AM084_1990_GV_SU2012_SB_03 
"<me>"
	"yo" Pronoun PPX Singular lang:es 00:00:56 00:01:02 tt-1728 AM084_1990_GV_SU2012_SB_03 @Gram:Pron:Objeto 
"<quedo>"
	"quedar" Verb VLfin Pres Indi Sing 1st lang:es 00:00:56 00:01:02 tt-1729 AM084_1990_GV_SU2012_SB_03 
"<aquí>"
	"aquí" Adverb ADV lang:es 00:00:56 00:01:02 tt-1730 AM084_1990_GV_SU2012_SB_03 
"<,>"
	"," Punctuation CM lang:es 00:00:56 00:01:02 tt-1731 AM084_1990_GV_SU2012_SB_03 
"<pero>"
	"pero" Conjunction CCAD lang:es 00:00:56 00:01:02 tt-1732 AM084_1990_GV_SU2012_SB_03 @Prag:MarcadoresDisc:Revision 
"<si>"
	"si" Conjunction CSUBX lang:es 00:00:56 00:01:02 tt-1733 AM084_1990_GV_SU2012_SB_03 
"<hay>"
	"haber" Verb VHfin Pres Indi Sing 3rd lang:es 00:00:56 00:01:02 tt-1734 AM084_1990_GV_SU2012_SB_03 @Gram:Haber:Exist 
"<trabajo>"
	"trabajo" Noun NC Singular lang:es 00:00:56 00:01:02 tt-1735 AM084_1990_GV_SU2012_SB_03 
"<donde>"
	"donde" Adverb ADV lang:es 00:00:56 00:01:02 tt-1736 AM084_1990_GV_SU2012_SB_03 
"<sea>"
	"ser" Verb VSfin Pres Subj Sing 1st_or_3rd lang:es 00:00:56 00:01:02 tt-1737 AM084_1990_GV_SU2012_SB_03 @Gram:MSub:Pres @Gram:SerEstar:Ser 
"<,>"
	"," Punctuation CM lang:es 00:00:56 00:01:02 tt-1738 AM084_1990_GV_SU2012_SB_03 
"<pues>"
	"pues" Conjunction CSUBF lang:es 00:00:56 00:01:02 tt-1739 AM084_1990_GV_SU2012_SB_03 
"<donde>"
	"donde" Adverb ADV lang:es 00:00:56 00:01:02 tt-1740 AM084_1990_GV_SU2012_SB_03 
"<lleve>"
	"llevar" Verb VLfin Pres Subj Sing 1st_or_3rd lang:es 00:00:56 00:01:02 tt-1741 AM084_1990_GV_SU2012_SB_03 @Gram:MSub:Pres 
"<el>"
	"el" Determiner ART Singular lang:es 00:00:56 00:01:02 tt-1742 AM084_1990_GV_SU2012_SB_03 @Gram:Det:Art 
"<trabajo>"
	"trabajo" Noun NC Singular lang:es 00:00:56 00:01:02 tt-1743 AM084_1990_GV_SU2012_SB_03 
"<$.>"
	"." Punctuation FS lang:es 00:00:56 00:01:02 tt-1744 AM084_1990_GV_SU2012_SB_03 

"<Yo>"
	"yo" Pronoun PPX Singular lang:es 00:01:02 00:01:06 tt-1745 AM084_1990_GV_SU2012_SB_03 @Gram:Pron:Sujeto 
"<lo>"
	"el" Determiner ART Singular lang:es 00:01:02 00:01:06 tt-1746 AM084_1990_GV_SU2012_SB_03 
"<que>"
	"que" Conjunction CQUE lang:es 00:01:02 00:01:06 tt-1747 AM084_1990_GV_SU2012_SB_03 
"<quiero>"
	"querer" Verb VLfin Pres Indi Sing 1st lang:es 00:01:02 00:01:06 tt-1748 AM084_1990_GV_SU2012_SB_03 
"<es>"
	"ser" Verb VSfin Pres Indi Sing 3rd lang:es 00:01:02 00:01:06 tt-1749 AM084_1990_GV_SU2012_SB_03 @Gram:SerEstar:Ser 
"<trabajar>"
	"trabajar" Verb VLinf Infinitive lang:es 00:01:02 00:01:06 tt-1750 AM084_1990_GV_SU2012_SB_03 
"<,>"
	"," Punctuation CM lang:es 00:01:02 00:01:06 tt-1751 AM084_1990_GV_SU2012_SB_03 
"<yo>"
	"yo" Pronoun PPX Singular lang:es 00:01:02 00:01:06 tt-1752 AM084_1990_GV_SU2012_SB_03 @Gram:Pron:Sujeto 
"<ya>"
	"ya" Adverb ADV lang:es 00:01:02 00:01:06 tt-1753 AM084_1990_GV_SU2012_SB_03 
"<,>"
	"," Punctuation CM lang:es 00:01:02 00:01:06 tt-1754 AM084_1990_GV_SU2012_SB_03 
"<lo>"
	"el" Determiner ART Singular lang:es 00:01:02 00:01:06 tt-1755 AM084_1990_GV_SU2012_SB_03 
"<que>"
	"que" Conjunction CQUE lang:es 00:01:02 00:01:06 tt-1756 AM084_1990_GV_SU2012_SB_03 
"<quiero>"
	"querer" Verb VLfin Pres Indi Sing 1st lang:es 00:01:02 00:01:06 tt-1757 AM084_1990_GV_SU2012_SB_03 
"<hacer>"
	"hacer" Verb VLinf Infinitive lang:es 00:01:02 00:01:06 tt-1758 AM084_1990_GV_SU2012_SB_03 
"<$.>"
	"." Punctuation FS lang:es 00:01:02 00:01:06 tt-1759 AM084_1990_GV_SU2012_SB_03 
</speaker>
</text>

