<text id="AM084_1990_GV_SU2012_SB_06">
<speaker type="subj">
"<papá>"
	"papá" Noun NC Singular lang:es 00:00:00 00:00:06 tt-3194 AM084_1990_GV_SU2012_SB_06 
"<también>"
	"también" Adverb ADV lang:es 00:00:00 00:00:06 tt-3195 AM084_1990_GV_SU2012_SB_06 @Prag:MarcadoresDisc:Igualdad 
"<$.>"
	"." Punctuation FS lang:es 00:00:00 00:00:06 tt-3196 AM084_1990_GV_SU2012_SB_06 

"<Mi>"
	"mío" Pronoun PPO Singular lang:es 00:00:00 00:00:06 tt-3197 AM084_1990_GV_SU2012_SB_06 @Gram:Det:Pos 
"<papá>"
	"papá" Noun NC Singular lang:es 00:00:00 00:00:06 tt-3198 AM084_1990_GV_SU2012_SB_06 
"<también>"
	"también" Adverb ADV lang:es 00:00:00 00:00:06 tt-3199 AM084_1990_GV_SU2012_SB_06 @Prag:MarcadoresDisc:Igualdad 
"<de>"
	"de" Preposition PREP lang:es 00:00:00 00:00:06 tt-3200 AM084_1990_GV_SU2012_SB_06 @Gram:Prep 
"<chiquito>"
	"chico" Noun NC Singular lang:es 00:00:00 00:00:06 tt-3201 AM084_1990_GV_SU2012_SB_06 
"<se>"
	"se" Other SE lang:es 00:00:00 00:00:06 tt-3202 AM084_1990_GV_SU2012_SB_06 
"<vino>"
	"venir" Verb VLfin Pres Indi Sing 1st lang:es 00:00:00 00:00:06 tt-3203 AM084_1990_GV_SU2012_SB_06 
"<para>"
	"para" Preposition PREP lang:es 00:00:00 00:00:06 tt-3204 AM084_1990_GV_SU2012_SB_06 @Gram:Prep:Para 
"<acá>"
	"acá" Adverb ADV lang:es 00:00:00 00:00:06 tt-3205 AM084_1990_GV_SU2012_SB_06 
"<$.>"
	"." Punctuation FS lang:es 00:00:00 00:00:06 tt-3206 AM084_1990_GV_SU2012_SB_06 

"<A>"
	"a" Conjunction CSUBI lang:es 00:00:00 00:00:06 tt-3207 AM084_1990_GV_SU2012_SB_06 
"<trabajar>"
	"trabajar" Verb VLinf Infinitive lang:es 00:00:00 00:00:06 tt-3208 AM084_1990_GV_SU2012_SB_06 
"<en>"
	"en" Preposition PREP lang:es 00:00:00 00:00:06 tt-3209 AM084_1990_GV_SU2012_SB_06 @Gram:Prep 
"<la>"
	"el" Determiner ART Singular Fem lang:es 00:00:00 00:00:06 tt-3210 AM084_1990_GV_SU2012_SB_06 
"<labores>"
	"laborar" Verb VLfin Pres Subj Sing 2nd lang:es 00:00:00 00:00:06 tt-3211 AM084_1990_GV_SU2012_SB_06 @Gram:MSub:Pres 
"<mi>"
	"mío" Pronoun PPO Singular lang:es 00:00:06 00:00:10 tt-3212 AM084_1990_GV_SU2012_SB_06 @Gram:Det:Pos 
"<papá>"
	"papá" Noun NC Singular lang:es 00:00:06 00:00:10 tt-3213 AM084_1990_GV_SU2012_SB_06 
"<siempre>"
	"siempre" Adverb ADV lang:es 00:00:06 00:00:10 tt-3214 AM084_1990_GV_SU2012_SB_06 
"<ha>"
	"haber" Verb VHfin Pres Indi Sing 3rd lang:es 00:00:06 00:00:10 tt-3215 AM084_1990_GV_SU2012_SB_06 ID:22 R:Gram:Aux:Haber:23 R:Gram:PerfPerif:23 
"<trabajado>"
	"trabajar" Verb VLadj lang:es 00:00:06 00:00:10 tt-3216 AM084_1990_GV_SU2012_SB_06 ID:23 
"<también>"
	"también" Adverb ADV lang:es 00:00:06 00:00:10 tt-3217 AM084_1990_GV_SU2012_SB_06 @Prag:MarcadoresDisc:Igualdad 
"<$.>"
	"." Punctuation FS lang:es 00:00:06 00:00:10 tt-3218 AM084_1990_GV_SU2012_SB_06 

"<Ha>"
	"haber" Verb VHfin Pres Indi Sing 3rd lang:es 00:00:06 00:00:10 tt-3219 AM084_1990_GV_SU2012_SB_06 ID:26 R:Gram:Aux:Haber:27 R:Gram:PerfPerif:27 
"<trabajado>"
	"trabajar" Verb VLadj lang:es 00:00:06 00:00:10 tt-3220 AM084_1990_GV_SU2012_SB_06 ID:27 
"<en>"
	"en" Preposition PREP lang:es 00:00:06 00:00:10 tt-3221 AM084_1990_GV_SU2012_SB_06 @Gram:Prep 
"<labores>"
	"labor" Noun NC Plural lang:es 00:00:06 00:00:10 tt-3222 AM084_1990_GV_SU2012_SB_06 
"<y>"
	"y" Conjunction CC lang:es 00:00:06 00:00:10 tt-3223 AM084_1990_GV_SU2012_SB_06 
"<ahorita>"
	"ahora" Adverb ADV lang:es 00:00:06 00:00:10 tt-3224 AM084_1990_GV_SU2012_SB_06 
"<trabaja>"
	"trabajar" Verb VLfin Pres Indi Sing 3rd lang:es 00:00:06 00:00:10 tt-3225 AM084_1990_GV_SU2012_SB_06 
"<en>"
	"en" Preposition PREP lang:es 00:00:06 00:00:10 tt-3226 AM084_1990_GV_SU2012_SB_06 @Gram:Prep 
"<construcción>"
	"construcción" Noun NC Singular lang:es 00:00:10 00:00:15 tt-3227 AM084_1990_GV_SU2012_SB_06 
"<$.>"
	"." Punctuation FS lang:es 00:00:10 00:00:15 tt-3228 AM084_1990_GV_SU2012_SB_06 

"<Y>"
	"y" Conjunction CC lang:es 00:00:10 00:00:15 tt-3229 AM084_1990_GV_SU2012_SB_06 
"<todo>"
	"todo" Determiner QU lang:es 00:00:10 00:00:15 tt-3230 AM084_1990_GV_SU2012_SB_06 
"<$.>"
	"." Punctuation FS lang:es 00:00:10 00:00:15 tt-3231 AM084_1990_GV_SU2012_SB_06 

"<Y>"
	"y" Conjunction CC lang:es 00:00:10 00:00:15 tt-3232 AM084_1990_GV_SU2012_SB_06 
"<hasta>"
	"hasta" Preposition PREP lang:es 00:00:10 00:00:15 tt-3233 AM084_1990_GV_SU2012_SB_06 @Gram:Prep 
"<ahorita>"
	"ahora" Adverb ADV lang:es 00:00:10 00:00:15 tt-3234 AM084_1990_GV_SU2012_SB_06 
"<que>"
	"que" Conjunction CQUE lang:es 00:00:10 00:00:15 tt-3235 AM084_1990_GV_SU2012_SB_06 
"<tiene>"
	"tener" Verb VLfin Pres Indi Sing 3rd lang:es 00:00:10 00:00:15 tt-3236 AM084_1990_GV_SU2012_SB_06 
"<cuarenta>"
	"cuarenta" Determiner CARD Singular lang:es 00:00:10 00:00:15 tt-3237 AM084_1990_GV_SU2012_SB_06 
"<trabaja>"
	"trabajar" Verb VLfin Pres Indi Sing 3rd lang:es 00:00:10 00:00:15 tt-3238 AM084_1990_GV_SU2012_SB_06 
"<en>"
	"en" Preposition PREP lang:es 00:00:10 00:00:15 tt-3239 AM084_1990_GV_SU2012_SB_06 @Gram:Prep 
"<construcción>"
	"construcción" Noun NC Singular lang:es 00:00:10 00:00:15 tt-3240 AM084_1990_GV_SU2012_SB_06 
"<$.>"
	"." Punctuation FS lang:es 00:00:10 00:00:15 tt-3241 AM084_1990_GV_SU2012_SB_06 

"<De>"
	"de" Preposition PREP lang:es 00:00:10 00:00:15 tt-3242 AM084_1990_GV_SU2012_SB_06 @Gram:Prep 
"<día>"
	"día" Noun NC Singular lang:es 00:00:10 00:00:15 tt-3243 AM084_1990_GV_SU2012_SB_06 
"<...>"
	"..." Punctuation DOTS lang:es 00:00:10 00:00:15 tt-3244 AM084_1990_GV_SU2012_SB_06 
"<de>"
	"de" Preposition PREP lang:es 00:00:10 00:00:15 tt-3245 AM084_1990_GV_SU2012_SB_06 @Gram:Prep 
"<las>"
	"el" Determiner ART Plural Fem lang:es 00:00:10 00:00:15 tt-3246 AM084_1990_GV_SU2012_SB_06 @Gram:Det:Art 
"<seis>"
	"seis" Determiner CARD Plural lang:es 00:00:15 00:00:22 tt-3247 AM084_1990_GV_SU2012_SB_06 
"<de>"
	"de" Preposition PREP lang:es 00:00:15 00:00:22 tt-3248 AM084_1990_GV_SU2012_SB_06 @Gram:Prep 
"<la>"
	"el" Determiner ART Singular Fem lang:es 00:00:15 00:00:22 tt-3249 AM084_1990_GV_SU2012_SB_06 @Gram:Det:Art 
"<mañana>"
	"mañana" Noun NC Singular lang:es 00:00:15 00:00:22 tt-3250 AM084_1990_GV_SU2012_SB_06 
"<hasta>"
	"hasta" Preposition PREP lang:es 00:00:15 00:00:22 tt-3251 AM084_1990_GV_SU2012_SB_06 @Gram:Prep 
"<las>"
	"el" Determiner ART Plural Fem lang:es 00:00:15 00:00:22 tt-3252 AM084_1990_GV_SU2012_SB_06 @Gram:Det:Art 
"<seis>"
	"seis" Determiner CARD Plural lang:es 00:00:15 00:00:22 tt-3253 AM084_1990_GV_SU2012_SB_06 
"<de>"
	"de" Preposition PREP lang:es 00:00:15 00:00:22 tt-3254 AM084_1990_GV_SU2012_SB_06 @Gram:Prep 
"<la>"
	"el" Determiner ART Singular Fem lang:es 00:00:15 00:00:22 tt-3255 AM084_1990_GV_SU2012_SB_06 @Gram:Det:Art 
"<tarde>"
	"tarde" Adverb ADV lang:es 00:00:15 00:00:22 tt-3256 AM084_1990_GV_SU2012_SB_06 
"<en>"
	"en" Preposition PREP lang:es 00:00:15 00:00:22 tt-3257 AM084_1990_GV_SU2012_SB_06 @Gram:Prep 
"<el>"
	"el" Determiner ART Singular Masc lang:es 00:00:15 00:00:22 tt-3258 AM084_1990_GV_SU2012_SB_06 @Gram:Det:Art 
"<sol>"
	"sol" Noun NC Singular lang:es 00:00:15 00:00:22 tt-3259 AM084_1990_GV_SU2012_SB_06 
"<$.>"
	"." Punctuation FS lang:es 00:00:15 00:00:22 tt-3260 AM084_1990_GV_SU2012_SB_06 

"<Y>"
	"y" Conjunction CC lang:es 00:00:15 00:00:22 tt-3261 AM084_1990_GV_SU2012_SB_06 
"<lo>"
	"él" Pronoun PPC Singular lang:es 00:00:15 00:00:22 tt-3262 AM084_1990_GV_SU2012_SB_06 @Gram:Pron:Objeto 
"<hace>"
	"hacer" Verb VLfin Pres Indi Sing 3rd lang:es 00:00:15 00:00:22 tt-3263 AM084_1990_GV_SU2012_SB_06 
"<todos>"
	"todo" Determiner QU lang:es 00:00:15 00:00:22 tt-3264 AM084_1990_GV_SU2012_SB_06 
"<los>"
	"el" Determiner ART Plural Masc lang:es 00:00:15 00:00:22 tt-3265 AM084_1990_GV_SU2012_SB_06 @Gram:Det:Art 
"<días>"
	"día" Noun NC Plural lang:es 00:00:15 00:00:22 tt-3266 AM084_1990_GV_SU2012_SB_06 
"<,>"
	"," Punctuation CM lang:es 00:00:15 00:00:22 tt-3267 AM084_1990_GV_SU2012_SB_06 
"<no>"
	"no" Adverb ADV lang:es 00:00:15 00:00:22 tt-3268 AM084_1990_GV_SU2012_SB_06 
"<más>"
	"más" Adverb ADV lang:es 00:00:15 00:00:22 tt-3269 AM084_1990_GV_SU2012_SB_06 
"<para>"
	"para" Preposition PREP lang:es 00:00:23 00:00:29 tt-3270 AM084_1990_GV_SU2012_SB_06 @Gram:Prep:Para 
"<mantener>"
	"mantener" Verb VLinf Infinitive lang:es 00:00:23 00:00:29 tt-3271 AM084_1990_GV_SU2012_SB_06 
"<,>"
	"," Punctuation CM lang:es 00:00:23 00:00:29 tt-3272 AM084_1990_GV_SU2012_SB_06 
"<antes>"
	"antes" Adverb ADV lang:es 00:00:23 00:00:29 tt-3273 AM084_1990_GV_SU2012_SB_06 
"<para>"
	"para" Preposition PREP lang:es 00:00:23 00:00:29 tt-3274 AM084_1990_GV_SU2012_SB_06 @Gram:Prep:Para 
"<mantenernos>"
	"mantener" Verb VLinf Infinitive lang:es 00:00:23 00:00:29 tt-3275 AM084_1990_GV_SU2012_SB_06 
"<a>"
	"a" Preposition PREP lang:es 00:00:23 00:00:29 tt-3276 AM084_1990_GV_SU2012_SB_06 @Gram:Prep 
"<nosotros>"
	"nosotros" Pronoun PPX Plural lang:es 00:00:23 00:00:29 tt-3277 AM084_1990_GV_SU2012_SB_06 @Gram:Pron:Sujeto 
"<$.>"
	"." Punctuation FS lang:es 00:00:23 00:00:29 tt-3278 AM084_1990_GV_SU2012_SB_06 

"<Trabajaba>"
	"trabajar" Verb VLfin Imp Indi Sing 1st_or_3rd lang:es 00:00:23 00:00:29 tt-3279 AM084_1990_GV_SU2012_SB_06 @Gram:Imperf 
"<para>"
	"para" Preposition PREP lang:es 00:00:23 00:00:29 tt-3280 AM084_1990_GV_SU2012_SB_06 @Gram:Prep:Para 
"<nosotros>"
	"nosotros" Pronoun PPX Plural lang:es 00:00:23 00:00:29 tt-3281 AM084_1990_GV_SU2012_SB_06 @Gram:Pron:Sujeto 
"<$.>"
	"." Punctuation FS lang:es 00:00:23 00:00:29 tt-3282 AM084_1990_GV_SU2012_SB_06 

"<Él>"
	"él" Pronoun PPX Singular lang:es 00:00:23 00:00:29 tt-3283 AM084_1990_GV_SU2012_SB_06 @Gram:Pron:Sujeto 
"<nunca>"
	"nunca" Adverb ADV lang:es 00:00:23 00:00:29 tt-3284 AM084_1990_GV_SU2012_SB_06 
"<se>"
	"se" Other SE lang:es 00:00:23 00:00:29 tt-3285 AM084_1990_GV_SU2012_SB_06 
"<compró>"
	"comprar" Verb VLfin Pret Indi Sing 3rd lang:es 00:00:23 00:00:29 tt-3286 AM084_1990_GV_SU2012_SB_06 @Gram:Indefinido 
"<nada>"
	"nada" Determiner QU lang:es 00:00:29 00:00:34 tt-3287 AM084_1990_GV_SU2012_SB_06 
"<,>"
	"," Punctuation CM lang:es 00:00:29 00:00:34 tt-3288 AM084_1990_GV_SU2012_SB_06 
"<$¿>"
	"¿" Punctuation FS lang:es 00:00:29 00:00:34 tt-3289 AM084_1990_GV_SU2012_SB_06 
"<verdad>"
	"verdad" Noun NC Singular lang:es 00:00:29 00:00:34 tt-3290 AM084_1990_GV_SU2012_SB_06 
"<$?>"
	"?" Punctuation FS lang:es 00:00:29 00:00:34 tt-3291 AM084_1990_GV_SU2012_SB_06 

"<Yo>"
	"yo" Pronoun PPX Singular lang:es 00:00:29 00:00:34 tt-3292 AM084_1990_GV_SU2012_SB_06 @Gram:Pron:Sujeto 
"<nunca>"
	"nunca" Adverb ADV lang:es 00:00:29 00:00:34 tt-3293 AM084_1990_GV_SU2012_SB_06 
"<he>"
	"haber" Verb VHfin Pres Indi Sing 1st lang:es 00:00:29 00:00:34 tt-3294 AM084_1990_GV_SU2012_SB_06 ID:101 R:Gram:Aux:Haber:102 R:Gram:PerfPerif:102 
"<visto>"
	"ver" Verb VLadj lang:es 00:00:29 00:00:34 tt-3295 AM084_1990_GV_SU2012_SB_06 ID:102 
"<a>"
	"a" Preposition PREP lang:es 00:00:29 00:00:34 tt-3296 AM084_1990_GV_SU2012_SB_06 @Gram:Prep 
"<mi>"
	"mío" Pronoun PPO Singular lang:es 00:00:29 00:00:34 tt-3297 AM084_1990_GV_SU2012_SB_06 @Gram:Det:Pos 
"<mamá>"
	"mamá" Noun NC Singular lang:es 00:00:29 00:00:34 tt-3298 AM084_1990_GV_SU2012_SB_06 
"<comprarse>"
	"comprar" Verb VLinf Pres Subj Sing 1st_or_3rd lang:es 00:00:29 00:00:34 tt-3299 AM084_1990_GV_SU2012_SB_06 @Gram:MSub:Pres 
"<ropa>"
	"ropa" Noun NC Singular lang:es 00:00:29 00:00:34 tt-3300 AM084_1990_GV_SU2012_SB_06 
"<$.>"
	"." Punctuation FS lang:es 00:00:29 00:00:34 tt-3301 AM084_1990_GV_SU2012_SB_06 

"<Nunca>"
	"nunca" Adverb ADV lang:es 00:00:29 00:00:34 tt-3302 AM084_1990_GV_SU2012_SB_06 
"<he>"
	"haber" Verb VHfin Pres Indi Sing 1st lang:es 00:00:29 00:00:34 tt-3303 AM084_1990_GV_SU2012_SB_06 ID:110 R:Gram:Aux:Haber:111 R:Gram:PerfPerif:111 
"<visto>"
	"ver" Verb VLadj lang:es 00:00:29 00:00:34 tt-3304 AM084_1990_GV_SU2012_SB_06 ID:111 
"<que>"
	"que" Conjunction CQUE lang:es 00:00:29 00:00:34 tt-3305 AM084_1990_GV_SU2012_SB_06 
"<vaya>"
	"ir" Verb VLfin Pres Subj Sing 1st_or_3rd lang:es 00:00:29 00:00:34 tt-3306 AM084_1990_GV_SU2012_SB_06 @Gram:MSub:Pres 
"<a>"
	"a" Preposition PREP lang:es 00:00:29 00:00:34 tt-3307 AM084_1990_GV_SU2012_SB_06 @Gram:Prep 
"<Macy´s>"
	"UNK" Noun NP Plural lang:es 00:00:34 00:00:39 tt-3308 AM084_1990_GV_SU2012_SB_06 
"<,>"
	"," Punctuation CM lang:es 00:00:34 00:00:39 tt-3309 AM084_1990_GV_SU2012_SB_06 
"<nunca>"
	"nunca" Adverb ADV lang:es 00:00:34 00:00:39 tt-3310 AM084_1990_GV_SU2012_SB_06 
"<,>"
	"," Punctuation CM lang:es 00:00:34 00:00:39 tt-3311 AM084_1990_GV_SU2012_SB_06 
"<nunca>"
	"nunca" Adverb ADV lang:es 00:00:34 00:00:39 tt-3312 AM084_1990_GV_SU2012_SB_06 
"<,>"
	"," Punctuation CM lang:es 00:00:34 00:00:39 tt-3313 AM084_1990_GV_SU2012_SB_06 
"<nunca>"
	"nunca" Adverb ADV lang:es 00:00:34 00:00:39 tt-3314 AM084_1990_GV_SU2012_SB_06 
"<$.>"
	"." Punctuation FS lang:es 00:00:34 00:00:39 tt-3315 AM084_1990_GV_SU2012_SB_06 

"<Nada>"
	"nada" Determiner QU lang:es 00:00:34 00:00:39 tt-3316 AM084_1990_GV_SU2012_SB_06 
"<más>"
	"más" Adverb ADV lang:es 00:00:34 00:00:39 tt-3317 AM084_1990_GV_SU2012_SB_06 
"<cuando>"
	"cuando" Conjunction CSUBX lang:es 00:00:34 00:00:39 tt-3318 AM084_1990_GV_SU2012_SB_06 
"<yo>"
	"yo" Pronoun PPX Singular lang:es 00:00:34 00:00:39 tt-3319 AM084_1990_GV_SU2012_SB_06 @Gram:Pron:Sujeto 
"<le>"
	"él" Pronoun PPC Singular lang:es 00:00:34 00:00:39 tt-3320 AM084_1990_GV_SU2012_SB_06 @Gram:Pron:Objeto 
"<compro>"
	"comprar" Verb VLfin Pres Indi Sing 1st lang:es 00:00:34 00:00:39 tt-3321 AM084_1990_GV_SU2012_SB_06 
"<ropa>"
	"ropa" Noun NC Singular lang:es 00:00:34 00:00:39 tt-3322 AM084_1990_GV_SU2012_SB_06 
"<allí>"
	"allí" Adverb ADV lang:es 00:00:34 00:00:39 tt-3323 AM084_1990_GV_SU2012_SB_06 
"<,>"
	"," Punctuation CM lang:es 00:00:34 00:00:39 tt-3324 AM084_1990_GV_SU2012_SB_06 
"<nunca>"
	"nunca" Adverb ADV lang:es 00:00:34 00:00:39 tt-3325 AM084_1990_GV_SU2012_SB_06 
"<se>"
	"se" Other SE lang:es 00:00:34 00:00:39 tt-3326 AM084_1990_GV_SU2012_SB_06 
"<había>"
	"haber" Verb VHfin Imp Indi Sing 1st_or_3rd lang:es 00:00:34 00:00:39 tt-3327 AM084_1990_GV_SU2012_SB_06 
"<ido>"
	"ir" Verb VLadj lang:es 00:00:34 00:00:39 tt-3328 AM084_1990_GV_SU2012_SB_06 
"<ella>"
	"él" Pronoun PPX Singular lang:es 00:00:39 00:00:44 tt-3329 AM084_1990_GV_SU2012_SB_06 @Gram:Pron:Sujeto 
"<sola>"
	"solo" Adjective ADJ Singular lang:es 00:00:39 00:00:44 tt-3330 AM084_1990_GV_SU2012_SB_06 
"<allí>"
	"allí" Adverb ADV lang:es 00:00:39 00:00:44 tt-3331 AM084_1990_GV_SU2012_SB_06 
"<$.>"
	"." Punctuation FS lang:es 00:00:39 00:00:44 tt-3332 AM084_1990_GV_SU2012_SB_06 

"<Siempre>"
	"siempre" Adverb ADV lang:es 00:00:39 00:00:44 tt-3333 AM084_1990_GV_SU2012_SB_06 
"<no>"
	"no" Adverb ADV lang:es 00:00:39 00:00:44 tt-3334 AM084_1990_GV_SU2012_SB_06 
"<más>"
	"más" Adverb ADV lang:es 00:00:39 00:00:44 tt-3335 AM084_1990_GV_SU2012_SB_06 
"<nos>"
	"nosotros" Pronoun PPX Plural lang:es 00:00:39 00:00:44 tt-3336 AM084_1990_GV_SU2012_SB_06 @Gram:Pron:Objeto 
"<compraba>"
	"comprar" Verb VLfin Imp Indi Sing 1st_or_3rd lang:es 00:00:39 00:00:44 tt-3337 AM084_1990_GV_SU2012_SB_06 @Gram:Imperf 
"<ropa>"
	"ropa" Noun NC Singular lang:es 00:00:39 00:00:44 tt-3338 AM084_1990_GV_SU2012_SB_06 
"<a>"
	"a" Preposition PREP lang:es 00:00:39 00:00:44 tt-3339 AM084_1990_GV_SU2012_SB_06 @Gram:Prep 
"<nosotros>"
	"nosotros" Pronoun PPX Plural lang:es 00:00:39 00:00:44 tt-3340 AM084_1990_GV_SU2012_SB_06 @Gram:Pron:Sujeto 
"<$.>"
	"." Punctuation FS lang:es 00:00:39 00:00:44 tt-3341 AM084_1990_GV_SU2012_SB_06 

"<Siempre>"
	"siempre" Adverb ADV lang:es 00:00:39 00:00:44 tt-3342 AM084_1990_GV_SU2012_SB_06 
"<prefiere>"
	"preferir" Verb VLfin Pres Indi Sing 3rd lang:es 00:00:39 00:00:44 tt-3343 AM084_1990_GV_SU2012_SB_06 
"<darles>"
	"dar" Verb VLinf Pres Subj Sing 2nd lang:es 00:00:39 00:00:44 tt-3344 AM084_1990_GV_SU2012_SB_06 @Gram:MSub:Pres 
"<a>"
	"a" Preposition PREP lang:es 00:00:39 00:00:44 tt-3345 AM084_1990_GV_SU2012_SB_06 @Gram:Prep 
"<los>"
	"el" Determiner ART Plural Masc lang:es 00:00:44 00:00:50 tt-3346 AM084_1990_GV_SU2012_SB_06 @Gram:Det:Art 
"<otros>"
	"otro" Determiner QU lang:es 00:00:44 00:00:50 tt-3347 AM084_1990_GV_SU2012_SB_06 
"<$.>"
	"." Punctuation FS lang:es 00:00:44 00:00:50 tt-3348 AM084_1990_GV_SU2012_SB_06 

"<Y>"
	"y" Conjunction CC lang:es 00:00:44 00:00:50 tt-3349 AM084_1990_GV_SU2012_SB_06 
"<yo>"
	"yo" Pronoun PPX Singular lang:es 00:00:44 00:00:50 tt-3350 AM084_1990_GV_SU2012_SB_06 @Gram:Pron:Sujeto 
"<me>"
	"yo" Pronoun PPX Singular lang:es 00:00:44 00:00:50 tt-3351 AM084_1990_GV_SU2012_SB_06 @Gram:Pron:Objeto 
"<acuerdo>"
	"acuerdo" Noun NC Singular lang:es 00:00:44 00:00:50 tt-3352 AM084_1990_GV_SU2012_SB_06 
"<también>"
	"también" Adverb ADV lang:es 00:00:44 00:00:50 tt-3353 AM084_1990_GV_SU2012_SB_06 @Prag:MarcadoresDisc:Igualdad 
"<cuando>"
	"cuando" Conjunction CSUBX lang:es 00:00:44 00:00:50 tt-3354 AM084_1990_GV_SU2012_SB_06 
"<era>"
	"ser" Verb VEfin Imp Indi Sing 1st_or_3rd lang:es 00:00:44 00:00:50 tt-3355 AM084_1990_GV_SU2012_SB_06 @Gram:Imperf @Gram:SerEstar:Ser 
"<chiquito>"
	"chico" Adjective ADJ Singular lang:es 00:00:44 00:00:50 tt-3356 AM084_1990_GV_SU2012_SB_06 
"<es>"
	"ser" Verb VSfin Pres Indi Sing 3rd lang:es 00:00:44 00:00:50 tt-3357 AM084_1990_GV_SU2012_SB_06 @Gram:SerEstar:Ser 
"<de>"
	"de" Preposition PREP lang:es 00:00:44 00:00:50 tt-3358 AM084_1990_GV_SU2012_SB_06 @Gram:Prep 
"<verdad>"
	"verdad" Noun NC Singular lang:es 00:00:44 00:00:50 tt-3359 AM084_1990_GV_SU2012_SB_06 
"<ya>"
	"ya" Conjunction CSUBF lang:es 00:00:44 00:00:50 tt-3360 AM084_1990_GV_SU2012_SB_06 
"<que>"
	"que" Conjunction CSUBF lang:es 00:00:44 00:00:50 tt-3361 AM084_1990_GV_SU2012_SB_06 
"<estás>"
	"estar" Verb VEfin Pres Indi Sing 2nd lang:es 00:00:44 00:00:50 tt-3362 AM084_1990_GV_SU2012_SB_06 @Gram:SerEstar:Estar 
"<grandes>"
	"grande" Adjective ADJ Plural lang:es 00:00:44 00:00:50 tt-3363 AM084_1990_GV_SU2012_SB_06 
"<ya>"
	"ya" Adverb ADV lang:es 00:00:50 00:00:55 tt-3364 AM084_1990_GV_SU2012_SB_06 
"<ves>"
	"ver" Verb VLfin Pres Indi Sing 2nd lang:es 00:00:50 00:00:55 tt-3365 AM084_1990_GV_SU2012_SB_06 
"<las>"
	"el" Determiner ART Plural Fem lang:es 00:00:50 00:00:55 tt-3366 AM084_1990_GV_SU2012_SB_06 @Gram:Det:Art 
"<cosas>"
	"cosa" Noun NC Plural lang:es 00:00:50 00:00:55 tt-3367 AM084_1990_GV_SU2012_SB_06 
"<diferente>"
	"diferente" Adjective ADJ Singular lang:es 00:00:50 00:00:55 tt-3368 AM084_1990_GV_SU2012_SB_06 
"<$.>"
	"." Punctuation FS lang:es 00:00:50 00:00:55 tt-3369 AM084_1990_GV_SU2012_SB_06 

"<Porque>"
	"porque" Conjunction CSUBX lang:es 00:00:50 00:00:55 tt-3370 AM084_1990_GV_SU2012_SB_06 @Prag:MarcadoresDisc:Causa 
"<antes>"
	"antes" Adverb ADV lang:es 00:00:50 00:00:55 tt-3371 AM084_1990_GV_SU2012_SB_06 
"<dije>"
	"decir" Verb VLfin Pret Indi Sing 1st lang:es 00:00:50 00:00:55 tt-3372 AM084_1990_GV_SU2012_SB_06 @Gram:Indefinido 
"<ay>"
	"ay" Noun NP Singular lang:es 00:00:50 00:00:55 tt-3373 AM084_1990_GV_SU2012_SB_06 
"<quiero>"
	"querer" Verb VLfin Pres Indi Sing 1st lang:es 00:00:50 00:00:55 tt-3374 AM084_1990_GV_SU2012_SB_06 
"<zapatos>"
	"zapato" Noun NC Plural lang:es 00:00:50 00:00:55 tt-3375 AM084_1990_GV_SU2012_SB_06 
"<nuevos>"
	"nuevo" Adjective ADJ Plural lang:es 00:00:50 00:00:55 tt-3376 AM084_1990_GV_SU2012_SB_06 
"<$.>"
	"." Punctuation FS lang:es 00:00:50 00:00:55 tt-3377 AM084_1990_GV_SU2012_SB_06 

"<Yo>"
	"yo" Pronoun PPX Singular lang:es 00:00:50 00:00:55 tt-3378 AM084_1990_GV_SU2012_SB_06 @Gram:Pron:Sujeto 
"<quiero>"
	"querer" Verb VLfin Pres Indi Sing 1st lang:es 00:00:50 00:00:55 tt-3379 AM084_1990_GV_SU2012_SB_06 
"<ropa>"
	"ropa" Noun NC Singular lang:es 00:00:50 00:00:55 tt-3380 AM084_1990_GV_SU2012_SB_06 
"<mejor>"
	"bueno" Adjective ADJ Singular lang:es 00:00:55 00:00:59 tt-3381 AM084_1990_GV_SU2012_SB_06 
"<$.>"
	"." Punctuation FS lang:es 00:00:55 00:00:59 tt-3382 AM084_1990_GV_SU2012_SB_06 

"<Yo>"
	"yo" Pronoun PPX Singular lang:es 00:00:55 00:00:59 tt-3383 AM084_1990_GV_SU2012_SB_06 @Gram:Pron:Sujeto 
"<quiero>"
	"querer" Verb VLfin Pres Indi Sing 1st lang:es 00:00:55 00:00:59 tt-3384 AM084_1990_GV_SU2012_SB_06 
"<cosas>"
	"cosa" Noun NC Plural lang:es 00:00:55 00:00:59 tt-3385 AM084_1990_GV_SU2012_SB_06 
"<mejores>"
	"bueno" Adjective ADJ Plural lang:es 00:00:55 00:00:59 tt-3386 AM084_1990_GV_SU2012_SB_06 
"<$.>"
	"." Punctuation FS lang:es 00:00:55 00:00:59 tt-3387 AM084_1990_GV_SU2012_SB_06 

"<Ahora>"
	"ahora" Adverb ADV lang:es 00:00:55 00:00:59 tt-3388 AM084_1990_GV_SU2012_SB_06 
"<que>"
	"que" Conjunction CQUE lang:es 00:00:55 00:00:59 tt-3389 AM084_1990_GV_SU2012_SB_06 
"<estoy>"
	"estar" Verb VEfin Pres Indi Sing 1st lang:es 00:00:55 00:00:59 tt-3390 AM084_1990_GV_SU2012_SB_06 @Gram:SerEstar:Estar 
"<grande>"
	"grande" Adjective ADJ Singular lang:es 00:00:55 00:00:59 tt-3391 AM084_1990_GV_SU2012_SB_06 
"<y>"
	"y" Conjunction CC lang:es 00:00:55 00:00:59 tt-3392 AM084_1990_GV_SU2012_SB_06 
"<que>"
	"que" Conjunction CQUE lang:es 00:00:55 00:00:59 tt-3393 AM084_1990_GV_SU2012_SB_06 
"<yo>"
	"yo" Pronoun PPX Singular lang:es 00:00:55 00:00:59 tt-3394 AM084_1990_GV_SU2012_SB_06 @Gram:Pron:Sujeto 
"<trabajo>"
	"trabajo" Noun NC Singular lang:es 00:00:55 00:00:59 tt-3395 AM084_1990_GV_SU2012_SB_06 
"<ay>"
	"ay" Noun NP Singular lang:es 00:00:55 00:00:59 tt-3396 AM084_1990_GV_SU2012_SB_06 
"<no>"
	"no" Adverb NEG lang:es 00:00:55 00:00:59 tt-3397 AM084_1990_GV_SU2012_SB_06 
"<,>"
	"," Punctuation CM lang:es 00:00:55 00:00:59 tt-3398 AM084_1990_GV_SU2012_SB_06 
"<cuestan>"
	"costar" Verb VLfin Pres Indi Plural 3rd lang:es 00:00:55 00:00:59 tt-3399 AM084_1990_GV_SU2012_SB_06 
"<mucho>"
	"mucho" Adverb ADV lang:es 00:00:59 00:01:04 tt-3400 AM084_1990_GV_SU2012_SB_06 
"<$.>"
	"." Punctuation FS lang:es 00:00:59 00:01:04 tt-3401 AM084_1990_GV_SU2012_SB_06 

"<Cuestan>"
	"costar" Verb VLfin Pres Indi Plural 3rd lang:es 00:00:59 00:01:04 tt-3402 AM084_1990_GV_SU2012_SB_06 
"<mucho>"
	"mucho" Adverb ADV lang:es 00:00:59 00:01:04 tt-3403 AM084_1990_GV_SU2012_SB_06 
"<$.>"
	"." Punctuation FS lang:es 00:00:59 00:01:04 tt-3404 AM084_1990_GV_SU2012_SB_06 

"<No>"
	"no" Adverb NEG lang:es 00:00:59 00:01:04 tt-3405 AM084_1990_GV_SU2012_SB_06 
"<me>"
	"yo" Pronoun PPX Singular lang:es 00:00:59 00:01:04 tt-3406 AM084_1990_GV_SU2012_SB_06 @Gram:Pron:Objeto 
"<las>"
	"él" Pronoun PPC Plural lang:es 00:00:59 00:01:04 tt-3407 AM084_1990_GV_SU2012_SB_06 @Gram:Pron:Objeto 
"<quiero>"
	"querer" Verb VLfin Pres Indi Sing 1st lang:es 00:00:59 00:01:04 tt-3408 AM084_1990_GV_SU2012_SB_06 
"<comprar>"
	"comprar" Verb VLinf Infinitive lang:es 00:00:59 00:01:04 tt-3409 AM084_1990_GV_SU2012_SB_06 
"<$.>"
	"." Punctuation FS lang:es 00:00:59 00:01:04 tt-3410 AM084_1990_GV_SU2012_SB_06 

"<Y>"
	"y" Conjunction CC lang:es 00:00:59 00:01:04 tt-3411 AM084_1990_GV_SU2012_SB_06 
"<ves>"
	"ver" Verb VLfin Pres Indi Sing 2nd lang:es 00:00:59 00:01:04 tt-3412 AM084_1990_GV_SU2012_SB_06 
"<y>"
	"y" Conjunction CC lang:es 00:00:59 00:01:04 tt-3413 AM084_1990_GV_SU2012_SB_06 
"<antes>"
	"antes" Adverb ADV lang:es 00:00:59 00:01:04 tt-3414 AM084_1990_GV_SU2012_SB_06 
"<dije>"
	"dije" Noun NC Singular lang:es 00:00:59 00:01:04 tt-3415 AM084_1990_GV_SU2012_SB_06 
"<ay>"
	"ay" Noun NP Singular lang:es 00:00:59 00:01:04 tt-3416 AM084_1990_GV_SU2012_SB_06 
"<amá>"
	"UNK" Verb VLfin Pres Command Sing 2nd lang:es 00:00:59 00:01:04 tt-3417 AM084_1990_GV_SU2012_SB_06 @Gram:MImp:Informal 
"<,>"
	"," Punctuation CM lang:es 00:00:59 00:01:04 tt-3418 AM084_1990_GV_SU2012_SB_06 
"<nunca>"
	"nunca" Adverb ADV lang:es 00:00:59 00:01:04 tt-3419 AM084_1990_GV_SU2012_SB_06 
"<me>"
	"yo" Pronoun PPX Singular lang:es 00:00:59 00:01:04 tt-3420 AM084_1990_GV_SU2012_SB_06 @Gram:Pron:Objeto 
"<compras>"
	"comprar" Verb VLfin Pres Indi Sing 2nd lang:es 00:00:59 00:01:04 tt-3421 AM084_1990_GV_SU2012_SB_06 
"<nada>"
	"nada" Determiner QU lang:es 00:01:04 00:01:08 tt-3422 AM084_1990_GV_SU2012_SB_06 
"<tú>"
	"tú" Pronoun PPX Singular lang:es 00:01:04 00:01:08 tt-3423 AM084_1990_GV_SU2012_SB_06 @Gram:Pron:Sujeto 
"<$.>"
	"." Punctuation FS lang:es 00:01:04 00:01:08 tt-3424 AM084_1990_GV_SU2012_SB_06 

"<Nunca>"
	"nunca" Adverb ADV lang:es 00:01:04 00:01:08 tt-3425 AM084_1990_GV_SU2012_SB_06 
"<me>"
	"yo" Pronoun PPX Singular lang:es 00:01:04 00:01:08 tt-3426 AM084_1990_GV_SU2012_SB_06 @Gram:Pron:Objeto 
"<compras>"
	"comprar" Verb VLfin Pres Indi Sing 2nd lang:es 00:01:04 00:01:08 tt-3427 AM084_1990_GV_SU2012_SB_06 
"<tenis>"
	"tenis" Noun NC Plural lang:es 00:01:04 00:01:08 tt-3428 AM084_1990_GV_SU2012_SB_06 
"<nuevos>"
	"nuevo" Adjective ADJ Plural lang:es 00:01:04 00:01:08 tt-3429 AM084_1990_GV_SU2012_SB_06 
"<$.>"
	"." Punctuation FS lang:es 00:01:04 00:01:08 tt-3430 AM084_1990_GV_SU2012_SB_06 

"<Pues>"
	"pues" Conjunction CSUBF lang:es 00:01:04 00:01:08 tt-3431 AM084_1990_GV_SU2012_SB_06 
"<,>"
	"," Punctuation CM lang:es 00:01:04 00:01:08 tt-3432 AM084_1990_GV_SU2012_SB_06 
"<no>"
	"no" Adverb NEG lang:es 00:01:04 00:01:08 tt-3433 AM084_1990_GV_SU2012_SB_06 
"<tenía>"
	"tener" Verb VLfin Imp Indi Sing 1st_or_3rd lang:es 00:01:04 00:01:08 tt-3434 AM084_1990_GV_SU2012_SB_06 @Gram:Imperf 
"<dinero>"
	"dinero" Noun NC Singular lang:es 00:01:04 00:01:08 tt-3435 AM084_1990_GV_SU2012_SB_06 
"<para>"
	"para" Preposition PREP lang:es 00:01:04 00:01:08 tt-3436 AM084_1990_GV_SU2012_SB_06 @Gram:Prep:Para 
"<comprarnos>"
	"comprar" Verb VLinf Infinitive lang:es 00:01:04 00:01:08 tt-3437 AM084_1990_GV_SU2012_SB_06 
"<a>"
	"a" Preposition PREP lang:es 00:01:04 00:01:08 tt-3438 AM084_1990_GV_SU2012_SB_06 @Gram:Prep 
"<todos>"
	"todo" Determiner QU lang:es 00:01:04 00:01:08 tt-3439 AM084_1990_GV_SU2012_SB_06 
"<tenis>"
	"tenis" Noun NC Plural lang:es 00:01:04 00:01:08 tt-3440 AM084_1990_GV_SU2012_SB_06 
"<nuevos>"
	"nuevo" Adjective ADJ Plural lang:es 00:01:08 00:01:15 tt-3441 AM084_1990_GV_SU2012_SB_06 
"<$.>"
	"." Punctuation FS lang:es 00:01:08 00:01:15 tt-3442 AM084_1990_GV_SU2012_SB_06 

"<Y>"
	"y" Conjunction CC lang:es 00:01:08 00:01:15 tt-3443 AM084_1990_GV_SU2012_SB_06 
"<ahora>"
	"ahora" Adverb ADV lang:es 00:01:08 00:01:15 tt-3444 AM084_1990_GV_SU2012_SB_06 
"<que>"
	"que" Conjunction CQUE lang:es 00:01:08 00:01:15 tt-3445 AM084_1990_GV_SU2012_SB_06 
"<yo>"
	"yo" Pronoun PPX Singular lang:es 00:01:08 00:01:15 tt-3446 AM084_1990_GV_SU2012_SB_06 @Gram:Pron:Sujeto 
"<sé>"
	"saber|ser" Verb VLfin Pres Indi Sing 1st lang:es 00:01:08 00:01:15 tt-3447 AM084_1990_GV_SU2012_SB_06 
"<lo>"
	"el" Determiner ART Singular lang:es 00:01:08 00:01:15 tt-3448 AM084_1990_GV_SU2012_SB_06 
"<que>"
	"que" Conjunction CQUE lang:es 00:01:08 00:01:15 tt-3449 AM084_1990_GV_SU2012_SB_06 
"<cuestan>"
	"costar" Verb VLfin Pres Indi Plural 3rd lang:es 00:01:08 00:01:15 tt-3450 AM084_1990_GV_SU2012_SB_06 
"<las>"
	"el" Determiner ART Plural Fem lang:es 00:01:08 00:01:15 tt-3451 AM084_1990_GV_SU2012_SB_06 @Gram:Det:Art 
"<cosas>"
	"cosa" Noun NC Plural lang:es 00:01:08 00:01:15 tt-3452 AM084_1990_GV_SU2012_SB_06 
"<pues>"
	"pues" Conjunction CSUBF lang:es 00:01:08 00:01:15 tt-3453 AM084_1990_GV_SU2012_SB_06 
"<es>"
	"ser" Verb VSfin Pres Indi Sing 3rd lang:es 00:01:08 00:01:15 tt-3454 AM084_1990_GV_SU2012_SB_06 @Gram:SerEstar:Ser 
"<gran>"
	"grande" Adjective ADJ Singular lang:es 00:01:08 00:01:15 tt-3455 AM084_1990_GV_SU2012_SB_06 
"<diferencia>"
	"diferencia" Noun NC Singular lang:es 00:01:08 00:01:15 tt-3456 AM084_1990_GV_SU2012_SB_06 
"<$.>"
	"." Punctuation FS lang:es 00:01:08 00:01:15 tt-3457 AM084_1990_GV_SU2012_SB_06 

"<Tú>"
	"tú" Pronoun PPX Singular lang:es 00:01:08 00:01:15 tt-3458 AM084_1990_GV_SU2012_SB_06 @Gram:Pron:Sujeto 
"<la>"
	"él" Pronoun PPC Singular lang:es 00:01:08 00:01:15 tt-3459 AM084_1990_GV_SU2012_SB_06 @Gram:Pron:Objeto 
"<ves>"
	"ver" Verb VLfin Pres Indi Sing 2nd lang:es 00:01:08 00:01:15 tt-3460 AM084_1990_GV_SU2012_SB_06 
"<$.>"
	"." Punctuation FS lang:es 00:01:08 00:01:15 tt-3461 AM084_1990_GV_SU2012_SB_06 
</speaker>
<speaker type="int">

"<Sí>"
	"sí" Adverb ADV lang:es 00:01:15 00:01:18 tt-3462 AM084_1990_GV_SU2012_SB_06 
"<,>"
	"," Punctuation CM lang:es 00:01:15 00:01:18 tt-3463 AM084_1990_GV_SU2012_SB_06 
"<ha>"
	"haber" Verb VHfin Pres Indi Sing 3rd lang:es 00:01:15 00:01:18 tt-3464 AM084_1990_GV_SU2012_SB_06 ID:271 R:Gram:Aux:Haber:272 R:Gram:PerfPerif:272 
"<cambiado>"
	"cambiar" Verb VLadj lang:es 00:01:15 00:01:18 tt-3465 AM084_1990_GV_SU2012_SB_06 ID:272 
"<entonces>"
	"entonces" Adverb ADV lang:es 00:01:15 00:01:18 tt-3466 AM084_1990_GV_SU2012_SB_06 
"<mucho>"
	"mucho" Determiner QU lang:es 00:01:15 00:01:18 tt-3467 AM084_1990_GV_SU2012_SB_06 
"<tu>"
	"tú" Pronoun PPX Singular lang:es 00:01:15 00:01:18 tt-3468 AM084_1990_GV_SU2012_SB_06 @Gram:Det:Pos 
"<manera>"
	"manera" Noun NC Singular lang:es 00:01:15 00:01:18 tt-3469 AM084_1990_GV_SU2012_SB_06 
"<de>"
	"de" Preposition PREP lang:es 00:01:15 00:01:18 tt-3470 AM084_1990_GV_SU2012_SB_06 @Gram:Prep 
"<ver>"
	"ver" Verb VLinf Infinitive lang:es 00:01:15 00:01:18 tt-3471 AM084_1990_GV_SU2012_SB_06 
"<$.>"
	"." Punctuation FS lang:es 00:01:15 00:01:18 tt-3472 AM084_1990_GV_SU2012_SB_06 
</speaker>
<speaker type="subj">

"<La>"
	"el" Determiner ART Singular Fem lang:es 00:01:18 00:01:23 tt-3473 AM084_1990_GV_SU2012_SB_06 @Gram:Det:Art 
"<vida>"
	"vida" Noun NC Singular lang:es 00:01:18 00:01:23 tt-3474 AM084_1990_GV_SU2012_SB_06 
"<es>"
	"ser" Verb VSfin Pres Indi Sing 3rd lang:es 00:01:18 00:01:23 tt-3475 AM084_1990_GV_SU2012_SB_06 @Gram:SerEstar:Ser 
"<dura>"
	"durar" Verb VLfin Pres Indi Sing 3rd lang:es 00:01:18 00:01:23 tt-3476 AM084_1990_GV_SU2012_SB_06 
"<$.>"
	"." Punctuation FS lang:es 00:01:18 00:01:23 tt-3477 AM084_1990_GV_SU2012_SB_06 

"<Nada>"
	"nada" Determiner QU lang:es 00:01:18 00:01:23 tt-3478 AM084_1990_GV_SU2012_SB_06 
"<es>"
	"ser" Verb VSfin Pres Indi Sing 3rd lang:es 00:01:18 00:01:23 tt-3479 AM084_1990_GV_SU2012_SB_06 @Gram:SerEstar:Ser 
"<gratis>"
	"gratis" Adverb ADV lang:es 00:01:18 00:01:23 tt-3480 AM084_1990_GV_SU2012_SB_06 
"<$.>"
	"." Punctuation FS lang:es 00:01:18 00:01:23 tt-3481 AM084_1990_GV_SU2012_SB_06 

"<Nada>"
	"nada" Determiner QU lang:es 00:01:18 00:01:23 tt-3482 AM084_1990_GV_SU2012_SB_06 
"<es>"
	"ser" Verb VSfin Pres Indi Sing 3rd lang:es 00:01:18 00:01:23 tt-3483 AM084_1990_GV_SU2012_SB_06 @Gram:SerEstar:Ser 
"<gratis>"
	"gratis" Adverb ADV lang:es 00:01:18 00:01:23 tt-3484 AM084_1990_GV_SU2012_SB_06 
"<$.>"
	"." Punctuation FS lang:es 00:01:18 00:01:23 tt-3485 AM084_1990_GV_SU2012_SB_06 
</speaker>
</text>

