<text id="MF017_1959_EP_SU2011_AD_02">
<speaker type="subj">
"<Sí>"
	"sí" Adverb ADV lang:es 00:00:00 00:00:07 tt-536 MF017_1959_EP_SU2011_AD_02 
"<,>"
	"," Punctuation CM lang:es 00:00:00 00:00:07 tt-537 MF017_1959_EP_SU2011_AD_02 
"<cuando>"
	"cuando" Conjunction CSUBX lang:es 00:00:00 00:00:07 tt-538 MF017_1959_EP_SU2011_AD_02 
"<estaba>"
	"estar" Verb VEfin Imp Indi Sing 1st_or_3rd lang:es 00:00:00 00:00:07 tt-539 MF017_1959_EP_SU2011_AD_02 @Gram:Imperf @Gram:SerEstar:Estar ADD:645 ADD:778 
"<en>"
	"en" Preposition PREP lang:es 00:00:00 00:00:07 tt-540 MF017_1959_EP_SU2011_AD_02 @Gram:Prep ADD:580 
"<la>"
	"el" Determiner ART Singular Fem lang:es 00:00:00 00:00:07 tt-541 MF017_1959_EP_SU2011_AD_02 @Gram:Det:Art ADD:395 
"<primaria>"
	"primario" Adjective ADJ Singular lang:es 00:00:00 00:00:07 tt-542 MF017_1959_EP_SU2011_AD_02 
"<recuerdo>"
	"recordar" Verb VLfin Pres Indi Sing 1st lang:es 00:00:00 00:00:07 tt-543 MF017_1959_EP_SU2011_AD_02 
"<que>"
	"que" Conjunction CQUE lang:es 00:00:00 00:00:07 tt-544 MF017_1959_EP_SU2011_AD_02 
"<me>"
	"yo" Pronoun PPX Singular lang:es 00:00:00 00:00:07 tt-545 MF017_1959_EP_SU2011_AD_02 @Gram:Pron:Objeto ADD:614 
"<daban>"
	"dar" Verb VLfin Imp Indi Plural 3rd lang:es 00:00:00 00:00:07 tt-546 MF017_1959_EP_SU2011_AD_02 @Gram:Imperf ADD:645 
"<mi>"
	"mío" Pronoun PPO Singular lang:es 00:00:00 00:00:07 tt-547 MF017_1959_EP_SU2011_AD_02 @Gram:Det:Pos ADD:425 
"<lonche>"
	"UNK" Noun NC Singular lang:es 00:00:00 00:00:07 tt-548 MF017_1959_EP_SU2011_AD_02 
"<y>"
	"y" Conjunction CC lang:es 00:00:00 00:00:07 tt-549 MF017_1959_EP_SU2011_AD_02 
"<me>"
	"yo" Pronoun PPX Singular lang:es 00:00:00 00:00:07 tt-550 MF017_1959_EP_SU2011_AD_02 @Gram:Pron:Objeto ADD:614 
"<daban>"
	"dar" Verb VLfin Imp Indi Plural 3rd lang:es 00:00:00 00:00:07 tt-551 MF017_1959_EP_SU2011_AD_02 @Gram:Imperf ADD:645 
"<mi>"
	"mío" Pronoun PPO Singular lang:es 00:00:00 00:00:07 tt-552 MF017_1959_EP_SU2011_AD_02 @Gram:Det:Pos ADD:425 
"<dinero>"
	"dinero" Noun NC Singular lang:es 00:00:00 00:00:07 tt-553 MF017_1959_EP_SU2011_AD_02 
"<para>"
	"para" Preposition PREP lang:es 00:00:07 00:00:11 tt-554 MF017_1959_EP_SU2011_AD_02 @Gram:Prep:Para SUBSTITUTE:325 ADD:537 
"<que>"
	"que" Conjunction CQUE lang:es 00:00:07 00:00:11 tt-555 MF017_1959_EP_SU2011_AD_02 
"<yo>"
	"yo" Pronoun PPX Singular lang:es 00:00:07 00:00:11 tt-556 MF017_1959_EP_SU2011_AD_02 @Gram:Pron:Sujeto ADD:590 
"<gastara>"
	"gastar" Verb VLfin Past Subj Sing 1st_or_3rd lang:es 00:00:07 00:00:11 tt-557 MF017_1959_EP_SU2011_AD_02 @Gram:MSub:Pret ADD:739 
"<en>"
	"en" Preposition PREP lang:es 00:00:07 00:00:11 tt-558 MF017_1959_EP_SU2011_AD_02 @Gram:Prep ADD:580 
"<la>"
	"el" Determiner ART Singular Fem lang:es 00:00:07 00:00:11 tt-559 MF017_1959_EP_SU2011_AD_02 @Gram:Det:Art ADD:395 
"<escuela>"
	"escuela" Noun NC Singular lang:es 00:00:07 00:00:11 tt-560 MF017_1959_EP_SU2011_AD_02 
"<$;>"
	";" Punctuation SEMICOLON lang:es 00:00:07 00:00:11 tt-561 MF017_1959_EP_SU2011_AD_02 
"<y>"
	"y" Conjunction CC lang:es 00:00:07 00:00:11 tt-562 MF017_1959_EP_SU2011_AD_02 
"<había>"
	"haber" Verb VHfin Imp Indi Sing 1st_or_3rd lang:es 00:00:07 00:00:11 tt-563 MF017_1959_EP_SU2011_AD_02 @Gram:Haber:Exist ADD:785 
"<una>"
	"un" Determiner ART Singular lang:es 00:00:07 00:00:11 tt-564 MF017_1959_EP_SU2011_AD_02 
"<compañerita>"
	"UNK" Noun NC Singular lang:es 00:00:07 00:00:11 tt-565 MF017_1959_EP_SU2011_AD_02 
"<que>"
	"que" Conjunction CQUE lang:es 00:00:07 00:00:11 tt-566 MF017_1959_EP_SU2011_AD_02 
"<siempre>"
	"siempre" Adverb ADV lang:es 00:00:07 00:00:11 tt-567 MF017_1959_EP_SU2011_AD_02 
"<me>"
	"yo" Pronoun PPX Singular lang:es 00:00:07 00:00:11 tt-568 MF017_1959_EP_SU2011_AD_02 @Gram:Pron:Objeto ADD:614 
"<perseguía>"
	"perseguir" Verb VLfin Imp Indi Sing 1st_or_3rd lang:es 00:00:07 00:00:11 tt-569 MF017_1959_EP_SU2011_AD_02 @Gram:Imperf ADD:645 
"<,>"
	"," Punctuation CM lang:es 00:00:07 00:00:11 tt-570 MF017_1959_EP_SU2011_AD_02 
"<pero>"
	"pero" Conjunction CCAD lang:es 00:00:11 00:00:16 tt-571 MF017_1959_EP_SU2011_AD_02 @Prag:MarcadoresDisc:Revision ADD:998 
"<luego>"
	"luego" Adverb ADV lang:es 00:00:11 00:00:16 tt-572 MF017_1959_EP_SU2011_AD_02 
"<,>"
	"," Punctuation CM lang:es 00:00:11 00:00:16 tt-573 MF017_1959_EP_SU2011_AD_02 
"<ya>"
	"ya" Adverb ADV lang:es 00:00:11 00:00:16 tt-574 MF017_1959_EP_SU2011_AD_02 
"<no>"
	"no" Adverb NEG lang:es 00:00:11 00:00:16 tt-575 MF017_1959_EP_SU2011_AD_02 
"<me>"
	"yo" Pronoun PPX Singular lang:es 00:00:11 00:00:16 tt-576 MF017_1959_EP_SU2011_AD_02 @Gram:Pron:Objeto ADD:614 
"<perseguía>"
	"perseguir" Verb VLfin Imp Indi Sing 1st_or_3rd lang:es 00:00:11 00:00:16 tt-577 MF017_1959_EP_SU2011_AD_02 @Gram:Imperf ADD:645 
"<al>"
	"al" Preposition PAL lang:es 00:00:11 00:00:16 tt-578 MF017_1959_EP_SU2011_AD_02 @Gram:Prep ADD:580 
"<último>"
	"último" Adjective ADJ Singular lang:es 00:00:11 00:00:16 tt-579 MF017_1959_EP_SU2011_AD_02 
"<,>"
	"," Punctuation CM lang:es 00:00:11 00:00:16 tt-580 MF017_1959_EP_SU2011_AD_02 
"<sino>"
	"sino" Conjunction CCAD lang:es 00:00:11 00:00:16 tt-581 MF017_1959_EP_SU2011_AD_02 
"<me>"
	"yo" Pronoun PPX Singular lang:es 00:00:11 00:00:16 tt-582 MF017_1959_EP_SU2011_AD_02 @Gram:Pron:Objeto ADD:614 
"<correteaba>"
	"UNK" Verb VLfin Imp Indi Sing 1st_or_3rd lang:es 00:00:11 00:00:16 tt-583 MF017_1959_EP_SU2011_AD_02 @Gram:Imperf ADD:645 
"<por>"
	"por" Preposition PREP lang:es 00:00:11 00:00:16 tt-584 MF017_1959_EP_SU2011_AD_02 @Gram:Prep:Por SUBSTITUTE:251 ADD:574 
"<toda>"
	"todo" Determiner QU lang:es 00:00:11 00:00:16 tt-585 MF017_1959_EP_SU2011_AD_02 
"<la>"
	"el" Determiner ART Singular Fem lang:es 00:00:11 00:00:16 tt-586 MF017_1959_EP_SU2011_AD_02 @Gram:Det:Art ADD:395 
"<escuela>"
	"escuela" Noun NC Singular lang:es 00:00:11 00:00:16 tt-587 MF017_1959_EP_SU2011_AD_02 
"<para>"
	"para" Preposition PREP lang:es 00:00:11 00:00:16 tt-588 MF017_1959_EP_SU2011_AD_02 @Gram:Prep:Para SUBSTITUTE:325 ADD:525 
"<robarme>"
	"UNK" Verb VLinf Infinitive lang:es 00:00:16 00:00:23 tt-589 MF017_1959_EP_SU2011_AD_02 
"<mi>"
	"mío" Pronoun PPO Singular lang:es 00:00:16 00:00:23 tt-590 MF017_1959_EP_SU2011_AD_02 @Gram:Det:Pos ADD:425 
"<dinerito>"
	"dinero" Noun NC Singular lang:es 00:00:16 00:00:23 tt-591 MF017_1959_EP_SU2011_AD_02 
"<que>"
	"que" Conjunction CQUE lang:es 00:00:16 00:00:23 tt-592 MF017_1959_EP_SU2011_AD_02 
"<me>"
	"yo" Pronoun PPX Singular lang:es 00:00:16 00:00:23 tt-593 MF017_1959_EP_SU2011_AD_02 @Gram:Pron:Objeto ADD:614 
"<daban>"
	"dar" Verb VLfin Imp Indi Plural 3rd lang:es 00:00:16 00:00:23 tt-594 MF017_1959_EP_SU2011_AD_02 @Gram:Imperf ADD:645 
"<y>"
	"y" Conjunction CC lang:es 00:00:16 00:00:23 tt-595 MF017_1959_EP_SU2011_AD_02 
"<mi>"
	"mío" Pronoun PPO Singular lang:es 00:00:16 00:00:23 tt-596 MF017_1959_EP_SU2011_AD_02 @Gram:Det:Pos ADD:425 
"<lonche>"
	"UNK" Noun NC Singular lang:es 00:00:16 00:00:23 tt-597 MF017_1959_EP_SU2011_AD_02 
"<,>"
	"," Punctuation CM lang:es 00:00:16 00:00:23 tt-598 MF017_1959_EP_SU2011_AD_02 
"<para>"
	"para" Preposition PREP lang:es 00:00:16 00:00:23 tt-599 MF017_1959_EP_SU2011_AD_02 @Gram:Prep:Para SUBSTITUTE:325 ADD:531 
"<ella>"
	"él" Pronoun PPX Singular lang:es 00:00:16 00:00:23 tt-600 MF017_1959_EP_SU2011_AD_02 @Gram:Pron:Sujeto ADD:590 
"<comérselo>"
	"comer" Verb VLinf Pres Command Sing 2nd lang:es 00:00:16 00:00:23 tt-601 MF017_1959_EP_SU2011_AD_02 
"<y>"
	"y" Conjunction CC lang:es 00:00:16 00:00:23 tt-602 MF017_1959_EP_SU2011_AD_02 
"<siempre>"
	"siempre" Adverb ADV lang:es 00:00:16 00:00:23 tt-603 MF017_1959_EP_SU2011_AD_02 
"<me>"
	"yo" Pronoun PPX Singular lang:es 00:00:16 00:00:23 tt-604 MF017_1959_EP_SU2011_AD_02 @Gram:Pron:Objeto ADD:614 
"<andaba>"
	"andar" Verb VLfin Imp Indi Sing 1st_or_3rd lang:es 00:00:16 00:00:23 tt-605 MF017_1959_EP_SU2011_AD_02 @Gram:Imperf ADD:645 
"<jalando>"
	"UNK" Verb VLger lang:es 00:00:23 00:00:27 tt-606 MF017_1959_EP_SU2011_AD_02 
"<los>"
	"el" Determiner ART Plural Masc lang:es 00:00:23 00:00:27 tt-607 MF017_1959_EP_SU2011_AD_02 @Gram:Det:Art ADD:395 
"<cabellos>"
	"cabello" Noun NC Plural lang:es 00:00:23 00:00:27 tt-608 MF017_1959_EP_SU2011_AD_02 
"<,>"
	"," Punctuation CM lang:es 00:00:23 00:00:27 tt-609 MF017_1959_EP_SU2011_AD_02 
"<porque>"
	"porque" Conjunction CSUBX lang:es 00:00:23 00:00:27 tt-610 MF017_1959_EP_SU2011_AD_02 @Prag:MarcadoresDisc:Causa ADD:1051 
"<siempre>"
	"siempre" Adverb ADV lang:es 00:00:23 00:00:27 tt-611 MF017_1959_EP_SU2011_AD_02 
"<tenía>"
	"tener" Verb VLfin Imp Indi Sing 1st_or_3rd lang:es 00:00:23 00:00:27 tt-612 MF017_1959_EP_SU2011_AD_02 @Gram:Imperf ADD:645 
"<el>"
	"el" Determiner ART Singular Masc lang:es 00:00:23 00:00:27 tt-613 MF017_1959_EP_SU2011_AD_02 @Gram:Det:Art ADD:395 
"<pelo>"
	"pelo" Noun NC Singular lang:es 00:00:23 00:00:27 tt-614 MF017_1959_EP_SU2011_AD_02 
"<bien>"
	"bien" Adverb ADV lang:es 00:00:23 00:00:27 tt-615 MF017_1959_EP_SU2011_AD_02 
"<largo>"
	"largo" Adjective ADJ Singular lang:es 00:00:23 00:00:27 tt-616 MF017_1959_EP_SU2011_AD_02 
"<,>"
	"," Punctuation CM lang:es 00:00:23 00:00:27 tt-617 MF017_1959_EP_SU2011_AD_02 
"<entonces>"
	"entonces" Adverb ADV lang:es 00:00:23 00:00:27 tt-618 MF017_1959_EP_SU2011_AD_02 
"<siempre>"
	"siempre" Adverb ADV lang:es 00:00:23 00:00:27 tt-619 MF017_1959_EP_SU2011_AD_02 
"<me>"
	"yo" Pronoun PPX Singular lang:es 00:00:23 00:00:27 tt-620 MF017_1959_EP_SU2011_AD_02 @Gram:Pron:Objeto ADD:614 
"<jalaba>"
	"UNK" Verb VLfin Imp Indi Sing 1st_or_3rd lang:es 00:00:23 00:00:27 tt-621 MF017_1959_EP_SU2011_AD_02 @Gram:Imperf ADD:645 
"<mi>"
	"mío" Pronoun PPO Singular lang:es 00:00:27 00:00:34 tt-622 MF017_1959_EP_SU2011_AD_02 @Gram:Det:Pos ADD:425 
"<pelo>"
	"pelo" Noun NC Singular lang:es 00:00:27 00:00:34 tt-623 MF017_1959_EP_SU2011_AD_02 
"<,>"
	"," Punctuation CM lang:es 00:00:27 00:00:34 tt-624 MF017_1959_EP_SU2011_AD_02 
"<pero>"
	"pero" Conjunction CCAD lang:es 00:00:27 00:00:34 tt-625 MF017_1959_EP_SU2011_AD_02 @Prag:MarcadoresDisc:Revision ADD:998 
"<yo>"
	"yo" Pronoun PPX Singular lang:es 00:00:27 00:00:34 tt-626 MF017_1959_EP_SU2011_AD_02 @Gram:Pron:Sujeto ADD:590 
"<no>"
	"no" Adverb NEG lang:es 00:00:27 00:00:34 tt-627 MF017_1959_EP_SU2011_AD_02 
"<le>"
	"él" Pronoun PPC Singular lang:es 00:00:27 00:00:34 tt-628 MF017_1959_EP_SU2011_AD_02 @Gram:Pron:Objeto ADD:620 
"<hacía>"
	"hacer" Verb VLfin Imp Indi Sing 1st_or_3rd lang:es 00:00:27 00:00:34 tt-629 MF017_1959_EP_SU2011_AD_02 @Gram:Imperf ADD:645 
"<nada>"
	"nada" Determiner QU lang:es 00:00:27 00:00:34 tt-630 MF017_1959_EP_SU2011_AD_02 
"<,>"
	"," Punctuation CM lang:es 00:00:27 00:00:34 tt-631 MF017_1959_EP_SU2011_AD_02 
"<nada>"
	"nada" Determiner QU lang:es 00:00:27 00:00:34 tt-632 MF017_1959_EP_SU2011_AD_02 
"<más>"
	"más" Adverb ADV lang:es 00:00:27 00:00:34 tt-633 MF017_1959_EP_SU2011_AD_02 
"<lloraba>"
	"llorar" Verb VLfin Imp Indi Sing 1st_or_3rd lang:es 00:00:27 00:00:34 tt-634 MF017_1959_EP_SU2011_AD_02 @Gram:Imperf ADD:645 
"<$.>"
	"." Punctuation FS lang:es 00:00:27 00:00:34 tt-635 MF017_1959_EP_SU2011_AD_02 

"<Eso>"
	"ese" Determiner DM Singular lang:es 00:00:27 00:00:34 tt-636 MF017_1959_EP_SU2011_AD_02 
"<es>"
	"ser" Verb VSfin Pres Indi Sing 3rd lang:es 00:00:27 00:00:34 tt-637 MF017_1959_EP_SU2011_AD_02 @Gram:SerEstar:Ser ADD:769 
"<lo>"
	"el" Determiner ART Singular lang:es 00:00:27 00:00:34 tt-638 MF017_1959_EP_SU2011_AD_02 ID:103 R:Gram:Det:LoAdj:104 ADDRELATION(Gram:Det:LoAdj):401 
"<que>"
	"que" Conjunction CQUE lang:es 00:00:27 00:00:34 tt-639 MF017_1959_EP_SU2011_AD_02 ID:104 
"<recuerdo>"
	"recordar" Verb VLfin Pres Indi Sing 1st lang:es 00:00:27 00:00:34 tt-640 MF017_1959_EP_SU2011_AD_02 
"<$.>"
	"." Punctuation FS lang:es 00:00:27 00:00:34 tt-641 MF017_1959_EP_SU2011_AD_02 
</speaker>
<speaker type="int">

"<$¿>"
	"¿" Punctuation FS lang:es 00:00:34 00:00:38 tt-642 MF017_1959_EP_SU2011_AD_02 
"<Te>"
	"tú" Pronoun PPX Singular lang:es 00:00:34 00:00:38 tt-643 MF017_1959_EP_SU2011_AD_02 @Gram:Pron:Objeto ADD:614 
"<gustaba>"
	"gustar" Verb VLfin Imp Indi Sing 1st_or_3rd lang:es 00:00:34 00:00:38 tt-644 MF017_1959_EP_SU2011_AD_02 @Gram:Imperf @Gram:Gustar:Interlocutor ADD:645 ADD:695 
"<la>"
	"el" Determiner ART Singular Fem lang:es 00:00:34 00:00:38 tt-645 MF017_1959_EP_SU2011_AD_02 @Gram:Det:Art ADD:395 
"<escuela>"
	"escuela" Noun NC Singular lang:es 00:00:34 00:00:38 tt-646 MF017_1959_EP_SU2011_AD_02 
"<$?>"
	"?" Punctuation FS lang:es 00:00:34 00:00:38 tt-647 MF017_1959_EP_SU2011_AD_02 
</speaker>
<speaker type="subj">

"<Sí>"
	"sí" Adverb ADV lang:es 00:00:38 00:00:43 tt-648 MF017_1959_EP_SU2011_AD_02 
"<,>"
	"," Punctuation CM lang:es 00:00:38 00:00:43 tt-649 MF017_1959_EP_SU2011_AD_02 
"<siempre>"
	"siempre" Adverb ADV lang:es 00:00:38 00:00:43 tt-650 MF017_1959_EP_SU2011_AD_02 
"<me>"
	"yo" Pronoun PPX Singular lang:es 00:00:38 00:00:43 tt-651 MF017_1959_EP_SU2011_AD_02 @Gram:Pron:Objeto ADD:614 
"<ha>"
	"haber" Verb VHfin Pres Indi Sing 3rd lang:es 00:00:38 00:00:43 tt-652 MF017_1959_EP_SU2011_AD_02 ID:117 R:Gram:Aux:Haber:118 R:Gram:PerfPerif:118 ADDRELATION():661 
"<gustado>"
	"gustar" Verb VLadj lang:es 00:00:38 00:00:43 tt-653 MF017_1959_EP_SU2011_AD_02 ID:118 
"<la>"
	"el" Determiner ART Singular Fem lang:es 00:00:38 00:00:43 tt-654 MF017_1959_EP_SU2011_AD_02 @Gram:Det:Art ADD:395 
"<escuela>"
	"escuela" Noun NC Singular lang:es 00:00:38 00:00:43 tt-655 MF017_1959_EP_SU2011_AD_02 
"<,>"
	"," Punctuation CM lang:es 00:00:38 00:00:43 tt-656 MF017_1959_EP_SU2011_AD_02 
"<sí>"
	"sí" Adverb ADV lang:es 00:00:38 00:00:43 tt-657 MF017_1959_EP_SU2011_AD_02 
"<$.>"
	"." Punctuation FS lang:es 00:00:38 00:00:43 tt-658 MF017_1959_EP_SU2011_AD_02 

"<Me>"
	"yo" Pronoun PPX Singular lang:es 00:00:38 00:00:43 tt-659 MF017_1959_EP_SU2011_AD_02 @Gram:Pron:Objeto ID:124 R:Gram:Gustar:Propios:125 ADD:614 ADDRELATION(Gram:Gustar:Propios):683 
"<gusta>"
	"gustar" Verb VLfin Pres Indi Sing 3rd lang:es 00:00:38 00:00:43 tt-660 MF017_1959_EP_SU2011_AD_02 ID:125 
"<leer>"
	"leer" Verb VLinf Infinitive lang:es 00:00:38 00:00:43 tt-661 MF017_1959_EP_SU2011_AD_02 SUBSTITUTE:309 
"<mucho>"
	"mucho" Determiner QU lang:es 00:00:38 00:00:43 tt-662 MF017_1959_EP_SU2011_AD_02 
"<,>"
	"," Punctuation CM lang:es 00:00:38 00:00:43 tt-663 MF017_1959_EP_SU2011_AD_02 
"<me>"
	"yo" Pronoun PPX Singular lang:es 00:00:38 00:00:43 tt-664 MF017_1959_EP_SU2011_AD_02 @Gram:Pron:Objeto ID:129 R:Gram:Gustar:Propios:130 ADD:614 ADDRELATION(Gram:Gustar:Propios):683 
"<gusta>"
	"gustar" Verb VLfin Pres Indi Sing 3rd lang:es 00:00:38 00:00:43 tt-665 MF017_1959_EP_SU2011_AD_02 ID:130 
"<interesarme>"
	"interesar" Verb VLinf Pres Subj Sing 1st_or_3rd lang:es 00:00:38 00:00:43 tt-666 MF017_1959_EP_SU2011_AD_02 @Gram:MSub:Pres ADD:738 
"<por>"
	"por" Preposition PREP lang:es 00:00:43 00:00:49 tt-667 MF017_1959_EP_SU2011_AD_02 @Gram:Prep:Por SUBSTITUTE:251 ADD:574 
"<todo>"
	"todo" Determiner QU lang:es 00:00:43 00:00:49 tt-668 MF017_1959_EP_SU2011_AD_02 
"<lo>"
	"el" Determiner ART Singular lang:es 00:00:43 00:00:49 tt-669 MF017_1959_EP_SU2011_AD_02 ID:134 R:Gram:Det:LoAdj:135 ADDRELATION(Gram:Det:LoAdj):401 
"<que>"
	"que" Conjunction CQUE lang:es 00:00:43 00:00:49 tt-670 MF017_1959_EP_SU2011_AD_02 ID:135 
"<se>"
	"se" Other SE lang:es 00:00:43 00:00:49 tt-671 MF017_1959_EP_SU2011_AD_02 
"<refiere>"
	"referir" Verb VLfin Pres Indi Sing 3rd lang:es 00:00:43 00:00:49 tt-672 MF017_1959_EP_SU2011_AD_02 
"<a>"
	"a" Preposition PREP lang:es 00:00:43 00:00:49 tt-673 MF017_1959_EP_SU2011_AD_02 @Gram:Prep ADD:580 
"<lo>"
	"el" Determiner ART Singular lang:es 00:00:43 00:00:49 tt-674 MF017_1959_EP_SU2011_AD_02 ID:139 R:Gram:Det:LoAdj:140 ADDRELATION(Gram:Det:LoAdj):401 
"<que>"
	"que" Conjunction CQUE lang:es 00:00:43 00:00:49 tt-675 MF017_1959_EP_SU2011_AD_02 ID:140 
"<pasa>"
	"pasar" Verb VLfin Pres Indi Sing 3rd lang:es 00:00:43 00:00:49 tt-676 MF017_1959_EP_SU2011_AD_02 
"<en>"
	"en" Preposition PREP lang:es 00:00:43 00:00:49 tt-677 MF017_1959_EP_SU2011_AD_02 @Gram:Prep ADD:580 
"<la>"
	"el" Determiner ART Singular Fem lang:es 00:00:43 00:00:49 tt-678 MF017_1959_EP_SU2011_AD_02 @Gram:Det:Art ADD:395 
"<...>"
	"..." Punctuation DOTS lang:es 00:00:43 00:00:49 tt-679 MF017_1959_EP_SU2011_AD_02 
"<en>"
	"en" Preposition PREP lang:es 00:00:43 00:00:49 tt-680 MF017_1959_EP_SU2011_AD_02 @Gram:Prep ADD:580 
"<la>"
	"el" Determiner ART Singular Fem lang:es 00:00:43 00:00:49 tt-681 MF017_1959_EP_SU2011_AD_02 @Gram:Det:Art ADD:395 
"<vida>"
	"vida" Noun NC Singular lang:es 00:00:43 00:00:49 tt-682 MF017_1959_EP_SU2011_AD_02 
"<,>"
	"," Punctuation CM lang:es 00:00:43 00:00:49 tt-683 MF017_1959_EP_SU2011_AD_02 
"<sí>"
	"sí" Adverb ADV lang:es 00:00:43 00:00:49 tt-684 MF017_1959_EP_SU2011_AD_02 
"<$.>"
	"." Punctuation FS lang:es 00:00:43 00:00:49 tt-685 MF017_1959_EP_SU2011_AD_02 
</speaker>
<speaker type="int">

"<$¿>"
	"¿" Punctuation FS lang:es 00:00:49 00:00:54 tt-686 MF017_1959_EP_SU2011_AD_02 
"<Qué>"
	"qué" Pronoun INT Singular lang:es 00:00:49 00:00:54 tt-687 MF017_1959_EP_SU2011_AD_02 
"<tipo>"
	"tipo" Noun NC Singular lang:es 00:00:49 00:00:54 tt-688 MF017_1959_EP_SU2011_AD_02 
"<de>"
	"de" Preposition PREP lang:es 00:00:49 00:00:54 tt-689 MF017_1959_EP_SU2011_AD_02 @Gram:Prep ADD:580 
"<estudiante>"
	"estudiante" Noun NC Singular lang:es 00:00:49 00:00:54 tt-690 MF017_1959_EP_SU2011_AD_02 
"<eras>"
	"ser" Verb VSfin Imp Indi Sing 2nd lang:es 00:00:49 00:00:54 tt-691 MF017_1959_EP_SU2011_AD_02 @Gram:Imperf @Gram:SerEstar:Ser SUBSTITUTE:292 ADD:645 ADD:769 
"<$?>"
	"?" Punctuation FS lang:es 00:00:49 00:00:54 tt-692 MF017_1959_EP_SU2011_AD_02 
</speaker>
<speaker type="subj">

"<Era>"
	"ser" Verb VEfin Imp Indi Sing 1st_or_3rd lang:es 00:00:54 00:01:01 tt-693 MF017_1959_EP_SU2011_AD_02 @Gram:Imperf @Gram:SerEstar:Ser ADD:645 ADD:769 
"<una>"
	"un" Determiner ART Singular lang:es 00:00:54 00:01:01 tt-694 MF017_1959_EP_SU2011_AD_02 
"<estudiante>"
	"estudiante" Noun NC Singular lang:es 00:00:54 00:01:01 tt-695 MF017_1959_EP_SU2011_AD_02 
"<muy>"
	"muy" Adverb ADV lang:es 00:00:54 00:01:01 tt-696 MF017_1959_EP_SU2011_AD_02 
"<dedicada>"
	"dedicar" Verb VLadj lang:es 00:00:54 00:01:01 tt-697 MF017_1959_EP_SU2011_AD_02 
"<y>"
	"y" Conjunction CC lang:es 00:00:54 00:01:01 tt-698 MF017_1959_EP_SU2011_AD_02 
"<muy>"
	"muy" Adverb ADV lang:es 00:00:54 00:01:01 tt-699 MF017_1959_EP_SU2011_AD_02 
"<responsable>"
	"responsable" Adjective ADJ Singular lang:es 00:00:54 00:01:01 tt-700 MF017_1959_EP_SU2011_AD_02 
"<,>"
	"," Punctuation CM lang:es 00:00:54 00:01:01 tt-701 MF017_1959_EP_SU2011_AD_02 
"<ya>"
	"ya" Adverb ADV lang:es 00:00:54 00:01:01 tt-702 MF017_1959_EP_SU2011_AD_02 
"<no>"
	"no" Adverb ADV lang:es 00:00:54 00:01:01 tt-703 MF017_1959_EP_SU2011_AD_02 
"<más>"
	"más" Adverb ADV lang:es 00:00:54 00:01:01 tt-704 MF017_1959_EP_SU2011_AD_02 
"<tenía>"
	"tener" Verb VLfin Imp Indi Sing 1st_or_3rd lang:es 00:00:54 00:01:01 tt-705 MF017_1959_EP_SU2011_AD_02 @Gram:Imperf ADD:645 
"<tareas>"
	"tarea" Noun NC Plural lang:es 00:00:54 00:01:01 tt-706 MF017_1959_EP_SU2011_AD_02 
"<y>"
	"y" Conjunction CC lang:es 00:00:54 00:01:01 tt-707 MF017_1959_EP_SU2011_AD_02 
"<ahora>"
	"ahora" Adverb ADV lang:es 00:01:01 00:01:06 tt-708 MF017_1959_EP_SU2011_AD_02 
"<que>"
	"que" Conjunction CQUE lang:es 00:01:01 00:01:06 tt-709 MF017_1959_EP_SU2011_AD_02 
"<veo>"
	"ver" Verb VLfin Pres Indi Sing 1st lang:es 00:01:01 00:01:06 tt-710 MF017_1959_EP_SU2011_AD_02 
"<...>"
	"..." Punctuation DOTS lang:es 00:01:01 00:01:06 tt-711 MF017_1959_EP_SU2011_AD_02 
"<que>"
	"que" Conjunction CQUE lang:es 00:01:01 00:01:06 tt-712 MF017_1959_EP_SU2011_AD_02 
"<veo>"
	"ver" Verb VLfin Pres Indi Sing 1st lang:es 00:01:01 00:01:06 tt-713 MF017_1959_EP_SU2011_AD_02 
"<a>"
	"a" Preposition PREP lang:es 00:01:01 00:01:06 tt-714 MF017_1959_EP_SU2011_AD_02 @Gram:Prep ADD:580 
"<mi>"
	"mío" Pronoun PPO Singular lang:es 00:01:01 00:01:06 tt-715 MF017_1959_EP_SU2011_AD_02 @Gram:Det:Pos ADD:425 
"<hija>"
	"hijo" Noun NC Singular lang:es 00:01:01 00:01:06 tt-716 MF017_1959_EP_SU2011_AD_02 
"<,>"
	"," Punctuation CM lang:es 00:01:01 00:01:06 tt-717 MF017_1959_EP_SU2011_AD_02 
"<me>"
	"yo" Pronoun PPX Singular lang:es 00:01:01 00:01:06 tt-718 MF017_1959_EP_SU2011_AD_02 @Gram:Pron:Objeto ADD:614 
"<veo>"
	"ver" Verb VLfin Pres Indi Sing 1st lang:es 00:01:01 00:01:06 tt-719 MF017_1959_EP_SU2011_AD_02 
"<en>"
	"en" Preposition PREP lang:es 00:01:01 00:01:06 tt-720 MF017_1959_EP_SU2011_AD_02 @Gram:Prep ADD:580 
"<ella>"
	"él" Pronoun PPX Singular lang:es 00:01:01 00:01:06 tt-721 MF017_1959_EP_SU2011_AD_02 @Gram:Pron:Sujeto ADD:590 
"<reflejada>"
	"reflejar" Verb VLadj lang:es 00:01:01 00:01:06 tt-722 MF017_1959_EP_SU2011_AD_02 
"<,>"
	"," Punctuation CM lang:es 00:01:01 00:01:06 tt-723 MF017_1959_EP_SU2011_AD_02 
"<porque>"
	"porque" Conjunction CSUBX lang:es 00:01:01 00:01:06 tt-724 MF017_1959_EP_SU2011_AD_02 @Prag:MarcadoresDisc:Causa ADD:1051 
"<yo>"
	"yo" Pronoun PPX Singular lang:es 00:01:01 00:01:06 tt-725 MF017_1959_EP_SU2011_AD_02 @Gram:Pron:Sujeto ADD:590 
"<no>"
	"no" Adverb ADV lang:es 00:01:01 00:01:06 tt-726 MF017_1959_EP_SU2011_AD_02 
"<más>"
	"más" Adverb ADV lang:es 00:01:01 00:01:06 tt-727 MF017_1959_EP_SU2011_AD_02 
"<tenía>"
	"tener" Verb VLfin Imp Indi Sing 1st_or_3rd lang:es 00:01:01 00:01:06 tt-728 MF017_1959_EP_SU2011_AD_02 @Gram:Imperf ADD:645 
"<este>"
	"este" Determiner DM Singular lang:es 00:01:06 00:01:13 tt-729 MF017_1959_EP_SU2011_AD_02 @Prag:RecuDiscurso:GanarTiempo ADD:1121 
"<...>"
	"..." Punctuation DOTS lang:es 00:01:06 00:01:13 tt-730 MF017_1959_EP_SU2011_AD_02 
"<tareas>"
	"tarea" Noun NC Plural lang:es 00:01:06 00:01:13 tt-731 MF017_1959_EP_SU2011_AD_02 
"<o>"
	"o" Conjunction CC lang:es 00:01:06 00:01:13 tt-732 MF017_1959_EP_SU2011_AD_02 
"<que>"
	"que" Conjunction CQUE lang:es 00:01:06 00:01:13 tt-733 MF017_1959_EP_SU2011_AD_02 
"<me>"
	"yo" Pronoun PPX Singular lang:es 00:01:06 00:01:13 tt-734 MF017_1959_EP_SU2011_AD_02 @Gram:Pron:Objeto ADD:614 
"<encargaran>"
	"UNK" Verb VLfin Past Subj Plural 2nd_or_3rd lang:es 00:01:06 00:01:13 tt-735 MF017_1959_EP_SU2011_AD_02 @Gram:MSub:Pret ADD:739 
"<libros>"
	"libro" Noun NC Plural lang:es 00:01:06 00:01:13 tt-736 MF017_1959_EP_SU2011_AD_02 
"<que>"
	"que" Conjunction CQUE lang:es 00:01:06 00:01:13 tt-737 MF017_1959_EP_SU2011_AD_02 
"<...>"
	"..." Punctuation DOTS lang:es 00:01:06 00:01:13 tt-738 MF017_1959_EP_SU2011_AD_02 
"<mmm>"
	"mmm" Noun NP Singular lang:es 00:01:06 00:01:13 tt-739 MF017_1959_EP_SU2011_AD_02 
"<...>"
	"..." Punctuation DOTS lang:es 00:01:06 00:01:13 tt-740 MF017_1959_EP_SU2011_AD_02 
"<comprar>"
	"comprar" Verb VLinf Infinitive lang:es 00:01:06 00:01:13 tt-741 MF017_1959_EP_SU2011_AD_02 SUBSTITUTE:309 
"<y>"
	"y" Conjunction CC lang:es 00:01:06 00:01:13 tt-742 MF017_1959_EP_SU2011_AD_02 
"<andaba>"
	"andar" Verb VLfin Imp Indi Sing 1st_or_3rd lang:es 00:01:06 00:01:13 tt-743 MF017_1959_EP_SU2011_AD_02 @Gram:Imperf ADD:645 
"<con>"
	"con" Preposition PREP lang:es 00:01:06 00:01:13 tt-744 MF017_1959_EP_SU2011_AD_02 @Gram:Prep ADD:580 
"<mi>"
	"mío" Pronoun PPO Singular lang:es 00:01:06 00:01:13 tt-745 MF017_1959_EP_SU2011_AD_02 @Gram:Det:Pos ADD:425 
"<papá>"
	"papá" Noun NC Singular lang:es 00:01:06 00:01:13 tt-746 MF017_1959_EP_SU2011_AD_02 
"<exigiéndole>"
	"UNK" Verb VLadj lang:es 00:01:06 00:01:13 tt-747 MF017_1959_EP_SU2011_AD_02 
"<,>"
	"," Punctuation CM lang:es 00:01:06 00:01:13 tt-748 MF017_1959_EP_SU2011_AD_02 
"<no>"
	"no" Adverb NEG lang:es 00:01:06 00:01:13 tt-749 MF017_1959_EP_SU2011_AD_02 
"<le>"
	"él" Pronoun PPC Singular lang:es 00:01:06 00:01:13 tt-750 MF017_1959_EP_SU2011_AD_02 @Gram:Pron:Objeto ADD:620 
"<pedía>"
	"pedir" Verb VLfin Imp Indi Sing 1st_or_3rd lang:es 00:01:14 00:01:21 tt-751 MF017_1959_EP_SU2011_AD_02 @Gram:Imperf ADD:645 
"<,>"
	"," Punctuation CM lang:es 00:01:14 00:01:21 tt-752 MF017_1959_EP_SU2011_AD_02 
"<le>"
	"él" Pronoun PPC Singular lang:es 00:01:14 00:01:21 tt-753 MF017_1959_EP_SU2011_AD_02 @Gram:Pron:Objeto ADD:620 
"<exigía>"
	"exigir" Verb VLfin Imp Indi Sing 1st_or_3rd lang:es 00:01:14 00:01:21 tt-754 MF017_1959_EP_SU2011_AD_02 @Gram:Imperf ADD:645 
"<y>"
	"y" Conjunction CC lang:es 00:01:14 00:01:21 tt-755 MF017_1959_EP_SU2011_AD_02 
"<debo>"
	"deber" Verb VLfin Pres Indi Sing 1st lang:es 00:01:14 00:01:21 tt-756 MF017_1959_EP_SU2011_AD_02 
"<de>"
	"de" Conjunction CSUBI lang:es 00:01:14 00:01:21 tt-757 MF017_1959_EP_SU2011_AD_02 
"<comprar>"
	"comprar" Verb VLinf Infinitive lang:es 00:01:14 00:01:21 tt-758 MF017_1959_EP_SU2011_AD_02 SUBSTITUTE:309 
"<este>"
	"este" Determiner DM Singular lang:es 00:01:14 00:01:21 tt-759 MF017_1959_EP_SU2011_AD_02 
"<libro>"
	"libro" Noun NC Singular lang:es 00:01:14 00:01:21 tt-760 MF017_1959_EP_SU2011_AD_02 
"<y>"
	"y" Conjunction CC lang:es 00:01:14 00:01:21 tt-761 MF017_1959_EP_SU2011_AD_02 
"<siempre>"
	"siempre" Adverb ADV lang:es 00:01:14 00:01:21 tt-762 MF017_1959_EP_SU2011_AD_02 
"<este>"
	"este" Noun NC Singular lang:es 00:01:14 00:01:21 tt-763 MF017_1959_EP_SU2011_AD_02 
"<...>"
	"..." Punctuation DOTS lang:es 00:01:14 00:01:21 tt-764 MF017_1959_EP_SU2011_AD_02 
"<no>"
	"no" Adverb NEG lang:es 00:01:14 00:01:21 tt-765 MF017_1959_EP_SU2011_AD_02 
"<hacía>"
	"hacer" Verb VLfin Imp Indi Sing 1st_or_3rd lang:es 00:01:14 00:01:21 tt-766 MF017_1959_EP_SU2011_AD_02 @Gram:Imperf ADD:645 
"<más>"
	"más" Adverb ADV lang:es 00:01:14 00:01:21 tt-767 MF017_1959_EP_SU2011_AD_02 
"<nada>"
	"nada" Determiner QU lang:es 00:01:14 00:01:21 tt-768 MF017_1959_EP_SU2011_AD_02 
"<,>"
	"," Punctuation CM lang:es 00:01:14 00:01:21 tt-769 MF017_1959_EP_SU2011_AD_02 
"<nada>"
	"nada" Determiner QU lang:es 00:01:21 00:01:26 tt-770 MF017_1959_EP_SU2011_AD_02 
"<más>"
	"más" Adverb ADV lang:es 00:01:21 00:01:26 tt-771 MF017_1959_EP_SU2011_AD_02 
"<que>"
	"que" Conjunction CQUE lang:es 00:01:21 00:01:26 tt-772 MF017_1959_EP_SU2011_AD_02 
"<terminé>"
	"terminar" Verb VLfin Pret Indi Sing 1st lang:es 00:01:21 00:01:26 tt-773 MF017_1959_EP_SU2011_AD_02 @Gram:Indefinido ADD:654 
"<mi>"
	"mío" Pronoun PPO Singular lang:es 00:01:21 00:01:26 tt-774 MF017_1959_EP_SU2011_AD_02 @Gram:Det:Pos ADD:425 
"<tarea>"
	"tarea" Noun NC Singular lang:es 00:01:21 00:01:26 tt-775 MF017_1959_EP_SU2011_AD_02 
"<,>"
	"," Punctuation CM lang:es 00:01:21 00:01:26 tt-776 MF017_1959_EP_SU2011_AD_02 
"<y>"
	"y" Conjunction CC lang:es 00:01:21 00:01:26 tt-777 MF017_1959_EP_SU2011_AD_02 
"<ya>"
	"ya" Adverb ADV lang:es 00:01:21 00:01:26 tt-778 MF017_1959_EP_SU2011_AD_02 
"<terminando>"
	"terminar" Verb VLger lang:es 00:01:21 00:01:26 tt-779 MF017_1959_EP_SU2011_AD_02 
"<mi>"
	"mío" Pronoun PPO Singular lang:es 00:01:21 00:01:26 tt-780 MF017_1959_EP_SU2011_AD_02 @Gram:Det:Pos ADD:425 
"<tarea>"
	"tarea" Noun NC Singular lang:es 00:01:21 00:01:26 tt-781 MF017_1959_EP_SU2011_AD_02 
"<,>"
	"," Punctuation CM lang:es 00:01:21 00:01:26 tt-782 MF017_1959_EP_SU2011_AD_02 
"<ya>"
	"ya" Adverb ADV lang:es 00:01:21 00:01:26 tt-783 MF017_1959_EP_SU2011_AD_02 
"<hacía>"
	"hacer" Verb VLfin Imp Indi Sing 1st_or_3rd lang:es 00:01:21 00:01:26 tt-784 MF017_1959_EP_SU2011_AD_02 @Gram:Imperf ADD:645 
"<lo>"
	"el" Determiner ART Singular lang:es 00:01:21 00:01:26 tt-785 MF017_1959_EP_SU2011_AD_02 ID:250 R:Gram:Det:LoAdj:251 ADDRELATION(Gram:Det:LoAdj):401 
"<que>"
	"que" Conjunction CQUE lang:es 00:01:21 00:01:26 tt-786 MF017_1959_EP_SU2011_AD_02 ID:251 
"<...>"
	"..." Punctuation DOTS lang:es 00:01:21 00:01:26 tt-787 MF017_1959_EP_SU2011_AD_02 
"<lo>"
	"el" Determiner ART Singular lang:es 00:01:21 00:01:26 tt-788 MF017_1959_EP_SU2011_AD_02 ID:253 R:Gram:Det:LoAdj:254 ADDRELATION(Gram:Det:LoAdj):401 
"<que>"
	"que" Conjunction CQUE lang:es 00:01:21 00:01:26 tt-789 MF017_1959_EP_SU2011_AD_02 ID:254 
"<fuera>"
	"ser" Verb VSfin Past Subj Sing 1st_or_3rd lang:es 00:01:21 00:01:26 tt-790 MF017_1959_EP_SU2011_AD_02 @Gram:MSub:Pret @Gram:SerEstar:Ser ADD:739 ADD:769 
"<,>"
	"," Punctuation CM lang:es 00:01:21 00:01:26 tt-791 MF017_1959_EP_SU2011_AD_02 
"<sí>"
	"sí" Adverb ADV lang:es 00:01:26 00:01:27 tt-792 MF017_1959_EP_SU2011_AD_02 
"<$.>"
	"." Punctuation FS lang:es 00:01:26 00:01:27 tt-793 MF017_1959_EP_SU2011_AD_02 
</speaker>
<speaker type="int">

"<$¿>"
	"¿" Punctuation FS lang:es 00:01:27 00:01:32 tt-794 MF017_1959_EP_SU2011_AD_02 
"<Cómo>"
	"cómo" Adverb ADV lang:es 00:01:27 00:01:32 tt-795 MF017_1959_EP_SU2011_AD_02 
"<te>"
	"tú" Pronoun PPX Singular lang:es 00:01:27 00:01:32 tt-796 MF017_1959_EP_SU2011_AD_02 @Gram:Pron:Objeto ADD:614 
"<recordarían>"
	"UNK" Verb VLfin Cond Indi Plural 3rd lang:es 00:01:27 00:01:32 tt-797 MF017_1959_EP_SU2011_AD_02 
"<tus>"
	"UNK" Noun NC Plural lang:es 00:01:27 00:01:32 tt-798 MF017_1959_EP_SU2011_AD_02 @Gram:Det:Pos ADD:426 
"<compañeros>"
	"compañero" Noun NC Plural lang:es 00:01:27 00:01:32 tt-799 MF017_1959_EP_SU2011_AD_02 
"<$?>"
	"?" Punctuation FS lang:es 00:01:27 00:01:32 tt-800 MF017_1959_EP_SU2011_AD_02 
</speaker>
<speaker type="subj">

"<Mmm>"
	"mmm" Noun NP Singular lang:es 00:01:32 00:01:39 tt-801 MF017_1959_EP_SU2011_AD_02 
"<...>"
	"..." Punctuation DOTS lang:es 00:01:32 00:01:39 tt-802 MF017_1959_EP_SU2011_AD_02 
"<de>"
	"de" Preposition PREP lang:es 00:01:32 00:01:39 tt-803 MF017_1959_EP_SU2011_AD_02 @Gram:Prep ADD:580 
"<una>"
	"un" Determiner ART Singular lang:es 00:01:32 00:01:39 tt-804 MF017_1959_EP_SU2011_AD_02 
"<muchachita>"
	"muchacho" Noun NC Singular lang:es 00:01:32 00:01:39 tt-805 MF017_1959_EP_SU2011_AD_02 
"<muy>"
	"muy" Adverb ADV lang:es 00:01:32 00:01:39 tt-806 MF017_1959_EP_SU2011_AD_02 
"<seria>"
	"serio" Adjective ADJ Singular lang:es 00:01:32 00:01:39 tt-807 MF017_1959_EP_SU2011_AD_02 
"<,>"
	"," Punctuation CM lang:es 00:01:32 00:01:39 tt-808 MF017_1959_EP_SU2011_AD_02 
"<este>"
	"este" Determiner DM Singular lang:es 00:01:32 00:01:39 tt-809 MF017_1959_EP_SU2011_AD_02 @Prag:RecuDiscurso:GanarTiempo ADD:1121 
"<,>"
	"," Punctuation CM lang:es 00:01:32 00:01:39 tt-810 MF017_1959_EP_SU2011_AD_02 
"<muy>"
	"muy" Adverb ADV lang:es 00:01:32 00:01:39 tt-811 MF017_1959_EP_SU2011_AD_02 
"<participativa>"
	"UNK" Adjective ADJ Singular lang:es 00:01:32 00:01:39 tt-812 MF017_1959_EP_SU2011_AD_02 
"<,>"
	"," Punctuation CM lang:es 00:01:32 00:01:39 tt-813 MF017_1959_EP_SU2011_AD_02 
"<porque>"
	"porque" Conjunction CSUBX lang:es 00:01:32 00:01:39 tt-814 MF017_1959_EP_SU2011_AD_02 @Prag:MarcadoresDisc:Causa ADD:1051 
"<siempre>"
	"siempre" Conjunction CSUBF lang:es 00:01:32 00:01:39 tt-815 MF017_1959_EP_SU2011_AD_02 
"<que>"
	"que" Conjunction CSUBF lang:es 00:01:32 00:01:39 tt-816 MF017_1959_EP_SU2011_AD_02 
"<la>"
	"el" Determiner ART Singular Fem lang:es 00:01:32 00:01:39 tt-817 MF017_1959_EP_SU2011_AD_02 @Gram:Det:Art ADD:395 
"<maestra>"
	"maestro" Plural Singular Noun NC lang:es 00:01:32 00:01:39 tt-818 MF017_1959_EP_SU2011_AD_02 SUBSTITUTE:286 SUBSTITUTE:287 
"<preguntaba>"
	"preguntar" Verb VLfin Imp Indi Sing 1st_or_3rd lang:es 00:01:40 00:01:45 tt-819 MF017_1959_EP_SU2011_AD_02 @Gram:Imperf ADD:645 
"<,>"
	"," Punctuation CM lang:es 00:01:40 00:01:45 tt-820 MF017_1959_EP_SU2011_AD_02 
"<$¿>"
	"¿" Punctuation FS lang:es 00:01:40 00:01:45 tt-821 MF017_1959_EP_SU2011_AD_02 
"<quién>"
	"quién" Pronoun INT Singular lang:es 00:01:40 00:01:45 tt-822 MF017_1959_EP_SU2011_AD_02 
"<me>"
	"yo" Pronoun PPX Singular lang:es 00:01:40 00:01:45 tt-823 MF017_1959_EP_SU2011_AD_02 @Gram:Pron:Objeto ADD:614 
"<quiere>"
	"querer" Verb VLfin Pres Indi Sing 3rd lang:es 00:01:40 00:01:45 tt-824 MF017_1959_EP_SU2011_AD_02 
"<contestar>"
	"contestar" Verb VLinf Infinitive lang:es 00:01:40 00:01:45 tt-825 MF017_1959_EP_SU2011_AD_02 SUBSTITUTE:309 
"<esta>"
	"este" Determiner DM Singular lang:es 00:01:40 00:01:45 tt-826 MF017_1959_EP_SU2011_AD_02 
"<pregunta>"
	"pregunta" Noun NC Singular lang:es 00:01:40 00:01:45 tt-827 MF017_1959_EP_SU2011_AD_02 
"<$?>"
	"?" Punctuation FS lang:es 00:01:40 00:01:45 tt-828 MF017_1959_EP_SU2011_AD_02 

"<Yo>"
	"yo" Pronoun PPX Singular lang:es 00:01:40 00:01:45 tt-829 MF017_1959_EP_SU2011_AD_02 @Gram:Pron:Sujeto ADD:590 
"<siempre>"
	"siempre" Adverb ADV lang:es 00:01:40 00:01:45 tt-830 MF017_1959_EP_SU2011_AD_02 
"<levantaba>"
	"levantar" Verb VLfin Imp Indi Sing 1st_or_3rd lang:es 00:01:40 00:01:45 tt-831 MF017_1959_EP_SU2011_AD_02 @Gram:Imperf ADD:645 
"<el>"
	"el" Determiner ART Singular Masc lang:es 00:01:40 00:01:45 tt-832 MF017_1959_EP_SU2011_AD_02 @Gram:Det:Art ADD:395 
"<dedo>"
	"dedo" Noun NC Singular lang:es 00:01:40 00:01:45 tt-833 MF017_1959_EP_SU2011_AD_02 
"<,>"
	"," Punctuation CM lang:es 00:01:40 00:01:45 tt-834 MF017_1959_EP_SU2011_AD_02 
"<siempre>"
	"siempre" Adverb ADV lang:es 00:01:40 00:01:45 tt-835 MF017_1959_EP_SU2011_AD_02 
"<,>"
	"," Punctuation CM lang:es 00:01:40 00:01:45 tt-836 MF017_1959_EP_SU2011_AD_02 
"<siempre>"
	"siempre" Adverb ADV lang:es 00:01:45 00:01:52 tt-837 MF017_1959_EP_SU2011_AD_02 
"<y>"
	"y" Conjunction CC lang:es 00:01:45 00:01:52 tt-838 MF017_1959_EP_SU2011_AD_02 
"<así>"
	"así" Adverb ADV lang:es 00:01:45 00:01:52 tt-839 MF017_1959_EP_SU2011_AD_02 
"<$.>"
	"." Punctuation FS lang:es 00:01:45 00:01:52 tt-840 MF017_1959_EP_SU2011_AD_02 

"<De>"
	"de" Preposition PREP lang:es 00:01:45 00:01:52 tt-841 MF017_1959_EP_SU2011_AD_02 @Gram:Prep ADD:580 
"<mi>"
	"mío" Pronoun PPO Singular lang:es 00:01:45 00:01:52 tt-842 MF017_1959_EP_SU2011_AD_02 @Gram:Det:Pos ADD:425 
"<pelo>"
	"pelo" Noun NC Singular lang:es 00:01:45 00:01:52 tt-843 MF017_1959_EP_SU2011_AD_02 
"<largo>"
	"largo" Adjective ADJ Singular lang:es 00:01:45 00:01:52 tt-844 MF017_1959_EP_SU2011_AD_02 
"<,>"
	"," Punctuation CM lang:es 00:01:45 00:01:52 tt-845 MF017_1959_EP_SU2011_AD_02 
"<pero>"
	"pero" Conjunction CCAD lang:es 00:01:45 00:01:52 tt-846 MF017_1959_EP_SU2011_AD_02 @Prag:MarcadoresDisc:Revision ADD:998 
"<lo>"
	"él" Pronoun PPC Singular lang:es 00:01:45 00:01:52 tt-847 MF017_1959_EP_SU2011_AD_02 @Gram:Pron:Objeto ADD:620 
"<tenía>"
	"tener" Verb VLfin Imp Indi Sing 1st_or_3rd lang:es 00:01:45 00:01:52 tt-848 MF017_1959_EP_SU2011_AD_02 @Gram:Imperf ADD:645 
"<chino>"
	"chino" Noun NC Singular lang:es 00:01:45 00:01:52 tt-849 MF017_1959_EP_SU2011_AD_02 
"<y>"
	"y" Conjunction CC lang:es 00:01:45 00:01:52 tt-850 MF017_1959_EP_SU2011_AD_02 
"<así>"
	"así" Adverb ADV lang:es 00:01:45 00:01:52 tt-851 MF017_1959_EP_SU2011_AD_02 
"<siempre>"
	"siempre" Adverb ADV lang:es 00:01:45 00:01:52 tt-852 MF017_1959_EP_SU2011_AD_02 
"<un>"
	"un" Determiner ART Singular lang:es 00:01:45 00:01:52 tt-853 MF017_1959_EP_SU2011_AD_02 
"<maestro>"
	"maestro" Plural Noun Singular lang:es 00:01:45 00:01:52 tt-854 MF017_1959_EP_SU2011_AD_02 SUBSTITUTE:286 SUBSTITUTE:287 
"<me>"
	"yo" Pronoun PPX Singular lang:es 00:01:45 00:01:52 tt-855 MF017_1959_EP_SU2011_AD_02 @Gram:Pron:Objeto ADD:614 
"<decía>"
	"decir" Verb VLfin Imp Indi Sing 1st_or_3rd lang:es 00:01:53 00:01:58 tt-856 MF017_1959_EP_SU2011_AD_02 @Gram:Imperf ADD:645 
"<,>"
	"," Punctuation CM lang:es 00:01:53 00:01:58 tt-857 MF017_1959_EP_SU2011_AD_02 
"<nunca>"
	"nunca" Adverb ADV lang:es 00:01:53 00:01:58 tt-858 MF017_1959_EP_SU2011_AD_02 
"<se>"
	"se" Other SE lang:es 00:01:53 00:01:58 tt-859 MF017_1959_EP_SU2011_AD_02 @Gram:Pron:Otros ADD:633 
"<me>"
	"yo" Pronoun PPX Singular lang:es 00:01:53 00:01:58 tt-860 MF017_1959_EP_SU2011_AD_02 @Gram:Pron:Objeto ADD:614 
"<va>"
	"ir" Verb VLfin Pres Indi Sing 3rd lang:es 00:01:53 00:01:58 tt-861 MF017_1959_EP_SU2011_AD_02 ID:326 R:Gram:VFut:Perifrasis:328 ADDRELATION(Gram:VFut:Perifrasis):673 
"<a>"
	"a" Preposition PREP lang:es 00:01:53 00:01:58 tt-862 MF017_1959_EP_SU2011_AD_02 @Gram:Prep ADD:580 
"<olvidar>"
	"olvidar" Verb VLinf Infinitive lang:es 00:01:53 00:01:58 tt-863 MF017_1959_EP_SU2011_AD_02 ID:328 SUBSTITUTE:309 
"<,>"
	"," Punctuation CM lang:es 00:01:53 00:01:58 tt-864 MF017_1959_EP_SU2011_AD_02 
"<Alicia>"
	"Alicia" Noun NP Singular lang:es 00:01:53 00:01:58 tt-865 MF017_1959_EP_SU2011_AD_02 
"<,>"
	"," Punctuation CM lang:es 00:01:53 00:01:58 tt-866 MF017_1959_EP_SU2011_AD_02 
"<porque>"
	"porque" Conjunction CSUBX lang:es 00:01:53 00:01:58 tt-867 MF017_1959_EP_SU2011_AD_02 @Prag:MarcadoresDisc:Causa ADD:1051 
"<,>"
	"," Punctuation CM lang:es 00:01:53 00:01:58 tt-868 MF017_1959_EP_SU2011_AD_02 
"<o>"
	"o" Adverb ADV lang:es 00:01:53 00:01:58 tt-869 MF017_1959_EP_SU2011_AD_02 ID:334 R:Prag:MarcadoresDisc:Igualdad:335 ADDRELATION(Prag:MarcadoresDisc:Igualdad):1093 
"<sea>"
	"sea" Adverb ADV lang:es 00:01:53 00:01:58 tt-870 MF017_1959_EP_SU2011_AD_02 ID:335 
"<,>"
	"," Punctuation CM lang:es 00:01:53 00:01:58 tt-871 MF017_1959_EP_SU2011_AD_02 
"<siempre>"
	"siempre" Adverb ADV lang:es 00:01:53 00:01:58 tt-872 MF017_1959_EP_SU2011_AD_02 
"<con>"
	"con" Preposition PREP lang:es 00:01:53 00:01:58 tt-873 MF017_1959_EP_SU2011_AD_02 @Gram:Prep ADD:580 
"<tu>"
	"tú" Pronoun PPX Singular lang:es 00:01:53 00:01:58 tt-874 MF017_1959_EP_SU2011_AD_02 @Gram:Det:Pos ADD:425 
"<pelo>"
	"pelo" Noun NC Singular lang:es 00:01:53 00:01:58 tt-875 MF017_1959_EP_SU2011_AD_02 
"<largo>"
	"largo" Adjective ADJ Singular lang:es 00:01:53 00:01:58 tt-876 MF017_1959_EP_SU2011_AD_02 
"<y>"
	"y" Conjunction CC lang:es 00:01:53 00:01:58 tt-877 MF017_1959_EP_SU2011_AD_02 
"<era>"
	"ser" Verb VEfin Imp Indi Sing 1st_or_3rd lang:es 00:01:58 00:02:00 tt-878 MF017_1959_EP_SU2011_AD_02 @Gram:Imperf @Gram:SerEstar:Ser ADD:645 ADD:769 
"<bien>"
	"bien" Adverb ADV lang:es 00:01:58 00:02:00 tt-879 MF017_1959_EP_SU2011_AD_02 
"<participativa>"
	"UNK" Adjective ADJ Singular lang:es 00:01:58 00:02:00 tt-880 MF017_1959_EP_SU2011_AD_02 
"<$.>"
	"." Punctuation FS lang:es 00:01:58 00:02:00 tt-881 MF017_1959_EP_SU2011_AD_02 
</speaker>
<speaker type="int">

"<$¿>"
	"¿" Punctuation FS lang:es 00:02:00 00:02:07 tt-882 MF017_1959_EP_SU2011_AD_02 
"<Cuáles>"
	"cuál" Pronoun INT Plural lang:es 00:02:00 00:02:07 tt-883 MF017_1959_EP_SU2011_AD_02 
"<son>"
	"ser" Verb VSfin Pres Indi Plural 3rd lang:es 00:02:00 00:02:07 tt-884 MF017_1959_EP_SU2011_AD_02 @Gram:SerEstar:Ser ADD:769 
"<tus>"
	"UNK" Noun NC Plural lang:es 00:02:00 00:02:07 tt-885 MF017_1959_EP_SU2011_AD_02 
"<mejores>"
	"bueno" Adjective ADJ Plural lang:es 00:02:00 00:02:07 tt-886 MF017_1959_EP_SU2011_AD_02 
"<recuerdos>"
	"recuerdo" Adjective ADJ Plural lang:es 00:02:00 00:02:07 tt-887 MF017_1959_EP_SU2011_AD_02 
"<de>"
	"de" Preposition PREP lang:es 00:02:00 00:02:07 tt-888 MF017_1959_EP_SU2011_AD_02 @Gram:Prep ADD:580 
"<...>"
	"..." Punctuation DOTS lang:es 00:02:00 00:02:07 tt-889 MF017_1959_EP_SU2011_AD_02 
"<de>"
	"de" Preposition PREP lang:es 00:02:00 00:02:07 tt-890 MF017_1959_EP_SU2011_AD_02 @Gram:Prep ADD:580 
"<la>"
	"el" Determiner ART Singular Fem lang:es 00:02:00 00:02:07 tt-891 MF017_1959_EP_SU2011_AD_02 @Gram:Det:Art ADD:395 
"<escuela>"
	"escuela" Noun NC Singular lang:es 00:02:00 00:02:07 tt-892 MF017_1959_EP_SU2011_AD_02 
"<$?>"
	"?" Punctuation FS lang:es 00:02:00 00:02:07 tt-893 MF017_1959_EP_SU2011_AD_02 
</speaker>
<speaker type="subj">

"<De>"
	"de" Preposition PREP lang:es 00:02:09 00:02:15 tt-894 MF017_1959_EP_SU2011_AD_02 @Gram:Prep ADD:580 
"<la>"
	"el" Determiner ART Singular Fem lang:es 00:02:09 00:02:15 tt-895 MF017_1959_EP_SU2011_AD_02 @Gram:Det:Art ADD:395 
"<escuela>"
	"escuela" Noun NC Singular lang:es 00:02:09 00:02:15 tt-896 MF017_1959_EP_SU2011_AD_02 
"<,>"
	"," Punctuation CM lang:es 00:02:09 00:02:15 tt-897 MF017_1959_EP_SU2011_AD_02 
"<mis>"
	"mío" Pronoun PPO Plural lang:es 00:02:09 00:02:15 tt-898 MF017_1959_EP_SU2011_AD_02 SUBSTITUTE:298 
"<mejores>"
	"bueno" Adjective ADJ Plural lang:es 00:02:09 00:02:15 tt-899 MF017_1959_EP_SU2011_AD_02 
"<...>"
	"..." Punctuation DOTS lang:es 00:02:09 00:02:15 tt-900 MF017_1959_EP_SU2011_AD_02 
<lang code="en">
"<Ah>"
	"ah" Other UH lang:en 00:02:09 00:02:15 tt-901 MF017_1959_EP_SU2011_AD_02 
</lang>
"<,>"
	"," Punctuation CM lang:es 00:02:09 00:02:15 tt-902 MF017_1959_EP_SU2011_AD_02 
"<siempre>"
	"siempre" Adverb ADV lang:es 00:02:09 00:02:15 tt-903 MF017_1959_EP_SU2011_AD_02 
"<por>"
	"por" Preposition PREP lang:es 00:02:09 00:02:15 tt-904 MF017_1959_EP_SU2011_AD_02 @Gram:Prep:Por SUBSTITUTE:251 ADD:574 
"<mi>"
	"mío" Pronoun PPO Singular lang:es 00:02:09 00:02:15 tt-905 MF017_1959_EP_SU2011_AD_02 @Gram:Det:Pos ADD:425 
"<estatura>"
	"estatura" Noun NC Singular lang:es 00:02:09 00:02:15 tt-906 MF017_1959_EP_SU2011_AD_02 
"<,>"
	"," Punctuation CM lang:es 00:02:09 00:02:15 tt-907 MF017_1959_EP_SU2011_AD_02 
"<porque>"
	"porque" Conjunction CSUBX lang:es 00:02:09 00:02:15 tt-908 MF017_1959_EP_SU2011_AD_02 @Prag:MarcadoresDisc:Causa ADD:1051 
"<soy>"
	"ser" Verb VSfin Pres Indi Sing 1st lang:es 00:02:09 00:02:15 tt-909 MF017_1959_EP_SU2011_AD_02 @Gram:SerEstar:Ser ADD:769 
"<una>"
	"un" Determiner ART Singular lang:es 00:02:09 00:02:15 tt-910 MF017_1959_EP_SU2011_AD_02 
"<persona>"
	"persona" Noun NC Singular lang:es 00:02:09 00:02:15 tt-911 MF017_1959_EP_SU2011_AD_02 
"<muy>"
	"muy" Adverb ADV lang:es 00:02:09 00:02:15 tt-912 MF017_1959_EP_SU2011_AD_02 
"<bajita>"
	"bajo" Adjective ADJ Singular lang:es 00:02:15 00:02:20 tt-913 MF017_1959_EP_SU2011_AD_02 
"<,>"
	"," Punctuation CM lang:es 00:02:15 00:02:20 tt-914 MF017_1959_EP_SU2011_AD_02 
"<siempre>"
	"siempre" Adverb ADV lang:es 00:02:15 00:02:20 tt-915 MF017_1959_EP_SU2011_AD_02 
"<en>"
	"en" Preposition PREP lang:es 00:02:15 00:02:20 tt-916 MF017_1959_EP_SU2011_AD_02 @Gram:Prep ADD:580 
"<los>"
	"el" Determiner ART Plural Masc lang:es 00:02:15 00:02:20 tt-917 MF017_1959_EP_SU2011_AD_02 @Gram:Det:Art ADD:395 
"<desfiles>"
	"desfile" Noun NC Plural lang:es 00:02:15 00:02:20 tt-918 MF017_1959_EP_SU2011_AD_02 
"<siempre>"
	"siempre" Adverb ADV lang:es 00:02:15 00:02:20 tt-919 MF017_1959_EP_SU2011_AD_02 
"<,>"
	"," Punctuation CM lang:es 00:02:15 00:02:20 tt-920 MF017_1959_EP_SU2011_AD_02 
"<siempre>"
	"siempre" Adverb ADV lang:es 00:02:15 00:02:20 tt-921 MF017_1959_EP_SU2011_AD_02 
"<me>"
	"yo" Pronoun PPX Singular lang:es 00:02:15 00:02:20 tt-922 MF017_1959_EP_SU2011_AD_02 @Gram:Pron:Objeto ADD:614 
"<ponían>"
	"poner" Verb VLfin Imp Indi Plural 3rd lang:es 00:02:15 00:02:20 tt-923 MF017_1959_EP_SU2011_AD_02 @Gram:Imperf ADD:645 
"<enfrente>"
	"enfrente" Adverb ADV lang:es 00:02:15 00:02:20 tt-924 MF017_1959_EP_SU2011_AD_02 
"<y>"
	"y" Conjunction CC lang:es 00:02:15 00:02:20 tt-925 MF017_1959_EP_SU2011_AD_02 
"<llevar>"
	"llevar" Verb VLinf Infinitive lang:es 00:02:15 00:02:20 tt-926 MF017_1959_EP_SU2011_AD_02 SUBSTITUTE:309 
"<la>"
	"el" Determiner ART Singular Fem lang:es 00:02:15 00:02:20 tt-927 MF017_1959_EP_SU2011_AD_02 @Gram:Det:Art ADD:395 
"<bandera>"
	"bandera" Noun NC Singular lang:es 00:02:15 00:02:20 tt-928 MF017_1959_EP_SU2011_AD_02 
"<,>"
	"," Punctuation CM lang:es 00:02:15 00:02:20 tt-929 MF017_1959_EP_SU2011_AD_02 
"<así>"
	"así" Conjunction CSUBX lang:es 00:02:15 00:02:20 tt-930 MF017_1959_EP_SU2011_AD_02 
"<es>"
	"ser" Verb VSfin Pres Indi Sing 3rd lang:es 00:02:20 00:02:27 tt-931 MF017_1959_EP_SU2011_AD_02 @Gram:SerEstar:Ser ADD:769 
"<que>"
	"que" Conjunction CQUE lang:es 00:02:20 00:02:27 tt-932 MF017_1959_EP_SU2011_AD_02 
"<pues>"
	"pues" Conjunction CSUBF lang:es 00:02:20 00:02:27 tt-933 MF017_1959_EP_SU2011_AD_02 
"<yo>"
	"yo" Pronoun PPX Singular lang:es 00:02:20 00:02:27 tt-934 MF017_1959_EP_SU2011_AD_02 @Gram:Pron:Sujeto ADD:590 
"<encantada>"
	"encantar" Verb VLadj lang:es 00:02:20 00:02:27 tt-935 MF017_1959_EP_SU2011_AD_02 
"<$.>"
	"." Punctuation FS lang:es 00:02:20 00:02:27 tt-936 MF017_1959_EP_SU2011_AD_02 

"<Eso>"
	"ese" Determiner DM Singular lang:es 00:02:20 00:02:27 tt-937 MF017_1959_EP_SU2011_AD_02 
"<era>"
	"ser" Verb VEfin Imp Indi Sing 1st_or_3rd lang:es 00:02:20 00:02:27 tt-938 MF017_1959_EP_SU2011_AD_02 @Gram:Imperf @Gram:SerEstar:Ser ADD:645 ADD:769 
"<un>"
	"un" Determiner ART Singular lang:es 00:02:20 00:02:27 tt-939 MF017_1959_EP_SU2011_AD_02 
"<recuerdo>"
	"recuerdo" Noun NC Singular lang:es 00:02:20 00:02:27 tt-940 MF017_1959_EP_SU2011_AD_02 
"<bonito>"
	"bonito" Adjective ADJ Singular lang:es 00:02:20 00:02:27 tt-941 MF017_1959_EP_SU2011_AD_02 
"<y>"
	"y" Conjunction CC lang:es 00:02:20 00:02:27 tt-942 MF017_1959_EP_SU2011_AD_02 
"<luego>"
	"luego" Conjunction CSUBF lang:es 00:02:20 00:02:27 tt-943 MF017_1959_EP_SU2011_AD_02 
"<que>"
	"que" Conjunction CQUE lang:es 00:02:20 00:02:27 tt-944 MF017_1959_EP_SU2011_AD_02 
"<mi>"
	"mío" Pronoun PPO Singular lang:es 00:02:20 00:02:27 tt-945 MF017_1959_EP_SU2011_AD_02 @Gram:Det:Pos ADD:425 
"<papá>"
	"papá" Noun NC Singular lang:es 00:02:20 00:02:27 tt-946 MF017_1959_EP_SU2011_AD_02 
"<,>"
	"," Punctuation CM lang:es 00:02:20 00:02:27 tt-947 MF017_1959_EP_SU2011_AD_02 
"<siempre>"
	"siempre" Conjunction CSUBF lang:es 00:02:20 00:02:27 tt-948 MF017_1959_EP_SU2011_AD_02 
"<que>"
	"que" Conjunction CSUBF lang:es 00:02:20 00:02:27 tt-949 MF017_1959_EP_SU2011_AD_02 
"<pasábamos>"
	"pasar" Verb VLfin Imp Indi Plural 1st lang:es 00:02:20 00:02:27 tt-950 MF017_1959_EP_SU2011_AD_02 @Gram:Imperf ADD:645 
"<de>"
	"de" Preposition PREP lang:es 00:02:29 00:02:35 tt-951 MF017_1959_EP_SU2011_AD_02 @Gram:Prep ADD:580 
"<año>"
	"año" Noun NC Singular lang:es 00:02:29 00:02:35 tt-952 MF017_1959_EP_SU2011_AD_02 
"<,>"
	"," Punctuation CM lang:es 00:02:29 00:02:35 tt-953 MF017_1959_EP_SU2011_AD_02 
"<yo>"
	"yo" Pronoun PPX Singular lang:es 00:02:29 00:02:35 tt-954 MF017_1959_EP_SU2011_AD_02 @Gram:Pron:Sujeto ADD:590 
"<no>"
	"no" Adverb NEG lang:es 00:02:29 00:02:35 tt-955 MF017_1959_EP_SU2011_AD_02 
"<sé>"
	"saber|ser" Verb VLfin Pres Indi Sing 1st lang:es 00:02:29 00:02:35 tt-956 MF017_1959_EP_SU2011_AD_02 
"<qué>"
	"qué" Pronoun INT Singular lang:es 00:02:29 00:02:35 tt-957 MF017_1959_EP_SU2011_AD_02 
"<era>"
	"ser" Verb VEfin Imp Indi Sing 1st_or_3rd lang:es 00:02:29 00:02:35 tt-958 MF017_1959_EP_SU2011_AD_02 @Gram:Imperf @Gram:SerEstar:Ser ADD:645 ADD:769 
"<costumbre>"
	"costumbre" Noun NC Singular lang:es 00:02:29 00:02:35 tt-959 MF017_1959_EP_SU2011_AD_02 
"<o>"
	"o" Conjunction CC lang:es 00:02:29 00:02:35 tt-960 MF017_1959_EP_SU2011_AD_02 
"<tradición>"
	"tradición" Noun NC Singular lang:es 00:02:29 00:02:35 tt-961 MF017_1959_EP_SU2011_AD_02 
"<no>"
	"no" Adverb NEG lang:es 00:02:29 00:02:35 tt-962 MF017_1959_EP_SU2011_AD_02 
"<sé>"
	"saber|ser" Verb VLfin Pres Indi Sing 1st lang:es 00:02:29 00:02:35 tt-963 MF017_1959_EP_SU2011_AD_02 
"<qué>"
	"qué" Pronoun INT Singular lang:es 00:02:29 00:02:35 tt-964 MF017_1959_EP_SU2011_AD_02 
"<sería>"
	"ser" Verb VSfin Cond Indi Sing 1st_or_3rd lang:es 00:02:29 00:02:35 tt-965 MF017_1959_EP_SU2011_AD_02 @Gram:SerEstar:Ser ADD:769 
"<,>"
	"," Punctuation CM lang:es 00:02:29 00:02:35 tt-966 MF017_1959_EP_SU2011_AD_02 
"<pero>"
	"pero" Conjunction CCAD lang:es 00:02:29 00:02:35 tt-967 MF017_1959_EP_SU2011_AD_02 @Prag:MarcadoresDisc:Revision ADD:998 
"<siempre>"
	"siempre" Conjunction CSUBF lang:es 00:02:29 00:02:35 tt-968 MF017_1959_EP_SU2011_AD_02 
"<que>"
	"que" Conjunction CSUBF lang:es 00:02:29 00:02:35 tt-969 MF017_1959_EP_SU2011_AD_02 
"<pasábamos>"
	"pasar" Verb VLfin Imp Indi Plural 1st lang:es 00:02:29 00:02:35 tt-970 MF017_1959_EP_SU2011_AD_02 @Gram:Imperf ADD:645 
"<de>"
	"de" Preposition PREP lang:es 00:02:35 00:02:42 tt-971 MF017_1959_EP_SU2011_AD_02 @Gram:Prep ADD:580 
"<año>"
	"año" Noun NC Singular lang:es 00:02:35 00:02:42 tt-972 MF017_1959_EP_SU2011_AD_02 
"<nos>"
	"nosotros" Pronoun PPX Plural lang:es 00:02:35 00:02:42 tt-973 MF017_1959_EP_SU2011_AD_02 @Gram:Pron:Objeto ADD:614 
"<regalaba>"
	"regalar" Verb VLfin Imp Indi Sing 1st_or_3rd lang:es 00:02:35 00:02:42 tt-974 MF017_1959_EP_SU2011_AD_02 @Gram:Imperf ADD:645 
"<un>"
	"un" Determiner ART Singular lang:es 00:02:35 00:02:42 tt-975 MF017_1959_EP_SU2011_AD_02 
"<kilo>"
	"kilo" Noun NC Singular lang:es 00:02:35 00:02:42 tt-976 MF017_1959_EP_SU2011_AD_02 
"<de>"
	"de" Preposition PREP lang:es 00:02:35 00:02:42 tt-977 MF017_1959_EP_SU2011_AD_02 @Gram:Prep ADD:580 
"<...>"
	"..." Punctuation DOTS lang:es 00:02:35 00:02:42 tt-978 MF017_1959_EP_SU2011_AD_02 
"<de>"
	"de" Preposition PREP lang:es 00:02:35 00:02:42 tt-979 MF017_1959_EP_SU2011_AD_02 @Gram:Prep ADD:580 
"<plátanos>"
	"plátano" Noun NC Plural lang:es 00:02:35 00:02:42 tt-980 MF017_1959_EP_SU2011_AD_02 
"<,>"
	"," Punctuation CM lang:es 00:02:35 00:02:42 tt-981 MF017_1959_EP_SU2011_AD_02 
"<no>"
	"no" Adverb NEG lang:es 00:02:35 00:02:42 tt-982 MF017_1959_EP_SU2011_AD_02 
"<sé>"
	"saber|ser" Verb VLfin Pres Indi Sing 1st lang:es 00:02:35 00:02:42 tt-983 MF017_1959_EP_SU2011_AD_02 
"<si>"
	"si" Conjunction CSUBX lang:es 00:02:35 00:02:42 tt-984 MF017_1959_EP_SU2011_AD_02 
"<sería>"
	"ser" Verb VSfin Cond Indi Sing 1st_or_3rd lang:es 00:02:35 00:02:42 tt-985 MF017_1959_EP_SU2011_AD_02 @Gram:SerEstar:Ser ADD:769 
"<tradición>"
	"tradición" Noun NC Singular lang:es 00:02:35 00:02:42 tt-986 MF017_1959_EP_SU2011_AD_02 
"<de>"
	"de" Preposition PREP lang:es 00:02:35 00:02:42 tt-987 MF017_1959_EP_SU2011_AD_02 @Gram:Prep ADD:580 
"<la>"
	"el" Determiner ART Singular Fem lang:es 00:02:35 00:02:42 tt-988 MF017_1959_EP_SU2011_AD_02 @Gram:Det:Art ADD:395 
"<familia>"
	"familia" Noun NC Singular lang:es 00:02:35 00:02:42 tt-989 MF017_1959_EP_SU2011_AD_02 
"<$;>"
	";" Punctuation SEMICOLON lang:es 00:02:35 00:02:42 tt-990 MF017_1959_EP_SU2011_AD_02 
"<nunca>"
	"nunca" Adverb ADV lang:es 00:02:42 00:02:47 tt-991 MF017_1959_EP_SU2011_AD_02 
"<le>"
	"él" Pronoun PPC Singular lang:es 00:02:42 00:02:47 tt-992 MF017_1959_EP_SU2011_AD_02 @Gram:Pron:Objeto ADD:620 
"<pregunté>"
	"preguntar" Verb VLfin Pret Indi Sing 1st lang:es 00:02:42 00:02:47 tt-993 MF017_1959_EP_SU2011_AD_02 @Gram:Indefinido ADD:654 
"<,>"
	"," Punctuation CM lang:es 00:02:42 00:02:47 tt-994 MF017_1959_EP_SU2011_AD_02 
"<pero>"
	"pero" Conjunction CCAD lang:es 00:02:42 00:02:47 tt-995 MF017_1959_EP_SU2011_AD_02 @Prag:MarcadoresDisc:Revision ADD:998 
"<siempre>"
	"siempre" Adverb ADV lang:es 00:02:42 00:02:47 tt-996 MF017_1959_EP_SU2011_AD_02 
"<nos>"
	"nosotros" Pronoun PPX Plural lang:es 00:02:42 00:02:47 tt-997 MF017_1959_EP_SU2011_AD_02 @Gram:Pron:Objeto ADD:614 
"<regalaba>"
	"regalar" Verb VLfin Imp Indi Sing 1st_or_3rd lang:es 00:02:42 00:02:47 tt-998 MF017_1959_EP_SU2011_AD_02 @Gram:Imperf ADD:645 
"<eso>"
	"ese" Determiner DM Singular lang:es 00:02:42 00:02:47 tt-999 MF017_1959_EP_SU2011_AD_02 @Gram:Det:Demo ADD:418 
"<,>"
	"," Punctuation CM lang:es 00:02:42 00:02:47 tt-1000 MF017_1959_EP_SU2011_AD_02 
"<no>"
	"no" Adverb NEG lang:es 00:02:42 00:02:47 tt-1001 MF017_1959_EP_SU2011_AD_02 
"<sé>"
	"saber|ser" Verb VLfin Pres Indi Sing 1st lang:es 00:02:42 00:02:47 tt-1002 MF017_1959_EP_SU2011_AD_02 
"<por>"
	"por" Preposition PREP lang:es 00:02:42 00:02:47 tt-1003 MF017_1959_EP_SU2011_AD_02 @Gram:Prep:Por SUBSTITUTE:251 ADD:574 
"<qué>"
	"qué" Adverb ADV lang:es 00:02:42 00:02:47 tt-1004 MF017_1959_EP_SU2011_AD_02 
"<$.>"
	"." Punctuation FS lang:es 00:02:42 00:02:47 tt-1005 MF017_1959_EP_SU2011_AD_02 
</speaker>
<speaker type="int">

"<$¿>"
	"¿" Punctuation FS lang:es 00:02:47 00:02:52 tt-1006 MF017_1959_EP_SU2011_AD_02 
"<Hubo>"
	"haber" Verb VHfin Pret Indi Sing 3rd lang:es 00:02:47 00:02:52 tt-1007 MF017_1959_EP_SU2011_AD_02 @Gram:Haber:Exist ADD:785 
"<algún>"
	"alguno" Determiner QU lang:es 00:02:47 00:02:52 tt-1008 MF017_1959_EP_SU2011_AD_02 @Gram:Det:CuantIndef ADD:442 
"<maestro>"
	"maestro" Plural Singular Noun NC lang:es 00:02:47 00:02:52 tt-1009 MF017_1959_EP_SU2011_AD_02 SUBSTITUTE:286 SUBSTITUTE:287 
"<o>"
	"o" Conjunction CC lang:es 00:02:47 00:02:52 tt-1010 MF017_1959_EP_SU2011_AD_02 
"<maestros>"
	"maestro" Plural Singular Noun NC lang:es 00:02:47 00:02:52 tt-1011 MF017_1959_EP_SU2011_AD_02 SUBSTITUTE:286 SUBSTITUTE:287 
"<que>"
	"que" Conjunction CQUE lang:es 00:02:47 00:02:52 tt-1012 MF017_1959_EP_SU2011_AD_02 
"<hayan>"
	"haber" Verb VHfin Pres Subj Plural 3rd lang:es 00:02:47 00:02:52 tt-1013 MF017_1959_EP_SU2011_AD_02 ID:478 R:Gram:MSub:Pres:479 ADDRELATION(Gram:MSub:Pres):740 
"<tenido>"
	"tener" Verb VLadj lang:es 00:02:47 00:02:52 tt-1014 MF017_1959_EP_SU2011_AD_02 ID:479 
"<una>"
	"un" Determiner ART Singular lang:es 00:02:47 00:02:52 tt-1015 MF017_1959_EP_SU2011_AD_02 
"<influencia>"
	"influencia" Noun NC Singular lang:es 00:02:47 00:02:52 tt-1016 MF017_1959_EP_SU2011_AD_02 
"<particularmente>"
	"particularmente" Adverb ADV lang:es 00:02:47 00:02:52 tt-1017 MF017_1959_EP_SU2011_AD_02 
"<fuerte>"
	"fuerte" Adjective ADJ Singular lang:es 00:02:52 00:02:54 tt-1018 MF017_1959_EP_SU2011_AD_02 
"<,>"
	"," Punctuation CM lang:es 00:02:52 00:02:54 tt-1019 MF017_1959_EP_SU2011_AD_02 
"<en>"
	"en" Preposition PREP lang:es 00:02:52 00:02:54 tt-1020 MF017_1959_EP_SU2011_AD_02 @Gram:Prep ADD:580 
"<tu>"
	"tú" Pronoun PPX Singular lang:es 00:02:52 00:02:54 tt-1021 MF017_1959_EP_SU2011_AD_02 @Gram:Det:Pos ADD:425 
"<vida>"
	"vida" Noun NC Singular lang:es 00:02:52 00:02:54 tt-1022 MF017_1959_EP_SU2011_AD_02 
"<$?>"
	"?" Punctuation FS lang:es 00:02:52 00:02:54 tt-1023 MF017_1959_EP_SU2011_AD_02 
</speaker>
<speaker type="subj">

"<Eh>"
	"eh" Noun NP Singular lang:es 00:02:54 00:03:00 tt-1024 MF017_1959_EP_SU2011_AD_02 
"<...>"
	"..." Punctuation DOTS lang:es 00:02:54 00:03:00 tt-1025 MF017_1959_EP_SU2011_AD_02 
"<sí>"
	"sí" Adverb ADV lang:es 00:02:54 00:03:00 tt-1026 MF017_1959_EP_SU2011_AD_02 
"<,>"
	"," Punctuation CM lang:es 00:02:54 00:03:00 tt-1027 MF017_1959_EP_SU2011_AD_02 
"<o>"
	"o" Adverb ADV lang:es 00:02:54 00:03:00 tt-1028 MF017_1959_EP_SU2011_AD_02 ID:493 R:Prag:MarcadoresDisc:Igualdad:494 ADDRELATION(Prag:MarcadoresDisc:Igualdad):1093 
"<sea>"
	"sea" Adverb ADV lang:es 00:02:54 00:03:00 tt-1029 MF017_1959_EP_SU2011_AD_02 ID:494 
"<,>"
	"," Punctuation CM lang:es 00:02:54 00:03:00 tt-1030 MF017_1959_EP_SU2011_AD_02 
"<un>"
	"un" Determiner ART Singular lang:es 00:02:54 00:03:00 tt-1031 MF017_1959_EP_SU2011_AD_02 
"<maestro>"
	"maestro" Plural Singular Noun NC lang:es 00:02:54 00:03:00 tt-1032 MF017_1959_EP_SU2011_AD_02 SUBSTITUTE:286 SUBSTITUTE:287 
"<que>"
	"que" Conjunction CQUE lang:es 00:02:54 00:03:00 tt-1033 MF017_1959_EP_SU2011_AD_02 
"<me>"
	"yo" Pronoun PPX Singular lang:es 00:02:54 00:03:00 tt-1034 MF017_1959_EP_SU2011_AD_02 @Gram:Pron:Objeto ADD:614 
"<estimaba>"
	"estimar" Verb VLfin Imp Indi Sing 1st_or_3rd lang:es 00:02:54 00:03:00 tt-1035 MF017_1959_EP_SU2011_AD_02 @Gram:Imperf ADD:645 
"<mucho>"
	"mucho" Adverb ADV lang:es 00:02:54 00:03:00 tt-1036 MF017_1959_EP_SU2011_AD_02 
"<,>"
	"," Punctuation CM lang:es 00:02:54 00:03:00 tt-1037 MF017_1959_EP_SU2011_AD_02 
"<eh>"
	"eh" Noun NP Singular lang:es 00:02:54 00:03:00 tt-1038 MF017_1959_EP_SU2011_AD_02 
"<...>"
	"..." Punctuation DOTS lang:es 00:02:54 00:03:00 tt-1039 MF017_1959_EP_SU2011_AD_02 
"<de>"
	"de" Preposition PREP lang:es 00:02:54 00:03:00 tt-1040 MF017_1959_EP_SU2011_AD_02 @Gram:Prep ADD:580 
"<educación>"
	"educación" Noun NC Singular lang:es 00:02:54 00:03:00 tt-1041 MF017_1959_EP_SU2011_AD_02 
"<,>"
	"," Punctuation CM lang:es 00:02:54 00:03:00 tt-1042 MF017_1959_EP_SU2011_AD_02 
"<eh>"
	"eh" Noun NP Singular lang:es 00:02:54 00:03:00 tt-1043 MF017_1959_EP_SU2011_AD_02 
"<...>"
	"..." Punctuation DOTS lang:es 00:02:54 00:03:00 tt-1044 MF017_1959_EP_SU2011_AD_02 
"<no>"
	"no" Adverb NEG lang:es 00:02:54 00:03:00 tt-1045 MF017_1959_EP_SU2011_AD_02 
"<recuerdo>"
	"recordar" Verb VLfin Pres Indi Sing 1st lang:es 00:02:54 00:03:00 tt-1046 MF017_1959_EP_SU2011_AD_02 
"<ahorita>"
	"ahora" Adverb ADV lang:es 00:02:54 00:03:00 tt-1047 MF017_1959_EP_SU2011_AD_02 
"<su>"
	"suyo" Pronoun PPO Singular lang:es 00:03:00 00:03:07 tt-1048 MF017_1959_EP_SU2011_AD_02 @Gram:Det:Pos ADD:425 
"<nombre>"
	"nombre" Noun NC Singular lang:es 00:03:00 00:03:07 tt-1049 MF017_1959_EP_SU2011_AD_02 
"<,>"
	"," Punctuation CM lang:es 00:03:00 00:03:07 tt-1050 MF017_1959_EP_SU2011_AD_02 
"<era>"
	"ser" Verb VEfin Imp Indi Sing 1st_or_3rd lang:es 00:03:00 00:03:07 tt-1051 MF017_1959_EP_SU2011_AD_02 @Gram:Imperf @Gram:SerEstar:Ser ADD:645 ADD:769 
"<de>"
	"de" Preposition PREP lang:es 00:03:00 00:03:07 tt-1052 MF017_1959_EP_SU2011_AD_02 @Gram:Prep ADD:580 
"<educación>"
	"educación" Noun NC Singular lang:es 00:03:00 00:03:07 tt-1053 MF017_1959_EP_SU2011_AD_02 
"<física>"
	"físico" Adjective ADJ Singular lang:es 00:03:00 00:03:07 tt-1054 MF017_1959_EP_SU2011_AD_02 
"<$.>"
	"." Punctuation FS lang:es 00:03:00 00:03:07 tt-1055 MF017_1959_EP_SU2011_AD_02 

"<Siempre>"
	"siempre" Adverb ADV lang:es 00:03:00 00:03:07 tt-1056 MF017_1959_EP_SU2011_AD_02 
"<él>"
	"él" Pronoun PPX Singular lang:es 00:03:00 00:03:07 tt-1057 MF017_1959_EP_SU2011_AD_02 @Gram:Pron:Sujeto ADD:590 
"<me>"
	"yo" Pronoun PPX Singular lang:es 00:03:00 00:03:07 tt-1058 MF017_1959_EP_SU2011_AD_02 @Gram:Pron:Objeto ADD:614 
"<decía>"
	"decir" Verb VLfin Imp Indi Sing 1st_or_3rd lang:es 00:03:00 00:03:07 tt-1059 MF017_1959_EP_SU2011_AD_02 @Gram:Imperf ADD:645 
"<que>"
	"que" Conjunction CQUE lang:es 00:03:00 00:03:07 tt-1060 MF017_1959_EP_SU2011_AD_02 
"<yo>"
	"yo" Pronoun PPX Singular lang:es 00:03:00 00:03:07 tt-1061 MF017_1959_EP_SU2011_AD_02 @Gram:Pron:Sujeto ADD:590 
"<tenía>"
	"tener" Verb VLfin Imp Indi Sing 1st_or_3rd lang:es 00:03:00 00:03:07 tt-1062 MF017_1959_EP_SU2011_AD_02 @Gram:Imperf ADD:645 
"<muchos>"
	"mucho" Determiner QU lang:es 00:03:00 00:03:07 tt-1063 MF017_1959_EP_SU2011_AD_02 @Gram:Det:CuantIndef ADD:447 
"<talentos>"
	"talento" Noun NC Plural lang:es 00:03:00 00:03:07 tt-1064 MF017_1959_EP_SU2011_AD_02 
"<,>"
	"," Punctuation CM lang:es 00:03:00 00:03:07 tt-1065 MF017_1959_EP_SU2011_AD_02 
"<él>"
	"él" Pronoun PPX Singular lang:es 00:03:07 00:03:14 tt-1066 MF017_1959_EP_SU2011_AD_02 @Gram:Pron:Sujeto ADD:590 
"<me>"
	"yo" Pronoun PPX Singular lang:es 00:03:07 00:03:14 tt-1067 MF017_1959_EP_SU2011_AD_02 @Gram:Pron:Objeto ADD:614 
"<...>"
	"..." Punctuation DOTS lang:es 00:03:07 00:03:14 tt-1068 MF017_1959_EP_SU2011_AD_02 
"<ehm>"
	"ehm" Noun NP Singular lang:es 00:03:07 00:03:14 tt-1069 MF017_1959_EP_SU2011_AD_02 
"<...>"
	"..." Punctuation DOTS lang:es 00:03:07 00:03:14 tt-1070 MF017_1959_EP_SU2011_AD_02 
"<había>"
	"haber" Verb VHfin Imp Indi Sing 1st_or_3rd lang:es 00:03:07 00:03:14 tt-1071 MF017_1959_EP_SU2011_AD_02 @Gram:Haber:Exist ADD:785 
"<un>"
	"un" Determiner ART Singular lang:es 00:03:07 00:03:14 tt-1072 MF017_1959_EP_SU2011_AD_02 
"<concurso>"
	"concurso" Noun NC Singular lang:es 00:03:07 00:03:14 tt-1073 MF017_1959_EP_SU2011_AD_02 
"<para>"
	"para" Preposition PREP lang:es 00:03:07 00:03:14 tt-1074 MF017_1959_EP_SU2011_AD_02 @Gram:Prep:Para SUBSTITUTE:325 ADD:551 
"<reina>"
	"reina" Noun NC Singular lang:es 00:03:07 00:03:14 tt-1075 MF017_1959_EP_SU2011_AD_02 
"<en>"
	"en" Preposition PREP lang:es 00:03:07 00:03:14 tt-1076 MF017_1959_EP_SU2011_AD_02 @Gram:Prep ADD:580 
"<la>"
	"el" Determiner ART Singular Fem lang:es 00:03:07 00:03:14 tt-1077 MF017_1959_EP_SU2011_AD_02 @Gram:Det:Art ADD:395 
"<primaria>"
	"primario" Adjective ADJ Singular lang:es 00:03:07 00:03:14 tt-1078 MF017_1959_EP_SU2011_AD_02 
"<,>"
	"," Punctuation CM lang:es 00:03:07 00:03:14 tt-1079 MF017_1959_EP_SU2011_AD_02 
"<pues>"
	"pues" Conjunction CSUBF lang:es 00:03:07 00:03:14 tt-1080 MF017_1959_EP_SU2011_AD_02 
"<era>"
	"ser" Verb VEfin Imp Indi Sing 1st_or_3rd lang:es 00:03:07 00:03:14 tt-1081 MF017_1959_EP_SU2011_AD_02 @Gram:Imperf @Gram:SerEstar:Ser ADD:645 ADD:769 
"<chica>"
	"chico" Adjective ADJ Singular lang:es 00:03:07 00:03:14 tt-1082 MF017_1959_EP_SU2011_AD_02 
"<yo>"
	"yo" Pronoun PPX Singular lang:es 00:03:07 00:03:14 tt-1083 MF017_1959_EP_SU2011_AD_02 @Gram:Pron:Sujeto ADD:590 
"<y>"
	"y" Conjunction CC lang:es 00:03:07 00:03:14 tt-1084 MF017_1959_EP_SU2011_AD_02 
"<este>"
	"este" Noun NC Singular lang:es 00:03:07 00:03:14 tt-1085 MF017_1959_EP_SU2011_AD_02 
"<...>"
	"..." Punctuation DOTS lang:es 00:03:07 00:03:14 tt-1086 MF017_1959_EP_SU2011_AD_02 
"<me>"
	"yo" Pronoun PPX Singular lang:es 00:03:15 00:03:21 tt-1087 MF017_1959_EP_SU2011_AD_02 @Gram:Pron:Objeto ADD:614 
"<inscribió>"
	"inscribir" Verb VLfin Pret Indi Sing 3rd lang:es 00:03:15 00:03:21 tt-1088 MF017_1959_EP_SU2011_AD_02 @Gram:Indefinido ADD:654 
"<y>"
	"y" Conjunction CC lang:es 00:03:15 00:03:21 tt-1089 MF017_1959_EP_SU2011_AD_02 
"<siempre>"
	"siempre" Adverb ADV lang:es 00:03:15 00:03:21 tt-1090 MF017_1959_EP_SU2011_AD_02 
"<en>"
	"en" Preposition PREP lang:es 00:03:15 00:03:21 tt-1091 MF017_1959_EP_SU2011_AD_02 @Gram:Prep ADD:580 
"<los>"
	"el" Determiner ART Plural Masc lang:es 00:03:15 00:03:21 tt-1092 MF017_1959_EP_SU2011_AD_02 @Gram:Det:Art ADD:395 
"<concursos>"
	"concurso" Noun NC Plural lang:es 00:03:15 00:03:21 tt-1093 MF017_1959_EP_SU2011_AD_02 
"<,>"
	"," Punctuation CM lang:es 00:03:15 00:03:21 tt-1094 MF017_1959_EP_SU2011_AD_02 
"<siempre>"
	"siempre" Adverb ADV lang:es 00:03:15 00:03:21 tt-1095 MF017_1959_EP_SU2011_AD_02 
"<él>"
	"él" Pronoun PPX Singular lang:es 00:03:15 00:03:21 tt-1096 MF017_1959_EP_SU2011_AD_02 @Gram:Pron:Sujeto ADD:590 
"<me>"
	"yo" Pronoun PPX Singular lang:es 00:03:15 00:03:21 tt-1097 MF017_1959_EP_SU2011_AD_02 @Gram:Pron:Objeto ADD:614 
"<ponía>"
	"poner" Verb VLfin Imp Indi Sing 1st_or_3rd lang:es 00:03:15 00:03:21 tt-1098 MF017_1959_EP_SU2011_AD_02 @Gram:Imperf ADD:645 
"<y>"
	"y" Conjunction CC lang:es 00:03:15 00:03:21 tt-1099 MF017_1959_EP_SU2011_AD_02 
"<luego>"
	"luego" Adverb ADV lang:es 00:03:15 00:03:21 tt-1100 MF017_1959_EP_SU2011_AD_02 
"<ya>"
	"ya" Adverb ADV lang:es 00:03:15 00:03:21 tt-1101 MF017_1959_EP_SU2011_AD_02 
"<me>"
	"yo" Pronoun PPX Singular lang:es 00:03:15 00:03:21 tt-1102 MF017_1959_EP_SU2011_AD_02 @Gram:Pron:Objeto ADD:614 
"<...>"
	"..." Punctuation DOTS lang:es 00:03:15 00:03:21 tt-1103 MF017_1959_EP_SU2011_AD_02 
"<me>"
	"yo" Pronoun PPX Singular lang:es 00:03:15 00:03:21 tt-1104 MF017_1959_EP_SU2011_AD_02 @Gram:Pron:Objeto ADD:614 
"<preguntaba>"
	"preguntar" Verb VLfin Imp Indi Sing 1st_or_3rd lang:es 00:03:15 00:03:21 tt-1105 MF017_1959_EP_SU2011_AD_02 @Gram:Imperf ADD:645 
"<,>"
	"," Punctuation CM lang:es 00:03:15 00:03:21 tt-1106 MF017_1959_EP_SU2011_AD_02 
"<porque>"
	"porque" Conjunction CSUBX lang:es 00:03:21 00:03:26 tt-1107 MF017_1959_EP_SU2011_AD_02 @Prag:MarcadoresDisc:Causa ADD:1051 
"<ya>"
	"ya" Adverb ADV lang:es 00:03:21 00:03:26 tt-1108 MF017_1959_EP_SU2011_AD_02 
"<sabía>"
	"saber" Verb VLfin Imp Indi Sing 1st_or_3rd lang:es 00:03:21 00:03:26 tt-1109 MF017_1959_EP_SU2011_AD_02 @Gram:Imperf ADD:645 
"<él>"
	"él" Pronoun PPX Singular lang:es 00:03:21 00:03:26 tt-1110 MF017_1959_EP_SU2011_AD_02 @Gram:Pron:Sujeto ADD:590 
"<de>"
	"de" Adverb ADV lang:es 00:03:21 00:03:26 tt-1111 MF017_1959_EP_SU2011_AD_02 
"<antemano>"
	"antemano" Adverb ADV lang:es 00:03:21 00:03:26 tt-1112 MF017_1959_EP_SU2011_AD_02 
"<,>"
	"," Punctuation CM lang:es 00:03:21 00:03:26 tt-1113 MF017_1959_EP_SU2011_AD_02 
"<pues>"
	"pues" Conjunction CSUBF lang:es 00:03:21 00:03:26 tt-1114 MF017_1959_EP_SU2011_AD_02 
"<,>"
	"," Punctuation CM lang:es 00:03:21 00:03:26 tt-1115 MF017_1959_EP_SU2011_AD_02 
"<de>"
	"de" Conjunction CSUBI lang:es 00:03:21 00:03:26 tt-1116 MF017_1959_EP_SU2011_AD_02 
"<que>"
	"que" Conjunction CQUE lang:es 00:03:21 00:03:26 tt-1117 MF017_1959_EP_SU2011_AD_02 
"<yo>"
	"yo" Pronoun PPX Singular lang:es 00:03:21 00:03:26 tt-1118 MF017_1959_EP_SU2011_AD_02 @Gram:Pron:Sujeto ADD:590 
"<iba>"
	"ir" Verb VLfin Imp Indi Sing 1st_or_3rd lang:es 00:03:21 00:03:26 tt-1119 MF017_1959_EP_SU2011_AD_02 @Gram:Imperf ID:584 R:Gram:VFut:Perifrasis:586 ADD:645 ADDRELATION(Gram:VFut:Perifrasis):673 
"<a>"
	"a" Preposition PREP lang:es 00:03:21 00:03:26 tt-1120 MF017_1959_EP_SU2011_AD_02 @Gram:Prep ADD:580 
"<querer>"
	"querer" Verb VLinf Infinitive lang:es 00:03:21 00:03:26 tt-1121 MF017_1959_EP_SU2011_AD_02 ID:586 SUBSTITUTE:309 
"<,>"
	"," Punctuation CM lang:es 00:03:21 00:03:26 tt-1122 MF017_1959_EP_SU2011_AD_02 
"<porque>"
	"porque" Conjunction CSUBX lang:es 00:03:21 00:03:26 tt-1123 MF017_1959_EP_SU2011_AD_02 @Prag:MarcadoresDisc:Causa ADD:1051 
"<él>"
	"él" Pronoun PPX Singular lang:es 00:03:21 00:03:26 tt-1124 MF017_1959_EP_SU2011_AD_02 @Gram:Pron:Sujeto ADD:590 
"<me>"
	"yo" Pronoun PPX Singular lang:es 00:03:21 00:03:26 tt-1125 MF017_1959_EP_SU2011_AD_02 @Gram:Pron:Objeto ADD:614 
"<miraba>"
	"mirar" Verb VLfin Imp Indi Sing 1st_or_3rd lang:es 00:03:21 00:03:26 tt-1126 MF017_1959_EP_SU2011_AD_02 @Gram:Imperf ADD:645 
"<que>"
	"que" Conjunction CQUE lang:es 00:03:21 00:03:26 tt-1127 MF017_1959_EP_SU2011_AD_02 
"<siempre>"
	"siempre" Adverb ADV lang:es 00:03:21 00:03:26 tt-1128 MF017_1959_EP_SU2011_AD_02 
"<quería>"
	"querer" Verb VLfin Imp Indi Sing 1st_or_3rd lang:es 00:03:26 00:03:33 tt-1129 MF017_1959_EP_SU2011_AD_02 @Gram:Imperf ADD:645 
"<andar>"
	"andar" Verb VLinf Infinitive lang:es 00:03:26 00:03:33 tt-1130 MF017_1959_EP_SU2011_AD_02 SUBSTITUTE:309 
"<en>"
	"en" Preposition PREP lang:es 00:03:26 00:03:33 tt-1131 MF017_1959_EP_SU2011_AD_02 @Gram:Prep ADD:580 
"<los>"
	"el" Determiner ART Plural Masc lang:es 00:03:26 00:03:33 tt-1132 MF017_1959_EP_SU2011_AD_02 @Gram:Det:Art ADD:395 
"<concursos>"
	"concurso" Noun NC Plural lang:es 00:03:26 00:03:33 tt-1133 MF017_1959_EP_SU2011_AD_02 
"<,>"
	"," Punctuation CM lang:es 00:03:26 00:03:33 tt-1134 MF017_1959_EP_SU2011_AD_02 
"<que>"
	"que" Conjunction CQUE lang:es 00:03:26 00:03:33 tt-1135 MF017_1959_EP_SU2011_AD_02 
"<me>"
	"yo" Pronoun PPX Singular lang:es 00:03:26 00:03:33 tt-1136 MF017_1959_EP_SU2011_AD_02 @Gram:Pron:Objeto ADD:614 
"<...>"
	"..." Punctuation DOTS lang:es 00:03:26 00:03:33 tt-1137 MF017_1959_EP_SU2011_AD_02 
"<me>"
	"yo" Pronoun PPX Singular lang:es 00:03:26 00:03:33 tt-1138 MF017_1959_EP_SU2011_AD_02 @Gram:Pron:Objeto ADD:614 
"<llamaba>"
	"llamar" Verb VLfin Imp Indi Sing 1st_or_3rd lang:es 00:03:26 00:03:33 tt-1139 MF017_1959_EP_SU2011_AD_02 @Gram:Imperf ADD:645 
"<mucho>"
	"mucho" Adverb ADV lang:es 00:03:26 00:03:33 tt-1140 MF017_1959_EP_SU2011_AD_02 
"<la>"
	"el" Determiner ART Singular Fem lang:es 00:03:26 00:03:33 tt-1141 MF017_1959_EP_SU2011_AD_02 @Gram:Det:Art ADD:395 
"<atención>"
	"atención" Noun NC Singular lang:es 00:03:26 00:03:33 tt-1142 MF017_1959_EP_SU2011_AD_02 
"<$.>"
	"." Punctuation FS lang:es 00:03:26 00:03:33 tt-1143 MF017_1959_EP_SU2011_AD_02 

"<Ese>"
	"ese" Determiner DM Singular lang:es 00:03:26 00:03:33 tt-1144 MF017_1959_EP_SU2011_AD_02 
"<maestro>"
	"maestro" Plural Singular Noun NC lang:es 00:03:26 00:03:33 tt-1145 MF017_1959_EP_SU2011_AD_02 SUBSTITUTE:286 SUBSTITUTE:287 
"<,>"
	"," Punctuation CM lang:es 00:03:26 00:03:33 tt-1146 MF017_1959_EP_SU2011_AD_02 
"<sí>"
	"sí" Adverb ADV lang:es 00:03:26 00:03:33 tt-1147 MF017_1959_EP_SU2011_AD_02 
"<$.>"
	"." Punctuation FS lang:es 00:03:26 00:03:33 tt-1148 MF017_1959_EP_SU2011_AD_02 
</speaker>
</text>

