<text id="MF017_1959_EP_SU2011_AD_03">
<speaker type="int">
"<$¿>"
	"¿" Punctuation FS lang:es 00:00:00 00:00:05 tt-1149 MF017_1959_EP_SU2011_AD_03 
"<Y>"
	"y" Conjunciton Conjunction CC lang:es 00:00:00 00:00:05 tt-1150 MF017_1959_EP_SU2011_AD_03 
"<cómo>"
	"cómo" Adverb ADV lang:es 00:00:00 00:00:05 tt-1151 MF017_1959_EP_SU2011_AD_03 
"<conociste>"
	"conocer" Verb VLfin Pret Indi Sing 2nd lang:es 00:00:00 00:00:05 tt-1152 MF017_1959_EP_SU2011_AD_03 @Gram:Indefinido 
"<a>"
	"a" Preposition PREP lang:es 00:00:00 00:00:05 tt-1153 MF017_1959_EP_SU2011_AD_03 @Gram:Prep 
"<tu>"
	"tú" Pronoun PPX Singular lang:es 00:00:00 00:00:05 tt-1154 MF017_1959_EP_SU2011_AD_03 
"<esposo>"
	"esposar" Verb VLfin Pres Indi Sing 1st lang:es 00:00:00 00:00:05 tt-1155 MF017_1959_EP_SU2011_AD_03 
"<$?>"
	"?" Punctuation FS lang:es 00:00:00 00:00:05 tt-1156 MF017_1959_EP_SU2011_AD_03 

"<Lo>"
	"el" Determiner ART Singular lang:es 00:00:05 00:00:12 tt-1157 MF017_1959_EP_SU2011_AD_03 @Gram:Pron:Objeto 
"<conocí>"
	"conocer" Verb VLfin Pret Indi Sing 1st lang:es 00:00:05 00:00:12 tt-1158 MF017_1959_EP_SU2011_AD_03 @Gram:Indefinido 
"<,>"
	"," Punctuation CM lang:es 00:00:05 00:00:12 tt-1159 MF017_1959_EP_SU2011_AD_03 
"<o>"
	"o" Conjunciton CC Adverb ADV lang:es 00:00:05 00:00:12 tt-1160 MF017_1959_EP_SU2011_AD_03 ID:12 R:Prag:MarcadoresDisc:Igualdad:13 
"<sea>"
	"sea" Adverb ADV lang:es 00:00:05 00:00:12 tt-1161 MF017_1959_EP_SU2011_AD_03 ID:13 
"<,>"
	"," Punctuation CM lang:es 00:00:05 00:00:12 tt-1162 MF017_1959_EP_SU2011_AD_03 
"<que>"
	"que" Conjunction CQUE lang:es 00:00:05 00:00:12 tt-1163 MF017_1959_EP_SU2011_AD_03 
"<tenía>"
	"tener" Verb VLfin Imp Indi Sing 1st_or_3rd lang:es 00:00:05 00:00:12 tt-1164 MF017_1959_EP_SU2011_AD_03 @Gram:Imperf 
"<yo>"
	"yo" Pronoun PPX Singular lang:es 00:00:05 00:00:12 tt-1165 MF017_1959_EP_SU2011_AD_03 @Gram:Pron:Sujeto 
"<de>"
	"de" Preposition PREP lang:es 00:00:05 00:00:12 tt-1166 MF017_1959_EP_SU2011_AD_03 @Gram:Prep 
"<graduada>"
	"graduar" Verb VLadj lang:es 00:00:05 00:00:12 tt-1167 MF017_1959_EP_SU2011_AD_03 
"<de>"
	"de" Preposition PREP lang:es 00:00:05 00:00:12 tt-1168 MF017_1959_EP_SU2011_AD_03 @Gram:Prep 
"<la>"
	"el" Determiner ART Singular Fem lang:es 00:00:05 00:00:12 tt-1169 MF017_1959_EP_SU2011_AD_03 @Gram:Det:Art 
"<universidad>"
	"universidad" Noun NC Singular lang:es 00:00:05 00:00:12 tt-1170 MF017_1959_EP_SU2011_AD_03 
"<,>"
	"," Punctuation CM lang:es 00:00:05 00:00:12 tt-1171 MF017_1959_EP_SU2011_AD_03 
"<tenía>"
	"tener" Verb VLfin Imp Indi Sing 1st_or_3rd lang:es 00:00:05 00:00:12 tt-1172 MF017_1959_EP_SU2011_AD_03 @Gram:Imperf 
"<como>"
	"como" Conjunction CSUBX lang:es 00:00:05 00:00:12 tt-1173 MF017_1959_EP_SU2011_AD_03 
"<una>"
	"un" Determiner ART Singular lang:es 00:00:05 00:00:12 tt-1174 MF017_1959_EP_SU2011_AD_03 
"<semana>"
	"semana" Noun NC Singular lang:es 00:00:05 00:00:12 tt-1175 MF017_1959_EP_SU2011_AD_03 
"<y>"
	"y" Conjunciton Conjunction CC lang:es 00:00:17 00:00:23 tt-1176 MF017_1959_EP_SU2011_AD_03 
"<ay>"
	"ay" Noun NP Singular lang:es 00:00:17 00:00:23 tt-1177 MF017_1959_EP_SU2011_AD_03 
"<,>"
	"," Punctuation CM lang:es 00:00:17 00:00:23 tt-1178 MF017_1959_EP_SU2011_AD_03 
"<no>"
	"no" Adverb NEG lang:es 00:00:17 00:00:23 tt-1179 MF017_1959_EP_SU2011_AD_03 
"<hallaba>"
	"hallar" Verb VLfin Imp Indi Sing 1st_or_3rd lang:es 00:00:17 00:00:23 tt-1180 MF017_1959_EP_SU2011_AD_03 @Gram:Imperf 
"<qué>"
	"qué" Pronoun INT Singular lang:es 00:00:17 00:00:23 tt-1181 MF017_1959_EP_SU2011_AD_03 
"<hacer>"
	"hacer" Verb VLinf Infinitive lang:es 00:00:17 00:00:23 tt-1182 MF017_1959_EP_SU2011_AD_03 
"<en>"
	"en" Preposition PREP lang:es 00:00:17 00:00:23 tt-1183 MF017_1959_EP_SU2011_AD_03 @Gram:Prep 
"<mi>"
	"mío" Pronoun PPO Singular lang:es 00:00:17 00:00:23 tt-1184 MF017_1959_EP_SU2011_AD_03 @Gram:Det:Pos 
"<casa>"
	"casa" Noun NC Singular lang:es 00:00:17 00:00:23 tt-1185 MF017_1959_EP_SU2011_AD_03 
"<y>"
	"y" Conjunciton Conjunction CC lang:es 00:00:17 00:00:23 tt-1186 MF017_1959_EP_SU2011_AD_03 
"<,>"
	"," Punctuation CM lang:es 00:00:17 00:00:23 tt-1187 MF017_1959_EP_SU2011_AD_03 
"<como>"
	"como" Conjunction CSUBX lang:es 00:00:17 00:00:23 tt-1188 MF017_1959_EP_SU2011_AD_03 
"<mi>"
	"mío" Pronoun PPO Singular lang:es 00:00:17 00:00:23 tt-1189 MF017_1959_EP_SU2011_AD_03 @Gram:Det:Pos 
"<cuñado>"
	"cuñado" Noun NC Singular lang:es 00:00:17 00:00:23 tt-1190 MF017_1959_EP_SU2011_AD_03 
"<tenía>"
	"tener" Verb VLfin Imp Indi Sing 1st_or_3rd lang:es 00:00:17 00:00:23 tt-1191 MF017_1959_EP_SU2011_AD_03 @Gram:Imperf 
"<abarrotes>"
	"abarrote" Noun NC Plural lang:es 00:00:17 00:00:23 tt-1192 MF017_1959_EP_SU2011_AD_03 
"<y>"
	"y" Conjunciton Conjunction CC lang:es 00:00:17 00:00:23 tt-1193 MF017_1959_EP_SU2011_AD_03 
"<carnicería>"
	"carnicería" Noun NC Singular lang:es 00:00:17 00:00:23 tt-1194 MF017_1959_EP_SU2011_AD_03 
"<,>"
	"," Punctuation CM lang:es 00:00:17 00:00:23 tt-1195 MF017_1959_EP_SU2011_AD_03 
"<y>"
	"y" Conjunciton Conjunction CC lang:es 00:00:23 00:00:27 tt-1196 MF017_1959_EP_SU2011_AD_03 
"<entonces>"
	"entonces" Adverb ADV lang:es 00:00:23 00:00:27 tt-1197 MF017_1959_EP_SU2011_AD_03 
"<yo>"
	"yo" Pronoun PPX Singular lang:es 00:00:23 00:00:27 tt-1198 MF017_1959_EP_SU2011_AD_03 @Gram:Pron:Sujeto 
"<le>"
	"él" Pronoun PPC Singular lang:es 00:00:23 00:00:27 tt-1199 MF017_1959_EP_SU2011_AD_03 @Gram:Pron:Objeto ID:51 R:Func:Referir:Propias:53 
"<dije>"
	"decir" Verb VLfin Pret Indi Sing 1st lang:es 00:00:23 00:00:27 tt-1200 MF017_1959_EP_SU2011_AD_03 @Gram:Indefinido 
"<que>"
	"que" Conjunction CQUE lang:es 00:00:23 00:00:27 tt-1201 MF017_1959_EP_SU2011_AD_03 ID:53 
"<si>"
	"si" Conjunction CSUBX lang:es 00:00:23 00:00:27 tt-1202 MF017_1959_EP_SU2011_AD_03 
"<podía>"
	"poder" Verb VLfin Imp Indi Sing 1st_or_3rd lang:es 00:00:23 00:00:27 tt-1203 MF017_1959_EP_SU2011_AD_03 @Gram:Imperf 
"<ir>"
	"ir" Verb VLinf Infinitive lang:es 00:00:23 00:00:27 tt-1204 MF017_1959_EP_SU2011_AD_03 
"<a>"
	"a" Preposition PREP lang:es 00:00:23 00:00:27 tt-1205 MF017_1959_EP_SU2011_AD_03 @Gram:Prep 
"<ayudarle>"
	"ayudar" Verb VLinf Pres Subj Sing 1st_or_3rd lang:es 00:00:23 00:00:27 tt-1206 MF017_1959_EP_SU2011_AD_03 @Gram:MSub:Pres 
"<y>"
	"y" Conjunciton Conjunction CC lang:es 00:00:23 00:00:27 tt-1207 MF017_1959_EP_SU2011_AD_03 
"<,>"
	"," Punctuation CM lang:es 00:00:23 00:00:27 tt-1208 MF017_1959_EP_SU2011_AD_03 
"<entonces>"
	"entonces" Adverb ADV lang:es 00:00:23 00:00:27 tt-1209 MF017_1959_EP_SU2011_AD_03 
"<,>"
	"," Punctuation CM lang:es 00:00:23 00:00:27 tt-1210 MF017_1959_EP_SU2011_AD_03 
"<él>"
	"él" Pronoun PPX Singular lang:es 00:00:23 00:00:27 tt-1211 MF017_1959_EP_SU2011_AD_03 @Gram:Pron:Sujeto 
"<iba>"
	"ir" Verb VLfin Imp Indi Sing 1st_or_3rd lang:es 00:00:23 00:00:27 tt-1212 MF017_1959_EP_SU2011_AD_03 @Gram:Imperf 
"<cada>"
	"cada" Determiner QU lang:es 00:00:23 00:00:27 tt-1213 MF017_1959_EP_SU2011_AD_03 @Gram:Det:CuantIndef 
"<ocho>"
	"ocho" Determiner CARD Singular lang:es 00:00:23 00:00:27 tt-1214 MF017_1959_EP_SU2011_AD_03 
"<días>"
	"día" Noun NC Plural lang:es 00:00:23 00:00:27 tt-1215 MF017_1959_EP_SU2011_AD_03 
"<,>"
	"," Punctuation CM lang:es 00:00:23 00:00:27 tt-1216 MF017_1959_EP_SU2011_AD_03 
"<porque>"
	"porque" Conjunction CSUBX lang:es 00:00:23 00:00:27 tt-1217 MF017_1959_EP_SU2011_AD_03 @Prag:MarcadoresDisc:Causa 
"<él>"
	"él" Pronoun PPX Singular lang:es 00:00:27 00:00:33 tt-1218 MF017_1959_EP_SU2011_AD_03 @Gram:Pron:Sujeto 
"<vivía>"
	"vivir" Verb VLfin Imp Indi Sing 1st_or_3rd lang:es 00:00:27 00:00:33 tt-1219 MF017_1959_EP_SU2011_AD_03 @Gram:Imperf 
"<aquí>"
	"aquí" Adverb ADV lang:es 00:00:27 00:00:33 tt-1220 MF017_1959_EP_SU2011_AD_03 
"<,>"
	"," Punctuation CM lang:es 00:00:27 00:00:33 tt-1221 MF017_1959_EP_SU2011_AD_03 
"<en>"
	"en" Preposition PREP lang:es 00:00:27 00:00:33 tt-1222 MF017_1959_EP_SU2011_AD_03 @Gram:Prep 
"<El>"
	"el" Determiner ART Singular Masc lang:es 00:00:27 00:00:33 tt-1223 MF017_1959_EP_SU2011_AD_03 @Gram:Det:Art ID:75 R:Vocab:Entities:Geo:76 
"<Paso>"
	"paso" Noun NC Singular lang:es 00:00:27 00:00:33 tt-1224 MF017_1959_EP_SU2011_AD_03 ID:76 
"<e>"
	"e" Other ALFS lang:es 00:00:27 00:00:33 tt-1225 MF017_1959_EP_SU2011_AD_03 
"<iba>"
	"ir" Verb VLfin Imp Indi Sing 1st_or_3rd lang:es 00:00:27 00:00:33 tt-1226 MF017_1959_EP_SU2011_AD_03 @Gram:Imperf 
"<cada>"
	"cada" Determiner QU lang:es 00:00:27 00:00:33 tt-1227 MF017_1959_EP_SU2011_AD_03 @Gram:Det:CuantIndef 
"<ocho>"
	"ocho" Determiner CARD Singular lang:es 00:00:27 00:00:33 tt-1228 MF017_1959_EP_SU2011_AD_03 
"<días>"
	"día" Noun NC Plural lang:es 00:00:27 00:00:33 tt-1229 MF017_1959_EP_SU2011_AD_03 
"<a>"
	"a" Preposition PREP lang:es 00:00:27 00:00:33 tt-1230 MF017_1959_EP_SU2011_AD_03 @Gram:Prep 
"<Juárez>"
	"Juárez" Noun NP Singular lang:es 00:00:27 00:00:33 tt-1231 MF017_1959_EP_SU2011_AD_03 
"<y>"
	"y" Conjunciton Conjunction CC lang:es 00:00:27 00:00:33 tt-1232 MF017_1959_EP_SU2011_AD_03 
"<llevaba>"
	"llevar" Verb VLfin Imp Indi Sing 1st_or_3rd lang:es 00:00:27 00:00:33 tt-1233 MF017_1959_EP_SU2011_AD_03 @Gram:Imperf 
"<mandado>"
	"mandar" Verb VLadj lang:es 00:00:27 00:00:33 tt-1234 MF017_1959_EP_SU2011_AD_03 
"<,>"
	"," Punctuation CM lang:es 00:00:27 00:00:33 tt-1235 MF017_1959_EP_SU2011_AD_03 
"<la>"
	"el" Determiner ART Singular Fem lang:es 00:00:27 00:00:33 tt-1236 MF017_1959_EP_SU2011_AD_03 @Gram:Det:Art 
"<carne>"
	"carne" Noun NC Singular lang:es 00:00:27 00:00:33 tt-1237 MF017_1959_EP_SU2011_AD_03 
"<y>"
	"y" Conjunciton Conjunction CC lang:es 00:00:33 00:00:39 tt-1238 MF017_1959_EP_SU2011_AD_03 
"<todo>"
	"todo" Determiner QU lang:es 00:00:33 00:00:39 tt-1239 MF017_1959_EP_SU2011_AD_03 ID:91 R:Gram:Det:Combi:92 
"<lo>"
	"el" Determiner ART Singular lang:es 00:00:33 00:00:39 tt-1240 MF017_1959_EP_SU2011_AD_03 ID:92 R:Func:Necesidades:94 R:Gram:Det:LoAdj:93 
"<que>"
	"que" Conjunction CQUE lang:es 00:00:33 00:00:39 tt-1241 MF017_1959_EP_SU2011_AD_03 ID:93 
"<necesitaba>"
	"necesitar" Verb VLfin Imp Indi Sing 1st_or_3rd lang:es 00:00:33 00:00:39 tt-1242 MF017_1959_EP_SU2011_AD_03 @Gram:Imperf ID:94 
"<,>"
	"," Punctuation CM lang:es 00:00:33 00:00:39 tt-1243 MF017_1959_EP_SU2011_AD_03 
"<se>"
	"se" Other SE lang:es 00:00:33 00:00:39 tt-1244 MF017_1959_EP_SU2011_AD_03 @Gram:Pron:Otros 
"<lo>"
	"él" Pronoun PPC Singular lang:es 00:00:33 00:00:39 tt-1245 MF017_1959_EP_SU2011_AD_03 @Gram:Pron:Objeto 
"<traían>"
	"traer" Verb VLfin Imp Indi Plural 3rd lang:es 00:00:33 00:00:39 tt-1246 MF017_1959_EP_SU2011_AD_03 @Gram:Imperf 
"<para>"
	"para" Preposition PREP lang:es 00:00:33 00:00:39 tt-1247 MF017_1959_EP_SU2011_AD_03 @Gram:Prep:Para 
"<acá>"
	"acá" Adverb ADV lang:es 00:00:33 00:00:39 tt-1248 MF017_1959_EP_SU2011_AD_03 
"<$;>"
	";" Punctuation SEMICOLON lang:es 00:00:33 00:00:39 tt-1249 MF017_1959_EP_SU2011_AD_03 
"<y>"
	"y" Conjunciton Conjunction CC lang:es 00:00:33 00:00:39 tt-1250 MF017_1959_EP_SU2011_AD_03 
"<entonces>"
	"entonces" Adverb ADV lang:es 00:00:33 00:00:39 tt-1251 MF017_1959_EP_SU2011_AD_03 
"<,>"
	"," Punctuation CM lang:es 00:00:33 00:00:39 tt-1252 MF017_1959_EP_SU2011_AD_03 
"<ahí>"
	"ahí" Adverb ADV lang:es 00:00:33 00:00:39 tt-1253 MF017_1959_EP_SU2011_AD_03 
"<yo>"
	"yo" Pronoun PPX Singular lang:es 00:00:33 00:00:39 tt-1254 MF017_1959_EP_SU2011_AD_03 @Gram:Pron:Sujeto 
"<lo>"
	"él" Pronoun PPC Singular lang:es 00:00:33 00:00:39 tt-1255 MF017_1959_EP_SU2011_AD_03 @Gram:Pron:Objeto 
"<conocí>"
	"conocer" Verb VLfin Pret Indi Sing 1st lang:es 00:00:33 00:00:39 tt-1256 MF017_1959_EP_SU2011_AD_03 @Gram:Indefinido 
"<en>"
	"en" Preposition PREP lang:es 00:00:33 00:00:39 tt-1257 MF017_1959_EP_SU2011_AD_03 @Gram:Prep 
"<esa>"
	"ese" Determiner DM Singular lang:es 00:00:33 00:00:39 tt-1258 MF017_1959_EP_SU2011_AD_03 @Gram:Det:Demo 
"<carnicería>"
	"carnicería" Noun NC Singular lang:es 00:00:39 00:00:44 tt-1259 MF017_1959_EP_SU2011_AD_03 
"<y>"
	"y" Conjunciton Conjunction CC lang:es 00:00:39 00:00:44 tt-1260 MF017_1959_EP_SU2011_AD_03 
"<ya>"
	"ya" Adverb ADV lang:es 00:00:39 00:00:44 tt-1261 MF017_1959_EP_SU2011_AD_03 
"<empezamos>"
	"empezar" Verb VLfin Pres_or_Pret Indi Plural 1st lang:es 00:00:39 00:00:44 tt-1262 MF017_1959_EP_SU2011_AD_03 ID:114 R:Vocab:Fraseol:VerbPrep:115 
"<a>"
	"a" Preposition PREP lang:es 00:00:39 00:00:44 tt-1263 MF017_1959_EP_SU2011_AD_03 @Gram:Prep ID:115 
"<platicar>"
	"platicar" Verb VLinf Infinitive lang:es 00:00:39 00:00:44 tt-1264 MF017_1959_EP_SU2011_AD_03 
"<,>"
	"," Punctuation CM lang:es 00:00:39 00:00:44 tt-1265 MF017_1959_EP_SU2011_AD_03 
"<pero>"
	"pero" Conjunction CCAD lang:es 00:00:39 00:00:44 tt-1266 MF017_1959_EP_SU2011_AD_03 @Prag:MarcadoresDisc:Revision 
"<ya>"
	"ya" Adverb ADV lang:es 00:00:39 00:00:44 tt-1267 MF017_1959_EP_SU2011_AD_03 
"<después>"
	"después" Preposition PREP lang:es 00:00:39 00:00:44 tt-1268 MF017_1959_EP_SU2011_AD_03 @Gram:Prep 
"<de>"
	"de" Preposition PREP lang:es 00:00:39 00:00:44 tt-1269 MF017_1959_EP_SU2011_AD_03 @Gram:Prep 
"<eso>"
	"ese" Determiner DM Singular lang:es 00:00:39 00:00:44 tt-1270 MF017_1959_EP_SU2011_AD_03 @Gram:Det:Demo 
"<,>"
	"," Punctuation CM lang:es 00:00:39 00:00:44 tt-1271 MF017_1959_EP_SU2011_AD_03 
"<nos>"
	"nosotros" Pronoun PPX Plural lang:es 00:00:39 00:00:44 tt-1272 MF017_1959_EP_SU2011_AD_03 @Gram:Pron:Objeto 
"<dejamos>"
	"dejar" Verb VLfin Pres_or_Pret Indi Plural 1st lang:es 00:00:39 00:00:44 tt-1273 MF017_1959_EP_SU2011_AD_03 
"<de>"
	"de" Conjunction CSUBI lang:es 00:00:39 00:00:44 tt-1274 MF017_1959_EP_SU2011_AD_03 
"<ver>"
	"ver" Verb VLinf Infinitive lang:es 00:00:39 00:00:44 tt-1275 MF017_1959_EP_SU2011_AD_03 
"<como>"
	"como" Conjunction CSUBX lang:es 00:00:39 00:00:44 tt-1276 MF017_1959_EP_SU2011_AD_03 
"<cinco>"
	"cinco" Determiner CARD Singular lang:es 00:00:44 00:00:51 tt-1277 MF017_1959_EP_SU2011_AD_03 
"<años>"
	"año" Noun NC Plural lang:es 00:00:44 00:00:51 tt-1278 MF017_1959_EP_SU2011_AD_03 
"<y>"
	"y" Conjunciton Conjunction CC lang:es 00:00:44 00:00:51 tt-1279 MF017_1959_EP_SU2011_AD_03 
"<a>"
	"a" Preposition PREP lang:es 00:00:44 00:00:51 tt-1280 MF017_1959_EP_SU2011_AD_03 @Gram:Prep 
"<los>"
	"el" Determiner ART Plural Masc lang:es 00:00:44 00:00:51 tt-1281 MF017_1959_EP_SU2011_AD_03 @Gram:Det:Art 
"<cinco>"
	"cinco" Determiner CARD Singular lang:es 00:00:44 00:00:51 tt-1282 MF017_1959_EP_SU2011_AD_03 
"<años>"
	"año" Noun NC Plural lang:es 00:00:44 00:00:51 tt-1283 MF017_1959_EP_SU2011_AD_03 
"<este>"
	"este" Noun NC Singular lang:es 00:00:44 00:00:51 tt-1284 MF017_1959_EP_SU2011_AD_03 
"<...>"
	"..." Punctuation DOTS lang:es 00:00:44 00:00:51 tt-1285 MF017_1959_EP_SU2011_AD_03 
"<nos>"
	"nosotros" Pronoun PPX Plural lang:es 00:00:44 00:00:51 tt-1286 MF017_1959_EP_SU2011_AD_03 @Gram:Pron:Objeto 
"<volvimos>"
	"volver" Verb VLfin Pres_or_Pret Indi Plural 1st lang:es 00:00:44 00:00:51 tt-1287 MF017_1959_EP_SU2011_AD_03 
"<a>"
	"a" Preposition PREP lang:es 00:00:44 00:00:51 tt-1288 MF017_1959_EP_SU2011_AD_03 @Gram:Prep 
"<...>"
	"..." Punctuation DOTS lang:es 00:00:44 00:00:51 tt-1289 MF017_1959_EP_SU2011_AD_03 
"<a>"
	"a" Preposition PREP lang:es 00:00:44 00:00:51 tt-1290 MF017_1959_EP_SU2011_AD_03 @Gram:Prep 
"<platicar>"
	"platicar" Verb VLinf Infinitive lang:es 00:00:44 00:00:51 tt-1291 MF017_1959_EP_SU2011_AD_03 
"<,>"
	"," Punctuation CM lang:es 00:00:44 00:00:51 tt-1292 MF017_1959_EP_SU2011_AD_03 
"<volvimos>"
	"volver" Verb VLfin Pres_or_Pret Indi Plural 1st lang:es 00:00:44 00:00:51 tt-1293 MF017_1959_EP_SU2011_AD_03 
"<a>"
	"a" Preposition PREP lang:es 00:00:44 00:00:51 tt-1294 MF017_1959_EP_SU2011_AD_03 @Gram:Prep 
"<platicar>"
	"platicar" Verb VLinf Infinitive lang:es 00:00:44 00:00:51 tt-1295 MF017_1959_EP_SU2011_AD_03 
"<y>"
	"y" Conjunciton Conjunction CC lang:es 00:00:44 00:00:51 tt-1296 MF017_1959_EP_SU2011_AD_03 
"<entonces>"
	"entonces" Adverb ADV lang:es 00:00:44 00:00:51 tt-1297 MF017_1959_EP_SU2011_AD_03 
"<fue>"
	"ser" Verb VSfin Pret Indi Sing 3rd lang:es 00:00:52 00:00:55 tt-1298 MF017_1959_EP_SU2011_AD_03 @Gram:Indefinido @Gram:SerEstar:Ser 
"<cuando>"
	"cuando" Conjunction CSUBX lang:es 00:00:52 00:00:55 tt-1299 MF017_1959_EP_SU2011_AD_03 
"<ya>"
	"ya" Adverb ADV lang:es 00:00:52 00:00:55 tt-1300 MF017_1959_EP_SU2011_AD_03 
"<,>"
	"," Punctuation CM lang:es 00:00:52 00:00:55 tt-1301 MF017_1959_EP_SU2011_AD_03 
"<me>"
	"yo" Pronoun PPX Singular lang:es 00:00:52 00:00:55 tt-1302 MF017_1959_EP_SU2011_AD_03 @Gram:Pron:Objeto 
"<habló>"
	"hablar" Verb VLfin Pret Indi Sing 3rd lang:es 00:00:52 00:00:55 tt-1303 MF017_1959_EP_SU2011_AD_03 @Gram:Indefinido ID:155 R:Vocab:Fraseol:VerbPrep:156 
"<para>"
	"para" Preposition PREP lang:es 00:00:52 00:00:55 tt-1304 MF017_1959_EP_SU2011_AD_03 @Gram:Prep:Para ID:156 
"<novia>"
	"novio" Noun NC Singular lang:es 00:00:52 00:00:55 tt-1305 MF017_1959_EP_SU2011_AD_03 
"<$.>"
	"." Punctuation FS lang:es 00:00:52 00:00:55 tt-1306 MF017_1959_EP_SU2011_AD_03 

"<$¿>"
	"¿" Punctuation FS lang:es 00:00:55 00:00:58 tt-1307 MF017_1959_EP_SU2011_AD_03 
"<Cómo>"
	"cómo" Adverb ADV lang:es 00:00:55 00:00:58 tt-1308 MF017_1959_EP_SU2011_AD_03 
"<supiste>"
	"saber" Verb VLfin Pret Indi Sing 2nd lang:es 00:00:55 00:00:58 tt-1309 MF017_1959_EP_SU2011_AD_03 @Gram:Indefinido 
"<que>"
	"que" Conjunction CQUE lang:es 00:00:55 00:00:58 tt-1310 MF017_1959_EP_SU2011_AD_03 
"<era>"
	"ser" Verb VEfin Imp Indi Sing 1st_or_3rd lang:es 00:00:55 00:00:58 tt-1311 MF017_1959_EP_SU2011_AD_03 @Gram:Imperf @Gram:SerEstar:Ser 
"<la>"
	"el" Determiner ART Singular Fem lang:es 00:00:55 00:00:58 tt-1312 MF017_1959_EP_SU2011_AD_03 @Gram:Det:Art 
"<persona>"
	"persona" Noun NC Singular lang:es 00:00:55 00:00:58 tt-1313 MF017_1959_EP_SU2011_AD_03 
"<correcta>"
	"correcto" Adjective ADJ Singular lang:es 00:00:55 00:00:58 tt-1314 MF017_1959_EP_SU2011_AD_03 
"<$?>"
	"?" Punctuation FS lang:es 00:00:55 00:00:58 tt-1315 MF017_1959_EP_SU2011_AD_03 

"<Porque>"
	"porque" Conjunction CSUBX lang:es 00:00:58 00:01:05 tt-1316 MF017_1959_EP_SU2011_AD_03 @Prag:MarcadoresDisc:Causa 
"<era>"
	"ser" Verb VEfin Imp Indi Sing 1st_or_3rd lang:es 00:00:58 00:01:05 tt-1317 MF017_1959_EP_SU2011_AD_03 @Gram:Imperf @Gram:SerEstar:Ser 
"<,>"
	"," Punctuation CM lang:es 00:00:58 00:01:05 tt-1318 MF017_1959_EP_SU2011_AD_03 
"<o>"
	"o" Conjunciton CC Adverb ADV lang:es 00:00:58 00:01:05 tt-1319 MF017_1959_EP_SU2011_AD_03 ID:171 R:Prag:MarcadoresDisc:Igualdad:172 
"<sea>"
	"sea" Adverb ADV lang:es 00:00:58 00:01:05 tt-1320 MF017_1959_EP_SU2011_AD_03 ID:172 
"<,>"
	"," Punctuation CM lang:es 00:00:58 00:01:05 tt-1321 MF017_1959_EP_SU2011_AD_03 
"<a>"
	"a" Preposition PREP Conjunction CSUBI lang:es 00:00:58 00:01:05 tt-1322 MF017_1959_EP_SU2011_AD_03 @Gram:Prep ID:174 R:Prag:MarcadoresDisc:Revision:176 
"<pesar>"
	"pesar" Conjunction CSUBI lang:es 00:00:58 00:01:05 tt-1323 MF017_1959_EP_SU2011_AD_03 
"<de>"
	"de" Conjunction CSUBI lang:es 00:00:58 00:01:05 tt-1324 MF017_1959_EP_SU2011_AD_03 ID:176 
"<que>"
	"que" Conjunction CQUE lang:es 00:00:58 00:01:05 tt-1325 MF017_1959_EP_SU2011_AD_03 
"<era>"
	"ser" Verb VEfin Imp Indi Sing 1st_or_3rd lang:es 00:00:58 00:01:05 tt-1326 MF017_1959_EP_SU2011_AD_03 @Gram:Imperf @Gram:SerEstar:Ser 
"<chico>"
	"chico" Adjective ADJ Singular lang:es 00:00:58 00:01:05 tt-1327 MF017_1959_EP_SU2011_AD_03 
"<de>"
	"de" Preposition PREP lang:es 00:00:58 00:01:05 tt-1328 MF017_1959_EP_SU2011_AD_03 @Gram:Prep 
"<edad>"
	"edad" Noun NC Singular lang:es 00:00:58 00:01:05 tt-1329 MF017_1959_EP_SU2011_AD_03 
"<,>"
	"," Punctuation CM lang:es 00:00:58 00:01:05 tt-1330 MF017_1959_EP_SU2011_AD_03 
"<era>"
	"ser" Verb VEfin Imp Indi Sing 1st_or_3rd lang:es 00:00:58 00:01:05 tt-1331 MF017_1959_EP_SU2011_AD_03 @Gram:Imperf @Gram:SerEstar:Ser 
"<un>"
	"un" Determiner ART Singular lang:es 00:00:58 00:01:05 tt-1332 MF017_1959_EP_SU2011_AD_03 
"<hombre>"
	"hombre" Noun NC Singular lang:es 00:00:58 00:01:05 tt-1333 MF017_1959_EP_SU2011_AD_03 
"<muy>"
	"muy" Adverb ADV lang:es 00:00:58 00:01:05 tt-1334 MF017_1959_EP_SU2011_AD_03 
"<maduro>"
	"maduro" Adjective ADJ Singular lang:es 00:00:58 00:01:05 tt-1335 MF017_1959_EP_SU2011_AD_03 
"<,>"
	"," Punctuation CM lang:es 00:00:58 00:01:05 tt-1336 MF017_1959_EP_SU2011_AD_03 
"<hablando>"
	"hablar" Verb VLger lang:es 00:00:58 00:01:05 tt-1337 MF017_1959_EP_SU2011_AD_03 
"<mentalmente>"
	"mental" Adverb ADV lang:es 00:01:06 00:01:11 tt-1338 MF017_1959_EP_SU2011_AD_03 
"<y>"
	"y" Conjunciton Conjunction CC lang:es 00:01:06 00:01:11 tt-1339 MF017_1959_EP_SU2011_AD_03 
"<este>"
	"este" Noun NC Singular lang:es 00:01:06 00:01:11 tt-1340 MF017_1959_EP_SU2011_AD_03 
"<...>"
	"..." Punctuation DOTS lang:es 00:01:06 00:01:11 tt-1341 MF017_1959_EP_SU2011_AD_03 
"<y>"
	"y" Conjunciton Conjunction CC lang:es 00:01:06 00:01:11 tt-1342 MF017_1959_EP_SU2011_AD_03 
"<responsable>"
	"responsable" Adjective ADJ Singular lang:es 00:01:06 00:01:11 tt-1343 MF017_1959_EP_SU2011_AD_03 
"<y>"
	"y" Conjunciton Conjunction CC lang:es 00:01:06 00:01:11 tt-1344 MF017_1959_EP_SU2011_AD_03 
"<sobre>"
	"sobre" Adverb ADV lang:es 00:01:06 00:01:11 tt-1345 MF017_1959_EP_SU2011_AD_03 
"<todo>"
	"todo" Adverb ADV lang:es 00:01:06 00:01:11 tt-1346 MF017_1959_EP_SU2011_AD_03 
"<,>"
	"," Punctuation CM lang:es 00:01:06 00:01:11 tt-1347 MF017_1959_EP_SU2011_AD_03 
"<que>"
	"que" Conjunction CQUE lang:es 00:01:06 00:01:11 tt-1348 MF017_1959_EP_SU2011_AD_03 
"<me>"
	"yo" Pronoun PPX Singular lang:es 00:01:06 00:01:11 tt-1349 MF017_1959_EP_SU2011_AD_03 @Gram:Pron:Objeto 
"<sabía>"
	"saber" Verb VLfin Imp Indi Sing 1st_or_3rd lang:es 00:01:06 00:01:11 tt-1350 MF017_1959_EP_SU2011_AD_03 @Gram:Imperf 
"<respetar>"
	"respetar" Verb VLinf Infinitive lang:es 00:01:06 00:01:11 tt-1351 MF017_1959_EP_SU2011_AD_03 
"<$.>"
	"." Punctuation FS lang:es 00:01:06 00:01:11 tt-1352 MF017_1959_EP_SU2011_AD_03 

"<$¿>"
	"¿" Punctuation FS lang:es 00:01:11 00:01:16 tt-1353 MF017_1959_EP_SU2011_AD_03 
"<Cómo>"
	"cómo" Adverb ADV lang:es 00:01:11 00:01:16 tt-1354 MF017_1959_EP_SU2011_AD_03 
"<te>"
	"tú" Pronoun PPX Singular lang:es 00:01:11 00:01:16 tt-1355 MF017_1959_EP_SU2011_AD_03 @Gram:Pron:Objeto 
"<propuso>"
	"proponer" Verb VLfin Pres Indi Sing 1st lang:es 00:01:11 00:01:16 tt-1356 MF017_1959_EP_SU2011_AD_03 
"<matrimonio>"
	"matrimonio" Noun NC Singular lang:es 00:01:11 00:01:16 tt-1357 MF017_1959_EP_SU2011_AD_03 
"<$?>"
	"?" Punctuation FS lang:es 00:01:11 00:01:16 tt-1358 MF017_1959_EP_SU2011_AD_03 
</speaker>
<speaker type="subj">

"<Porque>"
	"porque" Conjunction CSUBX lang:es 00:01:16 00:01:23 tt-1359 MF017_1959_EP_SU2011_AD_03 @Prag:MarcadoresDisc:Causa 
"<yo>"
	"yo" Pronoun PPX Singular lang:es 00:01:16 00:01:23 tt-1360 MF017_1959_EP_SU2011_AD_03 @Gram:Pron:Sujeto 
"<quería>"
	"querer" Verb VLfin Imp Indi Sing 1st_or_3rd lang:es 00:01:16 00:01:23 tt-1361 MF017_1959_EP_SU2011_AD_03 @Gram:Imperf 
"<venir>"
	"venir" Verb VLinf Infinitive lang:es 00:01:16 00:01:23 tt-1362 MF017_1959_EP_SU2011_AD_03 
"<para>"
	"para" Preposition PREP lang:es 00:01:16 00:01:23 tt-1363 MF017_1959_EP_SU2011_AD_03 @Gram:Prep:Para 
"<con>"
	"con" Preposition PREP lang:es 00:01:16 00:01:23 tt-1364 MF017_1959_EP_SU2011_AD_03 @Gram:Prep 
"<mi>"
	"mío" Pronoun PPO Singular lang:es 00:01:16 00:01:23 tt-1365 MF017_1959_EP_SU2011_AD_03 @Gram:Det:Pos 
"<hermano>"
	"hermano" Noun NC Singular lang:es 00:01:16 00:01:23 tt-1366 MF017_1959_EP_SU2011_AD_03 
"<,>"
	"," Punctuation CM lang:es 00:01:16 00:01:23 tt-1367 MF017_1959_EP_SU2011_AD_03 
"<para>"
	"para" Preposition PREP lang:es 00:01:16 00:01:23 tt-1368 MF017_1959_EP_SU2011_AD_03 @Gram:Prep:Para 
"<...>"
	"..." Punctuation DOTS lang:es 00:01:16 00:01:23 tt-1369 MF017_1959_EP_SU2011_AD_03 
"<para>"
	"para" Preposition PREP lang:es 00:01:16 00:01:23 tt-1370 MF017_1959_EP_SU2011_AD_03 @Gram:Prep:Para 
"<Albuquerque>"
	"UNK" Noun NP Singular lang:es 00:01:16 00:01:23 tt-1371 MF017_1959_EP_SU2011_AD_03 
"<,>"
	"," Punctuation CM lang:es 00:01:16 00:01:23 tt-1372 MF017_1959_EP_SU2011_AD_03 
"<que>"
	"que" Conjunction CQUE lang:es 00:01:16 00:01:23 tt-1373 MF017_1959_EP_SU2011_AD_03 
"<ya>"
	"ya" Adverb ADV lang:es 00:01:16 00:01:23 tt-1374 MF017_1959_EP_SU2011_AD_03 
"<me>"
	"yo" Pronoun PPX Singular lang:es 00:01:16 00:01:23 tt-1375 MF017_1959_EP_SU2011_AD_03 @Gram:Pron:Objeto 
"<tenía>"
	"tener" Verb VLfin Imp Indi Sing 1st_or_3rd lang:es 00:01:16 00:01:23 tt-1376 MF017_1959_EP_SU2011_AD_03 @Gram:Imperf 
"<,>"
	"," Punctuation CM lang:es 00:01:16 00:01:23 tt-1377 MF017_1959_EP_SU2011_AD_03 
"<o>"
	"o" Conjunciton CC Adverb ADV lang:es 00:01:23 00:01:28 tt-1378 MF017_1959_EP_SU2011_AD_03 ID:230 R:Prag:MarcadoresDisc:Igualdad:231 
"<sea>"
	"sea" Adverb ADV lang:es 00:01:23 00:01:28 tt-1379 MF017_1959_EP_SU2011_AD_03 ID:231 
"<,>"
	"," Punctuation CM lang:es 00:01:23 00:01:28 tt-1380 MF017_1959_EP_SU2011_AD_03 
"<me>"
	"yo" Pronoun PPX Singular lang:es 00:01:23 00:01:28 tt-1381 MF017_1959_EP_SU2011_AD_03 @Gram:Pron:Objeto 
"<dijo>"
	"decir" Verb VLfin Pret Indi Sing 3rd lang:es 00:01:23 00:01:28 tt-1382 MF017_1959_EP_SU2011_AD_03 @Gram:Indefinido 
"<pues>"
	"pues" Conjunction CSUBF lang:es 00:01:23 00:01:28 tt-1383 MF017_1959_EP_SU2011_AD_03 
"<,>"
	"," Punctuation CM lang:es 00:01:23 00:01:28 tt-1384 MF017_1959_EP_SU2011_AD_03 
"<estudias>"
	"estudiar" Verb VLfin Pres Indi Sing 2nd lang:es 00:01:23 00:01:28 tt-1385 MF017_1959_EP_SU2011_AD_03 
"<el>"
	"el" Determiner ART Singular Masc lang:es 00:01:23 00:01:28 tt-1386 MF017_1959_EP_SU2011_AD_03 @Gram:Det:Art 
"<inglés>"
	"inglés" Noun NC Plural lang:es 00:01:23 00:01:28 tt-1387 MF017_1959_EP_SU2011_AD_03 
"<y>"
	"y" Conjunciton Conjunction CC lang:es 00:01:23 00:01:28 tt-1388 MF017_1959_EP_SU2011_AD_03 
"<pues>"
	"pues" Conjunction CSUBF lang:es 00:01:23 00:01:28 tt-1389 MF017_1959_EP_SU2011_AD_03 
"<,>"
	"," Punctuation CM lang:es 00:01:23 00:01:28 tt-1390 MF017_1959_EP_SU2011_AD_03 
"<aquí>"
	"aquí" Adverb ADV lang:es 00:01:23 00:01:28 tt-1391 MF017_1959_EP_SU2011_AD_03 
"<agarras>"
	"agarrar" Verb VLfin Pres Indi Sing 2nd lang:es 00:01:23 00:01:28 tt-1392 MF017_1959_EP_SU2011_AD_03 
"<un>"
	"un" Determiner ART Singular lang:es 00:01:23 00:01:28 tt-1393 MF017_1959_EP_SU2011_AD_03 
"<buen>"
	"bueno" Adjective ADJ Singular lang:es 00:01:23 00:01:28 tt-1394 MF017_1959_EP_SU2011_AD_03 
"<trabajo>"
	"trabajo" Noun NC Singular lang:es 00:01:23 00:01:28 tt-1395 MF017_1959_EP_SU2011_AD_03 
"<dice>"
	"decir" Verb VLfin Pres Indi Sing 3rd lang:es 00:01:23 00:01:28 tt-1396 MF017_1959_EP_SU2011_AD_03 
"<$.>"
	"." Punctuation FS lang:es 00:01:23 00:01:28 tt-1397 MF017_1959_EP_SU2011_AD_03 

"<Y>"
	"y" Conjunciton Conjunction CC lang:es 00:01:28 00:01:34 tt-1398 MF017_1959_EP_SU2011_AD_03 
"<luego>"
	"luego" Adverb ADV lang:es 00:01:28 00:01:34 tt-1399 MF017_1959_EP_SU2011_AD_03 
"<yo>"
	"yo" Pronoun PPX Singular lang:es 00:01:28 00:01:34 tt-1400 MF017_1959_EP_SU2011_AD_03 @Gram:Pron:Sujeto 
"<le>"
	"él" Pronoun PPC Singular lang:es 00:01:28 00:01:34 tt-1401 MF017_1959_EP_SU2011_AD_03 @Gram:Pron:Objeto 
"<dije>"
	"decir" Verb VLfin Pret Indi Sing 1st lang:es 00:01:28 00:01:34 tt-1402 MF017_1959_EP_SU2011_AD_03 @Gram:Indefinido 
"<a>"
	"a" Preposition PREP lang:es 00:01:28 00:01:34 tt-1403 MF017_1959_EP_SU2011_AD_03 @Gram:Prep 
"<él>"
	"él" Pronoun PPX Singular lang:es 00:01:28 00:01:34 tt-1404 MF017_1959_EP_SU2011_AD_03 @Gram:Pron:Sujeto 
"<,>"
	"," Punctuation CM lang:es 00:01:28 00:01:34 tt-1405 MF017_1959_EP_SU2011_AD_03 
"<$¿>"
	"¿" Punctuation FS lang:es 00:01:28 00:01:34 tt-1406 MF017_1959_EP_SU2011_AD_03 
"<sabes>"
	"saber" Verb VLfin Pres Indi Sing 2nd lang:es 00:01:28 00:01:34 tt-1407 MF017_1959_EP_SU2011_AD_03 
"<qué>"
	"qué" Pronoun INT Singular lang:es 00:01:28 00:01:34 tt-1408 MF017_1959_EP_SU2011_AD_03 
"<$?>"
	"?" Punctuation FS lang:es 00:01:28 00:01:34 tt-1409 MF017_1959_EP_SU2011_AD_03 

"<le>"
	"le" Other PE lang:es 00:01:28 00:01:34 tt-1410 MF017_1959_EP_SU2011_AD_03 
"<dije>"
	"dije" Noun NC Singular lang:es 00:01:28 00:01:34 tt-1411 MF017_1959_EP_SU2011_AD_03 
"<,>"
	"," Punctuation CM lang:es 00:01:28 00:01:34 tt-1412 MF017_1959_EP_SU2011_AD_03 
"<me>"
	"yo" Pronoun PPX Singular lang:es 00:01:28 00:01:34 tt-1413 MF017_1959_EP_SU2011_AD_03 @Gram:Pron:Objeto 
"<voy>"
	"ir" Verb VLfin Pres Indi Sing 1st lang:es 00:01:28 00:01:34 tt-1414 MF017_1959_EP_SU2011_AD_03 ID:266 R:Gram:VFut:Perifrasis:268 
"<a>"
	"a" Preposition PREP lang:es 00:01:28 00:01:34 tt-1415 MF017_1959_EP_SU2011_AD_03 @Gram:Prep 
"<ir>"
	"ir" Verb VLinf Infinitive lang:es 00:01:28 00:01:34 tt-1416 MF017_1959_EP_SU2011_AD_03 ID:268 
"<con>"
	"con" Preposition PREP lang:es 00:01:28 00:01:34 tt-1417 MF017_1959_EP_SU2011_AD_03 @Gram:Prep 
"<mi>"
	"mío" Pronoun PPO Singular lang:es 00:01:28 00:01:34 tt-1418 MF017_1959_EP_SU2011_AD_03 @Gram:Det:Pos 
"<hermano>"
	"hermano" Noun NC Singular lang:es 00:01:28 00:01:34 tt-1419 MF017_1959_EP_SU2011_AD_03 
"<,>"
	"," Punctuation CM lang:es 00:01:28 00:01:34 tt-1420 MF017_1959_EP_SU2011_AD_03 
"<quiero>"
	"querer" Verb VLfin Pres Indi Sing 1st lang:es 00:01:28 00:01:34 tt-1421 MF017_1959_EP_SU2011_AD_03 
"<estudiar>"
	"estudiar" Verb VLinf Infinitive lang:es 00:01:28 00:01:34 tt-1422 MF017_1959_EP_SU2011_AD_03 
"<el>"
	"el" Determiner ART Singular Masc lang:es 00:01:34 00:01:38 tt-1423 MF017_1959_EP_SU2011_AD_03 @Gram:Det:Art 
"<inglés>"
	"inglés" Noun NC Plural lang:es 00:01:34 00:01:38 tt-1424 MF017_1959_EP_SU2011_AD_03 
"<y>"
	"y" Conjunciton Conjunction CC lang:es 00:01:34 00:01:38 tt-1425 MF017_1959_EP_SU2011_AD_03 
"<pues>"
	"pues" Conjunction CSUBF lang:es 00:01:34 00:01:38 tt-1426 MF017_1959_EP_SU2011_AD_03 
"<agarro>"
	"UNK" Verb VLfin Pres Indi Sing 1st lang:es 00:01:34 00:01:38 tt-1427 MF017_1959_EP_SU2011_AD_03 
"<buen>"
	"bueno" Adjective ADJ Singular lang:es 00:01:34 00:01:38 tt-1428 MF017_1959_EP_SU2011_AD_03 
"<trabajo>"
	"trabajo" Noun NC Singular lang:es 00:01:34 00:01:38 tt-1429 MF017_1959_EP_SU2011_AD_03 
"<allá>"
	"allá" Adverb ADV lang:es 00:01:34 00:01:38 tt-1430 MF017_1959_EP_SU2011_AD_03 
"<$;>"
	";" Punctuation SEMICOLON lang:es 00:01:34 00:01:38 tt-1431 MF017_1959_EP_SU2011_AD_03 
"<y>"
	"y" Conjunciton Conjunction CC lang:es 00:01:34 00:01:38 tt-1432 MF017_1959_EP_SU2011_AD_03 
"<entonces>"
	"entonces" Adverb ADV lang:es 00:01:34 00:01:38 tt-1433 MF017_1959_EP_SU2011_AD_03 
"<,>"
	"," Punctuation CM lang:es 00:01:34 00:01:38 tt-1434 MF017_1959_EP_SU2011_AD_03 
"<fue>"
	"ser" Verb VSfin Pret Indi Sing 3rd lang:es 00:01:34 00:01:38 tt-1435 MF017_1959_EP_SU2011_AD_03 @Gram:Indefinido @Gram:SerEstar:Ser 
"<cuando>"
	"cuando" Conjunction CSUBX lang:es 00:01:34 00:01:38 tt-1436 MF017_1959_EP_SU2011_AD_03 
"<él>"
	"él" Pronoun PPX Singular lang:es 00:01:34 00:01:38 tt-1437 MF017_1959_EP_SU2011_AD_03 @Gram:Pron:Sujeto 
"<me>"
	"yo" Pronoun PPX Singular lang:es 00:01:34 00:01:38 tt-1438 MF017_1959_EP_SU2011_AD_03 @Gram:Pron:Objeto 
"<dijo>"
	"decir" Verb VLfin Pret Indi Sing 3rd lang:es 00:01:34 00:01:38 tt-1439 MF017_1959_EP_SU2011_AD_03 @Gram:Indefinido 
"<,>"
	"," Punctuation CM lang:es 00:01:34 00:01:38 tt-1440 MF017_1959_EP_SU2011_AD_03 
"<no>"
	"no" Adverb NEG lang:es 00:01:34 00:01:38 tt-1441 MF017_1959_EP_SU2011_AD_03 
"<,>"
	"," Punctuation CM lang:es 00:01:34 00:01:38 tt-1442 MF017_1959_EP_SU2011_AD_03 
"<pues>"
	"pues" Conjunction CSUBF lang:es 00:01:38 00:01:45 tt-1443 MF017_1959_EP_SU2011_AD_03 
"<este>"
	"este" Determiner DM Singular lang:es 00:01:38 00:01:45 tt-1444 MF017_1959_EP_SU2011_AD_03 @Prag:RecuDiscurso:GanarTiempo 
"<...>"
	"..." Punctuation DOTS lang:es 00:01:38 00:01:45 tt-1445 MF017_1959_EP_SU2011_AD_03 
"<a>"
	"a" Preposition PREP lang:es 00:01:38 00:01:45 tt-1446 MF017_1959_EP_SU2011_AD_03 @Gram:Prep 
"<mí>"
	"yo" Pronoun PPX Singular lang:es 00:01:38 00:01:45 tt-1447 MF017_1959_EP_SU2011_AD_03 
"<no>"
	"no" Adverb NEG lang:es 00:01:38 00:01:45 tt-1448 MF017_1959_EP_SU2011_AD_03 
"<me>"
	"yo" Pronoun PPX Singular lang:es 00:01:38 00:01:45 tt-1449 MF017_1959_EP_SU2011_AD_03 @Gram:Pron:Objeto ID:301 R:Gram:Gustar:Propios:302 
"<gustaría>"
	"gustar" Verb VLfin Cond Indi Sing 1st_or_3rd lang:es 00:01:38 00:01:45 tt-1450 MF017_1959_EP_SU2011_AD_03 ID:302 R:Func:Deseos:Ajenos:305 
"<que>"
	"que" Conjunction CQUE lang:es 00:01:38 00:01:45 tt-1451 MF017_1959_EP_SU2011_AD_03 
"<me>"
	"yo" Pronoun PPX Singular lang:es 00:01:38 00:01:45 tt-1452 MF017_1959_EP_SU2011_AD_03 @Gram:Pron:Objeto 
"<dejaras>"
	"dejar" Verb VLfin Past Subj Sing 2nd lang:es 00:01:38 00:01:45 tt-1453 MF017_1959_EP_SU2011_AD_03 @Gram:MSub:Pret ID:305 
"<,>"
	"," Punctuation CM lang:es 00:01:38 00:01:45 tt-1454 MF017_1959_EP_SU2011_AD_03 
"<me>"
	"yo" Pronoun PPX Singular lang:es 00:01:38 00:01:45 tt-1455 MF017_1959_EP_SU2011_AD_03 @Gram:Pron:Objeto ID:307 R:Gram:Gustar:Propios:308 
"<gustaría>"
	"gustar" Verb VLfin Cond Indi Sing 1st_or_3rd lang:es 00:01:38 00:01:45 tt-1456 MF017_1959_EP_SU2011_AD_03 ID:308 R:Func:Deseos:Ajenos:312 
"<mejor>"
	"bueno" Adjective ADJ Singular lang:es 00:01:38 00:01:45 tt-1457 MF017_1959_EP_SU2011_AD_03 
"<que>"
	"que" Conjunction CQUE lang:es 00:01:38 00:01:45 tt-1458 MF017_1959_EP_SU2011_AD_03 
"<te>"
	"tú" Pronoun PPX Singular lang:es 00:01:38 00:01:45 tt-1459 MF017_1959_EP_SU2011_AD_03 @Gram:Pron:Objeto 
"<casaras>"
	"UNK" Verb VLfin Past Subj Sing 2nd lang:es 00:01:38 00:01:45 tt-1460 MF017_1959_EP_SU2011_AD_03 @Gram:MSub:Pret ID:312 
"<conmigo>"
	"UNK" Verb VLfin Pres Indi Sing 1st lang:es 00:01:38 00:01:45 tt-1461 MF017_1959_EP_SU2011_AD_03 
"<,>"
	"," Punctuation CM lang:es 00:01:38 00:01:45 tt-1462 MF017_1959_EP_SU2011_AD_03 
"<y>"
	"y" Conjunciton Conjunction CC lang:es 00:01:45 00:01:50 tt-1463 MF017_1959_EP_SU2011_AD_03 
"<así>"
	"así" Conjunction CSUBX lang:es 00:01:45 00:01:50 tt-1464 MF017_1959_EP_SU2011_AD_03 
"<fue>"
	"ser" Verb VSfin Pret Indi Sing 3rd lang:es 00:01:45 00:01:50 tt-1465 MF017_1959_EP_SU2011_AD_03 @Gram:Indefinido @Gram:SerEstar:Ser 
"<cuando>"
	"cuando" Conjunction CSUBX lang:es 00:01:45 00:01:50 tt-1466 MF017_1959_EP_SU2011_AD_03 
"<me>"
	"yo" Pronoun PPX Singular lang:es 00:01:45 00:01:50 tt-1467 MF017_1959_EP_SU2011_AD_03 @Gram:Pron:Objeto 
"<pidió>"
	"pedir" Verb VLfin Pret Indi Sing 3rd lang:es 00:01:45 00:01:50 tt-1468 MF017_1959_EP_SU2011_AD_03 @Gram:Indefinido 
"<para>"
	"para" Preposition PREP lang:es 00:01:45 00:01:50 tt-1469 MF017_1959_EP_SU2011_AD_03 @Gram:Prep:Para 
"<...>"
	"..." Punctuation DOTS lang:es 00:01:45 00:01:50 tt-1470 MF017_1959_EP_SU2011_AD_03 
"<de>"
	"de" Preposition PREP lang:es 00:01:45 00:01:50 tt-1471 MF017_1959_EP_SU2011_AD_03 @Gram:Prep 
"<matrimonio>"
	"matrimonio" Noun NC Singular lang:es 00:01:45 00:01:50 tt-1472 MF017_1959_EP_SU2011_AD_03 
"<$.>"
	"." Punctuation FS lang:es 00:01:45 00:01:50 tt-1473 MF017_1959_EP_SU2011_AD_03 
</speaker>
<speaker type="int">

"<$¿>"
	"¿" Punctuation FS lang:es 00:01:50 00:01:56 tt-1474 MF017_1959_EP_SU2011_AD_03 
"<Tienes>"
	"tener" Verb VLfin Pres Indi Sing 2nd lang:es 00:01:50 00:01:56 tt-1475 MF017_1959_EP_SU2011_AD_03 
"<alguna>"
	"alguno" Determiner QU lang:es 00:01:50 00:01:56 tt-1476 MF017_1959_EP_SU2011_AD_03 @Gram:Det:CuantIndef 
"<historia>"
	"historia" Noun NC Singular lang:es 00:01:50 00:01:56 tt-1477 MF017_1959_EP_SU2011_AD_03 
"<favorita>"
	"favorito" Adjective ADJ Singular lang:es 00:01:50 00:01:56 tt-1478 MF017_1959_EP_SU2011_AD_03 
"<acerca>"
	"acerca" Preposition PREP lang:es 00:01:50 00:01:56 tt-1479 MF017_1959_EP_SU2011_AD_03 @Gram:Prep 
"<de>"
	"de" Preposition PREP lang:es 00:01:50 00:01:56 tt-1480 MF017_1959_EP_SU2011_AD_03 @Gram:Prep 
"<tu>"
	"tú" Pronoun PPX Singular lang:es 00:01:50 00:01:56 tt-1481 MF017_1959_EP_SU2011_AD_03 @Gram:Det:Pos 
"<relación>"
	"relación" Noun NC Singular lang:es 00:01:50 00:01:56 tt-1482 MF017_1959_EP_SU2011_AD_03 
"<o>"
	"o" Conjunciton Conjunction CC lang:es 00:01:50 00:01:56 tt-1483 MF017_1959_EP_SU2011_AD_03 
"<acerca>"
	"acerca" Preposition PREP lang:es 00:01:50 00:01:56 tt-1484 MF017_1959_EP_SU2011_AD_03 @Gram:Prep 
"<de>"
	"de" Preposition PREP lang:es 00:01:50 00:01:56 tt-1485 MF017_1959_EP_SU2011_AD_03 @Gram:Prep 
"<tu>"
	"tú" Pronoun PPX Singular lang:es 00:01:50 00:01:56 tt-1486 MF017_1959_EP_SU2011_AD_03 @Gram:Det:Pos 
"<pareja>"
	"pareja" Noun NC Singular lang:es 00:01:50 00:01:56 tt-1487 MF017_1959_EP_SU2011_AD_03 
"<$?>"
	"?" Punctuation FS lang:es 00:01:50 00:01:56 tt-1488 MF017_1959_EP_SU2011_AD_03 
</speaker>
<speaker type="subj">

"<Sí>"
	"sí" Adverb ADV lang:es 00:01:56 00:02:03 tt-1489 MF017_1959_EP_SU2011_AD_03 
"<,>"
	"," Punctuation CM lang:es 00:01:56 00:02:03 tt-1490 MF017_1959_EP_SU2011_AD_03 
"<este>"
	"este" Noun NC Singular lang:es 00:01:56 00:02:03 tt-1491 MF017_1959_EP_SU2011_AD_03 
"<...>"
	"..." Punctuation DOTS lang:es 00:01:56 00:02:03 tt-1492 MF017_1959_EP_SU2011_AD_03 
"<cuando>"
	"cuando" Conjunction CSUBX lang:es 00:01:56 00:02:03 tt-1493 MF017_1959_EP_SU2011_AD_03 
"<...>"
	"..." Punctuation DOTS lang:es 00:01:56 00:02:03 tt-1494 MF017_1959_EP_SU2011_AD_03 
"<éramos>"
	"ser" Verb VSfin Imp Indi Plural 1st lang:es 00:01:56 00:02:03 tt-1495 MF017_1959_EP_SU2011_AD_03 @Gram:Imperf @Gram:SerEstar:Ser 
"<novios>"
	"novio" Noun NC Plural lang:es 00:01:56 00:02:03 tt-1496 MF017_1959_EP_SU2011_AD_03 
"<$.>"
	"." Punctuation FS lang:es 00:01:56 00:02:03 tt-1497 MF017_1959_EP_SU2011_AD_03 

"<Él>"
	"él" Pronoun PPX Singular lang:es 00:01:56 00:02:03 tt-1498 MF017_1959_EP_SU2011_AD_03 @Gram:Pron:Sujeto 
"<siempre>"
	"siempre" Adverb ADV lang:es 00:01:56 00:02:03 tt-1499 MF017_1959_EP_SU2011_AD_03 
"<era>"
	"ser" Verb VEfin Imp Indi Sing 1st_or_3rd lang:es 00:01:56 00:02:03 tt-1500 MF017_1959_EP_SU2011_AD_03 @Gram:Imperf @Gram:SerEstar:Ser 
"<muy>"
	"muy" Adverb ADV lang:es 00:01:56 00:02:03 tt-1501 MF017_1959_EP_SU2011_AD_03 
"<serio>"
	"serio" Adjective ADJ Singular lang:es 00:01:56 00:02:03 tt-1502 MF017_1959_EP_SU2011_AD_03 
"<,>"
	"," Punctuation CM lang:es 00:01:56 00:02:03 tt-1503 MF017_1959_EP_SU2011_AD_03 
"<muy>"
	"muy" Adverb ADV lang:es 00:01:56 00:02:03 tt-1504 MF017_1959_EP_SU2011_AD_03 
"<serio>"
	"serio" Adjective ADJ Singular lang:es 00:01:56 00:02:03 tt-1505 MF017_1959_EP_SU2011_AD_03 
"<y>"
	"y" Conjunciton Conjunction CC lang:es 00:01:56 00:02:03 tt-1506 MF017_1959_EP_SU2011_AD_03 
"<en>"
	"en" Preposition PREP lang:es 00:01:56 00:02:03 tt-1507 MF017_1959_EP_SU2011_AD_03 @Gram:Prep 
"<una>"
	"un" Determiner ART Singular lang:es 00:02:03 00:02:09 tt-1508 MF017_1959_EP_SU2011_AD_03 
"<ocasión>"
	"ocasión" Noun NC Singular lang:es 00:02:03 00:02:09 tt-1509 MF017_1959_EP_SU2011_AD_03 
"<llegó>"
	"llegar" Verb VLfin Pret Indi Sing 3rd lang:es 00:02:03 00:02:09 tt-1510 MF017_1959_EP_SU2011_AD_03 @Gram:Indefinido 
"<a>"
	"a" Preposition PREP lang:es 00:02:03 00:02:09 tt-1511 MF017_1959_EP_SU2011_AD_03 @Gram:Prep 
"<mi>"
	"mío" Pronoun PPO Singular lang:es 00:02:03 00:02:09 tt-1512 MF017_1959_EP_SU2011_AD_03 @Gram:Det:Pos 
"<casa>"
	"casa" Noun NC Singular lang:es 00:02:03 00:02:09 tt-1513 MF017_1959_EP_SU2011_AD_03 
"<y>"
	"y" Conjunciton Conjunction CC lang:es 00:02:03 00:02:09 tt-1514 MF017_1959_EP_SU2011_AD_03 
"<,>"
	"," Punctuation CM lang:es 00:02:03 00:02:09 tt-1515 MF017_1959_EP_SU2011_AD_03 
"<luego>"
	"luego" Conjunction CSUBF lang:es 00:02:03 00:02:09 tt-1516 MF017_1959_EP_SU2011_AD_03 
"<entonces>"
	"entonces" Adverb ADV lang:es 00:02:03 00:02:09 tt-1517 MF017_1959_EP_SU2011_AD_03 
"<,>"
	"," Punctuation CM lang:es 00:02:03 00:02:09 tt-1518 MF017_1959_EP_SU2011_AD_03 
"<era>"
	"ser" Verb VEfin Imp Indi Sing 1st_or_3rd lang:es 00:02:03 00:02:09 tt-1519 MF017_1959_EP_SU2011_AD_03 @Gram:Imperf @Gram:SerEstar:Ser 
"<un>"
	"un" Determiner ART Singular lang:es 00:02:03 00:02:09 tt-1520 MF017_1959_EP_SU2011_AD_03 
"<viernes>"
	"viernes" Noun NC Plural lang:es 00:02:03 00:02:09 tt-1521 MF017_1959_EP_SU2011_AD_03 
"<y>"
	"y" Conjunciton Conjunction CC lang:es 00:02:03 00:02:09 tt-1522 MF017_1959_EP_SU2011_AD_03 
"<me>"
	"yo" Pronoun PPX Singular lang:es 00:02:03 00:02:09 tt-1523 MF017_1959_EP_SU2011_AD_03 @Gram:Pron:Objeto ID:375 R:Func:Referir:Otros:377 
"<dijo>"
	"decir" Verb VLfin Pret Indi Sing 3rd lang:es 00:02:03 00:02:09 tt-1524 MF017_1959_EP_SU2011_AD_03 @Gram:Indefinido 
"<que>"
	"que" Conjunction CQUE lang:es 00:02:03 00:02:09 tt-1525 MF017_1959_EP_SU2011_AD_03 ID:377 
"<si>"
	"si" Conjunction CSUBX lang:es 00:02:03 00:02:09 tt-1526 MF017_1959_EP_SU2011_AD_03 
"<lo>"
	"él" Pronoun PPC Singular lang:es 00:02:03 00:02:09 tt-1527 MF017_1959_EP_SU2011_AD_03 @Gram:Pron:Objeto 
"<acompañaba>"
	"acompañar" Verb VLfin Imp Indi Sing 1st_or_3rd lang:es 00:02:03 00:02:09 tt-1528 MF017_1959_EP_SU2011_AD_03 @Gram:Imperf 
"<a>"
	"a" Preposition PREP lang:es 00:02:09 00:02:15 tt-1529 MF017_1959_EP_SU2011_AD_03 @Gram:Prep 
"<comprar>"
	"comprar" Verb VLinf Infinitive lang:es 00:02:09 00:02:15 tt-1530 MF017_1959_EP_SU2011_AD_03 
"<ropa>"
	"ropa" Noun NC Singular lang:es 00:02:09 00:02:15 tt-1531 MF017_1959_EP_SU2011_AD_03 
"<y>"
	"y" Conjunciton Conjunction CC lang:es 00:02:09 00:02:15 tt-1532 MF017_1959_EP_SU2011_AD_03 
"<sus>"
	"suyo" Pronoun PPO Plural lang:es 00:02:09 00:02:15 tt-1533 MF017_1959_EP_SU2011_AD_03 @Gram:Det:Pos 
"<botas>"
	"bota" Noun NC Plural lang:es 00:02:09 00:02:15 tt-1534 MF017_1959_EP_SU2011_AD_03 
"<,>"
	"," Punctuation CM lang:es 00:02:09 00:02:15 tt-1535 MF017_1959_EP_SU2011_AD_03 
"<porque>"
	"porque" Conjunction CSUBX lang:es 00:02:09 00:02:15 tt-1536 MF017_1959_EP_SU2011_AD_03 @Prag:MarcadoresDisc:Causa 
"<él>"
	"él" Pronoun PPX Singular lang:es 00:02:09 00:02:15 tt-1537 MF017_1959_EP_SU2011_AD_03 @Gram:Pron:Sujeto 
"<antes>"
	"antes" Adverb ADV lang:es 00:02:09 00:02:15 tt-1538 MF017_1959_EP_SU2011_AD_03 
"<se>"
	"se" Other SE lang:es 00:02:09 00:02:15 tt-1539 MF017_1959_EP_SU2011_AD_03 
"<vestía>"
	"vestir" Verb VLfin Imp Indi Sing 1st_or_3rd lang:es 00:02:09 00:02:15 tt-1540 MF017_1959_EP_SU2011_AD_03 @Gram:Imperf 
"<...>"
	"..." Punctuation DOTS lang:es 00:02:09 00:02:15 tt-1541 MF017_1959_EP_SU2011_AD_03 
"<chero>"
	"chero" Noun NC Singular lang:es 00:02:09 00:02:15 tt-1542 MF017_1959_EP_SU2011_AD_03 
"<$.>"
	"." Punctuation FS lang:es 00:02:09 00:02:15 tt-1543 MF017_1959_EP_SU2011_AD_03 

"<Entonces>"
	"entonces" Adverb ADV lang:es 00:02:09 00:02:15 tt-1544 MF017_1959_EP_SU2011_AD_03 
"<,>"
	"," Punctuation CM lang:es 00:02:09 00:02:15 tt-1545 MF017_1959_EP_SU2011_AD_03 
"<este>"
	"este" Noun NC Singular lang:es 00:02:09 00:02:15 tt-1546 MF017_1959_EP_SU2011_AD_03 
"<...>"
	"..." Punctuation DOTS lang:es 00:02:09 00:02:15 tt-1547 MF017_1959_EP_SU2011_AD_03 
"<yo>"
	"yo" Pronoun PPX Singular lang:es 00:02:09 00:02:15 tt-1548 MF017_1959_EP_SU2011_AD_03 @Gram:Pron:Sujeto 
"<dije>"
	"decir" Verb VLfin Pret Indi Sing 1st lang:es 00:02:09 00:02:15 tt-1549 MF017_1959_EP_SU2011_AD_03 @Gram:Indefinido 
"<bueno>"
	"bueno" Adjective ADJ Singular lang:es 00:02:15 00:02:22 tt-1550 MF017_1959_EP_SU2011_AD_03 
"<,>"
	"," Punctuation CM lang:es 00:02:15 00:02:22 tt-1551 MF017_1959_EP_SU2011_AD_03 
"<no>"
	"no" Adverb NEG lang:es 00:02:15 00:02:22 tt-1552 MF017_1959_EP_SU2011_AD_03 
"<,>"
	"," Punctuation CM lang:es 00:02:15 00:02:22 tt-1553 MF017_1959_EP_SU2011_AD_03 
"<pues>"
	"pues" Conjunction CSUBF lang:es 00:02:15 00:02:22 tt-1554 MF017_1959_EP_SU2011_AD_03 
"<me>"
	"yo" Pronoun PPX Singular lang:es 00:02:15 00:02:22 tt-1555 MF017_1959_EP_SU2011_AD_03 @Gram:Pron:Objeto 
"<tiene>"
	"tener" Verb VLfin Pres Indi Sing 3rd lang:es 00:02:15 00:02:22 tt-1556 MF017_1959_EP_SU2011_AD_03 
"<confianza>"
	"confianza" Noun NC Singular lang:es 00:02:15 00:02:22 tt-1557 MF017_1959_EP_SU2011_AD_03 
"<o>"
	"o" Conjunciton Conjunction CC lang:es 00:02:15 00:02:22 tt-1558 MF017_1959_EP_SU2011_AD_03 
"<no>"
	"no" Adverb NEG lang:es 00:02:15 00:02:22 tt-1559 MF017_1959_EP_SU2011_AD_03 
"<,>"
	"," Punctuation CM lang:es 00:02:15 00:02:22 tt-1560 MF017_1959_EP_SU2011_AD_03 
"<se>"
	"se" Other SE lang:es 00:02:15 00:02:22 tt-1561 MF017_1959_EP_SU2011_AD_03 @Gram:Pron:Otros 
"<me>"
	"yo" Pronoun PPX Singular lang:es 00:02:15 00:02:22 tt-1562 MF017_1959_EP_SU2011_AD_03 @Gram:Pron:Objeto 
"<hizo>"
	"hacer" Verb VLfin Pres Indi Sing 1st lang:es 00:02:15 00:02:22 tt-1563 MF017_1959_EP_SU2011_AD_03 
"<raro>"
	"raro" Adjective ADJ Singular lang:es 00:02:15 00:02:22 tt-1564 MF017_1959_EP_SU2011_AD_03 
"<,>"
	"," Punctuation CM lang:es 00:02:15 00:02:22 tt-1565 MF017_1959_EP_SU2011_AD_03 
"<entonces>"
	"entonces" Adverb ADV lang:es 00:02:15 00:02:22 tt-1566 MF017_1959_EP_SU2011_AD_03 
"<,>"
	"," Punctuation CM lang:es 00:02:15 00:02:22 tt-1567 MF017_1959_EP_SU2011_AD_03 
"<me>"
	"yo" Pronoun PPX Singular lang:es 00:02:15 00:02:22 tt-1568 MF017_1959_EP_SU2011_AD_03 @Gram:Pron:Objeto 
"<dijo>"
	"decir" Verb VLfin Pret Indi Sing 3rd lang:es 00:02:15 00:02:22 tt-1569 MF017_1959_EP_SU2011_AD_03 @Gram:Indefinido 
"<mañana>"
	"mañana" Noun NC Singular lang:es 00:02:15 00:02:22 tt-1570 MF017_1959_EP_SU2011_AD_03 
"<quieres>"
	"querer" Verb VLfin Pres Indi Sing 2nd lang:es 00:02:15 00:02:22 tt-1571 MF017_1959_EP_SU2011_AD_03 
"<que>"
	"que" Conjunction CQUE lang:es 00:02:22 00:02:27 tt-1572 MF017_1959_EP_SU2011_AD_03 
"<...>"
	"..." Punctuation DOTS lang:es 00:02:22 00:02:27 tt-1573 MF017_1959_EP_SU2011_AD_03 
"<diles>"
	"decir" Verb VLfin Pres Indi Sing 2nd lang:es 00:02:22 00:02:27 tt-1574 MF017_1959_EP_SU2011_AD_03 
"<a>"
	"a" Preposition PREP lang:es 00:02:22 00:02:27 tt-1575 MF017_1959_EP_SU2011_AD_03 @Gram:Prep 
"<tus>"
	"UNK" Noun NC Plural lang:es 00:02:22 00:02:27 tt-1576 MF017_1959_EP_SU2011_AD_03 @Gram:Det:Pos 
"<papás>"
	"papá" Noun NC Plural lang:es 00:02:22 00:02:27 tt-1577 MF017_1959_EP_SU2011_AD_03 
"<que>"
	"que" Conjunction CQUE lang:es 00:02:22 00:02:27 tt-1578 MF017_1959_EP_SU2011_AD_03 
"<si>"
	"si" Conjunction CSUBX lang:es 00:02:22 00:02:27 tt-1579 MF017_1959_EP_SU2011_AD_03 
"<te>"
	"tú" Pronoun PPX Singular lang:es 00:02:22 00:02:27 tt-1580 MF017_1959_EP_SU2011_AD_03 @Gram:Pron:Objeto 
"<dejan>"
	"dejar" Verb VLfin Pres Indi Plural 3rd lang:es 00:02:22 00:02:27 tt-1581 MF017_1959_EP_SU2011_AD_03 
"<ir>"
	"ir" Verb VLinf Infinitive lang:es 00:02:22 00:02:27 tt-1582 MF017_1959_EP_SU2011_AD_03 
"<conmigo>"
	"UNK" Verb VLfin Pres Indi Sing 1st lang:es 00:02:22 00:02:27 tt-1583 MF017_1959_EP_SU2011_AD_03 
"<temprano>"
	"temprano" Adverb ADV lang:es 00:02:22 00:02:27 tt-1584 MF017_1959_EP_SU2011_AD_03 
"<,>"
	"," Punctuation CM lang:es 00:02:22 00:02:27 tt-1585 MF017_1959_EP_SU2011_AD_03 
"<pero>"
	"pero" Conjunction CCAD lang:es 00:02:22 00:02:27 tt-1586 MF017_1959_EP_SU2011_AD_03 @Prag:MarcadoresDisc:Revision 
"<vamos>"
	"ir" Verb VLfin Pres Indi Plural 1st lang:es 00:02:22 00:02:27 tt-1587 MF017_1959_EP_SU2011_AD_03 ID:439 R:Gram:VFut:Perifrasis:441 
"<a>"
	"a" Preposition PREP lang:es 00:02:22 00:02:27 tt-1588 MF017_1959_EP_SU2011_AD_03 @Gram:Prep 
"<ir>"
	"ir" Verb VLinf Infinitive lang:es 00:02:22 00:02:27 tt-1589 MF017_1959_EP_SU2011_AD_03 ID:441 
"<al>"
	"al" Preposition PAL lang:es 00:02:22 00:02:27 tt-1590 MF017_1959_EP_SU2011_AD_03 @Gram:Prep 
"<Paso>"
	"paso" Noun NC Singular lang:es 00:02:22 00:02:27 tt-1591 MF017_1959_EP_SU2011_AD_03 
"<,>"
	"," Punctuation CM lang:es 00:02:22 00:02:27 tt-1592 MF017_1959_EP_SU2011_AD_03 
"<dice>"
	"decir" Verb VLfin Pres Indi Sing 3rd lang:es 00:02:27 00:02:33 tt-1593 MF017_1959_EP_SU2011_AD_03 
"<,>"
	"," Punctuation CM lang:es 00:02:27 00:02:33 tt-1594 MF017_1959_EP_SU2011_AD_03 
"<vamos>"
	"ir" Verb VLfin Pres Indi Plural 1st lang:es 00:02:27 00:02:33 tt-1595 MF017_1959_EP_SU2011_AD_03 ID:447 R:Gram:VFut:Perifrasis:449 
"<a>"
	"a" Preposition PREP lang:es 00:02:27 00:02:33 tt-1596 MF017_1959_EP_SU2011_AD_03 @Gram:Prep 
"<ir>"
	"ir" Verb VLinf Infinitive lang:es 00:02:27 00:02:33 tt-1597 MF017_1959_EP_SU2011_AD_03 ID:449 
"<a>"
	"a" Preposition PREP lang:es 00:02:27 00:02:33 tt-1598 MF017_1959_EP_SU2011_AD_03 @Gram:Prep 
"<las>"
	"el" Determiner ART Plural Fem lang:es 00:02:27 00:02:33 tt-1599 MF017_1959_EP_SU2011_AD_03 @Gram:Det:Art 
"<tiendas>"
	"tienda" Noun NC Plural lang:es 00:02:27 00:02:33 tt-1600 MF017_1959_EP_SU2011_AD_03 
"<$.>"
	"." Punctuation FS lang:es 00:02:27 00:02:33 tt-1601 MF017_1959_EP_SU2011_AD_03 

"<Entonces>"
	"entonces" Adverb ADV lang:es 00:02:27 00:02:33 tt-1602 MF017_1959_EP_SU2011_AD_03 
"<,>"
	"," Punctuation CM lang:es 00:02:27 00:02:33 tt-1603 MF017_1959_EP_SU2011_AD_03 
"<le>"
	"él" Pronoun PPC Singular lang:es 00:02:27 00:02:33 tt-1604 MF017_1959_EP_SU2011_AD_03 @Gram:Pron:Objeto ID:456 R:Func:Referir:Propias:458 
"<dije>"
	"decir" Verb VLfin Pret Indi Sing 1st lang:es 00:02:27 00:02:33 tt-1605 MF017_1959_EP_SU2011_AD_03 @Gram:Indefinido 
"<que>"
	"que" Conjunction CQUE lang:es 00:02:27 00:02:33 tt-1606 MF017_1959_EP_SU2011_AD_03 ID:458 
"<sí>"
	"él" Pronoun PPX Singular lang:es 00:02:27 00:02:33 tt-1607 MF017_1959_EP_SU2011_AD_03 
"<y>"
	"y" Conjunciton Conjunction CC lang:es 00:02:27 00:02:33 tt-1608 MF017_1959_EP_SU2011_AD_03 
"<que>"
	"que" Conjunction CQUE lang:es 00:02:27 00:02:33 tt-1609 MF017_1959_EP_SU2011_AD_03 
"<yo>"
	"yo" Pronoun PPX Singular lang:es 00:02:27 00:02:33 tt-1610 MF017_1959_EP_SU2011_AD_03 @Gram:Pron:Sujeto 
"<le>"
	"él" Pronoun PPC Singular lang:es 00:02:27 00:02:33 tt-1611 MF017_1959_EP_SU2011_AD_03 @Gram:Pron:Objeto 
"<pedía>"
	"pedir" Verb VLfin Imp Indi Sing 1st_or_3rd lang:es 00:02:27 00:02:33 tt-1612 MF017_1959_EP_SU2011_AD_03 @Gram:Imperf 
"<permiso>"
	"permiso" Noun NC Singular lang:es 00:02:27 00:02:33 tt-1613 MF017_1959_EP_SU2011_AD_03 
"<a>"
	"a" Preposition PREP lang:es 00:02:33 00:02:37 tt-1614 MF017_1959_EP_SU2011_AD_03 @Gram:Prep 
"<mis>"
	"mío" Pronoun PPO Plural lang:es 00:02:33 00:02:37 tt-1615 MF017_1959_EP_SU2011_AD_03 @Gram:Det:Pos 
"<papás>"
	"papá" Noun NC Plural lang:es 00:02:33 00:02:37 tt-1616 MF017_1959_EP_SU2011_AD_03 
"<y>"
	"y" Conjunciton Conjunction CC lang:es 00:02:33 00:02:37 tt-1617 MF017_1959_EP_SU2011_AD_03 
"<entonces>"
	"entonces" Adverb ADV lang:es 00:02:33 00:02:37 tt-1618 MF017_1959_EP_SU2011_AD_03 
"<,>"
	"," Punctuation CM lang:es 00:02:33 00:02:37 tt-1619 MF017_1959_EP_SU2011_AD_03 
"<llegó>"
	"llegar" Verb VLfin Pret Indi Sing 3rd lang:es 00:02:33 00:02:37 tt-1620 MF017_1959_EP_SU2011_AD_03 @Gram:Indefinido 
"<al>"
	"al" Preposition PAL lang:es 00:02:33 00:02:37 tt-1621 MF017_1959_EP_SU2011_AD_03 @Gram:Prep 
"<siguiente>"
	"siguiente" Adjective ADJ Singular lang:es 00:02:33 00:02:37 tt-1622 MF017_1959_EP_SU2011_AD_03 
"<día>"
	"día" Noun NC Singular lang:es 00:02:33 00:02:37 tt-1623 MF017_1959_EP_SU2011_AD_03 
"<,>"
	"," Punctuation CM lang:es 00:02:33 00:02:37 tt-1624 MF017_1959_EP_SU2011_AD_03 
"<bien>"
	"bien" Adverb ADV lang:es 00:02:33 00:02:37 tt-1625 MF017_1959_EP_SU2011_AD_03 
"<tempranito>"
	"temprano" Adjective ADJ Singular lang:es 00:02:33 00:02:37 tt-1626 MF017_1959_EP_SU2011_AD_03 
"<y>"
	"y" Conjunciton Conjunction CC lang:es 00:02:33 00:02:37 tt-1627 MF017_1959_EP_SU2011_AD_03 
"<luego>"
	"luego" Conjunction CSUBF lang:es 00:02:33 00:02:37 tt-1628 MF017_1959_EP_SU2011_AD_03 
"<ya>"
	"ya" Adverb ADV lang:es 00:02:33 00:02:37 tt-1629 MF017_1959_EP_SU2011_AD_03 
"<andaba>"
	"andar" Verb VLfin Imp Indi Sing 1st_or_3rd lang:es 00:02:33 00:02:37 tt-1630 MF017_1959_EP_SU2011_AD_03 @Gram:Imperf 
"<ilusionada>"
	"ilusionar" Verb VLadj lang:es 00:02:33 00:02:37 tt-1631 MF017_1959_EP_SU2011_AD_03 
"<cambiándome>"
	"cambiar" Verb VLadj lang:es 00:02:37 00:02:42 tt-1632 MF017_1959_EP_SU2011_AD_03 
"<y>"
	"y" Conjunciton Conjunction CC lang:es 00:02:37 00:02:42 tt-1633 MF017_1959_EP_SU2011_AD_03 
"<pintándome>"
	"UNK" Verb VLadj lang:es 00:02:37 00:02:42 tt-1634 MF017_1959_EP_SU2011_AD_03 
"<,>"
	"," Punctuation CM lang:es 00:02:37 00:02:42 tt-1635 MF017_1959_EP_SU2011_AD_03 
"<porque>"
	"porque" Conjunction CSUBX lang:es 00:02:37 00:02:42 tt-1636 MF017_1959_EP_SU2011_AD_03 @Prag:MarcadoresDisc:Causa 
"<iba>"
	"ir" Verb VLfin Imp Indi Sing 1st_or_3rd lang:es 00:02:37 00:02:42 tt-1637 MF017_1959_EP_SU2011_AD_03 @Gram:Imperf ID:489 R:Gram:VFut:Perifrasis:491 
"<a>"
	"a" Preposition PREP lang:es 00:02:37 00:02:42 tt-1638 MF017_1959_EP_SU2011_AD_03 @Gram:Prep 
"<venir>"
	"venir" Verb VLinf Infinitive lang:es 00:02:37 00:02:42 tt-1639 MF017_1959_EP_SU2011_AD_03 ID:491 
"<con>"
	"con" Preposition PREP lang:es 00:02:37 00:02:42 tt-1640 MF017_1959_EP_SU2011_AD_03 @Gram:Prep 
"<él>"
	"él" Pronoun PPX Singular lang:es 00:02:37 00:02:42 tt-1641 MF017_1959_EP_SU2011_AD_03 @Gram:Pron:Sujeto 
"<$.>"
	"." Punctuation FS lang:es 00:02:37 00:02:42 tt-1642 MF017_1959_EP_SU2011_AD_03 

"<Y>"
	"y" Conjunciton Conjunction CC lang:es 00:02:37 00:02:42 tt-1643 MF017_1959_EP_SU2011_AD_03 
"<entonces>"
	"entonces" Adverb ADV lang:es 00:02:37 00:02:42 tt-1644 MF017_1959_EP_SU2011_AD_03 
"<,>"
	"," Punctuation CM lang:es 00:02:37 00:02:42 tt-1645 MF017_1959_EP_SU2011_AD_03 
"<me>"
	"yo" Pronoun PPX Singular lang:es 00:02:37 00:02:42 tt-1646 MF017_1959_EP_SU2011_AD_03 @Gram:Pron:Objeto 
"<pareció>"
	"parecer" Verb VLfin Pret Indi Sing 3rd lang:es 00:02:37 00:02:42 tt-1647 MF017_1959_EP_SU2011_AD_03 @Gram:Indefinido 
"<muy>"
	"muy" Adverb ADV lang:es 00:02:37 00:02:42 tt-1648 MF017_1959_EP_SU2011_AD_03 
"<bonito>"
	"bonito" Adjective ADJ Singular lang:es 00:02:37 00:02:42 tt-1649 MF017_1959_EP_SU2011_AD_03 
"<,>"
	"," Punctuation CM lang:es 00:02:37 00:02:42 tt-1650 MF017_1959_EP_SU2011_AD_03 
"<porque>"
	"porque" Conjunction CSUBX lang:es 00:02:42 00:02:48 tt-1651 MF017_1959_EP_SU2011_AD_03 @Prag:MarcadoresDisc:Causa 
"<andábamos>"
	"UNK" Verb VLfin Imp Indi Plural 1st lang:es 00:02:42 00:02:48 tt-1652 MF017_1959_EP_SU2011_AD_03 @Gram:Imperf 
"<en>"
	"en" Preposition PREP lang:es 00:02:42 00:02:48 tt-1653 MF017_1959_EP_SU2011_AD_03 @Gram:Prep 
"<las>"
	"el" Determiner ART Plural Fem lang:es 00:02:42 00:02:48 tt-1654 MF017_1959_EP_SU2011_AD_03 @Gram:Det:Art 
"<tiendas>"
	"tienda" Noun NC Plural lang:es 00:02:42 00:02:48 tt-1655 MF017_1959_EP_SU2011_AD_03 
"<y>"
	"y" Conjunciton Conjunction CC lang:es 00:02:42 00:02:48 tt-1656 MF017_1959_EP_SU2011_AD_03 
"<luego>"
	"luego" Conjunction CSUBF lang:es 00:02:42 00:02:48 tt-1657 MF017_1959_EP_SU2011_AD_03 
"<fuimos>"
	"ir|ser" Verb VLfin Pres_or_Pret Indi Plural 1st lang:es 00:02:42 00:02:48 tt-1658 MF017_1959_EP_SU2011_AD_03 
"<a>"
	"a" Preposition PREP lang:es 00:02:42 00:02:48 tt-1659 MF017_1959_EP_SU2011_AD_03 @Gram:Prep 
"<comer>"
	"comer" Verb VLinf Infinitive lang:es 00:02:42 00:02:48 tt-1660 MF017_1959_EP_SU2011_AD_03 
"<,>"
	"," Punctuation CM lang:es 00:02:42 00:02:48 tt-1661 MF017_1959_EP_SU2011_AD_03 
"<y>"
	"y" Conjunciton Conjunction CC lang:es 00:02:42 00:02:48 tt-1662 MF017_1959_EP_SU2011_AD_03 
"<...>"
	"..." Punctuation DOTS lang:es 00:02:42 00:02:48 tt-1663 MF017_1959_EP_SU2011_AD_03 
"<y>"
	"y" Conjunciton Conjunction CC lang:es 00:02:42 00:02:48 tt-1664 MF017_1959_EP_SU2011_AD_03 
"<recuerdo>"
	"recordar" Verb VLfin Pres Indi Sing 1st lang:es 00:02:42 00:02:48 tt-1665 MF017_1959_EP_SU2011_AD_03 
"<que>"
	"que" Conjunction CQUE lang:es 00:02:42 00:02:48 tt-1666 MF017_1959_EP_SU2011_AD_03 
"<también>"
	"también" Adverb ADV lang:es 00:02:42 00:02:48 tt-1667 MF017_1959_EP_SU2011_AD_03 @Prag:MarcadoresDisc:Igualdad 
"<que>"
	"que" Conjunction CQUE lang:es 00:02:42 00:02:48 tt-1668 MF017_1959_EP_SU2011_AD_03 
"<me>"
	"yo" Pronoun PPX Singular lang:es 00:02:42 00:02:48 tt-1669 MF017_1959_EP_SU2011_AD_03 @Gram:Pron:Objeto 
"<compró>"
	"comprar" Verb VLfin Pret Indi Sing 3rd lang:es 00:02:42 00:02:48 tt-1670 MF017_1959_EP_SU2011_AD_03 @Gram:Indefinido 
"<un>"
	"un" Determiner ART Singular lang:es 00:02:48 00:02:55 tt-1671 MF017_1959_EP_SU2011_AD_03 
"<vestido>"
	"vestido" Noun NC Singular lang:es 00:02:48 00:02:55 tt-1672 MF017_1959_EP_SU2011_AD_03 
"<y>"
	"y" Conjunciton Conjunction CC lang:es 00:02:48 00:02:55 tt-1673 MF017_1959_EP_SU2011_AD_03 
"<así>"
	"así" Adverb ADV lang:es 00:02:48 00:02:55 tt-1674 MF017_1959_EP_SU2011_AD_03 
"<,>"
	"," Punctuation CM lang:es 00:02:48 00:02:55 tt-1675 MF017_1959_EP_SU2011_AD_03 
"<andábamos>"
	"UNK" Verb VLfin Imp Indi Plural 1st lang:es 00:02:48 00:02:55 tt-1676 MF017_1959_EP_SU2011_AD_03 @Gram:Imperf 
"<así>"
	"así" Adverb ADV lang:es 00:02:48 00:02:55 tt-1677 MF017_1959_EP_SU2011_AD_03 
"<buscando>"
	"buscar" Verb VLger lang:es 00:02:48 00:02:55 tt-1678 MF017_1959_EP_SU2011_AD_03 
"<ropa>"
	"ropa" Noun NC Singular lang:es 00:02:48 00:02:55 tt-1679 MF017_1959_EP_SU2011_AD_03 
"<y>"
	"y" Conjunciton Conjunction CC lang:es 00:02:48 00:02:55 tt-1680 MF017_1959_EP_SU2011_AD_03 
"<todo>"
	"todo" Determiner QU lang:es 00:02:48 00:02:55 tt-1681 MF017_1959_EP_SU2011_AD_03 
"<y>"
	"y" Conjunciton Conjunction CC lang:es 00:02:48 00:02:55 tt-1682 MF017_1959_EP_SU2011_AD_03 
"<fue>"
	"ser" Verb VSfin Pret Indi Sing 3rd lang:es 00:02:48 00:02:55 tt-1683 MF017_1959_EP_SU2011_AD_03 @Gram:Indefinido @Gram:SerEstar:Ser 
"<un>"
	"un" Determiner ART Singular lang:es 00:02:48 00:02:55 tt-1684 MF017_1959_EP_SU2011_AD_03 
"<momento>"
	"momento" Noun NC Singular lang:es 00:02:48 00:02:55 tt-1685 MF017_1959_EP_SU2011_AD_03 
"<muy>"
	"muy" Adverb ADV lang:es 00:02:48 00:02:55 tt-1686 MF017_1959_EP_SU2011_AD_03 
"<feliz>"
	"feliz" Adjective ADJ Singular lang:es 00:02:48 00:02:55 tt-1687 MF017_1959_EP_SU2011_AD_03 
"<,>"
	"," Punctuation CM lang:es 00:02:48 00:02:55 tt-1688 MF017_1959_EP_SU2011_AD_03 
"<sí>"
	"sí" Adverb ADV lang:es 00:02:48 00:02:55 tt-1689 MF017_1959_EP_SU2011_AD_03 
"<$.>"
	"." Punctuation FS lang:es 00:02:48 00:02:55 tt-1690 MF017_1959_EP_SU2011_AD_03 
</speaker>
</text>

