<text id="MF010_1959_EP_SU2011_AD_06">
<speaker type="subj">
"<Pues>"
	"pues" Conjunction CSUBF lang:es 00:00:00 00:00:07 tt-3209 MF010_1959_EP_SU2011_AD_06 
"<...>"
	"..." Punctuation DOTS lang:es 00:00:00 00:00:07 tt-3210 MF010_1959_EP_SU2011_AD_06 
"<son>"
	"ser" Verb VSfin Pres Indi Plural 3rd lang:es 00:00:00 00:00:07 tt-3211 MF010_1959_EP_SU2011_AD_06 @Gram:SerEstar:Ser ADD:769 
"<muchas>"
	"mucho" Determiner QU lang:es 00:00:00 00:00:07 tt-3212 MF010_1959_EP_SU2011_AD_06 @Gram:Det:CuantIndef ADD:447 
"<historias>"
	"historia" Noun NC Plural lang:es 00:00:00 00:00:07 tt-3213 MF010_1959_EP_SU2011_AD_06 
"<...>"
	"..." Punctuation DOTS lang:es 00:00:00 00:00:07 tt-3214 MF010_1959_EP_SU2011_AD_06 
<lang code="en">
"<ah>"
	"UNK" Noun NN lang:en 00:00:00 00:00:07 tt-3215 MF010_1959_EP_SU2011_AD_06 
</lang>
"<...>"
	"..." Punctuation DOTS lang:es 00:00:00 00:00:07 tt-3216 MF010_1959_EP_SU2011_AD_06 
"<Siempre>"
	"siempre" Adverb ADV lang:es 00:00:00 00:00:07 tt-3217 MF010_1959_EP_SU2011_AD_06 
"<...>"
	"..." Punctuation DOTS lang:es 00:00:00 00:00:07 tt-3218 MF010_1959_EP_SU2011_AD_06 
"<Bueno>"
	"UNK" Noun NP Singular lang:es 00:00:00 00:00:07 tt-3219 MF010_1959_EP_SU2011_AD_06 
"<,>"
	"," Punctuation CM lang:es 00:00:00 00:00:07 tt-3220 MF010_1959_EP_SU2011_AD_06 
"<una>"
	"un" Determiner ART Singular lang:es 00:00:00 00:00:07 tt-3221 MF010_1959_EP_SU2011_AD_06 
"<que>"
	"que" Conjunction CQUE lang:es 00:00:00 00:00:07 tt-3222 MF010_1959_EP_SU2011_AD_06 
"<me>"
	"yo" Pronoun PPX Singular lang:es 00:00:00 00:00:07 tt-3223 MF010_1959_EP_SU2011_AD_06 @Gram:Pron:Objeto ID:15 R:Gram:Gustar:Propios:16 ADD:614 ADDRELATION(Gram:Gustar:Propios):683 
"<gusta>"
	"gustar" Verb VLfin Pres Indi Sing 3rd lang:es 00:00:00 00:00:07 tt-3224 MF010_1959_EP_SU2011_AD_06 ID:16 
"<mucho>"
	"mucho" Adverb ADV lang:es 00:00:00 00:00:07 tt-3225 MF010_1959_EP_SU2011_AD_06 
"<recordar>"
	"recordar" Verb VLinf Infinitive lang:es 00:00:00 00:00:07 tt-3226 MF010_1959_EP_SU2011_AD_06 SUBSTITUTE:309 
"<,>"
	"," Punctuation CM lang:es 00:00:00 00:00:07 tt-3227 MF010_1959_EP_SU2011_AD_06 
"<y>"
	"y" Conjunction CC lang:es 00:00:11 00:00:18 tt-3228 MF010_1959_EP_SU2011_AD_06 
"<es>"
	"ser" Verb VSfin Pres Indi Sing 3rd lang:es 00:00:11 00:00:18 tt-3229 MF010_1959_EP_SU2011_AD_06 @Gram:SerEstar:Ser ADD:769 
"<poquito>"
	"poco" Adverb ADV lang:es 00:00:11 00:00:18 tt-3230 MF010_1959_EP_SU2011_AD_06 SUBSTITUTE:367 
"<chistosa>"
	"UNK" Adjective ADJ Singular lang:es 00:00:11 00:00:18 tt-3231 MF010_1959_EP_SU2011_AD_06 
"<,>"
	"," Punctuation CM lang:es 00:00:11 00:00:18 tt-3232 MF010_1959_EP_SU2011_AD_06 
"<que>"
	"que" Conjunction CQUE lang:es 00:00:11 00:00:18 tt-3233 MF010_1959_EP_SU2011_AD_06 
"<cuando>"
	"cuando" Conjunction CSUBX lang:es 00:00:11 00:00:18 tt-3234 MF010_1959_EP_SU2011_AD_06 
"<yo>"
	"yo" Pronoun PPX Singular lang:es 00:00:11 00:00:18 tt-3235 MF010_1959_EP_SU2011_AD_06 @Gram:Pron:Sujeto ADD:590 
"<lo>"
	"él" Pronoun PPC Singular lang:es 00:00:11 00:00:18 tt-3236 MF010_1959_EP_SU2011_AD_06 @Gram:Pron:Objeto ADD:620 
"<conocí>"
	"conocer" Verb VLfin Pret Indi Sing 1st lang:es 00:00:11 00:00:18 tt-3237 MF010_1959_EP_SU2011_AD_06 @Gram:Indefinido ADD:654 
"<a>"
	"a" Preposition PREP lang:es 00:00:11 00:00:18 tt-3238 MF010_1959_EP_SU2011_AD_06 @Gram:Prep ADD:580 
"<él>"
	"él" Pronoun PPX Singular lang:es 00:00:11 00:00:18 tt-3239 MF010_1959_EP_SU2011_AD_06 @Gram:Pron:Sujeto ADD:590 
"<,>"
	"," Punctuation CM lang:es 00:00:11 00:00:18 tt-3240 MF010_1959_EP_SU2011_AD_06 
"<él>"
	"él" Pronoun PPX Singular lang:es 00:00:11 00:00:18 tt-3241 MF010_1959_EP_SU2011_AD_06 @Gram:Pron:Sujeto ADD:590 
"<hablaba>"
	"hablar" Verb VLfin Imp Indi Sing 1st_or_3rd lang:es 00:00:11 00:00:18 tt-3242 MF010_1959_EP_SU2011_AD_06 @Gram:Imperf ADD:645 
"<el>"
	"el" Determiner ART Singular Masc lang:es 00:00:11 00:00:18 tt-3243 MF010_1959_EP_SU2011_AD_06 @Gram:Det:Art ADD:395 
"<español>"
	"español" Noun NC Singular lang:es 00:00:11 00:00:18 tt-3244 MF010_1959_EP_SU2011_AD_06 
"<muy>"
	"muy" Adverb ADV lang:es 00:00:11 00:00:18 tt-3245 MF010_1959_EP_SU2011_AD_06 
"<poquito>"
	"poco" Adverb ADV Adjective ADJ Singular lang:es 00:00:11 00:00:18 tt-3246 MF010_1959_EP_SU2011_AD_06 SUBSTITUTE:367 
"<,>"
	"," Punctuation CM lang:es 00:00:11 00:00:18 tt-3247 MF010_1959_EP_SU2011_AD_06 
"<con>"
	"con" Preposition PREP lang:es 00:00:23 00:00:30 tt-3248 MF010_1959_EP_SU2011_AD_06 @Gram:Prep ADD:580 
"<mucho>"
	"mucho" Determiner QU lang:es 00:00:23 00:00:30 tt-3249 MF010_1959_EP_SU2011_AD_06 
"<acento>"
	"acento" Noun NC Singular lang:es 00:00:23 00:00:30 tt-3250 MF010_1959_EP_SU2011_AD_06 
"<$.>"
	"." Punctuation FS lang:es 00:00:23 00:00:30 tt-3251 MF010_1959_EP_SU2011_AD_06 

"<No>"
	"no" Adverb NEG lang:es 00:00:23 00:00:30 tt-3252 MF010_1959_EP_SU2011_AD_06 
"<...>"
	"..." Punctuation DOTS lang:es 00:00:23 00:00:30 tt-3253 MF010_1959_EP_SU2011_AD_06 
"<él>"
	"él" Pronoun PPX Singular lang:es 00:00:23 00:00:30 tt-3254 MF010_1959_EP_SU2011_AD_06 @Gram:Pron:Sujeto ADD:590 
"<,>"
	"," Punctuation CM lang:es 00:00:23 00:00:30 tt-3255 MF010_1959_EP_SU2011_AD_06 
"<más>"
	"más" Adverb ADV lang:es 00:00:23 00:00:30 tt-3256 MF010_1959_EP_SU2011_AD_06 
"<bien>"
	"bien" Adverb ADV lang:es 00:00:23 00:00:30 tt-3257 MF010_1959_EP_SU2011_AD_06 
"<,>"
	"," Punctuation CM lang:es 00:00:23 00:00:30 tt-3258 MF010_1959_EP_SU2011_AD_06 
"<hablaba>"
	"hablar" Verb VLfin Imp Indi Sing 1st_or_3rd lang:es 00:00:23 00:00:30 tt-3259 MF010_1959_EP_SU2011_AD_06 @Gram:Imperf ADD:645 
"<el>"
	"el" Determiner ART Singular Masc lang:es 00:00:23 00:00:30 tt-3260 MF010_1959_EP_SU2011_AD_06 @Gram:Det:Art ADD:395 
"<inglés>"
	"inglés" Noun NC Plural lang:es 00:00:23 00:00:30 tt-3261 MF010_1959_EP_SU2011_AD_06 
"<y>"
	"y" Conjunction CC lang:es 00:00:23 00:00:30 tt-3262 MF010_1959_EP_SU2011_AD_06 
"<eso>"
	"ese" Determiner DM Singular lang:es 00:00:23 00:00:30 tt-3263 MF010_1959_EP_SU2011_AD_06 
"<era>"
	"ser" Verb VEfin Imp Indi Sing 1st_or_3rd lang:es 00:00:23 00:00:30 tt-3264 MF010_1959_EP_SU2011_AD_06 @Gram:Imperf @Gram:SerEstar:Ser ADD:645 ADD:769 
"<algo>"
	"algo" Determiner QU lang:es 00:00:23 00:00:30 tt-3265 MF010_1959_EP_SU2011_AD_06 
"<chistoso>"
	"chistoso" Adjective ADJ Singular lang:es 00:00:23 00:00:30 tt-3266 MF010_1959_EP_SU2011_AD_06 
"<,>"
	"," Punctuation CM lang:es 00:00:23 00:00:30 tt-3267 MF010_1959_EP_SU2011_AD_06 
"<porque>"
	"porque" Conjunction CSUBX lang:es 00:00:23 00:00:30 tt-3268 MF010_1959_EP_SU2011_AD_06 @Prag:MarcadoresDisc:Causa ADD:1051 
<lang code="en">
"<ah>"
	"UNK" Noun NN lang:en 00:00:32 00:00:38 tt-3269 MF010_1959_EP_SU2011_AD_06 
</lang>
"<...>"
	"..." Punctuation DOTS lang:es 00:00:32 00:00:38 tt-3270 MF010_1959_EP_SU2011_AD_06 
"<con>"
	"con" Preposition PREP lang:es 00:00:32 00:00:38 tt-3271 MF010_1959_EP_SU2011_AD_06 @Gram:Prep ADD:580 
"<el>"
	"el" Determiner ART Singular Masc lang:es 00:00:32 00:00:38 tt-3272 MF010_1959_EP_SU2011_AD_06 @Gram:Det:Art ADD:395 
"<tiempo>"
	"tiempo" Noun NC Singular lang:es 00:00:32 00:00:38 tt-3273 MF010_1959_EP_SU2011_AD_06 
"<,>"
	"," Punctuation CM lang:es 00:00:32 00:00:38 tt-3274 MF010_1959_EP_SU2011_AD_06 
"<él>"
	"él" Pronoun PPX Singular lang:es 00:00:32 00:00:38 tt-3275 MF010_1959_EP_SU2011_AD_06 @Gram:Pron:Sujeto ADD:590 
"<aprendió>"
	"aprender" Verb VLfin Pret Indi Sing 3rd lang:es 00:00:32 00:00:38 tt-3276 MF010_1959_EP_SU2011_AD_06 @Gram:Indefinido ADD:654 
"<a>"
	"a" Preposition PREP lang:es 00:00:32 00:00:38 tt-3277 MF010_1959_EP_SU2011_AD_06 @Gram:Prep ADD:580 
"<hablar>"
	"hablar" Verb VLinf Infinitive lang:es 00:00:32 00:00:38 tt-3278 MF010_1959_EP_SU2011_AD_06 SUBSTITUTE:309 
"<bien>"
	"bien" Adverb ADV lang:es 00:00:32 00:00:38 tt-3279 MF010_1959_EP_SU2011_AD_06 
"<el>"
	"el" Determiner ART Singular Masc lang:es 00:00:32 00:00:38 tt-3280 MF010_1959_EP_SU2011_AD_06 @Gram:Det:Art ADD:395 
"<español>"
	"español" Noun NC Singular lang:es 00:00:32 00:00:38 tt-3281 MF010_1959_EP_SU2011_AD_06 
"<,>"
	"," Punctuation CM lang:es 00:00:32 00:00:38 tt-3282 MF010_1959_EP_SU2011_AD_06 
"<pero>"
	"pero" Conjunction CCAD lang:es 00:00:32 00:00:38 tt-3283 MF010_1959_EP_SU2011_AD_06 @Prag:MarcadoresDisc:Revision ADD:998 
"<yo>"
	"yo" Pronoun PPX Singular lang:es 00:00:32 00:00:38 tt-3284 MF010_1959_EP_SU2011_AD_06 @Gram:Pron:Sujeto ADD:590 
"<nunca>"
	"nunca" Adverb ADV lang:es 00:00:32 00:00:38 tt-3285 MF010_1959_EP_SU2011_AD_06 
"<aprendí>"
	"aprender" Verb VLfin Pret Indi Sing 1st lang:es 00:00:32 00:00:38 tt-3286 MF010_1959_EP_SU2011_AD_06 @Gram:Indefinido ADD:654 
"<a>"
	"a" Preposition PREP lang:es 00:00:32 00:00:38 tt-3287 MF010_1959_EP_SU2011_AD_06 @Gram:Prep ADD:580 
"<hablar>"
	"hablar" Verb VLinf Infinitive lang:es 00:00:38 00:00:45 tt-3288 MF010_1959_EP_SU2011_AD_06 SUBSTITUTE:309 
"<el>"
	"el" Determiner ART Singular Masc lang:es 00:00:38 00:00:45 tt-3289 MF010_1959_EP_SU2011_AD_06 @Gram:Det:Art ADD:395 
"<inglés>"
	"inglés" Noun NC Plural lang:es 00:00:38 00:00:45 tt-3290 MF010_1959_EP_SU2011_AD_06 
"<$.>"
	"." Punctuation FS lang:es 00:00:38 00:00:45 tt-3291 MF010_1959_EP_SU2011_AD_06 

"<Y>"
	"y" Conjunction CC lang:es 00:00:38 00:00:45 tt-3292 MF010_1959_EP_SU2011_AD_06 
"<fue>"
	"ir" Verb VLfin Pret Indi Sing 3rd lang:es 00:00:38 00:00:45 tt-3293 MF010_1959_EP_SU2011_AD_06 @Gram:Indefinido ADD:654 
"<algo>"
	"algo" Determiner QU lang:es 00:00:38 00:00:45 tt-3294 MF010_1959_EP_SU2011_AD_06 
"<muy>"
	"muy" Adverb ADV lang:es 00:00:38 00:00:45 tt-3295 MF010_1959_EP_SU2011_AD_06 
"<...>"
	"..." Punctuation DOTS lang:es 00:00:38 00:00:45 tt-3296 MF010_1959_EP_SU2011_AD_06 
"<era>"
	"ser" Verb VEfin Imp Indi Sing 1st_or_3rd lang:es 00:00:38 00:00:45 tt-3297 MF010_1959_EP_SU2011_AD_06 @Gram:Imperf @Gram:SerEstar:Ser ADD:645 ADD:769 
"<chistoso>"
	"chistoso" Adjective ADJ Singular lang:es 00:00:38 00:00:45 tt-3298 MF010_1959_EP_SU2011_AD_06 
"<,>"
	"," Punctuation CM lang:es 00:00:38 00:00:45 tt-3299 MF010_1959_EP_SU2011_AD_06 
"<porque>"
	"porque" Conjunction CSUBX lang:es 00:00:38 00:00:45 tt-3300 MF010_1959_EP_SU2011_AD_06 @Prag:MarcadoresDisc:Causa ADD:1051 
"<en>"
	"en" Preposition PREP lang:es 00:00:38 00:00:45 tt-3301 MF010_1959_EP_SU2011_AD_06 @Gram:Prep ADD:580 
"<lugar>"
	"lugar" Preposition PREP lang:es 00:00:38 00:00:45 tt-3302 MF010_1959_EP_SU2011_AD_06 @Gram:Prep ADD:580 
"<de>"
	"de" Preposition PREP lang:es 00:00:38 00:00:45 tt-3303 MF010_1959_EP_SU2011_AD_06 @Gram:Prep ADD:580 
"<él>"
	"él" Pronoun PPX Singular lang:es 00:00:38 00:00:45 tt-3304 MF010_1959_EP_SU2011_AD_06 @Gram:Pron:Sujeto ADD:590 
"<enseñarme>"
	"enseñar" Verb VLinf Pres Subj Sing 1st_or_3rd lang:es 00:00:38 00:00:45 tt-3305 MF010_1959_EP_SU2011_AD_06 @Gram:MSub:Pres ADD:738 
"<a>"
	"a" Preposition PREP lang:es 00:00:38 00:00:45 tt-3306 MF010_1959_EP_SU2011_AD_06 @Gram:Prep ADD:580 
"<hablar>"
	"hablar" Verb VLinf Infinitive lang:es 00:00:38 00:00:45 tt-3307 MF010_1959_EP_SU2011_AD_06 SUBSTITUTE:309 
"<el>"
	"el" Determiner ART Singular Masc lang:es 00:00:46 00:00:53 tt-3308 MF010_1959_EP_SU2011_AD_06 @Gram:Det:Art ID:100 R:Gram:Genero:ExcepMasc:101 ADD:395 ADDRELATION(Gram:Genero:ExcepMasc):478 
"<idioma>"
	"idioma" Noun NC Singular lang:es 00:00:46 00:00:53 tt-3309 MF010_1959_EP_SU2011_AD_06 ID:101 
"<,>"
	"," Punctuation CM lang:es 00:00:46 00:00:53 tt-3310 MF010_1959_EP_SU2011_AD_06 
"<a>"
	"a" Preposition PREP lang:es 00:00:46 00:00:53 tt-3311 MF010_1959_EP_SU2011_AD_06 @Gram:Prep ADD:580 
"<él>"
	"él" Pronoun PPX Singular lang:es 00:00:46 00:00:53 tt-3312 MF010_1959_EP_SU2011_AD_06 @Gram:Pron:Sujeto ADD:590 
"<se>"
	"se" Other SE lang:es 00:00:46 00:00:53 tt-3313 MF010_1959_EP_SU2011_AD_06 @Gram:Pron:Otros ADD:633 
"<le>"
	"él" Pronoun PPC Singular lang:es 00:00:46 00:00:53 tt-3314 MF010_1959_EP_SU2011_AD_06 @Gram:Pron:Objeto ADD:620 
"<hizo>"
	"hacer" Verb VLfin Pres Indi Sing 1st lang:es 00:00:46 00:00:53 tt-3315 MF010_1959_EP_SU2011_AD_06 
"<más>"
	"más" Adverb ADV lang:es 00:00:46 00:00:53 tt-3316 MF010_1959_EP_SU2011_AD_06 
"<cómodo>"
	"cómodo" Adjective ADJ Singular lang:es 00:00:46 00:00:53 tt-3317 MF010_1959_EP_SU2011_AD_06 
"<aprender>"
	"aprender" Verb VLinf Infinitive lang:es 00:00:46 00:00:53 tt-3318 MF010_1959_EP_SU2011_AD_06 SUBSTITUTE:309 
"<el>"
	"el" Determiner ART Singular Masc lang:es 00:00:46 00:00:53 tt-3319 MF010_1959_EP_SU2011_AD_06 @Gram:Det:Art ADD:395 
"<español>"
	"español" Noun NC Singular lang:es 00:00:46 00:00:53 tt-3320 MF010_1959_EP_SU2011_AD_06 
"<,>"
	"," Punctuation CM lang:es 00:00:46 00:00:53 tt-3321 MF010_1959_EP_SU2011_AD_06 
"<y>"
	"y" Conjunction CC lang:es 00:00:46 00:00:53 tt-3322 MF010_1959_EP_SU2011_AD_06 
"<y>"
	"y" Conjunction CC lang:es 00:00:46 00:00:53 tt-3323 MF010_1959_EP_SU2011_AD_06 
"<ypues>"
	"UNK" Noun NC Plural lang:es 00:00:46 00:00:53 tt-3324 MF010_1959_EP_SU2011_AD_06 
"<,>"
	"," Punctuation CM lang:es 00:00:46 00:00:53 tt-3325 MF010_1959_EP_SU2011_AD_06 
"<es>"
	"ser" Verb VSfin Pres Indi Sing 3rd lang:es 00:00:46 00:00:53 tt-3326 MF010_1959_EP_SU2011_AD_06 @Gram:SerEstar:Ser ADD:769 
"<algo>"
	"algo" Determiner QU lang:es 00:00:46 00:00:53 tt-3327 MF010_1959_EP_SU2011_AD_06 
"<que>"
	"que" Conjunction CQUE lang:es 00:00:46 00:00:53 tt-3328 MF010_1959_EP_SU2011_AD_06 
"<yo>"
	"yo" Pronoun PPX Singular lang:es 00:00:46 00:00:53 tt-3329 MF010_1959_EP_SU2011_AD_06 @Gram:Pron:Sujeto ADD:590 
"<le>"
	"él" Pronoun PPC Singular lang:es 00:00:46 00:00:53 tt-3330 MF010_1959_EP_SU2011_AD_06 @Gram:Pron:Objeto ADD:620 
"<digo>"
	"decir" Verb VLfin Pres Indi Sing 1st lang:es 00:00:46 00:00:53 tt-3331 MF010_1959_EP_SU2011_AD_06 
"<a>"
	"a" Preposition PREP lang:es 00:00:53 00:00:59 tt-3332 MF010_1959_EP_SU2011_AD_06 @Gram:Prep ADD:580 
"<él>"
	"él" Pronoun PPX Singular lang:es 00:00:53 00:00:59 tt-3333 MF010_1959_EP_SU2011_AD_06 @Gram:Pron:Sujeto ADD:590 
"<$¿>"
	"¿" Punctuation FS lang:es 00:00:53 00:00:59 tt-3334 MF010_1959_EP_SU2011_AD_06 
"<por>"
	"por" Preposition PREP lang:es 00:00:53 00:00:59 tt-3335 MF010_1959_EP_SU2011_AD_06 @Gram:Prep:Por SUBSTITUTE:251 ADD:574 
"<qué>"
	"qué" Adverb ADV lang:es 00:00:53 00:00:59 tt-3336 MF010_1959_EP_SU2011_AD_06 
"<no>"
	"no" Adverb NEG lang:es 00:00:53 00:00:59 tt-3337 MF010_1959_EP_SU2011_AD_06 
"<me>"
	"yo" Pronoun PPX Singular lang:es 00:00:53 00:00:59 tt-3338 MF010_1959_EP_SU2011_AD_06 @Gram:Pron:Objeto ADD:614 
"<enseñaste>"
	"UNK" Verb VLfin Pret Indi Sing 2nd lang:es 00:00:53 00:00:59 tt-3339 MF010_1959_EP_SU2011_AD_06 @Gram:Indefinido ADD:654 
"<inglés>"
	"inglés" Adjective ADJ Plural lang:es 00:00:53 00:00:59 tt-3340 MF010_1959_EP_SU2011_AD_06 
"<$?>"
	"?" Punctuation FS lang:es 00:00:53 00:00:59 tt-3341 MF010_1959_EP_SU2011_AD_06 

"<Pero>"
	"pero" Conjunction CCAD lang:es 00:00:53 00:00:59 tt-3342 MF010_1959_EP_SU2011_AD_06 @Prag:MarcadoresDisc:Revision ADD:998 
"<yo>"
	"yo" Pronoun PPX Singular lang:es 00:00:53 00:00:59 tt-3343 MF010_1959_EP_SU2011_AD_06 @Gram:Pron:Sujeto ADD:590 
"<sé>"
	"saber|ser" Verb VLfin Pres Indi Sing 1st lang:es 00:00:53 00:00:59 tt-3344 MF010_1959_EP_SU2011_AD_06 
"<que>"
	"que" Conjunction CQUE lang:es 00:00:53 00:00:59 tt-3345 MF010_1959_EP_SU2011_AD_06 
"<es>"
	"ser" Verb VSfin Pres Indi Sing 3rd lang:es 00:00:53 00:00:59 tt-3346 MF010_1959_EP_SU2011_AD_06 @Gram:SerEstar:Ser ADD:769 
"<mi>"
	"mío" Pronoun PPO Singular lang:es 00:00:53 00:00:59 tt-3347 MF010_1959_EP_SU2011_AD_06 
"<culpa>"
	"culpar" Verb VLfin Pres Indi Sing 3rd lang:es 00:00:53 00:00:59 tt-3348 MF010_1959_EP_SU2011_AD_06 
"<,>"
	"," Punctuation CM lang:es 00:00:53 00:00:59 tt-3349 MF010_1959_EP_SU2011_AD_06 
"<porque>"
	"porque" Conjunction CSUBX lang:es 00:00:53 00:00:59 tt-3350 MF010_1959_EP_SU2011_AD_06 @Prag:MarcadoresDisc:Causa ADD:1051 
"<no>"
	"no" Adverb NEG lang:es 00:00:53 00:00:59 tt-3351 MF010_1959_EP_SU2011_AD_06 
"<lo>"
	"él" Pronoun PPC Singular lang:es 00:00:53 00:00:59 tt-3352 MF010_1959_EP_SU2011_AD_06 @Gram:Pron:Objeto ADD:620 
"<aprendí>"
	"aprender" Verb VLfin Pret Indi Sing 1st lang:es 00:00:59 00:01:00 tt-3353 MF010_1959_EP_SU2011_AD_06 @Gram:Indefinido ADD:654 
"<$.>"
	"." Punctuation FS lang:es 00:00:59 00:01:00 tt-3354 MF010_1959_EP_SU2011_AD_06 
</speaker>
</text>

