<text id="MF016_1965_EP_SU2011_AD_10">
<speaker type="subj">
"<$¿>"
	"¿" Punctuation FS lang:es 00:00:00 00:00:07 tt-2981 MF016_1965_EP_SU2011_AD_10 
"<Cómo>"
	"cómo" Adverb ADV lang:es 00:00:00 00:00:07 tt-2982 MF016_1965_EP_SU2011_AD_10 
"<me>"
	"yo" Pronoun PPX Singular lang:es 00:00:00 00:00:07 tt-2983 MF016_1965_EP_SU2011_AD_10 @Gram:Pron:Objeto 
"<sentía>"
	"sentir" Verb VLfin Imp Indi Sing 1st_or_3rd lang:es 00:00:00 00:00:07 tt-2984 MF016_1965_EP_SU2011_AD_10 @Gram:Imperf 
"<respecto>"
	"respecto" Noun NC Singular lang:es 00:00:00 00:00:07 tt-2985 MF016_1965_EP_SU2011_AD_10 
"<al>"
	"al" Preposition PAL lang:es 00:00:00 00:00:07 tt-2986 MF016_1965_EP_SU2011_AD_10 @Gram:Prep 
"<inglés>"
	"inglés" Noun NC Plural lang:es 00:00:00 00:00:07 tt-2987 MF016_1965_EP_SU2011_AD_10 
"<$?>"
	"?" Punctuation FS lang:es 00:00:00 00:00:07 tt-2988 MF016_1965_EP_SU2011_AD_10 
<lang code="en">

"<Ah>"
	"ah" Other UH lang:en 00:00:00 00:00:07 tt-2989 MF016_1965_EP_SU2011_AD_10 
</lang>
"<pues>"
	"pues" Conjunction CSUBF lang:es 00:00:00 00:00:07 tt-2990 MF016_1965_EP_SU2011_AD_10 
"<me>"
	"yo" Pronoun PPX Singular lang:es 00:00:00 00:00:07 tt-2991 MF016_1965_EP_SU2011_AD_10 @Gram:Pron:Objeto 
"<sentía>"
	"sentir" Verb VLfin Imp Indi Sing 1st_or_3rd lang:es 00:00:00 00:00:07 tt-2992 MF016_1965_EP_SU2011_AD_10 @Gram:Imperf 
"<chiquita>"
	"chico" Adjective ADJ Singular lang:es 00:00:00 00:00:07 tt-2993 MF016_1965_EP_SU2011_AD_10 
"<,>"
	"," Punctuation CM lang:es 00:00:00 00:00:07 tt-2994 MF016_1965_EP_SU2011_AD_10 
"<chiquita>"
	"chico" Adjective ADJ Singular lang:es 00:00:00 00:00:07 tt-2995 MF016_1965_EP_SU2011_AD_10 
"<,>"
	"," Punctuation CM lang:es 00:00:00 00:00:07 tt-2996 MF016_1965_EP_SU2011_AD_10 
"<porque>"
	"porque" Conjunction CSUBX lang:es 00:00:00 00:00:07 tt-2997 MF016_1965_EP_SU2011_AD_10 @Prag:MarcadoresDisc:Causa 
"<me>"
	"yo" Pronoun PPX Singular lang:es 00:00:08 00:00:15 tt-2998 MF016_1965_EP_SU2011_AD_10 @Gram:Pron:Objeto 
"<sentía>"
	"sentir" Verb VLfin Imp Indi Sing 1st_or_3rd lang:es 00:00:08 00:00:15 tt-2999 MF016_1965_EP_SU2011_AD_10 @Gram:Imperf 
"<en>"
	"en" Preposition PREP lang:es 00:00:08 00:00:15 tt-3000 MF016_1965_EP_SU2011_AD_10 @Gram:Prep 
"<un>"
	"un" Determiner ART Singular lang:es 00:00:08 00:00:15 tt-3001 MF016_1965_EP_SU2011_AD_10 
"<país>"
	"país" Noun NC Plural lang:es 00:00:08 00:00:15 tt-3002 MF016_1965_EP_SU2011_AD_10 
"<diferente>"
	"diferente" Adjective ADJ Singular lang:es 00:00:08 00:00:15 tt-3003 MF016_1965_EP_SU2011_AD_10 
"<al>"
	"al" Conjunction CSUBI lang:es 00:00:08 00:00:15 tt-3004 MF016_1965_EP_SU2011_AD_10 
"<mío>"
	"mío" Pronoun PPO Singular lang:es 00:00:08 00:00:15 tt-3005 MF016_1965_EP_SU2011_AD_10 
"<,>"
	"," Punctuation CM lang:es 00:00:08 00:00:15 tt-3006 MF016_1965_EP_SU2011_AD_10 
"<que>"
	"que" Conjunction CQUE lang:es 00:00:08 00:00:15 tt-3007 MF016_1965_EP_SU2011_AD_10 
"<me>"
	"yo" Pronoun PPX Singular lang:es 00:00:08 00:00:15 tt-3008 MF016_1965_EP_SU2011_AD_10 @Gram:Pron:Objeto 
"<sentía>"
	"sentir" Verb VLfin Imp Indi Sing 1st_or_3rd lang:es 00:00:08 00:00:15 tt-3009 MF016_1965_EP_SU2011_AD_10 @Gram:Imperf 
"<cohibida>"
	"UNK" Verb VLadj lang:es 00:00:08 00:00:15 tt-3010 MF016_1965_EP_SU2011_AD_10 
<lang code="en">
"<ah>"
	"UNK" Noun NN lang:en 00:00:08 00:00:15 tt-3011 MF016_1965_EP_SU2011_AD_10 
</lang>
"<...>"
	"..." Punctuation DOTS lang:es 00:00:08 00:00:15 tt-3012 MF016_1965_EP_SU2011_AD_10 
"<decía>"
	"decir" Verb VLfin Imp Indi Sing 1st_or_3rd lang:es 00:00:08 00:00:15 tt-3013 MF016_1965_EP_SU2011_AD_10 @Gram:Imperf 
"<pues>"
	"pues" Conjunction CSUBF lang:es 00:00:08 00:00:15 tt-3014 MF016_1965_EP_SU2011_AD_10 
"<$¿>"
	"¿" Punctuation FS lang:es 00:00:08 00:00:15 tt-3015 MF016_1965_EP_SU2011_AD_10 
"<qué>"
	"qué" Pronoun INT Singular lang:es 00:00:08 00:00:15 tt-3016 MF016_1965_EP_SU2011_AD_10 
"<voy>"
	"ir" Verb VLfin Pres Indi Sing 1st lang:es 00:00:15 00:00:22 tt-3017 MF016_1965_EP_SU2011_AD_10 ID:37 R:Gram:VFut:Perifrasis:39 
"<a>"
	"a" Preposition PREP lang:es 00:00:15 00:00:22 tt-3018 MF016_1965_EP_SU2011_AD_10 @Gram:Prep 
"<hacer>"
	"hacer" Verb VLinf Infinitive lang:es 00:00:15 00:00:22 tt-3019 MF016_1965_EP_SU2011_AD_10 ID:39 
"<aquí>"
	"aquí" Adverb ADV lang:es 00:00:15 00:00:22 tt-3020 MF016_1965_EP_SU2011_AD_10 
"<$?>"
	"?" Punctuation FS lang:es 00:00:15 00:00:22 tt-3021 MF016_1965_EP_SU2011_AD_10 

"<No>"
	"no" Adverb NEG lang:es 00:00:15 00:00:22 tt-3022 MF016_1965_EP_SU2011_AD_10 
"<,>"
	"," Punctuation CM lang:es 00:00:15 00:00:22 tt-3023 MF016_1965_EP_SU2011_AD_10 
"<no>"
	"no" Adverb NEG lang:es 00:00:15 00:00:22 tt-3024 MF016_1965_EP_SU2011_AD_10 
"<sé>"
	"saber|ser" Verb VLfin Pres Indi Sing 1st lang:es 00:00:15 00:00:22 tt-3025 MF016_1965_EP_SU2011_AD_10 
"<qué>"
	"qué" Pronoun INT Singular lang:es 00:00:15 00:00:22 tt-3026 MF016_1965_EP_SU2011_AD_10 
"<voy>"
	"ir" Verb VLfin Pres Indi Sing 1st lang:es 00:00:15 00:00:22 tt-3027 MF016_1965_EP_SU2011_AD_10 ID:47 R:Gram:VFut:Perifrasis:49 
"<a>"
	"a" Preposition PREP lang:es 00:00:15 00:00:22 tt-3028 MF016_1965_EP_SU2011_AD_10 @Gram:Prep 
"<hablar>"
	"hablar" Verb VLinf Infinitive lang:es 00:00:15 00:00:22 tt-3029 MF016_1965_EP_SU2011_AD_10 ID:49 
"<,>"
	"," Punctuation CM lang:es 00:00:15 00:00:22 tt-3030 MF016_1965_EP_SU2011_AD_10 
"<no>"
	"no" Adverb NEG lang:es 00:00:15 00:00:22 tt-3031 MF016_1965_EP_SU2011_AD_10 
"<sé>"
	"saber|ser" Verb VLfin Pres Indi Sing 1st lang:es 00:00:15 00:00:22 tt-3032 MF016_1965_EP_SU2011_AD_10 
"<,>"
	"," Punctuation CM lang:es 00:00:15 00:00:22 tt-3033 MF016_1965_EP_SU2011_AD_10 
"<no>"
	"no" Adverb NEG lang:es 00:00:15 00:00:22 tt-3034 MF016_1965_EP_SU2011_AD_10 
"<sé>"
	"saber|ser" Verb VLfin Pres Indi Sing 1st lang:es 00:00:15 00:00:22 tt-3035 MF016_1965_EP_SU2011_AD_10 
"<si>"
	"si" Conjunction CSUBX lang:es 00:00:15 00:00:22 tt-3036 MF016_1965_EP_SU2011_AD_10 
"<me>"
	"yo" Pronoun PPX Singular lang:es 00:00:15 00:00:22 tt-3037 MF016_1965_EP_SU2011_AD_10 @Gram:Pron:Objeto 
"<van>"
	"ir" Verb VLfin Pres Indi Plural 3rd lang:es 00:00:15 00:00:22 tt-3038 MF016_1965_EP_SU2011_AD_10 ID:58 R:Gram:VFut:Perifrasis:60 
"<a>"
	"a" Preposition PREP lang:es 00:00:15 00:00:22 tt-3039 MF016_1965_EP_SU2011_AD_10 @Gram:Prep 
"<entender>"
	"entender" Verb VLinf Infinitive lang:es 00:00:15 00:00:22 tt-3040 MF016_1965_EP_SU2011_AD_10 ID:60 
"<o>"
	"o" Conjunciton CC lang:es 00:00:15 00:00:22 tt-3041 MF016_1965_EP_SU2011_AD_10 
"<...>"
	"..." Punctuation DOTS lang:es 00:00:15 00:00:22 tt-3042 MF016_1965_EP_SU2011_AD_10 
"<Pero>"
	"pero" Conjunction CCAD lang:es 00:00:15 00:00:22 tt-3043 MF016_1965_EP_SU2011_AD_10 @Prag:MarcadoresDisc:Revision 
"<pues>"
	"pues" Conjunction CSUBF lang:es 00:00:22 00:00:27 tt-3044 MF016_1965_EP_SU2011_AD_10 
"<después>"
	"después" Adverb ADV lang:es 00:00:22 00:00:27 tt-3045 MF016_1965_EP_SU2011_AD_10 
"<con>"
	"con" Preposition PREP lang:es 00:00:22 00:00:27 tt-3046 MF016_1965_EP_SU2011_AD_10 @Gram:Prep 
"<el>"
	"el" Determiner ART Singular Masc lang:es 00:00:22 00:00:27 tt-3047 MF016_1965_EP_SU2011_AD_10 @Gram:Det:Art 
"<tiempo>"
	"tiempo" Noun NC Singular lang:es 00:00:22 00:00:27 tt-3048 MF016_1965_EP_SU2011_AD_10 
"<se>"
	"se" Other SE lang:es 00:00:22 00:00:27 tt-3049 MF016_1965_EP_SU2011_AD_10 
"<va>"
	"ir" Verb VLfin Pres Indi Sing 3rd lang:es 00:00:22 00:00:27 tt-3050 MF016_1965_EP_SU2011_AD_10 
"<...>"
	"..." Punctuation DOTS lang:es 00:00:22 00:00:27 tt-3051 MF016_1965_EP_SU2011_AD_10 
"<se>"
	"se" Other SE lang:es 00:00:22 00:00:27 tt-3052 MF016_1965_EP_SU2011_AD_10 
"<va>"
	"ir" Verb VLfin Pres Indi Sing 3rd lang:es 00:00:22 00:00:27 tt-3053 MF016_1965_EP_SU2011_AD_10 
"<acostumbrando>"
	"acostumbrar" Verb VLger lang:es 00:00:22 00:00:27 tt-3054 MF016_1965_EP_SU2011_AD_10 
"<uno>"
	"uno" Determiner CARD Singular lang:es 00:00:22 00:00:27 tt-3055 MF016_1965_EP_SU2011_AD_10 
"<$.>"
	"." Punctuation FS lang:es 00:00:22 00:00:27 tt-3056 MF016_1965_EP_SU2011_AD_10 
</speaker>
<speaker type="int">

"<$¿>"
	"¿" Punctuation FS lang:es 00:00:27 00:00:34 tt-3057 MF016_1965_EP_SU2011_AD_10 
"<Crees>"
	"crear|creer" Verb VLfin Pres Indi Sing 2nd lang:es 00:00:27 00:00:34 tt-3058 MF016_1965_EP_SU2011_AD_10 
"<que>"
	"que" Conjunction CQUE lang:es 00:00:27 00:00:34 tt-3059 MF016_1965_EP_SU2011_AD_10 
"<porque>"
	"porque" Conjunction CSUBX lang:es 00:00:27 00:00:34 tt-3060 MF016_1965_EP_SU2011_AD_10 @Prag:MarcadoresDisc:Causa 
"<estamos>"
	"estar" Verb VEfin Pres Indi Plural 1st lang:es 00:00:27 00:00:34 tt-3061 MF016_1965_EP_SU2011_AD_10 @Gram:SerEstar:Estar 
"<en>"
	"en" Preposition PREP lang:es 00:00:27 00:00:34 tt-3062 MF016_1965_EP_SU2011_AD_10 @Gram:Prep 
"<El>"
	"el" Determiner ART Singular Masc lang:es 00:00:27 00:00:34 tt-3063 MF016_1965_EP_SU2011_AD_10 @Gram:Det:Art ID:83 R:Vocab:Entities:Geo:84 
"<Paso>"
	"paso" Noun NC Singular lang:es 00:00:27 00:00:34 tt-3064 MF016_1965_EP_SU2011_AD_10 ID:84 
"<este>"
	"este" Noun NC Singular lang:es 00:00:27 00:00:34 tt-3065 MF016_1965_EP_SU2011_AD_10 
"<...>"
	"..." Punctuation DOTS lang:es 00:00:27 00:00:34 tt-3066 MF016_1965_EP_SU2011_AD_10 
"<es>"
	"ser" Verb VSfin Pres Indi Sing 3rd lang:es 00:00:27 00:00:34 tt-3067 MF016_1965_EP_SU2011_AD_10 @Gram:SerEstar:Ser 
"<más>"
	"más" Adverb ADV lang:es 00:00:27 00:00:34 tt-3068 MF016_1965_EP_SU2011_AD_10 
"<fácil>"
	"fácil" Adjective ADJ Singular lang:es 00:00:27 00:00:34 tt-3069 MF016_1965_EP_SU2011_AD_10 
"<para>"
	"para" Preposition PREP lang:es 00:00:27 00:00:34 tt-3070 MF016_1965_EP_SU2011_AD_10 @Gram:Prep:Para 
"<las>"
	"el" Determiner ART Plural Fem lang:es 00:00:27 00:00:34 tt-3071 MF016_1965_EP_SU2011_AD_10 @Gram:Det:Art 
"<personas>"
	"persona" Noun NC Plural lang:es 00:00:27 00:00:34 tt-3072 MF016_1965_EP_SU2011_AD_10 
"<que>"
	"que" Conjunction CQUE lang:es 00:00:27 00:00:34 tt-3073 MF016_1965_EP_SU2011_AD_10 
"<hablan>"
	"hablar" Verb VLfin Pres Indi Plural 3rd lang:es 00:00:36 00:00:37 tt-3074 MF016_1965_EP_SU2011_AD_10 
"<...>"
	"..." Punctuation DOTS lang:es 00:00:36 00:00:37 tt-3075 MF016_1965_EP_SU2011_AD_10 
"<que>"
	"que" Conjunction CQUE lang:es 00:00:36 00:00:37 tt-3076 MF016_1965_EP_SU2011_AD_10 
"<no>"
	"no" Adverb NEG lang:es 00:00:36 00:00:37 tt-3077 MF016_1965_EP_SU2011_AD_10 
"<hablan>"
	"hablar" Verb VLfin Pres Indi Plural 3rd lang:es 00:00:36 00:00:37 tt-3078 MF016_1965_EP_SU2011_AD_10 
"<el>"
	"el" Determiner ART Singular Masc lang:es 00:00:36 00:00:37 tt-3079 MF016_1965_EP_SU2011_AD_10 @Gram:Det:Art 
"<inglés>"
	"inglés" Noun NC Plural lang:es 00:00:36 00:00:37 tt-3080 MF016_1965_EP_SU2011_AD_10 
"<$?>"
	"?" Punctuation FS lang:es 00:00:36 00:00:37 tt-3081 MF016_1965_EP_SU2011_AD_10 
</speaker>
<speaker type="subj">

"<Sí>"
	"sí" Adverb ADV lang:es 00:00:37 00:00:44 tt-3082 MF016_1965_EP_SU2011_AD_10 
"<porque>"
	"porque" Conjunction CSUBX lang:es 00:00:37 00:00:44 tt-3083 MF016_1965_EP_SU2011_AD_10 @Prag:MarcadoresDisc:Causa 
"<en>"
	"en" Preposition PREP lang:es 00:00:37 00:00:44 tt-3084 MF016_1965_EP_SU2011_AD_10 @Gram:Prep 
"<otro>"
	"otro" Determiner QU lang:es 00:00:37 00:00:44 tt-3085 MF016_1965_EP_SU2011_AD_10 
"<lado>"
	"lado" Noun NC Singular lang:es 00:00:37 00:00:44 tt-3086 MF016_1965_EP_SU2011_AD_10 
"<es>"
	"ser" Verb VSfin Pres Indi Sing 3rd lang:es 00:00:37 00:00:44 tt-3087 MF016_1965_EP_SU2011_AD_10 @Gram:SerEstar:Ser 
"<...>"
	"..." Punctuation DOTS lang:es 00:00:37 00:00:44 tt-3088 MF016_1965_EP_SU2011_AD_10 
"<exigen>"
	"exigir" Verb VLfin Pres Indi Plural 3rd lang:es 00:00:37 00:00:44 tt-3089 MF016_1965_EP_SU2011_AD_10 
"<un>"
	"un" Determiner ART Singular lang:es 00:00:37 00:00:44 tt-3090 MF016_1965_EP_SU2011_AD_10 ID:110 R:Vocab:Fraseol:LocAdv:112 
"<poco>"
	"poco" Adverb ADV lang:es 00:00:37 00:00:44 tt-3091 MF016_1965_EP_SU2011_AD_10 
"<más>"
	"más" Adverb ADV lang:es 00:00:37 00:00:44 tt-3092 MF016_1965_EP_SU2011_AD_10 ID:112 
"<...>"
	"..." Punctuation DOTS lang:es 00:00:37 00:00:44 tt-3093 MF016_1965_EP_SU2011_AD_10 
"<más>"
	"más" Adverb ADV lang:es 00:00:37 00:00:44 tt-3094 MF016_1965_EP_SU2011_AD_10 
"<el>"
	"el" Determiner ART Singular Masc lang:es 00:00:37 00:00:44 tt-3095 MF016_1965_EP_SU2011_AD_10 @Gram:Det:Art 
"<inglés>"
	"inglés" Noun NC Plural lang:es 00:00:37 00:00:44 tt-3096 MF016_1965_EP_SU2011_AD_10 
"<y>"
	"y" Conjunciton Conjunction CC lang:es 00:00:37 00:00:44 tt-3097 MF016_1965_EP_SU2011_AD_10 
"<aquí>"
	"aquí" Adverb ADV lang:es 00:00:37 00:00:44 tt-3098 MF016_1965_EP_SU2011_AD_10 
"<sinceramente>"
	"sincero" Adverb ADV lang:es 00:00:37 00:00:44 tt-3099 MF016_1965_EP_SU2011_AD_10 
<lang code="en">
"<ah>"
	"UNK" Noun NN lang:en 00:00:45 00:00:52 tt-3100 MF016_1965_EP_SU2011_AD_10 
</lang>
"<...>"
	"..." Punctuation DOTS lang:es 00:00:45 00:00:52 tt-3101 MF016_1965_EP_SU2011_AD_10 
"<vemos>"
	"ver" Verb VLfin Pres Indi Plural 1st lang:es 00:00:45 00:00:52 tt-3102 MF016_1965_EP_SU2011_AD_10 
"<más>"
	"más" Adverb ADV lang:es 00:00:45 00:00:52 tt-3103 MF016_1965_EP_SU2011_AD_10 
"<personas>"
	"persona" Noun NC Plural lang:es 00:00:45 00:00:52 tt-3104 MF016_1965_EP_SU2011_AD_10 
"<hispanas>"
	"hispano" Adjective ADJ Plural lang:es 00:00:45 00:00:52 tt-3105 MF016_1965_EP_SU2011_AD_10 
"<que>"
	"que" Conjunction CQUE lang:es 00:00:45 00:00:52 tt-3106 MF016_1965_EP_SU2011_AD_10 
"<,>"
	"," Punctuation CM lang:es 00:00:45 00:00:52 tt-3107 MF016_1965_EP_SU2011_AD_10 
"<que>"
	"que" Conjunction CQUE lang:es 00:00:45 00:00:52 tt-3108 MF016_1965_EP_SU2011_AD_10 
"<hablan>"
	"hablar" Verb VLfin Pres Indi Plural 3rd lang:es 00:00:45 00:00:52 tt-3109 MF016_1965_EP_SU2011_AD_10 
"<pues>"
	"pues" Conjunction CSUBF lang:es 00:00:45 00:00:52 tt-3110 MF016_1965_EP_SU2011_AD_10 
"<,>"
	"," Punctuation CM lang:es 00:00:45 00:00:52 tt-3111 MF016_1965_EP_SU2011_AD_10 
"<hablan>"
	"hablar" Verb VLfin Pres Indi Plural 3rd lang:es 00:00:45 00:00:52 tt-3112 MF016_1965_EP_SU2011_AD_10 
"<los>"
	"el" Determiner ART Plural Masc lang:es 00:00:45 00:00:52 tt-3113 MF016_1965_EP_SU2011_AD_10 @Gram:Det:Art 
"<dos>"
	"dos" Determiner CARD Plural lang:es 00:00:45 00:00:52 tt-3114 MF016_1965_EP_SU2011_AD_10 
"<idiomas>"
	"idioma" Noun NC Plural lang:es 00:00:45 00:00:52 tt-3115 MF016_1965_EP_SU2011_AD_10 
"<,>"
	"," Punctuation CM lang:es 00:00:45 00:00:52 tt-3116 MF016_1965_EP_SU2011_AD_10 
"<$¿>"
	"¿" Punctuation FS lang:es 00:00:45 00:00:52 tt-3117 MF016_1965_EP_SU2011_AD_10 
"<verdad>"
	"verdad" Noun NC Singular lang:es 00:00:45 00:00:52 tt-3118 MF016_1965_EP_SU2011_AD_10 
"<$?>"
	"?" Punctuation FS lang:es 00:00:45 00:00:52 tt-3119 MF016_1965_EP_SU2011_AD_10 

"<Pero>"
	"pero" Conjunction CCAD lang:es 00:00:55 00:01:02 tt-3120 MF016_1965_EP_SU2011_AD_10 @Prag:MarcadoresDisc:Revision 
"<hay>"
	"haber" Verb VHfin Pres Indi Sing 3rd lang:es 00:00:55 00:01:02 tt-3121 MF016_1965_EP_SU2011_AD_10 @Gram:Haber:Exist 
"<veces>"
	"vez" Noun NC Plural lang:es 00:00:55 00:01:02 tt-3122 MF016_1965_EP_SU2011_AD_10 
"<que>"
	"que" Conjunction CQUE lang:es 00:00:55 00:01:02 tt-3123 MF016_1965_EP_SU2011_AD_10 
"<ellos>"
	"él" Pronoun PPX Plural lang:es 00:00:55 00:01:02 tt-3124 MF016_1965_EP_SU2011_AD_10 @Gram:Pron:Sujeto 
"<nos>"
	"nosotros" Pronoun PPX Plural lang:es 00:00:55 00:01:02 tt-3125 MF016_1965_EP_SU2011_AD_10 @Gram:Pron:Objeto 
"<atienden>"
	"atender" Verb VLfin Pres Indi Plural 3rd lang:es 00:00:55 00:01:02 tt-3126 MF016_1965_EP_SU2011_AD_10 
"<mejor>"
	"bueno" Adjective ADJ Singular lang:es 00:00:55 00:01:02 tt-3127 MF016_1965_EP_SU2011_AD_10 
"<al>"
	"al" Conjunction CSUBI lang:es 00:00:55 00:01:02 tt-3128 MF016_1965_EP_SU2011_AD_10 
"<hablar>"
	"hablar" Verb VLinf Infinitive lang:es 00:00:55 00:01:02 tt-3129 MF016_1965_EP_SU2011_AD_10 
"<el>"
	"el" Determiner ART Singular Masc lang:es 00:00:55 00:01:02 tt-3130 MF016_1965_EP_SU2011_AD_10 @Gram:Det:Art 
"<español>"
	"español" Noun NC Singular lang:es 00:00:55 00:01:02 tt-3131 MF016_1965_EP_SU2011_AD_10 
"<,>"
	"," Punctuation CM lang:es 00:00:55 00:01:02 tt-3132 MF016_1965_EP_SU2011_AD_10 
"<como>"
	"como" Conjunction CSUBX lang:es 00:00:55 00:01:02 tt-3133 MF016_1965_EP_SU2011_AD_10 
"<tratan>"
	"tratar" Verb VLfin Pres Indi Plural 3rd lang:es 00:00:55 00:01:02 tt-3134 MF016_1965_EP_SU2011_AD_10 
"<de>"
	"de" Preposition PREP lang:es 00:00:55 00:01:02 tt-3135 MF016_1965_EP_SU2011_AD_10 @Gram:Prep 
"<ayudarnos>"
	"ayudar" Verb VLinf Infinitive lang:es 00:00:55 00:01:02 tt-3136 MF016_1965_EP_SU2011_AD_10 
"<,>"
	"," Punctuation CM lang:es 00:00:55 00:01:02 tt-3137 MF016_1965_EP_SU2011_AD_10 
"<porque>"
	"porque" Conjunction CSUBX lang:es 00:01:03 00:01:08 tt-3138 MF016_1965_EP_SU2011_AD_10 @Prag:MarcadoresDisc:Causa 
"<en>"
	"en" Preposition PREP lang:es 00:01:03 00:01:08 tt-3139 MF016_1965_EP_SU2011_AD_10 @Gram:Prep 
"<otros>"
	"otro" Determiner QU lang:es 00:01:03 00:01:08 tt-3140 MF016_1965_EP_SU2011_AD_10 
"<pa>"
	"papá" Noun NC Singular lang:es 00:01:03 00:01:08 tt-3141 MF016_1965_EP_SU2011_AD_10 
"<...>"
	"..." Punctuation DOTS lang:es 00:01:03 00:01:08 tt-3142 MF016_1965_EP_SU2011_AD_10 
"<en>"
	"en" Preposition PREP lang:es 00:01:03 00:01:08 tt-3143 MF016_1965_EP_SU2011_AD_10 @Gram:Prep 
"<otras>"
	"otro" Determiner QU lang:es 00:01:03 00:01:08 tt-3144 MF016_1965_EP_SU2011_AD_10 
"<ciudades>"
	"ciudad" Noun NC Plural lang:es 00:01:03 00:01:08 tt-3145 MF016_1965_EP_SU2011_AD_10 
"<no>"
	"no" Adverb NEG lang:es 00:01:03 00:01:08 tt-3146 MF016_1965_EP_SU2011_AD_10 
"<,>"
	"," Punctuation CM lang:es 00:01:03 00:01:08 tt-3147 MF016_1965_EP_SU2011_AD_10 
"<en>"
	"en" Preposition PREP lang:es 00:01:03 00:01:08 tt-3148 MF016_1965_EP_SU2011_AD_10 @Gram:Prep 
"<otras>"
	"otro" Determiner QU lang:es 00:01:03 00:01:08 tt-3149 MF016_1965_EP_SU2011_AD_10 
"<ciudades>"
	"ciudad" Noun NC Plural lang:es 00:01:03 00:01:08 tt-3150 MF016_1965_EP_SU2011_AD_10 
"<son>"
	"ser" Verb VSfin Pres Indi Plural 3rd lang:es 00:01:03 00:01:08 tt-3151 MF016_1965_EP_SU2011_AD_10 @Gram:SerEstar:Ser 
"<muy>"
	"muy" Adverb ADV lang:es 00:01:03 00:01:08 tt-3152 MF016_1965_EP_SU2011_AD_10 
"<feas>"
	"feo" Adjective ADJ Plural lang:es 00:01:03 00:01:08 tt-3153 MF016_1965_EP_SU2011_AD_10 
"<porque>"
	"porque" Conjunction CSUBX lang:es 00:01:03 00:01:08 tt-3154 MF016_1965_EP_SU2011_AD_10 @Prag:MarcadoresDisc:Causa 
"<yo>"
	"yo" Pronoun PPX Singular lang:es 00:01:03 00:01:08 tt-3155 MF016_1965_EP_SU2011_AD_10 @Gram:Pron:Sujeto 
"<lo>"
	"él" Pronoun PPC Singular lang:es 00:01:03 00:01:08 tt-3156 MF016_1965_EP_SU2011_AD_10 @Gram:Pron:Objeto 
"<he>"
	"haber" Verb VHfin Pres Indi Sing 1st lang:es 00:01:03 00:01:08 tt-3157 MF016_1965_EP_SU2011_AD_10 @Gram:Haber:Exist 
"<...>"
	"..." Punctuation DOTS lang:es 00:01:03 00:01:08 tt-3158 MF016_1965_EP_SU2011_AD_10 
"<lo>"
	"él" Pronoun PPC Singular lang:es 00:01:03 00:01:08 tt-3159 MF016_1965_EP_SU2011_AD_10 @Gram:Pron:Objeto 
"<hemos>"
	"haber" Verb VHfin Pres Indi Plural 1st lang:es 00:01:08 00:01:15 tt-3160 MF016_1965_EP_SU2011_AD_10 ID:180 R:Gram:Aux:Haber:181 R:Gram:PerfPerif:181 
"<vivido>"
	"vivir" Verb VLadj lang:es 00:01:08 00:01:15 tt-3161 MF016_1965_EP_SU2011_AD_10 ID:181 
"<,>"
	"," Punctuation CM lang:es 00:01:08 00:01:15 tt-3162 MF016_1965_EP_SU2011_AD_10 
"<mi>"
	"mío" Pronoun PPO Singular lang:es 00:01:08 00:01:15 tt-3163 MF016_1965_EP_SU2011_AD_10 @Gram:Det:Pos 
"<esposo>"
	"esposo" Noun NC Singular lang:es 00:01:08 00:01:15 tt-3164 MF016_1965_EP_SU2011_AD_10 
"<y>"
	"y" Conjunciton Conjunction CC lang:es 00:01:08 00:01:15 tt-3165 MF016_1965_EP_SU2011_AD_10 
"<yo>"
	"yo" Pronoun PPX Singular lang:es 00:01:08 00:01:15 tt-3166 MF016_1965_EP_SU2011_AD_10 @Gram:Pron:Sujeto 
"<que>"
	"que" Conjunction CQUE lang:es 00:01:08 00:01:15 tt-3167 MF016_1965_EP_SU2011_AD_10 
"<hablas>"
	"hablar" Verb VLfin Pres Indi Sing 2nd lang:es 00:01:08 00:01:15 tt-3168 MF016_1965_EP_SU2011_AD_10 
"<$¡>"
	"¡" Punctuation FS lang:es 00:01:08 00:01:15 tt-3169 MF016_1965_EP_SU2011_AD_10 
"<oiga>"
	"oír" Verb VLfin Pres Indi_Command Sing 2nd_3rd Indi 3rd lang:es 00:01:08 00:01:15 tt-3170 MF016_1965_EP_SU2011_AD_10 
"<$!>"
	"!" Punctuation FS lang:es 00:01:08 00:01:15 tt-3171 MF016_1965_EP_SU2011_AD_10 

"<Disculpe>"
	"disculpar" Verb VLfin Pres Subj Sing 1st_or_3rd lang:es 00:01:08 00:01:15 tt-3172 MF016_1965_EP_SU2011_AD_10 @Gram:MSub:Pres 
"<$¿>"
	"¿" Punctuation FS lang:es 00:01:08 00:01:15 tt-3173 MF016_1965_EP_SU2011_AD_10 
"<usted>"
	"usted" Pronoun PPX Singular lang:es 00:01:08 00:01:15 tt-3174 MF016_1965_EP_SU2011_AD_10 @Gram:Pron:Sujeto 
"<habla>"
	"hablar" Verb VLfin Pres Indi Sing 3rd lang:es 00:01:08 00:01:15 tt-3175 MF016_1965_EP_SU2011_AD_10 
"<español>"
	"español" Adjective ADJ Singular lang:es 00:01:08 00:01:15 tt-3176 MF016_1965_EP_SU2011_AD_10 
"<$?>"
	"?" Punctuation FS lang:es 00:01:08 00:01:15 tt-3177 MF016_1965_EP_SU2011_AD_10 

"<Se>"
	"se" Other SE lang:es 00:01:08 00:01:15 tt-3178 MF016_1965_EP_SU2011_AD_10 
"<enojan>"
	"UNK" Verb VLfin Pres Indi Plural 3rd lang:es 00:01:08 00:01:15 tt-3179 MF016_1965_EP_SU2011_AD_10 
"<,>"
	"," Punctuation CM lang:es 00:01:08 00:01:15 tt-3180 MF016_1965_EP_SU2011_AD_10 
"<se>"
	"se" Other SE lang:es 00:01:15 00:01:22 tt-3181 MF016_1965_EP_SU2011_AD_10 
"<molestan>"
	"molestar" Verb VLfin Pres Indi Plural 3rd lang:es 00:01:15 00:01:22 tt-3182 MF016_1965_EP_SU2011_AD_10 
"<y>"
	"y" Conjunciton Conjunction CC lang:es 00:01:15 00:01:22 tt-3183 MF016_1965_EP_SU2011_AD_10 
"<se>"
	"se" Other SE lang:es 00:01:15 00:01:22 tt-3184 MF016_1965_EP_SU2011_AD_10 
"<van>"
	"ir" Verb VLfin Pres Indi Plural 3rd lang:es 00:01:15 00:01:22 tt-3185 MF016_1965_EP_SU2011_AD_10 
"<$.>"
	"." Punctuation FS lang:es 00:01:15 00:01:22 tt-3186 MF016_1965_EP_SU2011_AD_10 

"<En>"
	"en" Adverb ADV lang:es 00:01:15 00:01:22 tt-3187 MF016_1965_EP_SU2011_AD_10 
"<cambio>"
	"cambio" Adverb ADV lang:es 00:01:15 00:01:22 tt-3188 MF016_1965_EP_SU2011_AD_10 
"<aquí>"
	"aquí" Adverb ADV lang:es 00:01:15 00:01:22 tt-3189 MF016_1965_EP_SU2011_AD_10 
"<en>"
	"en" Preposition PREP lang:es 00:01:15 00:01:22 tt-3190 MF016_1965_EP_SU2011_AD_10 @Gram:Prep 
"<El>"
	"el" Determiner ART Singular Masc lang:es 00:01:15 00:01:22 tt-3191 MF016_1965_EP_SU2011_AD_10 @Gram:Det:Art ID:211 R:Vocab:Entities:Geo:212 
"<Paso>"
	"paso" Noun NC Singular lang:es 00:01:15 00:01:22 tt-3192 MF016_1965_EP_SU2011_AD_10 ID:212 
"<no>"
	"no" Adverb NEG lang:es 00:01:15 00:01:22 tt-3193 MF016_1965_EP_SU2011_AD_10 
"<,>"
	"," Punctuation CM lang:es 00:01:15 00:01:22 tt-3194 MF016_1965_EP_SU2011_AD_10 
"<en>"
	"en" Preposition PREP lang:es 00:01:15 00:01:22 tt-3195 MF016_1965_EP_SU2011_AD_10 @Gram:Prep 
"<El>"
	"el" Determiner ART Singular Masc lang:es 00:01:15 00:01:22 tt-3196 MF016_1965_EP_SU2011_AD_10 @Gram:Det:Art ID:216 R:Vocab:Entities:Geo:217 
"<Paso>"
	"paso" Noun NC Singular lang:es 00:01:15 00:01:22 tt-3197 MF016_1965_EP_SU2011_AD_10 ID:217 
"<sí>"
	"sí" Adverb ADV lang:es 00:01:15 00:01:22 tt-3198 MF016_1965_EP_SU2011_AD_10 
"<hay>"
	"haber" Verb VHfin Pres Indi Sing 3rd lang:es 00:01:15 00:01:22 tt-3199 MF016_1965_EP_SU2011_AD_10 @Gram:Haber:Exist 
"<mucha>"
	"mucho" Adjective ADJ Singular lang:es 00:01:15 00:01:22 tt-3200 MF016_1965_EP_SU2011_AD_10 
"<gente>"
	"gente" Noun NC Singular lang:es 00:01:15 00:01:22 tt-3201 MF016_1965_EP_SU2011_AD_10 
"<que>"
	"que" Conjunction CQUE lang:es 00:01:15 00:01:22 tt-3202 MF016_1965_EP_SU2011_AD_10 
"<...>"
	"..." Punctuation DOTS lang:es 00:01:15 00:01:22 tt-3203 MF016_1965_EP_SU2011_AD_10 
</speaker>
<speaker type="int">
"<Hispanohablante>"
	"UNK" Noun NC Singular lang:es 00:01:22 00:01:25 tt-3204 MF016_1965_EP_SU2011_AD_10 
"<$.>"
	"." Punctuation FS lang:es 00:01:22 00:01:25 tt-3205 MF016_1965_EP_SU2011_AD_10 
</speaker>
<speaker type="subj">

"<Eso>"
	"ese" Determiner DM Singular lang:es 00:01:25 00:01:32 tt-3206 MF016_1965_EP_SU2011_AD_10 
"<hispana>"
	"hispano" Noun NC Singular lang:es 00:01:25 00:01:32 tt-3207 MF016_1965_EP_SU2011_AD_10 
"<,>"
	"," Punctuation CM lang:es 00:01:25 00:01:32 tt-3208 MF016_1965_EP_SU2011_AD_10 
"<aha>"
	"aha" Noun NP Singular lang:es 00:01:25 00:01:32 tt-3209 MF016_1965_EP_SU2011_AD_10 
"<$.>"
	"." Punctuation FS lang:es 00:01:25 00:01:32 tt-3210 MF016_1965_EP_SU2011_AD_10 
</speaker>
</text>

