<text id="MF010_1959_EP_SU2011_AD_01">
<speaker type="subj">
"<Mmm>"
	"mmm" Noun NP Singular lang:es 00:00:00 00:00:07 tt-59 MF010_1959_EP_SU2011_AD_01 
"<...>"
	"..." Punctuation DOTS lang:es 00:00:00 00:00:07 tt-60 MF010_1959_EP_SU2011_AD_01 
"<mis>"
	"mío" Pronoun PPO Plural NP lang:es 00:00:00 00:00:07 tt-61 MF010_1959_EP_SU2011_AD_01 @Gram:Det:Pos 
"<primeros>"
	"primero" Adjective ORD Plural lang:es 00:00:00 00:00:07 tt-62 MF010_1959_EP_SU2011_AD_01 
"<7>"
	"7" Determiner CARD Singular lang:es 00:00:00 00:00:07 tt-63 MF010_1959_EP_SU2011_AD_01 
"<años>"
	"año" Noun NC Plural lang:es 00:00:00 00:00:07 tt-64 MF010_1959_EP_SU2011_AD_01 
"<,>"
	"," Punctuation CM lang:es 00:00:00 00:00:07 tt-65 MF010_1959_EP_SU2011_AD_01 
"<los>"
	"él" Pronoun PPC Plural lang:es 00:00:00 00:00:07 tt-66 MF010_1959_EP_SU2011_AD_01 @Gram:Pron:Objeto 
"<viví>"
	"vivir" Verb VLfin Pret Indi Sing 1st lang:es 00:00:00 00:00:07 tt-67 MF010_1959_EP_SU2011_AD_01 @Gram:Indefinido 
"<en>"
	"en" Preposition PREP lang:es 00:00:00 00:00:07 tt-68 MF010_1959_EP_SU2011_AD_01 @Gram:Prep 
"<la>"
	"el" Determiner ART Singular lang:es 00:00:00 00:00:07 tt-69 MF010_1959_EP_SU2011_AD_01 @Gram:Det:Art 
"<ciudad>"
	"ciudad" Noun NC Singular lang:es 00:00:00 00:00:07 tt-70 MF010_1959_EP_SU2011_AD_01 
"<de>"
	"de" Preposition PREP lang:es 00:00:00 00:00:07 tt-71 MF010_1959_EP_SU2011_AD_01 @Gram:Prep 
"<León>"
	"León" Noun NP Singular lang:es 00:00:00 00:00:07 tt-72 MF010_1959_EP_SU2011_AD_01 
"<,>"
	"," Punctuation CM lang:es 00:00:00 00:00:07 tt-73 MF010_1959_EP_SU2011_AD_01 
"<Guanajuato>"
	"Guanajuato" Noun NP Singular lang:es 00:00:00 00:00:07 tt-74 MF010_1959_EP_SU2011_AD_01 
"<,>"
	"," Punctuation CM lang:es 00:00:00 00:00:07 tt-75 MF010_1959_EP_SU2011_AD_01 
"<y>"
	"y" Conjunction CC lang:es 00:00:00 00:00:07 tt-76 MF010_1959_EP_SU2011_AD_01 
"<pues>"
	"pues" Conjunction CSUBF lang:es 00:00:00 00:00:07 tt-77 MF010_1959_EP_SU2011_AD_01 
"<,>"
	"," Punctuation CM lang:es 00:00:00 00:00:07 tt-78 MF010_1959_EP_SU2011_AD_01 
"<lo>"
	"el" Determiner ART Singular lang:es 00:00:11 00:00:18 tt-79 MF010_1959_EP_SU2011_AD_01 
"<que>"
	"que" Conjunction CQUE lang:es 00:00:11 00:00:18 tt-80 MF010_1959_EP_SU2011_AD_01 
"<yo>"
	"yo" Pronoun PPX Singular lang:es 00:00:11 00:00:18 tt-81 MF010_1959_EP_SU2011_AD_01 @Gram:Pron:Sujeto 
"<recuerdo>"
	"recuerdo" Adjective ADJ Singular lang:es 00:00:11 00:00:18 tt-82 MF010_1959_EP_SU2011_AD_01 
"<,>"
	"," Punctuation CM lang:es 00:00:11 00:00:18 tt-83 MF010_1959_EP_SU2011_AD_01 
"<...>"
	"..." Punctuation DOTS lang:es 00:00:11 00:00:18 tt-85 MF010_1959_EP_SU2011_AD_01 
"<era>"
	"ser" Verb VEfin Imp Indi Sing 1st_or_3rd lang:es 00:00:11 00:00:18 tt-86 MF010_1959_EP_SU2011_AD_01 @Gram:Imperf @Gram:SerEstar:Ser 
"<un>"
	"un" Determiner ART Singular lang:es 00:00:11 00:00:18 tt-87 MF010_1959_EP_SU2011_AD_01 
"<lugar>"
	"lugar" Noun NC Singular lang:es 00:00:11 00:00:18 tt-88 MF010_1959_EP_SU2011_AD_01 
"<muy>"
	"muy" Adverb ADV lang:es 00:00:11 00:00:18 tt-89 MF010_1959_EP_SU2011_AD_01 
"<bonito>"
	"bonito" Adjective ADJ Singular lang:es 00:00:11 00:00:18 tt-90 MF010_1959_EP_SU2011_AD_01 
"<,>"
	"," Punctuation CM lang:es 00:00:11 00:00:18 tt-91 MF010_1959_EP_SU2011_AD_01 
"<pero>"
	"pero" Conjunction CCAD lang:es 00:00:11 00:00:18 tt-92 MF010_1959_EP_SU2011_AD_01 @Prag:MarcadoresDisc:Revision 
"<después>"
	"después" Adverb ADV lang:es 00:00:11 00:00:18 tt-93 MF010_1959_EP_SU2011_AD_01 
"<mis>"
	"mío" Pronoun PPO Plural lang:es 00:00:11 00:00:18 tt-94 MF010_1959_EP_SU2011_AD_01 @Gram:Det:Pos 
"<papás>"
	"papá" Noun NC Plural lang:es 00:00:11 00:00:18 tt-95 MF010_1959_EP_SU2011_AD_01 
"<se>"
	"se" Other SE lang:es 00:00:11 00:00:18 tt-96 MF010_1959_EP_SU2011_AD_01 
"<vinieron>"
	"venir" Verb VLfin Pret Indi Plural 3rd lang:es 00:00:11 00:00:18 tt-97 MF010_1959_EP_SU2011_AD_01 @Gram:Indefinido 
"<a>"
	"a" Preposition PREP lang:es 00:00:19 00:00:26 tt-98 MF010_1959_EP_SU2011_AD_01 @Gram:Prep 
"<...>"
	"..." Punctuation DOTS lang:es 00:00:19 00:00:26 tt-99 MF010_1959_EP_SU2011_AD_01 
"<se>"
	"se" Other SE lang:es 00:00:19 00:00:26 tt-100 MF010_1959_EP_SU2011_AD_01 
"<vinieron>"
	"venir" Verb VLfin Pret Indi Plural 3rd lang:es 00:00:19 00:00:26 tt-101 MF010_1959_EP_SU2011_AD_01 @Gram:Indefinido 
"<a>"
	"a" Preposition PREP lang:es 00:00:19 00:00:26 tt-102 MF010_1959_EP_SU2011_AD_01 @Gram:Prep 
"<Ciudad>"
	"ciudad" Noun NC Singular lang:es 00:00:19 00:00:26 tt-103 MF010_1959_EP_SU2011_AD_01 ID:44 R:Vocab:Entities:Geo:45 
"<Juárez>"
	"Juárez" Noun NP Singular lang:es 00:00:19 00:00:26 tt-104 MF010_1959_EP_SU2011_AD_01 ID:45 
"<y>"
	"y" Conjunction CC lang:es 00:00:19 00:00:26 tt-105 MF010_1959_EP_SU2011_AD_01 
"<ahí>"
	"ahí" Adverb ADV lang:es 00:00:19 00:00:26 tt-106 MF010_1959_EP_SU2011_AD_01 
"<crecí>"
	"crecer" Verb VLfin Pret Indi Sing 1st lang:es 00:00:19 00:00:26 tt-107 MF010_1959_EP_SU2011_AD_01 @Gram:Indefinido 
"<,>"
	"," Punctuation CM lang:es 00:00:19 00:00:26 tt-108 MF010_1959_EP_SU2011_AD_01 
"<ahí>"
	"ahí" Adverb ADV lang:es 00:00:19 00:00:26 tt-109 MF010_1959_EP_SU2011_AD_01 
"<viví>"
	"vivir" Verb VLfin Pret Indi Sing 1st lang:es 00:00:19 00:00:26 tt-110 MF010_1959_EP_SU2011_AD_01 @Gram:Indefinido 
"<hasta>"
	"hasta" Preposition PREP lang:es 00:00:19 00:00:26 tt-111 MF010_1959_EP_SU2011_AD_01 @Gram:Prep 
"<los>"
	"el" Determiner ART Plural lang:es 00:00:19 00:00:26 tt-112 MF010_1959_EP_SU2011_AD_01 @Gram:Det:Art 
"<veintisiete>"
	"veintisiete" Determiner CARD Singular lang:es 00:00:19 00:00:26 tt-113 MF010_1959_EP_SU2011_AD_01 
"<años>"
	"año" Noun NC Plural lang:es 00:00:19 00:00:26 tt-114 MF010_1959_EP_SU2011_AD_01 
"<,>"
	"," Punctuation CM lang:es 00:00:19 00:00:26 tt-115 MF010_1959_EP_SU2011_AD_01 
"<que>"
	"que" Conjunction CQUE lang:es 00:00:19 00:00:26 tt-116 MF010_1959_EP_SU2011_AD_01 
"<me>"
	"yo" Pronoun PPX Singular lang:es 00:00:19 00:00:26 tt-117 MF010_1959_EP_SU2011_AD_01 @Gram:Pron:Objeto 
"<casé>"
	"casar" Verb VLfin Pret Indi Sing 1st lang:es 00:00:19 00:00:26 tt-118 MF010_1959_EP_SU2011_AD_01 @Gram:Indefinido 
"<,>"
	"," Punctuation CM lang:es 00:00:19 00:00:26 tt-119 MF010_1959_EP_SU2011_AD_01 
"<entonces>"
	"entonces" Adverb ADV lang:es 00:00:34 00:00:38 tt-120 MF010_1959_EP_SU2011_AD_01 
"<,>"
	"," Punctuation CM lang:es 00:00:34 00:00:38 tt-121 MF010_1959_EP_SU2011_AD_01 
"<ya>"
	"ya" Adverb ADV lang:es 00:00:34 00:00:38 tt-122 MF010_1959_EP_SU2011_AD_01 
"<nos>"
	"nosotros" Pronoun PPX Plural lang:es 00:00:34 00:00:38 tt-123 MF010_1959_EP_SU2011_AD_01 @Gram:Pron:Objeto 
"<vinimos>"
	"venir" Verb VLfin Pres_or_Pret Indi Plural 1st lang:es 00:00:34 00:00:38 tt-124 MF010_1959_EP_SU2011_AD_01 
"<a>"
	"a" Preposition PREP lang:es 00:00:34 00:00:38 tt-125 MF010_1959_EP_SU2011_AD_01 @Gram:Prep 
"<vivir>"
	"vivir" Verb VLinf Infinitive lang:es 00:00:34 00:00:38 tt-126 MF010_1959_EP_SU2011_AD_01 
"<aquí>"
	"aquí" Adverb ADV lang:es 00:00:34 00:00:38 tt-127 MF010_1959_EP_SU2011_AD_01 
"<,>"
	"," Punctuation CM lang:es 00:00:34 00:00:38 tt-128 MF010_1959_EP_SU2011_AD_01 
"<a>"
	"a" Preposition PREP lang:es 00:00:34 00:00:38 tt-129 MF010_1959_EP_SU2011_AD_01 @Gram:Prep 
"<Estados>"
	"Estados" Noun NP Plural lang:es 00:00:34 00:00:38 tt-130 MF010_1959_EP_SU2011_AD_01 ID:71 R:Vocab:Entities:Geo:72 
"<Unidos>"
	"Unidos" Noun NP Plural lang:es 00:00:34 00:00:38 tt-131 MF010_1959_EP_SU2011_AD_01 ID:72 
"<$.>"
	"." Punctuation FS lang:es 00:00:34 00:00:38 tt-132 MF010_1959_EP_SU2011_AD_01 
</speaker>
<speaker type="int">

"<$¿>"
	"¿" Punctuation FS lang:es 00:00:38 00:00:41 tt-133 MF010_1959_EP_SU2011_AD_01 
"<Cómo>"
	"cómo" Adverb ADV lang:es 00:00:38 00:00:41 tt-134 MF010_1959_EP_SU2011_AD_01 
"<era>"
	"ser" Verb VEfin Imp Indi Sing 1st_or_3rd lang:es 00:00:38 00:00:41 tt-135 MF010_1959_EP_SU2011_AD_01 @Gram:Imperf @Gram:SerEstar:Ser 
"<la>"
	"el" Determiner ART Singular lang:es 00:00:38 00:00:41 tt-136 MF010_1959_EP_SU2011_AD_01 @Gram:Det:Art 
"<vida>"
	"vida" Noun NC Singular lang:es 00:00:38 00:00:41 tt-137 MF010_1959_EP_SU2011_AD_01 
"<en>"
	"en" Preposition PREP lang:es 00:00:38 00:00:41 tt-138 MF010_1959_EP_SU2011_AD_01 @Gram:Prep 
"<Juárez>"
	"Juárez" Noun NP Singular lang:es 00:00:38 00:00:41 tt-139 MF010_1959_EP_SU2011_AD_01 
"<$?>"
	"?" Punctuation FS lang:es 00:00:38 00:00:41 tt-140 MF010_1959_EP_SU2011_AD_01 
</speaker>
<speaker type="subj">

"<...>"
	"..." Punctuation DOTS lang:es 00:00:41 00:00:48 tt-142 MF010_1959_EP_SU2011_AD_01 
"<era>"
	"ser" Verb VEfin Imp Indi Sing 1st_or_3rd lang:es 00:00:41 00:00:48 tt-143 MF010_1959_EP_SU2011_AD_01 @Gram:Imperf @Gram:SerEstar:Ser 
"<muy>"
	"muy" Adverb ADV lang:es 00:00:41 00:00:48 tt-144 MF010_1959_EP_SU2011_AD_01 
"<bonita>"
	"bonito" Adjective ADJ Singular lang:es 00:00:41 00:00:48 tt-145 MF010_1959_EP_SU2011_AD_01 
"<,>"
	"," Punctuation CM lang:es 00:00:41 00:00:48 tt-146 MF010_1959_EP_SU2011_AD_01 
"<...>"
	"..." Punctuation DOTS lang:es 00:00:41 00:00:48 tt-148 MF010_1959_EP_SU2011_AD_01 
"<muy>"
	"muy" Adverb ADV lang:es 00:00:41 00:00:48 tt-149 MF010_1959_EP_SU2011_AD_01 
"<tranquila>"
	"tranquilo" Adjective ADJ Singular lang:es 00:00:41 00:00:48 tt-150 MF010_1959_EP_SU2011_AD_01 
"<$.>"
	"." Punctuation FS lang:es 00:00:41 00:00:48 tt-151 MF010_1959_EP_SU2011_AD_01 

"<Era>"
	"ser" Verb VEfin Imp Indi Sing 1st_or_3rd lang:es 00:00:41 00:00:48 tt-152 MF010_1959_EP_SU2011_AD_01 @Gram:Imperf @Gram:SerEstar:Ser 
"<una>"
	"un" Determiner ART Singular lang:es 00:00:41 00:00:48 tt-153 MF010_1959_EP_SU2011_AD_01 
"<ciudad>"
	"ciudad" Noun NC Singular lang:es 00:00:41 00:00:48 tt-154 MF010_1959_EP_SU2011_AD_01 
"<...>"
	"..." Punctuation DOTS lang:es 00:00:41 00:00:48 tt-156 MF010_1959_EP_SU2011_AD_01 
"<que>"
	"que" Conjunction CQUE lang:es 00:00:41 00:00:48 tt-157 MF010_1959_EP_SU2011_AD_01 
"<podías>"
	"poder" Verb VLfin Imp Indi Sing 2nd lang:es 00:00:41 00:00:48 tt-158 MF010_1959_EP_SU2011_AD_01 @Gram:Imperf 
"<vivir>"
	"vivir" Verb VLinf Infinitive lang:es 00:00:41 00:00:48 tt-159 MF010_1959_EP_SU2011_AD_01 
"<muy>"
	"muy" Adverb ADV lang:es 00:00:41 00:00:48 tt-160 MF010_1959_EP_SU2011_AD_01 
"<en>"
	"en" Preposition PREP lang:es 00:00:52 00:00:59 tt-161 MF010_1959_EP_SU2011_AD_01 @Gram:Prep 
"<paz>"
	"paz" Noun NC Singular lang:es 00:00:52 00:00:59 tt-162 MF010_1959_EP_SU2011_AD_01 
"<$.>"
	"." Punctuation FS lang:es 00:00:52 00:00:59 tt-163 MF010_1959_EP_SU2011_AD_01 

"<Había>"
	"haber" Verb VHfin Imp Indi Sing 1st_or_3rd lang:es 00:00:52 00:00:59 tt-164 MF010_1959_EP_SU2011_AD_01 @Gram:Haber:Exist 
"<...>"
	"..." Punctuation DOTS lang:es 00:00:52 00:00:59 tt-165 MF010_1959_EP_SU2011_AD_01 
"<en>"
	"en" Preposition PREP lang:es 00:00:52 00:00:59 tt-166 MF010_1959_EP_SU2011_AD_01 @Gram:Prep 
"<el>"
	"el" Determiner ART Singular lang:es 00:00:52 00:00:59 tt-167 MF010_1959_EP_SU2011_AD_01 @Gram:Det:Art 
"<tiempo>"
	"tiempo" Noun NC Singular lang:es 00:00:52 00:00:59 tt-168 MF010_1959_EP_SU2011_AD_01 
"<de>"
	"de" Preposition PREP lang:es 00:00:52 00:00:59 tt-169 MF010_1959_EP_SU2011_AD_01 @Gram:Prep 
"<mi>"
	"mío" Pronoun PPO Singular lang:es 00:00:52 00:00:59 tt-170 MF010_1959_EP_SU2011_AD_01 @Gram:Det:Pos 
"<juventud>"
	"juventud" Noun NC Singular lang:es 00:00:52 00:00:59 tt-171 MF010_1959_EP_SU2011_AD_01 
"<,>"
	"," Punctuation CM lang:es 00:00:52 00:00:59 tt-172 MF010_1959_EP_SU2011_AD_01 
"<había>"
	"haber" Verb VHfin Imp Indi Sing 1st_or_3rd lang:es 00:00:52 00:00:59 tt-173 MF010_1959_EP_SU2011_AD_01 @Gram:Haber:Exist 
"<mucho>"
	"mucho" Determiner QU lang:es 00:00:52 00:00:59 tt-174 MF010_1959_EP_SU2011_AD_01 
"<trabajo>"
	"trabajo" Noun NC Singular lang:es 00:00:52 00:00:59 tt-175 MF010_1959_EP_SU2011_AD_01 
"<de>"
	"de" Preposition PREP lang:es 00:00:52 00:00:59 tt-176 MF010_1959_EP_SU2011_AD_01 @Gram:Prep 
"<las>"
	"el" Determiner ART Plural lang:es 00:00:52 00:00:59 tt-177 MF010_1959_EP_SU2011_AD_01 @Gram:Det:Art 
"<maquiladoras>"
	"maquiladora" Noun NC Plural lang:es 00:00:52 00:00:59 tt-178 MF010_1959_EP_SU2011_AD_01 
"<que>"
	"que" Conjunction CQUE lang:es 00:00:52 00:00:59 tt-179 MF010_1959_EP_SU2011_AD_01 
"<iban>"
	"ir" Verb VLfin Imp Indi Plural 3rd lang:es 00:01:01 00:01:08 tt-180 MF010_1959_EP_SU2011_AD_01 @Gram:Imperf 
"<de>"
	"de" Preposition PREP lang:es 00:01:01 00:01:08 tt-181 MF010_1959_EP_SU2011_AD_01 @Gram:Prep 
"<Estados>"
	"Estados" Noun NP Plural lang:es 00:01:01 00:01:08 tt-182 MF010_1959_EP_SU2011_AD_01 ID:120 R:Vocab:Entities:Geo:121 
"<Unidos>"
	"Unidos" Noun NP Plural lang:es 00:01:01 00:01:08 tt-183 MF010_1959_EP_SU2011_AD_01 ID:121 
"<para>"
	"para" Preposition PREP lang:es 00:01:01 00:01:08 tt-184 MF010_1959_EP_SU2011_AD_01 @Gram:Prep:Para 
"<allá>"
	"allá" Adverb ADV lang:es 00:01:01 00:01:08 tt-185 MF010_1959_EP_SU2011_AD_01 
"<,>"
	"," Punctuation CM lang:es 00:01:01 00:01:08 tt-186 MF010_1959_EP_SU2011_AD_01 
"<y>"
	"y" Conjunction CC lang:es 00:01:01 00:01:08 tt-187 MF010_1959_EP_SU2011_AD_01 
"<pues>"
	"pues" Conjunction CSUBF lang:es 00:01:01 00:01:08 tt-188 MF010_1959_EP_SU2011_AD_01 
"<,>"
	"," Punctuation CM lang:es 00:01:01 00:01:08 tt-189 MF010_1959_EP_SU2011_AD_01 
"<fue>"
	"ser" Verb VSfin Pret Indi Sing 3rd lang:es 00:01:01 00:01:08 tt-190 MF010_1959_EP_SU2011_AD_01 @Gram:SerEstar:Ser 
"<una>"
	"un" Determiner ART Singular lang:es 00:01:01 00:01:08 tt-191 MF010_1959_EP_SU2011_AD_01 
"<etapa>"
	"etapa" Noun NC Singular lang:es 00:01:01 00:01:08 tt-192 MF010_1959_EP_SU2011_AD_01 
"<muy>"
	"muy" Adverb ADV lang:es 00:01:01 00:01:08 tt-193 MF010_1959_EP_SU2011_AD_01 
"<bonita>"
	"bonito" Adjective ADJ Singular lang:es 00:01:01 00:01:08 tt-194 MF010_1959_EP_SU2011_AD_01 
"<vivir>"
	"vivir" Verb VLinf Infinitive lang:es 00:01:01 00:01:08 tt-195 MF010_1959_EP_SU2011_AD_01 
"<allí>"
	"allí" Adverb ADV lang:es 00:01:01 00:01:08 tt-196 MF010_1959_EP_SU2011_AD_01 
"<$.>"
	"." Punctuation FS lang:es 00:01:01 00:01:08 tt-197 MF010_1959_EP_SU2011_AD_01 

"<Mmm>"
	"mmm" Noun NP Singular lang:es 00:01:01 00:01:08 tt-198 MF010_1959_EP_SU2011_AD_01 
"<...>"
	"..." Punctuation DOTS lang:es 00:01:01 00:01:08 tt-199 MF010_1959_EP_SU2011_AD_01 
"<era>"
	"ser" Verb VEfin Imp Indi Sing 1st_or_3rd lang:es 00:01:01 00:01:08 tt-200 MF010_1959_EP_SU2011_AD_01 @Gram:Imperf @Gram:SerEstar:Ser 
"<...>"
	"..." Punctuation DOTS lang:es 00:01:01 00:01:08 tt-201 MF010_1959_EP_SU2011_AD_01 
"<era>"
	"ser" Verb VEfin Imp Indi Sing 1st_or_3rd lang:es 00:01:01 00:01:08 tt-202 MF010_1959_EP_SU2011_AD_01 @Gram:Imperf @Gram:SerEstar:Ser 
"<una>"
	"un" Determiner ART Singular lang:es 00:01:12 00:01:19 tt-203 MF010_1959_EP_SU2011_AD_01 
"<ciudad>"
	"ciudad" Noun NC Singular lang:es 00:01:12 00:01:19 tt-204 MF010_1959_EP_SU2011_AD_01 
"<muy>"
	"muy" Adverb ADV lang:es 00:01:12 00:01:19 tt-205 MF010_1959_EP_SU2011_AD_01 
"<tranquila>"
	"tranquilo" Adjective ADJ Singular lang:es 00:01:12 00:01:19 tt-206 MF010_1959_EP_SU2011_AD_01 
"<,>"
	"," Punctuation CM lang:es 00:01:12 00:01:19 tt-207 MF010_1959_EP_SU2011_AD_01 
"<...>"
	"..." Punctuation DOTS lang:es 00:01:12 00:01:19 tt-209 MF010_1959_EP_SU2011_AD_01 
"<con>"
	"con" Preposition PREP lang:es 00:01:12 00:01:19 tt-210 MF010_1959_EP_SU2011_AD_01 @Gram:Prep 
"<...>"
	"..." Punctuation DOTS lang:es 00:01:12 00:01:19 tt-211 MF010_1959_EP_SU2011_AD_01 
"<como>"
	"como" Adverb ADV lang:es 00:01:12 00:01:19 tt-212 MF010_1959_EP_SU2011_AD_01 
"<cualquier>"
	"cualquier" Determiner QU lang:es 00:01:12 00:01:19 tt-213 MF010_1959_EP_SU2011_AD_01 
"<ciudad>"
	"ciudad" Noun NC Singular lang:es 00:01:12 00:01:19 tt-214 MF010_1959_EP_SU2011_AD_01 
"<donde>"
	"donde" Adverb ADV lang:es 00:01:12 00:01:19 tt-215 MF010_1959_EP_SU2011_AD_01 
"<vienen>"
	"venir" Verb VLfin Pres Indi Plural 3rd lang:es 00:01:12 00:01:19 tt-216 MF010_1959_EP_SU2011_AD_01 
"<muchos>"
	"mucho" Determiner QU lang:es 00:01:12 00:01:19 tt-217 MF010_1959_EP_SU2011_AD_01 
"<...>"
	"..." Punctuation DOTS lang:es 00:01:12 00:01:19 tt-218 MF010_1959_EP_SU2011_AD_01 
"<esa>"
	"ese" Determiner DM Singular lang:es 00:01:12 00:01:19 tt-219 MF010_1959_EP_SU2011_AD_01 
"<ciudad>"
	"ciudad" Noun NC Singular lang:es 00:01:21 00:01:28 tt-220 MF010_1959_EP_SU2011_AD_01 
"<más>"
	"más" Adverb ADV lang:es 00:01:21 00:01:28 tt-221 MF010_1959_EP_SU2011_AD_01 
"<bien>"
	"bien" Adverb ADV lang:es 00:01:21 00:01:28 tt-222 MF010_1959_EP_SU2011_AD_01 
"<está>"
	"estar" Verb VEfin Pres Indi Sing 3rd lang:es 00:01:21 00:01:28 tt-223 MF010_1959_EP_SU2011_AD_01 @Gram:SerEstar:Estar 
"<hecha>"
	"hacer" Verb VLadj lang:es 00:01:21 00:01:28 tt-224 MF010_1959_EP_SU2011_AD_01 
"<como>"
	"como" Adverb ADV lang:es 00:01:21 00:01:28 tt-225 MF010_1959_EP_SU2011_AD_01 
"<de>"
	"de" Preposition PREP lang:es 00:01:21 00:01:28 tt-226 MF010_1959_EP_SU2011_AD_01 @Gram:Prep 
"<inmigrantes>"
	"inmigrante" Noun NC Plural lang:es 00:01:21 00:01:28 tt-227 MF010_1959_EP_SU2011_AD_01 
"<,>"
	"," Punctuation CM lang:es 00:01:21 00:01:28 tt-228 MF010_1959_EP_SU2011_AD_01 
"<porque>"
	"porque" Conjunction CSUBX lang:es 00:01:21 00:01:28 tt-229 MF010_1959_EP_SU2011_AD_01 @Prag:MarcadoresDisc:Causa 
"<como>"
	"como" Conjunction CSUBX lang:es 00:01:21 00:01:28 tt-230 MF010_1959_EP_SU2011_AD_01 
"<es>"
	"ser" Verb VSfin Pres Indi Sing 3rd lang:es 00:01:21 00:01:28 tt-231 MF010_1959_EP_SU2011_AD_01 @Gram:SerEstar:Ser 
"<frontera>"
	"frontera" Noun NC Singular lang:es 00:01:21 00:01:28 tt-232 MF010_1959_EP_SU2011_AD_01 
"<,>"
	"," Punctuation CM lang:es 00:01:21 00:01:28 tt-233 MF010_1959_EP_SU2011_AD_01 
"<mucha>"
	"mucho" Adjective ADJ Singular lang:es 00:01:21 00:01:28 tt-234 MF010_1959_EP_SU2011_AD_01 
"<gente>"
	"gente" Noun NC Singular lang:es 00:01:21 00:01:28 tt-235 MF010_1959_EP_SU2011_AD_01 
"<del>"
	"del" Preposition PDEL lang:es 00:01:21 00:01:28 tt-236 MF010_1959_EP_SU2011_AD_01 @Gram:Prep 
"<sur>"
	"sur" Other PE lang:es 00:01:21 00:01:28 tt-237 MF010_1959_EP_SU2011_AD_01 
"<de>"
	"de" Preposition PREP lang:es 00:01:29 00:01:35 tt-238 MF010_1959_EP_SU2011_AD_01 @Gram:Prep 
"<México>"
	"México" Noun NP Singular lang:es 00:01:29 00:01:35 tt-239 MF010_1959_EP_SU2011_AD_01 
"<se>"
	"se" Other SE lang:es 00:01:29 00:01:35 tt-240 MF010_1959_EP_SU2011_AD_01 
"<venía>"
	"venir" Verb VLfin Imp Indi Sing 1st_or_3rd lang:es 00:01:29 00:01:35 tt-241 MF010_1959_EP_SU2011_AD_01 @Gram:Imperf 
"<,>"
	"," Punctuation CM lang:es 00:01:29 00:01:35 tt-242 MF010_1959_EP_SU2011_AD_01 
"<porque>"
	"porque" Conjunction CSUBX lang:es 00:01:29 00:01:35 tt-243 MF010_1959_EP_SU2011_AD_01 @Prag:MarcadoresDisc:Causa 
"<había>"
	"haber" Verb VHfin Imp Indi Sing 1st_or_3rd lang:es 00:01:29 00:01:35 tt-244 MF010_1959_EP_SU2011_AD_01 @Gram:Haber:Exist 
"<más>"
	"más" Adverb ADV lang:es 00:01:29 00:01:35 tt-245 MF010_1959_EP_SU2011_AD_01 
"<oportunidades>"
	"oportunidad" Noun NC Plural lang:es 00:01:29 00:01:35 tt-246 MF010_1959_EP_SU2011_AD_01 
"<de>"
	"de" Preposition PREP lang:es 00:01:29 00:01:35 tt-247 MF010_1959_EP_SU2011_AD_01 @Gram:Prep 
"<trabajo>"
	"trabajo" Noun NC Singular lang:es 00:01:29 00:01:35 tt-248 MF010_1959_EP_SU2011_AD_01 
"<,>"
	"," Punctuation CM lang:es 00:01:29 00:01:35 tt-249 MF010_1959_EP_SU2011_AD_01 
"<y>"
	"y" Conjunction CC lang:es 00:01:29 00:01:35 tt-250 MF010_1959_EP_SU2011_AD_01 
"<casi>"
	"casi" Adverb ADV lang:es 00:01:29 00:01:35 tt-251 MF010_1959_EP_SU2011_AD_01 
"<toda>"
	"todo" Determiner QU lang:es 00:01:29 00:01:35 tt-252 MF010_1959_EP_SU2011_AD_01 
"<la>"
	"el" Determiner ART Singular lang:es 00:01:29 00:01:35 tt-253 MF010_1959_EP_SU2011_AD_01 @Gram:Det:Art 
"<gente>"
	"gente" Noun NC Singular lang:es 00:01:29 00:01:35 tt-254 MF010_1959_EP_SU2011_AD_01 
"<que>"
	"que" Conjunction CQUE lang:es 00:01:29 00:01:35 tt-255 MF010_1959_EP_SU2011_AD_01 
"<vivíamos>"
	"vivir" Verb VLfin Imp Indi Plural 1st lang:es 00:01:29 00:01:35 tt-256 MF010_1959_EP_SU2011_AD_01 @Gram:Imperf 
"<ahí>"
	"ahí" Adverb ADV lang:es 00:01:35 00:01:42 tt-257 MF010_1959_EP_SU2011_AD_01 
"<,>"
	"," Punctuation CM lang:es 00:01:35 00:01:42 tt-258 MF010_1959_EP_SU2011_AD_01 
"<nadie>"
	"nadie" Noun NC Singular lang:es 00:01:35 00:01:42 tt-259 MF010_1959_EP_SU2011_AD_01 
"<era>"
	"ser" Verb VEfin Imp Indi Sing 1st_or_3rd lang:es 00:01:35 00:01:42 tt-260 MF010_1959_EP_SU2011_AD_01 @Gram:Imperf @Gram:SerEstar:Ser 
"<nativa>"
	"UNK" Adjective ADJ Singular lang:es 00:01:35 00:01:42 tt-261 MF010_1959_EP_SU2011_AD_01 
"<de>"
	"de" Preposition PREP lang:es 00:01:35 00:01:42 tt-262 MF010_1959_EP_SU2011_AD_01 @Gram:Prep 
"<ahí>"
	"ahí" Adverb ADV lang:es 00:01:35 00:01:42 tt-263 MF010_1959_EP_SU2011_AD_01 
"<,>"
	"," Punctuation CM lang:es 00:01:35 00:01:42 tt-264 MF010_1959_EP_SU2011_AD_01 
"<de>"
	"de" Preposition PREP lang:es 00:01:35 00:01:42 tt-265 MF010_1959_EP_SU2011_AD_01 @Gram:Prep 
"<ciudad>"
	"ciudad" Noun NC Singular lang:es 00:01:35 00:01:42 tt-266 MF010_1959_EP_SU2011_AD_01 
"<Juárez>"
	"Juárez" Noun NP Singular lang:es 00:01:35 00:01:42 tt-267 MF010_1959_EP_SU2011_AD_01 
"<$.>"
	"." Punctuation FS lang:es 00:01:35 00:01:42 tt-268 MF010_1959_EP_SU2011_AD_01 

"<Así>"
	"así" Conjunction CSUBX lang:es 00:01:35 00:01:42 tt-269 MF010_1959_EP_SU2011_AD_01 
"<es>"
	"ser" Verb VSfin Pres Indi Sing 3rd lang:es 00:01:35 00:01:42 tt-270 MF010_1959_EP_SU2011_AD_01 @Gram:SerEstar:Ser 
"<que>"
	"que" Conjunction CQUE lang:es 00:01:35 00:01:42 tt-271 MF010_1959_EP_SU2011_AD_01 
"<,>"
	"," Punctuation CM lang:es 00:01:35 00:01:42 tt-272 MF010_1959_EP_SU2011_AD_01 
"<fue>"
	"ser" Verb VSfin Pret Indi Sing 3rd lang:es 00:01:35 00:01:42 tt-273 MF010_1959_EP_SU2011_AD_01 @Gram:SerEstar:Ser 
"<muy>"
	"muy" Adverb ADV lang:es 00:01:35 00:01:42 tt-274 MF010_1959_EP_SU2011_AD_01 
"<bonito>"
	"bonito" Adjective ADJ Singular lang:es 00:01:35 00:01:42 tt-275 MF010_1959_EP_SU2011_AD_01 
"<vivir>"
	"vivir" Verb VLinf Infinitive lang:es 00:01:35 00:01:42 tt-276 MF010_1959_EP_SU2011_AD_01 
"<ahí>"
	"ahí" Adverb ADV lang:es 00:01:44 00:01:49 tt-277 MF010_1959_EP_SU2011_AD_01 
"<,>"
	"," Punctuation CM lang:es 00:01:44 00:01:49 tt-278 MF010_1959_EP_SU2011_AD_01 
"<hasta>"
	"hasta" Preposition PREP lang:es 00:01:44 00:01:49 tt-279 MF010_1959_EP_SU2011_AD_01 @Gram:Prep 
"<que>"
	"que" Conjunction CQUE lang:es 00:01:44 00:01:49 tt-280 MF010_1959_EP_SU2011_AD_01 
"<me>"
	"yo" Pronoun PPX Singular lang:es 00:01:44 00:01:49 tt-281 MF010_1959_EP_SU2011_AD_01 @Gram:Pron:Objeto 
"<casé>"
	"casar" Verb VLfin Pret Indi Sing 1st lang:es 00:01:44 00:01:49 tt-282 MF010_1959_EP_SU2011_AD_01 @Gram:Indefinido 
"<,>"
	"," Punctuation CM lang:es 00:01:44 00:01:49 tt-283 MF010_1959_EP_SU2011_AD_01 
"<y>"
	"y" Conjunction CC lang:es 00:01:44 00:01:49 tt-284 MF010_1959_EP_SU2011_AD_01 
"<que>"
	"que" Conjunction CQUE lang:es 00:01:44 00:01:49 tt-285 MF010_1959_EP_SU2011_AD_01 
"<ya>"
	"ya" Adverb ADV lang:es 00:01:44 00:01:49 tt-286 MF010_1959_EP_SU2011_AD_01 
"<nos>"
	"nosotros" Pronoun PPX Plural lang:es 00:01:44 00:01:49 tt-287 MF010_1959_EP_SU2011_AD_01 @Gram:Pron:Objeto 
"<vinimos>"
	"venir" Verb VLfin Pres_or_Pret Indi Plural 1st lang:es 00:01:44 00:01:49 tt-288 MF010_1959_EP_SU2011_AD_01 
"<a>"
	"a" Preposition PREP lang:es 00:01:44 00:01:49 tt-289 MF010_1959_EP_SU2011_AD_01 @Gram:Prep 
"<vivir>"
	"vivir" Verb VLinf Infinitive lang:es 00:01:44 00:01:49 tt-290 MF010_1959_EP_SU2011_AD_01 
"<aquí>"
	"aquí" Adverb ADV lang:es 00:01:44 00:01:49 tt-291 MF010_1959_EP_SU2011_AD_01 
"<,>"
	"," Punctuation CM lang:es 00:01:44 00:01:49 tt-292 MF010_1959_EP_SU2011_AD_01 
"<a>"
	"a" Preposition PREP lang:es 00:01:44 00:01:49 tt-293 MF010_1959_EP_SU2011_AD_01 @Gram:Prep 
"<Estados>"
	"Estados" Noun NP Plural lang:es 00:01:44 00:01:49 tt-294 MF010_1959_EP_SU2011_AD_01 ID:231 R:Vocab:Entities:Geo:232 
"<Unidos>"
	"Unidos" Noun NP Plural lang:es 00:01:44 00:01:49 tt-295 MF010_1959_EP_SU2011_AD_01 ID:232 
"<$.>"
	"." Punctuation FS lang:es 00:01:44 00:01:49 tt-296 MF010_1959_EP_SU2011_AD_01 
</speaker>
</text>

