<text id="MF019_1971_CT_SU2011_VA_08">
<speaker type="int">
"<$¿>"
	"¿" Punctuation FS lang:es 00:00:00 00:00:07 tt-3933 MF019_1971_CT_SU2011_VA_08 
"<Cuál>"
	"cuál" Pronoun INT Singular lang:es 00:00:00 00:00:07 tt-3934 MF019_1971_CT_SU2011_VA_08 
"<ha>"
	"haber" Verb VHfin Pres Indi Sing 3rd lang:es 00:00:00 00:00:07 tt-3935 MF019_1971_CT_SU2011_VA_08 ID:3 R:Gram:PerfPerif:4 
"<sido>"
	"ser" Verb VSadj Participle lang:es 00:00:00 00:00:07 tt-3936 MF019_1971_CT_SU2011_VA_08 @Gram:SerEstar:Ser ID:4 
"<el>"
	"el" Determiner ART Singular lang:es 00:00:00 00:00:07 tt-3937 MF019_1971_CT_SU2011_VA_08 @Gram:Det:Art 
"<momento>"
	"momento" Noun NC Singular lang:es 00:00:00 00:00:07 tt-3938 MF019_1971_CT_SU2011_VA_08 
"<espiritual>"
	"espiritual" Adjective ADJ Singular lang:es 00:00:00 00:00:07 tt-3939 MF019_1971_CT_SU2011_VA_08 
"<más>"
	"más" Adverb ADV lang:es 00:00:00 00:00:07 tt-3940 MF019_1971_CT_SU2011_VA_08 
"<profundo>"
	"profundo" Adjective ADJ Singular lang:es 00:00:00 00:00:07 tt-3941 MF019_1971_CT_SU2011_VA_08 
"<en>"
	"en" Preposition PREP lang:es 00:00:00 00:00:07 tt-3942 MF019_1971_CT_SU2011_VA_08 @Gram:Prep 
"<tu>"
	"tú" Pronoun PPX Singular lang:es 00:00:00 00:00:07 tt-3943 MF019_1971_CT_SU2011_VA_08 @Gram:Pron:Sujeto 
"<vida>"
	"vida" Noun NC Singular lang:es 00:00:00 00:00:07 tt-3944 MF019_1971_CT_SU2011_VA_08 
"<$?>"
	"?" Punctuation FS lang:es 00:00:00 00:00:07 tt-3945 MF019_1971_CT_SU2011_VA_08 

"<Esa>"
	"ese" Determiner DM Singular lang:es 00:00:08 00:00:15 tt-3946 MF019_1971_CT_SU2011_VA_08 
"<es>"
	"ser" Verb VSfin Pres Indi Sing 3rd lang:es 00:00:08 00:00:15 tt-3947 MF019_1971_CT_SU2011_VA_08 @Gram:SerEstar:Ser 
"<una>"
	"un" Determiner ART Singular lang:es 00:00:08 00:00:15 tt-3948 MF019_1971_CT_SU2011_VA_08 
"<muy>"
	"muy" Adverb ADV lang:es 00:00:08 00:00:15 tt-3949 MF019_1971_CT_SU2011_VA_08 
"<buena>"
	"bueno" Adjective ADJ Singular lang:es 00:00:08 00:00:15 tt-3950 MF019_1971_CT_SU2011_VA_08 
"<pregunta>"
	"pregunta" Noun NC Singular lang:es 00:00:08 00:00:15 tt-3951 MF019_1971_CT_SU2011_VA_08 
"<$.>"
	"." Punctuation FS lang:es 00:00:08 00:00:15 tt-3952 MF019_1971_CT_SU2011_VA_08 

"<Bueno>"
	"bueno" Adjective ADJ Singular lang:es 00:00:08 00:00:15 tt-3953 MF019_1971_CT_SU2011_VA_08 
"<,>"
	"," Punctuation CM lang:es 00:00:08 00:00:15 tt-3954 MF019_1971_CT_SU2011_VA_08 
"<yo>"
	"yo" Pronoun PPX Singular lang:es 00:00:08 00:00:15 tt-3955 MF019_1971_CT_SU2011_VA_08 @Gram:Pron:Sujeto 
"<creo>"
	"crear|creer" Verb VLfin Pres Indi Sing 1st lang:es 00:00:08 00:00:15 tt-3956 MF019_1971_CT_SU2011_VA_08 
"<en>"
	"en" Preposition PREP lang:es 00:00:08 00:00:15 tt-3957 MF019_1971_CT_SU2011_VA_08 @Gram:Prep 
"<cuestiones>"
	"cuestión" Noun NC Plural lang:es 00:00:08 00:00:15 tt-3958 MF019_1971_CT_SU2011_VA_08 
"<espirituales>"
	"espiritual" Adjective ADJ Plural lang:es 00:00:08 00:00:15 tt-3959 MF019_1971_CT_SU2011_VA_08 
"<el>"
	"el" Determiner ART Singular lang:es 00:00:08 00:00:15 tt-3960 MF019_1971_CT_SU2011_VA_08 @Gram:Det:Art 
"<momento>"
	"momento" Noun NC Singular lang:es 00:00:08 00:00:15 tt-3961 MF019_1971_CT_SU2011_VA_08 
"<más>"
	"más" Adverb ADV lang:es 00:00:26 00:00:33 tt-3962 MF019_1971_CT_SU2011_VA_08 
"<clave>"
	"clave" Adjective ADJ Singular lang:es 00:00:26 00:00:33 tt-3963 MF019_1971_CT_SU2011_VA_08 
"<para>"
	"para" Preposition PREP lang:es 00:00:26 00:00:33 tt-3964 MF019_1971_CT_SU2011_VA_08 @Gram:Prep:Para 
"<mí>"
	"yo" Pronoun PPX Singular lang:es 00:00:26 00:00:33 tt-3965 MF019_1971_CT_SU2011_VA_08 
"<fue>"
	"ser" Verb VSfin Pret Indi Sing 3rd lang:es 00:00:26 00:00:33 tt-3966 MF019_1971_CT_SU2011_VA_08 @Gram:SerEstar:Ser 
"<cuando>"
	"cuando" Conjunction CSUBX lang:es 00:00:26 00:00:33 tt-3967 MF019_1971_CT_SU2011_VA_08 
"<alguien>"
	"UNK" Verb VLfin Past Subj Plural 3rd lang:es 00:00:26 00:00:33 tt-3968 MF019_1971_CT_SU2011_VA_08 @Gram:MSub:Pret 
"<me>"
	"yo" Pronoun PPX Singular lang:es 00:00:26 00:00:33 tt-3969 MF019_1971_CT_SU2011_VA_08 @Gram:Pron:Objeto 
"<dijo>"
	"decir" Verb VLfin Pres Indi Sing 1st lang:es 00:00:26 00:00:33 tt-3970 MF019_1971_CT_SU2011_VA_08 
"<a>"
	"a" Preposition PREP lang:es 00:00:26 00:00:33 tt-3971 MF019_1971_CT_SU2011_VA_08 @Gram:Prep 
"<mí>"
	"yo" Pronoun PPX Singular lang:es 00:00:26 00:00:33 tt-3972 MF019_1971_CT_SU2011_VA_08 
"<que>"
	"que" Conjunction CQUE lang:es 00:00:26 00:00:33 tt-3973 MF019_1971_CT_SU2011_VA_08 
"<a>"
	"a" Preposition PREP lang:es 00:00:26 00:00:33 tt-3974 MF019_1971_CT_SU2011_VA_08 @Gram:Prep 
"<Dios>"
	"dios" Noun NC Plural lang:es 00:00:26 00:00:33 tt-3975 MF019_1971_CT_SU2011_VA_08 
"<no>"
	"no" Adverb NEG lang:es 00:00:26 00:00:33 tt-3976 MF019_1971_CT_SU2011_VA_08 
"<se>"
	"se" Other SE lang:es 00:00:26 00:00:33 tt-3977 MF019_1971_CT_SU2011_VA_08 @Gram:Pron:Otros 
"<le>"
	"él" Pronoun PPC Singular lang:es 00:00:26 00:00:33 tt-3978 MF019_1971_CT_SU2011_VA_08 @Gram:Pron:Objeto 
"<tenía>"
	"tener" Verb VLfin Imp Indi Sing 1st_or_3rd lang:es 00:00:26 00:00:33 tt-3979 MF019_1971_CT_SU2011_VA_08 @Gram:Imperf 
"<que>"
	"que" Conjunction CQUE lang:es 00:00:26 00:00:33 tt-3980 MF019_1971_CT_SU2011_VA_08 
"<alabar>"
	"UNK" Verb VLinf Infinitive lang:es 00:00:38 00:00:45 tt-3981 MF019_1971_CT_SU2011_VA_08 
"<u>"
	"o" Conjunction CC lang:es 00:00:38 00:00:45 tt-3982 MF019_1971_CT_SU2011_VA_08 
"<orar>"
	"orar" Verb VLinf Infinitive lang:es 00:00:38 00:00:45 tt-3983 MF019_1971_CT_SU2011_VA_08 
"<en>"
	"en" Preposition PREP lang:es 00:00:38 00:00:45 tt-3984 MF019_1971_CT_SU2011_VA_08 @Gram:Prep 
"<un>"
	"un" Determiner ART Singular lang:es 00:00:38 00:00:45 tt-3985 MF019_1971_CT_SU2011_VA_08 
"<lugar>"
	"lugar" Noun NC Singular lang:es 00:00:38 00:00:45 tt-3986 MF019_1971_CT_SU2011_VA_08 
"<específico>"
	"específico" Adjective ADJ Singular lang:es 00:00:38 00:00:45 tt-3987 MF019_1971_CT_SU2011_VA_08 
"<$.>"
	"." Punctuation FS lang:es 00:00:38 00:00:45 tt-3988 MF019_1971_CT_SU2011_VA_08 

"<Yo>"
	"yo" Pronoun PPX Singular lang:es 00:00:38 00:00:45 tt-3989 MF019_1971_CT_SU2011_VA_08 @Gram:Pron:Sujeto 
"<crecí>"
	"crecer" Verb VLfin Pret Indi Sing 1st lang:es 00:00:38 00:00:45 tt-3990 MF019_1971_CT_SU2011_VA_08 @Gram:Indefinido 
"<pensando>"
	"pensar" Verb VLger lang:es 00:00:38 00:00:45 tt-3991 MF019_1971_CT_SU2011_VA_08 
"<que>"
	"que" Conjunction CQUE lang:es 00:00:38 00:00:45 tt-3992 MF019_1971_CT_SU2011_VA_08 
"<para>"
	"para" Conjunction CSUBI lang:es 00:00:38 00:00:45 tt-3993 MF019_1971_CT_SU2011_VA_08 
"<orar>"
	"orar" Verb VLinf Infinitive lang:es 00:00:38 00:00:45 tt-3994 MF019_1971_CT_SU2011_VA_08 
"<o>"
	"o" Conjunction CC lang:es 00:00:38 00:00:45 tt-3995 MF019_1971_CT_SU2011_VA_08 
"<para>"
	"para" Conjunction CSUBI lang:es 00:00:38 00:00:45 tt-3996 MF019_1971_CT_SU2011_VA_08 
"<pedirle>"
	"pedir" Verb VLinf Pres Indi Sing 3rd lang:es 00:00:38 00:00:45 tt-3997 MF019_1971_CT_SU2011_VA_08 
"<a>"
	"a" Preposition PREP lang:es 00:00:51 00:00:58 tt-3998 MF019_1971_CT_SU2011_VA_08 @Gram:Prep 
"<Dios>"
	"dios" Noun NC Plural lang:es 00:00:51 00:00:58 tt-3999 MF019_1971_CT_SU2011_VA_08 
"<que>"
	"que" Conjunction CQUE lang:es 00:00:51 00:00:58 tt-4000 MF019_1971_CT_SU2011_VA_08 
"<hiciera>"
	"hacer" Verb VLfin Past Subj Sing 1st_or_3rd lang:es 00:00:51 00:00:58 tt-4001 MF019_1971_CT_SU2011_VA_08 @Gram:MSub:Pret 
"<algo>"
	"algo" Determiner QU lang:es 00:00:51 00:00:58 tt-4002 MF019_1971_CT_SU2011_VA_08 
"<o>"
	"o" Conjunction CC lang:es 00:00:51 00:00:58 tt-4003 MF019_1971_CT_SU2011_VA_08 
"<para>"
	"para" Conjunction CSUBI lang:es 00:00:51 00:00:58 tt-4004 MF019_1971_CT_SU2011_VA_08 
"<confesar>"
	"confesar" Verb VLinf Infinitive lang:es 00:00:51 00:00:58 tt-4005 MF019_1971_CT_SU2011_VA_08 
"<mis>"
	"UNK" Noun NC Plural lang:es 00:00:51 00:00:58 tt-4006 MF019_1971_CT_SU2011_VA_08 
"<pecados>"
	"pecar" Verb VLadj lang:es 00:00:51 00:00:58 tt-4007 MF019_1971_CT_SU2011_VA_08 
"<yo>"
	"yo" Pronoun PPX Singular lang:es 00:00:51 00:00:58 tt-4008 MF019_1971_CT_SU2011_VA_08 @Gram:Pron:Sujeto 
"<tenía>"
	"tener" Verb VLfin Imp Indi Sing 1st_or_3rd lang:es 00:00:51 00:00:58 tt-4009 MF019_1971_CT_SU2011_VA_08 @Gram:Imperf 
"<que>"
	"que" Conjunction CQUE lang:es 00:00:51 00:00:58 tt-4010 MF019_1971_CT_SU2011_VA_08 
"<ir>"
	"ir" Verb VLinf Infinitive lang:es 00:00:51 00:00:58 tt-4011 MF019_1971_CT_SU2011_VA_08 
"<a>"
	"a" Preposition PREP lang:es 00:00:51 00:00:58 tt-4012 MF019_1971_CT_SU2011_VA_08 @Gram:Prep 
"<cierto>"
	"cierto" Determiner QU lang:es 00:00:51 00:00:58 tt-4013 MF019_1971_CT_SU2011_VA_08 
"<lugar>"
	"lugar" Noun NC Singular lang:es 00:00:51 00:00:58 tt-4014 MF019_1971_CT_SU2011_VA_08 
"<y>"
	"y" Conjunction CC lang:es 00:00:51 00:00:58 tt-4015 MF019_1971_CT_SU2011_VA_08 
"<con>"
	"con" Preposition PREP lang:es 00:00:58 00:01:05 tt-4016 MF019_1971_CT_SU2011_VA_08 @Gram:Prep 
"<cierta>"
	"cierta|cierto" Determiner QU lang:es 00:00:58 00:01:05 tt-4017 MF019_1971_CT_SU2011_VA_08 
"<persona>"
	"persona" Noun NC Singular lang:es 00:00:58 00:01:05 tt-4018 MF019_1971_CT_SU2011_VA_08 
"<,>"
	"," Punctuation CM lang:es 00:00:58 00:01:05 tt-4019 MF019_1971_CT_SU2011_VA_08 
"<pero>"
	"pero" Conjunction CCAD lang:es 00:00:58 00:01:05 tt-4020 MF019_1971_CT_SU2011_VA_08 @Prag:MarcadoresDisc:Revision 
"<cuando>"
	"cuando" Conjunction CSUBX lang:es 00:00:58 00:01:05 tt-4021 MF019_1971_CT_SU2011_VA_08 
"<yo>"
	"yo" Pronoun PPX Singular lang:es 00:00:58 00:01:05 tt-4022 MF019_1971_CT_SU2011_VA_08 @Gram:Pron:Sujeto 
"<tenía>"
	"tener" Verb VLfin Imp Indi Sing 1st_or_3rd lang:es 00:00:58 00:01:05 tt-4023 MF019_1971_CT_SU2011_VA_08 @Gram:Imperf 
"<catorce>"
	"catorce" Determiner CARD Singular lang:es 00:00:58 00:01:05 tt-4024 MF019_1971_CT_SU2011_VA_08 
"<años>"
	"año" Noun NC Plural lang:es 00:00:58 00:01:05 tt-4025 MF019_1971_CT_SU2011_VA_08 
"<,>"
	"," Punctuation CM lang:es 00:00:58 00:01:05 tt-4026 MF019_1971_CT_SU2011_VA_08 
"<esta>"
	"este" Determiner DM Singular lang:es 00:00:58 00:01:05 tt-4027 MF019_1971_CT_SU2011_VA_08 
"<persona>"
	"persona" Noun NC Singular lang:es 00:00:58 00:01:05 tt-4028 MF019_1971_CT_SU2011_VA_08 
"<que>"
	"que" Conjunction CQUE lang:es 00:00:58 00:01:05 tt-4029 MF019_1971_CT_SU2011_VA_08 
"<es>"
	"ser" Verb VSfin Pres Indi Sing 3rd lang:es 00:00:58 00:01:05 tt-4030 MF019_1971_CT_SU2011_VA_08 @Gram:SerEstar:Ser 
"<obviamente>"
	"obvio" Adverb ADV lang:es 00:00:58 00:01:05 tt-4031 MF019_1971_CT_SU2011_VA_08 
"<un>"
	"un" Determiner ART Singular lang:es 00:00:58 00:01:05 tt-4032 MF019_1971_CT_SU2011_VA_08 
"<...>"
	"..." Punctuation DOTS lang:es 00:00:58 00:01:05 tt-4033 MF019_1971_CT_SU2011_VA_08 
"<un>"
	"un" Determiner ART Singular lang:es 00:00:58 00:01:05 tt-4034 MF019_1971_CT_SU2011_VA_08 
"<creyente>"
	"creyente" Adjective ADJ Singular lang:es 00:01:11 00:01:18 tt-4035 MF019_1971_CT_SU2011_VA_08 
"<cristiano>"
	"cristiano" Adjective ADJ Singular lang:es 00:01:11 00:01:18 tt-4036 MF019_1971_CT_SU2011_VA_08 
"<me>"
	"yo" Pronoun PPX Singular lang:es 00:01:11 00:01:18 tt-4037 MF019_1971_CT_SU2011_VA_08 @Gram:Pron:Objeto 
"<empezó>"
	"empezar" Verb VLfin Pret Indi Sing 3rd lang:es 00:01:11 00:01:18 tt-4038 MF019_1971_CT_SU2011_VA_08 @Gram:Indefinido ID:106 R:Vocab:Fraseol:VerbPrep:107 
"<a>"
	"a" Preposition PREP lang:es 00:01:11 00:01:18 tt-4039 MF019_1971_CT_SU2011_VA_08 @Gram:Prep ID:107 
"<compartir>"
	"compartir" Verb VLinf Infinitive lang:es 00:01:11 00:01:18 tt-4040 MF019_1971_CT_SU2011_VA_08 
"<versos>"
	"verso" Noun NC Plural lang:es 00:01:11 00:01:18 tt-4041 MF019_1971_CT_SU2011_VA_08 
"<de>"
	"de" Preposition PREP lang:es 00:01:11 00:01:18 tt-4042 MF019_1971_CT_SU2011_VA_08 @Gram:Prep 
"<la>"
	"el" Determiner ART Singular lang:es 00:01:11 00:01:18 tt-4043 MF019_1971_CT_SU2011_VA_08 @Gram:Det:Art 
"<Biblia>"
	"UNK" Noun NP Singular lang:es 00:01:11 00:01:18 tt-4044 MF019_1971_CT_SU2011_VA_08 
"<y>"
	"y" Conjunction CC lang:es 00:01:11 00:01:18 tt-4045 MF019_1971_CT_SU2011_VA_08 
"<en>"
	"en" Preposition PREP lang:es 00:01:11 00:01:18 tt-4046 MF019_1971_CT_SU2011_VA_08 @Gram:Prep 
"<la>"
	"el" Determiner ART Singular lang:es 00:01:11 00:01:18 tt-4047 MF019_1971_CT_SU2011_VA_08 @Gram:Det:Art 
"<Biblia>"
	"UNK" Noun NP Singular lang:es 00:01:11 00:01:18 tt-4048 MF019_1971_CT_SU2011_VA_08 
"<,>"
	"," Punctuation CM lang:es 00:01:11 00:01:18 tt-4049 MF019_1971_CT_SU2011_VA_08 
"<ese>"
	"ese" Determiner DM Singular lang:es 00:01:11 00:01:18 tt-4050 MF019_1971_CT_SU2011_VA_08 
"<fue>"
	"ser" Verb VSfin Pret Indi Sing 3rd lang:es 00:01:11 00:01:18 tt-4051 MF019_1971_CT_SU2011_VA_08 @Gram:SerEstar:Ser 
"<el>"
	"el" Determiner ART Singular lang:es 00:01:19 00:01:24 tt-4052 MF019_1971_CT_SU2011_VA_08 @Gram:Det:Art 
"<día>"
	"día" Noun NC Singular lang:es 00:01:19 00:01:24 tt-4053 MF019_1971_CT_SU2011_VA_08 
"<en>"
	"en" Preposition PREP lang:es 00:01:19 00:01:24 tt-4054 MF019_1971_CT_SU2011_VA_08 @Gram:Prep 
"<que>"
	"que" Conjunction CQUE lang:es 00:01:19 00:01:24 tt-4055 MF019_1971_CT_SU2011_VA_08 
"<yo>"
	"yo" Pronoun PPX Singular lang:es 00:01:19 00:01:24 tt-4056 MF019_1971_CT_SU2011_VA_08 @Gram:Pron:Sujeto 
"<viste>"
	"ver|vestir" Verb VLfin Pret Indi Sing 2nd lang:es 00:01:19 00:01:24 tt-4057 MF019_1971_CT_SU2011_VA_08 @Gram:Indefinido 
"<esas>"
	"ese" Determiner DM Plural lang:es 00:01:19 00:01:24 tt-4058 MF019_1971_CT_SU2011_VA_08 @Gram:Det:Demo 
"<veces>"
	"vez" Noun NC Plural lang:es 00:01:19 00:01:24 tt-4059 MF019_1971_CT_SU2011_VA_08 
"<que>"
	"que" Conjunction CQUE lang:es 00:01:19 00:01:24 tt-4060 MF019_1971_CT_SU2011_VA_08 
"<has>"
	"haber" Verb VHfin Pres Indi Sing 2nd lang:es 00:01:19 00:01:24 tt-4061 MF019_1971_CT_SU2011_VA_08 ID:129 R:Gram:PerfPerif:130 
"<tenido>"
	"tener" Verb VLadj lang:es 00:01:19 00:01:24 tt-4062 MF019_1971_CT_SU2011_VA_08 ID:130 
"<la>"
	"el" Determiner ART Singular lang:es 00:01:19 00:01:24 tt-4063 MF019_1971_CT_SU2011_VA_08 @Gram:Det:Art 
"<experiencia>"
	"experiencia" Noun NC Singular lang:es 00:01:19 00:01:24 tt-4064 MF019_1971_CT_SU2011_VA_08 
"<pero>"
	"pero" Conjunction CCAD lang:es 00:01:19 00:01:24 tt-4065 MF019_1971_CT_SU2011_VA_08 @Prag:MarcadoresDisc:Revision 
"<nunca>"
	"nunca" Adverb ADV lang:es 00:01:19 00:01:24 tt-4066 MF019_1971_CT_SU2011_VA_08 
"<has>"
	"haber" Verb VHfin Pres Indi Sing 2nd lang:es 00:01:19 00:01:24 tt-4067 MF019_1971_CT_SU2011_VA_08 @Gram:Haber:Exist 
"<podido>"
	"poder" Verb VMadj lang:es 00:01:19 00:01:24 tt-4068 MF019_1971_CT_SU2011_VA_08 
"<ponerle>"
	"poner" Verb VLinf Pres Indi Sing 3rd lang:es 00:01:24 00:01:31 tt-4069 MF019_1971_CT_SU2011_VA_08 
"<el>"
	"el" Determiner ART Singular lang:es 00:01:24 00:01:31 tt-4070 MF019_1971_CT_SU2011_VA_08 @Gram:Det:Art 
"<nombre>"
	"nombre" Noun NC Singular lang:es 00:01:24 00:01:31 tt-4071 MF019_1971_CT_SU2011_VA_08 
"<,>"
	"," Punctuation CM lang:es 00:01:24 00:01:31 tt-4072 MF019_1971_CT_SU2011_VA_08 
"<como>"
	"como" Conjunction CSUBX lang:es 00:01:24 00:01:31 tt-4073 MF019_1971_CT_SU2011_VA_08 
"<un>"
	"un" Determiner ART Singular lang:es 00:01:24 00:01:31 tt-4074 MF019_1971_CT_SU2011_VA_08 
"<niño>"
	"niño" Noun NC Singular lang:es 00:01:24 00:01:31 tt-4075 MF019_1971_CT_SU2011_VA_08 
"<verdad>"
	"verdad" Noun NC Singular lang:es 00:01:24 00:01:31 tt-4076 MF019_1971_CT_SU2011_VA_08 
"<,>"
	"," Punctuation CM lang:es 00:01:24 00:01:31 tt-4077 MF019_1971_CT_SU2011_VA_08 
"<un>"
	"un" Determiner ART Singular lang:es 00:01:24 00:01:31 tt-4078 MF019_1971_CT_SU2011_VA_08 
"<niño>"
	"niño" Noun NC Singular lang:es 00:01:24 00:01:31 tt-4079 MF019_1971_CT_SU2011_VA_08 
"<ve>"
	"ver" Verb VLfin Pres Indi Sing 3rd lang:es 00:01:24 00:01:31 tt-4080 MF019_1971_CT_SU2011_VA_08 
"<con>"
	"con" Preposition PREP lang:es 00:01:24 00:01:31 tt-4081 MF019_1971_CT_SU2011_VA_08 @Gram:Prep 
"<sus>"
	"suyo" Pronoun PPO Plural lang:es 00:01:24 00:01:31 tt-4082 MF019_1971_CT_SU2011_VA_08 
"<ojos>"
	"ojo" Noun NC Plural lang:es 00:01:24 00:01:31 tt-4083 MF019_1971_CT_SU2011_VA_08 
"<pero>"
	"pero" Conjunction CCAD lang:es 00:01:24 00:01:31 tt-4084 MF019_1971_CT_SU2011_VA_08 @Prag:MarcadoresDisc:Revision 
"<no>"
	"no" Adverb NEG lang:es 00:01:24 00:01:31 tt-4085 MF019_1971_CT_SU2011_VA_08 
"<sabe>"
	"saber" Verb VLfin Pres Indi Sing 3rd lang:es 00:01:24 00:01:31 tt-4086 MF019_1971_CT_SU2011_VA_08 
"<que>"
	"que" Conjunction CQUE lang:es 00:01:24 00:01:31 tt-4087 MF019_1971_CT_SU2011_VA_08 
"<el>"
	"el" Determiner ART Singular lang:es 00:01:24 00:01:31 tt-4088 MF019_1971_CT_SU2011_VA_08 @Gram:Det:Art 
"<órgano>"
	"órgano" Noun NC Singular lang:es 00:01:32 00:01:38 tt-4089 MF019_1971_CT_SU2011_VA_08 
"<que>"
	"que" Conjunction CQUE lang:es 00:01:32 00:01:38 tt-4090 MF019_1971_CT_SU2011_VA_08 
"<usa>"
	"usar" Verb VLfin Pres Indi Sing 3rd lang:es 00:01:32 00:01:38 tt-4091 MF019_1971_CT_SU2011_VA_08 
"<son>"
	"ser" Verb VSfin Pres Indi Plural 3rd lang:es 00:01:32 00:01:38 tt-4092 MF019_1971_CT_SU2011_VA_08 @Gram:SerEstar:Ser 
"<los>"
	"el" Determiner ART Plural lang:es 00:01:32 00:01:38 tt-4093 MF019_1971_CT_SU2011_VA_08 @Gram:Det:Art 
"<ojos>"
	"ojo" Noun NC Plural lang:es 00:01:32 00:01:38 tt-4094 MF019_1971_CT_SU2011_VA_08 
"<hasta>"
	"hasta" Preposition PREP lang:es 00:01:32 00:01:38 tt-4095 MF019_1971_CT_SU2011_VA_08 @Gram:Prep 
"<que>"
	"que" Conjunction CQUE lang:es 00:01:32 00:01:38 tt-4096 MF019_1971_CT_SU2011_VA_08 
"<alguien>"
	"UNK" Adverb ADV lang:es 00:01:32 00:01:38 tt-4097 MF019_1971_CT_SU2011_VA_08 
"<te>"
	"tú" Pronoun PPX Singular lang:es 00:01:32 00:01:38 tt-4098 MF019_1971_CT_SU2011_VA_08 @Gram:Pron:Objeto 
"<dice>"
	"decir" Verb VLfin Pres Indi Sing 3rd lang:es 00:01:32 00:01:38 tt-4099 MF019_1971_CT_SU2011_VA_08 
"<,>"
	"," Punctuation CM lang:es 00:01:32 00:01:38 tt-4100 MF019_1971_CT_SU2011_VA_08 
"<es>"
	"ser" Verb VSfin Pres Indi Sing 3rd lang:es 00:01:32 00:01:38 tt-4102 MF019_1971_CT_SU2011_VA_08 @Gram:SerEstar:Ser 
"<porque>"
	"porque" Conjunction CSUBX lang:es 00:01:32 00:01:38 tt-4103 MF019_1971_CT_SU2011_VA_08 @Prag:MarcadoresDisc:Causa 
"<son>"
	"ser" Verb VSfin Pres Indi Plural 3rd lang:es 00:01:32 00:01:38 tt-4104 MF019_1971_CT_SU2011_VA_08 @Gram:SerEstar:Ser 
"<tus>"
	"UNK" Noun NC Plural lang:es 00:01:32 00:01:38 tt-4105 MF019_1971_CT_SU2011_VA_08 
"<ojos>"
	"ojo" Noun NC Plural lang:es 00:01:32 00:01:38 tt-4106 MF019_1971_CT_SU2011_VA_08 
"<,>"
	"," Punctuation CM lang:es 00:01:32 00:01:38 tt-4107 MF019_1971_CT_SU2011_VA_08 
"<y>"
	"y" Conjunction CC lang:es 00:01:32 00:01:38 tt-4108 MF019_1971_CT_SU2011_VA_08 
"<así>"
	"así" Conjunction CSUBX lang:es 00:01:32 00:01:38 tt-4109 MF019_1971_CT_SU2011_VA_08 
"<fue>"
	"ser" Verb VSfin Pret Indi Sing 3rd lang:es 00:01:38 00:01:44 tt-4110 MF019_1971_CT_SU2011_VA_08 @Gram:SerEstar:Ser 
"<con>"
	"con" Preposition PREP lang:es 00:01:38 00:01:44 tt-4111 MF019_1971_CT_SU2011_VA_08 @Gram:Prep 
"<él>"
	"él" Pronoun PPX Singular lang:es 00:01:38 00:01:44 tt-4112 MF019_1971_CT_SU2011_VA_08 @Gram:Pron:Sujeto 
"<,>"
	"," Punctuation CM lang:es 00:01:38 00:01:44 tt-4113 MF019_1971_CT_SU2011_VA_08 
"<cuando>"
	"cuando" Conjunction CSUBX lang:es 00:01:38 00:01:44 tt-4114 MF019_1971_CT_SU2011_VA_08 
"<me>"
	"yo" Pronoun PPX Singular lang:es 00:01:38 00:01:44 tt-4115 MF019_1971_CT_SU2011_VA_08 @Gram:Pron:Objeto 
"<dice>"
	"decir" Verb VLfin Pres Indi Sing 3rd lang:es 00:01:38 00:01:44 tt-4116 MF019_1971_CT_SU2011_VA_08 
"<bueno>"
	"bueno" Adjective ADJ Singular lang:es 00:01:38 00:01:44 tt-4117 MF019_1971_CT_SU2011_VA_08 
"<uno>"
	"uno" Determiner CARD Singular lang:es 00:01:38 00:01:44 tt-4118 MF019_1971_CT_SU2011_VA_08 
"<experimenta>"
	"experimentar" Verb VLfin Pres Indi Sing 3rd lang:es 00:01:38 00:01:44 tt-4119 MF019_1971_CT_SU2011_VA_08 
"<a>"
	"a" Preposition PREP lang:es 00:01:38 00:01:44 tt-4120 MF019_1971_CT_SU2011_VA_08 @Gram:Prep 
"<Dios>"
	"dios" Noun NC Plural lang:es 00:01:38 00:01:44 tt-4121 MF019_1971_CT_SU2011_VA_08 
"<porque>"
	"porque" Conjunction CSUBX lang:es 00:01:38 00:01:44 tt-4122 MF019_1971_CT_SU2011_VA_08 @Prag:MarcadoresDisc:Causa 
"<Dios>"
	"dios" Noun NC Plural lang:es 00:01:38 00:01:44 tt-4123 MF019_1971_CT_SU2011_VA_08 
"<puso>"
	"poner" Verb VLfin Pres Indi Sing 1st lang:es 00:01:38 00:01:44 tt-4124 MF019_1971_CT_SU2011_VA_08 
"<un>"
	"un" Determiner ART Singular lang:es 00:01:38 00:01:44 tt-4125 MF019_1971_CT_SU2011_VA_08 
"<órgano>"
	"órgano" Noun NC Singular lang:es 00:01:38 00:01:44 tt-4126 MF019_1971_CT_SU2011_VA_08 
"<en>"
	"en" Preposition PREP lang:es 00:01:38 00:01:44 tt-4127 MF019_1971_CT_SU2011_VA_08 @Gram:Prep 
"<nosotros>"
	"nosotros" Pronoun PPX Plural lang:es 00:01:38 00:01:44 tt-4128 MF019_1971_CT_SU2011_VA_08 @Gram:Pron:Sujeto 
"<que>"
	"que" Conjunction CQUE lang:es 00:01:44 00:01:51 tt-4129 MF019_1971_CT_SU2011_VA_08 
"<es>"
	"ser" Verb VSfin Pres Indi Sing 3rd lang:es 00:01:44 00:01:51 tt-4130 MF019_1971_CT_SU2011_VA_08 @Gram:SerEstar:Ser 
"<el>"
	"el" Determiner ART Singular lang:es 00:01:44 00:01:51 tt-4131 MF019_1971_CT_SU2011_VA_08 @Gram:Det:Art 
"<espíritu>"
	"espíritu" Noun NC Singular lang:es 00:01:44 00:01:51 tt-4132 MF019_1971_CT_SU2011_VA_08 
"<humano>"
	"humano" Adjective ADJ Singular lang:es 00:01:44 00:01:51 tt-4133 MF019_1971_CT_SU2011_VA_08 
"<ya>"
	"ya" Adverb ADV lang:es 00:01:44 00:01:51 tt-4134 MF019_1971_CT_SU2011_VA_08 
"<me>"
	"yo" Pronoun PPX Singular lang:es 00:01:44 00:01:51 tt-4135 MF019_1971_CT_SU2011_VA_08 @Gram:Pron:Objeto 
"<empezó>"
	"empezar" Verb VLfin Pret Indi Sing 3rd lang:es 00:01:44 00:01:51 tt-4136 MF019_1971_CT_SU2011_VA_08 @Gram:Indefinido ID:203 R:Vocab:Fraseol:VerbPrep:204 
"<a>"
	"a" Preposition PREP lang:es 00:01:44 00:01:51 tt-4137 MF019_1971_CT_SU2011_VA_08 @Gram:Prep ID:204 
"<mostrar>"
	"mostrar" Verb VLinf Infinitive lang:es 00:01:44 00:01:51 tt-4138 MF019_1971_CT_SU2011_VA_08 
"<diferentes>"
	"diferente" Adjective ADJ Plural lang:es 00:01:44 00:01:51 tt-4139 MF019_1971_CT_SU2011_VA_08 
"<versos>"
	"verso" Noun NC Plural lang:es 00:01:44 00:01:51 tt-4140 MF019_1971_CT_SU2011_VA_08 
"<donde>"
	"donde" Adverb ADV lang:es 00:01:44 00:01:51 tt-4141 MF019_1971_CT_SU2011_VA_08 
"<dice>"
	"decir" Verb VLfin Pres Indi Sing 3rd lang:es 00:01:44 00:01:51 tt-4142 MF019_1971_CT_SU2011_VA_08 
"<que>"
	"que" Conjunction CQUE lang:es 00:01:44 00:01:51 tt-4143 MF019_1971_CT_SU2011_VA_08 
"<Dios>"
	"dios" Noun NC Plural lang:es 00:01:44 00:01:51 tt-4144 MF019_1971_CT_SU2011_VA_08 
"<es>"
	"ser" Verb VSfin Pres Indi Sing 3rd lang:es 00:01:51 00:01:56 tt-4145 MF019_1971_CT_SU2011_VA_08 @Gram:SerEstar:Ser 
"<espíritu>"
	"espíritu" Noun NC Singular lang:es 00:01:51 00:01:56 tt-4146 MF019_1971_CT_SU2011_VA_08 
"<y>"
	"y" Conjunction CC lang:es 00:01:51 00:01:56 tt-4147 MF019_1971_CT_SU2011_VA_08 
"<los>"
	"el" Determiner ART Plural lang:es 00:01:51 00:01:56 tt-4148 MF019_1971_CT_SU2011_VA_08 @Gram:Det:Art 
"<que>"
	"que" Conjunction CQUE lang:es 00:01:51 00:01:56 tt-4149 MF019_1971_CT_SU2011_VA_08 
"<les>"
	"él" Pronoun PPC Plural lang:es 00:01:51 00:01:56 tt-4150 MF019_1971_CT_SU2011_VA_08 @Gram:Pron:Objeto 
"<adoran>"
	"UNK" Verb VLfin Pres Indi Plural 3rd lang:es 00:01:51 00:01:56 tt-4151 MF019_1971_CT_SU2011_VA_08 
"<tienen>"
	"tener" Verb VMfin lang:es 00:01:51 00:01:56 tt-4152 MF019_1971_CT_SU2011_VA_08 
"<que>"
	"que" Verb VMfin lang:es 00:01:51 00:01:56 tt-4153 MF019_1971_CT_SU2011_VA_08 
"<darle>"
	"darle" Verb VCLIinf lang:es 00:01:51 00:01:56 tt-4154 MF019_1971_CT_SU2011_VA_08 
"<,>"
	"," Punctuation CM lang:es 00:01:51 00:01:56 tt-4155 MF019_1971_CT_SU2011_VA_08 
"<adorarle>"
	"UNK" Verb VLinf Infinitive lang:es 00:01:51 00:01:56 tt-4156 MF019_1971_CT_SU2011_VA_08 
"<el>"
	"el" Determiner ART Singular lang:es 00:01:51 00:01:56 tt-4157 MF019_1971_CT_SU2011_VA_08 @Gram:Det:Art 
"<espíritu>"
	"espíritu" Noun NC Singular lang:es 00:01:51 00:01:56 tt-4158 MF019_1971_CT_SU2011_VA_08 
"<y>"
	"y" Conjunction CC lang:es 00:01:51 00:01:56 tt-4159 MF019_1971_CT_SU2011_VA_08 
"<en>"
	"en" Preposition PREP lang:es 00:01:51 00:01:56 tt-4160 MF019_1971_CT_SU2011_VA_08 @Gram:Prep 
"<verdad>"
	"verdad" Noun NC Singular lang:es 00:01:51 00:01:56 tt-4161 MF019_1971_CT_SU2011_VA_08 
"<$.>"
	"." Punctuation FS lang:es 00:01:51 00:01:56 tt-4162 MF019_1971_CT_SU2011_VA_08 

"<Por>"
	"por" Preposition PREP lang:es 00:01:56 00:02:02 tt-4163 MF019_1971_CT_SU2011_VA_08 @Gram:Prep:Por 
"<eso>"
	"ese" Determiner DM Singular lang:es 00:01:56 00:02:02 tt-4164 MF019_1971_CT_SU2011_VA_08 
"<dice>"
	"decir" Verb VLfin Pres Indi Sing 3rd lang:es 00:01:56 00:02:02 tt-4165 MF019_1971_CT_SU2011_VA_08 
"<o>"
	"o" Conjunction CC lang:es 00:01:56 00:02:02 tt-4166 MF019_1971_CT_SU2011_VA_08 
"<por>"
	"por" Preposition PREP lang:es 00:01:56 00:02:02 tt-4167 MF019_1971_CT_SU2011_VA_08 @Gram:Prep:Por ID:234 R:Prag:MarcadoresDisc:Igualdad:235 
"<ejemplo>"
	"ejemplo" Adverb ADV lang:es 00:01:56 00:02:02 tt-4168 MF019_1971_CT_SU2011_VA_08 ID:235 
"<otro>"
	"otro" Determiner QU lang:es 00:01:56 00:02:02 tt-4169 MF019_1971_CT_SU2011_VA_08 
"<verso>"
	"versar" Verb VLfin Pres Indi Sing 1st lang:es 00:01:56 00:02:02 tt-4170 MF019_1971_CT_SU2011_VA_08 
"<que>"
	"que" Conjunction CQUE lang:es 00:01:56 00:02:02 tt-4171 MF019_1971_CT_SU2011_VA_08 
"<él>"
	"él" Pronoun PPX Singular lang:es 00:01:56 00:02:02 tt-4172 MF019_1971_CT_SU2011_VA_08 @Gram:Pron:Sujeto 
"<me>"
	"yo" Pronoun PPX Singular lang:es 00:01:56 00:02:02 tt-4173 MF019_1971_CT_SU2011_VA_08 @Gram:Pron:Objeto 
"<menciona>"
	"mencionar" Verb VLfin Pres Indi Sing 3rd lang:es 00:01:56 00:02:02 tt-4174 MF019_1971_CT_SU2011_VA_08 
"<,>"
	"," Punctuation CM lang:es 00:01:56 00:02:02 tt-4175 MF019_1971_CT_SU2011_VA_08 
"<existe>"
	"existir" Verb VLfin Pret Indi Sing 2nd lang:es 00:01:56 00:02:02 tt-4176 MF019_1971_CT_SU2011_VA_08 @Gram:Indefinido 
"<un>"
	"un" Determiner ART Singular lang:es 00:01:56 00:02:02 tt-4177 MF019_1971_CT_SU2011_VA_08 
"<solo>"
	"solo" Adjective ADJ Singular lang:es 00:01:56 00:02:02 tt-4178 MF019_1971_CT_SU2011_VA_08 
"<un>"
	"un" Determiner ART Singular lang:es 00:01:56 00:02:02 tt-4179 MF019_1971_CT_SU2011_VA_08 
"<mediador>"
	"mediador" Noun NC Singular lang:es 00:01:56 00:02:02 tt-4180 MF019_1971_CT_SU2011_VA_08 
"<entre>"
	"entre" Preposition PREP lang:es 00:02:02 00:02:09 tt-4181 MF019_1971_CT_SU2011_VA_08 @Gram:Prep 
"<Dios>"
	"dios" Noun NC Plural lang:es 00:02:02 00:02:09 tt-4182 MF019_1971_CT_SU2011_VA_08 
"<y>"
	"y" Conjunction CC lang:es 00:02:02 00:02:09 tt-4183 MF019_1971_CT_SU2011_VA_08 
"<los>"
	"el" Determiner ART Plural lang:es 00:02:02 00:02:09 tt-4184 MF019_1971_CT_SU2011_VA_08 @Gram:Det:Art 
"<hombres>"
	"hombre" Noun NC Plural lang:es 00:02:02 00:02:09 tt-4185 MF019_1971_CT_SU2011_VA_08 
"<,>"
	"," Punctuation CM lang:es 00:02:02 00:02:09 tt-4186 MF019_1971_CT_SU2011_VA_08 
"<Jesucristo>"
	"Jesucristo" Noun NP Singular lang:es 00:02:02 00:02:09 tt-4187 MF019_1971_CT_SU2011_VA_08 
"<hombre>"
	"hombre" Noun NC Singular lang:es 00:02:02 00:02:09 tt-4188 MF019_1971_CT_SU2011_VA_08 
"<$.>"
	"." Punctuation FS lang:es 00:02:02 00:02:09 tt-4189 MF019_1971_CT_SU2011_VA_08 

"<Y>"
	"Y" Other ALFS lang:es 00:02:02 00:02:09 tt-4190 MF019_1971_CT_SU2011_VA_08 
"<fueron>"
	"ser" Verb VSfin Pret Indi Plural 3rd lang:es 00:02:02 00:02:09 tt-4191 MF019_1971_CT_SU2011_VA_08 @Gram:SerEstar:Ser 
"<varias>"
	"varios" Determiner QU lang:es 00:02:02 00:02:09 tt-4192 MF019_1971_CT_SU2011_VA_08 
"<veces>"
	"vez" Noun NC Plural lang:es 00:02:02 00:02:09 tt-4193 MF019_1971_CT_SU2011_VA_08 
"<que>"
	"que" Conjunction CQUE lang:es 00:02:02 00:02:09 tt-4194 MF019_1971_CT_SU2011_VA_08 
"<pensé>"
	"pensar" Verb VLfin Pret Indi Sing 1st lang:es 00:02:02 00:02:09 tt-4195 MF019_1971_CT_SU2011_VA_08 @Gram:Indefinido 
"<que>"
	"que" Conjunction CQUE lang:es 00:02:02 00:02:09 tt-4196 MF019_1971_CT_SU2011_VA_08 
"<los>"
	"el" Determiner ART Plural lang:es 00:02:02 00:02:09 tt-4197 MF019_1971_CT_SU2011_VA_08 @Gram:Det:Art 
"<velos>"
	"UNK" Noun NC Plural lang:es 00:02:02 00:02:09 tt-4198 MF019_1971_CT_SU2011_VA_08 
"<se>"
	"se" Other SE lang:es 00:02:10 00:02:14 tt-4199 MF019_1971_CT_SU2011_VA_08 
"<empiezan>"
	"empezar" Verb VLfin Pres Indi Plural 3rd lang:es 00:02:10 00:02:14 tt-4200 MF019_1971_CT_SU2011_VA_08 ID:267 R:Vocab:Fraseol:VerbPrep:268 
"<a>"
	"a" Preposition PREP lang:es 00:02:10 00:02:14 tt-4201 MF019_1971_CT_SU2011_VA_08 @Gram:Prep ID:268 
"<caer>"
	"caer" Verb VLinf Infinitive lang:es 00:02:10 00:02:14 tt-4202 MF019_1971_CT_SU2011_VA_08 
"<y>"
	"y" Conjunction CC lang:es 00:02:10 00:02:14 tt-4203 MF019_1971_CT_SU2011_VA_08 
"<empiezan>"
	"empezar" Verb VLfin Pres Indi Plural 3rd lang:es 00:02:10 00:02:14 tt-4204 MF019_1971_CT_SU2011_VA_08 ID:271 R:Vocab:Fraseol:VerbPrep:272 
"<a>"
	"a" Preposition PREP lang:es 00:02:10 00:02:14 tt-4205 MF019_1971_CT_SU2011_VA_08 @Gram:Prep ID:272 
"<decir>"
	"decir" Verb VLinf Infinitive lang:es 00:02:10 00:02:14 tt-4206 MF019_1971_CT_SU2011_VA_08 
"<por>"
	"por" Preposition PREP lang:es 00:02:10 00:02:14 tt-4207 MF019_1971_CT_SU2011_VA_08 @Gram:Prep:Por 
"<eso>"
	"ese" Determiner DM Singular lang:es 00:02:10 00:02:14 tt-4208 MF019_1971_CT_SU2011_VA_08 
"<es>"
	"ser" Verb VSfin Pres Indi Sing 3rd lang:es 00:02:10 00:02:14 tt-4209 MF019_1971_CT_SU2011_VA_08 @Gram:SerEstar:Ser 
"<que>"
	"que" Conjunction CQUE lang:es 00:02:10 00:02:14 tt-4210 MF019_1971_CT_SU2011_VA_08 
"<yo>"
	"yo" Pronoun PPX Singular lang:es 00:02:10 00:02:14 tt-4211 MF019_1971_CT_SU2011_VA_08 @Gram:Pron:Sujeto 
"<podía>"
	"poder" Verb VLfin Imp Indi Sing 1st_or_3rd lang:es 00:02:10 00:02:14 tt-4212 MF019_1971_CT_SU2011_VA_08 @Gram:Imperf 
"<hablar>"
	"hablar" Verb VLinf Infinitive lang:es 00:02:10 00:02:14 tt-4213 MF019_1971_CT_SU2011_VA_08 ID:280 R:Vocab:Fraseol:VerbPrep:281 
"<con>"
	"con" Preposition PREP lang:es 00:02:10 00:02:14 tt-4214 MF019_1971_CT_SU2011_VA_08 @Gram:Prep ID:281 
"<Dios>"
	"dios" Noun NC Plural lang:es 00:02:10 00:02:14 tt-4215 MF019_1971_CT_SU2011_VA_08 
"<y>"
	"y" Conjunction CC lang:es 00:02:10 00:02:14 tt-4216 MF019_1971_CT_SU2011_VA_08 
"<yo>"
	"yo" Pronoun PPX Singular lang:es 00:02:10 00:02:14 tt-4217 MF019_1971_CT_SU2011_VA_08 @Gram:Pron:Sujeto 
"<sentía>"
	"sentir" Verb VLfin Imp Indi Sing 1st_or_3rd lang:es 00:02:14 00:02:21 tt-4218 MF019_1971_CT_SU2011_VA_08 @Gram:Imperf 
"<su>"
	"suyo" Pronoun PPO Singular lang:es 00:02:14 00:02:21 tt-4219 MF019_1971_CT_SU2011_VA_08 
"<presencia>"
	"presencia" Noun NC Singular lang:es 00:02:14 00:02:21 tt-4220 MF019_1971_CT_SU2011_VA_08 
"<$¿>"
	"¿" Punctuation FS lang:es 00:02:14 00:02:21 tt-4221 MF019_1971_CT_SU2011_VA_08 
"<verdad>"
	"verdad" Noun NC Singular lang:es 00:02:14 00:02:21 tt-4222 MF019_1971_CT_SU2011_VA_08 
"<$?>"
	"?" Punctuation FS lang:es 00:02:14 00:02:21 tt-4223 MF019_1971_CT_SU2011_VA_08 

"<es>"
	"ser" Verb VSfin Pres Indi Sing 3rd lang:es 00:02:14 00:02:21 tt-4224 MF019_1971_CT_SU2011_VA_08 @Gram:SerEstar:Ser 
"<,>"
	"," Punctuation CM lang:es 00:02:14 00:02:21 tt-4225 MF019_1971_CT_SU2011_VA_08 
"<fue>"
	"ser" Verb VSfin Pret Indi Sing 3rd lang:es 00:02:14 00:02:21 tt-4226 MF019_1971_CT_SU2011_VA_08 @Gram:SerEstar:Ser 
"<fenomenal>"
	"fenomenal" Adjective ADJ Singular lang:es 00:02:14 00:02:21 tt-4227 MF019_1971_CT_SU2011_VA_08 
"<porque>"
	"porque" Conjunction CSUBX lang:es 00:02:14 00:02:21 tt-4228 MF019_1971_CT_SU2011_VA_08 @Prag:MarcadoresDisc:Causa 
"<una>"
	"una" Conjunction CSUBF lang:es 00:02:14 00:02:21 tt-4229 MF019_1971_CT_SU2011_VA_08 
"<vez>"
	"vez" Conjunction CSUBF lang:es 00:02:14 00:02:21 tt-4230 MF019_1971_CT_SU2011_VA_08 
"<que>"
	"que" Conjunction CSUBF lang:es 00:02:14 00:02:21 tt-4231 MF019_1971_CT_SU2011_VA_08 
"<ya>"
	"ya" Adverb ADV lang:es 00:02:14 00:02:21 tt-4232 MF019_1971_CT_SU2011_VA_08 
"<vi>"
	"vi" Determiner CARD Singular lang:es 00:02:14 00:02:21 tt-4233 MF019_1971_CT_SU2011_VA_08 
"<eso>"
	"ese" Determiner DM Singular lang:es 00:02:14 00:02:21 tt-4234 MF019_1971_CT_SU2011_VA_08 
"<puedo>"
	"poder" Verb VLfin Pres Indi Sing 1st lang:es 00:02:14 00:02:21 tt-4235 MF019_1971_CT_SU2011_VA_08 
"<decir>"
	"decir" Verb VLinf Infinitive lang:es 00:02:14 00:02:21 tt-4236 MF019_1971_CT_SU2011_VA_08 
"<,>"
	"," Punctuation CM lang:es 00:02:14 00:02:21 tt-4237 MF019_1971_CT_SU2011_VA_08 
"<esto>"
	"esto" Adverb ADV lang:es 00:02:22 00:02:29 tt-4238 MF019_1971_CT_SU2011_VA_08 
"<es>"
	"es" Adverb ADV lang:es 00:02:22 00:02:29 tt-4239 MF019_1971_CT_SU2011_VA_08 
"<lo>"
	"el" Determiner ART Singular lang:es 00:02:22 00:02:29 tt-4240 MF019_1971_CT_SU2011_VA_08 
"<que>"
	"que" Conjunction CQUE lang:es 00:02:22 00:02:29 tt-4241 MF019_1971_CT_SU2011_VA_08 
"<puedo>"
	"poder" Verb VLfin Pres Indi Sing 1st lang:es 00:02:22 00:02:29 tt-4242 MF019_1971_CT_SU2011_VA_08 
"<hacer>"
	"hacer" Verb VLinf Infinitive lang:es 00:02:22 00:02:29 tt-4243 MF019_1971_CT_SU2011_VA_08 
"<,>"
	"," Punctuation CM lang:es 00:02:22 00:02:29 tt-4244 MF019_1971_CT_SU2011_VA_08 
"<no>"
	"no" Adverb NEG lang:es 00:02:22 00:02:29 tt-4245 MF019_1971_CT_SU2011_VA_08 
"<es>"
	"ser" Verb VSfin Pres Indi Sing 3rd lang:es 00:02:22 00:02:29 tt-4246 MF019_1971_CT_SU2011_VA_08 @Gram:SerEstar:Ser 
"<allá>"
	"allá" Adverb ADV lang:es 00:02:22 00:02:29 tt-4247 MF019_1971_CT_SU2011_VA_08 
"<de>"
	"de" Preposition PREP lang:es 00:02:22 00:02:29 tt-4248 MF019_1971_CT_SU2011_VA_08 @Gram:Prep 
"<vez>"
	"vez" Noun NC Singular lang:es 00:02:22 00:02:29 tt-4249 MF019_1971_CT_SU2011_VA_08 
"<en>"
	"en" Preposition PREP lang:es 00:02:22 00:02:29 tt-4250 MF019_1971_CT_SU2011_VA_08 @Gram:Prep 
"<cuando>"
	"cuando" Conjunction CSUBX lang:es 00:02:22 00:02:29 tt-4251 MF019_1971_CT_SU2011_VA_08 
"<que>"
	"que" Conjunction CQUE lang:es 00:02:22 00:02:29 tt-4252 MF019_1971_CT_SU2011_VA_08 
"<lo>"
	"él" Pronoun PPC Singular lang:es 00:02:22 00:02:29 tt-4253 MF019_1971_CT_SU2011_VA_08 @Gram:Pron:Objeto 
"<llegas>"
	"llegar" Verb VLfin Pres Indi Sing 2nd lang:es 00:02:22 00:02:29 tt-4254 MF019_1971_CT_SU2011_VA_08 
"<a>"
	"a" Preposition PREP lang:es 00:02:22 00:02:29 tt-4255 MF019_1971_CT_SU2011_VA_08 @Gram:Prep 
"<experimentar>"
	"experimentar" Verb VLinf Infinitive lang:es 00:02:22 00:02:29 tt-4256 MF019_1971_CT_SU2011_VA_08 
"<,>"
	"," Punctuation CM lang:es 00:02:22 00:02:29 tt-4257 MF019_1971_CT_SU2011_VA_08 
"<pero>"
	"pero" Conjunction CCAD lang:es 00:02:29 00:02:35 tt-4258 MF019_1971_CT_SU2011_VA_08 @Prag:MarcadoresDisc:Revision 
"<una>"
	"una" Conjunction CSUBF lang:es 00:02:29 00:02:35 tt-4259 MF019_1971_CT_SU2011_VA_08 
"<vez>"
	"vez" Conjunction CSUBF lang:es 00:02:29 00:02:35 tt-4260 MF019_1971_CT_SU2011_VA_08 
"<que>"
	"que" Conjunction CSUBF lang:es 00:02:29 00:02:35 tt-4261 MF019_1971_CT_SU2011_VA_08 
"<ya>"
	"ya" Adverb ADV lang:es 00:02:29 00:02:35 tt-4262 MF019_1971_CT_SU2011_VA_08 
"<sabes>"
	"saber" Verb VLfin Pres Indi Sing 2nd lang:es 00:02:29 00:02:35 tt-4263 MF019_1971_CT_SU2011_VA_08 
"<el>"
	"el" Determiner ART Singular lang:es 00:02:29 00:02:35 tt-4264 MF019_1971_CT_SU2011_VA_08 @Gram:Det:Art 
"<órgano>"
	"órgano" Noun NC Singular lang:es 00:02:29 00:02:35 tt-4265 MF019_1971_CT_SU2011_VA_08 
"<apropiado>"
	"apropiado" Adjective ADJ Singular lang:es 00:02:29 00:02:35 tt-4266 MF019_1971_CT_SU2011_VA_08 
"<para>"
	"para" Conjunction CSUBI lang:es 00:02:29 00:02:35 tt-4267 MF019_1971_CT_SU2011_VA_08 
"<poder>"
	"poder" Verb VMinf lang:es 00:02:29 00:02:35 tt-4268 MF019_1971_CT_SU2011_VA_08 
"<contactar>"
	"contactar" Verb VLinf Infinitive lang:es 00:02:29 00:02:35 tt-4269 MF019_1971_CT_SU2011_VA_08 
"<a>"
	"a" Preposition PREP lang:es 00:02:29 00:02:35 tt-4270 MF019_1971_CT_SU2011_VA_08 @Gram:Prep 
"<Dios>"
	"dios" Noun NC Plural lang:es 00:02:29 00:02:35 tt-4271 MF019_1971_CT_SU2011_VA_08 
"<lo>"
	"él" Pronoun PPC Singular lang:es 00:02:29 00:02:35 tt-4272 MF019_1971_CT_SU2011_VA_08 @Gram:Pron:Objeto 
"<usas>"
	"usar" Verb VLfin Pres Indi Sing 2nd lang:es 00:02:29 00:02:35 tt-4273 MF019_1971_CT_SU2011_VA_08 
"<entonces>"
	"entonces" Adverb ADV lang:es 00:02:29 00:02:35 tt-4274 MF019_1971_CT_SU2011_VA_08 
"<diariamente>"
	"diariamente" Adverb ADV lang:es 00:02:35 00:02:37 tt-4275 MF019_1971_CT_SU2011_VA_08 
"<yo>"
	"yo" Pronoun PPX Singular lang:es 00:02:35 00:02:37 tt-4276 MF019_1971_CT_SU2011_VA_08 @Gram:Pron:Sujeto 
"<hablo>"
	"hablar" Verb VLfin Pres Indi Sing 1st lang:es 00:02:35 00:02:37 tt-4277 MF019_1971_CT_SU2011_VA_08 ID:344 R:Vocab:Fraseol:VerbPrep:345 
"<con>"
	"con" Preposition PREP lang:es 00:02:35 00:02:37 tt-4278 MF019_1971_CT_SU2011_VA_08 @Gram:Prep ID:345 
"<el>"
	"el" Determiner ART Singular lang:es 00:02:35 00:02:37 tt-4279 MF019_1971_CT_SU2011_VA_08 @Gram:Det:Art 
"<Señor>"
	"señor" Noun NC Singular lang:es 00:02:35 00:02:37 tt-4280 MF019_1971_CT_SU2011_VA_08 
"<$.>"
	"." Punctuation FS lang:es 00:02:35 00:02:37 tt-4281 MF019_1971_CT_SU2011_VA_08 
</speaker>
</text>

