<text id="MF010_1959_EP_SU2011_AD_05">
<speaker type="subj">
"<Mmm>"
	"mmm" Noun NP Singular lang:es 00:00:00 00:00:07 tt-2146 MF010_1959_EP_SU2011_AD_05 
"<...>"
	"..." Punctuation DOTS lang:es 00:00:00 00:00:07 tt-2147 MF010_1959_EP_SU2011_AD_05 
"<pues>"
	"pues" Conjunction CSUBF lang:es 00:00:00 00:00:07 tt-2148 MF010_1959_EP_SU2011_AD_05 
"<no>"
	"no" Adverb NEG lang:es 00:00:00 00:00:07 tt-2149 MF010_1959_EP_SU2011_AD_05 
"<es>"
	"ser" Verb VSfin Pres Indi Sing 3rd lang:es 00:00:00 00:00:07 tt-2150 MF010_1959_EP_SU2011_AD_05 @Gram:SerEstar:Ser 
"<una>"
	"un" Determiner ART Singular lang:es 00:00:00 00:00:07 tt-2151 MF010_1959_EP_SU2011_AD_05 
"<profesión>"
	"profesión" Noun NC Singular lang:es 00:00:00 00:00:07 tt-2152 MF010_1959_EP_SU2011_AD_05 
"<,>"
	"," Punctuation CM lang:es 00:00:00 00:00:07 tt-2153 MF010_1959_EP_SU2011_AD_05 
"<es>"
	"ser" Verb VSfin Pres Indi Sing 3rd lang:es 00:00:00 00:00:07 tt-2154 MF010_1959_EP_SU2011_AD_05 @Gram:SerEstar:Ser 
"<simplemente>"
	"simplemente" Adverb ADV lang:es 00:00:00 00:00:07 tt-2155 MF010_1959_EP_SU2011_AD_05 
"<,>"
	"," Punctuation CM lang:es 00:00:00 00:00:07 tt-2156 MF010_1959_EP_SU2011_AD_05 
"<un>"
	"un" Determiner ART Singular lang:es 00:00:00 00:00:07 tt-2157 MF010_1959_EP_SU2011_AD_05 
"<trabajo>"
	"trabajo" Noun NC Singular lang:es 00:00:00 00:00:07 tt-2158 MF010_1959_EP_SU2011_AD_05 
"<,>"
	"," Punctuation CM lang:es 00:00:00 00:00:07 tt-2159 MF010_1959_EP_SU2011_AD_05 
"<que>"
	"que" Conjunction CQUE lang:es 00:00:00 00:00:07 tt-2160 MF010_1959_EP_SU2011_AD_05 
"<yo>"
	"yo" Pronoun PPX Singular lang:es 00:00:00 00:00:07 tt-2161 MF010_1959_EP_SU2011_AD_05 @Gram:Pron:Sujeto 
"<quise>"
	"querer" Verb VLfin Pret Indi Sing 1st lang:es 00:00:00 00:00:07 tt-2162 MF010_1959_EP_SU2011_AD_05 @Gram:Indefinido 
"<tener>"
	"tener" Verb VLinf Infinitive lang:es 00:00:00 00:00:07 tt-2163 MF010_1959_EP_SU2011_AD_05 
"<$.>"
	"." Punctuation FS lang:es 00:00:00 00:00:07 tt-2164 MF010_1959_EP_SU2011_AD_05 
<lang code="en">

"<Ah>"
	"ah" Other UH lang:en 00:00:00 00:00:07 tt-2165 MF010_1959_EP_SU2011_AD_05 
</lang>
"<...>"
	"..." Punctuation DOTS lang:es 00:00:00 00:00:07 tt-2166 MF010_1959_EP_SU2011_AD_05 
"<cuando>"
	"cuando" Conjunction CSUBX lang:es 00:00:00 00:00:07 tt-2167 MF010_1959_EP_SU2011_AD_05 
"<yo>"
	"yo" Pronoun PPX Singular lang:es 00:00:11 00:00:18 tt-2168 MF010_1959_EP_SU2011_AD_05 @Gram:Pron:Sujeto 
"<empecé>"
	"empezar" Verb VLfin Pret Indi Sing 1st lang:es 00:00:11 00:00:18 tt-2169 MF010_1959_EP_SU2011_AD_05 @Gram:Indefinido ID:24 R:Vocab:Fraseol:VerbPrep:25 
"<a>"
	"a" Preposition PREP lang:es 00:00:11 00:00:18 tt-2170 MF010_1959_EP_SU2011_AD_05 @Gram:Prep ID:25 
"<trabajar>"
	"trabajar" Verb VLinf Infinitive lang:es 00:00:11 00:00:18 tt-2171 MF010_1959_EP_SU2011_AD_05 
"<,>"
	"," Punctuation CM lang:es 00:00:11 00:00:18 tt-2172 MF010_1959_EP_SU2011_AD_05 
"<fue>"
	"ser" Verb VSfin Pret Indi Sing 3rd lang:es 00:00:11 00:00:18 tt-2173 MF010_1959_EP_SU2011_AD_05 @Gram:SerEstar:Ser 
"<cuando>"
	"cuando" Conjunction CSUBX lang:es 00:00:11 00:00:18 tt-2174 MF010_1959_EP_SU2011_AD_05 
"<ya>"
	"ya" Adverb ADV lang:es 00:00:11 00:00:18 tt-2175 MF010_1959_EP_SU2011_AD_05 
"<mi>"
	"mío" Pronoun PPO Singular lang:es 00:00:11 00:00:18 tt-2176 MF010_1959_EP_SU2011_AD_05 @Gram:Det:Pos 
"<hija>"
	"hijo" Noun NC Singular lang:es 00:00:11 00:00:18 tt-2177 MF010_1959_EP_SU2011_AD_05 
"<más>"
	"más" Adverb ADV lang:es 00:00:11 00:00:18 tt-2178 MF010_1959_EP_SU2011_AD_05 
"<chica>"
	"chico" Adjective ADJ Singular lang:es 00:00:11 00:00:18 tt-2179 MF010_1959_EP_SU2011_AD_05 
"<tenía>"
	"tener" Verb VLfin Imp Indi Sing 1st_or_3rd lang:es 00:00:11 00:00:18 tt-2180 MF010_1959_EP_SU2011_AD_05 @Gram:Imperf 
"<siete>"
	"siete" Determiner CARD Singular lang:es 00:00:11 00:00:18 tt-2181 MF010_1959_EP_SU2011_AD_05 
"<años>"
	"año" Noun NC Plural lang:es 00:00:11 00:00:18 tt-2182 MF010_1959_EP_SU2011_AD_05 
"<$.>"
	"." Punctuation FS lang:es 00:00:11 00:00:18 tt-2183 MF010_1959_EP_SU2011_AD_05 
<lang code="en">

"<Ah>"
	"ah" Other UH lang:en 00:00:11 00:00:18 tt-2184 MF010_1959_EP_SU2011_AD_05 
</lang>
"<...>"
	"..." Punctuation DOTS lang:es 00:00:11 00:00:18 tt-2185 MF010_1959_EP_SU2011_AD_05 
"<cuando>"
	"cuando" Conjunction CSUBX lang:es 00:00:11 00:00:18 tt-2186 MF010_1959_EP_SU2011_AD_05 
"<ya>"
	"ya" Adverb ADV lang:es 00:00:11 00:00:18 tt-2187 MF010_1959_EP_SU2011_AD_05 
"<ella>"
	"él" Pronoun PPX Singular lang:es 00:00:21 00:00:28 tt-2188 MF010_1959_EP_SU2011_AD_05 @Gram:Pron:Sujeto 
"<empezó>"
	"empezar" Verb VLfin Pret Indi Sing 3rd lang:es 00:00:21 00:00:28 tt-2189 MF010_1959_EP_SU2011_AD_05 @Gram:Indefinido ID:44 R:Vocab:Fraseol:VerbPrep:45 
"<a>"
	"a" Preposition PREP lang:es 00:00:21 00:00:28 tt-2190 MF010_1959_EP_SU2011_AD_05 @Gram:Prep ID:45 
"<ir>"
	"ir" Verb VLinf Infinitive lang:es 00:00:21 00:00:28 tt-2191 MF010_1959_EP_SU2011_AD_05 
"<al>"
	"al" Preposition PAL lang:es 00:00:21 00:00:28 tt-2192 MF010_1959_EP_SU2011_AD_05 @Gram:Prep 
"<...>"
	"..." Punctuation DOTS lang:es 00:00:21 00:00:28 tt-2193 MF010_1959_EP_SU2011_AD_05 
"<al>"
	"al" Preposition PAL lang:es 00:00:21 00:00:28 tt-2194 MF010_1959_EP_SU2011_AD_05 @Gram:Prep 
"<primer>"
	"primero" Adjective ORD Singular lang:es 00:00:21 00:00:28 tt-2195 MF010_1959_EP_SU2011_AD_05 Gram:Adj:Ord 
"<grado>"
	"grado" Noun NMEA Singular lang:es 00:00:21 00:00:28 tt-2196 MF010_1959_EP_SU2011_AD_05 
"<,>"
	"," Punctuation CM lang:es 00:00:21 00:00:28 tt-2197 MF010_1959_EP_SU2011_AD_05 
"<a>"
	"a" Preposition PREP lang:es 00:00:21 00:00:28 tt-2198 MF010_1959_EP_SU2011_AD_05 @Gram:Prep 
"<su>"
	"suyo" Pronoun PPO Singular lang:es 00:00:21 00:00:28 tt-2199 MF010_1959_EP_SU2011_AD_05 @Gram:Det:Pos 
"<primer>"
	"primero" Adjective ORD Singular lang:es 00:00:21 00:00:28 tt-2200 MF010_1959_EP_SU2011_AD_05 Gram:Adj:Ord 
"<grado>"
	"grado" Noun NMEA Singular lang:es 00:00:21 00:00:28 tt-2201 MF010_1959_EP_SU2011_AD_05 
"<...>"
	"..." Punctuation DOTS lang:es 00:00:21 00:00:28 tt-2202 MF010_1959_EP_SU2011_AD_05 
"<en>"
	"en" Preposition PREP lang:es 00:00:21 00:00:28 tt-2203 MF010_1959_EP_SU2011_AD_05 @Gram:Prep 
"<su>"
	"suyo" Pronoun PPO Singular lang:es 00:00:21 00:00:28 tt-2204 MF010_1959_EP_SU2011_AD_05 @Gram:Det:Pos 
"<primer>"
	"primero" Adjective ORD Singular lang:es 00:00:21 00:00:28 tt-2205 MF010_1959_EP_SU2011_AD_05 Gram:Adj:Ord 
"<año>"
	"año" Noun NC Singular lang:es 00:00:21 00:00:28 tt-2206 MF010_1959_EP_SU2011_AD_05 
"<,>"
	"," Punctuation CM lang:es 00:00:21 00:00:28 tt-2207 MF010_1959_EP_SU2011_AD_05 
"<$¿>"
	"¿" Punctuation FS lang:es 00:00:21 00:00:28 tt-2208 MF010_1959_EP_SU2011_AD_05 
"<cómo>"
	"cómo" Adverb ADV lang:es 00:00:21 00:00:28 tt-2209 MF010_1959_EP_SU2011_AD_05 
"<es>"
	"ser" Verb VSfin Pres Indi Sing 3rd lang:es 00:00:29 00:00:36 tt-2210 MF010_1959_EP_SU2011_AD_05 @Gram:SerEstar:Ser 
"<$?>"
	"?" Punctuation FS lang:es 00:00:29 00:00:36 tt-2211 MF010_1959_EP_SU2011_AD_05 

"<A>"
	"a" Preposition PREP lang:es 00:00:29 00:00:36 tt-2212 MF010_1959_EP_SU2011_AD_05 @Gram:Prep 
"<su>"
	"suyo" Pronoun PPO Singular lang:es 00:00:29 00:00:36 tt-2213 MF010_1959_EP_SU2011_AD_05 
"<primer>"
	"primero" Adjective ORD Singular lang:es 00:00:29 00:00:36 tt-2214 MF010_1959_EP_SU2011_AD_05 
"<...>"
	"..." Punctuation DOTS lang:es 00:00:29 00:00:36 tt-2215 MF010_1959_EP_SU2011_AD_05 
"<ya>"
	"ya" Adverb ADV lang:es 00:00:29 00:00:36 tt-2216 MF010_1959_EP_SU2011_AD_05 
"<cuando>"
	"cuando" Conjunction CSUBX lang:es 00:00:29 00:00:36 tt-2217 MF010_1959_EP_SU2011_AD_05 
"<iba>"
	"ir" Verb VLfin Imp Indi Sing 1st_or_3rd lang:es 00:00:29 00:00:36 tt-2218 MF010_1959_EP_SU2011_AD_05 @Gram:Imperf 
"<ella>"
	"él" Pronoun PPX Singular lang:es 00:00:29 00:00:36 tt-2219 MF010_1959_EP_SU2011_AD_05 @Gram:Pron:Sujeto 
"<a>"
	"a" Preposition PREP lang:es 00:00:29 00:00:36 tt-2220 MF010_1959_EP_SU2011_AD_05 @Gram:Prep 
"<empezar>"
	"empezar" Verb VLinf Infinitive lang:es 00:00:29 00:00:36 tt-2221 MF010_1959_EP_SU2011_AD_05 
"<su>"
	"suyo" Pronoun PPO Singular lang:es 00:00:29 00:00:36 tt-2222 MF010_1959_EP_SU2011_AD_05 @Gram:Det:Pos 
<lang code="en">
"<ah>"
	"UNK" Noun NN lang:en 00:00:29 00:00:36 tt-2223 MF010_1959_EP_SU2011_AD_05 
</lang>
"<...>"
	"..." Punctuation DOTS lang:es 00:00:29 00:00:36 tt-2224 MF010_1959_EP_SU2011_AD_05 
"<su>"
	"suyo" Pronoun PPO Singular lang:es 00:00:29 00:00:36 tt-2225 MF010_1959_EP_SU2011_AD_05 @Gram:Det:Pos 
"<primer>"
	"primero" Adjective ORD Singular lang:es 00:00:29 00:00:36 tt-2226 MF010_1959_EP_SU2011_AD_05 Gram:Adj:Ord 
"<grado>"
	"grado" Noun NMEA Singular lang:es 00:00:29 00:00:36 tt-2227 MF010_1959_EP_SU2011_AD_05 
"<,>"
	"," Punctuation CM lang:es 00:00:29 00:00:36 tt-2228 MF010_1959_EP_SU2011_AD_05 
"<ya>"
	"ya" Adverb ADV lang:es 00:00:29 00:00:36 tt-2229 MF010_1959_EP_SU2011_AD_05 
"<yo>"
	"yo" Pronoun PPX Singular lang:es 00:00:29 00:00:36 tt-2230 MF010_1959_EP_SU2011_AD_05 @Gram:Pron:Sujeto 
"<miré>"
	"mirar" Verb VLfin Fut Indi Sing 1st lang:es 00:00:29 00:00:36 tt-2231 MF010_1959_EP_SU2011_AD_05 
"<que>"
	"que" Conjunction CQUE lang:es 00:00:29 00:00:36 tt-2232 MF010_1959_EP_SU2011_AD_05 
"<yo>"
	"yo" Pronoun PPX Singular lang:es 00:00:29 00:00:36 tt-2233 MF010_1959_EP_SU2011_AD_05 @Gram:Pron:Sujeto 
"<tenía>"
	"tener" Verb VLfin Imp Indi Sing 1st_or_3rd lang:es 00:00:29 00:00:36 tt-2234 MF010_1959_EP_SU2011_AD_05 @Gram:Imperf 
"<mucho>"
	"mucho" Determiner QU lang:es 00:00:39 00:00:46 tt-2235 MF010_1959_EP_SU2011_AD_05 
"<tiempo>"
	"tiempo" Noun NC Singular lang:es 00:00:39 00:00:46 tt-2236 MF010_1959_EP_SU2011_AD_05 
"<ya>"
	"ya" Adverb ADV lang:es 00:00:39 00:00:46 tt-2237 MF010_1959_EP_SU2011_AD_05 
"<sin>"
	"sin" Preposition PREP lang:es 00:00:39 00:00:46 tt-2238 MF010_1959_EP_SU2011_AD_05 @Gram:Prep 
"<estar>"
	"estar" Verb VLinf VEinf Infinitive lang:es 00:00:39 00:00:46 tt-2239 MF010_1959_EP_SU2011_AD_05 @Gram:SerEstar:Estar 
"<sola>"
	"solo" Adjective ADJ Singular lang:es 00:00:39 00:00:46 tt-2240 MF010_1959_EP_SU2011_AD_05 
"<,>"
	"," Punctuation CM lang:es 00:00:39 00:00:46 tt-2241 MF010_1959_EP_SU2011_AD_05 
"<y>"
	"y" Conjunction CC lang:es 00:00:39 00:00:46 tt-2242 MF010_1959_EP_SU2011_AD_05 
"<a>"
	"a" Preposition PREP lang:es 00:00:39 00:00:46 tt-2243 MF010_1959_EP_SU2011_AD_05 @Gram:Prep 
"<mí>"
	"yo" Pronoun PPX Singular lang:es 00:00:39 00:00:46 tt-2244 MF010_1959_EP_SU2011_AD_05 
"<no>"
	"no" Adverb NEG lang:es 00:00:39 00:00:46 tt-2245 MF010_1959_EP_SU2011_AD_05 
"<me>"
	"yo" Pronoun PPX Singular lang:es 00:00:39 00:00:46 tt-2246 MF010_1959_EP_SU2011_AD_05 @Gram:Pron:Objeto ID:101 R:Gram:Gustar:Propios:102 
"<gustó>"
	"gustar" Verb VLfin Pret Indi Sing 3rd lang:es 00:00:39 00:00:46 tt-2247 MF010_1959_EP_SU2011_AD_05 @Gram:Indefinido ID:102 
"<esa>"
	"ese" Determiner DM Singular lang:es 00:00:39 00:00:46 tt-2248 MF010_1959_EP_SU2011_AD_05 @Gram:Det:Demo 
"<sensación>"
	"sensación" Noun NC Singular lang:es 00:00:39 00:00:46 tt-2249 MF010_1959_EP_SU2011_AD_05 
"<de>"
	"de" Conjunction CSUBI lang:es 00:00:39 00:00:46 tt-2250 MF010_1959_EP_SU2011_AD_05 
"<quedarme>"
	"quedar" Verb VLinf Pres Subj Sing 1st_or_3rd lang:es 00:00:39 00:00:46 tt-2251 MF010_1959_EP_SU2011_AD_05 
"<en>"
	"en" Preposition PREP lang:es 00:00:39 00:00:46 tt-2252 MF010_1959_EP_SU2011_AD_05 @Gram:Prep 
"<la>"
	"el" Determiner ART Singular lang:es 00:00:39 00:00:46 tt-2253 MF010_1959_EP_SU2011_AD_05 @Gram:Det:Art 
"<casa>"
	"casa" Noun NC Singular lang:es 00:00:49 00:00:56 tt-2254 MF010_1959_EP_SU2011_AD_05 
"<sin>"
	"sin" Preposition PREP lang:es 00:00:49 00:00:56 tt-2255 MF010_1959_EP_SU2011_AD_05 @Gram:Prep 
"<hacer>"
	"hacer" Verb VLinf Infinitive lang:es 00:00:49 00:00:56 tt-2256 MF010_1959_EP_SU2011_AD_05 
"<nada>"
	"nada" Determiner QU lang:es 00:00:49 00:00:56 tt-2257 MF010_1959_EP_SU2011_AD_05 
"<$.>"
	"." Punctuation FS lang:es 00:00:49 00:00:56 tt-2258 MF010_1959_EP_SU2011_AD_05 

"<Entonces>"
	"entonces" Adverb ADV lang:es 00:00:49 00:00:56 tt-2259 MF010_1959_EP_SU2011_AD_05 
"<,>"
	"," Punctuation CM lang:es 00:00:49 00:00:56 tt-2260 MF010_1959_EP_SU2011_AD_05 
"<fue>"
	"ser" Verb VSfin Pret Indi Sing 3rd lang:es 00:00:49 00:00:56 tt-2261 MF010_1959_EP_SU2011_AD_05 @Gram:SerEstar:Ser 
"<cuando>"
	"cuando" Conjunction CSUBX lang:es 00:00:49 00:00:56 tt-2262 MF010_1959_EP_SU2011_AD_05 
"<yo>"
	"yo" Pronoun PPX Singular lang:es 00:00:49 00:00:56 tt-2263 MF010_1959_EP_SU2011_AD_05 @Gram:Pron:Sujeto 
"<empecé>"
	"empezar" Verb VLfin Pret Indi Sing 1st lang:es 00:00:49 00:00:56 tt-2264 MF010_1959_EP_SU2011_AD_05 @Gram:Indefinido ID:119 R:Vocab:Fraseol:VerbPrep:120 
"<a>"
	"a" Preposition PREP lang:es 00:00:49 00:00:56 tt-2265 MF010_1959_EP_SU2011_AD_05 @Gram:Prep ID:120 
"<...>"
	"..." Punctuation DOTS lang:es 00:00:49 00:00:56 tt-2266 MF010_1959_EP_SU2011_AD_05 
"<a>"
	"a" Preposition PREP lang:es 00:00:49 00:00:56 tt-2267 MF010_1959_EP_SU2011_AD_05 @Gram:Prep 
"<buscar>"
	"buscar" Verb VLinf Infinitive lang:es 00:00:49 00:00:56 tt-2268 MF010_1959_EP_SU2011_AD_05 
"<,>"
	"," Punctuation CM lang:es 00:00:49 00:00:56 tt-2269 MF010_1959_EP_SU2011_AD_05 
"<donde>"
	"donde" Adverb ADV lang:es 00:00:49 00:00:56 tt-2270 MF010_1959_EP_SU2011_AD_05 
"<yo>"
	"yo" Pronoun PPX Singular lang:es 00:00:49 00:00:56 tt-2271 MF010_1959_EP_SU2011_AD_05 @Gram:Pron:Sujeto 
"<podía>"
	"poder" Verb VLfin Imp Indi Sing 1st_or_3rd lang:es 00:00:49 00:00:56 tt-2272 MF010_1959_EP_SU2011_AD_05 @Gram:Imperf 
"<trabajar>"
	"trabajar" Verb VLinf Infinitive lang:es 00:00:56 00:01:03 tt-2273 MF010_1959_EP_SU2011_AD_05 
"<$.>"
	"." Punctuation FS lang:es 00:00:56 00:01:03 tt-2274 MF010_1959_EP_SU2011_AD_05 

"<Y>"
	"y" Conjunction CC lang:es 00:00:56 00:01:03 tt-2275 MF010_1959_EP_SU2011_AD_05 
"<pues>"
	"pues" Conjunction CSUBF lang:es 00:00:56 00:01:03 tt-2276 MF010_1959_EP_SU2011_AD_05 
"<,>"
	"," Punctuation CM lang:es 00:00:56 00:01:03 tt-2277 MF010_1959_EP_SU2011_AD_05 
"<empecé>"
	"empezar" Verb VLfin Pret Indi Sing 1st lang:es 00:00:56 00:01:03 tt-2278 MF010_1959_EP_SU2011_AD_05 @Gram:Indefinido ID:133 R:Vocab:Fraseol:VerbPrep:134 
"<a>"
	"a" Preposition PREP lang:es 00:00:56 00:01:03 tt-2279 MF010_1959_EP_SU2011_AD_05 @Gram:Prep ID:134 
"<...>"
	"..." Punctuation DOTS lang:es 00:00:56 00:01:03 tt-2280 MF010_1959_EP_SU2011_AD_05 
"<a>"
	"a" Preposition PREP lang:es 00:00:56 00:01:03 tt-2281 MF010_1959_EP_SU2011_AD_05 @Gram:Prep 
"<...>"
	"..." Punctuation DOTS lang:es 00:00:56 00:01:03 tt-2282 MF010_1959_EP_SU2011_AD_05 
"<empecé>"
	"empezar" Verb VLfin Pret Indi Sing 1st lang:es 00:00:56 00:01:03 tt-2283 MF010_1959_EP_SU2011_AD_05 @Gram:Indefinido ID:138 R:Vocab:Fraseol:VerbPrep:139 
"<con>"
	"con" Preposition PREP lang:es 00:00:56 00:01:03 tt-2284 MF010_1959_EP_SU2011_AD_05 @Gram:Prep ID:139 
"<un>"
	"un" Determiner ART Singular lang:es 00:00:56 00:01:03 tt-2285 MF010_1959_EP_SU2011_AD_05 
"<trabajo>"
	"trabajo" Noun NC Singular lang:es 00:00:56 00:01:03 tt-2286 MF010_1959_EP_SU2011_AD_05 
"<,>"
	"," Punctuation CM lang:es 00:00:56 00:01:03 tt-2287 MF010_1959_EP_SU2011_AD_05 
"<pero>"
	"pero" Conjunction CCAD lang:es 00:00:56 00:01:03 tt-2288 MF010_1959_EP_SU2011_AD_05 @Prag:MarcadoresDisc:Revision 
"<no>"
	"no" Adverb NEG lang:es 00:00:56 00:01:03 tt-2289 MF010_1959_EP_SU2011_AD_05 
"<me>"
	"yo" Pronoun PPX Singular lang:es 00:00:56 00:01:03 tt-2290 MF010_1959_EP_SU2011_AD_05 @Gram:Pron:Objeto ID:145 R:Gram:Gustar:Propios:146 
"<gustó>"
	"gustar" Verb VLfin Pret Indi Sing 3rd lang:es 00:00:56 00:01:03 tt-2291 MF010_1959_EP_SU2011_AD_05 @Gram:Indefinido ID:146 
"<,>"
	"," Punctuation CM lang:es 00:00:56 00:01:03 tt-2292 MF010_1959_EP_SU2011_AD_05 
"<por>"
	"por" Preposition PREP lang:es 00:00:56 00:01:03 tt-2293 MF010_1959_EP_SU2011_AD_05 @Gram:Prep:Por 
"<el>"
	"el" Determiner ART Singular lang:es 00:00:56 00:01:03 tt-2294 MF010_1959_EP_SU2011_AD_05 @Gram:Det:Art 
"<horario>"
	"horario" Noun NC Singular lang:es 00:01:06 00:01:13 tt-2295 MF010_1959_EP_SU2011_AD_05 
"<,>"
	"," Punctuation CM lang:es 00:01:06 00:01:13 tt-2296 MF010_1959_EP_SU2011_AD_05 
"<en>"
	"en" Preposition PREP lang:es 00:01:06 00:01:13 tt-2297 MF010_1959_EP_SU2011_AD_05 @Gram:Prep 
"<una>"
	"un" Determiner ART Singular lang:es 00:01:06 00:01:13 tt-2298 MF010_1959_EP_SU2011_AD_05 
"<tienda>"
	"tienda" Noun NC Singular lang:es 00:01:06 00:01:13 tt-2299 MF010_1959_EP_SU2011_AD_05 
"<$.>"
	"." Punctuation FS lang:es 00:01:06 00:01:13 tt-2300 MF010_1959_EP_SU2011_AD_05 

"<Y>"
	"y" Conjunction CC lang:es 00:01:06 00:01:13 tt-2301 MF010_1959_EP_SU2011_AD_05 
"<ya>"
	"ya" Adverb ADV lang:es 00:01:06 00:01:13 tt-2302 MF010_1959_EP_SU2011_AD_05 
"<después>"
	"después" Adverb ADV lang:es 00:01:06 00:01:13 tt-2303 MF010_1959_EP_SU2011_AD_05 
"<,>"
	"," Punctuation CM lang:es 00:01:06 00:01:13 tt-2304 MF010_1959_EP_SU2011_AD_05 
<lang code="en">
"<ah>"
	"UNK" Noun NP Singular lang:en 00:01:06 00:01:13 tt-2305 MF010_1959_EP_SU2011_AD_05 
</lang>
"<...>"
	"..." Punctuation DOTS lang:es 00:01:06 00:01:13 tt-2306 MF010_1959_EP_SU2011_AD_05 
"<miré>"
	"mirar" Verb VLfin Fut Indi Sing 1st lang:es 00:01:06 00:01:13 tt-2307 MF010_1959_EP_SU2011_AD_05 
"<que>"
	"que" Conjunction CQUE lang:es 00:01:06 00:01:13 tt-2308 MF010_1959_EP_SU2011_AD_05 
"<estaban>"
	"estar" Verb VEfin Imp Indi Plural 3rd lang:es 00:01:06 00:01:13 tt-2309 MF010_1959_EP_SU2011_AD_05 @Gram:Imperf @Gram:SerEstar:Estar 
"<los>"
	"el" Determiner ART Plural lang:es 00:01:06 00:01:13 tt-2310 MF010_1959_EP_SU2011_AD_05 @Gram:Det:Art 
"<...>"
	"..." Punctuation DOTS lang:es 00:01:06 00:01:13 tt-2311 MF010_1959_EP_SU2011_AD_05 
<lang code="en">
"<ah>"
	"UNK" Noun NN lang:en 00:01:06 00:01:13 tt-2312 MF010_1959_EP_SU2011_AD_05 
</lang>
"<...>"
	"..." Punctuation DOTS lang:es 00:01:06 00:01:13 tt-2313 MF010_1959_EP_SU2011_AD_05 
"<en>"
	"en" Preposition PREP lang:es 00:01:06 00:01:13 tt-2314 MF010_1959_EP_SU2011_AD_05 @Gram:Prep 
"<las>"
	"el" Determiner ART Plural lang:es 00:01:06 00:01:13 tt-2315 MF010_1959_EP_SU2011_AD_05 @Gram:Det:Art 
"<cafeterías>"
	"cafetería" Noun NC Plural lang:es 00:01:06 00:01:13 tt-2316 MF010_1959_EP_SU2011_AD_05 
"<de>"
	"de" Preposition PREP lang:es 00:01:15 00:01:22 tt-2317 MF010_1959_EP_SU2011_AD_05 @Gram:Prep 
"<las>"
	"el" Determiner ART Plural lang:es 00:01:15 00:01:22 tt-2318 MF010_1959_EP_SU2011_AD_05 @Gram:Det:Art 
"<escuelas>"
	"escuela" Noun NC Plural lang:es 00:01:15 00:01:22 tt-2319 MF010_1959_EP_SU2011_AD_05 
"<,>"
	"," Punctuation CM lang:es 00:01:15 00:01:22 tt-2320 MF010_1959_EP_SU2011_AD_05 
"<miré>"
	"mirar" Verb VLfin Fut Indi Sing 1st lang:es 00:01:15 00:01:22 tt-2321 MF010_1959_EP_SU2011_AD_05 
"<que>"
	"que" Conjunction CQUE lang:es 00:01:15 00:01:22 tt-2322 MF010_1959_EP_SU2011_AD_05 
"<trabajaba>"
	"trabajar" Verb VLfin Imp Indi Sing 1st_or_3rd lang:es 00:01:15 00:01:22 tt-2323 MF010_1959_EP_SU2011_AD_05 @Gram:Imperf 
"<gente>"
	"gente" Noun NC Singular lang:es 00:01:15 00:01:22 tt-2324 MF010_1959_EP_SU2011_AD_05 
"<,>"
	"," Punctuation CM lang:es 00:01:15 00:01:22 tt-2325 MF010_1959_EP_SU2011_AD_05 
<lang code="en">
"<ah>"
	"UNK" Noun NP Singular lang:en 00:01:15 00:01:22 tt-2326 MF010_1959_EP_SU2011_AD_05 
</lang>
"<...>"
	"..." Punctuation DOTS lang:es 00:01:15 00:01:22 tt-2327 MF010_1959_EP_SU2011_AD_05 
"<y>"
	"y" Conjunction CC lang:es 00:01:15 00:01:22 tt-2328 MF010_1959_EP_SU2011_AD_05 
"<a>"
	"a" Preposition PREP lang:es 00:01:15 00:01:22 tt-2329 MF010_1959_EP_SU2011_AD_05 @Gram:Prep 
"<mí>"
	"yo" Pronoun PPX Singular lang:es 00:01:15 00:01:22 tt-2330 MF010_1959_EP_SU2011_AD_05 
"<me>"
	"yo" Pronoun PPX Singular lang:es 00:01:15 00:01:22 tt-2331 MF010_1959_EP_SU2011_AD_05 @Gram:Pron:Objeto 
"<llamaba>"
	"llamar" Verb VLfin Imp Indi Sing 1st_or_3rd lang:es 00:01:15 00:01:22 tt-2332 MF010_1959_EP_SU2011_AD_05 @Gram:Imperf 
"<mucho>"
	"mucho" Adverb ADV lang:es 00:01:15 00:01:22 tt-2333 MF010_1959_EP_SU2011_AD_05 
"<la>"
	"el" Determiner ART Singular lang:es 00:01:15 00:01:22 tt-2334 MF010_1959_EP_SU2011_AD_05 @Gram:Det:Art 
"<atención>"
	"atención" Noun NC Singular lang:es 00:01:15 00:01:22 tt-2335 MF010_1959_EP_SU2011_AD_05 
"<,>"
	"," Punctuation CM lang:es 00:01:15 00:01:22 tt-2336 MF010_1959_EP_SU2011_AD_05 
"<mirar>"
	"mirar" Verb VLinf Infinitive lang:es 00:01:24 00:01:29 tt-2337 MF010_1959_EP_SU2011_AD_05 
"<que>"
	"que" Conjunction CQUE lang:es 00:01:24 00:01:29 tt-2338 MF010_1959_EP_SU2011_AD_05 
"<era>"
	"ser" Verb VEfin Imp Indi Sing 1st_or_3rd lang:es 00:01:24 00:01:29 tt-2339 MF010_1959_EP_SU2011_AD_05 @Gram:Imperf @Gram:SerEstar:Ser 
"<un>"
	"un" Determiner ART Singular lang:es 00:01:24 00:01:29 tt-2340 MF010_1959_EP_SU2011_AD_05 
"<trabajo>"
	"trabajo" Noun NC Singular lang:es 00:01:24 00:01:29 tt-2341 MF010_1959_EP_SU2011_AD_05 
"<que>"
	"que" Conjunction CQUE lang:es 00:01:24 00:01:29 tt-2342 MF010_1959_EP_SU2011_AD_05 
"<yo>"
	"yo" Pronoun PPX Singular lang:es 00:01:24 00:01:29 tt-2343 MF010_1959_EP_SU2011_AD_05 @Gram:Pron:Sujeto 
"<podía>"
	"poder" Verb VLfin Imp Indi Sing 1st_or_3rd lang:es 00:01:24 00:01:29 tt-2344 MF010_1959_EP_SU2011_AD_05 @Gram:Imperf 
"<hacer>"
	"hacer" Verb VLinf Infinitive lang:es 00:01:24 00:01:29 tt-2345 MF010_1959_EP_SU2011_AD_05 
"<,>"
	"," Punctuation CM lang:es 00:01:24 00:01:29 tt-2346 MF010_1959_EP_SU2011_AD_05 
"<porque>"
	"porque" Conjunction CSUBX lang:es 00:01:24 00:01:29 tt-2347 MF010_1959_EP_SU2011_AD_05 @Prag:MarcadoresDisc:Causa 
"<era>"
	"ser" Verb VEfin Imp Indi Sing 1st_or_3rd lang:es 00:01:24 00:01:29 tt-2348 MF010_1959_EP_SU2011_AD_05 @Gram:Imperf @Gram:SerEstar:Ser 
"<algo>"
	"algo" Determiner QU lang:es 00:01:24 00:01:29 tt-2349 MF010_1959_EP_SU2011_AD_05 
"<parecido>"
	"parecer" Verb VLadj lang:es 00:01:24 00:01:29 tt-2350 MF010_1959_EP_SU2011_AD_05 
"<a>"
	"a" Preposition PREP lang:es 00:01:24 00:01:29 tt-2351 MF010_1959_EP_SU2011_AD_05 @Gram:Prep 
"<lo>"
	"el" Determiner ART Singular lang:es 00:01:24 00:01:29 tt-2352 MF010_1959_EP_SU2011_AD_05 
"<que>"
	"que" Conjunction CQUE lang:es 00:01:24 00:01:29 tt-2353 MF010_1959_EP_SU2011_AD_05 
"<yo>"
	"yo" Pronoun PPX Singular lang:es 00:01:24 00:01:29 tt-2354 MF010_1959_EP_SU2011_AD_05 @Gram:Pron:Sujeto 
"<hacía>"
	"hacer" Verb VLfin Imp Indi Sing 1st_or_3rd lang:es 00:01:24 00:01:29 tt-2355 MF010_1959_EP_SU2011_AD_05 @Gram:Imperf 
"<en>"
	"en" Preposition PREP lang:es 00:01:29 00:01:36 tt-2356 MF010_1959_EP_SU2011_AD_05 @Gram:Prep 
"<la>"
	"el" Determiner ART Singular lang:es 00:01:29 00:01:36 tt-2357 MF010_1959_EP_SU2011_AD_05 @Gram:Det:Art 
"<casa>"
	"casa" Noun NC Singular lang:es 00:01:29 00:01:36 tt-2358 MF010_1959_EP_SU2011_AD_05 
"<$.>"
	"." Punctuation FS lang:es 00:01:29 00:01:36 tt-2359 MF010_1959_EP_SU2011_AD_05 

"<Entonces>"
	"entonces" Adverb ADV lang:es 00:01:29 00:01:36 tt-2360 MF010_1959_EP_SU2011_AD_05 
"<,>"
	"," Punctuation CM lang:es 00:01:29 00:01:36 tt-2361 MF010_1959_EP_SU2011_AD_05 
"<empecé>"
	"empezar" Verb VLfin Pret Indi Sing 1st lang:es 00:01:29 00:01:36 tt-2362 MF010_1959_EP_SU2011_AD_05 @Gram:Indefinido ID:217 R:Vocab:Fraseol:VerbPrep:218 
"<a>"
	"a" Preposition PREP lang:es 00:01:29 00:01:36 tt-2363 MF010_1959_EP_SU2011_AD_05 @Gram:Prep ID:218 
"<investigar>"
	"investigar" Verb VLinf Infinitive lang:es 00:01:29 00:01:36 tt-2364 MF010_1959_EP_SU2011_AD_05 
"<qué>"
	"qué" Pronoun INT Singular lang:es 00:01:29 00:01:36 tt-2365 MF010_1959_EP_SU2011_AD_05 
"<era>"
	"ser" Verb VEfin Imp Indi Sing 1st_or_3rd lang:es 00:01:29 00:01:36 tt-2366 MF010_1959_EP_SU2011_AD_05 @Gram:Imperf @Gram:SerEstar:Ser 
"<lo>"
	"el" Determiner ART Singular lang:es 00:01:29 00:01:36 tt-2367 MF010_1959_EP_SU2011_AD_05 
"<que>"
	"que" Conjunction CQUE lang:es 00:01:29 00:01:36 tt-2368 MF010_1959_EP_SU2011_AD_05 
"<necesitaba>"
	"necesitar" Verb VLfin Imp Indi Sing 1st_or_3rd lang:es 00:01:29 00:01:36 tt-2369 MF010_1959_EP_SU2011_AD_05 @Gram:Imperf 
"<yo>"
	"yo" Pronoun PPX Singular lang:es 00:01:29 00:01:36 tt-2370 MF010_1959_EP_SU2011_AD_05 @Gram:Pron:Sujeto 
"<para>"
	"para" Preposition PREP lang:es 00:01:29 00:01:36 tt-2371 MF010_1959_EP_SU2011_AD_05 @Gram:Prep:Para 
"<agarrar>"
	"agarrar" Verb VLinf Infinitive lang:es 00:01:29 00:01:36 tt-2372 MF010_1959_EP_SU2011_AD_05 
"<un>"
	"un" Determiner ART Singular lang:es 00:01:36 00:01:43 tt-2373 MF010_1959_EP_SU2011_AD_05 
"<trabajo>"
	"trabajo" Noun NC Singular lang:es 00:01:36 00:01:43 tt-2374 MF010_1959_EP_SU2011_AD_05 
"<$.>"
	"." Punctuation FS lang:es 00:01:36 00:01:43 tt-2375 MF010_1959_EP_SU2011_AD_05 

"<Ahí>"
	"ahí" Adverb ADV lang:es 00:01:36 00:01:43 tt-2376 MF010_1959_EP_SU2011_AD_05 
"<mismo>"
	"mismo" Adjective ADJ Singular lang:es 00:01:36 00:01:43 tt-2377 MF010_1959_EP_SU2011_AD_05 
"<,>"
	"," Punctuation CM lang:es 00:01:36 00:01:43 tt-2378 MF010_1959_EP_SU2011_AD_05 
"<en>"
	"en" Preposition PREP lang:es 00:01:36 00:01:43 tt-2379 MF010_1959_EP_SU2011_AD_05 @Gram:Prep 
"<las>"
	"el" Determiner ART Plural lang:es 00:01:36 00:01:43 tt-2380 MF010_1959_EP_SU2011_AD_05 @Gram:Det:Art 
"<cafeterías>"
	"cafetería" Noun NC Plural lang:es 00:01:36 00:01:43 tt-2381 MF010_1959_EP_SU2011_AD_05 
"<donde>"
	"donde" Adverb ADV lang:es 00:01:36 00:01:43 tt-2382 MF010_1959_EP_SU2011_AD_05 
"<estaban>"
	"estar" Verb VEfin Imp Indi Plural 3rd lang:es 00:01:36 00:01:43 tt-2383 MF010_1959_EP_SU2011_AD_05 @Gram:Imperf @Gram:SerEstar:Estar 
"<mis>"
	"mío" Pronoun PPO Plural Adjective ADJ lang:es 00:01:36 00:01:43 tt-2384 MF010_1959_EP_SU2011_AD_05 @Gram:Det:Pos 
"<hijos>"
	"hijo" Noun NC Plural lang:es 00:01:36 00:01:43 tt-2385 MF010_1959_EP_SU2011_AD_05 
"<en>"
	"en" Preposition PREP lang:es 00:01:36 00:01:43 tt-2386 MF010_1959_EP_SU2011_AD_05 @Gram:Prep 
"<la>"
	"el" Determiner ART Singular lang:es 00:01:36 00:01:43 tt-2387 MF010_1959_EP_SU2011_AD_05 @Gram:Det:Art 
"<escuela>"
	"escuela" Noun NC Singular lang:es 00:01:36 00:01:43 tt-2388 MF010_1959_EP_SU2011_AD_05 
"<$.>"
	"." Punctuation FS lang:es 00:01:36 00:01:43 tt-2389 MF010_1959_EP_SU2011_AD_05 

"<Y>"
	"y" Conjunction CC lang:es 00:01:36 00:01:43 tt-2390 MF010_1959_EP_SU2011_AD_05 
"<pues>"
	"pues" Conjunction CSUBF lang:es 00:01:36 00:01:43 tt-2391 MF010_1959_EP_SU2011_AD_05 
"<ya>"
	"ya" Adverb ADV lang:es 00:01:43 00:01:50 tt-2392 MF010_1959_EP_SU2011_AD_05 
"<,>"
	"," Punctuation CM lang:es 00:01:43 00:01:50 tt-2393 MF010_1959_EP_SU2011_AD_05 
"<poco>"
	"poco" Adverb ADV lang:es 00:01:43 00:01:50 tt-2394 MF010_1959_EP_SU2011_AD_05 
"<a>"
	"a" Preposition PREP lang:es 00:01:43 00:01:50 tt-2395 MF010_1959_EP_SU2011_AD_05 @Gram:Prep 
"<poquito>"
	"poco" Noun NC Singular lang:es 00:01:43 00:01:50 tt-2396 MF010_1959_EP_SU2011_AD_05 
"<,>"
	"," Punctuation CM lang:es 00:01:43 00:01:50 tt-2397 MF010_1959_EP_SU2011_AD_05 
"<fue>"
	"ser" Verb VSfin Pret Indi Sing 3rd lang:es 00:01:43 00:01:50 tt-2398 MF010_1959_EP_SU2011_AD_05 @Gram:SerEstar:Ser 
"<como>"
	"como" Conjunction CSUBX lang:es 00:01:43 00:01:50 tt-2399 MF010_1959_EP_SU2011_AD_05 
"<yo>"
	"yo" Pronoun PPX Singular lang:es 00:01:43 00:01:50 tt-2400 MF010_1959_EP_SU2011_AD_05 @Gram:Pron:Sujeto 
"<empecé>"
	"empezar" Verb VLfin Pret Indi Sing 1st lang:es 00:01:43 00:01:50 tt-2401 MF010_1959_EP_SU2011_AD_05 @Gram:Indefinido ID:256 R:Vocab:Fraseol:VerbPrep:257 
"<a>"
	"a" Preposition PREP lang:es 00:01:43 00:01:50 tt-2402 MF010_1959_EP_SU2011_AD_05 @Gram:Prep ID:257 
"<...>"
	"..." Punctuation DOTS lang:es 00:01:43 00:01:50 tt-2403 MF010_1959_EP_SU2011_AD_05 
"<a>"
	"a" Preposition PREP lang:es 00:01:43 00:01:50 tt-2404 MF010_1959_EP_SU2011_AD_05 @Gram:Prep 
"<...>"
	"..." Punctuation DOTS lang:es 00:01:43 00:01:50 tt-2405 MF010_1959_EP_SU2011_AD_05 
"<empecé>"
	"empezar" Verb VLfin Pret Indi Sing 1st lang:es 00:01:43 00:01:50 tt-2406 MF010_1959_EP_SU2011_AD_05 @Gram:Indefinido 
"<trabajando>"
	"trabajar" Verb VLger lang:es 00:01:43 00:01:50 tt-2407 MF010_1959_EP_SU2011_AD_05 
"<poquitas>"
	"poco" Adjective ADJ Plural lang:es 00:01:43 00:01:50 tt-2408 MF010_1959_EP_SU2011_AD_05 
"<horas>"
	"hora" Noun NC Plural lang:es 00:01:43 00:01:50 tt-2409 MF010_1959_EP_SU2011_AD_05 
"<,>"
	"," Punctuation CM lang:es 00:01:43 00:01:50 tt-2410 MF010_1959_EP_SU2011_AD_05 
"<trabajaba>"
	"trabajar" Verb VLfin Imp Indi Sing 1st_or_3rd lang:es 00:01:43 00:01:50 tt-2411 MF010_1959_EP_SU2011_AD_05 @Gram:Imperf 
"<cuatro>"
	"cuatro" Determiner CARD Singular lang:es 00:01:43 00:01:50 tt-2412 MF010_1959_EP_SU2011_AD_05 
"<horas>"
	"hora" Noun NC Plural lang:es 00:01:43 00:01:50 tt-2413 MF010_1959_EP_SU2011_AD_05 
"<,>"
	"," Punctuation CM lang:es 00:01:43 00:01:50 tt-2414 MF010_1959_EP_SU2011_AD_05 
"<cinco>"
	"cinco" Determiner CARD Singular lang:es 00:01:53 00:02:00 tt-2415 MF010_1959_EP_SU2011_AD_05 
"<horas>"
	"hora" Noun NC Plural lang:es 00:01:53 00:02:00 tt-2416 MF010_1959_EP_SU2011_AD_05 
"<,>"
	"," Punctuation CM lang:es 00:01:53 00:02:00 tt-2417 MF010_1959_EP_SU2011_AD_05 
"<seis>"
	"seis" Determiner CARD Plural lang:es 00:01:53 00:02:00 tt-2418 MF010_1959_EP_SU2011_AD_05 
"<horas>"
	"hora" Noun NC Plural lang:es 00:01:53 00:02:00 tt-2419 MF010_1959_EP_SU2011_AD_05 
"<,>"
	"," Punctuation CM lang:es 00:01:53 00:02:00 tt-2420 MF010_1959_EP_SU2011_AD_05 
"<y>"
	"y" Conjunction CC lang:es 00:01:53 00:02:00 tt-2421 MF010_1959_EP_SU2011_AD_05 
"<me>"
	"yo" Pronoun PPX Singular lang:es 00:01:53 00:02:00 tt-2422 MF010_1959_EP_SU2011_AD_05 @Gram:Pron:Objeto ID:277 R:Gram:Gustar:Propios:278 
"<gustaba>"
	"gustar" Verb VLfin Imp Indi Sing 1st_or_3rd lang:es 00:01:53 00:02:00 tt-2423 MF010_1959_EP_SU2011_AD_05 @Gram:Imperf ID:278 
"<porque>"
	"porque" Conjunction CSUBX lang:es 00:01:53 00:02:00 tt-2424 MF010_1959_EP_SU2011_AD_05 @Prag:MarcadoresDisc:Causa 
"<yo>"
	"yo" Pronoun PPX Singular lang:es 00:01:53 00:02:00 tt-2425 MF010_1959_EP_SU2011_AD_05 @Gram:Pron:Sujeto 
"<llevaba>"
	"llevar" Verb VLfin Imp Indi Sing 1st_or_3rd lang:es 00:01:53 00:02:00 tt-2426 MF010_1959_EP_SU2011_AD_05 @Gram:Imperf 
"<a>"
	"a" Preposition PREP lang:es 00:01:53 00:02:00 tt-2427 MF010_1959_EP_SU2011_AD_05 @Gram:Prep 
"<los>"
	"el" Determiner ART Plural lang:es 00:01:53 00:02:00 tt-2428 MF010_1959_EP_SU2011_AD_05 @Gram:Det:Art 
"<niños>"
	"niño" Noun NC Plural lang:es 00:01:53 00:02:00 tt-2429 MF010_1959_EP_SU2011_AD_05 
"<a>"
	"a" Preposition PREP lang:es 00:01:53 00:02:00 tt-2430 MF010_1959_EP_SU2011_AD_05 @Gram:Prep 
"<la>"
	"el" Determiner ART Singular lang:es 00:01:53 00:02:00 tt-2431 MF010_1959_EP_SU2011_AD_05 @Gram:Det:Art 
"<escuela>"
	"escuela" Noun NC Singular lang:es 00:01:53 00:02:00 tt-2432 MF010_1959_EP_SU2011_AD_05 
"<,>"
	"," Punctuation CM lang:es 00:01:53 00:02:00 tt-2433 MF010_1959_EP_SU2011_AD_05 
"<y>"
	"y" Conjunction CC lang:es 00:01:53 00:02:00 tt-2434 MF010_1959_EP_SU2011_AD_05 
"<salía>"
	"salir" Verb VLfin Imp Indi Sing 1st_or_3rd lang:es 00:01:53 00:02:00 tt-2435 MF010_1959_EP_SU2011_AD_05 @Gram:Imperf 
"<yo>"
	"yo" Pronoun PPX Singular lang:es 00:01:53 00:02:00 tt-2436 MF010_1959_EP_SU2011_AD_05 @Gram:Pron:Sujeto 
"<del>"
	"del" Preposition PDEL lang:es 00:01:53 00:02:00 tt-2437 MF010_1959_EP_SU2011_AD_05 @Gram:Prep 
"<trabajo>"
	"trabajo" Noun NC Singular lang:es 00:02:01 00:02:06 tt-2438 MF010_1959_EP_SU2011_AD_05 
"<,>"
	"," Punctuation CM lang:es 00:02:01 00:02:06 tt-2439 MF010_1959_EP_SU2011_AD_05 
"<una>"
	"un" Determiner ART Singular lang:es 00:02:01 00:02:06 tt-2440 MF010_1959_EP_SU2011_AD_05 
"<hora>"
	"hora" Noun NC Singular lang:es 00:02:01 00:02:06 tt-2441 MF010_1959_EP_SU2011_AD_05 
"<antes>"
	"antes" Adverb ADV lang:es 00:02:01 00:02:06 tt-2442 MF010_1959_EP_SU2011_AD_05 
"<de>"
	"de" Conjunction CSUBI lang:es 00:02:01 00:02:06 tt-2443 MF010_1959_EP_SU2011_AD_05 
"<que>"
	"que" Conjunction CQUE lang:es 00:02:01 00:02:06 tt-2444 MF010_1959_EP_SU2011_AD_05 
"<ellos>"
	"él" Pronoun PPX Plural lang:es 00:02:01 00:02:06 tt-2445 MF010_1959_EP_SU2011_AD_05 @Gram:Pron:Sujeto 
"<salieran>"
	"salir" Verb VLfin Past Subj Plural 2nd_or_3rd lang:es 00:02:01 00:02:06 tt-2446 MF010_1959_EP_SU2011_AD_05 @Gram:MSub:Pret 
"<,>"
	"," Punctuation CM lang:es 00:02:01 00:02:06 tt-2447 MF010_1959_EP_SU2011_AD_05 
"<y>"
	"y" Conjunction CC lang:es 00:02:01 00:02:06 tt-2448 MF010_1959_EP_SU2011_AD_05 
"<entonces>"
	"entonces" Adverb ADV lang:es 00:02:01 00:02:06 tt-2449 MF010_1959_EP_SU2011_AD_05 
"<,>"
	"," Punctuation CM lang:es 00:02:01 00:02:06 tt-2450 MF010_1959_EP_SU2011_AD_05 
"<cuando>"
	"cuando" Conjunction CSUBX lang:es 00:02:01 00:02:06 tt-2451 MF010_1959_EP_SU2011_AD_05 
"<ellos>"
	"él" Pronoun PPX Plural lang:es 00:02:01 00:02:06 tt-2452 MF010_1959_EP_SU2011_AD_05 @Gram:Pron:Sujeto 
"<ya>"
	"ya" Adverb ADV lang:es 00:02:01 00:02:06 tt-2453 MF010_1959_EP_SU2011_AD_05 
"<salían>"
	"salir" Verb VLfin Imp Indi Plural 3rd lang:es 00:02:01 00:02:06 tt-2454 MF010_1959_EP_SU2011_AD_05 @Gram:Imperf 
"<,>"
	"," Punctuation CM lang:es 00:02:01 00:02:06 tt-2455 MF010_1959_EP_SU2011_AD_05 
"<yo>"
	"yo" Pronoun PPX Singular lang:es 00:02:01 00:02:06 tt-2456 MF010_1959_EP_SU2011_AD_05 @Gram:Pron:Sujeto 
"<podía>"
	"poder" Verb VLfin Imp Indi Sing 1st_or_3rd lang:es 00:02:01 00:02:06 tt-2457 MF010_1959_EP_SU2011_AD_05 @Gram:Imperf 
"<recogerlos>"
	"UNK" Verb VLinf Infinitive lang:es 00:02:06 00:02:13 tt-2458 MF010_1959_EP_SU2011_AD_05 
"<,>"
	"," Punctuation CM lang:es 00:02:06 00:02:13 tt-2459 MF010_1959_EP_SU2011_AD_05 
"<y>"
	"y" Conjunction CC lang:es 00:02:06 00:02:13 tt-2460 MF010_1959_EP_SU2011_AD_05 
"<fue>"
	"ser" Verb VSfin Pret Indi Sing 3rd lang:es 00:02:06 00:02:13 tt-2461 MF010_1959_EP_SU2011_AD_05 @Gram:SerEstar:Ser 
"<así>"
	"así" Conjunction CSUBF lang:es 00:02:06 00:02:13 tt-2462 MF010_1959_EP_SU2011_AD_05 
"<que>"
	"que" Conjunction CSUBF lang:es 00:02:06 00:02:13 tt-2463 MF010_1959_EP_SU2011_AD_05 
"<yo>"
	"yo" Pronoun PPX Singular lang:es 00:02:06 00:02:13 tt-2464 MF010_1959_EP_SU2011_AD_05 @Gram:Pron:Sujeto 
"<empecé>"
	"empezar" Verb VLfin Pret Indi Sing 1st lang:es 00:02:06 00:02:13 tt-2465 MF010_1959_EP_SU2011_AD_05 @Gram:Indefinido ID:320 R:Vocab:Fraseol:VerbPrep:321 
"<a>"
	"a" Preposition PREP lang:es 00:02:06 00:02:13 tt-2466 MF010_1959_EP_SU2011_AD_05 @Gram:Prep ID:321 
"<trabajar>"
	"trabajar" Verb VLinf Infinitive lang:es 00:02:06 00:02:13 tt-2467 MF010_1959_EP_SU2011_AD_05 
"<,>"
	"," Punctuation CM lang:es 00:02:06 00:02:13 tt-2468 MF010_1959_EP_SU2011_AD_05 
"<y>"
	"y" Conjunction CC lang:es 00:02:06 00:02:13 tt-2469 MF010_1959_EP_SU2011_AD_05 
"<me>"
	"yo" Pronoun PPX Singular lang:es 00:02:06 00:02:13 tt-2470 MF010_1959_EP_SU2011_AD_05 @Gram:Pron:Objeto 
"<ha>"
	"haber" Verb VHfin Pres Indi Sing 3rd lang:es 00:02:06 00:02:13 tt-2471 MF010_1959_EP_SU2011_AD_05 ID:326 R:Gram:Aux:Haber:327 R:Gram:PerfPerif:327 
"<gustado>"
	"gustar" Verb VLadj lang:es 00:02:06 00:02:13 tt-2472 MF010_1959_EP_SU2011_AD_05 ID:327 
"<mucho>"
	"mucho" Adverb ADV lang:es 00:02:06 00:02:13 tt-2473 MF010_1959_EP_SU2011_AD_05 
"<$.>"
	"." Punctuation FS lang:es 00:02:06 00:02:13 tt-2474 MF010_1959_EP_SU2011_AD_05 

"<Y>"
	"y" Conjunction CC lang:es 00:02:06 00:02:13 tt-2475 MF010_1959_EP_SU2011_AD_05 
"<pues>"
	"pues" Conjunction CSUBF lang:es 00:02:06 00:02:13 tt-2476 MF010_1959_EP_SU2011_AD_05 
"<,>"
	"," Punctuation CM lang:es 00:02:06 00:02:13 tt-2477 MF010_1959_EP_SU2011_AD_05 
"<mi>"
	"mío" Pronoun PPO Singular lang:es 00:02:06 00:02:13 tt-2478 MF010_1959_EP_SU2011_AD_05 @Gram:Det:Pos 
"<profesión>"
	"profesión" Noun NC Singular lang:es 00:02:06 00:02:13 tt-2479 MF010_1959_EP_SU2011_AD_05 
"<,>"
	"," Punctuation CM lang:es 00:02:06 00:02:13 tt-2480 MF010_1959_EP_SU2011_AD_05 
"<ahí>"
	"ahí" Adverb ADV lang:es 00:02:15 00:02:22 tt-2481 MF010_1959_EP_SU2011_AD_05 
"<lo>"
	"el" Determiner ART Singular lang:es 00:02:15 00:02:22 tt-2482 MF010_1959_EP_SU2011_AD_05 
"<que>"
	"que" Conjunction CQUE lang:es 00:02:15 00:02:22 tt-2483 MF010_1959_EP_SU2011_AD_05 
"<haces>"
	"haz" Noun NC Plural lang:es 00:02:15 00:02:22 tt-2484 MF010_1959_EP_SU2011_AD_05 
"<es>"
	"ser" Verb VSfin Pres Indi Sing 3rd lang:es 00:02:15 00:02:22 tt-2485 MF010_1959_EP_SU2011_AD_05 @Gram:SerEstar:Ser 
"<cocinar>"
	"cocinar" Verb VLinf Infinitive lang:es 00:02:15 00:02:22 tt-2486 MF010_1959_EP_SU2011_AD_05 
"<,>"
	"," Punctuation CM lang:es 00:02:15 00:02:22 tt-2487 MF010_1959_EP_SU2011_AD_05 
"<pues>"
	"pues" Conjunction CSUBF lang:es 00:02:15 00:02:22 tt-2488 MF010_1959_EP_SU2011_AD_05 
"<en>"
	"en" Preposition PREP lang:es 00:02:15 00:02:22 tt-2489 MF010_1959_EP_SU2011_AD_05 @Gram:Prep 
"<todo>"
	"todo" Determiner QU lang:es 00:02:15 00:02:22 tt-2490 MF010_1959_EP_SU2011_AD_05 
"<lo>"
	"el" Determiner ART Singular lang:es 00:02:15 00:02:22 tt-2491 MF010_1959_EP_SU2011_AD_05 
"<que>"
	"que" Conjunction CQUE lang:es 00:02:15 00:02:22 tt-2492 MF010_1959_EP_SU2011_AD_05 
"<se>"
	"se" Other SE lang:es 00:02:15 00:02:22 tt-2493 MF010_1959_EP_SU2011_AD_05 
"<refiere>"
	"referir" Verb VLfin Pres Indi Sing 3rd lang:es 00:02:15 00:02:22 tt-2494 MF010_1959_EP_SU2011_AD_05 
"<a>"
	"a" Preposition PREP lang:es 00:02:15 00:02:22 tt-2495 MF010_1959_EP_SU2011_AD_05 @Gram:Prep 
"<la>"
	"el" Determiner ART Singular lang:es 00:02:15 00:02:22 tt-2496 MF010_1959_EP_SU2011_AD_05 @Gram:Det:Art 
"<cocina>"
	"cocina" Noun NC Singular lang:es 00:02:15 00:02:22 tt-2497 MF010_1959_EP_SU2011_AD_05 
"<,>"
	"," Punctuation CM lang:es 00:02:15 00:02:22 tt-2498 MF010_1959_EP_SU2011_AD_05 
"<para>"
	"para" Preposition PREP lang:es 00:02:15 00:02:22 tt-2499 MF010_1959_EP_SU2011_AD_05 @Gram:Prep:Para 
"<preparar>"
	"preparar" Verb VLinf Infinitive lang:es 00:02:15 00:02:22 tt-2500 MF010_1959_EP_SU2011_AD_05 
"<los>"
	"el" Determiner ART Plural lang:es 00:02:23 00:02:29 tt-2501 MF010_1959_EP_SU2011_AD_05 @Gram:Det:Art 
"<alimentos>"
	"alimento" Noun NC Plural lang:es 00:02:23 00:02:29 tt-2502 MF010_1959_EP_SU2011_AD_05 
"<de>"
	"de" Preposition PREP lang:es 00:02:23 00:02:29 tt-2503 MF010_1959_EP_SU2011_AD_05 @Gram:Prep 
"<los>"
	"el" Determiner ART Plural lang:es 00:02:23 00:02:29 tt-2504 MF010_1959_EP_SU2011_AD_05 @Gram:Det:Art 
"<niños>"
	"niño" Noun NC Plural lang:es 00:02:23 00:02:29 tt-2505 MF010_1959_EP_SU2011_AD_05 
"<que>"
	"que" Conjunction CQUE lang:es 00:02:23 00:02:29 tt-2506 MF010_1959_EP_SU2011_AD_05 
"<van>"
	"ir" Verb VLfin Pres Indi Plural 3rd lang:es 00:02:23 00:02:29 tt-2507 MF010_1959_EP_SU2011_AD_05 
"<a>"
	"a" Preposition PREP lang:es 00:02:23 00:02:29 tt-2508 MF010_1959_EP_SU2011_AD_05 @Gram:Prep 
"<la>"
	"el" Determiner ART Singular lang:es 00:02:23 00:02:29 tt-2509 MF010_1959_EP_SU2011_AD_05 @Gram:Det:Art 
"<escuela>"
	"escuela" Noun NC Singular lang:es 00:02:23 00:02:29 tt-2510 MF010_1959_EP_SU2011_AD_05 
"<$.>"
	"." Punctuation FS lang:es 00:02:23 00:02:29 tt-2511 MF010_1959_EP_SU2011_AD_05 
</speaker>
</text>

