<text id="MF013_1937_EP_SU2011_AD_01">
<speaker type="int">
"<Belén>"
	"Belén" Noun NP Singular lang:es 00:00:00 00:00:04 tt-16 MF013_1937_EP_SU2011_AD_01 
"<$.>"
	"." Punctuation FS lang:es 00:00:00 00:00:04 tt-17 MF013_1937_EP_SU2011_AD_01 

"<$¿>"
	"¿" Punctuation FS lang:es 00:00:00 00:00:04 tt-18 MF013_1937_EP_SU2011_AD_01 
"<Cuándo>"
	"cuándo" Adverb ADV lang:es 00:00:00 00:00:04 tt-19 MF013_1937_EP_SU2011_AD_01 
"<y>"
	"y" Conjunction CC lang:es 00:00:00 00:00:04 tt-20 MF013_1937_EP_SU2011_AD_01 
"<dónde>"
	"dónde" Adverb ADV lang:es 00:00:00 00:00:04 tt-21 MF013_1937_EP_SU2011_AD_01 
"<naciste>"
	"nacer" Verb VLfin Pret Indi Sing 2nd lang:es 00:00:00 00:00:04 tt-22 MF013_1937_EP_SU2011_AD_01 @Gram:Indefinido ADD:563 
"<$?>"
	"?" Punctuation FS lang:es 00:00:00 00:00:04 tt-23 MF013_1937_EP_SU2011_AD_01 
</speaker>
<speaker type="subj">

"<Ay>"
	"ay" Noun NP Singular lang:es 00:00:04 00:00:11 tt-24 MF013_1937_EP_SU2011_AD_01 
"<,>"
	"," Punctuation CM lang:es 00:00:04 00:00:11 tt-25 MF013_1937_EP_SU2011_AD_01 
"<mamacita>"
	"mamá" Noun NC Singular lang:es 00:00:04 00:00:11 tt-26 MF013_1937_EP_SU2011_AD_01 
"<linda>"
	"lindo" Adjective ADJ Singular lang:es 00:00:04 00:00:11 tt-27 MF013_1937_EP_SU2011_AD_01 
"<$.>"
	"." Punctuation FS lang:es 00:00:04 00:00:11 tt-28 MF013_1937_EP_SU2011_AD_01 

"<Este>"
	"este" Determiner DM Singular lang:es 00:00:04 00:00:11 tt-29 MF013_1937_EP_SU2011_AD_01 @Prag:RecuDiscurso:GanarTiempo ADD:962 
"<...>"
	"..." Punctuation DOTS lang:es 00:00:04 00:00:11 tt-30 MF013_1937_EP_SU2011_AD_01 
"<nací>"
	"nacer" Verb VLfin Pret Indi Sing 1st lang:es 00:00:04 00:00:11 tt-31 MF013_1937_EP_SU2011_AD_01 @Gram:Indefinido ADD:563 
"<en>"
	"en" Preposition PREP lang:es 00:00:04 00:00:11 tt-32 MF013_1937_EP_SU2011_AD_01 @Gram:Prep ADD:489 
"<el>"
	"el" Determiner ART Singular lang:es 00:00:04 00:00:11 tt-33 MF013_1937_EP_SU2011_AD_01 @Gram:Det:Art ADD:341 
"<Estado>"
	"estado" Noun NC Singular lang:es 00:00:04 00:00:11 tt-34 MF013_1937_EP_SU2011_AD_01 
"<de>"
	"de" Preposition PREP lang:es 00:00:04 00:00:11 tt-35 MF013_1937_EP_SU2011_AD_01 @Gram:Prep ADD:489 
"<Durango>"
	"Durango" Noun NP Singular lang:es 00:00:04 00:00:11 tt-36 MF013_1937_EP_SU2011_AD_01 
"<$.>"
	"." Punctuation FS lang:es 00:00:04 00:00:11 tt-37 MF013_1937_EP_SU2011_AD_01 

"<Bueno>"
	"bueno" Adjective ADJ Singular lang:es 00:00:04 00:00:11 tt-38 MF013_1937_EP_SU2011_AD_01 
"<,>"
	"," Punctuation CM lang:es 00:00:04 00:00:11 tt-39 MF013_1937_EP_SU2011_AD_01 
"<una>"
	"un" Determiner ART Singular lang:es 00:00:04 00:00:11 tt-40 MF013_1937_EP_SU2011_AD_01 
"<partecita>"
	"parte" Noun NC Singular lang:es 00:00:04 00:00:11 tt-41 MF013_1937_EP_SU2011_AD_01 
"<de>"
	"de" Preposition PREP lang:es 00:00:04 00:00:11 tt-42 MF013_1937_EP_SU2011_AD_01 @Gram:Prep ADD:489 
"<Durango>"
	"Durango" Noun NP Singular lang:es 00:00:13 00:00:18 tt-43 MF013_1937_EP_SU2011_AD_01 
"<,>"
	"," Punctuation CM lang:es 00:00:13 00:00:18 tt-44 MF013_1937_EP_SU2011_AD_01 
"<chiquita>"
	"chico" Noun NC Singular lang:es 00:00:13 00:00:18 tt-45 MF013_1937_EP_SU2011_AD_01 
"<$.>"
	"." Punctuation FS lang:es 00:00:13 00:00:18 tt-46 MF013_1937_EP_SU2011_AD_01 

"<Entonces>"
	"entonces" Adverb ADV lang:es 00:00:13 00:00:18 tt-47 MF013_1937_EP_SU2011_AD_01 
"<el>"
	"el" Determiner ART Singular lang:es 00:00:13 00:00:18 tt-48 MF013_1937_EP_SU2011_AD_01 @Gram:Det:Art ADD:341 
"<nueve>"
	"nueve" Determiner CARD Singular lang:es 00:00:13 00:00:18 tt-49 MF013_1937_EP_SU2011_AD_01 
"<de>"
	"de" Preposition PREP lang:es 00:00:13 00:00:18 tt-50 MF013_1937_EP_SU2011_AD_01 @Gram:Prep ADD:489 
"<octubre>"
	"octubre" Noun NMON Singular lang:es 00:00:13 00:00:18 tt-51 MF013_1937_EP_SU2011_AD_01 
"<del>"
	"del" Preposition PDEL lang:es 00:00:13 00:00:18 tt-52 MF013_1937_EP_SU2011_AD_01 @Gram:Prep ADD:489 
"<treinta>"
	"treinta" Determiner CARD Singular lang:es 00:00:13 00:00:18 tt-53 MF013_1937_EP_SU2011_AD_01 
"<y>"
	"y" Conjunction CC lang:es 00:00:13 00:00:18 tt-54 MF013_1937_EP_SU2011_AD_01 
"<siete>"
	"siete" Determiner CARD Singular lang:es 00:00:13 00:00:18 tt-55 MF013_1937_EP_SU2011_AD_01 
"<$.>"
	"." Punctuation FS lang:es 00:00:13 00:00:18 tt-56 MF013_1937_EP_SU2011_AD_01 
</speaker>
<speaker type="int">

"<Y>"
	"Y" Other ALFS lang:es 00:00:18 00:00:22 tt-57 MF013_1937_EP_SU2011_AD_01 
"<,>"
	"," Punctuation CM lang:es 00:00:18 00:00:22 tt-58 MF013_1937_EP_SU2011_AD_01 
"<$¿>"
	"¿" Punctuation FS lang:es 00:00:18 00:00:22 tt-59 MF013_1937_EP_SU2011_AD_01 
"<dónde>"
	"dónde" Adverb ADV lang:es 00:00:18 00:00:22 tt-60 MF013_1937_EP_SU2011_AD_01 
"<creciste>"
	"UNK" Verb VLfin Pret Indi Sing 2nd lang:es 00:00:18 00:00:22 tt-61 MF013_1937_EP_SU2011_AD_01 @Gram:Indefinido ADD:563 
"<$?>"
	"?" Punctuation FS lang:es 00:00:18 00:00:22 tt-62 MF013_1937_EP_SU2011_AD_01 

"<$¿>"
	"¿" Punctuation FS lang:es 00:00:18 00:00:22 tt-63 MF013_1937_EP_SU2011_AD_01 
"<Cómo>"
	"cómo" Adverb ADV lang:es 00:00:18 00:00:22 tt-64 MF013_1937_EP_SU2011_AD_01 
"<era>"
	"ser" Verb VEfin Imp Indi Sing 1st_or_3rd lang:es 00:00:18 00:00:22 tt-65 MF013_1937_EP_SU2011_AD_01 @Gram:Imperf @Gram:SerEstar:Ser ADD:554 ADD:664 
"<$?>"
	"?" Punctuation FS lang:es 00:00:18 00:00:22 tt-66 MF013_1937_EP_SU2011_AD_01 

"<Mmm>"
	"mmm" Noun NP Singular lang:es 00:00:22 00:00:29 tt-67 MF013_1937_EP_SU2011_AD_01 
"<...>"
	"..." Punctuation DOTS lang:es 00:00:22 00:00:29 tt-68 MF013_1937_EP_SU2011_AD_01 
"<bueno>"
	"bueno" Adjective ADJ Singular lang:es 00:00:22 00:00:29 tt-69 MF013_1937_EP_SU2011_AD_01 
"<,>"
	"," Punctuation CM lang:es 00:00:22 00:00:29 tt-70 MF013_1937_EP_SU2011_AD_01 
"<crecí>"
	"crecer" Verb VLfin Pret Indi Sing 1st lang:es 00:00:22 00:00:29 tt-71 MF013_1937_EP_SU2011_AD_01 @Gram:Indefinido ADD:563 
"<allí>"
	"allí" Adverb ADV lang:es 00:00:22 00:00:29 tt-72 MF013_1937_EP_SU2011_AD_01 
"<,>"
	"," Punctuation CM lang:es 00:00:22 00:00:29 tt-73 MF013_1937_EP_SU2011_AD_01 
"<en>"
	"en" Preposition PREP lang:es 00:00:22 00:00:29 tt-74 MF013_1937_EP_SU2011_AD_01 @Gram:Prep ADD:489 
"<ese>"
	"ese" Determiner DM Singular lang:es 00:00:22 00:00:29 tt-75 MF013_1937_EP_SU2011_AD_01 @Gram:Det:Demo ADD:353 
"<estado>"
	"estado" Noun NC Singular lang:es 00:00:22 00:00:29 tt-76 MF013_1937_EP_SU2011_AD_01 
"<,>"
	"," Punctuation CM lang:es 00:00:22 00:00:29 tt-77 MF013_1937_EP_SU2011_AD_01 
"<pero>"
	"pero" Conjunction CCAD lang:es 00:00:22 00:00:29 tt-78 MF013_1937_EP_SU2011_AD_01 @Prag:MarcadoresDisc:Revision ADD:849 
"<desde>"
	"desde" Preposition PREP lang:es 00:00:22 00:00:29 tt-79 MF013_1937_EP_SU2011_AD_01 @Gram:Prep ADD:489 
"<ocho>"
	"ocho" Determiner CARD Singular lang:es 00:00:22 00:00:29 tt-80 MF013_1937_EP_SU2011_AD_01 
"<años>"
	"año" Noun NC Plural lang:es 00:00:22 00:00:29 tt-81 MF013_1937_EP_SU2011_AD_01 
"<me>"
	"yo" Pronoun PPX Singular lang:es 00:00:22 00:00:29 tt-82 MF013_1937_EP_SU2011_AD_01 @Gram:Pron:Objeto ADD:523 
"<vine>"
	"venir" Verb VLfin Pret Indi Sing 1st lang:es 00:00:22 00:00:29 tt-83 MF013_1937_EP_SU2011_AD_01 @Gram:Indefinido ADD:563 
"<para>"
	"para" Preposition PREP lang:es 00:00:22 00:00:29 tt-84 MF013_1937_EP_SU2011_AD_01 @Gram:Prep:Para SUBSTITUTE:312 ADD:461 
"<acá>"
	"acá" Adverb ADV lang:es 00:00:22 00:00:29 tt-85 MF013_1937_EP_SU2011_AD_01 
"<$.>"
	"." Punctuation FS lang:es 00:00:22 00:00:29 tt-86 MF013_1937_EP_SU2011_AD_01 

"<Así>"
	"así" Conjunction CSUBX lang:es 00:00:22 00:00:29 tt-87 MF013_1937_EP_SU2011_AD_01 
"<es>"
	"ser" Verb VSfin Pres Indi Sing 3rd lang:es 00:00:30 00:00:34 tt-88 MF013_1937_EP_SU2011_AD_01 @Gram:SerEstar:Ser ADD:664 
"<que>"
	"que" Conjunction CQUE lang:es 00:00:30 00:00:34 tt-89 MF013_1937_EP_SU2011_AD_01 
"<mi>"
	"mío" Pronoun PPO Singular lang:es 00:00:30 00:00:34 tt-90 MF013_1937_EP_SU2011_AD_01 @Gram:Det:Pos ADD:367 
"<niñez>"
	"niñez" Noun NC Singular lang:es 00:00:30 00:00:34 tt-91 MF013_1937_EP_SU2011_AD_01 
"<y>"
	"y" Conjunction CC lang:es 00:00:30 00:00:34 tt-92 MF013_1937_EP_SU2011_AD_01 
"<toda>"
	"todo" Determiner QU lang:es 00:00:30 00:00:34 tt-93 MF013_1937_EP_SU2011_AD_01 
"<mi>"
	"mío" Pronoun PPO Singular lang:es 00:00:30 00:00:34 tt-94 MF013_1937_EP_SU2011_AD_01 @Gram:Det:Pos ADD:367 
"<juventud>"
	"juventud" Noun NC Singular lang:es 00:00:30 00:00:34 tt-95 MF013_1937_EP_SU2011_AD_01 
"<las>"
	"él" Pronoun PPC Plural lang:es 00:00:30 00:00:34 tt-96 MF013_1937_EP_SU2011_AD_01 @Gram:Pron:Objeto ADD:529 
"<pasé>"
	"pasar" Verb VLfin Pret Indi Sing 1st lang:es 00:00:30 00:00:34 tt-97 MF013_1937_EP_SU2011_AD_01 @Gram:Indefinido ADD:563 
"<aquí>"
	"aquí" Adverb ADV lang:es 00:00:30 00:00:34 tt-98 MF013_1937_EP_SU2011_AD_01 
"<$.>"
	"." Punctuation FS lang:es 00:00:30 00:00:34 tt-99 MF013_1937_EP_SU2011_AD_01 

"<En>"
	"en" Preposition PREP lang:es 00:00:30 00:00:34 tt-100 MF013_1937_EP_SU2011_AD_01 @Gram:Prep ADD:489 
"<Juárez>"
	"Juárez" Noun NP Singular lang:es 00:00:30 00:00:34 tt-101 MF013_1937_EP_SU2011_AD_01 
"<$.>"
	"." Punctuation FS lang:es 00:00:30 00:00:34 tt-102 MF013_1937_EP_SU2011_AD_01 

"<Juárez>"
	"Juárez" Noun NP Singular lang:es 00:00:34 00:00:39 tt-103 MF013_1937_EP_SU2011_AD_01 
"<$.>"
	"." Punctuation FS lang:es 00:00:34 00:00:39 tt-104 MF013_1937_EP_SU2011_AD_01 

"<Y>"
	"y" Conjunction CC lang:es 00:00:34 00:00:39 tt-105 MF013_1937_EP_SU2011_AD_01 
"<,>"
	"," Punctuation CM lang:es 00:00:34 00:00:39 tt-106 MF013_1937_EP_SU2011_AD_01 
"<$¿>"
	"¿" Punctuation FS lang:es 00:00:34 00:00:39 tt-107 MF013_1937_EP_SU2011_AD_01 
"<cómo>"
	"cómo" Adverb ADV lang:es 00:00:34 00:00:39 tt-108 MF013_1937_EP_SU2011_AD_01 
"<era>"
	"ser" Verb VEfin Imp Indi Sing 1st_or_3rd lang:es 00:00:34 00:00:39 tt-109 MF013_1937_EP_SU2011_AD_01 @Gram:Imperf @Gram:SerEstar:Ser ADD:554 ADD:664 
"<crecer>"
	"crecer" Verb VLinf Infinitive lang:es 00:00:34 00:00:39 tt-110 MF013_1937_EP_SU2011_AD_01 SUBSTITUTE:296 
"<...>"
	"..." Punctuation DOTS lang:es 00:00:34 00:00:39 tt-111 MF013_1937_EP_SU2011_AD_01 
"<vivir>"
	"vivir" Verb VLinf Infinitive lang:es 00:00:34 00:00:39 tt-112 MF013_1937_EP_SU2011_AD_01 SUBSTITUTE:296 
"<en>"
	"en" Preposition PREP lang:es 00:00:34 00:00:39 tt-113 MF013_1937_EP_SU2011_AD_01 @Gram:Prep ADD:489 
"<Juárez>"
	"Juárez" Noun NP Singular lang:es 00:00:34 00:00:39 tt-114 MF013_1937_EP_SU2011_AD_01 
"<en>"
	"en" Preposition PREP lang:es 00:00:34 00:00:39 tt-115 MF013_1937_EP_SU2011_AD_01 @Gram:Prep ADD:489 
"<esos>"
	"ese" Determiner DM Plural lang:es 00:00:34 00:00:39 tt-116 MF013_1937_EP_SU2011_AD_01 @Gram:Det:Demo ADD:353 
"<tiempos>"
	"tiempo" Noun NC Plural lang:es 00:00:34 00:00:39 tt-117 MF013_1937_EP_SU2011_AD_01 
"<$?>"
	"?" Punctuation FS lang:es 00:00:34 00:00:39 tt-118 MF013_1937_EP_SU2011_AD_01 
</speaker>
<speaker type="subj">

"<...>"
	"..." Punctuation DOTS lang:es 00:00:39 00:00:46 tt-120 MF013_1937_EP_SU2011_AD_01 
"<muy>"
	"muy" Adverb ADV lang:es 00:00:39 00:00:46 tt-121 MF013_1937_EP_SU2011_AD_01 
"<bonito>"
	"bonito" Adjective ADJ Singular lang:es 00:00:39 00:00:46 tt-122 MF013_1937_EP_SU2011_AD_01 
"<porque>"
	"porque" Conjunction CSUBX lang:es 00:00:39 00:00:46 tt-123 MF013_1937_EP_SU2011_AD_01 @Prag:MarcadoresDisc:Causa ADD:902 
"<pues>"
	"pues" Conjunction CSUBF lang:es 00:00:39 00:00:46 tt-124 MF013_1937_EP_SU2011_AD_01 
"<no>"
	"no" Adverb NEG lang:es 00:00:39 00:00:46 tt-125 MF013_1937_EP_SU2011_AD_01 
"<había>"
	"haber" Verb VHfin Imp Indi Sing 1st_or_3rd lang:es 00:00:39 00:00:46 tt-126 MF013_1937_EP_SU2011_AD_01 @Gram:Haber:Exist ADD:680 
"<peligros>"
	"peligro" Noun NC Plural lang:es 00:00:39 00:00:46 tt-127 MF013_1937_EP_SU2011_AD_01 
"<de>"
	"de" Preposition PREP lang:es 00:00:39 00:00:46 tt-128 MF013_1937_EP_SU2011_AD_01 @Gram:Prep ADD:489 
"<,>"
	"," Punctuation CM lang:es 00:00:39 00:00:46 tt-129 MF013_1937_EP_SU2011_AD_01 
"<como>"
	"como" Conjunction CSUBX lang:es 00:00:39 00:00:46 tt-130 MF013_1937_EP_SU2011_AD_01 
"<ahora>"
	"ahora" Adverb ADV lang:es 00:00:39 00:00:46 tt-131 MF013_1937_EP_SU2011_AD_01 
"<que>"
	"que" Conjunction CQUE lang:es 00:00:39 00:00:46 tt-132 MF013_1937_EP_SU2011_AD_01 
"<y>"
	"y" Conjunction CC lang:es 00:00:39 00:00:46 tt-134 MF013_1937_EP_SU2011_AD_01 
"<las>"
	"el" Determiner ART Plural lang:es 00:00:39 00:00:46 tt-135 MF013_1937_EP_SU2011_AD_01 @Gram:Det:Art ADD:341 
"<gangas>"
	"ganga" Noun NC Plural lang:es 00:00:39 00:00:46 tt-136 MF013_1937_EP_SU2011_AD_01 
"<y>"
	"y" Conjunction CC lang:es 00:00:47 00:00:53 tt-137 MF013_1937_EP_SU2011_AD_01 
"<las>"
	"el" Determiner ART Plural lang:es 00:00:47 00:00:53 tt-138 MF013_1937_EP_SU2011_AD_01 @Gram:Det:Art ADD:341 
"<raterías>"
	"UNK" Noun NC Plural lang:es 00:00:47 00:00:53 tt-139 MF013_1937_EP_SU2011_AD_01 
"<y>"
	"y" Conjunction CC lang:es 00:00:47 00:00:53 tt-140 MF013_1937_EP_SU2011_AD_01 
"<que>"
	"que" Conjunction CQUE lang:es 00:00:47 00:00:53 tt-141 MF013_1937_EP_SU2011_AD_01 
"<te>"
	"tú" Pronoun PPX Singular lang:es 00:00:47 00:00:53 tt-142 MF013_1937_EP_SU2011_AD_01 @Gram:Pron:Objeto ADD:523 
"<$.>"
	"." Punctuation FS lang:es 00:00:47 00:00:53 tt-143 MF013_1937_EP_SU2011_AD_01 

"<Muy>"
	"muy" Adverb ADV lang:es 00:00:47 00:00:53 tt-144 MF013_1937_EP_SU2011_AD_01 
"<,>"
	"," Punctuation CM lang:es 00:00:47 00:00:53 tt-145 MF013_1937_EP_SU2011_AD_01 
"<muy>"
	"muy" Adverb ADV lang:es 00:00:47 00:00:53 tt-146 MF013_1937_EP_SU2011_AD_01 
"<a>"
	"a" Preposition PREP lang:es 00:00:47 00:00:53 tt-147 MF013_1937_EP_SU2011_AD_01 @Gram:Prep ADD:489 
"<gusto>"
	"gusto" Noun NC Singular lang:es 00:00:47 00:00:53 tt-148 MF013_1937_EP_SU2011_AD_01 
"<$.>"
	"." Punctuation FS lang:es 00:00:47 00:00:53 tt-149 MF013_1937_EP_SU2011_AD_01 
</speaker>
<speaker type="int">

"<$¿>"
	"¿" Punctuation FS lang:es 00:00:53 00:00:56 tt-150 MF013_1937_EP_SU2011_AD_01 
"<De>"
	"de" Preposition PREP lang:es 00:00:53 00:00:56 tt-151 MF013_1937_EP_SU2011_AD_01 @Gram:Prep ADD:489 
"<dónde>"
	"dónde" Adverb ADV lang:es 00:00:53 00:00:56 tt-152 MF013_1937_EP_SU2011_AD_01 
"<viene>"
	"venir" Verb VLfin Pres Indi Sing 3rd lang:es 00:00:53 00:00:56 tt-153 MF013_1937_EP_SU2011_AD_01 
"<tu>"
	"tú" Pronoun PPX Singular lang:es 00:00:53 00:00:56 tt-154 MF013_1937_EP_SU2011_AD_01 @Gram:Det:Pos ADD:367 
"<familia>"
	"familia" Noun NC Singular lang:es 00:00:53 00:00:56 tt-155 MF013_1937_EP_SU2011_AD_01 
"<$?>"
	"?" Punctuation FS lang:es 00:00:53 00:00:56 tt-156 MF013_1937_EP_SU2011_AD_01 
</speaker>
<speaker type="subj">

"<También>"
	"también" Adverb ADV lang:es 00:00:56 00:01:00 tt-157 MF013_1937_EP_SU2011_AD_01 @Prag:MarcadoresDisc:Igualdad ADD:933 
"<de>"
	"de" Preposition PREP lang:es 00:00:56 00:01:00 tt-158 MF013_1937_EP_SU2011_AD_01 @Gram:Prep ADD:489 
"<esa>"
	"ese" Determiner DM Singular lang:es 00:00:56 00:01:00 tt-159 MF013_1937_EP_SU2011_AD_01 @Gram:Det:Demo ADD:353 
"<parte>"
	"parte" Noun NC Singular lang:es 00:00:56 00:01:00 tt-160 MF013_1937_EP_SU2011_AD_01 
"<de>"
	"de" Preposition PREP lang:es 00:00:56 00:01:00 tt-161 MF013_1937_EP_SU2011_AD_01 @Gram:Prep ADD:489 
"<Durango>"
	"Durango" Noun NP Singular lang:es 00:00:56 00:01:00 tt-162 MF013_1937_EP_SU2011_AD_01 
"<$.>"
	"." Punctuation FS lang:es 00:00:56 00:01:00 tt-163 MF013_1937_EP_SU2011_AD_01 
</speaker>
<speaker type="int">

"<$¿>"
	"¿" Punctuation FS lang:es 00:01:00 00:01:02 tt-164 MF013_1937_EP_SU2011_AD_01 
"<Qué>"
	"qué" Pronoun INT Singular lang:es 00:01:00 00:01:02 tt-165 MF013_1937_EP_SU2011_AD_01 
"<hacían>"
	"hacer" Verb VLfin Imp Indi Plural 3rd lang:es 00:01:00 00:01:02 tt-166 MF013_1937_EP_SU2011_AD_01 @Gram:Imperf ADD:554 
"<tus>"
	"UNK" Noun NC Plural lang:es 00:01:00 00:01:02 tt-167 MF013_1937_EP_SU2011_AD_01 @Gram:Det:Pos ADD:368 
"<padres>"
	"padre" Noun NC Plural lang:es 00:01:00 00:01:02 tt-168 MF013_1937_EP_SU2011_AD_01 
"<$?>"
	"?" Punctuation FS lang:es 00:01:00 00:01:02 tt-169 MF013_1937_EP_SU2011_AD_01 
</speaker>
<speaker type="subj">

"<Mmm>"
	"mmm" Noun NP Singular lang:es 00:01:02 00:01:09 tt-170 MF013_1937_EP_SU2011_AD_01 
"<...>"
	"..." Punctuation DOTS lang:es 00:01:02 00:01:09 tt-171 MF013_1937_EP_SU2011_AD_01 
"<agricultura>"
	"agricultura" Noun NC Singular lang:es 00:01:02 00:01:09 tt-172 MF013_1937_EP_SU2011_AD_01 
"<$.>"
	"." Punctuation FS lang:es 00:01:02 00:01:09 tt-173 MF013_1937_EP_SU2011_AD_01 

"<Sembrábamos>"
	"sembrar" Verb VLfin Imp Indi Plural 1st lang:es 00:01:02 00:01:09 tt-174 MF013_1937_EP_SU2011_AD_01 @Gram:Imperf ADD:554 
"<,>"
	"," Punctuation CM lang:es 00:01:02 00:01:09 tt-175 MF013_1937_EP_SU2011_AD_01 
"<sembraban>"
	"UNK" Verb VLfin Imp Indi Plural 3rd lang:es 00:01:02 00:01:09 tt-176 MF013_1937_EP_SU2011_AD_01 @Gram:Imperf ADD:554 
"<maíz>"
	"maíz" Noun NC Singular lang:es 00:01:02 00:01:09 tt-177 MF013_1937_EP_SU2011_AD_01 
"<,>"
	"," Punctuation CM lang:es 00:01:02 00:01:09 tt-178 MF013_1937_EP_SU2011_AD_01 
"<frijol>"
	"frijol" Noun NC Singular lang:es 00:01:02 00:01:09 tt-179 MF013_1937_EP_SU2011_AD_01 
"<,>"
	"," Punctuation CM lang:es 00:01:02 00:01:09 tt-180 MF013_1937_EP_SU2011_AD_01 
"<todo>"
	"todo" Determiner QU lang:es 00:01:02 00:01:09 tt-181 MF013_1937_EP_SU2011_AD_01 
"<lo>"
	"el" Determiner ART Singular lang:es 00:01:02 00:01:09 tt-182 MF013_1937_EP_SU2011_AD_01 
"<que>"
	"que" Conjunction CQUE lang:es 00:01:02 00:01:09 tt-183 MF013_1937_EP_SU2011_AD_01 
"<es>"
	"ser" Verb VSfin Pres Indi Sing 3rd lang:es 00:01:02 00:01:09 tt-184 MF013_1937_EP_SU2011_AD_01 @Gram:SerEstar:Ser ADD:664 
"<de>"
	"de" Other PE lang:es 00:01:02 00:01:09 tt-185 MF013_1937_EP_SU2011_AD_01 
"<$.>"
	"." Punctuation FS lang:es 00:01:02 00:01:09 tt-186 MF013_1937_EP_SU2011_AD_01 
</speaker>
</text>

