<text id="MF019_1971_CT_SU2011_VA_06">
<speaker type="subj">
"<conmigo>"
	"UNK" Verb VLfin Pres Indi Sing 1st lang:es 00:00:00 00:00:07 tt-2144 MF019_1971_CT_SU2011_VA_06 
"<...>"
	"..." Punctuation DOTS lang:es 00:00:00 00:00:07 tt-2145 MF019_1971_CT_SU2011_VA_06 
"<ahora>"
	"ahora" Adverb ADV lang:es 00:00:00 00:00:07 tt-2146 MF019_1971_CT_SU2011_VA_06 
"<,>"
	"," Punctuation CM lang:es 00:00:00 00:00:07 tt-2147 MF019_1971_CT_SU2011_VA_06 
"<cuando>"
	"cuando" Conjunction CSUBX lang:es 00:00:00 00:00:07 tt-2148 MF019_1971_CT_SU2011_VA_06 
"<me>"
	"yo" Pronoun PPX Singular lang:es 00:00:00 00:00:07 tt-2149 MF019_1971_CT_SU2011_VA_06 @Gram:Pron:Objeto 
"<fui>"
	"ir|ser" Verb VLfin Pret Indi Sing 1st lang:es 00:00:00 00:00:07 tt-2150 MF019_1971_CT_SU2011_VA_06 @Gram:Indefinido 
"<a>"
	"a" Preposition PREP lang:es 00:00:00 00:00:07 tt-2151 MF019_1971_CT_SU2011_VA_06 @Gram:Prep 
"<Rusia>"
	"UNK" Noun NP Singular lang:es 00:00:00 00:00:07 tt-2152 MF019_1971_CT_SU2011_VA_06 
"<porque>"
	"porque" Conjunction CSUBX lang:es 00:00:00 00:00:07 tt-2153 MF019_1971_CT_SU2011_VA_06 @Prag:MarcadoresDisc:Causa 
"<viví>"
	"vivir" Verb VLfin Pret Indi Sing 1st lang:es 00:00:00 00:00:07 tt-2154 MF019_1971_CT_SU2011_VA_06 @Gram:Indefinido 
"<en>"
	"en" Preposition PREP lang:es 00:00:00 00:00:07 tt-2155 MF019_1971_CT_SU2011_VA_06 @Gram:Prep 
"<Rusia>"
	"UNK" Noun NP Singular lang:es 00:00:00 00:00:07 tt-2156 MF019_1971_CT_SU2011_VA_06 
"<dos>"
	"dos" Determiner CARD Plural lang:es 00:00:00 00:00:07 tt-2157 MF019_1971_CT_SU2011_VA_06 
"<años>"
	"año" Noun NC Plural lang:es 00:00:00 00:00:07 tt-2158 MF019_1971_CT_SU2011_VA_06 
"<y>"
	"y" Conjunction CC lang:es 00:00:00 00:00:07 tt-2159 MF019_1971_CT_SU2011_VA_06 
"<medio>"
	"medio" Noun NC Singular lang:es 00:00:00 00:00:07 tt-2160 MF019_1971_CT_SU2011_VA_06 
"<,>"
	"," Punctuation CM lang:es 00:00:00 00:00:07 tt-2161 MF019_1971_CT_SU2011_VA_06 
"<ahí>"
	"ahí" Adverb ADV lang:es 00:00:00 00:00:07 tt-2162 MF019_1971_CT_SU2011_VA_06 
"<sí>"
	"sí" Adverb ADV lang:es 00:00:00 00:00:07 tt-2163 MF019_1971_CT_SU2011_VA_06 
"<fue>"
	"ser" Verb VSfin Pret Indi Sing 3rd lang:es 00:00:00 00:00:07 tt-2164 MF019_1971_CT_SU2011_VA_06 @Gram:SerEstar:Ser 
"<difícil>"
	"difícil" Adjective ADJ Singular lang:es 00:00:07 00:00:14 tt-2165 MF019_1971_CT_SU2011_VA_06 
"<$.>"
	"." Punctuation FS lang:es 00:00:07 00:00:14 tt-2166 MF019_1971_CT_SU2011_VA_06 

"<Número>"
	"número" Noun NC Singular lang:es 00:00:07 00:00:14 tt-2167 MF019_1971_CT_SU2011_VA_06 
"<uno>"
	"uno" Determiner CARD Singular lang:es 00:00:07 00:00:14 tt-2168 MF019_1971_CT_SU2011_VA_06 
"<no>"
	"no" Adverb NEG lang:es 00:00:07 00:00:14 tt-2169 MF019_1971_CT_SU2011_VA_06 
"<sabía>"
	"saber" Verb VLfin Imp Indi Sing 1st_or_3rd lang:es 00:00:07 00:00:14 tt-2170 MF019_1971_CT_SU2011_VA_06 @Gram:Imperf 
"<ruso>"
	"ruso" Noun NC Singular lang:es 00:00:07 00:00:14 tt-2171 MF019_1971_CT_SU2011_VA_06 
"<$.>"
	"." Punctuation FS lang:es 00:00:07 00:00:14 tt-2172 MF019_1971_CT_SU2011_VA_06 

"<Número>"
	"número" Noun NC Singular lang:es 00:00:07 00:00:14 tt-2173 MF019_1971_CT_SU2011_VA_06 
"<dos>"
	"dos" Determiner CARD Plural lang:es 00:00:07 00:00:14 tt-2174 MF019_1971_CT_SU2011_VA_06 
"<es>"
	"ser" Verb VSfin Pres Indi Sing 3rd lang:es 00:00:07 00:00:14 tt-2175 MF019_1971_CT_SU2011_VA_06 @Gram:SerEstar:Ser 
"<un>"
	"un" Determiner ART Singular lang:es 00:00:07 00:00:14 tt-2176 MF019_1971_CT_SU2011_VA_06 
"<mundo>"
	"mundo" Noun NC Singular lang:es 00:00:07 00:00:14 tt-2177 MF019_1971_CT_SU2011_VA_06 
"<distinto>"
	"distinto" Adjective ADJ Singular lang:es 00:00:07 00:00:14 tt-2178 MF019_1971_CT_SU2011_VA_06 
"<$.>"
	"." Punctuation FS lang:es 00:00:07 00:00:14 tt-2179 MF019_1971_CT_SU2011_VA_06 

"<Entonces>"
	"entonces" Adverb ADV lang:es 00:00:07 00:00:14 tt-2180 MF019_1971_CT_SU2011_VA_06 
"<imagínate>"
	"imaginar" Verb VLfin Pres Command Sing 2nd lang:es 00:00:07 00:00:14 tt-2181 MF019_1971_CT_SU2011_VA_06 @Gram:MImp:Informal 
"<,>"
	"," Punctuation CM lang:es 00:00:07 00:00:14 tt-2182 MF019_1971_CT_SU2011_VA_06 
"<despertar>"
	"despertar" Verb VLinf Infinitive lang:es 00:00:16 00:00:22 tt-2183 MF019_1971_CT_SU2011_VA_06 
"<,>"
	"," Punctuation CM lang:es 00:00:16 00:00:22 tt-2184 MF019_1971_CT_SU2011_VA_06 
"<salir>"
	"salir" Verb VLinf Infinitive lang:es 00:00:16 00:00:22 tt-2185 MF019_1971_CT_SU2011_VA_06 
"<a>"
	"a" Preposition PREP lang:es 00:00:16 00:00:22 tt-2186 MF019_1971_CT_SU2011_VA_06 @Gram:Prep 
"<la>"
	"el" Determiner ART Singular lang:es 00:00:16 00:00:22 tt-2187 MF019_1971_CT_SU2011_VA_06 @Gram:Det:Art 
"<calle>"
	"calle" Noun NC Singular lang:es 00:00:16 00:00:22 tt-2188 MF019_1971_CT_SU2011_VA_06 
"<,>"
	"," Punctuation CM lang:es 00:00:16 00:00:22 tt-2189 MF019_1971_CT_SU2011_VA_06 
"<sentir>"
	"sentir" Verb VLinf Infinitive lang:es 00:00:16 00:00:22 tt-2190 MF019_1971_CT_SU2011_VA_06 
"<que>"
	"que" Conjunction CQUE lang:es 00:00:16 00:00:22 tt-2191 MF019_1971_CT_SU2011_VA_06 
"<todos>"
	"todo" Determiner QU lang:es 00:00:16 00:00:22 tt-2192 MF019_1971_CT_SU2011_VA_06 
"<los>"
	"el" Determiner ART Plural lang:es 00:00:16 00:00:22 tt-2193 MF019_1971_CT_SU2011_VA_06 @Gram:Det:Art 
"<edificios>"
	"edificio" Noun NC Plural lang:es 00:00:16 00:00:22 tt-2194 MF019_1971_CT_SU2011_VA_06 
"<son>"
	"ser" Verb VSfin Pres Indi Plural 3rd lang:es 00:00:16 00:00:22 tt-2195 MF019_1971_CT_SU2011_VA_06 @Gram:SerEstar:Ser 
"<iguales>"
	"igual" Adjective ADJ Plural lang:es 00:00:16 00:00:22 tt-2196 MF019_1971_CT_SU2011_VA_06 
"<y>"
	"y" Conjunction CC lang:es 00:00:16 00:00:22 tt-2197 MF019_1971_CT_SU2011_VA_06 
"<ni>"
	"ni" Conjunction CCNEG lang:es 00:00:16 00:00:22 tt-2198 MF019_1971_CT_SU2011_VA_06 
"<siquiera>"
	"siquiera" Adverb ADV lang:es 00:00:16 00:00:22 tt-2199 MF019_1971_CT_SU2011_VA_06 
"<puedes>"
	"poder" Verb VLfin Pres Indi Sing 2nd lang:es 00:00:16 00:00:22 tt-2200 MF019_1971_CT_SU2011_VA_06 
"<leer>"
	"leer" Verb VLinf Infinitive lang:es 00:00:22 00:00:27 tt-2201 MF019_1971_CT_SU2011_VA_06 
"<las>"
	"el" Determiner ART Plural lang:es 00:00:22 00:00:27 tt-2202 MF019_1971_CT_SU2011_VA_06 @Gram:Det:Art 
"<calles>"
	"calle" Noun NC Plural lang:es 00:00:22 00:00:27 tt-2203 MF019_1971_CT_SU2011_VA_06 
"<[>"
	"[" Punctuation LP lang:es 00:00:22 00:00:27 tt-2204 MF019_1971_CT_SU2011_VA_06 
"<Risas>"
	"UNK" Noun NP Plural lang:es 00:00:22 00:00:27 tt-2205 MF019_1971_CT_SU2011_VA_06 
"<]>"
	"]" Other RP lang:es 00:00:22 00:00:27 tt-2206 MF019_1971_CT_SU2011_VA_06 
"<$.>"
	"." Punctuation FS lang:es 00:00:22 00:00:27 tt-2207 MF019_1971_CT_SU2011_VA_06 

"<Entonces>"
	"entonces" Adverb ADV lang:es 00:00:22 00:00:27 tt-2208 MF019_1971_CT_SU2011_VA_06 
"<,>"
	"," Punctuation CM lang:es 00:00:22 00:00:27 tt-2209 MF019_1971_CT_SU2011_VA_06 
"<lo>"
	"el" Determiner ART Singular lang:es 00:00:22 00:00:27 tt-2210 MF019_1971_CT_SU2011_VA_06 
"<primero>"
	"primero" Noun NC Singular lang:es 00:00:22 00:00:27 tt-2211 MF019_1971_CT_SU2011_VA_06 
"<que>"
	"que" Conjunction CQUE lang:es 00:00:22 00:00:27 tt-2212 MF019_1971_CT_SU2011_VA_06 
"<hice>"
	"hacer" Verb VLfin Pret Indi Sing 1st lang:es 00:00:22 00:00:27 tt-2213 MF019_1971_CT_SU2011_VA_06 @Gram:Indefinido 
"<fue>"
	"ser" Verb VSfin Pret Indi Sing 3rd lang:es 00:00:22 00:00:27 tt-2214 MF019_1971_CT_SU2011_VA_06 @Gram:SerEstar:Ser 
"<aprender>"
	"aprender" Verb VLinf Infinitive lang:es 00:00:22 00:00:27 tt-2215 MF019_1971_CT_SU2011_VA_06 
"<el>"
	"el" Determiner ART Singular lang:es 00:00:22 00:00:27 tt-2216 MF019_1971_CT_SU2011_VA_06 @Gram:Det:Art ID:73 R:Gram:Genero:ExcepMasc:74 
"<idioma>"
	"idioma" Noun NC Singular lang:es 00:00:22 00:00:27 tt-2217 MF019_1971_CT_SU2011_VA_06 ID:74 
"<,>"
	"," Punctuation CM lang:es 00:00:22 00:00:27 tt-2218 MF019_1971_CT_SU2011_VA_06 
"<tratar>"
	"tratar" Verb VLinf Infinitive lang:es 00:00:22 00:00:27 tt-2219 MF019_1971_CT_SU2011_VA_06 
"<de>"
	"de" Preposition PREP lang:es 00:00:22 00:00:27 tt-2220 MF019_1971_CT_SU2011_VA_06 @Gram:Prep 
"<aprenderlo>"
	"aprender" Verb VLinf Pres Indi Sing 1st lang:es 00:00:27 00:00:33 tt-2221 MF019_1971_CT_SU2011_VA_06 
"<,>"
	"," Punctuation CM lang:es 00:00:27 00:00:33 tt-2222 MF019_1971_CT_SU2011_VA_06 
"<nunca>"
	"nunca" Adverb ADV lang:es 00:00:27 00:00:33 tt-2223 MF019_1971_CT_SU2011_VA_06 
"<lo>"
	"él" Pronoun PPC Singular lang:es 00:00:27 00:00:33 tt-2224 MF019_1971_CT_SU2011_VA_06 @Gram:Pron:Objeto 
"<aprendí>"
	"aprender" Verb VLfin Pret Indi Sing 1st lang:es 00:00:27 00:00:33 tt-2225 MF019_1971_CT_SU2011_VA_06 @Gram:Indefinido 
"<completamente>"
	"completamente" Adverb ADV lang:es 00:00:27 00:00:33 tt-2226 MF019_1971_CT_SU2011_VA_06 
"<,>"
	"," Punctuation CM lang:es 00:00:27 00:00:33 tt-2227 MF019_1971_CT_SU2011_VA_06 
"<pero>"
	"pero" Conjunction CCAD lang:es 00:00:27 00:00:33 tt-2228 MF019_1971_CT_SU2011_VA_06 @Prag:MarcadoresDisc:Revision 
"<cuando>"
	"cuando" Conjunction CSUBX lang:es 00:00:27 00:00:33 tt-2229 MF019_1971_CT_SU2011_VA_06 
"<menos>"
	"menos" Adverb ADV lang:es 00:00:27 00:00:33 tt-2230 MF019_1971_CT_SU2011_VA_06 
"<podía>"
	"poder" Verb VLfin Imp Indi Sing 1st_or_3rd lang:es 00:00:27 00:00:33 tt-2231 MF019_1971_CT_SU2011_VA_06 @Gram:Imperf 
"<darme>"
	"dar" Verb VLinf Pres Subj Sing 1st_or_3rd lang:es 00:00:27 00:00:33 tt-2232 MF019_1971_CT_SU2011_VA_06 @Gram:MSub:Pres 
"<a>"
	"a" Preposition PREP lang:es 00:00:27 00:00:33 tt-2233 MF019_1971_CT_SU2011_VA_06 @Gram:Prep 
"<entender>"
	"entender" Verb VLinf Infinitive lang:es 00:00:27 00:00:33 tt-2234 MF019_1971_CT_SU2011_VA_06 
"<,>"
	"," Punctuation CM lang:es 00:00:27 00:00:33 tt-2235 MF019_1971_CT_SU2011_VA_06 
"<obviamente>"
	"obvio" Adverb ADV lang:es 00:00:33 00:00:39 tt-2236 MF019_1971_CT_SU2011_VA_06 
"<como>"
	"como" Conjunction CSUBX lang:es 00:00:33 00:00:39 tt-2237 MF019_1971_CT_SU2011_VA_06 
"<cualquier>"
	"cualquier" Determiner QU lang:es 00:00:33 00:00:39 tt-2238 MF019_1971_CT_SU2011_VA_06 
"<idioma>"
	"idioma" Noun NC Singular lang:es 00:00:33 00:00:39 tt-2239 MF019_1971_CT_SU2011_VA_06 
"<puedes>"
	"poder" Verb VLfin Pres Indi Sing 2nd lang:es 00:00:33 00:00:39 tt-2240 MF019_1971_CT_SU2011_VA_06 
"<entender>"
	"entender" Verb VLinf Infinitive lang:es 00:00:33 00:00:39 tt-2241 MF019_1971_CT_SU2011_VA_06 
"<más>"
	"más" Adverb ADV lang:es 00:00:33 00:00:39 tt-2242 MF019_1971_CT_SU2011_VA_06 
"<de>"
	"de" Preposition PREP lang:es 00:00:33 00:00:39 tt-2243 MF019_1971_CT_SU2011_VA_06 @Gram:Prep 
"<lo>"
	"el" Determiner ART Singular lang:es 00:00:33 00:00:39 tt-2244 MF019_1971_CT_SU2011_VA_06 
"<que>"
	"que" Conjunction CQUE lang:es 00:00:33 00:00:39 tt-2245 MF019_1971_CT_SU2011_VA_06 
"<puedes>"
	"poder" Verb VLfin Pres Indi Sing 2nd lang:es 00:00:33 00:00:39 tt-2246 MF019_1971_CT_SU2011_VA_06 
"<decir>"
	"decir" Verb VLinf Infinitive lang:es 00:00:33 00:00:39 tt-2247 MF019_1971_CT_SU2011_VA_06 
"<,>"
	"," Punctuation CM lang:es 00:00:33 00:00:39 tt-2248 MF019_1971_CT_SU2011_VA_06 
"<que>"
	"que" Conjunction CQUE lang:es 00:00:33 00:00:39 tt-2249 MF019_1971_CT_SU2011_VA_06 
"<ahí>"
	"ahí" Adverb ADV lang:es 00:00:33 00:00:39 tt-2250 MF019_1971_CT_SU2011_VA_06 
"<fue>"
	"ser" Verb VSfin Pret Indi Sing 3rd lang:es 00:00:33 00:00:39 tt-2251 MF019_1971_CT_SU2011_VA_06 @Gram:SerEstar:Ser 
"<donde>"
	"donde" Adverb ADV lang:es 00:00:39 00:00:44 tt-2252 MF019_1971_CT_SU2011_VA_06 
"<entendí>"
	"entender" Verb VLfin Pret Indi Sing 1st lang:es 00:00:39 00:00:44 tt-2253 MF019_1971_CT_SU2011_VA_06 @Gram:Indefinido 
"<los>"
	"el" Determiner ART Plural lang:es 00:00:39 00:00:44 tt-2254 MF019_1971_CT_SU2011_VA_06 @Gram:Det:Art 
"<bebés>"
	"bebé" Noun NC Plural lang:es 00:00:39 00:00:44 tt-2255 MF019_1971_CT_SU2011_VA_06 
"<,>"
	"," Punctuation CM lang:es 00:00:39 00:00:44 tt-2256 MF019_1971_CT_SU2011_VA_06 
"<los>"
	"el" Determiner ART Plural lang:es 00:00:39 00:00:44 tt-2257 MF019_1971_CT_SU2011_VA_06 @Gram:Det:Art 
"<bebés>"
	"bebé" Noun NC Plural lang:es 00:00:39 00:00:44 tt-2258 MF019_1971_CT_SU2011_VA_06 
"<cuando>"
	"cuando" Conjunction CSUBX lang:es 00:00:39 00:00:44 tt-2259 MF019_1971_CT_SU2011_VA_06 
"<tú>"
	"tú" Pronoun PPX Singular lang:es 00:00:39 00:00:44 tt-2260 MF019_1971_CT_SU2011_VA_06 @Gram:Pron:Sujeto 
"<les>"
	"él" Pronoun PPC Plural lang:es 00:00:39 00:00:44 tt-2261 MF019_1971_CT_SU2011_VA_06 @Gram:Pron:Objeto 
"<hablas>"
	"hablar" Verb VLfin Pres Indi Sing 2nd lang:es 00:00:39 00:00:44 tt-2262 MF019_1971_CT_SU2011_VA_06 
"<entienden>"
	"entender" Verb VLfin Pres Indi Plural 3rd lang:es 00:00:39 00:00:44 tt-2263 MF019_1971_CT_SU2011_VA_06 
"<más>"
	"más" Adverb ADV lang:es 00:00:39 00:00:44 tt-2264 MF019_1971_CT_SU2011_VA_06 
"<de>"
	"de" Preposition PREP lang:es 00:00:39 00:00:44 tt-2265 MF019_1971_CT_SU2011_VA_06 @Gram:Prep 
"<lo>"
	"el" Determiner ART Singular lang:es 00:00:39 00:00:44 tt-2266 MF019_1971_CT_SU2011_VA_06 
"<que>"
	"que" Conjunction CQUE lang:es 00:00:39 00:00:44 tt-2267 MF019_1971_CT_SU2011_VA_06 
"<ellos>"
	"él" Pronoun PPX Plural lang:es 00:00:39 00:00:44 tt-2268 MF019_1971_CT_SU2011_VA_06 @Gram:Pron:Sujeto 
"<te>"
	"tú" Pronoun PPX Singular lang:es 00:00:44 00:00:49 tt-2269 MF019_1971_CT_SU2011_VA_06 @Gram:Pron:Objeto 
"<pueden>"
	"poder" Verb VMfin lang:es 00:00:44 00:00:49 tt-2270 MF019_1971_CT_SU2011_VA_06 
"<comunicar>"
	"comunicar" Verb VLinf Infinitive lang:es 00:00:44 00:00:49 tt-2271 MF019_1971_CT_SU2011_VA_06 
"<excepto>"
	"excepto" Preposition PREP lang:es 00:00:44 00:00:49 tt-2272 MF019_1971_CT_SU2011_VA_06 @Gram:Prep 
"<cuando>"
	"cuando" Conjunction CSUBX lang:es 00:00:44 00:00:49 tt-2273 MF019_1971_CT_SU2011_VA_06 
"<eres>"
	"ser" Verb VSfin Pres Indi Sing 2nd lang:es 00:00:44 00:00:49 tt-2274 MF019_1971_CT_SU2011_VA_06 @Gram:SerEstar:Ser 
"<un>"
	"un" Determiner ART Singular lang:es 00:00:44 00:00:49 tt-2275 MF019_1971_CT_SU2011_VA_06 
"<bebé>"
	"bebé" Noun NC Singular lang:es 00:00:44 00:00:49 tt-2276 MF019_1971_CT_SU2011_VA_06 
"<si>"
	"si" Conjunction CSUBX lang:es 00:00:44 00:00:49 tt-2277 MF019_1971_CT_SU2011_VA_06 
"<tú>"
	"tú" Pronoun PPX Singular lang:es 00:00:44 00:00:49 tt-2278 MF019_1971_CT_SU2011_VA_06 @Gram:Pron:Sujeto 
"<respondes>"
	"responder" Verb VLfin Pres Indi Sing 2nd lang:es 00:00:44 00:00:49 tt-2279 MF019_1971_CT_SU2011_VA_06 
"<llorando>"
	"llorar" Verb VLger lang:es 00:00:44 00:00:49 tt-2280 MF019_1971_CT_SU2011_VA_06 
"<la>"
	"el" Determiner ART Singular lang:es 00:00:44 00:00:49 tt-2281 MF019_1971_CT_SU2011_VA_06 @Gram:Det:Art 
"<mamá>"
	"mamá" Noun NC Singular lang:es 00:00:44 00:00:49 tt-2282 MF019_1971_CT_SU2011_VA_06 
"<luego>"
	"luego" Conjunction CSUBF lang:es 00:00:44 00:00:49 tt-2283 MF019_1971_CT_SU2011_VA_06 
"<luego>"
	"luego" Conjunction CSUBF lang:es 00:00:49 00:00:53 tt-2284 MF019_1971_CT_SU2011_VA_06 
"<trata>"
	"tratar" Verb VLfin Pres Indi Sing 3rd lang:es 00:00:49 00:00:53 tt-2285 MF019_1971_CT_SU2011_VA_06 
"<de>"
	"de" Conjunction CSUBI lang:es 00:00:49 00:00:53 tt-2286 MF019_1971_CT_SU2011_VA_06 
"<ver>"
	"ver" Verb VLinf Infinitive lang:es 00:00:49 00:00:53 tt-2287 MF019_1971_CT_SU2011_VA_06 
"<lo>"
	"el" Determiner ART Singular lang:es 00:00:49 00:00:53 tt-2288 MF019_1971_CT_SU2011_VA_06 
"<que>"
	"que" Conjunction CQUE lang:es 00:00:49 00:00:53 tt-2289 MF019_1971_CT_SU2011_VA_06 
"<quieres>"
	"querer" Verb VLfin Pres Indi Sing 2nd lang:es 00:00:49 00:00:53 tt-2290 MF019_1971_CT_SU2011_VA_06 
"<,>"
	"," Punctuation CM lang:es 00:00:49 00:00:53 tt-2291 MF019_1971_CT_SU2011_VA_06 
"<cuando>"
	"cuando" Conjunction CSUBX lang:es 00:00:49 00:00:53 tt-2292 MF019_1971_CT_SU2011_VA_06 
"<eres>"
	"ser" Verb VSfin Pres Indi Sing 2nd lang:es 00:00:49 00:00:53 tt-2293 MF019_1971_CT_SU2011_VA_06 @Gram:SerEstar:Ser 
"<un>"
	"un" Determiner ART Singular lang:es 00:00:49 00:00:53 tt-2294 MF019_1971_CT_SU2011_VA_06 
"<adulto>"
	"adulto" Noun NC Singular lang:es 00:00:49 00:00:53 tt-2295 MF019_1971_CT_SU2011_VA_06 
"<y>"
	"y" Conjunction CC lang:es 00:00:49 00:00:53 tt-2296 MF019_1971_CT_SU2011_VA_06 
"<entiendes>"
	"entender" Verb VLfin Pres Indi Sing 2nd lang:es 00:00:49 00:00:53 tt-2297 MF019_1971_CT_SU2011_VA_06 
"<más>"
	"más" Adverb ADV lang:es 00:00:49 00:00:53 tt-2298 MF019_1971_CT_SU2011_VA_06 
"<de>"
	"de" Preposition PREP lang:es 00:00:49 00:00:53 tt-2299 MF019_1971_CT_SU2011_VA_06 @Gram:Prep 
"<lo>"
	"el" Determiner ART Singular lang:es 00:00:49 00:00:53 tt-2300 MF019_1971_CT_SU2011_VA_06 
"<que>"
	"que" Conjunction CQUE lang:es 00:00:49 00:00:53 tt-2301 MF019_1971_CT_SU2011_VA_06 
"<puedes>"
	"poder" Verb VLfin Pres Indi Sing 2nd lang:es 00:00:53 00:01:00 tt-2302 MF019_1971_CT_SU2011_VA_06 
"<hablar>"
	"hablar" Verb VLinf Infinitive lang:es 00:00:53 00:01:00 tt-2303 MF019_1971_CT_SU2011_VA_06 
"<estás>"
	"estar" Verb VEfin Pres Indi Sing 2nd lang:es 00:00:53 00:01:00 tt-2304 MF019_1971_CT_SU2011_VA_06 @Gram:SerEstar:Estar 
"<todo>"
	"todo" Determiner QU lang:es 00:00:53 00:01:00 tt-2305 MF019_1971_CT_SU2011_VA_06 
"<frustrado>"
	"frustrar" Verb VLadj lang:es 00:00:53 00:01:00 tt-2306 MF019_1971_CT_SU2011_VA_06 
"<porque>"
	"porque" Conjunction CSUBX lang:es 00:00:53 00:01:00 tt-2307 MF019_1971_CT_SU2011_VA_06 @Prag:MarcadoresDisc:Causa 
"<no>"
	"no" Adverb NEG lang:es 00:00:53 00:01:00 tt-2308 MF019_1971_CT_SU2011_VA_06 
"<puedes>"
	"poder" Verb VLfin Pres Indi Sing 2nd lang:es 00:00:53 00:01:00 tt-2309 MF019_1971_CT_SU2011_VA_06 
"<hablar>"
	"hablar" Verb VLinf Infinitive lang:es 00:00:53 00:01:00 tt-2310 MF019_1971_CT_SU2011_VA_06 
"<...>"
	"..." Punctuation DOTS lang:es 00:00:53 00:01:00 tt-2311 MF019_1971_CT_SU2011_VA_06 
"<así>"
	"así" Conjunction CSUBX lang:es 00:00:53 00:01:00 tt-2312 MF019_1971_CT_SU2011_VA_06 
"<me>"
	"yo" Pronoun PPX Singular lang:es 00:00:53 00:01:00 tt-2313 MF019_1971_CT_SU2011_VA_06 @Gram:Pron:Objeto 
"<pasó>"
	"pasar" Verb VLfin Pret Indi Sing 3rd lang:es 00:00:53 00:01:00 tt-2314 MF019_1971_CT_SU2011_VA_06 @Gram:Indefinido 
"<en>"
	"en" Preposition PREP lang:es 00:00:53 00:01:00 tt-2315 MF019_1971_CT_SU2011_VA_06 @Gram:Prep 
"<Rusia>"
	"UNK" Noun NP Singular lang:es 00:00:53 00:01:00 tt-2316 MF019_1971_CT_SU2011_VA_06 
"<por>"
	"por" Preposition PREP lang:es 00:01:00 00:01:06 tt-2317 MF019_1971_CT_SU2011_VA_06 @Gram:Prep:Por ID:174 R:Prag:MarcadoresDisc:Igualdad:175 
"<ejemplo>"
	"ejemplo" Adverb ADV lang:es 00:01:00 00:01:06 tt-2318 MF019_1971_CT_SU2011_VA_06 ID:175 
"<,>"
	"," Punctuation CM lang:es 00:01:00 00:01:06 tt-2319 MF019_1971_CT_SU2011_VA_06 
"<la>"
	"el" Determiner ART Singular lang:es 00:01:00 00:01:06 tt-2320 MF019_1971_CT_SU2011_VA_06 @Gram:Det:Art 
"<anécdota>"
	"anécdota" Noun NC Singular lang:es 00:01:00 00:01:06 tt-2321 MF019_1971_CT_SU2011_VA_06 
"<del>"
	"del" Preposition PDEL lang:es 00:01:00 00:01:06 tt-2322 MF019_1971_CT_SU2011_VA_06 @Gram:Prep 
"<baño>"
	"baño" Noun NC Singular lang:es 00:01:00 00:01:06 tt-2323 MF019_1971_CT_SU2011_VA_06 
"<,>"
	"," Punctuation CM lang:es 00:01:00 00:01:06 tt-2324 MF019_1971_CT_SU2011_VA_06 
"<fueron>"
	"ser" Verb VSfin Pret Indi Plural 3rd lang:es 00:01:00 00:01:06 tt-2325 MF019_1971_CT_SU2011_VA_06 @Gram:SerEstar:Ser 
"<dos>"
	"dos" Determiner CARD Plural lang:es 00:01:00 00:01:06 tt-2326 MF019_1971_CT_SU2011_VA_06 
"<anécdotas>"
	"anécdota" Noun NC Plural lang:es 00:01:00 00:01:06 tt-2327 MF019_1971_CT_SU2011_VA_06 
"<,>"
	"," Punctuation CM lang:es 00:01:00 00:01:06 tt-2328 MF019_1971_CT_SU2011_VA_06 
"<una>"
	"un" Determiner ART Singular lang:es 00:01:00 00:01:06 tt-2329 MF019_1971_CT_SU2011_VA_06 
"<el>"
	"el" Determiner ART Singular lang:es 00:01:00 00:01:06 tt-2330 MF019_1971_CT_SU2011_VA_06 @Gram:Det:Art 
"<baño>"
	"baño" Noun NC Singular lang:es 00:01:00 00:01:06 tt-2331 MF019_1971_CT_SU2011_VA_06 
"<y>"
	"y" Conjunction CC lang:es 00:01:00 00:01:06 tt-2332 MF019_1971_CT_SU2011_VA_06 
"<otra>"
	"otro" Determiner QU lang:es 00:01:00 00:01:06 tt-2333 MF019_1971_CT_SU2011_VA_06 
"<contestar>"
	"contestar" Verb VLinf Infinitive lang:es 00:01:00 00:01:06 tt-2334 MF019_1971_CT_SU2011_VA_06 
"<el>"
	"el" Determiner ART Singular lang:es 00:01:06 00:01:13 tt-2335 MF019_1971_CT_SU2011_VA_06 @Gram:Det:Art 
"<teléfono>"
	"teléfono" Noun NC Singular lang:es 00:01:06 00:01:13 tt-2336 MF019_1971_CT_SU2011_VA_06 
"<$.>"
	"." Punctuation FS lang:es 00:01:06 00:01:13 tt-2337 MF019_1971_CT_SU2011_VA_06 

"<En>"
	"en" Preposition PREP lang:es 00:01:06 00:01:13 tt-2338 MF019_1971_CT_SU2011_VA_06 @Gram:Prep 
"<Rusia>"
	"UNK" Noun NP Singular lang:es 00:01:06 00:01:13 tt-2339 MF019_1971_CT_SU2011_VA_06 
"<no>"
	"no" Adverb NEG lang:es 00:01:06 00:01:13 tt-2340 MF019_1971_CT_SU2011_VA_06 
"<hay>"
	"haber" Verb VHfin Pres Indi Sing 3rd lang:es 00:01:06 00:01:13 tt-2341 MF019_1971_CT_SU2011_VA_06 @Gram:Haber:Exist 
"<baños>"
	"baño" Noun NC Plural lang:es 00:01:06 00:01:13 tt-2342 MF019_1971_CT_SU2011_VA_06 
"<públicos>"
	"público" Adjective ADJ Plural lang:es 00:01:06 00:01:13 tt-2343 MF019_1971_CT_SU2011_VA_06 
"<y>"
	"y" Conjunction CC lang:es 00:01:06 00:01:13 tt-2344 MF019_1971_CT_SU2011_VA_06 
"<,>"
	"," Punctuation CM lang:es 00:01:06 00:01:13 tt-2345 MF019_1971_CT_SU2011_VA_06 
"<y>"
	"y" Conjunction CC lang:es 00:01:06 00:01:13 tt-2346 MF019_1971_CT_SU2011_VA_06 
"<yo>"
	"yo" Pronoun PPX Singular lang:es 00:01:06 00:01:13 tt-2347 MF019_1971_CT_SU2011_VA_06 @Gram:Pron:Sujeto 
"<,>"
	"," Punctuation CM lang:es 00:01:06 00:01:13 tt-2348 MF019_1971_CT_SU2011_VA_06 
"<pues>"
	"pues" Conjunction CSUBF lang:es 00:01:06 00:01:13 tt-2349 MF019_1971_CT_SU2011_VA_06 
"<,>"
	"," Punctuation CM lang:es 00:01:06 00:01:13 tt-2350 MF019_1971_CT_SU2011_VA_06 
"<una>"
	"un" Determiner ART Singular lang:es 00:01:06 00:01:13 tt-2351 MF019_1971_CT_SU2011_VA_06 
"<está>"
	"estar" Verb VEfin Pres Indi Sing 3rd lang:es 00:01:06 00:01:13 tt-2352 MF019_1971_CT_SU2011_VA_06 @Gram:SerEstar:Estar 
"<acostumbrado>"
	"acostumbrar" Verb VLadj lang:es 00:01:06 00:01:13 tt-2353 MF019_1971_CT_SU2011_VA_06 
"<,>"
	"," Punctuation CM lang:es 00:01:06 00:01:13 tt-2354 MF019_1971_CT_SU2011_VA_06 
"<que>"
	"que" Conjunction CQUE lang:es 00:01:06 00:01:13 tt-2355 MF019_1971_CT_SU2011_VA_06 
"<tú>"
	"tú" Pronoun PPX Singular lang:es 00:01:13 00:01:18 tt-2356 MF019_1971_CT_SU2011_VA_06 @Gram:Pron:Sujeto 
"<necesitas>"
	"necesitar" Verb VLfin Pres Indi Sing 2nd lang:es 00:01:13 00:01:18 tt-2357 MF019_1971_CT_SU2011_VA_06 
"<el>"
	"el" Determiner ART Singular lang:es 00:01:13 00:01:18 tt-2358 MF019_1971_CT_SU2011_VA_06 @Gram:Det:Art 
"<baño>"
	"baño" Noun NC Singular lang:es 00:01:13 00:01:18 tt-2359 MF019_1971_CT_SU2011_VA_06 
"<,>"
	"," Punctuation CM lang:es 00:01:13 00:01:18 tt-2360 MF019_1971_CT_SU2011_VA_06 
"<tú>"
	"tú" Pronoun PPX Singular lang:es 00:01:13 00:01:18 tt-2361 MF019_1971_CT_SU2011_VA_06 @Gram:Pron:Sujeto 
"<entras>"
	"entrar" Verb VLfin Pres Indi Sing 2nd lang:es 00:01:13 00:01:18 tt-2362 MF019_1971_CT_SU2011_VA_06 
"<al>"
	"al" Preposition PAL lang:es 00:01:13 00:01:18 tt-2363 MF019_1971_CT_SU2011_VA_06 @Gram:Prep 
"<baño>"
	"baño" Noun NC Singular lang:es 00:01:13 00:01:18 tt-2364 MF019_1971_CT_SU2011_VA_06 
"<en>"
	"en" Preposition PREP lang:es 00:01:13 00:01:18 tt-2365 MF019_1971_CT_SU2011_VA_06 @Gram:Prep 
"<cualquier>"
	"cualquier" Determiner QU lang:es 00:01:13 00:01:18 tt-2366 MF019_1971_CT_SU2011_VA_06 
"<edificio>"
	"edificio" Noun NC Singular lang:es 00:01:13 00:01:18 tt-2367 MF019_1971_CT_SU2011_VA_06 
"<o>"
	"o" Conjunction CC lang:es 00:01:13 00:01:18 tt-2368 MF019_1971_CT_SU2011_VA_06 
"<hay>"
	"haber" Verb VHfin Pres Indi Sing 3rd lang:es 00:01:13 00:01:18 tt-2369 MF019_1971_CT_SU2011_VA_06 @Gram:Haber:Exist 
"<baños>"
	"baño" Noun NC Plural lang:es 00:01:13 00:01:18 tt-2370 MF019_1971_CT_SU2011_VA_06 
"<al>"
	"al" Preposition PAL lang:es 00:01:13 00:01:18 tt-2371 MF019_1971_CT_SU2011_VA_06 @Gram:Prep 
"<que>"
	"que" Conjunction CQUE lang:es 00:01:13 00:01:18 tt-2372 MF019_1971_CT_SU2011_VA_06 
"<tú>"
	"tú" Pronoun PPX Singular lang:es 00:01:18 00:01:25 tt-2373 MF019_1971_CT_SU2011_VA_06 @Gram:Pron:Sujeto 
"<puedes>"
	"poder" Verb VLfin Pres Indi Sing 2nd lang:es 00:01:18 00:01:25 tt-2374 MF019_1971_CT_SU2011_VA_06 
"<ir>"
	"ir" Verb VLinf Infinitive lang:es 00:01:18 00:01:25 tt-2375 MF019_1971_CT_SU2011_VA_06 
"<,>"
	"," Punctuation CM lang:es 00:01:18 00:01:25 tt-2376 MF019_1971_CT_SU2011_VA_06 
"<restaurante>"
	"restaurante" Noun NC Singular lang:es 00:01:18 00:01:25 tt-2377 MF019_1971_CT_SU2011_VA_06 
"<,>"
	"," Punctuation CM lang:es 00:01:18 00:01:25 tt-2378 MF019_1971_CT_SU2011_VA_06 
<lang code="en">
"<so>"
	"so" Adverb RB lang:en 00:01:18 00:01:25 tt-2379 MF019_1971_CT_SU2011_VA_06 
"<forth>"
	"forth" Adverb RB lang:en 00:01:18 00:01:25 tt-2380 MF019_1971_CT_SU2011_VA_06 
</lang>
"<,>"
	"," Punctuation CM lang:es 00:01:18 00:01:25 tt-2381 MF019_1971_CT_SU2011_VA_06 
"<pero>"
	"pero" Conjunction CCAD lang:es 00:01:18 00:01:25 tt-2382 MF019_1971_CT_SU2011_VA_06 @Prag:MarcadoresDisc:Revision 
"<allá>"
	"allá" Adverb ADV lang:es 00:01:18 00:01:25 tt-2383 MF019_1971_CT_SU2011_VA_06 
"<la>"
	"el" Determiner ART Singular lang:es 00:01:18 00:01:25 tt-2384 MF019_1971_CT_SU2011_VA_06 @Gram:Det:Art 
"<gente>"
	"gente" Noun NC Singular lang:es 00:01:18 00:01:25 tt-2385 MF019_1971_CT_SU2011_VA_06 
"<,>"
	"," Punctuation CM lang:es 00:01:18 00:01:25 tt-2386 MF019_1971_CT_SU2011_VA_06 
"<yo>"
	"yo" Pronoun PPX Singular lang:es 00:01:18 00:01:25 tt-2387 MF019_1971_CT_SU2011_VA_06 @Gram:Pron:Sujeto 
"<no>"
	"no" Adverb NEG lang:es 00:01:18 00:01:25 tt-2388 MF019_1971_CT_SU2011_VA_06 
"<sé>"
	"saber|ser" Verb VLfin Pres Indi Sing 1st lang:es 00:01:18 00:01:25 tt-2389 MF019_1971_CT_SU2011_VA_06 
"<cómo>"
	"cómo" Adverb ADV lang:es 00:01:18 00:01:25 tt-2390 MF019_1971_CT_SU2011_VA_06 
"<la>"
	"el" Determiner ART Singular lang:es 00:01:18 00:01:25 tt-2391 MF019_1971_CT_SU2011_VA_06 @Gram:Det:Art 
"<gente>"
	"gente" Noun NC Singular lang:es 00:01:18 00:01:25 tt-2392 MF019_1971_CT_SU2011_VA_06 
"<le>"
	"él" Pronoun PPC Singular lang:es 00:01:18 00:01:25 tt-2393 MF019_1971_CT_SU2011_VA_06 @Gram:Pron:Objeto 
"<hace>"
	"hacer" Verb VLfin Pres Indi Sing 3rd lang:es 00:01:25 00:01:32 tt-2394 MF019_1971_CT_SU2011_VA_06 
"<,>"
	"," Punctuation CM lang:es 00:01:25 00:01:32 tt-2395 MF019_1971_CT_SU2011_VA_06 
"<o>"
	"o" Conjunction CC lang:es 00:01:25 00:01:32 tt-2396 MF019_1971_CT_SU2011_VA_06 
"<educan>"
	"educar" Verb VLfin Pres Indi Plural 3rd lang:es 00:01:25 00:01:32 tt-2397 MF019_1971_CT_SU2011_VA_06 
"<su>"
	"suyo" Pronoun PPO Singular lang:es 00:01:25 00:01:32 tt-2398 MF019_1971_CT_SU2011_VA_06 @Gram:Det:Pos 
"<,>"
	"," Punctuation CM lang:es 00:01:25 00:01:32 tt-2399 MF019_1971_CT_SU2011_VA_06 
"<su>"
	"suyo" Pronoun PPO Singular lang:es 00:01:25 00:01:32 tt-2400 MF019_1971_CT_SU2011_VA_06 @Gram:Det:Pos 
"<metabolismo>"
	"UNK" Noun NC Singular lang:es 00:01:25 00:01:32 tt-2401 MF019_1971_CT_SU2011_VA_06 
"<en>"
	"en" Preposition PREP lang:es 00:01:25 00:01:32 tt-2402 MF019_1971_CT_SU2011_VA_06 @Gram:Prep 
"<manera>"
	"manera" Noun NC Singular lang:es 00:01:25 00:01:32 tt-2403 MF019_1971_CT_SU2011_VA_06 
"<que>"
	"que" Conjunction CQUE lang:es 00:01:25 00:01:32 tt-2404 MF019_1971_CT_SU2011_VA_06 
"<no>"
	"no" Adverb NEG lang:es 00:01:25 00:01:32 tt-2405 MF019_1971_CT_SU2011_VA_06 
"<necesiten>"
	"necesitar" Verb VLfin Past Subj Plural 3rd lang:es 00:01:25 00:01:32 tt-2406 MF019_1971_CT_SU2011_VA_06 @Gram:MSub:Pret 
"<el>"
	"el" Determiner ART Singular lang:es 00:01:25 00:01:32 tt-2407 MF019_1971_CT_SU2011_VA_06 @Gram:Det:Art 
"<baño>"
	"baño" Noun NC Singular lang:es 00:01:25 00:01:32 tt-2408 MF019_1971_CT_SU2011_VA_06 
"<o>"
	"o" Conjunction CC lang:es 00:01:25 00:01:32 tt-2409 MF019_1971_CT_SU2011_VA_06 
"<yo>"
	"yo" Pronoun PPX Singular lang:es 00:01:25 00:01:32 tt-2410 MF019_1971_CT_SU2011_VA_06 @Gram:Pron:Sujeto 
"<no>"
	"no" Adverb NEG lang:es 00:01:25 00:01:32 tt-2411 MF019_1971_CT_SU2011_VA_06 
"<sé>"
	"saber|ser" Verb VLfin Pres Indi Sing 1st lang:es 00:01:25 00:01:32 tt-2412 MF019_1971_CT_SU2011_VA_06 
"<,>"
	"," Punctuation CM lang:es 00:01:25 00:01:32 tt-2413 MF019_1971_CT_SU2011_VA_06 
"<pero>"
	"pero" Conjunction CCAD lang:es 00:01:25 00:01:32 tt-2414 MF019_1971_CT_SU2011_VA_06 @Prag:MarcadoresDisc:Revision 
"<yo>"
	"yo" Pronoun PPX Singular lang:es 00:01:25 00:01:32 tt-2415 MF019_1971_CT_SU2011_VA_06 @Gram:Pron:Sujeto 
"<salí>"
	"salir" Verb VLfin Pret Indi Sing 1st lang:es 00:01:33 00:01:40 tt-2416 MF019_1971_CT_SU2011_VA_06 @Gram:Indefinido 
"<del>"
	"del" Preposition PDEL lang:es 00:01:33 00:01:40 tt-2417 MF019_1971_CT_SU2011_VA_06 @Gram:Prep 
"<metro>"
	"metro" Noun NMEA Singular lang:es 00:01:33 00:01:40 tt-2418 MF019_1971_CT_SU2011_VA_06 
"<del>"
	"del" Preposition PDEL lang:es 00:01:33 00:01:40 tt-2419 MF019_1971_CT_SU2011_VA_06 @Gram:Prep 
"<...>"
	"..." Punctuation DOTS lang:es 00:01:33 00:01:40 tt-2420 MF019_1971_CT_SU2011_VA_06 
"<al>"
	"al" Conjunction CSUBI lang:es 00:01:33 00:01:40 tt-2421 MF019_1971_CT_SU2011_VA_06 
"<llegar>"
	"llegar" Verb VLinf Infinitive lang:es 00:01:33 00:01:40 tt-2422 MF019_1971_CT_SU2011_VA_06 
"<a>"
	"a" Preposition PREP lang:es 00:01:33 00:01:40 tt-2423 MF019_1971_CT_SU2011_VA_06 @Gram:Prep 
"<mi>"
	"mío" Pronoun PPO Singular lang:es 00:01:33 00:01:40 tt-2424 MF019_1971_CT_SU2011_VA_06 @Gram:Det:Pos 
"<estación>"
	"estación" Noun NC Singular lang:es 00:01:33 00:01:40 tt-2425 MF019_1971_CT_SU2011_VA_06 
"<del>"
	"del" Preposition PDEL lang:es 00:01:33 00:01:40 tt-2426 MF019_1971_CT_SU2011_VA_06 @Gram:Prep 
"<tren>"
	"tren" Noun NC Singular lang:es 00:01:33 00:01:40 tt-2427 MF019_1971_CT_SU2011_VA_06 
"<y>"
	"y" Conjunction CC lang:es 00:01:33 00:01:40 tt-2428 MF019_1971_CT_SU2011_VA_06 
"<necesitaba>"
	"necesitar" Verb VLfin Imp Indi Sing 1st_or_3rd lang:es 00:01:33 00:01:40 tt-2429 MF019_1971_CT_SU2011_VA_06 @Gram:Imperf 
"<un>"
	"un" Determiner ART Singular lang:es 00:01:33 00:01:40 tt-2430 MF019_1971_CT_SU2011_VA_06 
"<baño>"
	"baño" Noun NC Singular lang:es 00:01:33 00:01:40 tt-2431 MF019_1971_CT_SU2011_VA_06 
"<entonces>"
	"entonces" Adverb ADV lang:es 00:01:33 00:01:40 tt-2432 MF019_1971_CT_SU2011_VA_06 
"<y>"
	"y" Conjunction CC lang:es 00:01:33 00:01:40 tt-2433 MF019_1971_CT_SU2011_VA_06 
"<yo>"
	"yo" Pronoun PPX Singular lang:es 00:01:33 00:01:40 tt-2434 MF019_1971_CT_SU2011_VA_06 @Gram:Pron:Sujeto 
"<pregunté>"
	"preguntar" Verb VLfin Pret Indi Sing 1st lang:es 00:01:33 00:01:40 tt-2435 MF019_1971_CT_SU2011_VA_06 @Gram:Indefinido 
"<que>"
	"que" Conjunction CQUE lang:es 00:01:41 00:01:48 tt-2436 MF019_1971_CT_SU2011_VA_06 
"<un>"
	"un" Determiner ART Singular lang:es 00:01:41 00:01:48 tt-2437 MF019_1971_CT_SU2011_VA_06 
"<baño>"
	"baño" Noun NC Singular lang:es 00:01:41 00:01:48 tt-2438 MF019_1971_CT_SU2011_VA_06 
"<,>"
	"," Punctuation CM lang:es 00:01:41 00:01:48 tt-2439 MF019_1971_CT_SU2011_VA_06 
"<un>"
	"un" Determiner ART Singular lang:es 00:01:41 00:01:48 tt-2440 MF019_1971_CT_SU2011_VA_06 
"<baño>"
	"baño" Noun NC Singular lang:es 00:01:41 00:01:48 tt-2441 MF019_1971_CT_SU2011_VA_06 
"<$.>"
	"." Punctuation FS lang:es 00:01:41 00:01:48 tt-2442 MF019_1971_CT_SU2011_VA_06 

"<Pero>"
	"pero" Conjunction CCAD lang:es 00:01:41 00:01:48 tt-2443 MF019_1971_CT_SU2011_VA_06 @Prag:MarcadoresDisc:Revision 
"<no>"
	"no" Adverb NEG lang:es 00:01:41 00:01:48 tt-2444 MF019_1971_CT_SU2011_VA_06 
"<aquí>"
	"aquí" Adverb ADV lang:es 00:01:41 00:01:48 tt-2445 MF019_1971_CT_SU2011_VA_06 
"<no>"
	"no" Adverb NEG lang:es 00:01:41 00:01:48 tt-2446 MF019_1971_CT_SU2011_VA_06 
"<hay>"
	"haber" Verb VHfin Pres Indi Sing 3rd lang:es 00:01:41 00:01:48 tt-2447 MF019_1971_CT_SU2011_VA_06 @Gram:Haber:Exist 
"<baños>"
	"baño" Noun NC Plural lang:es 00:01:41 00:01:48 tt-2448 MF019_1971_CT_SU2011_VA_06 
"<$.>"
	"." Punctuation FS lang:es 00:01:41 00:01:48 tt-2449 MF019_1971_CT_SU2011_VA_06 

"<Y>"
	"y" Conjunction CC lang:es 00:01:41 00:01:48 tt-2450 MF019_1971_CT_SU2011_VA_06 
"<terminé>"
	"terminar" Verb VLfin Pret Indi Sing 1st lang:es 00:01:41 00:01:48 tt-2451 MF019_1971_CT_SU2011_VA_06 @Gram:Indefinido 
"<entrando>"
	"entrar" Verb VLger lang:es 00:01:41 00:01:48 tt-2452 MF019_1971_CT_SU2011_VA_06 
"<a>"
	"a" Preposition PREP lang:es 00:01:41 00:01:48 tt-2453 MF019_1971_CT_SU2011_VA_06 @Gram:Prep 
"<un>"
	"un" Determiner ART Singular lang:es 00:01:41 00:01:48 tt-2454 MF019_1971_CT_SU2011_VA_06 
"<edificio>"
	"edificio" Noun NC Singular lang:es 00:01:41 00:01:48 tt-2455 MF019_1971_CT_SU2011_VA_06 
"<,>"
	"," Punctuation CM lang:es 00:01:41 00:01:48 tt-2456 MF019_1971_CT_SU2011_VA_06 
"<imagínate>"
	"imaginar" Verb VLfin Pres Command Sing 2nd lang:es 00:01:48 00:01:54 tt-2457 MF019_1971_CT_SU2011_VA_06 @Gram:MImp:Informal 
"<sin>"
	"sin" Preposition PREP lang:es 00:01:48 00:01:54 tt-2458 MF019_1971_CT_SU2011_VA_06 @Gram:Prep 
"<poder>"
	"poder" Verb VLinf VMinf lang:es 00:01:48 00:01:54 tt-2459 MF019_1971_CT_SU2011_VA_06 
"<hablar>"
	"hablar" Verb VLinf Infinitive lang:es 00:01:48 00:01:54 tt-2460 MF019_1971_CT_SU2011_VA_06 
"<,>"
	"," Punctuation CM lang:es 00:01:48 00:01:54 tt-2461 MF019_1971_CT_SU2011_VA_06 
"<entonces>"
	"entonces" Adverb ADV lang:es 00:01:48 00:01:54 tt-2462 MF019_1971_CT_SU2011_VA_06 
"<la>"
	"el" Determiner ART Singular lang:es 00:01:48 00:01:54 tt-2463 MF019_1971_CT_SU2011_VA_06 @Gram:Det:Art 
"<gente>"
	"gente" Noun NC Singular lang:es 00:01:48 00:01:54 tt-2464 MF019_1971_CT_SU2011_VA_06 
"<se>"
	"se" Other SE lang:es 00:01:48 00:01:54 tt-2465 MF019_1971_CT_SU2011_VA_06 @Gram:Pron:Otros 
"<me>"
	"yo" Pronoun PPX Singular lang:es 00:01:48 00:01:54 tt-2466 MF019_1971_CT_SU2011_VA_06 @Gram:Pron:Objeto 
"<quedó>"
	"quedar" Verb VLfin Pret Indi Sing 3rd lang:es 00:01:48 00:01:54 tt-2467 MF019_1971_CT_SU2011_VA_06 @Gram:Indefinido 
"<viendo>"
	"ver" Verb VLger lang:es 00:01:48 00:01:54 tt-2468 MF019_1971_CT_SU2011_VA_06 
"<y>"
	"y" Conjunction CC lang:es 00:01:48 00:01:54 tt-2469 MF019_1971_CT_SU2011_VA_06 
"<tú>"
	"tú" Pronoun PPX Singular lang:es 00:01:48 00:01:54 tt-2470 MF019_1971_CT_SU2011_VA_06 @Gram:Pron:Sujeto 
"<qué>"
	"qué" Pronoun INT Singular lang:es 00:01:48 00:01:54 tt-2471 MF019_1971_CT_SU2011_VA_06 
"<necesitas>"
	"necesitar" Verb VLfin Pres Indi Sing 2nd lang:es 00:01:48 00:01:54 tt-2472 MF019_1971_CT_SU2011_VA_06 
"<muchachita>"
	"muchacho" Noun NC Singular lang:es 00:01:48 00:01:54 tt-2473 MF019_1971_CT_SU2011_VA_06 
"<$.>"
	"." Punctuation FS lang:es 00:01:48 00:01:54 tt-2474 MF019_1971_CT_SU2011_VA_06 

"<Porque>"
	"porque" Conjunction CSUBX lang:es 00:01:54 00:02:01 tt-2475 MF019_1971_CT_SU2011_VA_06 @Prag:MarcadoresDisc:Causa 
"<me>"
	"yo" Pronoun PPX Singular lang:es 00:01:54 00:02:01 tt-2476 MF019_1971_CT_SU2011_VA_06 @Gram:Pron:Objeto 
"<decían>"
	"decir" Verb VLfin Imp Indi Plural 3rd lang:es 00:01:54 00:02:01 tt-2477 MF019_1971_CT_SU2011_VA_06 @Gram:Imperf 
"<muchachita>"
	"muchacho" Noun NC Singular lang:es 00:01:54 00:02:01 tt-2478 MF019_1971_CT_SU2011_VA_06 
"<,>"
	"," Punctuation CM lang:es 00:01:54 00:02:01 tt-2479 MF019_1971_CT_SU2011_VA_06 
"<y>"
	"y" Conjunction CC lang:es 00:01:54 00:02:01 tt-2480 MF019_1971_CT_SU2011_VA_06 
"<ahí>"
	"ahí" Adverb ADV lang:es 00:01:54 00:02:01 tt-2481 MF019_1971_CT_SU2011_VA_06 
"<sudando>"
	"sudar" Verb VLger lang:es 00:01:54 00:02:01 tt-2482 MF019_1971_CT_SU2011_VA_06 
"<sin>"
	"sin" Preposition PREP lang:es 00:01:54 00:02:01 tt-2483 MF019_1971_CT_SU2011_VA_06 @Gram:Prep 
"<poder>"
	"poder" Verb VLinf VMinf lang:es 00:01:54 00:02:01 tt-2484 MF019_1971_CT_SU2011_VA_06 
"<decir>"
	"decir" Verb VLinf Infinitive lang:es 00:01:54 00:02:01 tt-2485 MF019_1971_CT_SU2011_VA_06 
"<$¿>"
	"¿" Punctuation FS lang:es 00:01:54 00:02:01 tt-2486 MF019_1971_CT_SU2011_VA_06 
"<cómo>"
	"cómo" Adverb ADV lang:es 00:01:54 00:02:01 tt-2487 MF019_1971_CT_SU2011_VA_06 
"<les>"
	"él" Pronoun PPC Plural lang:es 00:01:54 00:02:01 tt-2488 MF019_1971_CT_SU2011_VA_06 @Gram:Pron:Objeto 
"<digo>"
	"decir" Verb VLfin Pres Indi Sing 1st lang:es 00:01:54 00:02:01 tt-2489 MF019_1971_CT_SU2011_VA_06 
"<necesito>"
	"necesitar" Verb VLfin Pres Indi Sing 1st lang:es 00:01:54 00:02:01 tt-2490 MF019_1971_CT_SU2011_VA_06 
"<un>"
	"un" Determiner ART Singular lang:es 00:02:01 00:02:06 tt-2491 MF019_1971_CT_SU2011_VA_06 
"<baño>"
	"baño" Noun NC Singular lang:es 00:02:01 00:02:06 tt-2492 MF019_1971_CT_SU2011_VA_06 
"<$?>"
	"?" Punctuation FS lang:es 00:02:01 00:02:06 tt-2493 MF019_1971_CT_SU2011_VA_06 

"<Entonces>"
	"entonces" Adverb ADV lang:es 00:02:01 00:02:06 tt-2494 MF019_1971_CT_SU2011_VA_06 
"<saco>"
	"sacar" Verb VLfin Pres Indi Sing 1st lang:es 00:02:01 00:02:06 tt-2495 MF019_1971_CT_SU2011_VA_06 
"<mi>"
	"mío" Pronoun PPO Singular lang:es 00:02:01 00:02:06 tt-2496 MF019_1971_CT_SU2011_VA_06 @Gram:Det:Pos 
"<pasaporte>"
	"pasaporte" Noun NC Singular lang:es 00:02:01 00:02:06 tt-2497 MF019_1971_CT_SU2011_VA_06 
"<y>"
	"y" Conjunction CC lang:es 00:02:01 00:02:06 tt-2498 MF019_1971_CT_SU2011_VA_06 
"<les>"
	"él" Pronoun PPC Plural lang:es 00:02:01 00:02:06 tt-2499 MF019_1971_CT_SU2011_VA_06 @Gram:Pron:Objeto 
"<hago>"
	"hacer" Verb VLfin Pres Indi Sing 1st lang:es 00:02:01 00:02:06 tt-2500 MF019_1971_CT_SU2011_VA_06 
"<así>"
	"así" Conjunction CSUBX lang:es 00:02:01 00:02:06 tt-2501 MF019_1971_CT_SU2011_VA_06 
"<yo>"
	"yo" Pronoun PPX Singular lang:es 00:02:01 00:02:06 tt-2502 MF019_1971_CT_SU2011_VA_06 @Gram:Pron:Sujeto 
"<ya>"
	"ya" Adverb ADV lang:es 00:02:01 00:02:06 tt-2503 MF019_1971_CT_SU2011_VA_06 
"<Meksikanskaya>"
	"UNK" Noun NP Singular lang:es 00:02:01 00:02:06 tt-2504 MF019_1971_CT_SU2011_VA_06 
"<...>"
	"..." Punctuation DOTS lang:es 00:02:01 00:02:06 tt-2505 MF019_1971_CT_SU2011_VA_06 
"<ya>"
	"ya" Adverb ADV lang:es 00:02:01 00:02:06 tt-2506 MF019_1971_CT_SU2011_VA_06 
"<Meksikan>"
	"UNK" Verb VLfin Pres Indi Plural 3rd lang:es 00:02:01 00:02:06 tt-2507 MF019_1971_CT_SU2011_VA_06 
"<...>"
	"..." Punctuation DOTS lang:es 00:02:01 00:02:06 tt-2508 MF019_1971_CT_SU2011_VA_06 
"<necesito>"
	"necesitar" Verb VLfin Pres Indi Sing 1st lang:es 00:02:01 00:02:06 tt-2509 MF019_1971_CT_SU2011_VA_06 
"<un>"
	"un" Determiner ART Singular lang:es 00:02:06 00:02:13 tt-2510 MF019_1971_CT_SU2011_VA_06 
"<baño>"
	"baño" Noun NC Singular lang:es 00:02:06 00:02:13 tt-2511 MF019_1971_CT_SU2011_VA_06 
"<,>"
	"," Punctuation CM lang:es 00:02:06 00:02:13 tt-2512 MF019_1971_CT_SU2011_VA_06 
<lang code="en">
"<I>"
	"I" Pronoun PP lang:en 00:02:06 00:02:13 tt-2513 MF019_1971_CT_SU2011_VA_06 
"<said>"
	"say" Verb VBD lang:en 00:02:06 00:02:13 tt-2514 MF019_1971_CT_SU2011_VA_06 
"<toilet>"
	"toilet" Noun NN lang:en 00:02:06 00:02:13 tt-2515 MF019_1971_CT_SU2011_VA_06 
</lang>
"<,>"
	"," Punctuation CM lang:es 00:02:06 00:02:13 tt-2516 MF019_1971_CT_SU2011_VA_06 
<lang code="en">
"<toilet>"
	"toilet" Noun NN lang:en 00:02:06 00:02:13 tt-2517 MF019_1971_CT_SU2011_VA_06 
</lang>
"<$.>"
	"." Punctuation FS lang:es 00:02:06 00:02:13 tt-2518 MF019_1971_CT_SU2011_VA_06 

"<Se>"
	"se" Other SE lang:es 00:02:06 00:02:13 tt-2519 MF019_1971_CT_SU2011_VA_06 
"<han>"
	"haber" Verb VHfin Pres Indi Plural 3rd lang:es 00:02:06 00:02:13 tt-2520 MF019_1971_CT_SU2011_VA_06 ID:377 R:Gram:Aux:Haber:378 R:Gram:PerfPerif:378 
"<reído>"
	"reír" Verb VLadj lang:es 00:02:06 00:02:13 tt-2521 MF019_1971_CT_SU2011_VA_06 ID:378 
"<como>"
	"como" Conjunction CSUBX lang:es 00:02:06 00:02:13 tt-2522 MF019_1971_CT_SU2011_VA_06 
"<no>"
	"no" Adverb NEG lang:es 00:02:06 00:02:13 tt-2523 MF019_1971_CT_SU2011_VA_06 
"<tienes>"
	"tener" Verb VLfin Pres Indi Sing 2nd lang:es 00:02:06 00:02:13 tt-2524 MF019_1971_CT_SU2011_VA_06 
"<idea>"
	"idea" Noun NC Singular lang:es 00:02:06 00:02:13 tt-2525 MF019_1971_CT_SU2011_VA_06 
"<se>"
	"se" Other SE lang:es 00:02:06 00:02:13 tt-2526 MF019_1971_CT_SU2011_VA_06 
"<han>"
	"haber" Verb VHfin Pres Indi Plural 3rd lang:es 00:02:06 00:02:13 tt-2527 MF019_1971_CT_SU2011_VA_06 ID:384 R:Gram:Aux:Haber:385 R:Gram:PerfPerif:385 
"<reído>"
	"reír" Verb VLadj lang:es 00:02:06 00:02:13 tt-2528 MF019_1971_CT_SU2011_VA_06 ID:385 
"<,>"
	"," Punctuation CM lang:es 00:02:06 00:02:13 tt-2529 MF019_1971_CT_SU2011_VA_06 
"<me>"
	"yo" Pronoun PPX Singular lang:es 00:02:06 00:02:13 tt-2530 MF019_1971_CT_SU2011_VA_06 @Gram:Pron:Objeto 
"<dijeron>"
	"decir" Verb VLfin Pret Indi Plural 3rd lang:es 00:02:06 00:02:13 tt-2531 MF019_1971_CT_SU2011_VA_06 @Gram:Indefinido 
"<esto>"
	"este" Determiner DM Singular lang:es 00:02:06 00:02:13 tt-2532 MF019_1971_CT_SU2011_VA_06 @Gram:Det:Demo 
"<no>"
	"no" Adverb NEG lang:es 00:02:15 00:02:22 tt-2533 MF019_1971_CT_SU2011_VA_06 
"<es>"
	"ser" Verb VSfin Pres Indi Sing 3rd lang:es 00:02:15 00:02:22 tt-2534 MF019_1971_CT_SU2011_VA_06 @Gram:SerEstar:Ser 
"<un>"
	"un" Determiner ART Singular lang:es 00:02:15 00:02:22 tt-2535 MF019_1971_CT_SU2011_VA_06 
"<baño>"
	"baño" Noun NC Singular lang:es 00:02:15 00:02:22 tt-2536 MF019_1971_CT_SU2011_VA_06 
"<público>"
	"público" Adjective ADJ Singular lang:es 00:02:15 00:02:22 tt-2537 MF019_1971_CT_SU2011_VA_06 
"<,>"
	"," Punctuation CM lang:es 00:02:15 00:02:22 tt-2538 MF019_1971_CT_SU2011_VA_06 
"<pero>"
	"pero" Conjunction CCAD lang:es 00:02:15 00:02:22 tt-2539 MF019_1971_CT_SU2011_VA_06 @Prag:MarcadoresDisc:Revision 
"<en>"
	"en" Preposition PREP lang:es 00:02:15 00:02:22 tt-2540 MF019_1971_CT_SU2011_VA_06 @Gram:Prep 
"<tu>"
	"tú" Pronoun PPX Singular lang:es 00:02:15 00:02:22 tt-2541 MF019_1971_CT_SU2011_VA_06 @Gram:Det:Pos 
"<caso>"
	"caso" Noun NC Singular lang:es 00:02:15 00:02:22 tt-2542 MF019_1971_CT_SU2011_VA_06 
"<hacemos>"
	"hacer" Verb VLfin Pres Indi Plural 1st lang:es 00:02:15 00:02:22 tt-2543 MF019_1971_CT_SU2011_VA_06 
"<una>"
	"un" Determiner ART Singular lang:es 00:02:15 00:02:22 tt-2544 MF019_1971_CT_SU2011_VA_06 
"<excepción>"
	"excepción" Noun NC Singular lang:es 00:02:15 00:02:22 tt-2545 MF019_1971_CT_SU2011_VA_06 
"<y>"
	"y" Conjunction CC lang:es 00:02:15 00:02:22 tt-2546 MF019_1971_CT_SU2011_VA_06 
"<yo>"
	"yo" Pronoun PPX Singular lang:es 00:02:15 00:02:22 tt-2547 MF019_1971_CT_SU2011_VA_06 @Gram:Pron:Sujeto 
"<entro>"
	"entrar" Verb VLfin Pres Indi Sing 1st lang:es 00:02:15 00:02:22 tt-2548 MF019_1971_CT_SU2011_VA_06 
"<al>"
	"al" Preposition PAL lang:es 00:02:15 00:02:22 tt-2549 MF019_1971_CT_SU2011_VA_06 @Gram:Prep 
"<baño>"
	"baño" Noun NC Singular lang:es 00:02:15 00:02:22 tt-2550 MF019_1971_CT_SU2011_VA_06 
"<y>"
	"y" Conjunction CC lang:es 00:02:15 00:02:22 tt-2551 MF019_1971_CT_SU2011_VA_06 
"<luego>"
	"luego" Conjunction CSUBF lang:es 00:02:15 00:02:22 tt-2552 MF019_1971_CT_SU2011_VA_06 
"<escuchas>"
	"escuchar" Verb VLfin Pres Indi Sing 2nd lang:es 00:02:24 00:02:30 tt-2553 MF019_1971_CT_SU2011_VA_06 
"<las>"
	"el" Determiner ART Plural lang:es 00:02:24 00:02:30 tt-2554 MF019_1971_CT_SU2011_VA_06 @Gram:Det:Art 
"<carcajadas>"
	"carcajada" Noun NC Plural lang:es 00:02:24 00:02:30 tt-2555 MF019_1971_CT_SU2011_VA_06 
"<$.>"
	"." Punctuation FS lang:es 00:02:24 00:02:30 tt-2556 MF019_1971_CT_SU2011_VA_06 

"<Eso>"
	"ese" Determiner DM Singular lang:es 00:02:24 00:02:30 tt-2557 MF019_1971_CT_SU2011_VA_06 
"<sí>"
	"sí" Adverb ADV lang:es 00:02:24 00:02:30 tt-2558 MF019_1971_CT_SU2011_VA_06 
"<fue>"
	"ser" Verb VSfin Pret Indi Sing 3rd lang:es 00:02:24 00:02:30 tt-2559 MF019_1971_CT_SU2011_VA_06 @Gram:SerEstar:Ser 
"<una>"
	"un" Determiner ART Singular lang:es 00:02:24 00:02:30 tt-2560 MF019_1971_CT_SU2011_VA_06 
"<mala>"
	"malo" Adjective ADJ Singular lang:es 00:02:24 00:02:30 tt-2561 MF019_1971_CT_SU2011_VA_06 
"<experiencia>"
	"experiencia" Noun NC Singular lang:es 00:02:24 00:02:30 tt-2562 MF019_1971_CT_SU2011_VA_06 
"<para>"
	"para" Preposition PREP lang:es 00:02:24 00:02:30 tt-2563 MF019_1971_CT_SU2011_VA_06 @Gram:Prep:Para 
"<que>"
	"que" Conjunction CQUE lang:es 00:02:24 00:02:30 tt-2564 MF019_1971_CT_SU2011_VA_06 
"<veas>"
	"ver" Verb VLfin Pres Subj Sing 2nd lang:es 00:02:24 00:02:30 tt-2565 MF019_1971_CT_SU2011_VA_06 @Gram:MSub:Pres 
"<,>"
	"," Punctuation CM lang:es 00:02:24 00:02:30 tt-2566 MF019_1971_CT_SU2011_VA_06 
"<la>"
	"el" Determiner ART Singular lang:es 00:02:24 00:02:30 tt-2567 MF019_1971_CT_SU2011_VA_06 @Gram:Det:Art 
"<otra>"
	"otro" Determiner QU lang:es 00:02:24 00:02:30 tt-2568 MF019_1971_CT_SU2011_VA_06 
"<fue>"
	"ser" Verb VSfin Pret Indi Sing 3rd lang:es 00:02:24 00:02:30 tt-2569 MF019_1971_CT_SU2011_VA_06 @Gram:SerEstar:Ser 
"<cuando>"
	"cuando" Conjunction CSUBX lang:es 00:02:24 00:02:30 tt-2570 MF019_1971_CT_SU2011_VA_06 
"<tuve>"
	"tener" Verb VLfin Pret Indi Sing 1st lang:es 00:02:30 00:02:36 tt-2571 MF019_1971_CT_SU2011_VA_06 @Gram:Indefinido 
"<que>"
	"que" Conjunction CQUE lang:es 00:02:30 00:02:36 tt-2572 MF019_1971_CT_SU2011_VA_06 
"<contestar>"
	"contestar" Verb VLinf Infinitive lang:es 00:02:30 00:02:36 tt-2573 MF019_1971_CT_SU2011_VA_06 
"<el>"
	"el" Determiner ART Singular lang:es 00:02:30 00:02:36 tt-2574 MF019_1971_CT_SU2011_VA_06 @Gram:Det:Art 
"<teléfono>"
	"teléfono" Noun NC Singular lang:es 00:02:30 00:02:36 tt-2575 MF019_1971_CT_SU2011_VA_06 
"<,>"
	"," Punctuation CM lang:es 00:02:30 00:02:36 tt-2576 MF019_1971_CT_SU2011_VA_06 
"<estábamos>"
	"estar" Verb VEfin Imp Indi Plural 1st lang:es 00:02:30 00:02:36 tt-2577 MF019_1971_CT_SU2011_VA_06 @Gram:Imperf @Gram:SerEstar:Estar ID:434 R:Gram:SerEstar:EstarAux:435 
"<rentando>"
	"rentar" Verb VLger lang:es 00:02:30 00:02:36 tt-2578 MF019_1971_CT_SU2011_VA_06 ID:435 
"<este>"
	"este" Determiner DM Singular lang:es 00:02:30 00:02:36 tt-2579 MF019_1971_CT_SU2011_VA_06 
"<apartamento>"
	"apartamento" Noun NC Singular lang:es 00:02:30 00:02:36 tt-2580 MF019_1971_CT_SU2011_VA_06 
"<y>"
	"y" Conjunction CC lang:es 00:02:30 00:02:36 tt-2581 MF019_1971_CT_SU2011_VA_06 
"<yo>"
	"yo" Pronoun PPX Singular lang:es 00:02:30 00:02:36 tt-2582 MF019_1971_CT_SU2011_VA_06 @Gram:Pron:Sujeto 
"<creo>"
	"crear|creer" Verb VLfin Pres Indi Sing 1st lang:es 00:02:30 00:02:36 tt-2583 MF019_1971_CT_SU2011_VA_06 
"<que>"
	"que" Conjunction CQUE lang:es 00:02:30 00:02:36 tt-2584 MF019_1971_CT_SU2011_VA_06 
"<la>"
	"el" Determiner ART Singular lang:es 00:02:30 00:02:36 tt-2585 MF019_1971_CT_SU2011_VA_06 @Gram:Det:Art 
"<señora>"
	"señora" Noun NC Singular lang:es 00:02:36 00:02:40 tt-2586 MF019_1971_CT_SU2011_VA_06 
"<que>"
	"que" Conjunction CQUE lang:es 00:02:36 00:02:40 tt-2587 MF019_1971_CT_SU2011_VA_06 
"<nos>"
	"nosotros" Pronoun PPX Plural lang:es 00:02:36 00:02:40 tt-2588 MF019_1971_CT_SU2011_VA_06 @Gram:Pron:Objeto 
"<rentó>"
	"rentar" Verb VLfin Pret Indi Sing 3rd lang:es 00:02:36 00:02:40 tt-2589 MF019_1971_CT_SU2011_VA_06 @Gram:Indefinido 
"<el>"
	"el" Determiner ART Singular lang:es 00:02:36 00:02:40 tt-2590 MF019_1971_CT_SU2011_VA_06 @Gram:Det:Art 
"<departamento>"
	"departamento" Noun NC Singular lang:es 00:02:36 00:02:40 tt-2591 MF019_1971_CT_SU2011_VA_06 
"<no>"
	"no" Adverb NEG lang:es 00:02:36 00:02:40 tt-2592 MF019_1971_CT_SU2011_VA_06 
"<le>"
	"él" Pronoun PPC Singular lang:es 00:02:36 00:02:40 tt-2593 MF019_1971_CT_SU2011_VA_06 @Gram:Pron:Objeto 
"<dijo>"
	"decir" Verb VLfin Pres Indi Sing 1st lang:es 00:02:36 00:02:40 tt-2594 MF019_1971_CT_SU2011_VA_06 
"<a>"
	"a" Preposition PREP lang:es 00:02:36 00:02:40 tt-2595 MF019_1971_CT_SU2011_VA_06 @Gram:Prep 
"<todos>"
	"todo" Determiner QU lang:es 00:02:36 00:02:40 tt-2596 MF019_1971_CT_SU2011_VA_06 
"<sus>"
	"suyo" Pronoun PPO Plural lang:es 00:02:36 00:02:40 tt-2597 MF019_1971_CT_SU2011_VA_06 @Gram:Det:Pos 
"<amigos>"
	"amigo" Noun NC Plural lang:es 00:02:36 00:02:40 tt-2598 MF019_1971_CT_SU2011_VA_06 
"<que>"
	"que" Conjunction CQUE lang:es 00:02:36 00:02:40 tt-2599 MF019_1971_CT_SU2011_VA_06 
"<ella>"
	"él" Pronoun PPX Singular lang:es 00:02:36 00:02:40 tt-2600 MF019_1971_CT_SU2011_VA_06 @Gram:Pron:Sujeto 
"<ya>"
	"ya" Adverb ADV lang:es 00:02:36 00:02:40 tt-2601 MF019_1971_CT_SU2011_VA_06 
"<no>"
	"no" Adverb NEG lang:es 00:02:36 00:02:40 tt-2602 MF019_1971_CT_SU2011_VA_06 
"<vivía>"
	"vivir" Verb VLfin Imp Indi Sing 1st_or_3rd lang:es 00:02:36 00:02:40 tt-2603 MF019_1971_CT_SU2011_VA_06 @Gram:Imperf 
"<ahí>"
	"ahí" Adverb ADV lang:es 00:02:40 00:02:45 tt-2604 MF019_1971_CT_SU2011_VA_06 
"<,>"
	"," Punctuation CM lang:es 00:02:40 00:02:45 tt-2605 MF019_1971_CT_SU2011_VA_06 
"<que>"
	"que" Conjunction CQUE lang:es 00:02:40 00:02:45 tt-2606 MF019_1971_CT_SU2011_VA_06 
"<estaba>"
	"estar" Verb VEfin Imp Indi Sing 1st_or_3rd lang:es 00:02:40 00:02:45 tt-2607 MF019_1971_CT_SU2011_VA_06 @Gram:Imperf @Gram:SerEstar:Estar ID:464 R:Gram:SerEstar:EstarAux:465 
"<rentando>"
	"rentar" Verb VLger lang:es 00:02:40 00:02:45 tt-2608 MF019_1971_CT_SU2011_VA_06 ID:465 
"<su>"
	"suyo" Pronoun PPO Singular lang:es 00:02:40 00:02:45 tt-2609 MF019_1971_CT_SU2011_VA_06 @Gram:Det:Pos 
"<casa>"
	"casa" Noun NC Singular lang:es 00:02:40 00:02:45 tt-2610 MF019_1971_CT_SU2011_VA_06 
"<y>"
	"y" Conjunction CC lang:es 00:02:40 00:02:45 tt-2611 MF019_1971_CT_SU2011_VA_06 
"<suena>"
	"sonar" Verb VLfin Pres Indi Sing 3rd lang:es 00:02:40 00:02:45 tt-2612 MF019_1971_CT_SU2011_VA_06 
"<el>"
	"el" Determiner ART Singular lang:es 00:02:40 00:02:45 tt-2613 MF019_1971_CT_SU2011_VA_06 @Gram:Det:Art 
"<teléfono>"
	"teléfono" Noun NC Singular lang:es 00:02:40 00:02:45 tt-2614 MF019_1971_CT_SU2011_VA_06 
"<,>"
	"," Punctuation CM lang:es 00:02:40 00:02:45 tt-2615 MF019_1971_CT_SU2011_VA_06 
"<ya>"
	"ya" Adverb ADV lang:es 00:02:40 00:02:45 tt-2616 MF019_1971_CT_SU2011_VA_06 
"<en>"
	"en" Preposition PREP lang:es 00:02:40 00:02:45 tt-2617 MF019_1971_CT_SU2011_VA_06 @Gram:Prep 
"<esas>"
	"ese" Determiner DM Plural lang:es 00:02:40 00:02:45 tt-2618 MF019_1971_CT_SU2011_VA_06 @Gram:Det:Demo 
"<alturas>"
	"altura" Noun NC Plural lang:es 00:02:40 00:02:45 tt-2619 MF019_1971_CT_SU2011_VA_06 
"<ya>"
	"ya" Adverb ADV lang:es 00:02:40 00:02:45 tt-2620 MF019_1971_CT_SU2011_VA_06 
"<sabía>"
	"saber" Verb VLfin Imp Indi Sing 1st_or_3rd lang:es 00:02:40 00:02:45 tt-2621 MF019_1971_CT_SU2011_VA_06 @Gram:Imperf 
"<un>"
	"un" Determiner ART Singular lang:es 00:02:45 00:02:52 tt-2622 MF019_1971_CT_SU2011_VA_06 
"<poquito>"
	"poco" Noun NC Singular lang:es 00:02:45 00:02:52 tt-2623 MF019_1971_CT_SU2011_VA_06 
"<de>"
	"de" Preposition PREP lang:es 00:02:45 00:02:52 tt-2624 MF019_1971_CT_SU2011_VA_06 @Gram:Prep 
"<español>"
	"español" Noun NC Singular lang:es 00:02:45 00:02:52 tt-2625 MF019_1971_CT_SU2011_VA_06 
"<,>"
	"," Punctuation CM lang:es 00:02:45 00:02:52 tt-2626 MF019_1971_CT_SU2011_VA_06 
"<de>"
	"de" Preposition PREP lang:es 00:02:45 00:02:52 tt-2627 MF019_1971_CT_SU2011_VA_06 @Gram:Prep 
"<ruso>"
	"ruso" Noun NC Singular lang:es 00:02:45 00:02:52 tt-2628 MF019_1971_CT_SU2011_VA_06 
"<,>"
	"," Punctuation CM lang:es 00:02:45 00:02:52 tt-2629 MF019_1971_CT_SU2011_VA_06 
"<pero>"
	"pero" Conjunction CCAD lang:es 00:02:45 00:02:52 tt-2630 MF019_1971_CT_SU2011_VA_06 @Prag:MarcadoresDisc:Revision 
"<muy>"
	"muy" Adverb ADV lang:es 00:02:45 00:02:52 tt-2631 MF019_1971_CT_SU2011_VA_06 
"<limitado>"
	"limitar" Verb VLadj lang:es 00:02:45 00:02:52 tt-2632 MF019_1971_CT_SU2011_VA_06 
"<y>"
	"y" Conjunction CC lang:es 00:02:45 00:02:52 tt-2633 MF019_1971_CT_SU2011_VA_06 
"<luego>"
	"luego" Conjunction CSUBF lang:es 00:02:45 00:02:52 tt-2634 MF019_1971_CT_SU2011_VA_06 
"<suena>"
	"sonar" Verb VLfin Pres Indi Sing 3rd lang:es 00:02:45 00:02:52 tt-2635 MF019_1971_CT_SU2011_VA_06 
"<el>"
	"el" Determiner ART Singular lang:es 00:02:45 00:02:52 tt-2636 MF019_1971_CT_SU2011_VA_06 @Gram:Det:Art 
"<teléfono>"
	"teléfono" Noun NC Singular lang:es 00:02:45 00:02:52 tt-2637 MF019_1971_CT_SU2011_VA_06 
"<y>"
	"y" Conjunction CC lang:es 00:02:45 00:02:52 tt-2638 MF019_1971_CT_SU2011_VA_06 
"<yo>"
	"yo" Pronoun PPX Singular lang:es 00:02:45 00:02:52 tt-2639 MF019_1971_CT_SU2011_VA_06 @Gram:Pron:Sujeto 
<lang code="en">
"<ah>"
	"UNK" Noun NP Singular lang:en 00:02:45 00:02:52 tt-2640 MF019_1971_CT_SU2011_VA_06 
</lang>
"<pues>"
	"pues" Conjunction CSUBF lang:es 00:02:45 00:02:52 tt-2641 MF019_1971_CT_SU2011_VA_06 
"<ha>"
	"haber" Verb VMfin Pres Indi Sing 3rd lang:es 00:02:45 00:02:52 tt-2642 MF019_1971_CT_SU2011_VA_06 @Gram:Haber:Exist 
"<de>"
	"de" Verb VMfin lang:es 00:02:45 00:02:52 tt-2643 MF019_1971_CT_SU2011_VA_06 
"<ser>"
	"ser" Verb VLinf VSinf Infinitive lang:es 00:02:52 00:02:58 tt-2644 MF019_1971_CT_SU2011_VA_06 @Gram:SerEstar:Ser 
"<mi>"
	"mío" Pronoun PPO Singular lang:es 00:02:52 00:02:58 tt-2645 MF019_1971_CT_SU2011_VA_06 @Gram:Det:Pos 
"<esposo>"
	"esposo" Noun NC Singular lang:es 00:02:52 00:02:58 tt-2646 MF019_1971_CT_SU2011_VA_06 
"<$.>"
	"." Punctuation FS lang:es 00:02:52 00:02:58 tt-2647 MF019_1971_CT_SU2011_VA_06 
<lang code="en">

"<Ah>"
	"ah" Other UH lang:en 00:02:52 00:02:58 tt-2648 MF019_1971_CT_SU2011_VA_06 
</lang>
"<entonces>"
	"entonces" Adverb ADV lang:es 00:02:52 00:02:58 tt-2649 MF019_1971_CT_SU2011_VA_06 
"<contesto>"
	"contestar" Verb VLfin Pres Indi Sing 1st lang:es 00:02:52 00:02:58 tt-2650 MF019_1971_CT_SU2011_VA_06 
"<yo>"
	"yo" Pronoun PPX Singular lang:es 00:02:52 00:02:58 tt-2651 MF019_1971_CT_SU2011_VA_06 @Gram:Pron:Sujeto 
"<y>"
	"y" Conjunction CC lang:es 00:02:52 00:02:58 tt-2652 MF019_1971_CT_SU2011_VA_06 
"<luego>"
	"luego" Adverb ADV lang:es 00:02:52 00:02:58 tt-2653 MF019_1971_CT_SU2011_VA_06 
"<me>"
	"yo" Pronoun PPX Singular lang:es 00:02:52 00:02:58 tt-2654 MF019_1971_CT_SU2011_VA_06 @Gram:Pron:Objeto 
"<doy>"
	"dar" Verb VLfin Pres Indi Sing 1st lang:es 00:02:52 00:02:58 tt-2655 MF019_1971_CT_SU2011_VA_06 
"<cuenta>"
	"cuenta" Noun NC Singular lang:es 00:02:52 00:02:58 tt-2656 MF019_1971_CT_SU2011_VA_06 
"<de>"
	"de" Preposition PREP lang:es 00:02:52 00:02:58 tt-2657 MF019_1971_CT_SU2011_VA_06 @Gram:Prep 
"<que>"
	"que" Conjunction CQUE lang:es 00:02:52 00:02:58 tt-2658 MF019_1971_CT_SU2011_VA_06 
"<es>"
	"ser" Verb VSfin Pres Indi Sing 3rd lang:es 00:02:52 00:02:58 tt-2659 MF019_1971_CT_SU2011_VA_06 @Gram:SerEstar:Ser 
"<una>"
	"un" Determiner ART Singular lang:es 00:02:52 00:02:58 tt-2660 MF019_1971_CT_SU2011_VA_06 
"<señora>"
	"señora" Noun NC Singular lang:es 00:02:52 00:02:58 tt-2661 MF019_1971_CT_SU2011_VA_06 
"<y>"
	"y" Conjunction CC lang:es 00:02:52 00:02:58 tt-2662 MF019_1971_CT_SU2011_VA_06 
"<la>"
	"el" Determiner ART Singular lang:es 00:02:52 00:02:58 tt-2663 MF019_1971_CT_SU2011_VA_06 @Gram:Det:Art 
"<señora>"
	"señora" Noun NC Singular lang:es 00:02:52 00:02:58 tt-2664 MF019_1971_CT_SU2011_VA_06 
"<dice>"
	"decir" Verb VLfin Pres Indi Sing 3rd lang:es 00:02:58 00:03:03 tt-2665 MF019_1971_CT_SU2011_VA_06 
"<necesito>"
	"necesitar" Verb VLfin Pres Indi Sing 1st lang:es 00:02:58 00:03:03 tt-2666 MF019_1971_CT_SU2011_VA_06 
"<hablar>"
	"hablar" Verb VLinf Infinitive lang:es 00:02:58 00:03:03 tt-2667 MF019_1971_CT_SU2011_VA_06 ID:524 R:Vocab:Fraseol:VerbPrep:525 
"<con>"
	"con" Preposition PREP lang:es 00:02:58 00:03:03 tt-2668 MF019_1971_CT_SU2011_VA_06 @Gram:Prep ID:525 
"<Olga>"
	"Olga" Noun NP Singular lang:es 00:02:58 00:03:03 tt-2669 MF019_1971_CT_SU2011_VA_06 
"<Alexeuna>"
	"UNK" Noun NP Singular lang:es 00:02:58 00:03:03 tt-2670 MF019_1971_CT_SU2011_VA_06 
"<,>"
	"," Punctuation CM lang:es 00:02:58 00:03:03 tt-2671 MF019_1971_CT_SU2011_VA_06 
"<Olga>"
	"Olga" Noun NP Singular lang:es 00:02:58 00:03:03 tt-2672 MF019_1971_CT_SU2011_VA_06 
"<Alexeuna>"
	"UNK" Noun NP Singular lang:es 00:02:58 00:03:03 tt-2673 MF019_1971_CT_SU2011_VA_06 
"<,>"
	"," Punctuation CM lang:es 00:02:58 00:03:03 tt-2674 MF019_1971_CT_SU2011_VA_06 
"<Olga>"
	"Olga" Noun NP Singular lang:es 00:02:58 00:03:03 tt-2675 MF019_1971_CT_SU2011_VA_06 
"<Alexeuna>"
	"UNK" Noun NP Singular lang:es 00:02:58 00:03:03 tt-2676 MF019_1971_CT_SU2011_VA_06 
"<,>"
	"," Punctuation CM lang:es 00:02:58 00:03:03 tt-2677 MF019_1971_CT_SU2011_VA_06 
"<$¿>"
	"¿" Punctuation FS lang:es 00:02:58 00:03:03 tt-2678 MF019_1971_CT_SU2011_VA_06 
"<está>"
	"estar" Verb VEfin Pres Indi Sing 3rd lang:es 00:02:58 00:03:03 tt-2679 MF019_1971_CT_SU2011_VA_06 @Gram:SerEstar:Estar 
"<en>"
	"en" Preposition PREP lang:es 00:02:58 00:03:03 tt-2680 MF019_1971_CT_SU2011_VA_06 @Gram:Prep 
"<la>"
	"el" Determiner ART Singular lang:es 00:02:58 00:03:03 tt-2681 MF019_1971_CT_SU2011_VA_06 @Gram:Det:Art 
"<casa>"
	"casa" Noun NC Singular lang:es 00:02:58 00:03:03 tt-2682 MF019_1971_CT_SU2011_VA_06 
"<,>"
	"," Punctuation CM lang:es 00:02:58 00:03:03 tt-2683 MF019_1971_CT_SU2011_VA_06 
"<Olga>"
	"Olga" Noun NP Singular lang:es 00:03:03 00:03:10 tt-2684 MF019_1971_CT_SU2011_VA_06 
"<Alexeuna>"
	"UNK" Noun NP Singular lang:es 00:03:03 00:03:10 tt-2685 MF019_1971_CT_SU2011_VA_06 
"<$?>"
	"?" Punctuation FS lang:es 00:03:03 00:03:10 tt-2686 MF019_1971_CT_SU2011_VA_06 

"<Y>"
	"y" Conjunction CC lang:es 00:03:03 00:03:10 tt-2687 MF019_1971_CT_SU2011_VA_06 
"<estoy>"
	"estar" Verb VEfin Pres Indi Sing 1st lang:es 00:03:03 00:03:10 tt-2688 MF019_1971_CT_SU2011_VA_06 @Gram:SerEstar:Estar ID:545 R:Gram:SerEstar:EstarAux:546 
"<pensando>"
	"pensar" Verb VLger lang:es 00:03:03 00:03:10 tt-2689 MF019_1971_CT_SU2011_VA_06 ID:546 
"<y>"
	"y" Conjunction CC lang:es 00:03:03 00:03:10 tt-2690 MF019_1971_CT_SU2011_VA_06 
"<cómo>"
	"cómo" Adverb ADV lang:es 00:03:03 00:03:10 tt-2691 MF019_1971_CT_SU2011_VA_06 
"<le>"
	"él" Pronoun PPC Singular lang:es 00:03:03 00:03:10 tt-2692 MF019_1971_CT_SU2011_VA_06 @Gram:Pron:Objeto 
"<digo>"
	"decir" Verb VLfin Pres Indi Sing 1st lang:es 00:03:03 00:03:10 tt-2693 MF019_1971_CT_SU2011_VA_06 
"<,>"
	"," Punctuation CM lang:es 00:03:03 00:03:10 tt-2694 MF019_1971_CT_SU2011_VA_06 
"<número>"
	"número" Noun NC Singular lang:es 00:03:03 00:03:10 tt-2695 MF019_1971_CT_SU2011_VA_06 
"<uno>"
	"uno" Determiner CARD Singular lang:es 00:03:03 00:03:10 tt-2696 MF019_1971_CT_SU2011_VA_06 
"<que>"
	"que" Conjunction CQUE lang:es 00:03:03 00:03:10 tt-2697 MF019_1971_CT_SU2011_VA_06 
"<Olga>"
	"Olga" Noun NP Singular lang:es 00:03:03 00:03:10 tt-2698 MF019_1971_CT_SU2011_VA_06 
"<Alexeuna>"
	"UNK" Noun NP Singular lang:es 00:03:03 00:03:10 tt-2699 MF019_1971_CT_SU2011_VA_06 
"<no>"
	"no" Adverb NEG lang:es 00:03:03 00:03:10 tt-2700 MF019_1971_CT_SU2011_VA_06 
"<vive>"
	"vivir" Verb VLfin Pres Indi Sing 3rd lang:es 00:03:03 00:03:10 tt-2701 MF019_1971_CT_SU2011_VA_06 
"<aquí>"
	"aquí" Adverb ADV lang:es 00:03:03 00:03:10 tt-2702 MF019_1971_CT_SU2011_VA_06 
"<,>"
	"," Punctuation CM lang:es 00:03:03 00:03:10 tt-2703 MF019_1971_CT_SU2011_VA_06 
"<que>"
	"que" Conjunction CQUE lang:es 00:03:13 00:03:18 tt-2704 MF019_1971_CT_SU2011_VA_06 
"<yo>"
	"yo" Pronoun PPX Singular lang:es 00:03:13 00:03:18 tt-2705 MF019_1971_CT_SU2011_VA_06 @Gram:Pron:Sujeto 
"<estoy>"
	"estar" Verb VEfin Pres Indi Sing 1st lang:es 00:03:13 00:03:18 tt-2706 MF019_1971_CT_SU2011_VA_06 @Gram:SerEstar:Estar ID:563 R:Gram:SerEstar:EstarAux:564 
"<rentando>"
	"rentar" Verb VLger lang:es 00:03:13 00:03:18 tt-2707 MF019_1971_CT_SU2011_VA_06 ID:564 
"<,>"
	"," Punctuation CM lang:es 00:03:13 00:03:18 tt-2708 MF019_1971_CT_SU2011_VA_06 
"<todas>"
	"todo" Determiner QU lang:es 00:03:13 00:03:18 tt-2709 MF019_1971_CT_SU2011_VA_06 
"<estas>"
	"este" Determiner DM Plural lang:es 00:03:13 00:03:18 tt-2710 MF019_1971_CT_SU2011_VA_06 
"<cosas>"
	"cosa" Noun NC Plural lang:es 00:03:13 00:03:18 tt-2711 MF019_1971_CT_SU2011_VA_06 
"<que>"
	"que" Conjunction CQUE lang:es 00:03:13 00:03:18 tt-2712 MF019_1971_CT_SU2011_VA_06 
"<te>"
	"tú" Pronoun PPX Singular lang:es 00:03:13 00:03:18 tt-2713 MF019_1971_CT_SU2011_VA_06 @Gram:Pron:Objeto 
"<vienen>"
	"venir" Verb VLfin Pres Indi Plural 3rd lang:es 00:03:13 00:03:18 tt-2714 MF019_1971_CT_SU2011_VA_06 
"<a>"
	"a" Preposition PREP lang:es 00:03:13 00:03:18 tt-2715 MF019_1971_CT_SU2011_VA_06 @Gram:Prep 
"<la>"
	"el" Determiner ART Singular lang:es 00:03:13 00:03:18 tt-2716 MF019_1971_CT_SU2011_VA_06 @Gram:Det:Art 
"<cabeza>"
	"cabeza" Noun NC Singular lang:es 00:03:13 00:03:18 tt-2717 MF019_1971_CT_SU2011_VA_06 
"<y>"
	"y" Conjunction CC lang:es 00:03:13 00:03:18 tt-2718 MF019_1971_CT_SU2011_VA_06 
"<tú>"
	"tú" Pronoun PPX Singular lang:es 00:03:13 00:03:18 tt-2719 MF019_1971_CT_SU2011_VA_06 @Gram:Pron:Sujeto 
"<sabes>"
	"saber" Verb VLfin Pres Indi Sing 2nd lang:es 00:03:13 00:03:18 tt-2720 MF019_1971_CT_SU2011_VA_06 
"<que>"
	"que" Conjunction CQUE lang:es 00:03:13 00:03:18 tt-2721 MF019_1971_CT_SU2011_VA_06 
"<lo>"
	"el" Determiner ART Singular lang:es 00:03:13 00:03:18 tt-2722 MF019_1971_CT_SU2011_VA_06 
"<que>"
	"que" Conjunction CQUE lang:es 00:03:13 00:03:18 tt-2723 MF019_1971_CT_SU2011_VA_06 
"<tienes>"
	"tener" Verb VLfin Pres Indi Sing 2nd lang:es 00:03:13 00:03:18 tt-2724 MF019_1971_CT_SU2011_VA_06 
"<que>"
	"que" Conjunction CQUE lang:es 00:03:18 00:03:25 tt-2725 MF019_1971_CT_SU2011_VA_06 
"<decir>"
	"decir" Verb VLinf Infinitive lang:es 00:03:18 00:03:25 tt-2726 MF019_1971_CT_SU2011_VA_06 
"<,>"
	"," Punctuation CM lang:es 00:03:18 00:03:25 tt-2727 MF019_1971_CT_SU2011_VA_06 
"<pero>"
	"pero" Conjunction CCAD lang:es 00:03:18 00:03:25 tt-2728 MF019_1971_CT_SU2011_VA_06 @Prag:MarcadoresDisc:Revision 
"<no>"
	"no" Adverb NEG lang:es 00:03:18 00:03:25 tt-2729 MF019_1971_CT_SU2011_VA_06 
"<puedes>"
	"poder" Verb VLfin Pres Indi Sing 2nd lang:es 00:03:18 00:03:25 tt-2730 MF019_1971_CT_SU2011_VA_06 
"<decirlo>"
	"decir" Verb VLinf Pres Indi Sing 1st lang:es 00:03:18 00:03:25 tt-2731 MF019_1971_CT_SU2011_VA_06 
"<y>"
	"y" Conjunction CC lang:es 00:03:18 00:03:25 tt-2732 MF019_1971_CT_SU2011_VA_06 
"<la>"
	"el" Determiner ART Singular lang:es 00:03:18 00:03:25 tt-2733 MF019_1971_CT_SU2011_VA_06 @Gram:Det:Art 
"<persona>"
	"persona" Noun NC Singular lang:es 00:03:18 00:03:25 tt-2734 MF019_1971_CT_SU2011_VA_06 
"<se>"
	"se" Other SE lang:es 00:03:18 00:03:25 tt-2735 MF019_1971_CT_SU2011_VA_06 
"<empezó>"
	"empezar" Verb VLfin Pret Indi Sing 3rd lang:es 00:03:18 00:03:25 tt-2736 MF019_1971_CT_SU2011_VA_06 @Gram:Indefinido ID:593 R:Vocab:Fraseol:VerbPrep:594 
"<a>"
	"a" Preposition PREP lang:es 00:03:18 00:03:25 tt-2737 MF019_1971_CT_SU2011_VA_06 @Gram:Prep ID:594 
"<enojar>"
	"UNK" Verb VLinf Infinitive lang:es 00:03:18 00:03:25 tt-2738 MF019_1971_CT_SU2011_VA_06 
"<necesito>"
	"necesitar" Verb VLfin Pres Indi Sing 1st lang:es 00:03:18 00:03:25 tt-2739 MF019_1971_CT_SU2011_VA_06 
"<hablar>"
	"hablar" Verb VLinf Infinitive lang:es 00:03:18 00:03:25 tt-2740 MF019_1971_CT_SU2011_VA_06 ID:597 R:Vocab:Fraseol:VerbPrep:598 
"<con>"
	"con" Preposition PREP lang:es 00:03:18 00:03:25 tt-2741 MF019_1971_CT_SU2011_VA_06 @Gram:Prep ID:598 
"<Olga>"
	"Olga" Noun NP Singular lang:es 00:03:18 00:03:25 tt-2742 MF019_1971_CT_SU2011_VA_06 
"<Alexeuna>"
	"UNK" Noun NP Singular lang:es 00:03:27 00:03:33 tt-2743 MF019_1971_CT_SU2011_VA_06 
"<,>"
	"," Punctuation CM lang:es 00:03:27 00:03:33 tt-2744 MF019_1971_CT_SU2011_VA_06 
"<pásele>"
	"pasar" Verb VLfin Pres Subj Sing 1st_or_3rd lang:es 00:03:27 00:03:33 tt-2745 MF019_1971_CT_SU2011_VA_06 @Gram:MSub:Pres 
"<el>"
	"el" Determiner ART Singular lang:es 00:03:27 00:03:33 tt-2746 MF019_1971_CT_SU2011_VA_06 @Gram:Det:Art 
"<teléfono>"
	"teléfono" Noun NC Singular lang:es 00:03:27 00:03:33 tt-2747 MF019_1971_CT_SU2011_VA_06 
"<a>"
	"a" Preposition PREP lang:es 00:03:27 00:03:33 tt-2748 MF019_1971_CT_SU2011_VA_06 @Gram:Prep 
"<Olga>"
	"Olga" Noun NP Singular lang:es 00:03:27 00:03:33 tt-2749 MF019_1971_CT_SU2011_VA_06 
"<Alexeuna>"
	"UNK" Noun NP Singular lang:es 00:03:27 00:03:33 tt-2750 MF019_1971_CT_SU2011_VA_06 
"<,>"
	"," Punctuation CM lang:es 00:03:27 00:03:33 tt-2751 MF019_1971_CT_SU2011_VA_06 
"<$¿>"
	"¿" Punctuation FS lang:es 00:03:27 00:03:33 tt-2752 MF019_1971_CT_SU2011_VA_06 
"<está>"
	"estar" Verb VEfin Pres Indi Sing 3rd lang:es 00:03:27 00:03:33 tt-2753 MF019_1971_CT_SU2011_VA_06 @Gram:SerEstar:Estar 
"<usted>"
	"usted" Pronoun PPX Singular lang:es 00:03:27 00:03:33 tt-2754 MF019_1971_CT_SU2011_VA_06 @Gram:Pron:Sujeto 
"<allí>"
	"allí" Adverb ADV lang:es 00:03:27 00:03:33 tt-2755 MF019_1971_CT_SU2011_VA_06 
"<$?>"
	"?" Punctuation FS lang:es 00:03:27 00:03:33 tt-2756 MF019_1971_CT_SU2011_VA_06 

"<Y>"
	"y" Conjunction CC lang:es 00:03:27 00:03:33 tt-2757 MF019_1971_CT_SU2011_VA_06 
"<lo>"
	"el" Determiner ART Singular lang:es 00:03:27 00:03:33 tt-2758 MF019_1971_CT_SU2011_VA_06 @Gram:Det:Art 
"<único>"
	"único" Adjective ADJ Singular lang:es 00:03:27 00:03:33 tt-2759 MF019_1971_CT_SU2011_VA_06 
"<que>"
	"que" Conjunction CQUE lang:es 00:03:27 00:03:33 tt-2760 MF019_1971_CT_SU2011_VA_06 
"<pude>"
	"poder" Verb VLfin Pret Indi Sing 1st lang:es 00:03:27 00:03:33 tt-2761 MF019_1971_CT_SU2011_VA_06 @Gram:Indefinido 
"<decirlo>"
	"decir" Verb VLinf Pres Indi Sing 1st lang:es 00:03:27 00:03:33 tt-2762 MF019_1971_CT_SU2011_VA_06 
"<fue>"
	"ser" Verb VSfin Pret Indi Sing 3rd lang:es 00:03:33 00:03:39 tt-2763 MF019_1971_CT_SU2011_VA_06 @Gram:SerEstar:Ser 
"<Olga>"
	"Olga" Noun NP Singular lang:es 00:03:33 00:03:39 tt-2764 MF019_1971_CT_SU2011_VA_06 
"<Alexeuna>"
	"UNK" Noun NP Singular lang:es 00:03:33 00:03:39 tt-2765 MF019_1971_CT_SU2011_VA_06 
"<no>"
	"no" Adverb NEG lang:es 00:03:33 00:03:39 tt-2766 MF019_1971_CT_SU2011_VA_06 
"<está>"
	"estar" Verb VEfin Pres Indi Sing 3rd lang:es 00:03:33 00:03:39 tt-2767 MF019_1971_CT_SU2011_VA_06 @Gram:SerEstar:Estar 
"<en>"
	"en" Preposition PREP lang:es 00:03:33 00:03:39 tt-2768 MF019_1971_CT_SU2011_VA_06 @Gram:Prep 
"<la>"
	"el" Determiner ART Singular lang:es 00:03:33 00:03:39 tt-2769 MF019_1971_CT_SU2011_VA_06 @Gram:Det:Art 
"<casa>"
	"casa" Noun NC Singular lang:es 00:03:33 00:03:39 tt-2770 MF019_1971_CT_SU2011_VA_06 
"<$.>"
	"." Punctuation FS lang:es 00:03:33 00:03:39 tt-2771 MF019_1971_CT_SU2011_VA_06 
<lang code="en">

"<Ah>"
	"ah" Other UH lang:en 00:03:33 00:03:39 tt-2772 MF019_1971_CT_SU2011_VA_06 
</lang>
"<no>"
	"no" Adverb NEG lang:es 00:03:33 00:03:39 tt-2773 MF019_1971_CT_SU2011_VA_06 
"<esta>"
	"este" Determiner DM Singular lang:es 00:03:33 00:03:39 tt-2774 MF019_1971_CT_SU2011_VA_06 
"<en>"
	"en" Preposition PREP lang:es 00:03:33 00:03:39 tt-2775 MF019_1971_CT_SU2011_VA_06 @Gram:Prep 
"<la>"
	"el" Determiner ART Singular lang:es 00:03:33 00:03:39 tt-2776 MF019_1971_CT_SU2011_VA_06 @Gram:Det:Art 
"<casa>"
	"casa" Noun NC Singular lang:es 00:03:33 00:03:39 tt-2777 MF019_1971_CT_SU2011_VA_06 
"<,>"
	"," Punctuation CM lang:es 00:03:33 00:03:39 tt-2778 MF019_1971_CT_SU2011_VA_06 
"<la>"
	"él" Pronoun PPC Singular lang:es 00:03:33 00:03:39 tt-2779 MF019_1971_CT_SU2011_VA_06 @Gram:Pron:Objeto 
"<llamo>"
	"llamar" Verb VLfin Pres Indi Sing 1st lang:es 00:03:33 00:03:39 tt-2780 MF019_1971_CT_SU2011_VA_06 
"<más>"
	"más" Adverb ADV lang:es 00:03:33 00:03:39 tt-2781 MF019_1971_CT_SU2011_VA_06 
"<tarde>"
	"tarde" Adverb ADV lang:es 00:03:33 00:03:39 tt-2782 MF019_1971_CT_SU2011_VA_06 
"<$.>"
	"." Punctuation FS lang:es 00:03:33 00:03:39 tt-2783 MF019_1971_CT_SU2011_VA_06 

"<Y>"
	"y" Conjunction CC lang:es 00:03:33 00:03:39 tt-2784 MF019_1971_CT_SU2011_VA_06 
"<colgó>"
	"colgar" Verb VLfin Pret Indi Sing 3rd lang:es 00:03:33 00:03:39 tt-2785 MF019_1971_CT_SU2011_VA_06 @Gram:Indefinido 
"<$.>"
	"." Punctuation FS lang:es 00:03:33 00:03:39 tt-2786 MF019_1971_CT_SU2011_VA_06 

"<[>"
	"[" Punctuation LP lang:es 00:03:39 00:03:46 tt-2787 MF019_1971_CT_SU2011_VA_06 
"<Risas>"
	"UNK" Noun NP Plural lang:es 00:03:39 00:03:46 tt-2788 MF019_1971_CT_SU2011_VA_06 
"<]>"
	"]" Other RP lang:es 00:03:39 00:03:46 tt-2789 MF019_1971_CT_SU2011_VA_06 
"<Me>"
	"UNK" Verb VLadj lang:es 00:03:39 00:03:46 tt-2790 MF019_1971_CT_SU2011_VA_06 
"<ha>"
	"haber" Verb VHfin Pres Indi Sing 3rd lang:es 00:03:39 00:03:46 tt-2791 MF019_1971_CT_SU2011_VA_06 ID:648 R:Gram:Aux:Haber:649 R:Gram:PerfPerif:649 
"<dado>"
	"dar" Verb VLadj lang:es 00:03:39 00:03:46 tt-2792 MF019_1971_CT_SU2011_VA_06 ID:649 
"<una>"
	"un" Determiner ART Singular lang:es 00:03:39 00:03:46 tt-2793 MF019_1971_CT_SU2011_VA_06 
"<risa>"
	"risa" Noun NC Singular lang:es 00:03:39 00:03:46 tt-2794 MF019_1971_CT_SU2011_VA_06 
"<porque>"
	"porque" Conjunction CSUBX lang:es 00:03:39 00:03:46 tt-2795 MF019_1971_CT_SU2011_VA_06 @Prag:MarcadoresDisc:Causa 
"<le>"
	"él" Pronoun PPC Singular lang:es 00:03:39 00:03:46 tt-2796 MF019_1971_CT_SU2011_VA_06 @Gram:Pron:Objeto 
"<dije>"
	"decir" Verb VLfin Pret Indi Sing 1st lang:es 00:03:39 00:03:46 tt-2797 MF019_1971_CT_SU2011_VA_06 @Gram:Indefinido 
"<a>"
	"a" Preposition PREP lang:es 00:03:39 00:03:46 tt-2798 MF019_1971_CT_SU2011_VA_06 @Gram:Prep 
"<mi>"
	"mío" Pronoun PPO Singular lang:es 00:03:39 00:03:46 tt-2799 MF019_1971_CT_SU2011_VA_06 @Gram:Det:Pos 
"<esposo>"
	"esposo" Noun NC Singular lang:es 00:03:39 00:03:46 tt-2800 MF019_1971_CT_SU2011_VA_06 
"<necesito>"
	"necesitar" Verb VLfin Pres Indi Sing 1st lang:es 00:03:39 00:03:46 tt-2801 MF019_1971_CT_SU2011_VA_06 
"<que>"
	"que" Conjunction CQUE lang:es 00:03:39 00:03:46 tt-2802 MF019_1971_CT_SU2011_VA_06 
"<me>"
	"yo" Pronoun PPX Singular lang:es 00:03:39 00:03:46 tt-2803 MF019_1971_CT_SU2011_VA_06 @Gram:Pron:Objeto 
"<escribas>"
	"escribir" Verb VLfin Pres Subj Sing 2nd lang:es 00:03:39 00:03:46 tt-2804 MF019_1971_CT_SU2011_VA_06 @Gram:MSub:Pres 
"<las>"
	"el" Determiner ART Plural lang:es 00:03:39 00:03:46 tt-2805 MF019_1971_CT_SU2011_VA_06 @Gram:Det:Art 
"<posibles>"
	"posible" Adjective ADJ Plural lang:es 00:03:39 00:03:46 tt-2806 MF019_1971_CT_SU2011_VA_06 
"<respuestas>"
	"respuesta" Noun NC Plural lang:es 00:03:46 00:03:53 tt-2807 MF019_1971_CT_SU2011_VA_06 
"<a>"
	"a" Preposition PREP lang:es 00:03:46 00:03:53 tt-2808 MF019_1971_CT_SU2011_VA_06 @Gram:Prep 
"<posibles>"
	"posible" Adjective ADJ Plural lang:es 00:03:46 00:03:53 tt-2809 MF019_1971_CT_SU2011_VA_06 
"<llamadas>"
	"llamada" Noun NC Plural lang:es 00:03:46 00:03:53 tt-2810 MF019_1971_CT_SU2011_VA_06 
"<,>"
	"," Punctuation CM lang:es 00:03:46 00:03:53 tt-2811 MF019_1971_CT_SU2011_VA_06 
"<pero>"
	"pero" Conjunction CCAD lang:es 00:03:46 00:03:53 tt-2812 MF019_1971_CT_SU2011_VA_06 @Prag:MarcadoresDisc:Revision 
"<definitivamente>"
	"definitivamente" Adverb ADV lang:es 00:03:46 00:03:53 tt-2813 MF019_1971_CT_SU2011_VA_06 
"<fue>"
	"ser" Verb VSfin Pret Indi Sing 3rd lang:es 00:03:46 00:03:53 tt-2814 MF019_1971_CT_SU2011_VA_06 @Gram:SerEstar:Ser 
"<más>"
	"más" Adverb ADV lang:es 00:03:46 00:03:53 tt-2815 MF019_1971_CT_SU2011_VA_06 
"<fácil>"
	"fácil" Adjective ADJ Singular lang:es 00:03:46 00:03:53 tt-2816 MF019_1971_CT_SU2011_VA_06 
"<aquí>"
	"aquí" Adverb ADV lang:es 00:03:46 00:03:53 tt-2817 MF019_1971_CT_SU2011_VA_06 
"<que>"
	"que" Conjunction CQUE lang:es 00:03:46 00:03:53 tt-2818 MF019_1971_CT_SU2011_VA_06 
"<allá>"
	"allá" Adverb ADV lang:es 00:03:46 00:03:53 tt-2819 MF019_1971_CT_SU2011_VA_06 
"<el>"
	"el" Determiner ART Singular lang:es 00:03:46 00:03:53 tt-2820 MF019_1971_CT_SU2011_VA_06 @Gram:Det:Art ID:677 R:Gram:Genero:ExcepMasc:678 
"<idioma>"
	"idioma" Noun NC Singular lang:es 00:03:46 00:03:53 tt-2821 MF019_1971_CT_SU2011_VA_06 ID:678 
"<,>"
	"," Punctuation CM lang:es 00:03:46 00:03:53 tt-2822 MF019_1971_CT_SU2011_VA_06 
"<más>"
	"más" Adverb ADV lang:es 00:03:54 00:03:55 tt-2823 MF019_1971_CT_SU2011_VA_06 
"<fácil>"
	"fácil" Adjective ADJ Singular lang:es 00:03:54 00:03:55 tt-2824 MF019_1971_CT_SU2011_VA_06 
"<$.>"
	"." Punctuation FS lang:es 00:03:54 00:03:55 tt-2825 MF019_1971_CT_SU2011_VA_06 
</speaker>
</text>

