<text id="MF010_1959_EP_SU2011_AD_04">
<speaker type="int">
"<$¿>"
	"¿" Punctuation FS lang:es 00:00:00 00:00:06 tt-1170 MF010_1959_EP_SU2011_AD_04 
"<Cómo>"
	"cómo" Adverb ADV lang:es 00:00:00 00:00:06 tt-1171 MF010_1959_EP_SU2011_AD_04 
"<te>"
	"tú" Pronoun PPX Singular lang:es 00:00:00 00:00:06 tt-1172 MF010_1959_EP_SU2011_AD_04 @Gram:Pron:Objeto ADD:523 
"<sentías>"
	"sentir" Verb VLfin Imp Indi Sing 2nd lang:es 00:00:00 00:00:06 tt-1173 MF010_1959_EP_SU2011_AD_04 @Gram:Imperf ADD:554 
"<con>"
	"con" Preposition PAL lang:es 00:00:00 00:00:06 tt-1174 MF010_1959_EP_SU2011_AD_04 @Gram:Prep ADD:489 
"<respecto>"
	"respecto" Preposition PAL lang:es 00:00:00 00:00:06 tt-1175 MF010_1959_EP_SU2011_AD_04 @Gram:Prep ADD:489 
"<al>"
	"al" Preposition PAL lang:es 00:00:00 00:00:06 tt-1176 MF010_1959_EP_SU2011_AD_04 @Gram:Prep ADD:489 
"<inglés>"
	"inglés" Noun NC Plural lang:es 00:00:00 00:00:06 tt-1177 MF010_1959_EP_SU2011_AD_04 
"<,>"
	"," Punctuation CM lang:es 00:00:00 00:00:06 tt-1178 MF010_1959_EP_SU2011_AD_04 
"<cuando>"
	"cuando" Conjunction CSUBX lang:es 00:00:00 00:00:06 tt-1179 MF010_1959_EP_SU2011_AD_04 
"<viniste>"
	"venir" Verb VLfin Pret Indi Sing 2nd lang:es 00:00:00 00:00:06 tt-1180 MF010_1959_EP_SU2011_AD_04 @Gram:Indefinido ADD:563 
"<a>"
	"a" Preposition PREP lang:es 00:00:00 00:00:06 tt-1181 MF010_1959_EP_SU2011_AD_04 @Gram:Prep ADD:489 
"<los>"
	"el" Determiner ART Plural lang:es 00:00:00 00:00:06 tt-1182 MF010_1959_EP_SU2011_AD_04 @Gram:Det:Art ADD:341 
"<Estados>"
	"Estados" Noun NP Plural lang:es 00:00:00 00:00:06 tt-1183 MF010_1959_EP_SU2011_AD_04 ID:14 R:Vocab:Entities:Geo:15 ADDRELATION(Vocab:Entities:Geo):1001 
"<Unidos>"
	"Unidos" Noun NP Plural lang:es 00:00:00 00:00:06 tt-1184 MF010_1959_EP_SU2011_AD_04 ID:15 
"<$?>"
	"?" Punctuation FS lang:es 00:00:00 00:00:06 tt-1185 MF010_1959_EP_SU2011_AD_04 

"<,>"
	"," Punctuation CM lang:es 00:00:06 00:00:13 tt-1187 MF010_1959_EP_SU2011_AD_04 
"<pues>"
	"pues" Conjunction CSUBF lang:es 00:00:06 00:00:13 tt-1188 MF010_1959_EP_SU2011_AD_04 
"<eso>"
	"ese" Determiner DM Singular lang:es 00:00:06 00:00:13 tt-1189 MF010_1959_EP_SU2011_AD_04 
"<sí>"
	"sí" Adverb ADV lang:es 00:00:06 00:00:13 tt-1190 MF010_1959_EP_SU2011_AD_04 
"<que>"
	"que" Conjunction CQUE lang:es 00:00:06 00:00:13 tt-1191 MF010_1959_EP_SU2011_AD_04 
"<era>"
	"ser" Verb VEfin Imp Indi Sing 1st_or_3rd lang:es 00:00:06 00:00:13 tt-1192 MF010_1959_EP_SU2011_AD_04 @Gram:Imperf @Gram:SerEstar:Ser ADD:554 ADD:664 
"<muy>"
	"muy" Adverb ADV lang:es 00:00:06 00:00:13 tt-1193 MF010_1959_EP_SU2011_AD_04 
"<...>"
	"..." Punctuation DOTS lang:es 00:00:06 00:00:13 tt-1194 MF010_1959_EP_SU2011_AD_04 
"<un>"
	"un" Determiner ART Singular lang:es 00:00:06 00:00:13 tt-1195 MF010_1959_EP_SU2011_AD_04 
"<poco>"
	"poco" Adverb ADV lang:es 00:00:06 00:00:13 tt-1196 MF010_1959_EP_SU2011_AD_04 
"<duro>"
	"duro" Adjective ADJ Singular lang:es 00:00:06 00:00:13 tt-1197 MF010_1959_EP_SU2011_AD_04 
"<,>"
	"," Punctuation CM lang:es 00:00:06 00:00:13 tt-1198 MF010_1959_EP_SU2011_AD_04 
"<porque>"
	"porque" Conjunction CSUBX lang:es 00:00:06 00:00:13 tt-1199 MF010_1959_EP_SU2011_AD_04 @Prag:MarcadoresDisc:Causa ADD:902 
"<yo>"
	"yo" Pronoun PPX Singular lang:es 00:00:06 00:00:13 tt-1200 MF010_1959_EP_SU2011_AD_04 @Gram:Pron:Sujeto ADD:499 
"<era>"
	"ser" Verb VEfin Imp Indi Sing 1st_or_3rd lang:es 00:00:06 00:00:13 tt-1201 MF010_1959_EP_SU2011_AD_04 @Gram:Imperf @Gram:SerEstar:Ser ADD:554 ADD:664 
"<muy>"
	"muy" Adverb ADV lang:es 00:00:06 00:00:13 tt-1202 MF010_1959_EP_SU2011_AD_04 
"<vergonzosa>"
	"vergonzoso" Adjective ADJ Singular lang:es 00:00:06 00:00:13 tt-1203 MF010_1959_EP_SU2011_AD_04 
"<,>"
	"," Punctuation CM lang:es 00:00:06 00:00:13 tt-1204 MF010_1959_EP_SU2011_AD_04 
"<cuando>"
	"cuando" Conjunction CSUBX lang:es 00:00:06 00:00:13 tt-1205 MF010_1959_EP_SU2011_AD_04 
"<iba>"
	"ir" Verb VLfin Imp Indi Sing 1st_or_3rd lang:es 00:00:15 00:00:22 tt-1206 MF010_1959_EP_SU2011_AD_04 @Gram:Imperf ADD:554 
"<a>"
	"a" Preposition PREP lang:es 00:00:15 00:00:22 tt-1207 MF010_1959_EP_SU2011_AD_04 @Gram:Prep ADD:489 
"<una>"
	"un" Determiner ART Singular lang:es 00:00:15 00:00:22 tt-1208 MF010_1959_EP_SU2011_AD_04 
"<tienda>"
	"tienda" Noun NC Singular lang:es 00:00:15 00:00:22 tt-1209 MF010_1959_EP_SU2011_AD_04 
"<,>"
	"," Punctuation CM lang:es 00:00:15 00:00:22 tt-1210 MF010_1959_EP_SU2011_AD_04 
"<yo>"
	"yo" Pronoun PPX Singular lang:es 00:00:15 00:00:22 tt-1211 MF010_1959_EP_SU2011_AD_04 @Gram:Pron:Sujeto ADD:499 
"<tenía>"
	"tener" Verb VLfin Imp Indi Sing 1st_or_3rd lang:es 00:00:15 00:00:22 tt-1212 MF010_1959_EP_SU2011_AD_04 @Gram:Imperf ADD:554 
"<miedo>"
	"miedo" Noun NC Singular lang:es 00:00:15 00:00:22 tt-1213 MF010_1959_EP_SU2011_AD_04 
"<que>"
	"que" Conjunction CQUE lang:es 00:00:15 00:00:22 tt-1214 MF010_1959_EP_SU2011_AD_04 
"<no>"
	"no" Adverb NEG lang:es 00:00:15 00:00:22 tt-1215 MF010_1959_EP_SU2011_AD_04 
"<me>"
	"yo" Pronoun PPX Singular lang:es 00:00:15 00:00:22 tt-1216 MF010_1959_EP_SU2011_AD_04 @Gram:Pron:Objeto ADD:523 
"<entendían>"
	"entender" Verb VLfin Imp Indi Plural 3rd lang:es 00:00:15 00:00:22 tt-1217 MF010_1959_EP_SU2011_AD_04 @Gram:Imperf ADD:554 
"<,>"
	"," Punctuation CM lang:es 00:00:15 00:00:22 tt-1218 MF010_1959_EP_SU2011_AD_04 
"<pero>"
	"pero" Conjunction CCAD lang:es 00:00:15 00:00:22 tt-1219 MF010_1959_EP_SU2011_AD_04 @Prag:MarcadoresDisc:Revision ADD:849 
"<poco>"
	"poco" Adverb ADV lang:es 00:00:15 00:00:22 tt-1220 MF010_1959_EP_SU2011_AD_04 
"<a>"
	"a" Preposition PREP lang:es 00:00:15 00:00:22 tt-1221 MF010_1959_EP_SU2011_AD_04 @Gram:Prep ADD:489 
"<poco>"
	"poco" Adverb ADV lang:es 00:00:15 00:00:22 tt-1222 MF010_1959_EP_SU2011_AD_04 
"<,>"
	"," Punctuation CM lang:es 00:00:15 00:00:22 tt-1223 MF010_1959_EP_SU2011_AD_04 
"<fui>"
	"ir|ser" Verb VLfin Pret Indi Sing 1st lang:es 00:00:15 00:00:22 tt-1224 MF010_1959_EP_SU2011_AD_04 @Gram:Indefinido ADD:563 
"<yo>"
	"yo" Pronoun PPX Singular lang:es 00:00:15 00:00:22 tt-1225 MF010_1959_EP_SU2011_AD_04 @Gram:Pron:Sujeto ADD:499 
"<aprendiendo>"
	"aprender" Verb VLger lang:es 00:00:15 00:00:22 tt-1226 MF010_1959_EP_SU2011_AD_04 
"<,>"
	"," Punctuation CM lang:es 00:00:15 00:00:22 tt-1227 MF010_1959_EP_SU2011_AD_04 
"<a>"
	"a" Preposition PREP lang:es 00:00:24 00:00:31 tt-1228 MF010_1959_EP_SU2011_AD_04 @Gram:Prep ADD:489 
"<...>"
	"..." Punctuation DOTS lang:es 00:00:24 00:00:31 tt-1229 MF010_1959_EP_SU2011_AD_04 
"<aprendí>"
	"aprender" Verb VLfin Pret Indi Sing 1st lang:es 00:00:24 00:00:31 tt-1230 MF010_1959_EP_SU2011_AD_04 @Gram:Indefinido ADD:563 
"<,>"
	"," Punctuation CM lang:es 00:00:24 00:00:31 tt-1231 MF010_1959_EP_SU2011_AD_04 
"<por>"
	"por" Preposition PREP lang:es 00:00:24 00:00:31 tt-1232 MF010_1959_EP_SU2011_AD_04 @Gram:Prep:Por ID:62 R:Prag:MarcadoresDisc:Igualdad:63 SUBSTITUTE:238 ADD:471 ADDRELATION(Prag:MarcadoresDisc:Igualdad):939 
"<ejemplo>"
	"ejemplo" Adverb ADV lang:es 00:00:24 00:00:31 tt-1233 MF010_1959_EP_SU2011_AD_04 ID:63 
"<,>"
	"," Punctuation CM lang:es 00:00:24 00:00:31 tt-1234 MF010_1959_EP_SU2011_AD_04 
"<como>"
	"como" Conjunction CSUBX lang:es 00:00:24 00:00:31 tt-1235 MF010_1959_EP_SU2011_AD_04 
"<era>"
	"ser" Verb VEfin Imp Indi Sing 1st_or_3rd lang:es 00:00:24 00:00:31 tt-1236 MF010_1959_EP_SU2011_AD_04 @Gram:Imperf @Gram:SerEstar:Ser ADD:554 ADD:664 
"<ama>"
	"ama" Noun NC Singular lang:es 00:00:24 00:00:31 tt-1237 MF010_1959_EP_SU2011_AD_04 
"<de>"
	"de" Preposition PREP lang:es 00:00:24 00:00:31 tt-1238 MF010_1959_EP_SU2011_AD_04 @Gram:Prep ADD:489 
"<casa>"
	"casa" Noun NC Singular lang:es 00:00:24 00:00:31 tt-1239 MF010_1959_EP_SU2011_AD_04 
"<cuando>"
	"cuando" Conjunction CSUBX lang:es 00:00:24 00:00:31 tt-1240 MF010_1959_EP_SU2011_AD_04 
"<llegué>"
	"llegar" Verb VLfin Pret Indi Sing 1st lang:es 00:00:24 00:00:31 tt-1241 MF010_1959_EP_SU2011_AD_04 @Gram:Indefinido ADD:563 
"<aquí>"
	"aquí" Adverb ADV lang:es 00:00:24 00:00:31 tt-1242 MF010_1959_EP_SU2011_AD_04 
"<,>"
	"," Punctuation CM lang:es 00:00:24 00:00:31 tt-1243 MF010_1959_EP_SU2011_AD_04 
"<a>"
	"a" Preposition PREP lang:es 00:00:24 00:00:31 tt-1244 MF010_1959_EP_SU2011_AD_04 @Gram:Prep ADD:489 
"<Estados>"
	"Estados" Noun NP Plural lang:es 00:00:24 00:00:31 tt-1245 MF010_1959_EP_SU2011_AD_04 ID:75 R:Vocab:Entities:Geo:76 ADDRELATION(Vocab:Entities:Geo):1001 
"<Unidos>"
	"Unidos" Noun NP Plural lang:es 00:00:24 00:00:31 tt-1246 MF010_1959_EP_SU2011_AD_04 ID:76 
"<,>"
	"," Punctuation CM lang:es 00:00:24 00:00:31 tt-1247 MF010_1959_EP_SU2011_AD_04 
"<$¿>"
	"¿" Punctuation FS lang:es 00:00:31 00:00:37 tt-1248 MF010_1959_EP_SU2011_AD_04 
"<verdad>"
	"verdad" Noun NC Singular lang:es 00:00:31 00:00:37 tt-1249 MF010_1959_EP_SU2011_AD_04 
"<$?>"
	"?" Punctuation FS lang:es 00:00:31 00:00:37 tt-1250 MF010_1959_EP_SU2011_AD_04 

"<...>"
	"..." Punctuation DOTS lang:es 00:00:31 00:00:37 tt-1252 MF010_1959_EP_SU2011_AD_04 
"<yo>"
	"yo" Pronoun PPX Singular lang:es 00:00:31 00:00:37 tt-1253 MF010_1959_EP_SU2011_AD_04 @Gram:Pron:Sujeto ADD:499 
"<lo>"
	"el" Determiner ART Singular lang:es 00:00:31 00:00:37 tt-1254 MF010_1959_EP_SU2011_AD_04 
"<primero>"
	"primero" Noun NC Singular lang:es 00:00:31 00:00:37 tt-1255 MF010_1959_EP_SU2011_AD_04 
"<que>"
	"que" Conjunction CQUE lang:es 00:00:31 00:00:37 tt-1256 MF010_1959_EP_SU2011_AD_04 
"<aprendí>"
	"aprender" Verb VLfin Pret Indi Sing 1st lang:es 00:00:31 00:00:37 tt-1257 MF010_1959_EP_SU2011_AD_04 @Gram:Indefinido ADD:563 
"<fue>"
	"ser" Verb VSfin Pret Indi Sing 3rd lang:es 00:00:31 00:00:37 tt-1258 MF010_1959_EP_SU2011_AD_04 @Gram:SerEstar:Ser ADD:664 
"<saber>"
	"saber" Verb VLinf Infinitive lang:es 00:00:31 00:00:37 tt-1259 MF010_1959_EP_SU2011_AD_04 SUBSTITUTE:296 
"<cómo>"
	"cómo" Adverb ADV lang:es 00:00:31 00:00:37 tt-1260 MF010_1959_EP_SU2011_AD_04 
"<se>"
	"se" Other SE lang:es 00:00:31 00:00:37 tt-1261 MF010_1959_EP_SU2011_AD_04 
"<decía>"
	"decir" Verb VLfin Imp Indi Sing 1st_or_3rd lang:es 00:00:31 00:00:37 tt-1262 MF010_1959_EP_SU2011_AD_04 @Gram:Imperf ADD:554 
"<,>"
	"," Punctuation CM lang:es 00:00:31 00:00:37 tt-1263 MF010_1959_EP_SU2011_AD_04 
"<por>"
	"por" Preposition PREP lang:es 00:00:31 00:00:37 tt-1264 MF010_1959_EP_SU2011_AD_04 @Gram:Prep:Por ID:93 R:Prag:MarcadoresDisc:Igualdad:94 SUBSTITUTE:238 ADD:471 ADDRELATION(Prag:MarcadoresDisc:Igualdad):939 
"<ejemplo>"
	"ejemplo" Adverb ADV lang:es 00:00:31 00:00:37 tt-1265 MF010_1959_EP_SU2011_AD_04 ID:94 
"<,>"
	"," Punctuation CM lang:es 00:00:31 00:00:37 tt-1266 MF010_1959_EP_SU2011_AD_04 
"<el>"
	"el" Determiner ART Singular lang:es 00:00:31 00:00:37 tt-1267 MF010_1959_EP_SU2011_AD_04 @Gram:Det:Art ADD:341 
"<nombre>"
	"nombre" Noun NC Singular lang:es 00:00:37 00:00:43 tt-1268 MF010_1959_EP_SU2011_AD_04 
"<de>"
	"de" Preposition PREP lang:es 00:00:37 00:00:43 tt-1269 MF010_1959_EP_SU2011_AD_04 @Gram:Prep ADD:489 
"<todas>"
	"todo" Determiner QU lang:es 00:00:37 00:00:43 tt-1270 MF010_1959_EP_SU2011_AD_04 
"<las>"
	"el" Determiner ART Plural lang:es 00:00:37 00:00:43 tt-1271 MF010_1959_EP_SU2011_AD_04 @Gram:Det:Art ADD:341 
"<verduras>"
	"verdura" Noun NC Plural lang:es 00:00:37 00:00:43 tt-1272 MF010_1959_EP_SU2011_AD_04 
"<,>"
	"," Punctuation CM lang:es 00:00:37 00:00:43 tt-1273 MF010_1959_EP_SU2011_AD_04 
"<yo>"
	"yo" Pronoun PPX Singular lang:es 00:00:37 00:00:43 tt-1274 MF010_1959_EP_SU2011_AD_04 @Gram:Pron:Sujeto ADD:499 
"<me>"
	"yo" Pronoun PPX Singular lang:es 00:00:37 00:00:43 tt-1275 MF010_1959_EP_SU2011_AD_04 @Gram:Pron:Objeto ADD:523 
"<las>"
	"él" Pronoun PPC Plural lang:es 00:00:37 00:00:43 tt-1276 MF010_1959_EP_SU2011_AD_04 @Gram:Pron:Objeto ADD:529 
"<aprendí>"
	"aprender" Verb VLfin Pret Indi Sing 1st lang:es 00:00:37 00:00:43 tt-1277 MF010_1959_EP_SU2011_AD_04 @Gram:Indefinido ADD:563 
"<para>"
	"para" Preposition PREP lang:es 00:00:37 00:00:43 tt-1278 MF010_1959_EP_SU2011_AD_04 @Gram:Prep:Para SUBSTITUTE:312 ADD:461 
"<cuando>"
	"cuando" Conjunction CSUBX lang:es 00:00:37 00:00:43 tt-1279 MF010_1959_EP_SU2011_AD_04 
"<yo>"
	"yo" Pronoun PPX Singular lang:es 00:00:37 00:00:43 tt-1280 MF010_1959_EP_SU2011_AD_04 @Gram:Pron:Sujeto ADD:499 
"<iba>"
	"ir" Verb VLfin Imp Indi Sing 1st_or_3rd lang:es 00:00:37 00:00:43 tt-1281 MF010_1959_EP_SU2011_AD_04 @Gram:Imperf ADD:554 
"<a>"
	"a" Preposition PREP lang:es 00:00:37 00:00:43 tt-1282 MF010_1959_EP_SU2011_AD_04 @Gram:Prep ADD:489 
"<la>"
	"el" Determiner ART Singular lang:es 00:00:37 00:00:43 tt-1283 MF010_1959_EP_SU2011_AD_04 @Gram:Det:Art ADD:341 
"<tienda>"
	"tienda" Noun NC Singular lang:es 00:00:37 00:00:43 tt-1284 MF010_1959_EP_SU2011_AD_04 
"<,>"
	"," Punctuation CM lang:es 00:00:37 00:00:43 tt-1285 MF010_1959_EP_SU2011_AD_04 
"<sabía>"
	"saber" Verb VLfin Imp Indi Sing 1st_or_3rd lang:es 00:00:37 00:00:43 tt-1286 MF010_1959_EP_SU2011_AD_04 @Gram:Imperf ADD:554 
"<más>"
	"más" Adverb ADV lang:es 00:00:37 00:00:43 tt-1287 MF010_1959_EP_SU2011_AD_04 
"<o>"
	"o" Conjunction CC lang:es 00:00:43 00:00:50 tt-1288 MF010_1959_EP_SU2011_AD_04 
"<menos>"
	"menos" Adverb ADV lang:es 00:00:43 00:00:50 tt-1289 MF010_1959_EP_SU2011_AD_04 
"<,>"
	"," Punctuation CM lang:es 00:00:43 00:00:50 tt-1290 MF010_1959_EP_SU2011_AD_04 
"<sabía>"
	"saber" Verb VLfin Imp Indi Sing 1st_or_3rd lang:es 00:00:43 00:00:50 tt-1291 MF010_1959_EP_SU2011_AD_04 @Gram:Imperf ADD:554 
"<qué>"
	"qué" Pronoun INT Singular lang:es 00:00:43 00:00:50 tt-1292 MF010_1959_EP_SU2011_AD_04 
"<es>"
	"ser" Verb VSfin Pres Indi Sing 3rd lang:es 00:00:43 00:00:50 tt-1293 MF010_1959_EP_SU2011_AD_04 @Gram:SerEstar:Ser ADD:664 
"<lo>"
	"el" Determiner ART Singular lang:es 00:00:43 00:00:50 tt-1294 MF010_1959_EP_SU2011_AD_04 
"<que>"
	"que" Conjunction CQUE lang:es 00:00:43 00:00:50 tt-1295 MF010_1959_EP_SU2011_AD_04 
"<iba>"
	"ir" Verb VLfin Imp Indi Sing 1st_or_3rd lang:es 00:00:43 00:00:50 tt-1296 MF010_1959_EP_SU2011_AD_04 @Gram:Imperf ADD:554 
"<a>"
	"a" Preposition PREP lang:es 00:00:43 00:00:50 tt-1297 MF010_1959_EP_SU2011_AD_04 @Gram:Prep ADD:489 
"<comprar>"
	"comprar" Verb VLinf Infinitive lang:es 00:00:43 00:00:50 tt-1298 MF010_1959_EP_SU2011_AD_04 SUBSTITUTE:296 
"<,>"
	"," Punctuation CM lang:es 00:00:43 00:00:50 tt-1299 MF010_1959_EP_SU2011_AD_04 
"<y>"
	"y" Conjunction CC lang:es 00:00:43 00:00:50 tt-1300 MF010_1959_EP_SU2011_AD_04 
"<qué>"
	"qué" Pronoun INT Singular lang:es 00:00:43 00:00:50 tt-1301 MF010_1959_EP_SU2011_AD_04 
"<es>"
	"ser" Verb VSfin Pres Indi Sing 3rd lang:es 00:00:43 00:00:50 tt-1302 MF010_1959_EP_SU2011_AD_04 @Gram:SerEstar:Ser ADD:664 
"<lo>"
	"el" Determiner ART Singular lang:es 00:00:43 00:00:50 tt-1303 MF010_1959_EP_SU2011_AD_04 
"<que>"
	"que" Conjunction CQUE lang:es 00:00:43 00:00:50 tt-1304 MF010_1959_EP_SU2011_AD_04 
"<iba>"
	"ir" Verb VLfin Imp Indi Sing 1st_or_3rd lang:es 00:00:43 00:00:50 tt-1305 MF010_1959_EP_SU2011_AD_04 @Gram:Imperf ADD:554 
"<a>"
	"a" Preposition PREP lang:es 00:00:43 00:00:50 tt-1306 MF010_1959_EP_SU2011_AD_04 @Gram:Prep ADD:489 
"<pedir>"
	"pedir" Verb VLinf lang:es 00:00:43 00:00:50 tt-1307 MF010_1959_EP_SU2011_AD_04 SUBSTITUTE:296 
"<$.>"
	"." Punctuation FS lang:es 00:00:43 00:00:50 tt-1308 MF010_1959_EP_SU2011_AD_04 

"<Pero>"
	"pero" Conjunction CCAD lang:es 00:00:43 00:00:50 tt-1309 MF010_1959_EP_SU2011_AD_04 @Prag:MarcadoresDisc:Revision ADD:849 
"<el>"
	"el" Determiner ART Singular lang:es 00:00:43 00:00:50 tt-1310 MF010_1959_EP_SU2011_AD_04 @Gram:Det:Art ID:139 R:Gram:Genero:ExcepMasc:140 ADD:341 ADDRELATION(Gram:Genero:ExcepMasc):388 
"<idioma>"
	"idioma" Noun NC Singular lang:es 00:00:43 00:00:50 tt-1311 MF010_1959_EP_SU2011_AD_04 ID:140 
"<para>"
	"para" Preposition PREP lang:es 00:00:52 00:00:59 tt-1312 MF010_1959_EP_SU2011_AD_04 @Gram:Prep:Para SUBSTITUTE:312 ADD:454 
"<mí>"
	"yo" Pronoun PPX Singular lang:es 00:00:52 00:00:59 tt-1313 MF010_1959_EP_SU2011_AD_04 
"<fue>"
	"ser" Verb VSfin Pret Indi Sing 3rd lang:es 00:00:52 00:00:59 tt-1314 MF010_1959_EP_SU2011_AD_04 @Gram:SerEstar:Ser ADD:664 
"<algo>"
	"algo" Determiner QU lang:es 00:00:52 00:00:59 tt-1315 MF010_1959_EP_SU2011_AD_04 
"<muy>"
	"muy" Adverb ADV lang:es 00:00:52 00:00:59 tt-1316 MF010_1959_EP_SU2011_AD_04 
"<...>"
	"..." Punctuation DOTS lang:es 00:00:52 00:00:59 tt-1317 MF010_1959_EP_SU2011_AD_04 
"<pues>"
	"pues" Conjunction CSUBF lang:es 00:00:52 00:00:59 tt-1318 MF010_1959_EP_SU2011_AD_04 
"<,>"
	"," Punctuation CM lang:es 00:00:52 00:00:59 tt-1319 MF010_1959_EP_SU2011_AD_04 
"<me>"
	"yo" Pronoun PPX Singular lang:es 00:00:52 00:00:59 tt-1320 MF010_1959_EP_SU2011_AD_04 @Gram:Pron:Objeto ADD:523 
"<hacía>"
	"hacer" Verb VLfin Imp Indi Sing 1st_or_3rd lang:es 00:00:52 00:00:59 tt-1321 MF010_1959_EP_SU2011_AD_04 @Gram:Imperf ADD:554 
"<sentir>"
	"sentir" Verb VLinf Infinitive lang:es 00:00:52 00:00:59 tt-1322 MF010_1959_EP_SU2011_AD_04 SUBSTITUTE:296 
"<mal>"
	"mal" Adverb ADV lang:es 00:00:52 00:00:59 tt-1323 MF010_1959_EP_SU2011_AD_04 
"<,>"
	"," Punctuation CM lang:es 00:00:52 00:00:59 tt-1324 MF010_1959_EP_SU2011_AD_04 
"<porque>"
	"porque" Conjunction CSUBX lang:es 00:00:52 00:00:59 tt-1325 MF010_1959_EP_SU2011_AD_04 @Prag:MarcadoresDisc:Causa ADD:902 
"<yo>"
	"yo" Pronoun PPX Singular lang:es 00:00:52 00:00:59 tt-1326 MF010_1959_EP_SU2011_AD_04 @Gram:Pron:Sujeto ADD:499 
"<tenía>"
	"tener" Verb VLfin Imp Indi Sing 1st_or_3rd lang:es 00:00:52 00:00:59 tt-1327 MF010_1959_EP_SU2011_AD_04 @Gram:Imperf ADD:554 
"<vergüenza>"
	"vergüenza" Noun NC Singular lang:es 00:00:52 00:00:59 tt-1328 MF010_1959_EP_SU2011_AD_04 
"<de>"
	"de" Preposition PREP lang:es 00:00:52 00:00:59 tt-1329 MF010_1959_EP_SU2011_AD_04 @Gram:Prep ADD:489 
"<...>"
	"..." Punctuation DOTS lang:es 00:00:52 00:00:59 tt-1330 MF010_1959_EP_SU2011_AD_04 
"<de>"
	"de" Preposition PREP lang:es 00:00:52 00:00:59 tt-1331 MF010_1959_EP_SU2011_AD_04 @Gram:Prep ADD:489 
"<que>"
	"que" Conjunction CQUE lang:es 00:00:52 00:00:59 tt-1332 MF010_1959_EP_SU2011_AD_04 
"<si>"
	"si" Conjunction CSUBX lang:es 00:01:00 00:01:06 tt-1333 MF010_1959_EP_SU2011_AD_04 
"<alguien>"
	"UNK" Verb VLfin Past Subj Plural 3rd lang:es 00:01:00 00:01:06 tt-1334 MF010_1959_EP_SU2011_AD_04 @Gram:MSub:Pret ADD:634 
"<me>"
	"yo" Pronoun PPX Singular lang:es 00:01:00 00:01:06 tt-1335 MF010_1959_EP_SU2011_AD_04 @Gram:Pron:Objeto ADD:523 
"<preguntaba>"
	"preguntar" Verb VLfin Imp Indi Sing 1st_or_3rd lang:es 00:01:00 00:01:06 tt-1336 MF010_1959_EP_SU2011_AD_04 @Gram:Imperf ADD:554 
"<algo>"
	"algo" Determiner QU lang:es 00:01:00 00:01:06 tt-1337 MF010_1959_EP_SU2011_AD_04 
"<,>"
	"," Punctuation CM lang:es 00:01:00 00:01:06 tt-1338 MF010_1959_EP_SU2011_AD_04 
"<no>"
	"no" Adverb NEG lang:es 00:01:00 00:01:06 tt-1339 MF010_1959_EP_SU2011_AD_04 
"<sabía>"
	"saber" Verb VLfin Imp Indi Sing 1st_or_3rd lang:es 00:01:00 00:01:06 tt-1340 MF010_1959_EP_SU2011_AD_04 @Gram:Imperf ADD:554 
"<qué>"
	"qué" Pronoun INT Singular lang:es 00:01:00 00:01:06 tt-1341 MF010_1959_EP_SU2011_AD_04 
"<contestar>"
	"contestar" Verb VLinf Infinitive lang:es 00:01:00 00:01:06 tt-1342 MF010_1959_EP_SU2011_AD_04 SUBSTITUTE:296 
"<,>"
	"," Punctuation CM lang:es 00:01:00 00:01:06 tt-1343 MF010_1959_EP_SU2011_AD_04 
"<ni>"
	"ni" Conjunction CCNEG lang:es 00:01:00 00:01:06 tt-1344 MF010_1959_EP_SU2011_AD_04 
"<yo>"
	"yo" Pronoun PPX Singular lang:es 00:01:00 00:01:06 tt-1345 MF010_1959_EP_SU2011_AD_04 @Gram:Pron:Sujeto ADD:499 
"<sabía>"
	"saber" Verb VLfin Imp Indi Sing 1st_or_3rd lang:es 00:01:00 00:01:06 tt-1346 MF010_1959_EP_SU2011_AD_04 @Gram:Imperf ADD:554 
"<...>"
	"..." Punctuation DOTS lang:es 00:01:00 00:01:06 tt-1347 MF010_1959_EP_SU2011_AD_04 
"<tenía>"
	"tener" Verb VLfin Imp Indi Sing 1st_or_3rd lang:es 00:01:00 00:01:06 tt-1348 MF010_1959_EP_SU2011_AD_04 @Gram:Imperf ADD:554 
"<miedo>"
	"miedo" Noun NC Singular lang:es 00:01:00 00:01:06 tt-1349 MF010_1959_EP_SU2011_AD_04 
"<de>"
	"de" Conjunction CSUBI lang:es 00:01:00 00:01:06 tt-1350 MF010_1959_EP_SU2011_AD_04 
"<encontrarme>"
	"encontrar" Verb VLinf Pres Subj Sing 1st_or_3rd lang:es 00:01:06 00:01:13 tt-1351 MF010_1959_EP_SU2011_AD_04 
"<gente>"
	"gente" Noun NC Singular lang:es 00:01:06 00:01:13 tt-1352 MF010_1959_EP_SU2011_AD_04 
"<que>"
	"que" Conjunction CQUE lang:es 00:01:06 00:01:13 tt-1353 MF010_1959_EP_SU2011_AD_04 
"<no>"
	"no" Adverb NEG lang:es 00:01:06 00:01:13 tt-1354 MF010_1959_EP_SU2011_AD_04 
"<hablara>"
	"hablar" Verb VLfin Past Subj Sing 1st_or_3rd lang:es 00:01:06 00:01:13 tt-1355 MF010_1959_EP_SU2011_AD_04 @Gram:MSub:Pret ADD:634 
"<el>"
	"el" Determiner ART Singular lang:es 00:01:06 00:01:13 tt-1356 MF010_1959_EP_SU2011_AD_04 @Gram:Det:Art ADD:341 
"<inglés>"
	"inglés" Noun NC Plural lang:es 00:01:06 00:01:13 tt-1357 MF010_1959_EP_SU2011_AD_04 
"<...>"
	"..." Punctuation DOTS lang:es 00:01:06 00:01:13 tt-1358 MF010_1959_EP_SU2011_AD_04 
"<el>"
	"el" Determiner ART Singular lang:es 00:01:06 00:01:13 tt-1359 MF010_1959_EP_SU2011_AD_04 @Gram:Det:Art ADD:341 
"<español>"
	"español" Noun NC Singular lang:es 00:01:06 00:01:13 tt-1360 MF010_1959_EP_SU2011_AD_04 
"<,>"
	"," Punctuation CM lang:es 00:01:06 00:01:13 tt-1361 MF010_1959_EP_SU2011_AD_04 
"<y>"
	"y" Conjunction CC lang:es 00:01:06 00:01:13 tt-1362 MF010_1959_EP_SU2011_AD_04 
"<yo>"
	"yo" Pronoun PPX Singular lang:es 00:01:06 00:01:13 tt-1363 MF010_1959_EP_SU2011_AD_04 @Gram:Pron:Sujeto ADD:499 
"<no>"
	"no" Adverb NEG lang:es 00:01:06 00:01:13 tt-1364 MF010_1959_EP_SU2011_AD_04 
"<saber>"
	"saber" Verb VLinf Infinitive lang:es 00:01:06 00:01:13 tt-1365 MF010_1959_EP_SU2011_AD_04 SUBSTITUTE:296 
"<cómo>"
	"cómo" Adverb ADV lang:es 00:01:06 00:01:13 tt-1366 MF010_1959_EP_SU2011_AD_04 
"<comunicarme>"
	"comunicar" Verb VLinf Pres Subj Sing 1st_or_3rd lang:es 00:01:06 00:01:13 tt-1367 MF010_1959_EP_SU2011_AD_04 @Gram:MSub:Pres ADD:633 
"<con>"
	"con" Preposition PREP lang:es 00:01:13 00:01:20 tt-1368 MF010_1959_EP_SU2011_AD_04 @Gram:Prep ADD:489 
"<ellas>"
	"él" Pronoun PPX Plural lang:es 00:01:13 00:01:20 tt-1369 MF010_1959_EP_SU2011_AD_04 @Gram:Pron:Sujeto ADD:499 
"<$.>"
	"." Punctuation FS lang:es 00:01:13 00:01:20 tt-1370 MF010_1959_EP_SU2011_AD_04 

"<Y>"
	"y" Conjunction CC lang:es 00:01:13 00:01:20 tt-1371 MF010_1959_EP_SU2011_AD_04 
"<todavía>"
	"todavía" Adverb ADV lang:es 00:01:13 00:01:20 tt-1372 MF010_1959_EP_SU2011_AD_04 
"<,>"
	"," Punctuation CM lang:es 00:01:13 00:01:20 tt-1373 MF010_1959_EP_SU2011_AD_04 
"<me>"
	"yo" Pronoun PPX Singular lang:es 00:01:13 00:01:20 tt-1374 MF010_1959_EP_SU2011_AD_04 @Gram:Pron:Objeto ADD:523 
"<cuesta>"
	"costar" Verb VLfin Pres Indi Sing 3rd lang:es 00:01:13 00:01:20 tt-1375 MF010_1959_EP_SU2011_AD_04 
"<mucho>"
	"mucho" Adverb ADV lang:es 00:01:13 00:01:20 tt-1376 MF010_1959_EP_SU2011_AD_04 
"<tratar>"
	"tratar" Verb VLinf Infinitive lang:es 00:01:13 00:01:20 tt-1377 MF010_1959_EP_SU2011_AD_04 SUBSTITUTE:296 
"<con>"
	"con" Preposition PREP lang:es 00:01:13 00:01:20 tt-1378 MF010_1959_EP_SU2011_AD_04 @Gram:Prep ADD:489 
"<gente>"
	"gente" Noun NC Singular lang:es 00:01:13 00:01:20 tt-1379 MF010_1959_EP_SU2011_AD_04 
"<que>"
	"que" Conjunction CQUE lang:es 00:01:13 00:01:20 tt-1380 MF010_1959_EP_SU2011_AD_04 
"<sé>"
	"saber|ser" Verb VLfin Pres Indi Sing 1st lang:es 00:01:13 00:01:20 tt-1381 MF010_1959_EP_SU2011_AD_04 
"<que>"
	"que" Conjunction CQUE lang:es 00:01:13 00:01:20 tt-1382 MF010_1959_EP_SU2011_AD_04 
"<habla>"
	"hablar" Verb VLfin Pres Indi Sing 3rd lang:es 00:01:13 00:01:20 tt-1383 MF010_1959_EP_SU2011_AD_04 
"<inglés>"
	"inglés" Adjective ADJ Plural lang:es 00:01:13 00:01:20 tt-1384 MF010_1959_EP_SU2011_AD_04 
"<,>"
	"," Punctuation CM lang:es 00:01:13 00:01:20 tt-1385 MF010_1959_EP_SU2011_AD_04 
"<porque>"
	"porque" Conjunction CSUBX lang:es 00:01:13 00:01:20 tt-1386 MF010_1959_EP_SU2011_AD_04 @Prag:MarcadoresDisc:Causa ADD:902 
"<yo>"
	"yo" Pronoun PPX Singular lang:es 00:01:21 00:01:22 tt-1387 MF010_1959_EP_SU2011_AD_04 @Gram:Pron:Sujeto ADD:499 
"<no>"
	"no" Adverb NEG lang:es 00:01:21 00:01:22 tt-1388 MF010_1959_EP_SU2011_AD_04 
"<lo>"
	"él" Pronoun PPC Singular lang:es 00:01:21 00:01:22 tt-1389 MF010_1959_EP_SU2011_AD_04 @Gram:Pron:Objeto ADD:529 
"<he>"
	"haber" Verb VHfin Pres Indi Sing 1st lang:es 00:01:21 00:01:22 tt-1390 MF010_1959_EP_SU2011_AD_04 @Gram:Haber:Exist ADD:680 
"<podido>"
	"poder" Verb VMadj lang:es 00:01:21 00:01:22 tt-1391 MF010_1959_EP_SU2011_AD_04 
"<aprender>"
	"aprender" Verb VLinf Infinitive lang:es 00:01:21 00:01:22 tt-1392 MF010_1959_EP_SU2011_AD_04 SUBSTITUTE:296 
"<$.>"
	"." Punctuation FS lang:es 00:01:21 00:01:22 tt-1393 MF010_1959_EP_SU2011_AD_04 
</speaker>
</text>

