<text id="MF013_1937_EP_SU2011_AD_02">
<speaker type="subj">
<lang code="en">
"<Oh>"
	"oh" Other UH lang:en 00:00:00 00:00:06 tt-745 MF013_1937_EP_SU2011_AD_02 
</lang>
"<,>"
	"," Punctuation CM lang:es 00:00:00 00:00:06 tt-746 MF013_1937_EP_SU2011_AD_02 
"<pues>"
	"pues" Conjunction CSUBF lang:es 00:00:00 00:00:06 tt-747 MF013_1937_EP_SU2011_AD_02 
"<mi>"
	"mío" Pronoun PPO Singular lang:es 00:00:00 00:00:06 tt-748 MF013_1937_EP_SU2011_AD_02 @Gram:Det:Pos 
"<esposo>"
	"esposo" Noun NC Singular lang:es 00:00:00 00:00:06 tt-749 MF013_1937_EP_SU2011_AD_02 
"<fue>"
	"ser" Verb VSfin Pret Indi Sing 3rd lang:es 00:00:00 00:00:06 tt-750 MF013_1937_EP_SU2011_AD_02 @Gram:Indefinido @Gram:SerEstar:Ser 
"<el>"
	"el" Determiner ART Singular Masc lang:es 00:00:00 00:00:06 tt-751 MF013_1937_EP_SU2011_AD_02 @Gram:Det:Art 
"<que>"
	"que" Conjunction CQUE lang:es 00:00:00 00:00:06 tt-752 MF013_1937_EP_SU2011_AD_02 
"<me>"
	"yo" Pronoun PPX Singular lang:es 00:00:00 00:00:06 tt-753 MF013_1937_EP_SU2011_AD_02 @Gram:Pron:Objeto 
"<arregló>"
	"arreglar" Verb VLfin Pret Indi Sing 3rd lang:es 00:00:00 00:00:06 tt-754 MF013_1937_EP_SU2011_AD_02 @Gram:Indefinido 
"<,>"
	"," Punctuation CM lang:es 00:00:00 00:00:06 tt-755 MF013_1937_EP_SU2011_AD_02 
"<cuando>"
	"cuando" Conjunction CSUBX lang:es 00:00:00 00:00:06 tt-756 MF013_1937_EP_SU2011_AD_02 
"<me>"
	"yo" Pronoun PPX Singular lang:es 00:00:00 00:00:06 tt-757 MF013_1937_EP_SU2011_AD_02 @Gram:Pron:Objeto 
"<casé>"
	"casar" Verb VLfin Pret Indi Sing 1st lang:es 00:00:00 00:00:06 tt-758 MF013_1937_EP_SU2011_AD_02 @Gram:Indefinido 
"<con>"
	"con" Preposition PREP lang:es 00:00:00 00:00:06 tt-759 MF013_1937_EP_SU2011_AD_02 @Gram:Prep 
"<él>"
	"él" Pronoun PPX Singular lang:es 00:00:00 00:00:06 tt-760 MF013_1937_EP_SU2011_AD_02 @Gram:Pron:Sujeto 
"<,>"
	"," Punctuation CM lang:es 00:00:00 00:00:06 tt-761 MF013_1937_EP_SU2011_AD_02 
"<fue>"
	"ser" Verb VSfin Pret Indi Sing 3rd lang:es 00:00:00 00:00:06 tt-762 MF013_1937_EP_SU2011_AD_02 @Gram:Indefinido @Gram:SerEstar:Ser 
"<cuando>"
	"cuando" Conjunction CSUBX lang:es 00:00:00 00:00:06 tt-763 MF013_1937_EP_SU2011_AD_02 
"<emigré>"
	"emigrar" Verb VLfin Fut Indi Sing 1st lang:es 00:00:00 00:00:06 tt-764 MF013_1937_EP_SU2011_AD_02 @Gram:VFut:Conjugado 
"<aquí>"
	"aquí" Adverb ADV lang:es 00:00:06 00:00:07 tt-765 MF013_1937_EP_SU2011_AD_02 
"<$.>"
	"." Punctuation FS lang:es 00:00:06 00:00:07 tt-766 MF013_1937_EP_SU2011_AD_02 
</speaker>
<speaker type="int">

"<$¿>"
	"¿" Punctuation FS lang:es 00:00:07 00:00:11 tt-767 MF013_1937_EP_SU2011_AD_02 
"<Cuánto>"
	"UNK" Noun NC Singular lang:es 00:00:07 00:00:11 tt-768 MF013_1937_EP_SU2011_AD_02 
"<tiempo>"
	"tiempo" Noun NC Singular lang:es 00:00:07 00:00:11 tt-769 MF013_1937_EP_SU2011_AD_02 
"<llevas>"
	"llevar" Verb VLfin Pres Indi Sing 2nd lang:es 00:00:07 00:00:11 tt-770 MF013_1937_EP_SU2011_AD_02 
"<ya>"
	"ya" Adverb ADV lang:es 00:00:07 00:00:11 tt-771 MF013_1937_EP_SU2011_AD_02 
"<viviendo>"
	"vivir" Verb VLger lang:es 00:00:07 00:00:11 tt-772 MF013_1937_EP_SU2011_AD_02 
"<aquí>"
	"aquí" Adverb ADV lang:es 00:00:07 00:00:11 tt-773 MF013_1937_EP_SU2011_AD_02 
"<en>"
	"en" Preposition PREP lang:es 00:00:07 00:00:11 tt-774 MF013_1937_EP_SU2011_AD_02 @Gram:Prep 
"<los>"
	"el" Determiner ART Plural Masc lang:es 00:00:07 00:00:11 tt-775 MF013_1937_EP_SU2011_AD_02 @Gram:Det:Art 
"<Estados>"
	"Estados" Noun NP Plural lang:es 00:00:07 00:00:11 tt-776 MF013_1937_EP_SU2011_AD_02 ID:32 R:Vocab:Entities:Geo:33 
"<Unidos>"
	"Unidos" Noun NP Plural lang:es 00:00:07 00:00:11 tt-777 MF013_1937_EP_SU2011_AD_02 ID:33 
"<$?>"
	"?" Punctuation FS lang:es 00:00:07 00:00:11 tt-778 MF013_1937_EP_SU2011_AD_02 

"<Como>"
	"como" Conjunction CSUBX lang:es 00:00:11 00:00:14 tt-779 MF013_1937_EP_SU2011_AD_02 
"<cuarenta>"
	"cuarenta" Determiner CARD Singular lang:es 00:00:11 00:00:14 tt-780 MF013_1937_EP_SU2011_AD_02 
"<y>"
	"y" Conjunciton Conjunction CC lang:es 00:00:11 00:00:14 tt-781 MF013_1937_EP_SU2011_AD_02 
"<tres>"
	"tres" Determiner CARD Plural lang:es 00:00:11 00:00:14 tt-782 MF013_1937_EP_SU2011_AD_02 
"<años>"
	"año" Noun NC Plural lang:es 00:00:11 00:00:14 tt-783 MF013_1937_EP_SU2011_AD_02 
"<$.>"
	"." Punctuation FS lang:es 00:00:11 00:00:14 tt-784 MF013_1937_EP_SU2011_AD_02 

"<$¿>"
	"¿" Punctuation FS lang:es 00:00:14 00:00:21 tt-785 MF013_1937_EP_SU2011_AD_02 
"<Cuáles>"
	"cuál" Pronoun INT Plural lang:es 00:00:14 00:00:21 tt-786 MF013_1937_EP_SU2011_AD_02 
"<fueron>"
	"ser" Verb VSfin Pret Indi Plural 3rd lang:es 00:00:14 00:00:21 tt-787 MF013_1937_EP_SU2011_AD_02 @Gram:Indefinido @Gram:SerEstar:Ser 
"<tus>"
	"UNK" Noun NC Plural lang:es 00:00:14 00:00:21 tt-788 MF013_1937_EP_SU2011_AD_02 @Gram:Det:Pos 
"<primeras>"
	"primera" Noun NC Plural lang:es 00:00:14 00:00:21 tt-789 MF013_1937_EP_SU2011_AD_02 
"<impresiones>"
	"impresionar" Verb VLfin Pres Subj Sing 2nd lang:es 00:00:14 00:00:21 tt-790 MF013_1937_EP_SU2011_AD_02 @Gram:MSub:Pres 
"<sobre>"
	"sobre" Preposition PREP lang:es 00:00:14 00:00:21 tt-791 MF013_1937_EP_SU2011_AD_02 @Gram:Prep 
"<este>"
	"este" Determiner DM Singular lang:es 00:00:14 00:00:21 tt-792 MF013_1937_EP_SU2011_AD_02 @Gram:Det:Demo 
"<país>"
	"país" Noun NC Plural lang:es 00:00:14 00:00:21 tt-793 MF013_1937_EP_SU2011_AD_02 
"<$?>"
	"?" Punctuation FS lang:es 00:00:14 00:00:21 tt-794 MF013_1937_EP_SU2011_AD_02 

"<Ay>"
	"ay" Noun NP Singular lang:es 00:00:23 00:00:29 tt-795 MF013_1937_EP_SU2011_AD_02 
"<pues>"
	"pues" Conjunction CSUBF lang:es 00:00:23 00:00:29 tt-796 MF013_1937_EP_SU2011_AD_02 
"<muy>"
	"muy" Adverb ADV lang:es 00:00:23 00:00:29 tt-797 MF013_1937_EP_SU2011_AD_02 
"<raro>"
	"raro" Adjective ADJ Singular lang:es 00:00:23 00:00:29 tt-798 MF013_1937_EP_SU2011_AD_02 
"<,>"
	"," Punctuation CM lang:es 00:00:23 00:00:29 tt-799 MF013_1937_EP_SU2011_AD_02 
"<porque>"
	"porque" Conjunction CSUBX lang:es 00:00:23 00:00:29 tt-800 MF013_1937_EP_SU2011_AD_02 @Prag:MarcadoresDisc:Causa 
"<pues>"
	"pues" Conjunction CSUBF lang:es 00:00:23 00:00:29 tt-801 MF013_1937_EP_SU2011_AD_02 
"<puro>"
	"puro" Adjective ADJ Singular lang:es 00:00:23 00:00:29 tt-802 MF013_1937_EP_SU2011_AD_02 
"<...>"
	"..." Punctuation DOTS lang:es 00:00:23 00:00:29 tt-803 MF013_1937_EP_SU2011_AD_02 
"<Bueno>"
	"UNK" Noun NP Singular lang:es 00:00:23 00:00:29 tt-804 MF013_1937_EP_SU2011_AD_02 
"<es>"
	"ser" Verb VSfin Pres Indi Sing 3rd lang:es 00:00:23 00:00:29 tt-805 MF013_1937_EP_SU2011_AD_02 @Gram:SerEstar:Ser 
"<que>"
	"que" Conjunction CQUE lang:es 00:00:23 00:00:29 tt-806 MF013_1937_EP_SU2011_AD_02 
"<se>"
	"se" Other SE lang:es 00:00:23 00:00:29 tt-807 MF013_1937_EP_SU2011_AD_02 
"<usaba>"
	"usar" Verb VLfin Imp Indi Sing 1st_or_3rd lang:es 00:00:23 00:00:29 tt-808 MF013_1937_EP_SU2011_AD_02 @Gram:Imperf 
"<mucho>"
	"mucho" Adverb ADV lang:es 00:00:23 00:00:29 tt-809 MF013_1937_EP_SU2011_AD_02 
"<el>"
	"el" Determiner ART Singular Masc lang:es 00:00:23 00:00:29 tt-810 MF013_1937_EP_SU2011_AD_02 @Gram:Det:Art 
"<español>"
	"español" Noun NC Singular lang:es 00:00:23 00:00:29 tt-811 MF013_1937_EP_SU2011_AD_02 
"<era>"
	"ser" Verb VEfin Imp Indi Sing 1st_or_3rd lang:es 00:00:23 00:00:29 tt-812 MF013_1937_EP_SU2011_AD_02 @Gram:Imperf @Gram:SerEstar:Ser 
"<lo>"
	"el" Determiner ART Singular lang:es 00:00:29 00:00:36 tt-813 MF013_1937_EP_SU2011_AD_02 ID:69 R:Gram:Det:LoAdj:70 
"<bueno>"
	"bueno" Adjective ADJ Singular lang:es 00:00:29 00:00:36 tt-814 MF013_1937_EP_SU2011_AD_02 ID:70 
"<que>"
	"que" Conjunction CQUE lang:es 00:00:29 00:00:36 tt-815 MF013_1937_EP_SU2011_AD_02 
"<había>"
	"haber" Verb VHfin Imp Indi Sing 1st_or_3rd lang:es 00:00:29 00:00:36 tt-816 MF013_1937_EP_SU2011_AD_02 @Gram:Haber:Exist 
"<mucho>"
	"mucho" Determiner QU lang:es 00:00:29 00:00:36 tt-817 MF013_1937_EP_SU2011_AD_02 
"<español>"
	"español" Noun NC Singular lang:es 00:00:29 00:00:36 tt-818 MF013_1937_EP_SU2011_AD_02 
"<y>"
	"y" Conjunciton Conjunction CC lang:es 00:00:29 00:00:36 tt-819 MF013_1937_EP_SU2011_AD_02 
"<podías>"
	"poder" Verb VLfin Imp Indi Sing 2nd lang:es 00:00:29 00:00:36 tt-820 MF013_1937_EP_SU2011_AD_02 @Gram:Imperf 
"<ir>"
	"ir" Verb VLinf Infinitive lang:es 00:00:29 00:00:36 tt-821 MF013_1937_EP_SU2011_AD_02 
"<con>"
	"con" Preposition PREP lang:es 00:00:29 00:00:36 tt-822 MF013_1937_EP_SU2011_AD_02 @Gram:Prep 
"<confianza>"
	"confianza" Noun NC Singular lang:es 00:00:29 00:00:36 tt-823 MF013_1937_EP_SU2011_AD_02 
"<a>"
	"a" Preposition PREP lang:es 00:00:29 00:00:36 tt-824 MF013_1937_EP_SU2011_AD_02 @Gram:Prep 
"<las>"
	"el" Determiner ART Plural Fem lang:es 00:00:29 00:00:36 tt-825 MF013_1937_EP_SU2011_AD_02 @Gram:Det:Art 
"<tiendas>"
	"tienda" Noun NC Plural lang:es 00:00:29 00:00:36 tt-826 MF013_1937_EP_SU2011_AD_02 
"<,>"
	"," Punctuation CM lang:es 00:00:29 00:00:36 tt-827 MF013_1937_EP_SU2011_AD_02 
"<con>"
	"con" Preposition PREP lang:es 00:00:29 00:00:36 tt-828 MF013_1937_EP_SU2011_AD_02 @Gram:Prep 
"<alguna>"
	"alguno" Determiner QU lang:es 00:00:29 00:00:36 tt-829 MF013_1937_EP_SU2011_AD_02 @Gram:Det:CuantIndef 
"<persona>"
	"persona" Noun NC Singular lang:es 00:00:37 00:00:44 tt-830 MF013_1937_EP_SU2011_AD_02 
"<comunicarte>"
	"comunicar" Verb VLinf Pres Subj Sing 1st_or_3rd lang:es 00:00:37 00:00:44 tt-831 MF013_1937_EP_SU2011_AD_02 @Gram:MSub:Pres 
"<porque>"
	"porque" Conjunction CSUBX lang:es 00:00:37 00:00:44 tt-832 MF013_1937_EP_SU2011_AD_02 @Prag:MarcadoresDisc:Causa 
"<sabían>"
	"saber" Verb VLfin Imp Indi Plural 3rd lang:es 00:00:37 00:00:44 tt-833 MF013_1937_EP_SU2011_AD_02 @Gram:Imperf 
"<tu>"
	"tú" Pronoun PPX Singular lang:es 00:00:37 00:00:44 tt-834 MF013_1937_EP_SU2011_AD_02 @Gram:Det:Pos 
"<idioma>"
	"idioma" Noun NC Singular lang:es 00:00:37 00:00:44 tt-835 MF013_1937_EP_SU2011_AD_02 
"<tuyo>"
	"UNK" Verb VLfin Pres Indi Sing 1st lang:es 00:00:37 00:00:44 tt-836 MF013_1937_EP_SU2011_AD_02 
"<,>"
	"," Punctuation CM lang:es 00:00:37 00:00:44 tt-837 MF013_1937_EP_SU2011_AD_02 
"<porque>"
	"porque" Conjunction CSUBX lang:es 00:00:37 00:00:44 tt-838 MF013_1937_EP_SU2011_AD_02 @Prag:MarcadoresDisc:Causa 
"<yo>"
	"yo" Pronoun PPX Singular lang:es 00:00:37 00:00:44 tt-839 MF013_1937_EP_SU2011_AD_02 @Gram:Pron:Sujeto 
"<no>"
	"no" Adverb NEG lang:es 00:00:37 00:00:44 tt-840 MF013_1937_EP_SU2011_AD_02 
"<sé>"
	"saber|ser" Verb VLfin Pres Indi Sing 1st lang:es 00:00:37 00:00:44 tt-841 MF013_1937_EP_SU2011_AD_02 
"<inglés>"
	"inglés" Noun NC Plural lang:es 00:00:37 00:00:44 tt-842 MF013_1937_EP_SU2011_AD_02 
"<$.>"
	"." Punctuation FS lang:es 00:00:37 00:00:44 tt-843 MF013_1937_EP_SU2011_AD_02 

"<No>"
	"no" Adverb NEG lang:es 00:00:37 00:00:44 tt-844 MF013_1937_EP_SU2011_AD_02 
"<estudié>"
	"estudiar" Verb VLfin Pret Indi Sing 1st lang:es 00:00:37 00:00:44 tt-845 MF013_1937_EP_SU2011_AD_02 @Gram:Indefinido 
"<inglés>"
	"inglés" Noun NC Plural lang:es 00:00:45 00:00:48 tt-846 MF013_1937_EP_SU2011_AD_02 
"<aquí>"
	"aquí" Adverb ADV lang:es 00:00:45 00:00:48 tt-847 MF013_1937_EP_SU2011_AD_02 
"<ni>"
	"ni" Conjunction CCNEG lang:es 00:00:45 00:00:48 tt-848 MF013_1937_EP_SU2011_AD_02 
"<papa>"
	"papa" Noun NC Singular lang:es 00:00:45 00:00:48 tt-849 MF013_1937_EP_SU2011_AD_02 
"<$.>"
	"." Punctuation FS lang:es 00:00:45 00:00:48 tt-850 MF013_1937_EP_SU2011_AD_02 

"<$¿>"
	"¿" Punctuation FS lang:es 00:00:48 00:00:52 tt-851 MF013_1937_EP_SU2011_AD_02 
"<Y>"
	"y" Conjunciton Conjunction CC lang:es 00:00:48 00:00:52 tt-852 MF013_1937_EP_SU2011_AD_02 
"<qué>"
	"qué" Pronoun INT Singular lang:es 00:00:48 00:00:52 tt-853 MF013_1937_EP_SU2011_AD_02 
"<tipo>"
	"tipo" Noun NC Singular lang:es 00:00:48 00:00:52 tt-854 MF013_1937_EP_SU2011_AD_02 
"<de>"
	"de" Preposition PREP lang:es 00:00:48 00:00:52 tt-855 MF013_1937_EP_SU2011_AD_02 @Gram:Prep 
"<trabajo>"
	"trabajo" Noun NC Singular lang:es 00:00:48 00:00:52 tt-856 MF013_1937_EP_SU2011_AD_02 
"<hiciste>"
	"hacer" Verb VLfin Pret Indi Sing 2nd lang:es 00:00:48 00:00:52 tt-857 MF013_1937_EP_SU2011_AD_02 @Gram:Indefinido 
"<una>"
	"una" Conjunction CSUBF lang:es 00:00:48 00:00:52 tt-858 MF013_1937_EP_SU2011_AD_02 
"<vez>"
	"vez" Conjunction CSUBF lang:es 00:00:48 00:00:52 tt-859 MF013_1937_EP_SU2011_AD_02 
"<que>"
	"que" Conjunction CSUBF lang:es 00:00:48 00:00:52 tt-860 MF013_1937_EP_SU2011_AD_02 
"<llegaste>"
	"llegar" Verb VLfin Pret Indi Sing 2nd lang:es 00:00:48 00:00:52 tt-861 MF013_1937_EP_SU2011_AD_02 @Gram:Indefinido 
"<$?>"
	"?" Punctuation FS lang:es 00:00:48 00:00:52 tt-862 MF013_1937_EP_SU2011_AD_02 
</speaker>
<speaker type="subj">

"<Mmm>"
	"mmm" Noun NP Singular lang:es 00:00:52 00:00:56 tt-863 MF013_1937_EP_SU2011_AD_02 
"<...>"
	"..." Punctuation DOTS lang:es 00:00:52 00:00:56 tt-864 MF013_1937_EP_SU2011_AD_02 
"<nada>"
	"nada" Determiner QU lang:es 00:00:52 00:00:56 tt-865 MF013_1937_EP_SU2011_AD_02 @Gram:Det:Pron 
"<mi>"
	"mío" Pronoun PPO Singular lang:es 00:00:52 00:00:56 tt-866 MF013_1937_EP_SU2011_AD_02 @Gram:Det:Pos 
"<hija>"
	"hijo" Noun NC Singular lang:es 00:00:52 00:00:56 tt-867 MF013_1937_EP_SU2011_AD_02 
"<$.>"
	"." Punctuation FS lang:es 00:00:52 00:00:56 tt-868 MF013_1937_EP_SU2011_AD_02 

"<Mi>"
	"mío" Pronoun PPO Singular lang:es 00:00:52 00:00:56 tt-869 MF013_1937_EP_SU2011_AD_02 @Gram:Det:Pos 
"<casa>"
	"casa" Noun NC Singular lang:es 00:00:52 00:00:56 tt-870 MF013_1937_EP_SU2011_AD_02 
"<no>"
	"no" Adverb ADV lang:es 00:00:52 00:00:56 tt-871 MF013_1937_EP_SU2011_AD_02 
"<más>"
	"más" Adverb ADV lang:es 00:00:52 00:00:56 tt-872 MF013_1937_EP_SU2011_AD_02 
"<$.>"
	"." Punctuation FS lang:es 00:00:52 00:00:56 tt-873 MF013_1937_EP_SU2011_AD_02 

"<Nunca>"
	"nunca" Adverb ADV lang:es 00:00:52 00:00:56 tt-874 MF013_1937_EP_SU2011_AD_02 
"<trabajé>"
	"trabajar" Verb VLfin Pret Indi Sing 1st lang:es 00:00:52 00:00:56 tt-875 MF013_1937_EP_SU2011_AD_02 @Gram:Indefinido 
"<$.>"
	"." Punctuation FS lang:es 00:00:52 00:00:56 tt-876 MF013_1937_EP_SU2011_AD_02 
</speaker>
<speaker type="int">

"<$¿>"
	"¿" Punctuation FS lang:es 00:00:56 00:01:03 tt-877 MF013_1937_EP_SU2011_AD_02 
"<Cómo>"
	"cómo" Adverb ADV lang:es 00:00:56 00:01:03 tt-878 MF013_1937_EP_SU2011_AD_02 
"<te>"
	"tú" Pronoun PPX Singular lang:es 00:00:56 00:01:03 tt-879 MF013_1937_EP_SU2011_AD_02 @Gram:Pron:Objeto 
"<sentías>"
	"sentir" Verb VLfin Imp Indi Sing 2nd lang:es 00:00:56 00:01:03 tt-880 MF013_1937_EP_SU2011_AD_02 @Gram:Imperf 
"<con>"
	"con" Preposition PAL lang:es 00:00:56 00:01:03 tt-881 MF013_1937_EP_SU2011_AD_02 @Gram:Prep 
"<respecto>"
	"respecto" Preposition PAL lang:es 00:00:56 00:01:03 tt-882 MF013_1937_EP_SU2011_AD_02 @Gram:Prep 
"<al>"
	"al" Preposition PAL lang:es 00:00:56 00:01:03 tt-883 MF013_1937_EP_SU2011_AD_02 @Gram:Prep 
"<inglés>"
	"inglés" Noun NC Plural lang:es 00:00:56 00:01:03 tt-884 MF013_1937_EP_SU2011_AD_02 
"<cuando>"
	"cuando" Conjunction CSUBX lang:es 00:00:56 00:01:03 tt-885 MF013_1937_EP_SU2011_AD_02 
"<viniste>"
	"venir" Verb VLfin Pret Indi Sing 2nd lang:es 00:00:56 00:01:03 tt-886 MF013_1937_EP_SU2011_AD_02 @Gram:Indefinido 
"<$?>"
	"?" Punctuation FS lang:es 00:00:56 00:01:03 tt-887 MF013_1937_EP_SU2011_AD_02 
</speaker>
<speaker type="subj">

"<Oh>"
	"oh" Other UH lang:en 00:01:06 00:01:11 tt-888 MF013_1937_EP_SU2011_AD_02 
"<...>"
	"..." Punctuation DOTS lang:es 00:01:06 00:01:11 tt-889 MF013_1937_EP_SU2011_AD_02 
"<no>"
	"no" Adverb NEG lang:es 00:01:06 00:01:11 tt-890 MF013_1937_EP_SU2011_AD_02 
"<pues>"
	"pues" Conjunction CSUBF lang:es 00:01:06 00:01:11 tt-891 MF013_1937_EP_SU2011_AD_02 
"<como>"
	"como" Conjunction CSUBX lang:es 00:01:06 00:01:11 tt-892 MF013_1937_EP_SU2011_AD_02 
"<te>"
	"tú" Pronoun PPX Singular lang:es 00:01:06 00:01:11 tt-893 MF013_1937_EP_SU2011_AD_02 @Gram:Pron:Objeto 
"<digo>"
	"decir" Verb VLfin Pres Indi Sing 1st lang:es 00:01:06 00:01:11 tt-894 MF013_1937_EP_SU2011_AD_02 
"<era>"
	"ser" Verb VEfin Imp Indi Sing 1st_or_3rd lang:es 00:01:06 00:01:11 tt-895 MF013_1937_EP_SU2011_AD_02 @Gram:Imperf @Gram:SerEstar:Ser 
"<muy>"
	"muy" Adverb ADV lang:es 00:01:06 00:01:11 tt-896 MF013_1937_EP_SU2011_AD_02 
"<raro>"
	"raro" Adjective ADJ Singular lang:es 00:01:06 00:01:11 tt-897 MF013_1937_EP_SU2011_AD_02 
"<que>"
	"que" Conjunction CQUE lang:es 00:01:06 00:01:11 tt-898 MF013_1937_EP_SU2011_AD_02 
"<supieran>"
	"saber" Verb VLfin Past Subj Plural 2nd_or_3rd lang:es 00:01:06 00:01:11 tt-899 MF013_1937_EP_SU2011_AD_02 @Gram:MSub:Pret 
"<,>"
	"," Punctuation CM lang:es 00:01:06 00:01:11 tt-900 MF013_1937_EP_SU2011_AD_02 
"<que>"
	"que" Conjunction CQUE lang:es 00:01:06 00:01:11 tt-901 MF013_1937_EP_SU2011_AD_02 
"<fuera>"
	"ser" Verb VSfin Past Subj Sing 1st_or_3rd lang:es 00:01:06 00:01:11 tt-902 MF013_1937_EP_SU2011_AD_02 @Gram:MSub:Pret @Gram:SerEstar:Ser 
"<a>"
	"a" Preposition PREP lang:es 00:01:06 00:01:11 tt-903 MF013_1937_EP_SU2011_AD_02 @Gram:Prep 
"<alguna>"
	"alguno" Determiner QU lang:es 00:01:06 00:01:11 tt-904 MF013_1937_EP_SU2011_AD_02 @Gram:Det:CuantIndef 
"<parte>"
	"parte" Noun NC Singular lang:es 00:01:06 00:01:11 tt-905 MF013_1937_EP_SU2011_AD_02 
"<que>"
	"que" Conjunction CQUE lang:es 00:01:06 00:01:11 tt-906 MF013_1937_EP_SU2011_AD_02 
"<supieran>"
	"saber" Verb VLfin Past Subj Plural 2nd_or_3rd lang:es 00:01:11 00:01:16 tt-907 MF013_1937_EP_SU2011_AD_02 @Gram:MSub:Pret 
"<puro>"
	"puro" Adjective ADJ Singular lang:es 00:01:11 00:01:16 tt-908 MF013_1937_EP_SU2011_AD_02 
"<inglés>"
	"inglés" Noun NC Plural lang:es 00:01:11 00:01:16 tt-909 MF013_1937_EP_SU2011_AD_02 
"<$.>"
	"." Punctuation FS lang:es 00:01:11 00:01:16 tt-910 MF013_1937_EP_SU2011_AD_02 

"<Como>"
	"como" Conjunction CSUBX lang:es 00:01:11 00:01:16 tt-911 MF013_1937_EP_SU2011_AD_02 
"<ahora>"
	"ahora" Adverb ADV lang:es 00:01:11 00:01:16 tt-912 MF013_1937_EP_SU2011_AD_02 
"<que>"
	"que" Conjunction CQUE lang:es 00:01:11 00:01:16 tt-913 MF013_1937_EP_SU2011_AD_02 
"<vas>"
	"ir" Verb VLfin Pres Indi Sing 2nd lang:es 00:01:11 00:01:16 tt-914 MF013_1937_EP_SU2011_AD_02 
"<a>"
	"a" Preposition PREP lang:es 00:01:11 00:01:16 tt-915 MF013_1937_EP_SU2011_AD_02 @Gram:Prep 
"<una>"
	"un" Determiner ART Singular lang:es 00:01:11 00:01:16 tt-916 MF013_1937_EP_SU2011_AD_02 
"<parte>"
	"parte" Noun NC Singular lang:es 00:01:11 00:01:16 tt-917 MF013_1937_EP_SU2011_AD_02 
"<no>"
	"no" Adverb NEG lang:es 00:01:11 00:01:16 tt-918 MF013_1937_EP_SU2011_AD_02 
"<te>"
	"tú" Pronoun PPX Singular lang:es 00:01:11 00:01:16 tt-919 MF013_1937_EP_SU2011_AD_02 @Gram:Pron:Objeto 
"<saben>"
	"saber" Verb VLfin Pres Indi Plural 3rd lang:es 00:01:11 00:01:16 tt-920 MF013_1937_EP_SU2011_AD_02 
"<decir>"
	"decir" Verb VLinf Infinitive lang:es 00:01:11 00:01:16 tt-921 MF013_1937_EP_SU2011_AD_02 
"<una>"
	"un" Determiner ART Singular lang:es 00:01:11 00:01:16 tt-922 MF013_1937_EP_SU2011_AD_02 
"<cosa>"
	"cosa" Noun NC Singular lang:es 00:01:11 00:01:16 tt-923 MF013_1937_EP_SU2011_AD_02 
"<en>"
	"en" Preposition PREP lang:es 00:01:11 00:01:16 tt-924 MF013_1937_EP_SU2011_AD_02 @Gram:Prep 
"<español>"
	"español" Noun NC Singular lang:es 00:01:16 00:01:23 tt-925 MF013_1937_EP_SU2011_AD_02 
"<porque>"
	"porque" Conjunction CSUBX lang:es 00:01:16 00:01:23 tt-926 MF013_1937_EP_SU2011_AD_02 @Prag:MarcadoresDisc:Causa 
"<no>"
	"no" Adverb NEG lang:es 00:01:16 00:01:23 tt-927 MF013_1937_EP_SU2011_AD_02 
"<saben>"
	"saber" Verb VLfin Pres Indi Plural 3rd lang:es 00:01:16 00:01:23 tt-928 MF013_1937_EP_SU2011_AD_02 
"<$.>"
	"." Punctuation FS lang:es 00:01:16 00:01:23 tt-929 MF013_1937_EP_SU2011_AD_02 

"<Y>"
	"y" Conjunciton Conjunction CC lang:es 00:01:16 00:01:23 tt-930 MF013_1937_EP_SU2011_AD_02 
"<no>"
	"no" Adverb NEG lang:es 00:01:16 00:01:23 tt-931 MF013_1937_EP_SU2011_AD_02 
"<,>"
	"," Punctuation CM lang:es 00:01:16 00:01:23 tt-932 MF013_1937_EP_SU2011_AD_02 
"<pues>"
	"pues" Conjunction CSUBF lang:es 00:01:16 00:01:23 tt-933 MF013_1937_EP_SU2011_AD_02 
"<no>"
	"no" Adverb NEG lang:es 00:01:16 00:01:23 tt-934 MF013_1937_EP_SU2011_AD_02 
"<batallaba>"
	"UNK" Verb VLfin Imp Indi Sing 1st_or_3rd lang:es 00:01:16 00:01:23 tt-935 MF013_1937_EP_SU2011_AD_02 @Gram:Imperf 
"<para>"
	"para" Preposition PREP lang:es 00:01:16 00:01:23 tt-936 MF013_1937_EP_SU2011_AD_02 @Gram:Prep:Para 
"<el>"
	"el" Determiner ART Singular Masc lang:es 00:01:16 00:01:23 tt-937 MF013_1937_EP_SU2011_AD_02 @Gram:Det:Art 
"<español>"
	"español" Noun NC Singular lang:es 00:01:16 00:01:23 tt-938 MF013_1937_EP_SU2011_AD_02 
"<,>"
	"," Punctuation CM lang:es 00:01:16 00:01:23 tt-939 MF013_1937_EP_SU2011_AD_02 
"<para>"
	"para" Preposition PREP lang:es 00:01:16 00:01:23 tt-940 MF013_1937_EP_SU2011_AD_02 @Gram:Prep:Para 
"<el>"
	"el" Determiner ART Singular Masc lang:es 00:01:16 00:01:23 tt-941 MF013_1937_EP_SU2011_AD_02 @Gram:Det:Art 
"<inglés>"
	"inglés" Noun NC Plural lang:es 00:01:16 00:01:23 tt-942 MF013_1937_EP_SU2011_AD_02 
"<$.>"
	"." Punctuation FS lang:es 00:01:16 00:01:23 tt-943 MF013_1937_EP_SU2011_AD_02 
</speaker>
<speaker type="int">

"<$¿>"
	"¿" Punctuation FS lang:es 00:01:25 00:01:31 tt-944 MF013_1937_EP_SU2011_AD_02 
"<Qué>"
	"qué" Pronoun INT Singular lang:es 00:01:25 00:01:31 tt-945 MF013_1937_EP_SU2011_AD_02 
"<tipo>"
	"tipo" Noun NC Singular lang:es 00:01:25 00:01:31 tt-946 MF013_1937_EP_SU2011_AD_02 
"<de>"
	"de" Preposition PREP lang:es 00:01:25 00:01:31 tt-947 MF013_1937_EP_SU2011_AD_02 @Gram:Prep 
"<dificultades>"
	"dificultad" Noun NC Plural lang:es 00:01:25 00:01:31 tt-948 MF013_1937_EP_SU2011_AD_02 
"<sufriste>"
	"UNK" Verb VLfin Pret Indi Sing 2nd lang:es 00:01:25 00:01:31 tt-949 MF013_1937_EP_SU2011_AD_02 @Gram:Indefinido 
"<por>"
	"por" Preposition PREP lang:es 00:01:25 00:01:31 tt-950 MF013_1937_EP_SU2011_AD_02 @Gram:Prep:Por 
"<no>"
	"no" Adverb NEG lang:es 00:01:25 00:01:31 tt-951 MF013_1937_EP_SU2011_AD_02 
"<saber>"
	"saber" Verb VLinf Infinitive lang:es 00:01:25 00:01:31 tt-952 MF013_1937_EP_SU2011_AD_02 
"<hablar>"
	"hablar" Verb VLinf Infinitive lang:es 00:01:25 00:01:31 tt-953 MF013_1937_EP_SU2011_AD_02 
"<inglés>"
	"inglés" Noun NC Plural lang:es 00:01:25 00:01:31 tt-954 MF013_1937_EP_SU2011_AD_02 
"<$?>"
	"?" Punctuation FS lang:es 00:01:25 00:01:31 tt-955 MF013_1937_EP_SU2011_AD_02 
</speaker>
<speaker type="subj">

"<No>"
	"no" Adverb NEG lang:es 00:01:31 00:01:36 tt-956 MF013_1937_EP_SU2011_AD_02 
"<,>"
	"," Punctuation CM lang:es 00:01:31 00:01:36 tt-957 MF013_1937_EP_SU2011_AD_02 
"<ninguna>"
	"ninguno" Determiner QU lang:es 00:01:31 00:01:36 tt-958 MF013_1937_EP_SU2011_AD_02 @Gram:Det:CuantIndef 
"<$.>"
	"." Punctuation FS lang:es 00:01:31 00:01:36 tt-959 MF013_1937_EP_SU2011_AD_02 

"<Muy>"
	"muy" Adverb ADV lang:es 00:01:31 00:01:36 tt-960 MF013_1937_EP_SU2011_AD_02 
"<a>"
	"a" Preposition PREP lang:es 00:01:31 00:01:36 tt-961 MF013_1937_EP_SU2011_AD_02 @Gram:Prep 
"<gusto>"
	"gusto" Noun NC Singular lang:es 00:01:31 00:01:36 tt-962 MF013_1937_EP_SU2011_AD_02 
"<$.>"
	"." Punctuation FS lang:es 00:01:31 00:01:36 tt-963 MF013_1937_EP_SU2011_AD_02 
</speaker>
<speaker type="int">

"<$¿>"
	"¿" Punctuation FS lang:es 00:01:36 00:01:43 tt-964 MF013_1937_EP_SU2011_AD_02 
"<En>"
	"en" Preposition PREP lang:es 00:01:36 00:01:43 tt-965 MF013_1937_EP_SU2011_AD_02 @Gram:Prep 
"<qué>"
	"qué" Pronoun INT Singular lang:es 00:01:36 00:01:43 tt-966 MF013_1937_EP_SU2011_AD_02 
"<formas>"
	"forma" Noun NC Plural lang:es 00:01:36 00:01:43 tt-967 MF013_1937_EP_SU2011_AD_02 
"<crees>"
	"crear|creer" Verb VLfin Pres Indi Sing 2nd lang:es 00:01:36 00:01:43 tt-968 MF013_1937_EP_SU2011_AD_02 
"<que>"
	"que" Conjunction CQUE lang:es 00:01:36 00:01:43 tt-969 MF013_1937_EP_SU2011_AD_02 
"<era>"
	"ser" Verb VEfin Imp Indi Sing 1st_or_3rd lang:es 00:01:36 00:01:43 tt-970 MF013_1937_EP_SU2011_AD_02 @Gram:Imperf @Gram:SerEstar:Ser 
"<más>"
	"más" Adverb ADV lang:es 00:01:36 00:01:43 tt-971 MF013_1937_EP_SU2011_AD_02 
"<fácil>"
	"fácil" Adjective ADJ Singular lang:es 00:01:36 00:01:43 tt-972 MF013_1937_EP_SU2011_AD_02 
"<,>"
	"," Punctuation CM lang:es 00:01:36 00:01:43 tt-973 MF013_1937_EP_SU2011_AD_02 
"<fue>"
	"ser" Verb VSfin Pret Indi Sing 3rd lang:es 00:01:36 00:01:43 tt-974 MF013_1937_EP_SU2011_AD_02 @Gram:Indefinido @Gram:SerEstar:Ser 
"<más>"
	"más" Adverb ADV lang:es 00:01:36 00:01:43 tt-975 MF013_1937_EP_SU2011_AD_02 
"<fácil>"
	"fácil" Adjective ADJ Singular lang:es 00:01:36 00:01:43 tt-976 MF013_1937_EP_SU2011_AD_02 
"<o>"
	"o" Conjunciton Conjunction CC lang:es 00:01:36 00:01:43 tt-977 MF013_1937_EP_SU2011_AD_02 
"<difícil>"
	"difícil" Adjective ADJ Singular lang:es 00:01:36 00:01:43 tt-978 MF013_1937_EP_SU2011_AD_02 
"<educar>"
	"educar" Verb VLinf Infinitive lang:es 00:01:36 00:01:43 tt-979 MF013_1937_EP_SU2011_AD_02 
"<a>"
	"a" Preposition PREP lang:es 00:01:36 00:01:43 tt-980 MF013_1937_EP_SU2011_AD_02 @Gram:Prep 
"<los>"
	"el" Determiner ART Plural Masc lang:es 00:01:36 00:01:43 tt-981 MF013_1937_EP_SU2011_AD_02 @Gram:Det:Art 
"<hijos>"
	"hijo" Noun NC Plural lang:es 00:01:36 00:01:43 tt-982 MF013_1937_EP_SU2011_AD_02 
"<en>"
	"en" Preposition PREP lang:es 00:01:49 00:01:53 tt-983 MF013_1937_EP_SU2011_AD_02 @Gram:Prep 
"<este>"
	"este" Determiner DM Singular lang:es 00:01:49 00:01:53 tt-984 MF013_1937_EP_SU2011_AD_02 @Gram:Det:Demo 
"<país>"
	"país" Noun NC Plural lang:es 00:01:49 00:01:53 tt-985 MF013_1937_EP_SU2011_AD_02 
"<en>"
	"en" Preposition PREP lang:es 00:01:49 00:01:53 tt-986 MF013_1937_EP_SU2011_AD_02 @Gram:Prep 
"<comparación>"
	"comparación" Noun NC Singular lang:es 00:01:49 00:01:53 tt-987 MF013_1937_EP_SU2011_AD_02 
"<con>"
	"con" Preposition PREP lang:es 00:01:49 00:01:53 tt-988 MF013_1937_EP_SU2011_AD_02 @Gram:Prep 
"<tu>"
	"tú" Pronoun PPX Singular lang:es 00:01:49 00:01:53 tt-989 MF013_1937_EP_SU2011_AD_02 @Gram:Det:Pos 
"<país>"
	"país" Noun NC Plural lang:es 00:01:49 00:01:53 tt-990 MF013_1937_EP_SU2011_AD_02 
"<de>"
	"de" Preposition PREP lang:es 00:01:49 00:01:53 tt-991 MF013_1937_EP_SU2011_AD_02 @Gram:Prep 
"<origen>"
	"origen" Noun NC Singular lang:es 00:01:49 00:01:53 tt-992 MF013_1937_EP_SU2011_AD_02 
"<$?>"
	"?" Punctuation FS lang:es 00:01:49 00:01:53 tt-993 MF013_1937_EP_SU2011_AD_02 
</speaker>
<speaker type="subj">

"<Oh>"
	"oh" Other UH lang:en 00:01:53 00:01:59 tt-994 MF013_1937_EP_SU2011_AD_02 
"<,>"
	"," Punctuation CM lang:es 00:01:53 00:01:59 tt-995 MF013_1937_EP_SU2011_AD_02 
"<no>"
	"no" Adverb NEG lang:es 00:01:53 00:01:59 tt-996 MF013_1937_EP_SU2011_AD_02 
"<,>"
	"," Punctuation CM lang:es 00:01:53 00:01:59 tt-997 MF013_1937_EP_SU2011_AD_02 
"<pues>"
	"pues" Conjunction CSUBF lang:es 00:01:53 00:01:59 tt-998 MF013_1937_EP_SU2011_AD_02 
"<aquí>"
	"aquí" Adverb ADV lang:es 00:01:53 00:01:59 tt-999 MF013_1937_EP_SU2011_AD_02 
"<está>"
	"estar" Verb VEfin Pres Indi Sing 3rd lang:es 00:01:53 00:01:59 tt-1000 MF013_1937_EP_SU2011_AD_02 @Gram:SerEstar:Estar 
"<más>"
	"más" Adverb ADV lang:es 00:01:53 00:01:59 tt-1001 MF013_1937_EP_SU2011_AD_02 
"<fácil>"
	"fácil" Adjective ADJ Singular lang:es 00:01:53 00:01:59 tt-1002 MF013_1937_EP_SU2011_AD_02 
"<$.>"
	"." Punctuation FS lang:es 00:01:53 00:01:59 tt-1003 MF013_1937_EP_SU2011_AD_02 

"<Ponle>"
	"poner" Verb VLfin Pres Indi Sing 3rd lang:es 00:01:53 00:01:59 tt-1004 MF013_1937_EP_SU2011_AD_02 
"<que>"
	"que" Conjunction CQUE lang:es 00:01:53 00:01:59 tt-1005 MF013_1937_EP_SU2011_AD_02 
"<yo>"
	"yo" Pronoun PPX Singular lang:es 00:01:53 00:01:59 tt-1006 MF013_1937_EP_SU2011_AD_02 @Gram:Pron:Sujeto 
"<no>"
	"no" Adverb NEG lang:es 00:01:53 00:01:59 tt-1007 MF013_1937_EP_SU2011_AD_02 
"<los>"
	"él" Pronoun PPC Plural lang:es 00:01:53 00:01:59 tt-1008 MF013_1937_EP_SU2011_AD_02 @Gram:Pron:Objeto 
"<podía>"
	"poder" Verb VLfin Imp Indi Sing 1st_or_3rd lang:es 00:01:53 00:01:59 tt-1009 MF013_1937_EP_SU2011_AD_02 @Gram:Imperf 
"<ayudar>"
	"ayudar" Verb VLinf Infinitive lang:es 00:01:53 00:01:59 tt-1010 MF013_1937_EP_SU2011_AD_02 
"<en>"
	"en" Preposition PREP lang:es 00:01:53 00:01:59 tt-1011 MF013_1937_EP_SU2011_AD_02 @Gram:Prep 
"<nada>"
	"nada" Determiner QU lang:es 00:01:53 00:01:59 tt-1012 MF013_1937_EP_SU2011_AD_02 @Gram:Det:Pron 
"<porque>"
	"porque" Conjunction CSUBX lang:es 00:01:59 00:02:06 tt-1013 MF013_1937_EP_SU2011_AD_02 @Prag:MarcadoresDisc:Causa 
"<pues>"
	"pues" Conjunction CSUBF lang:es 00:01:59 00:02:06 tt-1014 MF013_1937_EP_SU2011_AD_02 
"<,>"
	"," Punctuation CM lang:es 00:01:59 00:02:06 tt-1015 MF013_1937_EP_SU2011_AD_02 
"<puro>"
	"puro" Adjective ADJ Singular lang:es 00:01:59 00:02:06 tt-1016 MF013_1937_EP_SU2011_AD_02 
"<inglés>"
	"inglés" Adjective ADJ Plural lang:es 00:01:59 00:02:06 tt-1017 MF013_1937_EP_SU2011_AD_02 
"<ellos>"
	"él" Pronoun PPX Plural lang:es 00:01:59 00:02:06 tt-1018 MF013_1937_EP_SU2011_AD_02 @Gram:Pron:Sujeto 
"<$.>"
	"." Punctuation FS lang:es 00:01:59 00:02:06 tt-1019 MF013_1937_EP_SU2011_AD_02 

"<Y>"
	"y" Conjunciton Conjunction CC lang:es 00:01:59 00:02:06 tt-1020 MF013_1937_EP_SU2011_AD_02 
"<pues>"
	"pues" Conjunction CSUBF lang:es 00:01:59 00:02:06 tt-1021 MF013_1937_EP_SU2011_AD_02 
"<para>"
	"para" Preposition PREP lang:es 00:01:59 00:02:06 tt-1022 MF013_1937_EP_SU2011_AD_02 @Gram:Prep:Para 
"<la>"
	"el" Determiner ART Singular Fem lang:es 00:01:59 00:02:06 tt-1023 MF013_1937_EP_SU2011_AD_02 @Gram:Det:Art 
"<tarea>"
	"tarea" Noun NC Singular lang:es 00:01:59 00:02:06 tt-1024 MF013_1937_EP_SU2011_AD_02 
"<y>"
	"y" Conjunciton Conjunction CC lang:es 00:01:59 00:02:06 tt-1025 MF013_1937_EP_SU2011_AD_02 
"<todo>"
	"todo" Determiner QU lang:es 00:01:59 00:02:06 tt-1026 MF013_1937_EP_SU2011_AD_02 ID:282 R:Gram:Det:Combi:283 
"<eso>"
	"ese" Determiner DM Singular lang:es 00:01:59 00:02:06 tt-1027 MF013_1937_EP_SU2011_AD_02 ID:283 
"<ellos>"
	"él" Pronoun PPX Plural lang:es 00:01:59 00:02:06 tt-1028 MF013_1937_EP_SU2011_AD_02 @Gram:Pron:Sujeto 
"<solitos>"
	"solo" Adjective ADJ Plural lang:es 00:01:59 00:02:06 tt-1029 MF013_1937_EP_SU2011_AD_02 
"<procuraban>"
	"procurar" Verb VLfin Imp Indi Plural 3rd lang:es 00:01:59 00:02:06 tt-1030 MF013_1937_EP_SU2011_AD_02 @Gram:Imperf 
"<hacer>"
	"hacer" Verb VLinf Infinitive lang:es 00:02:07 00:02:12 tt-1031 MF013_1937_EP_SU2011_AD_02 
"<sus>"
	"suyo" Pronoun PPO Plural lang:es 00:02:07 00:02:12 tt-1032 MF013_1937_EP_SU2011_AD_02 @Gram:Det:Pos 
"<trabajos>"
	"trabajo" Noun NC Plural lang:es 00:02:07 00:02:12 tt-1033 MF013_1937_EP_SU2011_AD_02 
"<en>"
	"en" Preposition PREP lang:es 00:02:07 00:02:12 tt-1034 MF013_1937_EP_SU2011_AD_02 @Gram:Prep 
"<inglés>"
	"inglés" Noun NC Plural lang:es 00:02:07 00:02:12 tt-1035 MF013_1937_EP_SU2011_AD_02 
"<porque>"
	"porque" Conjunction CSUBX lang:es 00:02:07 00:02:12 tt-1036 MF013_1937_EP_SU2011_AD_02 @Prag:MarcadoresDisc:Causa 
"<pues>"
	"pues" Conjunction CSUBF lang:es 00:02:07 00:02:12 tt-1037 MF013_1937_EP_SU2011_AD_02 
"<la>"
	"el" Determiner ART Singular Fem lang:es 00:02:07 00:02:12 tt-1038 MF013_1937_EP_SU2011_AD_02 @Gram:Det:Art 
"<mamá>"
	"mamá" Noun NC Singular lang:es 00:02:07 00:02:12 tt-1039 MF013_1937_EP_SU2011_AD_02 
"<no>"
	"no" Adverb NEG lang:es 00:02:07 00:02:12 tt-1040 MF013_1937_EP_SU2011_AD_02 
"<sabía>"
	"saber" Verb VLfin Imp Indi Sing 1st_or_3rd lang:es 00:02:07 00:02:12 tt-1041 MF013_1937_EP_SU2011_AD_02 @Gram:Imperf 
"<ni>"
	"ni" Conjunction CCNEG lang:es 00:02:07 00:02:12 tt-1042 MF013_1937_EP_SU2011_AD_02 
"<papa>"
	"papar" Verb VLfin Pres Indi Sing 3rd lang:es 00:02:07 00:02:12 tt-1043 MF013_1937_EP_SU2011_AD_02 
"<y>"
	"y" Conjunciton Conjunction CC lang:es 00:02:07 00:02:12 tt-1044 MF013_1937_EP_SU2011_AD_02 
"<el>"
	"el" Determiner ART Singular Masc lang:es 00:02:07 00:02:12 tt-1045 MF013_1937_EP_SU2011_AD_02 @Gram:Det:Art 
"<papá>"
	"papá" Noun NC Singular lang:es 00:02:07 00:02:12 tt-1046 MF013_1937_EP_SU2011_AD_02 
"<menos>"
	"menos" Adverb ADV lang:es 00:02:07 00:02:12 tt-1047 MF013_1937_EP_SU2011_AD_02 
"<$.>"
	"." Punctuation FS lang:es 00:02:07 00:02:12 tt-1048 MF013_1937_EP_SU2011_AD_02 
</speaker>
</text>

