<text id="MF025_1967_CT_SU2011_VA_01">
<speaker type="subj">
"<yo>"
	"yo" Pronoun PPX Singular lang:es 00:00:00 00:00:07 tt-231 MF025_1967_CT_SU2011_VA_01 @Gram:Pron:Sujeto 
"<estudié>"
	"estudiar" Verb VLfin Pret Indi Sing 1st lang:es 00:00:00 00:00:07 tt-232 MF025_1967_CT_SU2011_VA_01 @Gram:Indefinido 
"<ahí>"
	"ahí" Adverb ADV lang:es 00:00:00 00:00:07 tt-233 MF025_1967_CT_SU2011_VA_01 
"<la>"
	"el" Determiner ART Singular Fem lang:es 00:00:00 00:00:07 tt-234 MF025_1967_CT_SU2011_VA_01 @Gram:Det:Art 
"<primaria>"
	"primario" Adjective ADJ Singular lang:es 00:00:00 00:00:07 tt-235 MF025_1967_CT_SU2011_VA_01 
"<y>"
	"y" Conjunciton Conjunction CC lang:es 00:00:00 00:00:07 tt-236 MF025_1967_CT_SU2011_VA_01 
"<estuve>"
	"estar" Verb VEfin Pret Indi Sing 1st lang:es 00:00:00 00:00:07 tt-237 MF025_1967_CT_SU2011_VA_01 @Gram:Indefinido @Gram:SerEstar:Estar 
"<muy>"
	"muy" Adverb ADV lang:es 00:00:00 00:00:07 tt-238 MF025_1967_CT_SU2011_VA_01 
"<contenta>"
	"contento" Adjective ADJ Singular lang:es 00:00:00 00:00:07 tt-239 MF025_1967_CT_SU2011_VA_01 
"<en>"
	"en" Preposition PREP lang:es 00:00:00 00:00:07 tt-240 MF025_1967_CT_SU2011_VA_01 @Gram:Prep 
"<la>"
	"el" Determiner ART Singular Fem lang:es 00:00:00 00:00:07 tt-241 MF025_1967_CT_SU2011_VA_01 @Gram:Det:Art 
"<primaria>"
	"primario" Adjective ADJ Singular lang:es 00:00:00 00:00:07 tt-242 MF025_1967_CT_SU2011_VA_01 
"<,>"
	"," Punctuation CM lang:es 00:00:00 00:00:07 tt-243 MF025_1967_CT_SU2011_VA_01 
"<porque>"
	"porque" Conjunction CSUBX lang:es 00:00:00 00:00:07 tt-244 MF025_1967_CT_SU2011_VA_01 @Prag:MarcadoresDisc:Causa 
"<había>"
	"haber" Verb VHfin Imp Indi Sing 1st_or_3rd lang:es 00:00:00 00:00:07 tt-245 MF025_1967_CT_SU2011_VA_01 @Gram:Haber:Exist 
"<muchos>"
	"mucho" Determiner QU lang:es 00:00:00 00:00:07 tt-246 MF025_1967_CT_SU2011_VA_01 @Gram:Det:CuantIndef 
"<niños>"
	"niño" Noun NC Plural lang:es 00:00:08 00:00:13 tt-247 MF025_1967_CT_SU2011_VA_01 
"<nuevos>"
	"nuevo" Adjective ADJ Plural lang:es 00:00:08 00:00:13 tt-248 MF025_1967_CT_SU2011_VA_01 
"<$.>"
	"." Punctuation FS lang:es 00:00:08 00:00:13 tt-249 MF025_1967_CT_SU2011_VA_01 

"<Para>"
	"para" Preposition PREP lang:es 00:00:08 00:00:13 tt-250 MF025_1967_CT_SU2011_VA_01 @Gram:Prep:Para 
"<mí>"
	"yo" Pronoun PPX Singular lang:es 00:00:08 00:00:13 tt-251 MF025_1967_CT_SU2011_VA_01 
"<era>"
	"ser" Verb VEfin Imp Indi Sing 1st_or_3rd lang:es 00:00:08 00:00:13 tt-252 MF025_1967_CT_SU2011_VA_01 @Gram:Imperf @Gram:SerEstar:Ser 
"<una>"
	"un" Determiner ART Singular lang:es 00:00:08 00:00:13 tt-253 MF025_1967_CT_SU2011_VA_01 
"<experiencia>"
	"experiencia" Noun NC Singular lang:es 00:00:08 00:00:13 tt-254 MF025_1967_CT_SU2011_VA_01 
"<diferente>"
	"diferente" Adjective ADJ Singular lang:es 00:00:08 00:00:13 tt-255 MF025_1967_CT_SU2011_VA_01 
"<,>"
	"," Punctuation CM lang:es 00:00:08 00:00:13 tt-256 MF025_1967_CT_SU2011_VA_01 
"<yo>"
	"yo" Pronoun PPX Singular lang:es 00:00:08 00:00:13 tt-257 MF025_1967_CT_SU2011_VA_01 @Gram:Pron:Sujeto 
"<lo>"
	"él" Pronoun PPC Singular lang:es 00:00:08 00:00:13 tt-258 MF025_1967_CT_SU2011_VA_01 @Gram:Pron:Objeto 
"<recuerdo>"
	"recordar" Verb VLfin Pres Indi Sing 1st lang:es 00:00:08 00:00:13 tt-259 MF025_1967_CT_SU2011_VA_01 
"<porque>"
	"porque" Conjunction CSUBX lang:es 00:00:08 00:00:13 tt-260 MF025_1967_CT_SU2011_VA_01 @Prag:MarcadoresDisc:Causa 
"<el>"
	"el" Determiner ART Singular Masc lang:es 00:00:08 00:00:13 tt-261 MF025_1967_CT_SU2011_VA_01 @Gram:Det:Art 
"<primer>"
	"primero" Adjective ORD Singular lang:es 00:00:08 00:00:13 tt-262 MF025_1967_CT_SU2011_VA_01 Gram:Adj:Ord 
"<día>"
	"día" Noun NC Singular lang:es 00:00:13 00:00:20 tt-263 MF025_1967_CT_SU2011_VA_01 
"<que>"
	"que" Conjunction CQUE lang:es 00:00:13 00:00:20 tt-264 MF025_1967_CT_SU2011_VA_01 
"<fui>"
	"ir|ser" Verb VLfin Pret Indi Sing 1st lang:es 00:00:13 00:00:20 tt-265 MF025_1967_CT_SU2011_VA_01 @Gram:Indefinido 
"<,>"
	"," Punctuation CM lang:es 00:00:13 00:00:20 tt-266 MF025_1967_CT_SU2011_VA_01 
"<eran>"
	"ser" Verb VSfin Imp Indi Plural 3rd lang:es 00:00:13 00:00:20 tt-267 MF025_1967_CT_SU2011_VA_01 @Gram:Imperf @Gram:SerEstar:Ser ID:37 R:Herit:Contacto:Mixtas:38 
<lang code="en">
"<ah>"
	"UNK" Noun NN lang:en 00:00:13 00:00:20 tt-268 MF025_1967_CT_SU2011_VA_01 ID:38 
</lang>
"<...>"
	"..." Punctuation DOTS lang:es 00:00:13 00:00:20 tt-269 MF025_1967_CT_SU2011_VA_01 
"<personas>"
	"persona" Noun NC Plural lang:es 00:00:13 00:00:20 tt-270 MF025_1967_CT_SU2011_VA_01 
"<humildes>"
	"humilde" Adjective ADJ Plural lang:es 00:00:13 00:00:20 tt-271 MF025_1967_CT_SU2011_VA_01 
"<y>"
	"y" Conjunciton Conjunction CC lang:es 00:00:13 00:00:20 tt-272 MF025_1967_CT_SU2011_VA_01 
"<teníamos>"
	"tener" Verb VLfin Imp Indi Plural 1st lang:es 00:00:13 00:00:20 tt-273 MF025_1967_CT_SU2011_VA_01 @Gram:Imperf 
"<que>"
	"que" Conjunction CQUE lang:es 00:00:13 00:00:20 tt-274 MF025_1967_CT_SU2011_VA_01 
"<llevar>"
	"llevar" Verb VLinf Infinitive lang:es 00:00:13 00:00:20 tt-275 MF025_1967_CT_SU2011_VA_01 
"<nuestra>"
	"UNK" Noun NC Singular lang:es 00:00:13 00:00:20 tt-276 MF025_1967_CT_SU2011_VA_01 
"<sillita>"
	"silla" Noun NC Singular lang:es 00:00:13 00:00:20 tt-277 MF025_1967_CT_SU2011_VA_01 
"<todos>"
	"todo" Determiner QU lang:es 00:00:13 00:00:20 tt-278 MF025_1967_CT_SU2011_VA_01 
"<y>"
	"y" Conjunciton Conjunction CC lang:es 00:00:21 00:00:26 tt-279 MF025_1967_CT_SU2011_VA_01 
"<,>"
	"," Punctuation CM lang:es 00:00:21 00:00:26 tt-280 MF025_1967_CT_SU2011_VA_01 
"<en>"
	"en" Preposition PREP lang:es 00:00:21 00:00:26 tt-281 MF025_1967_CT_SU2011_VA_01 @Gram:Prep 
"<el>"
	"el" Determiner ART Singular Masc lang:es 00:00:21 00:00:26 tt-282 MF025_1967_CT_SU2011_VA_01 @Gram:Det:Art 
"<proceso>"
	"proceso" Noun NC Singular lang:es 00:00:21 00:00:26 tt-283 MF025_1967_CT_SU2011_VA_01 
"<que>"
	"que" Conjunction CQUE lang:es 00:00:21 00:00:26 tt-284 MF025_1967_CT_SU2011_VA_01 
"<íbamos>"
	"ir" Verb VLfin Imp Indi Plural 1st lang:es 00:00:21 00:00:26 tt-285 MF025_1967_CT_SU2011_VA_01 @Gram:Imperf 
"<a>"
	"a" Preposition PREP lang:es 00:00:21 00:00:26 tt-286 MF025_1967_CT_SU2011_VA_01 @Gram:Prep 
"<la>"
	"el" Determiner ART Singular Fem lang:es 00:00:21 00:00:26 tt-287 MF025_1967_CT_SU2011_VA_01 @Gram:Det:Art 
"<escuela>"
	"escuela" Noun NC Singular lang:es 00:00:21 00:00:26 tt-288 MF025_1967_CT_SU2011_VA_01 
"<,>"
	"," Punctuation CM lang:es 00:00:21 00:00:26 tt-289 MF025_1967_CT_SU2011_VA_01 
"<todos>"
	"todo" Determiner QU lang:es 00:00:21 00:00:26 tt-290 MF025_1967_CT_SU2011_VA_01 
"<llevábamos>"
	"llevar" Verb VLfin Imp Indi Plural 1st lang:es 00:00:21 00:00:26 tt-291 MF025_1967_CT_SU2011_VA_01 @Gram:Imperf 
"<nuestras>"
	"UNK" Adjective ADJ Plural lang:es 00:00:21 00:00:26 tt-292 MF025_1967_CT_SU2011_VA_01 @Gram:Det:Pos 
"<sillitas>"
	"silla" Noun NC Plural lang:es 00:00:21 00:00:26 tt-293 MF025_1967_CT_SU2011_VA_01 
"<y>"
	"y" Conjunciton Conjunction CC lang:es 00:00:21 00:00:26 tt-294 MF025_1967_CT_SU2011_VA_01 
"<yo>"
	"yo" Pronoun PPX Singular lang:es 00:00:21 00:00:26 tt-295 MF025_1967_CT_SU2011_VA_01 @Gram:Pron:Sujeto 
"<recuerdo>"
	"recordar" Verb VLfin Pres Indi Sing 1st lang:es 00:00:21 00:00:26 tt-296 MF025_1967_CT_SU2011_VA_01 
"<que>"
	"que" Conjunction CQUE lang:es 00:00:26 00:00:31 tt-297 MF025_1967_CT_SU2011_VA_01 
"<yo>"
	"yo" Pronoun PPX Singular lang:es 00:00:26 00:00:31 tt-298 MF025_1967_CT_SU2011_VA_01 @Gram:Pron:Sujeto 
"<me>"
	"yo" Pronoun PPX Singular lang:es 00:00:26 00:00:31 tt-299 MF025_1967_CT_SU2011_VA_01 @Gram:Pron:Objeto 
"<tropecé>"
	"UNK" Verb VLfin Pret Indi Sing 1st lang:es 00:00:26 00:00:31 tt-300 MF025_1967_CT_SU2011_VA_01 @Gram:Indefinido 
"<,>"
	"," Punctuation CM lang:es 00:00:26 00:00:31 tt-301 MF025_1967_CT_SU2011_VA_01 
"<me>"
	"yo" Pronoun PPX Singular lang:es 00:00:26 00:00:31 tt-302 MF025_1967_CT_SU2011_VA_01 @Gram:Pron:Objeto 
"<caí>"
	"caer" Verb VLfin Pret Indi Sing 1st lang:es 00:00:26 00:00:31 tt-303 MF025_1967_CT_SU2011_VA_01 @Gram:Indefinido 
"<y>"
	"y" Conjunciton Conjunction CC lang:es 00:00:26 00:00:31 tt-304 MF025_1967_CT_SU2011_VA_01 
"<ahí>"
	"ahí" Adverb ADV lang:es 00:00:26 00:00:31 tt-305 MF025_1967_CT_SU2011_VA_01 
"<la>"
	"el" Determiner ART Singular Fem lang:es 00:00:26 00:00:31 tt-306 MF025_1967_CT_SU2011_VA_01 @Gram:Det:Art 
"<maestra>"
	"maestro" Plural Singular Noun NC lang:es 00:00:26 00:00:31 tt-307 MF025_1967_CT_SU2011_VA_01 
"<fue>"
	"ser" Verb VSfin Pret Indi Sing 3rd lang:es 00:00:26 00:00:31 tt-308 MF025_1967_CT_SU2011_VA_01 @Gram:Indefinido @Gram:SerEstar:Ser 
"<cuando>"
	"cuando" Conjunction CSUBX lang:es 00:00:26 00:00:31 tt-309 MF025_1967_CT_SU2011_VA_01 
"<me>"
	"yo" Pronoun PPX Singular lang:es 00:00:26 00:00:31 tt-310 MF025_1967_CT_SU2011_VA_01 @Gram:Pron:Objeto 
"<eligió>"
	"elegir" Verb VLfin Pret Indi Sing 3rd lang:es 00:00:26 00:00:31 tt-311 MF025_1967_CT_SU2011_VA_01 @Gram:Indefinido 
"<y>"
	"y" Conjunciton Conjunction CC lang:es 00:00:26 00:00:31 tt-312 MF025_1967_CT_SU2011_VA_01 
"<dijo>"
	"decir" Verb VLfin Pret Indi Sing 3rd lang:es 00:00:26 00:00:31 tt-313 MF025_1967_CT_SU2011_VA_01 @Gram:Indefinido 
"<,>"
	"," Punctuation CM lang:es 00:00:26 00:00:31 tt-314 MF025_1967_CT_SU2011_VA_01 
"<esta>"
	"este" Determiner DM Singular lang:es 00:00:26 00:00:31 tt-315 MF025_1967_CT_SU2011_VA_01 
"<niña>"
	"niño" Noun NC Singular lang:es 00:00:26 00:00:31 tt-316 MF025_1967_CT_SU2011_VA_01 
"<va>"
	"ir" Verb VLfin Pres Indi Sing 3rd lang:es 00:00:26 00:00:31 tt-317 MF025_1967_CT_SU2011_VA_01 
"<a>"
	"a" Preposition PREP lang:es 00:00:31 00:00:38 tt-318 MF025_1967_CT_SU2011_VA_01 @Gram:Prep 
"<mi>"
	"mío" Pronoun PPO Singular lang:es 00:00:31 00:00:38 tt-319 MF025_1967_CT_SU2011_VA_01 @Gram:Det:Pos 
"<salón>"
	"salón" Noun NC Singular lang:es 00:00:31 00:00:38 tt-320 MF025_1967_CT_SU2011_VA_01 
"<$.>"
	"." Punctuation FS lang:es 00:00:31 00:00:38 tt-321 MF025_1967_CT_SU2011_VA_01 
<lang code="en">

"<Okay>"
	"okay" Adverb RB lang:en 00:00:31 00:00:38 tt-322 MF025_1967_CT_SU2011_VA_01 
</lang>
"<,>"
	"," Punctuation CM lang:es 00:00:31 00:00:38 tt-323 MF025_1967_CT_SU2011_VA_01 
"<después>"
	"después" Adverb ADV lang:es 00:00:31 00:00:38 tt-324 MF025_1967_CT_SU2011_VA_01 
"<,>"
	"," Punctuation CM lang:es 00:00:31 00:00:38 tt-325 MF025_1967_CT_SU2011_VA_01 
"<más>"
	"más" Adverb ADV lang:es 00:00:31 00:00:38 tt-326 MF025_1967_CT_SU2011_VA_01 
"<adelante>"
	"adelante" Adverb ADV lang:es 00:00:31 00:00:38 tt-327 MF025_1967_CT_SU2011_VA_01 
"<bueno>"
	"bueno" Adjective ADJ Singular lang:es 00:00:31 00:00:38 tt-328 MF025_1967_CT_SU2011_VA_01 
"<las>"
	"el" Determiner ART Plural Fem lang:es 00:00:31 00:00:38 tt-329 MF025_1967_CT_SU2011_VA_01 @Gram:Det:Art 
"<cosas>"
	"cosa" Noun NC Plural lang:es 00:00:31 00:00:38 tt-330 MF025_1967_CT_SU2011_VA_01 
"<fueron>"
	"ir" Verb VLfin Pret Indi Plural 3rd lang:es 00:00:31 00:00:38 tt-331 MF025_1967_CT_SU2011_VA_01 @Gram:Indefinido 
"<cambiando>"
	"cambiar" Verb VLger lang:es 00:00:31 00:00:38 tt-332 MF025_1967_CT_SU2011_VA_01 
"<$.>"
	"." Punctuation FS lang:es 00:00:31 00:00:38 tt-333 MF025_1967_CT_SU2011_VA_01 

"<Estudié>"
	"estudiar" Verb VLfin Pret Indi Sing 1st lang:es 00:00:31 00:00:38 tt-334 MF025_1967_CT_SU2011_VA_01 @Gram:Indefinido 
"<lo>"
	"el" Determiner ART Singular lang:es 00:00:31 00:00:38 tt-335 MF025_1967_CT_SU2011_VA_01 ID:105 R:Gram:Det:LoAdj:106 
"<que>"
	"que" Conjunction CQUE lang:es 00:00:31 00:00:38 tt-336 MF025_1967_CT_SU2011_VA_01 ID:106 
"<es>"
	"ser" Verb VSfin Pres Indi Sing 3rd lang:es 00:00:31 00:00:38 tt-337 MF025_1967_CT_SU2011_VA_01 @Gram:SerEstar:Ser 
"<secundaria>"
	"secundario" Adjective ADJ Singular lang:es 00:00:38 00:00:45 tt-338 MF025_1967_CT_SU2011_VA_01 
"<,>"
	"," Punctuation CM lang:es 00:00:38 00:00:45 tt-339 MF025_1967_CT_SU2011_VA_01 
"<que>"
	"que" Conjunction CQUE lang:es 00:00:38 00:00:45 tt-340 MF025_1967_CT_SU2011_VA_01 
"<viene>"
	"venir" Verb VLfin Pres Indi Sing 3rd lang:es 00:00:38 00:00:45 tt-341 MF025_1967_CT_SU2011_VA_01 
"<siendo>"
	"ser" Verb VSger Gerund lang:es 00:00:38 00:00:45 tt-342 MF025_1967_CT_SU2011_VA_01 @Gram:SerEstar:Ser ID:112 R:Herit:Contacto:Mixtas:113 
<lang code="en">
"<junior>"
	"junior" Adjective JJ lang:en 00:00:38 00:00:45 tt-343 MF025_1967_CT_SU2011_VA_01 ID:113 
"<high>"
	"high" Noun NN lang:en 00:00:38 00:00:45 tt-344 MF025_1967_CT_SU2011_VA_01 
</lang>
"<en>"
	"en" Preposition PREP lang:es 00:00:38 00:00:45 tt-345 MF025_1967_CT_SU2011_VA_01 @Gram:Prep 
"<un>"
	"un" Determiner ART Singular lang:es 00:00:38 00:00:45 tt-346 MF025_1967_CT_SU2011_VA_01 
"<colegio>"
	"colegio" Noun NC Singular lang:es 00:00:38 00:00:45 tt-347 MF025_1967_CT_SU2011_VA_01 
"<,>"
	"," Punctuation CM lang:es 00:00:38 00:00:45 tt-348 MF025_1967_CT_SU2011_VA_01 
"<con>"
	"con" Preposition PREP lang:es 00:00:38 00:00:45 tt-349 MF025_1967_CT_SU2011_VA_01 @Gram:Prep 
"<religiosas>"
	"religioso" Noun NC Plural lang:es 00:00:38 00:00:45 tt-350 MF025_1967_CT_SU2011_VA_01 
"<$.>"
	"." Punctuation FS lang:es 00:00:38 00:00:45 tt-351 MF025_1967_CT_SU2011_VA_01 

"<Eh>"
	"eh" Noun NP Singular lang:es 00:00:38 00:00:45 tt-352 MF025_1967_CT_SU2011_VA_01 
"<...>"
	"..." Punctuation DOTS lang:es 00:00:38 00:00:45 tt-353 MF025_1967_CT_SU2011_VA_01 
"<ahí>"
	"ahí" Adverb ADV lang:es 00:00:38 00:00:45 tt-354 MF025_1967_CT_SU2011_VA_01 
"<fue>"
	"ser" Verb VSfin Pret Indi Sing 3rd lang:es 00:00:38 00:00:45 tt-355 MF025_1967_CT_SU2011_VA_01 @Gram:Indefinido @Gram:SerEstar:Ser 
"<una>"
	"un" Determiner ART Singular lang:es 00:00:46 00:00:52 tt-356 MF025_1967_CT_SU2011_VA_01 
"<experiencia>"
	"experiencia" Noun NC Singular lang:es 00:00:46 00:00:52 tt-357 MF025_1967_CT_SU2011_VA_01 
"<diferente>"
	"diferente" Adjective ADJ Singular lang:es 00:00:46 00:00:52 tt-358 MF025_1967_CT_SU2011_VA_01 
"<,>"
	"," Punctuation CM lang:es 00:00:46 00:00:52 tt-359 MF025_1967_CT_SU2011_VA_01 
"<porque>"
	"porque" Conjunction CSUBX lang:es 00:00:46 00:00:52 tt-360 MF025_1967_CT_SU2011_VA_01 @Prag:MarcadoresDisc:Causa 
"<eran>"
	"ser" Verb VSfin Imp Indi Plural 3rd lang:es 00:00:46 00:00:52 tt-361 MF025_1967_CT_SU2011_VA_01 @Gram:Imperf @Gram:SerEstar:Ser 
"<solamente>"
	"solamente" Adverb ADV lang:es 00:00:46 00:00:52 tt-362 MF025_1967_CT_SU2011_VA_01 
"<niñas>"
	"niño" Noun NC Plural lang:es 00:00:46 00:00:52 tt-363 MF025_1967_CT_SU2011_VA_01 
"<y>"
	"y" Conjunciton Conjunction CC lang:es 00:00:46 00:00:52 tt-364 MF025_1967_CT_SU2011_VA_01 
"<las>"
	"el" Determiner ART Plural Fem lang:es 00:00:46 00:00:52 tt-365 MF025_1967_CT_SU2011_VA_01 @Gram:Det:Art 
"<religiosas>"
	"religioso" Noun NC Plural lang:es 00:00:46 00:00:52 tt-366 MF025_1967_CT_SU2011_VA_01 
"<tomaban>"
	"tomar" Verb VLfin Imp Indi Plural 3rd lang:es 00:00:46 00:00:52 tt-367 MF025_1967_CT_SU2011_VA_01 @Gram:Imperf 
"<cuidado>"
	"cuidado" Adjective ADJ Singular lang:es 00:00:46 00:00:52 tt-368 MF025_1967_CT_SU2011_VA_01 
"<de>"
	"de" Preposition PREP lang:es 00:00:46 00:00:52 tt-369 MF025_1967_CT_SU2011_VA_01 @Gram:Prep 
"<nosotras>"
	"UNK" Noun NC Plural lang:es 00:00:52 00:00:59 tt-370 MF025_1967_CT_SU2011_VA_01 
"<$.>"
	"." Punctuation FS lang:es 00:00:52 00:00:59 tt-371 MF025_1967_CT_SU2011_VA_01 

"<Después>"
	"después" Preposition PREP lang:es 00:00:52 00:00:59 tt-372 MF025_1967_CT_SU2011_VA_01 @Gram:Prep 
"<de>"
	"de" Preposition PREP lang:es 00:00:52 00:00:59 tt-373 MF025_1967_CT_SU2011_VA_01 @Gram:Prep 
"<eso>"
	"ese" Determiner DM Singular lang:es 00:00:52 00:00:59 tt-374 MF025_1967_CT_SU2011_VA_01 @Gram:Det:Demo 
"<,>"
	"," Punctuation CM lang:es 00:00:52 00:00:59 tt-375 MF025_1967_CT_SU2011_VA_01 
"<estuve>"
	"estar" Verb VEfin Pret Indi Sing 1st lang:es 00:00:52 00:00:59 tt-376 MF025_1967_CT_SU2011_VA_01 @Gram:Indefinido @Gram:SerEstar:Estar 
"<en>"
	"en" Conjunction CSUBF lang:es 00:00:52 00:00:59 tt-377 MF025_1967_CT_SU2011_VA_01 
"<lo>"
	"lo" Conjunction CSUBF lang:es 00:00:52 00:00:59 tt-378 MF025_1967_CT_SU2011_VA_01 
"<que>"
	"que" Conjunction CSUBF lang:es 00:00:52 00:00:59 tt-379 MF025_1967_CT_SU2011_VA_01 
"<es>"
	"ser" Verb VSfin Pres Indi Sing 3rd lang:es 00:00:52 00:00:59 tt-380 MF025_1967_CT_SU2011_VA_01 @Gram:SerEstar:Ser ID:150 R:Herit:Contacto:Mixtas:151 
<lang code="en">
"<high>"
	"high" Adjective JJ lang:en 00:00:52 00:00:59 tt-381 MF025_1967_CT_SU2011_VA_01 ID:151 
"<school>"
	"school" Noun NN lang:en 00:00:52 00:00:59 tt-382 MF025_1967_CT_SU2011_VA_01 
</lang>
"<,>"
	"," Punctuation CM lang:es 00:00:52 00:00:59 tt-383 MF025_1967_CT_SU2011_VA_01 
"<la>"
	"el" Determiner ART Singular Fem lang:es 00:00:52 00:00:59 tt-384 MF025_1967_CT_SU2011_VA_01 @Gram:Det:Art 
"<preparatoria>"
	"preparatorio" Adjective ADJ Singular lang:es 00:00:52 00:00:59 tt-385 MF025_1967_CT_SU2011_VA_01 
"<y>"
	"y" Conjunciton Conjunction CC lang:es 00:00:52 00:00:59 tt-386 MF025_1967_CT_SU2011_VA_01 
"<bueno>"
	"bueno" Adjective ADJ Singular lang:es 00:00:52 00:00:59 tt-387 MF025_1967_CT_SU2011_VA_01 
"<,>"
	"," Punctuation CM lang:es 00:00:52 00:00:59 tt-388 MF025_1967_CT_SU2011_VA_01 
"<allí>"
	"allí" Adverb ADV lang:es 00:00:52 00:00:59 tt-389 MF025_1967_CT_SU2011_VA_01 
<lang code="en">
"<ah>"
	"UNK" Noun NN lang:en 00:01:03 00:01:09 tt-390 MF025_1967_CT_SU2011_VA_01 
</lang>
"<...>"
	"..." Punctuation DOTS lang:es 00:01:03 00:01:09 tt-391 MF025_1967_CT_SU2011_VA_01 
"<también>"
	"también" Adverb ADV lang:es 00:01:03 00:01:09 tt-392 MF025_1967_CT_SU2011_VA_01 @Prag:MarcadoresDisc:Igualdad 
"<ya>"
	"ya" Adverb ADV lang:es 00:01:03 00:01:09 tt-393 MF025_1967_CT_SU2011_VA_01 
"<cambiaron>"
	"cambiar" Verb VLfin Pret Indi Plural 3rd lang:es 00:01:03 00:01:09 tt-394 MF025_1967_CT_SU2011_VA_01 @Gram:Indefinido 
"<,>"
	"," Punctuation CM lang:es 00:01:03 00:01:09 tt-395 MF025_1967_CT_SU2011_VA_01 
"<ya>"
	"ya" Adverb ADV lang:es 00:01:03 00:01:09 tt-396 MF025_1967_CT_SU2011_VA_01 
"<era>"
	"ser" Verb VEfin Imp Indi Sing 1st_or_3rd lang:es 00:01:03 00:01:09 tt-397 MF025_1967_CT_SU2011_VA_01 @Gram:Imperf @Gram:SerEstar:Ser 
"<niños>"
	"niño" Noun NC Plural lang:es 00:01:03 00:01:09 tt-398 MF025_1967_CT_SU2011_VA_01 
"<y>"
	"y" Conjunciton Conjunction CC lang:es 00:01:03 00:01:09 tt-399 MF025_1967_CT_SU2011_VA_01 
"<niñas>"
	"niño" Noun NC Plural lang:es 00:01:03 00:01:09 tt-400 MF025_1967_CT_SU2011_VA_01 
"<y>"
	"y" Conjunciton Conjunction CC lang:es 00:01:03 00:01:09 tt-401 MF025_1967_CT_SU2011_VA_01 
"<,>"
	"," Punctuation CM lang:es 00:01:03 00:01:09 tt-402 MF025_1967_CT_SU2011_VA_01 
"<pero>"
	"pero" Conjunction CCAD lang:es 00:01:03 00:01:09 tt-403 MF025_1967_CT_SU2011_VA_01 @Prag:MarcadoresDisc:Revision 
"<también>"
	"también" Adverb ADV lang:es 00:01:03 00:01:09 tt-404 MF025_1967_CT_SU2011_VA_01 @Prag:MarcadoresDisc:Igualdad 
"<era>"
	"ser" Verb VEfin Imp Indi Sing 1st_or_3rd lang:es 00:01:03 00:01:09 tt-405 MF025_1967_CT_SU2011_VA_01 @Gram:Imperf @Gram:SerEstar:Ser 
"<al>"
	"al" Preposition PAL lang:es 00:01:03 00:01:09 tt-406 MF025_1967_CT_SU2011_VA_01 @Gram:Prep 
"<cuidado>"
	"cuidado" Adjective ADJ Singular lang:es 00:01:03 00:01:09 tt-407 MF025_1967_CT_SU2011_VA_01 
"<de>"
	"de" Preposition PREP lang:es 00:01:03 00:01:09 tt-408 MF025_1967_CT_SU2011_VA_01 @Gram:Prep 
"<religiosos>"
	"religioso" Noun NC Plural lang:es 00:01:09 00:01:16 tt-409 MF025_1967_CT_SU2011_VA_01 
"<$.>"
	"." Punctuation FS lang:es 00:01:09 00:01:16 tt-410 MF025_1967_CT_SU2011_VA_01 

"<San>"
	"Santo" Noun NP Singular lang:es 00:01:09 00:01:16 tt-411 MF025_1967_CT_SU2011_VA_01 
"<Luis>"
	"Luis" Noun NP Plural lang:es 00:01:09 00:01:16 tt-412 MF025_1967_CT_SU2011_VA_01 
"<Potosí>"
	"Potosí" Noun NP Singular lang:es 00:01:09 00:01:16 tt-413 MF025_1967_CT_SU2011_VA_01 
"<,>"
	"," Punctuation CM lang:es 00:01:09 00:01:16 tt-414 MF025_1967_CT_SU2011_VA_01 
"<es>"
	"ser" Verb VSfin Pres Indi Sing 3rd lang:es 00:01:09 00:01:16 tt-415 MF025_1967_CT_SU2011_VA_01 @Gram:SerEstar:Ser 
"<una>"
	"un" Determiner ART Singular lang:es 00:01:09 00:01:16 tt-416 MF025_1967_CT_SU2011_VA_01 
"<ciudad>"
	"ciudad" Noun NC Singular lang:es 00:01:09 00:01:16 tt-417 MF025_1967_CT_SU2011_VA_01 
"<donde>"
	"donde" Adverb ADV lang:es 00:01:09 00:01:16 tt-418 MF025_1967_CT_SU2011_VA_01 
"<existen>"
	"existir" Verb VLfin Pres Indi Plural 3rd lang:es 00:01:09 00:01:16 tt-419 MF025_1967_CT_SU2011_VA_01 
"<tantas>"
	"tanto" Determiner QU lang:es 00:01:09 00:01:16 tt-420 MF025_1967_CT_SU2011_VA_01 @Gram:Det:CuantIndef 
"<iglesias>"
	"iglesia" Noun NC Plural lang:es 00:01:09 00:01:16 tt-421 MF025_1967_CT_SU2011_VA_01 
"<y>"
	"y" Conjunciton Conjunction CC lang:es 00:01:09 00:01:16 tt-422 MF025_1967_CT_SU2011_VA_01 
"<tanto>"
	"tanto" Determiner QU lang:es 00:01:09 00:01:16 tt-423 MF025_1967_CT_SU2011_VA_01 
"<catolicismo>"
	"catolicismo" Noun NC Singular lang:es 00:01:09 00:01:16 tt-424 MF025_1967_CT_SU2011_VA_01 
"<y>"
	"y" Conjunciton Conjunction CC lang:es 00:01:16 00:01:23 tt-425 MF025_1967_CT_SU2011_VA_01 
"<tanta>"
	"tanto" Adjective ADJ Singular lang:es 00:01:16 00:01:23 tt-426 MF025_1967_CT_SU2011_VA_01 
"<religión>"
	"religión" Noun NC Singular lang:es 00:01:16 00:01:23 tt-427 MF025_1967_CT_SU2011_VA_01 
"<,>"
	"," Punctuation CM lang:es 00:01:16 00:01:23 tt-428 MF025_1967_CT_SU2011_VA_01 
"<que>"
	"que" Conjunction CQUE lang:es 00:01:16 00:01:23 tt-429 MF025_1967_CT_SU2011_VA_01 
"<eh>"
	"eh" Noun NP Singular lang:es 00:01:16 00:01:23 tt-430 MF025_1967_CT_SU2011_VA_01 
"<...>"
	"..." Punctuation DOTS lang:es 00:01:16 00:01:23 tt-431 MF025_1967_CT_SU2011_VA_01 
"<las>"
	"el" Determiner ART Plural Fem lang:es 00:01:16 00:01:23 tt-432 MF025_1967_CT_SU2011_VA_01 @Gram:Det:Art 
"<familias>"
	"familia" Noun NC Plural lang:es 00:01:16 00:01:23 tt-433 MF025_1967_CT_SU2011_VA_01 
"<procuran>"
	"procurar" Verb VLfin Pres Indi Plural 3rd lang:es 00:01:16 00:01:23 tt-434 MF025_1967_CT_SU2011_VA_01 
"<tener>"
	"tener" Verb VLinf Infinitive lang:es 00:01:16 00:01:23 tt-435 MF025_1967_CT_SU2011_VA_01 
"<a>"
	"a" Preposition PREP lang:es 00:01:16 00:01:23 tt-436 MF025_1967_CT_SU2011_VA_01 @Gram:Prep 
"<sus>"
	"suyo" Pronoun PPO Plural lang:es 00:01:16 00:01:23 tt-437 MF025_1967_CT_SU2011_VA_01 @Gram:Det:Pos 
"<niños>"
	"niño" Noun NC Plural lang:es 00:01:16 00:01:23 tt-438 MF025_1967_CT_SU2011_VA_01 
"<en>"
	"en" Preposition PREP lang:es 00:01:16 00:01:23 tt-439 MF025_1967_CT_SU2011_VA_01 @Gram:Prep 
"<escuelas>"
	"escuela" Noun NC Plural lang:es 00:01:16 00:01:23 tt-440 MF025_1967_CT_SU2011_VA_01 
"<privadas>"
	"privado" Adjective ADJ Plural lang:es 00:01:16 00:01:23 tt-441 MF025_1967_CT_SU2011_VA_01 
"<,>"
	"," Punctuation CM lang:es 00:01:16 00:01:23 tt-442 MF025_1967_CT_SU2011_VA_01 
"<para>"
	"para" Preposition PREP lang:es 00:01:16 00:01:23 tt-443 MF025_1967_CT_SU2011_VA_01 @Gram:Prep:Para 
"<asegurar>"
	"asegurar" Verb VLinf Infinitive lang:es 00:01:23 00:01:28 tt-444 MF025_1967_CT_SU2011_VA_01 
"<que>"
	"que" Conjunction CQUE lang:es 00:01:23 00:01:28 tt-445 MF025_1967_CT_SU2011_VA_01 
"<siguen>"
	"seguir" Verb VLfin Pres Indi Plural 3rd lang:es 00:01:23 00:01:28 tt-446 MF025_1967_CT_SU2011_VA_01 
"<esas>"
	"ese" Determiner DM Plural lang:es 00:01:23 00:01:28 tt-447 MF025_1967_CT_SU2011_VA_01 @Gram:Det:Demo 
"<tradiciones>"
	"tradición" Noun NC Plural lang:es 00:01:23 00:01:28 tt-448 MF025_1967_CT_SU2011_VA_01 
"<,>"
	"," Punctuation CM lang:es 00:01:23 00:01:28 tt-449 MF025_1967_CT_SU2011_VA_01 
"<para>"
	"para" Preposition PREP lang:es 00:01:23 00:01:28 tt-450 MF025_1967_CT_SU2011_VA_01 @Gram:Prep:Para 
"<asegurar>"
	"asegurar" Verb VLinf Infinitive lang:es 00:01:23 00:01:28 tt-451 MF025_1967_CT_SU2011_VA_01 
"<que>"
	"que" Conjunction CQUE lang:es 00:01:23 00:01:28 tt-452 MF025_1967_CT_SU2011_VA_01 
"<sigue>"
	"seguir" Verb VLfin Pres Indi Sing 3rd lang:es 00:01:23 00:01:28 tt-453 MF025_1967_CT_SU2011_VA_01 
"<esa>"
	"ese" Determiner DM Singular lang:es 00:01:23 00:01:28 tt-454 MF025_1967_CT_SU2011_VA_01 @Gram:Det:Demo 
"<cultura>"
	"cultura" Noun NC Singular lang:es 00:01:23 00:01:28 tt-455 MF025_1967_CT_SU2011_VA_01 
"<$.>"
	"." Punctuation FS lang:es 00:01:23 00:01:28 tt-456 MF025_1967_CT_SU2011_VA_01 
<lang code="en">

"<Ah>"
	"ah" Other UH lang:en 00:01:23 00:01:28 tt-457 MF025_1967_CT_SU2011_VA_01 
</lang>
"<...>"
	"..." Punctuation DOTS lang:es 00:01:23 00:01:28 tt-458 MF025_1967_CT_SU2011_VA_01 
"<terminé>"
	"terminar" Verb VLfin Pret Indi Sing 1st lang:es 00:01:23 00:01:28 tt-459 MF025_1967_CT_SU2011_VA_01 @Gram:Indefinido 
</speaker>
</text>

