<text id="MF025_1967_CT_SU2011_VA_08">
<speaker type="int">
<lang code="en">
"<Ah>"
	"ah" Other UH lang:en 00:00:00 00:00:07 tt-5036 MF025_1967_CT_SU2011_VA_08 
</lang>
"<,>"
	"," Punctuation CM lang:es 00:00:00 00:00:07 tt-5037 MF025_1967_CT_SU2011_VA_08 
"<bueno>"
	"bueno" Adjective ADJ Singular lang:es 00:00:00 00:00:07 tt-5038 MF025_1967_CT_SU2011_VA_08 
"<de>"
	"de" Preposition PREP lang:es 00:00:00 00:00:07 tt-5039 MF025_1967_CT_SU2011_VA_08 @Gram:Prep 
"<...>"
	"..." Punctuation DOTS lang:es 00:00:00 00:00:07 tt-5040 MF025_1967_CT_SU2011_VA_08 
"<Lorena>"
	"Lorena" Noun NP Singular lang:es 00:00:00 00:00:07 tt-5041 MF025_1967_CT_SU2011_VA_08 
"<,>"
	"," Punctuation CM lang:es 00:00:00 00:00:07 tt-5042 MF025_1967_CT_SU2011_VA_08 
"<$¿>"
	"¿" Punctuation FS lang:es 00:00:00 00:00:07 tt-5043 MF025_1967_CT_SU2011_VA_08 
"<me>"
	"yo" Pronoun PPX Singular lang:es 00:00:00 00:00:07 tt-5044 MF025_1967_CT_SU2011_VA_08 @Gram:Pron:Objeto 
"<quiere>"
	"querer" Verb VLfin Pres Indi Sing 3rd lang:es 00:00:00 00:00:07 tt-5045 MF025_1967_CT_SU2011_VA_08 
"<platicar>"
	"platicar" Verb VLinf Infinitive lang:es 00:00:00 00:00:07 tt-5046 MF025_1967_CT_SU2011_VA_08 
"<ahora>"
	"ahora" Adverb ADV lang:es 00:00:00 00:00:07 tt-5047 MF025_1967_CT_SU2011_VA_08 
"<de>"
	"de" Preposition PREP lang:es 00:00:00 00:00:07 tt-5048 MF025_1967_CT_SU2011_VA_08 @Gram:Prep 
"<cómo>"
	"cómo" Adverb ADV lang:es 00:00:00 00:00:07 tt-5049 MF025_1967_CT_SU2011_VA_08 
"<conoció>"
	"conocer" Verb VLfin Pret Indi Sing 3rd lang:es 00:00:00 00:00:07 tt-5050 MF025_1967_CT_SU2011_VA_08 @Gram:Indefinido 
"<a>"
	"a" Preposition PREP lang:es 00:00:00 00:00:07 tt-5051 MF025_1967_CT_SU2011_VA_08 @Gram:Prep 
"<su>"
	"suyo" Pronoun PPO Singular lang:es 00:00:00 00:00:07 tt-5052 MF025_1967_CT_SU2011_VA_08 @Gram:Det:Pos 
"<esposo>"
	"esposo" Noun NC Singular lang:es 00:00:00 00:00:07 tt-5053 MF025_1967_CT_SU2011_VA_08 
"<$?>"
	"?" Punctuation FS lang:es 00:00:00 00:00:07 tt-5054 MF025_1967_CT_SU2011_VA_08 
</speaker>
<speaker type="subj">

"<Bueno>"
	"bueno" Adjective ADJ Singular lang:es 00:00:11 00:00:18 tt-5055 MF025_1967_CT_SU2011_VA_08 
"<,>"
	"," Punctuation CM lang:es 00:00:11 00:00:18 tt-5056 MF025_1967_CT_SU2011_VA_08 
"<como>"
	"como" Conjunction CSUBX lang:es 00:00:11 00:00:18 tt-5057 MF025_1967_CT_SU2011_VA_08 
"<yo>"
	"yo" Pronoun PPX Singular lang:es 00:00:11 00:00:18 tt-5058 MF025_1967_CT_SU2011_VA_08 @Gram:Pron:Sujeto 
"<comentaba>"
	"comentar" Verb VLfin Imp Indi Sing 1st_or_3rd lang:es 00:00:11 00:00:18 tt-5059 MF025_1967_CT_SU2011_VA_08 @Gram:Imperf 
"<,>"
	"," Punctuation CM lang:es 00:00:11 00:00:18 tt-5060 MF025_1967_CT_SU2011_VA_08 
"<en>"
	"en" Preposition PREP lang:es 00:00:11 00:00:18 tt-5061 MF025_1967_CT_SU2011_VA_08 @Gram:Prep 
"<,>"
	"," Punctuation CM lang:es 00:00:11 00:00:18 tt-5062 MF025_1967_CT_SU2011_VA_08 
"<en>"
	"en" Preposition PREP lang:es 00:00:11 00:00:18 tt-5063 MF025_1967_CT_SU2011_VA_08 @Gram:Prep 
"<mi>"
	"mío" Pronoun PPO Singular lang:es 00:00:11 00:00:18 tt-5064 MF025_1967_CT_SU2011_VA_08 
"<país>"
	"país" Noun NC Plural lang:es 00:00:11 00:00:18 tt-5065 MF025_1967_CT_SU2011_VA_08 
"<teníamos>"
	"tener" Verb VLfin Imp Indi Plural 1st lang:es 00:00:11 00:00:18 tt-5066 MF025_1967_CT_SU2011_VA_08 @Gram:Imperf 
"<reuniones>"
	"reunión" Noun NC Plural lang:es 00:00:11 00:00:18 tt-5067 MF025_1967_CT_SU2011_VA_08 
"<en>"
	"en" Preposition PREP lang:es 00:00:11 00:00:18 tt-5068 MF025_1967_CT_SU2011_VA_08 @Gram:Prep 
"<mi>"
	"mío" Pronoun PPO Singular lang:es 00:00:11 00:00:18 tt-5069 MF025_1967_CT_SU2011_VA_08 @Gram:Det:Pos 
"<hogar>"
	"hogar" Noun NC Singular lang:es 00:00:11 00:00:18 tt-5070 MF025_1967_CT_SU2011_VA_08 
"<y>"
	"y" Conjunciton Conjunction CC lang:es 00:00:11 00:00:18 tt-5071 MF025_1967_CT_SU2011_VA_08 
"<,>"
	"," Punctuation CM lang:es 00:00:11 00:00:18 tt-5072 MF025_1967_CT_SU2011_VA_08 
"<una>"
	"un" Determiner ART Singular lang:es 00:00:11 00:00:18 tt-5073 MF025_1967_CT_SU2011_VA_08 
"<vez>"
	"vez" Noun NC Singular lang:es 00:00:11 00:00:18 tt-5074 MF025_1967_CT_SU2011_VA_08 
"<,>"
	"," Punctuation CM lang:es 00:00:11 00:00:18 tt-5075 MF025_1967_CT_SU2011_VA_08 
"<llegó>"
	"llegar" Verb VLfin Pret Indi Sing 3rd lang:es 00:00:20 00:00:27 tt-5076 MF025_1967_CT_SU2011_VA_08 @Gram:Indefinido 
"<mi>"
	"mío" Pronoun PPO Singular lang:es 00:00:20 00:00:27 tt-5077 MF025_1967_CT_SU2011_VA_08 @Gram:Det:Pos 
"<esposo>"
	"esposo" Noun NC Singular lang:es 00:00:20 00:00:27 tt-5078 MF025_1967_CT_SU2011_VA_08 
"<allí>"
	"allí" Adverb ADV lang:es 00:00:20 00:00:27 tt-5079 MF025_1967_CT_SU2011_VA_08 
"<buscando>"
	"buscar" Verb VLger lang:es 00:00:20 00:00:27 tt-5080 MF025_1967_CT_SU2011_VA_08 
"<a>"
	"a" Preposition PREP lang:es 00:00:20 00:00:27 tt-5081 MF025_1967_CT_SU2011_VA_08 @Gram:Prep 
"<mi>"
	"mío" Pronoun PPO Singular lang:es 00:00:20 00:00:27 tt-5082 MF025_1967_CT_SU2011_VA_08 @Gram:Det:Pos 
"<hermana>"
	"hermano" Noun NC Singular lang:es 00:00:20 00:00:27 tt-5083 MF025_1967_CT_SU2011_VA_08 
"<,>"
	"," Punctuation CM lang:es 00:00:20 00:00:27 tt-5084 MF025_1967_CT_SU2011_VA_08 
"<porque>"
	"porque" Conjunction CSUBX lang:es 00:00:20 00:00:27 tt-5085 MF025_1967_CT_SU2011_VA_08 @Prag:MarcadoresDisc:Causa 
"<mi>"
	"mío" Pronoun PPO Singular lang:es 00:00:20 00:00:27 tt-5086 MF025_1967_CT_SU2011_VA_08 @Gram:Det:Pos 
"<esposo>"
	"esposo" Noun NC Singular lang:es 00:00:20 00:00:27 tt-5087 MF025_1967_CT_SU2011_VA_08 
"<es>"
	"ser" Verb VSfin Pres Indi Sing 3rd lang:es 00:00:20 00:00:27 tt-5088 MF025_1967_CT_SU2011_VA_08 @Gram:SerEstar:Ser 
"<eh>"
	"eh" Noun NP Singular lang:es 00:00:20 00:00:27 tt-5089 MF025_1967_CT_SU2011_VA_08 
"<...>"
	"..." Punctuation DOTS lang:es 00:00:20 00:00:27 tt-5090 MF025_1967_CT_SU2011_VA_08 
"<electromecánico>"
	"electromecánico" Adjective ADJ Singular lang:es 00:00:20 00:00:27 tt-5091 MF025_1967_CT_SU2011_VA_08 
"<y>"
	"y" Conjunciton Conjunction CC lang:es 00:00:28 00:00:35 tt-5092 MF025_1967_CT_SU2011_VA_08 
"<mi>"
	"mío" Pronoun PPO Singular lang:es 00:00:28 00:00:35 tt-5093 MF025_1967_CT_SU2011_VA_08 @Gram:Det:Pos 
"<hermana>"
	"hermano" Noun NC Singular lang:es 00:00:28 00:00:35 tt-5094 MF025_1967_CT_SU2011_VA_08 
"<trabajaba>"
	"trabajar" Verb VLfin Imp Indi Sing 1st_or_3rd lang:es 00:00:28 00:00:35 tt-5095 MF025_1967_CT_SU2011_VA_08 @Gram:Imperf 
"<en>"
	"en" Preposition PREP lang:es 00:00:28 00:00:35 tt-5096 MF025_1967_CT_SU2011_VA_08 @Gram:Prep 
"<una>"
	"un" Determiner ART Singular lang:es 00:00:28 00:00:35 tt-5097 MF025_1967_CT_SU2011_VA_08 
"<agencia>"
	"agenciar" Verb VLfin Pres Indi Sing 3rd lang:es 00:00:28 00:00:35 tt-5098 MF025_1967_CT_SU2011_VA_08 
"<,>"
	"," Punctuation CM lang:es 00:00:28 00:00:35 tt-5099 MF025_1967_CT_SU2011_VA_08 
"<ella>"
	"él" Pronoun PPX Singular lang:es 00:00:28 00:00:35 tt-5100 MF025_1967_CT_SU2011_VA_08 @Gram:Pron:Sujeto 
"<ehm>"
	"ehm" Noun NP Singular lang:es 00:00:28 00:00:35 tt-5101 MF025_1967_CT_SU2011_VA_08 
"<...>"
	"..." Punctuation DOTS lang:es 00:00:28 00:00:35 tt-5102 MF025_1967_CT_SU2011_VA_08 
"<era>"
	"ser" Verb VEfin Imp Indi Sing 1st_or_3rd lang:es 00:00:28 00:00:35 tt-5103 MF025_1967_CT_SU2011_VA_08 @Gram:Imperf @Gram:SerEstar:Ser 
"<coordinadora>"
	"coordinador" Noun NC Singular lang:es 00:00:28 00:00:35 tt-5104 MF025_1967_CT_SU2011_VA_08 
"<de>"
	"de" Preposition PREP lang:es 00:00:28 00:00:35 tt-5105 MF025_1967_CT_SU2011_VA_08 @Gram:Prep 
"<renta>"
	"renta" Noun NC Singular lang:es 00:00:28 00:00:35 tt-5106 MF025_1967_CT_SU2011_VA_08 
"<de>"
	"de" Preposition PREP lang:es 00:00:28 00:00:35 tt-5107 MF025_1967_CT_SU2011_VA_08 @Gram:Prep 
"<automóviles>"
	"automóvil" Noun NC Plural lang:es 00:00:28 00:00:35 tt-5108 MF025_1967_CT_SU2011_VA_08 
"<$.>"
	"." Punctuation FS lang:es 00:00:28 00:00:35 tt-5109 MF025_1967_CT_SU2011_VA_08 

"<Así>"
	"así" Conjunction CSUBX lang:es 00:00:36 00:00:41 tt-5110 MF025_1967_CT_SU2011_VA_08 
"<que>"
	"que" Conjunction CQUE lang:es 00:00:36 00:00:41 tt-5111 MF025_1967_CT_SU2011_VA_08 
"<mi>"
	"mío" Pronoun PPO Singular lang:es 00:00:36 00:00:41 tt-5112 MF025_1967_CT_SU2011_VA_08 @Gram:Det:Pos 
"<esposo>"
	"esposo" Noun NC Singular lang:es 00:00:36 00:00:41 tt-5113 MF025_1967_CT_SU2011_VA_08 
"<llegó>"
	"llegar" Verb VLfin Pret Indi Sing 3rd lang:es 00:00:36 00:00:41 tt-5114 MF025_1967_CT_SU2011_VA_08 @Gram:Indefinido 
"<buscando>"
	"buscar" Verb VLger lang:es 00:00:36 00:00:41 tt-5115 MF025_1967_CT_SU2011_VA_08 
"<a>"
	"a" Preposition PREP lang:es 00:00:36 00:00:41 tt-5116 MF025_1967_CT_SU2011_VA_08 @Gram:Prep 
"<mi>"
	"mío" Pronoun PPO Singular lang:es 00:00:36 00:00:41 tt-5117 MF025_1967_CT_SU2011_VA_08 @Gram:Det:Pos 
"<hermana>"
	"hermano" Noun NC Singular lang:es 00:00:36 00:00:41 tt-5118 MF025_1967_CT_SU2011_VA_08 
"<,>"
	"," Punctuation CM lang:es 00:00:36 00:00:41 tt-5119 MF025_1967_CT_SU2011_VA_08 
"<pues>"
	"pues" Conjunction CSUBF lang:es 00:00:36 00:00:41 tt-5120 MF025_1967_CT_SU2011_VA_08 
"<,>"
	"," Punctuation CM lang:es 00:00:36 00:00:41 tt-5121 MF025_1967_CT_SU2011_VA_08 
"<como>"
	"como" Conjunction CSUBX lang:es 00:00:36 00:00:41 tt-5122 MF025_1967_CT_SU2011_VA_08 
"<no>"
	"no" Adverb NEG lang:es 00:00:36 00:00:41 tt-5123 MF025_1967_CT_SU2011_VA_08 
"<la>"
	"él" Pronoun PPC Singular lang:es 00:00:36 00:00:41 tt-5124 MF025_1967_CT_SU2011_VA_08 @Gram:Pron:Objeto 
"<encontró>"
	"encontrar" Verb VLfin Pret Indi Sing 3rd lang:es 00:00:36 00:00:41 tt-5125 MF025_1967_CT_SU2011_VA_08 @Gram:Indefinido 
"<,>"
	"," Punctuation CM lang:es 00:00:36 00:00:41 tt-5126 MF025_1967_CT_SU2011_VA_08 
"<pues>"
	"pues" Conjunction CSUBF lang:es 00:00:36 00:00:41 tt-5127 MF025_1967_CT_SU2011_VA_08 
"<me>"
	"yo" Pronoun PPX Singular lang:es 00:00:36 00:00:41 tt-5128 MF025_1967_CT_SU2011_VA_08 @Gram:Pron:Objeto 
"<encontró>"
	"encontrar" Verb VLfin Pret Indi Sing 3rd lang:es 00:00:36 00:00:41 tt-5129 MF025_1967_CT_SU2011_VA_08 @Gram:Indefinido 
"<a>"
	"a" Preposition PREP lang:es 00:00:41 00:00:48 tt-5130 MF025_1967_CT_SU2011_VA_08 @Gram:Prep 
"<mí>"
	"yo" Pronoun PPX Singular lang:es 00:00:41 00:00:48 tt-5131 MF025_1967_CT_SU2011_VA_08 
"<$.>"
	"." Punctuation FS lang:es 00:00:41 00:00:48 tt-5132 MF025_1967_CT_SU2011_VA_08 

"<Bueno>"
	"bueno" Adjective ADJ Singular lang:es 00:00:41 00:00:48 tt-5133 MF025_1967_CT_SU2011_VA_08 
"<,>"
	"," Punctuation CM lang:es 00:00:41 00:00:48 tt-5134 MF025_1967_CT_SU2011_VA_08 
"<yo>"
	"yo" Pronoun PPX Singular lang:es 00:00:41 00:00:48 tt-5135 MF025_1967_CT_SU2011_VA_08 @Gram:Pron:Sujeto 
"<salí>"
	"salir" Verb VLfin Pret Indi Sing 1st lang:es 00:00:41 00:00:48 tt-5136 MF025_1967_CT_SU2011_VA_08 @Gram:Indefinido 
"<y>"
	"y" Conjunciton Conjunction CC lang:es 00:00:41 00:00:48 tt-5137 MF025_1967_CT_SU2011_VA_08 
"<lo>"
	"él" Pronoun PPC Singular lang:es 00:00:41 00:00:48 tt-5138 MF025_1967_CT_SU2011_VA_08 @Gram:Pron:Objeto 
"<recibí>"
	"recibir" Verb VLfin Pret Indi Sing 1st lang:es 00:00:41 00:00:48 tt-5139 MF025_1967_CT_SU2011_VA_08 @Gram:Indefinido 
"<,>"
	"," Punctuation CM lang:es 00:00:41 00:00:48 tt-5140 MF025_1967_CT_SU2011_VA_08 
"<empezamos>"
	"empezar" Verb VLfin Pres_or_Pret Indi Plural 1st lang:es 00:00:41 00:00:48 tt-5141 MF025_1967_CT_SU2011_VA_08 ID:106 R:Vocab:Fraseol:VerbPrep:107 
"<a>"
	"a" Preposition PREP lang:es 00:00:41 00:00:48 tt-5142 MF025_1967_CT_SU2011_VA_08 @Gram:Prep ID:107 
"<platicar>"
	"platicar" Verb VLinf Infinitive lang:es 00:00:41 00:00:48 tt-5143 MF025_1967_CT_SU2011_VA_08 
"<y>"
	"y" Conjunciton Conjunction CC lang:es 00:00:41 00:00:48 tt-5144 MF025_1967_CT_SU2011_VA_08 
"<después>"
	"después" Adverb ADV lang:es 00:00:41 00:00:48 tt-5145 MF025_1967_CT_SU2011_VA_08 
"<él>"
	"él" Pronoun PPX Singular lang:es 00:00:41 00:00:48 tt-5146 MF025_1967_CT_SU2011_VA_08 @Gram:Pron:Sujeto 
"<regresó>"
	"regresar" Verb VLfin Pret Indi Sing 3rd lang:es 00:00:41 00:00:48 tt-5147 MF025_1967_CT_SU2011_VA_08 @Gram:Indefinido 
"<al>"
	"al" Preposition PAL lang:es 00:00:41 00:00:48 tt-5148 MF025_1967_CT_SU2011_VA_08 @Gram:Prep 
"<siguiente>"
	"siguiente" Adjective ADJ Singular lang:es 00:00:41 00:00:48 tt-5149 MF025_1967_CT_SU2011_VA_08 
"<día>"
	"día" Noun NC Singular lang:es 00:00:49 00:00:55 tt-5150 MF025_1967_CT_SU2011_VA_08 
"<,>"
	"," Punctuation CM lang:es 00:00:49 00:00:55 tt-5151 MF025_1967_CT_SU2011_VA_08 
"<no>"
	"no" Adverb NEG lang:es 00:00:49 00:00:55 tt-5152 MF025_1967_CT_SU2011_VA_08 
"<sé>"
	"saber|ser" Verb VLfin Pres Indi Sing 1st lang:es 00:00:49 00:00:55 tt-5153 MF025_1967_CT_SU2011_VA_08 
"<por>"
	"por" Preposition PREP lang:es 00:00:49 00:00:55 tt-5154 MF025_1967_CT_SU2011_VA_08 @Gram:Prep:Por 
"<qué>"
	"qué" Adverb ADV lang:es 00:00:49 00:00:55 tt-5155 MF025_1967_CT_SU2011_VA_08 
"<regresó>"
	"regresar" Verb VLfin Pret Indi Sing 3rd lang:es 00:00:49 00:00:55 tt-5156 MF025_1967_CT_SU2011_VA_08 @Gram:Indefinido 
"<,>"
	"," Punctuation CM lang:es 00:00:49 00:00:55 tt-5157 MF025_1967_CT_SU2011_VA_08 
"<pero>"
	"pero" Conjunction CCAD lang:es 00:00:49 00:00:55 tt-5158 MF025_1967_CT_SU2011_VA_08 @Prag:MarcadoresDisc:Revision 
"<él>"
	"él" Pronoun PPX Singular lang:es 00:00:49 00:00:55 tt-5159 MF025_1967_CT_SU2011_VA_08 @Gram:Pron:Sujeto 
"<regresó>"
	"regresar" Verb VLfin Pret Indi Sing 3rd lang:es 00:00:49 00:00:55 tt-5160 MF025_1967_CT_SU2011_VA_08 @Gram:Indefinido 
"<al>"
	"al" Preposition PAL lang:es 00:00:49 00:00:55 tt-5161 MF025_1967_CT_SU2011_VA_08 @Gram:Prep 
"<siguiente>"
	"siguiente" Adjective ADJ Singular lang:es 00:00:49 00:00:55 tt-5162 MF025_1967_CT_SU2011_VA_08 
"<día>"
	"día" Noun NC Singular lang:es 00:00:49 00:00:55 tt-5163 MF025_1967_CT_SU2011_VA_08 
"<y>"
	"y" Conjunciton Conjunction CC lang:es 00:00:49 00:00:55 tt-5164 MF025_1967_CT_SU2011_VA_08 
"<de>"
	"de" Preposition PREP lang:es 00:00:49 00:00:55 tt-5165 MF025_1967_CT_SU2011_VA_08 @Gram:Prep 
"<ahí>"
	"ahí" Adverb ADV lang:es 00:00:49 00:00:55 tt-5166 MF025_1967_CT_SU2011_VA_08 
"<seguimos>"
	"seguir" Verb VLfin Pres_or_Pret Indi Plural 1st lang:es 00:00:49 00:00:55 tt-5167 MF025_1967_CT_SU2011_VA_08 
"<uhm>"
	"UNK" Noun NP Singular lang:es 00:00:49 00:00:55 tt-5168 MF025_1967_CT_SU2011_VA_08 
"<...>"
	"..." Punctuation DOTS lang:es 00:00:49 00:00:55 tt-5169 MF025_1967_CT_SU2011_VA_08 
"<platicando>"
	"platicar" Verb VLger lang:es 00:00:49 00:00:55 tt-5170 MF025_1967_CT_SU2011_VA_08 
"<$.>"
	"." Punctuation FS lang:es 00:00:49 00:00:55 tt-5171 MF025_1967_CT_SU2011_VA_08 

"<Después>"
	"después" Adverb ADV lang:es 00:00:55 00:01:02 tt-5172 MF025_1967_CT_SU2011_VA_08 
"<,>"
	"," Punctuation CM lang:es 00:00:55 00:01:02 tt-5173 MF025_1967_CT_SU2011_VA_08 
"<él>"
	"él" Pronoun PPX Singular lang:es 00:00:55 00:01:02 tt-5174 MF025_1967_CT_SU2011_VA_08 @Gram:Pron:Sujeto 
"<...>"
	"..." Punctuation DOTS lang:es 00:00:55 00:01:02 tt-5175 MF025_1967_CT_SU2011_VA_08 
"<él>"
	"él" Pronoun PPX Singular lang:es 00:00:55 00:01:02 tt-5176 MF025_1967_CT_SU2011_VA_08 @Gram:Pron:Sujeto 
"<llegó>"
	"llegar" Verb VLfin Pret Indi Sing 3rd lang:es 00:00:55 00:01:02 tt-5177 MF025_1967_CT_SU2011_VA_08 @Gram:Indefinido 
"<a>"
	"a" Preposition PREP lang:es 00:00:55 00:01:02 tt-5178 MF025_1967_CT_SU2011_VA_08 @Gram:Prep 
"<ir>"
	"ir" Verb VLinf Infinitive lang:es 00:00:55 00:01:02 tt-5179 MF025_1967_CT_SU2011_VA_08 
"<ahí>"
	"ahí" Adverb ADV lang:es 00:00:55 00:01:02 tt-5180 MF025_1967_CT_SU2011_VA_08 
"<,>"
	"," Punctuation CM lang:es 00:00:55 00:01:02 tt-5181 MF025_1967_CT_SU2011_VA_08 
"<a>"
	"a" Preposition PREP lang:es 00:00:55 00:01:02 tt-5182 MF025_1967_CT_SU2011_VA_08 @Gram:Prep 
"<reuniones>"
	"reunión" Noun NC Plural lang:es 00:00:55 00:01:02 tt-5183 MF025_1967_CT_SU2011_VA_08 
"<en>"
	"en" Preposition PREP lang:es 00:00:55 00:01:02 tt-5184 MF025_1967_CT_SU2011_VA_08 @Gram:Prep 
"<mi>"
	"mío" Pronoun PPO Singular lang:es 00:00:55 00:01:02 tt-5185 MF025_1967_CT_SU2011_VA_08 @Gram:Det:Pos 
"<casa>"
	"casa" Noun NC Singular lang:es 00:00:55 00:01:02 tt-5186 MF025_1967_CT_SU2011_VA_08 
"<,>"
	"," Punctuation CM lang:es 00:00:55 00:01:02 tt-5187 MF025_1967_CT_SU2011_VA_08 
"<que>"
	"que" Conjunction CQUE lang:es 00:00:55 00:01:02 tt-5188 MF025_1967_CT_SU2011_VA_08 
"<teníamos>"
	"tener" Verb VLfin Imp Indi Plural 1st lang:es 00:00:55 00:01:02 tt-5189 MF025_1967_CT_SU2011_VA_08 @Gram:Imperf 
"<reuniones>"
	"reunión" Noun NC Plural lang:es 00:00:55 00:01:02 tt-5190 MF025_1967_CT_SU2011_VA_08 
"<para>"
	"para" Preposition PREP lang:es 00:00:55 00:01:02 tt-5191 MF025_1967_CT_SU2011_VA_08 @Gram:Prep:Para 
"<estudiar>"
	"estudiar" Verb VLinf Infinitive lang:es 00:00:55 00:01:02 tt-5192 MF025_1967_CT_SU2011_VA_08 
"<la>"
	"el" Determiner ART Singular Fem lang:es 00:01:03 00:01:10 tt-5193 MF025_1967_CT_SU2011_VA_08 @Gram:Det:Art 
"<Biblia>"
	"UNK" Noun NP Singular lang:es 00:01:03 00:01:10 tt-5194 MF025_1967_CT_SU2011_VA_08 
"<y>"
	"y" Conjunciton Conjunction CC lang:es 00:01:03 00:01:10 tt-5195 MF025_1967_CT_SU2011_VA_08 
"<él>"
	"él" Pronoun PPX Singular lang:es 00:01:03 00:01:10 tt-5196 MF025_1967_CT_SU2011_VA_08 @Gram:Pron:Sujeto 
"<llegó>"
	"llegar" Verb VLfin Pret Indi Sing 3rd lang:es 00:01:03 00:01:10 tt-5197 MF025_1967_CT_SU2011_VA_08 @Gram:Indefinido 
"<ahí>"
	"ahí" Adverb ADV lang:es 00:01:03 00:01:10 tt-5198 MF025_1967_CT_SU2011_VA_08 
"<,>"
	"," Punctuation CM lang:es 00:01:03 00:01:10 tt-5199 MF025_1967_CT_SU2011_VA_08 
"<y>"
	"y" Conjunciton Conjunction CC lang:es 00:01:03 00:01:10 tt-5200 MF025_1967_CT_SU2011_VA_08 
"<pues>"
	"pues" Conjunction CSUBF lang:es 00:01:03 00:01:10 tt-5201 MF025_1967_CT_SU2011_VA_08 
"<se>"
	"se" Other SE lang:es 00:01:03 00:01:10 tt-5202 MF025_1967_CT_SU2011_VA_08 
"<fue>"
	"ir" Verb VLfin Pret Indi Sing 3rd lang:es 00:01:03 00:01:10 tt-5203 MF025_1967_CT_SU2011_VA_08 @Gram:Indefinido 
"<quedando>"
	"quedar" Verb VLger lang:es 00:01:03 00:01:10 tt-5204 MF025_1967_CT_SU2011_VA_08 
"<hasta>"
	"hasta" Preposition PREP lang:es 00:01:03 00:01:10 tt-5205 MF025_1967_CT_SU2011_VA_08 @Gram:Prep 
"<que>"
	"que" Conjunction CQUE lang:es 00:01:03 00:01:10 tt-5206 MF025_1967_CT_SU2011_VA_08 
"<no>"
	"no" Adverb NEG lang:es 00:01:03 00:01:10 tt-5207 MF025_1967_CT_SU2011_VA_08 
"<sé>"
	"saber|ser" Verb VLfin Pres Indi Sing 1st lang:es 00:01:03 00:01:10 tt-5208 MF025_1967_CT_SU2011_VA_08 
"<en>"
	"en" Preposition PREP lang:es 00:01:03 00:01:10 tt-5209 MF025_1967_CT_SU2011_VA_08 @Gram:Prep 
"<qué>"
	"qué" Pronoun INT Singular lang:es 00:01:03 00:01:10 tt-5210 MF025_1967_CT_SU2011_VA_08 
"<momento>"
	"momento" Noun NC Singular lang:es 00:01:03 00:01:10 tt-5211 MF025_1967_CT_SU2011_VA_08 
"<,>"
	"," Punctuation CM lang:es 00:01:03 00:01:10 tt-5212 MF025_1967_CT_SU2011_VA_08 
"<nos>"
	"nosotros" Pronoun PPX Plural lang:es 00:01:12 00:01:19 tt-5213 MF025_1967_CT_SU2011_VA_08 @Gram:Pron:Objeto 
"<hicimos>"
	"hacer" Verb VLfin Pres_or_Pret Indi Plural 1st lang:es 00:01:12 00:01:19 tt-5214 MF025_1967_CT_SU2011_VA_08 
"<tan>"
	"tan" Adverb ADV lang:es 00:01:12 00:01:19 tt-5215 MF025_1967_CT_SU2011_VA_08 
"<amigos>"
	"amigo" Adjective ADJ Plural lang:es 00:01:12 00:01:19 tt-5216 MF025_1967_CT_SU2011_VA_08 
"<que>"
	"que" Conjunction CQUE lang:es 00:01:12 00:01:19 tt-5217 MF025_1967_CT_SU2011_VA_08 
"<después>"
	"después" Preposition PREP lang:es 00:01:12 00:01:19 tt-5218 MF025_1967_CT_SU2011_VA_08 @Gram:Prep 
"<de>"
	"de" Preposition PREP lang:es 00:01:12 00:01:19 tt-5219 MF025_1967_CT_SU2011_VA_08 @Gram:Prep 
"<eso>"
	"ese" Determiner DM Singular lang:es 00:01:12 00:01:19 tt-5220 MF025_1967_CT_SU2011_VA_08 @Gram:Det:Demo 
"<nos>"
	"nosotros" Pronoun PPX Plural lang:es 00:01:12 00:01:19 tt-5221 MF025_1967_CT_SU2011_VA_08 @Gram:Pron:Objeto 
"<hicimos>"
	"hacer" Verb VLfin Pres_or_Pret Indi Plural 1st lang:es 00:01:12 00:01:19 tt-5222 MF025_1967_CT_SU2011_VA_08 
"<novios>"
	"novio" Noun NC Plural lang:es 00:01:12 00:01:19 tt-5223 MF025_1967_CT_SU2011_VA_08 
"<y>"
	"y" Conjunciton Conjunction CC lang:es 00:01:12 00:01:19 tt-5224 MF025_1967_CT_SU2011_VA_08 
"<duramos>"
	"UNK" Verb VLfin Pres_or_Pret Indi Plural 1st lang:es 00:01:12 00:01:19 tt-5225 MF025_1967_CT_SU2011_VA_08 
"<tres>"
	"tres" Determiner CARD Plural lang:es 00:01:12 00:01:19 tt-5226 MF025_1967_CT_SU2011_VA_08 
"<años>"
	"año" Noun NC Plural lang:es 00:01:12 00:01:19 tt-5227 MF025_1967_CT_SU2011_VA_08 
"<de>"
	"de" Preposition PREP lang:es 00:01:12 00:01:19 tt-5228 MF025_1967_CT_SU2011_VA_08 @Gram:Prep 
"<novios>"
	"novio" Noun NC Plural lang:es 00:01:12 00:01:19 tt-5229 MF025_1967_CT_SU2011_VA_08 
"<,>"
	"," Punctuation CM lang:es 00:01:12 00:01:19 tt-5230 MF025_1967_CT_SU2011_VA_08 
"<cosa>"
	"cosa" Noun NC Singular lang:es 00:01:19 00:01:26 tt-5231 MF025_1967_CT_SU2011_VA_08 
"<que>"
	"que" Conjunction CQUE lang:es 00:01:19 00:01:26 tt-5232 MF025_1967_CT_SU2011_VA_08 
"<a>"
	"a" Preposition PREP Adverb ADV lang:es 00:01:19 00:01:26 tt-5233 MF025_1967_CT_SU2011_VA_08 @Gram:Prep 
"<veces>"
	"veces" Adverb ADV lang:es 00:01:19 00:01:26 tt-5234 MF025_1967_CT_SU2011_VA_08 
"<no>"
	"no" Adverb NEG lang:es 00:01:19 00:01:26 tt-5235 MF025_1967_CT_SU2011_VA_08 
"<es>"
	"ser" Verb VSfin Pres Indi Sing 3rd lang:es 00:01:19 00:01:26 tt-5236 MF025_1967_CT_SU2011_VA_08 @Gram:SerEstar:Ser 
"<muy>"
	"muy" Adverb ADV lang:es 00:01:19 00:01:26 tt-5237 MF025_1967_CT_SU2011_VA_08 
"<común>"
	"común" Adjective ADJ Singular lang:es 00:01:19 00:01:26 tt-5238 MF025_1967_CT_SU2011_VA_08 
"<,>"
	"," Punctuation CM lang:es 00:01:19 00:01:26 tt-5239 MF025_1967_CT_SU2011_VA_08 
"<pero>"
	"pero" Conjunction CCAD lang:es 00:01:19 00:01:26 tt-5240 MF025_1967_CT_SU2011_VA_08 @Prag:MarcadoresDisc:Revision 
"<duramos>"
	"UNK" Verb VLfin Pres_or_Pret Indi Plural 1st lang:es 00:01:19 00:01:26 tt-5241 MF025_1967_CT_SU2011_VA_08 
"<tres>"
	"tres" Determiner CARD Plural lang:es 00:01:19 00:01:26 tt-5242 MF025_1967_CT_SU2011_VA_08 
"<años>"
	"año" Noun NC Plural lang:es 00:01:19 00:01:26 tt-5243 MF025_1967_CT_SU2011_VA_08 
"<de>"
	"de" Preposition PREP lang:es 00:01:19 00:01:26 tt-5244 MF025_1967_CT_SU2011_VA_08 @Gram:Prep 
"<novios>"
	"novio" Noun NC Plural lang:es 00:01:19 00:01:26 tt-5245 MF025_1967_CT_SU2011_VA_08 
"<$.>"
	"." Punctuation FS lang:es 00:01:19 00:01:26 tt-5246 MF025_1967_CT_SU2011_VA_08 

"<Eh>"
	"eh" Noun NP Singular lang:es 00:01:19 00:01:26 tt-5247 MF025_1967_CT_SU2011_VA_08 
"<...>"
	"..." Punctuation DOTS lang:es 00:01:19 00:01:26 tt-5248 MF025_1967_CT_SU2011_VA_08 
"<yo>"
	"yo" Pronoun PPX Singular lang:es 00:01:19 00:01:26 tt-5249 MF025_1967_CT_SU2011_VA_08 @Gram:Pron:Sujeto 
"<tengo>"
	"tener" Verb VLfin Pres Indi Sing 1st lang:es 00:01:19 00:01:26 tt-5250 MF025_1967_CT_SU2011_VA_08 
"<dos>"
	"dos" Determiner CARD Plural lang:es 00:01:19 00:01:26 tt-5251 MF025_1967_CT_SU2011_VA_08 
"<hermanas>"
	"hermano" Noun NC Plural lang:es 00:01:19 00:01:26 tt-5252 MF025_1967_CT_SU2011_VA_08 
"<,>"
	"," Punctuation CM lang:es 00:01:19 00:01:26 tt-5253 MF025_1967_CT_SU2011_VA_08 
"<una>"
	"un" Determiner ART Singular lang:es 00:01:27 00:01:32 tt-5254 MF025_1967_CT_SU2011_VA_08 
"<que>"
	"que" Conjunction CQUE lang:es 00:01:27 00:01:32 tt-5255 MF025_1967_CT_SU2011_VA_08 
"<ya>"
	"ya" Adverb ADV lang:es 00:01:27 00:01:32 tt-5256 MF025_1967_CT_SU2011_VA_08 
"<no>"
	"no" Adverb NEG lang:es 00:01:27 00:01:32 tt-5257 MF025_1967_CT_SU2011_VA_08 
"<está>"
	"estar" Verb VEfin Pres Indi Sing 3rd lang:es 00:01:27 00:01:32 tt-5258 MF025_1967_CT_SU2011_VA_08 @Gram:SerEstar:Estar 
"<conmigo>"
	"UNK" Verb VLfin Pres Indi Sing 1st lang:es 00:01:27 00:01:32 tt-5259 MF025_1967_CT_SU2011_VA_08 
"<,>"
	"," Punctuation CM lang:es 00:01:27 00:01:32 tt-5260 MF025_1967_CT_SU2011_VA_08 
"<como>"
	"como" Conjunction CSUBX lang:es 00:01:27 00:01:32 tt-5261 MF025_1967_CT_SU2011_VA_08 
"<comenté>"
	"comentar" Verb VLfin Pret Indi Sing 1st lang:es 00:01:27 00:01:32 tt-5262 MF025_1967_CT_SU2011_VA_08 @Gram:Indefinido 
"<,>"
	"," Punctuation CM lang:es 00:01:27 00:01:32 tt-5263 MF025_1967_CT_SU2011_VA_08 
"<y>"
	"y" Conjunciton Conjunction CC lang:es 00:01:27 00:01:32 tt-5264 MF025_1967_CT_SU2011_VA_08 
"<otra>"
	"otro" Determiner QU lang:es 00:01:27 00:01:32 tt-5265 MF025_1967_CT_SU2011_VA_08 
"<mayor>"
	"grande" Adjective ADJ Singular lang:es 00:01:27 00:01:32 tt-5266 MF025_1967_CT_SU2011_VA_08 
"<que>"
	"que" Conjunction CQUE lang:es 00:01:27 00:01:32 tt-5267 MF025_1967_CT_SU2011_VA_08 
"<yo>"
	"yo" Pronoun PPX Singular lang:es 00:01:27 00:01:32 tt-5268 MF025_1967_CT_SU2011_VA_08 @Gram:Pron:Sujeto 
"<también>"
	"también" Adverb ADV lang:es 00:01:27 00:01:32 tt-5269 MF025_1967_CT_SU2011_VA_08 @Prag:MarcadoresDisc:Igualdad 
"<,>"
	"," Punctuation CM lang:es 00:01:27 00:01:32 tt-5270 MF025_1967_CT_SU2011_VA_08 
"<las>"
	"el" Determiner ART Plural Fem lang:es 00:01:27 00:01:32 tt-5271 MF025_1967_CT_SU2011_VA_08 @Gram:Det:Art 
"<dos>"
	"dos" Determiner CARD Plural lang:es 00:01:27 00:01:32 tt-5272 MF025_1967_CT_SU2011_VA_08 
"<mayores>"
	"grande" Adjective ADJ Plural lang:es 00:01:27 00:01:32 tt-5273 MF025_1967_CT_SU2011_VA_08 
"<que>"
	"que" Conjunction CQUE lang:es 00:01:32 00:01:39 tt-5274 MF025_1967_CT_SU2011_VA_08 
"<yo>"
	"yo" Pronoun PPX Singular lang:es 00:01:32 00:01:39 tt-5275 MF025_1967_CT_SU2011_VA_08 @Gram:Pron:Sujeto 
"<$.>"
	"." Punctuation FS lang:es 00:01:32 00:01:39 tt-5276 MF025_1967_CT_SU2011_VA_08 

"<Así>"
	"así" Adverb ADV lang:es 00:01:32 00:01:39 tt-5277 MF025_1967_CT_SU2011_VA_08 
"<que>"
	"que" Conjunction CQUE lang:es 00:01:32 00:01:39 tt-5278 MF025_1967_CT_SU2011_VA_08 
"<la>"
	"el" Determiner ART Singular Fem lang:es 00:01:32 00:01:39 tt-5279 MF025_1967_CT_SU2011_VA_08 @Gram:Det:Art 
"<que>"
	"que" Conjunction CQUE lang:es 00:01:32 00:01:39 tt-5280 MF025_1967_CT_SU2011_VA_08 
"<estaba>"
	"estar" Verb VEfin Imp Indi Sing 1st_or_3rd lang:es 00:01:32 00:01:39 tt-5281 MF025_1967_CT_SU2011_VA_08 @Gram:Imperf @Gram:SerEstar:Estar 
"<...>"
	"..." Punctuation DOTS lang:es 00:01:32 00:01:39 tt-5282 MF025_1967_CT_SU2011_VA_08 
"<la>"
	"el" Determiner ART Singular Fem lang:es 00:01:32 00:01:39 tt-5283 MF025_1967_CT_SU2011_VA_08 @Gram:Det:Art 
"<que>"
	"que" Conjunction CQUE lang:es 00:01:32 00:01:39 tt-5284 MF025_1967_CT_SU2011_VA_08 
"<está>"
	"estar" Verb VEfin Pres Indi Sing 3rd lang:es 00:01:32 00:01:39 tt-5285 MF025_1967_CT_SU2011_VA_08 @Gram:SerEstar:Estar 
"<inmediata>"
	"inmediato" Adjective ADJ Singular lang:es 00:01:32 00:01:39 tt-5286 MF025_1967_CT_SU2011_VA_08 
"<a>"
	"a" Preposition PREP lang:es 00:01:32 00:01:39 tt-5287 MF025_1967_CT_SU2011_VA_08 @Gram:Prep 
"<mí>"
	"yo" Pronoun PPX Singular lang:es 00:01:32 00:01:39 tt-5288 MF025_1967_CT_SU2011_VA_08 
"<eh>"
	"eh" Noun NP Singular lang:es 00:01:32 00:01:39 tt-5289 MF025_1967_CT_SU2011_VA_08 
"<...>"
	"..." Punctuation DOTS lang:es 00:01:32 00:01:39 tt-5290 MF025_1967_CT_SU2011_VA_08 
"<para>"
	"para" Preposition PREP lang:es 00:01:32 00:01:39 tt-5291 MF025_1967_CT_SU2011_VA_08 @Gram:Prep:Para 
"<arriba>"
	"arriba" Adverb ADV lang:es 00:01:32 00:01:39 tt-5292 MF025_1967_CT_SU2011_VA_08 
"<,>"
	"," Punctuation CM lang:es 00:01:32 00:01:39 tt-5293 MF025_1967_CT_SU2011_VA_08 
"<ella>"
	"él" Pronoun PPX Singular lang:es 00:01:32 00:01:39 tt-5294 MF025_1967_CT_SU2011_VA_08 @Gram:Pron:Sujeto 
"<no>"
	"no" Adverb NEG lang:es 00:01:32 00:01:39 tt-5295 MF025_1967_CT_SU2011_VA_08 
"<,>"
	"," Punctuation CM lang:es 00:01:32 00:01:39 tt-5296 MF025_1967_CT_SU2011_VA_08 
"<no>"
	"no" Adverb NEG lang:es 00:01:32 00:01:39 tt-5297 MF025_1967_CT_SU2011_VA_08 
"<estaba>"
	"estar" Verb VEfin Imp Indi Sing 1st_or_3rd lang:es 00:01:41 00:01:48 tt-5298 MF025_1967_CT_SU2011_VA_08 @Gram:Imperf @Gram:SerEstar:Estar 
"<casada>"
	"casar" Verb VLadj lang:es 00:01:41 00:01:48 tt-5299 MF025_1967_CT_SU2011_VA_08 
"<y>"
	"y" Conjunciton Conjunction CC lang:es 00:01:41 00:01:48 tt-5300 MF025_1967_CT_SU2011_VA_08 
"<yo>"
	"yo" Pronoun PPX Singular lang:es 00:01:41 00:01:48 tt-5301 MF025_1967_CT_SU2011_VA_08 @Gram:Pron:Sujeto 
"<no>"
	"no" Adverb NEG lang:es 00:01:41 00:01:48 tt-5302 MF025_1967_CT_SU2011_VA_08 
"<quería>"
	"querer" Verb VLfin Imp Indi Sing 1st_or_3rd lang:es 00:01:41 00:01:48 tt-5303 MF025_1967_CT_SU2011_VA_08 @Gram:Imperf 
"<dejarla>"
	"dejar" Verb VLinf Pres Indi Sing 3rd lang:es 00:01:41 00:01:48 tt-5304 MF025_1967_CT_SU2011_VA_08 
"<sola>"
	"solo" Adjective ADJ Singular lang:es 00:01:41 00:01:48 tt-5305 MF025_1967_CT_SU2011_VA_08 
"<$.>"
	"." Punctuation FS lang:es 00:01:41 00:01:48 tt-5306 MF025_1967_CT_SU2011_VA_08 

"<Mi>"
	"mío" Pronoun PPO Singular lang:es 00:01:41 00:01:48 tt-5307 MF025_1967_CT_SU2011_VA_08 @Gram:Det:Pos 
"<esposo>"
	"esposo" Noun NC Singular lang:es 00:01:41 00:01:48 tt-5308 MF025_1967_CT_SU2011_VA_08 
"<,>"
	"," Punctuation CM lang:es 00:01:41 00:01:48 tt-5309 MF025_1967_CT_SU2011_VA_08 
"<al>"
	"al" Preposition PAL lang:es 00:01:41 00:01:48 tt-5310 MF025_1967_CT_SU2011_VA_08 @Gram:Prep 
"<año>"
	"año" Noun NC Singular lang:es 00:01:41 00:01:48 tt-5311 MF025_1967_CT_SU2011_VA_08 
"<de>"
	"de" Preposition PREP lang:es 00:01:41 00:01:48 tt-5312 MF025_1967_CT_SU2011_VA_08 @Gram:Prep 
"<que>"
	"que" Conjunction CQUE lang:es 00:01:41 00:01:48 tt-5313 MF025_1967_CT_SU2011_VA_08 
"<fuimos>"
	"ir|ser" Verb VLfin Pres_or_Pret Indi Plural 1st lang:es 00:01:41 00:01:48 tt-5314 MF025_1967_CT_SU2011_VA_08 
"<novios>"
	"novio" Noun NC Plural lang:es 00:01:41 00:01:48 tt-5315 MF025_1967_CT_SU2011_VA_08 
"<,>"
	"," Punctuation CM lang:es 00:01:41 00:01:48 tt-5316 MF025_1967_CT_SU2011_VA_08 
"<eh>"
	"eh" Noun NP Singular lang:es 00:01:41 00:01:48 tt-5317 MF025_1967_CT_SU2011_VA_08 
"<...>"
	"..." Punctuation DOTS lang:es 00:01:41 00:01:48 tt-5318 MF025_1967_CT_SU2011_VA_08 
"<me>"
	"yo" Pronoun PPX Singular lang:es 00:01:41 00:01:48 tt-5319 MF025_1967_CT_SU2011_VA_08 @Gram:Pron:Objeto 
"<dijo>"
	"decir" Verb VLfin Pres Indi Sing 1st lang:es 00:01:50 00:01:55 tt-5320 MF025_1967_CT_SU2011_VA_08 
"<que>"
	"que" Conjunction CQUE lang:es 00:01:50 00:01:55 tt-5321 MF025_1967_CT_SU2011_VA_08 
"<si>"
	"si" Conjunction CSUBX lang:es 00:01:50 00:01:55 tt-5322 MF025_1967_CT_SU2011_VA_08 
"<nos>"
	"nosotros" Pronoun PPX Plural lang:es 00:01:50 00:01:55 tt-5323 MF025_1967_CT_SU2011_VA_08 @Gram:Pron:Objeto 
"<casábamos>"
	"UNK" Verb VLfin Imp Indi Plural 1st lang:es 00:01:50 00:01:55 tt-5324 MF025_1967_CT_SU2011_VA_08 @Gram:Imperf 
"<,>"
	"," Punctuation CM lang:es 00:01:50 00:01:55 tt-5325 MF025_1967_CT_SU2011_VA_08 
"<pero>"
	"pero" Conjunction CCAD lang:es 00:01:50 00:01:55 tt-5326 MF025_1967_CT_SU2011_VA_08 @Prag:MarcadoresDisc:Revision 
"<yo>"
	"yo" Pronoun PPX Singular lang:es 00:01:50 00:01:55 tt-5327 MF025_1967_CT_SU2011_VA_08 @Gram:Pron:Sujeto 
"<le>"
	"él" Pronoun PPC Singular lang:es 00:01:50 00:01:55 tt-5328 MF025_1967_CT_SU2011_VA_08 @Gram:Pron:Objeto 
"<dije>"
	"decir" Verb VLfin Pret Indi Sing 1st lang:es 00:01:50 00:01:55 tt-5329 MF025_1967_CT_SU2011_VA_08 @Gram:Indefinido 
"<que>"
	"que" Conjunction CQUE lang:es 00:01:50 00:01:55 tt-5330 MF025_1967_CT_SU2011_VA_08 
"<no>"
	"no" Adverb NEG lang:es 00:01:50 00:01:55 tt-5331 MF025_1967_CT_SU2011_VA_08 
"<,>"
	"," Punctuation CM lang:es 00:01:50 00:01:55 tt-5332 MF025_1967_CT_SU2011_VA_08 
"<porque>"
	"porque" Conjunction CSUBX lang:es 00:01:50 00:01:55 tt-5333 MF025_1967_CT_SU2011_VA_08 @Prag:MarcadoresDisc:Causa 
"<yo>"
	"yo" Pronoun PPX Singular lang:es 00:01:50 00:01:55 tt-5334 MF025_1967_CT_SU2011_VA_08 @Gram:Pron:Sujeto 
"<no>"
	"no" Adverb NEG lang:es 00:01:50 00:01:55 tt-5335 MF025_1967_CT_SU2011_VA_08 
"<quería>"
	"querer" Verb VLfin Imp Indi Sing 1st_or_3rd lang:es 00:01:50 00:01:55 tt-5336 MF025_1967_CT_SU2011_VA_08 @Gram:Imperf 
"<dejar>"
	"dejar" Verb VLinf Infinitive lang:es 00:01:50 00:01:55 tt-5337 MF025_1967_CT_SU2011_VA_08 
"<sola>"
	"solo" Adjective ADJ Singular lang:es 00:01:50 00:01:55 tt-5338 MF025_1967_CT_SU2011_VA_08 
"<a>"
	"a" Preposition PREP lang:es 00:01:50 00:01:55 tt-5339 MF025_1967_CT_SU2011_VA_08 @Gram:Prep 
"<mi>"
	"mío" Pronoun PPO Singular lang:es 00:01:55 00:02:01 tt-5340 MF025_1967_CT_SU2011_VA_08 @Gram:Det:Pos 
"<hermana>"
	"hermano" Noun NC Singular lang:es 00:01:55 00:02:01 tt-5341 MF025_1967_CT_SU2011_VA_08 
"<$.>"
	"." Punctuation FS lang:es 00:01:55 00:02:01 tt-5342 MF025_1967_CT_SU2011_VA_08 

"<Mi>"
	"mío" Pronoun PPO Singular lang:es 00:01:55 00:02:01 tt-5343 MF025_1967_CT_SU2011_VA_08 @Gram:Det:Pos 
"<hermana>"
	"hermano" Noun NC Singular lang:es 00:01:55 00:02:01 tt-5344 MF025_1967_CT_SU2011_VA_08 
"<es>"
	"ser" Verb VSfin Pres Indi Sing 3rd lang:es 00:01:55 00:02:01 tt-5345 MF025_1967_CT_SU2011_VA_08 @Gram:SerEstar:Ser 
"<cuatro>"
	"cuatro" Determiner CARD Singular lang:es 00:01:55 00:02:01 tt-5346 MF025_1967_CT_SU2011_VA_08 
"<años>"
	"año" Noun NC Plural lang:es 00:01:55 00:02:01 tt-5347 MF025_1967_CT_SU2011_VA_08 
"<,>"
	"," Punctuation CM lang:es 00:01:55 00:02:01 tt-5348 MF025_1967_CT_SU2011_VA_08 
"<cinco>"
	"cinco" Determiner CARD Singular lang:es 00:01:55 00:02:01 tt-5349 MF025_1967_CT_SU2011_VA_08 
"<años>"
	"año" Noun NC Plural lang:es 00:01:55 00:02:01 tt-5350 MF025_1967_CT_SU2011_VA_08 
"<mayor>"
	"grande" Adjective ADJ Singular lang:es 00:01:55 00:02:01 tt-5351 MF025_1967_CT_SU2011_VA_08 
"<que>"
	"que" Conjunction CQUE lang:es 00:01:55 00:02:01 tt-5352 MF025_1967_CT_SU2011_VA_08 
"<yo>"
	"yo" Pronoun PPX Singular lang:es 00:01:55 00:02:01 tt-5353 MF025_1967_CT_SU2011_VA_08 @Gram:Pron:Sujeto 
"<,>"
	"," Punctuation CM lang:es 00:01:55 00:02:01 tt-5354 MF025_1967_CT_SU2011_VA_08 
"<entonces>"
	"entonces" Adverb ADV lang:es 00:01:55 00:02:01 tt-5355 MF025_1967_CT_SU2011_VA_08 
"<,>"
	"," Punctuation CM lang:es 00:01:55 00:02:01 tt-5356 MF025_1967_CT_SU2011_VA_08 
"<yo>"
	"yo" Pronoun PPX Singular lang:es 00:01:55 00:02:01 tt-5357 MF025_1967_CT_SU2011_VA_08 @Gram:Pron:Sujeto 
"<sentía>"
	"sentir" Verb VLfin Imp Indi Sing 1st_or_3rd lang:es 00:01:55 00:02:01 tt-5358 MF025_1967_CT_SU2011_VA_08 @Gram:Imperf 
"<que>"
	"que" Conjunction CQUE lang:es 00:01:55 00:02:01 tt-5359 MF025_1967_CT_SU2011_VA_08 
"<si>"
	"si" Conjunction CSUBX lang:es 00:01:55 00:02:01 tt-5360 MF025_1967_CT_SU2011_VA_08 
"<yo>"
	"yo" Pronoun PPX Singular lang:es 00:02:01 00:02:08 tt-5361 MF025_1967_CT_SU2011_VA_08 @Gram:Pron:Sujeto 
"<me>"
	"yo" Pronoun PPX Singular lang:es 00:02:01 00:02:08 tt-5362 MF025_1967_CT_SU2011_VA_08 @Gram:Pron:Objeto 
"<iba>"
	"ir" Verb VLfin Imp Indi Sing 1st_or_3rd lang:es 00:02:01 00:02:08 tt-5363 MF025_1967_CT_SU2011_VA_08 @Gram:Imperf 
"<de>"
	"de" Preposition PREP lang:es 00:02:01 00:02:08 tt-5364 MF025_1967_CT_SU2011_VA_08 @Gram:Prep 
"<la>"
	"el" Determiner ART Singular Fem lang:es 00:02:01 00:02:08 tt-5365 MF025_1967_CT_SU2011_VA_08 @Gram:Det:Art 
"<casa>"
	"casa" Noun NC Singular lang:es 00:02:01 00:02:08 tt-5366 MF025_1967_CT_SU2011_VA_08 
"<ella>"
	"él" Pronoun PPX Singular lang:es 00:02:01 00:02:08 tt-5367 MF025_1967_CT_SU2011_VA_08 @Gram:Pron:Sujeto 
"<,>"
	"," Punctuation CM lang:es 00:02:01 00:02:08 tt-5368 MF025_1967_CT_SU2011_VA_08 
"<iba>"
	"ir" Verb VLfin Imp Indi Sing 1st_or_3rd lang:es 00:02:01 00:02:08 tt-5369 MF025_1967_CT_SU2011_VA_08 @Gram:Imperf ID:334 R:Gram:VFut:Perifrasis:336 
"<a>"
	"a" Preposition PREP lang:es 00:02:01 00:02:08 tt-5370 MF025_1967_CT_SU2011_VA_08 @Gram:Prep 
"<sufrir>"
	"sufrir" Verb VLinf Infinitive lang:es 00:02:01 00:02:08 tt-5371 MF025_1967_CT_SU2011_VA_08 ID:336 
"<una>"
	"un" Determiner ART Singular lang:es 00:02:01 00:02:08 tt-5372 MF025_1967_CT_SU2011_VA_08 
"<depresión>"
	"depresión" Noun NC Singular lang:es 00:02:01 00:02:08 tt-5373 MF025_1967_CT_SU2011_VA_08 
"<$.>"
	"." Punctuation FS lang:es 00:02:01 00:02:08 tt-5374 MF025_1967_CT_SU2011_VA_08 

"<Es>"
	"ser" Verb VSfin Pres Indi Sing 3rd lang:es 00:02:01 00:02:08 tt-5375 MF025_1967_CT_SU2011_VA_08 @Gram:SerEstar:Ser 
"<algo>"
	"algo" Determiner QU lang:es 00:02:01 00:02:08 tt-5376 MF025_1967_CT_SU2011_VA_08 
"<no>"
	"no" Adverb NEG lang:es 00:02:01 00:02:08 tt-5377 MF025_1967_CT_SU2011_VA_08 
"<...>"
	"..." Punctuation DOTS lang:es 00:02:01 00:02:08 tt-5378 MF025_1967_CT_SU2011_VA_08 
"<no>"
	"no" Adverb NEG lang:es 00:02:01 00:02:08 tt-5379 MF025_1967_CT_SU2011_VA_08 
"<muy>"
	"muy" Adverb ADV lang:es 00:02:01 00:02:08 tt-5380 MF025_1967_CT_SU2011_VA_08 
"<común>"
	"común" Adjective ADJ Singular lang:es 00:02:01 00:02:08 tt-5381 MF025_1967_CT_SU2011_VA_08 
"<,>"
	"," Punctuation CM lang:es 00:02:01 00:02:08 tt-5382 MF025_1967_CT_SU2011_VA_08 
"<porque>"
	"porque" Conjunction CSUBX lang:es 00:02:01 00:02:08 tt-5383 MF025_1967_CT_SU2011_VA_08 @Prag:MarcadoresDisc:Causa 
"<me>"
	"yo" Pronoun PPX Singular lang:es 00:02:08 00:02:15 tt-5384 MF025_1967_CT_SU2011_VA_08 @Gram:Pron:Objeto 
"<casé>"
	"casar" Verb VLfin Pret Indi Sing 1st lang:es 00:02:08 00:02:15 tt-5385 MF025_1967_CT_SU2011_VA_08 @Gram:Indefinido 
"<grande>"
	"grande" Adjective ADJ Singular lang:es 00:02:08 00:02:15 tt-5386 MF025_1967_CT_SU2011_VA_08 
"<,>"
	"," Punctuation CM lang:es 00:02:08 00:02:15 tt-5387 MF025_1967_CT_SU2011_VA_08 
"<me>"
	"yo" Pronoun PPX Singular lang:es 00:02:08 00:02:15 tt-5388 MF025_1967_CT_SU2011_VA_08 @Gram:Pron:Objeto 
"<casé>"
	"casar" Verb VLfin Pret Indi Sing 1st lang:es 00:02:08 00:02:15 tt-5389 MF025_1967_CT_SU2011_VA_08 @Gram:Indefinido 
"<a>"
	"a" Preposition PREP lang:es 00:02:08 00:02:15 tt-5390 MF025_1967_CT_SU2011_VA_08 @Gram:Prep 
"<los>"
	"el" Determiner ART Plural Masc lang:es 00:02:08 00:02:15 tt-5391 MF025_1967_CT_SU2011_VA_08 @Gram:Det:Art 
"<veintisiete>"
	"veintisiete" Determiner CARD Singular lang:es 00:02:08 00:02:15 tt-5392 MF025_1967_CT_SU2011_VA_08 
"<años>"
	"año" Noun NC Plural lang:es 00:02:08 00:02:15 tt-5393 MF025_1967_CT_SU2011_VA_08 
"<,>"
	"," Punctuation CM lang:es 00:02:08 00:02:15 tt-5394 MF025_1967_CT_SU2011_VA_08 
"<por>"
	"por" Preposition PREP lang:es 00:02:08 00:02:15 tt-5395 MF025_1967_CT_SU2011_VA_08 @Gram:Prep:Por 
"<eso>"
	"ese" Determiner DM Singular lang:es 00:02:08 00:02:15 tt-5396 MF025_1967_CT_SU2011_VA_08 @Gram:Det:Demo 
"<mismo>"
	"mismo" Adjective ADJ Singular lang:es 00:02:08 00:02:15 tt-5397 MF025_1967_CT_SU2011_VA_08 
"<cuando>"
	"cuando" Conjunction CSUBX lang:es 00:02:08 00:02:15 tt-5398 MF025_1967_CT_SU2011_VA_08 
"<yo>"
	"yo" Pronoun PPX Singular lang:es 00:02:08 00:02:15 tt-5399 MF025_1967_CT_SU2011_VA_08 @Gram:Pron:Sujeto 
"<tenía>"
	"tener" Verb VLfin Imp Indi Sing 1st_or_3rd lang:es 00:02:08 00:02:15 tt-5400 MF025_1967_CT_SU2011_VA_08 @Gram:Imperf 
"<veinticuatro>"
	"veinticuatro" Determiner CARD Singular lang:es 00:02:08 00:02:15 tt-5401 MF025_1967_CT_SU2011_VA_08 
"<años>"
	"año" Noun NC Plural lang:es 00:02:08 00:02:15 tt-5402 MF025_1967_CT_SU2011_VA_08 
"<,>"
	"," Punctuation CM lang:es 00:02:08 00:02:15 tt-5403 MF025_1967_CT_SU2011_VA_08 
"<mi>"
	"mío" Pronoun PPO Singular lang:es 00:02:08 00:02:15 tt-5404 MF025_1967_CT_SU2011_VA_08 @Gram:Det:Pos 
"<esposo>"
	"esposo" Noun NC Singular lang:es 00:02:16 00:02:22 tt-5405 MF025_1967_CT_SU2011_VA_08 
"<dijo>"
	"decir" Verb VLfin Pres Indi Sing 1st lang:es 00:02:16 00:02:22 tt-5406 MF025_1967_CT_SU2011_VA_08 
"<que>"
	"que" Conjunction CQUE lang:es 00:02:16 00:02:22 tt-5407 MF025_1967_CT_SU2011_VA_08 
"<nos>"
	"nosotros" Pronoun PPX Plural lang:es 00:02:16 00:02:22 tt-5408 MF025_1967_CT_SU2011_VA_08 @Gram:Pron:Objeto 
"<casáramos>"
	"UNK" Verb VLfin Past Subj Plural 1st lang:es 00:02:16 00:02:22 tt-5409 MF025_1967_CT_SU2011_VA_08 @Gram:MSub:Pret 
"<,>"
	"," Punctuation CM lang:es 00:02:16 00:02:22 tt-5410 MF025_1967_CT_SU2011_VA_08 
"<pero>"
	"pero" Conjunction CCAD lang:es 00:02:16 00:02:22 tt-5411 MF025_1967_CT_SU2011_VA_08 @Prag:MarcadoresDisc:Revision 
"<yo>"
	"yo" Pronoun PPX Singular lang:es 00:02:16 00:02:22 tt-5412 MF025_1967_CT_SU2011_VA_08 @Gram:Pron:Sujeto 
"<no>"
	"no" Adverb NEG lang:es 00:02:16 00:02:22 tt-5413 MF025_1967_CT_SU2011_VA_08 
"<quise>"
	"querer" Verb VLfin Pret Indi Sing 1st lang:es 00:02:16 00:02:22 tt-5414 MF025_1967_CT_SU2011_VA_08 @Gram:Indefinido 
"<,>"
	"," Punctuation CM lang:es 00:02:16 00:02:22 tt-5415 MF025_1967_CT_SU2011_VA_08 
"<tuve>"
	"tener" Verb VLfin Pret Indi Sing 1st lang:es 00:02:16 00:02:22 tt-5416 MF025_1967_CT_SU2011_VA_08 @Gram:Indefinido 
"<que>"
	"que" Conjunction CQUE lang:es 00:02:16 00:02:22 tt-5417 MF025_1967_CT_SU2011_VA_08 
"<esperar>"
	"esperar" Verb VLinf Infinitive lang:es 00:02:16 00:02:22 tt-5418 MF025_1967_CT_SU2011_VA_08 
"<,>"
	"," Punctuation CM lang:es 00:02:16 00:02:22 tt-5419 MF025_1967_CT_SU2011_VA_08 
"<después>"
	"después" Adverb ADV lang:es 00:02:16 00:02:22 tt-5420 MF025_1967_CT_SU2011_VA_08 
"<él>"
	"él" Pronoun PPX Singular lang:es 00:02:16 00:02:22 tt-5421 MF025_1967_CT_SU2011_VA_08 @Gram:Pron:Sujeto 
"<ya>"
	"ya" Adverb ADV lang:es 00:02:16 00:02:22 tt-5422 MF025_1967_CT_SU2011_VA_08 
"<no>"
	"no" Adverb NEG lang:es 00:02:16 00:02:22 tt-5423 MF025_1967_CT_SU2011_VA_08 
"<me>"
	"yo" Pronoun PPX Singular lang:es 00:02:22 00:02:29 tt-5424 MF025_1967_CT_SU2011_VA_08 @Gram:Pron:Objeto 
"<decía>"
	"decir" Verb VLfin Imp Indi Sing 1st_or_3rd lang:es 00:02:22 00:02:29 tt-5425 MF025_1967_CT_SU2011_VA_08 @Gram:Imperf 
"<nada>"
	"nada" Determiner QU lang:es 00:02:22 00:02:29 tt-5426 MF025_1967_CT_SU2011_VA_08 
"<,>"
	"," Punctuation CM lang:es 00:02:22 00:02:29 tt-5427 MF025_1967_CT_SU2011_VA_08 
"<pero>"
	"pero" Conjunction CCAD lang:es 00:02:22 00:02:29 tt-5428 MF025_1967_CT_SU2011_VA_08 @Prag:MarcadoresDisc:Revision 
"<finalmente>"
	"finalmente" Adverb ADV lang:es 00:02:22 00:02:29 tt-5429 MF025_1967_CT_SU2011_VA_08 
"<,>"
	"," Punctuation CM lang:es 00:02:22 00:02:29 tt-5430 MF025_1967_CT_SU2011_VA_08 
"<eh>"
	"eh" Noun NP Singular lang:es 00:02:22 00:02:29 tt-5431 MF025_1967_CT_SU2011_VA_08 
"<...>"
	"..." Punctuation DOTS lang:es 00:02:22 00:02:29 tt-5432 MF025_1967_CT_SU2011_VA_08 
"<nos>"
	"nosotros" Pronoun PPX Plural lang:es 00:02:22 00:02:29 tt-5433 MF025_1967_CT_SU2011_VA_08 @Gram:Pron:Objeto 
"<casamos>"
	"casar" Verb VLfin Pres_or_Pret Indi Plural 1st lang:es 00:02:22 00:02:29 tt-5434 MF025_1967_CT_SU2011_VA_08 
"<,>"
	"," Punctuation CM lang:es 00:02:22 00:02:29 tt-5435 MF025_1967_CT_SU2011_VA_08 
"<después>"
	"después" Preposition PREP lang:es 00:02:22 00:02:29 tt-5436 MF025_1967_CT_SU2011_VA_08 @Gram:Prep 
"<de>"
	"de" Preposition PREP lang:es 00:02:22 00:02:29 tt-5437 MF025_1967_CT_SU2011_VA_08 @Gram:Prep 
"<tres>"
	"tres" Determiner CARD Plural lang:es 00:02:22 00:02:29 tt-5438 MF025_1967_CT_SU2011_VA_08 
"<años>"
	"año" Noun NC Plural lang:es 00:02:22 00:02:29 tt-5439 MF025_1967_CT_SU2011_VA_08 
"<,>"
	"," Punctuation CM lang:es 00:02:22 00:02:29 tt-5440 MF025_1967_CT_SU2011_VA_08 
"<casi>"
	"casi" Adverb ADV lang:es 00:02:22 00:02:29 tt-5441 MF025_1967_CT_SU2011_VA_08 
"<cuatro>"
	"cuatro" Determiner CARD Singular lang:es 00:02:22 00:02:29 tt-5442 MF025_1967_CT_SU2011_VA_08 
"<$.>"
	"." Punctuation FS lang:es 00:02:22 00:02:29 tt-5443 MF025_1967_CT_SU2011_VA_08 

"<Pero>"
	"pero" Conjunction CCAD lang:es 00:02:22 00:02:29 tt-5444 MF025_1967_CT_SU2011_VA_08 @Prag:MarcadoresDisc:Revision 
"<fue>"
	"ir" Verb VLfin Pret Indi Sing 3rd lang:es 00:02:30 00:02:35 tt-5445 MF025_1967_CT_SU2011_VA_08 @Gram:Indefinido 
"<por>"
	"por" Preposition PREP lang:es 00:02:30 00:02:35 tt-5446 MF025_1967_CT_SU2011_VA_08 @Gram:Prep:Por 
"<esa>"
	"ese" Determiner DM Singular lang:es 00:02:30 00:02:35 tt-5447 MF025_1967_CT_SU2011_VA_08 @Gram:Det:Demo 
"<razón>"
	"razón" Noun NC Singular lang:es 00:02:30 00:02:35 tt-5448 MF025_1967_CT_SU2011_VA_08 
"<,>"
	"," Punctuation CM lang:es 00:02:30 00:02:35 tt-5449 MF025_1967_CT_SU2011_VA_08 
"<por>"
	"por" Preposition PREP lang:es 00:02:30 00:02:35 tt-5450 MF025_1967_CT_SU2011_VA_08 @Gram:Prep:Por 
"<no>"
	"no" Adverb NEG lang:es 00:02:30 00:02:35 tt-5451 MF025_1967_CT_SU2011_VA_08 
"<dejar>"
	"dejar" Verb VLinf Infinitive lang:es 00:02:30 00:02:35 tt-5452 MF025_1967_CT_SU2011_VA_08 
"<sola>"
	"solo" Adjective ADJ Singular lang:es 00:02:30 00:02:35 tt-5453 MF025_1967_CT_SU2011_VA_08 
"<a>"
	"a" Preposition PREP lang:es 00:02:30 00:02:35 tt-5454 MF025_1967_CT_SU2011_VA_08 @Gram:Prep 
"<mi>"
	"mío" Pronoun PPO Singular lang:es 00:02:30 00:02:35 tt-5455 MF025_1967_CT_SU2011_VA_08 @Gram:Det:Pos 
"<hermana>"
	"hermano" Noun NC Singular lang:es 00:02:30 00:02:35 tt-5456 MF025_1967_CT_SU2011_VA_08 
"<,>"
	"," Punctuation CM lang:es 00:02:30 00:02:35 tt-5457 MF025_1967_CT_SU2011_VA_08 
"<porque>"
	"porque" Conjunction CSUBX lang:es 00:02:30 00:02:35 tt-5458 MF025_1967_CT_SU2011_VA_08 @Prag:MarcadoresDisc:Causa 
"<yo>"
	"yo" Pronoun PPX Singular lang:es 00:02:30 00:02:35 tt-5459 MF025_1967_CT_SU2011_VA_08 @Gram:Pron:Sujeto 
"<no>"
	"no" Adverb NEG lang:es 00:02:30 00:02:35 tt-5460 MF025_1967_CT_SU2011_VA_08 
"<quería>"
	"querer" Verb VLfin Imp Indi Sing 1st_or_3rd lang:es 00:02:30 00:02:35 tt-5461 MF025_1967_CT_SU2011_VA_08 @Gram:Imperf 
"<que>"
	"que" Conjunction CQUE lang:es 00:02:30 00:02:35 tt-5462 MF025_1967_CT_SU2011_VA_08 
"<ella>"
	"él" Pronoun PPX Singular lang:es 00:02:30 00:02:35 tt-5463 MF025_1967_CT_SU2011_VA_08 @Gram:Pron:Sujeto 
"<sufriera>"
	"sufrir" Verb VLfin Past Subj Sing 1st_or_3rd lang:es 00:02:30 00:02:35 tt-5464 MF025_1967_CT_SU2011_VA_08 @Gram:MSub:Pret 
"<una>"
	"un" Determiner ART Singular lang:es 00:02:35 00:02:41 tt-5465 MF025_1967_CT_SU2011_VA_08 
"<depresión>"
	"depresión" Noun NC Singular lang:es 00:02:35 00:02:41 tt-5466 MF025_1967_CT_SU2011_VA_08 
"<$.>"
	"." Punctuation FS lang:es 00:02:35 00:02:41 tt-5467 MF025_1967_CT_SU2011_VA_08 

"<Se>"
	"se" Other SE lang:es 00:02:35 00:02:41 tt-5468 MF025_1967_CT_SU2011_VA_08 
"<casó>"
	"casar" Verb VLfin Pret Indi Sing 3rd lang:es 00:02:35 00:02:41 tt-5469 MF025_1967_CT_SU2011_VA_08 @Gram:Indefinido 
"<ella>"
	"él" Pronoun PPX Singular lang:es 00:02:35 00:02:41 tt-5470 MF025_1967_CT_SU2011_VA_08 @Gram:Pron:Sujeto 
"<e>"
	"y" Conjunction CC lang:es 00:02:35 00:02:41 tt-5471 MF025_1967_CT_SU2011_VA_08 
"<inmediatamente>"
	"inmediatamente" Adverb ADV lang:es 00:02:35 00:02:41 tt-5472 MF025_1967_CT_SU2011_VA_08 
"<,>"
	"," Punctuation CM lang:es 00:02:35 00:02:41 tt-5473 MF025_1967_CT_SU2011_VA_08 
"<nos>"
	"nosotros" Pronoun PPX Plural lang:es 00:02:35 00:02:41 tt-5474 MF025_1967_CT_SU2011_VA_08 @Gram:Pron:Objeto 
"<casamos>"
	"casar" Verb VLfin Pres_or_Pret Indi Plural 1st lang:es 00:02:35 00:02:41 tt-5475 MF025_1967_CT_SU2011_VA_08 
"<nosotros>"
	"nosotros" Pronoun PPX Plural lang:es 00:02:35 00:02:41 tt-5476 MF025_1967_CT_SU2011_VA_08 @Gram:Pron:Sujeto 
"<y>"
	"y" Conjunciton Conjunction CC lang:es 00:02:35 00:02:41 tt-5477 MF025_1967_CT_SU2011_VA_08 
"<hasta>"
	"hasta" Preposition PREP lang:es 00:02:35 00:02:41 tt-5478 MF025_1967_CT_SU2011_VA_08 @Gram:Prep 
"<ahorita>"
	"ahora" Adverb ADV lang:es 00:02:35 00:02:41 tt-5479 MF025_1967_CT_SU2011_VA_08 
"<tenemos>"
	"tener" Verb VLfin Pres Indi Plural 1st lang:es 00:02:35 00:02:41 tt-5480 MF025_1967_CT_SU2011_VA_08 
"<dieciséis>"
	"dieciséis" Determiner CARD Plural lang:es 00:02:41 00:02:48 tt-5481 MF025_1967_CT_SU2011_VA_08 
"<años>"
	"año" Noun NC Plural lang:es 00:02:41 00:02:48 tt-5482 MF025_1967_CT_SU2011_VA_08 
"<de>"
	"de" Preposition PREP lang:es 00:02:41 00:02:48 tt-5483 MF025_1967_CT_SU2011_VA_08 @Gram:Prep 
"<casados>"
	"casar" Verb VLadj lang:es 00:02:41 00:02:48 tt-5484 MF025_1967_CT_SU2011_VA_08 
"<$.>"
	"." Punctuation FS lang:es 00:02:41 00:02:48 tt-5485 MF025_1967_CT_SU2011_VA_08 

"<Él>"
	"él" Pronoun PPX Singular lang:es 00:02:41 00:02:48 tt-5486 MF025_1967_CT_SU2011_VA_08 @Gram:Pron:Sujeto 
"<un>"
	"un" Determiner ART Singular lang:es 00:02:41 00:02:48 tt-5487 MF025_1967_CT_SU2011_VA_08 ID:452 R:Gram:Genero:ExcepMasc:453 
"<día>"
	"día" Noun NC Singular lang:es 00:02:41 00:02:48 tt-5488 MF025_1967_CT_SU2011_VA_08 ID:453 
"<decidió>"
	"decidir" Verb VLfin Pret Indi Sing 3rd lang:es 00:02:41 00:02:48 tt-5489 MF025_1967_CT_SU2011_VA_08 @Gram:Indefinido 
"<venirse>"
	"venir" Verb VLinf Pres Indi Sing 3rd lang:es 00:02:41 00:02:48 tt-5490 MF025_1967_CT_SU2011_VA_08 
"<,>"
	"," Punctuation CM lang:es 00:02:41 00:02:48 tt-5491 MF025_1967_CT_SU2011_VA_08 
"<un>"
	"un" Determiner ART Singular lang:es 00:02:41 00:02:48 tt-5492 MF025_1967_CT_SU2011_VA_08 ID:457 R:Gram:Genero:ExcepMasc:458 
"<día>"
	"día" Noun NC Singular lang:es 00:02:41 00:02:48 tt-5493 MF025_1967_CT_SU2011_VA_08 ID:458 
"<me>"
	"yo" Pronoun PPX Singular lang:es 00:02:41 00:02:48 tt-5494 MF025_1967_CT_SU2011_VA_08 @Gram:Pron:Objeto 
"<dijo>"
	"decir" Verb VLfin Pres Indi Sing 1st lang:es 00:02:41 00:02:48 tt-5495 MF025_1967_CT_SU2011_VA_08 
"<$¿>"
	"¿" Punctuation FS lang:es 00:02:41 00:02:48 tt-5496 MF025_1967_CT_SU2011_VA_08 
"<vamos>"
	"ir" Verb VLfin Pres Indi Plural 1st lang:es 00:02:41 00:02:48 tt-5497 MF025_1967_CT_SU2011_VA_08 ID:462 R:Gram:VFut:Perifrasis:464 
"<a>"
	"a" Preposition PREP lang:es 00:02:41 00:02:48 tt-5498 MF025_1967_CT_SU2011_VA_08 @Gram:Prep 
"<ir>"
	"ir" Verb VLinf Infinitive lang:es 00:02:41 00:02:48 tt-5499 MF025_1967_CT_SU2011_VA_08 ID:464 
"<de>"
	"de" Preposition PREP lang:es 00:02:41 00:02:48 tt-5500 MF025_1967_CT_SU2011_VA_08 @Gram:Prep 
"<vacaciones>"
	"vacación" Noun NC Plural lang:es 00:02:41 00:02:48 tt-5501 MF025_1967_CT_SU2011_VA_08 
"<$?>"
	"?" Punctuation FS lang:es 00:02:41 00:02:48 tt-5502 MF025_1967_CT_SU2011_VA_08 
</speaker>
</text>

