<text id="MF025_1967_CT_SU2011_VA_04">
<speaker type="subj">
"<a>"
	"a" Preposition PREP lang:es 00:00:00 00:00:07 tt-2629 MF025_1967_CT_SU2011_VA_04 @Gram:Prep SUBSTITUTE:389 ADD:614 
"<,>"
	"," Punctuation CM lang:es 00:00:00 00:00:07 tt-2630 MF025_1967_CT_SU2011_VA_04 
"<a>"
	"a" Preposition PREP lang:es 00:00:00 00:00:07 tt-2631 MF025_1967_CT_SU2011_VA_04 @Gram:Prep SUBSTITUTE:389 ADD:614 
"<enriquecerme>"
	"enriquecer" Verb VLinf Pres Indi Sing 3rd lang:es 00:00:00 00:00:07 tt-2632 MF025_1967_CT_SU2011_VA_04 
"<cada>"
	"cada" Determiner QU lang:es 00:00:00 00:00:07 tt-2633 MF025_1967_CT_SU2011_VA_04 @Gram:Det:CuantIndef ADD:463 
"<vez>"
	"vez" Noun NC Singular lang:es 00:00:00 00:00:07 tt-2634 MF025_1967_CT_SU2011_VA_04 
"<más>"
	"más" Adverb ADV lang:es 00:00:00 00:00:07 tt-2635 MF025_1967_CT_SU2011_VA_04 
"<$.>"
	"." Punctuation FS lang:es 00:00:00 00:00:07 tt-2636 MF025_1967_CT_SU2011_VA_04 

"<Eh>"
	"eh" Noun NP Singular lang:es 00:00:00 00:00:07 tt-2637 MF025_1967_CT_SU2011_VA_04 
"<...>"
	"..." Punctuation DOTS lang:es 00:00:00 00:00:07 tt-2638 MF025_1967_CT_SU2011_VA_04 
"<dejé>"
	"dejar" Verb VLfin Pret Indi Sing 1st lang:es 00:00:00 00:00:07 tt-2639 MF025_1967_CT_SU2011_VA_04 @Gram:Indefinido ADD:688 
"<eh>"
	"eh" Noun NP Singular lang:es 00:00:00 00:00:07 tt-2640 MF025_1967_CT_SU2011_VA_04 
"<...>"
	"..." Punctuation DOTS lang:es 00:00:00 00:00:07 tt-2641 MF025_1967_CT_SU2011_VA_04 
"<de>"
	"de" Conjunction CSUBI lang:es 00:00:00 00:00:07 tt-2642 MF025_1967_CT_SU2011_VA_04 
"<trabajar>"
	"trabajar" Verb VLinf Infinitive lang:es 00:00:00 00:00:07 tt-2643 MF025_1967_CT_SU2011_VA_04 SUBSTITUTE:320 
"<,>"
	"," Punctuation CM lang:es 00:00:00 00:00:07 tt-2644 MF025_1967_CT_SU2011_VA_04 
"<ahora>"
	"ahora" Adverb ADV lang:es 00:00:00 00:00:07 tt-2645 MF025_1967_CT_SU2011_VA_04 
"<me>"
	"yo" Pronoun PPX Singular lang:es 00:00:00 00:00:07 tt-2646 MF025_1967_CT_SU2011_VA_04 @Gram:Pron:Objeto ADD:648 
"<dedico>"
	"dedicar" Verb VLfin Pres Indi Sing 1st lang:es 00:00:00 00:00:07 tt-2647 MF025_1967_CT_SU2011_VA_04 
"<a>"
	"a" Preposition PREP lang:es 00:00:00 00:00:07 tt-2648 MF025_1967_CT_SU2011_VA_04 @Gram:Prep SUBSTITUTE:389 ADD:614 
"<la>"
	"el" Determiner ART Singular Fem lang:es 00:00:00 00:00:07 tt-2649 MF025_1967_CT_SU2011_VA_04 @Gram:Det:Art ADD:416 
"<casa>"
	"casa" Noun NC Singular lang:es 00:00:00 00:00:07 tt-2650 MF025_1967_CT_SU2011_VA_04 
"<,>"
	"," Punctuation CM lang:es 00:00:00 00:00:07 tt-2651 MF025_1967_CT_SU2011_VA_04 
"<porque>"
	"porque" Conjunction CSUBX lang:es 00:00:00 00:00:07 tt-2652 MF025_1967_CT_SU2011_VA_04 @Prag:MarcadoresDisc:Causa ADD:1085 
"<para>"
	"para" Preposition PREP lang:es 00:00:10 00:00:16 tt-2653 MF025_1967_CT_SU2011_VA_04 @Gram:Prep:Para SUBSTITUTE:336 ADD:578 
"<mí>"
	"yo" Pronoun PPX Singular lang:es 00:00:10 00:00:16 tt-2654 MF025_1967_CT_SU2011_VA_04 
"<es>"
	"ser" Verb VSfin Pres Indi Sing 3rd lang:es 00:00:10 00:00:16 tt-2655 MF025_1967_CT_SU2011_VA_04 @Gram:SerEstar:Ser ADD:803 
"<muy>"
	"muy" Adverb ADV lang:es 00:00:10 00:00:16 tt-2656 MF025_1967_CT_SU2011_VA_04 
"<importante>"
	"importante" Adjective ADJ Singular lang:es 00:00:10 00:00:16 tt-2657 MF025_1967_CT_SU2011_VA_04 
"<mis>"
	"mío" Pronoun PPO Plural Adjective ADJ lang:es 00:00:10 00:00:16 tt-2658 MF025_1967_CT_SU2011_VA_04 @Gram:Det:Pos SUBSTITUTE:309 ADD:447 
"<hijos>"
	"hijo" Noun NC Plural lang:es 00:00:10 00:00:16 tt-2659 MF025_1967_CT_SU2011_VA_04 
"<y>"
	"y" Conjunciton Conjunction CC lang:es 00:00:10 00:00:16 tt-2660 MF025_1967_CT_SU2011_VA_04 SUBSTITUTE:385 
"<le>"
	"él" Pronoun PPC Singular lang:es 00:00:10 00:00:16 tt-2661 MF025_1967_CT_SU2011_VA_04 @Gram:Pron:Objeto ADD:654 
"<doy>"
	"dar" Verb VLfin Pres Indi Sing 1st lang:es 00:00:10 00:00:16 tt-2662 MF025_1967_CT_SU2011_VA_04 
"<gracias>"
	"gracias" Preposition PREP lang:es 00:00:10 00:00:16 tt-2663 MF025_1967_CT_SU2011_VA_04 @Gram:Prep ADD:614 
"<a>"
	"a" Preposition PREP lang:es 00:00:10 00:00:16 tt-2664 MF025_1967_CT_SU2011_VA_04 @Gram:Prep SUBSTITUTE:389 ADD:614 
"<Dios>"
	"dios" Noun NC Plural lang:es 00:00:10 00:00:16 tt-2665 MF025_1967_CT_SU2011_VA_04 
"<que>"
	"que" Conjunction CQUE lang:es 00:00:10 00:00:16 tt-2666 MF025_1967_CT_SU2011_VA_04 
"<tengo>"
	"tener" Verb VLfin Pres Indi Sing 1st lang:es 00:00:10 00:00:16 tt-2667 MF025_1967_CT_SU2011_VA_04 
"<la>"
	"el" Determiner ART Singular Fem lang:es 00:00:10 00:00:16 tt-2668 MF025_1967_CT_SU2011_VA_04 @Gram:Det:Art ADD:416 
"<oportunidad>"
	"oportunidad" Noun NC Singular lang:es 00:00:10 00:00:16 tt-2669 MF025_1967_CT_SU2011_VA_04 
"<de>"
	"de" Preposition PREP lang:es 00:00:16 00:00:23 tt-2670 MF025_1967_CT_SU2011_VA_04 @Gram:Prep ADD:614 
"<cuidar>"
	"cuidar" Verb VLinf Infinitive lang:es 00:00:16 00:00:23 tt-2671 MF025_1967_CT_SU2011_VA_04 SUBSTITUTE:320 
"<a>"
	"a" Preposition PREP lang:es 00:00:16 00:00:23 tt-2672 MF025_1967_CT_SU2011_VA_04 @Gram:Prep SUBSTITUTE:389 ADD:614 
"<mis>"
	"mío" Pronoun PPO Plural lang:es 00:00:16 00:00:23 tt-2673 MF025_1967_CT_SU2011_VA_04 @Gram:Det:Pos SUBSTITUTE:309 ADD:447 
"<hijos>"
	"hijo" Noun NC Plural lang:es 00:00:16 00:00:23 tt-2674 MF025_1967_CT_SU2011_VA_04 
"<,>"
	"," Punctuation CM lang:es 00:00:16 00:00:23 tt-2675 MF025_1967_CT_SU2011_VA_04 
"<ehm>"
	"ehm" Noun NP Singular lang:es 00:00:16 00:00:23 tt-2676 MF025_1967_CT_SU2011_VA_04 
"<...>"
	"..." Punctuation DOTS lang:es 00:00:16 00:00:23 tt-2677 MF025_1967_CT_SU2011_VA_04 
"<probablemente>"
	"probablemente" Adverb ADV lang:es 00:00:16 00:00:23 tt-2678 MF025_1967_CT_SU2011_VA_04 
"<si>"
	"si" Conjunction CSUBX lang:es 00:00:16 00:00:23 tt-2679 MF025_1967_CT_SU2011_VA_04 
"<yo>"
	"yo" Pronoun PPX Singular lang:es 00:00:16 00:00:23 tt-2680 MF025_1967_CT_SU2011_VA_04 @Gram:Pron:Sujeto ADD:624 
"<trabajara>"
	"trabajar" Verb VLfin Past Subj Sing 1st_or_3rd lang:es 00:00:16 00:00:23 tt-2681 MF025_1967_CT_SU2011_VA_04 @Gram:MSub:Pret ADD:773 
"<,>"
	"," Punctuation CM lang:es 00:00:16 00:00:23 tt-2682 MF025_1967_CT_SU2011_VA_04 
"<es>"
	"ser" Verb VSfin Pres Indi Sing 3rd lang:es 00:00:16 00:00:23 tt-2683 MF025_1967_CT_SU2011_VA_04 @Gram:SerEstar:Ser ADD:803 
"<muy>"
	"muy" Adverb ADV lang:es 00:00:16 00:00:23 tt-2684 MF025_1967_CT_SU2011_VA_04 
"<seguro>"
	"seguro" Adjective ADJ Singular lang:es 00:00:16 00:00:23 tt-2685 MF025_1967_CT_SU2011_VA_04 
"<que>"
	"que" Conjunction CQUE lang:es 00:00:16 00:00:23 tt-2686 MF025_1967_CT_SU2011_VA_04 
"<nuestra>"
	"UNK" Noun NC Singular lang:es 00:00:16 00:00:23 tt-2687 MF025_1967_CT_SU2011_VA_04 
"<situación>"
	"situación" Noun NC Singular lang:es 00:00:24 00:00:31 tt-2688 MF025_1967_CT_SU2011_VA_04 
"<fuera>"
	"ser" Verb VSfin Past Subj Sing 1st_or_3rd lang:es 00:00:24 00:00:31 tt-2689 MF025_1967_CT_SU2011_VA_04 @Gram:MSub:Pret @Gram:SerEstar:Ser ADD:773 ADD:803 
"<mucho>"
	"mucho" Adverb ADV lang:es 00:00:24 00:00:31 tt-2690 MF025_1967_CT_SU2011_VA_04 
"<mejor>"
	"bueno" Adjective ADJ Singular lang:es 00:00:24 00:00:31 tt-2691 MF025_1967_CT_SU2011_VA_04 
"<,>"
	"," Punctuation CM lang:es 00:00:24 00:00:31 tt-2692 MF025_1967_CT_SU2011_VA_04 
"<pero>"
	"pero" Conjunction CCAD lang:es 00:00:24 00:00:31 tt-2693 MF025_1967_CT_SU2011_VA_04 @Prag:MarcadoresDisc:Revision ADD:1032 
"<para>"
	"para" Preposition PREP lang:es 00:00:24 00:00:31 tt-2694 MF025_1967_CT_SU2011_VA_04 @Gram:Prep:Para SUBSTITUTE:336 ADD:578 
"<mí>"
	"yo" Pronoun PPX Singular lang:es 00:00:24 00:00:31 tt-2695 MF025_1967_CT_SU2011_VA_04 
"<el>"
	"el" Determiner ART Singular Masc lang:es 00:00:24 00:00:31 tt-2696 MF025_1967_CT_SU2011_VA_04 @Gram:Det:Art ADD:416 
"<poder>"
	"poder" Verb VLinf VMinf lang:es 00:00:24 00:00:31 tt-2697 MF025_1967_CT_SU2011_VA_04 SUBSTITUTE:320 
"<tomar>"
	"tomar" Verb VLinf Infinitive lang:es 00:00:24 00:00:31 tt-2698 MF025_1967_CT_SU2011_VA_04 SUBSTITUTE:320 
"<cuidado>"
	"cuidado" Adjective ADJ Singular lang:es 00:00:24 00:00:31 tt-2699 MF025_1967_CT_SU2011_VA_04 
"<y>"
	"y" Conjunciton Conjunction CC lang:es 00:00:24 00:00:31 tt-2700 MF025_1967_CT_SU2011_VA_04 SUBSTITUTE:385 
"<de>"
	"de" Preposition PREP lang:es 00:00:24 00:00:31 tt-2701 MF025_1967_CT_SU2011_VA_04 @Gram:Prep ADD:614 
"<estas>"
	"este" Determiner DM Plural lang:es 00:00:24 00:00:31 tt-2702 MF025_1967_CT_SU2011_VA_04 
"<dos>"
	"dos" Determiner CARD Plural lang:es 00:00:24 00:00:31 tt-2703 MF025_1967_CT_SU2011_VA_04 
"<personitas>"
	"UNK" Noun NC Plural lang:es 00:00:24 00:00:31 tt-2704 MF025_1967_CT_SU2011_VA_04 
"<que>"
	"que" Conjunction CQUE lang:es 00:00:36 00:00:43 tt-2705 MF025_1967_CT_SU2011_VA_04 
"<Dios>"
	"dios" Noun NC Plural lang:es 00:00:36 00:00:43 tt-2706 MF025_1967_CT_SU2011_VA_04 
"<me>"
	"yo" Pronoun PPX Singular lang:es 00:00:36 00:00:43 tt-2707 MF025_1967_CT_SU2011_VA_04 @Gram:Pron:Objeto ADD:648 
"<prestó>"
	"prestar" Verb VLfin Pret Indi Sing 3rd lang:es 00:00:36 00:00:43 tt-2708 MF025_1967_CT_SU2011_VA_04 @Gram:Indefinido ADD:688 
"<es>"
	"ser" Verb VSfin Pres Indi Sing 3rd lang:es 00:00:36 00:00:43 tt-2709 MF025_1967_CT_SU2011_VA_04 @Gram:SerEstar:Ser ADD:803 
"<muy>"
	"muy" Adverb ADV lang:es 00:00:36 00:00:43 tt-2710 MF025_1967_CT_SU2011_VA_04 
"<importante>"
	"importante" Adjective ADJ Singular lang:es 00:00:36 00:00:43 tt-2711 MF025_1967_CT_SU2011_VA_04 
"<,>"
	"," Punctuation CM lang:es 00:00:36 00:00:43 tt-2712 MF025_1967_CT_SU2011_VA_04 
"<porque>"
	"porque" Conjunction CSUBX lang:es 00:00:36 00:00:43 tt-2713 MF025_1967_CT_SU2011_VA_04 @Prag:MarcadoresDisc:Causa ADD:1085 
"<actualmente>"
	"actualmente" Adverb ADV lang:es 00:00:36 00:00:43 tt-2714 MF025_1967_CT_SU2011_VA_04 
"<los>"
	"el" Determiner ART Plural Masc lang:es 00:00:36 00:00:43 tt-2715 MF025_1967_CT_SU2011_VA_04 @Gram:Det:Art ADD:416 
"<jóvenes>"
	"joven" Noun NC Plural lang:es 00:00:36 00:00:43 tt-2716 MF025_1967_CT_SU2011_VA_04 
"<crecen>"
	"crecer" Verb VLfin Pres Indi Plural 3rd lang:es 00:00:36 00:00:43 tt-2717 MF025_1967_CT_SU2011_VA_04 
"<solos>"
	"solo" Adjective ADJ Plural lang:es 00:00:36 00:00:43 tt-2718 MF025_1967_CT_SU2011_VA_04 
"<,>"
	"," Punctuation CM lang:es 00:00:36 00:00:43 tt-2719 MF025_1967_CT_SU2011_VA_04 
"<crecen>"
	"crecer" Verb VLfin Pres Indi Plural 3rd lang:es 00:00:36 00:00:43 tt-2720 MF025_1967_CT_SU2011_VA_04 
"<desorientados>"
	"UNK" Verb VLadj lang:es 00:00:45 00:00:52 tt-2721 MF025_1967_CT_SU2011_VA_04 
"<,>"
	"," Punctuation CM lang:es 00:00:45 00:00:52 tt-2722 MF025_1967_CT_SU2011_VA_04 
"<crecen>"
	"crecer" Verb VLfin Pres Indi Plural 3rd lang:es 00:00:45 00:00:52 tt-2723 MF025_1967_CT_SU2011_VA_04 
"<muchas>"
	"mucho" Determiner QU lang:es 00:00:45 00:00:52 tt-2724 MF025_1967_CT_SU2011_VA_04 @Gram:Det:CuantIndef ADD:468 
"<veces>"
	"vez" Noun NC Plural lang:es 00:00:45 00:00:52 tt-2725 MF025_1967_CT_SU2011_VA_04 
"<con>"
	"con" Preposition PREP lang:es 00:00:45 00:00:52 tt-2726 MF025_1967_CT_SU2011_VA_04 @Gram:Prep ADD:614 
"<la>"
	"el" Determiner ART Singular Fem lang:es 00:00:45 00:00:52 tt-2727 MF025_1967_CT_SU2011_VA_04 @Gram:Det:Art ADD:416 
"<necesidad>"
	"necesidad" Noun NC Singular lang:es 00:00:45 00:00:52 tt-2728 MF025_1967_CT_SU2011_VA_04 
"<de>"
	"de" Preposition PREP lang:es 00:00:45 00:00:52 tt-2729 MF025_1967_CT_SU2011_VA_04 @Gram:Prep ADD:614 
"<hablar>"
	"hablar" Verb VLinf Infinitive lang:es 00:00:45 00:00:52 tt-2730 MF025_1967_CT_SU2011_VA_04 ID:102 R:Vocab:Fraseol:VerbPrep:104 SUBSTITUTE:320 ADDRELATION(Vocab:Fraseol:VerbPrep):1209 
"<,>"
	"," Punctuation CM lang:es 00:00:45 00:00:52 tt-2731 MF025_1967_CT_SU2011_VA_04 
"<de>"
	"de" Preposition PREP lang:es 00:00:45 00:00:52 tt-2732 MF025_1967_CT_SU2011_VA_04 @Gram:Prep ID:104 ADD:614 
"<platicar>"
	"platicar" Verb VLinf Infinitive lang:es 00:00:45 00:00:52 tt-2733 MF025_1967_CT_SU2011_VA_04 SUBSTITUTE:320 
"<,>"
	"," Punctuation CM lang:es 00:00:45 00:00:52 tt-2734 MF025_1967_CT_SU2011_VA_04 
"<de>"
	"de" Conjunction CSUBI lang:es 00:00:45 00:00:52 tt-2735 MF025_1967_CT_SU2011_VA_04 
"<comentar>"
	"comentar" Verb VLinf Infinitive lang:es 00:00:45 00:00:52 tt-2736 MF025_1967_CT_SU2011_VA_04 SUBSTITUTE:320 
"<los>"
	"el" Determiner ART Plural Masc lang:es 00:00:54 00:00:59 tt-2737 MF025_1967_CT_SU2011_VA_04 @Gram:Det:Art ADD:416 
"<sueños>"
	"sueño" Noun NC Plural lang:es 00:00:54 00:00:59 tt-2738 MF025_1967_CT_SU2011_VA_04 
"<,>"
	"," Punctuation CM lang:es 00:00:54 00:00:59 tt-2739 MF025_1967_CT_SU2011_VA_04 
"<los>"
	"el" Determiner ART Plural Masc lang:es 00:00:54 00:00:59 tt-2740 MF025_1967_CT_SU2011_VA_04 @Gram:Det:Art ADD:416 
"<anhelos>"
	"anhelo" Noun NC Plural lang:es 00:00:54 00:00:59 tt-2741 MF025_1967_CT_SU2011_VA_04 
"<y>"
	"y" Conjunciton Conjunction CC lang:es 00:00:54 00:00:59 tt-2742 MF025_1967_CT_SU2011_VA_04 SUBSTITUTE:385 
"<cuando>"
	"cuando" Conjunction CSUBX lang:es 00:00:54 00:00:59 tt-2743 MF025_1967_CT_SU2011_VA_04 
"<llegan>"
	"llegar" Verb VLfin Pres Indi Plural 3rd lang:es 00:00:54 00:00:59 tt-2744 MF025_1967_CT_SU2011_VA_04 
"<de>"
	"de" Preposition PREP lang:es 00:00:54 00:00:59 tt-2745 MF025_1967_CT_SU2011_VA_04 @Gram:Prep ADD:614 
"<la>"
	"el" Determiner ART Singular Fem lang:es 00:00:54 00:00:59 tt-2746 MF025_1967_CT_SU2011_VA_04 @Gram:Det:Art ADD:416 
"<escuela>"
	"escuela" Noun NC Singular lang:es 00:00:54 00:00:59 tt-2747 MF025_1967_CT_SU2011_VA_04 
"<,>"
	"," Punctuation CM lang:es 00:00:54 00:00:59 tt-2748 MF025_1967_CT_SU2011_VA_04 
"<no>"
	"no" Adverb NEG lang:es 00:00:54 00:00:59 tt-2749 MF025_1967_CT_SU2011_VA_04 
"<encuentran>"
	"encontrar" Verb VLfin Pres Indi Plural 3rd lang:es 00:00:54 00:00:59 tt-2750 MF025_1967_CT_SU2011_VA_04 
"<una>"
	"un" Determiner ART Singular lang:es 00:00:54 00:00:59 tt-2751 MF025_1967_CT_SU2011_VA_04 
"<mamá>"
	"mamá" Noun NC Singular lang:es 00:00:54 00:00:59 tt-2752 MF025_1967_CT_SU2011_VA_04 
"<o>"
	"o" Conjunciton Conjunction CC lang:es 00:00:54 00:00:59 tt-2753 MF025_1967_CT_SU2011_VA_04 SUBSTITUTE:387 
"<no>"
	"no" Adverb NEG lang:es 00:00:54 00:00:59 tt-2754 MF025_1967_CT_SU2011_VA_04 
"<encuentran>"
	"encontrar" Verb VLfin Pres Indi Plural 3rd lang:es 00:00:54 00:00:59 tt-2755 MF025_1967_CT_SU2011_VA_04 
"<a>"
	"a" Preposition PREP lang:es 00:00:59 00:01:04 tt-2756 MF025_1967_CT_SU2011_VA_04 @Gram:Prep SUBSTITUTE:389 ADD:614 
"<alguien>"
	"UNK" Adverb ADV lang:es 00:00:59 00:01:04 tt-2757 MF025_1967_CT_SU2011_VA_04 
"<con>"
	"con" Preposition PREP lang:es 00:00:59 00:01:04 tt-2758 MF025_1967_CT_SU2011_VA_04 @Gram:Prep ADD:614 
"<quien>"
	"quien" Pronoun REL Singular lang:es 00:00:59 00:01:04 tt-2759 MF025_1967_CT_SU2011_VA_04 
"<puedan>"
	"poder" Verb VMfin lang:es 00:00:59 00:01:04 tt-2760 MF025_1967_CT_SU2011_VA_04 
"<compartirlo>"
	"compartir" Verb VLinf Pres Indi Sing 1st lang:es 00:00:59 00:01:04 tt-2761 MF025_1967_CT_SU2011_VA_04 
"<o>"
	"o" Conjunciton Conjunction CC lang:es 00:00:59 00:01:04 tt-2762 MF025_1967_CT_SU2011_VA_04 SUBSTITUTE:387 
"<a>"
	"a" Preposition PREP lang:es 00:00:59 00:01:04 tt-2763 MF025_1967_CT_SU2011_VA_04 @Gram:Prep SUBSTITUTE:389 ADD:614 
"<quien>"
	"quien" Pronoun REL Singular lang:es 00:00:59 00:01:04 tt-2764 MF025_1967_CT_SU2011_VA_04 
"<puedan>"
	"poder" Verb VMfin lang:es 00:00:59 00:01:04 tt-2765 MF025_1967_CT_SU2011_VA_04 
"<preguntarle>"
	"preguntar" Verb VLinf Pres Subj Sing 1st_or_3rd lang:es 00:00:59 00:01:04 tt-2766 MF025_1967_CT_SU2011_VA_04 @Gram:MSub:Pres ADD:772 
"<,>"
	"," Punctuation CM lang:es 00:00:59 00:01:04 tt-2767 MF025_1967_CT_SU2011_VA_04 
"<tienen>"
	"tener" Verb VMfin lang:es 00:00:59 00:01:04 tt-2768 MF025_1967_CT_SU2011_VA_04 
"<que>"
	"que" Verb VMfin lang:es 00:00:59 00:01:04 tt-2769 MF025_1967_CT_SU2011_VA_04 
"<esperar>"
	"esperar" Verb VLinf Infinitive lang:es 00:00:59 00:01:04 tt-2770 MF025_1967_CT_SU2011_VA_04 SUBSTITUTE:320 
"<hasta>"
	"hasta" Preposition PREP lang:es 00:01:04 00:01:09 tt-2771 MF025_1967_CT_SU2011_VA_04 @Gram:Prep ADD:614 
"<...>"
	"..." Punctuation DOTS lang:es 00:01:04 00:01:09 tt-2772 MF025_1967_CT_SU2011_VA_04 
"<hasta>"
	"hasta" Preposition PREP lang:es 00:01:04 00:01:09 tt-2773 MF025_1967_CT_SU2011_VA_04 @Gram:Prep ADD:614 
"<en>"
	"en" Preposition PREP lang:es 00:01:04 00:01:09 tt-2774 MF025_1967_CT_SU2011_VA_04 @Gram:Prep ADD:614 
"<la>"
	"el" Determiner ART Singular Fem lang:es 00:01:04 00:01:09 tt-2775 MF025_1967_CT_SU2011_VA_04 @Gram:Det:Art ADD:416 
"<noche>"
	"noche" Noun NC Singular lang:es 00:01:04 00:01:09 tt-2776 MF025_1967_CT_SU2011_VA_04 
"<cuando>"
	"cuando" Conjunction CSUBX lang:es 00:01:04 00:01:09 tt-2777 MF025_1967_CT_SU2011_VA_04 
"<ya>"
	"ya" Adverb ADV lang:es 00:01:04 00:01:09 tt-2778 MF025_1967_CT_SU2011_VA_04 
"<llega>"
	"llegar" Verb VLfin Pres Indi Sing 3rd lang:es 00:01:04 00:01:09 tt-2779 MF025_1967_CT_SU2011_VA_04 
"<la>"
	"el" Determiner ART Singular Fem lang:es 00:01:04 00:01:09 tt-2780 MF025_1967_CT_SU2011_VA_04 @Gram:Det:Art ADD:416 
"<mamá>"
	"mamá" Noun NC Singular lang:es 00:01:04 00:01:09 tt-2781 MF025_1967_CT_SU2011_VA_04 
"<o>"
	"o" Conjunciton Conjunction CC lang:es 00:01:04 00:01:09 tt-2782 MF025_1967_CT_SU2011_VA_04 SUBSTITUTE:387 
"<el>"
	"el" Determiner ART Singular Masc lang:es 00:01:04 00:01:09 tt-2783 MF025_1967_CT_SU2011_VA_04 @Gram:Det:Art ADD:416 
"<papá>"
	"papá" Noun NC Singular lang:es 00:01:04 00:01:09 tt-2784 MF025_1967_CT_SU2011_VA_04 
"<cansados>"
	"cansar" Verb VLadj lang:es 00:01:04 00:01:09 tt-2785 MF025_1967_CT_SU2011_VA_04 
"<,>"
	"," Punctuation CM lang:es 00:01:04 00:01:09 tt-2786 MF025_1967_CT_SU2011_VA_04 
"<o>"
	"o" Conjunciton Conjunction CC lang:es 00:01:04 00:01:09 tt-2787 MF025_1967_CT_SU2011_VA_04 SUBSTITUTE:387 
"<cuando>"
	"cuando" Conjunction CSUBX lang:es 00:01:04 00:01:09 tt-2788 MF025_1967_CT_SU2011_VA_04 
"<ellos>"
	"él" Pronoun PPX Plural lang:es 00:01:04 00:01:09 tt-2789 MF025_1967_CT_SU2011_VA_04 @Gram:Pron:Sujeto ADD:624 
"<ya>"
	"ya" Adverb ADV lang:es 00:01:09 00:01:16 tt-2790 MF025_1967_CT_SU2011_VA_04 
"<están>"
	"estar" Verb VEfin Pres Indi Plural 3rd lang:es 00:01:09 00:01:16 tt-2791 MF025_1967_CT_SU2011_VA_04 @Gram:SerEstar:Estar ADD:812 
"<dormidos>"
	"dormir" Verb VLadj lang:es 00:01:09 00:01:16 tt-2792 MF025_1967_CT_SU2011_VA_04 
"<y>"
	"y" Conjunciton Conjunction CC lang:es 00:01:09 00:01:16 tt-2793 MF025_1967_CT_SU2011_VA_04 SUBSTITUTE:385 
"<ya>"
	"ya" Adverb ADV lang:es 00:01:09 00:01:16 tt-2794 MF025_1967_CT_SU2011_VA_04 
"<no>"
	"no" Adverb NEG lang:es 00:01:09 00:01:16 tt-2795 MF025_1967_CT_SU2011_VA_04 
"<hubo>"
	"haber" Verb VHfin Pret Indi Sing 3rd lang:es 00:01:09 00:01:16 tt-2796 MF025_1967_CT_SU2011_VA_04 @Gram:Haber:Exist ADD:819 
"<oportunidad>"
	"oportunidad" Noun NC Singular lang:es 00:01:09 00:01:16 tt-2797 MF025_1967_CT_SU2011_VA_04 
"<de>"
	"de" Preposition PREP lang:es 00:01:09 00:01:16 tt-2798 MF025_1967_CT_SU2011_VA_04 @Gram:Prep ADD:614 
"<convivir>"
	"convivir" Verb VLinf Infinitive lang:es 00:01:09 00:01:16 tt-2799 MF025_1967_CT_SU2011_VA_04 SUBSTITUTE:320 
"<o>"
	"o" Conjunciton Conjunction CC lang:es 00:01:09 00:01:16 tt-2800 MF025_1967_CT_SU2011_VA_04 SUBSTITUTE:387 
"<de>"
	"de" Conjunction CSUBI lang:es 00:01:09 00:01:16 tt-2801 MF025_1967_CT_SU2011_VA_04 
"<expresarse>"
	"expresarse" Verb VCLIinf lang:es 00:01:09 00:01:16 tt-2802 MF025_1967_CT_SU2011_VA_04 
"<,>"
	"," Punctuation CM lang:es 00:01:09 00:01:16 tt-2803 MF025_1967_CT_SU2011_VA_04 
"<y>"
	"y" Conjunciton Conjunction CC lang:es 00:01:09 00:01:16 tt-2804 MF025_1967_CT_SU2011_VA_04 SUBSTITUTE:385 
"<para>"
	"para" Preposition PREP lang:es 00:01:09 00:01:16 tt-2805 MF025_1967_CT_SU2011_VA_04 @Gram:Prep:Para SUBSTITUTE:336 ADD:578 
"<mí>"
	"yo" Pronoun PPX Singular lang:es 00:01:09 00:01:16 tt-2806 MF025_1967_CT_SU2011_VA_04 
"<es>"
	"ser" Verb VSfin Pres Indi Sing 3rd lang:es 00:01:09 00:01:16 tt-2807 MF025_1967_CT_SU2011_VA_04 @Gram:SerEstar:Ser ADD:803 
"<importante>"
	"importante" Adjective ADJ Singular lang:es 00:01:16 00:01:23 tt-2808 MF025_1967_CT_SU2011_VA_04 
"<que>"
	"que" Conjunction CQUE lang:es 00:01:16 00:01:23 tt-2809 MF025_1967_CT_SU2011_VA_04 
"<mis>"
	"mío" Pronoun PPO Plural Verb VLfin Error1 lang:es 00:01:16 00:01:23 tt-2810 MF025_1967_CT_SU2011_VA_04 @Gram:Det:Pos SUBSTITUTE:309 ADD:447 
"<hijos>"
	"hijo" Noun NC Plural lang:es 00:01:16 00:01:23 tt-2811 MF025_1967_CT_SU2011_VA_04 
"<me>"
	"yo" Pronoun PPX Singular lang:es 00:01:16 00:01:23 tt-2812 MF025_1967_CT_SU2011_VA_04 @Gram:Pron:Objeto ADD:648 
"<tienen>"
	"tener" Verb VLfin Pres Indi Plural 3rd lang:es 00:01:16 00:01:23 tt-2813 MF025_1967_CT_SU2011_VA_04 
"<a>"
	"a" Preposition PREP lang:es 00:01:16 00:01:23 tt-2814 MF025_1967_CT_SU2011_VA_04 @Gram:Prep SUBSTITUTE:389 ADD:614 
"<su>"
	"suyo" Pronoun PPO Singular lang:es 00:01:16 00:01:23 tt-2815 MF025_1967_CT_SU2011_VA_04 @Gram:Det:Pos ADD:446 
"<disposición>"
	"disposición" Noun NC Singular lang:es 00:01:16 00:01:23 tt-2816 MF025_1967_CT_SU2011_VA_04 
"<$.>"
	"." Punctuation FS lang:es 00:01:16 00:01:23 tt-2817 MF025_1967_CT_SU2011_VA_04 

"<Ahora>"
	"ahora" Adverb ADV lang:es 00:01:16 00:01:23 tt-2818 MF025_1967_CT_SU2011_VA_04 
"<,>"
	"," Punctuation CM lang:es 00:01:16 00:01:23 tt-2819 MF025_1967_CT_SU2011_VA_04 
"<yo>"
	"yo" Pronoun PPX Singular lang:es 00:01:16 00:01:23 tt-2820 MF025_1967_CT_SU2011_VA_04 @Gram:Pron:Sujeto ADD:624 
"<puedo>"
	"poder" Verb VLfin Pres Indi Sing 1st lang:es 00:01:16 00:01:23 tt-2821 MF025_1967_CT_SU2011_VA_04 
"<,>"
	"," Punctuation CM lang:es 00:01:16 00:01:23 tt-2822 MF025_1967_CT_SU2011_VA_04 
"<eh>"
	"eh" Noun NP Singular lang:es 00:01:16 00:01:23 tt-2823 MF025_1967_CT_SU2011_VA_04 
"<...>"
	"..." Punctuation DOTS lang:es 00:01:16 00:01:23 tt-2824 MF025_1967_CT_SU2011_VA_04 
"<cuando>"
	"cuando" Conjunction CSUBX lang:es 00:01:16 00:01:23 tt-2825 MF025_1967_CT_SU2011_VA_04 
"<ellos>"
	"él" Pronoun PPX Plural lang:es 00:01:16 00:01:23 tt-2826 MF025_1967_CT_SU2011_VA_04 @Gram:Pron:Sujeto ADD:624 
"<me>"
	"yo" Pronoun PPX Singular lang:es 00:01:16 00:01:23 tt-2827 MF025_1967_CT_SU2011_VA_04 @Gram:Pron:Objeto ADD:648 
"<necesitan>"
	"necesitar" Verb VLfin Pres Indi Plural 3rd lang:es 00:01:16 00:01:23 tt-2828 MF025_1967_CT_SU2011_VA_04 
"<,>"
	"," Punctuation CM lang:es 00:01:16 00:01:23 tt-2829 MF025_1967_CT_SU2011_VA_04 
"<yo>"
	"yo" Pronoun PPX Singular lang:es 00:01:24 00:01:29 tt-2830 MF025_1967_CT_SU2011_VA_04 @Gram:Pron:Sujeto ADD:624 
"<puedo>"
	"poder" Verb VLfin Pres Indi Sing 1st lang:es 00:01:24 00:01:29 tt-2831 MF025_1967_CT_SU2011_VA_04 
"<acudir>"
	"acudir" Verb VLinf Infinitive lang:es 00:01:24 00:01:29 tt-2832 MF025_1967_CT_SU2011_VA_04 SUBSTITUTE:320 
"<,>"
	"," Punctuation CM lang:es 00:01:24 00:01:29 tt-2833 MF025_1967_CT_SU2011_VA_04 
"<cuando>"
	"cuando" Conjunction CSUBX lang:es 00:01:24 00:01:29 tt-2834 MF025_1967_CT_SU2011_VA_04 
"<ellos>"
	"él" Pronoun PPX Plural lang:es 00:01:24 00:01:29 tt-2835 MF025_1967_CT_SU2011_VA_04 @Gram:Pron:Sujeto ADD:624 
"<se>"
	"se" Other SE lang:es 00:01:24 00:01:29 tt-2836 MF025_1967_CT_SU2011_VA_04 
"<sienten>"
	"sentar|sentir" Verb VLfin Pres Indi Plural 3rd lang:es 00:01:24 00:01:29 tt-2837 MF025_1967_CT_SU2011_VA_04 
"<enfermos>"
	"enfermo" Noun NC Plural lang:es 00:01:24 00:01:29 tt-2838 MF025_1967_CT_SU2011_VA_04 
"<,>"
	"," Punctuation CM lang:es 00:01:24 00:01:29 tt-2839 MF025_1967_CT_SU2011_VA_04 
"<yo>"
	"yo" Pronoun PPX Singular lang:es 00:01:24 00:01:29 tt-2840 MF025_1967_CT_SU2011_VA_04 @Gram:Pron:Sujeto ADD:624 
"<estoy>"
	"estar" Verb VEfin Pres Indi Sing 1st lang:es 00:01:24 00:01:29 tt-2841 MF025_1967_CT_SU2011_VA_04 @Gram:SerEstar:Estar ADD:812 
"<ahí>"
	"ahí" Adverb ADV lang:es 00:01:24 00:01:29 tt-2842 MF025_1967_CT_SU2011_VA_04 
"<y>"
	"y" Conjunciton Conjunction CC lang:es 00:01:24 00:01:29 tt-2843 MF025_1967_CT_SU2011_VA_04 SUBSTITUTE:385 
"<a>"
	"a" Preposition PREP lang:es 00:01:24 00:01:29 tt-2844 MF025_1967_CT_SU2011_VA_04 @Gram:Prep SUBSTITUTE:389 ADD:614 
"<las>"
	"el" Determiner ART Plural Fem lang:es 00:01:24 00:01:29 tt-2845 MF025_1967_CT_SU2011_VA_04 @Gram:Det:Art ADD:416 
"<medidas>"
	"medida" Noun NC Plural lang:es 00:01:24 00:01:29 tt-2846 MF025_1967_CT_SU2011_VA_04 
"<de>"
	"de" Preposition PREP lang:es 00:01:24 00:01:29 tt-2847 MF025_1967_CT_SU2011_VA_04 @Gram:Prep ADD:614 
"<mis>"
	"mío" Pronoun PPO Plural lang:es 00:01:24 00:01:29 tt-2848 MF025_1967_CT_SU2011_VA_04 @Gram:Det:Pos SUBSTITUTE:309 ADD:447 
"<posibilidades>"
	"posibilidad" Noun NC Plural lang:es 00:01:24 00:01:29 tt-2849 MF025_1967_CT_SU2011_VA_04 
"<$.>"
	"." Punctuation FS lang:es 00:01:24 00:01:29 tt-2850 MF025_1967_CT_SU2011_VA_04 

"<Para>"
	"para" Preposition PREP lang:es 00:01:29 00:01:36 tt-2851 MF025_1967_CT_SU2011_VA_04 @Gram:Prep:Para SUBSTITUTE:336 ADD:578 
"<mí>"
	"yo" Pronoun PPX Singular lang:es 00:01:29 00:01:36 tt-2852 MF025_1967_CT_SU2011_VA_04 
"<es>"
	"ser" Verb VSfin Pres Indi Sing 3rd lang:es 00:01:29 00:01:36 tt-2853 MF025_1967_CT_SU2011_VA_04 @Gram:SerEstar:Ser ID:225 R:Func:Expresar:Sugerencias:228 ADD:803 ADDRELATION(Func:Expresar:Sugerencias):945 
"<más>"
	"más" Adverb ADV lang:es 00:01:29 00:01:36 tt-2854 MF025_1967_CT_SU2011_VA_04 
"<importante>"
	"importante" Adjective ADJ Singular lang:es 00:01:29 00:01:36 tt-2855 MF025_1967_CT_SU2011_VA_04 
"<tomar>"
	"tomar" Verb VLinf Infinitive lang:es 00:01:29 00:01:36 tt-2856 MF025_1967_CT_SU2011_VA_04 ID:228 SUBSTITUTE:320 
"<cuidado>"
	"cuidado" Adjective ADJ Singular lang:es 00:01:29 00:01:36 tt-2857 MF025_1967_CT_SU2011_VA_04 
"<de>"
	"de" Preposition PREP lang:es 00:01:29 00:01:36 tt-2858 MF025_1967_CT_SU2011_VA_04 @Gram:Prep ADD:614 
"<ellos>"
	"él" Pronoun PPX Plural lang:es 00:01:29 00:01:36 tt-2859 MF025_1967_CT_SU2011_VA_04 @Gram:Pron:Sujeto ADD:624 
"<ahora>"
	"ahora" Adverb ADV lang:es 00:01:29 00:01:36 tt-2860 MF025_1967_CT_SU2011_VA_04 
"<,>"
	"," Punctuation CM lang:es 00:01:29 00:01:36 tt-2861 MF025_1967_CT_SU2011_VA_04 
"<que>"
	"que" Conjunction CQUE lang:es 00:01:29 00:01:36 tt-2862 MF025_1967_CT_SU2011_VA_04 
"<tener>"
	"tener" Verb VLinf Infinitive lang:es 00:01:29 00:01:36 tt-2863 MF025_1967_CT_SU2011_VA_04 SUBSTITUTE:320 
"<una>"
	"un" Determiner ART Singular lang:es 00:01:29 00:01:36 tt-2864 MF025_1967_CT_SU2011_VA_04 
"<casa>"
	"casa" Noun NC Singular lang:es 00:01:29 00:01:36 tt-2865 MF025_1967_CT_SU2011_VA_04 
"<lujosa>"
	"lujoso" Adjective ADJ Singular lang:es 00:01:29 00:01:36 tt-2866 MF025_1967_CT_SU2011_VA_04 
"<o>"
	"o" Conjunciton Conjunction CC lang:es 00:01:36 00:01:42 tt-2867 MF025_1967_CT_SU2011_VA_04 SUBSTITUTE:387 
"<que>"
	"que" Conjunction CQUE lang:es 00:01:36 00:01:42 tt-2868 MF025_1967_CT_SU2011_VA_04 
"<tener>"
	"tener" Verb VLinf Infinitive lang:es 00:01:36 00:01:42 tt-2869 MF025_1967_CT_SU2011_VA_04 SUBSTITUTE:320 
"<un>"
	"un" Determiner ART Singular lang:es 00:01:36 00:01:42 tt-2870 MF025_1967_CT_SU2011_VA_04 
"<carro>"
	"carro" Noun NC Singular lang:es 00:01:36 00:01:42 tt-2871 MF025_1967_CT_SU2011_VA_04 
"<lujoso>"
	"lujoso" Adjective ADJ Singular lang:es 00:01:36 00:01:42 tt-2872 MF025_1967_CT_SU2011_VA_04 
"<,>"
	"," Punctuation CM lang:es 00:01:36 00:01:42 tt-2873 MF025_1967_CT_SU2011_VA_04 
"<o>"
	"o" Conjunciton Conjunction CC lang:es 00:01:36 00:01:42 tt-2874 MF025_1967_CT_SU2011_VA_04 SUBSTITUTE:387 
"<que>"
	"que" Conjunction CQUE lang:es 00:01:36 00:01:42 tt-2875 MF025_1967_CT_SU2011_VA_04 
"<tener>"
	"tener" Verb VLinf Infinitive lang:es 00:01:36 00:01:42 tt-2876 MF025_1967_CT_SU2011_VA_04 SUBSTITUTE:320 
"<una>"
	"un" Determiner ART Singular lang:es 00:01:36 00:01:42 tt-2877 MF025_1967_CT_SU2011_VA_04 
"<mejor>"
	"bueno" Adjective ADJ Singular lang:es 00:01:36 00:01:42 tt-2878 MF025_1967_CT_SU2011_VA_04 
"<posición>"
	"posición" Noun NC Singular lang:es 00:01:36 00:01:42 tt-2879 MF025_1967_CT_SU2011_VA_04 
"<económica>"
	"económico" Adjective ADJ Singular lang:es 00:01:36 00:01:42 tt-2880 MF025_1967_CT_SU2011_VA_04 
"<,>"
	"," Punctuation CM lang:es 00:01:36 00:01:42 tt-2881 MF025_1967_CT_SU2011_VA_04 
"<porque>"
	"porque" Conjunction CSUBX lang:es 00:01:36 00:01:42 tt-2882 MF025_1967_CT_SU2011_VA_04 @Prag:MarcadoresDisc:Causa ADD:1085 
"<los>"
	"el" Determiner ART Plural Masc lang:es 00:01:36 00:01:42 tt-2883 MF025_1967_CT_SU2011_VA_04 @Gram:Det:Art ADD:416 
"<años>"
	"año" Noun NC Plural lang:es 00:01:36 00:01:42 tt-2884 MF025_1967_CT_SU2011_VA_04 
"<de>"
	"de" Preposition PREP lang:es 00:01:42 00:01:48 tt-2885 MF025_1967_CT_SU2011_VA_04 @Gram:Prep ADD:614 
"<mis>"
	"mío" Pronoun PPO Plural lang:es 00:01:42 00:01:48 tt-2886 MF025_1967_CT_SU2011_VA_04 @Gram:Det:Pos SUBSTITUTE:309 ADD:447 
"<hijos>"
	"hijo" Noun NC Plural lang:es 00:01:42 00:01:48 tt-2887 MF025_1967_CT_SU2011_VA_04 
"<no>"
	"no" Adverb NEG lang:es 00:01:42 00:01:48 tt-2888 MF025_1967_CT_SU2011_VA_04 
"<van>"
	"ir" Verb VLfin Pres Indi Plural 3rd lang:es 00:01:42 00:01:48 tt-2889 MF025_1967_CT_SU2011_VA_04 ID:261 R:Gram:VFut:Perifrasis:263 ADDRELATION(Gram:VFut:Perifrasis):707 
"<a>"
	"a" Preposition PREP lang:es 00:01:42 00:01:48 tt-2890 MF025_1967_CT_SU2011_VA_04 @Gram:Prep SUBSTITUTE:389 ADD:614 
"<regresar>"
	"regresar" Verb VLinf Infinitive lang:es 00:01:42 00:01:48 tt-2891 MF025_1967_CT_SU2011_VA_04 ID:263 SUBSTITUTE:320 
"<,>"
	"," Punctuation CM lang:es 00:01:42 00:01:48 tt-2892 MF025_1967_CT_SU2011_VA_04 
"<y>"
	"y" Conjunciton Conjunction CC lang:es 00:01:42 00:01:48 tt-2893 MF025_1967_CT_SU2011_VA_04 SUBSTITUTE:385 
"<lo>"
	"el" Determiner ART Singular lang:es 00:01:42 00:01:48 tt-2894 MF025_1967_CT_SU2011_VA_04 ID:266 R:Gram:Det:LoAdj:267 ADDRELATION(Gram:Det:LoAdj):422 
"<que>"
	"que" Conjunction CQUE lang:es 00:01:42 00:01:48 tt-2895 MF025_1967_CT_SU2011_VA_04 ID:267 
"<yo>"
	"yo" Pronoun PPX Singular lang:es 00:01:42 00:01:48 tt-2896 MF025_1967_CT_SU2011_VA_04 @Gram:Pron:Sujeto ADD:624 
"<les>"
	"él" Pronoun PPC Plural lang:es 00:01:42 00:01:48 tt-2897 MF025_1967_CT_SU2011_VA_04 @Gram:Pron:Objeto ADD:654 
"<pueda>"
	"poder" Verb VMfin lang:es 00:01:42 00:01:48 tt-2898 MF025_1967_CT_SU2011_VA_04 
"<dar>"
	"dar" Verb VLinf Infinitive lang:es 00:01:42 00:01:48 tt-2899 MF025_1967_CT_SU2011_VA_04 SUBSTITUTE:320 
"<ahora>"
	"ahora" Adverb ADV lang:es 00:01:42 00:01:48 tt-2900 MF025_1967_CT_SU2011_VA_04 
"<,>"
	"," Punctuation CM lang:es 00:01:42 00:01:48 tt-2901 MF025_1967_CT_SU2011_VA_04 
"<y>"
	"y" Conjunciton Conjunction CC lang:es 00:01:42 00:01:48 tt-2902 MF025_1967_CT_SU2011_VA_04 SUBSTITUTE:385 
"<lo>"
	"el" Determiner ART Singular lang:es 00:01:42 00:01:48 tt-2903 MF025_1967_CT_SU2011_VA_04 ID:275 R:Gram:Det:LoAdj:276 ADDRELATION(Gram:Det:LoAdj):422 
"<que>"
	"que" Conjunction CQUE lang:es 00:01:42 00:01:48 tt-2904 MF025_1967_CT_SU2011_VA_04 ID:276 
"<yo>"
	"yo" Pronoun PPX Singular lang:es 00:01:42 00:01:48 tt-2905 MF025_1967_CT_SU2011_VA_04 @Gram:Pron:Sujeto ADD:624 
"<pueda>"
	"poder" Verb VMfin lang:es 00:01:42 00:01:48 tt-2906 MF025_1967_CT_SU2011_VA_04 
"<hacer>"
	"hacer" Verb VLinf Infinitive lang:es 00:01:42 00:01:48 tt-2907 MF025_1967_CT_SU2011_VA_04 SUBSTITUTE:320 
"<por>"
	"por" Preposition PREP lang:es 00:01:48 00:01:55 tt-2908 MF025_1967_CT_SU2011_VA_04 @Gram:Prep:Por SUBSTITUTE:262 ADD:608 
"<ellos>"
	"él" Pronoun PPX Plural lang:es 00:01:48 00:01:55 tt-2909 MF025_1967_CT_SU2011_VA_04 @Gram:Pron:Sujeto ADD:624 
"<ahora>"
	"ahora" Adverb ADV lang:es 00:01:48 00:01:55 tt-2910 MF025_1967_CT_SU2011_VA_04 
"<,>"
	"," Punctuation CM lang:es 00:01:48 00:01:55 tt-2911 MF025_1967_CT_SU2011_VA_04 
"<eso>"
	"ese" Determiner DM Singular lang:es 00:01:48 00:01:55 tt-2912 MF025_1967_CT_SU2011_VA_04 
"<va>"
	"ir" Verb VLfin Pres Indi Sing 3rd lang:es 00:01:48 00:01:55 tt-2913 MF025_1967_CT_SU2011_VA_04 ID:285 R:Gram:VFut:Perifrasis:287 ADDRELATION(Gram:VFut:Perifrasis):707 
"<a>"
	"a" Preposition PREP lang:es 00:01:48 00:01:55 tt-2914 MF025_1967_CT_SU2011_VA_04 @Gram:Prep SUBSTITUTE:389 ADD:614 
"<quedar>"
	"quedar" Verb VLinf Infinitive lang:es 00:01:48 00:01:55 tt-2915 MF025_1967_CT_SU2011_VA_04 ID:287 SUBSTITUTE:320 
"<permanente>"
	"permanente" Adjective ADJ Singular lang:es 00:01:48 00:01:55 tt-2916 MF025_1967_CT_SU2011_VA_04 
"<ahí>"
	"ahí" Adverb ADV lang:es 00:01:48 00:01:55 tt-2917 MF025_1967_CT_SU2011_VA_04 
"<$.>"
	"." Punctuation FS lang:es 00:01:48 00:01:55 tt-2918 MF025_1967_CT_SU2011_VA_04 

"<Así>"
	"así" Adverb ADV lang:es 00:01:48 00:01:55 tt-2919 MF025_1967_CT_SU2011_VA_04 
"<que>"
	"que" Conjunction CQUE lang:es 00:01:48 00:01:55 tt-2920 MF025_1967_CT_SU2011_VA_04 
"<...>"
	"..." Punctuation DOTS lang:es 00:01:48 00:01:55 tt-2921 MF025_1967_CT_SU2011_VA_04 
"<y>"
	"y" Conjunciton Conjunction CC lang:es 00:01:48 00:01:55 tt-2922 MF025_1967_CT_SU2011_VA_04 SUBSTITUTE:385 
"<yo>"
	"yo" Pronoun PPX Singular lang:es 00:01:48 00:01:55 tt-2923 MF025_1967_CT_SU2011_VA_04 @Gram:Pron:Sujeto ADD:624 
"<creo>"
	"crear|creer" Verb VLfin Pres Indi Sing 1st lang:es 00:01:48 00:01:55 tt-2924 MF025_1967_CT_SU2011_VA_04 
"<que>"
	"que" Conjunction CQUE lang:es 00:01:48 00:01:55 tt-2925 MF025_1967_CT_SU2011_VA_04 
"<,>"
	"," Punctuation CM lang:es 00:01:48 00:01:55 tt-2926 MF025_1967_CT_SU2011_VA_04 
"<para>"
	"para" Preposition PREP lang:es 00:01:48 00:01:55 tt-2927 MF025_1967_CT_SU2011_VA_04 @Gram:Prep:Para SUBSTITUTE:336 ADD:578 
"<mí>"
	"yo" Pronoun PPX Singular lang:es 00:01:48 00:01:55 tt-2928 MF025_1967_CT_SU2011_VA_04 
"<,>"
	"," Punctuation CM lang:es 00:01:48 00:01:55 tt-2929 MF025_1967_CT_SU2011_VA_04 
"<estoy>"
	"estar" Verb VEfin Pres Indi Sing 1st lang:es 00:01:55 00:02:01 tt-2930 MF025_1967_CT_SU2011_VA_04 @Gram:SerEstar:Estar ID:302 R:Gram:SerEstar:EstarAux:303 ADD:812 ADDRELATION(Gram:SerEstar:EstarAux):828 
"<haciendo>"
	"hacer" Verb VLger lang:es 00:01:55 00:02:01 tt-2931 MF025_1967_CT_SU2011_VA_04 ID:303 
"<un>"
	"un" Determiner ART Singular lang:es 00:01:55 00:02:01 tt-2932 MF025_1967_CT_SU2011_VA_04 
"<mejor>"
	"bueno" Adjective ADJ Singular lang:es 00:01:55 00:02:01 tt-2933 MF025_1967_CT_SU2011_VA_04 
"<servicio>"
	"servicio" Noun NC Singular lang:es 00:01:55 00:02:01 tt-2934 MF025_1967_CT_SU2011_VA_04 
"<,>"
	"," Punctuation CM lang:es 00:01:55 00:02:01 tt-2935 MF025_1967_CT_SU2011_VA_04 
"<porque>"
	"porque" Conjunction CSUBX lang:es 00:01:55 00:02:01 tt-2936 MF025_1967_CT_SU2011_VA_04 @Prag:MarcadoresDisc:Causa ADD:1085 
"<yo>"
	"yo" Pronoun PPX Singular lang:es 00:01:55 00:02:01 tt-2937 MF025_1967_CT_SU2011_VA_04 @Gram:Pron:Sujeto ADD:624 
"<le>"
	"él" Pronoun PPC Singular lang:es 00:01:55 00:02:01 tt-2938 MF025_1967_CT_SU2011_VA_04 @Gram:Pron:Objeto ADD:654 
"<dije>"
	"decir" Verb VLfin Pret Indi Sing 1st lang:es 00:01:55 00:02:01 tt-2939 MF025_1967_CT_SU2011_VA_04 @Gram:Indefinido ADD:688 
"<a>"
	"a" Preposition PREP lang:es 00:01:55 00:02:01 tt-2940 MF025_1967_CT_SU2011_VA_04 @Gram:Prep SUBSTITUTE:389 ADD:614 
"<mi>"
	"mío" Pronoun PPO Singular lang:es 00:01:55 00:02:01 tt-2941 MF025_1967_CT_SU2011_VA_04 @Gram:Det:Pos ADD:446 
"<esposo>"
	"esposo" Noun NC Singular lang:es 00:01:55 00:02:01 tt-2942 MF025_1967_CT_SU2011_VA_04 
"<yo>"
	"yo" Pronoun PPX Singular lang:es 00:01:55 00:02:01 tt-2943 MF025_1967_CT_SU2011_VA_04 @Gram:Pron:Sujeto ADD:624 
"<me>"
	"yo" Pronoun PPX Singular lang:es 00:01:55 00:02:01 tt-2944 MF025_1967_CT_SU2011_VA_04 @Gram:Pron:Objeto ADD:648 
"<quiero>"
	"querer" Verb VLfin Pres Indi Sing 1st lang:es 00:01:55 00:02:01 tt-2945 MF025_1967_CT_SU2011_VA_04 
"<dedicar>"
	"dedicar" Verb VLinf Infinitive lang:es 00:01:55 00:02:01 tt-2946 MF025_1967_CT_SU2011_VA_04 SUBSTITUTE:320 
"<a>"
	"a" Preposition PREP lang:es 00:02:01 00:02:08 tt-2947 MF025_1967_CT_SU2011_VA_04 @Gram:Prep SUBSTITUTE:389 ADD:614 
"<las>"
	"el" Determiner ART Plural Fem lang:es 00:02:01 00:02:08 tt-2948 MF025_1967_CT_SU2011_VA_04 @Gram:Det:Art ADD:416 
"<empresas>"
	"empresa" Noun NC Plural lang:es 00:02:01 00:02:08 tt-2949 MF025_1967_CT_SU2011_VA_04 
"<más>"
	"más" Adverb ADV lang:es 00:02:01 00:02:08 tt-2950 MF025_1967_CT_SU2011_VA_04 
"<importantes>"
	"importante" Adjective ADJ Plural lang:es 00:02:01 00:02:08 tt-2951 MF025_1967_CT_SU2011_VA_04 
"<de>"
	"de" Preposition PREP lang:es 00:02:01 00:02:08 tt-2952 MF025_1967_CT_SU2011_VA_04 @Gram:Prep ADD:614 
"<mi>"
	"mío" Pronoun PPO Singular lang:es 00:02:01 00:02:08 tt-2953 MF025_1967_CT_SU2011_VA_04 @Gram:Det:Pos ADD:446 
"<vida>"
	"vida" Noun NC Singular lang:es 00:02:01 00:02:08 tt-2954 MF025_1967_CT_SU2011_VA_04 
"<y>"
	"y" Conjunciton Conjunction CC lang:es 00:02:01 00:02:08 tt-2955 MF025_1967_CT_SU2011_VA_04 SUBSTITUTE:385 
"<esas>"
	"ese" Determiner DM Plural lang:es 00:02:01 00:02:08 tt-2956 MF025_1967_CT_SU2011_VA_04 
"<dos>"
	"dos" Determiner CARD Plural lang:es 00:02:01 00:02:08 tt-2957 MF025_1967_CT_SU2011_VA_04 
"<empresas>"
	"empresa" Noun NC Plural lang:es 00:02:01 00:02:08 tt-2958 MF025_1967_CT_SU2011_VA_04 
"<son>"
	"ser" Verb VSfin Pres Indi Plural 3rd lang:es 00:02:01 00:02:08 tt-2959 MF025_1967_CT_SU2011_VA_04 @Gram:SerEstar:Ser ADD:803 
"<mis>"
	"mío" Pronoun PPO Plural lang:es 00:02:01 00:02:08 tt-2960 MF025_1967_CT_SU2011_VA_04 @Gram:Det:Pos SUBSTITUTE:309 ADD:447 
"<hijos>"
	"hijo" Noun NC Plural lang:es 00:02:01 00:02:08 tt-2961 MF025_1967_CT_SU2011_VA_04 
"<,>"
	"," Punctuation CM lang:es 00:02:01 00:02:08 tt-2962 MF025_1967_CT_SU2011_VA_04 
"<ese>"
	"ese" Determiner DM Singular lang:es 00:02:01 00:02:08 tt-2963 MF025_1967_CT_SU2011_VA_04 
"<es>"
	"ser" Verb VSfin Pres Indi Sing 3rd lang:es 00:02:01 00:02:08 tt-2964 MF025_1967_CT_SU2011_VA_04 @Gram:SerEstar:Ser ADD:803 
"<el>"
	"el" Determiner ART Singular Masc lang:es 00:02:01 00:02:08 tt-2965 MF025_1967_CT_SU2011_VA_04 @Gram:Det:Art ADD:416 
"<mejor>"
	"bueno" Adjective ADJ Singular lang:es 00:02:08 00:02:13 tt-2966 MF025_1967_CT_SU2011_VA_04 
"<puesto>"
	"puesto" Conjunction CSUBX lang:es 00:02:08 00:02:13 tt-2967 MF025_1967_CT_SU2011_VA_04 
"<que>"
	"que" Conjunction CSUBX lang:es 00:02:08 00:02:13 tt-2968 MF025_1967_CT_SU2011_VA_04 
"<puedo>"
	"poder" Verb VLfin Pres Indi Sing 1st lang:es 00:02:08 00:02:13 tt-2969 MF025_1967_CT_SU2011_VA_04 
"<desempeñar>"
	"desempeñar" Verb VLinf Infinitive lang:es 00:02:08 00:02:13 tt-2970 MF025_1967_CT_SU2011_VA_04 SUBSTITUTE:320 
"<y>"
	"y" Conjunciton Conjunction CC lang:es 00:02:08 00:02:13 tt-2971 MF025_1967_CT_SU2011_VA_04 SUBSTITUTE:385 
"<es>"
	"ser" Verb VSfin Pres Indi Sing 3rd lang:es 00:02:08 00:02:13 tt-2972 MF025_1967_CT_SU2011_VA_04 @Gram:SerEstar:Ser ADD:803 
"<la>"
	"el" Determiner ART Singular Fem lang:es 00:02:08 00:02:13 tt-2973 MF025_1967_CT_SU2011_VA_04 @Gram:Det:Art ADD:416 
"<empresa>"
	"empresa" Noun NC Singular lang:es 00:02:08 00:02:13 tt-2974 MF025_1967_CT_SU2011_VA_04 
"<más>"
	"más" Adverb ADV lang:es 00:02:08 00:02:13 tt-2975 MF025_1967_CT_SU2011_VA_04 
"<grande>"
	"grande" Adjective ADJ Singular lang:es 00:02:08 00:02:13 tt-2976 MF025_1967_CT_SU2011_VA_04 
"<que>"
	"que" Conjunction CQUE lang:es 00:02:08 00:02:13 tt-2977 MF025_1967_CT_SU2011_VA_04 
"<puedo>"
	"poder" Verb VLfin Pres Indi Sing 1st lang:es 00:02:08 00:02:13 tt-2978 MF025_1967_CT_SU2011_VA_04 
"<desarrollar>"
	"desarrollar" Verb VLinf Infinitive lang:es 00:02:08 00:02:13 tt-2979 MF025_1967_CT_SU2011_VA_04 SUBSTITUTE:320 
"<,>"
	"," Punctuation CM lang:es 00:02:08 00:02:13 tt-2980 MF025_1967_CT_SU2011_VA_04 
"<porque>"
	"porque" Conjunction CSUBX lang:es 00:02:13 00:02:20 tt-2981 MF025_1967_CT_SU2011_VA_04 @Prag:MarcadoresDisc:Causa ADD:1085 
"<esa>"
	"ese" Determiner DM Singular lang:es 00:02:13 00:02:20 tt-2982 MF025_1967_CT_SU2011_VA_04 
"<empresa>"
	"empresa" Noun NC Singular lang:es 00:02:13 00:02:20 tt-2983 MF025_1967_CT_SU2011_VA_04 
"<me>"
	"yo" Pronoun PPX Singular lang:es 00:02:13 00:02:20 tt-2984 MF025_1967_CT_SU2011_VA_04 @Gram:Pron:Objeto ADD:648 
"<va>"
	"ir" Verb VLfin Pres Indi Sing 3rd lang:es 00:02:13 00:02:20 tt-2985 MF025_1967_CT_SU2011_VA_04 ID:357 R:Gram:VFut:Perifrasis:359 ADDRELATION(Gram:VFut:Perifrasis):707 
"<a>"
	"a" Preposition PREP lang:es 00:02:13 00:02:20 tt-2986 MF025_1967_CT_SU2011_VA_04 @Gram:Prep SUBSTITUTE:389 ADD:614 
"<redituar>"
	"redituar" Verb VLinf Infinitive lang:es 00:02:13 00:02:20 tt-2987 MF025_1967_CT_SU2011_VA_04 ID:359 SUBSTITUTE:320 
"<las>"
	"el" Determiner ART Plural Fem lang:es 00:02:13 00:02:20 tt-2988 MF025_1967_CT_SU2011_VA_04 @Gram:Det:Art ADD:416 
"<ganancias>"
	"ganancia" Noun NC Plural lang:es 00:02:13 00:02:20 tt-2989 MF025_1967_CT_SU2011_VA_04 
"<más>"
	"más" Adverb ADV lang:es 00:02:13 00:02:20 tt-2990 MF025_1967_CT_SU2011_VA_04 
"<preciadas>"
	"UNK" Adjective ADJ Plural lang:es 00:02:13 00:02:20 tt-2991 MF025_1967_CT_SU2011_VA_04 
"<que>"
	"que" Conjunction CQUE lang:es 00:02:13 00:02:20 tt-2992 MF025_1967_CT_SU2011_VA_04 
"<son>"
	"ser" Verb VSfin Pres Indi Plural 3rd lang:es 00:02:13 00:02:20 tt-2993 MF025_1967_CT_SU2011_VA_04 @Gram:SerEstar:Ser ADD:803 
"<los>"
	"el" Determiner ART Plural Masc lang:es 00:02:13 00:02:20 tt-2994 MF025_1967_CT_SU2011_VA_04 @Gram:Det:Art ADD:416 
"<éxitos>"
	"éxito" Noun NC Plural lang:es 00:02:13 00:02:20 tt-2995 MF025_1967_CT_SU2011_VA_04 
"<de>"
	"de" Preposition PREP lang:es 00:02:13 00:02:20 tt-2996 MF025_1967_CT_SU2011_VA_04 @Gram:Prep ADD:614 
"<ellos>"
	"él" Pronoun PPX Plural lang:es 00:02:13 00:02:20 tt-2997 MF025_1967_CT_SU2011_VA_04 @Gram:Pron:Sujeto ADD:624 
"<y>"
	"y" Conjunciton Conjunction CC lang:es 00:02:22 00:02:27 tt-2998 MF025_1967_CT_SU2011_VA_04 SUBSTITUTE:385 
"<no>"
	"no" Adverb NEG lang:es 00:02:22 00:02:27 tt-2999 MF025_1967_CT_SU2011_VA_04 
"<me>"
	"yo" Pronoun PPX Singular lang:es 00:02:22 00:02:27 tt-3000 MF025_1967_CT_SU2011_VA_04 @Gram:Pron:Objeto ADD:648 
"<voy>"
	"ir" Verb VLfin Pres Indi Sing 1st lang:es 00:02:22 00:02:27 tt-3001 MF025_1967_CT_SU2011_VA_04 ID:373 R:Gram:VFut:Perifrasis:375 ADDRELATION(Gram:VFut:Perifrasis):707 
"<a>"
	"a" Preposition PREP lang:es 00:02:22 00:02:27 tt-3002 MF025_1967_CT_SU2011_VA_04 @Gram:Prep SUBSTITUTE:389 ADD:614 
"<realizar>"
	"realizar" Verb VLinf Infinitive lang:es 00:02:22 00:02:27 tt-3003 MF025_1967_CT_SU2011_VA_04 ID:375 SUBSTITUTE:320 
"<a>"
	"a" Preposition PREP lang:es 00:02:22 00:02:27 tt-3004 MF025_1967_CT_SU2011_VA_04 @Gram:Prep SUBSTITUTE:389 ADD:614 
"<través>"
	"través" Preposition PREP lang:es 00:02:22 00:02:27 tt-3005 MF025_1967_CT_SU2011_VA_04 @Gram:Prep ADD:614 
"<de>"
	"de" Preposition PREP lang:es 00:02:22 00:02:27 tt-3006 MF025_1967_CT_SU2011_VA_04 @Gram:Prep ADD:614 
"<ellos>"
	"él" Pronoun PPX Plural lang:es 00:02:22 00:02:27 tt-3007 MF025_1967_CT_SU2011_VA_04 @Gram:Pron:Sujeto ADD:624 
"<,>"
	"," Punctuation CM lang:es 00:02:22 00:02:27 tt-3008 MF025_1967_CT_SU2011_VA_04 
"<sino>"
	"sino" Conjunction CCAD lang:es 00:02:22 00:02:27 tt-3009 MF025_1967_CT_SU2011_VA_04 
"<que>"
	"que" Conjunction CQUE lang:es 00:02:22 00:02:27 tt-3010 MF025_1967_CT_SU2011_VA_04 
"<voy>"
	"ir" Verb VLfin Pres Indi Sing 1st lang:es 00:02:22 00:02:27 tt-3011 MF025_1967_CT_SU2011_VA_04 ID:383 R:Gram:VFut:Perifrasis:385 ADDRELATION(Gram:VFut:Perifrasis):707 
"<a>"
	"a" Preposition PREP lang:es 00:02:22 00:02:27 tt-3012 MF025_1967_CT_SU2011_VA_04 @Gram:Prep SUBSTITUTE:389 ADD:614 
"<ayudarlos>"
	"ayudar" Verb VLinf Infinitive lang:es 00:02:22 00:02:27 tt-3013 MF025_1967_CT_SU2011_VA_04 ID:385 
"<a>"
	"a" Preposition PREP lang:es 00:02:22 00:02:27 tt-3014 MF025_1967_CT_SU2011_VA_04 @Gram:Prep SUBSTITUTE:389 ADD:614 
"<realizar>"
	"realizar" Verb VLinf Infinitive lang:es 00:02:22 00:02:27 tt-3015 MF025_1967_CT_SU2011_VA_04 SUBSTITUTE:320 
"<sus>"
	"suyo" Pronoun PPO Plural lang:es 00:02:22 00:02:27 tt-3016 MF025_1967_CT_SU2011_VA_04 @Gram:Det:Pos ADD:447 
"<sueños>"
	"sueño" Noun NC Plural lang:es 00:02:22 00:02:27 tt-3017 MF025_1967_CT_SU2011_VA_04 
"<$.>"
	"." Punctuation FS lang:es 00:02:22 00:02:27 tt-3018 MF025_1967_CT_SU2011_VA_04 

"<Yo>"
	"yo" Pronoun PPX Singular lang:es 00:02:27 00:02:34 tt-3019 MF025_1967_CT_SU2011_VA_04 @Gram:Pron:Sujeto ADD:624 
"<les>"
	"él" Pronoun PPC Plural lang:es 00:02:27 00:02:34 tt-3020 MF025_1967_CT_SU2011_VA_04 @Gram:Pron:Objeto ADD:654 
"<digo>"
	"decir" Verb VLfin Pres Indi Sing 1st lang:es 00:02:27 00:02:34 tt-3021 MF025_1967_CT_SU2011_VA_04 
"<yo>"
	"yo" Pronoun PPX Singular lang:es 00:02:27 00:02:34 tt-3022 MF025_1967_CT_SU2011_VA_04 @Gram:Pron:Sujeto ADD:624 
"<no>"
	"no" Adverb NEG lang:es 00:02:27 00:02:34 tt-3023 MF025_1967_CT_SU2011_VA_04 
"<voy>"
	"ir" Verb VLfin Pres Indi Sing 1st lang:es 00:02:27 00:02:34 tt-3024 MF025_1967_CT_SU2011_VA_04 ID:396 R:Gram:VFut:Perifrasis:398 ADDRELATION(Gram:VFut:Perifrasis):707 
"<a>"
	"a" Preposition PREP lang:es 00:02:27 00:02:34 tt-3025 MF025_1967_CT_SU2011_VA_04 @Gram:Prep SUBSTITUTE:389 ADD:614 
"<ser>"
	"ser" Verb VLinf VSinf Infinitive lang:es 00:02:27 00:02:34 tt-3026 MF025_1967_CT_SU2011_VA_04 @Gram:SerEstar:Ser ID:398 SUBSTITUTE:320 ADD:803 
"<una>"
	"un" Determiner ART Singular lang:es 00:02:27 00:02:34 tt-3027 MF025_1967_CT_SU2011_VA_04 
"<mamá>"
	"mamá" Noun NC Singular lang:es 00:02:27 00:02:34 tt-3028 MF025_1967_CT_SU2011_VA_04 
"<frustrada>"
	"frustrar" Verb VLadj lang:es 00:02:27 00:02:34 tt-3029 MF025_1967_CT_SU2011_VA_04 
"<,>"
	"," Punctuation CM lang:es 00:02:27 00:02:34 tt-3030 MF025_1967_CT_SU2011_VA_04 
"<que>"
	"que" Conjunction CQUE lang:es 00:02:27 00:02:34 tt-3031 MF025_1967_CT_SU2011_VA_04 
"<quiera>"
	"querer" Verb VLfin Past Subj Sing 1st_or_3rd lang:es 00:02:27 00:02:34 tt-3032 MF025_1967_CT_SU2011_VA_04 @Gram:MSub:Pret ADD:773 
"<hacer>"
	"hacer" Verb VLinf Infinitive lang:es 00:02:27 00:02:34 tt-3033 MF025_1967_CT_SU2011_VA_04 SUBSTITUTE:320 
"<lo>"
	"el" Determiner ART Singular lang:es 00:02:27 00:02:34 tt-3034 MF025_1967_CT_SU2011_VA_04 ID:406 R:Gram:Det:LoAdj:407 ADDRELATION(Gram:Det:LoAdj):422 
"<que>"
	"que" Conjunction CQUE lang:es 00:02:27 00:02:34 tt-3035 MF025_1967_CT_SU2011_VA_04 ID:407 
"<...>"
	"..." Punctuation DOTS lang:es 00:02:27 00:02:34 tt-3036 MF025_1967_CT_SU2011_VA_04 
"<que>"
	"que" Conjunction CQUE lang:es 00:02:27 00:02:34 tt-3037 MF025_1967_CT_SU2011_VA_04 
"<ustedes>"
	"ustedes" Pronoun PPX Plural lang:es 00:02:27 00:02:34 tt-3038 MF025_1967_CT_SU2011_VA_04 
"<hagan>"
	"hacer" Verb VLfin Past Subj Plural 3rd lang:es 00:02:27 00:02:34 tt-3039 MF025_1967_CT_SU2011_VA_04 @Gram:MSub:Pret ADD:773 
"<lo>"
	"el" Determiner ART Singular lang:es 00:02:35 00:02:41 tt-3040 MF025_1967_CT_SU2011_VA_04 ID:412 R:Gram:Det:LoAdj:413 ADDRELATION(Gram:Det:LoAdj):422 
"<que>"
	"que" Conjunction CQUE lang:es 00:02:35 00:02:41 tt-3041 MF025_1967_CT_SU2011_VA_04 ID:413 
"<yo>"
	"yo" Pronoun PPX Singular lang:es 00:02:35 00:02:41 tt-3042 MF025_1967_CT_SU2011_VA_04 @Gram:Pron:Sujeto ADD:624 
"<no>"
	"no" Adverb NEG lang:es 00:02:35 00:02:41 tt-3043 MF025_1967_CT_SU2011_VA_04 
"<pude>"
	"poder" Verb VLfin Pret Indi Sing 1st lang:es 00:02:35 00:02:41 tt-3044 MF025_1967_CT_SU2011_VA_04 @Gram:Indefinido ADD:688 
"<hacer>"
	"hacer" Verb VLinf Infinitive lang:es 00:02:35 00:02:41 tt-3045 MF025_1967_CT_SU2011_VA_04 SUBSTITUTE:320 
"<$.>"
	"." Punctuation FS lang:es 00:02:35 00:02:41 tt-3046 MF025_1967_CT_SU2011_VA_04 

"<No>"
	"no" Adverb NEG lang:es 00:02:35 00:02:41 tt-3047 MF025_1967_CT_SU2011_VA_04 
"<,>"
	"," Punctuation CM lang:es 00:02:35 00:02:41 tt-3048 MF025_1967_CT_SU2011_VA_04 
"<yo>"
	"yo" Pronoun PPX Singular lang:es 00:02:35 00:02:41 tt-3049 MF025_1967_CT_SU2011_VA_04 @Gram:Pron:Sujeto ADD:624 
"<voy>"
	"ir" Verb VLfin Pres Indi Sing 1st lang:es 00:02:35 00:02:41 tt-3050 MF025_1967_CT_SU2011_VA_04 ID:422 R:Gram:VFut:Perifrasis:424 ADDRELATION(Gram:VFut:Perifrasis):707 
"<a>"
	"a" Preposition PREP lang:es 00:02:35 00:02:41 tt-3051 MF025_1967_CT_SU2011_VA_04 @Gram:Prep SUBSTITUTE:389 ADD:614 
"<disfrutar>"
	"disfrutar" Verb VLinf Infinitive lang:es 00:02:35 00:02:41 tt-3052 MF025_1967_CT_SU2011_VA_04 ID:424 SUBSTITUTE:320 
"<lo>"
	"el" Determiner ART Singular lang:es 00:02:35 00:02:41 tt-3053 MF025_1967_CT_SU2011_VA_04 ID:425 R:Gram:Det:LoAdj:426 ADDRELATION(Gram:Det:LoAdj):422 
"<que>"
	"que" Conjunction CQUE lang:es 00:02:35 00:02:41 tt-3054 MF025_1967_CT_SU2011_VA_04 ID:426 
"<ustedes>"
	"ustedes" Pronoun PPX Plural lang:es 00:02:35 00:02:41 tt-3055 MF025_1967_CT_SU2011_VA_04 
"<hacen>"
	"hacer" Verb VLfin Pres Indi Plural 3rd lang:es 00:02:35 00:02:41 tt-3056 MF025_1967_CT_SU2011_VA_04 
"<,>"
	"," Punctuation CM lang:es 00:02:35 00:02:41 tt-3057 MF025_1967_CT_SU2011_VA_04 
"<porque>"
	"porque" Conjunction CSUBX lang:es 00:02:35 00:02:41 tt-3058 MF025_1967_CT_SU2011_VA_04 @Prag:MarcadoresDisc:Causa ADD:1085 
"<eso>"
	"ese" Determiner DM Singular lang:es 00:02:35 00:02:41 tt-3059 MF025_1967_CT_SU2011_VA_04 
"<es>"
	"ser" Verb VSfin Pres Indi Sing 3rd lang:es 00:02:35 00:02:41 tt-3060 MF025_1967_CT_SU2011_VA_04 @Gram:SerEstar:Ser ADD:803 
"<para>"
	"para" Preposition PREP lang:es 00:02:35 00:02:41 tt-3061 MF025_1967_CT_SU2011_VA_04 @Gram:Prep:Para SUBSTITUTE:336 ADD:578 
"<ustedes>"
	"ustedes" Pronoun PPX Plural lang:es 00:02:35 00:02:41 tt-3062 MF025_1967_CT_SU2011_VA_04 
"<y>"
	"y" Conjunciton Conjunction CC lang:es 00:02:41 00:02:47 tt-3063 MF025_1967_CT_SU2011_VA_04 SUBSTITUTE:385 
"<esa>"
	"ese" Determiner DM Singular lang:es 00:02:41 00:02:47 tt-3064 MF025_1967_CT_SU2011_VA_04 
"<es>"
	"ser" Verb VSfin Pres Indi Sing 3rd lang:es 00:02:41 00:02:47 tt-3065 MF025_1967_CT_SU2011_VA_04 @Gram:SerEstar:Ser ADD:803 
"<mi>"
	"mío" Pronoun PPO Singular lang:es 00:02:41 00:02:47 tt-3066 MF025_1967_CT_SU2011_VA_04 @Gram:Det:Pos ADD:446 
"<satisfacción>"
	"satisfacción" Noun NC Singular lang:es 00:02:41 00:02:47 tt-3067 MF025_1967_CT_SU2011_VA_04 
"<$.>"
	"." Punctuation FS lang:es 00:02:41 00:02:47 tt-3068 MF025_1967_CT_SU2011_VA_04 

"<Pero>"
	"pero" Conjunction CCAD lang:es 00:02:41 00:02:47 tt-3069 MF025_1967_CT_SU2011_VA_04 @Prag:MarcadoresDisc:Revision ADD:1032 
"<,>"
	"," Punctuation CM lang:es 00:02:41 00:02:47 tt-3070 MF025_1967_CT_SU2011_VA_04 
"<también>"
	"también" Adverb ADV lang:es 00:02:41 00:02:47 tt-3071 MF025_1967_CT_SU2011_VA_04 @Prag:MarcadoresDisc:Igualdad ADD:1116 
"<he>"
	"haber" Verb VHfin Pres Indi Sing 1st lang:es 00:02:41 00:02:47 tt-3072 MF025_1967_CT_SU2011_VA_04 ID:444 R:Gram:Aux:Haber:445 R:Gram:PerfPerif:445 ADDRELATION():695 
"<hablado>"
	"hablar" Verb VLadj lang:es 00:02:41 00:02:47 tt-3073 MF025_1967_CT_SU2011_VA_04 ID:445 R:Vocab:Fraseol:VerbPrep:446 ADDRELATION(Vocab:Fraseol:VerbPrep):1209 
"<con>"
	"con" Preposition PREP lang:es 00:02:41 00:02:47 tt-3074 MF025_1967_CT_SU2011_VA_04 @Gram:Prep ID:446 ADD:614 
"<ellos>"
	"él" Pronoun PPX Plural lang:es 00:02:41 00:02:47 tt-3075 MF025_1967_CT_SU2011_VA_04 @Gram:Pron:Sujeto ADD:624 
"<y>"
	"y" Conjunciton Conjunction CC lang:es 00:02:41 00:02:47 tt-3076 MF025_1967_CT_SU2011_VA_04 SUBSTITUTE:385 
"<les>"
	"él" Pronoun PPC Plural lang:es 00:02:41 00:02:47 tt-3077 MF025_1967_CT_SU2011_VA_04 @Gram:Pron:Objeto ADD:654 
"<he>"
	"haber" Verb VHfin Pres Indi Sing 1st lang:es 00:02:41 00:02:47 tt-3078 MF025_1967_CT_SU2011_VA_04 ID:450 R:Gram:Aux:Haber:451 R:Gram:PerfPerif:451 ADDRELATION():695 
"<dicho>"
	"decir" Verb VLadj lang:es 00:02:41 00:02:47 tt-3079 MF025_1967_CT_SU2011_VA_04 ID:451 
"<una>"
	"una" Conjunction CSUBF lang:es 00:02:41 00:02:47 tt-3080 MF025_1967_CT_SU2011_VA_04 
"<vez>"
	"vez" Conjunction CSUBF lang:es 00:02:41 00:02:47 tt-3081 MF025_1967_CT_SU2011_VA_04 
</speaker>
</text>

