<text id="MF034_1970_CT_SU2011_VA_05">
<speaker type="int">
"<de>"
	"de" Preposition PREP lang:es 00:00:00 00:00:07 tt-2876 MF034_1970_CT_SU2011_VA_05 @Gram:Prep ADD:489 
"<Mayo>"
	"mayo" Noun NC Singular lang:es 00:00:00 00:00:07 tt-2877 MF034_1970_CT_SU2011_VA_05 
"<$?>"
	"?" Punctuation FS lang:es 00:00:00 00:00:07 tt-2878 MF034_1970_CT_SU2011_VA_05 

"<Siempre>"
	"siempre" Adverb ADV lang:es 00:00:00 00:00:07 tt-2879 MF034_1970_CT_SU2011_VA_05 
"<en>"
	"en" Preposition PREP lang:es 00:00:00 00:00:07 tt-2880 MF034_1970_CT_SU2011_VA_05 @Gram:Prep ADD:489 
"<México>"
	"México" Noun NP Singular lang:es 00:00:00 00:00:07 tt-2881 MF034_1970_CT_SU2011_VA_05 
"<es>"
	"ser" Verb VSfin Pres Indi Sing 3rd lang:es 00:00:00 00:00:07 tt-2882 MF034_1970_CT_SU2011_VA_05 @Gram:SerEstar:Ser ADD:664 
"<muy>"
	"muy" Adverb ADV lang:es 00:00:00 00:00:07 tt-2883 MF034_1970_CT_SU2011_VA_05 
"<tradicional>"
	"tradicional" Adjective ADJ Singular lang:es 00:00:00 00:00:07 tt-2884 MF034_1970_CT_SU2011_VA_05 
"<que>"
	"que" Conjunction CQUE lang:es 00:00:00 00:00:07 tt-2885 MF034_1970_CT_SU2011_VA_05 
"<se>"
	"se" Other SE lang:es 00:00:00 00:00:07 tt-2886 MF034_1970_CT_SU2011_VA_05 
"<celebre>"
	"celebrar" Verb VLfin Pres Subj Sing 1st_or_3rd lang:es 00:00:00 00:00:07 tt-2887 MF034_1970_CT_SU2011_VA_05 @Gram:MSub:Pres ADD:633 
"<el>"
	"el" Determiner ART Singular lang:es 00:00:00 00:00:07 tt-2888 MF034_1970_CT_SU2011_VA_05 @Gram:Det:Art ADD:341 
"<diez>"
	"diez" Determiner CARD Singular lang:es 00:00:00 00:00:07 tt-2889 MF034_1970_CT_SU2011_VA_05 
"<de>"
	"de" Preposition PREP lang:es 00:00:00 00:00:07 tt-2890 MF034_1970_CT_SU2011_VA_05 @Gram:Prep ADD:489 
"<Mayo>"
	"mayo" Noun NC Singular lang:es 00:00:00 00:00:07 tt-2891 MF034_1970_CT_SU2011_VA_05 
"<con>"
	"con" Preposition PREP lang:es 00:00:00 00:00:07 tt-2892 MF034_1970_CT_SU2011_VA_05 @Gram:Prep ADD:489 
"<fiestas>"
	"fiesta" Noun NC Plural lang:es 00:00:00 00:00:07 tt-2893 MF034_1970_CT_SU2011_VA_05 
"<para>"
	"para" Preposition PREP lang:es 00:00:00 00:00:07 tt-2894 MF034_1970_CT_SU2011_VA_05 @Gram:Prep:Para SUBSTITUTE:312 ADD:461 
"<las>"
	"el" Determiner ART Plural lang:es 00:00:10 00:00:17 tt-2895 MF034_1970_CT_SU2011_VA_05 @Gram:Det:Art ADD:341 
"<madres>"
	"madre" Noun NC Plural lang:es 00:00:10 00:00:17 tt-2896 MF034_1970_CT_SU2011_VA_05 
"<$.>"
	"." Punctuation FS lang:es 00:00:10 00:00:17 tt-2897 MF034_1970_CT_SU2011_VA_05 

"<En>"
	"en" Preposition PREP lang:es 00:00:10 00:00:17 tt-2898 MF034_1970_CT_SU2011_VA_05 @Gram:Prep ADD:489 
"<todas>"
	"todo" Determiner QU lang:es 00:00:10 00:00:17 tt-2899 MF034_1970_CT_SU2011_VA_05 
"<las>"
	"el" Determiner ART Plural lang:es 00:00:10 00:00:17 tt-2900 MF034_1970_CT_SU2011_VA_05 @Gram:Det:Art ADD:341 
"<escuelas>"
	"escuela" Noun NC Plural lang:es 00:00:10 00:00:17 tt-2901 MF034_1970_CT_SU2011_VA_05 
"<se>"
	"se" Other SE lang:es 00:00:10 00:00:17 tt-2902 MF034_1970_CT_SU2011_VA_05 
"<hace>"
	"hacer" Verb VLfin Pres Indi Sing 3rd lang:es 00:00:10 00:00:17 tt-2903 MF034_1970_CT_SU2011_VA_05 
"<una>"
	"un" Determiner ART Singular lang:es 00:00:10 00:00:17 tt-2904 MF034_1970_CT_SU2011_VA_05 
"<gran>"
	"grande" Adjective ADJ Singular lang:es 00:00:10 00:00:17 tt-2905 MF034_1970_CT_SU2011_VA_05 
"<fiesta>"
	"fiesta" Noun NC Singular lang:es 00:00:10 00:00:17 tt-2906 MF034_1970_CT_SU2011_VA_05 
"<$.>"
	"." Punctuation FS lang:es 00:00:10 00:00:17 tt-2907 MF034_1970_CT_SU2011_VA_05 

"<Se>"
	"se" Other SE lang:es 00:00:10 00:00:17 tt-2908 MF034_1970_CT_SU2011_VA_05 
"<prepara>"
	"preparar" Verb VLfin Past Subj Sing 1st_or_3rd lang:es 00:00:10 00:00:17 tt-2909 MF034_1970_CT_SU2011_VA_05 @Gram:MSub:Pret ADD:634 
"<con>"
	"con" Preposition PREP lang:es 00:00:10 00:00:17 tt-2910 MF034_1970_CT_SU2011_VA_05 @Gram:Prep ADD:489 
"<meses>"
	"mes" Noun NC Plural lang:es 00:00:10 00:00:17 tt-2911 MF034_1970_CT_SU2011_VA_05 
"<,>"
	"," Punctuation CM lang:es 00:00:10 00:00:17 tt-2912 MF034_1970_CT_SU2011_VA_05 
"<ya>"
	"ya" Adverb ADV lang:es 00:00:10 00:00:17 tt-2913 MF034_1970_CT_SU2011_VA_05 
"<va>"
	"ir" Verb VLfin Pres Indi Sing 3rd lang:es 00:00:17 00:00:23 tt-2914 MF034_1970_CT_SU2011_VA_05 
"<a>"
	"a" Preposition PREP lang:es 00:00:17 00:00:23 tt-2915 MF034_1970_CT_SU2011_VA_05 @Gram:Prep ADD:489 
"<llegar>"
	"llegar" Verb VLinf Infinitive lang:es 00:00:17 00:00:23 tt-2916 MF034_1970_CT_SU2011_VA_05 SUBSTITUTE:296 
"<el>"
	"el" Determiner ART Singular lang:es 00:00:17 00:00:23 tt-2917 MF034_1970_CT_SU2011_VA_05 @Gram:Det:Art ADD:341 
"<diez>"
	"diez" Determiner CARD Singular lang:es 00:00:17 00:00:23 tt-2918 MF034_1970_CT_SU2011_VA_05 
"<de>"
	"de" Preposition PREP lang:es 00:00:17 00:00:23 tt-2919 MF034_1970_CT_SU2011_VA_05 @Gram:Prep ADD:489 
"<Mayo>"
	"mayo" Noun NC Singular lang:es 00:00:17 00:00:23 tt-2920 MF034_1970_CT_SU2011_VA_05 
"<,>"
	"," Punctuation CM lang:es 00:00:17 00:00:23 tt-2921 MF034_1970_CT_SU2011_VA_05 
"<vamos>"
	"ir" Verb VLfin Pres Indi Plural 1st lang:es 00:00:17 00:00:23 tt-2922 MF034_1970_CT_SU2011_VA_05 
"<a>"
	"a" Preposition PREP lang:es 00:00:17 00:00:23 tt-2923 MF034_1970_CT_SU2011_VA_05 @Gram:Prep ADD:489 
"<hacer>"
	"hacer" Verb VLinf Infinitive lang:es 00:00:17 00:00:23 tt-2924 MF034_1970_CT_SU2011_VA_05 SUBSTITUTE:296 
"<estos>"
	"este" Determiner DM Plural lang:es 00:00:17 00:00:23 tt-2925 MF034_1970_CT_SU2011_VA_05 
"<bailes>"
	"baile" Noun NC Plural lang:es 00:00:17 00:00:23 tt-2926 MF034_1970_CT_SU2011_VA_05 
"<$.>"
	"." Punctuation FS lang:es 00:00:17 00:00:23 tt-2927 MF034_1970_CT_SU2011_VA_05 

"<Vamos>"
	"ir" Verb VLfin Pres Indi Plural 1st lang:es 00:00:17 00:00:23 tt-2928 MF034_1970_CT_SU2011_VA_05 
"<a>"
	"a" Preposition PREP lang:es 00:00:17 00:00:23 tt-2929 MF034_1970_CT_SU2011_VA_05 @Gram:Prep ADD:489 
"<hacer>"
	"hacer" Verb VLinf Infinitive lang:es 00:00:17 00:00:23 tt-2930 MF034_1970_CT_SU2011_VA_05 SUBSTITUTE:296 
"<...>"
	"..." Punctuation DOTS lang:es 00:00:17 00:00:23 tt-2931 MF034_1970_CT_SU2011_VA_05 
"<se>"
	"se" Other SE lang:es 00:00:17 00:00:23 tt-2932 MF034_1970_CT_SU2011_VA_05 
"<hace>"
	"hacer" Verb VLfin Pres Indi Sing 3rd lang:es 00:00:17 00:00:23 tt-2933 MF034_1970_CT_SU2011_VA_05 
"<un>"
	"un" Determiner ART Singular lang:es 00:00:17 00:00:23 tt-2934 MF034_1970_CT_SU2011_VA_05 ID:59 R:Gram:Genero:ExcepMasc:60 ADDRELATION(Gram:Genero:ExcepMasc):388 
"<programa>"
	"programa" Noun NC Singular lang:es 00:00:17 00:00:23 tt-2935 MF034_1970_CT_SU2011_VA_05 ID:60 
"<,>"
	"," Punctuation CM lang:es 00:00:17 00:00:23 tt-2936 MF034_1970_CT_SU2011_VA_05 
"<y>"
	"y" Conjunction CC lang:es 00:00:23 00:00:29 tt-2937 MF034_1970_CT_SU2011_VA_05 
"<cuando>"
	"cuando" Conjunction CSUBX lang:es 00:00:23 00:00:29 tt-2938 MF034_1970_CT_SU2011_VA_05 
"<es>"
	"ser" Verb VSfin Pres Indi Sing 3rd lang:es 00:00:23 00:00:29 tt-2939 MF034_1970_CT_SU2011_VA_05 @Gram:SerEstar:Ser ADD:664 
"<el>"
	"el" Determiner ART Singular lang:es 00:00:23 00:00:29 tt-2940 MF034_1970_CT_SU2011_VA_05 @Gram:Det:Art ADD:341 
"<diez>"
	"diez" Determiner CARD Singular lang:es 00:00:23 00:00:29 tt-2941 MF034_1970_CT_SU2011_VA_05 
"<de>"
	"de" Preposition PREP lang:es 00:00:23 00:00:29 tt-2942 MF034_1970_CT_SU2011_VA_05 @Gram:Prep ADD:489 
"<mayo>"
	"mayo" Noun NC Singular lang:es 00:00:23 00:00:29 tt-2943 MF034_1970_CT_SU2011_VA_05 
"<se>"
	"se" Other SE lang:es 00:00:23 00:00:29 tt-2944 MF034_1970_CT_SU2011_VA_05 
"<invita>"
	"invitar" Verb VLfin Pres Indi Sing 3rd lang:es 00:00:23 00:00:29 tt-2945 MF034_1970_CT_SU2011_VA_05 
"<a>"
	"a" Preposition PREP lang:es 00:00:23 00:00:29 tt-2946 MF034_1970_CT_SU2011_VA_05 @Gram:Prep ADD:489 
"<todas>"
	"todo" Determiner QU lang:es 00:00:23 00:00:29 tt-2947 MF034_1970_CT_SU2011_VA_05 
"<las>"
	"el" Determiner ART Plural lang:es 00:00:23 00:00:29 tt-2948 MF034_1970_CT_SU2011_VA_05 @Gram:Det:Art ADD:341 
"<madres>"
	"madre" Noun NC Plural lang:es 00:00:23 00:00:29 tt-2949 MF034_1970_CT_SU2011_VA_05 
"<de>"
	"de" Preposition PREP lang:es 00:00:23 00:00:29 tt-2950 MF034_1970_CT_SU2011_VA_05 @Gram:Prep ADD:489 
"<familia>"
	"familia" Noun NC Singular lang:es 00:00:23 00:00:29 tt-2951 MF034_1970_CT_SU2011_VA_05 
"<y>"
	"y" Conjunction CC lang:es 00:00:23 00:00:29 tt-2952 MF034_1970_CT_SU2011_VA_05 
"<los>"
	"el" Determiner ART Plural lang:es 00:00:23 00:00:29 tt-2953 MF034_1970_CT_SU2011_VA_05 @Gram:Det:Art ADD:341 
"<estudiantes>"
	"estudiante" Noun NC Plural lang:es 00:00:23 00:00:29 tt-2954 MF034_1970_CT_SU2011_VA_05 
"<las>"
	"él" Pronoun PPC Plural lang:es 00:00:23 00:00:29 tt-2955 MF034_1970_CT_SU2011_VA_05 @Gram:Pron:Objeto ADD:529 
"<honran>"
	"UNK" Verb VLfin Pres Indi Plural 3rd lang:es 00:00:29 00:00:36 tt-2956 MF034_1970_CT_SU2011_VA_05 
"<este>"
	"este" Determiner DM Singular lang:es 00:00:29 00:00:36 tt-2957 MF034_1970_CT_SU2011_VA_05 @Prag:RecuDiscurso:GanarTiempo ADD:962 
"<...>"
	"..." Punctuation DOTS lang:es 00:00:29 00:00:36 tt-2958 MF034_1970_CT_SU2011_VA_05 
"<haciendo>"
	"hacer" Verb VLger lang:es 00:00:29 00:00:36 tt-2959 MF034_1970_CT_SU2011_VA_05 
"<un>"
	"un" Determiner ART Singular lang:es 00:00:29 00:00:36 tt-2960 MF034_1970_CT_SU2011_VA_05 ID:85 R:Gram:Genero:ExcepMasc:86 ADDRELATION(Gram:Genero:ExcepMasc):388 
"<programa>"
	"programa" Noun NC Singular lang:es 00:00:29 00:00:36 tt-2961 MF034_1970_CT_SU2011_VA_05 ID:86 
"<para>"
	"para" Preposition PREP lang:es 00:00:29 00:00:36 tt-2962 MF034_1970_CT_SU2011_VA_05 @Gram:Prep:Para SUBSTITUTE:312 ADD:454 
"<ellas>"
	"él" Pronoun PPX Plural lang:es 00:00:29 00:00:36 tt-2963 MF034_1970_CT_SU2011_VA_05 @Gram:Pron:Sujeto ADD:499 
"<$.>"
	"." Punctuation FS lang:es 00:00:29 00:00:36 tt-2964 MF034_1970_CT_SU2011_VA_05 

"<Y>"
	"y" Conjunction CC lang:es 00:00:29 00:00:36 tt-2965 MF034_1970_CT_SU2011_VA_05 
"<hemos>"
	"haber" Verb VHfin Pres Indi Plural 1st lang:es 00:00:29 00:00:36 tt-2966 MF034_1970_CT_SU2011_VA_05 ID:91 R:Gram:Aux:Haber:92 R:Gram:PerfPerif:92 ADDRELATION():570 
"<recordado>"
	"recordar" Verb VLadj lang:es 00:00:29 00:00:36 tt-2967 MF034_1970_CT_SU2011_VA_05 ID:92 
"<mucho>"
	"mucho" Adverb ADV lang:es 00:00:29 00:00:36 tt-2968 MF034_1970_CT_SU2011_VA_05 
"<,>"
	"," Punctuation CM lang:es 00:00:29 00:00:36 tt-2969 MF034_1970_CT_SU2011_VA_05 
"<de>"
	"de" Preposition PREP lang:es 00:00:29 00:00:36 tt-2970 MF034_1970_CT_SU2011_VA_05 @Gram:Prep ADD:489 
"<los>"
	"el" Determiner ART Plural lang:es 00:00:29 00:00:36 tt-2971 MF034_1970_CT_SU2011_VA_05 @Gram:Det:Art ADD:341 
"<diez>"
	"diez" Determiner CARD Singular lang:es 00:00:29 00:00:36 tt-2972 MF034_1970_CT_SU2011_VA_05 
"<de>"
	"de" Preposition PREP lang:es 00:00:29 00:00:36 tt-2973 MF034_1970_CT_SU2011_VA_05 @Gram:Prep ADD:489 
"<mayo>"
	"mayo" Noun NC Singular lang:es 00:00:29 00:00:36 tt-2974 MF034_1970_CT_SU2011_VA_05 
"<siempre>"
	"siempre" Adverb ADV lang:es 00:00:36 00:00:43 tt-2975 MF034_1970_CT_SU2011_VA_05 
"<nos>"
	"nosotros" Pronoun PPX Plural lang:es 00:00:36 00:00:43 tt-2976 MF034_1970_CT_SU2011_VA_05 @Gram:Pron:Objeto ID:101 R:Gram:Gustar:Propios:102 ADD:523 ADDRELATION(Gram:Gustar:Propios):580 
"<gustaba>"
	"gustar" Verb VLfin Imp Indi Sing 1st_or_3rd lang:es 00:00:36 00:00:43 tt-2977 MF034_1970_CT_SU2011_VA_05 @Gram:Imperf ID:102 ADD:554 
"<salir>"
	"salir" Verb VLinf Infinitive lang:es 00:00:36 00:00:43 tt-2978 MF034_1970_CT_SU2011_VA_05 SUBSTITUTE:296 
"<en>"
	"en" Preposition PREP lang:es 00:00:36 00:00:43 tt-2979 MF034_1970_CT_SU2011_VA_05 @Gram:Prep ADD:489 
"<bailables>"
	"UNK" Noun NC Plural lang:es 00:00:36 00:00:43 tt-2980 MF034_1970_CT_SU2011_VA_05 
"<,>"
	"," Punctuation CM lang:es 00:00:36 00:00:43 tt-2981 MF034_1970_CT_SU2011_VA_05 
"<...>"
	"..." Punctuation DOTS lang:es 00:00:36 00:00:43 tt-2983 MF034_1970_CT_SU2011_VA_05 
"<declamar>"
	"UNK" Verb VLinf Infinitive lang:es 00:00:36 00:00:43 tt-2984 MF034_1970_CT_SU2011_VA_05 SUBSTITUTE:296 
"<poesías>"
	"poesía" Noun NC Plural lang:es 00:00:36 00:00:43 tt-2985 MF034_1970_CT_SU2011_VA_05 
"<$.>"
	"." Punctuation FS lang:es 00:00:36 00:00:43 tt-2986 MF034_1970_CT_SU2011_VA_05 

"<Era>"
	"ser" Verb VEfin Imp Indi Sing 1st_or_3rd lang:es 00:00:36 00:00:43 tt-2987 MF034_1970_CT_SU2011_VA_05 @Gram:Imperf @Gram:SerEstar:Ser ADD:554 ADD:664 
"<algo>"
	"algo" Determiner QU lang:es 00:00:36 00:00:43 tt-2988 MF034_1970_CT_SU2011_VA_05 
"<bien>"
	"bien" Adverb ADV lang:es 00:00:36 00:00:43 tt-2989 MF034_1970_CT_SU2011_VA_05 
"<bonito>"
	"bonito" Adjective ADJ Singular lang:es 00:00:36 00:00:43 tt-2990 MF034_1970_CT_SU2011_VA_05 
"<que>"
	"que" Conjunction CQUE lang:es 00:00:36 00:00:43 tt-2991 MF034_1970_CT_SU2011_VA_05 
"<aquí>"
	"aquí" Adverb ADV lang:es 00:00:36 00:00:43 tt-2992 MF034_1970_CT_SU2011_VA_05 
"<yo>"
	"yo" Pronoun PPX Singular lang:es 00:00:36 00:00:43 tt-2993 MF034_1970_CT_SU2011_VA_05 @Gram:Pron:Sujeto ADD:499 
"<no>"
	"no" Adverb NEG lang:es 00:00:46 00:00:51 tt-2994 MF034_1970_CT_SU2011_VA_05 
"<miro>"
	"mirar" Verb VLfin Pres Indi Sing 1st lang:es 00:00:46 00:00:51 tt-2995 MF034_1970_CT_SU2011_VA_05 
"<que>"
	"que" Conjunction CQUE lang:es 00:00:46 00:00:51 tt-2996 MF034_1970_CT_SU2011_VA_05 
"<se>"
	"se" Other SE lang:es 00:00:46 00:00:51 tt-2997 MF034_1970_CT_SU2011_VA_05 
"<celebre>"
	"celebrar" Verb VLfin Pres Subj Sing 1st_or_3rd lang:es 00:00:46 00:00:51 tt-2998 MF034_1970_CT_SU2011_VA_05 @Gram:MSub:Pres ADD:633 
"<$.>"
	"." Punctuation FS lang:es 00:00:46 00:00:51 tt-2999 MF034_1970_CT_SU2011_VA_05 

"<Cuando>"
	"cuando" Conjunction CSUBX lang:es 00:00:46 00:00:51 tt-3000 MF034_1970_CT_SU2011_VA_05 
"<es>"
	"ser" Verb VSfin Pres Indi Sing 3rd lang:es 00:00:46 00:00:51 tt-3001 MF034_1970_CT_SU2011_VA_05 @Gram:SerEstar:Ser ADD:664 
"<el>"
	"el" Determiner ART Singular lang:es 00:00:46 00:00:51 tt-3002 MF034_1970_CT_SU2011_VA_05 @Gram:Det:Art ADD:341 
"<o>"
	"o" Conjunction CC lang:es 00:00:46 00:00:51 tt-3006 MF034_1970_CT_SU2011_VA_05 
"<que>"
	"que" Conjunction CQUE lang:es 00:00:46 00:00:51 tt-3010 MF034_1970_CT_SU2011_VA_05 
"<le>"
	"él" Pronoun PPC Singular lang:es 00:00:46 00:00:51 tt-3011 MF034_1970_CT_SU2011_VA_05 @Gram:Pron:Objeto ADD:529 
"<llaman>"
	"llamar" Verb VLfin Pres Indi Plural 3rd lang:es 00:00:46 00:00:51 tt-3012 MF034_1970_CT_SU2011_VA_05 
"<,>"
	"," Punctuation CM lang:es 00:00:46 00:00:51 tt-3013 MF034_1970_CT_SU2011_VA_05 
"<simplemente>"
	"simplemente" Adverb ADV lang:es 00:00:46 00:00:51 tt-3014 MF034_1970_CT_SU2011_VA_05 
"<cada>"
	"cada" Determiner QU lang:es 00:00:46 00:00:51 tt-3015 MF034_1970_CT_SU2011_VA_05 
"<hijo>"
	"hijo" Noun NC Singular lang:es 00:00:51 00:00:58 tt-3016 MF034_1970_CT_SU2011_VA_05 
"<le>"
	"él" Pronoun PPC Singular lang:es 00:00:51 00:00:58 tt-3017 MF034_1970_CT_SU2011_VA_05 @Gram:Pron:Objeto ADD:529 
"<hace>"
	"hacer" Verb VLfin Pres Indi Sing 3rd lang:es 00:00:51 00:00:58 tt-3018 MF034_1970_CT_SU2011_VA_05 
"<una>"
	"un" Determiner ART Singular lang:es 00:00:51 00:00:58 tt-3019 MF034_1970_CT_SU2011_VA_05 
"<tarjetita>"
	"tarjeta" Noun NC Singular lang:es 00:00:51 00:00:58 tt-3020 MF034_1970_CT_SU2011_VA_05 
"<a>"
	"a" Preposition PREP lang:es 00:00:51 00:00:58 tt-3021 MF034_1970_CT_SU2011_VA_05 @Gram:Prep ADD:489 
"<su>"
	"suyo" Pronoun PPO Singular lang:es 00:00:51 00:00:58 tt-3022 MF034_1970_CT_SU2011_VA_05 @Gram:Det:Pos ADD:367 
"<mamá>"
	"mamá" Noun NC Singular lang:es 00:00:51 00:00:58 tt-3023 MF034_1970_CT_SU2011_VA_05 
"<,>"
	"," Punctuation CM lang:es 00:00:51 00:00:58 tt-3024 MF034_1970_CT_SU2011_VA_05 
"<pero>"
	"pero" Conjunction CCAD lang:es 00:00:51 00:00:58 tt-3025 MF034_1970_CT_SU2011_VA_05 @Prag:MarcadoresDisc:Revision ADD:849 
"<allá>"
	"allá" Adverb ADV lang:es 00:00:51 00:00:58 tt-3026 MF034_1970_CT_SU2011_VA_05 
"<en>"
	"en" Preposition PREP lang:es 00:00:51 00:00:58 tt-3027 MF034_1970_CT_SU2011_VA_05 @Gram:Prep ADD:489 
"<México>"
	"México" Noun NP Singular lang:es 00:00:51 00:00:58 tt-3028 MF034_1970_CT_SU2011_VA_05 
"<se>"
	"se" Other SE lang:es 00:00:51 00:00:58 tt-3029 MF034_1970_CT_SU2011_VA_05 
"<celebra>"
	"celebrar" Verb VLfin Pres Indi Sing 3rd lang:es 00:00:51 00:00:58 tt-3030 MF034_1970_CT_SU2011_VA_05 
"<casi>"
	"casi" Adverb ADV lang:es 00:00:51 00:00:58 tt-3031 MF034_1970_CT_SU2011_VA_05 
"<como>"
	"como" Conjunction CSUBX lang:es 00:00:51 00:00:58 tt-3032 MF034_1970_CT_SU2011_VA_05 
"<un>"
	"un" Determiner ART Singular lang:es 00:00:51 00:00:58 tt-3033 MF034_1970_CT_SU2011_VA_05 
"<$.>"
	"." Punctuation FS lang:es 00:00:51 00:00:58 tt-3035 MF034_1970_CT_SU2011_VA_05 
</speaker>
</text>

