<text id="MF034_1970_CT_SU2011_VA_01">
<speaker type="int">
"<Nací>"
	"nacer" Verb VLfin Pret Indi Sing 1st lang:es 00:00:00 00:00:05 tt-107 MF034_1970_CT_SU2011_VA_01 @Gram:Indefinido ADD:698 
"<,>"
	"," Punctuation CM lang:es 00:00:00 00:00:05 tt-108 MF034_1970_CT_SU2011_VA_01 
<lang code="en">
"<ah>"
	"UNK" Noun NP Singular lang:en 00:00:00 00:00:05 tt-109 MF034_1970_CT_SU2011_VA_01 
</lang>
"<...>"
	"..." Punctuation DOTS lang:es 00:00:00 00:00:05 tt-110 MF034_1970_CT_SU2011_VA_01 
"<siempre>"
	"siempre" Adverb ADV lang:es 00:00:00 00:00:05 tt-111 MF034_1970_CT_SU2011_VA_01 
"<les>"
	"él" Pronoun PPC Plural lang:es 00:00:00 00:00:05 tt-112 MF034_1970_CT_SU2011_VA_01 @Gram:Pron:Objeto ADD:664 
"<platico>"
	"platicar" Verb VLfin Pres Indi Sing 1st lang:es 00:00:00 00:00:05 tt-113 MF034_1970_CT_SU2011_VA_01 
"<a>"
	"a" Preposition PREP lang:es 00:00:00 00:00:05 tt-114 MF034_1970_CT_SU2011_VA_01 @Gram:Prep SUBSTITUTE:398 ADD:624 
"<mis>"
	"mío" Pronoun PPO Plural lang:es 00:00:00 00:00:05 tt-115 MF034_1970_CT_SU2011_VA_01 @Gram:Det:Pos SUBSTITUTE:318 ADD:457 
"<hijas>"
	"hijo" Noun NC Plural lang:es 00:00:00 00:00:05 tt-116 MF034_1970_CT_SU2011_VA_01 
"<,>"
	"," Punctuation CM lang:es 00:00:00 00:00:05 tt-117 MF034_1970_CT_SU2011_VA_01 
<lang code="en">
"<ah>"
	"UNK" Noun NN lang:en 00:00:00 00:00:05 tt-118 MF034_1970_CT_SU2011_VA_01 
</lang>
"<en>"
	"en" Preposition PREP lang:es 00:00:00 00:00:05 tt-119 MF034_1970_CT_SU2011_VA_01 @Gram:Prep ADD:624 
"<aquel>"
	"aquel" Determiner DM Singular lang:es 00:00:00 00:00:05 tt-120 MF034_1970_CT_SU2011_VA_01 @Gram:Det:Demo ADD:442 
"<tiempo>"
	"tiempo" Noun NC Singular lang:es 00:00:00 00:00:05 tt-121 MF034_1970_CT_SU2011_VA_01 
"<era>"
	"ser" Verb VEfin Imp Indi Sing 1st_or_3rd lang:es 00:00:00 00:00:05 tt-122 MF034_1970_CT_SU2011_VA_01 @Gram:Imperf @Gram:SerEstar:Ser ADD:689 ADD:813 
"<muy>"
	"muy" Adverb ADV lang:es 00:00:00 00:00:05 tt-123 MF034_1970_CT_SU2011_VA_01 
"<raro>"
	"raro" Adjective ADJ Singular lang:es 00:00:00 00:00:05 tt-124 MF034_1970_CT_SU2011_VA_01 
"<que>"
	"que" Conjunction CQUE lang:es 00:00:00 00:00:05 tt-125 MF034_1970_CT_SU2011_VA_01 
"<las>"
	"el" Determiner ART Plural Fem lang:es 00:00:00 00:00:05 tt-126 MF034_1970_CT_SU2011_VA_01 @Gram:Det:Art ADD:426 
"<personas>"
	"persona" Noun NC Plural lang:es 00:00:00 00:00:05 tt-127 MF034_1970_CT_SU2011_VA_01 
"<fueran>"
	"ser" Verb VSfin Past Subj Plural 3rd lang:es 00:00:05 00:00:12 tt-128 MF034_1970_CT_SU2011_VA_01 @Gram:MSub:Pret @Gram:SerEstar:Ser ADD:783 ADD:813 
"<a>"
	"a" Preposition PREP lang:es 00:00:05 00:00:12 tt-129 MF034_1970_CT_SU2011_VA_01 @Gram:Prep SUBSTITUTE:398 ADD:624 
"<los>"
	"el" Determiner ART Plural Masc lang:es 00:00:05 00:00:12 tt-130 MF034_1970_CT_SU2011_VA_01 @Gram:Det:Art ADD:426 
"<hospitales>"
	"hospital" Noun NC Plural lang:es 00:00:05 00:00:12 tt-131 MF034_1970_CT_SU2011_VA_01 
"<y>"
	"y" Conjunciton Conjunction CC lang:es 00:00:05 00:00:12 tt-132 MF034_1970_CT_SU2011_VA_01 SUBSTITUTE:394 
"<yo>"
	"yo" Pronoun PPX Singular lang:es 00:00:05 00:00:12 tt-133 MF034_1970_CT_SU2011_VA_01 @Gram:Pron:Sujeto ADD:634 
"<nací>"
	"nacer" Verb VLfin Pret Indi Sing 1st lang:es 00:00:05 00:00:12 tt-134 MF034_1970_CT_SU2011_VA_01 @Gram:Indefinido ADD:698 
"<en>"
	"en" Preposition PREP lang:es 00:00:05 00:00:12 tt-135 MF034_1970_CT_SU2011_VA_01 @Gram:Prep ADD:624 
"<mi>"
	"mío" Pronoun PPO Singular lang:es 00:00:05 00:00:12 tt-136 MF034_1970_CT_SU2011_VA_01 @Gram:Det:Pos ADD:456 
"<casa>"
	"casa" Noun NC Singular lang:es 00:00:05 00:00:12 tt-137 MF034_1970_CT_SU2011_VA_01 
"<con>"
	"con" Preposition PREP lang:es 00:00:05 00:00:12 tt-138 MF034_1970_CT_SU2011_VA_01 @Gram:Prep ADD:624 
"<una>"
	"un" Determiner ART Singular lang:es 00:00:05 00:00:12 tt-139 MF034_1970_CT_SU2011_VA_01 
"<partera>"
	"UNK" Noun NC Singular lang:es 00:00:05 00:00:12 tt-140 MF034_1970_CT_SU2011_VA_01 
"<$.>"
	"." Punctuation FS lang:es 00:00:05 00:00:12 tt-141 MF034_1970_CT_SU2011_VA_01 

"<Mi>"
	"mío" Pronoun PPO Singular lang:es 00:00:05 00:00:12 tt-142 MF034_1970_CT_SU2011_VA_01 @Gram:Det:Pos ADD:456 
"<mamá>"
	"mamá" Noun NC Singular lang:es 00:00:05 00:00:12 tt-143 MF034_1970_CT_SU2011_VA_01 
"<siempre>"
	"siempre" Adverb ADV lang:es 00:00:05 00:00:12 tt-144 MF034_1970_CT_SU2011_VA_01 
"<me>"
	"yo" Pronoun PPX Singular lang:es 00:00:05 00:00:12 tt-145 MF034_1970_CT_SU2011_VA_01 @Gram:Pron:Objeto ADD:658 
"<pregunt>"
	"UNK" Verb VLfin Error1 lang:es 00:00:05 00:00:12 tt-146 MF034_1970_CT_SU2011_VA_01 
"<...>"
	"..." Punctuation DOTS lang:es 00:00:05 00:00:12 tt-147 MF034_1970_CT_SU2011_VA_01 
"<me>"
	"yo" Pronoun PPX Singular lang:es 00:00:05 00:00:12 tt-148 MF034_1970_CT_SU2011_VA_01 @Gram:Pron:Objeto ADD:658 
"<platicaba>"
	"platicar" Verb VLfin Imp Indi Sing 1st_or_3rd lang:es 00:00:05 00:00:12 tt-149 MF034_1970_CT_SU2011_VA_01 @Gram:Imperf ADD:689 
"<que>"
	"que" Conjunction CQUE lang:es 00:00:16 00:00:21 tt-150 MF034_1970_CT_SU2011_VA_01 
"<siempre>"
	"siempre" Adverb ADV lang:es 00:00:16 00:00:21 tt-151 MF034_1970_CT_SU2011_VA_01 
"<va>"
	"ir" Verb VLfin Pres Indi Sing 3rd lang:es 00:00:16 00:00:21 tt-152 MF034_1970_CT_SU2011_VA_01 
"<a>"
	"a" Preposition PREP lang:es 00:00:16 00:00:21 tt-153 MF034_1970_CT_SU2011_VA_01 @Gram:Prep SUBSTITUTE:398 ADD:624 
"<recor>"
	"UNK" Noun NC Singular lang:es 00:00:16 00:00:21 tt-154 MF034_1970_CT_SU2011_VA_01 
"<...>"
	"..." Punctuation DOTS lang:es 00:00:16 00:00:21 tt-155 MF034_1970_CT_SU2011_VA_01 
"<siempre>"
	"siempre" Adverb ADV lang:es 00:00:16 00:00:21 tt-156 MF034_1970_CT_SU2011_VA_01 
"<recordaba>"
	"recordar" Verb VLfin Imp Indi Sing 1st_or_3rd lang:es 00:00:16 00:00:21 tt-157 MF034_1970_CT_SU2011_VA_01 @Gram:Imperf ADD:689 
"<ella>"
	"él" Pronoun PPX Singular lang:es 00:00:16 00:00:21 tt-158 MF034_1970_CT_SU2011_VA_01 @Gram:Pron:Sujeto ADD:634 
"<el>"
	"el" Determiner ART Singular Masc lang:es 00:00:16 00:00:21 tt-159 MF034_1970_CT_SU2011_VA_01 @Gram:Det:Art ID:53 R:Gram:Genero:ExcepMasc:54 ADD:426 ADDRELATION(Gram:Genero:ExcepMasc):522 
"<día>"
	"día" Noun NC Singular lang:es 00:00:16 00:00:21 tt-160 MF034_1970_CT_SU2011_VA_01 ID:54 
"<que>"
	"que" Conjunction CQUE lang:es 00:00:16 00:00:21 tt-161 MF034_1970_CT_SU2011_VA_01 
"<yo>"
	"yo" Pronoun PPX Singular lang:es 00:00:16 00:00:21 tt-162 MF034_1970_CT_SU2011_VA_01 @Gram:Pron:Sujeto ADD:634 
"<nací>"
	"nacer" Verb VLfin Pret Indi Sing 1st lang:es 00:00:16 00:00:21 tt-163 MF034_1970_CT_SU2011_VA_01 @Gram:Indefinido ADD:698 
"<porque>"
	"porque" Conjunction CSUBX lang:es 00:00:16 00:00:21 tt-164 MF034_1970_CT_SU2011_VA_01 @Prag:MarcadoresDisc:Causa ADD:1099 
"<estaba>"
	"estar" Verb VEfin Imp Indi Sing 1st_or_3rd lang:es 00:00:16 00:00:21 tt-165 MF034_1970_CT_SU2011_VA_01 @Gram:Imperf ID:59 R:Gram:SerEstar:EstarAux:60 ADD:689 ADD:822 ADDRELATION(Gram:SerEstar:EstarAux):838 
	"estar" Verb VEfin Imp Indi Sing 1st_or_3rd lang:es 00:00:16 00:00:21 tt-165 MF034_1970_CT_SU2011_VA_01 @Gram:SerEstar:Estar ID:59 R:Gram:SerEstar:EstarAux:60 ADD:689 ADD:822 
"<esperando>"
	"esperar" Verb VLger lang:es 00:00:16 00:00:21 tt-166 MF034_1970_CT_SU2011_VA_01 ID:60 
"<una>"
	"un" Determiner ART Singular lang:es 00:00:16 00:00:21 tt-167 MF034_1970_CT_SU2011_VA_01 
"<pelea>"
	"pelea" Noun NC Singular lang:es 00:00:16 00:00:21 tt-168 MF034_1970_CT_SU2011_VA_01 
"<muy>"
	"muy" Adverb ADV lang:es 00:00:16 00:00:21 tt-169 MF034_1970_CT_SU2011_VA_01 
"<importante>"
	"importante" Adjective ADJ Singular lang:es 00:00:21 00:00:28 tt-170 MF034_1970_CT_SU2011_VA_01 
"<de>"
	"de" Preposition PREP lang:es 00:00:21 00:00:28 tt-171 MF034_1970_CT_SU2011_VA_01 @Gram:Prep ADD:624 
"<un>"
	"un" Determiner ART Singular lang:es 00:00:21 00:00:28 tt-172 MF034_1970_CT_SU2011_VA_01 
"<boxeador>"
	"boxeador" Noun NC Singular lang:es 00:00:21 00:00:28 tt-173 MF034_1970_CT_SU2011_VA_01 
"<muy>"
	"muy" Adverb ADV lang:es 00:00:21 00:00:28 tt-174 MF034_1970_CT_SU2011_VA_01 
"<famoso>"
	"famoso" Adjective ADJ Singular lang:es 00:00:21 00:00:28 tt-175 MF034_1970_CT_SU2011_VA_01 
"<en>"
	"en" Preposition PREP lang:es 00:00:21 00:00:28 tt-176 MF034_1970_CT_SU2011_VA_01 @Gram:Prep ADD:624 
"<ese>"
	"ese" Determiner DM Singular lang:es 00:00:21 00:00:28 tt-177 MF034_1970_CT_SU2011_VA_01 @Gram:Det:Demo ADD:442 
"<tiempo>"
	"tiempo" Noun NC Singular lang:es 00:00:21 00:00:28 tt-178 MF034_1970_CT_SU2011_VA_01 
"<,>"
	"," Punctuation CM lang:es 00:00:21 00:00:28 tt-179 MF034_1970_CT_SU2011_VA_01 
"<que>"
	"que" Conjunction CQUE lang:es 00:00:21 00:00:28 tt-180 MF034_1970_CT_SU2011_VA_01 
"<se>"
	"se" Other SE lang:es 00:00:21 00:00:28 tt-181 MF034_1970_CT_SU2011_VA_01 
"<llamaba>"
	"llamar" Verb VLfin Imp Indi Sing 1st_or_3rd lang:es 00:00:21 00:00:28 tt-182 MF034_1970_CT_SU2011_VA_01 @Gram:Imperf ADD:689 
"<Pipino>"
	"UNK" Noun NP Singular lang:es 00:00:21 00:00:28 tt-183 MF034_1970_CT_SU2011_VA_01 
"<Cuevas>"
	"Cuevas" Noun NP Plural lang:es 00:00:21 00:00:28 tt-184 MF034_1970_CT_SU2011_VA_01 
"<,>"
	"," Punctuation CM lang:es 00:00:21 00:00:28 tt-185 MF034_1970_CT_SU2011_VA_01 
"<y>"
	"y" Conjunciton Conjunction CC lang:es 00:00:21 00:00:28 tt-186 MF034_1970_CT_SU2011_VA_01 SUBSTITUTE:394 
"<ella>"
	"él" Pronoun PPX Singular lang:es 00:00:21 00:00:28 tt-187 MF034_1970_CT_SU2011_VA_01 @Gram:Pron:Sujeto ADD:634 
"<era>"
	"ser" Verb VEfin Imp Indi Sing 1st_or_3rd lang:es 00:00:28 00:00:34 tt-188 MF034_1970_CT_SU2011_VA_01 @Gram:Imperf @Gram:SerEstar:Ser ADD:689 ADD:813 
"<aficionada>"
	"aficionar" Verb VLadj lang:es 00:00:28 00:00:34 tt-189 MF034_1970_CT_SU2011_VA_01 
"<a>"
	"a" Preposition PREP lang:es 00:00:28 00:00:34 tt-190 MF034_1970_CT_SU2011_VA_01 @Gram:Prep SUBSTITUTE:398 ADD:624 
"<mirar>"
	"mirar" Verb VLinf Infinitive lang:es 00:00:28 00:00:34 tt-191 MF034_1970_CT_SU2011_VA_01 SUBSTITUTE:329 
"<esas>"
	"ese" Determiner DM Plural lang:es 00:00:28 00:00:34 tt-192 MF034_1970_CT_SU2011_VA_01 
"<peleas>"
	"pelea" Noun NC Plural lang:es 00:00:28 00:00:34 tt-193 MF034_1970_CT_SU2011_VA_01 
"<,>"
	"," Punctuation CM lang:es 00:00:28 00:00:34 tt-194 MF034_1970_CT_SU2011_VA_01 
"<y>"
	"y" Conjunciton Conjunction CC lang:es 00:00:28 00:00:34 tt-195 MF034_1970_CT_SU2011_VA_01 SUBSTITUTE:394 
"<ese>"
	"ese" Determiner DM Singular lang:es 00:00:28 00:00:34 tt-196 MF034_1970_CT_SU2011_VA_01 ID:90 R:Gram:Genero:ExcepMasc:91 ADDRELATION(Gram:Genero:ExcepMasc):522 
"<día>"
	"día" Noun NC Singular lang:es 00:00:28 00:00:34 tt-197 MF034_1970_CT_SU2011_VA_01 ID:91 
"<estaba>"
	"estar" Verb VEfin Imp Indi Sing 1st_or_3rd lang:es 00:00:28 00:00:34 tt-198 MF034_1970_CT_SU2011_VA_01 @Gram:Imperf ID:92 R:Gram:SerEstar:EstarAux:93 ADD:689 ADD:822 ADDRELATION(Gram:SerEstar:EstarAux):838 
	"estar" Verb VEfin Imp Indi Sing 1st_or_3rd lang:es 00:00:28 00:00:34 tt-198 MF034_1970_CT_SU2011_VA_01 @Gram:SerEstar:Estar ID:92 R:Gram:SerEstar:EstarAux:93 ADD:689 ADD:822 
"<esperando>"
	"esperar" Verb VLger lang:es 00:00:28 00:00:34 tt-199 MF034_1970_CT_SU2011_VA_01 ID:93 
"<que>"
	"que" Conjunction CQUE lang:es 00:00:28 00:00:34 tt-200 MF034_1970_CT_SU2011_VA_01 
"<iba>"
	"ir" Verb VLfin Imp Indi Sing 1st_or_3rd lang:es 00:00:28 00:00:34 tt-201 MF034_1970_CT_SU2011_VA_01 @Gram:Imperf ID:95 R:Gram:VFut:Perifrasis:97 ADD:689 ADDRELATION(Gram:VFut:Perifrasis):717 
"<a>"
	"a" Preposition PREP lang:es 00:00:28 00:00:34 tt-202 MF034_1970_CT_SU2011_VA_01 @Gram:Prep SUBSTITUTE:398 ADD:624 
"<llegar>"
	"llegar" Verb VLinf Infinitive lang:es 00:00:28 00:00:34 tt-203 MF034_1970_CT_SU2011_VA_01 ID:97 SUBSTITUTE:329 
<lang code="en">
"<ah>"
	"UNK" Noun NN lang:en 00:00:28 00:00:34 tt-204 MF034_1970_CT_SU2011_VA_01 
</lang>
"<la>"
	"el" Determiner ART Singular Fem lang:es 00:00:34 00:00:39 tt-205 MF034_1970_CT_SU2011_VA_01 @Gram:Det:Art ADD:426 
"<pelea>"
	"pelea" Noun NC Singular lang:es 00:00:34 00:00:39 tt-206 MF034_1970_CT_SU2011_VA_01 
"<,>"
	"," Punctuation CM lang:es 00:00:34 00:00:39 tt-207 MF034_1970_CT_SU2011_VA_01 
"<y>"
	"y" Conjunciton Conjunction CC lang:es 00:00:34 00:00:39 tt-208 MF034_1970_CT_SU2011_VA_01 SUBSTITUTE:394 
"<al>"
	"al" Preposition PAL lang:es 00:00:34 00:00:39 tt-209 MF034_1970_CT_SU2011_VA_01 @Gram:Prep ADD:624 
"<final>"
	"final" Noun NC Singular lang:es 00:00:34 00:00:39 tt-210 MF034_1970_CT_SU2011_VA_01 
"<no>"
	"no" Adverb NEG lang:es 00:00:34 00:00:39 tt-211 MF034_1970_CT_SU2011_VA_01 
"<pudo>"
	"poder" Verb VMfin lang:es 00:00:34 00:00:39 tt-212 MF034_1970_CT_SU2011_VA_01 
"<verla>"
	"ver" Verb VLinf Pres Subj Sing 1st_or_3rd lang:es 00:00:34 00:00:39 tt-213 MF034_1970_CT_SU2011_VA_01 @Gram:MSub:Pres ADD:782 
"<,>"
	"," Punctuation CM lang:es 00:00:34 00:00:39 tt-214 MF034_1970_CT_SU2011_VA_01 
"<porque>"
	"porque" Conjunction CSUBX lang:es 00:00:34 00:00:39 tt-215 MF034_1970_CT_SU2011_VA_01 @Prag:MarcadoresDisc:Causa ADD:1099 
"<yo>"
	"yo" Pronoun PPX Singular lang:es 00:00:34 00:00:39 tt-216 MF034_1970_CT_SU2011_VA_01 @Gram:Pron:Sujeto ADD:634 
"<nací>"
	"nacer" Verb VLfin Pret Indi Sing 1st lang:es 00:00:34 00:00:39 tt-217 MF034_1970_CT_SU2011_VA_01 @Gram:Indefinido ADD:698 
"<a>"
	"a" Preposition PREP lang:es 00:00:34 00:00:39 tt-218 MF034_1970_CT_SU2011_VA_01 @Gram:Prep SUBSTITUTE:398 ADD:624 
"<las>"
	"el" Determiner ART Plural Fem lang:es 00:00:34 00:00:39 tt-219 MF034_1970_CT_SU2011_VA_01 @Gram:Det:Art ADD:426 
"<once>"
	"once" Determiner CARD Singular lang:es 00:00:34 00:00:39 tt-220 MF034_1970_CT_SU2011_VA_01 
"<de>"
	"de" Preposition PREP lang:es 00:00:34 00:00:39 tt-221 MF034_1970_CT_SU2011_VA_01 @Gram:Prep ADD:624 
"<la>"
	"el" Determiner ART Singular Fem lang:es 00:00:34 00:00:39 tt-222 MF034_1970_CT_SU2011_VA_01 @Gram:Det:Art ADD:426 
"<noche>"
	"noche" Noun NC Singular lang:es 00:00:34 00:00:39 tt-223 MF034_1970_CT_SU2011_VA_01 
"<,>"
	"," Punctuation CM lang:es 00:00:34 00:00:39 tt-224 MF034_1970_CT_SU2011_VA_01 
"<que>"
	"que" Conjunction CQUE lang:es 00:00:34 00:00:39 tt-225 MF034_1970_CT_SU2011_VA_01 
"<era>"
	"ser" Verb VEfin Imp Indi Sing 1st_or_3rd lang:es 00:00:34 00:00:39 tt-226 MF034_1970_CT_SU2011_VA_01 @Gram:Imperf @Gram:SerEstar:Ser ADD:689 ADD:813 
"<la>"
	"el" Determiner ART Singular Fem lang:es 00:00:34 00:00:39 tt-227 MF034_1970_CT_SU2011_VA_01 @Gram:Det:Art ADD:426 
"<hora>"
	"hora" Noun NC Singular lang:es 00:00:39 00:00:45 tt-228 MF034_1970_CT_SU2011_VA_01 
"<que>"
	"que" Conjunction CQUE lang:es 00:00:39 00:00:45 tt-229 MF034_1970_CT_SU2011_VA_01 
"<ese>"
	"ese" Determiner DM Singular lang:es 00:00:39 00:00:45 tt-230 MF034_1970_CT_SU2011_VA_01 
"<boxeador>"
	"boxeador" Noun NC Singular lang:es 00:00:39 00:00:45 tt-231 MF034_1970_CT_SU2011_VA_01 
"<estaba>"
	"estar" Verb VEfin Imp Indi Sing 1st_or_3rd lang:es 00:00:39 00:00:45 tt-232 MF034_1970_CT_SU2011_VA_01 @Gram:Imperf ID:126 R:Gram:SerEstar:EstarAux:127 ADD:689 ADD:822 ADDRELATION(Gram:SerEstar:EstarAux):838 
	"estar" Verb VEfin Imp Indi Sing 1st_or_3rd lang:es 00:00:39 00:00:45 tt-232 MF034_1970_CT_SU2011_VA_01 @Gram:SerEstar:Estar ID:126 R:Gram:SerEstar:EstarAux:127 ADD:689 ADD:822 
"<peleando>"
	"pelear" Verb VLger lang:es 00:00:39 00:00:45 tt-233 MF034_1970_CT_SU2011_VA_01 ID:127 
"<$.>"
	"." Punctuation FS lang:es 00:00:39 00:00:45 tt-234 MF034_1970_CT_SU2011_VA_01 

"<Sólo>"
	"sólo" Adverb ADV lang:es 00:00:39 00:00:45 tt-235 MF034_1970_CT_SU2011_VA_01 
"<que>"
	"que" Conjunction CQUE lang:es 00:00:39 00:00:45 tt-236 MF034_1970_CT_SU2011_VA_01 
"<mi>"
	"mío" Pronoun PPO Singular lang:es 00:00:39 00:00:45 tt-237 MF034_1970_CT_SU2011_VA_01 @Gram:Det:Pos ADD:456 
"<mamá>"
	"mamá" Noun NC Singular lang:es 00:00:39 00:00:45 tt-238 MF034_1970_CT_SU2011_VA_01 
"<siempre>"
	"siempre" Adverb ADV lang:es 00:00:39 00:00:45 tt-239 MF034_1970_CT_SU2011_VA_01 
"<contaba>"
	"contar" Verb VLfin Imp Indi Sing 1st_or_3rd lang:es 00:00:39 00:00:45 tt-240 MF034_1970_CT_SU2011_VA_01 @Gram:Imperf ADD:689 
"<esa>"
	"ese" Determiner DM Singular lang:es 00:00:39 00:00:45 tt-241 MF034_1970_CT_SU2011_VA_01 @Gram:Det:Demo ADD:442 
"<anécdota>"
	"anécdota" Noun NC Singular lang:es 00:00:39 00:00:45 tt-242 MF034_1970_CT_SU2011_VA_01 
"<de>"
	"de" Conjunction CSUBI lang:es 00:00:45 00:00:50 tt-243 MF034_1970_CT_SU2011_VA_01 
"<cuando>"
	"cuando" Conjunction CSUBX lang:es 00:00:45 00:00:50 tt-244 MF034_1970_CT_SU2011_VA_01 
"<preguntaban>"
	"preguntar" Verb VLfin Imp Indi Plural 3rd lang:es 00:00:45 00:00:50 tt-245 MF034_1970_CT_SU2011_VA_01 @Gram:Imperf ADD:689 
"<acerca>"
	"acerca" Preposition PREP lang:es 00:00:45 00:00:50 tt-246 MF034_1970_CT_SU2011_VA_01 @Gram:Prep ADD:624 
"<de>"
	"de" Preposition PREP lang:es 00:00:45 00:00:50 tt-247 MF034_1970_CT_SU2011_VA_01 @Gram:Prep ADD:624 
"<que>"
	"que" Conjunction CQUE lang:es 00:00:45 00:00:50 tt-248 MF034_1970_CT_SU2011_VA_01 
"<cuándo>"
	"cuándo" Adverb ADV lang:es 00:00:45 00:00:50 tt-249 MF034_1970_CT_SU2011_VA_01 
"<había>"
	"haber" Verb VHfin Imp Indi Sing 1st_or_3rd lang:es 00:00:45 00:00:50 tt-250 MF034_1970_CT_SU2011_VA_01 
"<nacido>"
	"nacer" Verb VLadj lang:es 00:00:45 00:00:50 tt-251 MF034_1970_CT_SU2011_VA_01 
"<,>"
	"," Punctuation CM lang:es 00:00:45 00:00:50 tt-252 MF034_1970_CT_SU2011_VA_01 
"<ella>"
	"él" Pronoun PPX Singular lang:es 00:00:45 00:00:50 tt-253 MF034_1970_CT_SU2011_VA_01 @Gram:Pron:Sujeto ADD:634 
"<siempre>"
	"siempre" Adverb ADV lang:es 00:00:45 00:00:50 tt-254 MF034_1970_CT_SU2011_VA_01 
"<decía>"
	"decir" Verb VLfin Imp Indi Sing 1st_or_3rd lang:es 00:00:45 00:00:50 tt-255 MF034_1970_CT_SU2011_VA_01 @Gram:Imperf ADD:689 
"<nació>"
	"nacer" Verb VLfin Pret Indi Sing 3rd lang:es 00:00:45 00:00:50 tt-256 MF034_1970_CT_SU2011_VA_01 @Gram:Indefinido ADD:698 
"<el>"
	"el" Determiner ART Singular Masc lang:es 00:00:50 00:00:56 tt-257 MF034_1970_CT_SU2011_VA_01 @Gram:Det:Art ID:151 R:Gram:Genero:ExcepMasc:152 ADD:426 ADDRELATION(Gram:Genero:ExcepMasc):522 
"<día>"
	"día" Noun NC Singular lang:es 00:00:50 00:00:56 tt-258 MF034_1970_CT_SU2011_VA_01 ID:152 
"<que>"
	"que" Conjunction CQUE lang:es 00:00:50 00:00:56 tt-259 MF034_1970_CT_SU2011_VA_01 
"<peleó>"
	"pelear" Verb VLfin Pret Indi Sing 3rd lang:es 00:00:50 00:00:56 tt-260 MF034_1970_CT_SU2011_VA_01 @Gram:Indefinido ADD:698 
"<Pipino>"
	"UNK" Noun NP Singular lang:es 00:00:50 00:00:56 tt-261 MF034_1970_CT_SU2011_VA_01 
"<Cuevas>"
	"Cuevas" Noun NP Plural lang:es 00:00:50 00:00:56 tt-262 MF034_1970_CT_SU2011_VA_01 
"<y>"
	"y" Conjunciton Conjunction CC lang:es 00:00:50 00:00:56 tt-263 MF034_1970_CT_SU2011_VA_01 SUBSTITUTE:394 
"<no>"
	"no" Adverb NEG lang:es 00:00:50 00:00:56 tt-264 MF034_1970_CT_SU2011_VA_01 
"<pude>"
	"poder" Verb VLfin Pret Indi Sing 1st lang:es 00:00:50 00:00:56 tt-265 MF034_1970_CT_SU2011_VA_01 @Gram:Indefinido ADD:698 
"<ver>"
	"ver" Verb VLinf Infinitive lang:es 00:00:50 00:00:56 tt-266 MF034_1970_CT_SU2011_VA_01 SUBSTITUTE:329 
"<la>"
	"el" Determiner ART Singular Fem lang:es 00:00:50 00:00:56 tt-267 MF034_1970_CT_SU2011_VA_01 @Gram:Det:Art ADD:426 
"<pelea>"
	"pelea" Noun NC Singular lang:es 00:00:50 00:00:56 tt-268 MF034_1970_CT_SU2011_VA_01 
"<$.>"
	"." Punctuation FS lang:es 00:00:50 00:00:56 tt-269 MF034_1970_CT_SU2011_VA_01 
<lang code="en">

"<Ah>"
	"ah" Other UH lang:en 00:00:50 00:00:56 tt-270 MF034_1970_CT_SU2011_VA_01 
</lang>
"<...>"
	"..." Punctuation DOTS lang:es 00:00:50 00:00:56 tt-271 MF034_1970_CT_SU2011_VA_01 
"<a>"
	"a" Preposition PREP lang:es 00:00:50 00:00:56 tt-272 MF034_1970_CT_SU2011_VA_01 @Gram:Prep SUBSTITUTE:398 ADD:624 
"<los>"
	"el" Determiner ART Plural Masc lang:es 00:00:50 00:00:56 tt-273 MF034_1970_CT_SU2011_VA_01 @Gram:Det:Art ADD:426 
"<tres>"
	"tres" Determiner CARD Plural lang:es 00:00:50 00:00:56 tt-274 MF034_1970_CT_SU2011_VA_01 
"<años>"
	"año" Noun NC Plural lang:es 00:00:50 00:00:56 tt-275 MF034_1970_CT_SU2011_VA_01 
"<de>"
	"de" Preposition PREP lang:es 00:00:50 00:00:56 tt-276 MF034_1970_CT_SU2011_VA_01 @Gram:Prep ADD:624 
"<edad>"
	"edad" Noun NC Singular lang:es 00:00:50 00:00:56 tt-277 MF034_1970_CT_SU2011_VA_01 
"<,>"
	"," Punctuation CM lang:es 00:00:50 00:00:56 tt-278 MF034_1970_CT_SU2011_VA_01 
</speaker>
</text>

