<text id="MF034_1970_CT_SU2011_VA_02">
<speaker type="int">
"<a>"
	"a" Preposition PREP lang:es 00:00:00 00:00:07 tt-1653 MF034_1970_CT_SU2011_VA_02 @Gram:Prep SUBSTITUTE:389 ADD:614 
"<una>"
	"un" Determiner ART Singular lang:es 00:00:00 00:00:07 tt-1654 MF034_1970_CT_SU2011_VA_02 
"<universidad>"
	"universidad" Noun NC Singular lang:es 00:00:00 00:00:07 tt-1655 MF034_1970_CT_SU2011_VA_02 
"<y>"
	"y" Conjunciton Conjunction CC lang:es 00:00:00 00:00:07 tt-1656 MF034_1970_CT_SU2011_VA_02 SUBSTITUTE:385 
"<no>"
	"no" Adverb NEG lang:es 00:00:00 00:00:07 tt-1657 MF034_1970_CT_SU2011_VA_02 
"<teníamos>"
	"tener" Verb VLfin Imp Indi Plural 1st lang:es 00:00:00 00:00:07 tt-1658 MF034_1970_CT_SU2011_VA_02 @Gram:Imperf ADD:679 
"<los>"
	"el" Determiner ART Plural Masc lang:es 00:00:00 00:00:07 tt-1659 MF034_1970_CT_SU2011_VA_02 @Gram:Det:Art ADD:416 
"<recursos>"
	"recurso" Noun NC Plural lang:es 00:00:00 00:00:07 tt-1660 MF034_1970_CT_SU2011_VA_02 
"<$.>"
	"." Punctuation FS lang:es 00:00:00 00:00:07 tt-1661 MF034_1970_CT_SU2011_VA_02 

"<Sólo>"
	"sólo" Adverb ADV lang:es 00:00:00 00:00:07 tt-1662 MF034_1970_CT_SU2011_VA_02 
"<que>"
	"que" Conjunction CQUE lang:es 00:00:00 00:00:07 tt-1663 MF034_1970_CT_SU2011_VA_02 
"<conseguí>"
	"conseguir" Verb VLfin Pret Indi Sing 1st lang:es 00:00:00 00:00:07 tt-1664 MF034_1970_CT_SU2011_VA_02 @Gram:Indefinido ADD:688 
"<un>"
	"un" Determiner ART Singular lang:es 00:00:00 00:00:07 tt-1665 MF034_1970_CT_SU2011_VA_02 
"<trabajo>"
	"trabajo" Noun NC Singular lang:es 00:00:00 00:00:07 tt-1666 MF034_1970_CT_SU2011_VA_02 
"<y>"
	"y" Conjunciton Conjunction CC lang:es 00:00:00 00:00:07 tt-1667 MF034_1970_CT_SU2011_VA_02 SUBSTITUTE:385 
"<empecé>"
	"empezar" Verb VLfin Pret Indi Sing 1st lang:es 00:00:00 00:00:07 tt-1668 MF034_1970_CT_SU2011_VA_02 @Gram:Indefinido ID:16 R:Vocab:Fraseol:VerbPrep:17 ADD:688 ADDRELATION(Vocab:Fraseol:VerbPrep):1211 
"<a>"
	"a" Preposition PREP lang:es 00:00:00 00:00:07 tt-1669 MF034_1970_CT_SU2011_VA_02 @Gram:Prep ID:17 SUBSTITUTE:389 ADD:614 
"<trabajar>"
	"trabajar" Verb VLinf Infinitive lang:es 00:00:09 00:00:16 tt-1670 MF034_1970_CT_SU2011_VA_02 SUBSTITUTE:320 
"<en>"
	"en" Preposition PREP lang:es 00:00:09 00:00:16 tt-1671 MF034_1970_CT_SU2011_VA_02 @Gram:Prep ADD:614 
"<un>"
	"un" Determiner ART Singular lang:es 00:00:09 00:00:16 tt-1672 MF034_1970_CT_SU2011_VA_02 
"<banco>"
	"banco" Noun NC Singular lang:es 00:00:09 00:00:16 tt-1673 MF034_1970_CT_SU2011_VA_02 
"<$.>"
	"." Punctuation FS lang:es 00:00:09 00:00:16 tt-1674 MF034_1970_CT_SU2011_VA_02 
<lang code="en">

"<Ah>"
	"ah" Other UH lang:en 00:00:09 00:00:16 tt-1675 MF034_1970_CT_SU2011_VA_02 
</lang>
"<...>"
	"..." Punctuation DOTS lang:es 00:00:09 00:00:16 tt-1676 MF034_1970_CT_SU2011_VA_02 
"<después>"
	"después" Preposition PREP lang:es 00:00:09 00:00:16 tt-1677 MF034_1970_CT_SU2011_VA_02 @Gram:Prep ADD:614 
"<de>"
	"de" Preposition PREP lang:es 00:00:09 00:00:16 tt-1678 MF034_1970_CT_SU2011_VA_02 @Gram:Prep ADD:614 
"<aproximadamente>"
	"aproximadamente" Adverb ADV lang:es 00:00:09 00:00:16 tt-1679 MF034_1970_CT_SU2011_VA_02 
"<seis>"
	"seis" Determiner CARD Plural lang:es 00:00:09 00:00:16 tt-1680 MF034_1970_CT_SU2011_VA_02 
"<meses>"
	"mes" Noun NC Plural lang:es 00:00:09 00:00:16 tt-1681 MF034_1970_CT_SU2011_VA_02 
"<que>"
	"que" Conjunction CQUE lang:es 00:00:09 00:00:16 tt-1682 MF034_1970_CT_SU2011_VA_02 
"<yo>"
	"yo" Pronoun PPX Singular lang:es 00:00:09 00:00:16 tt-1683 MF034_1970_CT_SU2011_VA_02 @Gram:Pron:Sujeto ADD:624 
"<estaba>"
	"estar" Verb VEfin Imp Indi Sing 1st_or_3rd lang:es 00:00:09 00:00:16 tt-1684 MF034_1970_CT_SU2011_VA_02 @Gram:Imperf ID:32 R:Gram:SerEstar:EstarAux:33 ADD:679 ADD:812 ADDRELATION(Gram:SerEstar:EstarAux):828 
	"estar" Verb VEfin Imp Indi Sing 1st_or_3rd lang:es 00:00:09 00:00:16 tt-1684 MF034_1970_CT_SU2011_VA_02 @Gram:SerEstar:Estar ID:32 R:Gram:SerEstar:EstarAux:33 ADD:679 ADD:812 
"<trabajando>"
	"trabajar" Verb VLger lang:es 00:00:09 00:00:16 tt-1685 MF034_1970_CT_SU2011_VA_02 ID:33 
<lang code="en">
"<ah>"
	"UNK" Noun NN lang:en 00:00:09 00:00:16 tt-1686 MF034_1970_CT_SU2011_VA_02 
</lang>
"<...>"
	"..." Punctuation DOTS lang:es 00:00:09 00:00:16 tt-1687 MF034_1970_CT_SU2011_VA_02 
"<me>"
	"yo" Pronoun PPX Singular lang:es 00:00:09 00:00:16 tt-1688 MF034_1970_CT_SU2011_VA_02 @Gram:Pron:Objeto ADD:648 
"<casé>"
	"casar" Verb VLfin Pret Indi Sing 1st lang:es 00:00:09 00:00:16 tt-1689 MF034_1970_CT_SU2011_VA_02 @Gram:Indefinido ADD:688 
"<y>"
	"y" Conjunciton Conjunction CC lang:es 00:00:16 00:00:23 tt-1690 MF034_1970_CT_SU2011_VA_02 SUBSTITUTE:385 
"<cuando>"
	"cuando" Conjunction CSUBX lang:es 00:00:16 00:00:23 tt-1691 MF034_1970_CT_SU2011_VA_02 
"<mi>"
	"mío" Pronoun PPO Singular lang:es 00:00:16 00:00:23 tt-1692 MF034_1970_CT_SU2011_VA_02 @Gram:Det:Pos ADD:446 
"<esposo>"
	"esposo" Noun NC Singular lang:es 00:00:16 00:00:23 tt-1693 MF034_1970_CT_SU2011_VA_02 
"<y>"
	"y" Conjunciton Conjunction CC lang:es 00:00:16 00:00:23 tt-1694 MF034_1970_CT_SU2011_VA_02 SUBSTITUTE:385 
"<yo>"
	"yo" Pronoun PPX Singular lang:es 00:00:16 00:00:23 tt-1695 MF034_1970_CT_SU2011_VA_02 @Gram:Pron:Sujeto ADD:624 
"<nos>"
	"nosotros" Pronoun PPX Plural lang:es 00:00:16 00:00:23 tt-1696 MF034_1970_CT_SU2011_VA_02 @Gram:Pron:Objeto ADD:648 
"<casamos>"
	"casar" Verb VLfin Pres_or_Pret Indi Plural 1st lang:es 00:00:16 00:00:23 tt-1697 MF034_1970_CT_SU2011_VA_02 
"<decidimos>"
	"decidir" Verb VLfin Pres Command Plural 2nd lang:es 00:00:16 00:00:23 tt-1698 MF034_1970_CT_SU2011_VA_02 
"<venir>"
	"venir" Verb VLinf Infinitive lang:es 00:00:16 00:00:23 tt-1699 MF034_1970_CT_SU2011_VA_02 SUBSTITUTE:320 
"<para>"
	"para" Preposition PREP lang:es 00:00:16 00:00:23 tt-1700 MF034_1970_CT_SU2011_VA_02 @Gram:Prep:Para SUBSTITUTE:336 ADD:585 
"<acá>"
	"acá" Adverb ADV lang:es 00:00:16 00:00:23 tt-1701 MF034_1970_CT_SU2011_VA_02 
"<a>"
	"a" Preposition PREP lang:es 00:00:16 00:00:23 tt-1702 MF034_1970_CT_SU2011_VA_02 @Gram:Prep SUBSTITUTE:389 ADD:614 
"<Estados>"
	"Estados" Noun NP Plural lang:es 00:00:16 00:00:23 tt-1703 MF034_1970_CT_SU2011_VA_02 ID:51 R:Vocab:Entities:Geo:52 ADDRELATION(Vocab:Entities:Geo):1196 
"<Unidos>"
	"Unidos" Noun NP Plural lang:es 00:00:16 00:00:23 tt-1704 MF034_1970_CT_SU2011_VA_02 ID:52 
"<$.>"
	"." Punctuation FS lang:es 00:00:16 00:00:23 tt-1705 MF034_1970_CT_SU2011_VA_02 

"<Nuestra>"
	"UNK" Noun NC Singular lang:es 00:00:16 00:00:23 tt-1706 MF034_1970_CT_SU2011_VA_02 
"<meta>"
	"meta" Noun NC Singular lang:es 00:00:24 00:00:31 tt-1707 MF034_1970_CT_SU2011_VA_02 
"<era>"
	"ser" Verb VEfin Imp Indi Sing 1st_or_3rd lang:es 00:00:24 00:00:31 tt-1708 MF034_1970_CT_SU2011_VA_02 @Gram:Imperf @Gram:SerEstar:Ser ADD:679 ADD:803 
"<venir>"
	"venir" Verb VLinf Infinitive lang:es 00:00:24 00:00:31 tt-1709 MF034_1970_CT_SU2011_VA_02 SUBSTITUTE:320 
"<solamente>"
	"solamente" Adverb ADV lang:es 00:00:24 00:00:31 tt-1710 MF034_1970_CT_SU2011_VA_02 
"<por>"
	"por" Preposition PREP lang:es 00:00:24 00:00:31 tt-1711 MF034_1970_CT_SU2011_VA_02 @Gram:Prep:Por SUBSTITUTE:262 ADD:608 
"<un>"
	"un" Determiner ART Singular lang:es 00:00:24 00:00:31 tt-1712 MF034_1970_CT_SU2011_VA_02 
"<año>"
	"año" Noun NC Singular lang:es 00:00:24 00:00:31 tt-1713 MF034_1970_CT_SU2011_VA_02 
"<$.>"
	"." Punctuation FS lang:es 00:00:24 00:00:31 tt-1714 MF034_1970_CT_SU2011_VA_02 

"<Deseábamos>"
	"desear" Verb VLfin Imp Indi Plural 1st lang:es 00:00:24 00:00:31 tt-1715 MF034_1970_CT_SU2011_VA_02 @Gram:Imperf ADD:679 
"<un>"
	"un" Determiner ART Singular lang:es 00:00:24 00:00:31 tt-1716 MF034_1970_CT_SU2011_VA_02 
"<año>"
	"año" Noun NC Singular lang:es 00:00:24 00:00:31 tt-1717 MF034_1970_CT_SU2011_VA_02 
"<,>"
	"," Punctuation CM lang:es 00:00:24 00:00:31 tt-1718 MF034_1970_CT_SU2011_VA_02 
"<juntamos>"
	"juntar" Verb VLfin Pres_or_Pret Indi Plural 1st lang:es 00:00:24 00:00:31 tt-1719 MF034_1970_CT_SU2011_VA_02 
"<dinero>"
	"dinero" Noun NC Singular lang:es 00:00:24 00:00:31 tt-1720 MF034_1970_CT_SU2011_VA_02 
"<y>"
	"y" Conjunciton Conjunction CC lang:es 00:00:24 00:00:31 tt-1721 MF034_1970_CT_SU2011_VA_02 SUBSTITUTE:385 
"<regresamos>"
	"regresar" Verb VLfin Pres_or_Pret Indi Plural 1st lang:es 00:00:24 00:00:31 tt-1722 MF034_1970_CT_SU2011_VA_02 
"<para>"
	"para" Preposition PREP lang:es 00:00:24 00:00:31 tt-1723 MF034_1970_CT_SU2011_VA_02 @Gram:Prep:Para SUBSTITUTE:336 ADD:559 
"<comprar>"
	"comprar" Verb VLinf Infinitive lang:es 00:00:34 00:00:41 tt-1724 MF034_1970_CT_SU2011_VA_02 SUBSTITUTE:320 
"<una>"
	"un" Determiner ART Singular lang:es 00:00:34 00:00:41 tt-1725 MF034_1970_CT_SU2011_VA_02 
"<casa>"
	"casa" Noun NC Singular lang:es 00:00:34 00:00:41 tt-1726 MF034_1970_CT_SU2011_VA_02 
"<$.>"
	"." Punctuation FS lang:es 00:00:34 00:00:41 tt-1727 MF034_1970_CT_SU2011_VA_02 
<lang code="en">

"<Ah>"
	"ah" Other UH lang:en 00:00:34 00:00:41 tt-1728 MF034_1970_CT_SU2011_VA_02 
</lang>
"<...>"
	"..." Punctuation DOTS lang:es 00:00:34 00:00:41 tt-1729 MF034_1970_CT_SU2011_VA_02 
"<al>"
	"al" Preposition PAL lang:es 00:00:34 00:00:41 tt-1730 MF034_1970_CT_SU2011_VA_02 @Gram:Prep ADD:614 
"<final>"
	"final" Noun NC Singular lang:es 00:00:34 00:00:41 tt-1731 MF034_1970_CT_SU2011_VA_02 
"<,>"
	"," Punctuation CM lang:es 00:00:34 00:00:41 tt-1732 MF034_1970_CT_SU2011_VA_02 
"<aquí>"
	"aquí" Adverb ADV lang:es 00:00:34 00:00:41 tt-1733 MF034_1970_CT_SU2011_VA_02 
"<nos>"
	"nosotros" Pronoun PPX Plural lang:es 00:00:34 00:00:41 tt-1734 MF034_1970_CT_SU2011_VA_02 @Gram:Pron:Objeto ADD:648 
"<quedamos>"
	"quedar" Verb VLfin Pres_or_Pret Indi Plural 1st lang:es 00:00:34 00:00:41 tt-1735 MF034_1970_CT_SU2011_VA_02 
"<,>"
	"," Punctuation CM lang:es 00:00:34 00:00:41 tt-1736 MF034_1970_CT_SU2011_VA_02 
"<ya>"
	"ya" Adverb ADV lang:es 00:00:34 00:00:41 tt-1737 MF034_1970_CT_SU2011_VA_02 
"<no>"
	"no" Adverb NEG lang:es 00:00:34 00:00:41 tt-1738 MF034_1970_CT_SU2011_VA_02 
"<nos>"
	"nosotros" Pronoun PPX Plural lang:es 00:00:34 00:00:41 tt-1739 MF034_1970_CT_SU2011_VA_02 @Gram:Pron:Objeto ADD:648 
"<regresamos>"
	"regresar" Verb VLfin Pres_or_Pret Indi Plural 1st lang:es 00:00:34 00:00:41 tt-1740 MF034_1970_CT_SU2011_VA_02 
"<,>"
	"," Punctuation CM lang:es 00:00:34 00:00:41 tt-1741 MF034_1970_CT_SU2011_VA_02 
"<empecé>"
	"empezar" Verb VLfin Pret Indi Sing 1st lang:es 00:00:34 00:00:41 tt-1742 MF034_1970_CT_SU2011_VA_02 @Gram:Indefinido ID:90 R:Vocab:Fraseol:VerbPrep:91 ADD:688 ADDRELATION(Vocab:Fraseol:VerbPrep):1211 
"<a>"
	"a" Preposition PREP lang:es 00:00:34 00:00:41 tt-1743 MF034_1970_CT_SU2011_VA_02 @Gram:Prep ID:91 SUBSTITUTE:389 ADD:614 
"<,>"
	"," Punctuation CM lang:es 00:00:34 00:00:41 tt-1744 MF034_1970_CT_SU2011_VA_02 
"<a>"
	"a" Preposition PREP lang:es 00:00:34 00:00:41 tt-1745 MF034_1970_CT_SU2011_VA_02 @Gram:Prep SUBSTITUTE:389 ADD:614 
"<tener>"
	"tener" Verb VLinf Infinitive lang:es 00:00:34 00:00:41 tt-1746 MF034_1970_CT_SU2011_VA_02 SUBSTITUTE:320 
"<familia>"
	"familia" Noun NC Singular lang:es 00:00:34 00:00:41 tt-1747 MF034_1970_CT_SU2011_VA_02 
"<,>"
	"," Punctuation CM lang:es 00:00:34 00:00:41 tt-1748 MF034_1970_CT_SU2011_VA_02 
"<nacieron>"
	"nacer" Verb VLfin Pret Indi Plural 3rd lang:es 00:00:43 00:00:50 tt-1749 MF034_1970_CT_SU2011_VA_02 @Gram:Indefinido ADD:688 
"<mis>"
	"mío" Pronoun PPO Plural lang:es 00:00:43 00:00:50 tt-1750 MF034_1970_CT_SU2011_VA_02 @Gram:Det:Pos SUBSTITUTE:309 ADD:447 
"<cuatro>"
	"cuatro" Determiner CARD Singular lang:es 00:00:43 00:00:50 tt-1751 MF034_1970_CT_SU2011_VA_02 
"<hijas>"
	"hijo" Noun NC Plural lang:es 00:00:43 00:00:50 tt-1752 MF034_1970_CT_SU2011_VA_02 
"<aquí>"
	"aquí" Adverb ADV lang:es 00:00:43 00:00:50 tt-1753 MF034_1970_CT_SU2011_VA_02 
"<$.>"
	"." Punctuation FS lang:es 00:00:43 00:00:50 tt-1754 MF034_1970_CT_SU2011_VA_02 

"<Y>"
	"y" Conjunciton Conjunction CC lang:es 00:00:43 00:00:50 tt-1755 MF034_1970_CT_SU2011_VA_02 SUBSTITUTE:385 
"<en>"
	"en" Preposition PREP lang:es 00:00:43 00:00:50 tt-1756 MF034_1970_CT_SU2011_VA_02 @Gram:Prep ADD:614 
"<ese>"
	"ese" Determiner DM Singular lang:es 00:00:43 00:00:50 tt-1757 MF034_1970_CT_SU2011_VA_02 @Gram:Det:Demo ADD:432 
"<período>"
	"período" Noun NC Singular lang:es 00:00:43 00:00:50 tt-1758 MF034_1970_CT_SU2011_VA_02 
<lang code="en">
"<ah>"
	"UNK" Noun NN lang:en 00:00:43 00:00:50 tt-1759 MF034_1970_CT_SU2011_VA_02 
</lang>
"<...>"
	"..." Punctuation DOTS lang:es 00:00:43 00:00:50 tt-1760 MF034_1970_CT_SU2011_VA_02 
"<yo>"
	"yo" Pronoun PPX Singular lang:es 00:00:43 00:00:50 tt-1761 MF034_1970_CT_SU2011_VA_02 @Gram:Pron:Sujeto ADD:624 
"<era>"
	"ser" Verb VEfin Imp Indi Sing 1st_or_3rd lang:es 00:00:43 00:00:50 tt-1762 MF034_1970_CT_SU2011_VA_02 @Gram:Imperf @Gram:SerEstar:Ser ADD:679 ADD:803 
"<solamente>"
	"solamente" Adverb ADV lang:es 00:00:43 00:00:50 tt-1763 MF034_1970_CT_SU2011_VA_02 
"<una>"
	"un" Determiner ART Singular lang:es 00:00:43 00:00:50 tt-1764 MF034_1970_CT_SU2011_VA_02 
"<ama>"
	"ama" Noun NC Singular lang:es 00:00:43 00:00:50 tt-1765 MF034_1970_CT_SU2011_VA_02 
"<de>"
	"de" Preposition PREP lang:es 00:00:43 00:00:50 tt-1766 MF034_1970_CT_SU2011_VA_02 @Gram:Prep ADD:614 
"<casa>"
	"casa" Noun NC Singular lang:es 00:00:43 00:00:50 tt-1767 MF034_1970_CT_SU2011_VA_02 
"<,>"
	"," Punctuation CM lang:es 00:00:43 00:00:50 tt-1768 MF034_1970_CT_SU2011_VA_02 
"<yo>"
	"yo" Pronoun PPX Singular lang:es 00:00:43 00:00:50 tt-1769 MF034_1970_CT_SU2011_VA_02 @Gram:Pron:Sujeto ADD:624 
"<me>"
	"yo" Pronoun PPX Singular lang:es 00:00:43 00:00:50 tt-1770 MF034_1970_CT_SU2011_VA_02 @Gram:Pron:Objeto ADD:648 
"<dedicaba>"
	"dedicar" Verb VLfin Imp Indi Sing 1st_or_3rd lang:es 00:00:43 00:00:50 tt-1771 MF034_1970_CT_SU2011_VA_02 @Gram:Imperf ADD:679 
"<completamente>"
	"completamente" Adverb ADV lang:es 00:00:53 00:00:58 tt-1772 MF034_1970_CT_SU2011_VA_02 
"<a>"
	"a" Preposition PREP lang:es 00:00:53 00:00:58 tt-1773 MF034_1970_CT_SU2011_VA_02 @Gram:Prep SUBSTITUTE:389 ADD:614 
"<mi>"
	"mío" Pronoun PPO Singular lang:es 00:00:53 00:00:58 tt-1774 MF034_1970_CT_SU2011_VA_02 @Gram:Det:Pos ADD:446 
"<hogar>"
	"hogar" Noun NC Singular lang:es 00:00:53 00:00:58 tt-1775 MF034_1970_CT_SU2011_VA_02 
"<,>"
	"," Punctuation CM lang:es 00:00:53 00:00:58 tt-1776 MF034_1970_CT_SU2011_VA_02 
"<criando>"
	"criar" Verb VLger lang:es 00:00:53 00:00:58 tt-1777 MF034_1970_CT_SU2011_VA_02 
"<a>"
	"a" Preposition PREP lang:es 00:00:53 00:00:58 tt-1778 MF034_1970_CT_SU2011_VA_02 @Gram:Prep SUBSTITUTE:389 ADD:614 
"<mis>"
	"mío" Pronoun PPO Plural lang:es 00:00:53 00:00:58 tt-1779 MF034_1970_CT_SU2011_VA_02 @Gram:Det:Pos SUBSTITUTE:309 ADD:447 
"<hijas>"
	"hijo" Noun NC Plural lang:es 00:00:53 00:00:58 tt-1780 MF034_1970_CT_SU2011_VA_02 
"<$.>"
	"." Punctuation FS lang:es 00:00:53 00:00:58 tt-1781 MF034_1970_CT_SU2011_VA_02 

"<Una>"
	"un" Determiner ART Singular lang:es 00:00:53 00:00:58 tt-1782 MF034_1970_CT_SU2011_VA_02 
"<de>"
	"de" Preposition PREP lang:es 00:00:53 00:00:58 tt-1783 MF034_1970_CT_SU2011_VA_02 @Gram:Prep ADD:614 
"<las>"
	"el" Determiner ART Plural Fem lang:es 00:00:53 00:00:58 tt-1784 MF034_1970_CT_SU2011_VA_02 
"<metas>"
	"meter" Verb VLfin Pres Subj Sing 2nd lang:es 00:00:53 00:00:58 tt-1785 MF034_1970_CT_SU2011_VA_02 @Gram:MSub:Pres ADD:772 
"<que>"
	"que" Conjunction CQUE lang:es 00:00:53 00:00:58 tt-1786 MF034_1970_CT_SU2011_VA_02 
"<yo>"
	"yo" Pronoun PPX Singular lang:es 00:00:53 00:00:58 tt-1787 MF034_1970_CT_SU2011_VA_02 @Gram:Pron:Sujeto ADD:624 
"<me>"
	"yo" Pronoun PPX Singular lang:es 00:00:53 00:00:58 tt-1788 MF034_1970_CT_SU2011_VA_02 @Gram:Pron:Objeto ADD:648 
"<propuse>"
	"proponer" Verb VLfin Pres Indi Sing 3rd lang:es 00:00:53 00:00:58 tt-1789 MF034_1970_CT_SU2011_VA_02 
"<cuando>"
	"cuando" Conjunction CSUBX lang:es 00:00:53 00:00:58 tt-1790 MF034_1970_CT_SU2011_VA_02 
"<yo>"
	"yo" Pronoun PPX Singular lang:es 00:00:58 00:01:05 tt-1791 MF034_1970_CT_SU2011_VA_02 @Gram:Pron:Sujeto ADD:624 
"<llegué>"
	"llegar" Verb VLfin Pret Indi Sing 1st lang:es 00:00:58 00:01:05 tt-1792 MF034_1970_CT_SU2011_VA_02 @Gram:Indefinido ADD:688 
"<a>"
	"a" Preposition PREP lang:es 00:00:58 00:01:05 tt-1793 MF034_1970_CT_SU2011_VA_02 @Gram:Prep SUBSTITUTE:389 ADD:614 
"<este>"
	"este" Determiner DM Singular lang:es 00:00:58 00:01:05 tt-1794 MF034_1970_CT_SU2011_VA_02 @Gram:Det:Demo ADD:432 
"<país>"
	"país" Noun NC Plural lang:es 00:00:58 00:01:05 tt-1795 MF034_1970_CT_SU2011_VA_02 
"<fue>"
	"ser" Verb VSfin Pret Indi Sing 3rd lang:es 00:00:58 00:01:05 tt-1796 MF034_1970_CT_SU2011_VA_02 @Gram:Indefinido @Gram:SerEstar:Ser ADD:688 ADD:803 
"<aprender>"
	"aprender" Verb VLinf Infinitive lang:es 00:00:58 00:01:05 tt-1797 MF034_1970_CT_SU2011_VA_02 SUBSTITUTE:320 
"<inglés>"
	"inglés" Noun NC Plural lang:es 00:00:58 00:01:05 tt-1798 MF034_1970_CT_SU2011_VA_02 
"<,>"
	"," Punctuation CM lang:es 00:00:58 00:01:05 tt-1799 MF034_1970_CT_SU2011_VA_02 
"<y>"
	"y" Conjunciton Conjunction CC lang:es 00:00:58 00:01:05 tt-1800 MF034_1970_CT_SU2011_VA_02 SUBSTITUTE:385 
"<mis>"
	"mío" Pronoun PPO Plural lang:es 00:00:58 00:01:05 tt-1801 MF034_1970_CT_SU2011_VA_02 @Gram:Det:Pos SUBSTITUTE:309 ADD:447 
"<hijas>"
	"hijo" Noun NC Plural lang:es 00:00:58 00:01:05 tt-1802 MF034_1970_CT_SU2011_VA_02 
"<me>"
	"yo" Pronoun PPX Singular lang:es 00:00:58 00:01:05 tt-1803 MF034_1970_CT_SU2011_VA_02 @Gram:Pron:Objeto ADD:648 
"<reclaman>"
	"reclamar" Verb VLfin Pres Indi Plural 3rd lang:es 00:00:58 00:01:05 tt-1804 MF034_1970_CT_SU2011_VA_02 
"<ahora>"
	"ahora" Adverb ADV lang:es 00:00:58 00:01:05 tt-1805 MF034_1970_CT_SU2011_VA_02 
"<que>"
	"que" Conjunction CQUE lang:es 00:00:58 00:01:05 tt-1806 MF034_1970_CT_SU2011_VA_02 
"<debido>"
	"debido" Preposition PREP lang:es 00:00:58 00:01:05 tt-1807 MF034_1970_CT_SU2011_VA_02 @Gram:Prep ADD:614 
"<a>"
	"a" Preposition PREP lang:es 00:00:58 00:01:05 tt-1808 MF034_1970_CT_SU2011_VA_02 @Gram:Prep SUBSTITUTE:389 ADD:614 
"<eso>"
	"ese" Determiner DM Singular lang:es 00:01:06 00:01:10 tt-1809 MF034_1970_CT_SU2011_VA_02 @Gram:Det:Demo ADD:439 
"<ellas>"
	"él" Pronoun PPX Plural lang:es 00:01:06 00:01:10 tt-1810 MF034_1970_CT_SU2011_VA_02 @Gram:Pron:Sujeto ADD:624 
"<no>"
	"no" Adverb NEG lang:es 00:01:06 00:01:10 tt-1811 MF034_1970_CT_SU2011_VA_02 
"<hablan>"
	"hablar" Verb VLfin Pres Indi Plural 3rd lang:es 00:01:06 00:01:10 tt-1812 MF034_1970_CT_SU2011_VA_02 
"<perfecto>"
	"perfecto" Adjective ADJ Singular lang:es 00:01:06 00:01:10 tt-1813 MF034_1970_CT_SU2011_VA_02 
"<español>"
	"español" Noun NC Singular lang:es 00:01:06 00:01:10 tt-1814 MF034_1970_CT_SU2011_VA_02 
"<,>"
	"," Punctuation CM lang:es 00:01:06 00:01:10 tt-1815 MF034_1970_CT_SU2011_VA_02 
"<porque>"
	"porque" Conjunction CSUBX lang:es 00:01:06 00:01:10 tt-1816 MF034_1970_CT_SU2011_VA_02 @Prag:MarcadoresDisc:Causa ADD:1085 
"<cuando>"
	"cuando" Conjunction CSUBX lang:es 00:01:06 00:01:10 tt-1817 MF034_1970_CT_SU2011_VA_02 
"<ellas>"
	"él" Pronoun PPX Plural lang:es 00:01:06 00:01:10 tt-1818 MF034_1970_CT_SU2011_VA_02 @Gram:Pron:Sujeto ADD:624 
"<empezaron>"
	"empezar" Verb VLfin Pret Indi Plural 3rd lang:es 00:01:06 00:01:10 tt-1819 MF034_1970_CT_SU2011_VA_02 @Gram:Indefinido ID:167 R:Vocab:Fraseol:VerbPrep:168 ADD:688 ADDRELATION(Vocab:Fraseol:VerbPrep):1211 
"<a>"
	"a" Preposition PREP lang:es 00:01:06 00:01:10 tt-1820 MF034_1970_CT_SU2011_VA_02 @Gram:Prep ID:168 SUBSTITUTE:389 ADD:614 
"<hablar>"
	"hablar" Verb VLinf Infinitive lang:es 00:01:06 00:01:10 tt-1821 MF034_1970_CT_SU2011_VA_02 SUBSTITUTE:320 
"<inglés>"
	"inglés" Adjective ADJ Plural lang:es 00:01:06 00:01:10 tt-1822 MF034_1970_CT_SU2011_VA_02 
"<yo>"
	"yo" Pronoun PPX Singular lang:es 00:01:06 00:01:10 tt-1823 MF034_1970_CT_SU2011_VA_02 @Gram:Pron:Sujeto ADD:624 
"<siempre>"
	"siempre" Adverb ADV lang:es 00:01:10 00:01:17 tt-1824 MF034_1970_CT_SU2011_VA_02 
"<les>"
	"él" Pronoun PPC Plural lang:es 00:01:10 00:01:17 tt-1825 MF034_1970_CT_SU2011_VA_02 @Gram:Pron:Objeto ADD:654 
"<pedía>"
	"pedir" Verb VLfin Imp Indi Sing 1st_or_3rd lang:es 00:01:10 00:01:17 tt-1826 MF034_1970_CT_SU2011_VA_02 @Gram:Imperf ID:174 R:Func:Deseos:Ajenos:177 ADD:679 ADDRELATION(Func:Deseos:Ajenos):861 
"<que>"
	"que" Conjunction CQUE lang:es 00:01:10 00:01:17 tt-1827 MF034_1970_CT_SU2011_VA_02 
"<me>"
	"yo" Pronoun PPX Singular lang:es 00:01:10 00:01:17 tt-1828 MF034_1970_CT_SU2011_VA_02 @Gram:Pron:Objeto ADD:648 
"<hablaran>"
	"hablar" Verb VLfin Past Subj Plural 2nd_or_3rd lang:es 00:01:10 00:01:17 tt-1829 MF034_1970_CT_SU2011_VA_02 @Gram:MSub:Pret ID:177 R:Vocab:Fraseol:VerbPrep:178 ADD:773 ADDRELATION(Vocab:Fraseol:VerbPrep):1209 
"<en>"
	"en" Preposition PREP lang:es 00:01:10 00:01:17 tt-1830 MF034_1970_CT_SU2011_VA_02 @Gram:Prep ID:178 ADD:614 
"<inglés>"
	"inglés" Noun NC Plural lang:es 00:01:10 00:01:17 tt-1831 MF034_1970_CT_SU2011_VA_02 
"<porque>"
	"porque" Conjunction CSUBX lang:es 00:01:10 00:01:17 tt-1832 MF034_1970_CT_SU2011_VA_02 @Prag:MarcadoresDisc:Causa ADD:1085 
"<yo>"
	"yo" Pronoun PPX Singular lang:es 00:01:10 00:01:17 tt-1833 MF034_1970_CT_SU2011_VA_02 @Gram:Pron:Sujeto ADD:624 
"<quería>"
	"querer" Verb VLfin Imp Indi Sing 1st_or_3rd lang:es 00:01:10 00:01:17 tt-1834 MF034_1970_CT_SU2011_VA_02 @Gram:Imperf ADD:679 
"<aprenderlo>"
	"aprender" Verb VLinf Pres Indi Sing 1st lang:es 00:01:10 00:01:17 tt-1835 MF034_1970_CT_SU2011_VA_02 
"<$.>"
	"." Punctuation FS lang:es 00:01:10 00:01:17 tt-1836 MF034_1970_CT_SU2011_VA_02 

"<Cuando>"
	"cuando" Conjunction CSUBX lang:es 00:01:10 00:01:17 tt-1837 MF034_1970_CT_SU2011_VA_02 
"<a>"
	"a" Preposition PREP lang:es 00:01:10 00:01:17 tt-1838 MF034_1970_CT_SU2011_VA_02 @Gram:Prep SUBSTITUTE:389 ADD:614 
"<mi>"
	"mío" Pronoun PPO Singular lang:es 00:01:10 00:01:17 tt-1839 MF034_1970_CT_SU2011_VA_02 @Gram:Det:Pos ADD:446 
"<niña>"
	"niño" Noun NC Singular lang:es 00:01:17 00:01:24 tt-1840 MF034_1970_CT_SU2011_VA_02 
"<,>"
	"," Punctuation CM lang:es 00:01:17 00:01:24 tt-1841 MF034_1970_CT_SU2011_VA_02 
"<la>"
	"el" Determiner ART Singular Fem lang:es 00:01:17 00:01:24 tt-1842 MF034_1970_CT_SU2011_VA_02 @Gram:Det:Art ADD:416 
"<mayor>"
	"grande" Adjective ADJ Singular lang:es 00:01:17 00:01:24 tt-1843 MF034_1970_CT_SU2011_VA_02 
"<,>"
	"," Punctuation CM lang:es 00:01:17 00:01:24 tt-1844 MF034_1970_CT_SU2011_VA_02 
"<Vania>"
	"UNK" Noun NP Singular lang:es 00:01:17 00:01:24 tt-1845 MF034_1970_CT_SU2011_VA_02 
"<,>"
	"," Punctuation CM lang:es 00:01:17 00:01:24 tt-1846 MF034_1970_CT_SU2011_VA_02 
"<empezó>"
	"empezar" Verb VLfin Pret Indi Sing 3rd lang:es 00:01:17 00:01:24 tt-1847 MF034_1970_CT_SU2011_VA_02 @Gram:Indefinido ID:195 R:Vocab:Fraseol:VerbPrep:196 ADD:688 ADDRELATION(Vocab:Fraseol:VerbPrep):1211 
"<a>"
	"a" Preposition PREP lang:es 00:01:17 00:01:24 tt-1848 MF034_1970_CT_SU2011_VA_02 @Gram:Prep ID:196 SUBSTITUTE:389 ADD:614 
"<ir>"
	"ir" Verb VLinf Infinitive lang:es 00:01:17 00:01:24 tt-1849 MF034_1970_CT_SU2011_VA_02 SUBSTITUTE:320 
"<al>"
	"al" Conjunction CSUBI lang:es 00:01:17 00:01:24 tt-1850 MF034_1970_CT_SU2011_VA_02 
"<kínder>"
	"UNK" Verb VLinf Sing lang:es 00:01:17 00:01:24 tt-1851 MF034_1970_CT_SU2011_VA_02 SUBSTITUTE:320 
"<yo>"
	"yo" Pronoun PPX Singular lang:es 00:01:17 00:01:24 tt-1852 MF034_1970_CT_SU2011_VA_02 @Gram:Pron:Sujeto ADD:624 
"<me>"
	"yo" Pronoun PPX Singular lang:es 00:01:17 00:01:24 tt-1853 MF034_1970_CT_SU2011_VA_02 @Gram:Pron:Objeto ADD:648 
"<anoté>"
	"UNK" Verb VLfin Pret Indi Sing 1st lang:es 00:01:17 00:01:24 tt-1854 MF034_1970_CT_SU2011_VA_02 @Gram:Indefinido ADD:688 
"<como>"
	"como" Conjunction CSUBX lang:es 00:01:17 00:01:24 tt-1855 MF034_1970_CT_SU2011_VA_02 
"<voluntaria>"
	"voluntario" Adjective ADJ Singular lang:es 00:01:17 00:01:24 tt-1856 MF034_1970_CT_SU2011_VA_02 
"<en>"
	"en" Preposition PREP lang:es 00:01:17 00:01:24 tt-1857 MF034_1970_CT_SU2011_VA_02 @Gram:Prep ADD:614 
"<la>"
	"el" Determiner ART Singular Fem lang:es 00:01:17 00:01:24 tt-1858 MF034_1970_CT_SU2011_VA_02 @Gram:Det:Art ADD:416 
"<escuela>"
	"escuela" Noun NC Singular lang:es 00:01:17 00:01:24 tt-1859 MF034_1970_CT_SU2011_VA_02 
"<$.>"
	"." Punctuation FS lang:es 00:01:17 00:01:24 tt-1860 MF034_1970_CT_SU2011_VA_02 

"<Después>"
	"después" Adverb ADV lang:es 00:01:26 00:01:31 tt-1861 MF034_1970_CT_SU2011_VA_02 
"<,>"
	"," Punctuation CM lang:es 00:01:26 00:01:31 tt-1862 MF034_1970_CT_SU2011_VA_02 
"<Evelyn>"
	"Evelyn" Noun NP Singular lang:es 00:01:26 00:01:31 tt-1863 MF034_1970_CT_SU2011_VA_02 
"<,>"
	"," Punctuation CM lang:es 00:01:26 00:01:31 tt-1864 MF034_1970_CT_SU2011_VA_02 
"<y>"
	"y" Conjunciton Conjunction CC lang:es 00:01:26 00:01:31 tt-1865 MF034_1970_CT_SU2011_VA_02 SUBSTITUTE:385 
"<las>"
	"el" Determiner ART Plural Fem lang:es 00:01:26 00:01:31 tt-1866 MF034_1970_CT_SU2011_VA_02 @Gram:Det:Art ID:214 R:Gram:Det:DetCombi:215 ADD:416 ADDRELATION(Gram:Det:DetCombi):481 
"<demás>"
	"demás" Determiner QU lang:es 00:01:26 00:01:31 tt-1867 MF034_1970_CT_SU2011_VA_02 ID:215 
"<hijas>"
	"hijo" Noun NC Plural lang:es 00:01:26 00:01:31 tt-1868 MF034_1970_CT_SU2011_VA_02 
"<,>"
	"," Punctuation CM lang:es 00:01:26 00:01:31 tt-1869 MF034_1970_CT_SU2011_VA_02 
"<yo>"
	"yo" Pronoun PPX Singular lang:es 00:01:26 00:01:31 tt-1870 MF034_1970_CT_SU2011_VA_02 @Gram:Pron:Sujeto ADD:624 
"<me>"
	"yo" Pronoun PPX Singular lang:es 00:01:26 00:01:31 tt-1871 MF034_1970_CT_SU2011_VA_02 @Gram:Pron:Objeto ADD:648 
"<anotaba>"
	"anotar" Verb VLfin Imp Indi Sing 1st_or_3rd lang:es 00:01:26 00:01:31 tt-1872 MF034_1970_CT_SU2011_VA_02 @Gram:Imperf ADD:679 
"<de>"
	"de" Preposition PREP lang:es 00:01:26 00:01:31 tt-1873 MF034_1970_CT_SU2011_VA_02 @Gram:Prep ADD:614 
"<voluntaria>"
	"voluntario" Adjective ADJ Singular lang:es 00:01:26 00:01:31 tt-1874 MF034_1970_CT_SU2011_VA_02 
"<,>"
	"," Punctuation CM lang:es 00:01:26 00:01:31 tt-1875 MF034_1970_CT_SU2011_VA_02 
"<porque>"
	"porque" Conjunction CSUBX lang:es 00:01:26 00:01:31 tt-1876 MF034_1970_CT_SU2011_VA_02 @Prag:MarcadoresDisc:Causa ADD:1085 
"<yo>"
	"yo" Pronoun PPX Singular lang:es 00:01:26 00:01:31 tt-1877 MF034_1970_CT_SU2011_VA_02 @Gram:Pron:Sujeto ADD:624 
"<quería>"
	"querer" Verb VLfin Imp Indi Sing 1st_or_3rd lang:es 00:01:26 00:01:31 tt-1878 MF034_1970_CT_SU2011_VA_02 @Gram:Imperf ADD:679 
"<estar>"
	"estar" Verb VLinf VEinf Infinitive lang:es 00:01:26 00:01:31 tt-1879 MF034_1970_CT_SU2011_VA_02 @Gram:SerEstar:Estar SUBSTITUTE:320 ADD:812 
"<,>"
	"," Punctuation CM lang:es 00:01:26 00:01:31 tt-1880 MF034_1970_CT_SU2011_VA_02 
"<claro>"
	"claro" Adjective ADJ Singular lang:es 00:01:31 00:01:37 tt-1881 MF034_1970_CT_SU2011_VA_02 
"<cerca>"
	"cerca" Adverb ADV lang:es 00:01:31 00:01:37 tt-1882 MF034_1970_CT_SU2011_VA_02 
"<de>"
	"de" Preposition PREP lang:es 00:01:31 00:01:37 tt-1883 MF034_1970_CT_SU2011_VA_02 @Gram:Prep ADD:614 
"<ellas>"
	"él" Pronoun PPX Plural lang:es 00:01:31 00:01:37 tt-1884 MF034_1970_CT_SU2011_VA_02 @Gram:Pron:Sujeto ADD:624 
"<,>"
	"," Punctuation CM lang:es 00:01:31 00:01:37 tt-1885 MF034_1970_CT_SU2011_VA_02 
"<pero>"
	"pero" Conjunction CCAD lang:es 00:01:31 00:01:37 tt-1886 MF034_1970_CT_SU2011_VA_02 @Prag:MarcadoresDisc:Revision ADD:1032 
"<cerca>"
	"cerca" Adverb ADV lang:es 00:01:31 00:01:37 tt-1887 MF034_1970_CT_SU2011_VA_02 
"<de>"
	"de" Preposition PREP lang:es 00:01:31 00:01:37 tt-1888 MF034_1970_CT_SU2011_VA_02 @Gram:Prep ADD:614 
"<las>"
	"el" Determiner ART Plural Fem lang:es 00:01:31 00:01:37 tt-1889 MF034_1970_CT_SU2011_VA_02 @Gram:Det:Art ADD:416 
"<maestras>"
	"maestro" Plural Singular Noun NC lang:es 00:01:31 00:01:37 tt-1890 MF034_1970_CT_SU2011_VA_02 SUBSTITUTE:297 SUBSTITUTE:298 
"<,>"
	"," Punctuation CM lang:es 00:01:31 00:01:37 tt-1891 MF034_1970_CT_SU2011_VA_02 
"<y>"
	"y" Conjunciton Conjunction CC lang:es 00:01:31 00:01:37 tt-1892 MF034_1970_CT_SU2011_VA_02 SUBSTITUTE:385 
"<porque>"
	"porque" Conjunction CSUBX lang:es 00:01:31 00:01:37 tt-1893 MF034_1970_CT_SU2011_VA_02 @Prag:MarcadoresDisc:Causa ADD:1085 
"<yo>"
	"yo" Pronoun PPX Singular lang:es 00:01:31 00:01:37 tt-1894 MF034_1970_CT_SU2011_VA_02 @Gram:Pron:Sujeto ADD:624 
"<quería>"
	"querer" Verb VLfin Imp Indi Sing 1st_or_3rd lang:es 00:01:31 00:01:37 tt-1895 MF034_1970_CT_SU2011_VA_02 @Gram:Imperf ADD:679 
"<aprender>"
	"aprender" Verb VLinf Infinitive lang:es 00:01:31 00:01:37 tt-1896 MF034_1970_CT_SU2011_VA_02 SUBSTITUTE:320 
"<inglés>"
	"inglés" Noun NC Plural lang:es 00:01:31 00:01:37 tt-1897 MF034_1970_CT_SU2011_VA_02 
"<$.>"
	"." Punctuation FS lang:es 00:01:31 00:01:37 tt-1898 MF034_1970_CT_SU2011_VA_02 

"<Y>"
	"y" Conjunciton Conjunction CC lang:es 00:01:31 00:01:37 tt-1899 MF034_1970_CT_SU2011_VA_02 SUBSTITUTE:385 
"<yo>"
	"yo" Pronoun PPX Singular lang:es 00:01:31 00:01:37 tt-1900 MF034_1970_CT_SU2011_VA_02 @Gram:Pron:Sujeto ADD:624 
"<veía>"
	"ver" Verb VLfin Imp Indi Sing 1st_or_3rd lang:es 00:01:37 00:01:44 tt-1901 MF034_1970_CT_SU2011_VA_02 @Gram:Imperf ADD:679 
"<en>"
	"en" Preposition PREP lang:es 00:01:37 00:01:44 tt-1902 MF034_1970_CT_SU2011_VA_02 @Gram:Prep ADD:614 
"<eso>"
	"ese" Determiner DM Singular lang:es 00:01:37 00:01:44 tt-1903 MF034_1970_CT_SU2011_VA_02 @Gram:Det:Demo ADD:439 
"<una>"
	"un" Determiner ART Singular lang:es 00:01:37 00:01:44 tt-1904 MF034_1970_CT_SU2011_VA_02 
"<oportunidad>"
	"oportunidad" Noun NC Singular lang:es 00:01:37 00:01:44 tt-1905 MF034_1970_CT_SU2011_VA_02 
"<para>"
	"para" Preposition PREP lang:es 00:01:37 00:01:44 tt-1906 MF034_1970_CT_SU2011_VA_02 @Gram:Prep:Para SUBSTITUTE:336 ADD:585 
"<...>"
	"..." Punctuation DOTS lang:es 00:01:37 00:01:44 tt-1907 MF034_1970_CT_SU2011_VA_02 
"<para>"
	"para" Preposition PREP lang:es 00:01:37 00:01:44 tt-1908 MF034_1970_CT_SU2011_VA_02 @Gram:Prep:Para SUBSTITUTE:336 ADD:559 
"<desarrollar>"
	"desarrollar" Verb VLinf Infinitive lang:es 00:01:37 00:01:44 tt-1909 MF034_1970_CT_SU2011_VA_02 SUBSTITUTE:320 
"<el>"
	"el" Determiner ART Singular Masc lang:es 00:01:37 00:01:44 tt-1910 MF034_1970_CT_SU2011_VA_02 @Gram:Det:Art ID:258 R:Gram:Genero:ExcepMasc:259 ADD:416 ADDRELATION(Gram:Genero:ExcepMasc):512 
"<idioma>"
	"idioma" Noun NC Singular lang:es 00:01:37 00:01:44 tt-1911 MF034_1970_CT_SU2011_VA_02 ID:259 
"<,>"
	"," Punctuation CM lang:es 00:01:37 00:01:44 tt-1912 MF034_1970_CT_SU2011_VA_02 
"<porque>"
	"porque" Conjunction CSUBX lang:es 00:01:37 00:01:44 tt-1913 MF034_1970_CT_SU2011_VA_02 @Prag:MarcadoresDisc:Causa ADD:1085 
"<yo>"
	"yo" Pronoun PPX Singular lang:es 00:01:37 00:01:44 tt-1914 MF034_1970_CT_SU2011_VA_02 @Gram:Pron:Sujeto ADD:624 
"<podía>"
	"poder" Verb VLfin Imp Indi Sing 1st_or_3rd lang:es 00:01:37 00:01:44 tt-1915 MF034_1970_CT_SU2011_VA_02 @Gram:Imperf ADD:679 
"<escribirlo>"
	"escribir" Verb VLinf Pres Indi Sing 1st lang:es 00:01:37 00:01:44 tt-1916 MF034_1970_CT_SU2011_VA_02 
"<,>"
	"," Punctuation CM lang:es 00:01:37 00:01:44 tt-1917 MF034_1970_CT_SU2011_VA_02 
"<podía>"
	"poder" Verb VLfin Imp Indi Sing 1st_or_3rd lang:es 00:01:37 00:01:44 tt-1918 MF034_1970_CT_SU2011_VA_02 @Gram:Imperf ADD:679 
"<leerlo>"
	"leer" Verb VLinf Pres Indi Sing 1st lang:es 00:01:45 00:01:51 tt-1919 MF034_1970_CT_SU2011_VA_02 
"<,>"
	"," Punctuation CM lang:es 00:01:45 00:01:51 tt-1920 MF034_1970_CT_SU2011_VA_02 
"<pero>"
	"pero" Conjunction CCAD lang:es 00:01:45 00:01:51 tt-1921 MF034_1970_CT_SU2011_VA_02 @Prag:MarcadoresDisc:Revision ADD:1032 
"<no>"
	"no" Adverb NEG lang:es 00:01:45 00:01:51 tt-1922 MF034_1970_CT_SU2011_VA_02 
"<podía>"
	"poder" Verb VLfin Imp Indi Sing 1st_or_3rd lang:es 00:01:45 00:01:51 tt-1923 MF034_1970_CT_SU2011_VA_02 @Gram:Imperf ADD:679 
"<hablarlo>"
	"hablar" Verb VLinf Pres Indi Sing 1st lang:es 00:01:45 00:01:51 tt-1924 MF034_1970_CT_SU2011_VA_02 
"<,>"
	"," Punctuation CM lang:es 00:01:45 00:01:51 tt-1925 MF034_1970_CT_SU2011_VA_02 
"<tenía>"
	"tener" Verb VLfin Imp Indi Sing 1st_or_3rd lang:es 00:01:45 00:01:51 tt-1926 MF034_1970_CT_SU2011_VA_02 @Gram:Imperf ADD:679 
"<muchas>"
	"mucho" Determiner QU lang:es 00:01:45 00:01:51 tt-1927 MF034_1970_CT_SU2011_VA_02 @Gram:Det:CuantIndef ADD:468 
"<limitaciones>"
	"limitación" Noun NC Plural lang:es 00:01:45 00:01:51 tt-1928 MF034_1970_CT_SU2011_VA_02 
"<,>"
	"," Punctuation CM lang:es 00:01:45 00:01:51 tt-1929 MF034_1970_CT_SU2011_VA_02 
"<entonces>"
	"entonces" Adverb ADV lang:es 00:01:45 00:01:51 tt-1930 MF034_1970_CT_SU2011_VA_02 
"<al>"
	"al" Conjunction CSUBI lang:es 00:01:45 00:01:51 tt-1931 MF034_1970_CT_SU2011_VA_02 
"<estar>"
	"estar" Verb VLinf VEinf Infinitive lang:es 00:01:45 00:01:51 tt-1932 MF034_1970_CT_SU2011_VA_02 @Gram:SerEstar:Estar ID:280 R:Gram:SerEstar:EstarAux:281 SUBSTITUTE:320 ADD:812 ADDRELATION(Gram:SerEstar:EstarAux):829 
"<viendo>"
	"ver" Verb VLger lang:es 00:01:45 00:01:51 tt-1933 MF034_1970_CT_SU2011_VA_02 ID:281 
"<como>"
	"como" Conjunction CSUBX lang:es 00:01:45 00:01:51 tt-1934 MF034_1970_CT_SU2011_VA_02 
"<la>"
	"el" Determiner ART Singular Fem lang:es 00:01:51 00:01:58 tt-1935 MF034_1970_CT_SU2011_VA_02 @Gram:Det:Art ADD:416 
"<gente>"
	"gente" Noun NC Singular lang:es 00:01:51 00:01:58 tt-1936 MF034_1970_CT_SU2011_VA_02 
"<lo>"
	"él" Pronoun PPC Singular lang:es 00:01:51 00:01:58 tt-1937 MF034_1970_CT_SU2011_VA_02 @Gram:Pron:Objeto ADD:654 
"<habla>"
	"hablar" Verb VLfin Pres Indi Sing 3rd lang:es 00:01:51 00:01:58 tt-1938 MF034_1970_CT_SU2011_VA_02 
"<,>"
	"," Punctuation CM lang:es 00:01:51 00:01:58 tt-1939 MF034_1970_CT_SU2011_VA_02 
"<eso>"
	"ese" Determiner DM Singular lang:es 00:01:51 00:01:58 tt-1940 MF034_1970_CT_SU2011_VA_02 
"<fue>"
	"ser" Verb VSfin Pret Indi Sing 3rd lang:es 00:01:51 00:01:58 tt-1941 MF034_1970_CT_SU2011_VA_02 @Gram:Indefinido @Gram:SerEstar:Ser ADD:688 ADD:803 
"<lo>"
	"el" Determiner ART Singular lang:es 00:01:51 00:01:58 tt-1942 MF034_1970_CT_SU2011_VA_02 ID:290 R:Gram:Det:LoAdj:291 ADDRELATION(Gram:Det:LoAdj):422 
"<que>"
	"que" Conjunction CQUE lang:es 00:01:51 00:01:58 tt-1943 MF034_1970_CT_SU2011_VA_02 ID:291 
"<me>"
	"yo" Pronoun PPX Singular lang:es 00:01:51 00:01:58 tt-1944 MF034_1970_CT_SU2011_VA_02 @Gram:Pron:Objeto ADD:648 
"<ayudó>"
	"ayudar" Verb VLfin Pret Indi Sing 3rd lang:es 00:01:51 00:01:58 tt-1945 MF034_1970_CT_SU2011_VA_02 @Gram:Indefinido ADD:688 
"<para>"
	"para" Preposition PREP lang:es 00:01:51 00:01:58 tt-1946 MF034_1970_CT_SU2011_VA_02 @Gram:Prep:Para SUBSTITUTE:336 ADD:565 
"<yo>"
	"yo" Pronoun PPX Singular lang:es 00:01:51 00:01:58 tt-1947 MF034_1970_CT_SU2011_VA_02 @Gram:Pron:Sujeto ADD:624 
"<poder>"
	"poder" Verb VLinf VMinf lang:es 00:01:51 00:01:58 tt-1948 MF034_1970_CT_SU2011_VA_02 SUBSTITUTE:320 
<lang code="en">
"<ah>"
	"UNK" Noun NN lang:en 00:01:51 00:01:58 tt-1949 MF034_1970_CT_SU2011_VA_02 
</lang>
"<...>"
	"..." Punctuation DOTS lang:es 00:01:51 00:01:58 tt-1950 MF034_1970_CT_SU2011_VA_02 
"<perfeccionar>"
	"perfeccionar" Verb VLinf Infinitive lang:es 00:01:51 00:01:58 tt-1951 MF034_1970_CT_SU2011_VA_02 SUBSTITUTE:320 
"<el>"
	"el" Determiner ART Singular Masc lang:es 00:01:51 00:01:58 tt-1952 MF034_1970_CT_SU2011_VA_02 @Gram:Det:Art ADD:416 
"<inglés>"
	"inglés" Noun NC Plural lang:es 00:01:51 00:01:58 tt-1953 MF034_1970_CT_SU2011_VA_02 
"<$.>"
	"." Punctuation FS lang:es 00:01:51 00:01:58 tt-1954 MF034_1970_CT_SU2011_VA_02 
<lang code="en">

"<Ah>"
	"ah" Other UH lang:en 00:01:51 00:01:58 tt-1955 MF034_1970_CT_SU2011_VA_02 
</lang>
"<...>"
	"..." Punctuation DOTS lang:es 00:01:51 00:01:58 tt-1956 MF034_1970_CT_SU2011_VA_02 
"<fue>"
	"ir" Verb VLfin Pret Indi Sing 3rd lang:es 00:01:51 00:01:58 tt-1957 MF034_1970_CT_SU2011_VA_02 @Gram:Indefinido ADD:688 
</speaker>
</text>

