<text id="MF051_1974_GV_FA2011_JT_01">
<speaker type="int">
<lang code="en">
"<Ah>"
	"ah" Other UH lang:en 00:00:00 00:00:07 tt-2304 MF051_1974_GV_FA2011_JT_01 
</lang>
"<,>"
	"," Punctuation CM lang:es 00:00:00 00:00:07 tt-2305 MF051_1974_GV_FA2011_JT_01 
"<muy>"
	"muy" Adverb ADV lang:es 00:00:00 00:00:07 tt-2306 MF051_1974_GV_FA2011_JT_01 
"<bien>"
	"bien" Adverb ADV lang:es 00:00:00 00:00:07 tt-2307 MF051_1974_GV_FA2011_JT_01 
"<$.>"
	"." Punctuation FS lang:es 00:00:00 00:00:07 tt-2308 MF051_1974_GV_FA2011_JT_01 

"<Eh>"
	"eh" Noun NP Singular lang:es 00:00:00 00:00:07 tt-2309 MF051_1974_GV_FA2011_JT_01 
"<...>"
	"..." Punctuation DOTS lang:es 00:00:00 00:00:07 tt-2310 MF051_1974_GV_FA2011_JT_01 
"<dices>"
	"decir" Verb VLfin Pres Indi Sing 2nd lang:es 00:00:00 00:00:07 tt-2311 MF051_1974_GV_FA2011_JT_01 
"<que>"
	"que" Conjunction CQUE lang:es 00:00:00 00:00:07 tt-2312 MF051_1974_GV_FA2011_JT_01 
"<actualmente>"
	"actualmente" Adverb ADV lang:es 00:00:00 00:00:07 tt-2313 MF051_1974_GV_FA2011_JT_01 
"<trabajas>"
	"trabajar" Verb VLfin Pres Indi Sing 2nd lang:es 00:00:00 00:00:07 tt-2314 MF051_1974_GV_FA2011_JT_01 
"<dentro>"
	"dentro" Preposition PREP lang:es 00:00:00 00:00:07 tt-2315 MF051_1974_GV_FA2011_JT_01 @Gram:Prep 
"<de>"
	"de" Preposition PREP lang:es 00:00:00 00:00:07 tt-2316 MF051_1974_GV_FA2011_JT_01 @Gram:Prep 
"<una>"
	"un" Determiner ART Singular lang:es 00:00:00 00:00:07 tt-2317 MF051_1974_GV_FA2011_JT_01 
"<escuela>"
	"escuela" Noun NC Singular lang:es 00:00:00 00:00:07 tt-2318 MF051_1974_GV_FA2011_JT_01 
"<,>"
	"," Punctuation CM lang:es 00:00:00 00:00:07 tt-2319 MF051_1974_GV_FA2011_JT_01 
"<$¿>"
	"¿" Punctuation FS lang:es 00:00:00 00:00:07 tt-2320 MF051_1974_GV_FA2011_JT_01 
"<eres>"
	"ser" Verb VSfin Pres Indi Sing 2nd lang:es 00:00:00 00:00:07 tt-2321 MF051_1974_GV_FA2011_JT_01 @Gram:SerEstar:Ser 
"<maestra>"
	"maestro" Plural Noun Singular lang:es 00:00:00 00:00:07 tt-2322 MF051_1974_GV_FA2011_JT_01 
"<,>"
	"," Punctuation CM lang:es 00:00:00 00:00:07 tt-2323 MF051_1974_GV_FA2011_JT_01 
"<o>"
	"o" Conjunction CC lang:es 00:00:07 00:00:08 tt-2324 MF051_1974_GV_FA2011_JT_01 
"<...>"
	"..." Punctuation DOTS lang:es 00:00:07 00:00:08 tt-2325 MF051_1974_GV_FA2011_JT_01 
"<$?>"
	"?" Punctuation FS lang:es 00:00:07 00:00:08 tt-2326 MF051_1974_GV_FA2011_JT_01 
</speaker>
<speaker type="subj">

"<Estuve>"
	"estar" Verb VEfin Pret Indi Sing 1st lang:es 00:00:08 00:00:14 tt-2327 MF051_1974_GV_FA2011_JT_01 @Gram:Indefinido @Gram:SerEstar:Estar 
"<diez>"
	"diez" Determiner CARD Singular lang:es 00:00:08 00:00:14 tt-2328 MF051_1974_GV_FA2011_JT_01 
"<años>"
	"año" Noun NC Plural lang:es 00:00:08 00:00:14 tt-2329 MF051_1974_GV_FA2011_JT_01 
"<...>"
	"..." Punctuation DOTS lang:es 00:00:08 00:00:14 tt-2330 MF051_1974_GV_FA2011_JT_01 
"<sí>"
	"sí" Adverb ADV lang:es 00:00:08 00:00:14 tt-2331 MF051_1974_GV_FA2011_JT_01 
"<,>"
	"," Punctuation CM lang:es 00:00:08 00:00:14 tt-2332 MF051_1974_GV_FA2011_JT_01 
"<trabajo>"
	"trabajo" Noun NC Singular lang:es 00:00:08 00:00:14 tt-2333 MF051_1974_GV_FA2011_JT_01 
"<en>"
	"en" Preposition PREP lang:es 00:00:08 00:00:14 tt-2334 MF051_1974_GV_FA2011_JT_01 @Gram:Prep 
"<una>"
	"un" Determiner ART Singular lang:es 00:00:08 00:00:14 tt-2335 MF051_1974_GV_FA2011_JT_01 
"<preparatoria>"
	"preparatorio" Adjective ADJ Singular lang:es 00:00:08 00:00:14 tt-2336 MF051_1974_GV_FA2011_JT_01 
"<primero>"
	"primero" Adverb ADV lang:es 00:00:08 00:00:14 tt-2337 MF051_1974_GV_FA2011_JT_01 
"<que>"
	"que" Conjunction CQUE lang:es 00:00:08 00:00:14 tt-2338 MF051_1974_GV_FA2011_JT_01 
"<nada>"
	"nada" Determiner QU lang:es 00:00:08 00:00:14 tt-2339 MF051_1974_GV_FA2011_JT_01 
"<...>"
	"..." Punctuation DOTS lang:es 00:00:08 00:00:14 tt-2340 MF051_1974_GV_FA2011_JT_01 
"<este>"
	"este" Noun NC Singular lang:es 00:00:08 00:00:14 tt-2341 MF051_1974_GV_FA2011_JT_01 
"<...>"
	"..." Punctuation DOTS lang:es 00:00:08 00:00:14 tt-2342 MF051_1974_GV_FA2011_JT_01 
"<estuve>"
	"estar" Verb VEfin Pret Indi Sing 1st lang:es 00:00:08 00:00:14 tt-2343 MF051_1974_GV_FA2011_JT_01 @Gram:Indefinido @Gram:SerEstar:Estar 
"<diez>"
	"diez" Determiner CARD Singular lang:es 00:00:14 00:00:20 tt-2344 MF051_1974_GV_FA2011_JT_01 
"<años>"
	"año" Noun NC Plural lang:es 00:00:14 00:00:20 tt-2345 MF051_1974_GV_FA2011_JT_01 
"<en>"
	"en" Preposition PREP lang:es 00:00:14 00:00:20 tt-2346 MF051_1974_GV_FA2011_JT_01 @Gram:Prep 
"<un>"
	"un" Determiner ART Singular lang:es 00:00:14 00:00:20 tt-2347 MF051_1974_GV_FA2011_JT_01 
"<laboratorio>"
	"laboratorio" Noun NC Singular lang:es 00:00:14 00:00:20 tt-2348 MF051_1974_GV_FA2011_JT_01 
"<de>"
	"de" Preposition PREP lang:es 00:00:14 00:00:20 tt-2349 MF051_1974_GV_FA2011_JT_01 @Gram:Prep 
"<computación>"
	"computación" Noun NC Singular lang:es 00:00:14 00:00:20 tt-2350 MF051_1974_GV_FA2011_JT_01 
"<donde>"
	"donde" Adverb ADV lang:es 00:00:14 00:00:20 tt-2351 MF051_1974_GV_FA2011_JT_01 
"<está>"
	"estar" Verb VEfin Pres Indi Sing 3rd lang:es 00:00:14 00:00:20 tt-2352 MF051_1974_GV_FA2011_JT_01 @Gram:SerEstar:Estar 
"<el>"
	"el" Determiner ART Singular Masc lang:es 00:00:14 00:00:20 tt-2353 MF051_1974_GV_FA2011_JT_01 @Gram:Det:Art ID:50 R:Gram:Genero:ExcepMasc:51 
"<programa>"
	"programa" Noun NC Singular lang:es 00:00:14 00:00:20 tt-2354 MF051_1974_GV_FA2011_JT_01 ID:51 
"<de>"
	"de" Preposition PREP lang:es 00:00:14 00:00:20 tt-2355 MF051_1974_GV_FA2011_JT_01 @Gram:Prep 
"<recuperación>"
	"recuperación" Noun NC Singular lang:es 00:00:14 00:00:20 tt-2356 MF051_1974_GV_FA2011_JT_01 
"<de>"
	"de" Preposition PREP lang:es 00:00:20 00:00:26 tt-2357 MF051_1974_GV_FA2011_JT_01 @Gram:Prep 
"<créditos>"
	"crédito" Noun NC Plural lang:es 00:00:20 00:00:26 tt-2358 MF051_1974_GV_FA2011_JT_01 
"<$.>"
	"." Punctuation FS lang:es 00:00:20 00:00:26 tt-2359 MF051_1974_GV_FA2011_JT_01 

"<Eh>"
	"eh" Noun NP Singular lang:es 00:00:20 00:00:26 tt-2360 MF051_1974_GV_FA2011_JT_01 
"<...>"
	"..." Punctuation DOTS lang:es 00:00:20 00:00:26 tt-2361 MF051_1974_GV_FA2011_JT_01 
"<yo>"
	"yo" Pronoun PPX Singular lang:es 00:00:20 00:00:26 tt-2362 MF051_1974_GV_FA2011_JT_01 @Gram:Pron:Sujeto 
"<estuve>"
	"estar" Verb VEfin Pret Indi Sing 1st lang:es 00:00:20 00:00:26 tt-2363 MF051_1974_GV_FA2011_JT_01 @Gram:Indefinido @Gram:SerEstar:Estar 
"<a>"
	"a" Preposition PREP lang:es 00:00:20 00:00:26 tt-2364 MF051_1974_GV_FA2011_JT_01 @Gram:Prep 
"<cargo>"
	"cargo" Noun NC Singular lang:es 00:00:20 00:00:26 tt-2365 MF051_1974_GV_FA2011_JT_01 
"<diez>"
	"diez" Determiner CARD Singular lang:es 00:00:20 00:00:26 tt-2366 MF051_1974_GV_FA2011_JT_01 
"<años>"
	"año" Noun NC Plural lang:es 00:00:20 00:00:26 tt-2367 MF051_1974_GV_FA2011_JT_01 
"<allí>"
	"allí" Adverb ADV lang:es 00:00:20 00:00:26 tt-2368 MF051_1974_GV_FA2011_JT_01 
"<con>"
	"con" Preposition PREP lang:es 00:00:20 00:00:26 tt-2369 MF051_1974_GV_FA2011_JT_01 @Gram:Prep 
"<estudiantes>"
	"estudiante" Noun NC Plural lang:es 00:00:20 00:00:26 tt-2370 MF051_1974_GV_FA2011_JT_01 
"<y>"
	"y" Conjunction CC lang:es 00:00:20 00:00:26 tt-2371 MF051_1974_GV_FA2011_JT_01 
"<prácticamente>"
	"prácticamente" Adverb ADV lang:es 00:00:20 00:00:26 tt-2372 MF051_1974_GV_FA2011_JT_01 
"<era>"
	"ser" Verb VEfin Imp Indi Sing 1st_or_3rd lang:es 00:00:20 00:00:26 tt-2373 MF051_1974_GV_FA2011_JT_01 @Gram:Imperf @Gram:SerEstar:Ser 
"<la>"
	"el" Determiner ART Singular Fem lang:es 00:00:26 00:00:31 tt-2374 MF051_1974_GV_FA2011_JT_01 @Gram:Det:Art 
"<maestra>"
	"maestro" Plural Singular Noun NC lang:es 00:00:26 00:00:31 tt-2375 MF051_1974_GV_FA2011_JT_01 
"<$.>"
	"." Punctuation FS lang:es 00:00:26 00:00:31 tt-2376 MF051_1974_GV_FA2011_JT_01 

"<Y>"
	"y" Conjunction CC lang:es 00:00:26 00:00:31 tt-2377 MF051_1974_GV_FA2011_JT_01 
"<eran>"
	"ser" Verb VSfin Imp Indi Plural 3rd lang:es 00:00:26 00:00:31 tt-2378 MF051_1974_GV_FA2011_JT_01 @Gram:Imperf @Gram:SerEstar:Ser 
"<de>"
	"de" Preposition PREP lang:es 00:00:26 00:00:31 tt-2379 MF051_1974_GV_FA2011_JT_01 @Gram:Prep 
"<todas>"
	"todo" Determiner QU lang:es 00:00:26 00:00:31 tt-2380 MF051_1974_GV_FA2011_JT_01 
"<las>"
	"el" Determiner ART Plural Fem lang:es 00:00:26 00:00:31 tt-2381 MF051_1974_GV_FA2011_JT_01 @Gram:Det:Art 
"<diferentes>"
	"diferente" Adjective ADJ Plural lang:es 00:00:26 00:00:31 tt-2382 MF051_1974_GV_FA2011_JT_01 
"<materias>"
	"materia" Noun NC Plural lang:es 00:00:26 00:00:31 tt-2383 MF051_1974_GV_FA2011_JT_01 
"<$.>"
	"." Punctuation FS lang:es 00:00:26 00:00:31 tt-2384 MF051_1974_GV_FA2011_JT_01 

"<Lógico>"
	"lógico" Adjective ADJ Singular lang:es 00:00:26 00:00:31 tt-2385 MF051_1974_GV_FA2011_JT_01 
"<,>"
	"," Punctuation CM lang:es 00:00:26 00:00:31 tt-2386 MF051_1974_GV_FA2011_JT_01 
"<no>"
	"no" Adverb NEG lang:es 00:00:26 00:00:31 tt-2387 MF051_1974_GV_FA2011_JT_01 
"<sabía>"
	"saber" Verb VLfin Imp Indi Sing 1st_or_3rd lang:es 00:00:26 00:00:31 tt-2388 MF051_1974_GV_FA2011_JT_01 @Gram:Imperf 
"<todas>"
	"todo" Determiner QU lang:es 00:00:26 00:00:31 tt-2389 MF051_1974_GV_FA2011_JT_01 
"<las>"
	"el" Determiner ART Plural Fem lang:es 00:00:26 00:00:31 tt-2390 MF051_1974_GV_FA2011_JT_01 @Gram:Det:Art 
"<materias>"
	"materia" Noun NC Plural lang:es 00:00:26 00:00:31 tt-2391 MF051_1974_GV_FA2011_JT_01 
"<,>"
	"," Punctuation CM lang:es 00:00:26 00:00:31 tt-2392 MF051_1974_GV_FA2011_JT_01 
"<pero>"
	"pero" Conjunction CCAD lang:es 00:00:31 00:00:38 tt-2393 MF051_1974_GV_FA2011_JT_01 @Prag:MarcadoresDisc:Revision 
"<siempre>"
	"siempre" Adverb ADV lang:es 00:00:31 00:00:38 tt-2394 MF051_1974_GV_FA2011_JT_01 
"<cuando>"
	"cuando" Conjunction CSUBX lang:es 00:00:31 00:00:38 tt-2395 MF051_1974_GV_FA2011_JT_01 
"<hay>"
	"haber" Verb VHfin Pres Indi Sing 3rd lang:es 00:00:31 00:00:38 tt-2396 MF051_1974_GV_FA2011_JT_01 @Gram:Haber:Exist 
"<un>"
	"un" Determiner ART Singular lang:es 00:00:31 00:00:38 tt-2397 MF051_1974_GV_FA2011_JT_01 
"<...>"
	"..." Punctuation DOTS lang:es 00:00:31 00:00:38 tt-2398 MF051_1974_GV_FA2011_JT_01 
"<cuando>"
	"cuando" Conjunction CSUBX lang:es 00:00:31 00:00:38 tt-2399 MF051_1974_GV_FA2011_JT_01 
"<tú>"
	"tú" Pronoun PPX Singular lang:es 00:00:31 00:00:38 tt-2400 MF051_1974_GV_FA2011_JT_01 @Gram:Pron:Sujeto 
"<quieres>"
	"querer" Verb VLfin Pres Indi Sing 2nd lang:es 00:00:31 00:00:38 tt-2401 MF051_1974_GV_FA2011_JT_01 
"<realmente>"
	"realmente" Adverb ADV lang:es 00:00:31 00:00:38 tt-2402 MF051_1974_GV_FA2011_JT_01 
"<ayudar>"
	"ayudar" Verb VLinf Infinitive lang:es 00:00:31 00:00:38 tt-2403 MF051_1974_GV_FA2011_JT_01 
"<a>"
	"a" Preposition PREP lang:es 00:00:31 00:00:38 tt-2404 MF051_1974_GV_FA2011_JT_01 @Gram:Prep 
"<alguien>"
	"UNK" Noun NC Singular lang:es 00:00:31 00:00:38 tt-2405 MF051_1974_GV_FA2011_JT_01 
"<siempre>"
	"siempre" Adverb ADV lang:es 00:00:31 00:00:38 tt-2406 MF051_1974_GV_FA2011_JT_01 
"<hay>"
	"haber" Verb VHfin Pres Indi Sing 3rd lang:es 00:00:31 00:00:38 tt-2407 MF051_1974_GV_FA2011_JT_01 @Gram:Haber:Exist 
"<una>"
	"un" Determiner ART Singular lang:es 00:00:31 00:00:38 tt-2408 MF051_1974_GV_FA2011_JT_01 
"<puerta>"
	"puerta" Noun NC Singular lang:es 00:00:38 00:00:43 tt-2409 MF051_1974_GV_FA2011_JT_01 
"<$¿>"
	"¿" Punctuation FS lang:es 00:00:38 00:00:43 tt-2410 MF051_1974_GV_FA2011_JT_01 
"<no>"
	"no" Adverb NEG lang:es 00:00:38 00:00:43 tt-2411 MF051_1974_GV_FA2011_JT_01 
"<$?>"
	"?" Punctuation FS lang:es 00:00:38 00:00:43 tt-2412 MF051_1974_GV_FA2011_JT_01 

"<donde>"
	"donde" Adverb ADV lang:es 00:00:38 00:00:43 tt-2413 MF051_1974_GV_FA2011_JT_01 
"<puedes>"
	"poder" Verb VLfin Pres Indi Sing 2nd lang:es 00:00:38 00:00:43 tt-2414 MF051_1974_GV_FA2011_JT_01 
"<sacar>"
	"sacar" Verb VLinf Infinitive lang:es 00:00:38 00:00:43 tt-2415 MF051_1974_GV_FA2011_JT_01 
"<esa>"
	"ese" Determiner DM Singular lang:es 00:00:38 00:00:43 tt-2416 MF051_1974_GV_FA2011_JT_01 
"<ayuda>"
	"ayuda" Noun NC Singular lang:es 00:00:38 00:00:43 tt-2417 MF051_1974_GV_FA2011_JT_01 
"<$.>"
	"." Punctuation FS lang:es 00:00:38 00:00:43 tt-2418 MF051_1974_GV_FA2011_JT_01 

"<Y>"
	"y" Conjunction CC lang:es 00:00:38 00:00:43 tt-2419 MF051_1974_GV_FA2011_JT_01 
"<estuve>"
	"estar" Verb VEfin Pret Indi Sing 1st lang:es 00:00:38 00:00:43 tt-2420 MF051_1974_GV_FA2011_JT_01 @Gram:Indefinido @Gram:SerEstar:Estar 
"<diez>"
	"diez" Determiner CARD Singular lang:es 00:00:38 00:00:43 tt-2421 MF051_1974_GV_FA2011_JT_01 
"<años>"
	"año" Noun NC Plural lang:es 00:00:38 00:00:43 tt-2422 MF051_1974_GV_FA2011_JT_01 
"<allí>"
	"allí" Adverb ADV lang:es 00:00:38 00:00:43 tt-2423 MF051_1974_GV_FA2011_JT_01 
"<$.>"
	"." Punctuation FS lang:es 00:00:38 00:00:43 tt-2424 MF051_1974_GV_FA2011_JT_01 

"<Y>"
	"y" Conjunction CC lang:es 00:00:38 00:00:43 tt-2425 MF051_1974_GV_FA2011_JT_01 
"<ahorita>"
	"ahora" Adverb ADV lang:es 00:00:38 00:00:43 tt-2426 MF051_1974_GV_FA2011_JT_01 
"<actualmente>"
	"actualmente" Adverb ADV lang:es 00:00:38 00:00:43 tt-2427 MF051_1974_GV_FA2011_JT_01 
"<estoy>"
	"estar" Verb VEfin Pres Indi Sing 1st lang:es 00:00:43 00:00:49 tt-2428 MF051_1974_GV_FA2011_JT_01 @Gram:SerEstar:Estar 
"<en>"
	"en" Preposition PREP lang:es 00:00:43 00:00:49 tt-2429 MF051_1974_GV_FA2011_JT_01 @Gram:Prep 
"<...>"
	"..." Punctuation DOTS lang:es 00:00:43 00:00:49 tt-2430 MF051_1974_GV_FA2011_JT_01 
"<trabajando>"
	"trabajar" Verb VLger lang:es 00:00:43 00:00:49 tt-2431 MF051_1974_GV_FA2011_JT_01 
"<con>"
	"con" Preposition PREP lang:es 00:00:43 00:00:49 tt-2432 MF051_1974_GV_FA2011_JT_01 @Gram:Prep 
"<la>"
	"el" Determiner ART Singular Fem lang:es 00:00:43 00:00:49 tt-2433 MF051_1974_GV_FA2011_JT_01 @Gram:Det:Art 
"<administración>"
	"administración" Noun NC Singular lang:es 00:00:43 00:00:49 tt-2434 MF051_1974_GV_FA2011_JT_01 
"<$.>"
	"." Punctuation FS lang:es 00:00:43 00:00:49 tt-2435 MF051_1974_GV_FA2011_JT_01 

"<Estoy>"
	"estar" Verb VEfin Pres Indi Sing 1st lang:es 00:00:43 00:00:49 tt-2436 MF051_1974_GV_FA2011_JT_01 @Gram:SerEstar:Estar 
"<a>"
	"a" Preposition PREP lang:es 00:00:43 00:00:49 tt-2437 MF051_1974_GV_FA2011_JT_01 @Gram:Prep 
"<cargo>"
	"cargo" Noun NC Singular lang:es 00:00:43 00:00:49 tt-2438 MF051_1974_GV_FA2011_JT_01 
"<de>"
	"de" Preposition PREP lang:es 00:00:43 00:00:49 tt-2439 MF051_1974_GV_FA2011_JT_01 @Gram:Prep 
"<toda>"
	"todo" Determiner QU lang:es 00:00:43 00:00:49 tt-2440 MF051_1974_GV_FA2011_JT_01 
"<la>"
	"el" Determiner ART Singular Fem lang:es 00:00:43 00:00:49 tt-2441 MF051_1974_GV_FA2011_JT_01 @Gram:Det:Art 
"<documentación>"
	"documentación" Noun NC Singular lang:es 00:00:43 00:00:49 tt-2442 MF051_1974_GV_FA2011_JT_01 
"<de>"
	"de" Preposition PREP lang:es 00:00:43 00:00:49 tt-2443 MF051_1974_GV_FA2011_JT_01 @Gram:Prep 
"<lo>"
	"el" Determiner ART Singular lang:es 00:00:49 00:00:56 tt-2444 MF051_1974_GV_FA2011_JT_01 ID:141 R:Gram:Det:LoAdj:142 
"<que>"
	"que" Conjunction CQUE lang:es 00:00:49 00:00:56 tt-2445 MF051_1974_GV_FA2011_JT_01 ID:142 
"<es>"
	"ser" Verb VSfin Pres Indi Sing 3rd lang:es 00:00:49 00:00:56 tt-2446 MF051_1974_GV_FA2011_JT_01 @Gram:SerEstar:Ser 
"<cuando>"
	"cuando" Conjunction CSUBX lang:es 00:00:49 00:00:56 tt-2447 MF051_1974_GV_FA2011_JT_01 
"<un>"
	"un" Determiner ART Singular lang:es 00:00:49 00:00:56 tt-2448 MF051_1974_GV_FA2011_JT_01 
"<estudiante>"
	"estudiante" Noun NC Singular lang:es 00:00:49 00:00:56 tt-2449 MF051_1974_GV_FA2011_JT_01 
"<comete>"
	"cometer" Verb VLfin Pres Indi Sing 3rd lang:es 00:00:49 00:00:56 tt-2450 MF051_1974_GV_FA2011_JT_01 
"<una>"
	"un" Determiner ART Singular lang:es 00:00:49 00:00:56 tt-2451 MF051_1974_GV_FA2011_JT_01 
"<felonía>"
	"UNK" Noun NC Singular lang:es 00:00:49 00:00:56 tt-2452 MF051_1974_GV_FA2011_JT_01 
"<,>"
	"," Punctuation CM lang:es 00:00:49 00:00:56 tt-2453 MF051_1974_GV_FA2011_JT_01 
"<ya>"
	"ya" Adverb ADV lang:es 00:00:49 00:00:56 tt-2454 MF051_1974_GV_FA2011_JT_01 
"<sea>"
	"ser" Verb VSfin Pres Subj Sing 1st_or_3rd lang:es 00:00:49 00:00:56 tt-2455 MF051_1974_GV_FA2011_JT_01 @Gram:MSub:Pres @Gram:SerEstar:Ser 
"<que>"
	"que" Conjunction CQUE lang:es 00:00:49 00:00:56 tt-2456 MF051_1974_GV_FA2011_JT_01 
"<tenga>"
	"tener" Verb VLfin Pres Subj Sing 1st_or_3rd lang:es 00:00:49 00:00:56 tt-2457 MF051_1974_GV_FA2011_JT_01 @Gram:MSub:Pres 
"<posesión>"
	"posesión" Noun NC Singular lang:es 00:00:49 00:00:56 tt-2458 MF051_1974_GV_FA2011_JT_01 
"<de>"
	"de" Preposition PREP lang:es 00:00:49 00:00:56 tt-2459 MF051_1974_GV_FA2011_JT_01 @Gram:Prep 
"<drogas>"
	"drogar" Verb VLfin Pres Indi Sing 2nd lang:es 00:00:49 00:00:56 tt-2460 MF051_1974_GV_FA2011_JT_01 
"<,>"
	"," Punctuation CM lang:es 00:00:49 00:00:56 tt-2461 MF051_1974_GV_FA2011_JT_01 
"<que>"
	"que" Conjunction CQUE lang:es 00:00:56 00:01:03 tt-2462 MF051_1974_GV_FA2011_JT_01 
"<haiga>"
	"UNK" Verb VLfin Pres Indi Sing 3rd lang:es 00:00:56 00:01:03 tt-2463 MF051_1974_GV_FA2011_JT_01 
"<llevado>"
	"llevar" Verb VLadj lang:es 00:00:56 00:01:03 tt-2464 MF051_1974_GV_FA2011_JT_01 
"<un>"
	"un" Determiner ART Singular lang:es 00:00:56 00:01:03 tt-2465 MF051_1974_GV_FA2011_JT_01 
"<arma>"
	"arma" Noun NC Singular lang:es 00:00:56 00:01:03 tt-2466 MF051_1974_GV_FA2011_JT_01 
"<a>"
	"a" Preposition PREP lang:es 00:00:56 00:01:03 tt-2467 MF051_1974_GV_FA2011_JT_01 @Gram:Prep 
"<la>"
	"el" Determiner ART Singular Fem lang:es 00:00:56 00:01:03 tt-2468 MF051_1974_GV_FA2011_JT_01 @Gram:Det:Art 
"<escuela>"
	"escuela" Noun NC Singular lang:es 00:00:56 00:01:03 tt-2469 MF051_1974_GV_FA2011_JT_01 
"<ilegal>"
	"ilegal" Adjective ADJ Singular lang:es 00:00:56 00:01:03 tt-2470 MF051_1974_GV_FA2011_JT_01 
"<,>"
	"," Punctuation CM lang:es 00:00:56 00:01:03 tt-2471 MF051_1974_GV_FA2011_JT_01 
"<o>"
	"o" Conjunction CC lang:es 00:00:56 00:01:03 tt-2472 MF051_1974_GV_FA2011_JT_01 
"<esté>"
	"estar" Verb VEfin Pres Subj Sing 1st_or_3rd lang:es 00:00:56 00:01:03 tt-2473 MF051_1974_GV_FA2011_JT_01 @Gram:MSub:Pres @Gram:SerEstar:Estar 
"<en>"
	"en" Preposition PREP lang:es 00:00:56 00:01:03 tt-2474 MF051_1974_GV_FA2011_JT_01 @Gram:Prep 
"<una>"
	"un" Determiner ART Singular lang:es 00:00:56 00:01:03 tt-2475 MF051_1974_GV_FA2011_JT_01 
"<confrontación>"
	"confrontación" Noun NC Singular lang:es 00:00:56 00:01:03 tt-2476 MF051_1974_GV_FA2011_JT_01 
"<,>"
	"," Punctuation CM lang:es 00:00:56 00:01:03 tt-2477 MF051_1974_GV_FA2011_JT_01 
"<en>"
	"en" Preposition PREP lang:es 00:00:56 00:01:03 tt-2478 MF051_1974_GV_FA2011_JT_01 @Gram:Prep 
"<un>"
	"un" Determiner ART Singular lang:es 00:00:56 00:01:03 tt-2479 MF051_1974_GV_FA2011_JT_01 
"<pleito>"
	"pleito" Noun NC Singular lang:es 00:00:56 00:01:03 tt-2480 MF051_1974_GV_FA2011_JT_01 
"<,>"
	"," Punctuation CM lang:es 00:00:56 00:01:03 tt-2481 MF051_1974_GV_FA2011_JT_01 
"<o>"
	"o" Conjunction CC lang:es 00:01:04 00:01:11 tt-2482 MF051_1974_GV_FA2011_JT_01 
"<esté>"
	"estar" Verb VEfin Pres Subj Sing 1st_or_3rd lang:es 00:01:04 00:01:11 tt-2483 MF051_1974_GV_FA2011_JT_01 @Gram:MSub:Pres @Gram:SerEstar:Estar 
"<en>"
	"en" Preposition PREP lang:es 00:01:04 00:01:11 tt-2484 MF051_1974_GV_FA2011_JT_01 @Gram:Prep 
"<...>"
	"..." Punctuation DOTS lang:es 00:01:04 00:01:11 tt-2485 MF051_1974_GV_FA2011_JT_01 
"<que>"
	"que" Conjunction CQUE lang:es 00:01:04 00:01:11 tt-2486 MF051_1974_GV_FA2011_JT_01 
"<no>"
	"no" Adverb NEG lang:es 00:01:04 00:01:11 tt-2487 MF051_1974_GV_FA2011_JT_01 
"<va>"
	"ir" Verb VLfin Pres Indi Sing 3rd lang:es 00:01:04 00:01:11 tt-2488 MF051_1974_GV_FA2011_JT_01 
"<a>"
	"a" Preposition PREP lang:es 00:01:04 00:01:11 tt-2489 MF051_1974_GV_FA2011_JT_01 @Gram:Prep 
"<clase>"
	"clase" Noun NC Singular lang:es 00:01:04 00:01:11 tt-2490 MF051_1974_GV_FA2011_JT_01 
"<,>"
	"," Punctuation CM lang:es 00:01:04 00:01:11 tt-2491 MF051_1974_GV_FA2011_JT_01 
"<cosas>"
	"cosa" Noun NC Plural lang:es 00:01:04 00:01:11 tt-2492 MF051_1974_GV_FA2011_JT_01 
"<así>"
	"así" Adverb ADV lang:es 00:01:04 00:01:11 tt-2493 MF051_1974_GV_FA2011_JT_01 
"<,>"
	"," Punctuation CM lang:es 00:01:04 00:01:11 tt-2494 MF051_1974_GV_FA2011_JT_01 
"<$¿>"
	"¿" Punctuation FS lang:es 00:01:04 00:01:11 tt-2495 MF051_1974_GV_FA2011_JT_01 
"<verdad>"
	"verdad" Noun NC Singular lang:es 00:01:04 00:01:11 tt-2496 MF051_1974_GV_FA2011_JT_01 
"<$?>"
	"?" Punctuation FS lang:es 00:01:04 00:01:11 tt-2497 MF051_1974_GV_FA2011_JT_01 

"<Nosotros>"
	"nosotros" Pronoun PPX Plural lang:es 00:01:04 00:01:11 tt-2498 MF051_1974_GV_FA2011_JT_01 @Gram:Pron:Sujeto 
"<nos>"
	"nosotros" Pronoun PPX Plural lang:es 00:01:04 00:01:11 tt-2499 MF051_1974_GV_FA2011_JT_01 @Gram:Pron:Objeto 
"<encargamos>"
	"encargar" Verb VLfin Pres_or_Pret Indi Plural 1st lang:es 00:01:04 00:01:11 tt-2500 MF051_1974_GV_FA2011_JT_01 
"<de>"
	"de" Preposition PREP lang:es 00:01:04 00:01:11 tt-2501 MF051_1974_GV_FA2011_JT_01 @Gram:Prep 
"<...>"
	"..." Punctuation DOTS lang:es 00:01:04 00:01:11 tt-2502 MF051_1974_GV_FA2011_JT_01 
"<bueno>"
	"bueno" Adjective ADJ Singular lang:es 00:01:04 00:01:11 tt-2503 MF051_1974_GV_FA2011_JT_01 
"<,>"
	"," Punctuation CM lang:es 00:01:04 00:01:11 tt-2504 MF051_1974_GV_FA2011_JT_01 
"<yo>"
	"yo" Pronoun PPX Singular lang:es 00:01:04 00:01:11 tt-2505 MF051_1974_GV_FA2011_JT_01 @Gram:Pron:Sujeto 
"<me>"
	"yo" Pronoun PPX Singular lang:es 00:01:04 00:01:11 tt-2506 MF051_1974_GV_FA2011_JT_01 @Gram:Pron:Objeto 
"<encargo>"
	"encargar" Verb VLfin Pres Indi Sing 1st lang:es 00:01:11 00:01:17 tt-2507 MF051_1974_GV_FA2011_JT_01 
"<de>"
	"de" Preposition PREP lang:es 00:01:11 00:01:17 tt-2508 MF051_1974_GV_FA2011_JT_01 @Gram:Prep 
"<recuperar>"
	"recuperar" Verb VLinf Infinitive lang:es 00:01:11 00:01:17 tt-2509 MF051_1974_GV_FA2011_JT_01 
"<toda>"
	"todo" Determiner QU lang:es 00:01:11 00:01:17 tt-2510 MF051_1974_GV_FA2011_JT_01 
"<la>"
	"el" Determiner ART Singular Fem lang:es 00:01:11 00:01:17 tt-2511 MF051_1974_GV_FA2011_JT_01 @Gram:Det:Art 
"<documentación>"
	"documentación" Noun NC Singular lang:es 00:01:11 00:01:17 tt-2512 MF051_1974_GV_FA2011_JT_01 
"<ya>"
	"ya" Adverb ADV lang:es 00:01:11 00:01:17 tt-2513 MF051_1974_GV_FA2011_JT_01 
"<sea>"
	"ser" Verb VSfin Pres Subj Sing 1st_or_3rd lang:es 00:01:11 00:01:17 tt-2514 MF051_1974_GV_FA2011_JT_01 @Gram:MSub:Pres @Gram:SerEstar:Ser 
"<de>"
	"de" Preposition PREP lang:es 00:01:11 00:01:17 tt-2515 MF051_1974_GV_FA2011_JT_01 @Gram:Prep 
"<los>"
	"el" Determiner ART Plural Masc lang:es 00:01:11 00:01:17 tt-2516 MF051_1974_GV_FA2011_JT_01 @Gram:Det:Art 
"<maestros>"
	"maestro" Plural Singular Noun NC lang:es 00:01:11 00:01:17 tt-2517 MF051_1974_GV_FA2011_JT_01 
"<,>"
	"," Punctuation CM lang:es 00:01:11 00:01:17 tt-2518 MF051_1974_GV_FA2011_JT_01 
"<si>"
	"si" Conjunction CSUBX lang:es 00:01:11 00:01:17 tt-2519 MF051_1974_GV_FA2011_JT_01 
"<la>"
	"el" Determiner ART Singular Fem lang:es 00:01:11 00:01:17 tt-2520 MF051_1974_GV_FA2011_JT_01 @Gram:Det:Art 
"<policía>"
	"policía" Noun NC Singular lang:es 00:01:11 00:01:17 tt-2521 MF051_1974_GV_FA2011_JT_01 
"<estuvo>"
	"estar" Verb VEfin Pret Indi Sing 3rd lang:es 00:01:11 00:01:17 tt-2522 MF051_1974_GV_FA2011_JT_01 @Gram:Indefinido @Gram:SerEstar:Estar 
"<involucrada>"
	"involucrar" Verb VLadj lang:es 00:01:17 00:01:21 tt-2523 MF051_1974_GV_FA2011_JT_01 
"<tengo>"
	"tener" Verb VLfin Pres Indi Sing 1st lang:es 00:01:17 00:01:21 tt-2524 MF051_1974_GV_FA2011_JT_01 
"<que>"
	"que" Conjunction CQUE lang:es 00:01:17 00:01:21 tt-2525 MF051_1974_GV_FA2011_JT_01 
"<ir>"
	"ir" Verb VLinf Infinitive lang:es 00:01:17 00:01:21 tt-2526 MF051_1974_GV_FA2011_JT_01 
"<al>"
	"al" Preposition PAL lang:es 00:01:17 00:01:21 tt-2527 MF051_1974_GV_FA2011_JT_01 @Gram:Prep 
"<departamento>"
	"departamento" Noun NC Singular lang:es 00:01:17 00:01:21 tt-2528 MF051_1974_GV_FA2011_JT_01 
"<de>"
	"de" Preposition PREP lang:es 00:01:17 00:01:21 tt-2529 MF051_1974_GV_FA2011_JT_01 @Gram:Prep 
"<policía>"
	"policía" Noun NC Singular lang:es 00:01:17 00:01:21 tt-2530 MF051_1974_GV_FA2011_JT_01 
"<,>"
	"," Punctuation CM lang:es 00:01:17 00:01:21 tt-2531 MF051_1974_GV_FA2011_JT_01 
"<levantar>"
	"levantar" Verb VLinf Infinitive lang:es 00:01:17 00:01:21 tt-2532 MF051_1974_GV_FA2011_JT_01 
"<un>"
	"un" Determiner ART Singular lang:es 00:01:17 00:01:21 tt-2533 MF051_1974_GV_FA2011_JT_01 
"<reporte>"
	"reporte" Noun NC Singular lang:es 00:01:17 00:01:21 tt-2534 MF051_1974_GV_FA2011_JT_01 
"<$.>"
	"." Punctuation FS lang:es 00:01:17 00:01:21 tt-2535 MF051_1974_GV_FA2011_JT_01 

"<Reporte>"
	"reporte" Noun NC Singular lang:es 00:01:17 00:01:21 tt-2536 MF051_1974_GV_FA2011_JT_01 
"<del>"
	"del" Preposition PDEL lang:es 00:01:17 00:01:21 tt-2537 MF051_1974_GV_FA2011_JT_01 @Gram:Prep 
"<principal>"
	"principal" Adjective ADJ Singular lang:es 00:01:21 00:01:28 tt-2538 MF051_1974_GV_FA2011_JT_01 
"<,>"
	"," Punctuation CM lang:es 00:01:21 00:01:28 tt-2539 MF051_1974_GV_FA2011_JT_01 
"<reporte>"
	"reporte" Noun NC Singular lang:es 00:01:21 00:01:28 tt-2540 MF051_1974_GV_FA2011_JT_01 
"<del>"
	"del" Preposition PDEL lang:es 00:01:21 00:01:28 tt-2541 MF051_1974_GV_FA2011_JT_01 @Gram:Prep 
"<consejero>"
	"consejero" Noun NC Singular lang:es 00:01:21 00:01:28 tt-2542 MF051_1974_GV_FA2011_JT_01 
"<reporte>"
	"reporte" Noun NC Singular lang:es 00:01:21 00:01:28 tt-2543 MF051_1974_GV_FA2011_JT_01 
"<del>"
	"del" Preposition PDEL lang:es 00:01:21 00:01:28 tt-2544 MF051_1974_GV_FA2011_JT_01 @Gram:Prep 
"<liaison>"
	"liaison" Other PE lang:es 00:01:21 00:01:28 tt-2545 MF051_1974_GV_FA2011_JT_01 
"<...>"
	"..." Punctuation DOTS lang:es 00:01:21 00:01:28 tt-2546 MF051_1974_GV_FA2011_JT_01 
"<el>"
	"el" Determiner ART Singular Masc lang:es 00:01:21 00:01:28 tt-2547 MF051_1974_GV_FA2011_JT_01 @Gram:Det:Art 
"<liaison>"
	"liaison" Other PE lang:es 00:01:21 00:01:28 tt-2548 MF051_1974_GV_FA2011_JT_01 
"<es>"
	"ser" Verb VSfin Pres Indi Sing 3rd lang:es 00:01:21 00:01:28 tt-2549 MF051_1974_GV_FA2011_JT_01 @Gram:SerEstar:Ser 
"<el>"
	"el" Determiner ART Singular Masc lang:es 00:01:21 00:01:28 tt-2550 MF051_1974_GV_FA2011_JT_01 @Gram:Det:Art 
"<que>"
	"que" Conjunction CQUE lang:es 00:01:21 00:01:28 tt-2551 MF051_1974_GV_FA2011_JT_01 
"<se>"
	"se" Other SE lang:es 00:01:21 00:01:28 tt-2552 MF051_1974_GV_FA2011_JT_01 
"<encarga>"
	"encargar" Verb VLfin Pres Indi Sing 3rd lang:es 00:01:21 00:01:28 tt-2553 MF051_1974_GV_FA2011_JT_01 
"<este>"
	"este" Determiner DM Singular lang:es 00:01:21 00:01:28 tt-2554 MF051_1974_GV_FA2011_JT_01 @Prag:RecuDiscurso:GanarTiempo 
"<,>"
	"," Punctuation CM lang:es 00:01:21 00:01:28 tt-2555 MF051_1974_GV_FA2011_JT_01 
"<de>"
	"de" Preposition PREP lang:es 00:01:28 00:01:32 tt-2556 MF051_1974_GV_FA2011_JT_01 @Gram:Prep 
"<la>"
	"el" Determiner ART Singular Fem lang:es 00:01:28 00:01:32 tt-2557 MF051_1974_GV_FA2011_JT_01 @Gram:Det:Art 
"<atendencia>"
	"UNK" Noun NC Singular lang:es 00:01:28 00:01:32 tt-2558 MF051_1974_GV_FA2011_JT_01 
"<de>"
	"de" Preposition PREP lang:es 00:01:28 00:01:32 tt-2559 MF051_1974_GV_FA2011_JT_01 @Gram:Prep 
"<los>"
	"el" Determiner ART Plural Masc lang:es 00:01:28 00:01:32 tt-2560 MF051_1974_GV_FA2011_JT_01 @Gram:Det:Art 
"<estudiantes>"
	"estudiante" Noun NC Plural lang:es 00:01:28 00:01:32 tt-2561 MF051_1974_GV_FA2011_JT_01 
"<por>"
	"por" Preposition PREP lang:es 00:01:28 00:01:32 tt-2562 MF051_1974_GV_FA2011_JT_01 @Gram:Prep:Por 
"<si>"
	"si" Noun NC Singular lang:es 00:01:28 00:01:32 tt-2563 MF051_1974_GV_FA2011_JT_01 
"<no>"
	"no" Adverb NEG lang:es 00:01:28 00:01:32 tt-2564 MF051_1974_GV_FA2011_JT_01 
"<van>"
	"ir" Verb VLfin Pres Indi Plural 3rd lang:es 00:01:28 00:01:32 tt-2565 MF051_1974_GV_FA2011_JT_01 
"<a>"
	"a" Preposition PREP lang:es 00:01:28 00:01:32 tt-2566 MF051_1974_GV_FA2011_JT_01 @Gram:Prep 
"<la>"
	"el" Determiner ART Singular Fem lang:es 00:01:28 00:01:32 tt-2567 MF051_1974_GV_FA2011_JT_01 @Gram:Det:Art 
"<escuela>"
	"escuela" Noun NC Singular lang:es 00:01:28 00:01:32 tt-2568 MF051_1974_GV_FA2011_JT_01 
"<pues>"
	"pues" Conjunction CSUBF lang:es 00:01:28 00:01:32 tt-2569 MF051_1974_GV_FA2011_JT_01 
"<ellos>"
	"él" Pronoun PPX Plural lang:es 00:01:28 00:01:32 tt-2570 MF051_1974_GV_FA2011_JT_01 @Gram:Pron:Sujeto 
"<los>"
	"el" Determiner ART Plural Masc lang:es 00:01:28 00:01:32 tt-2571 MF051_1974_GV_FA2011_JT_01 @Gram:Det:Art 
"<que>"
	"que" Conjunction CQUE lang:es 00:01:28 00:01:32 tt-2572 MF051_1974_GV_FA2011_JT_01 
"<los>"
	"el" Determiner ART Plural Masc lang:es 00:01:28 00:01:32 tt-2573 MF051_1974_GV_FA2011_JT_01 @Gram:Pron:Objeto 
"<llevan>"
	"llevar" Verb VLfin Pres Indi Plural 3rd lang:es 00:01:32 00:01:39 tt-2574 MF051_1974_GV_FA2011_JT_01 
"<a>"
	"a" Preposition PREP lang:es 00:01:32 00:01:39 tt-2575 MF051_1974_GV_FA2011_JT_01 @Gram:Prep 
"<corte>"
	"corte" Noun NC Singular lang:es 00:01:32 00:01:39 tt-2576 MF051_1974_GV_FA2011_JT_01 
"<$.>"
	"." Punctuation FS lang:es 00:01:32 00:01:39 tt-2577 MF051_1974_GV_FA2011_JT_01 

"<Y>"
	"y" Conjunction CC lang:es 00:01:32 00:01:39 tt-2578 MF051_1974_GV_FA2011_JT_01 
"<bueno>"
	"bueno" Adjective ADJ Singular lang:es 00:01:32 00:01:39 tt-2579 MF051_1974_GV_FA2011_JT_01 
"<es>"
	"ser" Verb VSfin Pres Indi Sing 3rd lang:es 00:01:32 00:01:39 tt-2580 MF051_1974_GV_FA2011_JT_01 @Gram:SerEstar:Ser 
"<un>"
	"un" Determiner ART Singular lang:es 00:01:32 00:01:39 tt-2581 MF051_1974_GV_FA2011_JT_01 
"<,>"
	"," Punctuation CM lang:es 00:01:32 00:01:39 tt-2582 MF051_1974_GV_FA2011_JT_01 
"<en>"
	"en" Preposition PREP lang:es 00:01:32 00:01:39 tt-2583 MF051_1974_GV_FA2011_JT_01 @Gram:Prep 
"<fin>"
	"fin" Noun NC Singular lang:es 00:01:32 00:01:39 tt-2584 MF051_1974_GV_FA2011_JT_01 
"<de>"
	"de" Preposition PREP lang:es 00:01:32 00:01:39 tt-2585 MF051_1974_GV_FA2011_JT_01 @Gram:Prep 
"<documentos>"
	"documento" Noun NC Plural lang:es 00:01:32 00:01:39 tt-2586 MF051_1974_GV_FA2011_JT_01 
"<que>"
	"que" Conjunction CQUE lang:es 00:01:32 00:01:39 tt-2587 MF051_1974_GV_FA2011_JT_01 
"<tengo>"
	"tener" Verb VLfin Pres Indi Sing 1st lang:es 00:01:32 00:01:39 tt-2588 MF051_1974_GV_FA2011_JT_01 
"<que>"
	"que" Conjunction CQUE lang:es 00:01:32 00:01:39 tt-2589 MF051_1974_GV_FA2011_JT_01 
"<recuperar>"
	"recuperar" Verb VLinf Infinitive lang:es 00:01:32 00:01:39 tt-2590 MF051_1974_GV_FA2011_JT_01 
"<para>"
	"para" Preposition PREP lang:es 00:01:32 00:01:39 tt-2591 MF051_1974_GV_FA2011_JT_01 @Gram:Prep:Para 
"<que>"
	"que" Conjunction CQUE lang:es 00:01:32 00:01:39 tt-2592 MF051_1974_GV_FA2011_JT_01 
"<antes>"
	"antes" Adverb ADV lang:es 00:01:32 00:01:39 tt-2593 MF051_1974_GV_FA2011_JT_01 
"<de>"
	"de" Preposition PREP lang:es 00:01:32 00:01:39 tt-2594 MF051_1974_GV_FA2011_JT_01 @Gram:Prep 
"<que>"
	"que" Conjunction CQUE lang:es 00:01:39 00:01:42 tt-2595 MF051_1974_GV_FA2011_JT_01 
"<lo>"
	"él" Pronoun PPC Singular lang:es 00:01:39 00:01:42 tt-2596 MF051_1974_GV_FA2011_JT_01 @Gram:Pron:Objeto 
"<lleven>"
	"llevar" Verb VLfin Past Subj Plural 3rd lang:es 00:01:39 00:01:42 tt-2597 MF051_1974_GV_FA2011_JT_01 @Gram:MSub:Pret 
"<a>"
	"a" Preposition PREP lang:es 00:01:39 00:01:42 tt-2598 MF051_1974_GV_FA2011_JT_01 @Gram:Prep 
"<corte>"
	"corte" Noun NC Singular lang:es 00:01:39 00:01:42 tt-2599 MF051_1974_GV_FA2011_JT_01 
"<al>"
	"al" Preposition PAL lang:es 00:01:39 00:01:42 tt-2600 MF051_1974_GV_FA2011_JT_01 @Gram:Prep 
"<estudiante>"
	"estudiante" Noun NC Singular lang:es 00:01:39 00:01:42 tt-2601 MF051_1974_GV_FA2011_JT_01 
"<pueden>"
	"poder" Verb VMfin lang:es 00:01:39 00:01:42 tt-2602 MF051_1974_GV_FA2011_JT_01 
"<presentárselo>"
	"UNK" Verb VLinf Pres Indi Sing 1st lang:es 00:01:39 00:01:42 tt-2603 MF051_1974_GV_FA2011_JT_01 
"<al>"
	"al" Preposition PAL lang:es 00:01:39 00:01:42 tt-2604 MF051_1974_GV_FA2011_JT_01 @Gram:Prep 
"<juez>"
	"juez" Noun NC Singular lang:es 00:01:39 00:01:42 tt-2605 MF051_1974_GV_FA2011_JT_01 
"<$.>"
	"." Punctuation FS lang:es 00:01:39 00:01:42 tt-2606 MF051_1974_GV_FA2011_JT_01 
</speaker>
<speaker type="int">

"<Eh>"
	"eh" Noun NP Singular lang:es 00:01:42 00:01:48 tt-2607 MF051_1974_GV_FA2011_JT_01 
"<...>"
	"..." Punctuation DOTS lang:es 00:01:42 00:01:48 tt-2608 MF051_1974_GV_FA2011_JT_01 
"<antes>"
	"antes" Adverb ADV lang:es 00:01:42 00:01:48 tt-2609 MF051_1974_GV_FA2011_JT_01 
"<de>"
	"de" Preposition PREP lang:es 00:01:42 00:01:48 tt-2610 MF051_1974_GV_FA2011_JT_01 @Gram:Prep 
"<...>"
	"..." Punctuation DOTS lang:es 00:01:42 00:01:48 tt-2611 MF051_1974_GV_FA2011_JT_01 
"<bueno>"
	"bueno" Adjective ADJ Singular lang:es 00:01:42 00:01:48 tt-2612 MF051_1974_GV_FA2011_JT_01 
"<,>"
	"," Punctuation CM lang:es 00:01:42 00:01:48 tt-2613 MF051_1974_GV_FA2011_JT_01 
"<dices>"
	"decir" Verb VLfin Pres Indi Sing 2nd lang:es 00:01:42 00:01:48 tt-2614 MF051_1974_GV_FA2011_JT_01 
"<que>"
	"que" Conjunction CQUE lang:es 00:01:42 00:01:48 tt-2615 MF051_1974_GV_FA2011_JT_01 
"<trabajaste>"
	"trabajar" Verb VLfin Pret Indi Sing 2nd lang:es 00:01:42 00:01:48 tt-2616 MF051_1974_GV_FA2011_JT_01 @Gram:Indefinido 
"<diez>"
	"diez" Determiner CARD Singular lang:es 00:01:42 00:01:48 tt-2617 MF051_1974_GV_FA2011_JT_01 
"<años>"
	"año" Noun NC Plural lang:es 00:01:42 00:01:48 tt-2618 MF051_1974_GV_FA2011_JT_01 
"<,>"
	"," Punctuation CM lang:es 00:01:42 00:01:48 tt-2619 MF051_1974_GV_FA2011_JT_01 
"<cerca>"
	"cerca" Adverb ADV lang:es 00:01:42 00:01:48 tt-2620 MF051_1974_GV_FA2011_JT_01 
"<de>"
	"de" Preposition PREP lang:es 00:01:42 00:01:48 tt-2621 MF051_1974_GV_FA2011_JT_01 @Gram:Prep 
"<diez>"
	"diez" Determiner CARD Singular lang:es 00:01:42 00:01:48 tt-2622 MF051_1974_GV_FA2011_JT_01 
"<años>"
	"año" Noun NC Plural lang:es 00:01:42 00:01:48 tt-2623 MF051_1974_GV_FA2011_JT_01 
"<,>"
	"," Punctuation CM lang:es 00:01:42 00:01:48 tt-2624 MF051_1974_GV_FA2011_JT_01 
"<$¿>"
	"¿" Punctuation FS lang:es 00:01:42 00:01:48 tt-2625 MF051_1974_GV_FA2011_JT_01 
"<verdad>"
	"verdad" Noun NC Singular lang:es 00:01:42 00:01:48 tt-2626 MF051_1974_GV_FA2011_JT_01 
"<$?>"
	"?" Punctuation FS lang:es 00:01:42 00:01:48 tt-2627 MF051_1974_GV_FA2011_JT_01 

"<con>"
	"con" Preposition PREP lang:es 00:01:42 00:01:48 tt-2628 MF051_1974_GV_FA2011_JT_01 @Gram:Prep 
"<estudiantes>"
	"estudiante" Noun NC Plural lang:es 00:01:48 00:01:55 tt-2629 MF051_1974_GV_FA2011_JT_01 
"<muy>"
	"muy" Adverb ADV lang:es 00:01:48 00:01:55 tt-2630 MF051_1974_GV_FA2011_JT_01 
"<cercanamente>"
	"UNK" Adverb ADV lang:es 00:01:48 00:01:55 tt-2631 MF051_1974_GV_FA2011_JT_01 
"<$.>"
	"." Punctuation FS lang:es 00:01:48 00:01:55 tt-2632 MF051_1974_GV_FA2011_JT_01 

"<Entonces>"
	"entonces" Adverb ADV lang:es 00:01:48 00:01:55 tt-2633 MF051_1974_GV_FA2011_JT_01 
"<,>"
	"," Punctuation CM lang:es 00:01:48 00:01:55 tt-2634 MF051_1974_GV_FA2011_JT_01 
"<este>"
	"este" Determiner DM Singular lang:es 00:01:48 00:01:55 tt-2635 MF051_1974_GV_FA2011_JT_01 @Prag:RecuDiscurso:GanarTiempo 
"<,>"
	"," Punctuation CM lang:es 00:01:48 00:01:55 tt-2636 MF051_1974_GV_FA2011_JT_01 
"<$¿>"
	"¿" Punctuation FS lang:es 00:01:48 00:01:55 tt-2637 MF051_1974_GV_FA2011_JT_01 
"<tienes>"
	"tener" Verb VLfin Pres Indi Sing 2nd lang:es 00:01:48 00:01:55 tt-2638 MF051_1974_GV_FA2011_JT_01 
"<alguna>"
	"alguno" Determiner QU lang:es 00:01:48 00:01:55 tt-2639 MF051_1974_GV_FA2011_JT_01 @Gram:Det:CuantIndef 
"<historia>"
	"historia" Noun NC Singular lang:es 00:01:48 00:01:55 tt-2640 MF051_1974_GV_FA2011_JT_01 
"<o>"
	"o" Conjunction CC lang:es 00:01:48 00:01:55 tt-2641 MF051_1974_GV_FA2011_JT_01 
"<algo>"
	"algo" Determiner QU lang:es 00:01:48 00:01:55 tt-2642 MF051_1974_GV_FA2011_JT_01 
"<que>"
	"que" Conjunction CQUE lang:es 00:01:48 00:01:55 tt-2643 MF051_1974_GV_FA2011_JT_01 
"<pasó>"
	"pasar" Verb VLfin Pret Indi Sing 3rd lang:es 00:01:48 00:01:55 tt-2644 MF051_1974_GV_FA2011_JT_01 @Gram:Indefinido 
"<que>"
	"que" Conjunction CQUE lang:es 00:01:48 00:01:55 tt-2645 MF051_1974_GV_FA2011_JT_01 
"<fue>"
	"ser" Verb VSfin Pret Indi Sing 3rd lang:es 00:01:48 00:01:55 tt-2646 MF051_1974_GV_FA2011_JT_01 @Gram:Indefinido @Gram:SerEstar:Ser 
"<de>"
	"de" Preposition PREP lang:es 00:01:48 00:01:55 tt-2647 MF051_1974_GV_FA2011_JT_01 @Gram:Prep 
"<gran>"
	"grande" Adjective ADJ Singular lang:es 00:01:48 00:01:55 tt-2648 MF051_1974_GV_FA2011_JT_01 
"<impacto>"
	"impacto" Noun NC Singular lang:es 00:01:57 00:02:01 tt-2649 MF051_1974_GV_FA2011_JT_01 
"<para>"
	"para" Preposition PREP lang:es 00:01:57 00:02:01 tt-2650 MF051_1974_GV_FA2011_JT_01 @Gram:Prep:Para 
"<ti>"
	"tú" Pronoun PPX Singular lang:es 00:01:57 00:02:01 tt-2651 MF051_1974_GV_FA2011_JT_01 
"<$?>"
	"?" Punctuation FS lang:es 00:01:57 00:02:01 tt-2652 MF051_1974_GV_FA2011_JT_01 

"<Alguna>"
	"alguno" Determiner QU lang:es 00:01:57 00:02:01 tt-2653 MF051_1974_GV_FA2011_JT_01 @Gram:Det:CuantIndef 
"<historia>"
	"historia" Noun NC Singular lang:es 00:01:57 00:02:01 tt-2654 MF051_1974_GV_FA2011_JT_01 
"<que>"
	"que" Conjunction CQUE lang:es 00:01:57 00:02:01 tt-2655 MF051_1974_GV_FA2011_JT_01 
"<quieras>"
	"querer" Verb VLfin Past Subj Sing 2nd lang:es 00:01:57 00:02:01 tt-2656 MF051_1974_GV_FA2011_JT_01 @Gram:MSub:Pret 
"<contar>"
	"contar" Verb VLinf Infinitive lang:es 00:01:57 00:02:01 tt-2657 MF051_1974_GV_FA2011_JT_01 
"<$.>"
	"." Punctuation FS lang:es 00:01:57 00:02:01 tt-2658 MF051_1974_GV_FA2011_JT_01 
</speaker>
<speaker type="subj">

"<Sí>"
	"sí" Adverb ADV lang:es 00:02:01 00:02:08 tt-2659 MF051_1974_GV_FA2011_JT_01 
"<$.>"
	"." Punctuation FS lang:es 00:02:01 00:02:08 tt-2660 MF051_1974_GV_FA2011_JT_01 

"<Sí>"
	"sí" Adverb ADV lang:es 00:02:01 00:02:08 tt-2661 MF051_1974_GV_FA2011_JT_01 
"<$.>"
	"." Punctuation FS lang:es 00:02:01 00:02:08 tt-2662 MF051_1974_GV_FA2011_JT_01 

"<Este>"
	"este" Determiner DM Singular lang:es 00:02:01 00:02:08 tt-2663 MF051_1974_GV_FA2011_JT_01 @Prag:RecuDiscurso:GanarTiempo 
"<...>"
	"..." Punctuation DOTS lang:es 00:02:01 00:02:08 tt-2664 MF051_1974_GV_FA2011_JT_01 
"<un>"
	"un" Determiner ART Singular lang:es 00:02:01 00:02:08 tt-2665 MF051_1974_GV_FA2011_JT_01 
"<año>"
	"año" Noun NC Singular lang:es 00:02:01 00:02:08 tt-2666 MF051_1974_GV_FA2011_JT_01 
"<tuvimos>"
	"tener" Verb VLfin Pres_or_Pret Indi Plural 1st lang:es 00:02:01 00:02:08 tt-2667 MF051_1974_GV_FA2011_JT_01 
"<más>"
	"más" Adverb ADV lang:es 00:02:01 00:02:08 tt-2668 MF051_1974_GV_FA2011_JT_01 
"<de>"
	"de" Preposition PREP lang:es 00:02:01 00:02:08 tt-2669 MF051_1974_GV_FA2011_JT_01 @Gram:Prep 
"<cuatrocientos>"
	"cuatrocientos" Determiner CARD Plural lang:es 00:02:01 00:02:08 tt-2670 MF051_1974_GV_FA2011_JT_01 
"<estudiantes>"
	"estudiante" Noun NC Plural lang:es 00:02:01 00:02:08 tt-2671 MF051_1974_GV_FA2011_JT_01 
"<en>"
	"en" Preposition PREP lang:es 00:02:01 00:02:08 tt-2672 MF051_1974_GV_FA2011_JT_01 @Gram:Prep 
"<esa>"
	"ese" Determiner DM Singular lang:es 00:02:01 00:02:08 tt-2673 MF051_1974_GV_FA2011_JT_01 @Gram:Det:Demo 
"<clase>"
	"clase" Noun NC Singular lang:es 00:02:01 00:02:08 tt-2674 MF051_1974_GV_FA2011_JT_01 
"<$.>"
	"." Punctuation FS lang:es 00:02:01 00:02:08 tt-2675 MF051_1974_GV_FA2011_JT_01 

"<Cuatrocientos>"
	"cuatrocientos" Determiner CARD Plural lang:es 00:02:01 00:02:08 tt-2676 MF051_1974_GV_FA2011_JT_01 
"<estudiantes>"
	"estudiante" Noun NC Plural lang:es 00:02:01 00:02:08 tt-2677 MF051_1974_GV_FA2011_JT_01 
"<donde>"
	"donde" Adverb ADV lang:es 00:02:10 00:02:17 tt-2678 MF051_1974_GV_FA2011_JT_01 
"<...>"
	"..." Punctuation DOTS lang:es 00:02:10 00:02:17 tt-2679 MF051_1974_GV_FA2011_JT_01 
"<estudiantes>"
	"estudiante" Noun NC Plural lang:es 00:02:10 00:02:17 tt-2680 MF051_1974_GV_FA2011_JT_01 
"<ya>"
	"ya" Adverb ADV lang:es 00:02:10 00:02:17 tt-2681 MF051_1974_GV_FA2011_JT_01 
"<sea>"
	"ser" Verb VSfin Pres Subj Sing 1st_or_3rd lang:es 00:02:10 00:02:17 tt-2682 MF051_1974_GV_FA2011_JT_01 @Gram:MSub:Pres @Gram:SerEstar:Ser 
"<que>"
	"que" Conjunction CQUE lang:es 00:02:10 00:02:17 tt-2683 MF051_1974_GV_FA2011_JT_01 
"<llegaron>"
	"llegar" Verb VLfin Pret Indi Plural 3rd lang:es 00:02:10 00:02:17 tt-2684 MF051_1974_GV_FA2011_JT_01 @Gram:Indefinido 
"<tarde>"
	"tarde" Adverb ADV lang:es 00:02:10 00:02:17 tt-2685 MF051_1974_GV_FA2011_JT_01 
"<,>"
	"," Punctuation CM lang:es 00:02:10 00:02:17 tt-2686 MF051_1974_GV_FA2011_JT_01 
"<que>"
	"que" Conjunction CQUE lang:es 00:02:10 00:02:17 tt-2687 MF051_1974_GV_FA2011_JT_01 
"<emigraron>"
	"emigrar" Verb VLfin Pret Indi Plural 3rd lang:es 00:02:10 00:02:17 tt-2688 MF051_1974_GV_FA2011_JT_01 @Gram:Indefinido 
"<de>"
	"de" Preposition PREP lang:es 00:02:10 00:02:17 tt-2689 MF051_1974_GV_FA2011_JT_01 @Gram:Prep 
"<México>"
	"México" Noun NP Singular lang:es 00:02:10 00:02:17 tt-2690 MF051_1974_GV_FA2011_JT_01 
"<acá>"
	"acá" Adverb ADV lang:es 00:02:10 00:02:17 tt-2691 MF051_1974_GV_FA2011_JT_01 
"<a>"
	"a" Preposition PREP lang:es 00:02:10 00:02:17 tt-2692 MF051_1974_GV_FA2011_JT_01 @Gram:Prep 
"<Estados>"
	"Estados" Noun NP Plural lang:es 00:02:10 00:02:17 tt-2693 MF051_1974_GV_FA2011_JT_01 ID:390 R:Vocab:Entities:Geo:391 
"<Unidos>"
	"Unidos" Noun NP Plural lang:es 00:02:10 00:02:17 tt-2694 MF051_1974_GV_FA2011_JT_01 ID:391 
"<y>"
	"y" Conjunction CC lang:es 00:02:17 00:02:22 tt-2695 MF051_1974_GV_FA2011_JT_01 
"<que>"
	"que" Conjunction CQUE lang:es 00:02:17 00:02:22 tt-2696 MF051_1974_GV_FA2011_JT_01 
"<tenían>"
	"tener" Verb VLfin Imp Indi Plural 3rd lang:es 00:02:17 00:02:22 tt-2697 MF051_1974_GV_FA2011_JT_01 @Gram:Imperf 
"<que>"
	"que" Conjunction CQUE lang:es 00:02:17 00:02:22 tt-2698 MF051_1974_GV_FA2011_JT_01 
"<agarrar>"
	"agarrar" Verb VLinf Infinitive lang:es 00:02:17 00:02:22 tt-2699 MF051_1974_GV_FA2011_JT_01 
"<un>"
	"un" Determiner ART Singular lang:es 00:02:17 00:02:22 tt-2700 MF051_1974_GV_FA2011_JT_01 
"<crédito>"
	"crédito" Noun NC Singular lang:es 00:02:17 00:02:22 tt-2701 MF051_1974_GV_FA2011_JT_01 
"<,>"
	"," Punctuation CM lang:es 00:02:17 00:02:22 tt-2702 MF051_1974_GV_FA2011_JT_01 
"<o>"
	"o" Conjunction CC lang:es 00:02:17 00:02:22 tt-2703 MF051_1974_GV_FA2011_JT_01 
"<ya>"
	"ya" Adverb ADV lang:es 00:02:17 00:02:22 tt-2704 MF051_1974_GV_FA2011_JT_01 
"<sea>"
	"ser" Verb VSfin Pres Subj Sing 1st_or_3rd lang:es 00:02:17 00:02:22 tt-2705 MF051_1974_GV_FA2011_JT_01 @Gram:MSub:Pres @Gram:SerEstar:Ser 
"<que>"
	"que" Conjunction CQUE lang:es 00:02:17 00:02:22 tt-2706 MF051_1974_GV_FA2011_JT_01 
"<les>"
	"él" Pronoun PPC Plural lang:es 00:02:17 00:02:22 tt-2707 MF051_1974_GV_FA2011_JT_01 @Gram:Pron:Objeto 
"<faltaban>"
	"faltar" Verb VLfin Imp Indi Plural 3rd lang:es 00:02:17 00:02:22 tt-2708 MF051_1974_GV_FA2011_JT_01 @Gram:Imperf 
"<créditos>"
	"crédito" Noun NC Plural lang:es 00:02:17 00:02:22 tt-2709 MF051_1974_GV_FA2011_JT_01 
"<por>"
	"por" Preposition PREP lang:es 00:02:17 00:02:22 tt-2710 MF051_1974_GV_FA2011_JT_01 @Gram:Prep:Por 
"<falta>"
	"falta" Noun NC Singular lang:es 00:02:17 00:02:22 tt-2711 MF051_1974_GV_FA2011_JT_01 
"<de>"
	"de" Preposition PREP lang:es 00:02:17 00:02:22 tt-2712 MF051_1974_GV_FA2011_JT_01 @Gram:Prep 
"<atendencia>"
	"UNK" Noun NC Singular lang:es 00:02:22 00:02:29 tt-2713 MF051_1974_GV_FA2011_JT_01 
"<$.>"
	"." Punctuation FS lang:es 00:02:22 00:02:29 tt-2714 MF051_1974_GV_FA2011_JT_01 

"<Equis>"
	"UNK" Verb VLfin Error1 lang:es 00:02:22 00:02:29 tt-2715 MF051_1974_GV_FA2011_JT_01 
"<diversas>"
	"diversos" Determiner QU lang:es 00:02:22 00:02:29 tt-2716 MF051_1974_GV_FA2011_JT_01 @Gram:Det:CuantIndef 
"<causas>"
	"causa" Noun NC Plural lang:es 00:02:22 00:02:29 tt-2717 MF051_1974_GV_FA2011_JT_01 
"<$.>"
	"." Punctuation FS lang:es 00:02:22 00:02:29 tt-2718 MF051_1974_GV_FA2011_JT_01 

"<Este>"
	"este" Determiner DM Singular lang:es 00:02:22 00:02:29 tt-2719 MF051_1974_GV_FA2011_JT_01 @Prag:RecuDiscurso:GanarTiempo 
"<...>"
	"..." Punctuation DOTS lang:es 00:02:22 00:02:29 tt-2720 MF051_1974_GV_FA2011_JT_01 
"<tuvimos>"
	"tener" Verb VLfin Pres_or_Pret Indi Plural 1st lang:es 00:02:22 00:02:29 tt-2721 MF051_1974_GV_FA2011_JT_01 
"<cuatrocientos>"
	"cuatrocientos" Determiner CARD Plural lang:es 00:02:22 00:02:29 tt-2722 MF051_1974_GV_FA2011_JT_01 
"<estudiantes>"
	"estudiante" Noun NC Plural lang:es 00:02:22 00:02:29 tt-2723 MF051_1974_GV_FA2011_JT_01 
"<,>"
	"," Punctuation CM lang:es 00:02:22 00:02:29 tt-2724 MF051_1974_GV_FA2011_JT_01 
"<pero>"
	"pero" Conjunction CCAD lang:es 00:02:22 00:02:29 tt-2725 MF051_1974_GV_FA2011_JT_01 @Prag:MarcadoresDisc:Revision 
"<lo>"
	"el" Determiner ART Singular lang:es 00:02:22 00:02:29 tt-2726 MF051_1974_GV_FA2011_JT_01 ID:423 R:Gram:Det:LoAdj:424 
"<que>"
	"que" Conjunction CQUE lang:es 00:02:22 00:02:29 tt-2727 MF051_1974_GV_FA2011_JT_01 ID:424 
"<más>"
	"más" Adverb ADV lang:es 00:02:22 00:02:29 tt-2728 MF051_1974_GV_FA2011_JT_01 
"<me>"
	"yo" Pronoun PPX Singular lang:es 00:02:22 00:02:29 tt-2729 MF051_1974_GV_FA2011_JT_01 @Gram:Pron:Objeto 
"<impactó>"
	"UNK" Verb VLfin Pret Indi Sing 3rd lang:es 00:02:22 00:02:29 tt-2730 MF051_1974_GV_FA2011_JT_01 @Gram:Indefinido 
"<es>"
	"ser" Verb VSfin Pres Indi Sing 3rd lang:es 00:02:29 00:02:34 tt-2731 MF051_1974_GV_FA2011_JT_01 @Gram:SerEstar:Ser 
"<de>"
	"de" Conjunction CSUBI lang:es 00:02:29 00:02:34 tt-2732 MF051_1974_GV_FA2011_JT_01 
"<que>"
	"que" Conjunction CQUE lang:es 00:02:29 00:02:34 tt-2733 MF051_1974_GV_FA2011_JT_01 
"<yo>"
	"yo" Pronoun PPX Singular lang:es 00:02:29 00:02:34 tt-2734 MF051_1974_GV_FA2011_JT_01 @Gram:Pron:Sujeto 
"<y>"
	"y" Conjunction CC lang:es 00:02:29 00:02:34 tt-2735 MF051_1974_GV_FA2011_JT_01 
"<una>"
	"un" Determiner ART Singular lang:es 00:02:29 00:02:34 tt-2736 MF051_1974_GV_FA2011_JT_01 
"<asistente>"
	"asistente" Noun NC Singular lang:es 00:02:29 00:02:34 tt-2737 MF051_1974_GV_FA2011_JT_01 
"<de>"
	"de" Preposition PREP lang:es 00:02:29 00:02:34 tt-2738 MF051_1974_GV_FA2011_JT_01 @Gram:Prep 
"<principal>"
	"principal" Adjective ADJ Singular lang:es 00:02:29 00:02:34 tt-2739 MF051_1974_GV_FA2011_JT_01 
"<nos>"
	"nosotros" Pronoun PPX Plural lang:es 00:02:29 00:02:34 tt-2740 MF051_1974_GV_FA2011_JT_01 @Gram:Pron:Objeto 
"<quedábamos>"
	"quedar" Verb VLfin Imp Indi Plural 1st lang:es 00:02:29 00:02:34 tt-2741 MF051_1974_GV_FA2011_JT_01 @Gram:Imperf 
"<hasta>"
	"hasta" Preposition PREP lang:es 00:02:29 00:02:34 tt-2742 MF051_1974_GV_FA2011_JT_01 @Gram:Prep 
"<medianoche>"
	"medianoche" Noun NC Singular lang:es 00:02:29 00:02:34 tt-2743 MF051_1974_GV_FA2011_JT_01 
"<con>"
	"con" Preposition PREP lang:es 00:02:29 00:02:34 tt-2744 MF051_1974_GV_FA2011_JT_01 @Gram:Prep 
"<los>"
	"el" Determiner ART Plural Masc lang:es 00:02:29 00:02:34 tt-2745 MF051_1974_GV_FA2011_JT_01 @Gram:Det:Art 
"<que>"
	"que" Conjunction CQUE lang:es 00:02:29 00:02:34 tt-2746 MF051_1974_GV_FA2011_JT_01 
"<ya>"
	"ya" Adverb ADV lang:es 00:02:34 00:02:39 tt-2747 MF051_1974_GV_FA2011_JT_01 
"<se>"
	"se" Other SE lang:es 00:02:34 00:02:39 tt-2748 MF051_1974_GV_FA2011_JT_01 
"<iban>"
	"ir" Verb VLfin Imp Indi Plural 3rd lang:es 00:02:34 00:02:39 tt-2749 MF051_1974_GV_FA2011_JT_01 @Gram:Imperf ID:446 R:Gram:VFut:Perifrasis:448 
"<a>"
	"a" Preposition PREP lang:es 00:02:34 00:02:39 tt-2750 MF051_1974_GV_FA2011_JT_01 @Gram:Prep 
"<graduar>"
	"UNK" Verb VLinf lang:es 00:02:34 00:02:39 tt-2751 MF051_1974_GV_FA2011_JT_01 ID:448 
"<para>"
	"para" Preposition PREP lang:es 00:02:34 00:02:39 tt-2752 MF051_1974_GV_FA2011_JT_01 @Gram:Prep:Para 
"<que>"
	"que" Conjunction CQUE lang:es 00:02:34 00:02:39 tt-2753 MF051_1974_GV_FA2011_JT_01 
"<pudieran>"
	"poder" Verb VMfin lang:es 00:02:34 00:02:39 tt-2754 MF051_1974_GV_FA2011_JT_01 
"<terminar>"
	"terminar" Verb VLinf Infinitive lang:es 00:02:34 00:02:39 tt-2755 MF051_1974_GV_FA2011_JT_01 
"<sus>"
	"suyo" Pronoun PPO Plural lang:es 00:02:34 00:02:39 tt-2756 MF051_1974_GV_FA2011_JT_01 @Gram:Det:Pos 
"<créditos>"
	"crédito" Noun NC Plural lang:es 00:02:34 00:02:39 tt-2757 MF051_1974_GV_FA2011_JT_01 
"<$.>"
	"." Punctuation FS lang:es 00:02:34 00:02:39 tt-2758 MF051_1974_GV_FA2011_JT_01 

"<Un>"
	"un" Determiner ART Singular lang:es 00:02:34 00:02:39 tt-2759 MF051_1974_GV_FA2011_JT_01 ID:456 R:Gram:Genero:ExcepMasc:457 
"<día>"
	"día" Noun NC Singular lang:es 00:02:34 00:02:39 tt-2760 MF051_1974_GV_FA2011_JT_01 ID:457 
"<antes>"
	"antes" Adverb ADV lang:es 00:02:34 00:02:39 tt-2761 MF051_1974_GV_FA2011_JT_01 
"<de>"
	"de" Preposition PREP lang:es 00:02:34 00:02:39 tt-2762 MF051_1974_GV_FA2011_JT_01 @Gram:Prep 
"<la>"
	"el" Determiner ART Singular Fem lang:es 00:02:34 00:02:39 tt-2763 MF051_1974_GV_FA2011_JT_01 @Gram:Det:Art 
"<graduación>"
	"graduación" Noun NC Singular lang:es 00:02:34 00:02:39 tt-2764 MF051_1974_GV_FA2011_JT_01 
"<todavía>"
	"todavía" Adverb ADV lang:es 00:02:39 00:02:44 tt-2765 MF051_1974_GV_FA2011_JT_01 
"<estábamos>"
	"estar" Verb VEfin Imp Indi Plural 1st lang:es 00:02:39 00:02:44 tt-2766 MF051_1974_GV_FA2011_JT_01 @Gram:Imperf @Gram:SerEstar:Estar 
"<allí>"
	"allí" Adverb ADV lang:es 00:02:39 00:02:44 tt-2767 MF051_1974_GV_FA2011_JT_01 
"<con>"
	"con" Preposition PREP lang:es 00:02:39 00:02:44 tt-2768 MF051_1974_GV_FA2011_JT_01 @Gram:Prep 
"<ellos>"
	"él" Pronoun PPX Plural lang:es 00:02:39 00:02:44 tt-2769 MF051_1974_GV_FA2011_JT_01 @Gram:Pron:Sujeto 
"<$.>"
	"." Punctuation FS lang:es 00:02:39 00:02:44 tt-2770 MF051_1974_GV_FA2011_JT_01 

"<Eso>"
	"ese" Determiner DM Singular lang:es 00:02:39 00:02:44 tt-2771 MF051_1974_GV_FA2011_JT_01 
"<es>"
	"ser" Verb VSfin Pres Indi Sing 3rd lang:es 00:02:39 00:02:44 tt-2772 MF051_1974_GV_FA2011_JT_01 @Gram:SerEstar:Ser 
"<lo>"
	"el" Determiner ART Singular lang:es 00:02:39 00:02:44 tt-2773 MF051_1974_GV_FA2011_JT_01 ID:470 R:Gram:Det:LoAdj:471 
"<que>"
	"que" Conjunction CQUE lang:es 00:02:39 00:02:44 tt-2774 MF051_1974_GV_FA2011_JT_01 ID:471 
"<más>"
	"más" Adverb ADV lang:es 00:02:39 00:02:44 tt-2775 MF051_1974_GV_FA2011_JT_01 
"<me>"
	"yo" Pronoun PPX Singular lang:es 00:02:39 00:02:44 tt-2776 MF051_1974_GV_FA2011_JT_01 @Gram:Pron:Objeto 
"<impactó>"
	"UNK" Verb VLfin Pret Indi Sing 3rd lang:es 00:02:39 00:02:44 tt-2777 MF051_1974_GV_FA2011_JT_01 @Gram:Indefinido 
"<una>"
	"un" Determiner ART Singular lang:es 00:02:39 00:02:44 tt-2778 MF051_1974_GV_FA2011_JT_01 
"<vez>"
	"vez" Noun NC Singular lang:es 00:02:39 00:02:44 tt-2779 MF051_1974_GV_FA2011_JT_01 
"<ese>"
	"ese" Determiner DM Singular lang:es 00:02:39 00:02:44 tt-2780 MF051_1974_GV_FA2011_JT_01 
"<año>"
	"año" Noun NC Singular lang:es 00:02:39 00:02:44 tt-2781 MF051_1974_GV_FA2011_JT_01 
"<,>"
	"," Punctuation CM lang:es 00:02:39 00:02:44 tt-2782 MF051_1974_GV_FA2011_JT_01 
"<de>"
	"de" Preposition PREP lang:es 00:02:44 00:02:49 tt-2783 MF051_1974_GV_FA2011_JT_01 @Gram:Prep 
"<que>"
	"que" Conjunction CQUE lang:es 00:02:44 00:02:49 tt-2784 MF051_1974_GV_FA2011_JT_01 
"<tuvimos>"
	"tener" Verb VLfin Pres_or_Pret Indi Plural 1st lang:es 00:02:44 00:02:49 tt-2785 MF051_1974_GV_FA2011_JT_01 
"<que>"
	"que" Conjunction CQUE lang:es 00:02:44 00:02:49 tt-2786 MF051_1974_GV_FA2011_JT_01 
"<estar>"
	"estar" Verb VLinf VEinf Infinitive lang:es 00:02:44 00:02:49 tt-2787 MF051_1974_GV_FA2011_JT_01 @Gram:SerEstar:Estar 
"<hasta>"
	"hasta" Preposition PREP lang:es 00:02:44 00:02:49 tt-2788 MF051_1974_GV_FA2011_JT_01 @Gram:Prep 
"<,>"
	"," Punctuation CM lang:es 00:02:44 00:02:49 tt-2789 MF051_1974_GV_FA2011_JT_01 
"<a>"
	"a" Adverb ADV lang:es 00:02:44 00:02:49 tt-2790 MF051_1974_GV_FA2011_JT_01 
"<veces>"
	"veces" Adverb ADV lang:es 00:02:44 00:02:49 tt-2791 MF051_1974_GV_FA2011_JT_01 
"<hasta>"
	"hasta" Preposition PREP lang:es 00:02:44 00:02:49 tt-2792 MF051_1974_GV_FA2011_JT_01 @Gram:Prep 
"<la>"
	"el" Determiner ART Singular Fem lang:es 00:02:44 00:02:49 tt-2793 MF051_1974_GV_FA2011_JT_01 @Gram:Det:Art 
"<medianoche>"
	"medianoche" Noun NC Singular lang:es 00:02:44 00:02:49 tt-2794 MF051_1974_GV_FA2011_JT_01 
"<allí>"
	"allí" Adverb ADV lang:es 00:02:44 00:02:49 tt-2795 MF051_1974_GV_FA2011_JT_01 
"<con>"
	"con" Preposition PREP lang:es 00:02:44 00:02:49 tt-2796 MF051_1974_GV_FA2011_JT_01 @Gram:Prep 
"<ellos>"
	"él" Pronoun PPX Plural lang:es 00:02:44 00:02:49 tt-2797 MF051_1974_GV_FA2011_JT_01 @Gram:Pron:Sujeto 
"<,>"
	"," Punctuation CM lang:es 00:02:44 00:02:49 tt-2798 MF051_1974_GV_FA2011_JT_01 
"<ayudándoles>"
	"ayudar" Verb VLadj lang:es 00:02:44 00:02:49 tt-2799 MF051_1974_GV_FA2011_JT_01 
"<para>"
	"para" Preposition PREP lang:es 00:02:44 00:02:49 tt-2800 MF051_1974_GV_FA2011_JT_01 @Gram:Prep:Para 
"<que>"
	"que" Conjunction CQUE lang:es 00:02:49 00:02:50 tt-2801 MF051_1974_GV_FA2011_JT_01 
"<pudieran>"
	"poder" Verb VMfin lang:es 00:02:49 00:02:50 tt-2802 MF051_1974_GV_FA2011_JT_01 
"<recibir>"
	"recibir" Verb VLinf Infinitive lang:es 00:02:49 00:02:50 tt-2803 MF051_1974_GV_FA2011_JT_01 
"<su>"
	"suyo" Pronoun PPO Singular lang:es 00:02:49 00:02:50 tt-2804 MF051_1974_GV_FA2011_JT_01 @Gram:Det:Pos 
"<diploma>"
	"diploma" Noun NC Singular lang:es 00:02:49 00:02:50 tt-2805 MF051_1974_GV_FA2011_JT_01 
"<$.>"
	"." Punctuation FS lang:es 00:02:49 00:02:50 tt-2806 MF051_1974_GV_FA2011_JT_01 
</speaker>
<speaker type="int">

"<Sí>"
	"él" Pronoun PPX Singular lang:es 00:02:50 00:02:53 tt-2807 MF051_1974_GV_FA2011_JT_01 
"<terminaban>"
	"terminar" Verb VLfin Imp Indi Plural 3rd lang:es 00:02:50 00:02:53 tt-2808 MF051_1974_GV_FA2011_JT_01 @Gram:Imperf 
"<,>"
	"," Punctuation CM lang:es 00:02:50 00:02:53 tt-2809 MF051_1974_GV_FA2011_JT_01 
"<entonces>"
	"entonces" Adverb ADV lang:es 00:02:50 00:02:53 tt-2810 MF051_1974_GV_FA2011_JT_01 
"<,>"
	"," Punctuation CM lang:es 00:02:50 00:02:53 tt-2811 MF051_1974_GV_FA2011_JT_01 
"<sí>"
	"sí" Adverb ADV lang:es 00:02:50 00:02:53 tt-2812 MF051_1974_GV_FA2011_JT_01 
"<lo>"
	"él" Pronoun PPC Singular lang:es 00:02:50 00:02:53 tt-2813 MF051_1974_GV_FA2011_JT_01 @Gram:Pron:Objeto 
"<recibían>"
	"recibir" Verb VLfin Imp Indi Plural 3rd lang:es 00:02:50 00:02:53 tt-2814 MF051_1974_GV_FA2011_JT_01 @Gram:Imperf 
"<$.>"
	"." Punctuation FS lang:es 00:02:50 00:02:53 tt-2815 MF051_1974_GV_FA2011_JT_01 

"<Sí>"
	"sí" Adverb ADV lang:es 00:02:53 00:02:54 tt-2816 MF051_1974_GV_FA2011_JT_01 
"<$.>"
	"." Punctuation FS lang:es 00:02:53 00:02:54 tt-2817 MF051_1974_GV_FA2011_JT_01 
</speaker>
</text>

