<text id="MF051_1974_GV_FA2011_JT_05">
<speaker type="int">
"<$¿>"
	"¿" Punctuation FS lang:es 00:00:00 00:00:05 tt-1415 MF051_1974_GV_FA2011_JT_05 
"<cómo>"
	"cómo" Adverb ADV lang:es 00:00:00 00:00:05 tt-1416 MF051_1974_GV_FA2011_JT_05 
"<es>"
	"ser" Verb VSfin Pres Indi Sing 3rd lang:es 00:00:00 00:00:05 tt-1417 MF051_1974_GV_FA2011_JT_05 @Gram:SerEstar:Ser ADD:769 
"<el>"
	"el" Determiner ART Singular Masc lang:es 00:00:00 00:00:05 tt-1418 MF051_1974_GV_FA2011_JT_05 @Gram:Det:Art ADD:395 
"<español>"
	"español" Noun NC Singular lang:es 00:00:00 00:00:05 tt-1419 MF051_1974_GV_FA2011_JT_05 
"<de>"
	"de" Preposition PREP lang:es 00:00:00 00:00:05 tt-1420 MF051_1974_GV_FA2011_JT_05 @Gram:Prep ADD:580 
"<esta>"
	"este" Determiner DM Singular lang:es 00:00:00 00:00:05 tt-1421 MF051_1974_GV_FA2011_JT_05 @Gram:Det:Demo ADD:411 
"<área>"
	"área" Noun NC Singular lang:es 00:00:00 00:00:05 tt-1422 MF051_1974_GV_FA2011_JT_05 
"<en>"
	"en" Preposition PREP lang:es 00:00:00 00:00:05 tt-1423 MF051_1974_GV_FA2011_JT_05 @Gram:Prep ADD:580 
"<comparación>"
	"comparación" Noun NC Singular lang:es 00:00:00 00:00:05 tt-1424 MF051_1974_GV_FA2011_JT_05 
"<con>"
	"con" Preposition PREP lang:es 00:00:00 00:00:05 tt-1425 MF051_1974_GV_FA2011_JT_05 @Gram:Prep ADD:580 
"<el>"
	"el" Determiner ART Singular Masc lang:es 00:00:00 00:00:05 tt-1426 MF051_1974_GV_FA2011_JT_05 @Gram:Det:Art ADD:395 
"<español>"
	"español" Noun NC Singular lang:es 00:00:00 00:00:05 tt-1427 MF051_1974_GV_FA2011_JT_05 
"<de>"
	"de" Preposition PREP lang:es 00:00:00 00:00:05 tt-1428 MF051_1974_GV_FA2011_JT_05 @Gram:Prep ADD:580 
"<México>"
	"México" Noun NP Singular lang:es 00:00:00 00:00:05 tt-1429 MF051_1974_GV_FA2011_JT_05 
"<$?>"
	"?" Punctuation FS lang:es 00:00:00 00:00:05 tt-1430 MF051_1974_GV_FA2011_JT_05 
</speaker>
<speaker type="subj">

"<Pues>"
	"pues" Conjunction CSUBF lang:es 00:00:05 00:00:11 tt-1431 MF051_1974_GV_FA2011_JT_05 
"<muy>"
	"muy" Adverb ADV lang:es 00:00:05 00:00:11 tt-1432 MF051_1974_GV_FA2011_JT_05 
"<,>"
	"," Punctuation CM lang:es 00:00:05 00:00:11 tt-1433 MF051_1974_GV_FA2011_JT_05 
"<muy>"
	"muy" Adverb ADV lang:es 00:00:05 00:00:11 tt-1434 MF051_1974_GV_FA2011_JT_05 
"<variado>"
	"variar" Verb VLadj lang:es 00:00:05 00:00:11 tt-1435 MF051_1974_GV_FA2011_JT_05 
"<$.>"
	"." Punctuation FS lang:es 00:00:05 00:00:11 tt-1436 MF051_1974_GV_FA2011_JT_05 

"<En>"
	"en" Preposition PREP lang:es 00:00:05 00:00:11 tt-1437 MF051_1974_GV_FA2011_JT_05 @Gram:Prep ADD:580 
"<México>"
	"México" Noun NP Singular lang:es 00:00:05 00:00:11 tt-1438 MF051_1974_GV_FA2011_JT_05 
"<es>"
	"ser" Verb VSfin Pres Indi Sing 3rd lang:es 00:00:05 00:00:11 tt-1439 MF051_1974_GV_FA2011_JT_05 @Gram:SerEstar:Ser ADD:769 
"<que>"
	"que" Conjunction CQUE lang:es 00:00:05 00:00:11 tt-1440 MF051_1974_GV_FA2011_JT_05 
"<dependiendo>"
	"depender" Verb VLger lang:es 00:00:05 00:00:11 tt-1441 MF051_1974_GV_FA2011_JT_05 
"<también>"
	"también" Adverb ADV lang:es 00:00:05 00:00:11 tt-1442 MF051_1974_GV_FA2011_JT_05 @Prag:MarcadoresDisc:Igualdad ADD:1082 
"<en>"
	"en" Preposition PREP lang:es 00:00:05 00:00:11 tt-1443 MF051_1974_GV_FA2011_JT_05 @Gram:Prep ADD:580 
"<que>"
	"que" Conjunction CQUE lang:es 00:00:05 00:00:11 tt-1444 MF051_1974_GV_FA2011_JT_05 
"<parte>"
	"partir" Verb VLfin Pres Indi Sing 3rd lang:es 00:00:05 00:00:11 tt-1445 MF051_1974_GV_FA2011_JT_05 
"<de>"
	"de" Preposition PREP lang:es 00:00:05 00:00:11 tt-1446 MF051_1974_GV_FA2011_JT_05 @Gram:Prep ADD:580 
"<México>"
	"México" Noun NP Singular lang:es 00:00:05 00:00:11 tt-1447 MF051_1974_GV_FA2011_JT_05 
"<te>"
	"tú" Pronoun PPX Singular lang:es 00:00:11 00:00:18 tt-1448 MF051_1974_GV_FA2011_JT_05 @Gram:Pron:Objeto ADD:614 
"<riges>"
	"UNK" Verb VLfin Pres Subj Sing 2nd lang:es 00:00:11 00:00:18 tt-1449 MF051_1974_GV_FA2011_JT_05 @Gram:MSub:Pres ADD:738 
"<,>"
	"," Punctuation CM lang:es 00:00:11 00:00:18 tt-1450 MF051_1974_GV_FA2011_JT_05 
"<porque>"
	"porque" Conjunction CSUBX lang:es 00:00:11 00:00:18 tt-1451 MF051_1974_GV_FA2011_JT_05 @Prag:MarcadoresDisc:Causa ADD:1051 
"<vemos>"
	"ver" Verb VLfin Pres Indi Plural 1st lang:es 00:00:11 00:00:18 tt-1452 MF051_1974_GV_FA2011_JT_05 
"<que>"
	"que" Conjunction CQUE lang:es 00:00:11 00:00:18 tt-1453 MF051_1974_GV_FA2011_JT_05 
"<en>"
	"en" Preposition PREP lang:es 00:00:11 00:00:18 tt-1454 MF051_1974_GV_FA2011_JT_05 @Gram:Prep ADD:580 
"<México>"
	"México" Noun NP Singular lang:es 00:00:11 00:00:18 tt-1455 MF051_1974_GV_FA2011_JT_05 
"<hay>"
	"haber" Verb VHfin Pres Indi Sing 3rd lang:es 00:00:11 00:00:18 tt-1456 MF051_1974_GV_FA2011_JT_05 @Gram:Haber:Exist ADD:785 
"<diferentes>"
	"diferente" Adjective ADJ Plural lang:es 00:00:11 00:00:18 tt-1457 MF051_1974_GV_FA2011_JT_05 
"<acentos>"
	"acento" Noun NC Plural lang:es 00:00:11 00:00:18 tt-1458 MF051_1974_GV_FA2011_JT_05 
"<$.>"
	"." Punctuation FS lang:es 00:00:11 00:00:18 tt-1459 MF051_1974_GV_FA2011_JT_05 

"<Y>"
	"y" Conjunction CC lang:es 00:00:11 00:00:18 tt-1460 MF051_1974_GV_FA2011_JT_05 
"<el>"
	"el" Determiner ART Singular Masc lang:es 00:00:11 00:00:18 tt-1461 MF051_1974_GV_FA2011_JT_05 @Gram:Det:Art ADD:395 
"<español>"
	"español" Noun NC Singular lang:es 00:00:11 00:00:18 tt-1462 MF051_1974_GV_FA2011_JT_05 
"<se>"
	"se" Other SE lang:es 00:00:11 00:00:18 tt-1463 MF051_1974_GV_FA2011_JT_05 @Gram:Pron:Otros ADD:633 
"<...>"
	"..." Punctuation DOTS lang:es 00:00:11 00:00:18 tt-1464 MF051_1974_GV_FA2011_JT_05 
"<a>"
	"a" Adverb ADV lang:es 00:00:11 00:00:18 tt-1465 MF051_1974_GV_FA2011_JT_05 
"<veces>"
	"veces" Adverb ADV lang:es 00:00:11 00:00:18 tt-1466 MF051_1974_GV_FA2011_JT_05 
"<se>"
	"se" Other SE lang:es 00:00:18 00:00:23 tt-1467 MF051_1974_GV_FA2011_JT_05 
"<pronuncia>"
	"pronunciar" Verb VLfin Pres Indi Sing 3rd lang:es 00:00:18 00:00:23 tt-1468 MF051_1974_GV_FA2011_JT_05 
"<diferente>"
	"diferente" Adjective ADJ Singular lang:es 00:00:18 00:00:23 tt-1469 MF051_1974_GV_FA2011_JT_05 
"<$.>"
	"." Punctuation FS lang:es 00:00:18 00:00:23 tt-1470 MF051_1974_GV_FA2011_JT_05 

"<Pero>"
	"pero" Conjunction CCAD lang:es 00:00:18 00:00:23 tt-1471 MF051_1974_GV_FA2011_JT_05 @Prag:MarcadoresDisc:Revision ADD:998 
"<,>"
	"," Punctuation CM lang:es 00:00:18 00:00:23 tt-1472 MF051_1974_GV_FA2011_JT_05 
"<bueno>"
	"bueno" Adjective ADJ Singular lang:es 00:00:18 00:00:23 tt-1473 MF051_1974_GV_FA2011_JT_05 
"<,>"
	"," Punctuation CM lang:es 00:00:18 00:00:23 tt-1474 MF051_1974_GV_FA2011_JT_05 
"<en>"
	"en" Preposition PREP lang:es 00:00:18 00:00:23 tt-1475 MF051_1974_GV_FA2011_JT_05 @Gram:Prep ADD:580 
"<fin>"
	"fin" Noun NC Singular lang:es 00:00:18 00:00:23 tt-1476 MF051_1974_GV_FA2011_JT_05 
"<,>"
	"," Punctuation CM lang:es 00:00:18 00:00:23 tt-1477 MF051_1974_GV_FA2011_JT_05 
"<es>"
	"ser" Verb VSfin Pres Indi Sing 3rd lang:es 00:00:18 00:00:23 tt-1478 MF051_1974_GV_FA2011_JT_05 @Gram:SerEstar:Ser ADD:769 
"<español>"
	"español" Adjective ADJ Singular lang:es 00:00:18 00:00:23 tt-1479 MF051_1974_GV_FA2011_JT_05 
"<,>"
	"," Punctuation CM lang:es 00:00:18 00:00:23 tt-1480 MF051_1974_GV_FA2011_JT_05 
"<$¿>"
	"¿" Punctuation FS lang:es 00:00:18 00:00:23 tt-1481 MF051_1974_GV_FA2011_JT_05 
"<verdad>"
	"verdad" Noun NC Singular lang:es 00:00:18 00:00:23 tt-1482 MF051_1974_GV_FA2011_JT_05 
"<$?>"
	"?" Punctuation FS lang:es 00:00:18 00:00:23 tt-1483 MF051_1974_GV_FA2011_JT_05 

"<Y>"
	"y" Conjunction CC lang:es 00:00:18 00:00:23 tt-1484 MF051_1974_GV_FA2011_JT_05 
"<están>"
	"estar" Verb VEfin Pres Indi Plural 3rd lang:es 00:00:18 00:00:23 tt-1485 MF051_1974_GV_FA2011_JT_05 @Gram:SerEstar:Estar ID:71 R:Gram:SerEstar:EstarAux:72 ADD:778 ADDRELATION(Gram:SerEstar:EstarAux):794 
"<hablando>"
	"hablar" Verb VLger lang:es 00:00:18 00:00:23 tt-1486 MF051_1974_GV_FA2011_JT_05 ID:72 R:Vocab:Fraseol:VerbPrep:73 ADDRELATION(Vocab:Fraseol:VerbPrep):1170 
"<en>"
	"en" Preposition PREP lang:es 00:00:18 00:00:23 tt-1487 MF051_1974_GV_FA2011_JT_05 @Gram:Prep ID:73 ADD:580 
"<lo>"
	"el" Determiner ART Singular lang:es 00:00:23 00:00:30 tt-1488 MF051_1974_GV_FA2011_JT_05 ID:74 R:Gram:Det:LoAdj:75 ADDRELATION(Gram:Det:LoAdj):400 
"<correcto>"
	"correcto" Adjective ADJ Singular lang:es 00:00:23 00:00:30 tt-1489 MF051_1974_GV_FA2011_JT_05 ID:75 
"<$.>"
	"." Punctuation FS lang:es 00:00:23 00:00:30 tt-1490 MF051_1974_GV_FA2011_JT_05 

"<Y>"
	"y" Conjunction CC lang:es 00:00:23 00:00:30 tt-1491 MF051_1974_GV_FA2011_JT_05 
"<aquí>"
	"aquí" Adverb ADV lang:es 00:00:23 00:00:30 tt-1492 MF051_1974_GV_FA2011_JT_05 
"<en>"
	"en" Preposition PREP lang:es 00:00:23 00:00:30 tt-1493 MF051_1974_GV_FA2011_JT_05 @Gram:Prep ADD:580 
"<frontera>"
	"frontera" Noun NC Singular lang:es 00:00:23 00:00:30 tt-1494 MF051_1974_GV_FA2011_JT_05 
"<como>"
	"como" Conjunction CSUBX lang:es 00:00:23 00:00:30 tt-1495 MF051_1974_GV_FA2011_JT_05 
"<te>"
	"tú" Pronoun PPX Singular lang:es 00:00:23 00:00:30 tt-1496 MF051_1974_GV_FA2011_JT_05 @Gram:Pron:Objeto ADD:614 
"<decía>"
	"decir" Verb VLfin Imp Indi Sing 1st_or_3rd lang:es 00:00:23 00:00:30 tt-1497 MF051_1974_GV_FA2011_JT_05 @Gram:Imperf ADD:645 
"<anteriormente>"
	"anteriormente" Adverb ADV lang:es 00:00:23 00:00:30 tt-1498 MF051_1974_GV_FA2011_JT_05 
"<,>"
	"," Punctuation CM lang:es 00:00:23 00:00:30 tt-1499 MF051_1974_GV_FA2011_JT_05 
"<este>"
	"este" Determiner DM Singular lang:es 00:00:23 00:00:30 tt-1500 MF051_1974_GV_FA2011_JT_05 @Prag:RecuDiscurso:GanarTiempo ADD:1121 
"<,>"
	"," Punctuation CM lang:es 00:00:23 00:00:30 tt-1501 MF051_1974_GV_FA2011_JT_05 
"<hacemos>"
	"hacer" Verb VLfin Pres Indi Plural 1st lang:es 00:00:23 00:00:30 tt-1502 MF051_1974_GV_FA2011_JT_05 
"<una>"
	"un" Determiner ART Singular lang:es 00:00:23 00:00:30 tt-1503 MF051_1974_GV_FA2011_JT_05 
"<regularización>"
	"regularización" Noun NC Singular lang:es 00:00:23 00:00:30 tt-1504 MF051_1974_GV_FA2011_JT_05 
"<de>"
	"de" Preposition PREP lang:es 00:00:30 00:00:36 tt-1505 MF051_1974_GV_FA2011_JT_05 @Gram:Prep ADD:580 
"<palabras>"
	"palabra" Noun NC Plural lang:es 00:00:30 00:00:36 tt-1506 MF051_1974_GV_FA2011_JT_05 
"<$.>"
	"." Punctuation FS lang:es 00:00:30 00:00:36 tt-1507 MF051_1974_GV_FA2011_JT_05 

"<Las>"
	"el" Determiner ART Plural Fem lang:es 00:00:30 00:00:36 tt-1508 MF051_1974_GV_FA2011_JT_05 @Gram:Det:Art ADD:395 
"<regularizamos>"
	"UNK" Noun NC Plural lang:es 00:00:30 00:00:36 tt-1509 MF051_1974_GV_FA2011_JT_05 
"<a>"
	"a" Preposition PREP lang:es 00:00:30 00:00:36 tt-1510 MF051_1974_GV_FA2011_JT_05 @Gram:Prep ADD:580 
"<nuestra>"
	"UNK" Noun NC Singular lang:es 00:00:30 00:00:36 tt-1511 MF051_1974_GV_FA2011_JT_05 
"<manera>"
	"manera" Noun NC Singular lang:es 00:00:30 00:00:36 tt-1512 MF051_1974_GV_FA2011_JT_05 
"<de>"
	"de" Preposition PREP lang:es 00:00:30 00:00:36 tt-1513 MF051_1974_GV_FA2011_JT_05 @Gram:Prep ADD:580 
"<...>"
	"..." Punctuation DOTS lang:es 00:00:30 00:00:36 tt-1514 MF051_1974_GV_FA2011_JT_05 
"<de>"
	"de" Preposition PREP lang:es 00:00:30 00:00:36 tt-1515 MF051_1974_GV_FA2011_JT_05 @Gram:Prep ADD:580 
"<...>"
	"..." Punctuation DOTS lang:es 00:00:30 00:00:36 tt-1516 MF051_1974_GV_FA2011_JT_05 
"<este>"
	"este" Noun NC Singular lang:es 00:00:30 00:00:36 tt-1517 MF051_1974_GV_FA2011_JT_05 
"<como>"
	"como" Conjunction CSUBX lang:es 00:00:30 00:00:36 tt-1518 MF051_1974_GV_FA2011_JT_05 
"<nosotros>"
	"nosotros" Pronoun PPX Plural lang:es 00:00:30 00:00:36 tt-1519 MF051_1974_GV_FA2011_JT_05 @Gram:Pron:Sujeto ADD:590 
"<queremos>"
	"querer" Verb VLfin Fut Indi Plural 1st lang:es 00:00:30 00:00:36 tt-1520 MF051_1974_GV_FA2011_JT_05 @Gram:VFut:Conjugado ADD:668 
"<pronunciarlas>"
	"UNK" Verb VLinf Infinitive lang:es 00:00:30 00:00:36 tt-1521 MF051_1974_GV_FA2011_JT_05 
"<,>"
	"," Punctuation CM lang:es 00:00:30 00:00:36 tt-1522 MF051_1974_GV_FA2011_JT_05 
"<o>"
	"o" Conjunction CC lang:es 00:00:36 00:00:40 tt-1523 MF051_1974_GV_FA2011_JT_05 
"<como>"
	"como" Conjunction CSUBX lang:es 00:00:36 00:00:40 tt-1524 MF051_1974_GV_FA2011_JT_05 
"<las>"
	"el" Determiner ART Plural Fem lang:es 00:00:36 00:00:40 tt-1525 MF051_1974_GV_FA2011_JT_05 @Gram:Pron:Objeto ADD:608 
"<estamos>"
	"estar" Verb VEfin Pres Indi Plural 1st lang:es 00:00:36 00:00:40 tt-1526 MF051_1974_GV_FA2011_JT_05 @Gram:SerEstar:Estar ID:112 R:Gram:SerEstar:EstarAux:113 ADD:778 ADDRELATION(Gram:SerEstar:EstarAux):794 
"<adoptando>"
	"adoptar" Verb VLger lang:es 00:00:36 00:00:40 tt-1527 MF051_1974_GV_FA2011_JT_05 ID:113 
"<$.>"
	"." Punctuation FS lang:es 00:00:36 00:00:40 tt-1528 MF051_1974_GV_FA2011_JT_05 

"<Y>"
	"y" Conjunction CC lang:es 00:00:36 00:00:40 tt-1529 MF051_1974_GV_FA2011_JT_05 
"<eso>"
	"ese" Determiner DM Singular lang:es 00:00:36 00:00:40 tt-1530 MF051_1974_GV_FA2011_JT_05 
"<es>"
	"ser" Verb VSfin Pres Indi Sing 3rd lang:es 00:00:36 00:00:40 tt-1531 MF051_1974_GV_FA2011_JT_05 @Gram:SerEstar:Ser ADD:769 
"<la>"
	"el" Determiner ART Singular Fem lang:es 00:00:36 00:00:40 tt-1532 MF051_1974_GV_FA2011_JT_05 @Gram:Det:Art ADD:395 
"<diferencia>"
	"diferencia" Noun NC Singular lang:es 00:00:36 00:00:40 tt-1533 MF051_1974_GV_FA2011_JT_05 
"<$.>"
	"." Punctuation FS lang:es 00:00:36 00:00:40 tt-1534 MF051_1974_GV_FA2011_JT_05 
</speaker>
</text>

