<text id="MF066_1973_CT_SU2012_CL_03">
<speaker type="int">
<lang code="en">
"<Okay>"
	"okay" Adjective JJ lang:en 00:00:00 00:00:04 tt-854 MF066_1973_CT_SU2012_CL_03 
</lang>
"<$.>"
	"." Punctuation FS lang:es 00:00:00 00:00:04 tt-855 MF066_1973_CT_SU2012_CL_03 

"<[>"
	"[" Punctuation LP lang:es 00:00:00 00:00:04 tt-856 MF066_1973_CT_SU2012_CL_03 
"<Risas>"
	"UNK" Noun NP Plural lang:es 00:00:00 00:00:04 tt-857 MF066_1973_CT_SU2012_CL_03 
"<]>"
	"]" Other RP lang:es 00:00:00 00:00:04 tt-858 MF066_1973_CT_SU2012_CL_03 
"<Muy>"
	"UNK" Noun NC Singular lang:es 00:00:00 00:00:04 tt-859 MF066_1973_CT_SU2012_CL_03 
"<interesante>"
	"interesante" Adjective ADJ Singular lang:es 00:00:00 00:00:04 tt-860 MF066_1973_CT_SU2012_CL_03 
"<$.>"
	"." Punctuation FS lang:es 00:00:00 00:00:04 tt-861 MF066_1973_CT_SU2012_CL_03 

"<$¿>"
	"¿" Punctuation FS lang:es 00:00:00 00:00:04 tt-862 MF066_1973_CT_SU2012_CL_03 
"<Este>"
	"este" Determiner DM Singular lang:es 00:00:00 00:00:04 tt-863 MF066_1973_CT_SU2012_CL_03 @Prag:RecuDiscurso:GanarTiempo ADD:1155 
"<,>"
	"," Punctuation CM lang:es 00:00:00 00:00:04 tt-864 MF066_1973_CT_SU2012_CL_03 
"<cuál>"
	"cuál" Pronoun INT Singular lang:es 00:00:00 00:00:04 tt-865 MF066_1973_CT_SU2012_CL_03 
"<es>"
	"ser" Verb VSfin Pres Indi Sing 3rd lang:es 00:00:00 00:00:04 tt-866 MF066_1973_CT_SU2012_CL_03 @Gram:SerEstar:Ser ADD:803 
"<la>"
	"el" Determiner ART Singular Fem lang:es 00:00:00 00:00:04 tt-867 MF066_1973_CT_SU2012_CL_03 @Gram:Det:Art ADD:416 
"<importancia>"
	"importancia" Noun NC Singular lang:es 00:00:00 00:00:04 tt-868 MF066_1973_CT_SU2012_CL_03 
"<del>"
	"del" Preposition PDEL lang:es 00:00:00 00:00:04 tt-869 MF066_1973_CT_SU2012_CL_03 @Gram:Prep ADD:614 
"<español>"
	"español" Noun NC Singular lang:es 00:00:00 00:00:04 tt-870 MF066_1973_CT_SU2012_CL_03 
"<para>"
	"para" Preposition PREP lang:es 00:00:00 00:00:04 tt-871 MF066_1973_CT_SU2012_CL_03 @Gram:Prep:Para SUBSTITUTE:336 ADD:578 
"<ti>"
	"tú" Pronoun PPX Singular lang:es 00:00:04 00:00:05 tt-872 MF066_1973_CT_SU2012_CL_03 
"<$?>"
	"?" Punctuation FS lang:es 00:00:04 00:00:05 tt-873 MF066_1973_CT_SU2012_CL_03 
</speaker>
<speaker type="subj">

"<Bueno>"
	"bueno" Adjective ADJ Singular lang:es 00:00:05 00:00:12 tt-874 MF066_1973_CT_SU2012_CL_03 
"<,>"
	"," Punctuation CM lang:es 00:00:05 00:00:12 tt-875 MF066_1973_CT_SU2012_CL_03 
"<el>"
	"el" Determiner ART Singular Masc lang:es 00:00:05 00:00:12 tt-876 MF066_1973_CT_SU2012_CL_03 @Gram:Det:Art ADD:416 
"<...>"
	"..." Punctuation DOTS lang:es 00:00:05 00:00:12 tt-877 MF066_1973_CT_SU2012_CL_03 
"<es>"
	"ser" Verb VSfin Pres Indi Sing 3rd lang:es 00:00:05 00:00:12 tt-878 MF066_1973_CT_SU2012_CL_03 @Gram:SerEstar:Ser ADD:803 
"<muy>"
	"muy" Adverb ADV lang:es 00:00:05 00:00:12 tt-879 MF066_1973_CT_SU2012_CL_03 
"<importante>"
	"importante" Adjective ADJ Singular lang:es 00:00:05 00:00:12 tt-880 MF066_1973_CT_SU2012_CL_03 
"<porque>"
	"porque" Conjunction CSUBX lang:es 00:00:05 00:00:12 tt-881 MF066_1973_CT_SU2012_CL_03 @Prag:MarcadoresDisc:Causa ADD:1085 
"<vengo>"
	"vengar|venir" Verb VLfin Pres Indi Sing 1st lang:es 00:00:05 00:00:12 tt-882 MF066_1973_CT_SU2012_CL_03 
"<de>"
	"de" Preposition PREP lang:es 00:00:05 00:00:12 tt-883 MF066_1973_CT_SU2012_CL_03 @Gram:Prep ADD:614 
"<México>"
	"México" Noun NP Singular lang:es 00:00:05 00:00:12 tt-884 MF066_1973_CT_SU2012_CL_03 
"<,>"
	"," Punctuation CM lang:es 00:00:05 00:00:12 tt-885 MF066_1973_CT_SU2012_CL_03 
"<mi>"
	"mío" Pronoun PPO Singular lang:es 00:00:05 00:00:12 tt-886 MF066_1973_CT_SU2012_CL_03 @Gram:Det:Pos ADD:446 
"<familia>"
	"familia" Noun NC Singular lang:es 00:00:05 00:00:12 tt-887 MF066_1973_CT_SU2012_CL_03 
"<está>"
	"estar" Verb VEfin Pres Indi Sing 3rd lang:es 00:00:05 00:00:12 tt-888 MF066_1973_CT_SU2012_CL_03 @Gram:SerEstar:Estar ADD:812 
"<...>"
	"..." Punctuation DOTS lang:es 00:00:05 00:00:12 tt-889 MF066_1973_CT_SU2012_CL_03 
"<todavía>"
	"todavía" Adverb ADV lang:es 00:00:05 00:00:12 tt-890 MF066_1973_CT_SU2012_CL_03 
"<tengo>"
	"tener" Verb VLfin Pres Indi Sing 1st lang:es 00:00:12 00:00:16 tt-891 MF066_1973_CT_SU2012_CL_03 
"<mucha>"
	"mucho" Adjective ADJ Singular lang:es 00:00:12 00:00:16 tt-892 MF066_1973_CT_SU2012_CL_03 
"<familia>"
	"familia" Noun NC Singular lang:es 00:00:12 00:00:16 tt-893 MF066_1973_CT_SU2012_CL_03 
"<en>"
	"en" Preposition PREP lang:es 00:00:12 00:00:16 tt-894 MF066_1973_CT_SU2012_CL_03 @Gram:Prep ADD:614 
"<México>"
	"México" Noun NP Singular lang:es 00:00:12 00:00:16 tt-895 MF066_1973_CT_SU2012_CL_03 
"<,>"
	"," Punctuation CM lang:es 00:00:12 00:00:16 tt-896 MF066_1973_CT_SU2012_CL_03 
"<y>"
	"y" Conjunciton Conjunction CC lang:es 00:00:12 00:00:16 tt-897 MF066_1973_CT_SU2012_CL_03 SUBSTITUTE:385 
"<son>"
	"ser" Verb VSfin Pres Indi Plural 3rd lang:es 00:00:12 00:00:16 tt-898 MF066_1973_CT_SU2012_CL_03 @Gram:SerEstar:Ser ADD:803 
"<mis>"
	"mío" Pronoun PPO Plural lang:es 00:00:12 00:00:16 tt-899 MF066_1973_CT_SU2012_CL_03 @Gram:Det:Pos SUBSTITUTE:309 ADD:447 
"<raíces>"
	"raíz" Noun NC Plural lang:es 00:00:12 00:00:16 tt-900 MF066_1973_CT_SU2012_CL_03 
"<por>"
	"por" Preposition PREP lang:es 00:00:12 00:00:16 tt-901 MF066_1973_CT_SU2012_CL_03 @Gram:Prep:Por SUBSTITUTE:262 ADD:595 
"<eso>"
	"ese" Determiner DM Singular lang:es 00:00:12 00:00:16 tt-902 MF066_1973_CT_SU2012_CL_03 @Gram:Det:Demo ADD:439 
"<que>"
	"que" Conjunction CQUE lang:es 00:00:12 00:00:16 tt-903 MF066_1973_CT_SU2012_CL_03 
"<le>"
	"él" Pronoun PPC Singular lang:es 00:00:12 00:00:16 tt-904 MF066_1973_CT_SU2012_CL_03 @Gram:Pron:Objeto ADD:654 
"<inculqué>"
	"UNK" Verb VLfin Pret Indi Sing 1st lang:es 00:00:12 00:00:16 tt-905 MF066_1973_CT_SU2012_CL_03 @Gram:Indefinido ADD:688 
"<eso>"
	"ese" Determiner DM Singular lang:es 00:00:12 00:00:16 tt-906 MF066_1973_CT_SU2012_CL_03 @Gram:Det:Demo ADD:439 
"<también>"
	"también" Adverb ADV lang:es 00:00:12 00:00:16 tt-907 MF066_1973_CT_SU2012_CL_03 @Prag:MarcadoresDisc:Igualdad ADD:1116 
"<a>"
	"a" Preposition PREP lang:es 00:00:16 00:00:22 tt-908 MF066_1973_CT_SU2012_CL_03 @Gram:Prep SUBSTITUTE:389 ADD:614 
"<mis>"
	"mío" Pronoun PPO Plural lang:es 00:00:16 00:00:22 tt-909 MF066_1973_CT_SU2012_CL_03 @Gram:Det:Pos SUBSTITUTE:309 ADD:447 
"<hijos>"
	"hijo" Noun NC Plural lang:es 00:00:16 00:00:22 tt-910 MF066_1973_CT_SU2012_CL_03 
"<de>"
	"de" Conjunction CSUBI lang:es 00:00:16 00:00:22 tt-911 MF066_1973_CT_SU2012_CL_03 
"<hablar>"
	"hablar" Verb VLinf Infinitive lang:es 00:00:16 00:00:22 tt-912 MF066_1973_CT_SU2012_CL_03 SUBSTITUTE:320 
"<el>"
	"el" Determiner ART Singular Masc lang:es 00:00:16 00:00:22 tt-913 MF066_1973_CT_SU2012_CL_03 @Gram:Det:Art ADD:416 
"<español>"
	"español" Noun NC Singular lang:es 00:00:16 00:00:22 tt-914 MF066_1973_CT_SU2012_CL_03 
"<,>"
	"," Punctuation CM lang:es 00:00:16 00:00:22 tt-915 MF066_1973_CT_SU2012_CL_03 
"<de>"
	"de" Conjunction CSUBI lang:es 00:00:16 00:00:22 tt-916 MF066_1973_CT_SU2012_CL_03 
"<saber>"
	"saber" Verb VLinf Infinitive lang:es 00:00:16 00:00:22 tt-917 MF066_1973_CT_SU2012_CL_03 SUBSTITUTE:320 
"<escribir>"
	"escribir" Verb VLinf Infinitive lang:es 00:00:16 00:00:22 tt-918 MF066_1973_CT_SU2012_CL_03 SUBSTITUTE:320 
"<el>"
	"el" Determiner ART Singular Masc lang:es 00:00:16 00:00:22 tt-919 MF066_1973_CT_SU2012_CL_03 @Gram:Det:Art ADD:416 
"<español>"
	"español" Noun NC Singular lang:es 00:00:16 00:00:22 tt-920 MF066_1973_CT_SU2012_CL_03 
"<$.>"
	"." Punctuation FS lang:es 00:00:16 00:00:22 tt-921 MF066_1973_CT_SU2012_CL_03 

"<Eh>"
	"eh" Noun NP Singular lang:es 00:00:16 00:00:22 tt-922 MF066_1973_CT_SU2012_CL_03 
"<...>"
	"..." Punctuation DOTS lang:es 00:00:16 00:00:22 tt-923 MF066_1973_CT_SU2012_CL_03 
"<yo>"
	"yo" Pronoun PPX Singular lang:es 00:00:16 00:00:22 tt-924 MF066_1973_CT_SU2012_CL_03 @Gram:Pron:Sujeto ADD:624 
"<creo>"
	"crear|creer" Verb VLfin Pres Indi Sing 1st lang:es 00:00:16 00:00:22 tt-925 MF066_1973_CT_SU2012_CL_03 
"<que>"
	"que" Conjunction CQUE lang:es 00:00:16 00:00:22 tt-926 MF066_1973_CT_SU2012_CL_03 
"<cuando>"
	"cuando" Conjunction CSUBX lang:es 00:00:16 00:00:22 tt-927 MF066_1973_CT_SU2012_CL_03 
"<eres>"
	"ser" Verb VSfin Pres Indi Sing 2nd lang:es 00:00:22 00:00:25 tt-928 MF066_1973_CT_SU2012_CL_03 @Gram:SerEstar:Ser ADD:803 
"<bilingüe>"
	"bilingüe" Adjective ADJ Singular lang:es 00:00:22 00:00:25 tt-929 MF066_1973_CT_SU2012_CL_03 
"<es>"
	"ser" Verb VSfin Pres Indi Sing 3rd lang:es 00:00:22 00:00:25 tt-930 MF066_1973_CT_SU2012_CL_03 @Gram:SerEstar:Ser ADD:803 
"<...>"
	"..." Punctuation DOTS lang:es 00:00:22 00:00:25 tt-931 MF066_1973_CT_SU2012_CL_03 
"<es>"
	"ser" Verb VSfin Pres Indi Sing 3rd lang:es 00:00:22 00:00:25 tt-932 MF066_1973_CT_SU2012_CL_03 @Gram:SerEstar:Ser ADD:803 
"<...>"
	"..." Punctuation DOTS lang:es 00:00:22 00:00:25 tt-933 MF066_1973_CT_SU2012_CL_03 
"<no>"
	"no" Adverb NEG lang:es 00:00:22 00:00:25 tt-934 MF066_1973_CT_SU2012_CL_03 
"<sé>"
	"saber|ser" Verb VLfin Pres Indi Sing 1st lang:es 00:00:22 00:00:25 tt-935 MF066_1973_CT_SU2012_CL_03 
"<yo>"
	"yo" Pronoun PPX Singular lang:es 00:00:22 00:00:25 tt-936 MF066_1973_CT_SU2012_CL_03 @Gram:Pron:Sujeto ADD:624 
"<$.>"
	"." Punctuation FS lang:es 00:00:22 00:00:25 tt-937 MF066_1973_CT_SU2012_CL_03 

"<Para>"
	"para" Preposition PREP lang:es 00:00:22 00:00:25 tt-938 MF066_1973_CT_SU2012_CL_03 @Gram:Prep:Para SUBSTITUTE:336 ADD:578 
"<mí>"
	"yo" Pronoun PPX Singular lang:es 00:00:22 00:00:25 tt-939 MF066_1973_CT_SU2012_CL_03 
"<es>"
	"ser" Verb VSfin Pres Indi Sing 3rd lang:es 00:00:22 00:00:25 tt-940 MF066_1973_CT_SU2012_CL_03 @Gram:SerEstar:Ser ADD:803 
"<como>"
	"como" Adverb ADV lang:es 00:00:22 00:00:25 tt-941 MF066_1973_CT_SU2012_CL_03 
"<un>"
	"un" Determiner ART Singular lang:es 00:00:22 00:00:25 tt-942 MF066_1973_CT_SU2012_CL_03 
"<superdotado>"
	"UNK" Verb VLadj lang:es 00:00:22 00:00:25 tt-943 MF066_1973_CT_SU2012_CL_03 
"<$.>"
	"." Punctuation FS lang:es 00:00:22 00:00:25 tt-944 MF066_1973_CT_SU2012_CL_03 
</speaker>
</text>

