<text id="MF066_1973_CT_SU2012_CL_08">
<speaker type="int">
"<$¿>"
	"¿" Punctuation FS lang:es 00:00:00 00:00:06 tt-3401 MF066_1973_CT_SU2012_CL_08 
"<Algún>"
	"alguno" Determiner QU lang:es 00:00:00 00:00:06 tt-3402 MF066_1973_CT_SU2012_CL_08 
"<comentario>"
	"comentario" Noun NC Singular lang:es 00:00:00 00:00:06 tt-3403 MF066_1973_CT_SU2012_CL_08 
"<que>"
	"que" Conjunction CQUE lang:es 00:00:00 00:00:06 tt-3404 MF066_1973_CT_SU2012_CL_08 
"<haya>"
	"haber" Verb VHfin Pres Subj Sing 1st_or_3rd lang:es 00:00:00 00:00:06 tt-3405 MF066_1973_CT_SU2012_CL_08 ID:5 R:Gram:MSub:Pres:6 
"<dicho>"
	"decir" Verbo VLadj lang:es 00:00:00 00:00:06 tt-3406 MF066_1973_CT_SU2012_CL_08 ID:6 
"<ella>"
	"él" Pronoun PPX Singular lang:es 00:00:00 00:00:06 tt-3407 MF066_1973_CT_SU2012_CL_08 @Gram:Pron:Sujeto 
"<que>"
	"que" Conjunction CQUE lang:es 00:00:00 00:00:06 tt-3408 MF066_1973_CT_SU2012_CL_08 
"<no>"
	"no" Adverb NEG lang:es 00:00:00 00:00:06 tt-3409 MF066_1973_CT_SU2012_CL_08 
"<le>"
	"él" Pronoun PPC Singular lang:es 00:00:00 00:00:06 tt-3410 MF066_1973_CT_SU2012_CL_08 @Gram:Pron:Objeto 
"<ha>"
	"haber" Verb VHfin Pres Indi Sing 3rd lang:es 00:00:00 00:00:06 tt-3411 MF066_1973_CT_SU2012_CL_08 ID:11 R:Gram:Aux:Haber:12 R:Gram:PerfPerif:12 
"<gustado>"
	"gustar" Verb VLadj lang:es 00:00:00 00:00:06 tt-3412 MF066_1973_CT_SU2012_CL_08 ID:12 
"<tanto>"
	"tanto" Adverb ADV lang:es 00:00:00 00:00:06 tt-3413 MF066_1973_CT_SU2012_CL_08 
"<$?>"
	"?" Punctuation FS lang:es 00:00:00 00:00:06 tt-3414 MF066_1973_CT_SU2012_CL_08 
<lang code="en">

"<Ah>"
	"ah" Other UH lang:en 00:00:06 00:00:13 tt-3415 MF066_1973_CT_SU2012_CL_08 
</lang>
"<...>"
	"..." Punctuation DOTS lang:es 00:00:06 00:00:13 tt-3416 MF066_1973_CT_SU2012_CL_08 
"<recuerdo>"
	"recuerdo" Noun NC Singular lang:es 00:00:06 00:00:13 tt-3417 MF066_1973_CT_SU2012_CL_08 
"<dos>"
	"dos" Determiner CARD Plural lang:es 00:00:06 00:00:13 tt-3418 MF066_1973_CT_SU2012_CL_08 
"<mucho>"
	"mucho" Adverb ADV lang:es 00:00:06 00:00:13 tt-3419 MF066_1973_CT_SU2012_CL_08 
"<$.>"
	"." Punctuation FS lang:es 00:00:06 00:00:13 tt-3420 MF066_1973_CT_SU2012_CL_08 

"<Es>"
	"ser" Verb VSfin Pres Indi Sing 3rd lang:es 00:00:06 00:00:13 tt-3421 MF066_1973_CT_SU2012_CL_08 @Gram:SerEstar:Ser 
"<que>"
	"que" Conjunction CQUE lang:es 00:00:06 00:00:13 tt-3422 MF066_1973_CT_SU2012_CL_08 
"<ella>"
	"él" Pronoun PPX Singular lang:es 00:00:06 00:00:13 tt-3423 MF066_1973_CT_SU2012_CL_08 @Gram:Pron:Sujeto 
"<es>"
	"ser" Verb VSfin Pres Indi Sing 3rd lang:es 00:00:06 00:00:13 tt-3424 MF066_1973_CT_SU2012_CL_08 @Gram:SerEstar:Ser 
"<del>"
	"del" Preposition PDEL lang:es 00:00:06 00:00:13 tt-3425 MF066_1973_CT_SU2012_CL_08 @Gram:Prep 
"<Distrito>"
	"distrito" Noun NC Singular lang:es 00:00:06 00:00:13 tt-3426 MF066_1973_CT_SU2012_CL_08 
<lang code="en">
"<Federal>"
	"Federal" Noun NP Singular lang:en 00:00:06 00:00:13 tt-3427 MF066_1973_CT_SU2012_CL_08 
</lang>
"<de>"
	"de" Preposition PREP lang:es 00:00:06 00:00:13 tt-3428 MF066_1973_CT_SU2012_CL_08 @Gram:Prep 
"<México>"
	"México" Noun NP Singular lang:es 00:00:06 00:00:13 tt-3429 MF066_1973_CT_SU2012_CL_08 
"<$.>"
	"." Punctuation FS lang:es 00:00:06 00:00:13 tt-3430 MF066_1973_CT_SU2012_CL_08 

"<De>"
	"de" Preposition PREP lang:es 00:00:06 00:00:13 tt-3431 MF066_1973_CT_SU2012_CL_08 @Gram:Prep 
"<este>"
	"este" Determiner DM Singular lang:es 00:00:06 00:00:13 tt-3432 MF066_1973_CT_SU2012_CL_08 
"<...>"
	"..." Punctuation DOTS lang:es 00:00:06 00:00:13 tt-3433 MF066_1973_CT_SU2012_CL_08 
"<y>"
	"y" Conjunction CC lang:es 00:00:06 00:00:13 tt-3434 MF066_1973_CT_SU2012_CL_08 
"<alguna>"
	"alguno" Determiner QU lang:es 00:00:06 00:00:13 tt-3435 MF066_1973_CT_SU2012_CL_08 
"<vez>"
	"vez" Noun NC Singular lang:es 00:00:14 00:00:18 tt-3436 MF066_1973_CT_SU2012_CL_08 
"<estaba>"
	"estar" Verb VEfin Imp Indi Sing 1st_or_3rd lang:es 00:00:14 00:00:18 tt-3437 MF066_1973_CT_SU2012_CL_08 @Gram:Imperf @Gram:SerEstar:Estar ID:37 R:Gram:SerEstar:EstarAux:38 
"<diciendo>"
	"decir" Verb VLger lang:es 00:00:14 00:00:18 tt-3438 MF066_1973_CT_SU2012_CL_08 ID:38 
"<a>"
	"a" Preposition PREP lang:es 00:00:14 00:00:18 tt-3439 MF066_1973_CT_SU2012_CL_08 @Gram:Prep 
"<una>"
	"un" Determiner ART Singular lang:es 00:00:14 00:00:18 tt-3440 MF066_1973_CT_SU2012_CL_08 
"<clienta>"
	"UNK" Noun NC Singular lang:es 00:00:14 00:00:18 tt-3441 MF066_1973_CT_SU2012_CL_08 
"<americana>"
	"americano" Noun NC Singular lang:es 00:00:14 00:00:18 tt-3442 MF066_1973_CT_SU2012_CL_08 
"<...>"
	"..." Punctuation DOTS lang:es 00:00:14 00:00:18 tt-3443 MF066_1973_CT_SU2012_CL_08 
"<le>"
	"le" Other PE lang:es 00:00:14 00:00:18 tt-3444 MF066_1973_CT_SU2012_CL_08 
"<está>"
	"estar" Verb VEfin Pres Indi Sing 3rd lang:es 00:00:14 00:00:18 tt-3445 MF066_1973_CT_SU2012_CL_08 @Gram:SerEstar:Estar ID:45 R:Gram:SerEstar:EstarAux:46 
"<haciendo>"
	"hacer" Verb VLger lang:es 00:00:14 00:00:18 tt-3446 MF066_1973_CT_SU2012_CL_08 ID:46 
"<un>"
	"un" Determiner ART Singular lang:es 00:00:14 00:00:18 tt-3447 MF066_1973_CT_SU2012_CL_08 
"<permanente>"
	"permanente" Adjective ADJ Singular lang:es 00:00:14 00:00:18 tt-3448 MF066_1973_CT_SU2012_CL_08 
"<y>"
	"y" Conjunction CC lang:es 00:00:14 00:00:18 tt-3449 MF066_1973_CT_SU2012_CL_08 
"<estamos>"
	"estar" Verb VEfin Pres Indi Plural 1st lang:es 00:00:14 00:00:18 tt-3450 MF066_1973_CT_SU2012_CL_08 @Gram:SerEstar:Estar ID:50 R:Gram:SerEstar:EstarAux:51 
"<platicando>"
	"platicar" Verb VLger lang:es 00:00:18 00:00:25 tt-3451 MF066_1973_CT_SU2012_CL_08 ID:51 
"<las>"
	"el" Determiner ART Plural Fem lang:es 00:00:18 00:00:25 tt-3452 MF066_1973_CT_SU2012_CL_08 @Gram:Det:Art 
"<tres>"
	"tres" Determiner CARD Plural lang:es 00:00:18 00:00:25 tt-3453 MF066_1973_CT_SU2012_CL_08 
"<...>"
	"..." Punctuation DOTS lang:es 00:00:18 00:00:25 tt-3454 MF066_1973_CT_SU2012_CL_08 
"<mi>"
	"mío" Pronoun PPO Singular lang:es 00:00:18 00:00:25 tt-3455 MF066_1973_CT_SU2012_CL_08 @Gram:Det:Pos 
"<jefa>"
	"jefe" Noun NC Singular lang:es 00:00:18 00:00:25 tt-3456 MF066_1973_CT_SU2012_CL_08 
"<,>"
	"," Punctuation CM lang:es 00:00:18 00:00:25 tt-3457 MF066_1973_CT_SU2012_CL_08 
"<la>"
	"el" Determiner ART Singular Fem lang:es 00:00:18 00:00:25 tt-3458 MF066_1973_CT_SU2012_CL_08 @Gram:Det:Art 
"<señora>"
	"señora" Noun NC Singular lang:es 00:00:18 00:00:25 tt-3459 MF066_1973_CT_SU2012_CL_08 
"<,>"
	"," Punctuation CM lang:es 00:00:18 00:00:25 tt-3460 MF066_1973_CT_SU2012_CL_08 
"<y>"
	"y" Conjunction CC lang:es 00:00:18 00:00:25 tt-3461 MF066_1973_CT_SU2012_CL_08 
"<yo>"
	"yo" Pronoun PPX Singular lang:es 00:00:18 00:00:25 tt-3462 MF066_1973_CT_SU2012_CL_08 @Gram:Pron:Sujeto 
"<$.>"
	"." Punctuation FS lang:es 00:00:18 00:00:25 tt-3463 MF066_1973_CT_SU2012_CL_08 

"<Entonces>"
	"entonces" Adverb ADV lang:es 00:00:18 00:00:25 tt-3464 MF066_1973_CT_SU2012_CL_08 
"<la>"
	"el" Determiner ART Singular Fem lang:es 00:00:18 00:00:25 tt-3465 MF066_1973_CT_SU2012_CL_08 @Gram:Det:Art 
"<señora>"
	"señora" Noun NC Singular lang:es 00:00:18 00:00:25 tt-3466 MF066_1973_CT_SU2012_CL_08 
"<estaba>"
	"estar" Verb VEfin Imp Indi Sing 1st_or_3rd lang:es 00:00:18 00:00:25 tt-3467 MF066_1973_CT_SU2012_CL_08 @Gram:Imperf @Gram:SerEstar:Estar ID:67 R:Gram:SerEstar:EstarAux:68 
"<platicando>"
	"platicar" Verb VLger lang:es 00:00:18 00:00:25 tt-3468 MF066_1973_CT_SU2012_CL_08 ID:68 
"<de>"
	"de" Preposition PREP lang:es 00:00:25 00:00:30 tt-3469 MF066_1973_CT_SU2012_CL_08 @Gram:Prep 
"<que>"
	"que" Conjunction CQUE lang:es 00:00:25 00:00:30 tt-3470 MF066_1973_CT_SU2012_CL_08 
"<estaba>"
	"estar" Verb VEfin Imp Indi Sing 1st_or_3rd lang:es 00:00:25 00:00:30 tt-3471 MF066_1973_CT_SU2012_CL_08 @Gram:Imperf @Gram:SerEstar:Estar ID:71 R:Gram:SerEstar:EstarAux:72 
"<haciendo>"
	"hacer" Verb VLger lang:es 00:00:25 00:00:30 tt-3472 MF066_1973_CT_SU2012_CL_08 ID:72 
"<un>"
	"un" Determiner ART Singular lang:es 00:00:25 00:00:30 tt-3473 MF066_1973_CT_SU2012_CL_08 
"<trabajo>"
	"trabajo" Noun NC Singular lang:es 00:00:25 00:00:30 tt-3474 MF066_1973_CT_SU2012_CL_08 
"<en>"
	"en" Preposition PREP lang:es 00:00:25 00:00:30 tt-3475 MF066_1973_CT_SU2012_CL_08 @Gram:Prep 
"<su>"
	"suyo" Pronoun PPO Singular lang:es 00:00:25 00:00:30 tt-3476 MF066_1973_CT_SU2012_CL_08 @Gram:Det:Pos 
"<casa>"
	"casa" Noun NC Singular lang:es 00:00:25 00:00:30 tt-3477 MF066_1973_CT_SU2012_CL_08 
"<...>"
	"..." Punctuation DOTS lang:es 00:00:25 00:00:30 tt-3478 MF066_1973_CT_SU2012_CL_08 
"<de>"
	"de" Preposition PREP lang:es 00:00:25 00:00:30 tt-3479 MF066_1973_CT_SU2012_CL_08 @Gram:Prep 
"<...>"
	"..." Punctuation DOTS lang:es 00:00:25 00:00:30 tt-3480 MF066_1973_CT_SU2012_CL_08 
"<de>"
	"de" Preposition PREP lang:es 00:00:25 00:00:30 tt-3481 MF066_1973_CT_SU2012_CL_08 @Gram:Prep 
"<un>"
	"un" Determiner ART Singular lang:es 00:00:25 00:00:30 tt-3482 MF066_1973_CT_SU2012_CL_08 
"<piso>"
	"piso" Noun NC Singular lang:es 00:00:25 00:00:30 tt-3483 MF066_1973_CT_SU2012_CL_08 
"<,>"
	"," Punctuation CM lang:es 00:00:25 00:00:30 tt-3484 MF066_1973_CT_SU2012_CL_08 
"<su>"
	"suyo" Pronoun PPO Singular lang:es 00:00:25 00:00:30 tt-3485 MF066_1973_CT_SU2012_CL_08 @Gram:Det:Pos 
"<cocina>"
	"cocina" Noun NC Singular lang:es 00:00:25 00:00:30 tt-3486 MF066_1973_CT_SU2012_CL_08 
"<$.>"
	"." Punctuation FS lang:es 00:00:25 00:00:30 tt-3487 MF066_1973_CT_SU2012_CL_08 

"<Y>"
	"y" Conjunction CC lang:es 00:00:25 00:00:30 tt-3488 MF066_1973_CT_SU2012_CL_08 
"<estaba>"
	"estar" Verb VEfin Imp Indi Sing 1st_or_3rd lang:es 00:00:25 00:00:30 tt-3489 MF066_1973_CT_SU2012_CL_08 @Gram:Imperf @Gram:SerEstar:Estar 
"<muy>"
	"muy" Adverb ADV lang:es 00:00:30 00:00:36 tt-3490 MF066_1973_CT_SU2012_CL_08 
"<emocionada>"
	"emocionar" Verb VLadj lang:es 00:00:30 00:00:36 tt-3491 MF066_1973_CT_SU2012_CL_08 
"<hablando>"
	"hablar" Verb VLger lang:es 00:00:30 00:00:36 tt-3492 MF066_1973_CT_SU2012_CL_08 
"<su>"
	"suyo" Pronoun PPO Singular lang:es 00:00:30 00:00:36 tt-3493 MF066_1973_CT_SU2012_CL_08 @Gram:Det:Pos 
"<trabajo>"
	"trabajo" Noun NC Singular lang:es 00:00:30 00:00:36 tt-3494 MF066_1973_CT_SU2012_CL_08 
"<$.>"
	"." Punctuation FS lang:es 00:00:30 00:00:36 tt-3495 MF066_1973_CT_SU2012_CL_08 

"<Y>"
	"y" Conjunction CC lang:es 00:00:30 00:00:36 tt-3496 MF066_1973_CT_SU2012_CL_08 
"<dijo>"
	"decir" Verb VLfin Pres Indi Sing 1st lang:es 00:00:30 00:00:36 tt-3497 MF066_1973_CT_SU2012_CL_08 
"<lo>"
	"el" Determiner ART Singular lang:es 00:00:30 00:00:36 tt-3498 MF066_1973_CT_SU2012_CL_08 @Gram:Det:Art 
"<único>"
	"único" Adjective ADJ Singular lang:es 00:00:30 00:00:36 tt-3499 MF066_1973_CT_SU2012_CL_08 
"<que>"
	"que" Conjunction CQUE lang:es 00:00:30 00:00:36 tt-3500 MF066_1973_CT_SU2012_CL_08 
"<no>"
	"no" Adverb NEG lang:es 00:00:30 00:00:36 tt-3501 MF066_1973_CT_SU2012_CL_08 
"<me>"
	"yo" Pronoun PPX Singular lang:es 00:00:30 00:00:36 tt-3502 MF066_1973_CT_SU2012_CL_08 @Gram:Pron:Objeto ID:102 R:Gram:Gustar:Propios:103 
"<gusta>"
	"gustar" Verb VLfin Pres Indi Sing 3rd lang:es 00:00:30 00:00:36 tt-3503 MF066_1973_CT_SU2012_CL_08 ID:103 
"<es>"
	"ser" Verb VSfin Pres Indi Sing 3rd lang:es 00:00:30 00:00:36 tt-3504 MF066_1973_CT_SU2012_CL_08 @Gram:SerEstar:Ser 
"<que>"
	"que" Conjunction CQUE lang:es 00:00:30 00:00:36 tt-3505 MF066_1973_CT_SU2012_CL_08 
"<los>"
	"el" Determiner ART Plural Masc lang:es 00:00:30 00:00:36 tt-3506 MF066_1973_CT_SU2012_CL_08 @Gram:Det:Art 
"<trabajadores>"
	"trabajador" Noun NC Plural lang:es 00:00:30 00:00:36 tt-3507 MF066_1973_CT_SU2012_CL_08 
<lang code="en">
"<ah>"
	"UNK" Noun NN lang:en 00:00:36 00:00:40 tt-3508 MF066_1973_CT_SU2012_CL_08 
</lang>
"<...>"
	"..." Punctuation DOTS lang:es 00:00:36 00:00:40 tt-3509 MF066_1973_CT_SU2012_CL_08 
"<a>"
	"a" Preposition PREP lang:es 00:00:36 00:00:40 tt-3510 MF066_1973_CT_SU2012_CL_08 @Gram:Prep 
"<medio>"
	"medio" Determiner QU lang:es 00:00:36 00:00:40 tt-3511 MF066_1973_CT_SU2012_CL_08 
"<trabajo>"
	"trabajo" Noun NC Singular lang:es 00:00:36 00:00:40 tt-3512 MF066_1973_CT_SU2012_CL_08 
"<se>"
	"se" Other SE lang:es 00:00:36 00:00:40 tt-3513 MF066_1973_CT_SU2012_CL_08 
"<paran>"
	"parar|parir" Verb VLfin Past Subj Plural 3rd lang:es 00:00:36 00:00:40 tt-3514 MF066_1973_CT_SU2012_CL_08 @Gram:MSub:Pret 
"<y>"
	"y" Conjunction CC lang:es 00:00:36 00:00:40 tt-3515 MF066_1973_CT_SU2012_CL_08 
"<se>"
	"se" Other SE lang:es 00:00:36 00:00:40 tt-3516 MF066_1973_CT_SU2012_CL_08 
"<ponen>"
	"poner" Verb VLfin Pres Indi Plural 3rd lang:es 00:00:36 00:00:40 tt-3517 MF066_1973_CT_SU2012_CL_08 
"<a>"
	"a" Preposition PREP lang:es 00:00:36 00:00:40 tt-3518 MF066_1973_CT_SU2012_CL_08 @Gram:Prep 
"<tomar>"
	"tomar" Verb VLinf Infinitive lang:es 00:00:36 00:00:40 tt-3519 MF066_1973_CT_SU2012_CL_08 
"<o>"
	"o" Conjunction CC lang:es 00:00:36 00:00:40 tt-3520 MF066_1973_CT_SU2012_CL_08 
"<llegan>"
	"llegar" Verb VLfin Pres Indi Plural 3rd lang:es 00:00:36 00:00:40 tt-3521 MF066_1973_CT_SU2012_CL_08 
"<tarde>"
	"tarde" Adverb ADV lang:es 00:00:36 00:00:40 tt-3522 MF066_1973_CT_SU2012_CL_08 
"<,>"
	"," Punctuation CM lang:es 00:00:36 00:00:40 tt-3523 MF066_1973_CT_SU2012_CL_08 
"<o>"
	"o" Conjunction CC lang:es 00:00:36 00:00:40 tt-3524 MF066_1973_CT_SU2012_CL_08 
"<se>"
	"se" Other SE lang:es 00:00:36 00:00:40 tt-3525 MF066_1973_CT_SU2012_CL_08 
"<van>"
	"ir" Verb VLfin Pres Indi Plural 3rd lang:es 00:00:36 00:00:40 tt-3526 MF066_1973_CT_SU2012_CL_08 
"<temprano>"
	"temprano" Adverb ADV lang:es 00:00:36 00:00:40 tt-3527 MF066_1973_CT_SU2012_CL_08 
"<y>"
	"y" Conjunction CC lang:es 00:00:40 00:00:46 tt-3528 MF066_1973_CT_SU2012_CL_08 
"<toman>"
	"tomar" Verb VLfin Pres Indi Plural 3rd lang:es 00:00:40 00:00:46 tt-3529 MF066_1973_CT_SU2012_CL_08 
"<mucho>"
	"mucho" Adverb ADV lang:es 00:00:40 00:00:46 tt-3530 MF066_1973_CT_SU2012_CL_08 
"<$.>"
	"." Punctuation FS lang:es 00:00:40 00:00:46 tt-3531 MF066_1973_CT_SU2012_CL_08 

"<Y>"
	"y" Conjunction CC lang:es 00:00:40 00:00:46 tt-3532 MF066_1973_CT_SU2012_CL_08 
"<mi>"
	"mío" Pronoun PPO Singular lang:es 00:00:40 00:00:46 tt-3533 MF066_1973_CT_SU2012_CL_08 @Gram:Det:Pos 
"<jefa>"
	"jefe" Noun NC Singular lang:es 00:00:40 00:00:46 tt-3534 MF066_1973_CT_SU2012_CL_08 
"<lo>"
	"el" Determiner ART Singular lang:es 00:00:40 00:00:46 tt-3535 MF066_1973_CT_SU2012_CL_08 
"<que>"
	"que" Conjunction CQUE lang:es 00:00:40 00:00:46 tt-3536 MF066_1973_CT_SU2012_CL_08 
"<se>"
	"se" Other SE lang:es 00:00:40 00:00:46 tt-3537 MF066_1973_CT_SU2012_CL_08 @Gram:Pron:Otros 
"<le>"
	"él" Pronoun PPC Singular lang:es 00:00:40 00:00:46 tt-3538 MF066_1973_CT_SU2012_CL_08 @Gram:Pron:Objeto 
"<ocurrió>"
	"ocurrir" Verb VLfin Pret Indi Sing 3rd lang:es 00:00:40 00:00:46 tt-3539 MF066_1973_CT_SU2012_CL_08 @Gram:Indefinido 
"<decir>"
	"decir" Verb VLinf Infinitive lang:es 00:00:40 00:00:46 tt-3540 MF066_1973_CT_SU2012_CL_08 
"<es>"
	"ser" Verb VSfin Pres Indi Sing 3rd lang:es 00:00:40 00:00:46 tt-3541 MF066_1973_CT_SU2012_CL_08 @Gram:SerEstar:Ser 
"<de>"
	"de" Preposition PREP lang:es 00:00:40 00:00:46 tt-3542 MF066_1973_CT_SU2012_CL_08 @Gram:Prep 
"<seguro>"
	"seguro" Adjective ADJ Singular lang:es 00:00:40 00:00:46 tt-3543 MF066_1973_CT_SU2012_CL_08 
"<son>"
	"ser" Verb VSfin Pres Indi Plural 3rd lang:es 00:00:40 00:00:46 tt-3544 MF066_1973_CT_SU2012_CL_08 @Gram:SerEstar:Ser 
"<mexicanos>"
	"mexicano" Adjective ADJ Plural lang:es 00:00:40 00:00:46 tt-3545 MF066_1973_CT_SU2012_CL_08 
"<porque>"
	"porque" Conjunction CSUBX lang:es 00:00:40 00:00:46 tt-3546 MF066_1973_CT_SU2012_CL_08 @Prag:MarcadoresDisc:Causa 
"<los>"
	"el" Determiner ART Plural Masc lang:es 00:00:46 00:00:51 tt-3547 MF066_1973_CT_SU2012_CL_08 @Gram:Det:Art 
"<mexicanos>"
	"mexicano" Noun NC Plural lang:es 00:00:46 00:00:51 tt-3548 MF066_1973_CT_SU2012_CL_08 
"<hacen>"
	"hacer" Verb VLfin Pres Indi Plural 3rd lang:es 00:00:46 00:00:51 tt-3549 MF066_1973_CT_SU2012_CL_08 
"<...>"
	"..." Punctuation DOTS lang:es 00:00:46 00:00:51 tt-3550 MF066_1973_CT_SU2012_CL_08 
"<de>"
	"de" Preposition PREP lang:es 00:00:46 00:00:51 tt-3551 MF066_1973_CT_SU2012_CL_08 @Gram:Prep 
"<cualquier>"
	"cualquier" Determiner QU lang:es 00:00:46 00:00:51 tt-3552 MF066_1973_CT_SU2012_CL_08 
"<cosa>"
	"cosa" Noun NC Singular lang:es 00:00:46 00:00:51 tt-3553 MF066_1973_CT_SU2012_CL_08 
"<se>"
	"se" Other SE lang:es 00:00:46 00:00:51 tt-3554 MF066_1973_CT_SU2012_CL_08 
"<hacen>"
	"hacer" Verb VLfin Pres Indi Plural 3rd lang:es 00:00:46 00:00:51 tt-3555 MF066_1973_CT_SU2012_CL_08 
"<fiesta>"
	"fiesta" Noun NC Singular lang:es 00:00:46 00:00:51 tt-3556 MF066_1973_CT_SU2012_CL_08 
"<para>"
	"para" Preposition PREP lang:es 00:00:46 00:00:51 tt-3557 MF066_1973_CT_SU2012_CL_08 @Gram:Prep:Para 
"<tomar>"
	"tomar" Verb VLinf Infinitive lang:es 00:00:46 00:00:51 tt-3558 MF066_1973_CT_SU2012_CL_08 
"<$.>"
	"." Punctuation FS lang:es 00:00:46 00:00:51 tt-3559 MF066_1973_CT_SU2012_CL_08 

"<Y>"
	"Y" Other ALFS lang:es 00:00:46 00:00:51 tt-3560 MF066_1973_CT_SU2012_CL_08 
"<...>"
	"..." Punctuation DOTS lang:es 00:00:46 00:00:51 tt-3561 MF066_1973_CT_SU2012_CL_08 
"<y>"
	"Y" Other ALFS lang:es 00:00:46 00:00:51 tt-3562 MF066_1973_CT_SU2012_CL_08 
"<eso>"
	"ese" Determiner DM Singular lang:es 00:00:46 00:00:51 tt-3563 MF066_1973_CT_SU2012_CL_08 
"<,>"
	"," Punctuation CM lang:es 00:00:46 00:00:51 tt-3564 MF066_1973_CT_SU2012_CL_08 
"<híjole>"
	"híjole" Noun NP Singular lang:es 00:00:51 00:00:57 tt-3565 MF066_1973_CT_SU2012_CL_08 
"<,>"
	"," Punctuation CM lang:es 00:00:51 00:00:57 tt-3566 MF066_1973_CT_SU2012_CL_08 
"<me>"
	"yo" Pronoun PPX Singular lang:es 00:00:51 00:00:57 tt-3567 MF066_1973_CT_SU2012_CL_08 @Gram:Pron:Objeto 
"<cayó>"
	"caer" Verb VLfin Pret Indi Sing 1st lang:es 00:00:51 00:00:57 tt-3568 MF066_1973_CT_SU2012_CL_08 @Gram:Indefinido 
"<,>"
	"," Punctuation CM lang:es 00:00:51 00:00:57 tt-3569 MF066_1973_CT_SU2012_CL_08 
"<pero>"
	"pero" Conjunction CCAD lang:es 00:00:51 00:00:57 tt-3570 MF066_1973_CT_SU2012_CL_08 @Prag:MarcadoresDisc:Revision 
"<malísimo>"
	"malo" Adjective ADJ Singular lang:es 00:00:51 00:00:57 tt-3571 MF066_1973_CT_SU2012_CL_08 
"<$.>"
	"." Punctuation FS lang:es 00:00:51 00:00:57 tt-3572 MF066_1973_CT_SU2012_CL_08 

"<No>"
	"no" Adverb NEG lang:es 00:00:51 00:00:57 tt-3573 MF066_1973_CT_SU2012_CL_08 
"<me>"
	"yo" Pronoun PPX Singular lang:es 00:00:51 00:00:57 tt-3574 MF066_1973_CT_SU2012_CL_08 @Gram:Pron:Objeto ID:174 R:Gram:Gustar:Propios:175 
"<gustó>"
	"gustar" Verb VLfin Pret Indi Sing 3rd lang:es 00:00:51 00:00:57 tt-3575 MF066_1973_CT_SU2012_CL_08 @Gram:Indefinido ID:175 
"<porque>"
	"porque" Conjunction CSUBX lang:es 00:00:51 00:00:57 tt-3576 MF066_1973_CT_SU2012_CL_08 @Prag:MarcadoresDisc:Causa 
"<siento>"
	"sentar|sentir" Verb VLfin Pres Indi Sing 1st lang:es 00:00:51 00:00:57 tt-3577 MF066_1973_CT_SU2012_CL_08 
"<que>"
	"que" Conjunction CQUE lang:es 00:00:51 00:00:57 tt-3578 MF066_1973_CT_SU2012_CL_08 
"<es>"
	"ser" Verb VSfin Pres Indi Sing 3rd lang:es 00:00:51 00:00:57 tt-3579 MF066_1973_CT_SU2012_CL_08 @Gram:SerEstar:Ser 
"<como>"
	"como" Conjunction CSUBX lang:es 00:00:51 00:00:57 tt-3580 MF066_1973_CT_SU2012_CL_08 
"<racismo>"
	"racismo" Noun NC Singular lang:es 00:00:51 00:00:57 tt-3581 MF066_1973_CT_SU2012_CL_08 
"<$.>"
	"." Punctuation FS lang:es 00:00:51 00:00:57 tt-3582 MF066_1973_CT_SU2012_CL_08 

"<Y>"
	"y" Conjunction CC lang:es 00:00:51 00:00:57 tt-3583 MF066_1973_CT_SU2012_CL_08 
"<la>"
	"el" Determiner ART Singular Fem lang:es 00:00:51 00:00:57 tt-3584 MF066_1973_CT_SU2012_CL_08 @Gram:Det:Art 
"<señora>"
	"señora" Noun NC Singular lang:es 00:00:51 00:00:57 tt-3585 MF066_1973_CT_SU2012_CL_08 
"<dijo>"
	"decir" Verb VLfin Pres Indi Sing 1st lang:es 00:00:57 00:01:03 tt-3586 MF066_1973_CT_SU2012_CL_08 
"<no>"
	"no" Adverb NEG lang:es 00:00:57 00:01:03 tt-3587 MF066_1973_CT_SU2012_CL_08 
"<$.>"
	"." Punctuation FS lang:es 00:00:57 00:01:03 tt-3588 MF066_1973_CT_SU2012_CL_08 

"<Fíjate>"
	"fijar" Verb VLfin Pres Command Sing 2nd lang:es 00:00:57 00:01:03 tt-3589 MF066_1973_CT_SU2012_CL_08 @Gram:MImp:Informal 
"<$.>"
	"." Punctuation FS lang:es 00:00:57 00:01:03 tt-3590 MF066_1973_CT_SU2012_CL_08 

"<María>"
	"María" Noun NP Singular lang:es 00:00:57 00:01:03 tt-3591 MF066_1973_CT_SU2012_CL_08 
"<,>"
	"," Punctuation CM lang:es 00:00:57 00:01:03 tt-3592 MF066_1973_CT_SU2012_CL_08 
"<no>"
	"no" Adverb NEG lang:es 00:00:57 00:01:03 tt-3593 MF066_1973_CT_SU2012_CL_08 
"<$.>"
	"." Punctuation FS lang:es 00:00:57 00:01:03 tt-3594 MF066_1973_CT_SU2012_CL_08 

"<Fíjate>"
	"fijar" Verb VLfin Pres Command Sing 2nd lang:es 00:00:57 00:01:03 tt-3595 MF066_1973_CT_SU2012_CL_08 @Gram:MImp:Informal 
"<no>"
	"no" Adverb NEG lang:es 00:00:57 00:01:03 tt-3596 MF066_1973_CT_SU2012_CL_08 
"<$.>"
	"." Punctuation FS lang:es 00:00:57 00:01:03 tt-3597 MF066_1973_CT_SU2012_CL_08 

"<No>"
	"no" Adverb NEG lang:es 00:00:57 00:01:03 tt-3598 MF066_1973_CT_SU2012_CL_08 
"<,>"
	"," Punctuation CM lang:es 00:00:57 00:01:03 tt-3599 MF066_1973_CT_SU2012_CL_08 
"<no>"
	"no" Adverb NEG lang:es 00:00:57 00:01:03 tt-3600 MF066_1973_CT_SU2012_CL_08 
"<son>"
	"ser" Verb VSfin Pres Indi Plural 3rd lang:es 00:00:57 00:01:03 tt-3601 MF066_1973_CT_SU2012_CL_08 @Gram:SerEstar:Ser 
"<...>"
	"..." Punctuation DOTS lang:es 00:00:57 00:01:03 tt-3602 MF066_1973_CT_SU2012_CL_08 
"<no>"
	"no" Adverb NEG lang:es 00:00:57 00:01:03 tt-3603 MF066_1973_CT_SU2012_CL_08 
"<son>"
	"ser" Verb VSfin Pres Indi Plural 3rd lang:es 00:00:57 00:01:03 tt-3604 MF066_1973_CT_SU2012_CL_08 @Gram:SerEstar:Ser 
"<americanos>"
	"americano" Adjective ADJ Plural lang:es 00:00:57 00:01:03 tt-3605 MF066_1973_CT_SU2012_CL_08 
"<,>"
	"," Punctuation CM lang:es 00:00:57 00:01:03 tt-3606 MF066_1973_CT_SU2012_CL_08 
"<dice>"
	"decir" Verb VLfin Pres Indi Sing 3rd lang:es 00:00:57 00:01:03 tt-3607 MF066_1973_CT_SU2012_CL_08 
"<...>"
	"..." Punctuation DOTS lang:es 00:00:57 00:01:03 tt-3608 MF066_1973_CT_SU2012_CL_08 
"<no>"
	"no" Adverb NEG lang:es 00:00:57 00:01:03 tt-3609 MF066_1973_CT_SU2012_CL_08 
"<son>"
	"ser" Verb VSfin Pres Indi Plural 3rd lang:es 00:01:03 00:01:08 tt-3610 MF066_1973_CT_SU2012_CL_08 @Gram:SerEstar:Ser 
"<mexicanos>"
	"mexicano" Adjective ADJ Plural lang:es 00:01:03 00:01:08 tt-3611 MF066_1973_CT_SU2012_CL_08 
"<$.>"
	"." Punctuation FS lang:es 00:01:03 00:01:08 tt-3612 MF066_1973_CT_SU2012_CL_08 

"<Son>"
	"ser" Verb VSfin Pres Indi Plural 3rd lang:es 00:01:03 00:01:08 tt-3613 MF066_1973_CT_SU2012_CL_08 @Gram:SerEstar:Ser 
"<americanos>"
	"americano" Adjective ADJ Plural lang:es 00:01:03 00:01:08 tt-3614 MF066_1973_CT_SU2012_CL_08 
"<$.>"
	"." Punctuation FS lang:es 00:01:03 00:01:08 tt-3615 MF066_1973_CT_SU2012_CL_08 

"<Y>"
	"y" Conjunction CC lang:es 00:01:03 00:01:08 tt-3616 MF066_1973_CT_SU2012_CL_08 
"<fue>"
	"ir" Verb VLfin Pret Indi Sing 3rd lang:es 00:01:03 00:01:08 tt-3617 MF066_1973_CT_SU2012_CL_08 @Gram:Indefinido 
"<cuando>"
	"cuando" Conjunction CSUBX lang:es 00:01:03 00:01:08 tt-3618 MF066_1973_CT_SU2012_CL_08 
"<yo>"
	"yo" Pronoun PPX Singular lang:es 00:01:03 00:01:08 tt-3619 MF066_1973_CT_SU2012_CL_08 @Gram:Pron:Sujeto 
"<ya>"
	"ya" Adverb ADV lang:es 00:01:03 00:01:08 tt-3620 MF066_1973_CT_SU2012_CL_08 
"<sentí>"
	"sentir" Verb VLfin Pret Indi Sing 1st lang:es 00:01:03 00:01:08 tt-3621 MF066_1973_CT_SU2012_CL_08 @Gram:Indefinido 
"<tan>"
	"tan" Adverb ADV lang:es 00:01:03 00:01:08 tt-3622 MF066_1973_CT_SU2012_CL_08 
"<padre>"
	"padre" Noun NC Singular lang:es 00:01:03 00:01:08 tt-3623 MF066_1973_CT_SU2012_CL_08 
"<adentro>"
	"adentro" Noun NP Singular lang:es 00:01:03 00:01:08 tt-3624 MF066_1973_CT_SU2012_CL_08 
"<$.>"
	"." Punctuation FS lang:es 00:01:03 00:01:08 tt-3625 MF066_1973_CT_SU2012_CL_08 

"<Ser>"
	"ser" Noun NC Infinitive lang:es 00:01:03 00:01:08 tt-3626 MF066_1973_CT_SU2012_CL_08 
"<,>"
	"," Punctuation CM lang:es 00:01:03 00:01:08 tt-3627 MF066_1973_CT_SU2012_CL_08 
"<ay>"
	"ay" Noun NP Singular lang:es 00:01:03 00:01:08 tt-3628 MF066_1973_CT_SU2012_CL_08 
"<,>"
	"," Punctuation CM lang:es 00:01:03 00:01:08 tt-3629 MF066_1973_CT_SU2012_CL_08 
"<dije>"
	"decir" Verb VLfin Pret Indi Sing 1st lang:es 00:01:08 00:01:09 tt-3630 MF066_1973_CT_SU2012_CL_08 @Gram:Indefinido 
"<ya>"
	"ya" Adverb ADV lang:es 00:01:08 00:01:09 tt-3631 MF066_1973_CT_SU2012_CL_08 
"<calló>"
	"UNK" Verb VLfin Pret Indi Sing 3rd lang:es 00:01:08 00:01:09 tt-3632 MF066_1973_CT_SU2012_CL_08 @Gram:Indefinido 
"<la>"
	"el" Determiner ART Singular Fem lang:es 00:01:08 00:01:09 tt-3633 MF066_1973_CT_SU2012_CL_08 @Gram:Det:Art 
"<señora>"
	"señora" Noun NC Singular lang:es 00:01:08 00:01:09 tt-3634 MF066_1973_CT_SU2012_CL_08 
"<$.>"
	"." Punctuation FS lang:es 00:01:08 00:01:09 tt-3635 MF066_1973_CT_SU2012_CL_08 
</speaker>
</text>

