<text id="MF073_1964_SA_SU2012_JB_01">
<speaker type="subj">
"<Hablo>"
	"hablar" Verb VLfin Pres Indi Sing 1st lang:es 00:00:00 00:00:07 tt-280 MF073_1964_SA_SU2012_JB_01 
"<español>"
	"español" Noun NC Singular lang:es 00:00:00 00:00:07 tt-281 MF073_1964_SA_SU2012_JB_01 
"<a>"
	"a" Preposition PREP lang:es 00:00:00 00:00:07 tt-282 MF073_1964_SA_SU2012_JB_01 @Gram:Prep SUBSTITUTE:398 ADD:624 
"<diario>"
	"diario" Noun NC Singular lang:es 00:00:00 00:00:07 tt-283 MF073_1964_SA_SU2012_JB_01 
"<porque>"
	"porque" Conjunction CSUBX lang:es 00:00:00 00:00:07 tt-284 MF073_1964_SA_SU2012_JB_01 @Prag:MarcadoresDisc:Causa ADD:1099 
"<trabajo>"
	"trabajo" Noun NC Singular lang:es 00:00:00 00:00:07 tt-285 MF073_1964_SA_SU2012_JB_01 
"<con>"
	"con" Preposition PREP lang:es 00:00:00 00:00:07 tt-286 MF073_1964_SA_SU2012_JB_01 @Gram:Prep ADD:624 
"<mis>"
	"mío" Pronoun PPO Plural lang:es 00:00:00 00:00:07 tt-287 MF073_1964_SA_SU2012_JB_01 @Gram:Det:Pos SUBSTITUTE:318 ADD:457 
"<hermanos>"
	"hermano" Noun NC Plural lang:es 00:00:00 00:00:07 tt-288 MF073_1964_SA_SU2012_JB_01 
"<y>"
	"y" Conjunciton Conjunction CC lang:es 00:00:00 00:00:07 tt-289 MF073_1964_SA_SU2012_JB_01 SUBSTITUTE:394 
"<tenemos>"
	"tener" Verb VLfin Pres Indi Plural 1st lang:es 00:00:00 00:00:07 tt-290 MF073_1964_SA_SU2012_JB_01 
"<una>"
	"un" Determiner ART Singular lang:es 00:00:00 00:00:07 tt-291 MF073_1964_SA_SU2012_JB_01 
"<oficina>"
	"oficina" Noun NC Singular lang:es 00:00:00 00:00:07 tt-292 MF073_1964_SA_SU2012_JB_01 
"<de>"
	"de" Preposition PREP lang:es 00:00:00 00:00:07 tt-293 MF073_1964_SA_SU2012_JB_01 @Gram:Prep ADD:624 
"<patentes>"
	"patente" Adjective ADJ Plural lang:es 00:00:07 00:00:13 tt-294 MF073_1964_SA_SU2012_JB_01 
"<y>"
	"y" Conjunciton Conjunction CC lang:es 00:00:07 00:00:13 tt-295 MF073_1964_SA_SU2012_JB_01 SUBSTITUTE:394 
"<marcas>"
	"marca" Noun NC Plural lang:es 00:00:07 00:00:13 tt-296 MF073_1964_SA_SU2012_JB_01 
"<$.>"
	"." Punctuation FS lang:es 00:00:07 00:00:13 tt-297 MF073_1964_SA_SU2012_JB_01 

"<Y>"
	"y" Conjunciton CC lang:es 00:00:07 00:00:13 tt-298 MF073_1964_SA_SU2012_JB_01 SUBSTITUTE:394 SUBSTITUTE:395 
"<soy>"
	"ser" Verb VSfin Pres Indi Sing 1st lang:es 00:00:07 00:00:13 tt-299 MF073_1964_SA_SU2012_JB_01 @Gram:SerEstar:Ser ADD:813 
"<traductora>"
	"traductor" Adjective ADJ Singular lang:es 00:00:07 00:00:13 tt-300 MF073_1964_SA_SU2012_JB_01 
"<y>"
	"y" Conjunciton Conjunction CC lang:es 00:00:07 00:00:13 tt-301 MF073_1964_SA_SU2012_JB_01 SUBSTITUTE:394 
"<traduzco>"
	"UNK" Verb VLfin Pres Indi Sing 1st lang:es 00:00:07 00:00:13 tt-302 MF073_1964_SA_SU2012_JB_01 
"<todo>"
	"todo" Determiner QU lang:es 00:00:07 00:00:13 tt-303 MF073_1964_SA_SU2012_JB_01 ID:24 R:Gram:Det:Combi:25 ADDRELATION(Gram:Det:Combi):499 
"<los>"
	"el" Determiner ART Plural Masc lang:es 00:00:07 00:00:13 tt-304 MF073_1964_SA_SU2012_JB_01 @Gram:Det:Art ID:25 ADD:426 
"<días>"
	"día" Noun NC Plural lang:es 00:00:07 00:00:13 tt-305 MF073_1964_SA_SU2012_JB_01 
"<para>"
	"para" Preposition PREP lang:es 00:00:07 00:00:13 tt-306 MF073_1964_SA_SU2012_JB_01 @Gram:Prep:Para SUBSTITUTE:345 ADD:595 
"<mis>"
	"mío" Pronoun PPO Plural lang:es 00:00:07 00:00:13 tt-307 MF073_1964_SA_SU2012_JB_01 @Gram:Det:Pos SUBSTITUTE:318 ADD:457 
"<hermanos>"
	"hermano" Noun NC Plural lang:es 00:00:07 00:00:13 tt-308 MF073_1964_SA_SU2012_JB_01 
"<$.>"
	"." Punctuation FS lang:es 00:00:07 00:00:13 tt-309 MF073_1964_SA_SU2012_JB_01 

"<Entonces>"
	"entonces" Adverb ADV lang:es 00:00:07 00:00:13 tt-310 MF073_1964_SA_SU2012_JB_01 
"<,>"
	"," Punctuation CM lang:es 00:00:07 00:00:13 tt-311 MF073_1964_SA_SU2012_JB_01 
"<sí>"
	"sí" Adverb ADV lang:es 00:00:13 00:00:14 tt-312 MF073_1964_SA_SU2012_JB_01 
"<...>"
	"..." Punctuation DOTS lang:es 00:00:13 00:00:14 tt-313 MF073_1964_SA_SU2012_JB_01 
</speaker>
<speaker type="int">
"<Aha>"
	"aha" Noun NP Singular lang:es 00:00:14 00:00:14 tt-314 MF073_1964_SA_SU2012_JB_01 
"<$.>"
	"." Punctuation FS lang:es 00:00:14 00:00:14 tt-315 MF073_1964_SA_SU2012_JB_01 

"<Sí>"
	"él" Pronoun PPX Singular lang:es 00:00:14 00:00:14 tt-316 MF073_1964_SA_SU2012_JB_01 
"<$.>"
	"." Punctuation FS lang:es 00:00:14 00:00:14 tt-317 MF073_1964_SA_SU2012_JB_01 
</speaker>
<speaker type="subj">

"<...>"
	"..." Punctuation DOTS lang:es 00:00:14 00:00:16 tt-318 MF073_1964_SA_SU2012_JB_01 
"<Uso>"
	"uso" Noun NC Singular lang:es 00:00:14 00:00:16 tt-319 MF073_1964_SA_SU2012_JB_01 
"<mi>"
	"mío" Pronoun PPO Singular lang:es 00:00:14 00:00:16 tt-320 MF073_1964_SA_SU2012_JB_01 @Gram:Det:Pos ADD:456 
"<español>"
	"español" Noun NC Singular lang:es 00:00:14 00:00:16 tt-321 MF073_1964_SA_SU2012_JB_01 
"<todos>"
	"todo" Determiner QU lang:es 00:00:14 00:00:16 tt-322 MF073_1964_SA_SU2012_JB_01 ID:43 R:Gram:Det:Combi:44 ADDRELATION(Gram:Det:Combi):499 
"<los>"
	"el" Determiner ART Plural Masc lang:es 00:00:14 00:00:16 tt-323 MF073_1964_SA_SU2012_JB_01 @Gram:Det:Art ID:44 ADD:426 
"<días>"
	"día" Noun NC Plural lang:es 00:00:14 00:00:16 tt-324 MF073_1964_SA_SU2012_JB_01 
"<$.>"
	"." Punctuation FS lang:es 00:00:14 00:00:16 tt-325 MF073_1964_SA_SU2012_JB_01 
</speaker>
<speaker type="int">

"<$¿>"
	"¿" Punctuation FS lang:es 00:00:16 00:00:20 tt-326 MF073_1964_SA_SU2012_JB_01 
"<Y>"
	"y" Conjunciton Conjunction CC lang:es 00:00:16 00:00:20 tt-327 MF073_1964_SA_SU2012_JB_01 SUBSTITUTE:394 
"<sientes>"
	"sentar|sentir" Verb VLfin Pres Indi Sing 2nd lang:es 00:00:16 00:00:20 tt-328 MF073_1964_SA_SU2012_JB_01 
"<muy>"
	"muy" Adverb ADV lang:es 00:00:16 00:00:20 tt-329 MF073_1964_SA_SU2012_JB_01 
"<cómoda>"
	"cómodo" Adjective ADJ Singular lang:es 00:00:16 00:00:20 tt-330 MF073_1964_SA_SU2012_JB_01 
"<a>"
	"a" Preposition PREP Conjunction CSUBI lang:es 00:00:16 00:00:20 tt-331 MF073_1964_SA_SU2012_JB_01 @Gram:Prep SUBSTITUTE:398 ADD:624 
"<hablar>"
	"hablar" Verb VLinf Infinitive lang:es 00:00:16 00:00:20 tt-332 MF073_1964_SA_SU2012_JB_01 SUBSTITUTE:329 
"<español>"
	"español" Noun NC Singular lang:es 00:00:16 00:00:20 tt-333 MF073_1964_SA_SU2012_JB_01 
"<$?>"
	"?" Punctuation FS lang:es 00:00:16 00:00:20 tt-334 MF073_1964_SA_SU2012_JB_01 

"<Sí>"
	"sí" Adverb ADV lang:es 00:00:20 00:00:23 tt-335 MF073_1964_SA_SU2012_JB_01 
"<$.>"
	"." Punctuation FS lang:es 00:00:20 00:00:23 tt-336 MF073_1964_SA_SU2012_JB_01 

"<Por>"
	"por" Preposition PREP lang:es 00:00:20 00:00:23 tt-337 MF073_1964_SA_SU2012_JB_01 @Gram:Prep:Por SUBSTITUTE:269 SUBSTITUTE:270 ADD:618 
"<...>"
	"..." Punctuation DOTS lang:es 00:00:20 00:00:23 tt-338 MF073_1964_SA_SU2012_JB_01 
"<por>"
	"por" Preposition PREP lang:es 00:00:20 00:00:23 tt-339 MF073_1964_SA_SU2012_JB_01 @Gram:Prep:Por SUBSTITUTE:269 SUBSTITUTE:270 ADD:618 
"<usarlo>"
	"usar" Verb VLinf Pres Indi Sing 1st lang:es 00:00:20 00:00:23 tt-340 MF073_1964_SA_SU2012_JB_01 
"<todos>"
	"todo" Determiner QU lang:es 00:00:20 00:00:23 tt-341 MF073_1964_SA_SU2012_JB_01 ID:62 R:Gram:Det:Combi:63 ADDRELATION(Gram:Det:Combi):499 
"<lo>"
	"el" Determiner ART Singular lang:es 00:00:20 00:00:23 tt-342 MF073_1964_SA_SU2012_JB_01 ID:63 
"<días>"
	"día" Noun NC Plural lang:es 00:00:20 00:00:23 tt-343 MF073_1964_SA_SU2012_JB_01 
"<$.>"
	"." Punctuation FS lang:es 00:00:20 00:00:23 tt-344 MF073_1964_SA_SU2012_JB_01 

"<Sí>"
	"sí" Adverb ADV lang:es 00:00:23 00:00:23 tt-345 MF073_1964_SA_SU2012_JB_01 
"<$.>"
	"." Punctuation FS lang:es 00:00:23 00:00:23 tt-346 MF073_1964_SA_SU2012_JB_01 
</speaker>
<speaker type="subj">

"<También>"
	"también" Adverb ADV lang:es 00:00:23 00:00:29 tt-347 MF073_1964_SA_SU2012_JB_01 @Prag:MarcadoresDisc:Igualdad ADD:1130 
"<leo>"
	"leer" Verb VLfin Pres Indi Sing 1st lang:es 00:00:23 00:00:29 tt-348 MF073_1964_SA_SU2012_JB_01 
"<libros>"
	"libro" Noun NC Plural lang:es 00:00:23 00:00:29 tt-349 MF073_1964_SA_SU2012_JB_01 
"<en>"
	"en" Preposition PREP lang:es 00:00:23 00:00:29 tt-350 MF073_1964_SA_SU2012_JB_01 @Gram:Prep ADD:624 
"<español>"
	"español" Noun NC Singular lang:es 00:00:23 00:00:29 tt-351 MF073_1964_SA_SU2012_JB_01 
"<todo>"
	"todo" Determiner QU lang:es 00:00:23 00:00:29 tt-352 MF073_1964_SA_SU2012_JB_01 ID:73 R:Gram:Det:Combi:74 ADDRELATION(Gram:Det:Combi):499 
"<el>"
	"el" Determiner ART Singular Masc lang:es 00:00:23 00:00:29 tt-353 MF073_1964_SA_SU2012_JB_01 @Gram:Det:Art ID:74 ADD:426 
"<tiempo>"
	"tiempo" Noun NC Singular lang:es 00:00:23 00:00:29 tt-354 MF073_1964_SA_SU2012_JB_01 
"<para>"
	"para" Preposition PREP lang:es 00:00:23 00:00:29 tt-355 MF073_1964_SA_SU2012_JB_01 @Gram:Prep:Para SUBSTITUTE:345 ADD:569 
"<forzarme>"
	"UNK" Verb VLinf Infinitive lang:es 00:00:23 00:00:29 tt-356 MF073_1964_SA_SU2012_JB_01 
"<a>"
	"a" Preposition PREP lang:es 00:00:23 00:00:29 tt-357 MF073_1964_SA_SU2012_JB_01 @Gram:Prep SUBSTITUTE:398 ADD:624 
"<recordar>"
	"recordar" Verb VLinf Infinitive lang:es 00:00:23 00:00:29 tt-358 MF073_1964_SA_SU2012_JB_01 SUBSTITUTE:329 
"<todo>"
	"todo" Determiner QU lang:es 00:00:23 00:00:29 tt-359 MF073_1964_SA_SU2012_JB_01 ID:80 R:Gram:Det:Combi:81 ADDRELATION(Gram:Det:Combi):499 
"<el>"
	"el" Determiner ART Singular Masc lang:es 00:00:23 00:00:29 tt-360 MF073_1964_SA_SU2012_JB_01 @Gram:Det:Art ID:81 ADD:426 
"<español>"
	"español" Noun NC Singular lang:es 00:00:29 00:00:36 tt-361 MF073_1964_SA_SU2012_JB_01 
"<y>"
	"y" Conjunciton Conjunction CC lang:es 00:00:29 00:00:36 tt-362 MF073_1964_SA_SU2012_JB_01 SUBSTITUTE:394 
"<todo>"
	"todo" Determiner QU lang:es 00:00:29 00:00:36 tt-363 MF073_1964_SA_SU2012_JB_01 ID:84 R:Gram:Det:Combi:85 ADDRELATION(Gram:Det:Combi):499 
"<lo>"
	"el" Determiner ART Singular lang:es 00:00:29 00:00:36 tt-364 MF073_1964_SA_SU2012_JB_01 ID:85 R:Gram:Det:LoAdj:86 ADDRELATION(Gram:Det:LoAdj):432 
"<que>"
	"que" Conjunction CQUE lang:es 00:00:29 00:00:36 tt-365 MF073_1964_SA_SU2012_JB_01 ID:86 
"<...>"
	"..." Punctuation DOTS lang:es 00:00:29 00:00:36 tt-366 MF073_1964_SA_SU2012_JB_01 
"<todo>"
	"todo" Determiner QU lang:es 00:00:29 00:00:36 tt-367 MF073_1964_SA_SU2012_JB_01 ID:88 R:Gram:Det:Combi:89 ADDRELATION(Gram:Det:Combi):499 
"<los>"
	"el" Determiner ART Plural Masc lang:es 00:00:29 00:00:36 tt-368 MF073_1964_SA_SU2012_JB_01 @Gram:Det:Art ID:89 ADD:426 
"<...>"
	"..." Punctuation DOTS lang:es 00:00:29 00:00:36 tt-369 MF073_1964_SA_SU2012_JB_01 
"<todo>"
	"todo" Determiner QU lang:es 00:00:29 00:00:36 tt-370 MF073_1964_SA_SU2012_JB_01 ID:91 R:Gram:Det:Combi:92 ADDRELATION(Gram:Det:Combi):499 
"<los>"
	"el" Determiner ART Plural Masc lang:es 00:00:29 00:00:36 tt-371 MF073_1964_SA_SU2012_JB_01 @Gram:Det:Art ID:92 ADD:426 
"<,>"
	"," Punctuation CM lang:es 00:00:29 00:00:36 tt-372 MF073_1964_SA_SU2012_JB_01 
"<este>"
	"este" Determiner DM Singular lang:es 00:00:29 00:00:36 tt-373 MF073_1964_SA_SU2012_JB_01 @Prag:RecuDiscurso:GanarTiempo ADD:1169 
"<,>"
	"," Punctuation CM lang:es 00:00:29 00:00:36 tt-374 MF073_1964_SA_SU2012_JB_01 
"<modismos>"
	"UNK" Noun NC Plural lang:es 00:00:29 00:00:36 tt-375 MF073_1964_SA_SU2012_JB_01 
"<y>"
	"y" Conjunciton Conjunction CC lang:es 00:00:29 00:00:36 tt-376 MF073_1964_SA_SU2012_JB_01 SUBSTITUTE:394 
"<etcétera>"
	"etcétera" Noun NC Singular lang:es 00:00:29 00:00:36 tt-377 MF073_1964_SA_SU2012_JB_01 
"<que>"
	"que" Conjunction CQUE lang:es 00:00:29 00:00:36 tt-378 MF073_1964_SA_SU2012_JB_01 
"<se>"
	"se" Other SE lang:es 00:00:29 00:00:36 tt-379 MF073_1964_SA_SU2012_JB_01 
"<usan>"
	"usar" Verb VLfin Pres Indi Plural 3rd lang:es 00:00:29 00:00:36 tt-380 MF073_1964_SA_SU2012_JB_01 
"<en>"
	"en" Preposition PREP lang:es 00:00:36 00:00:36 tt-381 MF073_1964_SA_SU2012_JB_01 @Gram:Prep ADD:624 
"<español>"
	"español" Noun NC Singular lang:es 00:00:36 00:00:36 tt-382 MF073_1964_SA_SU2012_JB_01 
"<$.>"
	"." Punctuation FS lang:es 00:00:36 00:00:36 tt-383 MF073_1964_SA_SU2012_JB_01 
</speaker>
</text>

