<text id="MF081_1987_GV_SU2012_SB_04">
<speaker type="int">
"<Eso>"
	"ese" Determiner DM Singular lang:es 00:00:00 00:00:07 tt-1447 MF081_1987_GV_SU2012_SB_04 
"<,>"
	"," Punctuation CM lang:es 00:00:00 00:00:07 tt-1448 MF081_1987_GV_SU2012_SB_04 
"<sí>"
	"él" Pronoun PPX Singular lang:es 00:00:00 00:00:07 tt-1449 MF081_1987_GV_SU2012_SB_04 
"<$.>"
	"." Punctuation FS lang:es 00:00:00 00:00:07 tt-1450 MF081_1987_GV_SU2012_SB_04 

"<$¿>"
	"¿" Punctuation FS lang:es 00:00:00 00:00:07 tt-1451 MF081_1987_GV_SU2012_SB_04 
"<Y>"
	"Y" Other ALFS lang:es 00:00:00 00:00:07 tt-1452 MF081_1987_GV_SU2012_SB_04 
"<...>"
	"..." Punctuation DOTS lang:es 00:00:00 00:00:07 tt-1453 MF081_1987_GV_SU2012_SB_04 
"<y>"
	"Y" Other ALFS lang:es 00:00:00 00:00:07 tt-1454 MF081_1987_GV_SU2012_SB_04 
"<para>"
	"para" Preposition PREP lang:es 00:00:00 00:00:07 tt-1455 MF081_1987_GV_SU2012_SB_04 @Gram:Prep:Para 
"<ti>"
	"tú" Pronoun PPX Singular lang:es 00:00:00 00:00:07 tt-1456 MF081_1987_GV_SU2012_SB_04 
"<,>"
	"," Punctuation CM lang:es 00:00:00 00:00:07 tt-1457 MF081_1987_GV_SU2012_SB_04 
"<cuál>"
	"cuál" Pronoun INT Singular lang:es 00:00:00 00:00:07 tt-1458 MF081_1987_GV_SU2012_SB_04 
"<es>"
	"ser" Verb VSfin Pres Indi Sing 3rd lang:es 00:00:00 00:00:07 tt-1459 MF081_1987_GV_SU2012_SB_04 @Gram:SerEstar:Ser 
"<la>"
	"el" Determiner ART Singular lang:es 00:00:00 00:00:07 tt-1460 MF081_1987_GV_SU2012_SB_04 @Gram:Det:Art 
"<importancia>"
	"importancia" Noun NC Singular lang:es 00:00:00 00:00:07 tt-1461 MF081_1987_GV_SU2012_SB_04 
"<del>"
	"del" Preposition PDEL lang:es 00:00:00 00:00:07 tt-1462 MF081_1987_GV_SU2012_SB_04 @Gram:Prep 
"<español>"
	"español" Noun NC Singular lang:es 00:00:00 00:00:07 tt-1463 MF081_1987_GV_SU2012_SB_04 
"<$?>"
	"?" Punctuation FS lang:es 00:00:00 00:00:07 tt-1464 MF081_1987_GV_SU2012_SB_04 

"<$¿>"
	"¿" Punctuation FS lang:es 00:00:00 00:00:07 tt-1465 MF081_1987_GV_SU2012_SB_04 
"<Cuándo>"
	"cuándo" Adverb ADV lang:es 00:00:00 00:00:07 tt-1466 MF081_1987_GV_SU2012_SB_04 
"<tengas>"
	"tener" Verb VLfin Pres Subj Sing 2nd lang:es 00:00:00 00:00:07 tt-1467 MF081_1987_GV_SU2012_SB_04 @Gram:MSub:Pres 
"<un>"
	"un" Determiner ART Singular lang:es 00:00:08 00:00:11 tt-1468 MF081_1987_GV_SU2012_SB_04 
"<...>"
	"..." Punctuation DOTS lang:es 00:00:08 00:00:11 tt-1469 MF081_1987_GV_SU2012_SB_04 
"<hijos>"
	"hijo" Noun NC Plural lang:es 00:00:08 00:00:11 tt-1470 MF081_1987_GV_SU2012_SB_04 
"<un>"
	"un" Determiner ART Singular lang:es 00:00:08 00:00:11 tt-1471 MF081_1987_GV_SU2012_SB_04 ID:25 R:Gram:Genero:ExcepMasc:26 
"<día>"
	"día" Noun NC Singular lang:es 00:00:08 00:00:11 tt-1472 MF081_1987_GV_SU2012_SB_04 ID:26 
"<,>"
	"," Punctuation CM lang:es 00:00:08 00:00:11 tt-1473 MF081_1987_GV_SU2012_SB_04 
"<les>"
	"él" Pronoun PPC Plural lang:es 00:00:08 00:00:11 tt-1474 MF081_1987_GV_SU2012_SB_04 @Gram:Pron:Objeto 
"<va>"
	"ir" Verb VLfin Pres Indi Sing 3rd lang:es 00:00:08 00:00:11 tt-1475 MF081_1987_GV_SU2012_SB_04 
"<a>"
	"a" Preposition PREP lang:es 00:00:08 00:00:11 tt-1476 MF081_1987_GV_SU2012_SB_04 @Gram:Prep 
"<enseñar>"
	"enseñar" Verb VLinf Infinitive lang:es 00:00:08 00:00:11 tt-1477 MF081_1987_GV_SU2012_SB_04 
"<el>"
	"el" Determiner ART Singular lang:es 00:00:08 00:00:11 tt-1478 MF081_1987_GV_SU2012_SB_04 @Gram:Det:Art 
"<español>"
	"español" Noun NC Singular lang:es 00:00:08 00:00:11 tt-1479 MF081_1987_GV_SU2012_SB_04 
"<$?>"
	"?" Punctuation FS lang:es 00:00:08 00:00:11 tt-1480 MF081_1987_GV_SU2012_SB_04 
</speaker>
<speaker type="subj">

"<Ehm>"
	"ehm" Noun NP Singular lang:es 00:00:11 00:00:18 tt-1481 MF081_1987_GV_SU2012_SB_04 
"<...>"
	"..." Punctuation DOTS lang:es 00:00:11 00:00:18 tt-1482 MF081_1987_GV_SU2012_SB_04 
"<sí>"
	"sí" Adverb ADV lang:es 00:00:11 00:00:18 tt-1483 MF081_1987_GV_SU2012_SB_04 
"<,>"
	"," Punctuation CM lang:es 00:00:11 00:00:18 tt-1484 MF081_1987_GV_SU2012_SB_04 
"<porque>"
	"porque" Conjunction CSUBX lang:es 00:00:11 00:00:18 tt-1485 MF081_1987_GV_SU2012_SB_04 @Prag:MarcadoresDisc:Causa 
"<pienso>"
	"pensar" Verb VLfin Pres Indi Sing 1st lang:es 00:00:11 00:00:18 tt-1486 MF081_1987_GV_SU2012_SB_04 
"<que>"
	"que" Conjunction CQUE lang:es 00:00:11 00:00:18 tt-1487 MF081_1987_GV_SU2012_SB_04 
"<el>"
	"el" Determiner ART Singular lang:es 00:00:11 00:00:18 tt-1488 MF081_1987_GV_SU2012_SB_04 @Gram:Det:Art 
"<ser>"
	"ser" Noun NC Infinitive lang:es 00:00:11 00:00:18 tt-1489 MF081_1987_GV_SU2012_SB_04 
<lang code="en">
"<ah>"
	"UNK" Noun NN lang:en 00:00:11 00:00:18 tt-1490 MF081_1987_GV_SU2012_SB_04 
</lang>
"<...>"
	"..." Punctuation DOTS lang:es 00:00:11 00:00:18 tt-1491 MF081_1987_GV_SU2012_SB_04 
"<bilingüe>"
	"bilingüe" Adjective ADJ Singular lang:es 00:00:11 00:00:18 tt-1492 MF081_1987_GV_SU2012_SB_04 
"<es>"
	"ser" Verb VSfin Pres Indi Sing 3rd lang:es 00:00:11 00:00:18 tt-1493 MF081_1987_GV_SU2012_SB_04 @Gram:SerEstar:Ser 
"<muy>"
	"muy" Adverb ADV lang:es 00:00:11 00:00:18 tt-1494 MF081_1987_GV_SU2012_SB_04 
"<importante>"
	"importante" Adjective ADJ Singular lang:es 00:00:11 00:00:18 tt-1495 MF081_1987_GV_SU2012_SB_04 
"<y>"
	"y" Conjunction CC lang:es 00:00:11 00:00:18 tt-1496 MF081_1987_GV_SU2012_SB_04 
"<te>"
	"tú" Pronoun PPX Singular lang:es 00:00:11 00:00:18 tt-1497 MF081_1987_GV_SU2012_SB_04 @Gram:Pron:Objeto 
"<...>"
	"..." Punctuation DOTS lang:es 00:00:11 00:00:18 tt-1498 MF081_1987_GV_SU2012_SB_04 
"<te>"
	"tú" Pronoun PPX Singular lang:es 00:00:11 00:00:18 tt-1499 MF081_1987_GV_SU2012_SB_04 @Gram:Pron:Objeto 
"<abre>"
	"abrir" Verb VLfin Pres Indi Sing 3rd lang:es 00:00:11 00:00:18 tt-1500 MF081_1987_GV_SU2012_SB_04 
"<puertas>"
	"puerta" Noun NC Plural lang:es 00:00:11 00:00:18 tt-1501 MF081_1987_GV_SU2012_SB_04 
"<$.>"
	"." Punctuation FS lang:es 00:00:11 00:00:18 tt-1502 MF081_1987_GV_SU2012_SB_04 

"<Ehm>"
	"ehm" Noun NP Singular lang:es 00:00:22 00:00:29 tt-1503 MF081_1987_GV_SU2012_SB_04 
"<...>"
	"..." Punctuation DOTS lang:es 00:00:22 00:00:29 tt-1504 MF081_1987_GV_SU2012_SB_04 
"<lo>"
	"el" Determiner ART Singular lang:es 00:00:22 00:00:29 tt-1505 MF081_1987_GV_SU2012_SB_04 
"<que>"
	"que" Conjunction CQUE lang:es 00:00:22 00:00:29 tt-1506 MF081_1987_GV_SU2012_SB_04 
"<sí>"
	"él" Pronoun PPX Singular lang:es 00:00:22 00:00:29 tt-1507 MF081_1987_GV_SU2012_SB_04 
"<me>"
	"yo" Pronoun PPX Singular lang:es 00:00:22 00:00:29 tt-1508 MF081_1987_GV_SU2012_SB_04 @Gram:Pron:Objeto ID:62 R:Gram:Gustar:Propios:63 
"<gustaría>"
	"gustar" Verb VLfin Cond Indi Sing 1st_or_3rd lang:es 00:00:22 00:00:29 tt-1509 MF081_1987_GV_SU2012_SB_04 ID:63 
"<es>"
	"ser" Verb VSfin Pres Indi Sing 3rd lang:es 00:00:22 00:00:29 tt-1510 MF081_1987_GV_SU2012_SB_04 @Gram:SerEstar:Ser 
"<que>"
	"que" Conjunction CQUE lang:es 00:00:22 00:00:29 tt-1511 MF081_1987_GV_SU2012_SB_04 
"<quizás>"
	"quizás" Adverb ADV lang:es 00:00:22 00:00:29 tt-1512 MF081_1987_GV_SU2012_SB_04 
"<no>"
	"no" Adverb NEG lang:es 00:00:22 00:00:29 tt-1513 MF081_1987_GV_SU2012_SB_04 
"<...>"
	"..." Punctuation DOTS lang:es 00:00:22 00:00:29 tt-1514 MF081_1987_GV_SU2012_SB_04 
"<no>"
	"no" Adverb NEG lang:es 00:00:22 00:00:29 tt-1515 MF081_1987_GV_SU2012_SB_04 
"<tuvieran>"
	"tener" Verb VLfin Past Subj Plural 2nd_or_3rd lang:es 00:00:22 00:00:29 tt-1516 MF081_1987_GV_SU2012_SB_04 @Gram:MSub:Pret 
"<un>"
	"un" Determiner ART Singular lang:es 00:00:22 00:00:29 tt-1517 MF081_1987_GV_SU2012_SB_04 
"<acento>"
	"acento" Noun NC Singular lang:es 00:00:22 00:00:29 tt-1518 MF081_1987_GV_SU2012_SB_04 
"<muy>"
	"muy" Adverb ADV lang:es 00:00:22 00:00:29 tt-1519 MF081_1987_GV_SU2012_SB_04 
"<marcado>"
	"marcar" Verb VLadj lang:es 00:00:22 00:00:29 tt-1520 MF081_1987_GV_SU2012_SB_04 
"<porque>"
	"porque" Conjunction CSUBX lang:es 00:00:22 00:00:29 tt-1521 MF081_1987_GV_SU2012_SB_04 @Prag:MarcadoresDisc:Causa 
"<creo>"
	"crear|creer" Verb VLfin Pres Indi Sing 1st lang:es 00:00:31 00:00:38 tt-1522 MF081_1987_GV_SU2012_SB_04 
"<que>"
	"que" Conjunction CQUE lang:es 00:00:31 00:00:38 tt-1523 MF081_1987_GV_SU2012_SB_04 
"<eso>"
	"ese" Determiner DM Singular lang:es 00:00:31 00:00:38 tt-1524 MF081_1987_GV_SU2012_SB_04 
"<también>"
	"también" Adverb ADV lang:es 00:00:31 00:00:38 tt-1525 MF081_1987_GV_SU2012_SB_04 @Prag:MarcadoresDisc:Igualdad 
"<...>"
	"..." Punctuation DOTS lang:es 00:00:31 00:00:38 tt-1526 MF081_1987_GV_SU2012_SB_04 
"<a>"
	"a" Preposition PREP lang:es 00:00:31 00:00:38 tt-1527 MF081_1987_GV_SU2012_SB_04 @Gram:Prep 
"<la>"
	"el" Determiner ART Singular lang:es 00:00:31 00:00:38 tt-1528 MF081_1987_GV_SU2012_SB_04 @Gram:Det:Art 
"<...>"
	"..." Punctuation DOTS lang:es 00:00:31 00:00:38 tt-1529 MF081_1987_GV_SU2012_SB_04 
"<a>"
	"a" Adverb ADV lang:es 00:00:31 00:00:38 tt-1530 MF081_1987_GV_SU2012_SB_04 
"<la>"
	"la" Adverb ADV lang:es 00:00:31 00:00:38 tt-1531 MF081_1987_GV_SU2012_SB_04 
"<vez>"
	"vez" Adverb ADV lang:es 00:00:31 00:00:38 tt-1532 MF081_1987_GV_SU2012_SB_04 
"<que>"
	"que" Conjunction CQUE lang:es 00:00:31 00:00:38 tt-1533 MF081_1987_GV_SU2012_SB_04 
"<es>"
	"ser" Verb VSfin Pres Indi Sing 3rd lang:es 00:00:31 00:00:38 tt-1534 MF081_1987_GV_SU2012_SB_04 @Gram:SerEstar:Ser 
"<beneficien>"
	"beneficiar" Verb VLfin Past Subj Plural 3rd lang:es 00:00:31 00:00:38 tt-1535 MF081_1987_GV_SU2012_SB_04 @Gram:MSub:Pret 
"<...>"
	"..." Punctuation DOTS lang:es 00:00:31 00:00:38 tt-1536 MF081_1987_GV_SU2012_SB_04 
"<beneficiario>"
	"beneficiario" Noun NC Singular lang:es 00:00:31 00:00:38 tt-1537 MF081_1987_GV_SU2012_SB_04 
"<,>"
	"," Punctuation CM lang:es 00:00:31 00:00:38 tt-1538 MF081_1987_GV_SU2012_SB_04 
"<puede>"
	"poder" Verb VMfin lang:es 00:00:31 00:00:38 tt-1539 MF081_1987_GV_SU2012_SB_04 
"<crear>"
	"crear" Verb VLinf Infinitive lang:es 00:00:31 00:00:38 tt-1540 MF081_1987_GV_SU2012_SB_04 
"<obstáculos>"
	"obstáculo" Noun NC Plural lang:es 00:00:31 00:00:38 tt-1541 MF081_1987_GV_SU2012_SB_04 
"<$.>"
	"." Punctuation FS lang:es 00:00:31 00:00:38 tt-1542 MF081_1987_GV_SU2012_SB_04 
</speaker>
<speaker type="int">

"<$¿>"
	"¿" Punctuation FS lang:es 00:00:40 00:00:43 tt-1543 MF081_1987_GV_SU2012_SB_04 
"<Y>"
	"y" Conjunction CC lang:es 00:00:40 00:00:43 tt-1544 MF081_1987_GV_SU2012_SB_04 
"<el>"
	"el" Determiner ART Singular lang:es 00:00:40 00:00:43 tt-1545 MF081_1987_GV_SU2012_SB_04 @Gram:Det:Art 
"<acento>"
	"acento" Noun NC Singular lang:es 00:00:40 00:00:43 tt-1546 MF081_1987_GV_SU2012_SB_04 
"<en>"
	"en" Preposition PREP lang:es 00:00:40 00:00:43 tt-1547 MF081_1987_GV_SU2012_SB_04 @Gram:Prep 
"<inglés>"
	"inglés" Noun NC Plural lang:es 00:00:40 00:00:43 tt-1548 MF081_1987_GV_SU2012_SB_04 
"<o>"
	"o" Conjunction CC lang:es 00:00:40 00:00:43 tt-1549 MF081_1987_GV_SU2012_SB_04 
"<en>"
	"en" Preposition PREP lang:es 00:00:40 00:00:43 tt-1550 MF081_1987_GV_SU2012_SB_04 @Gram:Prep 
"<español>"
	"español" Noun NC Singular lang:es 00:00:40 00:00:43 tt-1551 MF081_1987_GV_SU2012_SB_04 
"<$?>"
	"?" Punctuation FS lang:es 00:00:40 00:00:43 tt-1552 MF081_1987_GV_SU2012_SB_04 

"<En>"
	"en" Preposition PREP lang:es 00:00:43 00:00:44 tt-1553 MF081_1987_GV_SU2012_SB_04 @Gram:Prep 
"<español>"
	"español" Noun NC Singular lang:es 00:00:43 00:00:44 tt-1554 MF081_1987_GV_SU2012_SB_04 
"<$.>"
	"." Punctuation FS lang:es 00:00:43 00:00:44 tt-1555 MF081_1987_GV_SU2012_SB_04 

"<En>"
	"en" Preposition PREP lang:es 00:00:44 00:00:51 tt-1556 MF081_1987_GV_SU2012_SB_04 @Gram:Prep 
"<español>"
	"español" Noun NC Singular lang:es 00:00:44 00:00:51 tt-1557 MF081_1987_GV_SU2012_SB_04 
"<$.>"
	"." Punctuation FS lang:es 00:00:44 00:00:51 tt-1558 MF081_1987_GV_SU2012_SB_04 

"<Muy>"
	"muy" Adverb ADV lang:es 00:00:44 00:00:51 tt-1559 MF081_1987_GV_SU2012_SB_04 
"<bien>"
	"bien" Adverb ADV lang:es 00:00:44 00:00:51 tt-1560 MF081_1987_GV_SU2012_SB_04 
"<$.>"
	"." Punctuation FS lang:es 00:00:44 00:00:51 tt-1561 MF081_1987_GV_SU2012_SB_04 

"<$¿>"
	"¿" Punctuation FS lang:es 00:00:44 00:00:51 tt-1562 MF081_1987_GV_SU2012_SB_04 
"<Y>"
	"y" Conjunction CC lang:es 00:00:44 00:00:51 tt-1563 MF081_1987_GV_SU2012_SB_04 
"<me>"
	"yo" Pronoun PPX Singular lang:es 00:00:44 00:00:51 tt-1564 MF081_1987_GV_SU2012_SB_04 @Gram:Pron:Objeto 
"<puedes>"
	"poder" Verb VLfin Pres Indi Sing 2nd lang:es 00:00:44 00:00:51 tt-1565 MF081_1987_GV_SU2012_SB_04 
"<hablar>"
	"hablar" Verb VLinf Infinitive lang:es 00:00:44 00:00:51 tt-1566 MF081_1987_GV_SU2012_SB_04 ID:120 R:Vocab:Fraseol:VerbPrep:121 
"<sobre>"
	"sobre" Preposition PREP lang:es 00:00:44 00:00:51 tt-1567 MF081_1987_GV_SU2012_SB_04 @Gram:Prep ID:121 
"<alguna>"
	"alguno" Determiner QU lang:es 00:00:44 00:00:51 tt-1568 MF081_1987_GV_SU2012_SB_04 
"<barrera>"
	"barrera" Noun NC Singular lang:es 00:00:44 00:00:51 tt-1569 MF081_1987_GV_SU2012_SB_04 
"<que>"
	"que" Conjunction CQUE lang:es 00:00:44 00:00:51 tt-1570 MF081_1987_GV_SU2012_SB_04 
"<tu>"
	"tú" Pronoun PPX Singular lang:es 00:00:44 00:00:51 tt-1571 MF081_1987_GV_SU2012_SB_04 
"<o>"
	"o" Conjunction CC lang:es 00:00:44 00:00:51 tt-1572 MF081_1987_GV_SU2012_SB_04 
"<tus>"
	"UNK" Noun NC Plural lang:es 00:00:44 00:00:51 tt-1573 MF081_1987_GV_SU2012_SB_04 @Gram:Det:Pos 
"<padres>"
	"padre" Noun NC Plural lang:es 00:00:44 00:00:51 tt-1574 MF081_1987_GV_SU2012_SB_04 
"<hayan>"
	"haber" Verb VHfin Pres Subj Plural 3rd lang:es 00:00:51 00:00:58 tt-1575 MF081_1987_GV_SU2012_SB_04 ID:129 R:Gram:MSub:Pres:130 
"<enfrentado>"
	"enfrentar" Verb VLadj lang:es 00:00:51 00:00:58 tt-1576 MF081_1987_GV_SU2012_SB_04 ID:130 
"<en>"
	"en" Preposition PREP lang:es 00:00:51 00:00:58 tt-1577 MF081_1987_GV_SU2012_SB_04 @Gram:Prep 
"<cuanto>"
	"cuanto" Preposition PREP lang:es 00:00:51 00:00:58 tt-1578 MF081_1987_GV_SU2012_SB_04 @Gram:Prep 
"<a>"
	"a" Preposition PREP lang:es 00:00:51 00:00:58 tt-1579 MF081_1987_GV_SU2012_SB_04 @Gram:Prep 
"<educación>"
	"educación" Noun NC Singular lang:es 00:00:51 00:00:58 tt-1580 MF081_1987_GV_SU2012_SB_04 
"<o>"
	"o" Conjunction CC lang:es 00:00:51 00:00:58 tt-1581 MF081_1987_GV_SU2012_SB_04 
"<salud>"
	"salud" Noun NC Singular lang:es 00:00:51 00:00:58 tt-1582 MF081_1987_GV_SU2012_SB_04 
"<,>"
	"," Punctuation CM lang:es 00:00:51 00:00:58 tt-1583 MF081_1987_GV_SU2012_SB_04 
"<trabajo>"
	"trabajo" Noun NC Singular lang:es 00:00:51 00:00:58 tt-1584 MF081_1987_GV_SU2012_SB_04 
"<comparado>"
	"comparar" Verb VLadj lang:es 00:00:51 00:00:58 tt-1585 MF081_1987_GV_SU2012_SB_04 
"<a>"
	"a" Preposition PREP lang:es 00:00:51 00:00:58 tt-1586 MF081_1987_GV_SU2012_SB_04 @Gram:Prep 
"<...>"
	"..." Punctuation DOTS lang:es 00:00:51 00:00:58 tt-1587 MF081_1987_GV_SU2012_SB_04 
"<a>"
	"a" Preposition PREP lang:es 00:00:51 00:00:58 tt-1588 MF081_1987_GV_SU2012_SB_04 @Gram:Prep 
"<otras>"
	"otro" Determiner QU lang:es 00:00:51 00:00:58 tt-1589 MF081_1987_GV_SU2012_SB_04 
"<personas>"
	"persona" Noun NC Plural lang:es 00:00:51 00:00:58 tt-1590 MF081_1987_GV_SU2012_SB_04 
"<$?>"
	"?" Punctuation FS lang:es 00:00:51 00:00:58 tt-1591 MF081_1987_GV_SU2012_SB_04 
</speaker>
<speaker type="subj">

"<Uhm>"
	"UNK" Noun NP Singular lang:es 00:01:00 00:01:07 tt-1592 MF081_1987_GV_SU2012_SB_04 
"<...>"
	"..." Punctuation DOTS lang:es 00:01:00 00:01:07 tt-1593 MF081_1987_GV_SU2012_SB_04 
"<pues>"
	"pues" Conjunction CSUBF lang:es 00:01:00 00:01:07 tt-1594 MF081_1987_GV_SU2012_SB_04 
"<,>"
	"," Punctuation CM lang:es 00:01:00 00:01:07 tt-1595 MF081_1987_GV_SU2012_SB_04 
"<en>"
	"en" Preposition PREP lang:es 00:01:00 00:01:07 tt-1596 MF081_1987_GV_SU2012_SB_04 @Gram:Prep 
"<mi>"
	"mío" Pronoun PPO Singular lang:es 00:01:00 00:01:07 tt-1597 MF081_1987_GV_SU2012_SB_04 @Gram:Det:Pos 
"<familia>"
	"familia" Noun NC Singular lang:es 00:01:00 00:01:07 tt-1598 MF081_1987_GV_SU2012_SB_04 
"<,>"
	"," Punctuation CM lang:es 00:01:00 00:01:07 tt-1599 MF081_1987_GV_SU2012_SB_04 
"<yo>"
	"yo" Pronoun PPX Singular lang:es 00:01:00 00:01:07 tt-1600 MF081_1987_GV_SU2012_SB_04 @Gram:Pron:Sujeto 
"<soy>"
	"ser" Verb VSfin Pres Indi Sing 1st lang:es 00:01:00 00:01:07 tt-1601 MF081_1987_GV_SU2012_SB_04 @Gram:SerEstar:Ser 
"<la>"
	"el" Determiner ART Singular lang:es 00:01:00 00:01:07 tt-1602 MF081_1987_GV_SU2012_SB_04 @Gram:Det:Art 
"<primera>"
	"primera" Noun NC Singular lang:es 00:01:00 00:01:07 tt-1603 MF081_1987_GV_SU2012_SB_04 
"<que>"
	"que" Conjunction CQUE lang:es 00:01:00 00:01:07 tt-1604 MF081_1987_GV_SU2012_SB_04 
"<ha>"
	"haber" Verb VHfin Pres Indi Sing 3rd lang:es 00:01:00 00:01:07 tt-1605 MF081_1987_GV_SU2012_SB_04 ID:159 R:Gram:Aux:Haber:160 R:Gram:PerfPerif:160 
"<asistido>"
	"asistir" Verb VLadj lang:es 00:01:00 00:01:07 tt-1606 MF081_1987_GV_SU2012_SB_04 ID:160 
"<a>"
	"a" Preposition PREP lang:es 00:01:00 00:01:07 tt-1607 MF081_1987_GV_SU2012_SB_04 @Gram:Prep 
"<la>"
	"el" Determiner ART Singular lang:es 00:01:00 00:01:07 tt-1608 MF081_1987_GV_SU2012_SB_04 @Gram:Det:Art 
"<universidad>"
	"universidad" Noun NC Singular lang:es 00:01:00 00:01:07 tt-1609 MF081_1987_GV_SU2012_SB_04 
"<$.>"
	"." Punctuation FS lang:es 00:01:00 00:01:07 tt-1610 MF081_1987_GV_SU2012_SB_04 

"<Nadie>"
	"nadie" Noun NC Singular lang:es 00:01:09 00:01:16 tt-1611 MF081_1987_GV_SU2012_SB_04 
"<...>"
	"..." Punctuation DOTS lang:es 00:01:09 00:01:16 tt-1612 MF081_1987_GV_SU2012_SB_04 
"<todos>"
	"todo" Determiner QU lang:es 00:01:09 00:01:16 tt-1613 MF081_1987_GV_SU2012_SB_04 
"<apenas>"
	"apenas" Adverb ADV lang:es 00:01:09 00:01:16 tt-1614 MF081_1987_GV_SU2012_SB_04 
"<se>"
	"se" Other SE lang:es 00:01:09 00:01:16 tt-1615 MF081_1987_GV_SU2012_SB_04 
"<graduaban>"
	"graduar" Verb VLfin Imp Indi Plural 3rd lang:es 00:01:09 00:01:16 tt-1616 MF081_1987_GV_SU2012_SB_04 @Gram:Imperf 
"<de>"
	"de" Preposition PREP lang:es 00:01:09 00:01:16 tt-1617 MF081_1987_GV_SU2012_SB_04 @Gram:Prep 
<lang code="en">
"<high>"
	"high" Adjective JJ lang:en 00:01:09 00:01:16 tt-1618 MF081_1987_GV_SU2012_SB_04 
"<school>"
	"school" Noun NN lang:en 00:01:09 00:01:16 tt-1619 MF081_1987_GV_SU2012_SB_04 
</lang>
"<incluso>"
	"incluso" Adverb ADV lang:es 00:01:09 00:01:16 tt-1620 MF081_1987_GV_SU2012_SB_04 
"<algunos>"
	"alguno" Determiner QU lang:es 00:01:09 00:01:16 tt-1621 MF081_1987_GV_SU2012_SB_04 
"<no>"
	"no" Adverb NEG lang:es 00:01:09 00:01:16 tt-1622 MF081_1987_GV_SU2012_SB_04 
"<graduaban>"
	"graduar" Verb VLfin Imp Indi Plural 3rd lang:es 00:01:09 00:01:16 tt-1623 MF081_1987_GV_SU2012_SB_04 @Gram:Imperf 
<lang code="en">
"<high>"
	"high" Adjective JJ lang:en 00:01:09 00:01:16 tt-1624 MF081_1987_GV_SU2012_SB_04 
"<school>"
	"school" Noun NN lang:en 00:01:18 00:01:25 tt-1625 MF081_1987_GV_SU2012_SB_04 
</lang>
"<$.>"
	"." Punctuation FS lang:es 00:01:18 00:01:25 tt-1626 MF081_1987_GV_SU2012_SB_04 
<lang code="en">

"<So>"
	"so" Preposition IN lang:en 00:01:18 00:01:25 tt-1627 MF081_1987_GV_SU2012_SB_04 @Gram:Prep 
</lang>
"<el>"
	"el" Determiner ART Singular lang:es 00:01:18 00:01:25 tt-1628 MF081_1987_GV_SU2012_SB_04 @Gram:Det:Art 
"<hecho>"
	"hacer" Verb VLadj lang:es 00:01:18 00:01:25 tt-1629 MF081_1987_GV_SU2012_SB_04 
"<que>"
	"que" Conjunction CQUE lang:es 00:01:18 00:01:25 tt-1630 MF081_1987_GV_SU2012_SB_04 
"<yo>"
	"yo" Pronoun PPX Singular lang:es 00:01:18 00:01:25 tt-1631 MF081_1987_GV_SU2012_SB_04 @Gram:Pron:Sujeto 
"<haiga>"
	"UNK" Verb VLfin Pres Indi Sing 3rd lang:es 00:01:18 00:01:25 tt-1632 MF081_1987_GV_SU2012_SB_04 
"<asistido>"
	"asistir" Verb VLadj lang:es 00:01:18 00:01:25 tt-1633 MF081_1987_GV_SU2012_SB_04 
"<a>"
	"a" Preposition PREP lang:es 00:01:18 00:01:25 tt-1634 MF081_1987_GV_SU2012_SB_04 @Gram:Prep 
"<...>"
	"..." Punctuation DOTS lang:es 00:01:18 00:01:25 tt-1635 MF081_1987_GV_SU2012_SB_04 
"<a>"
	"a" Preposition PREP lang:es 00:01:18 00:01:25 tt-1636 MF081_1987_GV_SU2012_SB_04 @Gram:Prep 
"<la>"
	"el" Determiner ART Singular lang:es 00:01:18 00:01:25 tt-1637 MF081_1987_GV_SU2012_SB_04 @Gram:Det:Art 
"<universidad>"
	"universidad" Noun NC Singular lang:es 00:01:18 00:01:25 tt-1638 MF081_1987_GV_SU2012_SB_04 
"<y>"
	"y" Conjunction CC lang:es 00:01:18 00:01:25 tt-1639 MF081_1987_GV_SU2012_SB_04 
"<hay>"
	"haber" Verb VHfin Pres Indi Sing 3rd lang:es 00:01:18 00:01:25 tt-1640 MF081_1987_GV_SU2012_SB_04 @Gram:Haber:Exist 
"<...>"
	"..." Punctuation DOTS lang:es 00:01:18 00:01:25 tt-1641 MF081_1987_GV_SU2012_SB_04 
"<y>"
	"y" Conjunction CC lang:es 00:01:18 00:01:25 tt-1642 MF081_1987_GV_SU2012_SB_04 
"<tenga>"
	"tener" Verb VLfin Pres Subj Sing 1st_or_3rd lang:es 00:01:18 00:01:25 tt-1643 MF081_1987_GV_SU2012_SB_04 @Gram:MSub:Pres 
"<los>"
	"el" Determiner ART Plural lang:es 00:01:18 00:01:25 tt-1644 MF081_1987_GV_SU2012_SB_04 @Gram:Det:Art 
"<diplomas>"
	"diploma" Noun NC Plural lang:es 00:01:18 00:01:25 tt-1645 MF081_1987_GV_SU2012_SB_04 
"<que>"
	"que" Conjunction CQUE lang:es 00:01:27 00:01:33 tt-1646 MF081_1987_GV_SU2012_SB_04 
"<tengo>"
	"tener" Verb VLfin Pres Indi Sing 1st lang:es 00:01:27 00:01:33 tt-1647 MF081_1987_GV_SU2012_SB_04 
"<ahorita>"
	"ahora" Adverb ADV lang:es 00:01:27 00:01:33 tt-1648 MF081_1987_GV_SU2012_SB_04 
"<es>"
	"ser" Verb VSfin Pres Indi Sing 3rd lang:es 00:01:27 00:01:33 tt-1649 MF081_1987_GV_SU2012_SB_04 @Gram:SerEstar:Ser 
"<una>"
	"un" Determiner ART Singular lang:es 00:01:27 00:01:33 tt-1650 MF081_1987_GV_SU2012_SB_04 
"<barrera>"
	"barrera" Noun NC Singular lang:es 00:01:27 00:01:33 tt-1651 MF081_1987_GV_SU2012_SB_04 
"<muy>"
	"muy" Adverb ADV lang:es 00:01:27 00:01:33 tt-1652 MF081_1987_GV_SU2012_SB_04 
"<grande>"
	"grande" Adjective ADJ Singular lang:es 00:01:27 00:01:33 tt-1653 MF081_1987_GV_SU2012_SB_04 
"<que>"
	"que" Conjunction CQUE lang:es 00:01:27 00:01:33 tt-1654 MF081_1987_GV_SU2012_SB_04 
"<se>"
	"se" Other SE lang:es 00:01:27 00:01:33 tt-1655 MF081_1987_GV_SU2012_SB_04 
"<ha>"
	"haber" Verb VHfin Pres Indi Sing 3rd lang:es 00:01:27 00:01:33 tt-1656 MF081_1987_GV_SU2012_SB_04 @Gram:Haber:Exist 
"<rompido>"
	"UNK" Noun NC Singular lang:es 00:01:27 00:01:33 tt-1657 MF081_1987_GV_SU2012_SB_04 
"<$.>"
	"." Punctuation FS lang:es 00:01:27 00:01:33 tt-1658 MF081_1987_GV_SU2012_SB_04 
</speaker>
<speaker type="int">

"<Aha>"
	"aha" Noun NP Singular lang:es 00:01:33 00:01:34 tt-1659 MF081_1987_GV_SU2012_SB_04 
"<$.>"
	"." Punctuation FS lang:es 00:01:33 00:01:34 tt-1660 MF081_1987_GV_SU2012_SB_04 
<lang code="en">

"<Wow>"
	"wow" Noun NN lang:en 00:01:33 00:01:34 tt-1661 MF081_1987_GV_SU2012_SB_04 
</lang>
"<$.>"
	"." Punctuation FS lang:es 00:01:33 00:01:34 tt-1662 MF081_1987_GV_SU2012_SB_04 

"<Felicidades>"
	"felicidad" Noun NC Plural lang:es 00:01:33 00:01:34 tt-1663 MF081_1987_GV_SU2012_SB_04 
"<$.>"
	"." Punctuation FS lang:es 00:01:33 00:01:34 tt-1664 MF081_1987_GV_SU2012_SB_04 
<lang code="en">

"<Thank>"
	"thank" Verb VB lang:en 00:01:34 00:01:35 tt-1665 MF081_1987_GV_SU2012_SB_04 
"<you>"
	"you" Pronoun PP lang:en 00:01:34 00:01:35 tt-1666 MF081_1987_GV_SU2012_SB_04 
</lang>
"<$.>"
	"." Punctuation FS lang:es 00:01:34 00:01:35 tt-1667 MF081_1987_GV_SU2012_SB_04 

"<Para>"
	"para" Preposition PREP lang:es 00:01:35 00:01:39 tt-1668 MF081_1987_GV_SU2012_SB_04 @Gram:Prep:Para 
"<ti>"
	"tú" Pronoun PPX Singular lang:es 00:01:35 00:01:39 tt-1669 MF081_1987_GV_SU2012_SB_04 
"<y>"
	"y" Conjunction CC lang:es 00:01:35 00:01:39 tt-1670 MF081_1987_GV_SU2012_SB_04 
"<para>"
	"para" Preposition PREP lang:es 00:01:35 00:01:39 tt-1671 MF081_1987_GV_SU2012_SB_04 @Gram:Prep:Para 
"<tu>"
	"tú" Pronoun PPX Singular lang:es 00:01:35 00:01:39 tt-1672 MF081_1987_GV_SU2012_SB_04 @Gram:Det:Pos 
"<familia>"
	"familia" Noun NC Singular lang:es 00:01:35 00:01:39 tt-1673 MF081_1987_GV_SU2012_SB_04 
"<también>"
	"también" Adverb ADV lang:es 00:01:35 00:01:39 tt-1674 MF081_1987_GV_SU2012_SB_04 @Prag:MarcadoresDisc:Igualdad 
"<$.>"
	"." Punctuation FS lang:es 00:01:35 00:01:39 tt-1675 MF081_1987_GV_SU2012_SB_04 

"<$¿>"
	"¿" Punctuation FS lang:es 00:01:35 00:01:39 tt-1676 MF081_1987_GV_SU2012_SB_04 
"<Y>"
	"Y" Other ALFS lang:es 00:01:35 00:01:39 tt-1677 MF081_1987_GV_SU2012_SB_04 
"<...>"
	"..." Punctuation DOTS lang:es 00:01:35 00:01:39 tt-1678 MF081_1987_GV_SU2012_SB_04 
"<y>"
	"Y" Other ALFS lang:es 00:01:35 00:01:39 tt-1679 MF081_1987_GV_SU2012_SB_04 
"<qué>"
	"qué" Pronoun INT Singular lang:es 00:01:35 00:01:39 tt-1680 MF081_1987_GV_SU2012_SB_04 
"<piensan>"
	"pensar" Verb VLfin Pres Indi Plural 3rd lang:es 00:01:35 00:01:39 tt-1681 MF081_1987_GV_SU2012_SB_04 
"<los>"
	"el" Determiner ART Plural lang:es 00:01:35 00:01:39 tt-1682 MF081_1987_GV_SU2012_SB_04 @Gram:Det:Art 
"<miembros>"
	"miembro" Noun NC Plural lang:es 00:01:35 00:01:39 tt-1683 MF081_1987_GV_SU2012_SB_04 
"<de>"
	"de" Preposition PREP lang:es 00:01:35 00:01:39 tt-1684 MF081_1987_GV_SU2012_SB_04 @Gram:Prep 
"<tu>"
	"tú" Pronoun PPX Singular lang:es 00:01:35 00:01:39 tt-1685 MF081_1987_GV_SU2012_SB_04 @Gram:Det:Pos 
"<familia>"
	"familia" Noun NC Singular lang:es 00:01:39 00:01:46 tt-1686 MF081_1987_GV_SU2012_SB_04 
"<de>"
	"de" Preposition PREP lang:es 00:01:39 00:01:46 tt-1687 MF081_1987_GV_SU2012_SB_04 @Gram:Prep 
"<eso>"
	"ese" Determiner DM Singular lang:es 00:01:39 00:01:46 tt-1688 MF081_1987_GV_SU2012_SB_04 @Gram:Det:Demo 
"<$?>"
	"?" Punctuation FS lang:es 00:01:39 00:01:46 tt-1689 MF081_1987_GV_SU2012_SB_04 

"<Bueno>"
	"bueno" Adjective ADJ Singular lang:es 00:01:39 00:01:46 tt-1690 MF081_1987_GV_SU2012_SB_04 
"<,>"
	"," Punctuation CM lang:es 00:01:39 00:01:46 tt-1691 MF081_1987_GV_SU2012_SB_04 
"<están>"
	"estar" Verb VEfin Pres Indi Plural 3rd lang:es 00:01:39 00:01:46 tt-1692 MF081_1987_GV_SU2012_SB_04 @Gram:SerEstar:Estar 
"<felices>"
	"feliz" Adjective ADJ Plural lang:es 00:01:39 00:01:46 tt-1693 MF081_1987_GV_SU2012_SB_04 
"<me>"
	"yo" Pronoun PPX Singular lang:es 00:01:39 00:01:46 tt-1694 MF081_1987_GV_SU2012_SB_04 @Gram:Pron:Objeto 
"<imagino>"
	"imaginar" Verb VLfin Pres Indi Sing 1st lang:es 00:01:39 00:01:46 tt-1695 MF081_1987_GV_SU2012_SB_04 
"<...>"
	"..." Punctuation DOTS lang:es 00:01:39 00:01:46 tt-1696 MF081_1987_GV_SU2012_SB_04 
"<Sí>"
	"sí" Adverb ADV lang:es 00:01:46 00:01:46 tt-1697 MF081_1987_GV_SU2012_SB_04 
"<$.>"
	"." Punctuation FS lang:es 00:01:46 00:01:46 tt-1698 MF081_1987_GV_SU2012_SB_04 

"<...>"
	"..." Punctuation DOTS lang:es 00:01:46 00:01:48 tt-1699 MF081_1987_GV_SU2012_SB_04 
"<Por>"
	"por" Preposition PREP lang:es 00:01:46 00:01:48 tt-1700 MF081_1987_GV_SU2012_SB_04 @Gram:Prep:Por 
"<ti>"
	"tú" Pronoun PPX Singular lang:es 00:01:46 00:01:48 tt-1701 MF081_1987_GV_SU2012_SB_04 
"<$.>"
	"." Punctuation FS lang:es 00:01:46 00:01:48 tt-1702 MF081_1987_GV_SU2012_SB_04 
</speaker>
<speaker type="subj">

"<Sí>"
	"sí" Adverb ADV lang:es 00:01:48 00:01:54 tt-1703 MF081_1987_GV_SU2012_SB_04 
"<$.>"
	"." Punctuation FS lang:es 00:01:48 00:01:54 tt-1704 MF081_1987_GV_SU2012_SB_04 

"<Creo>"
	"crear|creer" Verb VLfin Pres Indi Sing 1st lang:es 00:01:48 00:01:54 tt-1705 MF081_1987_GV_SU2012_SB_04 
"<que>"
	"que" Conjunction CQUE lang:es 00:01:48 00:01:54 tt-1706 MF081_1987_GV_SU2012_SB_04 
"<ha>"
	"haber" Verb VHfin Pres Indi Sing 3rd lang:es 00:01:48 00:01:54 tt-1707 MF081_1987_GV_SU2012_SB_04 ID:261 R:Gram:SerEstar:Ser:262 R:Gram:Aux:Haber:262 R:Gram:PerfPerif:262 
"<sido>"
	"ser" Verb VSadj Participle lang:es 00:01:48 00:01:54 tt-1708 MF081_1987_GV_SU2012_SB_04 ID:262 
"<un>"
	"un" Determiner ART Singular lang:es 00:01:48 00:01:54 tt-1709 MF081_1987_GV_SU2012_SB_04 
"<...>"
	"..." Punctuation DOTS lang:es 00:01:48 00:01:54 tt-1710 MF081_1987_GV_SU2012_SB_04 
"<un>"
	"un" Determiner ART Singular lang:es 00:01:48 00:01:54 tt-1711 MF081_1987_GV_SU2012_SB_04 
"<buen>"
	"bueno" Adjective ADJ Singular lang:es 00:01:48 00:01:54 tt-1712 MF081_1987_GV_SU2012_SB_04 
"<comienzo>"
	"comienzo" Noun NC Singular lang:es 00:01:48 00:01:54 tt-1713 MF081_1987_GV_SU2012_SB_04 
"<para>"
	"para" Preposition PREP lang:es 00:01:48 00:01:54 tt-1714 MF081_1987_GV_SU2012_SB_04 @Gram:Prep:Para 
"<que>"
	"que" Conjunction CQUE lang:es 00:01:48 00:01:54 tt-1715 MF081_1987_GV_SU2012_SB_04 
"<las>"
	"el" Determiner ART Plural lang:es 00:01:48 00:01:54 tt-1716 MF081_1987_GV_SU2012_SB_04 @Gram:Det:Art 
"<personas>"
	"persona" Noun NC Plural lang:es 00:01:48 00:01:54 tt-1717 MF081_1987_GV_SU2012_SB_04 
"<que>"
	"que" Conjunction CQUE lang:es 00:01:48 00:01:54 tt-1718 MF081_1987_GV_SU2012_SB_04 
"<siguen>"
	"seguir" Verb VLfin Pres Indi Plural 3rd lang:es 00:01:48 00:01:54 tt-1719 MF081_1987_GV_SU2012_SB_04 
"<detrás>"
	"detrás" Adverb ADV lang:es 00:01:54 00:01:58 tt-1720 MF081_1987_GV_SU2012_SB_04 
"<de>"
	"de" Preposition PREP lang:es 00:01:54 00:01:58 tt-1721 MF081_1987_GV_SU2012_SB_04 @Gram:Prep 
"<mí>"
	"yo" Pronoun PPX Singular lang:es 00:01:54 00:01:58 tt-1722 MF081_1987_GV_SU2012_SB_04 
"<vean>"
	"ver" Verb VLfin Past Subj Plural 3rd lang:es 00:01:54 00:01:58 tt-1723 MF081_1987_GV_SU2012_SB_04 @Gram:MSub:Pret 
"<que>"
	"que" Conjunction CQUE lang:es 00:01:54 00:01:58 tt-1724 MF081_1987_GV_SU2012_SB_04 
"<...>"
	"..." Punctuation DOTS lang:es 00:01:54 00:01:58 tt-1725 MF081_1987_GV_SU2012_SB_04 
"<que>"
	"que" Conjunction CQUE lang:es 00:01:54 00:01:58 tt-1726 MF081_1987_GV_SU2012_SB_04 
"<,>"
	"," Punctuation CM lang:es 00:01:54 00:01:58 tt-1727 MF081_1987_GV_SU2012_SB_04 
"<sí>"
	"sí" Adverb ADV lang:es 00:01:54 00:01:58 tt-1728 MF081_1987_GV_SU2012_SB_04 
"<,>"
	"," Punctuation CM lang:es 00:01:54 00:01:58 tt-1729 MF081_1987_GV_SU2012_SB_04 
"<es>"
	"ser" Verb VSfin Pres Indi Sing 3rd lang:es 00:01:54 00:01:58 tt-1730 MF081_1987_GV_SU2012_SB_04 @Gram:SerEstar:Ser 
"<algo>"
	"algo" Determiner QU lang:es 00:01:54 00:01:58 tt-1731 MF081_1987_GV_SU2012_SB_04 
"<que>"
	"que" Conjunction CQUE lang:es 00:01:54 00:01:58 tt-1732 MF081_1987_GV_SU2012_SB_04 
"<se>"
	"se" Other SE lang:es 00:01:54 00:01:58 tt-1733 MF081_1987_GV_SU2012_SB_04 @Gram:Pron:Otros 
"<puede>"
	"poder" Verb VMfin lang:es 00:01:54 00:01:58 tt-1734 MF081_1987_GV_SU2012_SB_04 
"<lograr>"
	"lograr" Verb VLinf Infinitive lang:es 00:01:54 00:01:58 tt-1735 MF081_1987_GV_SU2012_SB_04 
"<$.>"
	"." Punctuation FS lang:es 00:01:54 00:01:58 tt-1736 MF081_1987_GV_SU2012_SB_04 
</speaker>
</text>

