<text id="MF081_1987_GV_SU2012_SB_08">
<speaker type="int">
"<$¿>"
	"¿" Punctuation FS lang:es 00:00:00 00:00:07 tt-3578 MF081_1987_GV_SU2012_SB_08 
"<Y>"
	"y" Conjunction CC lang:es 00:00:00 00:00:07 tt-3579 MF081_1987_GV_SU2012_SB_08 
"<entonces>"
	"entonces" Adverb ADV lang:es 00:00:00 00:00:07 tt-3580 MF081_1987_GV_SU2012_SB_08 
"<has>"
	"haber" Verb VHfin Pres Indi Sing 2nd lang:es 00:00:00 00:00:07 tt-3581 MF081_1987_GV_SU2012_SB_08 ID:4 R:Gram:Aux:Haber:5 R:Gram:PerfPerif:5 ADDRELATION():661 
"<experimentado>"
	"experimentar" Verb VLadj lang:es 00:00:00 00:00:07 tt-3582 MF081_1987_GV_SU2012_SB_08 ID:5 
"<como>"
	"como" Conjunction CSUBX lang:es 00:00:00 00:00:07 tt-3583 MF081_1987_GV_SU2012_SB_08 
"<un>"
	"un" Determiner ART Singular lang:es 00:00:00 00:00:07 tt-3584 MF081_1987_GV_SU2012_SB_08 
"<tipo>"
	"tipo" Noun NC Singular lang:es 00:00:00 00:00:07 tt-3585 MF081_1987_GV_SU2012_SB_08 
"<de>"
	"de" Preposition PREP lang:es 00:00:00 00:00:07 tt-3586 MF081_1987_GV_SU2012_SB_08 @Gram:Prep ADD:580 
"<discriminación>"
	"discriminación" Noun NC Singular lang:es 00:00:00 00:00:07 tt-3587 MF081_1987_GV_SU2012_SB_08 
"<allí>"
	"allí" Adverb ADV lang:es 00:00:00 00:00:07 tt-3588 MF081_1987_GV_SU2012_SB_08 
"<cuando>"
	"cuando" Conjunction CSUBX lang:es 00:00:00 00:00:07 tt-3589 MF081_1987_GV_SU2012_SB_08 
"<...>"
	"..." Punctuation DOTS lang:es 00:00:00 00:00:07 tt-3590 MF081_1987_GV_SU2012_SB_08 
"<cuando>"
	"cuando" Conjunction CSUBX lang:es 00:00:00 00:00:07 tt-3591 MF081_1987_GV_SU2012_SB_08 
"<te>"
	"tú" Pronoun PPX Singular lang:es 00:00:10 00:00:16 tt-3592 MF081_1987_GV_SU2012_SB_08 @Gram:Pron:Objeto ADD:614 
"<vas>"
	"ir" Verb VLfin Pres Indi Sing 2nd lang:es 00:00:10 00:00:16 tt-3593 MF081_1987_GV_SU2012_SB_08 
"<como>"
	"como" Adverb ADV lang:es 00:00:10 00:00:16 tt-3594 MF081_1987_GV_SU2012_SB_08 
"<...>"
	"..." Punctuation DOTS lang:es 00:00:10 00:00:16 tt-3595 MF081_1987_GV_SU2012_SB_08 
"<si>"
	"si" Conjunction CSUBX lang:es 00:00:10 00:00:16 tt-3596 MF081_1987_GV_SU2012_SB_08 
"<las>"
	"el" Determiner ART Plural Fem lang:es 00:00:10 00:00:16 tt-3597 MF081_1987_GV_SU2012_SB_08 @Gram:Det:Art ADD:395 
"<personas>"
	"persona" Noun NC Plural lang:es 00:00:10 00:00:16 tt-3598 MF081_1987_GV_SU2012_SB_08 
"<saben>"
	"saber" Verb VLfin Pres Indi Plural 3rd lang:es 00:00:10 00:00:16 tt-3599 MF081_1987_GV_SU2012_SB_08 
"<que>"
	"que" Conjunction CQUE lang:es 00:00:10 00:00:16 tt-3600 MF081_1987_GV_SU2012_SB_08 
"<eres>"
	"ser" Verb VSfin Pres Indi Sing 2nd lang:es 00:00:10 00:00:16 tt-3601 MF081_1987_GV_SU2012_SB_08 @Gram:SerEstar:Ser ADD:769 
"<de>"
	"de" Preposition PREP lang:es 00:00:10 00:00:16 tt-3602 MF081_1987_GV_SU2012_SB_08 @Gram:Prep ADD:580 
"<...>"
	"..." Punctuation DOTS lang:es 00:00:10 00:00:16 tt-3603 MF081_1987_GV_SU2012_SB_08 
"<de>"
	"de" Preposition PREP lang:es 00:00:10 00:00:16 tt-3604 MF081_1987_GV_SU2012_SB_08 @Gram:Prep ADD:580 
"<Tejas>"
	"UNK" Noun NP Plural lang:es 00:00:10 00:00:16 tt-3605 MF081_1987_GV_SU2012_SB_08 
"<$?>"
	"?" Punctuation FS lang:es 00:00:10 00:00:16 tt-3606 MF081_1987_GV_SU2012_SB_08 

"<$¿>"
	"¿" Punctuation FS lang:es 00:00:10 00:00:16 tt-3607 MF081_1987_GV_SU2012_SB_08 
"<Te>"
	"tú" Pronoun PPX Singular lang:es 00:00:10 00:00:16 tt-3608 MF081_1987_GV_SU2012_SB_08 @Gram:Pron:Objeto ADD:614 
"<tratan>"
	"tratar" Verb VLfin Pres Indi Plural 3rd lang:es 00:00:10 00:00:16 tt-3609 MF081_1987_GV_SU2012_SB_08 
"<diferente>"
	"diferente" Adjective ADJ Singular lang:es 00:00:10 00:00:16 tt-3610 MF081_1987_GV_SU2012_SB_08 
"<o>"
	"o" Conjunction CC lang:es 00:00:16 00:00:23 tt-3611 MF081_1987_GV_SU2012_SB_08 
"<ellos>"
	"él" Pronoun PPX Plural lang:es 00:00:16 00:00:23 tt-3612 MF081_1987_GV_SU2012_SB_08 @Gram:Pron:Sujeto ADD:590 
"<piensan>"
	"pensar" Verb VLfin Pres Indi Plural 3rd lang:es 00:00:16 00:00:23 tt-3613 MF081_1987_GV_SU2012_SB_08 
"<usualmente>"
	"usualmente" Adverb ADV lang:es 00:00:16 00:00:23 tt-3614 MF081_1987_GV_SU2012_SB_08 
"<que>"
	"que" Conjunction CQUE lang:es 00:00:16 00:00:23 tt-3615 MF081_1987_GV_SU2012_SB_08 
"<eres>"
	"ser" Verb VSfin Pres Indi Sing 2nd lang:es 00:00:16 00:00:23 tt-3616 MF081_1987_GV_SU2012_SB_08 @Gram:SerEstar:Ser ADD:769 
"<allá>"
	"allá" Adverb ADV lang:es 00:00:16 00:00:23 tt-3617 MF081_1987_GV_SU2012_SB_08 
"<de>"
	"de" Preposition PREP lang:es 00:00:16 00:00:23 tt-3618 MF081_1987_GV_SU2012_SB_08 @Gram:Prep ADD:580 
"<...>"
	"..." Punctuation DOTS lang:es 00:00:16 00:00:23 tt-3619 MF081_1987_GV_SU2012_SB_08 
"<de>"
	"de" Preposition PREP lang:es 00:00:16 00:00:23 tt-3620 MF081_1987_GV_SU2012_SB_08 @Gram:Prep ADD:580 
"<allá>"
	"allá" Adverb ADV lang:es 00:00:16 00:00:23 tt-3621 MF081_1987_GV_SU2012_SB_08 
"<de>"
	"de" Preposition PREP lang:es 00:00:16 00:00:23 tt-3622 MF081_1987_GV_SU2012_SB_08 @Gram:Prep ADD:580 
"<México>"
	"México" Noun NP Singular lang:es 00:00:16 00:00:23 tt-3623 MF081_1987_GV_SU2012_SB_08 
"<$?>"
	"?" Punctuation FS lang:es 00:00:16 00:00:23 tt-3624 MF081_1987_GV_SU2012_SB_08 
</speaker>
<speaker type="subj">

"<Ah>"
	"ah" Other UH lang:en 00:00:23 00:00:30 tt-3625 MF081_1987_GV_SU2012_SB_08 
"<...>"
	"..." Punctuation DOTS lang:es 00:00:23 00:00:30 tt-3626 MF081_1987_GV_SU2012_SB_08 
"<creo>"
	"crear|creer" Verb VLfin Pres Indi Sing 1st lang:es 00:00:23 00:00:30 tt-3627 MF081_1987_GV_SU2012_SB_08 
"<que>"
	"que" Conjunction CQUE lang:es 00:00:23 00:00:30 tt-3628 MF081_1987_GV_SU2012_SB_08 
"<la>"
	"el" Determiner ART Singular Fem lang:es 00:00:23 00:00:30 tt-3629 MF081_1987_GV_SU2012_SB_08 @Gram:Det:Art ADD:395 
"<mayoría>"
	"mayoría" Noun NC Singular lang:es 00:00:23 00:00:30 tt-3630 MF081_1987_GV_SU2012_SB_08 
"<de>"
	"de" Preposition PREP lang:es 00:00:23 00:00:30 tt-3631 MF081_1987_GV_SU2012_SB_08 @Gram:Prep ADD:580 
"<tiempos>"
	"tiempo" Noun NC Plural lang:es 00:00:23 00:00:30 tt-3632 MF081_1987_GV_SU2012_SB_08 
"<saben>"
	"saber" Verb VLfin Pres Indi Plural 3rd lang:es 00:00:23 00:00:30 tt-3633 MF081_1987_GV_SU2012_SB_08 
"<distinguir>"
	"distinguir" Verb VLinf Infinitive lang:es 00:00:23 00:00:30 tt-3634 MF081_1987_GV_SU2012_SB_08 SUBSTITUTE:309 
"<que>"
	"que" Conjunction CQUE lang:es 00:00:23 00:00:30 tt-3635 MF081_1987_GV_SU2012_SB_08 
"<...>"
	"..." Punctuation DOTS lang:es 00:00:23 00:00:30 tt-3636 MF081_1987_GV_SU2012_SB_08 
"<que>"
	"que" Conjunction CQUE lang:es 00:00:23 00:00:30 tt-3637 MF081_1987_GV_SU2012_SB_08 
"<somos>"
	"ser" Verb VSfin Pres Indi Plural 1st lang:es 00:00:23 00:00:30 tt-3638 MF081_1987_GV_SU2012_SB_08 @Gram:SerEstar:Ser ADD:769 
"<de>"
	"de" Preposition PREP lang:es 00:00:23 00:00:30 tt-3639 MF081_1987_GV_SU2012_SB_08 @Gram:Prep ADD:580 
"<Tejas>"
	"teja" Noun NC Plural lang:es 00:00:23 00:00:30 tt-3640 MF081_1987_GV_SU2012_SB_08 
"<al>"
	"al" Preposition PAL lang:es 00:00:23 00:00:30 tt-3641 MF081_1987_GV_SU2012_SB_08 @Gram:Prep ADD:580 
"<momento>"
	"momento" Noun NC Singular lang:es 00:00:23 00:00:30 tt-3642 MF081_1987_GV_SU2012_SB_08 
"<que>"
	"que" Conjunction CQUE lang:es 00:00:33 00:00:39 tt-3643 MF081_1987_GV_SU2012_SB_08 
"<hablamos>"
	"hablar" Verb VLfin Pres_or_Pret Indi Plural 1st lang:es 00:00:33 00:00:39 tt-3644 MF081_1987_GV_SU2012_SB_08 
"<$.>"
	"." Punctuation FS lang:es 00:00:33 00:00:39 tt-3645 MF081_1987_GV_SU2012_SB_08 
<lang code="en">

"<Ah>"
	"ah" Other UH lang:en 00:00:33 00:00:39 tt-3646 MF081_1987_GV_SU2012_SB_08 
</lang>
"<...>"
	"..." Punctuation DOTS lang:es 00:00:33 00:00:39 tt-3647 MF081_1987_GV_SU2012_SB_08 
"<si>"
	"si" Conjunction CSUBX lang:es 00:00:33 00:00:39 tt-3648 MF081_1987_GV_SU2012_SB_08 
"<solamente>"
	"solamente" Adverb ADV lang:es 00:00:33 00:00:39 tt-3649 MF081_1987_GV_SU2012_SB_08 
"<nos>"
	"nosotros" Pronoun PPX Plural lang:es 00:00:33 00:00:39 tt-3650 MF081_1987_GV_SU2012_SB_08 @Gram:Pron:Objeto ADD:614 
"<...>"
	"..." Punctuation DOTS lang:es 00:00:33 00:00:39 tt-3651 MF081_1987_GV_SU2012_SB_08 
"<nos>"
	"nosotros" Pronoun PPX Plural lang:es 00:00:33 00:00:39 tt-3652 MF081_1987_GV_SU2012_SB_08 @Gram:Pron:Objeto ADD:614 
"<están>"
	"estar" Verb VEfin Pres Indi Plural 3rd lang:es 00:00:33 00:00:39 tt-3653 MF081_1987_GV_SU2012_SB_08 @Gram:SerEstar:Estar ID:76 R:Gram:SerEstar:EstarAux:77 ADD:778 ADDRELATION(Gram:SerEstar:EstarAux):794 
"<viendo>"
	"ver" Verb VLger lang:es 00:00:33 00:00:39 tt-3654 MF081_1987_GV_SU2012_SB_08 ID:77 
"<o>"
	"o" Conjunction CC lang:es 00:00:33 00:00:39 tt-3655 MF081_1987_GV_SU2012_SB_08 
"<nos>"
	"nosotros" Pronoun PPX Plural lang:es 00:00:33 00:00:39 tt-3656 MF081_1987_GV_SU2012_SB_08 @Gram:Pron:Objeto ADD:614 
"<están>"
	"estar" Verb VEfin Pres Indi Plural 3rd lang:es 00:00:33 00:00:39 tt-3657 MF081_1987_GV_SU2012_SB_08 @Gram:SerEstar:Estar ID:80 R:Gram:SerEstar:EstarAux:81 ADD:778 ADDRELATION(Gram:SerEstar:EstarAux):794 
"<viendo>"
	"ver" Verb VLger lang:es 00:00:33 00:00:39 tt-3658 MF081_1987_GV_SU2012_SB_08 ID:81 
"<como>"
	"como" Conjunction CSUBX lang:es 00:00:33 00:00:39 tt-3659 MF081_1987_GV_SU2012_SB_08 
"<actuamos>"
	"actuar" Verb VLfin Pres_or_Pret Indi Plural 1st lang:es 00:00:33 00:00:39 tt-3660 MF081_1987_GV_SU2012_SB_08 
"<,>"
	"," Punctuation CM lang:es 00:00:33 00:00:39 tt-3661 MF081_1987_GV_SU2012_SB_08 
"<quizás>"
	"quizás" Adverb ADV lang:es 00:00:39 00:00:41 tt-3662 MF081_1987_GV_SU2012_SB_08 @Prag:MarcadoresDisc:Probabilidad ADD:1103 
"<,>"
	"," Punctuation CM lang:es 00:00:39 00:00:41 tt-3663 MF081_1987_GV_SU2012_SB_08 
"<no>"
	"no" Adverb NEG lang:es 00:00:39 00:00:41 tt-3664 MF081_1987_GV_SU2012_SB_08 
"<se>"
	"se" Other SE lang:es 00:00:39 00:00:41 tt-3665 MF081_1987_GV_SU2012_SB_08 
"<dan>"
	"dar" Verb VLfin Pres Indi Plural 3rd lang:es 00:00:39 00:00:41 tt-3666 MF081_1987_GV_SU2012_SB_08 
"<cuenta>"
	"cuenta" Noun NC Singular lang:es 00:00:39 00:00:41 tt-3667 MF081_1987_GV_SU2012_SB_08 
"<$.>"
	"." Punctuation FS lang:es 00:00:39 00:00:41 tt-3668 MF081_1987_GV_SU2012_SB_08 
</speaker>
<speaker type="int">

"<$¿>"
	"¿" Punctuation FS lang:es 00:00:41 00:00:46 tt-3669 MF081_1987_GV_SU2012_SB_08 
"<Y>"
	"y" Conjunction CC lang:es 00:00:41 00:00:46 tt-3670 MF081_1987_GV_SU2012_SB_08 
"<cómo>"
	"cómo" Adverb ADV lang:es 00:00:41 00:00:46 tt-3671 MF081_1987_GV_SU2012_SB_08 
"<crees>"
	"crear|creer" Verb VLfin Pres Indi Sing 2nd lang:es 00:00:41 00:00:46 tt-3672 MF081_1987_GV_SU2012_SB_08 
"<que>"
	"que" Conjunction CQUE lang:es 00:00:41 00:00:46 tt-3673 MF081_1987_GV_SU2012_SB_08 
"<te>"
	"tú" Pronoun PPX Singular lang:es 00:00:41 00:00:46 tt-3674 MF081_1987_GV_SU2012_SB_08 @Gram:Pron:Objeto ADD:614 
"<tratan>"
	"tratar" Verb VLfin Pres Indi Plural 3rd lang:es 00:00:41 00:00:46 tt-3675 MF081_1987_GV_SU2012_SB_08 
"<diferente>"
	"diferente" Adjective ADJ Singular lang:es 00:00:41 00:00:46 tt-3676 MF081_1987_GV_SU2012_SB_08 
"<después>"
	"después" Conjunction CSUBI lang:es 00:00:41 00:00:46 tt-3677 MF081_1987_GV_SU2012_SB_08 
"<de>"
	"de" Conjunction CSUBI lang:es 00:00:41 00:00:46 tt-3678 MF081_1987_GV_SU2012_SB_08 
"<saber>"
	"saber" Verb VLinf Infinitive lang:es 00:00:41 00:00:46 tt-3679 MF081_1987_GV_SU2012_SB_08 SUBSTITUTE:309 
"<que>"
	"que" Conjunction CQUE lang:es 00:00:41 00:00:46 tt-3680 MF081_1987_GV_SU2012_SB_08 
"<eres>"
	"ser" Verb VSfin Pres Indi Sing 2nd lang:es 00:00:41 00:00:46 tt-3681 MF081_1987_GV_SU2012_SB_08 @Gram:SerEstar:Ser ADD:769 
"<de>"
	"de" Preposition PREP lang:es 00:00:41 00:00:46 tt-3682 MF081_1987_GV_SU2012_SB_08 @Gram:Prep ADD:580 
"<acá>"
	"acá" Adverb ADV lang:es 00:00:41 00:00:46 tt-3683 MF081_1987_GV_SU2012_SB_08 
"<de>"
	"de" Preposition PREP lang:es 00:00:41 00:00:46 tt-3684 MF081_1987_GV_SU2012_SB_08 @Gram:Prep ADD:580 
"<Tejas>"
	"UNK" Noun NP Plural lang:es 00:00:41 00:00:46 tt-3685 MF081_1987_GV_SU2012_SB_08 
"<o>"
	"o" Conjunction CC lang:es 00:00:46 00:00:48 tt-3686 MF081_1987_GV_SU2012_SB_08 
"<de>"
	"de" Preposition PREP lang:es 00:00:46 00:00:48 tt-3687 MF081_1987_GV_SU2012_SB_08 @Gram:Prep ADD:580 
"<Estados>"
	"Estados" Noun NP Plural lang:es 00:00:46 00:00:48 tt-3688 MF081_1987_GV_SU2012_SB_08 ID:111 R:Vocab:Entities:Geo:112 ADDRELATION(Vocab:Entities:Geo):1160 
"<Unidos>"
	"Unidos" Noun NP Plural lang:es 00:00:46 00:00:48 tt-3689 MF081_1987_GV_SU2012_SB_08 ID:112 
"<$?>"
	"?" Punctuation FS lang:es 00:00:46 00:00:48 tt-3690 MF081_1987_GV_SU2012_SB_08 
</speaker>
<speaker type="subj">

"<Ah>"
	"ah" Other UH lang:en 00:00:48 00:00:55 tt-3691 MF081_1987_GV_SU2012_SB_08 
"<...>"
	"..." Punctuation DOTS lang:es 00:00:48 00:00:55 tt-3692 MF081_1987_GV_SU2012_SB_08 
"<creo>"
	"crear|creer" Verb VLfin Pres Indi Sing 1st lang:es 00:00:48 00:00:55 tt-3693 MF081_1987_GV_SU2012_SB_08 
"<que>"
	"que" Conjunction CQUE lang:es 00:00:48 00:00:55 tt-3694 MF081_1987_GV_SU2012_SB_08 
"<en>"
	"en" Preposition PREP lang:es 00:00:48 00:00:55 tt-3695 MF081_1987_GV_SU2012_SB_08 @Gram:Prep ADD:580 
"<...>"
	"..." Punctuation DOTS lang:es 00:00:48 00:00:55 tt-3696 MF081_1987_GV_SU2012_SB_08 
"<en>"
	"en" Preposition PREP lang:es 00:00:48 00:00:55 tt-3697 MF081_1987_GV_SU2012_SB_08 @Gram:Prep ADD:580 
"<términos>"
	"término" Noun NC Plural lang:es 00:00:48 00:00:55 tt-3698 MF081_1987_GV_SU2012_SB_08 
"<cuando>"
	"cuando" Conjunction CSUBX lang:es 00:00:48 00:00:55 tt-3699 MF081_1987_GV_SU2012_SB_08 
"<vas>"
	"ir" Verb VLfin Pres Indi Sing 2nd lang:es 00:00:48 00:00:55 tt-3700 MF081_1987_GV_SU2012_SB_08 
"<a>"
	"a" Preposition PREP lang:es 00:00:48 00:00:55 tt-3701 MF081_1987_GV_SU2012_SB_08 @Gram:Prep ADD:580 
"<...>"
	"..." Punctuation DOTS lang:es 00:00:48 00:00:55 tt-3702 MF081_1987_GV_SU2012_SB_08 
"<algún>"
	"alguno" Determiner QU lang:es 00:00:48 00:00:55 tt-3703 MF081_1987_GV_SU2012_SB_08 @Gram:Det:CuantIndef ADD:442 
"<negocio>"
	"negocio" Noun NC Singular lang:es 00:00:48 00:00:55 tt-3704 MF081_1987_GV_SU2012_SB_08 
"<,>"
	"," Punctuation CM lang:es 00:00:48 00:00:55 tt-3705 MF081_1987_GV_SU2012_SB_08 
"<te>"
	"tú" Pronoun PPX Singular lang:es 00:00:48 00:00:55 tt-3706 MF081_1987_GV_SU2012_SB_08 @Gram:Pron:Objeto ADD:614 
"<tratan>"
	"tratar" Verb VLfin Pres Indi Plural 3rd lang:es 00:00:48 00:00:55 tt-3707 MF081_1987_GV_SU2012_SB_08 
"<mejor>"
	"bueno" Adjective ADJ Singular lang:es 00:00:48 00:00:55 tt-3708 MF081_1987_GV_SU2012_SB_08 
"<$.>"
	"." Punctuation FS lang:es 00:00:48 00:00:55 tt-3709 MF081_1987_GV_SU2012_SB_08 

"<Cuando>"
	"cuando" Conjunction CSUBX lang:es 00:00:48 00:00:55 tt-3710 MF081_1987_GV_SU2012_SB_08 
"<vas>"
	"ir" Verb VLfin Pres Indi Sing 2nd lang:es 00:00:58 00:01:05 tt-3711 MF081_1987_GV_SU2012_SB_08 
"<a>"
	"a" Preposition PREP lang:es 00:00:58 00:01:05 tt-3712 MF081_1987_GV_SU2012_SB_08 @Gram:Prep ADD:580 
"<...>"
	"..." Punctuation DOTS lang:es 00:00:58 00:01:05 tt-3713 MF081_1987_GV_SU2012_SB_08 
"<algún>"
	"alguno" Determiner QU lang:es 00:00:58 00:01:05 tt-3714 MF081_1987_GV_SU2012_SB_08 @Gram:Det:CuantIndef ADD:442 
"<evento>"
	"evento" Noun NC Singular lang:es 00:00:58 00:01:05 tt-3715 MF081_1987_GV_SU2012_SB_08 
"<o>"
	"o" Conjunction CC lang:es 00:00:58 00:01:05 tt-3716 MF081_1987_GV_SU2012_SB_08 
"<al>"
	"al" Conjunction CSUBI lang:es 00:00:58 00:01:05 tt-3717 MF081_1987_GV_SU2012_SB_08 
"<...>"
	"..." Punctuation DOTS lang:es 00:00:58 00:01:05 tt-3718 MF081_1987_GV_SU2012_SB_08 
"<o>"
	"o" Conjunction CC lang:es 00:00:58 00:01:05 tt-3719 MF081_1987_GV_SU2012_SB_08 
"<alguna>"
	"alguno" Determiner QU lang:es 00:00:58 00:01:05 tt-3720 MF081_1987_GV_SU2012_SB_08 @Gram:Det:CuantIndef ADD:442 
"<reunión>"
	"reunión" Noun NC Singular lang:es 00:00:58 00:01:05 tt-3721 MF081_1987_GV_SU2012_SB_08 
"<familiar>"
	"familiar" Adjective ADJ Singular lang:es 00:00:58 00:01:05 tt-3722 MF081_1987_GV_SU2012_SB_08 
"<,>"
	"," Punctuation CM lang:es 00:00:58 00:01:05 tt-3723 MF081_1987_GV_SU2012_SB_08 
"<tal>"
	"tal" Adverb ADV lang:es 00:00:58 00:01:05 tt-3724 MF081_1987_GV_SU2012_SB_08 ID:147 R:Prag:MarcadoresDisc:Probabilidad:148 ADDRELATION(Prag:MarcadoresDisc:Probabilidad):1108 
"<vez>"
	"vez" Adverb ADV lang:es 00:00:58 00:01:05 tt-3725 MF081_1987_GV_SU2012_SB_08 ID:148 
"<sí>"
	"sí" Adverb ADV lang:es 00:00:58 00:01:05 tt-3726 MF081_1987_GV_SU2012_SB_08 
"<te>"
	"tú" Pronoun PPX Singular lang:es 00:00:58 00:01:05 tt-3727 MF081_1987_GV_SU2012_SB_08 @Gram:Pron:Objeto ADD:614 
"<tratan>"
	"tratar" Verb VLfin Pres Indi Plural 3rd lang:es 00:00:58 00:01:05 tt-3728 MF081_1987_GV_SU2012_SB_08 
"<un>"
	"un" Determiner ART Singular lang:es 00:00:58 00:01:05 tt-3729 MF081_1987_GV_SU2012_SB_08 ID:152 R:Gram:Det:DetCombi:153 ADDRELATION(Gram:Det:DetCombi):453 
"<poquito>"
	"poco" Adjective ADJ Masc Singular lang:es 00:01:09 00:01:16 tt-3730 MF081_1987_GV_SU2012_SB_08 ID:153 SUBSTITUTE:368 
"<más>"
	"más" Adverb ADV lang:es 00:01:09 00:01:16 tt-3731 MF081_1987_GV_SU2012_SB_08 
"<diferente>"
	"diferente" Adjective ADJ Singular lang:es 00:01:09 00:01:16 tt-3732 MF081_1987_GV_SU2012_SB_08 
"<porque>"
	"porque" Conjunction CSUBX lang:es 00:01:09 00:01:16 tt-3733 MF081_1987_GV_SU2012_SB_08 @Prag:MarcadoresDisc:Causa ADD:1051 
"<piensan>"
	"pensar" Verb VLfin Pres Indi Plural 3rd lang:es 00:01:09 00:01:16 tt-3734 MF081_1987_GV_SU2012_SB_08 
"<que>"
	"que" Conjunction CQUE lang:es 00:01:09 00:01:16 tt-3735 MF081_1987_GV_SU2012_SB_08 
"<no>"
	"no" Adverb NEG lang:es 00:01:09 00:01:16 tt-3736 MF081_1987_GV_SU2012_SB_08 
"<...>"
	"..." Punctuation DOTS lang:es 00:01:09 00:01:16 tt-3737 MF081_1987_GV_SU2012_SB_08 
"<a>"
	"a" Preposition PREP lang:es 00:01:09 00:01:16 tt-3738 MF081_1987_GV_SU2012_SB_08 @Gram:Prep ID:161 R:Prag:MarcadoresDisc:Probabilidad:163 ADD:580 ADDRELATION(Prag:MarcadoresDisc:Probabilidad):1113 
"<lo>"
	"el" Determiner ART Singular lang:es 00:01:09 00:01:16 tt-3739 MF081_1987_GV_SU2012_SB_08 
"<mejor>"
	"bueno" Adjective ADJ Singular lang:es 00:01:09 00:01:16 tt-3740 MF081_1987_GV_SU2012_SB_08 ID:163 
"<no>"
	"no" Adverb NEG lang:es 00:01:09 00:01:16 tt-3741 MF081_1987_GV_SU2012_SB_08 
"<entiendes>"
	"entender" Verb VLfin Pres Indi Sing 2nd lang:es 00:01:09 00:01:16 tt-3742 MF081_1987_GV_SU2012_SB_08 
"<todo>"
	"todo" Determiner QU lang:es 00:01:09 00:01:16 tt-3743 MF081_1987_GV_SU2012_SB_08 
"<lo>"
	"el" Determiner ART Singular lang:es 00:01:09 00:01:16 tt-3744 MF081_1987_GV_SU2012_SB_08 ID:167 R:Gram:Det:LoAdj:168 ADDRELATION(Gram:Det:LoAdj):401 
"<que>"
	"que" Conjunction CQUE lang:es 00:01:09 00:01:16 tt-3745 MF081_1987_GV_SU2012_SB_08 ID:168 
"<está>"
	"estar" Verb VEfin Pres Indi Sing 3rd lang:es 00:01:16 00:01:16 tt-3746 MF081_1987_GV_SU2012_SB_08 @Gram:SerEstar:Estar ID:169 R:Gram:SerEstar:EstarAux:170 ADD:778 ADDRELATION(Gram:SerEstar:EstarAux):794 
"<pasando>"
	"pasar" Verb VLger lang:es 00:01:16 00:01:16 tt-3747 MF081_1987_GV_SU2012_SB_08 ID:170 
"<$.>"
	"." Punctuation FS lang:es 00:01:16 00:01:16 tt-3748 MF081_1987_GV_SU2012_SB_08 
</speaker>
<speaker type="int">

"<$¿>"
	"¿" Punctuation FS lang:es 00:01:16 00:01:22 tt-3749 MF081_1987_GV_SU2012_SB_08 
"<Y>"
	"y" Conjunction CC lang:es 00:01:16 00:01:22 tt-3750 MF081_1987_GV_SU2012_SB_08 
"<cómo>"
	"cómo" Adverb ADV lang:es 00:01:16 00:01:22 tt-3751 MF081_1987_GV_SU2012_SB_08 
"<...>"
	"..." Punctuation DOTS lang:es 00:01:16 00:01:22 tt-3752 MF081_1987_GV_SU2012_SB_08 
"<usualmente>"
	"usualmente" Adverb ADV lang:es 00:01:16 00:01:22 tt-3753 MF081_1987_GV_SU2012_SB_08 
"<,>"
	"," Punctuation CM lang:es 00:01:16 00:01:22 tt-3754 MF081_1987_GV_SU2012_SB_08 
"<cómo>"
	"cómo" Adverb ADV lang:es 00:01:16 00:01:22 tt-3755 MF081_1987_GV_SU2012_SB_08 
"<se>"
	"se" Other SE lang:es 00:01:16 00:01:22 tt-3756 MF081_1987_GV_SU2012_SB_08 
"<trata>"
	"tratar" Verb VLfin Pres Indi Sing 3rd lang:es 00:01:16 00:01:22 tt-3757 MF081_1987_GV_SU2012_SB_08 
"<la>"
	"el" Determiner ART Singular Fem lang:es 00:01:16 00:01:22 tt-3758 MF081_1987_GV_SU2012_SB_08 @Gram:Det:Art ADD:395 
"<gente>"
	"gente" Noun NC Singular lang:es 00:01:16 00:01:22 tt-3759 MF081_1987_GV_SU2012_SB_08 
"<...>"
	"..." Punctuation DOTS lang:es 00:01:16 00:01:22 tt-3760 MF081_1987_GV_SU2012_SB_08 
"<estando>"
	"estar" Verb VEger Gerund lang:es 00:01:16 00:01:22 tt-3761 MF081_1987_GV_SU2012_SB_08 @Gram:SerEstar:Estar ADD:778 
"<aquí>"
	"aquí" Adverb ADV lang:es 00:01:16 00:01:22 tt-3762 MF081_1987_GV_SU2012_SB_08 
"<,>"
	"," Punctuation CM lang:es 00:01:16 00:01:22 tt-3763 MF081_1987_GV_SU2012_SB_08 
"<cómo>"
	"cómo" Adverb ADV lang:es 00:01:16 00:01:22 tt-3764 MF081_1987_GV_SU2012_SB_08 
"<se>"
	"se" Other SE lang:es 00:01:16 00:01:22 tt-3765 MF081_1987_GV_SU2012_SB_08 
"<tratan>"
	"tratar" Verb VLfin Pres Indi Plural 3rd lang:es 00:01:22 00:01:28 tt-3766 MF081_1987_GV_SU2012_SB_08 
"<a>"
	"a" Preposition PREP lang:es 00:01:22 00:01:28 tt-3767 MF081_1987_GV_SU2012_SB_08 @Gram:Prep ADD:580 
"<la>"
	"el" Determiner ART Singular Fem lang:es 00:01:22 00:01:28 tt-3768 MF081_1987_GV_SU2012_SB_08 @Gram:Det:Art ADD:395 
"<gente>"
	"gente" Noun NC Singular lang:es 00:01:22 00:01:28 tt-3769 MF081_1987_GV_SU2012_SB_08 
"<de>"
	"de" Preposition PREP lang:es 00:01:22 00:01:28 tt-3770 MF081_1987_GV_SU2012_SB_08 @Gram:Prep ADD:580 
"<México>"
	"México" Noun NP Singular lang:es 00:01:22 00:01:28 tt-3771 MF081_1987_GV_SU2012_SB_08 
"<$?>"
	"?" Punctuation FS lang:es 00:01:22 00:01:28 tt-3772 MF081_1987_GV_SU2012_SB_08 

"<Como>"
	"como" Conjunction CSUBX lang:es 00:01:22 00:01:28 tt-3773 MF081_1987_GV_SU2012_SB_08 
"<las>"
	"el" Determiner ART Plural Fem lang:es 00:01:22 00:01:28 tt-3774 MF081_1987_GV_SU2012_SB_08 @Gram:Det:Art ADD:395 
"<...>"
	"..." Punctuation DOTS lang:es 00:01:22 00:01:28 tt-3775 MF081_1987_GV_SU2012_SB_08 
"<las>"
	"el" Determiner ART Plural Fem lang:es 00:01:22 00:01:28 tt-3776 MF081_1987_GV_SU2012_SB_08 @Gram:Det:Art ADD:395 
"<...>"
	"..." Punctuation DOTS lang:es 00:01:22 00:01:28 tt-3777 MF081_1987_GV_SU2012_SB_08 
"<las>"
	"el" Determiner ART Plural Fem lang:es 00:01:22 00:01:28 tt-3778 MF081_1987_GV_SU2012_SB_08 @Gram:Det:Art ADD:395 
"<personas>"
	"persona" Noun NC Plural lang:es 00:01:22 00:01:28 tt-3779 MF081_1987_GV_SU2012_SB_08 
"<que>"
	"que" Conjunction CQUE lang:es 00:01:22 00:01:28 tt-3780 MF081_1987_GV_SU2012_SB_08 
"<vienen>"
	"venir" Verb VLfin Pres Indi Plural 3rd lang:es 00:01:22 00:01:28 tt-3781 MF081_1987_GV_SU2012_SB_08 
"<de>"
	"de" Preposition PREP lang:es 00:01:22 00:01:28 tt-3782 MF081_1987_GV_SU2012_SB_08 @Gram:Prep ADD:580 
"<compras>"
	"comprar" Verb VLfin Pres Indi Sing 2nd lang:es 00:01:22 00:01:28 tt-3783 MF081_1987_GV_SU2012_SB_08 
"<o>"
	"o" Other ALFS lang:es 00:01:22 00:01:28 tt-3784 MF081_1987_GV_SU2012_SB_08 
"<...>"
	"..." Punctuation DOTS lang:es 00:01:22 00:01:28 tt-3785 MF081_1987_GV_SU2012_SB_08 
"<$¿>"
	"¿" Punctuation FS lang:es 00:01:22 00:01:28 tt-3786 MF081_1987_GV_SU2012_SB_08 
"<cuáles>"
	"cuál" Pronoun INT Plural lang:es 00:01:22 00:01:28 tt-3787 MF081_1987_GV_SU2012_SB_08 
"<han>"
	"haber" Verb VHfin Pres Indi Plural 3rd lang:es 00:01:28 00:01:35 tt-3788 MF081_1987_GV_SU2012_SB_08 ID:211 R:Gram:SerEstar:Ser:212 R:Gram:Aux:Haber:212 R:Gram:PerfPerif:212 ADDRELATION():661 ADDRELATION(Gram:SerEstar:Ser):771 
"<sido>"
	"ser" Verb VSadj Participle lang:es 00:01:28 00:01:35 tt-3789 MF081_1987_GV_SU2012_SB_08 ID:212 
"<tus>"
	"UNK" Noun NC Plural lang:es 00:01:28 00:01:35 tt-3790 MF081_1987_GV_SU2012_SB_08 @Gram:Det:Pos ADD:426 
"<experiencias>"
	"experiencia" Noun NC Plural lang:es 00:01:28 00:01:35 tt-3791 MF081_1987_GV_SU2012_SB_08 
"<con>"
	"con" Preposition PREP lang:es 00:01:28 00:01:35 tt-3792 MF081_1987_GV_SU2012_SB_08 @Gram:Prep ADD:580 
"<personas>"
	"persona" Noun NC Plural lang:es 00:01:28 00:01:35 tt-3793 MF081_1987_GV_SU2012_SB_08 
"<que>"
	"que" Conjunction CQUE lang:es 00:01:28 00:01:35 tt-3794 MF081_1987_GV_SU2012_SB_08 
"<vienen>"
	"venir" Verb VLfin Pres Indi Plural 3rd lang:es 00:01:28 00:01:35 tt-3795 MF081_1987_GV_SU2012_SB_08 
"<de>"
	"de" Preposition PREP lang:es 00:01:28 00:01:35 tt-3796 MF081_1987_GV_SU2012_SB_08 @Gram:Prep ADD:580 
"<allá>"
	"allá" Adverb ADV lang:es 00:01:28 00:01:35 tt-3797 MF081_1987_GV_SU2012_SB_08 
"<aquí>"
	"aquí" Adverb ADV lang:es 00:01:28 00:01:35 tt-3798 MF081_1987_GV_SU2012_SB_08 
"<al>"
	"al" Preposition PAL lang:es 00:01:28 00:01:35 tt-3799 MF081_1987_GV_SU2012_SB_08 @Gram:Prep ADD:580 
"<Valle>"
	"Valle" Noun NP Singular lang:es 00:01:28 00:01:35 tt-3800 MF081_1987_GV_SU2012_SB_08 
"<$?>"
	"?" Punctuation FS lang:es 00:01:28 00:01:35 tt-3801 MF081_1987_GV_SU2012_SB_08 
</speaker>
<speaker type="subj">

"<Ah>"
	"ah" Other UH lang:en 00:01:35 00:01:42 tt-3802 MF081_1987_GV_SU2012_SB_08 
"<...>"
	"..." Punctuation DOTS lang:es 00:01:35 00:01:42 tt-3803 MF081_1987_GV_SU2012_SB_08 
"<creo>"
	"crear|creer" Verb VLfin Pres Indi Sing 1st lang:es 00:01:35 00:01:42 tt-3804 MF081_1987_GV_SU2012_SB_08 
"<que>"
	"que" Conjunction CQUE lang:es 00:01:35 00:01:42 tt-3805 MF081_1987_GV_SU2012_SB_08 
"<depende>"
	"depender" Verb VLfin Pres Indi Sing 3rd lang:es 00:01:35 00:01:42 tt-3806 MF081_1987_GV_SU2012_SB_08 
"<mucho>"
	"mucho" Adverb ADV lang:es 00:01:35 00:01:42 tt-3807 MF081_1987_GV_SU2012_SB_08 
"<en>"
	"en" Preposition PREP lang:es 00:01:35 00:01:42 tt-3808 MF081_1987_GV_SU2012_SB_08 @Gram:Prep ADD:580 
"<la>"
	"el" Determiner ART Singular Fem lang:es 00:01:35 00:01:42 tt-3809 MF081_1987_GV_SU2012_SB_08 @Gram:Det:Art ADD:395 
"<personalidad>"
	"personalidad" Noun NC Singular lang:es 00:01:35 00:01:42 tt-3810 MF081_1987_GV_SU2012_SB_08 
"<de>"
	"de" Preposition PREP lang:es 00:01:35 00:01:42 tt-3811 MF081_1987_GV_SU2012_SB_08 @Gram:Prep ADD:580 
"<la>"
	"el" Determiner ART Singular Fem lang:es 00:01:35 00:01:42 tt-3812 MF081_1987_GV_SU2012_SB_08 @Gram:Det:Art ADD:395 
"<gente>"
	"gente" Noun NC Singular lang:es 00:01:35 00:01:42 tt-3813 MF081_1987_GV_SU2012_SB_08 
"<$.>"
	"." Punctuation FS lang:es 00:01:35 00:01:42 tt-3814 MF081_1987_GV_SU2012_SB_08 

"<Sí>"
	"él" Pronoun PPX Singular lang:es 00:01:35 00:01:42 tt-3815 MF081_1987_GV_SU2012_SB_08 
"<...>"
	"..." Punctuation DOTS lang:es 00:01:35 00:01:42 tt-3816 MF081_1987_GV_SU2012_SB_08 
"<sí>"
	"él" Pronoun PPX Singular lang:es 00:01:35 00:01:42 tt-3817 MF081_1987_GV_SU2012_SB_08 
"<viene>"
	"venir" Verb VLfin Pres Indi Sing 3rd lang:es 00:01:35 00:01:42 tt-3818 MF081_1987_GV_SU2012_SB_08 
"<mucha>"
	"mucho" Adjective ADJ Singular lang:es 00:01:35 00:01:42 tt-3819 MF081_1987_GV_SU2012_SB_08 
"<...>"
	"..." Punctuation DOTS lang:es 00:01:35 00:01:42 tt-3820 MF081_1987_GV_SU2012_SB_08 
"<mucho>"
	"mucho" Adverb ADV lang:es 00:01:35 00:01:42 tt-3821 MF081_1987_GV_SU2012_SB_08 
"<...>"
	"..." Punctuation DOTS lang:es 00:01:35 00:01:42 tt-3822 MF081_1987_GV_SU2012_SB_08 
"<muchas>"
	"mucho" Determiner QU lang:es 00:01:44 00:01:51 tt-3823 MF081_1987_GV_SU2012_SB_08 @Gram:Det:CuantIndef ADD:447 
"<personas>"
	"persona" Noun NC Plural lang:es 00:01:44 00:01:51 tt-3824 MF081_1987_GV_SU2012_SB_08 
"<que>"
	"que" Conjunction CQUE lang:es 00:01:44 00:01:51 tt-3825 MF081_1987_GV_SU2012_SB_08 
"<vienen>"
	"venir" Verb VLfin Pres Indi Plural 3rd lang:es 00:01:44 00:01:51 tt-3826 MF081_1987_GV_SU2012_SB_08 
"<a>"
	"a" Preposition PREP lang:es 00:01:44 00:01:51 tt-3827 MF081_1987_GV_SU2012_SB_08 @Gram:Prep ADD:580 
"<...>"
	"..." Punctuation DOTS lang:es 00:01:44 00:01:51 tt-3828 MF081_1987_GV_SU2012_SB_08 
"<de>"
	"de" Preposition PREP lang:es 00:01:44 00:01:51 tt-3829 MF081_1987_GV_SU2012_SB_08 @Gram:Prep ADD:580 
"<negocios>"
	"negocio" Noun NC Plural lang:es 00:01:44 00:01:51 tt-3830 MF081_1987_GV_SU2012_SB_08 
"<o>"
	"o" Conjunction CC lang:es 00:01:44 00:01:51 tt-3831 MF081_1987_GV_SU2012_SB_08 
"<de>"
	"de" Preposition PREP lang:es 00:01:44 00:01:51 tt-3832 MF081_1987_GV_SU2012_SB_08 @Gram:Prep ADD:580 
"<...>"
	"..." Punctuation DOTS lang:es 00:01:44 00:01:51 tt-3833 MF081_1987_GV_SU2012_SB_08 
"<de>"
	"de" Preposition PREP lang:es 00:01:44 00:01:51 tt-3834 MF081_1987_GV_SU2012_SB_08 @Gram:Prep ADD:580 
"<...>"
	"..." Punctuation DOTS lang:es 00:01:44 00:01:51 tt-3835 MF081_1987_GV_SU2012_SB_08 
"<que>"
	"que" Conjunction CQUE lang:es 00:01:44 00:01:51 tt-3836 MF081_1987_GV_SU2012_SB_08 
"<vienen>"
	"venir" Verb VLfin Pres Indi Plural 3rd lang:es 00:01:44 00:01:51 tt-3837 MF081_1987_GV_SU2012_SB_08 
"<de>"
	"de" Preposition PREP lang:es 00:01:44 00:01:51 tt-3838 MF081_1987_GV_SU2012_SB_08 @Gram:Prep ADD:580 
"<visita>"
	"visitar" Verb VLfin Pres Indi Sing 3rd lang:es 00:01:44 00:01:51 tt-3839 MF081_1987_GV_SU2012_SB_08 
"<$.>"
	"." Punctuation FS lang:es 00:01:44 00:01:51 tt-3840 MF081_1987_GV_SU2012_SB_08 

"<Y>"
	"y" Conjunction CC lang:es 00:01:44 00:01:51 tt-3841 MF081_1987_GV_SU2012_SB_08 
"<creo>"
	"crear|creer" Verb VLfin Pres Indi Sing 1st lang:es 00:01:44 00:01:51 tt-3842 MF081_1987_GV_SU2012_SB_08 
"<que>"
	"que" Conjunction CQUE lang:es 00:01:54 00:02:01 tt-3843 MF081_1987_GV_SU2012_SB_08 
"<,>"
	"," Punctuation CM lang:es 00:01:54 00:02:01 tt-3844 MF081_1987_GV_SU2012_SB_08 
"<si>"
	"si" Conjunction CSUBX lang:es 00:01:54 00:02:01 tt-3845 MF081_1987_GV_SU2012_SB_08 
"<,>"
	"," Punctuation CM lang:es 00:01:54 00:02:01 tt-3846 MF081_1987_GV_SU2012_SB_08 
"<es>"
	"ser" Verb VSfin Pres Indi Sing 3rd lang:es 00:01:54 00:02:01 tt-3847 MF081_1987_GV_SU2012_SB_08 @Gram:SerEstar:Ser ADD:769 
"<una>"
	"un" Determiner ART Singular lang:es 00:01:54 00:02:01 tt-3848 MF081_1987_GV_SU2012_SB_08 
"<persona>"
	"persona" Noun NC Singular lang:es 00:01:54 00:02:01 tt-3849 MF081_1987_GV_SU2012_SB_08 
"<que>"
	"que" Conjunction CQUE lang:es 00:01:54 00:02:01 tt-3850 MF081_1987_GV_SU2012_SB_08 
"<se>"
	"se" Other SE lang:es 00:01:54 00:02:01 tt-3851 MF081_1987_GV_SU2012_SB_08 @Gram:Pron:Otros ADD:633 
"<...>"
	"..." Punctuation DOTS lang:es 00:01:54 00:02:01 tt-3852 MF081_1987_GV_SU2012_SB_08 
"<que>"
	"que" Conjunction CQUE lang:es 00:01:54 00:02:01 tt-3853 MF081_1987_GV_SU2012_SB_08 
"<...>"
	"..." Punctuation DOTS lang:es 00:01:54 00:02:01 tt-3854 MF081_1987_GV_SU2012_SB_08 
"<que>"
	"que" Conjunction CQUE lang:es 00:01:54 00:02:01 tt-3855 MF081_1987_GV_SU2012_SB_08 
"<viene>"
	"venir" Verb VLfin Pres Indi Sing 3rd lang:es 00:01:54 00:02:01 tt-3856 MF081_1987_GV_SU2012_SB_08 
"<con>"
	"con" Preposition PREP lang:es 00:01:54 00:02:01 tt-3857 MF081_1987_GV_SU2012_SB_08 @Gram:Prep ADD:580 
"<un>"
	"un" Determiner ART Singular lang:es 00:01:54 00:02:01 tt-3858 MF081_1987_GV_SU2012_SB_08 
"<aire>"
	"aire" Noun NC Singular lang:es 00:01:54 00:02:01 tt-3859 MF081_1987_GV_SU2012_SB_08 
"<elevado>"
	"elevado" Adjective ADJ Singular lang:es 00:01:54 00:02:01 tt-3860 MF081_1987_GV_SU2012_SB_08 
"<,>"
	"," Punctuation CM lang:es 00:01:54 00:02:01 tt-3861 MF081_1987_GV_SU2012_SB_08 
"<si>"
	"si" Conjunction CSUBX lang:es 00:01:54 00:02:01 tt-3862 MF081_1987_GV_SU2012_SB_08 
"<los>"
	"el" Determiner ART Plural Masc lang:es 00:01:54 00:02:01 tt-3863 MF081_1987_GV_SU2012_SB_08 @Gram:Det:Art ADD:395 
"<...>"
	"..." Punctuation DOTS lang:es 00:01:54 00:02:01 tt-3864 MF081_1987_GV_SU2012_SB_08 
"<los>"
	"el" Determiner ART Plural Masc lang:es 00:01:54 00:02:01 tt-3865 MF081_1987_GV_SU2012_SB_08 @Gram:Pron:Objeto ADD:608 
"<vemos>"
	"ver" Verb VLfin Pres Indi Plural 1st lang:es 00:01:54 00:02:01 tt-3866 MF081_1987_GV_SU2012_SB_08 
"<como>"
	"como" Conjunction CSUBX lang:es 00:02:05 00:02:12 tt-3867 MF081_1987_GV_SU2012_SB_08 
"<un>"
	"un" Determiner ART Singular lang:es 00:02:05 00:02:12 tt-3868 MF081_1987_GV_SU2012_SB_08 ID:291 R:Gram:Det:DetCombi:292 ADDRELATION(Gram:Det:DetCombi):453 
"<poquito>"
	"poco" Masc Adjective ADJ Singular lang:es 00:02:05 00:02:12 tt-3869 MF081_1987_GV_SU2012_SB_08 ID:292 SUBSTITUTE:368 
"<de>"
	"de" Preposition PREP lang:es 00:02:05 00:02:12 tt-3870 MF081_1987_GV_SU2012_SB_08 @Gram:Prep ADD:580 
"<...>"
	"..." Punctuation DOTS lang:es 00:02:05 00:02:12 tt-3871 MF081_1987_GV_SU2012_SB_08 
"<de>"
	"de" Preposition PREP lang:es 00:02:05 00:02:12 tt-3872 MF081_1987_GV_SU2012_SB_08 @Gram:Prep ADD:580 
"<desconfianza>"
	"desconfianza" Noun NC Singular lang:es 00:02:05 00:02:12 tt-3873 MF081_1987_GV_SU2012_SB_08 
"<o>"
	"o" Conjunction CC lang:es 00:02:05 00:02:12 tt-3874 MF081_1987_GV_SU2012_SB_08 
"<de>"
	"de" Preposition PREP lang:es 00:02:05 00:02:12 tt-3875 MF081_1987_GV_SU2012_SB_08 @Gram:Prep ADD:580 
"<quizás>"
	"quizás" Adverb ADV lang:es 00:02:05 00:02:12 tt-3876 MF081_1987_GV_SU2012_SB_08 @Prag:MarcadoresDisc:Probabilidad ADD:1103 
"<está>"
	"estar" Verb VEfin Pres Indi Sing 3rd lang:es 00:02:05 00:02:12 tt-3877 MF081_1987_GV_SU2012_SB_08 @Gram:SerEstar:Estar ADD:778 
"<...>"
	"..." Punctuation DOTS lang:es 00:02:05 00:02:12 tt-3878 MF081_1987_GV_SU2012_SB_08 
"<un>"
	"un" Determiner ART Singular lang:es 00:02:05 00:02:12 tt-3879 MF081_1987_GV_SU2012_SB_08 
"<poco>"
	"pocos" Determiner QU lang:es 00:02:05 00:02:12 tt-3880 MF081_1987_GV_SU2012_SB_08 
"<de>"
	"de" Preposition PREP lang:es 00:02:05 00:02:12 tt-3881 MF081_1987_GV_SU2012_SB_08 @Gram:Prep ADD:580 
"<resentimiento>"
	"resentimiento" Noun NC Singular lang:es 00:02:05 00:02:12 tt-3882 MF081_1987_GV_SU2012_SB_08 
"<$.>"
	"." Punctuation FS lang:es 00:02:05 00:02:12 tt-3883 MF081_1987_GV_SU2012_SB_08 

"<Pero>"
	"pero" Conjunction CCAD lang:es 00:02:05 00:02:12 tt-3884 MF081_1987_GV_SU2012_SB_08 @Prag:MarcadoresDisc:Revision ADD:998 
"<si>"
	"si" Conjunction CSUBX lang:es 00:02:14 00:02:21 tt-3885 MF081_1987_GV_SU2012_SB_08 
"<es>"
	"ser" Verb VSfin Pres Indi Sing 3rd lang:es 00:02:14 00:02:21 tt-3886 MF081_1987_GV_SU2012_SB_08 @Gram:SerEstar:Ser ADD:769 
"<una>"
	"un" Determiner ART Singular lang:es 00:02:14 00:02:21 tt-3887 MF081_1987_GV_SU2012_SB_08 
"<persona>"
	"persona" Noun NC Singular lang:es 00:02:14 00:02:21 tt-3888 MF081_1987_GV_SU2012_SB_08 
"<que>"
	"que" Conjunction CQUE lang:es 00:02:14 00:02:21 tt-3889 MF081_1987_GV_SU2012_SB_08 
"<viene>"
	"venir" Verb VLfin Pres Indi Sing 3rd lang:es 00:02:14 00:02:21 tt-3890 MF081_1987_GV_SU2012_SB_08 
"<solamente>"
	"solamente" Adverb ADV lang:es 00:02:14 00:02:21 tt-3891 MF081_1987_GV_SU2012_SB_08 
"<al>"
	"al" Conjunction CSUBI lang:es 00:02:14 00:02:21 tt-3892 MF081_1987_GV_SU2012_SB_08 
"<...>"
	"..." Punctuation DOTS lang:es 00:02:14 00:02:21 tt-3893 MF081_1987_GV_SU2012_SB_08 
"<a>"
	"a" Preposition PREP lang:es 00:02:14 00:02:21 tt-3894 MF081_1987_GV_SU2012_SB_08 @Gram:Prep ADD:580 
"<sus>"
	"suyo" Pronoun PPO Plural lang:es 00:02:14 00:02:21 tt-3895 MF081_1987_GV_SU2012_SB_08 @Gram:Det:Pos ADD:426 
"<asuntos>"
	"asunto" Noun NC Plural lang:es 00:02:14 00:02:21 tt-3896 MF081_1987_GV_SU2012_SB_08 
"<y>"
	"y" Conjunction CC lang:es 00:02:14 00:02:21 tt-3897 MF081_1987_GV_SU2012_SB_08 
"<no>"
	"no" Adverb NEG lang:es 00:02:14 00:02:21 tt-3898 MF081_1987_GV_SU2012_SB_08 
"<...>"
	"..." Punctuation DOTS lang:es 00:02:14 00:02:21 tt-3899 MF081_1987_GV_SU2012_SB_08 
"<no>"
	"no" Adverb NEG lang:es 00:02:14 00:02:21 tt-3900 MF081_1987_GV_SU2012_SB_08 
"<te>"
	"tú" Pronoun PPX Singular lang:es 00:02:14 00:02:21 tt-3901 MF081_1987_GV_SU2012_SB_08 @Gram:Pron:Objeto ADD:614 
"<...>"
	"..." Punctuation DOTS lang:es 00:02:14 00:02:21 tt-3902 MF081_1987_GV_SU2012_SB_08 
"<y>"
	"y" Conjunction CC lang:es 00:02:14 00:02:21 tt-3903 MF081_1987_GV_SU2012_SB_08 
"<viene>"
	"venir" Verb VLfin Pres Indi Sing 3rd lang:es 00:02:14 00:02:21 tt-3904 MF081_1987_GV_SU2012_SB_08 
"<con>"
	"con" Preposition PREP lang:es 00:02:14 00:02:21 tt-3905 MF081_1987_GV_SU2012_SB_08 @Gram:Prep ADD:580 
"<una>"
	"un" Determiner ART Singular lang:es 00:02:24 00:02:29 tt-3906 MF081_1987_GV_SU2012_SB_08 
"<buen>"
	"bueno" Adjective ADJ Singular lang:es 00:02:24 00:02:29 tt-3907 MF081_1987_GV_SU2012_SB_08 
"<actitud>"
	"actitud" Noun NC Singular lang:es 00:02:24 00:02:29 tt-3908 MF081_1987_GV_SU2012_SB_08 
"<,>"
	"," Punctuation CM lang:es 00:02:24 00:02:29 tt-3909 MF081_1987_GV_SU2012_SB_08 
"<después>"
	"después" Adverb ADV lang:es 00:02:24 00:02:29 tt-3910 MF081_1987_GV_SU2012_SB_08 
"<tú>"
	"tú" Pronoun PPX Singular lang:es 00:02:24 00:02:29 tt-3911 MF081_1987_GV_SU2012_SB_08 @Gram:Pron:Sujeto ADD:590 
"<va>"
	"ir" Verb VLfin Pres Indi Sing 3rd lang:es 00:02:24 00:02:29 tt-3912 MF081_1987_GV_SU2012_SB_08 
"<...>"
	"..." Punctuation DOTS lang:es 00:02:24 00:02:29 tt-3913 MF081_1987_GV_SU2012_SB_08 
"<vas>"
	"ir" Verb VLfin Pres Indi Sing 2nd lang:es 00:02:24 00:02:29 tt-3914 MF081_1987_GV_SU2012_SB_08 ID:337 R:Gram:VFut:Perifrasis:339 ADDRELATION(Gram:VFut:Perifrasis):673 
"<a>"
	"a" Preposition PREP lang:es 00:02:24 00:02:29 tt-3915 MF081_1987_GV_SU2012_SB_08 @Gram:Prep ADD:580 
"<responder>"
	"responder" Verb VLinf Infinitive lang:es 00:02:24 00:02:29 tt-3916 MF081_1987_GV_SU2012_SB_08 ID:339 SUBSTITUTE:309 
"<del>"
	"del" Preposition PDEL lang:es 00:02:24 00:02:29 tt-3917 MF081_1987_GV_SU2012_SB_08 @Gram:Prep ADD:580 
"<mismo>"
	"mismo" Adjective ADJ Singular lang:es 00:02:24 00:02:29 tt-3918 MF081_1987_GV_SU2012_SB_08 
"<...>"
	"..." Punctuation DOTS lang:es 00:02:24 00:02:29 tt-3919 MF081_1987_GV_SU2012_SB_08 
"<de>"
	"de" Preposition PREP lang:es 00:02:24 00:02:29 tt-3920 MF081_1987_GV_SU2012_SB_08 @Gram:Prep ADD:580 
"<la>"
	"el" Determiner ART Singular Fem lang:es 00:02:24 00:02:29 tt-3921 MF081_1987_GV_SU2012_SB_08 @Gram:Det:Art ADD:395 
"<misma>"
	"mismo" Adjective ADJ Singular lang:es 00:02:24 00:02:29 tt-3922 MF081_1987_GV_SU2012_SB_08 
"<manera>"
	"manera" Noun NC Singular lang:es 00:02:24 00:02:29 tt-3923 MF081_1987_GV_SU2012_SB_08 
"<$.>"
	"." Punctuation FS lang:es 00:02:24 00:02:29 tt-3924 MF081_1987_GV_SU2012_SB_08 
</speaker>
</text>

