<text id="MF081_1987_GV_SU2012_SB_03">
<speaker type="int">
"<Aha>"
	"aha" Noun NP Singular lang:es 00:00:00 00:00:07 tt-794 MF081_1987_GV_SU2012_SB_03 
"<$.>"
	"." Punctuation FS lang:es 00:00:00 00:00:07 tt-795 MF081_1987_GV_SU2012_SB_03 

"<Mmm>"
	"mmm" Noun NP Singular lang:es 00:00:00 00:00:07 tt-796 MF081_1987_GV_SU2012_SB_03 
"<...>"
	"..." Punctuation DOTS lang:es 00:00:00 00:00:07 tt-797 MF081_1987_GV_SU2012_SB_03 
"<sí>"
	"sí" Adverb ADV lang:es 00:00:00 00:00:07 tt-798 MF081_1987_GV_SU2012_SB_03 
"<,>"
	"," Punctuation CM lang:es 00:00:00 00:00:07 tt-799 MF081_1987_GV_SU2012_SB_03 
"<qué>"
	"qué" Pronoun INT Singular lang:es 00:00:00 00:00:07 tt-800 MF081_1987_GV_SU2012_SB_03 
"<feo>"
	"feo" Adjective ADJ Singular lang:es 00:00:00 00:00:07 tt-801 MF081_1987_GV_SU2012_SB_03 
"<eso>"
	"ese" Determiner DM Singular lang:es 00:00:00 00:00:07 tt-802 MF081_1987_GV_SU2012_SB_03 
"<$.>"
	"." Punctuation FS lang:es 00:00:00 00:00:07 tt-803 MF081_1987_GV_SU2012_SB_03 

"<$¿>"
	"¿" Punctuation FS lang:es 00:00:00 00:00:07 tt-804 MF081_1987_GV_SU2012_SB_03 
"<Y>"
	"y" Conjunction CC lang:es 00:00:00 00:00:07 tt-805 MF081_1987_GV_SU2012_SB_03 
"<ti>"
	"tú" Pronoun PPX Singular lang:es 00:00:00 00:00:07 tt-806 MF081_1987_GV_SU2012_SB_03 
"<,>"
	"," Punctuation CM lang:es 00:00:00 00:00:07 tt-807 MF081_1987_GV_SU2012_SB_03 
"<te>"
	"tú" Pronoun PPX Singular lang:es 00:00:00 00:00:07 tt-808 MF081_1987_GV_SU2012_SB_03 @Gram:Pron:Objeto 
"<consideras>"
	"considerar" Verb VLfin Pres Indi Sing 2nd lang:es 00:00:00 00:00:07 tt-809 MF081_1987_GV_SU2012_SB_03 
"<mexicana>"
	"mexicano" Adjective ADJ Singular lang:es 00:00:00 00:00:07 tt-810 MF081_1987_GV_SU2012_SB_03 
"<,>"
	"," Punctuation CM lang:es 00:00:00 00:00:07 tt-811 MF081_1987_GV_SU2012_SB_03 
"<mexicana-estadounidense>"
	"UNK" Adjective ADJ Singular lang:es 00:00:00 00:00:07 tt-812 MF081_1987_GV_SU2012_SB_03 
"<,>"
	"," Punctuation CM lang:es 00:00:00 00:00:07 tt-813 MF081_1987_GV_SU2012_SB_03 
"<tejana>"
	"UNK" Noun NC Singular lang:es 00:00:00 00:00:07 tt-814 MF081_1987_GV_SU2012_SB_03 
"<,>"
	"," Punctuation CM lang:es 00:00:00 00:00:07 tt-815 MF081_1987_GV_SU2012_SB_03 
"<chicana>"
	"UNK" Noun NC Singular lang:es 00:00:11 00:00:12 tt-816 MF081_1987_GV_SU2012_SB_03 
"<$?>"
	"?" Punctuation FS lang:es 00:00:11 00:00:12 tt-817 MF081_1987_GV_SU2012_SB_03 

"<$¿>"
	"¿" Punctuation FS lang:es 00:00:11 00:00:12 tt-818 MF081_1987_GV_SU2012_SB_03 
"<Cómo>"
	"cómo" Adverb ADV lang:es 00:00:11 00:00:12 tt-819 MF081_1987_GV_SU2012_SB_03 
"<te>"
	"tú" Pronoun PPX Singular lang:es 00:00:11 00:00:12 tt-820 MF081_1987_GV_SU2012_SB_03 @Gram:Pron:Objeto 
"<identifiques>"
	"UNK" Verb VLfin Pres Subj Sing 2nd lang:es 00:00:11 00:00:12 tt-821 MF081_1987_GV_SU2012_SB_03 @Gram:MSub:Pres 
"<$?>"
	"?" Punctuation FS lang:es 00:00:11 00:00:12 tt-822 MF081_1987_GV_SU2012_SB_03 
</speaker>
<speaker type="subj">

"<A>"
	"a" Conjunction CSUBI lang:es 00:00:12 00:00:19 tt-823 MF081_1987_GV_SU2012_SB_03 ID:30 R:Prag:MarcadoresDisc:Revision:32 
"<pesar>"
	"pesar" Conjunction CSUBI lang:es 00:00:12 00:00:19 tt-824 MF081_1987_GV_SU2012_SB_03 
"<de>"
	"de" Conjunction CSUBI lang:es 00:00:12 00:00:19 tt-825 MF081_1987_GV_SU2012_SB_03 ID:32 
"<que>"
	"que" Conjunction CQUE lang:es 00:00:12 00:00:19 tt-826 MF081_1987_GV_SU2012_SB_03 
"<nací>"
	"nacer" Verb VLfin Pret Indi Sing 1st lang:es 00:00:12 00:00:19 tt-827 MF081_1987_GV_SU2012_SB_03 @Gram:Indefinido 
"<en>"
	"en" Preposition PREP lang:es 00:00:12 00:00:19 tt-828 MF081_1987_GV_SU2012_SB_03 @Gram:Prep 
"<México>"
	"México" Noun NP Singular lang:es 00:00:12 00:00:19 tt-829 MF081_1987_GV_SU2012_SB_03 
"<,>"
	"," Punctuation CM lang:es 00:00:12 00:00:19 tt-830 MF081_1987_GV_SU2012_SB_03 
"<me>"
	"yo" Pronoun PPX Singular lang:es 00:00:12 00:00:19 tt-831 MF081_1987_GV_SU2012_SB_03 @Gram:Pron:Objeto 
"<considero>"
	"considerar" Verb VLfin Pres Indi Sing 1st lang:es 00:00:12 00:00:19 tt-832 MF081_1987_GV_SU2012_SB_03 
"<más>"
	"más" Adverb ADV lang:es 00:00:12 00:00:19 tt-833 MF081_1987_GV_SU2012_SB_03 
"<tejana>"
	"UNK" Noun NC Singular lang:es 00:00:12 00:00:19 tt-834 MF081_1987_GV_SU2012_SB_03 
"<que>"
	"que" Conjunction CQUE lang:es 00:00:12 00:00:19 tt-835 MF081_1987_GV_SU2012_SB_03 
"<...>"
	"..." Punctuation DOTS lang:es 00:00:12 00:00:19 tt-836 MF081_1987_GV_SU2012_SB_03 
"<que>"
	"que" Conjunction CQUE lang:es 00:00:12 00:00:19 tt-837 MF081_1987_GV_SU2012_SB_03 
"<mexicana>"
	"mexicano" Noun NC Singular lang:es 00:00:12 00:00:19 tt-838 MF081_1987_GV_SU2012_SB_03 
"<$.>"
	"." Punctuation FS lang:es 00:00:12 00:00:19 tt-839 MF081_1987_GV_SU2012_SB_03 
</speaker>
<speaker type="int">

"<$¿>"
	"¿" Punctuation FS lang:es 00:00:23 00:00:24 tt-840 MF081_1987_GV_SU2012_SB_03 
"<Sí>"
	"él" Pronoun PPX Singular lang:es 00:00:23 00:00:24 tt-841 MF081_1987_GV_SU2012_SB_03 
"<$?>"
	"?" Punctuation FS lang:es 00:00:23 00:00:24 tt-842 MF081_1987_GV_SU2012_SB_03 
</speaker>
<speaker type="subj">

"<Pero>"
	"pero" Conjunction CCAD lang:es 00:00:24 00:00:27 tt-843 MF081_1987_GV_SU2012_SB_03 @Prag:MarcadoresDisc:Revision 
"<aun>"
	"aun" Adverb ADV lang:es 00:00:24 00:00:27 tt-844 MF081_1987_GV_SU2012_SB_03 
"<así>"
	"así" Conjunction CSUBX lang:es 00:00:24 00:00:27 tt-845 MF081_1987_GV_SU2012_SB_03 
"<no>"
	"no" Adverb NEG lang:es 00:00:24 00:00:27 tt-846 MF081_1987_GV_SU2012_SB_03 
"<me>"
	"yo" Pronoun PPX Singular lang:es 00:00:24 00:00:27 tt-847 MF081_1987_GV_SU2012_SB_03 @Gram:Pron:Objeto 
"<olvido>"
	"olvidar" Verb VLfin Pres Indi Sing 1st lang:es 00:00:24 00:00:27 tt-848 MF081_1987_GV_SU2012_SB_03 
"<de>"
	"de" Preposition PREP lang:es 00:00:24 00:00:27 tt-849 MF081_1987_GV_SU2012_SB_03 @Gram:Prep 
"<...>"
	"..." Punctuation DOTS lang:es 00:00:24 00:00:27 tt-850 MF081_1987_GV_SU2012_SB_03 
"<de>"
	"de" Preposition PREP lang:es 00:00:24 00:00:27 tt-851 MF081_1987_GV_SU2012_SB_03 @Gram:Prep 
"<México>"
	"México" Noun NP Singular lang:es 00:00:24 00:00:27 tt-852 MF081_1987_GV_SU2012_SB_03 
"<$.>"
	"." Punctuation FS lang:es 00:00:24 00:00:27 tt-853 MF081_1987_GV_SU2012_SB_03 
</speaker>
<speaker type="int">

"<Aha>"
	"aha" Noun NP Singular lang:es 00:00:27 00:00:33 tt-854 MF081_1987_GV_SU2012_SB_03 
"<$.>"
	"." Punctuation FS lang:es 00:00:27 00:00:33 tt-855 MF081_1987_GV_SU2012_SB_03 

"<$¿>"
	"¿" Punctuation FS lang:es 00:00:27 00:00:33 tt-856 MF081_1987_GV_SU2012_SB_03 
"<Y>"
	"y" Conjunction CC lang:es 00:00:27 00:00:33 tt-857 MF081_1987_GV_SU2012_SB_03 
"<por>"
	"por" Preposition PREP lang:es 00:00:27 00:00:33 tt-858 MF081_1987_GV_SU2012_SB_03 @Gram:Prep:Por 
"<qué>"
	"qué" Adverb ADV lang:es 00:00:27 00:00:33 tt-859 MF081_1987_GV_SU2012_SB_03 
"<...>"
	"..." Punctuation DOTS lang:es 00:00:27 00:00:33 tt-860 MF081_1987_GV_SU2012_SB_03 
"<por>"
	"por" Preposition PREP lang:es 00:00:27 00:00:33 tt-861 MF081_1987_GV_SU2012_SB_03 @Gram:Prep:Por 
"<qué>"
	"qué" Adverb ADV lang:es 00:00:27 00:00:33 tt-862 MF081_1987_GV_SU2012_SB_03 
"<crees>"
	"crear|creer" Verb VLfin Pres Indi Sing 2nd lang:es 00:00:27 00:00:33 tt-863 MF081_1987_GV_SU2012_SB_03 
"<que>"
	"que" Conjunction CQUE lang:es 00:00:27 00:00:33 tt-864 MF081_1987_GV_SU2012_SB_03 
"<te>"
	"tú" Pronoun PPX Singular lang:es 00:00:27 00:00:33 tt-865 MF081_1987_GV_SU2012_SB_03 @Gram:Pron:Objeto 
"<consideres>"
	"UNK" Verb VLfin Pres Subj Sing 2nd lang:es 00:00:27 00:00:33 tt-866 MF081_1987_GV_SU2012_SB_03 @Gram:MSub:Pres 
"<más>"
	"más" Adverb ADV lang:es 00:00:27 00:00:33 tt-867 MF081_1987_GV_SU2012_SB_03 
"<tejana>"
	"UNK" Noun NC Singular lang:es 00:00:27 00:00:33 tt-868 MF081_1987_GV_SU2012_SB_03 
"<por>"
	"por" Preposition PREP lang:es 00:00:27 00:00:33 tt-869 MF081_1987_GV_SU2012_SB_03 @Gram:Prep:Por 
"<...>"
	"..." Punctuation DOTS lang:es 00:00:27 00:00:33 tt-870 MF081_1987_GV_SU2012_SB_03 
"<digo>"
	"decir" Verb VLfin Pres Indi Sing 1st lang:es 00:00:27 00:00:33 tt-871 MF081_1987_GV_SU2012_SB_03 
"<por>"
	"por" Preposition PREP lang:es 00:00:27 00:00:33 tt-872 MF081_1987_GV_SU2012_SB_03 @Gram:Prep:Por ID:79 R:Prag:MarcadoresDisc:Causa:81 
"<pasar>"
	"pasar" Verb VLinf Infinitive lang:es 00:00:33 00:00:37 tt-873 MF081_1987_GV_SU2012_SB_03 
"<tantos>"
	"tanto" Adjective ADJ Plural lang:es 00:00:33 00:00:37 tt-874 MF081_1987_GV_SU2012_SB_03 ID:81 
"<años>"
	"año" Noun NC Plural lang:es 00:00:33 00:00:37 tt-875 MF081_1987_GV_SU2012_SB_03 
"<acá>"
	"acá" Adverb ADV lang:es 00:00:33 00:00:37 tt-876 MF081_1987_GV_SU2012_SB_03 
"<y>"
	"y" Conjunction CC lang:es 00:00:33 00:00:37 tt-877 MF081_1987_GV_SU2012_SB_03 
"<crecer>"
	"crecer" Verb VLinf Infinitive lang:es 00:00:33 00:00:37 tt-878 MF081_1987_GV_SU2012_SB_03 
"<aquí>"
	"aquí" Adverb ADV lang:es 00:00:33 00:00:37 tt-879 MF081_1987_GV_SU2012_SB_03 
"<y>"
	"y" Other ALFS lang:es 00:00:33 00:00:37 tt-880 MF081_1987_GV_SU2012_SB_03 
"<...>"
	"..." Punctuation DOTS lang:es 00:00:33 00:00:37 tt-881 MF081_1987_GV_SU2012_SB_03 
"<$?>"
	"?" Punctuation FS lang:es 00:00:33 00:00:37 tt-882 MF081_1987_GV_SU2012_SB_03 

"<Porque>"
	"porque" Conjunction CSUBX lang:es 00:00:37 00:00:44 tt-883 MF081_1987_GV_SU2012_SB_03 @Prag:MarcadoresDisc:Causa 
"<ya>"
	"ya" Adverb ADV lang:es 00:00:37 00:00:44 tt-884 MF081_1987_GV_SU2012_SB_03 
"<son>"
	"ser" Verb VSfin Pres Indi Plural 3rd lang:es 00:00:37 00:00:44 tt-885 MF081_1987_GV_SU2012_SB_03 @Gram:SerEstar:Ser 
"<...>"
	"..." Punctuation DOTS lang:es 00:00:37 00:00:44 tt-886 MF081_1987_GV_SU2012_SB_03 
"<he>"
	"haber" Verb VHfin Pres Indi Sing 1st lang:es 00:00:37 00:00:44 tt-887 MF081_1987_GV_SU2012_SB_03 ID:94 R:Gram:Aux:Haber:95 R:Gram:PerfPerif:95 
"<pasado>"
	"pasar" Verb VLadj lang:es 00:00:37 00:00:44 tt-888 MF081_1987_GV_SU2012_SB_03 ID:95 
"<más>"
	"más" Adverb ADV lang:es 00:00:37 00:00:44 tt-889 MF081_1987_GV_SU2012_SB_03 
"<de>"
	"de" Preposition PREP lang:es 00:00:37 00:00:44 tt-890 MF081_1987_GV_SU2012_SB_03 @Gram:Prep 
"<la>"
	"el" Determiner ART Singular Fem lang:es 00:00:37 00:00:44 tt-891 MF081_1987_GV_SU2012_SB_03 @Gram:Det:Art 
"<mitad>"
	"mitad" Noun NC Singular lang:es 00:00:37 00:00:44 tt-892 MF081_1987_GV_SU2012_SB_03 
"<de>"
	"de" Preposition PREP lang:es 00:00:37 00:00:44 tt-893 MF081_1987_GV_SU2012_SB_03 @Gram:Prep 
"<mi>"
	"mío" Pronoun PPO Singular lang:es 00:00:37 00:00:44 tt-894 MF081_1987_GV_SU2012_SB_03 @Gram:Det:Pos 
"<vida>"
	"vida" Noun NC Singular lang:es 00:00:37 00:00:44 tt-895 MF081_1987_GV_SU2012_SB_03 
"<aquí>"
	"aquí" Adverb ADV lang:es 00:00:37 00:00:44 tt-896 MF081_1987_GV_SU2012_SB_03 
"<$.>"
	"." Punctuation FS lang:es 00:00:37 00:00:44 tt-897 MF081_1987_GV_SU2012_SB_03 

"<[>"
	"[" Punctuation LP lang:es 00:00:37 00:00:44 tt-898 MF081_1987_GV_SU2012_SB_03 
"<Pausa>"
	"pausa" Noun NC Singular lang:es 00:00:37 00:00:44 tt-899 MF081_1987_GV_SU2012_SB_03 
"<]>"
	"]" Other RP lang:es 00:00:37 00:00:44 tt-900 MF081_1987_GV_SU2012_SB_03 
"<Lo>"
	"el" Determiner ART Singular lang:es 00:00:37 00:00:44 tt-901 MF081_1987_GV_SU2012_SB_03 
"<...>"
	"..." Punctuation DOTS lang:es 00:00:37 00:00:44 tt-902 MF081_1987_GV_SU2012_SB_03 
"<veo>"
	"ver" Verb VLfin Pres Indi Sing 1st lang:es 00:00:37 00:00:44 tt-903 MF081_1987_GV_SU2012_SB_03 
"<mi>"
	"mío" Pronoun PPO Singular lang:es 00:00:47 00:00:54 tt-904 MF081_1987_GV_SU2012_SB_03 @Gram:Det:Pos 
"<forma>"
	"forma" Noun NC Singular lang:es 00:00:47 00:00:54 tt-905 MF081_1987_GV_SU2012_SB_03 
"<de>"
	"de" Preposition PREP lang:es 00:00:47 00:00:54 tt-906 MF081_1987_GV_SU2012_SB_03 @Gram:Prep 
"<hablar>"
	"hablar" Verb VLinf Infinitive lang:es 00:00:47 00:00:54 tt-907 MF081_1987_GV_SU2012_SB_03 
"<,>"
	"," Punctuation CM lang:es 00:00:47 00:00:54 tt-908 MF081_1987_GV_SU2012_SB_03 
"<mi>"
	"mío" Pronoun PPO Singular lang:es 00:00:47 00:00:54 tt-909 MF081_1987_GV_SU2012_SB_03 @Gram:Det:Pos 
"<forma>"
	"forma" Noun NC Singular lang:es 00:00:47 00:00:54 tt-910 MF081_1987_GV_SU2012_SB_03 
"<de>"
	"de" Preposition PREP lang:es 00:00:47 00:00:54 tt-911 MF081_1987_GV_SU2012_SB_03 @Gram:Prep 
"<vestir>"
	"vestir" Verb VLinf Infinitive lang:es 00:00:47 00:00:54 tt-912 MF081_1987_GV_SU2012_SB_03 
"<,>"
	"," Punctuation CM lang:es 00:00:47 00:00:54 tt-913 MF081_1987_GV_SU2012_SB_03 
"<mi>"
	"mío" Pronoun PPO Singular lang:es 00:00:47 00:00:54 tt-914 MF081_1987_GV_SU2012_SB_03 @Gram:Det:Pos 
"<forma>"
	"forma" Noun NC Singular lang:es 00:00:47 00:00:54 tt-915 MF081_1987_GV_SU2012_SB_03 
"<de>"
	"de" Conjunction CSUBI lang:es 00:00:47 00:00:54 tt-916 MF081_1987_GV_SU2012_SB_03 
"<ver>"
	"ver" Verb VLinf Infinitive lang:es 00:00:47 00:00:54 tt-917 MF081_1987_GV_SU2012_SB_03 
"<las>"
	"el" Determiner ART Plural Fem lang:es 00:00:47 00:00:54 tt-918 MF081_1987_GV_SU2012_SB_03 @Gram:Det:Art 
"<cosas>"
	"cosa" Noun NC Plural lang:es 00:00:47 00:00:54 tt-919 MF081_1987_GV_SU2012_SB_03 
"<,>"
	"," Punctuation CM lang:es 00:00:47 00:00:54 tt-920 MF081_1987_GV_SU2012_SB_03 
"<creo>"
	"crear|creer" Verb VLfin Pres Indi Sing 1st lang:es 00:00:47 00:00:54 tt-921 MF081_1987_GV_SU2012_SB_03 
"<que>"
	"que" Conjunction CQUE lang:es 00:00:47 00:00:54 tt-922 MF081_1987_GV_SU2012_SB_03 
"<refleja>"
	"reflejar" Verb VLfin Pres Indi Sing 3rd lang:es 00:00:47 00:00:54 tt-923 MF081_1987_GV_SU2012_SB_03 
"<el>"
	"el" Determiner ART Singular Masc lang:es 00:00:54 00:01:01 tt-924 MF081_1987_GV_SU2012_SB_03 @Gram:Det:Art 
"<que>"
	"que" Conjunction CQUE lang:es 00:00:54 00:01:01 tt-925 MF081_1987_GV_SU2012_SB_03 
"<nací>"
	"nacer" Verb VLfin Pret Indi Sing 1st lang:es 00:00:54 00:01:01 tt-926 MF081_1987_GV_SU2012_SB_03 @Gram:Indefinido 
"<aquí>"
	"aquí" Adverb ADV lang:es 00:00:54 00:01:01 tt-927 MF081_1987_GV_SU2012_SB_03 
"<$.>"
	"." Punctuation FS lang:es 00:00:54 00:01:01 tt-928 MF081_1987_GV_SU2012_SB_03 

"<O>"
	"o" Conjunction CC lang:es 00:00:54 00:01:01 tt-929 MF081_1987_GV_SU2012_SB_03 
"<el>"
	"el" Determiner ART Singular Masc lang:es 00:00:54 00:01:01 tt-930 MF081_1987_GV_SU2012_SB_03 @Gram:Det:Art 
"<que>"
	"que" Conjunction CQUE lang:es 00:00:54 00:01:01 tt-931 MF081_1987_GV_SU2012_SB_03 
"<fui>"
	"ir|ser" Verb VLfin Pret Indi Sing 1st lang:es 00:00:54 00:01:01 tt-932 MF081_1987_GV_SU2012_SB_03 @Gram:Indefinido 
"<criada>"
	"criar" Verb VLadj lang:es 00:00:54 00:01:01 tt-933 MF081_1987_GV_SU2012_SB_03 
"<aquí>"
	"aquí" Adverb ADV lang:es 00:00:54 00:01:01 tt-934 MF081_1987_GV_SU2012_SB_03 
"<$.>"
	"." Punctuation FS lang:es 00:00:54 00:01:01 tt-935 MF081_1987_GV_SU2012_SB_03 

"<Uhm>"
	"UNK" Noun NP Singular lang:es 00:00:54 00:01:01 tt-936 MF081_1987_GV_SU2012_SB_03 
"<...>"
	"..." Punctuation DOTS lang:es 00:00:54 00:01:01 tt-937 MF081_1987_GV_SU2012_SB_03 
"<no>"
	"no" Other PE lang:es 00:00:54 00:01:01 tt-938 MF081_1987_GV_SU2012_SB_03 
"<...>"
	"..." Punctuation DOTS lang:es 00:00:54 00:01:01 tt-939 MF081_1987_GV_SU2012_SB_03 
"<no>"
	"no" Other PE lang:es 00:00:54 00:01:01 tt-940 MF081_1987_GV_SU2012_SB_03 
"<sé>"
	"saber|ser" Verb VLfin Pres Indi Sing 1st lang:es 00:00:54 00:01:01 tt-941 MF081_1987_GV_SU2012_SB_03 
"<tanto>"
	"tanto" Adverb ADV lang:es 00:00:54 00:01:01 tt-942 MF081_1987_GV_SU2012_SB_03 
"<de>"
	"de" Preposition PREP lang:es 00:00:54 00:01:01 tt-943 MF081_1987_GV_SU2012_SB_03 @Gram:Prep 
"<México>"
	"México" Noun NP Singular lang:es 00:00:54 00:01:01 tt-944 MF081_1987_GV_SU2012_SB_03 
"<como>"
	"como" Conjunction CSUBX lang:es 00:00:54 00:01:01 tt-945 MF081_1987_GV_SU2012_SB_03 
"<lo>"
	"el" Determiner ART Singular lang:es 00:00:54 00:01:01 tt-946 MF081_1987_GV_SU2012_SB_03 ID:153 R:Gram:Det:LoAdj:154 
"<que>"
	"que" Conjunction CQUE lang:es 00:00:54 00:01:01 tt-947 MF081_1987_GV_SU2012_SB_03 ID:154 
"<sé>"
	"saber|ser" Verb VLfin Pres Indi Sing 1st lang:es 00:00:54 00:01:01 tt-948 MF081_1987_GV_SU2012_SB_03 
"<de>"
	"de" Preposition PREP lang:es 00:01:04 00:01:06 tt-949 MF081_1987_GV_SU2012_SB_03 @Gram:Prep 
"<...>"
	"..." Punctuation DOTS lang:es 00:01:04 00:01:06 tt-950 MF081_1987_GV_SU2012_SB_03 
"<de>"
	"de" Preposition PREP lang:es 00:01:04 00:01:06 tt-951 MF081_1987_GV_SU2012_SB_03 @Gram:Prep 
"<aquí>"
	"aquí" Adverb ADV lang:es 00:01:04 00:01:06 tt-952 MF081_1987_GV_SU2012_SB_03 
"<$.>"
	"." Punctuation FS lang:es 00:01:04 00:01:06 tt-953 MF081_1987_GV_SU2012_SB_03 

"<Aha>"
	"aha" Noun NP Singular lang:es 00:01:06 00:01:12 tt-954 MF081_1987_GV_SU2012_SB_03 
"<$.>"
	"." Punctuation FS lang:es 00:01:06 00:01:12 tt-955 MF081_1987_GV_SU2012_SB_03 

"<$¿>"
	"¿" Punctuation FS lang:es 00:01:06 00:01:12 tt-956 MF081_1987_GV_SU2012_SB_03 
"<Y>"
	"y" Conjunction CC lang:es 00:01:06 00:01:12 tt-957 MF081_1987_GV_SU2012_SB_03 
"<tus>"
	"UNK" Noun NC Plural lang:es 00:01:06 00:01:12 tt-958 MF081_1987_GV_SU2012_SB_03 @Gram:Det:Pos 
"<estudios>"
	"estudio" Noun NC Plural lang:es 00:01:06 00:01:12 tt-959 MF081_1987_GV_SU2012_SB_03 
"<en>"
	"en" Preposition PREP lang:es 00:01:06 00:01:12 tt-960 MF081_1987_GV_SU2012_SB_03 @Gram:Prep 
"<la>"
	"el" Determiner ART Singular Fem lang:es 00:01:06 00:01:12 tt-961 MF081_1987_GV_SU2012_SB_03 @Gram:Det:Art 
"<escuela>"
	"escuela" Noun NC Singular lang:es 00:01:06 00:01:12 tt-962 MF081_1987_GV_SU2012_SB_03 
"<te>"
	"tú" Pronoun PPX Singular lang:es 00:01:06 00:01:12 tt-963 MF081_1987_GV_SU2012_SB_03 @Gram:Pron:Objeto 
"<ha>"
	"haber" Verb VHfin Pres Indi Sing 3rd lang:es 00:01:06 00:01:12 tt-964 MF081_1987_GV_SU2012_SB_03 ID:171 R:Gram:Aux:Haber:172 R:Gram:PerfPerif:172 
"<ayudado>"
	"ayudar" Verb VLadj lang:es 00:01:06 00:01:12 tt-965 MF081_1987_GV_SU2012_SB_03 ID:172 
"<a>"
	"a" Preposition PREP lang:es 00:01:06 00:01:12 tt-966 MF081_1987_GV_SU2012_SB_03 @Gram:Prep 
"<...>"
	"..." Punctuation DOTS lang:es 00:01:06 00:01:12 tt-967 MF081_1987_GV_SU2012_SB_03 
"<a>"
	"a" Preposition PREP lang:es 00:01:06 00:01:12 tt-968 MF081_1987_GV_SU2012_SB_03 @Gram:Prep 
"<formar>"
	"formar" Verb VLinf Infinitive lang:es 00:01:06 00:01:12 tt-969 MF081_1987_GV_SU2012_SB_03 
"<esa>"
	"ese" Determiner DM Singular lang:es 00:01:06 00:01:12 tt-970 MF081_1987_GV_SU2012_SB_03 
"<identidad>"
	"identidad" Noun NC Singular lang:es 00:01:06 00:01:12 tt-971 MF081_1987_GV_SU2012_SB_03 
"<tejana>"
	"UNK" Noun NC Singular lang:es 00:01:06 00:01:12 tt-972 MF081_1987_GV_SU2012_SB_03 
"<,>"
	"," Punctuation CM lang:es 00:01:06 00:01:12 tt-973 MF081_1987_GV_SU2012_SB_03 
"<tú>"
	"tú" Pronoun PPX Singular lang:es 00:01:12 00:01:13 tt-974 MF081_1987_GV_SU2012_SB_03 @Gram:Pron:Sujeto 
"<crees>"
	"crear|creer" Verb VLfin Pres Indi Sing 2nd lang:es 00:01:12 00:01:13 tt-975 MF081_1987_GV_SU2012_SB_03 
"<$?>"
	"?" Punctuation FS lang:es 00:01:12 00:01:13 tt-976 MF081_1987_GV_SU2012_SB_03 

"<Sí>"
	"sí" Adverb ADV lang:es 00:01:13 00:01:20 tt-977 MF081_1987_GV_SU2012_SB_03 
"<,>"
	"," Punctuation CM lang:es 00:01:13 00:01:20 tt-978 MF081_1987_GV_SU2012_SB_03 
"<porque>"
	"porque" Conjunction CSUBX lang:es 00:01:13 00:01:20 tt-979 MF081_1987_GV_SU2012_SB_03 @Prag:MarcadoresDisc:Causa 
"<lo>"
	"el" Determiner ART Singular lang:es 00:01:13 00:01:20 tt-980 MF081_1987_GV_SU2012_SB_03 ID:187 R:Gram:Det:LoAdj:188 
"<que>"
	"que" Conjunction CQUE lang:es 00:01:13 00:01:20 tt-981 MF081_1987_GV_SU2012_SB_03 ID:188 
"<nos>"
	"nosotros" Pronoun PPX Plural lang:es 00:01:13 00:01:20 tt-982 MF081_1987_GV_SU2012_SB_03 @Gram:Pron:Objeto 
"<enseñaron>"
	"enseñar" Verb VLfin Pret Indi Plural 3rd lang:es 00:01:13 00:01:20 tt-983 MF081_1987_GV_SU2012_SB_03 @Gram:Indefinido 
"<en>"
	"en" Preposition PREP lang:es 00:01:13 00:01:20 tt-984 MF081_1987_GV_SU2012_SB_03 @Gram:Prep 
"<escuela>"
	"escuela" Noun NC Singular lang:es 00:01:13 00:01:20 tt-985 MF081_1987_GV_SU2012_SB_03 
"<fue>"
	"ser" Verb VSfin Pret Indi Sing 3rd lang:es 00:01:13 00:01:20 tt-986 MF081_1987_GV_SU2012_SB_03 @Gram:Indefinido @Gram:SerEstar:Ser 
"<la>"
	"el" Determiner ART Singular Fem lang:es 00:01:13 00:01:20 tt-987 MF081_1987_GV_SU2012_SB_03 @Gram:Det:Art 
"<...>"
	"..." Punctuation DOTS lang:es 00:01:13 00:01:20 tt-988 MF081_1987_GV_SU2012_SB_03 
"<las>"
	"el" Determiner ART Plural Fem lang:es 00:01:13 00:01:20 tt-989 MF081_1987_GV_SU2012_SB_03 @Gram:Det:Art 
"<cosas>"
	"cosa" Noun NC Plural lang:es 00:01:13 00:01:20 tt-990 MF081_1987_GV_SU2012_SB_03 
"<que>"
	"que" Conjunction CQUE lang:es 00:01:13 00:01:20 tt-991 MF081_1987_GV_SU2012_SB_03 
"<necesitábamos>"
	"necesitar" Verb VLfin Imp Indi Plural 1st lang:es 00:01:13 00:01:20 tt-992 MF081_1987_GV_SU2012_SB_03 @Gram:Imperf 
"<saber>"
	"saber" Verb VLinf Infinitive lang:es 00:01:22 00:01:26 tt-993 MF081_1987_GV_SU2012_SB_03 
"<sobre>"
	"sobre" Preposition PREP lang:es 00:01:22 00:01:26 tt-994 MF081_1987_GV_SU2012_SB_03 @Gram:Prep 
"<Estados>"
	"Estados" Noun NP Plural lang:es 00:01:22 00:01:26 tt-995 MF081_1987_GV_SU2012_SB_03 ID:202 R:Vocab:Entities:Geo:203 
"<Unidos>"
	"Unidos" Noun NP Plural lang:es 00:01:22 00:01:26 tt-996 MF081_1987_GV_SU2012_SB_03 ID:203 
"<,>"
	"," Punctuation CM lang:es 00:01:22 00:01:26 tt-997 MF081_1987_GV_SU2012_SB_03 
"<sobre>"
	"sobre" Preposition PREP lang:es 00:01:22 00:01:26 tt-998 MF081_1987_GV_SU2012_SB_03 @Gram:Prep 
"<Tejas>"
	"UNK" Noun NP Plural lang:es 00:01:22 00:01:26 tt-999 MF081_1987_GV_SU2012_SB_03 
"<$.>"
	"." Punctuation FS lang:es 00:01:22 00:01:26 tt-1000 MF081_1987_GV_SU2012_SB_03 

"<Las>"
	"el" Determiner ART Plural Fem lang:es 00:01:22 00:01:26 tt-1001 MF081_1987_GV_SU2012_SB_03 @Gram:Det:Art 
"<cosas>"
	"cosa" Noun NC Plural lang:es 00:01:22 00:01:26 tt-1002 MF081_1987_GV_SU2012_SB_03 
"<que>"
	"que" Conjunction CQUE lang:es 00:01:22 00:01:26 tt-1003 MF081_1987_GV_SU2012_SB_03 
"<necesitábamos>"
	"necesitar" Verb VLfin Imp Indi Plural 1st lang:es 00:01:22 00:01:26 tt-1004 MF081_1987_GV_SU2012_SB_03 @Gram:Imperf 
"<que>"
	"que" Conjunction CQUE lang:es 00:01:22 00:01:26 tt-1005 MF081_1987_GV_SU2012_SB_03 
"<saber>"
	"saber" Verb VLinf Infinitive lang:es 00:01:22 00:01:26 tt-1006 MF081_1987_GV_SU2012_SB_03 
"<para>"
	"para" Preposition PREP lang:es 00:01:22 00:01:26 tt-1007 MF081_1987_GV_SU2012_SB_03 @Gram:Prep:Para 
"<tener>"
	"tener" Verb VLinf Infinitive lang:es 00:01:22 00:01:26 tt-1008 MF081_1987_GV_SU2012_SB_03 
"<un>"
	"un" Determiner ART Singular lang:es 00:01:26 00:01:29 tt-1009 MF081_1987_GV_SU2012_SB_03 
"<futuro>"
	"futuro" Noun NC Singular lang:es 00:01:26 00:01:29 tt-1010 MF081_1987_GV_SU2012_SB_03 
"<en>"
	"en" Preposition PREP lang:es 00:01:26 00:01:29 tt-1011 MF081_1987_GV_SU2012_SB_03 @Gram:Prep 
"<este>"
	"este" Determiner DM Singular lang:es 00:01:26 00:01:29 tt-1012 MF081_1987_GV_SU2012_SB_03 @Gram:Det:Demo 
"<país>"
	"país" Noun NC Plural lang:es 00:01:26 00:01:29 tt-1013 MF081_1987_GV_SU2012_SB_03 
"<,>"
	"," Punctuation CM lang:es 00:01:26 00:01:29 tt-1014 MF081_1987_GV_SU2012_SB_03 
"<y>"
	"y" Conjunction CC lang:es 00:01:26 00:01:29 tt-1015 MF081_1987_GV_SU2012_SB_03 
"<no>"
	"no" Adverb NEG lang:es 00:01:26 00:01:29 tt-1016 MF081_1987_GV_SU2012_SB_03 
"<,>"
	"," Punctuation CM lang:es 00:01:26 00:01:29 tt-1017 MF081_1987_GV_SU2012_SB_03 
"<para>"
	"para" Preposition PREP lang:es 00:01:26 00:01:29 tt-1018 MF081_1987_GV_SU2012_SB_03 @Gram:Prep:Para 
"<tener>"
	"tener" Verb VLinf Infinitive lang:es 00:01:26 00:01:29 tt-1019 MF081_1987_GV_SU2012_SB_03 
"<un>"
	"un" Determiner ART Singular lang:es 00:01:26 00:01:29 tt-1020 MF081_1987_GV_SU2012_SB_03 
"<futuro>"
	"futuro" Noun NC Singular lang:es 00:01:26 00:01:29 tt-1021 MF081_1987_GV_SU2012_SB_03 
"<en>"
	"en" Preposition PREP lang:es 00:01:26 00:01:29 tt-1022 MF081_1987_GV_SU2012_SB_03 @Gram:Prep 
"<México>"
	"México" Noun NP Singular lang:es 00:01:26 00:01:29 tt-1023 MF081_1987_GV_SU2012_SB_03 
"<$.>"
	"." Punctuation FS lang:es 00:01:26 00:01:29 tt-1024 MF081_1987_GV_SU2012_SB_03 

"<Muy>"
	"muy" Adverb ADV lang:es 00:01:29 00:01:36 tt-1025 MF081_1987_GV_SU2012_SB_03 
"<bien>"
	"bien" Adverb ADV lang:es 00:01:29 00:01:36 tt-1026 MF081_1987_GV_SU2012_SB_03 
"<$.>"
	"." Punctuation FS lang:es 00:01:29 00:01:36 tt-1027 MF081_1987_GV_SU2012_SB_03 

"<$¿>"
	"¿" Punctuation FS lang:es 00:01:29 00:01:36 tt-1028 MF081_1987_GV_SU2012_SB_03 
"<Y>"
	"y" Conjunction CC lang:es 00:01:29 00:01:36 tt-1029 MF081_1987_GV_SU2012_SB_03 
"<piensas>"
	"pensar" Verb VLfin Pres Indi Sing 2nd lang:es 00:01:29 00:01:36 tt-1030 MF081_1987_GV_SU2012_SB_03 
"<regresar>"
	"regresar" Verb VLinf Infinitive lang:es 00:01:29 00:01:36 tt-1031 MF081_1987_GV_SU2012_SB_03 
"<...>"
	"..." Punctuation DOTS lang:es 00:01:29 00:01:36 tt-1032 MF081_1987_GV_SU2012_SB_03 
"<regresarías>"
	"UNK" Verb VLfin Cond Indi Sing 2nd lang:es 00:01:29 00:01:36 tt-1033 MF081_1987_GV_SU2012_SB_03 
"<a>"
	"a" Preposition PREP lang:es 00:01:29 00:01:36 tt-1034 MF081_1987_GV_SU2012_SB_03 @Gram:Prep 
"<vivir>"
	"vivir" Verb VLinf Infinitive lang:es 00:01:29 00:01:36 tt-1035 MF081_1987_GV_SU2012_SB_03 
"<en>"
	"en" Preposition PREP lang:es 00:01:29 00:01:36 tt-1036 MF081_1987_GV_SU2012_SB_03 @Gram:Prep 
"<México>"
	"México" Noun NP Singular lang:es 00:01:29 00:01:36 tt-1037 MF081_1987_GV_SU2012_SB_03 
"<un>"
	"un" Determiner ART Singular lang:es 00:01:29 00:01:36 tt-1038 MF081_1987_GV_SU2012_SB_03 
"<par>"
	"par" Noun NC Singular lang:es 00:01:29 00:01:36 tt-1039 MF081_1987_GV_SU2012_SB_03 
"<de>"
	"de" Preposition PREP lang:es 00:01:29 00:01:36 tt-1040 MF081_1987_GV_SU2012_SB_03 @Gram:Prep 
"<años>"
	"año" Noun NC Plural lang:es 00:01:29 00:01:36 tt-1041 MF081_1987_GV_SU2012_SB_03 
"<o>"
	"o" Conjunction CC lang:es 00:01:29 00:01:36 tt-1042 MF081_1987_GV_SU2012_SB_03 
"<crees>"
	"crear|creer" Verb VLfin Pres Indi Sing 2nd lang:es 00:01:29 00:01:36 tt-1043 MF081_1987_GV_SU2012_SB_03 
"<que>"
	"que" Conjunction CQUE lang:es 00:01:38 00:01:41 tt-1044 MF081_1987_GV_SU2012_SB_03 
"<siempre>"
	"siempre" Adverb ADV lang:es 00:01:38 00:01:41 tt-1045 MF081_1987_GV_SU2012_SB_03 
"<vas>"
	"ir" Verb VLfin Pres Indi Sing 2nd lang:es 00:01:38 00:01:41 tt-1046 MF081_1987_GV_SU2012_SB_03 ID:253 R:Gram:VFut:Perifrasis:255 
"<a>"
	"a" Preposition PREP lang:es 00:01:38 00:01:41 tt-1047 MF081_1987_GV_SU2012_SB_03 @Gram:Prep 
"<vivir>"
	"vivir" Verb VLinf Infinitive lang:es 00:01:38 00:01:41 tt-1048 MF081_1987_GV_SU2012_SB_03 ID:255 
"<aquí>"
	"aquí" Adverb ADV lang:es 00:01:38 00:01:41 tt-1049 MF081_1987_GV_SU2012_SB_03 
"<en>"
	"en" Preposition PREP lang:es 00:01:38 00:01:41 tt-1050 MF081_1987_GV_SU2012_SB_03 @Gram:Prep 
"<Estados>"
	"Estados" Noun NP Plural lang:es 00:01:38 00:01:41 tt-1051 MF081_1987_GV_SU2012_SB_03 ID:258 R:Vocab:Entities:Geo:259 
"<Unidos>"
	"Unidos" Noun NP Plural lang:es 00:01:38 00:01:41 tt-1052 MF081_1987_GV_SU2012_SB_03 ID:259 
"<$?>"
	"?" Punctuation FS lang:es 00:01:38 00:01:41 tt-1053 MF081_1987_GV_SU2012_SB_03 
</speaker>
<speaker type="subj">

"<Ehm>"
	"ehm" Noun NP Singular lang:es 00:01:41 00:01:46 tt-1054 MF081_1987_GV_SU2012_SB_03 
"<...>"
	"..." Punctuation DOTS lang:es 00:01:41 00:01:46 tt-1055 MF081_1987_GV_SU2012_SB_03 
"<creo>"
	"crear|creer" Verb VLfin Pres Indi Sing 1st lang:es 00:01:41 00:01:46 tt-1056 MF081_1987_GV_SU2012_SB_03 
"<que>"
	"que" Conjunction CQUE lang:es 00:01:41 00:01:46 tt-1057 MF081_1987_GV_SU2012_SB_03 
"<siempre>"
	"siempre" Adverb ADV lang:es 00:01:41 00:01:46 tt-1058 MF081_1987_GV_SU2012_SB_03 
"<voy>"
	"ir" Verb VLfin Pres Indi Sing 1st lang:es 00:01:41 00:01:46 tt-1059 MF081_1987_GV_SU2012_SB_03 ID:266 R:Gram:VFut:Perifrasis:268 
"<a>"
	"a" Preposition PREP lang:es 00:01:41 00:01:46 tt-1060 MF081_1987_GV_SU2012_SB_03 @Gram:Prep 
"<vivir>"
	"vivir" Verb VLinf Infinitive lang:es 00:01:41 00:01:46 tt-1061 MF081_1987_GV_SU2012_SB_03 ID:268 
"<aquí>"
	"aquí" Adverb ADV lang:es 00:01:41 00:01:46 tt-1062 MF081_1987_GV_SU2012_SB_03 
"<en>"
	"en" Preposition PREP lang:es 00:01:41 00:01:46 tt-1063 MF081_1987_GV_SU2012_SB_03 @Gram:Prep 
"<...>"
	"..." Punctuation DOTS lang:es 00:01:41 00:01:46 tt-1064 MF081_1987_GV_SU2012_SB_03 
"<en>"
	"en" Preposition PREP lang:es 00:01:41 00:01:46 tt-1065 MF081_1987_GV_SU2012_SB_03 @Gram:Prep 
"<Estados>"
	"Estados" Noun NP Plural lang:es 00:01:41 00:01:46 tt-1066 MF081_1987_GV_SU2012_SB_03 ID:273 R:Vocab:Entities:Geo:274 
"<Unidos>"
	"Unidos" Noun NP Plural lang:es 00:01:41 00:01:46 tt-1067 MF081_1987_GV_SU2012_SB_03 ID:274 
"<$.>"
	"." Punctuation FS lang:es 00:01:41 00:01:46 tt-1068 MF081_1987_GV_SU2012_SB_03 
</speaker>
<speaker type="int">

"<$¿>"
	"¿" Punctuation FS lang:es 00:01:46 00:01:50 tt-1069 MF081_1987_GV_SU2012_SB_03 
"<Y>"
	"y" Conjunction CC lang:es 00:01:46 00:01:50 tt-1070 MF081_1987_GV_SU2012_SB_03 
"<en>"
	"en" Preposition PREP lang:es 00:01:46 00:01:50 tt-1071 MF081_1987_GV_SU2012_SB_03 @Gram:Prep 
"<Tejas>"
	"UNK" Noun NP Plural lang:es 00:01:46 00:01:50 tt-1072 MF081_1987_GV_SU2012_SB_03 
"<en>"
	"en" Preposition PREP lang:es 00:01:46 00:01:50 tt-1073 MF081_1987_GV_SU2012_SB_03 @Gram:Prep 
"<particular>"
	"particular" Adverb ADV lang:es 00:01:46 00:01:50 tt-1074 MF081_1987_GV_SU2012_SB_03 
"<o>"
	"o" Conjunction CC lang:es 00:01:46 00:01:50 tt-1075 MF081_1987_GV_SU2012_SB_03 
"<te>"
	"tú" Pronoun PPX Singular lang:es 00:01:46 00:01:50 tt-1076 MF081_1987_GV_SU2012_SB_03 @Gram:Pron:Objeto 
"<mudarías>"
	"UNK" Verb VLfin Cond Indi Sing 2nd lang:es 00:01:46 00:01:50 tt-1077 MF081_1987_GV_SU2012_SB_03 
"<a>"
	"a" Preposition PREP lang:es 00:01:46 00:01:50 tt-1078 MF081_1987_GV_SU2012_SB_03 @Gram:Prep 
"<otro>"
	"otro" Determiner QU lang:es 00:01:46 00:01:50 tt-1079 MF081_1987_GV_SU2012_SB_03 
"<estado>"
	"estado" Noun NC Singular lang:es 00:01:46 00:01:50 tt-1080 MF081_1987_GV_SU2012_SB_03 
"<$?>"
	"?" Punctuation FS lang:es 00:01:46 00:01:50 tt-1081 MF081_1987_GV_SU2012_SB_03 
<lang code="en">

"<Ah>"
	"ah" Other UH lang:en 00:01:50 00:01:57 tt-1082 MF081_1987_GV_SU2012_SB_03 
</lang>
"<...>"
	"..." Punctuation DOTS lang:es 00:01:50 00:01:57 tt-1083 MF081_1987_GV_SU2012_SB_03 
"<me>"
	"yo" Pronoun PPX Singular lang:es 00:01:50 00:01:57 tt-1084 MF081_1987_GV_SU2012_SB_03 @Gram:Pron:Objeto ID:291 R:Gram:Gustar:Propios:292 
"<gustaría>"
	"gustar" Verb VLfin Cond Indi Sing 1st_or_3rd lang:es 00:01:50 00:01:57 tt-1085 MF081_1987_GV_SU2012_SB_03 ID:292 
"<permanecer>"
	"permanecer" Verb VLinf Infinitive lang:es 00:01:50 00:01:57 tt-1086 MF081_1987_GV_SU2012_SB_03 
"<aquí>"
	"aquí" Adverb ADV lang:es 00:01:50 00:01:57 tt-1087 MF081_1987_GV_SU2012_SB_03 
"<en>"
	"en" Preposition PREP lang:es 00:01:50 00:01:57 tt-1088 MF081_1987_GV_SU2012_SB_03 @Gram:Prep 
"<Tejas>"
	"UNK" Noun NP Plural lang:es 00:01:50 00:01:57 tt-1089 MF081_1987_GV_SU2012_SB_03 
"<aunque>"
	"aunque" Conjunction CSUBX lang:es 00:01:50 00:01:57 tt-1090 MF081_1987_GV_SU2012_SB_03 @Prag:MarcadoresDisc:Revision 
"<fuera>"
	"ser" Verb VSfin Past Subj Sing 1st_or_3rd lang:es 00:01:50 00:01:57 tt-1091 MF081_1987_GV_SU2012_SB_03 @Gram:MSub:Pret @Gram:SerEstar:Ser 
"<en>"
	"en" Preposition PREP lang:es 00:01:50 00:01:57 tt-1092 MF081_1987_GV_SU2012_SB_03 @Gram:Prep 
"<otro>"
	"otro" Determiner QU lang:es 00:01:50 00:01:57 tt-1093 MF081_1987_GV_SU2012_SB_03 
"<...>"
	"..." Punctuation DOTS lang:es 00:01:50 00:01:57 tt-1094 MF081_1987_GV_SU2012_SB_03 
"<en>"
	"en" Preposition PREP lang:es 00:01:50 00:01:57 tt-1095 MF081_1987_GV_SU2012_SB_03 @Gram:Prep 
"<otra>"
	"otro" Determiner QU lang:es 00:01:50 00:01:57 tt-1096 MF081_1987_GV_SU2012_SB_03 
"<ciudad>"
	"ciudad" Noun NC Singular lang:es 00:01:50 00:01:57 tt-1097 MF081_1987_GV_SU2012_SB_03 
"<$.>"
	"." Punctuation FS lang:es 00:01:50 00:01:57 tt-1098 MF081_1987_GV_SU2012_SB_03 

"<Pero>"
	"pero" Conjunction CCAD lang:es 00:01:50 00:01:57 tt-1099 MF081_1987_GV_SU2012_SB_03 @Prag:MarcadoresDisc:Revision 
"<,>"
	"," Punctuation CM lang:es 00:01:50 00:01:57 tt-1100 MF081_1987_GV_SU2012_SB_03 
"<si>"
	"si" Conjunction CSUBX lang:es 00:01:58 00:02:03 tt-1101 MF081_1987_GV_SU2012_SB_03 
"<se>"
	"se" Other SE lang:es 00:01:58 00:02:03 tt-1102 MF081_1987_GV_SU2012_SB_03 
"<presentara>"
	"presentar" Verb VLfin Past Subj Sing 1st_or_3rd lang:es 00:01:58 00:02:03 tt-1103 MF081_1987_GV_SU2012_SB_03 @Gram:MSub:Pret 
"<la>"
	"el" Determiner ART Singular Fem lang:es 00:01:58 00:02:03 tt-1104 MF081_1987_GV_SU2012_SB_03 @Gram:Det:Art 
"<oportunidad>"
	"oportunidad" Noun NC Singular lang:es 00:01:58 00:02:03 tt-1105 MF081_1987_GV_SU2012_SB_03 
"<de>"
	"de" Preposition PREP lang:es 00:01:58 00:02:03 tt-1106 MF081_1987_GV_SU2012_SB_03 @Gram:Prep 
"<ir>"
	"ir" Verb VLinf Infinitive lang:es 00:01:58 00:02:03 tt-1107 MF081_1987_GV_SU2012_SB_03 
"<a>"
	"a" Preposition PREP lang:es 00:01:58 00:02:03 tt-1108 MF081_1987_GV_SU2012_SB_03 @Gram:Prep 
"<otro>"
	"otro" Determiner QU lang:es 00:01:58 00:02:03 tt-1109 MF081_1987_GV_SU2012_SB_03 
"<estado>"
	"estado" Noun NC Singular lang:es 00:01:58 00:02:03 tt-1110 MF081_1987_GV_SU2012_SB_03 
"<,>"
	"," Punctuation CM lang:es 00:01:58 00:02:03 tt-1111 MF081_1987_GV_SU2012_SB_03 
"<sí>"
	"sí" Adverb ADV lang:es 00:01:58 00:02:03 tt-1112 MF081_1987_GV_SU2012_SB_03 
"<,>"
	"," Punctuation CM lang:es 00:01:58 00:02:03 tt-1113 MF081_1987_GV_SU2012_SB_03 
"<iría>"
	"ir" Verb VLfin Cond Indi Sing 1st_or_3rd lang:es 00:01:58 00:02:03 tt-1114 MF081_1987_GV_SU2012_SB_03 
"<también>"
	"también" Adverb ADV lang:es 00:01:58 00:02:03 tt-1115 MF081_1987_GV_SU2012_SB_03 @Prag:MarcadoresDisc:Igualdad 
"<$.>"
	"." Punctuation FS lang:es 00:01:58 00:02:03 tt-1116 MF081_1987_GV_SU2012_SB_03 
</speaker>
</text>

