<text id="MF081_1987_GV_SU2012_SB_02">
<speaker type="int">
"<Está>"
	"estar" Verb VEfin Pres Indi Sing 3rd lang:es 00:00:00 00:00:06 tt-363 MF081_1987_GV_SU2012_SB_02 @Gram:SerEstar:Estar 
"<bien>"
	"bien" Adverb ADV lang:es 00:00:00 00:00:06 tt-364 MF081_1987_GV_SU2012_SB_02 
"<$.>"
	"." Punctuation FS lang:es 00:00:00 00:00:06 tt-365 MF081_1987_GV_SU2012_SB_02 

"<$¿>"
	"¿" Punctuation FS lang:es 00:00:00 00:00:06 tt-366 MF081_1987_GV_SU2012_SB_02 
"<Y>"
	"y" Conjunction CC lang:es 00:00:00 00:00:06 tt-367 MF081_1987_GV_SU2012_SB_02 
"<qué>"
	"qué" Pronoun INT Singular lang:es 00:00:00 00:00:06 tt-368 MF081_1987_GV_SU2012_SB_02 
"<tipo>"
	"tipo" Noun NC Singular lang:es 00:00:00 00:00:06 tt-369 MF081_1987_GV_SU2012_SB_02 
"<de>"
	"de" Preposition PREP lang:es 00:00:00 00:00:06 tt-370 MF081_1987_GV_SU2012_SB_02 @Gram:Prep 
"<trabajo>"
	"trabajo" Noun NC Singular lang:es 00:00:00 00:00:06 tt-371 MF081_1987_GV_SU2012_SB_02 
"<hacían>"
	"hacer" Verb VLfin Imp Indi Plural 3rd lang:es 00:00:00 00:00:06 tt-372 MF081_1987_GV_SU2012_SB_02 @Gram:Imperf 
"<tus>"
	"UNK" Noun NC Plural lang:es 00:00:00 00:00:06 tt-373 MF081_1987_GV_SU2012_SB_02 @Gram:Det:Pos 
"<padres>"
	"padre" Noun NC Plural lang:es 00:00:00 00:00:06 tt-374 MF081_1987_GV_SU2012_SB_02 
"<y>"
	"y" Conjunction CC lang:es 00:00:00 00:00:06 tt-375 MF081_1987_GV_SU2012_SB_02 
"<tus>"
	"UNK" Noun NC Plural lang:es 00:00:00 00:00:06 tt-376 MF081_1987_GV_SU2012_SB_02 @Gram:Det:Pos 
"<abuelos>"
	"abuelo" Noun NC Plural lang:es 00:00:00 00:00:06 tt-377 MF081_1987_GV_SU2012_SB_02 
"<allá>"
	"allá" Adverb ADV lang:es 00:00:00 00:00:06 tt-378 MF081_1987_GV_SU2012_SB_02 
"<en>"
	"en" Preposition PREP lang:es 00:00:00 00:00:06 tt-379 MF081_1987_GV_SU2012_SB_02 @Gram:Prep 
"<Reynosa>"
	"Reynosa" Noun NP Singular lang:es 00:00:00 00:00:06 tt-380 MF081_1987_GV_SU2012_SB_02 
"<...>"
	"..." Punctuation DOTS lang:es 00:00:00 00:00:06 tt-381 MF081_1987_GV_SU2012_SB_02 
"<o>"
	"o" Conjunction CC lang:es 00:00:06 00:00:08 tt-382 MF081_1987_GV_SU2012_SB_02 
"<aquí>"
	"aquí" Adverb ADV lang:es 00:00:06 00:00:08 tt-383 MF081_1987_GV_SU2012_SB_02 
"<$?>"
	"?" Punctuation FS lang:es 00:00:06 00:00:08 tt-384 MF081_1987_GV_SU2012_SB_02 
<lang code="en">

"<Okay>"
	"okay" Adjective JJ lang:en 00:00:08 00:00:09 tt-385 MF081_1987_GV_SU2012_SB_02 
</lang>
"<$.>"
	"." Punctuation FS lang:es 00:00:08 00:00:09 tt-386 MF081_1987_GV_SU2012_SB_02 

"<También>"
	"también" Adverb ADV lang:es 00:00:09 00:00:10 tt-387 MF081_1987_GV_SU2012_SB_02 @Prag:MarcadoresDisc:Igualdad 
"<$.>"
	"." Punctuation FS lang:es 00:00:09 00:00:10 tt-388 MF081_1987_GV_SU2012_SB_02 
</speaker>
<speaker type="subj">

"<Mi>"
	"mío" Pronoun PPO Singular lang:es 00:00:10 00:00:17 tt-389 MF081_1987_GV_SU2012_SB_02 @Gram:Det:Pos 
"<papá>"
	"papá" Noun NC Singular lang:es 00:00:10 00:00:17 tt-390 MF081_1987_GV_SU2012_SB_02 
"<siempre>"
	"siempre" Adverb ADV lang:es 00:00:10 00:00:17 tt-391 MF081_1987_GV_SU2012_SB_02 
"<hacía>"
	"hacer" Verb VLfin Imp Indi Sing 1st_or_3rd lang:es 00:00:10 00:00:17 tt-392 MF081_1987_GV_SU2012_SB_02 @Gram:Imperf 
"<trabajos>"
	"trabajo" Noun NC Plural lang:es 00:00:10 00:00:17 tt-393 MF081_1987_GV_SU2012_SB_02 
"<manuales>"
	"manual" Adjective ADJ Plural lang:es 00:00:10 00:00:17 tt-394 MF081_1987_GV_SU2012_SB_02 
"<eh>"
	"eh" Noun NP Singular lang:es 00:00:10 00:00:17 tt-395 MF081_1987_GV_SU2012_SB_02 
"<...>"
	"..." Punctuation DOTS lang:es 00:00:10 00:00:17 tt-396 MF081_1987_GV_SU2012_SB_02 
"<como>"
	"como" Adverb ADV lang:es 00:00:10 00:00:17 tt-397 MF081_1987_GV_SU2012_SB_02 
"<...>"
	"..." Punctuation DOTS lang:es 00:00:10 00:00:17 tt-398 MF081_1987_GV_SU2012_SB_02 
"<eh>"
	"eh" Noun NP Singular lang:es 00:00:10 00:00:17 tt-399 MF081_1987_GV_SU2012_SB_02 
"<...>"
	"..." Punctuation DOTS lang:es 00:00:10 00:00:17 tt-400 MF081_1987_GV_SU2012_SB_02 
"<era>"
	"ser" Verb VEfin Imp Indi Sing 1st_or_3rd lang:es 00:00:10 00:00:17 tt-401 MF081_1987_GV_SU2012_SB_02 @Gram:Imperf @Gram:SerEstar:Ser 
"<...>"
	"..." Punctuation DOTS lang:es 00:00:10 00:00:17 tt-402 MF081_1987_GV_SU2012_SB_02 
"<era>"
	"ser" Verb VEfin Imp Indi Sing 1st_or_3rd lang:es 00:00:10 00:00:17 tt-403 MF081_1987_GV_SU2012_SB_02 @Gram:Imperf @Gram:SerEstar:Ser 
"<...>"
	"..." Punctuation DOTS lang:es 00:00:10 00:00:17 tt-404 MF081_1987_GV_SU2012_SB_02 
"<welding>"
	"UNK" Noun NP Singular lang:es 00:00:10 00:00:17 tt-405 MF081_1987_GV_SU2012_SB_02 
"<$.>"
	"." Punctuation FS lang:es 00:00:10 00:00:17 tt-406 MF081_1987_GV_SU2012_SB_02 
<lang code="en">

"<And>"
	"and" Conjunction CC lang:en 00:00:10 00:00:17 tt-407 MF081_1987_GV_SU2012_SB_02 
</lang>
"<mi>"
	"mío" Pronoun PPO Singular lang:es 00:00:26 00:00:26 tt-408 MF081_1987_GV_SU2012_SB_02 @Gram:Det:Pos 
"<mamá>"
	"mamá" Noun NC Singular lang:es 00:00:26 00:00:26 tt-409 MF081_1987_GV_SU2012_SB_02 
"<no>"
	"no" Adverb NEG lang:es 00:00:26 00:00:26 tt-410 MF081_1987_GV_SU2012_SB_02 
"<trabajaba>"
	"trabajar" Verb VLfin Imp Indi Sing 1st_or_3rd lang:es 00:00:26 00:00:26 tt-411 MF081_1987_GV_SU2012_SB_02 @Gram:Imperf 
"<$.>"
	"." Punctuation FS lang:es 00:00:26 00:00:26 tt-412 MF081_1987_GV_SU2012_SB_02 
</speaker>
<speaker type="int">

"<Okay>"
	"okay" Adjective JJ lang:en 00:00:26 00:00:27 tt-413 MF081_1987_GV_SU2012_SB_02 
"<$.>"
	"." Punctuation FS lang:es 00:00:26 00:00:27 tt-414 MF081_1987_GV_SU2012_SB_02 

"<Era>"
	"ser" Verb VEfin Imp Indi Sing 1st_or_3rd lang:es 00:00:27 00:00:29 tt-415 MF081_1987_GV_SU2012_SB_02 @Gram:Imperf @Gram:SerEstar:Ser 
"<ama>"
	"ama" Noun NC Singular lang:es 00:00:27 00:00:29 tt-416 MF081_1987_GV_SU2012_SB_02 
"<de>"
	"de" Preposition PREP lang:es 00:00:27 00:00:29 tt-417 MF081_1987_GV_SU2012_SB_02 @Gram:Prep 
"<casa>"
	"casa" Noun NC Singular lang:es 00:00:27 00:00:29 tt-418 MF081_1987_GV_SU2012_SB_02 
"<$.>"
	"." Punctuation FS lang:es 00:00:27 00:00:29 tt-419 MF081_1987_GV_SU2012_SB_02 

"<$¿>"
	"¿" Punctuation FS lang:es 00:00:29 00:00:31 tt-420 MF081_1987_GV_SU2012_SB_02 
"<Y>"
	"y" Conjunction CC lang:es 00:00:29 00:00:31 tt-421 MF081_1987_GV_SU2012_SB_02 
"<tus>"
	"UNK" Noun NC Plural lang:es 00:00:29 00:00:31 tt-422 MF081_1987_GV_SU2012_SB_02 @Gram:Det:Pos 
"<abuelos>"
	"abuelo" Noun NC Plural lang:es 00:00:29 00:00:31 tt-423 MF081_1987_GV_SU2012_SB_02 
"<$?>"
	"?" Punctuation FS lang:es 00:00:29 00:00:31 tt-424 MF081_1987_GV_SU2012_SB_02 

"<$¿>"
	"¿" Punctuation FS lang:es 00:00:29 00:00:31 tt-425 MF081_1987_GV_SU2012_SB_02 
"<Te>"
	"tú" Pronoun PPX Singular lang:es 00:00:29 00:00:31 tt-426 MF081_1987_GV_SU2012_SB_02 @Gram:Pron:Objeto 
"<acuerdas>"
	"acordar" Verb VLfin Pres Indi Sing 2nd lang:es 00:00:29 00:00:31 tt-427 MF081_1987_GV_SU2012_SB_02 
"<$?>"
	"?" Punctuation FS lang:es 00:00:29 00:00:31 tt-428 MF081_1987_GV_SU2012_SB_02 
</speaker>
<speaker type="subj">

"<Mis>"
	"mío" Pronoun PPO Plural NP lang:es 00:00:31 00:00:35 tt-429 MF081_1987_GV_SU2012_SB_02 @Gram:Det:Pos 
"<abuelos>"
	"abuelo" Noun NC Plural lang:es 00:00:31 00:00:35 tt-430 MF081_1987_GV_SU2012_SB_02 
"<eran>"
	"ser" Verb VSfin Imp Indi Plural 3rd lang:es 00:00:31 00:00:35 tt-431 MF081_1987_GV_SU2012_SB_02 @Gram:Imperf @Gram:SerEstar:Ser 
"<trabajadores>"
	"trabajador" Noun NC Plural lang:es 00:00:31 00:00:35 tt-432 MF081_1987_GV_SU2012_SB_02 
"<de>"
	"de" Preposition PREP lang:es 00:00:31 00:00:35 tt-433 MF081_1987_GV_SU2012_SB_02 @Gram:Prep 
"<campo>"
	"campo" Noun NC Singular lang:es 00:00:31 00:00:35 tt-434 MF081_1987_GV_SU2012_SB_02 
"<$.>"
	"." Punctuation FS lang:es 00:00:31 00:00:35 tt-435 MF081_1987_GV_SU2012_SB_02 
</speaker>
<speaker type="int">

"<Muy>"
	"muy" Adverb ADV lang:es 00:00:35 00:00:42 tt-436 MF081_1987_GV_SU2012_SB_02 
"<bien>"
	"bien" Adverb ADV lang:es 00:00:35 00:00:42 tt-437 MF081_1987_GV_SU2012_SB_02 
"<$.>"
	"." Punctuation FS lang:es 00:00:35 00:00:42 tt-438 MF081_1987_GV_SU2012_SB_02 

"<$¿>"
	"¿" Punctuation FS lang:es 00:00:35 00:00:42 tt-439 MF081_1987_GV_SU2012_SB_02 
"<Y>"
	"y" Conjunction CC lang:es 00:00:35 00:00:42 tt-440 MF081_1987_GV_SU2012_SB_02 
"<nos>"
	"nosotros" Pronoun PPX Plural lang:es 00:00:35 00:00:42 tt-441 MF081_1987_GV_SU2012_SB_02 @Gram:Pron:Objeto 
"<...>"
	"..." Punctuation DOTS lang:es 00:00:35 00:00:42 tt-442 MF081_1987_GV_SU2012_SB_02 
"<me>"
	"yo" Pronoun PPX Singular lang:es 00:00:35 00:00:42 tt-443 MF081_1987_GV_SU2012_SB_02 @Gram:Pron:Objeto 
"<puedes>"
	"poder" Verb VLfin Pres Indi Sing 2nd lang:es 00:00:35 00:00:42 tt-444 MF081_1987_GV_SU2012_SB_02 
"<contar>"
	"contar" Verb VLinf Infinitive lang:es 00:00:35 00:00:42 tt-445 MF081_1987_GV_SU2012_SB_02 
"<entonces>"
	"entonces" Adverb ADV lang:es 00:00:35 00:00:42 tt-446 MF081_1987_GV_SU2012_SB_02 
"<historias>"
	"historia" Noun NC Plural lang:es 00:00:35 00:00:42 tt-447 MF081_1987_GV_SU2012_SB_02 
"<sobre>"
	"sobre" Preposition PREP lang:es 00:00:35 00:00:42 tt-448 MF081_1987_GV_SU2012_SB_02 @Gram:Prep 
"<las>"
	"el" Determiner ART Plural Fem lang:es 00:00:35 00:00:42 tt-449 MF081_1987_GV_SU2012_SB_02 @Gram:Det:Art 
"<tradiciones>"
	"tradición" Noun NC Plural lang:es 00:00:35 00:00:42 tt-450 MF081_1987_GV_SU2012_SB_02 
"<culturales>"
	"cultural" Adjective ADJ Plural lang:es 00:00:35 00:00:42 tt-451 MF081_1987_GV_SU2012_SB_02 
"<que>"
	"que" Conjunction CQUE lang:es 00:00:42 00:00:47 tt-452 MF081_1987_GV_SU2012_SB_02 
"<celebras>"
	"UNK" Verb VLfin Pres Indi Sing 2nd lang:es 00:00:42 00:00:47 tt-453 MF081_1987_GV_SU2012_SB_02 
"<en>"
	"en" Preposition PREP lang:es 00:00:42 00:00:47 tt-454 MF081_1987_GV_SU2012_SB_02 @Gram:Prep 
"<tu>"
	"tú" Pronoun PPX Singular lang:es 00:00:42 00:00:47 tt-455 MF081_1987_GV_SU2012_SB_02 @Gram:Det:Pos 
"<familia>"
	"familia" Noun NC Singular lang:es 00:00:42 00:00:47 tt-456 MF081_1987_GV_SU2012_SB_02 
"<o>"
	"o" Other ALFS lang:es 00:00:42 00:00:47 tt-457 MF081_1987_GV_SU2012_SB_02 
"<...>"
	"..." Punctuation DOTS lang:es 00:00:42 00:00:47 tt-458 MF081_1987_GV_SU2012_SB_02 
"<$?>"
	"?" Punctuation FS lang:es 00:00:42 00:00:47 tt-459 MF081_1987_GV_SU2012_SB_02 

"<Con>"
	"con" Preposition PREP lang:es 00:00:42 00:00:47 tt-460 MF081_1987_GV_SU2012_SB_02 @Gram:Prep 
"<tus>"
	"UNK" Noun NC Plural lang:es 00:00:42 00:00:47 tt-461 MF081_1987_GV_SU2012_SB_02 
"<amigos>"
	"amigo" Adjective ADJ Plural lang:es 00:00:42 00:00:47 tt-462 MF081_1987_GV_SU2012_SB_02 
"<también>"
	"también" Adverb ADV lang:es 00:00:42 00:00:47 tt-463 MF081_1987_GV_SU2012_SB_02 @Prag:MarcadoresDisc:Igualdad 
"<$.>"
	"." Punctuation FS lang:es 00:00:42 00:00:47 tt-464 MF081_1987_GV_SU2012_SB_02 
</speaker>
<speaker type="subj">

"<Algo>"
	"algo" Determiner QU lang:es 00:00:47 00:00:54 tt-465 MF081_1987_GV_SU2012_SB_02 
"<que>"
	"que" Conjunction CQUE lang:es 00:00:47 00:00:54 tt-466 MF081_1987_GV_SU2012_SB_02 
"<es>"
	"ser" Verb VSfin Pres Indi Sing 3rd lang:es 00:00:47 00:00:54 tt-467 MF081_1987_GV_SU2012_SB_02 @Gram:SerEstar:Ser 
"<...>"
	"..." Punctuation DOTS lang:es 00:00:47 00:00:54 tt-468 MF081_1987_GV_SU2012_SB_02 
"<es>"
	"ser" Verb VSfin Pres Indi Sing 3rd lang:es 00:00:47 00:00:54 tt-469 MF081_1987_GV_SU2012_SB_02 @Gram:SerEstar:Ser 
"<muy>"
	"muy" Adverb ADV lang:es 00:00:47 00:00:54 tt-470 MF081_1987_GV_SU2012_SB_02 
"<diferente>"
	"diferente" Adjective ADJ Singular lang:es 00:00:47 00:00:54 tt-471 MF081_1987_GV_SU2012_SB_02 
"<es>"
	"ser" Verb VSfin Pres Indi Sing 3rd lang:es 00:00:47 00:00:54 tt-472 MF081_1987_GV_SU2012_SB_02 @Gram:SerEstar:Ser 
"<que>"
	"que" Conjunction CQUE lang:es 00:00:47 00:00:54 tt-473 MF081_1987_GV_SU2012_SB_02 
"<en>"
	"en" Preposition PREP lang:es 00:00:47 00:00:54 tt-474 MF081_1987_GV_SU2012_SB_02 @Gram:Prep 
"<mi>"
	"mío" Pronoun PPO Singular lang:es 00:00:47 00:00:54 tt-475 MF081_1987_GV_SU2012_SB_02 @Gram:Det:Pos 
"<familia>"
	"familia" Noun NC Singular lang:es 00:00:47 00:00:54 tt-476 MF081_1987_GV_SU2012_SB_02 
"<siempre>"
	"siempre" Adverb ADV lang:es 00:00:47 00:00:54 tt-477 MF081_1987_GV_SU2012_SB_02 
"<celebramos>"
	"celebrar" Verb VLfin Pres_or_Pret Indi Plural 1st lang:es 00:00:47 00:00:54 tt-478 MF081_1987_GV_SU2012_SB_02 
"<Navidad>"
	"navidad" Noun NC Singular lang:es 00:00:47 00:00:54 tt-479 MF081_1987_GV_SU2012_SB_02 
"<el>"
	"el" Determiner ART Singular Masc lang:es 00:00:57 00:01:04 tt-480 MF081_1987_GV_SU2012_SB_02 @Gram:Det:Art 
"<veinticuatro>"
	"veinticuatro" Determiner CARD Singular lang:es 00:00:57 00:01:04 tt-481 MF081_1987_GV_SU2012_SB_02 
"<...>"
	"..." Punctuation DOTS lang:es 00:00:57 00:01:04 tt-482 MF081_1987_GV_SU2012_SB_02 
"<cuan>"
	"cuan" Adverb ADV lang:es 00:00:57 00:01:04 tt-483 MF081_1987_GV_SU2012_SB_02 
"<...>"
	"..." Punctuation DOTS lang:es 00:00:57 00:01:04 tt-484 MF081_1987_GV_SU2012_SB_02 
"<Noche>"
	"noche" Noun NC Singular lang:es 00:00:57 00:01:04 tt-485 MF081_1987_GV_SU2012_SB_02 
"<Buena>"
	"bueno" Adjective ADJ Singular lang:es 00:00:57 00:01:04 tt-486 MF081_1987_GV_SU2012_SB_02 
"<$.>"
	"." Punctuation FS lang:es 00:00:57 00:01:04 tt-487 MF081_1987_GV_SU2012_SB_02 

"<Y>"
	"y" Conjunction CC lang:es 00:00:57 00:01:04 tt-488 MF081_1987_GV_SU2012_SB_02 
"<ya>"
	"ya" Adverb ADV lang:es 00:00:57 00:01:04 tt-489 MF081_1987_GV_SU2012_SB_02 
"<el>"
	"el" Determiner ART Singular Masc lang:es 00:00:57 00:01:04 tt-490 MF081_1987_GV_SU2012_SB_02 @Gram:Det:Art 
"<veinticinco>"
	"veinticinco" Determiner CARD Singular lang:es 00:00:57 00:01:04 tt-491 MF081_1987_GV_SU2012_SB_02 
"<no>"
	"no" Adverb NEG lang:es 00:00:57 00:01:04 tt-492 MF081_1987_GV_SU2012_SB_02 
"<hacemos>"
	"hacer" Verb VLfin Pres Indi Plural 1st lang:es 00:00:57 00:01:04 tt-493 MF081_1987_GV_SU2012_SB_02 
"<nada>"
	"nada" Determiner QU lang:es 00:00:57 00:01:04 tt-494 MF081_1987_GV_SU2012_SB_02 
"<$.>"
	"." Punctuation FS lang:es 00:00:57 00:01:04 tt-495 MF081_1987_GV_SU2012_SB_02 

"<Y>"
	"y" Conjunction CC lang:es 00:00:57 00:01:04 tt-496 MF081_1987_GV_SU2012_SB_02 
"<aquí>"
	"aquí" Adverb ADV lang:es 00:00:57 00:01:04 tt-497 MF081_1987_GV_SU2012_SB_02 
"<es>"
	"ser" Verb VSfin Pres Indi Sing 3rd lang:es 00:00:57 00:01:04 tt-498 MF081_1987_GV_SU2012_SB_02 @Gram:SerEstar:Ser 
"<...>"
	"..." Punctuation DOTS lang:es 00:00:57 00:01:04 tt-499 MF081_1987_GV_SU2012_SB_02 
"<muy>"
	"muy" Adverb ADV lang:es 00:00:57 00:01:04 tt-500 MF081_1987_GV_SU2012_SB_02 
"<diferente>"
	"diferente" Adjective ADJ Singular lang:es 00:00:57 00:01:04 tt-501 MF081_1987_GV_SU2012_SB_02 
"<aquí>"
	"aquí" Adverb ADV lang:es 00:00:57 00:01:04 tt-502 MF081_1987_GV_SU2012_SB_02 
"<$.>"
	"." Punctuation FS lang:es 00:00:57 00:01:04 tt-503 MF081_1987_GV_SU2012_SB_02 

"<El>"
	"el" Determiner ART Singular Masc lang:es 00:01:05 00:01:07 tt-504 MF081_1987_GV_SU2012_SB_02 @Gram:Det:Art 
"<...>"
	"..." Punctuation DOTS lang:es 00:01:05 00:01:07 tt-505 MF081_1987_GV_SU2012_SB_02 
"<la>"
	"el" Determiner ART Singular Fem lang:es 00:01:05 00:01:07 tt-506 MF081_1987_GV_SU2012_SB_02 @Gram:Det:Art 
"<fecha>"
	"fecha" Noun NC Singular lang:es 00:01:05 00:01:07 tt-507 MF081_1987_GV_SU2012_SB_02 
"<festiva>"
	"festivo" Adjective ADJ Singular lang:es 00:01:05 00:01:07 tt-508 MF081_1987_GV_SU2012_SB_02 
"<es>"
	"ser" Verb VSfin Pres Indi Sing 3rd lang:es 00:01:05 00:01:07 tt-509 MF081_1987_GV_SU2012_SB_02 @Gram:SerEstar:Ser 
"<el>"
	"el" Determiner ART Singular Masc lang:es 00:01:05 00:01:07 tt-510 MF081_1987_GV_SU2012_SB_02 @Gram:Det:Art 
"<veinticinco>"
	"veinticinco" Determiner CARD Singular lang:es 00:01:05 00:01:07 tt-511 MF081_1987_GV_SU2012_SB_02 
"<$.>"
	"." Punctuation FS lang:es 00:01:05 00:01:07 tt-512 MF081_1987_GV_SU2012_SB_02 
</speaker>
<speaker type="int">

"<$¿>"
	"¿" Punctuation FS lang:es 00:01:07 00:01:14 tt-513 MF081_1987_GV_SU2012_SB_02 
"<Y>"
	"y" Conjunction CC lang:es 00:01:07 00:01:14 tt-514 MF081_1987_GV_SU2012_SB_02 
"<aunque>"
	"aunque" Conjunction CSUBX lang:es 00:01:07 00:01:14 tt-515 MF081_1987_GV_SU2012_SB_02 @Prag:MarcadoresDisc:Revision 
"<han>"
	"haber" Verb VHfin Pres Indi Plural 3rd lang:es 00:01:07 00:01:14 tt-516 MF081_1987_GV_SU2012_SB_02 ID:154 R:Gram:Aux:Haber:155 R:Gram:PerfPerif:155 
"<pasado>"
	"pasar" Verb VLadj lang:es 00:01:07 00:01:14 tt-517 MF081_1987_GV_SU2012_SB_02 ID:155 
"<varios>"
	"varios" Determiner QU lang:es 00:01:07 00:01:14 tt-518 MF081_1987_GV_SU2012_SB_02 @Gram:Det:CuantIndef 
"<años>"
	"año" Noun NC Plural lang:es 00:01:07 00:01:14 tt-519 MF081_1987_GV_SU2012_SB_02 
"<acá>"
	"acá" Adverb ADV lang:es 00:01:07 00:01:14 tt-520 MF081_1987_GV_SU2012_SB_02 
"<siguen>"
	"seguir" Verb VLfin Pres Indi Plural 3rd lang:es 00:01:07 00:01:14 tt-521 MF081_1987_GV_SU2012_SB_02 
"<igual>"
	"igual" Adjective ADJ Singular lang:es 00:01:07 00:01:14 tt-522 MF081_1987_GV_SU2012_SB_02 
"<con>"
	"con" Preposition PREP lang:es 00:01:07 00:01:14 tt-523 MF081_1987_GV_SU2012_SB_02 @Gram:Prep 
"<la>"
	"el" Determiner ART Singular Fem lang:es 00:01:07 00:01:14 tt-524 MF081_1987_GV_SU2012_SB_02 @Gram:Det:Art 
"<tradición>"
	"tradición" Noun NC Singular lang:es 00:01:07 00:01:14 tt-525 MF081_1987_GV_SU2012_SB_02 
"<de>"
	"de" Conjunction CSUBI lang:es 00:01:07 00:01:14 tt-526 MF081_1987_GV_SU2012_SB_02 
"<celebrar>"
	"celebrar" Verb VLinf Infinitive lang:es 00:01:07 00:01:14 tt-527 MF081_1987_GV_SU2012_SB_02 
"<la>"
	"el" Determiner ART Singular Fem lang:es 00:01:14 00:01:15 tt-528 MF081_1987_GV_SU2012_SB_02 @Gram:Det:Art 
"<Noche>"
	"noche" Noun NC Singular lang:es 00:01:14 00:01:15 tt-529 MF081_1987_GV_SU2012_SB_02 
"<Buena>"
	"bueno" Adjective ADJ Singular lang:es 00:01:14 00:01:15 tt-530 MF081_1987_GV_SU2012_SB_02 
"<$?>"
	"?" Punctuation FS lang:es 00:01:14 00:01:15 tt-531 MF081_1987_GV_SU2012_SB_02 

"<Sí>"
	"sí" Adverb ADV lang:es 00:01:15 00:01:16 tt-532 MF081_1987_GV_SU2012_SB_02 
"<$.>"
	"." Punctuation FS lang:es 00:01:15 00:01:16 tt-533 MF081_1987_GV_SU2012_SB_02 

"<Muy>"
	"muy" Adverb ADV lang:es 00:01:16 00:01:21 tt-534 MF081_1987_GV_SU2012_SB_02 
"<bien>"
	"bien" Adverb ADV lang:es 00:01:16 00:01:21 tt-535 MF081_1987_GV_SU2012_SB_02 
"<$.>"
	"." Punctuation FS lang:es 00:01:16 00:01:21 tt-536 MF081_1987_GV_SU2012_SB_02 

"<$¿>"
	"¿" Punctuation FS lang:es 00:01:16 00:01:21 tt-537 MF081_1987_GV_SU2012_SB_02 
"<Y>"
	"y" Conjunction CC lang:es 00:01:16 00:01:21 tt-538 MF081_1987_GV_SU2012_SB_02 
"<por>"
	"por" Preposition PREP lang:es 00:01:16 00:01:21 tt-539 MF081_1987_GV_SU2012_SB_02 @Gram:Prep:Por 
"<qué>"
	"qué" Adverb ADV lang:es 00:01:16 00:01:21 tt-540 MF081_1987_GV_SU2012_SB_02 
"<crees>"
	"crear|creer" Verb VLfin Pres Indi Sing 2nd lang:es 00:01:16 00:01:21 tt-541 MF081_1987_GV_SU2012_SB_02 
"<que>"
	"que" Conjunction CQUE lang:es 00:01:16 00:01:21 tt-542 MF081_1987_GV_SU2012_SB_02 
"<...>"
	"..." Punctuation DOTS lang:es 00:01:16 00:01:21 tt-543 MF081_1987_GV_SU2012_SB_02 
"<que>"
	"que" Conjunction CQUE lang:es 00:01:16 00:01:21 tt-544 MF081_1987_GV_SU2012_SB_02 
"<esas>"
	"ese" Determiner DM Plural lang:es 00:01:16 00:01:21 tt-545 MF081_1987_GV_SU2012_SB_02 
"<tradiciones>"
	"tradición" Noun NC Plural lang:es 00:01:16 00:01:21 tt-546 MF081_1987_GV_SU2012_SB_02 
"<y>"
	"y" Conjunction CC lang:es 00:01:16 00:01:21 tt-547 MF081_1987_GV_SU2012_SB_02 
"<la>"
	"el" Determiner ART Singular Fem lang:es 00:01:16 00:01:21 tt-548 MF081_1987_GV_SU2012_SB_02 @Gram:Det:Art 
"<cultura>"
	"cultura" Noun NC Singular lang:es 00:01:16 00:01:21 tt-549 MF081_1987_GV_SU2012_SB_02 
"<y>"
	"y" Conjunction CC lang:es 00:01:16 00:01:21 tt-550 MF081_1987_GV_SU2012_SB_02 
"<todo>"
	"todo" Determiner QU lang:es 00:01:16 00:01:21 tt-551 MF081_1987_GV_SU2012_SB_02 
"<es>"
	"ser" Verb VSfin Pres Indi Sing 3rd lang:es 00:01:16 00:01:21 tt-552 MF081_1987_GV_SU2012_SB_02 @Gram:SerEstar:Ser 
"<tan>"
	"tan" Adverb ADV lang:es 00:01:16 00:01:21 tt-553 MF081_1987_GV_SU2012_SB_02 
"<importante>"
	"importante" Adjective ADJ Singular lang:es 00:01:21 00:01:24 tt-554 MF081_1987_GV_SU2012_SB_02 
"<para>"
	"para" Preposition PREP lang:es 00:01:21 00:01:24 tt-555 MF081_1987_GV_SU2012_SB_02 @Gram:Prep:Para 
"<tu>"
	"tú" Pronoun PPX Singular lang:es 00:01:21 00:01:24 tt-556 MF081_1987_GV_SU2012_SB_02 @Gram:Det:Pos 
"<familia>"
	"familia" Noun NC Singular lang:es 00:01:21 00:01:24 tt-557 MF081_1987_GV_SU2012_SB_02 
"<$?>"
	"?" Punctuation FS lang:es 00:01:21 00:01:24 tt-558 MF081_1987_GV_SU2012_SB_02 

"<Eh>"
	"eh" Noun NP Singular lang:es 00:01:24 00:01:31 tt-559 MF081_1987_GV_SU2012_SB_02 
"<...>"
	"..." Punctuation DOTS lang:es 00:01:24 00:01:31 tt-560 MF081_1987_GV_SU2012_SB_02 
"<porque>"
	"porque" Conjunction CSUBX lang:es 00:01:24 00:01:31 tt-561 MF081_1987_GV_SU2012_SB_02 @Prag:MarcadoresDisc:Causa 
"<nos>"
	"nosotros" Pronoun PPX Plural lang:es 00:01:24 00:01:31 tt-562 MF081_1987_GV_SU2012_SB_02 @Gram:Pron:Objeto 
"<recuerdan>"
	"recordar" Verb VLfin Pres Indi Plural 3rd lang:es 00:01:24 00:01:31 tt-563 MF081_1987_GV_SU2012_SB_02 
"<de>"
	"de" Preposition PREP lang:es 00:01:24 00:01:31 tt-564 MF081_1987_GV_SU2012_SB_02 @Gram:Prep 
"<como>"
	"como" Adverb ADV lang:es 00:01:24 00:01:31 tt-565 MF081_1987_GV_SU2012_SB_02 
"<...>"
	"..." Punctuation DOTS lang:es 00:01:24 00:01:31 tt-566 MF081_1987_GV_SU2012_SB_02 
"<como>"
	"como" Adverb ADV lang:es 00:01:24 00:01:31 tt-567 MF081_1987_GV_SU2012_SB_02 
"<es>"
	"ser" Verb VSfin Pres Indi Sing 3rd lang:es 00:01:24 00:01:31 tt-568 MF081_1987_GV_SU2012_SB_02 @Gram:SerEstar:Ser 
"<nuestra>"
	"UNK" Adjective ADJ Singular lang:es 00:01:24 00:01:31 tt-569 MF081_1987_GV_SU2012_SB_02 
"<familia>"
	"familia" Noun NC Singular lang:es 00:01:24 00:01:31 tt-570 MF081_1987_GV_SU2012_SB_02 
"<,>"
	"," Punctuation CM lang:es 00:01:24 00:01:31 tt-571 MF081_1987_GV_SU2012_SB_02 
"<como>"
	"como" Conjunction CSUBX lang:es 00:01:24 00:01:31 tt-572 MF081_1987_GV_SU2012_SB_02 
"<hacemos>"
	"hacer" Verb VLfin Pres Indi Plural 1st lang:es 00:01:24 00:01:31 tt-573 MF081_1987_GV_SU2012_SB_02 
"<las>"
	"el" Determiner ART Plural Fem lang:es 00:01:24 00:01:31 tt-574 MF081_1987_GV_SU2012_SB_02 @Gram:Det:Art 
"<cosas>"
	"cosa" Noun NC Plural lang:es 00:01:24 00:01:31 tt-575 MF081_1987_GV_SU2012_SB_02 
"<en>"
	"en" Preposition PREP lang:es 00:01:33 00:01:40 tt-576 MF081_1987_GV_SU2012_SB_02 @Gram:Prep 
"<familia>"
	"familia" Noun NC Singular lang:es 00:01:33 00:01:40 tt-577 MF081_1987_GV_SU2012_SB_02 
"<$.>"
	"." Punctuation FS lang:es 00:01:33 00:01:40 tt-578 MF081_1987_GV_SU2012_SB_02 

"<Y>"
	"y" Conjunction CC lang:es 00:01:33 00:01:40 tt-579 MF081_1987_GV_SU2012_SB_02 
"<por>"
	"por" Preposition PREP lang:es 00:01:33 00:01:40 tt-580 MF081_1987_GV_SU2012_SB_02 @Gram:Prep:Por 
"<eso>"
	"ese" Determiner DM Singular lang:es 00:01:33 00:01:40 tt-581 MF081_1987_GV_SU2012_SB_02 @Gram:Det:Demo 
"<creo>"
	"crear|creer" Verb VLfin Pres Indi Sing 1st lang:es 00:01:33 00:01:40 tt-582 MF081_1987_GV_SU2012_SB_02 
"<que>"
	"que" Conjunction CQUE lang:es 00:01:33 00:01:40 tt-583 MF081_1987_GV_SU2012_SB_02 
"<mi>"
	"mío" Pronoun PPO Singular lang:es 00:01:33 00:01:40 tt-584 MF081_1987_GV_SU2012_SB_02 @Gram:Det:Pos 
"<mamá>"
	"mamá" Noun NC Singular lang:es 00:01:33 00:01:40 tt-585 MF081_1987_GV_SU2012_SB_02 
"<ha>"
	"haber" Verb VHfin Pres Indi Sing 3rd lang:es 00:01:33 00:01:40 tt-586 MF081_1987_GV_SU2012_SB_02 ID:224 R:Gram:Aux:Haber:225 R:Gram:PerfPerif:225 
"<intentado>"
	"intentar" Verb VLadj lang:es 00:01:33 00:01:40 tt-587 MF081_1987_GV_SU2012_SB_02 ID:225 
"<preservar>"
	"preservar" Verb VLinf Infinitive lang:es 00:01:33 00:01:40 tt-588 MF081_1987_GV_SU2012_SB_02 
"<esa>"
	"ese" Determiner DM Singular lang:es 00:01:33 00:01:40 tt-589 MF081_1987_GV_SU2012_SB_02 
"<tradición>"
	"tradición" Noun NC Singular lang:es 00:01:33 00:01:40 tt-590 MF081_1987_GV_SU2012_SB_02 
"<$.>"
	"." Punctuation FS lang:es 00:01:33 00:01:40 tt-591 MF081_1987_GV_SU2012_SB_02 

"<$¿>"
	"¿" Punctuation FS lang:es 00:01:41 00:01:48 tt-592 MF081_1987_GV_SU2012_SB_02 
"<Y>"
	"y" Conjunction CC lang:es 00:01:41 00:01:48 tt-593 MF081_1987_GV_SU2012_SB_02 
"<siempre>"
	"siempre" Adverb ADV lang:es 00:01:41 00:01:48 tt-594 MF081_1987_GV_SU2012_SB_02 
"<se>"
	"se" Other SE lang:es 00:01:41 00:01:48 tt-595 MF081_1987_GV_SU2012_SB_02 
"<reúnen>"
	"reunir" Verb VLfin Pres Indi Plural 3rd lang:es 00:01:41 00:01:48 tt-596 MF081_1987_GV_SU2012_SB_02 
"<...>"
	"..." Punctuation DOTS lang:es 00:01:41 00:01:48 tt-597 MF081_1987_GV_SU2012_SB_02 
"<se>"
	"se" Other SE lang:es 00:01:41 00:01:48 tt-598 MF081_1987_GV_SU2012_SB_02 
"<reúnan>"
	"reunir" Verb VLfin Past Subj Plural 3rd lang:es 00:01:41 00:01:48 tt-599 MF081_1987_GV_SU2012_SB_02 @Gram:MSub:Pret 
"<para>"
	"para" Preposition PREP lang:es 00:01:41 00:01:48 tt-600 MF081_1987_GV_SU2012_SB_02 @Gram:Prep:Para 
"<días>"
	"día" Noun NC Plural lang:es 00:01:41 00:01:48 tt-601 MF081_1987_GV_SU2012_SB_02 
"<festivos>"
	"festivo" Adjective ADJ Plural lang:es 00:01:41 00:01:48 tt-602 MF081_1987_GV_SU2012_SB_02 
"<y>"
	"y" Conjunction CC lang:es 00:01:41 00:01:48 tt-603 MF081_1987_GV_SU2012_SB_02 
"<cumpleaños>"
	"cumpleaños" Noun NC Plural lang:es 00:01:41 00:01:48 tt-604 MF081_1987_GV_SU2012_SB_02 
"<y>"
	"y" Conjunction CC lang:es 00:01:41 00:01:48 tt-605 MF081_1987_GV_SU2012_SB_02 
"<...>"
	"..." Punctuation DOTS lang:es 00:01:41 00:01:48 tt-606 MF081_1987_GV_SU2012_SB_02 
"<$?>"
	"?" Punctuation FS lang:es 00:01:41 00:01:48 tt-607 MF081_1987_GV_SU2012_SB_02 

"<Sí>"
	"sí" Adverb ADV lang:es 00:01:48 00:01:50 tt-608 MF081_1987_GV_SU2012_SB_02 
"<$.>"
	"." Punctuation FS lang:es 00:01:48 00:01:50 tt-609 MF081_1987_GV_SU2012_SB_02 

"<Tratamos>"
	"tratar" Verb VLfin Pres_or_Pret Indi Plural 1st lang:es 00:01:48 00:01:50 tt-610 MF081_1987_GV_SU2012_SB_02 
"<de>"
	"de" Conjunction CSUBI lang:es 00:01:48 00:01:50 tt-611 MF081_1987_GV_SU2012_SB_02 
"<hacerlo>"
	"hacerlo" Verb VCLIinf lang:es 00:01:48 00:01:50 tt-612 MF081_1987_GV_SU2012_SB_02 
"<$.>"
	"." Punctuation FS lang:es 00:01:48 00:01:50 tt-613 MF081_1987_GV_SU2012_SB_02 
</speaker>
</text>

