<text id="MF103_1989_CT_SU2012_JH_05">
<speaker type="int">
"<Sí>"
	"sí" Adverb ADV lang:es 00:00:00 00:00:07 tt-601 MF103_1989_CT_SU2012_JH_05 
"<$.>"
	"." Punctuation FS lang:es 00:00:00 00:00:07 tt-602 MF103_1989_CT_SU2012_JH_05 

"<Eh>"
	"eh" Noun NP Singular lang:es 00:00:00 00:00:07 tt-603 MF103_1989_CT_SU2012_JH_05 
"<...>"
	"..." Punctuation DOTS lang:es 00:00:00 00:00:07 tt-604 MF103_1989_CT_SU2012_JH_05 
"<bueno>"
	"bueno" Adjective ADJ Singular lang:es 00:00:00 00:00:07 tt-605 MF103_1989_CT_SU2012_JH_05 
"<...>"
	"..." Punctuation DOTS lang:es 00:00:00 00:00:07 tt-606 MF103_1989_CT_SU2012_JH_05 
"<cuando>"
	"cuando" Conjunction CSUBX lang:es 00:00:00 00:00:07 tt-607 MF103_1989_CT_SU2012_JH_05 
"<conoces>"
	"conocer" Verb VLfin Pres Indi Sing 2nd lang:es 00:00:00 00:00:07 tt-608 MF103_1989_CT_SU2012_JH_05 
"<a>"
	"a" Preposition PREP lang:es 00:00:00 00:00:07 tt-609 MF103_1989_CT_SU2012_JH_05 @Gram:Prep 
"<una>"
	"un" Determiner ART Singular lang:es 00:00:00 00:00:07 tt-610 MF103_1989_CT_SU2012_JH_05 
"<persona>"
	"persona" Noun NC Singular lang:es 00:00:00 00:00:07 tt-611 MF103_1989_CT_SU2012_JH_05 
"<,>"
	"," Punctuation CM lang:es 00:00:00 00:00:07 tt-612 MF103_1989_CT_SU2012_JH_05 
"<latina>"
	"latino" Adjective ADJ Singular lang:es 00:00:00 00:00:07 tt-613 MF103_1989_CT_SU2012_JH_05 
"<o>"
	"o" Conjunction CC lang:es 00:00:00 00:00:07 tt-614 MF103_1989_CT_SU2012_JH_05 
"<hispana>"
	"hispano" Adjective ADJ Singular lang:es 00:00:00 00:00:07 tt-615 MF103_1989_CT_SU2012_JH_05 
"<por>"
	"por" Preposition PREP lang:es 00:00:00 00:00:07 tt-616 MF103_1989_CT_SU2012_JH_05 @Gram:Prep:Por 
"<primera>"
	"primero" Adjective ORD Singular lang:es 00:00:00 00:00:07 tt-617 MF103_1989_CT_SU2012_JH_05 Gram:Adj:Ord 
"<vez>"
	"vez" Noun NC Singular lang:es 00:00:00 00:00:07 tt-618 MF103_1989_CT_SU2012_JH_05 
"<$¿>"
	"¿" Punctuation FS lang:es 00:00:08 00:00:10 tt-619 MF103_1989_CT_SU2012_JH_05 
"<Cómo>"
	"cómo" Adverb ADV lang:es 00:00:08 00:00:10 tt-620 MF103_1989_CT_SU2012_JH_05 
"<sabes>"
	"saber" Verb VLfin Pres Indi Sing 2nd lang:es 00:00:08 00:00:10 tt-621 MF103_1989_CT_SU2012_JH_05 
"<si>"
	"si" Conjunction CSUBX lang:es 00:00:08 00:00:10 tt-622 MF103_1989_CT_SU2012_JH_05 
"<hablar>"
	"hablar" Verb VLinf Infinitive lang:es 00:00:08 00:00:10 tt-623 MF103_1989_CT_SU2012_JH_05 ID:23 R:Vocab:Fraseol:VerbPrep:24 
"<en>"
	"en" Preposition PREP lang:es 00:00:08 00:00:10 tt-624 MF103_1989_CT_SU2012_JH_05 @Gram:Prep ID:24 
"<inglés>"
	"inglés" Noun NC Plural lang:es 00:00:08 00:00:10 tt-625 MF103_1989_CT_SU2012_JH_05 
"<o>"
	"o" Conjunction CC lang:es 00:00:08 00:00:10 tt-626 MF103_1989_CT_SU2012_JH_05 
"<en>"
	"en" Preposition PREP lang:es 00:00:08 00:00:10 tt-627 MF103_1989_CT_SU2012_JH_05 @Gram:Prep 
"<español>"
	"español" Noun NC Singular lang:es 00:00:08 00:00:10 tt-628 MF103_1989_CT_SU2012_JH_05 
"<$?>"
	"?" Punctuation FS lang:es 00:00:08 00:00:10 tt-629 MF103_1989_CT_SU2012_JH_05 
</speaker>
<speaker type="subj">

"<Es>"
	"ser" Verb VSfin Pres Indi Sing 3rd lang:es 00:00:10 00:00:16 tt-630 MF103_1989_CT_SU2012_JH_05 @Gram:SerEstar:Ser 
"<muy>"
	"muy" Adverb ADV lang:es 00:00:10 00:00:16 tt-631 MF103_1989_CT_SU2012_JH_05 
"<...>"
	"..." Punctuation DOTS lang:es 00:00:10 00:00:16 tt-632 MF103_1989_CT_SU2012_JH_05 
"<es>"
	"ser" Verb VSfin Pres Indi Sing 3rd lang:es 00:00:10 00:00:16 tt-633 MF103_1989_CT_SU2012_JH_05 @Gram:SerEstar:Ser 
"<muy>"
	"muy" Adverb ADV lang:es 00:00:10 00:00:16 tt-634 MF103_1989_CT_SU2012_JH_05 
"<complicado>"
	"complicado" Adjective ADJ Singular lang:es 00:00:10 00:00:16 tt-635 MF103_1989_CT_SU2012_JH_05 
"<porque>"
	"porque" Conjunction CSUBX lang:es 00:00:10 00:00:16 tt-636 MF103_1989_CT_SU2012_JH_05 @Prag:MarcadoresDisc:Causa 
"<tengo>"
	"tener" Verb VLfin Pres Indi Sing 1st lang:es 00:00:10 00:00:16 tt-637 MF103_1989_CT_SU2012_JH_05 
"<a>"
	"a" Adverb ADV lang:es 00:00:10 00:00:16 tt-638 MF103_1989_CT_SU2012_JH_05 
"<veces>"
	"veces" Adverb ADV lang:es 00:00:10 00:00:16 tt-639 MF103_1989_CT_SU2012_JH_05 
"<personas>"
	"persona" Noun NC Plural lang:es 00:00:10 00:00:16 tt-640 MF103_1989_CT_SU2012_JH_05 
"<que>"
	"que" Conjunction CQUE lang:es 00:00:10 00:00:16 tt-641 MF103_1989_CT_SU2012_JH_05 
"<vienen>"
	"venir" Verb VLfin Pres Indi Plural 3rd lang:es 00:00:10 00:00:16 tt-642 MF103_1989_CT_SU2012_JH_05 
"<de>"
	"de" Preposition PREP lang:es 00:00:10 00:00:16 tt-643 MF103_1989_CT_SU2012_JH_05 @Gram:Prep 
"<Monterrey>"
	"Monterrey" Noun NP Singular lang:es 00:00:10 00:00:16 tt-644 MF103_1989_CT_SU2012_JH_05 
"<$.>"
	"." Punctuation FS lang:es 00:00:10 00:00:16 tt-645 MF103_1989_CT_SU2012_JH_05 

"<Y>"
	"y" Conjunction CC lang:es 00:00:16 00:00:22 tt-646 MF103_1989_CT_SU2012_JH_05 
"<al>"
	"al" Conjunction CSUBI lang:es 00:00:16 00:00:22 tt-647 MF103_1989_CT_SU2012_JH_05 
"<ver>"
	"ver" Verb VLinf Infinitive lang:es 00:00:16 00:00:22 tt-648 MF103_1989_CT_SU2012_JH_05 
"<a>"
	"a" Preposition PREP lang:es 00:00:16 00:00:22 tt-649 MF103_1989_CT_SU2012_JH_05 @Gram:Prep 
"<las>"
	"el" Determiner ART Plural lang:es 00:00:16 00:00:22 tt-650 MF103_1989_CT_SU2012_JH_05 @Gram:Det:Art 
"<personas>"
	"persona" Noun NC Plural lang:es 00:00:16 00:00:22 tt-651 MF103_1989_CT_SU2012_JH_05 
"<pues>"
	"pues" Conjunction CSUBF lang:es 00:00:16 00:00:22 tt-652 MF103_1989_CT_SU2012_JH_05 
"<te>"
	"tú" Pronoun PPX Singular lang:es 00:00:16 00:00:22 tt-653 MF103_1989_CT_SU2012_JH_05 @Gram:Pron:Objeto 
"<imaginarias>"
	"imaginario" Adjective ADJ Plural lang:es 00:00:16 00:00:22 tt-654 MF103_1989_CT_SU2012_JH_05 
"<que>"
	"que" Conjunction CQUE lang:es 00:00:16 00:00:22 tt-655 MF103_1989_CT_SU2012_JH_05 
"<hablaran>"
	"hablar" Verb VLfin Past Subj Plural 2nd_or_3rd lang:es 00:00:16 00:00:22 tt-656 MF103_1989_CT_SU2012_JH_05 @Gram:MSub:Pret 
"<inglés>"
	"inglés" Noun NC Plural lang:es 00:00:16 00:00:22 tt-657 MF103_1989_CT_SU2012_JH_05 
"<pero>"
	"pero" Conjunction CCAD lang:es 00:00:16 00:00:22 tt-658 MF103_1989_CT_SU2012_JH_05 @Prag:MarcadoresDisc:Revision 
"<a>"
	"a" Adverb ADV lang:es 00:00:16 00:00:22 tt-659 MF103_1989_CT_SU2012_JH_05 
"<veces>"
	"veces" Adverb ADV lang:es 00:00:16 00:00:22 tt-660 MF103_1989_CT_SU2012_JH_05 
"<te>"
	"tú" Pronoun PPX Singular lang:es 00:00:16 00:00:22 tt-661 MF103_1989_CT_SU2012_JH_05 @Gram:Pron:Objeto 
"<...>"
	"..." Punctuation DOTS lang:es 00:00:16 00:00:22 tt-662 MF103_1989_CT_SU2012_JH_05 
"<te>"
	"tú" Pronoun PPX Singular lang:es 00:00:16 00:00:22 tt-663 MF103_1989_CT_SU2012_JH_05 @Gram:Pron:Objeto ID:63 
"<sorprenden>"
	"sorprender" Verb VLfin Pres Indi Plural 3rd lang:es 00:00:22 00:00:26 tt-664 MF103_1989_CT_SU2012_JH_05 ID:64 R:Gram:Gustar:Otros:63 
"<cuando>"
	"cuando" Conjunction CSUBX lang:es 00:00:22 00:00:26 tt-665 MF103_1989_CT_SU2012_JH_05 
"<hablan>"
	"hablar" Verb VLfin Pres Indi Plural 3rd lang:es 00:00:22 00:00:26 tt-666 MF103_1989_CT_SU2012_JH_05 
"<el>"
	"el" Determiner ART Singular lang:es 00:00:22 00:00:26 tt-667 MF103_1989_CT_SU2012_JH_05 @Gram:Det:Art 
"<español>"
	"español" Noun NC Singular lang:es 00:00:22 00:00:26 tt-668 MF103_1989_CT_SU2012_JH_05 
"<$.>"
	"." Punctuation FS lang:es 00:00:22 00:00:26 tt-669 MF103_1989_CT_SU2012_JH_05 

"<Como>"
	"como" Conjunction CSUBX lang:es 00:00:22 00:00:26 tt-670 MF103_1989_CT_SU2012_JH_05 
"<muchas>"
	"mucho" Determiner QU lang:es 00:00:22 00:00:26 tt-671 MF103_1989_CT_SU2012_JH_05 
"<de>"
	"de" Preposition PREP lang:es 00:00:22 00:00:26 tt-672 MF103_1989_CT_SU2012_JH_05 @Gram:Prep 
"<las>"
	"el" Determiner ART Plural lang:es 00:00:22 00:00:26 tt-673 MF103_1989_CT_SU2012_JH_05 @Gram:Det:Art 
"<veces>"
	"vez" Noun NC Plural lang:es 00:00:22 00:00:26 tt-674 MF103_1989_CT_SU2012_JH_05 
"<nos>"
	"nosotros" Pronoun PPX Plural lang:es 00:00:22 00:00:26 tt-675 MF103_1989_CT_SU2012_JH_05 @Gram:Pron:Objeto 
"<vamos>"
	"ir" Verb VLfin Pres Indi Plural 1st lang:es 00:00:22 00:00:26 tt-676 MF103_1989_CT_SU2012_JH_05 
"<cómo>"
	"cómo" Adverb ADV lang:es 00:00:22 00:00:26 tt-677 MF103_1989_CT_SU2012_JH_05 
"<se>"
	"se" Other SE lang:es 00:00:22 00:00:26 tt-678 MF103_1989_CT_SU2012_JH_05 
"<parece>"
	"parecer" Verb VLfin Pres Indi Sing 3rd lang:es 00:00:22 00:00:26 tt-679 MF103_1989_CT_SU2012_JH_05 
"<la>"
	"el" Determiner ART Singular lang:es 00:00:22 00:00:26 tt-680 MF103_1989_CT_SU2012_JH_05 @Gram:Det:Art 
"<gente>"
	"gente" Noun NC Singular lang:es 00:00:26 00:00:30 tt-681 MF103_1989_CT_SU2012_JH_05 
"<pero>"
	"pero" Conjunction CCAD lang:es 00:00:26 00:00:30 tt-682 MF103_1989_CT_SU2012_JH_05 @Prag:MarcadoresDisc:Revision 
"<al>"
	"al" Conjunction CSUBI lang:es 00:00:26 00:00:30 tt-683 MF103_1989_CT_SU2012_JH_05 
"<...>"
	"..." Punctuation DOTS lang:es 00:00:26 00:00:30 tt-684 MF103_1989_CT_SU2012_JH_05 
"<pero>"
	"pero" Conjunction CCAD lang:es 00:00:26 00:00:30 tt-685 MF103_1989_CT_SU2012_JH_05 @Prag:MarcadoresDisc:Revision 
"<te>"
	"tú" Pronoun PPX Singular lang:es 00:00:26 00:00:30 tt-686 MF103_1989_CT_SU2012_JH_05 @Gram:Pron:Objeto 
"<pueden>"
	"poder" Verb VMfin lang:es 00:00:26 00:00:30 tt-687 MF103_1989_CT_SU2012_JH_05 
"<responder>"
	"responder" Verb VLinf Infinitive lang:es 00:00:26 00:00:30 tt-688 MF103_1989_CT_SU2012_JH_05 
"<de>"
	"de" Preposition PREP lang:es 00:00:26 00:00:30 tt-689 MF103_1989_CT_SU2012_JH_05 @Gram:Prep 
"<diferente>"
	"diferente" Adjective ADJ Singular lang:es 00:00:26 00:00:30 tt-690 MF103_1989_CT_SU2012_JH_05 
"<manera>"
	"manera" Noun NC Singular lang:es 00:00:26 00:00:30 tt-691 MF103_1989_CT_SU2012_JH_05 
"<$.>"
	"." Punctuation FS lang:es 00:00:26 00:00:30 tt-692 MF103_1989_CT_SU2012_JH_05 
</speaker>
</text>

