<text id="MF103_1989_CT_SU2012_JH_07">
<speaker type="int">
"<Sí>"
	"sí" Adverb ADV lang:es 00:00:00 00:00:06 tt-950 MF103_1989_CT_SU2012_JH_07 
"<$.>"
	"." Punctuation FS lang:es 00:00:00 00:00:06 tt-951 MF103_1989_CT_SU2012_JH_07 
<lang code="en">

"<Okay>"
	"okay" Adjective JJ lang:en 00:00:00 00:00:06 tt-952 MF103_1989_CT_SU2012_JH_07 
</lang>
"<$.>"
	"." Punctuation FS lang:es 00:00:00 00:00:06 tt-953 MF103_1989_CT_SU2012_JH_07 

"<Muy>"
	"muy" Adverb ADV lang:es 00:00:00 00:00:06 tt-954 MF103_1989_CT_SU2012_JH_07 
"<bien>"
	"bien" Adverb ADV lang:es 00:00:00 00:00:06 tt-955 MF103_1989_CT_SU2012_JH_07 
"<$.>"
	"." Punctuation FS lang:es 00:00:00 00:00:06 tt-956 MF103_1989_CT_SU2012_JH_07 

"<Eh>"
	"eh" Noun NP Singular lang:es 00:00:00 00:00:06 tt-957 MF103_1989_CT_SU2012_JH_07 
"<...>"
	"..." Punctuation DOTS lang:es 00:00:00 00:00:06 tt-958 MF103_1989_CT_SU2012_JH_07 
"<$¿>"
	"¿" Punctuation FS lang:es 00:00:00 00:00:06 tt-959 MF103_1989_CT_SU2012_JH_07 
"<te>"
	"tú" Pronoun PPX Singular lang:es 00:00:00 00:00:06 tt-960 MF103_1989_CT_SU2012_JH_07 @Gram:Pron:Objeto 
"<consideras>"
	"considerar" Verb VLfin Pres Indi Sing 2nd lang:es 00:00:00 00:00:06 tt-961 MF103_1989_CT_SU2012_JH_07 
"<mexicano-estadounidense>"
	"UNK" Adjective ADJ Singular lang:es 00:00:00 00:00:06 tt-962 MF103_1989_CT_SU2012_JH_07 
"<,>"
	"," Punctuation CM lang:es 00:00:00 00:00:06 tt-963 MF103_1989_CT_SU2012_JH_07 
"<mexicano>"
	"mexicano" Adjective ADJ Singular lang:es 00:00:00 00:00:06 tt-964 MF103_1989_CT_SU2012_JH_07 
"<,>"
	"," Punctuation CM lang:es 00:00:00 00:00:06 tt-965 MF103_1989_CT_SU2012_JH_07 
"<tejano>"
	"UNK" Noun NC Singular lang:es 00:00:00 00:00:06 tt-966 MF103_1989_CT_SU2012_JH_07 
"<,>"
	"," Punctuation CM lang:es 00:00:00 00:00:06 tt-967 MF103_1989_CT_SU2012_JH_07 
"<chicano>"
	"UNK" Noun NC Singular lang:es 00:00:06 00:00:07 tt-968 MF103_1989_CT_SU2012_JH_07 
"<$?>"
	"?" Punctuation FS lang:es 00:00:06 00:00:07 tt-969 MF103_1989_CT_SU2012_JH_07 
</speaker>
<speaker type="subj">

"<Mexicano-estadounidense>"
	"UNK" Noun NC Singular lang:es 00:00:07 00:00:08 tt-970 MF103_1989_CT_SU2012_JH_07 
"<$.>"
	"." Punctuation FS lang:es 00:00:07 00:00:08 tt-971 MF103_1989_CT_SU2012_JH_07 
</speaker>
<speaker type="int">

"<$¿>"
	"¿" Punctuation FS lang:es 00:00:08 00:00:14 tt-972 MF103_1989_CT_SU2012_JH_07 
"<Mexicano-estadounidense>"
	"UNK" Adjective ADJ Singular lang:es 00:00:08 00:00:14 tt-973 MF103_1989_CT_SU2012_JH_07 
"<$?>"
	"?" Punctuation FS lang:es 00:00:08 00:00:14 tt-974 MF103_1989_CT_SU2012_JH_07 

"<Eh>"
	"eh" Noun NP Singular lang:es 00:00:08 00:00:14 tt-975 MF103_1989_CT_SU2012_JH_07 
"<...>"
	"..." Punctuation DOTS lang:es 00:00:08 00:00:14 tt-976 MF103_1989_CT_SU2012_JH_07 
"<$¿>"
	"¿" Punctuation FS lang:es 00:00:08 00:00:14 tt-977 MF103_1989_CT_SU2012_JH_07 
"<cuál>"
	"cuál" Pronoun INT Singular lang:es 00:00:08 00:00:14 tt-978 MF103_1989_CT_SU2012_JH_07 
"<es>"
	"ser" Verb VSfin Pres Indi Sing 3rd lang:es 00:00:08 00:00:14 tt-979 MF103_1989_CT_SU2012_JH_07 @Gram:SerEstar:Ser 
"<la>"
	"el" Determiner ART Singular lang:es 00:00:08 00:00:14 tt-980 MF103_1989_CT_SU2012_JH_07 @Gram:Det:Art 
"<importancia>"
	"importancia" Noun NC Singular lang:es 00:00:08 00:00:14 tt-981 MF103_1989_CT_SU2012_JH_07 
"<del>"
	"del" Preposition PDEL lang:es 00:00:08 00:00:14 tt-982 MF103_1989_CT_SU2012_JH_07 @Gram:Prep 
"<español>"
	"español" Noun NC Singular lang:es 00:00:08 00:00:14 tt-983 MF103_1989_CT_SU2012_JH_07 
"<para>"
	"para" Preposition PREP lang:es 00:00:08 00:00:14 tt-984 MF103_1989_CT_SU2012_JH_07 @Gram:Prep:Para 
"<ti>"
	"tú" Pronoun PPX Singular lang:es 00:00:08 00:00:14 tt-985 MF103_1989_CT_SU2012_JH_07 
"<$?>"
	"?" Punctuation FS lang:es 00:00:08 00:00:14 tt-986 MF103_1989_CT_SU2012_JH_07 
</speaker>
<speaker type="subj">

"<Es>"
	"ser" Verb VSfin Pres Indi Sing 3rd lang:es 00:00:14 00:00:21 tt-987 MF103_1989_CT_SU2012_JH_07 @Gram:SerEstar:Ser 
"<mucho>"
	"mucho" Adverb ADV lang:es 00:00:14 00:00:21 tt-988 MF103_1989_CT_SU2012_JH_07 
"<porque>"
	"porque" Conjunction CSUBX lang:es 00:00:14 00:00:21 tt-989 MF103_1989_CT_SU2012_JH_07 @Prag:MarcadoresDisc:Causa 
"<al>"
	"al" Preposition PAL lang:es 00:00:14 00:00:21 tt-990 MF103_1989_CT_SU2012_JH_07 @Gram:Prep 
"<igual>"
	"igual" Adjective ADJ Singular lang:es 00:00:14 00:00:21 tt-991 MF103_1989_CT_SU2012_JH_07 
"<que>"
	"que" Conjunction CQUE lang:es 00:00:14 00:00:21 tt-992 MF103_1989_CT_SU2012_JH_07 
"<el>"
	"el" Determiner ART Singular lang:es 00:00:14 00:00:21 tt-993 MF103_1989_CT_SU2012_JH_07 @Gram:Det:Art 
"<inglés>"
	"inglés" Noun NC Plural lang:es 00:00:14 00:00:21 tt-994 MF103_1989_CT_SU2012_JH_07 
"<con>"
	"con" Preposition PREP lang:es 00:00:14 00:00:21 tt-995 MF103_1989_CT_SU2012_JH_07 @Gram:Prep 
"<el>"
	"el" Determiner ART Singular lang:es 00:00:14 00:00:21 tt-996 MF103_1989_CT_SU2012_JH_07 @Gram:Det:Art 
"<español>"
	"español" Noun NC Singular lang:es 00:00:14 00:00:21 tt-997 MF103_1989_CT_SU2012_JH_07 
"<,>"
	"," Punctuation CM lang:es 00:00:14 00:00:21 tt-998 MF103_1989_CT_SU2012_JH_07 
"<tienes>"
	"tener" Verb VLfin Pres Indi Sing 2nd lang:es 00:00:14 00:00:21 tt-999 MF103_1989_CT_SU2012_JH_07 
"<...>"
	"..." Punctuation DOTS lang:es 00:00:14 00:00:21 tt-1000 MF103_1989_CT_SU2012_JH_07 
"<hay>"
	"haber" Verb VHfin Pres Indi Sing 3rd lang:es 00:00:14 00:00:21 tt-1001 MF103_1989_CT_SU2012_JH_07 @Gram:Haber:Exist 
"<mucho>"
	"mucho" Adverb ADV lang:es 00:00:14 00:00:21 tt-1002 MF103_1989_CT_SU2012_JH_07 
"<que>"
	"que" Conjunction CQUE lang:es 00:00:14 00:00:21 tt-1003 MF103_1989_CT_SU2012_JH_07 
"<ver>"
	"ver" Verb VLinf Infinitive lang:es 00:00:14 00:00:21 tt-1004 MF103_1989_CT_SU2012_JH_07 
"<con>"
	"con" Preposition PREP lang:es 00:00:21 00:00:23 tt-1005 MF103_1989_CT_SU2012_JH_07 @Gram:Prep 
"<el>"
	"el" Determiner ART Singular lang:es 00:00:21 00:00:23 tt-1006 MF103_1989_CT_SU2012_JH_07 @Gram:Det:Art 
"<español>"
	"español" Noun NC Singular lang:es 00:00:21 00:00:23 tt-1007 MF103_1989_CT_SU2012_JH_07 
"<$.>"
	"." Punctuation FS lang:es 00:00:21 00:00:23 tt-1008 MF103_1989_CT_SU2012_JH_07 
</speaker>
<speaker type="int">

"<Aha>"
	"aha" Noun NP Singular lang:es 00:00:23 00:00:27 tt-1009 MF103_1989_CT_SU2012_JH_07 
"<$.>"
	"." Punctuation FS lang:es 00:00:23 00:00:27 tt-1010 MF103_1989_CT_SU2012_JH_07 

"<$¿>"
	"¿" Punctuation FS lang:es 00:00:23 00:00:27 tt-1011 MF103_1989_CT_SU2012_JH_07 
"<Y>"
	"y" Conjunction CC lang:es 00:00:23 00:00:27 tt-1012 MF103_1989_CT_SU2012_JH_07 
"<cuál>"
	"cuál" Pronoun INT Singular lang:es 00:00:23 00:00:27 tt-1013 MF103_1989_CT_SU2012_JH_07 
"<es>"
	"ser" Verb VSfin Pres Indi Sing 3rd lang:es 00:00:23 00:00:27 tt-1014 MF103_1989_CT_SU2012_JH_07 @Gram:SerEstar:Ser 
"<la>"
	"el" Determiner ART Singular lang:es 00:00:23 00:00:27 tt-1015 MF103_1989_CT_SU2012_JH_07 @Gram:Det:Art 
"<importancia>"
	"importancia" Noun NC Singular lang:es 00:00:23 00:00:27 tt-1016 MF103_1989_CT_SU2012_JH_07 
"<de>"
	"de" Conjunction CSUBI lang:es 00:00:23 00:00:27 tt-1017 MF103_1989_CT_SU2012_JH_07 
"<ser>"
	"ser" Verb VLinf VSinf Infinitive lang:es 00:00:23 00:00:27 tt-1018 MF103_1989_CT_SU2012_JH_07 @Gram:SerEstar:Ser 
"<bilingüe>"
	"bilingüe" Adjective ADJ Singular lang:es 00:00:23 00:00:27 tt-1019 MF103_1989_CT_SU2012_JH_07 
"<$?>"
	"?" Punctuation FS lang:es 00:00:23 00:00:27 tt-1020 MF103_1989_CT_SU2012_JH_07 
</speaker>
<speaker type="subj">

"<De>"
	"de" Preposition PREP lang:es 00:00:27 00:00:33 tt-1021 MF103_1989_CT_SU2012_JH_07 @Gram:Prep 
"<que>"
	"que" Conjunction CQUE lang:es 00:00:27 00:00:33 tt-1022 MF103_1989_CT_SU2012_JH_07 
"<en>"
	"en" Preposition PREP lang:es 00:00:27 00:00:33 tt-1023 MF103_1989_CT_SU2012_JH_07 @Gram:Prep 
"<cualquier>"
	"cualquier" Determiner QU lang:es 00:00:27 00:00:33 tt-1024 MF103_1989_CT_SU2012_JH_07 
"<parte>"
	"parte" Noun NC Singular lang:es 00:00:27 00:00:33 tt-1025 MF103_1989_CT_SU2012_JH_07 
"<que>"
	"que" Conjunction CQUE lang:es 00:00:27 00:00:33 tt-1026 MF103_1989_CT_SU2012_JH_07 
"<vayas>"
	"ir" Verb VLfin Pres Subj Sing 2nd lang:es 00:00:27 00:00:33 tt-1027 MF103_1989_CT_SU2012_JH_07 @Gram:MSub:Pres 
"<puedes>"
	"poder" Verb VLfin Pres Indi Sing 2nd lang:es 00:00:27 00:00:33 tt-1028 MF103_1989_CT_SU2012_JH_07 
"<comunicarte>"
	"comunicar" Verb VLinf Pres Subj Sing 1st_or_3rd lang:es 00:00:27 00:00:33 tt-1029 MF103_1989_CT_SU2012_JH_07 @Gram:MSub:Pres 
"<con>"
	"con" Preposition PREP lang:es 00:00:27 00:00:33 tt-1030 MF103_1989_CT_SU2012_JH_07 @Gram:Prep 
"<...>"
	"..." Punctuation DOTS lang:es 00:00:27 00:00:33 tt-1031 MF103_1989_CT_SU2012_JH_07 
"<con>"
	"con" Preposition PREP lang:es 00:00:27 00:00:33 tt-1032 MF103_1989_CT_SU2012_JH_07 @Gram:Prep 
"<las>"
	"el" Determiner ART Plural lang:es 00:00:27 00:00:33 tt-1033 MF103_1989_CT_SU2012_JH_07 @Gram:Det:Art 
"<personas>"
	"persona" Noun NC Plural lang:es 00:00:27 00:00:33 tt-1034 MF103_1989_CT_SU2012_JH_07 
"<$.>"
	"." Punctuation FS lang:es 00:00:27 00:00:33 tt-1035 MF103_1989_CT_SU2012_JH_07 
</speaker>
</text>

