<text id="MF103_1989_CT_SU2012_JH_06">
<speaker type="int">
"<Eh>"
	"eh" Noun NP Singular lang:es 00:00:00 00:00:07 tt-767 MF103_1989_CT_SU2012_JH_06 
"<...>"
	"..." Punctuation DOTS lang:es 00:00:00 00:00:07 tt-768 MF103_1989_CT_SU2012_JH_06 
"<$¿>"
	"¿" Punctuation FS lang:es 00:00:00 00:00:07 tt-769 MF103_1989_CT_SU2012_JH_06 
"<cómo>"
	"cómo" Adverb ADV lang:es 00:00:00 00:00:07 tt-770 MF103_1989_CT_SU2012_JH_06 
"<es>"
	"ser" Verb VSfin Pres Indi Sing 3rd lang:es 00:00:00 00:00:07 tt-771 MF103_1989_CT_SU2012_JH_06 @Gram:SerEstar:Ser ADD:813 
"<el>"
	"el" Determiner ART Singular Masc lang:es 00:00:00 00:00:07 tt-772 MF103_1989_CT_SU2012_JH_06 @Gram:Det:Art ADD:426 
"<español>"
	"español" Noun NC Singular lang:es 00:00:00 00:00:07 tt-773 MF103_1989_CT_SU2012_JH_06 
"<de>"
	"de" Preposition PREP lang:es 00:00:00 00:00:07 tt-774 MF103_1989_CT_SU2012_JH_06 @Gram:Prep ADD:624 
"<esta>"
	"este" Determiner DM Singular lang:es 00:00:00 00:00:07 tt-775 MF103_1989_CT_SU2012_JH_06 @Gram:Det:Demo ADD:442 
"<área>"
	"área" Noun NC Singular lang:es 00:00:00 00:00:07 tt-776 MF103_1989_CT_SU2012_JH_06 
"<en>"
	"en" Preposition PREP lang:es 00:00:00 00:00:07 tt-777 MF103_1989_CT_SU2012_JH_06 @Gram:Prep ADD:624 
"<comparación>"
	"comparación" Noun NC Singular lang:es 00:00:00 00:00:07 tt-778 MF103_1989_CT_SU2012_JH_06 
"<con>"
	"con" Preposition PREP lang:es 00:00:00 00:00:07 tt-779 MF103_1989_CT_SU2012_JH_06 @Gram:Prep ADD:624 
"<el>"
	"el" Determiner ART Singular Masc lang:es 00:00:00 00:00:07 tt-780 MF103_1989_CT_SU2012_JH_06 @Gram:Det:Art ADD:426 
"<español>"
	"español" Noun NC Singular lang:es 00:00:00 00:00:07 tt-781 MF103_1989_CT_SU2012_JH_06 
"<de>"
	"de" Preposition PREP lang:es 00:00:00 00:00:07 tt-782 MF103_1989_CT_SU2012_JH_06 @Gram:Prep ADD:624 
"<México>"
	"México" Noun NP Singular lang:es 00:00:00 00:00:07 tt-783 MF103_1989_CT_SU2012_JH_06 
"<$?>"
	"?" Punctuation FS lang:es 00:00:00 00:00:07 tt-784 MF103_1989_CT_SU2012_JH_06 

"<Mmm>"
	"mmm" Noun NP Singular lang:es 00:00:08 00:00:10 tt-785 MF103_1989_CT_SU2012_JH_06 
"<...>"
	"..." Punctuation DOTS lang:es 00:00:08 00:00:10 tt-786 MF103_1989_CT_SU2012_JH_06 
"<sería>"
	"ser" Verb VSfin Cond Indi Sing 1st_or_3rd lang:es 00:00:08 00:00:10 tt-787 MF103_1989_CT_SU2012_JH_06 @Gram:SerEstar:Ser ADD:813 
"<...>"
	"..." Punctuation DOTS lang:es 00:00:08 00:00:10 tt-788 MF103_1989_CT_SU2012_JH_06 
"<es>"
	"ser" Verb VSfin Pres Indi Sing 3rd lang:es 00:00:08 00:00:10 tt-789 MF103_1989_CT_SU2012_JH_06 @Gram:SerEstar:Ser ADD:813 
"<menos>"
	"menos" Adverb ADV lang:es 00:00:08 00:00:10 tt-790 MF103_1989_CT_SU2012_JH_06 
"<educado>"
	"educar" Verb VLadj lang:es 00:00:08 00:00:10 tt-791 MF103_1989_CT_SU2012_JH_06 
"<$.>"
	"." Punctuation FS lang:es 00:00:08 00:00:10 tt-792 MF103_1989_CT_SU2012_JH_06 

"<$¿>"
	"¿" Punctuation FS lang:es 00:00:10 00:00:11 tt-793 MF103_1989_CT_SU2012_JH_06 
"<Es>"
	"ser" Verb VSfin Pres Indi Sing 3rd lang:es 00:00:10 00:00:11 tt-794 MF103_1989_CT_SU2012_JH_06 @Gram:SerEstar:Ser ADD:813 
"<menos>"
	"menos" Adverb ADV lang:es 00:00:10 00:00:11 tt-795 MF103_1989_CT_SU2012_JH_06 
"<educado>"
	"educar" Verb VLadj lang:es 00:00:10 00:00:11 tt-796 MF103_1989_CT_SU2012_JH_06 
"<$?>"
	"?" Punctuation FS lang:es 00:00:10 00:00:11 tt-797 MF103_1989_CT_SU2012_JH_06 
</speaker>
<speaker type="subj">

"<Sí>"
	"sí" Adverb ADV lang:es 00:00:11 00:00:16 tt-798 MF103_1989_CT_SU2012_JH_06 
"<$.>"
	"." Punctuation FS lang:es 00:00:11 00:00:16 tt-799 MF103_1989_CT_SU2012_JH_06 

"<Yo>"
	"yo" Pronoun PPX Singular lang:es 00:00:11 00:00:16 tt-800 MF103_1989_CT_SU2012_JH_06 @Gram:Pron:Sujeto ADD:634 
"<digo>"
	"decir" Verb VLfin Pres Indi Sing 1st lang:es 00:00:11 00:00:16 tt-801 MF103_1989_CT_SU2012_JH_06 
"<que>"
	"que" Conjunction CQUE lang:es 00:00:11 00:00:16 tt-802 MF103_1989_CT_SU2012_JH_06 
"<las>"
	"el" Determiner ART Plural Fem lang:es 00:00:11 00:00:16 tt-803 MF103_1989_CT_SU2012_JH_06 @Gram:Det:Art ADD:426 
"<personas>"
	"persona" Noun NC Plural lang:es 00:00:11 00:00:16 tt-804 MF103_1989_CT_SU2012_JH_06 
"<que>"
	"que" Conjunction CQUE lang:es 00:00:11 00:00:16 tt-805 MF103_1989_CT_SU2012_JH_06 
"<viven>"
	"vivir" Verb VLfin Pres Indi Plural 3rd lang:es 00:00:11 00:00:16 tt-806 MF103_1989_CT_SU2012_JH_06 
"<allá>"
	"allá" Adverb ADV lang:es 00:00:11 00:00:16 tt-807 MF103_1989_CT_SU2012_JH_06 
"<saben>"
	"saber" Verb VLfin Pres Indi Plural 3rd lang:es 00:00:11 00:00:16 tt-808 MF103_1989_CT_SU2012_JH_06 
"<como>"
	"como" Adverb ADV lang:es 00:00:11 00:00:16 tt-809 MF103_1989_CT_SU2012_JH_06 
"<hablarlo>"
	"hablar" Verb VLinf Pres Indi Sing 1st lang:es 00:00:11 00:00:16 tt-810 MF103_1989_CT_SU2012_JH_06 
"<$.>"
	"." Punctuation FS lang:es 00:00:11 00:00:16 tt-811 MF103_1989_CT_SU2012_JH_06 
</speaker>
<speaker type="int">

"<Entonces>"
	"entonces" Adverb ADV lang:es 00:00:16 00:00:20 tt-812 MF103_1989_CT_SU2012_JH_06 
"<has>"
	"haber" Verb VHfin Pres Indi Sing 2nd lang:es 00:00:16 00:00:20 tt-813 MF103_1989_CT_SU2012_JH_06 ID:47 R:Gram:Aux:Haber:48 R:Gram:PerfPerif:48 ADDRELATION():705 
"<escuchado>"
	"escuchar" Verb VLadj lang:es 00:00:16 00:00:20 tt-814 MF103_1989_CT_SU2012_JH_06 ID:48 
"<las>"
	"el" Determiner ART Plural Fem lang:es 00:00:16 00:00:20 tt-815 MF103_1989_CT_SU2012_JH_06 @Gram:Det:Art ADD:426 
"<palabras>"
	"palabra" Noun NC Plural lang:es 00:00:16 00:00:20 tt-816 MF103_1989_CT_SU2012_JH_06 
"<pocho>"
	"UNK" Noun NC Singular lang:es 00:00:16 00:00:20 tt-817 MF103_1989_CT_SU2012_JH_06 
"<o>"
	"o" Conjunciton Conjunction CC lang:es 00:00:16 00:00:20 tt-818 MF103_1989_CT_SU2012_JH_06 SUBSTITUTE:396 
"<Spanglish>"
	"UNK" Noun NP Singular lang:es 00:00:16 00:00:20 tt-819 MF103_1989_CT_SU2012_JH_06 
"<$?>"
	"?" Punctuation FS lang:es 00:00:16 00:00:20 tt-820 MF103_1989_CT_SU2012_JH_06 

"<Sí>"
	"sí" Adverb ADV lang:es 00:00:20 00:00:21 tt-821 MF103_1989_CT_SU2012_JH_06 
"<$.>"
	"." Punctuation FS lang:es 00:00:20 00:00:21 tt-822 MF103_1989_CT_SU2012_JH_06 

"<$¿>"
	"¿" Punctuation FS lang:es 00:00:21 00:00:23 tt-823 MF103_1989_CT_SU2012_JH_06 
"<Y>"
	"y" Conjunciton Conjunction CC lang:es 00:00:21 00:00:23 tt-824 MF103_1989_CT_SU2012_JH_06 SUBSTITUTE:394 
"<qué>"
	"qué" Pronoun INT Singular lang:es 00:00:21 00:00:23 tt-825 MF103_1989_CT_SU2012_JH_06 
"<significan>"
	"significar" Verb VLfin Pres Indi Plural 3rd lang:es 00:00:21 00:00:23 tt-826 MF103_1989_CT_SU2012_JH_06 
"<para>"
	"para" Preposition PREP lang:es 00:00:21 00:00:23 tt-827 MF103_1989_CT_SU2012_JH_06 @Gram:Prep:Para SUBSTITUTE:345 ADD:588 
"<ti>"
	"tú" Pronoun PPX Singular lang:es 00:00:21 00:00:23 tt-828 MF103_1989_CT_SU2012_JH_06 
"<$?>"
	"?" Punctuation FS lang:es 00:00:21 00:00:23 tt-829 MF103_1989_CT_SU2012_JH_06 

"<Para>"
	"para" Preposition PREP lang:es 00:00:23 00:00:27 tt-830 MF103_1989_CT_SU2012_JH_06 @Gram:Prep:Para SUBSTITUTE:345 ADD:588 
"<mí>"
	"yo" Pronoun PPX Singular lang:es 00:00:23 00:00:27 tt-831 MF103_1989_CT_SU2012_JH_06 
"<es>"
	"ser" Verb VSfin Pres Indi Sing 3rd lang:es 00:00:23 00:00:27 tt-832 MF103_1989_CT_SU2012_JH_06 @Gram:SerEstar:Ser ADD:813 
"<una>"
	"un" Determiner ART Singular lang:es 00:00:23 00:00:27 tt-833 MF103_1989_CT_SU2012_JH_06 
"<persona>"
	"persona" Noun NC Singular lang:es 00:00:23 00:00:27 tt-834 MF103_1989_CT_SU2012_JH_06 
"<que>"
	"que" Conjunction CQUE lang:es 00:00:23 00:00:27 tt-835 MF103_1989_CT_SU2012_JH_06 
"<mezcla>"
	"mezcla" Noun NC Singular lang:es 00:00:23 00:00:27 tt-836 MF103_1989_CT_SU2012_JH_06 
"<el>"
	"el" Determiner ART Singular Masc lang:es 00:00:23 00:00:27 tt-837 MF103_1989_CT_SU2012_JH_06 @Gram:Det:Art ADD:426 
"<inglés>"
	"inglés" Noun NC Plural lang:es 00:00:23 00:00:27 tt-838 MF103_1989_CT_SU2012_JH_06 
"<con>"
	"con" Preposition PREP lang:es 00:00:23 00:00:27 tt-839 MF103_1989_CT_SU2012_JH_06 @Gram:Prep ADD:624 
"<el>"
	"el" Determiner ART Singular Masc lang:es 00:00:23 00:00:27 tt-840 MF103_1989_CT_SU2012_JH_06 @Gram:Det:Art ADD:426 
"<español>"
	"español" Noun NC Singular lang:es 00:00:23 00:00:27 tt-841 MF103_1989_CT_SU2012_JH_06 
"<$.>"
	"." Punctuation FS lang:es 00:00:23 00:00:27 tt-842 MF103_1989_CT_SU2012_JH_06 
<lang code="en">

"<Okay>"
	"Okay" Noun NP Singular lang:en 00:00:27 00:00:31 tt-843 MF103_1989_CT_SU2012_JH_06 
</lang>
"<y>"
	"y" Conjunciton CC lang:es 00:00:27 00:00:31 tt-844 MF103_1989_CT_SU2012_JH_06 SUBSTITUTE:394 
"<...>"
	"..." Punctuation DOTS lang:es 00:00:27 00:00:31 tt-845 MF103_1989_CT_SU2012_JH_06 
"<$¿>"
	"¿" Punctuation FS lang:es 00:00:27 00:00:31 tt-846 MF103_1989_CT_SU2012_JH_06 
"<los>"
	"el" Determiner ART Plural Masc lang:es 00:00:27 00:00:31 tt-847 MF103_1989_CT_SU2012_JH_06 @Gram:Det:Art ADD:426 
"<dos>"
	"dos" Determiner CARD Plural lang:es 00:00:27 00:00:31 tt-848 MF103_1989_CT_SU2012_JH_06 
"<,>"
	"," Punctuation CM lang:es 00:00:27 00:00:31 tt-849 MF103_1989_CT_SU2012_JH_06 
"<y>"
	"y" Conjunciton Conjunction CC lang:es 00:00:27 00:00:31 tt-850 MF103_1989_CT_SU2012_JH_06 SUBSTITUTE:394 
"<el>"
	"el" Determiner ART Singular Masc lang:es 00:00:27 00:00:31 tt-851 MF103_1989_CT_SU2012_JH_06 @Gram:Det:Art ADD:426 
"<pocho>"
	"UNK" Noun NC Singular lang:es 00:00:27 00:00:31 tt-852 MF103_1989_CT_SU2012_JH_06 
"<también>"
	"también" Adverb ADV lang:es 00:00:27 00:00:31 tt-853 MF103_1989_CT_SU2012_JH_06 @Prag:MarcadoresDisc:Igualdad ADD:1130 
"<$?>"
	"?" Punctuation FS lang:es 00:00:27 00:00:31 tt-854 MF103_1989_CT_SU2012_JH_06 

"<Pocho>"
	"UNK" Noun NC Singular lang:es 00:00:31 00:00:33 tt-855 MF103_1989_CT_SU2012_JH_06 
"<,>"
	"," Punctuation CM lang:es 00:00:31 00:00:33 tt-856 MF103_1989_CT_SU2012_JH_06 
"<no>"
	"no" Adverb NEG lang:es 00:00:31 00:00:33 tt-857 MF103_1989_CT_SU2012_JH_06 
"<$.>"
	"." Punctuation FS lang:es 00:00:31 00:00:33 tt-858 MF103_1989_CT_SU2012_JH_06 

"<$¿>"
	"¿" Punctuation FS lang:es 00:00:33 00:00:38 tt-859 MF103_1989_CT_SU2012_JH_06 
"<Cómo>"
	"cómo" Adverb ADV lang:es 00:00:33 00:00:38 tt-860 MF103_1989_CT_SU2012_JH_06 
"<es>"
	"ser" Verb VSfin Pres Indi Sing 3rd lang:es 00:00:33 00:00:38 tt-861 MF103_1989_CT_SU2012_JH_06 @Gram:SerEstar:Ser ADD:813 
"<el>"
	"el" Determiner ART Singular Masc lang:es 00:00:33 00:00:38 tt-862 MF103_1989_CT_SU2012_JH_06 @Gram:Det:Art ADD:426 
"<pocho>"
	"UNK" Noun NC Singular lang:es 00:00:33 00:00:38 tt-863 MF103_1989_CT_SU2012_JH_06 
"<$?>"
	"?" Punctuation FS lang:es 00:00:33 00:00:38 tt-864 MF103_1989_CT_SU2012_JH_06 
<lang code="en">

"<Uh>"
	"uh" Other UH lang:en 00:00:38 00:00:41 tt-865 MF103_1989_CT_SU2012_JH_06 
</lang>
"<...>"
	"..." Punctuation DOTS lang:es 00:00:38 00:00:41 tt-866 MF103_1989_CT_SU2012_JH_06 
"<tal>"
	"tal" Adverb ADV lang:es 00:00:38 00:00:41 tt-867 MF103_1989_CT_SU2012_JH_06 ID:101 R:Prag:MarcadoresDisc:Probabilidad:102 ADDRELATION(Prag:MarcadoresDisc:Probabilidad):1156 
"<vez>"
	"vez" Adverb ADV lang:es 00:00:38 00:00:41 tt-868 MF103_1989_CT_SU2012_JH_06 ID:102 
"<,>"
	"," Punctuation CM lang:es 00:00:38 00:00:41 tt-869 MF103_1989_CT_SU2012_JH_06 
"<no>"
	"no" Adverb NEG lang:es 00:00:38 00:00:41 tt-870 MF103_1989_CT_SU2012_JH_06 
"<sabría>"
	"saber" Verb VLfin Cond Indi Sing 1st_or_3rd lang:es 00:00:38 00:00:41 tt-871 MF103_1989_CT_SU2012_JH_06 
"<que>"
	"que" Conjunction CQUE lang:es 00:00:38 00:00:41 tt-872 MF103_1989_CT_SU2012_JH_06 
"<...>"
	"..." Punctuation DOTS lang:es 00:00:38 00:00:41 tt-873 MF103_1989_CT_SU2012_JH_06 
"<Bueno>"
	"bueno" Adjective ADJ Singular lang:es 00:00:41 00:00:47 tt-874 MF103_1989_CT_SU2012_JH_06 
"<,>"
	"," Punctuation CM lang:es 00:00:41 00:00:47 tt-875 MF103_1989_CT_SU2012_JH_06 
"<eh>"
	"eh" Noun NP Singular lang:es 00:00:41 00:00:47 tt-876 MF103_1989_CT_SU2012_JH_06 
"<...>"
	"..." Punctuation DOTS lang:es 00:00:41 00:00:47 tt-877 MF103_1989_CT_SU2012_JH_06 
"<entonces>"
	"entonces" Adverb ADV lang:es 00:00:41 00:00:47 tt-878 MF103_1989_CT_SU2012_JH_06 
"<$¿>"
	"¿" Punctuation FS lang:es 00:00:41 00:00:47 tt-879 MF103_1989_CT_SU2012_JH_06 
"<has>"
	"haber" Verb VHfin Pres Indi Sing 2nd lang:es 00:00:41 00:00:47 tt-880 MF103_1989_CT_SU2012_JH_06 ID:114 R:Gram:Aux:Haber:115 R:Gram:PerfPerif:115 ADDRELATION():705 
"<escuchado>"
	"escuchar" Verb VLadj lang:es 00:00:41 00:00:47 tt-881 MF103_1989_CT_SU2012_JH_06 ID:115 
"<a>"
	"a" Preposition PREP lang:es 00:00:41 00:00:47 tt-882 MF103_1989_CT_SU2012_JH_06 @Gram:Prep SUBSTITUTE:398 ADD:624 
"<las>"
	"el" Determiner ART Plural Fem lang:es 00:00:41 00:00:47 tt-883 MF103_1989_CT_SU2012_JH_06 @Gram:Det:Art ADD:426 
"<personas>"
	"persona" Noun NC Plural lang:es 00:00:41 00:00:47 tt-884 MF103_1989_CT_SU2012_JH_06 
"<que>"
	"que" Conjunction CQUE lang:es 00:00:41 00:00:47 tt-885 MF103_1989_CT_SU2012_JH_06 
"<mezclan>"
	"mezclar" Verb VLfin Pres Indi Plural 3rd lang:es 00:00:41 00:00:47 tt-886 MF103_1989_CT_SU2012_JH_06 
"<los>"
	"el" Determiner ART Plural Masc lang:es 00:00:41 00:00:47 tt-887 MF103_1989_CT_SU2012_JH_06 @Gram:Det:Art ADD:426 
"<idiomas>"
	"idioma" Noun NC Plural lang:es 00:00:41 00:00:47 tt-888 MF103_1989_CT_SU2012_JH_06 
"<$?>"
	"?" Punctuation FS lang:es 00:00:41 00:00:47 tt-889 MF103_1989_CT_SU2012_JH_06 

"<Sí>"
	"sí" Adverb ADV lang:es 00:00:47 00:00:47 tt-890 MF103_1989_CT_SU2012_JH_06 
"<$.>"
	"." Punctuation FS lang:es 00:00:47 00:00:47 tt-891 MF103_1989_CT_SU2012_JH_06 

"<Eh>"
	"eh" Noun NP Singular lang:es 00:00:47 00:00:49 tt-892 MF103_1989_CT_SU2012_JH_06 
"<...>"
	"..." Punctuation DOTS lang:es 00:00:47 00:00:49 tt-893 MF103_1989_CT_SU2012_JH_06 
"<$¿>"
	"¿" Punctuation FS lang:es 00:00:47 00:00:49 tt-894 MF103_1989_CT_SU2012_JH_06 
"<qué>"
	"qué" Pronoun INT Singular lang:es 00:00:47 00:00:49 tt-895 MF103_1989_CT_SU2012_JH_06 
"<opinas>"
	"opinar" Verb VLfin Pres Indi Sing 2nd lang:es 00:00:47 00:00:49 tt-896 MF103_1989_CT_SU2012_JH_06 
"<de>"
	"de" Preposition PREP lang:es 00:00:47 00:00:49 tt-897 MF103_1989_CT_SU2012_JH_06 @Gram:Prep ADD:624 
"<ellos>"
	"él" Pronoun PPX Plural lang:es 00:00:47 00:00:49 tt-898 MF103_1989_CT_SU2012_JH_06 @Gram:Pron:Sujeto ADD:634 
"<$?>"
	"?" Punctuation FS lang:es 00:00:47 00:00:49 tt-899 MF103_1989_CT_SU2012_JH_06 

"<Para>"
	"para" Preposition PREP lang:es 00:00:49 00:00:53 tt-900 MF103_1989_CT_SU2012_JH_06 @Gram:Prep:Para SUBSTITUTE:345 ADD:588 
"<mí>"
	"yo" Pronoun PPX Singular lang:es 00:00:49 00:00:53 tt-901 MF103_1989_CT_SU2012_JH_06 
"<no>"
	"no" Adverb NEG lang:es 00:00:49 00:00:53 tt-902 MF103_1989_CT_SU2012_JH_06 
"<tengo>"
	"tener" Verb VLfin Pres Indi Sing 1st lang:es 00:00:49 00:00:53 tt-903 MF103_1989_CT_SU2012_JH_06 
"<un>"
	"un" Determiner ART Singular lang:es 00:00:49 00:00:53 tt-904 MF103_1989_CT_SU2012_JH_06 ID:138 R:Gram:Genero:ExcepMasc:139 ADDRELATION(Gram:Genero:ExcepMasc):522 
"<problema>"
	"problema" Noun NC Singular lang:es 00:00:49 00:00:53 tt-905 MF103_1989_CT_SU2012_JH_06 ID:139 
"<con>"
	"con" Preposition PREP lang:es 00:00:49 00:00:53 tt-906 MF103_1989_CT_SU2012_JH_06 @Gram:Prep ADD:624 
"<tal>"
	"tal" Determiner QU lang:es 00:00:49 00:00:53 tt-907 MF103_1989_CT_SU2012_JH_06 @Gram:Det:CuantIndef ADD:473 
"<de>"
	"de" Preposition PREP lang:es 00:00:49 00:00:53 tt-908 MF103_1989_CT_SU2012_JH_06 @Gram:Prep ADD:624 
"<que>"
	"que" Conjunction CQUE lang:es 00:00:49 00:00:53 tt-909 MF103_1989_CT_SU2012_JH_06 
"<se>"
	"se" Other SE lang:es 00:00:49 00:00:53 tt-910 MF103_1989_CT_SU2012_JH_06 
"<comuniquen>"
	"comunicar" Verb VLfin Past Subj Plural 3rd lang:es 00:00:49 00:00:53 tt-911 MF103_1989_CT_SU2012_JH_06 @Gram:MSub:Pret ADD:783 
"<las>"
	"el" Determiner ART Plural Fem lang:es 00:00:49 00:00:53 tt-912 MF103_1989_CT_SU2012_JH_06 @Gram:Det:Art ADD:426 
"<dos>"
	"dos" Determiner CARD Plural lang:es 00:00:49 00:00:53 tt-913 MF103_1989_CT_SU2012_JH_06 
"<personas>"
	"persona" Noun NC Plural lang:es 00:00:49 00:00:53 tt-914 MF103_1989_CT_SU2012_JH_06 
"<,>"
	"," Punctuation CM lang:es 00:00:49 00:00:53 tt-915 MF103_1989_CT_SU2012_JH_06 
"<no>"
	"no" Adverb NEG lang:es 00:00:49 00:00:53 tt-916 MF103_1989_CT_SU2012_JH_06 
"<hay>"
	"haber" Verb VHfin Pres Indi Sing 3rd lang:es 00:00:49 00:00:53 tt-917 MF103_1989_CT_SU2012_JH_06 @Gram:Haber:Exist ADD:829 
"<por>"
	"por" Preposition PREP lang:es 00:00:53 00:00:57 tt-918 MF103_1989_CT_SU2012_JH_06 @Gram:Prep:Por SUBSTITUTE:269 SUBSTITUTE:270 ADD:618 
"<qué>"
	"qué" Adverb ADV lang:es 00:00:53 00:00:57 tt-919 MF103_1989_CT_SU2012_JH_06 
"<avergonzarse>"
	"UNK" Verb VLinf Pres Subj Sing 1st_or_3rd lang:es 00:00:53 00:00:57 tt-920 MF103_1989_CT_SU2012_JH_06 @Gram:MSub:Pres ADD:782 
"<o>"
	"o" Conjunciton Conjunction CC lang:es 00:00:53 00:00:57 tt-921 MF103_1989_CT_SU2012_JH_06 SUBSTITUTE:396 
"<por>"
	"por" Preposition PREP lang:es 00:00:53 00:00:57 tt-922 MF103_1989_CT_SU2012_JH_06 @Gram:Prep:Por SUBSTITUTE:269 SUBSTITUTE:270 ADD:618 
"<qué>"
	"qué" Adverb ADV lang:es 00:00:53 00:00:57 tt-923 MF103_1989_CT_SU2012_JH_06 
"<...>"
	"..." Punctuation DOTS lang:es 00:00:53 00:00:57 tt-924 MF103_1989_CT_SU2012_JH_06 
"<ningún>"
	"ninguno" Determiner QU lang:es 00:00:53 00:00:57 tt-925 MF103_1989_CT_SU2012_JH_06 @Gram:Det:CuantIndef ADD:473 
"<problema>"
	"problema" Noun NC Singular lang:es 00:00:53 00:00:57 tt-926 MF103_1989_CT_SU2012_JH_06 
"<$.>"
	"." Punctuation FS lang:es 00:00:53 00:00:57 tt-927 MF103_1989_CT_SU2012_JH_06 

"<$¿>"
	"¿" Punctuation FS lang:es 00:00:57 00:00:59 tt-928 MF103_1989_CT_SU2012_JH_06 
"<Tú>"
	"tú" Pronoun PPX Singular lang:es 00:00:57 00:00:59 tt-929 MF103_1989_CT_SU2012_JH_06 @Gram:Pron:Sujeto ADD:634 
"<lo>"
	"el" Determiner ART Singular lang:es 00:00:57 00:00:59 tt-930 MF103_1989_CT_SU2012_JH_06 
"<haces>"
	"haz" Noun NC Plural lang:es 00:00:57 00:00:59 tt-931 MF103_1989_CT_SU2012_JH_06 
"<$?>"
	"?" Punctuation FS lang:es 00:00:57 00:00:59 tt-932 MF103_1989_CT_SU2012_JH_06 
</speaker>
<speaker type="subj">

"<No>"
	"no" Adverb NEG lang:es 00:00:59 00:01:03 tt-933 MF103_1989_CT_SU2012_JH_06 
"<$.>"
	"." Punctuation FS lang:es 00:00:59 00:01:03 tt-934 MF103_1989_CT_SU2012_JH_06 

"<Yo>"
	"yo" Pronoun PPX Singular lang:es 00:00:59 00:01:03 tt-935 MF103_1989_CT_SU2012_JH_06 @Gram:Pron:Sujeto ADD:634 
"<a>"
	"a" Preposition PREP Adverb ADV lang:es 00:00:59 00:01:03 tt-936 MF103_1989_CT_SU2012_JH_06 @Gram:Prep SUBSTITUTE:398 ADD:624 
"<veces>"
	"veces" Adverb ADV lang:es 00:00:59 00:01:03 tt-937 MF103_1989_CT_SU2012_JH_06 
"<,>"
	"," Punctuation CM lang:es 00:00:59 00:01:03 tt-938 MF103_1989_CT_SU2012_JH_06 
"<pero>"
	"pero" Conjunction CCAD lang:es 00:00:59 00:01:03 tt-939 MF103_1989_CT_SU2012_JH_06 @Prag:MarcadoresDisc:Revision ADD:1046 
"<practicalmente>"
	"UNK" Verb VLadj lang:es 00:00:59 00:01:03 tt-940 MF103_1989_CT_SU2012_JH_06 
"<pues>"
	"pues" Conjunction CSUBF lang:es 00:00:59 00:01:03 tt-941 MF103_1989_CT_SU2012_JH_06 
"<hablo>"
	"hablar" Verb VLfin Pres Indi Sing 1st lang:es 00:00:59 00:01:03 tt-942 MF103_1989_CT_SU2012_JH_06 
"<más>"
	"más" Adverb ADV lang:es 00:00:59 00:01:03 tt-943 MF103_1989_CT_SU2012_JH_06 
"<el>"
	"el" Determiner ART Singular Masc lang:es 00:00:59 00:01:03 tt-944 MF103_1989_CT_SU2012_JH_06 @Gram:Det:Art ADD:426 
"<español>"
	"español" Adjective ADJ Singular lang:es 00:00:59 00:01:03 tt-945 MF103_1989_CT_SU2012_JH_06 
"<que>"
	"que" Conjunction CQUE lang:es 00:00:59 00:01:03 tt-946 MF103_1989_CT_SU2012_JH_06 
"<el>"
	"el" Determiner ART Singular Masc lang:es 00:00:59 00:01:03 tt-947 MF103_1989_CT_SU2012_JH_06 @Gram:Det:Art ADD:426 
"<inglés>"
	"inglés" Noun NC Plural lang:es 00:00:59 00:01:03 tt-948 MF103_1989_CT_SU2012_JH_06 
"<$.>"
	"." Punctuation FS lang:es 00:00:59 00:01:03 tt-949 MF103_1989_CT_SU2012_JH_06 
</speaker>
</text>

