<text id="MF103_1989_CT_SU2012_JH_10">
<speaker type="int">
"<$.>"
	"." Punctuation FS lang:es 00:00:00 00:00:07 tt-1715 MF103_1989_CT_SU2012_JH_10 

"<Cuando>"
	"cuando" Conjunction CSUBX lang:es 00:00:00 00:00:07 tt-1716 MF103_1989_CT_SU2012_JH_10 
"<termines>"
	"terminar" Verb VLfin Pres Subj Sing 2nd lang:es 00:00:00 00:00:07 tt-1717 MF103_1989_CT_SU2012_JH_10 @Gram:MSub:Pres ADD:633 
"<con>"
	"con" Preposition PREP lang:es 00:00:00 00:00:07 tt-1718 MF103_1989_CT_SU2012_JH_10 @Gram:Prep ADD:489 
"<la>"
	"el" Determiner ART Singular lang:es 00:00:00 00:00:07 tt-1719 MF103_1989_CT_SU2012_JH_10 @Gram:Det:Art ADD:341 
"<Universidad>"
	"universidad" Noun NC Singular lang:es 00:00:00 00:00:07 tt-1720 MF103_1989_CT_SU2012_JH_10 
"<y>"
	"y" Conjunction CC lang:es 00:00:00 00:00:07 tt-1721 MF103_1989_CT_SU2012_JH_10 
"<es>"
	"ser" Verb VSfin Pres Indi Sing 3rd lang:es 00:00:00 00:00:07 tt-1722 MF103_1989_CT_SU2012_JH_10 @Gram:SerEstar:Ser ADD:664 
"<tiempo>"
	"tiempo" Noun NC Singular lang:es 00:00:00 00:00:07 tt-1723 MF103_1989_CT_SU2012_JH_10 
"<de>"
	"de" Preposition PREP lang:es 00:00:00 00:00:07 tt-1724 MF103_1989_CT_SU2012_JH_10 @Gram:Prep ADD:489 
"<ejercer>"
	"ejercer" Verb VLinf Infinitive lang:es 00:00:00 00:00:07 tt-1725 MF103_1989_CT_SU2012_JH_10 SUBSTITUTE:296 
"<tu>"
	"tú" Pronoun PPX Singular lang:es 00:00:00 00:00:07 tt-1726 MF103_1989_CT_SU2012_JH_10 @Gram:Det:Pos ADD:367 
"<carrera>"
	"carrera" Noun NC Singular lang:es 00:00:00 00:00:07 tt-1727 MF103_1989_CT_SU2012_JH_10 
"<,>"
	"," Punctuation CM lang:es 00:00:00 00:00:07 tt-1728 MF103_1989_CT_SU2012_JH_10 
"<eh>"
	"eh" Noun NP Singular lang:es 00:00:00 00:00:07 tt-1729 MF103_1989_CT_SU2012_JH_10 
"<...>"
	"..." Punctuation DOTS lang:es 00:00:00 00:00:07 tt-1730 MF103_1989_CT_SU2012_JH_10 
"<$¿>"
	"¿" Punctuation FS lang:es 00:00:00 00:00:07 tt-1731 MF103_1989_CT_SU2012_JH_10 
"<Quisieras>"
	"querer" Verb VLfin Past Subj Sing 2nd lang:es 00:00:00 00:00:07 tt-1732 MF103_1989_CT_SU2012_JH_10 @Gram:MSub:Pret ADD:634 
"<mantenerte>"
	"UNK" Verb VLinf Infinitive lang:es 00:00:07 00:00:12 tt-1733 MF103_1989_CT_SU2012_JH_10 
"<aquí>"
	"aquí" Adverb ADV lang:es 00:00:07 00:00:12 tt-1734 MF103_1989_CT_SU2012_JH_10 
"<en>"
	"en" Preposition PREP lang:es 00:00:07 00:00:12 tt-1735 MF103_1989_CT_SU2012_JH_10 @Gram:Prep ADD:489 
"<el>"
	"el" Determiner ART Singular lang:es 00:00:07 00:00:12 tt-1736 MF103_1989_CT_SU2012_JH_10 @Gram:Det:Art ADD:341 
"<valle>"
	"valle" Noun NC Singular lang:es 00:00:07 00:00:12 tt-1737 MF103_1989_CT_SU2012_JH_10 
"<,>"
	"," Punctuation CM lang:es 00:00:07 00:00:12 tt-1738 MF103_1989_CT_SU2012_JH_10 
"<en>"
	"en" Preposition PREP lang:es 00:00:07 00:00:12 tt-1739 MF103_1989_CT_SU2012_JH_10 @Gram:Prep ADD:489 
"<este>"
	"este" Determiner DM Singular lang:es 00:00:07 00:00:12 tt-1740 MF103_1989_CT_SU2012_JH_10 @Gram:Det:Demo ADD:353 
"<espacio>"
	"espacio" Noun NC Singular lang:es 00:00:07 00:00:12 tt-1741 MF103_1989_CT_SU2012_JH_10 
"<,>"
	"," Punctuation CM lang:es 00:00:07 00:00:12 tt-1742 MF103_1989_CT_SU2012_JH_10 
"<o>"
	"o" Conjunction CC lang:es 00:00:07 00:00:12 tt-1743 MF103_1989_CT_SU2012_JH_10 
"<mudarte>"
	"UNK" Verb VLinf Infinitive lang:es 00:00:07 00:00:12 tt-1744 MF103_1989_CT_SU2012_JH_10 
"<a>"
	"a" Preposition PREP lang:es 00:00:07 00:00:12 tt-1745 MF103_1989_CT_SU2012_JH_10 @Gram:Prep ADD:489 
"<otro>"
	"otro" Determiner QU lang:es 00:00:07 00:00:12 tt-1746 MF103_1989_CT_SU2012_JH_10 
"<lugar>"
	"lugar" Noun NC Singular lang:es 00:00:07 00:00:12 tt-1747 MF103_1989_CT_SU2012_JH_10 
"<$?>"
	"?" Punctuation FS lang:es 00:00:07 00:00:12 tt-1748 MF103_1989_CT_SU2012_JH_10 
</speaker>
<speaker type="subj">

"<Sería>"
	"ser" Verb VSfin Cond Indi Sing 1st_or_3rd lang:es 00:00:12 00:00:15 tt-1749 MF103_1989_CT_SU2012_JH_10 @Gram:SerEstar:Ser ADD:664 
"<mudarme>"
	"mudar" Verb VLinf Pres Subj Sing 1st_or_3rd lang:es 00:00:12 00:00:15 tt-1750 MF103_1989_CT_SU2012_JH_10 @Gram:MSub:Pres ADD:633 
"<para>"
	"para" Preposition PREP lang:es 00:00:12 00:00:15 tt-1751 MF103_1989_CT_SU2012_JH_10 @Gram:Prep:Para SUBSTITUTE:312 ADD:461 
"<San>"
	"Santo" Noun NP Singular lang:es 00:00:12 00:00:15 tt-1752 MF103_1989_CT_SU2012_JH_10 
"<Antonio>"
	"Antonio" Noun NP Singular lang:es 00:00:12 00:00:15 tt-1753 MF103_1989_CT_SU2012_JH_10 
"<,>"
	"," Punctuation CM lang:es 00:00:12 00:00:15 tt-1754 MF103_1989_CT_SU2012_JH_10 
"<o>"
	"o" Conjunction CC lang:es 00:00:12 00:00:15 tt-1755 MF103_1989_CT_SU2012_JH_10 
"<quizás>"
	"quizás" Adverb ADV lang:es 00:00:12 00:00:15 tt-1756 MF103_1989_CT_SU2012_JH_10 
"<otro>"
	"otro" Determiner QU lang:es 00:00:12 00:00:15 tt-1757 MF103_1989_CT_SU2012_JH_10 
"<...>"
	"..." Punctuation DOTS lang:es 00:00:12 00:00:15 tt-1758 MF103_1989_CT_SU2012_JH_10 
"<otro>"
	"otro" Determiner QU lang:es 00:00:12 00:00:15 tt-1759 MF103_1989_CT_SU2012_JH_10 
"<estado>"
	"estado" Noun NC Singular lang:es 00:00:12 00:00:15 tt-1760 MF103_1989_CT_SU2012_JH_10 
"<$.>"
	"." Punctuation FS lang:es 00:00:12 00:00:15 tt-1761 MF103_1989_CT_SU2012_JH_10 
</speaker>
<speaker type="int">

"<$¿>"
	"¿" Punctuation FS lang:es 00:00:15 00:00:16 tt-1762 MF103_1989_CT_SU2012_JH_10 
"<Sí>"
	"él" Pronoun PPX Singular lang:es 00:00:15 00:00:16 tt-1763 MF103_1989_CT_SU2012_JH_10 
"<$?>"
	"?" Punctuation FS lang:es 00:00:15 00:00:16 tt-1764 MF103_1989_CT_SU2012_JH_10 

"<Sí>"
	"él" Pronoun PPX Singular lang:es 00:00:16 00:00:16 tt-1765 MF103_1989_CT_SU2012_JH_10 
"<$.>"
	"." Punctuation FS lang:es 00:00:16 00:00:16 tt-1766 MF103_1989_CT_SU2012_JH_10 

"<$¿>"
	"¿" Punctuation FS lang:es 00:00:16 00:00:18 tt-1767 MF103_1989_CT_SU2012_JH_10 
"<Y>"
	"y" Conjunction CC lang:es 00:00:16 00:00:18 tt-1768 MF103_1989_CT_SU2012_JH_10 
"<por>"
	"por" Preposition PREP lang:es 00:00:16 00:00:18 tt-1769 MF103_1989_CT_SU2012_JH_10 @Gram:Prep:Por SUBSTITUTE:238 ADD:483 
"<qué>"
	"qué" Adverb ADV lang:es 00:00:16 00:00:18 tt-1770 MF103_1989_CT_SU2012_JH_10 
"<$?>"
	"?" Punctuation FS lang:es 00:00:16 00:00:18 tt-1771 MF103_1989_CT_SU2012_JH_10 

"<$¿>"
	"¿" Punctuation FS lang:es 00:00:18 00:00:24 tt-1772 MF103_1989_CT_SU2012_JH_10 
"<Por>"
	"por" Preposition PREP lang:es 00:00:18 00:00:24 tt-1773 MF103_1989_CT_SU2012_JH_10 @Gram:Prep:Por SUBSTITUTE:238 ADD:483 
"<que>"
	"que" Conjunction CQUE lang:es 00:00:18 00:00:24 tt-1774 MF103_1989_CT_SU2012_JH_10 
"<$?>"
	"?" Punctuation FS lang:es 00:00:18 00:00:24 tt-1775 MF103_1989_CT_SU2012_JH_10 

"<Porque>"
	"porque" Conjunction CSUBX lang:es 00:00:18 00:00:24 tt-1776 MF103_1989_CT_SU2012_JH_10 @Prag:MarcadoresDisc:Causa ADD:902 
"<muchos>"
	"mucho" Determiner QU lang:es 00:00:18 00:00:24 tt-1777 MF103_1989_CT_SU2012_JH_10 
"<de>"
	"de" Preposition PREP lang:es 00:00:18 00:00:24 tt-1778 MF103_1989_CT_SU2012_JH_10 @Gram:Prep ADD:489 
"<nosotros>"
	"nosotros" Pronoun PPX Plural lang:es 00:00:18 00:00:24 tt-1779 MF103_1989_CT_SU2012_JH_10 @Gram:Pron:Sujeto ADD:499 
"<nos>"
	"nosotros" Pronoun PPX Plural lang:es 00:00:18 00:00:24 tt-1780 MF103_1989_CT_SU2012_JH_10 @Gram:Pron:Objeto ADD:523 
"<estancamos>"
	"UNK" Verb VLfin Pres_or_Pret Indi Plural 1st lang:es 00:00:18 00:00:24 tt-1781 MF103_1989_CT_SU2012_JH_10 
"<aquí>"
	"aquí" Adverb ADV lang:es 00:00:18 00:00:24 tt-1782 MF103_1989_CT_SU2012_JH_10 
"<,>"
	"," Punctuation CM lang:es 00:00:18 00:00:24 tt-1783 MF103_1989_CT_SU2012_JH_10 
"<y>"
	"y" Conjunction CC lang:es 00:00:18 00:00:24 tt-1784 MF103_1989_CT_SU2012_JH_10 
"<no>"
	"no" Adverb NEG lang:es 00:00:18 00:00:24 tt-1785 MF103_1989_CT_SU2012_JH_10 
"<salimos>"
	"salir" Verb VLfin Pres_or_Pret Indi Plural 1st lang:es 00:00:18 00:00:24 tt-1786 MF103_1989_CT_SU2012_JH_10 
"<a>"
	"a" Preposition PREP lang:es 00:00:18 00:00:24 tt-1787 MF103_1989_CT_SU2012_JH_10 @Gram:Prep ADD:489 
"<ver>"
	"ver" Verb VLinf Infinitive lang:es 00:00:18 00:00:24 tt-1788 MF103_1989_CT_SU2012_JH_10 SUBSTITUTE:296 
"<lo>"
	"el" Determiner ART Singular lang:es 00:00:18 00:00:24 tt-1789 MF103_1989_CT_SU2012_JH_10 
"<que>"
	"que" Conjunction CQUE lang:es 00:00:24 00:00:31 tt-1790 MF103_1989_CT_SU2012_JH_10 
"<hay>"
	"haber" Verb VHfin Pres Indi Sing 3rd lang:es 00:00:24 00:00:31 tt-1791 MF103_1989_CT_SU2012_JH_10 @Gram:Haber:Exist ADD:680 
"<$.>"
	"." Punctuation FS lang:es 00:00:24 00:00:31 tt-1792 MF103_1989_CT_SU2012_JH_10 

"<Hay>"
	"haber" Verb VHfin Pres Indi Sing 3rd lang:es 00:00:24 00:00:31 tt-1793 MF103_1989_CT_SU2012_JH_10 @Gram:Haber:Exist ADD:680 
"<más>"
	"más" Adverb ADV lang:es 00:00:24 00:00:31 tt-1794 MF103_1989_CT_SU2012_JH_10 
"<oportunidades>"
	"oportunidad" Noun NC Plural lang:es 00:00:24 00:00:31 tt-1795 MF103_1989_CT_SU2012_JH_10 
"<y>"
	"y" Conjunction CC lang:es 00:00:24 00:00:31 tt-1796 MF103_1989_CT_SU2012_JH_10 
"<hay>"
	"haber" Verb VHfin Pres Indi Sing 3rd lang:es 00:00:24 00:00:31 tt-1797 MF103_1989_CT_SU2012_JH_10 @Gram:Haber:Exist ADD:680 
"<más>"
	"más" Adverb ADV lang:es 00:00:24 00:00:31 tt-1798 MF103_1989_CT_SU2012_JH_10 
"<,>"
	"," Punctuation CM lang:es 00:00:24 00:00:31 tt-1799 MF103_1989_CT_SU2012_JH_10 
"<otras>"
	"otro" Determiner QU lang:es 00:00:24 00:00:31 tt-1800 MF103_1989_CT_SU2012_JH_10 
"<áreas>"
	"área" Noun NC Plural lang:es 00:00:24 00:00:31 tt-1801 MF103_1989_CT_SU2012_JH_10 
"<que>"
	"que" Conjunction CQUE lang:es 00:00:24 00:00:31 tt-1802 MF103_1989_CT_SU2012_JH_10 
"<explorar>"
	"explorar" Verb VLinf Infinitive lang:es 00:00:24 00:00:31 tt-1803 MF103_1989_CT_SU2012_JH_10 SUBSTITUTE:296 
"<,>"
	"," Punctuation CM lang:es 00:00:24 00:00:31 tt-1804 MF103_1989_CT_SU2012_JH_10 
"<que>"
	"que" Conjunction CQUE lang:es 00:00:24 00:00:31 tt-1805 MF103_1989_CT_SU2012_JH_10 
"<sólo>"
	"sólo" Adverb ADV lang:es 00:00:24 00:00:31 tt-1806 MF103_1989_CT_SU2012_JH_10 
"<el>"
	"el" Determiner ART Singular lang:es 00:00:24 00:00:31 tt-1807 MF103_1989_CT_SU2012_JH_10 @Gram:Det:Art ADD:341 
"<Valle>"
	"Valle" Noun NP Singular lang:es 00:00:24 00:00:31 tt-1808 MF103_1989_CT_SU2012_JH_10 
"<$.>"
	"." Punctuation FS lang:es 00:00:24 00:00:31 tt-1809 MF103_1989_CT_SU2012_JH_10 
</speaker>
</text>

