<text id="MF103_1989_CT_SU2012_JH_04">
<speaker type="int">
"<Eh>"
	"eh" Noun NP Singular lang:es 00:00:00 00:00:06 tt-513 MF103_1989_CT_SU2012_JH_04 
"<...>"
	"..." Punctuation DOTS lang:es 00:00:00 00:00:06 tt-514 MF103_1989_CT_SU2012_JH_04 
"<$¿>"
	"¿" Punctuation FS lang:es 00:00:00 00:00:06 tt-515 MF103_1989_CT_SU2012_JH_04 
"<quién>"
	"quién" Pronoun INT Singular lang:es 00:00:00 00:00:06 tt-516 MF103_1989_CT_SU2012_JH_04 
"<fue>"
	"ser" Verb VSfin Pret Indi Sing 3rd lang:es 00:00:00 00:00:06 tt-517 MF103_1989_CT_SU2012_JH_04 @Gram:Indefinido @Gram:SerEstar:Ser ADD:654 ADD:769 
"<la>"
	"el" Determiner ART Singular Fem lang:es 00:00:00 00:00:06 tt-518 MF103_1989_CT_SU2012_JH_04 @Gram:Det:Art ADD:395 
"<persona>"
	"persona" Noun NC Singular lang:es 00:00:00 00:00:06 tt-519 MF103_1989_CT_SU2012_JH_04 
"<más>"
	"más" Adverb ADV lang:es 00:00:00 00:00:06 tt-520 MF103_1989_CT_SU2012_JH_04 
"<importante>"
	"importante" Adjective ADJ Singular lang:es 00:00:00 00:00:06 tt-521 MF103_1989_CT_SU2012_JH_04 
"<en>"
	"en" Preposition PREP lang:es 00:00:00 00:00:06 tt-522 MF103_1989_CT_SU2012_JH_04 @Gram:Prep ADD:580 
"<tu>"
	"tú" Pronoun PPX Singular lang:es 00:00:00 00:00:06 tt-523 MF103_1989_CT_SU2012_JH_04 @Gram:Det:Pos ADD:425 
"<vida>"
	"vida" Noun NC Singular lang:es 00:00:00 00:00:06 tt-524 MF103_1989_CT_SU2012_JH_04 
"<$?>"
	"?" Punctuation FS lang:es 00:00:00 00:00:06 tt-525 MF103_1989_CT_SU2012_JH_04 
</speaker>
<speaker type="subj">

"<Yo>"
	"yo" Pronoun PPX Singular lang:es 00:00:06 00:00:11 tt-526 MF103_1989_CT_SU2012_JH_04 @Gram:Pron:Sujeto ADD:590 
"<diría>"
	"decir" Verb VLfin Cond Indi Sing 1st_or_3rd lang:es 00:00:06 00:00:11 tt-527 MF103_1989_CT_SU2012_JH_04 
"<,>"
	"," Punctuation CM lang:es 00:00:06 00:00:11 tt-528 MF103_1989_CT_SU2012_JH_04 
"<ahorita>"
	"ahora" Adverb ADV lang:es 00:00:06 00:00:11 tt-529 MF103_1989_CT_SU2012_JH_04 
"<hasta>"
	"hasta" Preposition PREP lang:es 00:00:06 00:00:11 tt-530 MF103_1989_CT_SU2012_JH_04 @Gram:Prep ADD:580 
"<ahorita>"
	"ahora" Adverb ADV lang:es 00:00:06 00:00:11 tt-531 MF103_1989_CT_SU2012_JH_04 
"<es>"
	"ser" Verb VSfin Pres Indi Sing 3rd lang:es 00:00:06 00:00:11 tt-532 MF103_1989_CT_SU2012_JH_04 @Gram:SerEstar:Ser ADD:769 
"<mi>"
	"mío" Pronoun PPO Singular lang:es 00:00:06 00:00:11 tt-533 MF103_1989_CT_SU2012_JH_04 @Gram:Det:Pos ADD:425 
"<papá>"
	"papá" Noun NC Singular lang:es 00:00:06 00:00:11 tt-534 MF103_1989_CT_SU2012_JH_04 
"<$.>"
	"." Punctuation FS lang:es 00:00:06 00:00:11 tt-535 MF103_1989_CT_SU2012_JH_04 

"<Por>"
	"por" Preposition PREP lang:es 00:00:06 00:00:11 tt-536 MF103_1989_CT_SU2012_JH_04 @Gram:Prep:Por SUBSTITUTE:251 ADD:574 
"<todos>"
	"todo" Determiner QU lang:es 00:00:06 00:00:11 tt-537 MF103_1989_CT_SU2012_JH_04 
"<los>"
	"el" Determiner ART Plural Masc lang:es 00:00:06 00:00:11 tt-538 MF103_1989_CT_SU2012_JH_04 @Gram:Det:Art ADD:395 
"<consejos>"
	"consejo" Noun NC Plural lang:es 00:00:06 00:00:11 tt-539 MF103_1989_CT_SU2012_JH_04 
"<y>"
	"y" Conjunction CC lang:es 00:00:06 00:00:11 tt-540 MF103_1989_CT_SU2012_JH_04 
"<siempre>"
	"siempre" Adverb ADV lang:es 00:00:06 00:00:11 tt-541 MF103_1989_CT_SU2012_JH_04 
"<ha>"
	"haber" Verb VHfin Pres Indi Sing 3rd lang:es 00:00:11 00:00:13 tt-542 MF103_1989_CT_SU2012_JH_04 @Gram:Haber:Exist ADD:785 
"<estado>"
	"estar" Verb VEadj Participle lang:es 00:00:11 00:00:13 tt-543 MF103_1989_CT_SU2012_JH_04 @Gram:SerEstar:Estar ADD:778 
"<ahí>"
	"ahí" Adverb ADV lang:es 00:00:11 00:00:13 tt-544 MF103_1989_CT_SU2012_JH_04 
"<,>"
	"," Punctuation CM lang:es 00:00:11 00:00:13 tt-545 MF103_1989_CT_SU2012_JH_04 
"<fíjate>"
	"fijar" Verb VLfin Pres Command Sing 2nd lang:es 00:00:11 00:00:13 tt-546 MF103_1989_CT_SU2012_JH_04 @Gram:MImp:Informal ADD:749 
"<,>"
	"," Punctuation CM lang:es 00:00:11 00:00:13 tt-547 MF103_1989_CT_SU2012_JH_04 
"<desde>"
	"desde" Preposition PREP lang:es 00:00:11 00:00:13 tt-548 MF103_1989_CT_SU2012_JH_04 @Gram:Prep ADD:580 
"<que>"
	"que" Conjunction CQUE lang:es 00:00:11 00:00:13 tt-549 MF103_1989_CT_SU2012_JH_04 
"<nací>"
	"nacer" Verb VLfin Pret Indi Sing 1st lang:es 00:00:11 00:00:13 tt-550 MF103_1989_CT_SU2012_JH_04 @Gram:Indefinido ADD:654 
"<$.>"
	"." Punctuation FS lang:es 00:00:11 00:00:13 tt-551 MF103_1989_CT_SU2012_JH_04 
</speaker>
<speaker type="int">

"<Okay>"
	"okay" Adjective JJ lang:en 00:00:13 00:00:16 tt-552 MF103_1989_CT_SU2012_JH_04 
"<$.>"
	"." Punctuation FS lang:es 00:00:13 00:00:16 tt-553 MF103_1989_CT_SU2012_JH_04 

"<$¿>"
	"¿" Punctuation FS lang:es 00:00:13 00:00:16 tt-554 MF103_1989_CT_SU2012_JH_04 
"<Y>"
	"y" Conjunction CC lang:es 00:00:13 00:00:16 tt-555 MF103_1989_CT_SU2012_JH_04 
"<trabajas>"
	"trabajar" Verb VLfin Pres Indi Sing 2nd lang:es 00:00:13 00:00:16 tt-556 MF103_1989_CT_SU2012_JH_04 
"<$?>"
	"?" Punctuation FS lang:es 00:00:13 00:00:16 tt-557 MF103_1989_CT_SU2012_JH_04 
</speaker>
<speaker type="subj">

"<Sí>"
	"sí" Adverb ADV lang:es 00:00:16 00:00:20 tt-558 MF103_1989_CT_SU2012_JH_04 
"<,>"
	"," Punctuation CM lang:es 00:00:16 00:00:20 tt-559 MF103_1989_CT_SU2012_JH_04 
"<ahorita>"
	"ahora" Adverb ADV lang:es 00:00:16 00:00:20 tt-560 MF103_1989_CT_SU2012_JH_04 
"<en>"
	"en" Preposition PREP lang:es 00:00:16 00:00:20 tt-561 MF103_1989_CT_SU2012_JH_04 @Gram:Prep ADD:580 
"<Walmart>"
	"UNK" Noun NP Singular lang:es 00:00:16 00:00:20 tt-562 MF103_1989_CT_SU2012_JH_04 
"<$.>"
	"." Punctuation FS lang:es 00:00:16 00:00:20 tt-563 MF103_1989_CT_SU2012_JH_04 
</speaker>
</text>

