<text id="MF104_1989_GV_SU2012_AW_01">
<speaker type="int">
"<$¿>"
	"¿" Punctuation FS lang:es 00:00:00 00:00:06 tt-373 MF104_1989_GV_SU2012_AW_01 
"<Y>"
	"y" Conjunciton Conjunction CC lang:es 00:00:00 00:00:06 tt-374 MF104_1989_GV_SU2012_AW_01 
"<qué>"
	"qué" Pronoun INT Singular lang:es 00:00:00 00:00:06 tt-375 MF104_1989_GV_SU2012_AW_01 
"<es>"
	"ser" Verb VSfin Pres Indi Sing 3rd lang:es 00:00:00 00:00:06 tt-376 MF104_1989_GV_SU2012_AW_01 @Gram:SerEstar:Ser 
"<la>"
	"el" Determiner ART Singular Fem lang:es 00:00:00 00:00:06 tt-377 MF104_1989_GV_SU2012_AW_01 @Gram:Det:Art 
"<diferencia>"
	"diferencia" Noun NC Singular lang:es 00:00:00 00:00:06 tt-378 MF104_1989_GV_SU2012_AW_01 
"<entre>"
	"entre" Preposition PREP lang:es 00:00:00 00:00:06 tt-379 MF104_1989_GV_SU2012_AW_01 @Gram:Prep 
"<los>"
	"el" Determiner ART Plural Masc lang:es 00:00:00 00:00:06 tt-380 MF104_1989_GV_SU2012_AW_01 @Gram:Det:Art 
"<mexicanos>"
	"mexicano" Noun NC Plural lang:es 00:00:00 00:00:06 tt-381 MF104_1989_GV_SU2012_AW_01 
"<y>"
	"y" Conjunciton Conjunction CC lang:es 00:00:00 00:00:06 tt-382 MF104_1989_GV_SU2012_AW_01 
"<la>"
	"el" Determiner ART Singular Fem lang:es 00:00:00 00:00:06 tt-383 MF104_1989_GV_SU2012_AW_01 @Gram:Det:Art 
"<gente>"
	"gente" Noun NC Singular lang:es 00:00:00 00:00:06 tt-384 MF104_1989_GV_SU2012_AW_01 
"<de>"
	"de" Preposition PREP lang:es 00:00:00 00:00:06 tt-385 MF104_1989_GV_SU2012_AW_01 @Gram:Prep 
"<Sudamérica>"
	"Sudamérica" Noun NP Singular lang:es 00:00:00 00:00:06 tt-386 MF104_1989_GV_SU2012_AW_01 
"<$?>"
	"?" Punctuation FS lang:es 00:00:00 00:00:06 tt-387 MF104_1989_GV_SU2012_AW_01 
</speaker>
<speaker type="subj">

"<Pues>"
	"pues" Conjunction CSUBF lang:es 00:00:06 00:00:13 tt-388 MF104_1989_GV_SU2012_AW_01 
"<,>"
	"," Punctuation CM lang:es 00:00:06 00:00:13 tt-389 MF104_1989_GV_SU2012_AW_01 
"<no>"
	"no" Adverb NEG lang:es 00:00:06 00:00:13 tt-390 MF104_1989_GV_SU2012_AW_01 
"<hay>"
	"haber" Verb VHfin Pres Indi Sing 3rd lang:es 00:00:06 00:00:13 tt-391 MF104_1989_GV_SU2012_AW_01 @Gram:Haber:Exist 
"<mucha>"
	"mucho" Adjective ADJ Singular lang:es 00:00:06 00:00:13 tt-392 MF104_1989_GV_SU2012_AW_01 
"<diferencia>"
	"diferencia" Noun NC Singular lang:es 00:00:06 00:00:13 tt-393 MF104_1989_GV_SU2012_AW_01 
"<más>"
	"más" Adverb ADV lang:es 00:00:06 00:00:13 tt-394 MF104_1989_GV_SU2012_AW_01 
"<que>"
	"que" Conjunction CQUE lang:es 00:00:06 00:00:13 tt-395 MF104_1989_GV_SU2012_AW_01 
"<el>"
	"el" Determiner ART Singular Masc lang:es 00:00:06 00:00:13 tt-396 MF104_1989_GV_SU2012_AW_01 @Gram:Det:Art 
"<acento>"
	"acento" Noun NC Singular lang:es 00:00:06 00:00:13 tt-397 MF104_1989_GV_SU2012_AW_01 
"<y>"
	"y" Conjunciton Conjunction CC lang:es 00:00:06 00:00:13 tt-398 MF104_1989_GV_SU2012_AW_01 
"<la>"
	"él" Pronoun PPC Singular lang:es 00:00:06 00:00:13 tt-399 MF104_1989_GV_SU2012_AW_01 @Gram:Pron:Objeto 
"<cultura>"
	"culturar" Verb VLfin Pres Indi Sing 3rd lang:es 00:00:06 00:00:13 tt-400 MF104_1989_GV_SU2012_AW_01 
"<un>"
	"un" Determiner ART Singular lang:es 00:00:06 00:00:13 tt-401 MF104_1989_GV_SU2012_AW_01 
"<poco>"
	"pocos" Determiner QU lang:es 00:00:06 00:00:13 tt-402 MF104_1989_GV_SU2012_AW_01 
"<cambia>"
	"cambiar" Verb VLfin Pres Indi Sing 3rd lang:es 00:00:06 00:00:13 tt-403 MF104_1989_GV_SU2012_AW_01 
"<o>"
	"o" Conjunciton Conjunction CC lang:es 00:00:06 00:00:13 tt-404 MF104_1989_GV_SU2012_AW_01 
"<el>"
	"el" Determiner ART Singular Masc lang:es 00:00:06 00:00:13 tt-405 MF104_1989_GV_SU2012_AW_01 @Gram:Det:Art 
"<gobierno>"
	"gobierno" Noun NC Singular lang:es 00:00:19 00:00:22 tt-406 MF104_1989_GV_SU2012_AW_01 
"<$.>"
	"." Punctuation FS lang:es 00:00:19 00:00:22 tt-407 MF104_1989_GV_SU2012_AW_01 

"<No>"
	"no" Adverb NEG lang:es 00:00:19 00:00:22 tt-408 MF104_1989_GV_SU2012_AW_01 
"<sé>"
	"saber|ser" Verb VLfin Pres Indi Sing 1st lang:es 00:00:19 00:00:22 tt-409 MF104_1989_GV_SU2012_AW_01 
"<cómo>"
	"cómo" Adverb ADV lang:es 00:00:19 00:00:22 tt-410 MF104_1989_GV_SU2012_AW_01 
"<explicarte>"
	"explicar" Verb VLinf Pres Subj Sing 1st_or_3rd lang:es 00:00:19 00:00:22 tt-411 MF104_1989_GV_SU2012_AW_01 @Gram:MSub:Pres 
"<,>"
	"," Punctuation CM lang:es 00:00:19 00:00:22 tt-412 MF104_1989_GV_SU2012_AW_01 
"<pero>"
	"pero" Conjunction CCAD lang:es 00:00:19 00:00:22 tt-413 MF104_1989_GV_SU2012_AW_01 @Prag:MarcadoresDisc:Revision 
"<...>"
	"..." Punctuation DOTS lang:es 00:00:19 00:00:22 tt-414 MF104_1989_GV_SU2012_AW_01 
</speaker>
<speaker type="int">
"<$¿>"
	"¿" Punctuation FS lang:es 00:00:22 00:00:25 tt-415 MF104_1989_GV_SU2012_AW_01 
"<O>"
	"o" Conjunciton Conjunction CC lang:es 00:00:22 00:00:25 tt-416 MF104_1989_GV_SU2012_AW_01 
"<dicen>"
	"decir" Verb VLfin Pres Indi Plural 3rd lang:es 00:00:22 00:00:25 tt-417 MF104_1989_GV_SU2012_AW_01 
"<ciertas>"
	"cierto" "cierta|cierto" Determiner QU Plural Fem lang:es 00:00:22 00:00:25 tt-418 MF104_1989_GV_SU2012_AW_01 @Gram:Det:CuantIndef 
"<palabras>"
	"palabra" Noun NC Plural lang:es 00:00:22 00:00:25 tt-419 MF104_1989_GV_SU2012_AW_01 
"<que>"
	"que" Conjunction CQUE lang:es 00:00:22 00:00:25 tt-420 MF104_1989_GV_SU2012_AW_01 
"<no>"
	"no" Adverb NEG lang:es 00:00:22 00:00:25 tt-421 MF104_1989_GV_SU2012_AW_01 
"<usan>"
	"usar" Verb VLfin Pres Indi Plural 3rd lang:es 00:00:22 00:00:25 tt-422 MF104_1989_GV_SU2012_AW_01 
"<en>"
	"en" Preposition PREP lang:es 00:00:22 00:00:25 tt-423 MF104_1989_GV_SU2012_AW_01 @Gram:Prep 
"<México>"
	"México" Noun NP Singular lang:es 00:00:22 00:00:25 tt-424 MF104_1989_GV_SU2012_AW_01 
"<...>"
	"..." Punctuation DOTS lang:es 00:00:22 00:00:25 tt-425 MF104_1989_GV_SU2012_AW_01 
</speaker>
<speaker type="subj">
"<Ah>"
	"ah" Other UH lang:en 00:00:25 00:00:30 tt-426 MF104_1989_GV_SU2012_AW_01 
"<,>"
	"," Punctuation CM lang:es 00:00:25 00:00:30 tt-427 MF104_1989_GV_SU2012_AW_01 
"<sí>"
	"sí" Adverb ADV lang:es 00:00:25 00:00:30 tt-428 MF104_1989_GV_SU2012_AW_01 
"<$.>"
	"." Punctuation FS lang:es 00:00:25 00:00:30 tt-429 MF104_1989_GV_SU2012_AW_01 

"<Las>"
	"el" Determiner ART Plural Fem lang:es 00:00:25 00:00:30 tt-430 MF104_1989_GV_SU2012_AW_01 @Gram:Det:Art 
"<palabras>"
	"palabra" Noun NC Plural lang:es 00:00:25 00:00:30 tt-431 MF104_1989_GV_SU2012_AW_01 
"<son>"
	"ser" Verb VSfin Pres Indi Plural 3rd lang:es 00:00:25 00:00:30 tt-432 MF104_1989_GV_SU2012_AW_01 @Gram:SerEstar:Ser 
"<distintas>"
	"distinto" Adjective ADJ Plural lang:es 00:00:25 00:00:30 tt-433 MF104_1989_GV_SU2012_AW_01 
"<$.>"
	"." Punctuation FS lang:es 00:00:25 00:00:30 tt-434 MF104_1989_GV_SU2012_AW_01 
</speaker>
<speaker type="int">

"<$¿>"
	"¿" Punctuation FS lang:es 00:00:30 00:00:32 tt-435 MF104_1989_GV_SU2012_AW_01 
"<Tienes>"
	"tener" Verb VLfin Pres Indi Sing 2nd lang:es 00:00:30 00:00:32 tt-436 MF104_1989_GV_SU2012_AW_01 
"<ejemplo>"
	"ejemplo" Noun NC Singular lang:es 00:00:30 00:00:32 tt-437 MF104_1989_GV_SU2012_AW_01 
"<$?>"
	"?" Punctuation FS lang:es 00:00:30 00:00:32 tt-438 MF104_1989_GV_SU2012_AW_01 
</speaker>
<speaker type="subj">

"<Ay>"
	"ay" Noun NP Singular lang:es 00:00:32 00:00:35 tt-439 MF104_1989_GV_SU2012_AW_01 
"<no>"
	"no" Adverb NEG lang:es 00:00:32 00:00:35 tt-440 MF104_1989_GV_SU2012_AW_01 
"<sé>"
	"saber|ser" Verb VLfin Pres Indi Sing 1st lang:es 00:00:32 00:00:35 tt-441 MF104_1989_GV_SU2012_AW_01 
"<...>"
	"..." Punctuation DOTS lang:es 00:00:32 00:00:35 tt-442 MF104_1989_GV_SU2012_AW_01 
"<[>"
	"[" Punctuation LP lang:es 00:00:35 00:00:36 tt-443 MF104_1989_GV_SU2012_AW_01 
"<Pausa>"
	"pausa" Noun NC Singular lang:es 00:00:35 00:00:36 tt-444 MF104_1989_GV_SU2012_AW_01 
"<]>"
	"]" Other RP lang:es 00:00:35 00:00:36 tt-445 MF104_1989_GV_SU2012_AW_01 
"<Vos>"
	"UNK" Adjective ADJ Plural lang:es 00:00:36 00:00:43 tt-446 MF104_1989_GV_SU2012_AW_01 
"<$.>"
	"." Punctuation FS lang:es 00:00:36 00:00:43 tt-447 MF104_1989_GV_SU2012_AW_01 

"<Hablan>"
	"hablar" Verb VLfin Pres Indi Plural 3rd lang:es 00:00:36 00:00:43 tt-448 MF104_1989_GV_SU2012_AW_01 ID:76 R:Vocab:Fraseol:VerbPrep:78 
"<...>"
	"..." Punctuation DOTS lang:es 00:00:36 00:00:43 tt-449 MF104_1989_GV_SU2012_AW_01 
"<en>"
	"en" Preposition PREP lang:es 00:00:36 00:00:43 tt-450 MF104_1989_GV_SU2012_AW_01 @Gram:Prep ID:78 
"<vez>"
	"vez" Preposition PREP lang:es 00:00:36 00:00:43 tt-451 MF104_1989_GV_SU2012_AW_01 @Gram:Prep 
"<de>"
	"de" Preposition PREP lang:es 00:00:36 00:00:43 tt-452 MF104_1989_GV_SU2012_AW_01 @Gram:Prep 
"<...>"
	"..." Punctuation DOTS lang:es 00:00:36 00:00:43 tt-453 MF104_1989_GV_SU2012_AW_01 
"<nosotros>"
	"nosotros" Pronoun PPX Plural lang:es 00:00:36 00:00:43 tt-454 MF104_1989_GV_SU2012_AW_01 @Gram:Pron:Sujeto 
"<hablamos>"
	"hablar" Verb VLfin Pres_or_Pret Indi Plural 1st lang:es 00:00:36 00:00:43 tt-455 MF104_1989_GV_SU2012_AW_01 ID:83 R:Vocab:Fraseol:VerbPrep:84 
"<con>"
	"con" Preposition PREP lang:es 00:00:36 00:00:43 tt-456 MF104_1989_GV_SU2012_AW_01 @Gram:Prep ID:84 
"<tú>"
	"tú" Pronoun PPX Singular lang:es 00:00:36 00:00:43 tt-457 MF104_1989_GV_SU2012_AW_01 @Gram:Pron:Sujeto 
"<oye>"
	"oír" Verb VLfin Pres Indi_Command Sing 2nd_3rd lang:es 00:00:36 00:00:43 tt-458 MF104_1989_GV_SU2012_AW_01 
"<$.>"
	"." Punctuation FS lang:es 00:00:36 00:00:43 tt-459 MF104_1989_GV_SU2012_AW_01 

"<$¿>"
	"¿" Punctuation FS lang:es 00:00:36 00:00:43 tt-460 MF104_1989_GV_SU2012_AW_01 
"<Tú>"
	"tú" Pronoun PPX Singular lang:es 00:00:36 00:00:43 tt-461 MF104_1989_GV_SU2012_AW_01 @Gram:Pron:Sujeto 
"<de>"
	"de" Preposition PREP lang:es 00:00:36 00:00:43 tt-462 MF104_1989_GV_SU2012_AW_01 @Gram:Prep 
"<dónde>"
	"dónde" Adverb ADV lang:es 00:00:36 00:00:43 tt-463 MF104_1989_GV_SU2012_AW_01 
"<eres>"
	"ser" Verb VSfin Pres Indi Sing 2nd lang:es 00:00:36 00:00:43 tt-464 MF104_1989_GV_SU2012_AW_01 @Gram:SerEstar:Ser 
"<$?>"
	"?" Punctuation FS lang:es 00:00:36 00:00:43 tt-465 MF104_1989_GV_SU2012_AW_01 
<lang code="en">

"<Ah>"
	"ah" Other UH lang:en 00:00:36 00:00:43 tt-466 MF104_1989_GV_SU2012_AW_01 
</lang>
"<,>"
	"," Punctuation CM lang:es 00:00:36 00:00:43 tt-467 MF104_1989_GV_SU2012_AW_01 
"<pues>"
	"pues" Conjunction CSUBF lang:es 00:00:36 00:00:43 tt-468 MF104_1989_GV_SU2012_AW_01 
"<,>"
	"," Punctuation CM lang:es 00:00:36 00:00:43 tt-469 MF104_1989_GV_SU2012_AW_01 
"<ellos>"
	"él" Pronoun PPX Plural lang:es 00:00:43 00:00:48 tt-470 MF104_1989_GV_SU2012_AW_01 @Gram:Pron:Sujeto 
"<dicen>"
	"decir" Verb VLfin Pres Indi Plural 3rd lang:es 00:00:43 00:00:48 tt-471 MF104_1989_GV_SU2012_AW_01 
"<vos>"
	"vosotros" Pronoun PPX Plural lang:es 00:00:43 00:00:48 tt-472 MF104_1989_GV_SU2012_AW_01 
"<,>"
	"," Punctuation CM lang:es 00:00:43 00:00:48 tt-473 MF104_1989_GV_SU2012_AW_01 
"<$¿>"
	"¿" Punctuation FS lang:es 00:00:43 00:00:48 tt-474 MF104_1989_GV_SU2012_AW_01 
"<cómo>"
	"cómo" Adverb ADV lang:es 00:00:43 00:00:48 tt-475 MF104_1989_GV_SU2012_AW_01 
"<te>"
	"tú" Pronoun PPX Singular lang:es 00:00:43 00:00:48 tt-476 MF104_1989_GV_SU2012_AW_01 @Gram:Pron:Objeto 
"<llamas>"
	"llamar" Verb VLfin Pres Indi Sing 2nd lang:es 00:00:43 00:00:48 tt-477 MF104_1989_GV_SU2012_AW_01 
"<$?>"
	"?" Punctuation FS lang:es 00:00:43 00:00:48 tt-478 MF104_1989_GV_SU2012_AW_01 

"<Es>"
	"ser" Verb VSfin Pres Indi Sing 3rd lang:es 00:00:43 00:00:48 tt-479 MF104_1989_GV_SU2012_AW_01 @Gram:SerEstar:Ser 
"<como>"
	"como" Conjunction CSUBX lang:es 00:00:43 00:00:48 tt-480 MF104_1989_GV_SU2012_AW_01 
"<te>"
	"tú" Pronoun PPX Singular lang:es 00:00:43 00:00:48 tt-481 MF104_1989_GV_SU2012_AW_01 @Gram:Pron:Objeto 
"<llamas>"
	"llamar" Verb VLfin Pres Indi Sing 2nd lang:es 00:00:43 00:00:48 tt-482 MF104_1989_GV_SU2012_AW_01 
"<tú>"
	"tú" Pronoun PPX Singular lang:es 00:00:43 00:00:48 tt-483 MF104_1989_GV_SU2012_AW_01 @Gram:Pron:Sujeto 
"<,>"
	"," Punctuation CM lang:es 00:00:43 00:00:48 tt-484 MF104_1989_GV_SU2012_AW_01 
"<significa>"
	"significar" Verb VLfin Pres Indi Sing 3rd lang:es 00:00:43 00:00:48 tt-485 MF104_1989_GV_SU2012_AW_01 
"<$.>"
	"." Punctuation FS lang:es 00:00:43 00:00:48 tt-486 MF104_1989_GV_SU2012_AW_01 
</speaker>
</text>

