<text id="MF103_1989_CT_SU2012_JH_09">
<speaker type="int">
"<Bueno>"
	"bueno" Adjective ADJ Singular lang:es 00:00:00 00:00:07 tt-1470 MF103_1989_CT_SU2012_JH_09 
"<$.>"
	"." Punctuation FS lang:es 00:00:00 00:00:07 tt-1471 MF103_1989_CT_SU2012_JH_09 

"<Eh>"
	"eh" Noun NP Singular lang:es 00:00:00 00:00:07 tt-1472 MF103_1989_CT_SU2012_JH_09 
"<...>"
	"..." Punctuation DOTS lang:es 00:00:00 00:00:07 tt-1473 MF103_1989_CT_SU2012_JH_09 
"<$¿>"
	"¿" Punctuation FS lang:es 00:00:00 00:00:07 tt-1474 MF103_1989_CT_SU2012_JH_09 
"<hay>"
	"haber" Verb VHfin Pres Indi Sing 3rd lang:es 00:00:00 00:00:07 tt-1475 MF103_1989_CT_SU2012_JH_09 @Gram:Haber:Exist ADD:829 
"<dialectos>"
	"dialecto" Noun NC Plural lang:es 00:00:00 00:00:07 tt-1476 MF103_1989_CT_SU2012_JH_09 
"<distintos>"
	"distinto" Adjective ADJ Plural lang:es 00:00:00 00:00:07 tt-1477 MF103_1989_CT_SU2012_JH_09 
"<del>"
	"del" Preposition PDEL lang:es 00:00:00 00:00:07 tt-1478 MF103_1989_CT_SU2012_JH_09 @Gram:Prep ADD:624 
"<español>"
	"español" Noun NC Singular lang:es 00:00:00 00:00:07 tt-1479 MF103_1989_CT_SU2012_JH_09 
"<que>"
	"que" Conjunction CQUE lang:es 00:00:00 00:00:07 tt-1480 MF103_1989_CT_SU2012_JH_09 
"<se>"
	"se" Other SE lang:es 00:00:00 00:00:07 tt-1481 MF103_1989_CT_SU2012_JH_09 
"<hablan>"
	"hablar" Verb VLfin Pres Indi Plural 3rd lang:es 00:00:00 00:00:07 tt-1482 MF103_1989_CT_SU2012_JH_09 ID:13 R:Vocab:Fraseol:VerbPrep:14 ADDRELATION(Vocab:Fraseol:VerbPrep):1223 
"<en>"
	"en" Preposition PREP lang:es 00:00:00 00:00:07 tt-1483 MF103_1989_CT_SU2012_JH_09 @Gram:Prep ID:14 ADD:624 
"<Tejas>"
	"UNK" Noun NP Plural lang:es 00:00:00 00:00:07 tt-1484 MF103_1989_CT_SU2012_JH_09 
"<$?>"
	"?" Punctuation FS lang:es 00:00:00 00:00:07 tt-1485 MF103_1989_CT_SU2012_JH_09 

"<Y>"
	"y" Conjunciton Conjunction CC lang:es 00:00:00 00:00:07 tt-1486 MF103_1989_CT_SU2012_JH_09 SUBSTITUTE:394 
"<por>"
	"por" Preposition PREP lang:es 00:00:00 00:00:07 tt-1487 MF103_1989_CT_SU2012_JH_09 @Gram:Prep:Por SUBSTITUTE:269 SUBSTITUTE:270 ADD:618 
"<dialectos>"
	"dialecto" Noun NC Plural lang:es 00:00:00 00:00:07 tt-1488 MF103_1989_CT_SU2012_JH_09 
"<me>"
	"yo" Pronoun PPX Singular lang:es 00:00:11 00:00:15 tt-1489 MF103_1989_CT_SU2012_JH_09 @Gram:Pron:Objeto ADD:658 
"<refiero>"
	"referir" Verb VLfin Pres Indi Sing 1st lang:es 00:00:11 00:00:15 tt-1490 MF103_1989_CT_SU2012_JH_09 
"<a>"
	"a" Preposition PREP lang:es 00:00:11 00:00:15 tt-1491 MF103_1989_CT_SU2012_JH_09 @Gram:Prep SUBSTITUTE:398 ADD:624 
"<diferentes>"
	"diferente" Adjective ADJ Plural lang:es 00:00:11 00:00:15 tt-1492 MF103_1989_CT_SU2012_JH_09 
"<variantes>"
	"variante" Noun NC Plural lang:es 00:00:11 00:00:15 tt-1493 MF103_1989_CT_SU2012_JH_09 
"<del>"
	"del" Preposition PDEL lang:es 00:00:11 00:00:15 tt-1494 MF103_1989_CT_SU2012_JH_09 @Gram:Prep ADD:624 
"<español>"
	"español" Noun NC Singular lang:es 00:00:11 00:00:15 tt-1495 MF103_1989_CT_SU2012_JH_09 
"<$.>"
	"." Punctuation FS lang:es 00:00:11 00:00:15 tt-1496 MF103_1989_CT_SU2012_JH_09 
</speaker>
<speaker type="subj">

"<$¿>"
	"¿" Punctuation FS lang:es 00:00:15 00:00:22 tt-1497 MF103_1989_CT_SU2012_JH_09 
"<Regionales>"
	"regional" Adjective ADJ Plural lang:es 00:00:15 00:00:22 tt-1498 MF103_1989_CT_SU2012_JH_09 
"<$?>"
	"?" Punctuation FS lang:es 00:00:15 00:00:22 tt-1499 MF103_1989_CT_SU2012_JH_09 

"<Se>"
	"se" Other SE lang:es 00:00:15 00:00:22 tt-1500 MF103_1989_CT_SU2012_JH_09 
"<puede>"
	"poder" Verb VMfin lang:es 00:00:15 00:00:22 tt-1501 MF103_1989_CT_SU2012_JH_09 
"<decir>"
	"decir" Verb VLinf Infinitive lang:es 00:00:15 00:00:22 tt-1502 MF103_1989_CT_SU2012_JH_09 SUBSTITUTE:329 
"<una>"
	"un" Determiner ART Singular lang:es 00:00:15 00:00:22 tt-1503 MF103_1989_CT_SU2012_JH_09 
"<parte>"
	"parte" Noun NC Singular lang:es 00:00:15 00:00:22 tt-1504 MF103_1989_CT_SU2012_JH_09 
"<de>"
	"de" Preposition PREP lang:es 00:00:15 00:00:22 tt-1505 MF103_1989_CT_SU2012_JH_09 @Gram:Prep ADD:624 
"<regionales>"
	"regional" Adjective ADJ Plural lang:es 00:00:15 00:00:22 tt-1506 MF103_1989_CT_SU2012_JH_09 
"<,>"
	"," Punctuation CM lang:es 00:00:15 00:00:22 tt-1507 MF103_1989_CT_SU2012_JH_09 
"<porque>"
	"porque" Conjunction CSUBX lang:es 00:00:15 00:00:22 tt-1508 MF103_1989_CT_SU2012_JH_09 @Prag:MarcadoresDisc:Causa ADD:1099 
"<depende>"
	"depender" Verb VLfin Pres Indi Sing 3rd lang:es 00:00:15 00:00:22 tt-1509 MF103_1989_CT_SU2012_JH_09 
"<de>"
	"de" Preposition PREP lang:es 00:00:15 00:00:22 tt-1510 MF103_1989_CT_SU2012_JH_09 @Gram:Prep ADD:624 
"<donde>"
	"donde" Adverb ADV lang:es 00:00:15 00:00:22 tt-1511 MF103_1989_CT_SU2012_JH_09 
"<venga>"
	"vengar|venir" Verb VLfin Pres Subj Sing 1st_or_3rd lang:es 00:00:15 00:00:22 tt-1512 MF103_1989_CT_SU2012_JH_09 @Gram:MSub:Pres ADD:782 
"<la>"
	"el" Determiner ART Singular Fem lang:es 00:00:15 00:00:22 tt-1513 MF103_1989_CT_SU2012_JH_09 @Gram:Det:Art ADD:426 
"<...>"
	"..." Punctuation DOTS lang:es 00:00:15 00:00:22 tt-1514 MF103_1989_CT_SU2012_JH_09 
"<la>"
	"el" Determiner ART Singular Fem lang:es 00:00:15 00:00:22 tt-1515 MF103_1989_CT_SU2012_JH_09 @Gram:Det:Art ADD:426 
"<gente>"
	"gente" Noun NC Singular lang:es 00:00:15 00:00:22 tt-1516 MF103_1989_CT_SU2012_JH_09 
"<$.>"
	"." Punctuation FS lang:es 00:00:15 00:00:22 tt-1517 MF103_1989_CT_SU2012_JH_09 
</speaker>
<speaker type="int">

"<$¿>"
	"¿" Punctuation FS lang:es 00:00:22 00:00:25 tt-1518 MF103_1989_CT_SU2012_JH_09 
"<Cómo>"
	"cómo" Adverb ADV lang:es 00:00:22 00:00:25 tt-1519 MF103_1989_CT_SU2012_JH_09 
"<,>"
	"," Punctuation CM lang:es 00:00:22 00:00:25 tt-1520 MF103_1989_CT_SU2012_JH_09 
"<qué>"
	"qué" Pronoun INT Singular lang:es 00:00:22 00:00:25 tt-1521 MF103_1989_CT_SU2012_JH_09 
"<diferencias>"
	"diferencia" Noun NC Plural lang:es 00:00:22 00:00:25 tt-1522 MF103_1989_CT_SU2012_JH_09 
"<ves>"
	"ver" Verb VLfin Pres Indi Sing 2nd lang:es 00:00:22 00:00:25 tt-1523 MF103_1989_CT_SU2012_JH_09 
"<tú>"
	"tú" Pronoun PPX Singular lang:es 00:00:22 00:00:25 tt-1524 MF103_1989_CT_SU2012_JH_09 @Gram:Pron:Sujeto ADD:634 
"<$?>"
	"?" Punctuation FS lang:es 00:00:22 00:00:25 tt-1525 MF103_1989_CT_SU2012_JH_09 
</speaker>
<speaker type="subj">

"<Uh>"
	"uh" Other UH lang:en 00:00:25 00:00:30 tt-1526 MF103_1989_CT_SU2012_JH_09 
"<...>"
	"..." Punctuation DOTS lang:es 00:00:25 00:00:30 tt-1527 MF103_1989_CT_SU2012_JH_09 
"<yo>"
	"yo" Pronoun PPX Singular lang:es 00:00:25 00:00:30 tt-1528 MF103_1989_CT_SU2012_JH_09 @Gram:Pron:Sujeto ADD:634 
"<diría>"
	"decir" Verb VLfin Cond Indi Sing 1st_or_3rd lang:es 00:00:25 00:00:30 tt-1529 MF103_1989_CT_SU2012_JH_09 
"<pues>"
	"pues" Conjunction CSUBF lang:es 00:00:25 00:00:30 tt-1530 MF103_1989_CT_SU2012_JH_09 
"<si>"
	"si" Conjunction CSUBX lang:es 00:00:25 00:00:30 tt-1531 MF103_1989_CT_SU2012_JH_09 
"<los>"
	"el" Determiner ART Plural Masc lang:es 00:00:25 00:00:30 tt-1532 MF103_1989_CT_SU2012_JH_09 @Gram:Det:Art ADD:426 
"<de>"
	"de" Preposition PREP lang:es 00:00:25 00:00:30 tt-1533 MF103_1989_CT_SU2012_JH_09 @Gram:Prep ADD:624 
"<...>"
	"..." Punctuation DOTS lang:es 00:00:25 00:00:30 tt-1534 MF103_1989_CT_SU2012_JH_09 
"<por>"
	"por" Preposition PREP lang:es 00:00:25 00:00:30 tt-1535 MF103_1989_CT_SU2012_JH_09 @Gram:Prep:Por ID:66 R:Prag:MarcadoresDisc:Igualdad:67 SUBSTITUTE:269 SUBSTITUTE:270 ADD:605 ADDRELATION(Prag:MarcadoresDisc:Igualdad):1136 
"<ejemplo>"
	"ejemplo" Adverb ADV lang:es 00:00:25 00:00:30 tt-1536 MF103_1989_CT_SU2012_JH_09 ID:67 
"<los>"
	"el" Determiner ART Plural Masc lang:es 00:00:25 00:00:30 tt-1537 MF103_1989_CT_SU2012_JH_09 @Gram:Det:Art ADD:426 
"<del>"
	"del" Preposition PDEL lang:es 00:00:25 00:00:30 tt-1538 MF103_1989_CT_SU2012_JH_09 @Gram:Prep ADD:624 
"<De>"
	"de" Preposition PREP lang:es 00:00:25 00:00:30 tt-1539 MF103_1989_CT_SU2012_JH_09 @Gram:Prep ADD:624 
"<Efe>"
	"UNK" Noun NC Singular lang:es 00:00:25 00:00:30 tt-1540 MF103_1989_CT_SU2012_JH_09 
"<,>"
	"," Punctuation CM lang:es 00:00:25 00:00:30 tt-1541 MF103_1989_CT_SU2012_JH_09 
"<los>"
	"el" Determiner ART Plural Masc lang:es 00:00:25 00:00:30 tt-1542 MF103_1989_CT_SU2012_JH_09 @Gram:Det:Art ADD:426 
"<de>"
	"de" Preposition PREP lang:es 00:00:25 00:00:30 tt-1543 MF103_1989_CT_SU2012_JH_09 @Gram:Prep ADD:624 
"<Monterrey>"
	"Monterrey" Noun NP Singular lang:es 00:00:25 00:00:30 tt-1544 MF103_1989_CT_SU2012_JH_09 
"<,>"
	"," Punctuation CM lang:es 00:00:25 00:00:30 tt-1545 MF103_1989_CT_SU2012_JH_09 
"<los>"
	"el" Determiner ART Plural Masc lang:es 00:00:25 00:00:30 tt-1546 MF103_1989_CT_SU2012_JH_09 @Gram:Det:Art ADD:426 
"<de>"
	"de" Preposition PREP lang:es 00:00:25 00:00:30 tt-1547 MF103_1989_CT_SU2012_JH_09 @Gram:Prep ADD:624 
"<esta>"
	"este" Determiner DM Singular lang:es 00:00:30 00:00:36 tt-1548 MF103_1989_CT_SU2012_JH_09 @Gram:Det:Demo ADD:442 
"<área>"
	"área" Noun NC Singular lang:es 00:00:30 00:00:36 tt-1549 MF103_1989_CT_SU2012_JH_09 
"<$.>"
	"." Punctuation FS lang:es 00:00:30 00:00:36 tt-1550 MF103_1989_CT_SU2012_JH_09 

"<Tienen>"
	"tener" Verb VLfin Pres Indi Plural 3rd lang:es 00:00:30 00:00:36 tt-1551 MF103_1989_CT_SU2012_JH_09 
"<diferentes>"
	"diferente" Adjective ADJ Plural lang:es 00:00:30 00:00:36 tt-1552 MF103_1989_CT_SU2012_JH_09 
"<palabras>"
	"palabra" Noun NC Plural lang:es 00:00:30 00:00:36 tt-1553 MF103_1989_CT_SU2012_JH_09 
"<que>"
	"que" Conjunction CQUE lang:es 00:00:30 00:00:36 tt-1554 MF103_1989_CT_SU2012_JH_09 
"<uno>"
	"uno" Determiner CARD Singular lang:es 00:00:30 00:00:36 tt-1555 MF103_1989_CT_SU2012_JH_09 @Gram:Pron:Sujeto ADD:642 
"<puede>"
	"poder" Verb VMfin lang:es 00:00:30 00:00:36 tt-1556 MF103_1989_CT_SU2012_JH_09 
"<entender>"
	"entender" Verb VLinf Infinitive lang:es 00:00:30 00:00:36 tt-1557 MF103_1989_CT_SU2012_JH_09 SUBSTITUTE:329 
"<de>"
	"de" Preposition PREP lang:es 00:00:30 00:00:36 tt-1558 MF103_1989_CT_SU2012_JH_09 @Gram:Prep ADD:624 
"<diferente>"
	"diferente" Adjective ADJ Singular lang:es 00:00:30 00:00:36 tt-1559 MF103_1989_CT_SU2012_JH_09 
"<forma>"
	"forma" Noun NC Singular lang:es 00:00:30 00:00:36 tt-1560 MF103_1989_CT_SU2012_JH_09 
"<$.>"
	"." Punctuation FS lang:es 00:00:30 00:00:36 tt-1561 MF103_1989_CT_SU2012_JH_09 
</speaker>
</text>

