<text id="MM005_1967_EP_SU2011_AD_15">
<speaker type="int">
"<Qué>"
	"qué" Pronoun INT Singular lang:es 00:00:00 00:00:05 tt-5156 MM005_1967_EP_SU2011_AD_15 
"<bien>"
	"bien" Noun NC Singular lang:es 00:00:00 00:00:05 tt-5157 MM005_1967_EP_SU2011_AD_15 
"<$.>"
	"." Punctuation FS lang:es 00:00:00 00:00:05 tt-5158 MM005_1967_EP_SU2011_AD_15 

"<$¿>"
	"¿" Punctuation FS lang:es 00:00:00 00:00:05 tt-5159 MM005_1967_EP_SU2011_AD_15 
"<Cuántos>"
	"UNK" Noun NC Plural lang:es 00:00:00 00:00:05 tt-5160 MM005_1967_EP_SU2011_AD_15 
"<años>"
	"año" Noun NC Plural lang:es 00:00:00 00:00:05 tt-5161 MM005_1967_EP_SU2011_AD_15 
"<tienes>"
	"tener" Verb VLfin Pres Indi Sing 2nd lang:es 00:00:00 00:00:05 tt-5162 MM005_1967_EP_SU2011_AD_15 
"<$?>"
	"?" Punctuation FS lang:es 00:00:00 00:00:05 tt-5163 MM005_1967_EP_SU2011_AD_15 

"<Yo>"
	"yo" Pronoun PPX Singular lang:es 00:00:05 00:00:08 tt-5164 MM005_1967_EP_SU2011_AD_15 @Gram:Pron:Sujeto 
"<tengo>"
	"tener" Verb VLfin Pres Indi Sing 1st lang:es 00:00:05 00:00:08 tt-5165 MM005_1967_EP_SU2011_AD_15 
"<cuarenta>"
	"cuarenta" Determiner CARD Singular lang:es 00:00:05 00:00:08 tt-5166 MM005_1967_EP_SU2011_AD_15 
"<y>"
	"y" Conjunction CC lang:es 00:00:05 00:00:08 tt-5167 MM005_1967_EP_SU2011_AD_15 
"<cuatro>"
	"cuatro" Determiner CARD Singular lang:es 00:00:05 00:00:08 tt-5168 MM005_1967_EP_SU2011_AD_15 
"<en>"
	"en" Preposition PREP lang:es 00:00:05 00:00:08 tt-5169 MM005_1967_EP_SU2011_AD_15 @Gram:Prep 
"<este>"
	"este" Determiner DM Singular lang:es 00:00:05 00:00:08 tt-5170 MM005_1967_EP_SU2011_AD_15 @Gram:Det:Demo 
"<momento>"
	"momento" Noun NC Singular lang:es 00:00:05 00:00:08 tt-5171 MM005_1967_EP_SU2011_AD_15 
"<$.>"
	"." Punctuation FS lang:es 00:00:05 00:00:08 tt-5172 MM005_1967_EP_SU2011_AD_15 

"<$¿>"
	"¿" Punctuation FS lang:es 00:00:08 00:00:11 tt-5173 MM005_1967_EP_SU2011_AD_15 
"<Dónde>"
	"dónde" Adverb ADV lang:es 00:00:08 00:00:11 tt-5174 MM005_1967_EP_SU2011_AD_15 
"<hiciste>"
	"hacer" Verb VLfin Pret Indi Sing 2nd lang:es 00:00:08 00:00:11 tt-5175 MM005_1967_EP_SU2011_AD_15 @Gram:Indefinido 
"<la>"
	"el" Determiner ART Singular lang:es 00:00:08 00:00:11 tt-5176 MM005_1967_EP_SU2011_AD_15 @Gram:Det:Art 
"<primaria>"
	"primario" Adjective ADJ Singular lang:es 00:00:08 00:00:11 tt-5177 MM005_1967_EP_SU2011_AD_15 
"<$?>"
	"?" Punctuation FS lang:es 00:00:08 00:00:11 tt-5178 MM005_1967_EP_SU2011_AD_15 
</speaker>
<speaker type="subj">

"<En>"
	"en" Preposition PREP lang:es 00:00:11 00:00:17 tt-5179 MM005_1967_EP_SU2011_AD_15 @Gram:Prep 
"<ciudad>"
	"ciudad" Noun NC Singular lang:es 00:00:11 00:00:17 tt-5180 MM005_1967_EP_SU2011_AD_15 
"<Juárez>"
	"Juárez" Noun NP Singular lang:es 00:00:11 00:00:17 tt-5181 MM005_1967_EP_SU2011_AD_15 
"<$.>"
	"." Punctuation FS lang:es 00:00:11 00:00:17 tt-5182 MM005_1967_EP_SU2011_AD_15 

"<$¿>"
	"¿" Punctuation FS lang:es 00:00:11 00:00:17 tt-5183 MM005_1967_EP_SU2011_AD_15 
"<Nombre>"
	"nombre" Noun NC Singular lang:es 00:00:11 00:00:17 tt-5184 MM005_1967_EP_SU2011_AD_15 
"<de>"
	"de" Preposition PREP lang:es 00:00:11 00:00:17 tt-5185 MM005_1967_EP_SU2011_AD_15 @Gram:Prep 
"<la>"
	"el" Determiner ART Singular lang:es 00:00:11 00:00:17 tt-5186 MM005_1967_EP_SU2011_AD_15 @Gram:Det:Art 
"<escuela>"
	"escuela" Noun NC Singular lang:es 00:00:11 00:00:17 tt-5187 MM005_1967_EP_SU2011_AD_15 
"<$?>"
	"?" Punctuation FS lang:es 00:00:11 00:00:17 tt-5188 MM005_1967_EP_SU2011_AD_15 

"<Se>"
	"se" Other SE lang:es 00:00:11 00:00:17 tt-5189 MM005_1967_EP_SU2011_AD_15 
"<llamaba>"
	"llamar" Verb VLfin Imp Indi Sing 1st_or_3rd lang:es 00:00:11 00:00:17 tt-5190 MM005_1967_EP_SU2011_AD_15 @Gram:Imperf 
"<la>"
	"el" Determiner ART Singular lang:es 00:00:11 00:00:17 tt-5191 MM005_1967_EP_SU2011_AD_15 @Gram:Det:Art 
"<Heroica>"
	"UNK" Noun NP Singular lang:es 00:00:11 00:00:17 tt-5192 MM005_1967_EP_SU2011_AD_15 
"<Veracruz>"
	"Veracruz" Noun NP Singular lang:es 00:00:11 00:00:17 tt-5193 MM005_1967_EP_SU2011_AD_15 
"<veinte>"
	"veinte" Determiner CARD Singular lang:es 00:00:11 00:00:17 tt-5194 MM005_1967_EP_SU2011_AD_15 
"<treinta>"
	"treinta" Determiner CARD Singular lang:es 00:00:11 00:00:17 tt-5195 MM005_1967_EP_SU2011_AD_15 
"<,>"
	"," Punctuation CM lang:es 00:00:11 00:00:17 tt-5196 MM005_1967_EP_SU2011_AD_15 
"<que>"
	"que" Conjunction CQUE lang:es 00:00:11 00:00:17 tt-5197 MM005_1967_EP_SU2011_AD_15 
"<es>"
	"ser" Verb VSfin Pres Indi Sing 3rd lang:es 00:00:11 00:00:17 tt-5198 MM005_1967_EP_SU2011_AD_15 @Gram:SerEstar:Ser 
"<la>"
	"el" Determiner ART Singular lang:es 00:00:17 00:00:19 tt-5199 MM005_1967_EP_SU2011_AD_15 @Gram:Det:Art 
"<primaria>"
	"primario" Adjective ADJ Singular lang:es 00:00:17 00:00:19 tt-5200 MM005_1967_EP_SU2011_AD_15 
"<$.>"
	"." Punctuation FS lang:es 00:00:17 00:00:19 tt-5201 MM005_1967_EP_SU2011_AD_15 
</speaker>
<speaker type="int">

"<$¿>"
	"¿" Punctuation FS lang:es 00:00:19 00:00:22 tt-5202 MM005_1967_EP_SU2011_AD_15 
"<Y>"
	"y" Conjunction CC lang:es 00:00:19 00:00:22 tt-5203 MM005_1967_EP_SU2011_AD_15 
"<las>"
	"el" Determiner ART Plural lang:es 00:00:19 00:00:22 tt-5204 MM005_1967_EP_SU2011_AD_15 @Gram:Det:Art 
"<clases>"
	"clase" Noun NC Plural lang:es 00:00:19 00:00:22 tt-5205 MM005_1967_EP_SU2011_AD_15 
"<se>"
	"se" Other SE lang:es 00:00:19 00:00:22 tt-5206 MM005_1967_EP_SU2011_AD_15 
"<impartían>"
	"UNK" Verb VLfin Pres Indi Plural 3rd lang:es 00:00:19 00:00:22 tt-5207 MM005_1967_EP_SU2011_AD_15 
"<sólo>"
	"sólo" Adverb ADV lang:es 00:00:19 00:00:22 tt-5208 MM005_1967_EP_SU2011_AD_15 
"<en>"
	"en" Preposition PREP lang:es 00:00:19 00:00:22 tt-5209 MM005_1967_EP_SU2011_AD_15 @Gram:Prep 
"<español>"
	"español" Noun NC Singular lang:es 00:00:19 00:00:22 tt-5210 MM005_1967_EP_SU2011_AD_15 
"<$?>"
	"?" Punctuation FS lang:es 00:00:19 00:00:22 tt-5211 MM005_1967_EP_SU2011_AD_15 

"<Sí>"
	"sí" Adverb ADV lang:es 00:00:22 00:00:24 tt-5212 MM005_1967_EP_SU2011_AD_15 
"<,>"
	"," Punctuation CM lang:es 00:00:22 00:00:24 tt-5213 MM005_1967_EP_SU2011_AD_15 
"<todo>"
	"todo" Determiner QU lang:es 00:00:22 00:00:24 tt-5214 MM005_1967_EP_SU2011_AD_15 
"<era>"
	"ser" Verb VEfin Imp Indi Sing 1st_or_3rd lang:es 00:00:22 00:00:24 tt-5215 MM005_1967_EP_SU2011_AD_15 @Gram:Imperf @Gram:SerEstar:Ser 
"<español>"
	"español" Adjective ADJ Singular lang:es 00:00:22 00:00:24 tt-5216 MM005_1967_EP_SU2011_AD_15 
"<$.>"
	"." Punctuation FS lang:es 00:00:22 00:00:24 tt-5217 MM005_1967_EP_SU2011_AD_15 

"<$¿>"
	"¿" Punctuation FS lang:es 00:00:24 00:00:27 tt-5218 MM005_1967_EP_SU2011_AD_15 
"<Dónde>"
	"dónde" Adverb ADV lang:es 00:00:24 00:00:27 tt-5219 MM005_1967_EP_SU2011_AD_15 
"<hiciste>"
	"hacer" Verb VLfin Pret Indi Sing 2nd lang:es 00:00:24 00:00:27 tt-5220 MM005_1967_EP_SU2011_AD_15 @Gram:Indefinido 
"<la>"
	"el" Determiner ART Singular lang:es 00:00:24 00:00:27 tt-5221 MM005_1967_EP_SU2011_AD_15 @Gram:Det:Art 
"<secundaria>"
	"secundario" Adjective ADJ Singular lang:es 00:00:24 00:00:27 tt-5222 MM005_1967_EP_SU2011_AD_15 
"<$?>"
	"?" Punctuation FS lang:es 00:00:24 00:00:27 tt-5223 MM005_1967_EP_SU2011_AD_15 
</speaker>
<speaker type="subj">

"<También>"
	"también" Adverb ADV lang:es 00:00:27 00:00:34 tt-5224 MM005_1967_EP_SU2011_AD_15 @Prag:MarcadoresDisc:Igualdad 
"<en>"
	"en" Preposition PREP lang:es 00:00:27 00:00:34 tt-5225 MM005_1967_EP_SU2011_AD_15 @Gram:Prep 
"<ciudad>"
	"ciudad" Noun NC Singular lang:es 00:00:27 00:00:34 tt-5226 MM005_1967_EP_SU2011_AD_15 
"<Juárez>"
	"Juárez" Noun NP Singular lang:es 00:00:27 00:00:34 tt-5227 MM005_1967_EP_SU2011_AD_15 
"<,>"
	"," Punctuation CM lang:es 00:00:27 00:00:34 tt-5228 MM005_1967_EP_SU2011_AD_15 
"<la>"
	"el" Determiner ART Singular lang:es 00:00:27 00:00:34 tt-5229 MM005_1967_EP_SU2011_AD_15 @Gram:Det:Art 
"<escuela>"
	"escuela" Noun NC Singular lang:es 00:00:27 00:00:34 tt-5230 MM005_1967_EP_SU2011_AD_15 
"<secundaria>"
	"secundario" Adjective ADJ Singular lang:es 00:00:27 00:00:34 tt-5231 MM005_1967_EP_SU2011_AD_15 
"<Número>"
	"número" Noun NC Singular lang:es 00:00:27 00:00:34 tt-5233 MM005_1967_EP_SU2011_AD_15 
"<uno>"
	"uno" Determiner CARD Singular lang:es 00:00:27 00:00:34 tt-5234 MM005_1967_EP_SU2011_AD_15 
"<y>"
	"y" Conjunction CC lang:es 00:00:27 00:00:34 tt-5235 MM005_1967_EP_SU2011_AD_15 
"<ahí>"
	"ahí" Adverb ADV lang:es 00:00:27 00:00:34 tt-5236 MM005_1967_EP_SU2011_AD_15 
"<sí>"
	"sí" Adverb ADV lang:es 00:00:27 00:00:34 tt-5237 MM005_1967_EP_SU2011_AD_15 
"<eran>"
	"erar|ser" Verb VLfin Past Subj Plural 2nd_or_3rd lang:es 00:00:27 00:00:34 tt-5238 MM005_1967_EP_SU2011_AD_15 @Gram:MSub:Pret @Gram:SerEstar:Ser 
"<...>"
	"..." Punctuation DOTS lang:es 00:00:27 00:00:34 tt-5239 MM005_1967_EP_SU2011_AD_15 
"<tenía>"
	"tener" Verb VLfin Imp Indi Sing 1st_or_3rd lang:es 00:00:27 00:00:34 tt-5240 MM005_1967_EP_SU2011_AD_15 @Gram:Imperf 
"<una>"
	"un" Determiner ART Singular lang:es 00:00:34 00:00:37 tt-5241 MM005_1967_EP_SU2011_AD_15 
"<clase>"
	"clase" Noun NC Singular lang:es 00:00:34 00:00:37 tt-5242 MM005_1967_EP_SU2011_AD_15 
"<de>"
	"de" Preposition PREP lang:es 00:00:34 00:00:37 tt-5243 MM005_1967_EP_SU2011_AD_15 @Gram:Prep 
"<inglés>"
	"inglés" Noun NC Plural lang:es 00:00:34 00:00:37 tt-5244 MM005_1967_EP_SU2011_AD_15 
"<todos>"
	"todo" Determiner QU lang:es 00:00:34 00:00:37 tt-5245 MM005_1967_EP_SU2011_AD_15 
"<los>"
	"el" Determiner ART Plural lang:es 00:00:34 00:00:37 tt-5246 MM005_1967_EP_SU2011_AD_15 @Gram:Det:Art 
"<días>"
	"día" Noun NC Plural lang:es 00:00:34 00:00:37 tt-5247 MM005_1967_EP_SU2011_AD_15 
"<$.>"
	"." Punctuation FS lang:es 00:00:34 00:00:37 tt-5248 MM005_1967_EP_SU2011_AD_15 
</speaker>
<speaker type="int">

"<Y>"
	"Y" Other ALFS lang:es 00:00:37 00:00:44 tt-5249 MM005_1967_EP_SU2011_AD_15 
"<cuéntame>"
	"contar" Verb VLfin Pres Command Sing 2nd lang:es 00:00:37 00:00:44 tt-5250 MM005_1967_EP_SU2011_AD_15 
"<de>"
	"de" Preposition PREP lang:es 00:00:37 00:00:44 tt-5251 MM005_1967_EP_SU2011_AD_15 @Gram:Prep 
"<tu>"
	"tú" Pronoun PPX Singular lang:es 00:00:37 00:00:44 tt-5252 MM005_1967_EP_SU2011_AD_15 @Gram:Pron:Sujeto 
"<educación>"
	"educación" Noun NC Singular lang:es 00:00:37 00:00:44 tt-5253 MM005_1967_EP_SU2011_AD_15 
"<después>"
	"después" Preposition PREP lang:es 00:00:37 00:00:44 tt-5254 MM005_1967_EP_SU2011_AD_15 @Gram:Prep 
"<de>"
	"de" Preposition PREP lang:es 00:00:37 00:00:44 tt-5255 MM005_1967_EP_SU2011_AD_15 @Gram:Prep 
"<la>"
	"el" Determiner ART Singular lang:es 00:00:37 00:00:44 tt-5256 MM005_1967_EP_SU2011_AD_15 @Gram:Det:Art 
"<secundaria>"
	"secundario" Adjective ADJ Singular lang:es 00:00:37 00:00:44 tt-5257 MM005_1967_EP_SU2011_AD_15 
"<$.>"
	"." Punctuation FS lang:es 00:00:37 00:00:44 tt-5258 MM005_1967_EP_SU2011_AD_15 
</speaker>
<speaker type="subj">

"<Después>"
	"después" Preposition PREP lang:es 00:00:45 00:00:52 tt-5259 MM005_1967_EP_SU2011_AD_15 @Gram:Prep 
"<de>"
	"de" Preposition PREP lang:es 00:00:45 00:00:52 tt-5260 MM005_1967_EP_SU2011_AD_15 @Gram:Prep 
"<la>"
	"el" Determiner ART Singular lang:es 00:00:45 00:00:52 tt-5261 MM005_1967_EP_SU2011_AD_15 @Gram:Det:Art 
"<secundaria>"
	"secundario" Adjective ADJ Singular lang:es 00:00:45 00:00:52 tt-5262 MM005_1967_EP_SU2011_AD_15 
"<pues>"
	"pues" Conjunction CSUBF lang:es 00:00:45 00:00:52 tt-5263 MM005_1967_EP_SU2011_AD_15 
"<brincamos>"
	"UNK" Verb VLfin Pres_or_Pret Indi Plural 1st lang:es 00:00:45 00:00:52 tt-5264 MM005_1967_EP_SU2011_AD_15 
"<a>"
	"a" Preposition PREP lang:es 00:00:45 00:00:52 tt-5265 MM005_1967_EP_SU2011_AD_15 @Gram:Prep 
"<la>"
	"el" Determiner ART Singular lang:es 00:00:45 00:00:52 tt-5266 MM005_1967_EP_SU2011_AD_15 @Gram:Det:Art 
"<preparatoria>"
	"preparatorio" Adjective ADJ Singular lang:es 00:00:45 00:00:52 tt-5267 MM005_1967_EP_SU2011_AD_15 
"<$.>"
	"." Punctuation FS lang:es 00:00:45 00:00:52 tt-5268 MM005_1967_EP_SU2011_AD_15 

"<Ahí>"
	"ahí" Adverb ADV lang:es 00:00:45 00:00:52 tt-5269 MM005_1967_EP_SU2011_AD_15 
"<es>"
	"ser" Verb VSfin Pres Indi Sing 3rd lang:es 00:00:45 00:00:52 tt-5270 MM005_1967_EP_SU2011_AD_15 @Gram:SerEstar:Ser 
"<donde>"
	"donde" Adverb ADV lang:es 00:00:45 00:00:52 tt-5271 MM005_1967_EP_SU2011_AD_15 
"<te>"
	"tú" Pronoun PPX Singular lang:es 00:00:45 00:00:52 tt-5272 MM005_1967_EP_SU2011_AD_15 @Gram:Pron:Objeto 
"<digo>"
	"decir" Verb VLfin Pres Indi Sing 1st lang:es 00:00:45 00:00:52 tt-5273 MM005_1967_EP_SU2011_AD_15 
"<que>"
	"que" Conjunction CQUE lang:es 00:00:45 00:00:52 tt-5274 MM005_1967_EP_SU2011_AD_15 
"<me>"
	"yo" Pronoun PPX Singular lang:es 00:00:52 00:00:53 tt-5275 MM005_1967_EP_SU2011_AD_15 @Gram:Pron:Objeto 
"<la>"
	"él" Pronoun PPC Singular lang:es 00:00:52 00:00:53 tt-5276 MM005_1967_EP_SU2011_AD_15 @Gram:Pron:Objeto 
"<pasé>"
	"pasar" Verb VLfin Pret Indi Sing 1st lang:es 00:00:52 00:00:53 tt-5277 MM005_1967_EP_SU2011_AD_15 @Gram:Indefinido 
"<muy>"
	"muy" Adverb ADV lang:es 00:00:52 00:00:53 tt-5278 MM005_1967_EP_SU2011_AD_15 
"<suave>"
	"suave" Adjective ADJ Singular lang:es 00:00:52 00:00:53 tt-5279 MM005_1967_EP_SU2011_AD_15 
"<$.>"
	"." Punctuation FS lang:es 00:00:52 00:00:53 tt-5280 MM005_1967_EP_SU2011_AD_15 
</speaker>
<speaker type="int">

"<$¿>"
	"¿" Punctuation FS lang:es 00:00:53 00:00:55 tt-5281 MM005_1967_EP_SU2011_AD_15 
"<Ahí>"
	"ahí" Adverb ADV lang:es 00:00:53 00:00:55 tt-5282 MM005_1967_EP_SU2011_AD_15 
"<tenías>"
	"tener" Verb VLfin Imp Indi Sing 2nd lang:es 00:00:53 00:00:55 tt-5283 MM005_1967_EP_SU2011_AD_15 @Gram:Imperf 
"<alguna>"
	"alguno" Determiner QU lang:es 00:00:53 00:00:55 tt-5284 MM005_1967_EP_SU2011_AD_15 
"<clase>"
	"clase" Noun NC Singular lang:es 00:00:53 00:00:55 tt-5285 MM005_1967_EP_SU2011_AD_15 
"<de>"
	"de" Preposition PREP lang:es 00:00:53 00:00:55 tt-5286 MM005_1967_EP_SU2011_AD_15 @Gram:Prep 
"<inglés>"
	"inglés" Noun NC Plural lang:es 00:00:53 00:00:55 tt-5287 MM005_1967_EP_SU2011_AD_15 
"<$?>"
	"?" Punctuation FS lang:es 00:00:53 00:00:55 tt-5288 MM005_1967_EP_SU2011_AD_15 
</speaker>
<speaker type="subj">

"<Sí>"
	"sí" Adverb ADV lang:es 00:00:55 00:00:59 tt-5289 MM005_1967_EP_SU2011_AD_15 
"<,>"
	"," Punctuation CM lang:es 00:00:55 00:00:59 tt-5290 MM005_1967_EP_SU2011_AD_15 
"<ahí>"
	"ahí" Adverb ADV lang:es 00:00:55 00:00:59 tt-5291 MM005_1967_EP_SU2011_AD_15 
"<nos>"
	"nosotros" Pronoun PPX Plural lang:es 00:00:55 00:00:59 tt-5292 MM005_1967_EP_SU2011_AD_15 @Gram:Pron:Objeto 
"<daban>"
	"dar" Verb VLfin Imp Indi Plural 3rd lang:es 00:00:55 00:00:59 tt-5293 MM005_1967_EP_SU2011_AD_15 @Gram:Imperf 
"<una>"
	"un" Determiner ART Singular lang:es 00:00:55 00:00:59 tt-5294 MM005_1967_EP_SU2011_AD_15 
"<clase>"
	"clase" Noun NC Singular lang:es 00:00:55 00:00:59 tt-5295 MM005_1967_EP_SU2011_AD_15 
"<diaria>"
	"diario" Adjective ADJ Singular lang:es 00:00:55 00:00:59 tt-5296 MM005_1967_EP_SU2011_AD_15 
"<de>"
	"de" Preposition PREP lang:es 00:00:55 00:00:59 tt-5297 MM005_1967_EP_SU2011_AD_15 @Gram:Prep 
"<también>"
	"también" Adverb ADV lang:es 00:00:55 00:00:59 tt-5298 MM005_1967_EP_SU2011_AD_15 @Prag:MarcadoresDisc:Igualdad 
"<$.>"
	"." Punctuation FS lang:es 00:00:55 00:00:59 tt-5299 MM005_1967_EP_SU2011_AD_15 
</speaker>
<speaker type="int">

"<$¿>"
	"¿" Punctuation FS lang:es 00:00:59 00:01:06 tt-5300 MM005_1967_EP_SU2011_AD_15 
"<Durante>"
	"durante" Preposition PREP lang:es 00:00:59 00:01:06 tt-5301 MM005_1967_EP_SU2011_AD_15 @Gram:Prep 
"<tu>"
	"tú" Pronoun PPX Singular lang:es 00:00:59 00:01:06 tt-5302 MM005_1967_EP_SU2011_AD_15 @Gram:Pron:Sujeto 
"<infancia>"
	"infancia" Noun NC Singular lang:es 00:00:59 00:01:06 tt-5303 MM005_1967_EP_SU2011_AD_15 
"<qué>"
	"qué" Pronoun INT Singular lang:es 00:00:59 00:01:06 tt-5304 MM005_1967_EP_SU2011_AD_15 
"<lengua>"
	"lengua" Noun NC Singular lang:es 00:00:59 00:01:06 tt-5305 MM005_1967_EP_SU2011_AD_15 
"<se>"
	"se" Other SE lang:es 00:00:59 00:01:06 tt-5306 MM005_1967_EP_SU2011_AD_15 
"<hablaba>"
	"hablar" Verb VLfin Imp Indi Sing 1st_or_3rd lang:es 00:00:59 00:01:06 tt-5307 MM005_1967_EP_SU2011_AD_15 @Gram:Imperf ID:151 R:Vocab:Fraseol:VerbPrep:152 
"<en>"
	"en" Preposition PREP lang:es 00:00:59 00:01:06 tt-5308 MM005_1967_EP_SU2011_AD_15 @Gram:Prep ID:152 
"<tu>"
	"tú" Pronoun PPX Singular lang:es 00:00:59 00:01:06 tt-5309 MM005_1967_EP_SU2011_AD_15 @Gram:Pron:Sujeto 
"<casa>"
	"casar" Verb VLfin Pres Indi Sing 3rd lang:es 00:00:59 00:01:06 tt-5310 MM005_1967_EP_SU2011_AD_15 
"<$?>"
	"?" Punctuation FS lang:es 00:00:59 00:01:06 tt-5311 MM005_1967_EP_SU2011_AD_15 
</speaker>
<speaker type="subj">

"<Español>"
	"español" Noun NC Singular lang:es 00:01:06 00:01:12 tt-5312 MM005_1967_EP_SU2011_AD_15 
"<,>"
	"," Punctuation CM lang:es 00:01:06 00:01:12 tt-5313 MM005_1967_EP_SU2011_AD_15 
"<únicamente>"
	"únicamente" Adverb ADV lang:es 00:01:06 00:01:12 tt-5314 MM005_1967_EP_SU2011_AD_15 
"<español>"
	"español" Adjective ADJ Singular lang:es 00:01:06 00:01:12 tt-5315 MM005_1967_EP_SU2011_AD_15 
"<y>"
	"y" Conjunction CC lang:es 00:01:06 00:01:12 tt-5316 MM005_1967_EP_SU2011_AD_15 
"<el>"
	"el" Determiner ART Singular lang:es 00:01:06 00:01:12 tt-5317 MM005_1967_EP_SU2011_AD_15 @Gram:Det:Art 
"<chiflido>"
	"UNK" Noun NC Singular lang:es 00:01:06 00:01:12 tt-5318 MM005_1967_EP_SU2011_AD_15 
"<$.>"
	"." Punctuation FS lang:es 00:01:06 00:01:12 tt-5319 MM005_1967_EP_SU2011_AD_15 

"<(>"
	"(" Punctuation LP lang:es 00:01:06 00:01:12 tt-5320 MM005_1967_EP_SU2011_AD_15 
"<Chiflido>"
	"UNK" Noun NP Singular lang:es 00:01:06 00:01:12 tt-5321 MM005_1967_EP_SU2011_AD_15 
"<)>"
	")" Other RP lang:es 00:01:06 00:01:12 tt-5322 MM005_1967_EP_SU2011_AD_15 
"<(>"
	"(" Punctuation LP lang:es 00:01:06 00:01:12 tt-5323 MM005_1967_EP_SU2011_AD_15 
"<Risas>"
	"UNK" Noun NP Plural lang:es 00:01:06 00:01:12 tt-5324 MM005_1967_EP_SU2011_AD_15 
"<)>"
	")" Other RP lang:es 00:01:06 00:01:12 tt-5325 MM005_1967_EP_SU2011_AD_15 
</speaker>
<speaker type="int">
"<...>"
	"..." Punctuation DOTS lang:es 00:01:12 00:01:19 tt-5327 MM005_1967_EP_SU2011_AD_15 
"<$¿>"
	"¿" Punctuation FS lang:es 00:01:12 00:01:19 tt-5328 MM005_1967_EP_SU2011_AD_15 
"<Qué>"
	"qué" Pronoun INT Singular lang:es 00:01:12 00:01:19 tt-5329 MM005_1967_EP_SU2011_AD_15 
"<lengua>"
	"lengua" Noun NC Singular lang:es 00:01:12 00:01:19 tt-5330 MM005_1967_EP_SU2011_AD_15 
"<hablabas>"
	"hablar" Verb VLfin Imp Indi Sing 2nd lang:es 00:01:12 00:01:19 tt-5331 MM005_1967_EP_SU2011_AD_15 @Gram:Imperf ID:174 R:Vocab:Fraseol:VerbPrep:176 
"<mayormente>"
	"mayor" Adverb ADV lang:es 00:01:12 00:01:19 tt-5332 MM005_1967_EP_SU2011_AD_15 
"<con>"
	"con" Preposition PREP lang:es 00:01:12 00:01:19 tt-5333 MM005_1967_EP_SU2011_AD_15 @Gram:Prep ID:176 
"<tus>"
	"UNK" Noun NC Plural lang:es 00:01:12 00:01:19 tt-5334 MM005_1967_EP_SU2011_AD_15 
"<hermanos>"
	"hermano" Noun NC Plural lang:es 00:01:12 00:01:19 tt-5335 MM005_1967_EP_SU2011_AD_15 
"<y>"
	"y" Conjunction CC lang:es 00:01:12 00:01:19 tt-5336 MM005_1967_EP_SU2011_AD_15 
"<qué>"
	"qué" Pronoun INT Singular lang:es 00:01:12 00:01:19 tt-5337 MM005_1967_EP_SU2011_AD_15 
"<tal>"
	"tal" Determiner QU lang:es 00:01:12 00:01:19 tt-5338 MM005_1967_EP_SU2011_AD_15 
"<con>"
	"con" Preposition PREP lang:es 00:01:12 00:01:19 tt-5339 MM005_1967_EP_SU2011_AD_15 @Gram:Prep 
"<tus>"
	"UNK" Noun NC Plural lang:es 00:01:12 00:01:19 tt-5340 MM005_1967_EP_SU2011_AD_15 
"<compañeros>"
	"compañero" Noun NC Plural lang:es 00:01:12 00:01:19 tt-5341 MM005_1967_EP_SU2011_AD_15 
"<de>"
	"de" Preposition PREP lang:es 00:01:20 tt-5342 MM005_1967_EP_SU2011_AD_15 @Gram:Prep 
"<escuela>"
	"escuela" Noun NC Singular lang:es 00:01:20 tt-5343 MM005_1967_EP_SU2011_AD_15 
"<$?>"
	"?" Punctuation FS lang:es 00:01:20 tt-5344 MM005_1967_EP_SU2011_AD_15 
</speaker>
<speaker type="subj">

"<Todo>"
	"todo" Determiner QU lang:es 00:01:20 00:01:24 tt-5345 MM005_1967_EP_SU2011_AD_15 
"<era>"
	"ser" Verb VEfin Imp Indi Sing 1st_or_3rd lang:es 00:01:20 00:01:24 tt-5346 MM005_1967_EP_SU2011_AD_15 @Gram:Imperf @Gram:SerEstar:Ser 
"<español>"
	"español" Adjective ADJ Singular lang:es 00:01:20 00:01:24 tt-5347 MM005_1967_EP_SU2011_AD_15 
"<en>"
	"en" Preposition PREP lang:es 00:01:20 00:01:24 tt-5348 MM005_1967_EP_SU2011_AD_15 @Gram:Prep 
"<México>"
	"México" Noun NP Singular lang:es 00:01:20 00:01:24 tt-5349 MM005_1967_EP_SU2011_AD_15 
"<,>"
	"," Punctuation CM lang:es 00:01:20 00:01:24 tt-5350 MM005_1967_EP_SU2011_AD_15 
"<todo>"
	"todo" Determiner QU lang:es 00:01:20 00:01:24 tt-5351 MM005_1967_EP_SU2011_AD_15 
"<era>"
	"ser" Verb VEfin Imp Indi Sing 1st_or_3rd lang:es 00:01:20 00:01:24 tt-5352 MM005_1967_EP_SU2011_AD_15 @Gram:Imperf @Gram:SerEstar:Ser 
"<español>"
	"español" Adjective ADJ Singular lang:es 00:01:20 00:01:24 tt-5353 MM005_1967_EP_SU2011_AD_15 
"<$.>"
	"." Punctuation FS lang:es 00:01:20 00:01:24 tt-5354 MM005_1967_EP_SU2011_AD_15 
</speaker>
<speaker type="int">

"<$¿>"
	"¿" Punctuation FS lang:es 00:01:24 00:01:28 tt-5355 MM005_1967_EP_SU2011_AD_15 
"<Hoy>"
	"hoy" Adverb ADV lang:es 00:01:24 00:01:28 tt-5356 MM005_1967_EP_SU2011_AD_15 
"<en>"
	"en" Preposition PREP lang:es 00:01:24 00:01:28 tt-5357 MM005_1967_EP_SU2011_AD_15 @Gram:Prep 
"<día>"
	"día" Noun NC Singular lang:es 00:01:24 00:01:28 tt-5358 MM005_1967_EP_SU2011_AD_15 
"<hablas>"
	"hablar" Verb VLfin Pres Indi Sing 2nd lang:es 00:01:24 00:01:28 tt-5359 MM005_1967_EP_SU2011_AD_15 
"<el>"
	"el" Determiner ART Singular lang:es 00:01:24 00:01:28 tt-5360 MM005_1967_EP_SU2011_AD_15 @Gram:Det:Art 
"<español>"
	"español" Noun NC Singular lang:es 00:01:24 00:01:28 tt-5361 MM005_1967_EP_SU2011_AD_15 
"<a>"
	"a" Preposition PREP lang:es 00:01:24 00:01:28 tt-5362 MM005_1967_EP_SU2011_AD_15 @Gram:Prep 
"<diario>"
	"diario" Noun NC Singular lang:es 00:01:24 00:01:28 tt-5363 MM005_1967_EP_SU2011_AD_15 
"<y>"
	"y" Conjunction CC lang:es 00:01:24 00:01:28 tt-5364 MM005_1967_EP_SU2011_AD_15 
"<con>"
	"con" Preposition PREP lang:es 00:01:24 00:01:28 tt-5365 MM005_1967_EP_SU2011_AD_15 @Gram:Prep 
"<quién>"
	"quién" Pronoun INT Singular lang:es 00:01:24 00:01:28 tt-5366 MM005_1967_EP_SU2011_AD_15 
"<$?>"
	"?" Punctuation FS lang:es 00:01:24 00:01:28 tt-5367 MM005_1967_EP_SU2011_AD_15 
</speaker>
<speaker type="subj">

"<Pues>"
	"pues" Conjunction CSUBF lang:es 00:01:28 00:01:34 tt-5368 MM005_1967_EP_SU2011_AD_15 
"<ahí>"
	"ahí" Adverb ADV lang:es 00:01:28 00:01:34 tt-5369 MM005_1967_EP_SU2011_AD_15 
"<en>"
	"en" Preposition PREP lang:es 00:01:28 00:01:34 tt-5370 MM005_1967_EP_SU2011_AD_15 @Gram:Prep 
"<la>"
	"el" Determiner ART Singular lang:es 00:01:28 00:01:34 tt-5371 MM005_1967_EP_SU2011_AD_15 @Gram:Det:Art 
"<familia>"
	"familia" Noun NC Singular lang:es 00:01:28 00:01:34 tt-5372 MM005_1967_EP_SU2011_AD_15 
"<,>"
	"," Punctuation CM lang:es 00:01:28 00:01:34 tt-5373 MM005_1967_EP_SU2011_AD_15 
"<y>"
	"y" Conjunction CC lang:es 00:01:28 00:01:34 tt-5374 MM005_1967_EP_SU2011_AD_15 
"<con>"
	"con" Preposition PREP lang:es 00:01:28 00:01:34 tt-5375 MM005_1967_EP_SU2011_AD_15 @Gram:Prep 
"<mis>"
	"UNK" Noun NC Plural lang:es 00:01:28 00:01:34 tt-5376 MM005_1967_EP_SU2011_AD_15 
"<hermanos>"
	"hermano" Noun NC Plural lang:es 00:01:28 00:01:34 tt-5377 MM005_1967_EP_SU2011_AD_15 
"<en>"
	"en" Preposition PREP lang:es 00:01:28 00:01:34 tt-5378 MM005_1967_EP_SU2011_AD_15 @Gram:Prep 
"<Juárez>"
	"Juárez" Noun NP Singular lang:es 00:01:28 00:01:34 tt-5379 MM005_1967_EP_SU2011_AD_15 
"<todos>"
	"todo" Determiner QU lang:es 00:01:28 00:01:34 tt-5380 MM005_1967_EP_SU2011_AD_15 
"<hablamos>"
	"hablar" Verb VLfin Pres_or_Pret Indi Plural 1st lang:es 00:01:28 00:01:34 tt-5381 MM005_1967_EP_SU2011_AD_15 
"<español>"
	"español" Adjective ADJ Singular lang:es 00:01:28 00:01:34 tt-5382 MM005_1967_EP_SU2011_AD_15 
"<y>"
	"y" Conjunction CC lang:es 00:01:28 00:01:34 tt-5383 MM005_1967_EP_SU2011_AD_15 
"<en>"
	"en" Preposition PREP lang:es 00:01:28 00:01:34 tt-5384 MM005_1967_EP_SU2011_AD_15 @Gram:Prep 
"<el>"
	"el" Determiner ART Singular lang:es 00:01:28 00:01:34 tt-5385 MM005_1967_EP_SU2011_AD_15 @Gram:Det:Art 
"<trabajo>"
	"trabajo" Noun NC Singular lang:es 00:01:34 00:01:38 tt-5386 MM005_1967_EP_SU2011_AD_15 
"<también>"
	"también" Adverb ADV lang:es 00:01:34 00:01:38 tt-5387 MM005_1967_EP_SU2011_AD_15 @Prag:MarcadoresDisc:Igualdad 
"<casi>"
	"casi" Adverb ADV lang:es 00:01:34 00:01:38 tt-5388 MM005_1967_EP_SU2011_AD_15 
"<todos>"
	"todo" Determiner QU lang:es 00:01:34 00:01:38 tt-5389 MM005_1967_EP_SU2011_AD_15 
"<hablamos>"
	"hablar" Verb VLfin Pres_or_Pret Indi Plural 1st lang:es 00:01:34 00:01:38 tt-5390 MM005_1967_EP_SU2011_AD_15 
"<español>"
	"español" Adjective ADJ Singular lang:es 00:01:34 00:01:38 tt-5391 MM005_1967_EP_SU2011_AD_15 
"<$.>"
	"." Punctuation FS lang:es 00:01:34 00:01:38 tt-5392 MM005_1967_EP_SU2011_AD_15 
</speaker>
<speaker type="int">

"<Y>"
	"Y" Other ALFS lang:es 00:01:38 00:01:43 tt-5393 MM005_1967_EP_SU2011_AD_15 
"<hay>"
	"haber" Verb VHfin Pres Indi Sing 3rd lang:es 00:01:38 00:01:43 tt-5394 MM005_1967_EP_SU2011_AD_15 @Gram:Haber:Exist 
"<veces>"
	"vez" Noun NC Plural lang:es 00:01:38 00:01:43 tt-5395 MM005_1967_EP_SU2011_AD_15 
"<cuando>"
	"cuando" Conjunction CSUBX lang:es 00:01:38 00:01:43 tt-5396 MM005_1967_EP_SU2011_AD_15 
"<usas>"
	"usar" Verb VLfin Pres Indi Sing 2nd lang:es 00:01:38 00:01:43 tt-5397 MM005_1967_EP_SU2011_AD_15 
"<el>"
	"el" Determiner ART Singular lang:es 00:01:38 00:01:43 tt-5398 MM005_1967_EP_SU2011_AD_15 @Gram:Det:Art 
"<inglés>"
	"inglés" Noun NC Plural lang:es 00:01:38 00:01:43 tt-5399 MM005_1967_EP_SU2011_AD_15 
"<,>"
	"," Punctuation CM lang:es 00:01:38 00:01:43 tt-5400 MM005_1967_EP_SU2011_AD_15 
"<$¿>"
	"¿" Punctuation FS lang:es 00:01:38 00:01:43 tt-5401 MM005_1967_EP_SU2011_AD_15 
"<con>"
	"con" Preposition PREP lang:es 00:01:38 00:01:43 tt-5402 MM005_1967_EP_SU2011_AD_15 @Gram:Prep 
"<quién>"
	"quién" Pronoun INT Singular lang:es 00:01:38 00:01:43 tt-5403 MM005_1967_EP_SU2011_AD_15 
"<lo>"
	"él" Pronoun PPC Singular lang:es 00:01:38 00:01:43 tt-5404 MM005_1967_EP_SU2011_AD_15 @Gram:Pron:Objeto 
"<usas>"
	"usar" Verb VLfin Pres Indi Sing 2nd lang:es 00:01:38 00:01:43 tt-5405 MM005_1967_EP_SU2011_AD_15 
"<$?>"
	"?" Punctuation FS lang:es 00:01:38 00:01:43 tt-5406 MM005_1967_EP_SU2011_AD_15 

"<Con>"
	"con" Preposition PREP lang:es 00:01:43 00:01:50 tt-5407 MM005_1967_EP_SU2011_AD_15 @Gram:Prep 
"<...>"
	"..." Punctuation DOTS lang:es 00:01:43 00:01:50 tt-5408 MM005_1967_EP_SU2011_AD_15 
"<en>"
	"en" Preposition PREP lang:es 00:01:43 00:01:50 tt-5409 MM005_1967_EP_SU2011_AD_15 @Gram:Prep 
"<el>"
	"el" Determiner ART Singular lang:es 00:01:43 00:01:50 tt-5410 MM005_1967_EP_SU2011_AD_15 @Gram:Det:Art 
"<teléfono>"
	"teléfono" Noun NC Singular lang:es 00:01:43 00:01:50 tt-5411 MM005_1967_EP_SU2011_AD_15 
"<cuando>"
	"cuando" Conjunction CSUBX lang:es 00:01:43 00:01:50 tt-5412 MM005_1967_EP_SU2011_AD_15 
"<hablo>"
	"hablar" Verb VLfin Pres Indi Sing 1st lang:es 00:01:43 00:01:50 tt-5413 MM005_1967_EP_SU2011_AD_15 ID:256 R:Vocab:Fraseol:VerbPrep:257 
"<con>"
	"con" Preposition PREP lang:es 00:01:43 00:01:50 tt-5414 MM005_1967_EP_SU2011_AD_15 @Gram:Prep ID:257 
"<...>"
	"..." Punctuation DOTS lang:es 00:01:43 00:01:50 tt-5415 MM005_1967_EP_SU2011_AD_15 
"<proveedores>"
	"proveedor" Noun NC Plural lang:es 00:01:43 00:01:50 tt-5416 MM005_1967_EP_SU2011_AD_15 
"<o>"
	"o" Conjunction CC lang:es 00:01:43 00:01:50 tt-5417 MM005_1967_EP_SU2011_AD_15 
"<clientes>"
	"cliente" Noun NC Plural lang:es 00:01:43 00:01:50 tt-5418 MM005_1967_EP_SU2011_AD_15 
"<de>"
	"de" Preposition PREP lang:es 00:01:43 00:01:50 tt-5419 MM005_1967_EP_SU2011_AD_15 @Gram:Prep 
"<Estados>"
	"Estados" Noun NP Plural lang:es 00:01:43 00:01:50 tt-5420 MM005_1967_EP_SU2011_AD_15 ID:263 R:Vocab:Entities:Geo:264 
"<Unidos>"
	"Unidos" Noun NP Plural lang:es 00:01:43 00:01:50 tt-5421 MM005_1967_EP_SU2011_AD_15 ID:264 
"<,>"
	"," Punctuation CM lang:es 00:01:43 00:01:50 tt-5422 MM005_1967_EP_SU2011_AD_15 
"<sí>"
	"él" Pronoun PPX Singular lang:es 00:01:51 00:01:55 tt-5423 MM005_1967_EP_SU2011_AD_15 
"<me>"
	"yo" Pronoun PPX Singular lang:es 00:01:51 00:01:55 tt-5424 MM005_1967_EP_SU2011_AD_15 @Gram:Pron:Objeto 
"<toca>"
	"tocar" Verb VLfin Pres Indi Sing 3rd lang:es 00:01:51 00:01:55 tt-5425 MM005_1967_EP_SU2011_AD_15 
"<que>"
	"que" Conjunction CQUE lang:es 00:01:51 00:01:55 tt-5426 MM005_1967_EP_SU2011_AD_15 
"<son>"
	"ser" Verb VSfin Pres Indi Plural 3rd lang:es 00:01:51 00:01:55 tt-5427 MM005_1967_EP_SU2011_AD_15 @Gram:SerEstar:Ser 
"<puro>"
	"puro" Adjective ADJ Singular lang:es 00:01:51 00:01:55 tt-5428 MM005_1967_EP_SU2011_AD_15 
"<inglés>"
	"inglés" Adjective ADJ Plural lang:es 00:01:51 00:01:55 tt-5429 MM005_1967_EP_SU2011_AD_15 
"<,>"
	"," Punctuation CM lang:es 00:01:51 00:01:55 tt-5430 MM005_1967_EP_SU2011_AD_15 
"<nada>"
	"nada" Determiner QU lang:es 00:01:51 00:01:55 tt-5431 MM005_1967_EP_SU2011_AD_15 
"<más>"
	"más" Adverb ADV lang:es 00:01:51 00:01:55 tt-5432 MM005_1967_EP_SU2011_AD_15 
"<$.>"
	"." Punctuation FS lang:es 00:01:51 00:01:55 tt-5433 MM005_1967_EP_SU2011_AD_15 

"<$¿>"
	"¿" Punctuation FS lang:es 00:01:55 00:02:02 tt-5434 MM005_1967_EP_SU2011_AD_15 
"<Te>"
	"tú" Pronoun PPX Singular lang:es 00:01:55 00:02:02 tt-5435 MM005_1967_EP_SU2011_AD_15 @Gram:Pron:Objeto 
"<sientes>"
	"sentar|sentir" Verb VLfin Pres Indi Sing 2nd lang:es 00:01:55 00:02:02 tt-5436 MM005_1967_EP_SU2011_AD_15 
"<cómodo>"
	"cómodo" Adjective ADJ Singular lang:es 00:01:55 00:02:02 tt-5437 MM005_1967_EP_SU2011_AD_15 
"<al>"
	"al" Conjunction CSUBI lang:es 00:01:55 00:02:02 tt-5438 MM005_1967_EP_SU2011_AD_15 
"<hablar>"
	"hablar" Verb VLinf Infinitive lang:es 00:01:55 00:02:02 tt-5439 MM005_1967_EP_SU2011_AD_15 
"<el>"
	"el" Determiner ART Singular lang:es 00:01:55 00:02:02 tt-5440 MM005_1967_EP_SU2011_AD_15 @Gram:Det:Art 
"<inglés>"
	"inglés" Noun NC Plural lang:es 00:01:55 00:02:02 tt-5441 MM005_1967_EP_SU2011_AD_15 
"<$?>"
	"?" Punctuation FS lang:es 00:01:55 00:02:02 tt-5442 MM005_1967_EP_SU2011_AD_15 

"<$¿>"
	"¿" Punctuation FS lang:es 00:01:55 00:02:02 tt-5443 MM005_1967_EP_SU2011_AD_15 
"<Y>"
	"y" Conjunction CC lang:es 00:01:55 00:02:02 tt-5444 MM005_1967_EP_SU2011_AD_15 
"<qué>"
	"qué" Pronoun INT Singular lang:es 00:01:55 00:02:02 tt-5445 MM005_1967_EP_SU2011_AD_15 
"<tal>"
	"tal" Determiner QU lang:es 00:01:55 00:02:02 tt-5446 MM005_1967_EP_SU2011_AD_15 
"<escribirlo>"
	"escribir" Verb VLinf Pres Indi Sing 1st lang:es 00:01:55 00:02:02 tt-5447 MM005_1967_EP_SU2011_AD_15 
"<y>"
	"y" Conjunction CC lang:es 00:01:55 00:02:02 tt-5448 MM005_1967_EP_SU2011_AD_15 
"<leerlo>"
	"leer" Verb VLinf Pres Indi Sing 1st lang:es 00:01:55 00:02:02 tt-5449 MM005_1967_EP_SU2011_AD_15 
"<$?>"
	"?" Punctuation FS lang:es 00:01:55 00:02:02 tt-5450 MM005_1967_EP_SU2011_AD_15 
</speaker>
<speaker type="subj">

"<Escribir>"
	"escribir" Verb VLinf Infinitive lang:es 00:02:04 00:02:11 tt-5451 MM005_1967_EP_SU2011_AD_15 
"<y>"
	"y" Conjunction CC lang:es 00:02:04 00:02:11 tt-5452 MM005_1967_EP_SU2011_AD_15 
"<leerlo>"
	"leer" Verb VLinf Pres Indi Sing 1st lang:es 00:02:04 00:02:11 tt-5453 MM005_1967_EP_SU2011_AD_15 
"<sí>"
	"sí" Adverb ADV lang:es 00:02:04 00:02:11 tt-5454 MM005_1967_EP_SU2011_AD_15 
"<me>"
	"yo" Pronoun PPX Singular lang:es 00:02:04 00:02:11 tt-5455 MM005_1967_EP_SU2011_AD_15 @Gram:Pron:Objeto 
"<siento>"
	"sentar|sentir" Verb VLfin Pres Indi Sing 1st lang:es 00:02:04 00:02:11 tt-5456 MM005_1967_EP_SU2011_AD_15 
"<a>"
	"a" Preposition PREP lang:es 00:02:04 00:02:11 tt-5457 MM005_1967_EP_SU2011_AD_15 @Gram:Prep 
"<gusto>"
	"gusto" Noun NC Singular lang:es 00:02:04 00:02:11 tt-5458 MM005_1967_EP_SU2011_AD_15 
"<,>"
	"," Punctuation CM lang:es 00:02:04 00:02:11 tt-5459 MM005_1967_EP_SU2011_AD_15 
"<sí>"
	"sí" Adverb ADV lang:es 00:02:04 00:02:11 tt-5460 MM005_1967_EP_SU2011_AD_15 
"<lo>"
	"él" Pronoun PPC Singular lang:es 00:02:04 00:02:11 tt-5461 MM005_1967_EP_SU2011_AD_15 @Gram:Pron:Objeto 
"<entiendo>"
	"entender" Verb VLfin Pres Indi Sing 1st lang:es 00:02:04 00:02:11 tt-5462 MM005_1967_EP_SU2011_AD_15 
"<,>"
	"," Punctuation CM lang:es 00:02:04 00:02:11 tt-5463 MM005_1967_EP_SU2011_AD_15 
"<pero>"
	"pero" Conjunction CCAD lang:es 00:02:04 00:02:11 tt-5464 MM005_1967_EP_SU2011_AD_15 @Prag:MarcadoresDisc:Revision 
"<hablarlo>"
	"hablar" Verb VLinf Pres Indi Sing 1st lang:es 00:02:04 00:02:11 tt-5465 MM005_1967_EP_SU2011_AD_15 
"<sí>"
	"sí" Adverb ADV lang:es 00:02:04 00:02:11 tt-5466 MM005_1967_EP_SU2011_AD_15 
"<se>"
	"se" Other SE lang:es 00:02:04 00:02:11 tt-5467 MM005_1967_EP_SU2011_AD_15 @Gram:Pron:Otros 
"<me>"
	"yo" Pronoun PPX Singular lang:es 00:02:04 00:02:11 tt-5468 MM005_1967_EP_SU2011_AD_15 @Gram:Pron:Objeto 
"<dificulta>"
	"dificultar" Verb VLfin Pres Indi Sing 3rd lang:es 00:02:04 00:02:11 tt-5469 MM005_1967_EP_SU2011_AD_15 
"<un>"
	"un" Determiner ART Singular lang:es 00:02:11 00:02:18 tt-5470 MM005_1967_EP_SU2011_AD_15 
"<poquito>"
	"poco" Adverb ADV lang:es 00:02:11 00:02:18 tt-5471 MM005_1967_EP_SU2011_AD_15 
"<más>"
	"más" Adverb ADV lang:es 00:02:11 00:02:18 tt-5472 MM005_1967_EP_SU2011_AD_15 
"<porque>"
	"porque" Conjunction CSUBX lang:es 00:02:11 00:02:18 tt-5473 MM005_1967_EP_SU2011_AD_15 @Prag:MarcadoresDisc:Causa 
"<no>"
	"no" Adverb NEG lang:es 00:02:11 00:02:18 tt-5474 MM005_1967_EP_SU2011_AD_15 
"<es>"
	"ser" Verb VSfin Pres Indi Sing 3rd lang:es 00:02:11 00:02:18 tt-5475 MM005_1967_EP_SU2011_AD_15 @Gram:SerEstar:Ser 
"<muy>"
	"muy" Adverb ADV lang:es 00:02:11 00:02:18 tt-5476 MM005_1967_EP_SU2011_AD_15 
"<...>"
	"..." Punctuation DOTS lang:es 00:02:11 00:02:18 tt-5477 MM005_1967_EP_SU2011_AD_15 
"<si>"
	"si" Conjunction CSUBX lang:es 00:02:11 00:02:18 tt-5478 MM005_1967_EP_SU2011_AD_15 
"<sé>"
	"saber|ser" Verb VLfin Pres Indi Sing 1st lang:es 00:02:11 00:02:18 tt-5479 MM005_1967_EP_SU2011_AD_15 
"<de>"
	"de" Preposition PREP lang:es 00:02:11 00:02:18 tt-5480 MM005_1967_EP_SU2011_AD_15 @Gram:Prep 
"<lo>"
	"el" Determiner ART Singular lang:es 00:02:11 00:02:18 tt-5481 MM005_1967_EP_SU2011_AD_15 
"<que>"
	"que" Conjunction CQUE lang:es 00:02:11 00:02:18 tt-5482 MM005_1967_EP_SU2011_AD_15 
"<están>"
	"estar" Verb VEfin Pres Indi Plural 3rd lang:es 00:02:11 00:02:18 tt-5483 MM005_1967_EP_SU2011_AD_15 @Gram:SerEstar:Estar 
"<hablando>"
	"hablar" Verb VLger lang:es 00:02:11 00:02:18 tt-5484 MM005_1967_EP_SU2011_AD_15 
"<sí>"
	"sí" Adverb ADV lang:es 00:02:11 00:02:18 tt-5485 MM005_1967_EP_SU2011_AD_15 
"<puedo>"
	"poder" Verb VLfin Pres Indi Sing 1st lang:es 00:02:11 00:02:18 tt-5486 MM005_1967_EP_SU2011_AD_15 
"<hablar>"
	"hablar" Verb VLinf Infinitive lang:es 00:02:11 00:02:18 tt-5487 MM005_1967_EP_SU2011_AD_15 
"<fluidamente>"
	"fluido" Adverb ADV lang:es 00:02:18 00:02:23 tt-5488 MM005_1967_EP_SU2011_AD_15 
"<,>"
	"," Punctuation CM lang:es 00:02:18 00:02:23 tt-5489 MM005_1967_EP_SU2011_AD_15 
"<pero>"
	"pero" Conjunction CCAD lang:es 00:02:18 00:02:23 tt-5490 MM005_1967_EP_SU2011_AD_15 @Prag:MarcadoresDisc:Revision 
"<si>"
	"si" Conjunction CSUBX lang:es 00:02:18 00:02:23 tt-5491 MM005_1967_EP_SU2011_AD_15 
"<no>"
	"no" Adverb NEG lang:es 00:02:18 00:02:23 tt-5492 MM005_1967_EP_SU2011_AD_15 
"<sé>"
	"saber|ser" Verb VLfin Pres Indi Sing 1st lang:es 00:02:18 00:02:23 tt-5493 MM005_1967_EP_SU2011_AD_15 
"<de>"
	"de" Preposition PREP lang:es 00:02:18 00:02:23 tt-5494 MM005_1967_EP_SU2011_AD_15 @Gram:Prep 
"<lo>"
	"el" Determiner ART Singular lang:es 00:02:18 00:02:23 tt-5495 MM005_1967_EP_SU2011_AD_15 
"<que>"
	"que" Conjunction CQUE lang:es 00:02:18 00:02:23 tt-5496 MM005_1967_EP_SU2011_AD_15 
"<están>"
	"estar" Verb VEfin Pres Indi Plural 3rd lang:es 00:02:18 00:02:23 tt-5497 MM005_1967_EP_SU2011_AD_15 @Gram:SerEstar:Estar 
"<hablando>"
	"hablar" Verb VLger lang:es 00:02:18 00:02:23 tt-5498 MM005_1967_EP_SU2011_AD_15 
"<ahí>"
	"ahí" Adverb ADV lang:es 00:02:18 00:02:23 tt-5499 MM005_1967_EP_SU2011_AD_15 
"<me>"
	"yo" Pronoun PPX Singular lang:es 00:02:18 00:02:23 tt-5500 MM005_1967_EP_SU2011_AD_15 @Gram:Pron:Objeto 
"<pierdo>"
	"perder" Verb VLfin Pres Indi Sing 1st lang:es 00:02:18 00:02:23 tt-5501 MM005_1967_EP_SU2011_AD_15 
"<y>"
	"y" Conjunction CC lang:es 00:02:18 00:02:23 tt-5502 MM005_1967_EP_SU2011_AD_15 
"<no>"
	"no" Adverb NEG lang:es 00:02:18 00:02:23 tt-5503 MM005_1967_EP_SU2011_AD_15 
"<...>"
	"..." Punctuation DOTS lang:es 00:02:18 00:02:23 tt-5504 MM005_1967_EP_SU2011_AD_15 
"<me>"
	"yo" Pronoun PPX Singular lang:es 00:02:18 00:02:23 tt-5505 MM005_1967_EP_SU2011_AD_15 @Gram:Pron:Objeto 
"<salgo>"
	"salgar|salir" Verb VLfin Pres Indi Sing 1st lang:es 00:02:18 00:02:23 tt-5506 MM005_1967_EP_SU2011_AD_15 
"<de>"
	"de" Preposition PREP lang:es 00:02:18 00:02:23 tt-5507 MM005_1967_EP_SU2011_AD_15 @Gram:Prep 
"<la>"
	"el" Determiner ART Singular lang:es 00:02:23 00:02:24 tt-5508 MM005_1967_EP_SU2011_AD_15 @Gram:Det:Art 
"<conversación>"
	"conversación" Noun NC Singular lang:es 00:02:23 00:02:24 tt-5509 MM005_1967_EP_SU2011_AD_15 
"<$.>"
	"." Punctuation FS lang:es 00:02:23 00:02:24 tt-5510 MM005_1967_EP_SU2011_AD_15 
</speaker>
<speaker type="int">

"<$¿>"
	"¿" Punctuation FS lang:es 00:02:24 00:02:31 tt-5511 MM005_1967_EP_SU2011_AD_15 
"<Y>"
	"y" Conjunction CC lang:es 00:02:24 00:02:31 tt-5512 MM005_1967_EP_SU2011_AD_15 
"<qué>"
	"qué" Pronoun INT Singular lang:es 00:02:24 00:02:31 tt-5513 MM005_1967_EP_SU2011_AD_15 
"<cómodo>"
	"cómodo" Adjective ADJ Singular lang:es 00:02:24 00:02:31 tt-5514 MM005_1967_EP_SU2011_AD_15 
"<te>"
	"tú" Pronoun PPX Singular lang:es 00:02:24 00:02:31 tt-5515 MM005_1967_EP_SU2011_AD_15 @Gram:Pron:Objeto 
"<sientes>"
	"sentar|sentir" Verb VLfin Pres Indi Sing 2nd lang:es 00:02:24 00:02:31 tt-5516 MM005_1967_EP_SU2011_AD_15 
"<al>"
	"al" Conjunction CSUBI lang:es 00:02:24 00:02:31 tt-5517 MM005_1967_EP_SU2011_AD_15 
"<hablar>"
	"hablar" Verb VLinf Infinitive lang:es 00:02:24 00:02:31 tt-5518 MM005_1967_EP_SU2011_AD_15 
"<,>"
	"," Punctuation CM lang:es 00:02:24 00:02:31 tt-5519 MM005_1967_EP_SU2011_AD_15 
"<escribir>"
	"escribir" Verb VLinf Infinitive lang:es 00:02:24 00:02:31 tt-5520 MM005_1967_EP_SU2011_AD_15 
"<y>"
	"y" Conjunction CC lang:es 00:02:24 00:02:31 tt-5521 MM005_1967_EP_SU2011_AD_15 
"<leer>"
	"leer" Verb VLinf Infinitive lang:es 00:02:24 00:02:31 tt-5522 MM005_1967_EP_SU2011_AD_15 
"<el>"
	"el" Determiner ART Singular lang:es 00:02:24 00:02:31 tt-5523 MM005_1967_EP_SU2011_AD_15 @Gram:Det:Art 
"<español>"
	"español" Noun NC Singular lang:es 00:02:24 00:02:31 tt-5524 MM005_1967_EP_SU2011_AD_15 
"<$?>"
	"?" Punctuation FS lang:es 00:02:24 00:02:31 tt-5525 MM005_1967_EP_SU2011_AD_15 
</speaker>
<speaker type="subj">

"<,>"
	"," Punctuation CM lang:es 00:02:31 00:02:36 tt-5527 MM005_1967_EP_SU2011_AD_15 
"<cien>"
	"ciento" Determiner CARD Singular lang:es 00:02:31 00:02:36 tt-5528 MM005_1967_EP_SU2011_AD_15 
"<por>"
	"por" Preposition PREP lang:es 00:02:31 00:02:36 tt-5529 MM005_1967_EP_SU2011_AD_15 @Gram:Prep:Por 
"<ciento>"
	"ciento" Determiner CARD Singular lang:es 00:02:31 00:02:36 tt-5530 MM005_1967_EP_SU2011_AD_15 
"<,>"
	"," Punctuation CM lang:es 00:02:31 00:02:36 tt-5531 MM005_1967_EP_SU2011_AD_15 
"<sí>"
	"sí" Adverb ADV lang:es 00:02:31 00:02:36 tt-5532 MM005_1967_EP_SU2011_AD_15 
"<lo>"
	"él" Pronoun PPC Singular lang:es 00:02:31 00:02:36 tt-5533 MM005_1967_EP_SU2011_AD_15 @Gram:Pron:Objeto 
"<hablo>"
	"hablar" Verb VLfin Pres Indi Sing 1st lang:es 00:02:31 00:02:36 tt-5534 MM005_1967_EP_SU2011_AD_15 
"<,>"
	"," Punctuation CM lang:es 00:02:31 00:02:36 tt-5535 MM005_1967_EP_SU2011_AD_15 
"<pues>"
	"pues" Conjunction CSUBF lang:es 00:02:31 00:02:36 tt-5536 MM005_1967_EP_SU2011_AD_15 
"<es>"
	"ser" Verb VSfin Pres Indi Sing 3rd lang:es 00:02:31 00:02:36 tt-5537 MM005_1967_EP_SU2011_AD_15 @Gram:SerEstar:Ser 
"<mi>"
	"mío" Pronoun PPO Singular lang:es 00:02:31 00:02:36 tt-5538 MM005_1967_EP_SU2011_AD_15 
"<lengua>"
	"lengua" Noun NC Singular lang:es 00:02:31 00:02:36 tt-5539 MM005_1967_EP_SU2011_AD_15 
"<natal>"
	"natal" Adjective ADJ Singular lang:es 00:02:31 00:02:36 tt-5540 MM005_1967_EP_SU2011_AD_15 
"<$¿>"
	"¿" Punctuation FS lang:es 00:02:31 00:02:36 tt-5541 MM005_1967_EP_SU2011_AD_15 
"<verdad>"
	"verdad" Noun NC Singular lang:es 00:02:31 00:02:36 tt-5542 MM005_1967_EP_SU2011_AD_15 
"<$?>"
	"?" Punctuation FS lang:es 00:02:31 00:02:36 tt-5543 MM005_1967_EP_SU2011_AD_15 
</speaker>
</text>

