<text id="MM005_1967_EP_SU2011_AD_12">
<speaker type="int">
"<Qué>"
	"qué" Pronoun INT Singular lang:es 00:00:00 00:00:07 tt-3624 MM005_1967_EP_SU2011_AD_12 
"<bien>"
	"bien" Noun NC Singular lang:es 00:00:00 00:00:07 tt-3625 MM005_1967_EP_SU2011_AD_12 
"<$.>"
	"." Punctuation FS lang:es 00:00:00 00:00:07 tt-3626 MM005_1967_EP_SU2011_AD_12 

"<Cuéntame>"
	"contar" Verb VLfin Pres Command Sing 2nd lang:es 00:00:00 00:00:07 tt-3627 MM005_1967_EP_SU2011_AD_12 @Gram:MImp:Informal 
"<de>"
	"de" Preposition PREP lang:es 00:00:00 00:00:07 tt-3628 MM005_1967_EP_SU2011_AD_12 @Gram:Prep 
"<tu>"
	"tú" Pronoun PPX Singular lang:es 00:00:00 00:00:07 tt-3629 MM005_1967_EP_SU2011_AD_12 @Gram:Det:Pos 
"<trabajo>"
	"trabajo" Noun NC Singular lang:es 00:00:00 00:00:07 tt-3630 MM005_1967_EP_SU2011_AD_12 
"<y>"
	"y" Conjunciton Conjunction CC lang:es 00:00:00 00:00:07 tt-3631 MM005_1967_EP_SU2011_AD_12 
"<cómo>"
	"cómo" Adverb ADV lang:es 00:00:00 00:00:07 tt-3632 MM005_1967_EP_SU2011_AD_12 
"<te>"
	"tú" Pronoun PPX Singular lang:es 00:00:00 00:00:07 tt-3633 MM005_1967_EP_SU2011_AD_12 @Gram:Pron:Objeto 
"<iniciaste>"
	"UNK" Verb VLfin Pret Indi Sing 2nd lang:es 00:00:00 00:00:07 tt-3634 MM005_1967_EP_SU2011_AD_12 @Gram:Indefinido 
"<en>"
	"en" Preposition PREP lang:es 00:00:00 00:00:07 tt-3635 MM005_1967_EP_SU2011_AD_12 @Gram:Prep 
"<tu>"
	"tú" Pronoun PPX Singular lang:es 00:00:00 00:00:07 tt-3636 MM005_1967_EP_SU2011_AD_12 @Gram:Det:Pos 
"<profesión>"
	"profesión" Noun NC Singular lang:es 00:00:00 00:00:07 tt-3637 MM005_1967_EP_SU2011_AD_12 
"<$.>"
	"." Punctuation FS lang:es 00:00:00 00:00:07 tt-3638 MM005_1967_EP_SU2011_AD_12 
</speaker>
<speaker type="subj">

"<Híjole>"
	"híjole" Noun NP Singular lang:es 00:00:10 00:00:17 tt-3639 MM005_1967_EP_SU2011_AD_12 
"<mi>"
	"mío" Pronoun PPO Singular lang:es 00:00:10 00:00:17 tt-3640 MM005_1967_EP_SU2011_AD_12 @Gram:Det:Pos 
"<hija>"
	"hijo" Noun NC Singular lang:es 00:00:10 00:00:17 tt-3641 MM005_1967_EP_SU2011_AD_12 
"<,>"
	"," Punctuation CM lang:es 00:00:10 00:00:17 tt-3642 MM005_1967_EP_SU2011_AD_12 
"<trabajo>"
	"trabajo" Noun NC Singular lang:es 00:00:10 00:00:17 tt-3643 MM005_1967_EP_SU2011_AD_12 
"<,>"
	"," Punctuation CM lang:es 00:00:10 00:00:17 tt-3644 MM005_1967_EP_SU2011_AD_12 
"<pues>"
	"pues" Conjunction CSUBF lang:es 00:00:10 00:00:17 tt-3645 MM005_1967_EP_SU2011_AD_12 
"<yo>"
	"yo" Pronoun PPX Singular lang:es 00:00:10 00:00:17 tt-3646 MM005_1967_EP_SU2011_AD_12 @Gram:Pron:Sujeto 
"<soy>"
	"ser" Verb VSfin Pres Indi Sing 1st lang:es 00:00:10 00:00:17 tt-3647 MM005_1967_EP_SU2011_AD_12 @Gram:SerEstar:Ser 
"<contador>"
	"contador" Noun NC Singular lang:es 00:00:10 00:00:17 tt-3648 MM005_1967_EP_SU2011_AD_12 
"<,>"
	"," Punctuation CM lang:es 00:00:10 00:00:17 tt-3649 MM005_1967_EP_SU2011_AD_12 
"<cuento>"
	"contar" Verb VLfin Pres Indi Sing 1st lang:es 00:00:10 00:00:17 tt-3650 MM005_1967_EP_SU2011_AD_12 
"<números>"
	"número" Noun NC Plural lang:es 00:00:10 00:00:17 tt-3651 MM005_1967_EP_SU2011_AD_12 
"<y>"
	"y" Conjunciton Conjunction CC lang:es 00:00:10 00:00:17 tt-3652 MM005_1967_EP_SU2011_AD_12 
"<cuento>"
	"cuento" Noun NC Singular lang:es 00:00:10 00:00:17 tt-3653 MM005_1967_EP_SU2011_AD_12 
"<chistes>"
	"chistar" Verb VLfin Pres Subj Sing 2nd lang:es 00:00:10 00:00:17 tt-3654 MM005_1967_EP_SU2011_AD_12 @Gram:MSub:Pres 
"<también>"
	"también" Adverb ADV lang:es 00:00:10 00:00:17 tt-3655 MM005_1967_EP_SU2011_AD_12 @Prag:MarcadoresDisc:Igualdad 
"<$.>"
	"." Punctuation FS lang:es 00:00:10 00:00:17 tt-3656 MM005_1967_EP_SU2011_AD_12 

"<Pero>"
	"pero" Conjunction CCAD lang:es 00:00:18 00:00:25 tt-3657 MM005_1967_EP_SU2011_AD_12 @Prag:MarcadoresDisc:Revision 
"<,>"
	"," Punctuation CM lang:es 00:00:18 00:00:25 tt-3658 MM005_1967_EP_SU2011_AD_12 
"<pues>"
	"pues" Conjunction CSUBF lang:es 00:00:18 00:00:25 tt-3659 MM005_1967_EP_SU2011_AD_12 
"<yo>"
	"yo" Pronoun PPX Singular lang:es 00:00:18 00:00:25 tt-3660 MM005_1967_EP_SU2011_AD_12 @Gram:Pron:Sujeto 
"<me>"
	"yo" Pronoun PPX Singular lang:es 00:00:18 00:00:25 tt-3661 MM005_1967_EP_SU2011_AD_12 @Gram:Pron:Objeto 
"<acuerdo>"
	"acuerdo" Noun NC Singular lang:es 00:00:18 00:00:25 tt-3662 MM005_1967_EP_SU2011_AD_12 
"<desde>"
	"desde" Preposition PREP lang:es 00:00:18 00:00:25 tt-3663 MM005_1967_EP_SU2011_AD_12 @Gram:Prep 
"<que>"
	"que" Conjunction CQUE lang:es 00:00:18 00:00:25 tt-3664 MM005_1967_EP_SU2011_AD_12 
"<entré>"
	"entrar" Verb VLfin Fut Indi Sing 1st lang:es 00:00:18 00:00:25 tt-3665 MM005_1967_EP_SU2011_AD_12 @Gram:VFut:Conjugado 
"<en>"
	"en" Preposition PREP lang:es 00:00:18 00:00:25 tt-3666 MM005_1967_EP_SU2011_AD_12 @Gram:Prep 
"<la>"
	"el" Determiner ART Singular Fem lang:es 00:00:18 00:00:25 tt-3667 MM005_1967_EP_SU2011_AD_12 @Gram:Det:Art 
"<preparatoria>"
	"preparatorio" Adjective ADJ Singular lang:es 00:00:18 00:00:25 tt-3668 MM005_1967_EP_SU2011_AD_12 
"<,>"
	"," Punctuation CM lang:es 00:00:18 00:00:25 tt-3669 MM005_1967_EP_SU2011_AD_12 
"<en>"
	"en" Preposition PREP lang:es 00:00:18 00:00:25 tt-3670 MM005_1967_EP_SU2011_AD_12 @Gram:Prep 
"<la>"
	"el" Determiner ART Singular Fem lang:es 00:00:18 00:00:25 tt-3671 MM005_1967_EP_SU2011_AD_12 @Gram:Det:Art ID:48 R:Herit:Contacto:Mixtas:49 
<lang code="en">
"<high>"
	"high" Adjective JJ lang:en 00:00:18 00:00:25 tt-3672 MM005_1967_EP_SU2011_AD_12 ID:49 
"<school>"
	"school" Noun NN lang:en 00:00:18 00:00:25 tt-3673 MM005_1967_EP_SU2011_AD_12 
</lang>
"<,>"
	"," Punctuation CM lang:es 00:00:18 00:00:25 tt-3674 MM005_1967_EP_SU2011_AD_12 
<lang code="en">
"<ah>"
	"UNK" Noun NP Singular lang:en 00:00:18 00:00:25 tt-3675 MM005_1967_EP_SU2011_AD_12 
</lang>
"<...>"
	"..." Punctuation DOTS lang:es 00:00:18 00:00:25 tt-3676 MM005_1967_EP_SU2011_AD_12 
"<yo>"
	"yo" Pronoun PPX Singular lang:es 00:00:18 00:00:25 tt-3677 MM005_1967_EP_SU2011_AD_12 @Gram:Pron:Sujeto 
"<no>"
	"no" Adverb NEG lang:es 00:00:27 00:00:31 tt-3678 MM005_1967_EP_SU2011_AD_12 
"<sabía>"
	"saber" Verb VLfin Imp Indi Sing 1st_or_3rd lang:es 00:00:27 00:00:31 tt-3679 MM005_1967_EP_SU2011_AD_12 @Gram:Imperf 
"<ni>"
	"ni" Conjunction CCNEG lang:es 00:00:27 00:00:31 tt-3680 MM005_1967_EP_SU2011_AD_12 
"<qué>"
	"qué" Pronoun INT Singular lang:es 00:00:27 00:00:31 tt-3681 MM005_1967_EP_SU2011_AD_12 
"<quería>"
	"querer" Verb VLfin Imp Indi Sing 1st_or_3rd lang:es 00:00:27 00:00:31 tt-3682 MM005_1967_EP_SU2011_AD_12 @Gram:Imperf 
"<estudiar>"
	"estudiar" Verb VLinf Infinitive lang:es 00:00:27 00:00:31 tt-3683 MM005_1967_EP_SU2011_AD_12 
"<,>"
	"," Punctuation CM lang:es 00:00:27 00:00:31 tt-3684 MM005_1967_EP_SU2011_AD_12 
"<a>"
	"a" Preposition PREP lang:es 00:00:27 00:00:31 tt-3685 MM005_1967_EP_SU2011_AD_12 @Gram:Prep 
"<mí>"
	"yo" Pronoun PPX Singular lang:es 00:00:27 00:00:31 tt-3686 MM005_1967_EP_SU2011_AD_12 
"<me>"
	"yo" Pronoun PPX Singular lang:es 00:00:27 00:00:31 tt-3687 MM005_1967_EP_SU2011_AD_12 @Gram:Pron:Objeto ID:64 R:Gram:Gustar:Propios:65 
"<gustaban>"
	"gustar" Verb VLfin Imp Indi Plural 3rd lang:es 00:00:27 00:00:31 tt-3688 MM005_1967_EP_SU2011_AD_12 @Gram:Imperf ID:65 
"<mucho>"
	"mucho" Adverb ADV lang:es 00:00:27 00:00:31 tt-3689 MM005_1967_EP_SU2011_AD_12 
"<los>"
	"el" Determiner ART Plural Masc lang:es 00:00:27 00:00:31 tt-3690 MM005_1967_EP_SU2011_AD_12 @Gram:Det:Art 
"<números>"
	"número" Noun NC Plural lang:es 00:00:27 00:00:31 tt-3691 MM005_1967_EP_SU2011_AD_12 
"<,>"
	"," Punctuation CM lang:es 00:00:27 00:00:31 tt-3692 MM005_1967_EP_SU2011_AD_12 
"<las>"
	"el" Determiner ART Plural Fem lang:es 00:00:27 00:00:31 tt-3693 MM005_1967_EP_SU2011_AD_12 @Gram:Det:Art 
"<matemáticas>"
	"matemático" Adjective ADJ Plural lang:es 00:00:27 00:00:31 tt-3694 MM005_1967_EP_SU2011_AD_12 
"<desde>"
	"desde" Preposition PREP lang:es 00:00:31 00:00:37 tt-3695 MM005_1967_EP_SU2011_AD_12 @Gram:Prep 
"<cuando>"
	"cuando" Conjunction CSUBX lang:es 00:00:31 00:00:37 tt-3696 MM005_1967_EP_SU2011_AD_12 
"<estaba>"
	"estar" Verb VEfin Imp Indi Sing 1st_or_3rd lang:es 00:00:31 00:00:37 tt-3697 MM005_1967_EP_SU2011_AD_12 @Gram:Imperf @Gram:SerEstar:Estar 
"<en>"
	"en" Preposition PREP lang:es 00:00:31 00:00:37 tt-3698 MM005_1967_EP_SU2011_AD_12 @Gram:Prep 
"<primaria>"
	"primario" Adjective ADJ Singular lang:es 00:00:31 00:00:37 tt-3699 MM005_1967_EP_SU2011_AD_12 
"<siempre>"
	"siempre" Adverb ADV lang:es 00:00:31 00:00:37 tt-3700 MM005_1967_EP_SU2011_AD_12 
"<me>"
	"yo" Pronoun PPX Singular lang:es 00:00:31 00:00:37 tt-3701 MM005_1967_EP_SU2011_AD_12 @Gram:Pron:Objeto ID:78 R:Gram:Gustar:Propios:79 
"<gustaron>"
	"gustar" Verb VLfin Pret Indi Plural 3rd lang:es 00:00:31 00:00:37 tt-3702 MM005_1967_EP_SU2011_AD_12 @Gram:Indefinido ID:79 
"<los>"
	"el" Determiner ART Plural Masc lang:es 00:00:31 00:00:37 tt-3703 MM005_1967_EP_SU2011_AD_12 @Gram:Det:Art 
"<números>"
	"número" Noun NC Plural lang:es 00:00:31 00:00:37 tt-3704 MM005_1967_EP_SU2011_AD_12 
"<,>"
	"," Punctuation CM lang:es 00:00:31 00:00:37 tt-3705 MM005_1967_EP_SU2011_AD_12 
"<y>"
	"y" Conjunciton Conjunction CC lang:es 00:00:31 00:00:37 tt-3706 MM005_1967_EP_SU2011_AD_12 
"<yo>"
	"yo" Pronoun PPX Singular lang:es 00:00:31 00:00:37 tt-3707 MM005_1967_EP_SU2011_AD_12 @Gram:Pron:Sujeto 
"<cuando>"
	"cuando" Conjunction CSUBX lang:es 00:00:31 00:00:37 tt-3708 MM005_1967_EP_SU2011_AD_12 
"<entré>"
	"entrar" Verb VLfin Fut Indi Sing 1st lang:es 00:00:31 00:00:37 tt-3709 MM005_1967_EP_SU2011_AD_12 @Gram:VFut:Conjugado 
"<a>"
	"a" Preposition PREP lang:es 00:00:37 00:00:43 tt-3710 MM005_1967_EP_SU2011_AD_12 @Gram:Prep 
"<la>"
	"el" Determiner ART Singular Fem lang:es 00:00:37 00:00:43 tt-3711 MM005_1967_EP_SU2011_AD_12 @Gram:Det:Art 
"<preparatoria>"
	"preparatorio" Adjective ADJ Singular lang:es 00:00:37 00:00:43 tt-3712 MM005_1967_EP_SU2011_AD_12 
"<empecé>"
	"empezar" Verb VLfin Pret Indi Sing 1st lang:es 00:00:37 00:00:43 tt-3713 MM005_1967_EP_SU2011_AD_12 @Gram:Indefinido 
"<,>"
	"," Punctuation CM lang:es 00:00:37 00:00:43 tt-3714 MM005_1967_EP_SU2011_AD_12 
"<yo>"
	"yo" Pronoun PPX Singular lang:es 00:00:37 00:00:43 tt-3715 MM005_1967_EP_SU2011_AD_12 @Gram:Pron:Sujeto 
"<entré>"
	"entrar" Verb VLfin Fut Indi Sing 1st lang:es 00:00:37 00:00:43 tt-3716 MM005_1967_EP_SU2011_AD_12 @Gram:VFut:Conjugado 
"<como>"
	"como" Conjunction CSUBX lang:es 00:00:37 00:00:43 tt-3717 MM005_1967_EP_SU2011_AD_12 
"<administración>"
	"administración" Noun NC Singular lang:es 00:00:37 00:00:43 tt-3718 MM005_1967_EP_SU2011_AD_12 
"<de>"
	"de" Preposition PREP lang:es 00:00:37 00:00:43 tt-3719 MM005_1967_EP_SU2011_AD_12 @Gram:Prep 
"<empresas>"
	"empresa" Noun NC Plural lang:es 00:00:37 00:00:43 tt-3720 MM005_1967_EP_SU2011_AD_12 
"<y>"
	"y" Conjunciton Conjunction CC lang:es 00:00:37 00:00:43 tt-3721 MM005_1967_EP_SU2011_AD_12 
"<empecé>"
	"empezar" Verb VLfin Pret Indi Sing 1st lang:es 00:00:37 00:00:43 tt-3722 MM005_1967_EP_SU2011_AD_12 @Gram:Indefinido ID:99 R:Vocab:Fraseol:VerbPrep:100 
"<a>"
	"a" Preposition PREP lang:es 00:00:37 00:00:43 tt-3723 MM005_1967_EP_SU2011_AD_12 @Gram:Prep ID:100 
"<tomar>"
	"tomar" Verb VLinf Infinitive lang:es 00:00:37 00:00:43 tt-3724 MM005_1967_EP_SU2011_AD_12 
"<clases>"
	"clase" Noun NC Plural lang:es 00:00:43 00:00:46 tt-3725 MM005_1967_EP_SU2011_AD_12 
"<de>"
	"de" Preposition PREP lang:es 00:00:43 00:00:46 tt-3726 MM005_1967_EP_SU2011_AD_12 @Gram:Prep 
"<contabilidad>"
	"contabilidad" Noun NC Singular lang:es 00:00:43 00:00:46 tt-3727 MM005_1967_EP_SU2011_AD_12 
"<que>"
	"que" Conjunction CQUE lang:es 00:00:43 00:00:46 tt-3728 MM005_1967_EP_SU2011_AD_12 
"<me>"
	"yo" Pronoun PPX Singular lang:es 00:00:43 00:00:46 tt-3729 MM005_1967_EP_SU2011_AD_12 @Gram:Pron:Objeto ID:106 R:Gram:Gustar:Propios:107 
"<gustaron>"
	"gustar" Verb VLfin Pret Indi Plural 3rd lang:es 00:00:43 00:00:46 tt-3730 MM005_1967_EP_SU2011_AD_12 @Gram:Indefinido ID:107 
"<mucho>"
	"mucho" Adverb ADV lang:es 00:00:43 00:00:46 tt-3731 MM005_1967_EP_SU2011_AD_12 
"<,>"
	"," Punctuation CM lang:es 00:00:43 00:00:46 tt-3732 MM005_1967_EP_SU2011_AD_12 
"<que>"
	"que" Conjunction CQUE lang:es 00:00:43 00:00:46 tt-3733 MM005_1967_EP_SU2011_AD_12 
"<cuando>"
	"cuando" Conjunction CSUBX lang:es 00:00:43 00:00:46 tt-3734 MM005_1967_EP_SU2011_AD_12 
"<salí>"
	"salir" Verb VLfin Pret Indi Sing 1st lang:es 00:00:43 00:00:46 tt-3735 MM005_1967_EP_SU2011_AD_12 @Gram:Indefinido 
"<de>"
	"de" Preposition PREP lang:es 00:00:43 00:00:46 tt-3736 MM005_1967_EP_SU2011_AD_12 @Gram:Prep 
"<ahí>"
	"ahí" Adverb ADV lang:es 00:00:43 00:00:46 tt-3737 MM005_1967_EP_SU2011_AD_12 
"<me>"
	"yo" Pronoun PPX Singular lang:es 00:00:43 00:00:46 tt-3738 MM005_1967_EP_SU2011_AD_12 @Gram:Pron:Objeto 
"<fui>"
	"ir|ser" Verb VLfin Pret Indi Sing 1st lang:es 00:00:43 00:00:46 tt-3739 MM005_1967_EP_SU2011_AD_12 @Gram:Indefinido 
"<a>"
	"a" Preposition PREP lang:es 00:00:43 00:00:46 tt-3740 MM005_1967_EP_SU2011_AD_12 @Gram:Prep 
"<colegio>"
	"colegio" Noun NC Singular lang:es 00:00:43 00:00:46 tt-3741 MM005_1967_EP_SU2011_AD_12 
"<y>"
	"y" Conjunciton Conjunction CC lang:es 00:00:46 00:00:53 tt-3742 MM005_1967_EP_SU2011_AD_12 
"<en>"
	"en" Preposition PREP lang:es 00:00:46 00:00:53 tt-3743 MM005_1967_EP_SU2011_AD_12 @Gram:Prep 
"<el>"
	"el" Determiner ART Singular Masc lang:es 00:00:46 00:00:53 tt-3744 MM005_1967_EP_SU2011_AD_12 @Gram:Det:Art 
"<colegio>"
	"colegio" Noun NC Singular lang:es 00:00:46 00:00:53 tt-3745 MM005_1967_EP_SU2011_AD_12 
"<ya>"
	"ya" Adverb ADV lang:es 00:00:46 00:00:53 tt-3746 MM005_1967_EP_SU2011_AD_12 
"<decidí>"
	"decidir" Verb VLfin Pret Indi Sing 1st lang:es 00:00:46 00:00:53 tt-3747 MM005_1967_EP_SU2011_AD_12 @Gram:Indefinido 
"<contabilidad>"
	"contabilidad" Noun NC Singular lang:es 00:00:46 00:00:53 tt-3748 MM005_1967_EP_SU2011_AD_12 
"<$.>"
	"." Punctuation FS lang:es 00:00:46 00:00:53 tt-3749 MM005_1967_EP_SU2011_AD_12 

"<Conforme>"
	"conforme" Conjunction CSUBF lang:es 00:00:46 00:00:53 tt-3750 MM005_1967_EP_SU2011_AD_12 
"<estaba>"
	"estar" Verb VEfin Imp Indi Sing 1st_or_3rd lang:es 00:00:46 00:00:53 tt-3751 MM005_1967_EP_SU2011_AD_12 @Gram:Imperf @Gram:SerEstar:Estar 
"<en>"
	"en" Preposition PREP lang:es 00:00:46 00:00:53 tt-3752 MM005_1967_EP_SU2011_AD_12 @Gram:Prep 
"<la>"
	"el" Determiner ART Singular Fem lang:es 00:00:46 00:00:53 tt-3753 MM005_1967_EP_SU2011_AD_12 @Gram:Det:Art 
"<preparatoria>"
	"preparatorio" Adjective ADJ Singular lang:es 00:00:46 00:00:53 tt-3754 MM005_1967_EP_SU2011_AD_12 
"<empecé>"
	"empezar" Verb VLfin Pret Indi Sing 1st lang:es 00:00:46 00:00:53 tt-3755 MM005_1967_EP_SU2011_AD_12 @Gram:Indefinido ID:132 R:Vocab:Fraseol:VerbPrep:133 
"<con>"
	"con" Preposition PREP lang:es 00:00:46 00:00:53 tt-3756 MM005_1967_EP_SU2011_AD_12 @Gram:Prep ID:133 
"<la>"
	"el" Determiner ART Singular Fem lang:es 00:00:46 00:00:53 tt-3757 MM005_1967_EP_SU2011_AD_12 @Gram:Det:Art 
"<maestra>"
	"maestro" Plural Singular Noun NC lang:es 00:00:46 00:00:53 tt-3758 MM005_1967_EP_SU2011_AD_12 
"<le>"
	"él" Pronoun PPC Singular lang:es 00:00:53 00:00:58 tt-3759 MM005_1967_EP_SU2011_AD_12 @Gram:Pron:Objeto ID:136 R:Func:Referir:138 
"<pedí>"
	"pedir" Verb VLfin Pret Indi Sing 1st lang:es 00:00:53 00:00:58 tt-3760 MM005_1967_EP_SU2011_AD_12 @Gram:Indefinido 
"<que>"
	"que" Conjunction CQUE lang:es 00:00:53 00:00:58 tt-3761 MM005_1967_EP_SU2011_AD_12 ID:138 
"<si>"
	"si" Conjunction CSUBX lang:es 00:00:53 00:00:58 tt-3762 MM005_1967_EP_SU2011_AD_12 
"<me>"
	"yo" Pronoun PPX Singular lang:es 00:00:53 00:00:58 tt-3763 MM005_1967_EP_SU2011_AD_12 @Gram:Pron:Objeto 
"<daba>"
	"dar" Verb VLfin Imp Indi Sing 1st_or_3rd lang:es 00:00:53 00:00:58 tt-3764 MM005_1967_EP_SU2011_AD_12 @Gram:Imperf 
"<trabajo>"
	"trabajo" Noun NC Singular lang:es 00:00:53 00:00:58 tt-3765 MM005_1967_EP_SU2011_AD_12 
"<en>"
	"en" Preposition PREP lang:es 00:00:53 00:00:58 tt-3766 MM005_1967_EP_SU2011_AD_12 @Gram:Prep 
"<su>"
	"suyo" Pronoun PPO Singular lang:es 00:00:53 00:00:58 tt-3767 MM005_1967_EP_SU2011_AD_12 @Gram:Det:Pos 
"<despacho>"
	"despacho" Noun NC Singular lang:es 00:00:53 00:00:58 tt-3768 MM005_1967_EP_SU2011_AD_12 
"<y>"
	"y" Conjunciton Conjunction CC lang:es 00:00:53 00:00:58 tt-3769 MM005_1967_EP_SU2011_AD_12 
"<gracias>"
	"gracia" Noun NC Plural Fem lang:es 00:00:53 00:00:58 tt-3770 MM005_1967_EP_SU2011_AD_12 ID:147 R:Func:Agradecer:149 R:Prag:MarcadoresDisc:Causa:148 
"<a>"
	"a" Preposition PREP lang:es 00:00:53 00:00:58 tt-3771 MM005_1967_EP_SU2011_AD_12 @Gram:Prep ID:148 
"<Dios>"
	"dios" Noun NC Plural lang:es 00:00:53 00:00:58 tt-3772 MM005_1967_EP_SU2011_AD_12 ID:149 
"<me>"
	"yo" Pronoun PPX Singular lang:es 00:00:53 00:00:58 tt-3773 MM005_1967_EP_SU2011_AD_12 @Gram:Pron:Objeto 
"<lo>"
	"él" Pronoun PPC Singular lang:es 00:00:53 00:00:58 tt-3774 MM005_1967_EP_SU2011_AD_12 @Gram:Pron:Objeto 
"<ofreció>"
	"ofrecer" Verb VLfin Pret Indi Sing 3rd lang:es 00:00:53 00:00:58 tt-3775 MM005_1967_EP_SU2011_AD_12 @Gram:Indefinido 
"<y>"
	"y" Conjunciton Conjunction CC lang:es 00:00:53 00:00:58 tt-3776 MM005_1967_EP_SU2011_AD_12 
"<de>"
	"de" Preposition PREP lang:es 00:00:53 00:00:58 tt-3777 MM005_1967_EP_SU2011_AD_12 @Gram:Prep 
"<ahí>"
	"ahí" Adverb ADV lang:es 00:00:53 00:00:58 tt-3778 MM005_1967_EP_SU2011_AD_12 
"<empecé>"
	"empezar" Verb VLfin Pret Indi Sing 1st lang:es 00:00:58 00:01:05 tt-3779 MM005_1967_EP_SU2011_AD_12 @Gram:Indefinido ID:156 R:Vocab:Fraseol:VerbPrep:157 
"<a>"
	"a" Preposition PREP lang:es 00:00:58 00:01:05 tt-3780 MM005_1967_EP_SU2011_AD_12 @Gram:Prep ID:157 
"<agarrar>"
	"agarrar" Verb VLinf Infinitive lang:es 00:00:58 00:01:05 tt-3781 MM005_1967_EP_SU2011_AD_12 
"<este>"
	"este" Noun NC Singular lang:es 00:00:58 00:01:05 tt-3782 MM005_1967_EP_SU2011_AD_12 
"<...>"
	"..." Punctuation DOTS lang:es 00:00:58 00:01:05 tt-3783 MM005_1967_EP_SU2011_AD_12 
"<experiencia>"
	"experiencia" Noun NC Singular lang:es 00:00:58 00:01:05 tt-3784 MM005_1967_EP_SU2011_AD_12 
"<en>"
	"en" Preposition PREP lang:es 00:00:58 00:01:05 tt-3785 MM005_1967_EP_SU2011_AD_12 @Gram:Prep 
"<contabilidad>"
	"contabilidad" Noun NC Singular lang:es 00:00:58 00:01:05 tt-3786 MM005_1967_EP_SU2011_AD_12 
"<y>"
	"y" Conjunciton Conjunction CC lang:es 00:00:58 00:01:05 tt-3787 MM005_1967_EP_SU2011_AD_12 
"<de>"
	"de" Preposition PREP lang:es 00:00:58 00:01:05 tt-3788 MM005_1967_EP_SU2011_AD_12 @Gram:Prep 
"<ahí>"
	"ahí" Adverb ADV lang:es 00:00:58 00:01:05 tt-3789 MM005_1967_EP_SU2011_AD_12 
"<brinqué>"
	"UNK" Verb VLfin Pret Indi Sing 1st lang:es 00:00:58 00:01:05 tt-3790 MM005_1967_EP_SU2011_AD_12 @Gram:Indefinido 
"<a>"
	"a" Preposition PREP lang:es 00:00:58 00:01:05 tt-3791 MM005_1967_EP_SU2011_AD_12 @Gram:Prep 
"<otro>"
	"otro" Determiner QU lang:es 00:00:58 00:01:05 tt-3792 MM005_1967_EP_SU2011_AD_12 
"<despacho>"
	"despacho" Noun NC Singular lang:es 00:00:58 00:01:05 tt-3793 MM005_1967_EP_SU2011_AD_12 
"<de>"
	"de" Preposition PREP lang:es 00:00:58 00:01:05 tt-3794 MM005_1967_EP_SU2011_AD_12 @Gram:Prep 
"<una>"
	"un" Determiner ART Singular lang:es 00:00:58 00:01:05 tt-3795 MM005_1967_EP_SU2011_AD_12 
"<maquiladora>"
	"maquiladora" Noun NC Singular lang:es 00:01:07 00:01:13 tt-3796 MM005_1967_EP_SU2011_AD_12 
"<que>"
	"que" Conjunction CQUE lang:es 00:01:07 00:01:13 tt-3797 MM005_1967_EP_SU2011_AD_12 
"<duré>"
	"UNK" Verb VLfin Fut Indi Sing 1st lang:es 00:01:07 00:01:13 tt-3798 MM005_1967_EP_SU2011_AD_12 @Gram:VFut:Conjugado 
"<catorce>"
	"catorce" Determiner CARD Singular lang:es 00:01:07 00:01:13 tt-3799 MM005_1967_EP_SU2011_AD_12 
"<años>"
	"año" Noun NC Plural lang:es 00:01:07 00:01:13 tt-3800 MM005_1967_EP_SU2011_AD_12 
"<y>"
	"y" Conjunciton Conjunction CC lang:es 00:01:07 00:01:13 tt-3801 MM005_1967_EP_SU2011_AD_12 
"<hasta>"
	"hasta" Preposition PREP lang:es 00:01:07 00:01:13 tt-3802 MM005_1967_EP_SU2011_AD_12 @Gram:Prep 
"<la>"
	"el" Determiner ART Singular Fem lang:es 00:01:07 00:01:13 tt-3803 MM005_1967_EP_SU2011_AD_12 @Gram:Det:Art 
"<fecha>"
	"fecha" Noun NC Singular lang:es 00:01:07 00:01:13 tt-3804 MM005_1967_EP_SU2011_AD_12 
"<sigo>"
	"seguir" Verb VLfin Pres Indi Sing 1st lang:es 00:01:07 00:01:13 tt-3805 MM005_1967_EP_SU2011_AD_12 
"<con>"
	"con" Preposition PREP lang:es 00:01:07 00:01:13 tt-3806 MM005_1967_EP_SU2011_AD_12 @Gram:Prep 
"<la>"
	"el" Determiner ART Singular Fem lang:es 00:01:07 00:01:13 tt-3807 MM005_1967_EP_SU2011_AD_12 @Gram:Det:Art 
"<misma>"
	"mismo" Adjective ADJ Singular lang:es 00:01:07 00:01:13 tt-3808 MM005_1967_EP_SU2011_AD_12 
"<profesión>"
	"profesión" Noun NC Singular lang:es 00:01:07 00:01:13 tt-3809 MM005_1967_EP_SU2011_AD_12 
"<de>"
	"de" Preposition PREP lang:es 00:01:07 00:01:13 tt-3810 MM005_1967_EP_SU2011_AD_12 @Gram:Prep 
"<contabilidad>"
	"contabilidad" Noun NC Singular lang:es 00:01:07 00:01:13 tt-3811 MM005_1967_EP_SU2011_AD_12 
"<$.>"
	"." Punctuation FS lang:es 00:01:07 00:01:13 tt-3812 MM005_1967_EP_SU2011_AD_12 

"<Y>"
	"y" Conjunciton Conjunction CC lang:es 00:01:13 00:01:17 tt-3813 MM005_1967_EP_SU2011_AD_12 
"<me>"
	"yo" Pronoun PPX Singular lang:es 00:01:13 00:01:17 tt-3814 MM005_1967_EP_SU2011_AD_12 @Gram:Pron:Objeto 
"<ha>"
	"haber" Verb VHfin Pres Indi Sing 3rd lang:es 00:01:13 00:01:17 tt-3815 MM005_1967_EP_SU2011_AD_12 @Gram:Haber:Exist 
"<,>"
	"," Punctuation CM lang:es 00:01:13 00:01:17 tt-3816 MM005_1967_EP_SU2011_AD_12 
"<me>"
	"yo" Pronoun PPX Singular lang:es 00:01:13 00:01:17 tt-3817 MM005_1967_EP_SU2011_AD_12 @Gram:Pron:Objeto ID:194 R:Gram:Gustar:Propios:195 
"<gusta>"
	"gustar" Verb VLfin Pres Indi Sing 3rd lang:es 00:01:13 00:01:17 tt-3818 MM005_1967_EP_SU2011_AD_12 ID:195 
"<mucho>"
	"mucho" Determiner QU lang:es 00:01:13 00:01:17 tt-3819 MM005_1967_EP_SU2011_AD_12 
"<,>"
	"," Punctuation CM lang:es 00:01:13 00:01:17 tt-3820 MM005_1967_EP_SU2011_AD_12 
"<lo>"
	"él" Pronoun PPC Singular lang:es 00:01:13 00:01:17 tt-3821 MM005_1967_EP_SU2011_AD_12 @Gram:Pron:Objeto 
"<disfruto>"
	"disfrutar" Verb VLfin Pres Indi Sing 1st lang:es 00:01:13 00:01:17 tt-3822 MM005_1967_EP_SU2011_AD_12 
"<$.>"
	"." Punctuation FS lang:es 00:01:13 00:01:17 tt-3823 MM005_1967_EP_SU2011_AD_12 
</speaker>
<speaker type="int">

"<$¿>"
	"¿" Punctuation FS lang:es 00:01:17 00:01:19 tt-3824 MM005_1967_EP_SU2011_AD_12 
"<Por>"
	"por" Preposition PREP lang:es 00:01:17 00:01:19 tt-3825 MM005_1967_EP_SU2011_AD_12 @Gram:Prep:Por 
"<qué>"
	"qué" Pronoun INT Singular lang:es 00:01:17 00:01:19 tt-3826 MM005_1967_EP_SU2011_AD_12 
"<lo>"
	"él" Pronoun PPC Singular lang:es 00:01:17 00:01:19 tt-3827 MM005_1967_EP_SU2011_AD_12 @Gram:Pron:Objeto 
"<disfrutas>"
	"disfrutar" Verb VLfin Pres Indi Sing 2nd lang:es 00:01:17 00:01:19 tt-3828 MM005_1967_EP_SU2011_AD_12 
"<$?>"
	"?" Punctuation FS lang:es 00:01:17 00:01:19 tt-3829 MM005_1967_EP_SU2011_AD_12 
</speaker>
<speaker type="subj">

"<Porque>"
	"porque" Conjunction CSUBX lang:es 00:01:19 00:01:24 tt-3830 MM005_1967_EP_SU2011_AD_12 @Prag:MarcadoresDisc:Causa 
"<es>"
	"ser" Verb VSfin Pres Indi Sing 3rd lang:es 00:01:19 00:01:24 tt-3831 MM005_1967_EP_SU2011_AD_12 @Gram:SerEstar:Ser 
"<algo>"
	"algo" Determiner QU lang:es 00:01:19 00:01:24 tt-3832 MM005_1967_EP_SU2011_AD_12 @Gram:Det:Pron 
"<que>"
	"que" Conjunction CQUE lang:es 00:01:19 00:01:24 tt-3833 MM005_1967_EP_SU2011_AD_12 
"<siempre>"
	"siempre" Adverb ADV lang:es 00:01:19 00:01:24 tt-3834 MM005_1967_EP_SU2011_AD_12 
"<me>"
	"yo" Pronoun PPX Singular lang:es 00:01:19 00:01:24 tt-3835 MM005_1967_EP_SU2011_AD_12 @Gram:Pron:Objeto 
"<ha>"
	"haber" Verb VHfin Pres Indi Sing 3rd lang:es 00:01:19 00:01:24 tt-3836 MM005_1967_EP_SU2011_AD_12 ID:213 R:Gram:Aux:Haber:214 R:Gram:PerfPerif:214 
"<gustado>"
	"gustar" Verb VLadj lang:es 00:01:19 00:01:24 tt-3837 MM005_1967_EP_SU2011_AD_12 ID:214 
"<,>"
	"," Punctuation CM lang:es 00:01:19 00:01:24 tt-3838 MM005_1967_EP_SU2011_AD_12 
"<los>"
	"el" Determiner ART Plural Masc lang:es 00:01:19 00:01:24 tt-3839 MM005_1967_EP_SU2011_AD_12 @Gram:Det:Art 
"<números>"
	"número" Noun NC Plural lang:es 00:01:19 00:01:24 tt-3840 MM005_1967_EP_SU2011_AD_12 
"<,>"
	"," Punctuation CM lang:es 00:01:19 00:01:24 tt-3841 MM005_1967_EP_SU2011_AD_12 
"<siempre>"
	"siempre" Adverb ADV lang:es 00:01:19 00:01:24 tt-3842 MM005_1967_EP_SU2011_AD_12 
"<me>"
	"yo" Pronoun PPX Singular lang:es 00:01:19 00:01:24 tt-3843 MM005_1967_EP_SU2011_AD_12 @Gram:Pron:Objeto 
"<ha>"
	"haber" Verb VHfin Pres Indi Sing 3rd lang:es 00:01:19 00:01:24 tt-3844 MM005_1967_EP_SU2011_AD_12 ID:221 R:Gram:Aux:Haber:222 R:Gram:PerfPerif:222 
"<gustado>"
	"gustar" Verb VLadj lang:es 00:01:19 00:01:24 tt-3845 MM005_1967_EP_SU2011_AD_12 ID:222 
"<estar>"
	"estar" Verb VLinf VEinf Infinitive lang:es 00:01:19 00:01:24 tt-3846 MM005_1967_EP_SU2011_AD_12 @Gram:SerEstar:Estar 
"<al>"
	"al" Preposition PAL lang:es 00:01:24 00:01:30 tt-3847 MM005_1967_EP_SU2011_AD_12 @Gram:Prep 
"<pendiente>"
	"pendiente" Noun NC Singular lang:es 00:01:24 00:01:30 tt-3848 MM005_1967_EP_SU2011_AD_12 
"<de>"
	"de" Preposition PREP lang:es 00:01:24 00:01:30 tt-3849 MM005_1967_EP_SU2011_AD_12 @Gram:Prep 
"<cuánto>"
	"UNK" Noun NC Singular lang:es 00:01:24 00:01:30 tt-3850 MM005_1967_EP_SU2011_AD_12 
"<se>"
	"se" Other SE lang:es 00:01:24 00:01:30 tt-3851 MM005_1967_EP_SU2011_AD_12 
"<gasta>"
	"gastar" Verb VLfin Pres Indi Sing 3rd lang:es 00:01:24 00:01:30 tt-3852 MM005_1967_EP_SU2011_AD_12 
"<,>"
	"," Punctuation CM lang:es 00:01:24 00:01:30 tt-3853 MM005_1967_EP_SU2011_AD_12 
"<cuánto>"
	"UNK" Adverb ADV lang:es 00:01:24 00:01:30 tt-3854 MM005_1967_EP_SU2011_AD_12 
"<se>"
	"se" Other SE lang:es 00:01:24 00:01:30 tt-3855 MM005_1967_EP_SU2011_AD_12 
"<compra>"
	"comprar" Verb VLfin Pres Indi Sing 3rd lang:es 00:01:24 00:01:30 tt-3856 MM005_1967_EP_SU2011_AD_12 
"<,>"
	"," Punctuation CM lang:es 00:01:24 00:01:30 tt-3857 MM005_1967_EP_SU2011_AD_12 
"<en>"
	"en" Preposition PREP lang:es 00:01:24 00:01:30 tt-3858 MM005_1967_EP_SU2011_AD_12 @Gram:Prep 
"<qué>"
	"qué" Pronoun INT Singular lang:es 00:01:24 00:01:30 tt-3859 MM005_1967_EP_SU2011_AD_12 
"<gastamos>"
	"gastar" Verb VLfin Pres_or_Pret Indi Plural 1st lang:es 00:01:24 00:01:30 tt-3860 MM005_1967_EP_SU2011_AD_12 
"<,>"
	"," Punctuation CM lang:es 00:01:24 00:01:30 tt-3861 MM005_1967_EP_SU2011_AD_12 
"<por>"
	"por" Preposition PREP lang:es 00:01:24 00:01:30 tt-3862 MM005_1967_EP_SU2011_AD_12 @Gram:Prep:Por 
"<qué>"
	"qué" Adverb ADV lang:es 00:01:24 00:01:30 tt-3863 MM005_1967_EP_SU2011_AD_12 
"<gastamos>"
	"gastar" Verb VLfin Pres_or_Pret Indi Plural 1st lang:es 00:01:24 00:01:30 tt-3864 MM005_1967_EP_SU2011_AD_12 
"<de>"
	"de" Preposition PREP lang:es 00:01:30 00:01:35 tt-3865 MM005_1967_EP_SU2011_AD_12 @Gram:Prep 
"<más>"
	"más" Adverb ADV lang:es 00:01:30 00:01:35 tt-3866 MM005_1967_EP_SU2011_AD_12 
"<y>"
	"y" Conjunciton Conjunction CC lang:es 00:01:30 00:01:35 tt-3867 MM005_1967_EP_SU2011_AD_12 
"<esa>"
	"ese" Determiner DM Singular lang:es 00:01:30 00:01:35 tt-3868 MM005_1967_EP_SU2011_AD_12 
"<es>"
	"ser" Verb VSfin Pres Indi Sing 3rd lang:es 00:01:30 00:01:35 tt-3869 MM005_1967_EP_SU2011_AD_12 @Gram:SerEstar:Ser 
"<una>"
	"un" Determiner ART Singular lang:es 00:01:30 00:01:35 tt-3870 MM005_1967_EP_SU2011_AD_12 
"<oportunidad>"
	"oportunidad" Noun NC Singular lang:es 00:01:30 00:01:35 tt-3871 MM005_1967_EP_SU2011_AD_12 
"<que>"
	"que" Conjunction CQUE lang:es 00:01:30 00:01:35 tt-3872 MM005_1967_EP_SU2011_AD_12 
"<me>"
	"yo" Pronoun PPX Singular lang:es 00:01:30 00:01:35 tt-3873 MM005_1967_EP_SU2011_AD_12 @Gram:Pron:Objeto 
"<da>"
	"dar" Verb VLfin Pres Indi Sing 3rd lang:es 00:01:30 00:01:35 tt-3874 MM005_1967_EP_SU2011_AD_12 
"<mi>"
	"mío" Pronoun PPO Singular lang:es 00:01:30 00:01:35 tt-3875 MM005_1967_EP_SU2011_AD_12 @Gram:Det:Pos 
"<trabajo>"
	"trabajo" Noun NC Singular lang:es 00:01:30 00:01:35 tt-3876 MM005_1967_EP_SU2011_AD_12 
"<de>"
	"de" Preposition PREP lang:es 00:01:30 00:01:35 tt-3877 MM005_1967_EP_SU2011_AD_12 @Gram:Prep 
"<estar>"
	"estar" Verb VLinf VEinf Infinitive lang:es 00:01:30 00:01:35 tt-3878 MM005_1967_EP_SU2011_AD_12 @Gram:SerEstar:Estar ID:255 R:Gram:SerEstar:EstarAux:256 
"<haciendo>"
	"hacer" Verb VLger lang:es 00:01:30 00:01:35 tt-3879 MM005_1967_EP_SU2011_AD_12 ID:256 
"<cálculos>"
	"cálculo" Noun NC Plural lang:es 00:01:30 00:01:35 tt-3880 MM005_1967_EP_SU2011_AD_12 
"<para>"
	"para" Preposition PREP lang:es 00:01:30 00:01:35 tt-3881 MM005_1967_EP_SU2011_AD_12 @Gram:Prep:Para 
"<que>"
	"que" Conjunction CQUE lang:es 00:01:35 00:01:42 tt-3882 MM005_1967_EP_SU2011_AD_12 
"<en>"
	"en" Preposition PREP lang:es 00:01:35 00:01:42 tt-3883 MM005_1967_EP_SU2011_AD_12 @Gram:Prep 
"<un>"
	"un" Determiner ART Singular lang:es 00:01:35 00:01:42 tt-3884 MM005_1967_EP_SU2011_AD_12 
"<futuro>"
	"futuro" Noun NC Singular lang:es 00:01:35 00:01:42 tt-3885 MM005_1967_EP_SU2011_AD_12 
"<no>"
	"no" Adverb NEG lang:es 00:01:35 00:01:42 tt-3886 MM005_1967_EP_SU2011_AD_12 
"<se>"
	"se" Other SE lang:es 00:01:35 00:01:42 tt-3887 MM005_1967_EP_SU2011_AD_12 
"<gaste>"
	"gastar" Verb VLfin Pret Indi Sing 2nd lang:es 00:01:35 00:01:42 tt-3888 MM005_1967_EP_SU2011_AD_12 @Gram:Indefinido 
"<de>"
	"de" Preposition PREP lang:es 00:01:35 00:01:42 tt-3889 MM005_1967_EP_SU2011_AD_12 @Gram:Prep 
"<más>"
	"más" Adverb ADV lang:es 00:01:35 00:01:42 tt-3890 MM005_1967_EP_SU2011_AD_12 
"<o>"
	"o" Conjunciton Conjunction CC lang:es 00:01:35 00:01:42 tt-3891 MM005_1967_EP_SU2011_AD_12 
"<ahorrar>"
	"ahorrar" Verb VLinf Infinitive lang:es 00:01:35 00:01:42 tt-3892 MM005_1967_EP_SU2011_AD_12 
"<dinero>"
	"dinero" Noun NC Singular lang:es 00:01:35 00:01:42 tt-3893 MM005_1967_EP_SU2011_AD_12 
"<o>"
	"o" Conjunciton Conjunction CC lang:es 00:01:35 00:01:42 tt-3894 MM005_1967_EP_SU2011_AD_12 
"<cómo>"
	"cómo" Adverb ADV lang:es 00:01:35 00:01:42 tt-3895 MM005_1967_EP_SU2011_AD_12 
"<obtener>"
	"obtener" Verb VLinf Infinitive lang:es 00:01:35 00:01:42 tt-3896 MM005_1967_EP_SU2011_AD_12 
"<más>"
	"más" Adverb ADV lang:es 00:01:35 00:01:42 tt-3897 MM005_1967_EP_SU2011_AD_12 
"<dinero>"
	"dinero" Noun NC Singular lang:es 00:01:35 00:01:42 tt-3898 MM005_1967_EP_SU2011_AD_12 
"<,>"
	"," Punctuation CM lang:es 00:01:35 00:01:42 tt-3899 MM005_1967_EP_SU2011_AD_12 
"<ganancias>"
	"ganancia" Noun NC Plural lang:es 00:01:35 00:01:42 tt-3900 MM005_1967_EP_SU2011_AD_12 
"<$.>"
	"." Punctuation FS lang:es 00:01:35 00:01:42 tt-3901 MM005_1967_EP_SU2011_AD_12 

"<Es>"
	"ser" Verb VSfin Pres Indi Sing 3rd lang:es 00:01:43 00:01:46 tt-3902 MM005_1967_EP_SU2011_AD_12 @Gram:SerEstar:Ser 
"<una>"
	"un" Determiner ART Singular lang:es 00:01:43 00:01:46 tt-3903 MM005_1967_EP_SU2011_AD_12 
"<cosa>"
	"cosa" Noun NC Singular lang:es 00:01:43 00:01:46 tt-3904 MM005_1967_EP_SU2011_AD_12 
"<que>"
	"que" Conjunction CQUE lang:es 00:01:43 00:01:46 tt-3905 MM005_1967_EP_SU2011_AD_12 
"<a>"
	"a" Preposition PREP lang:es 00:01:43 00:01:46 tt-3906 MM005_1967_EP_SU2011_AD_12 @Gram:Prep 
"<mí>"
	"yo" Pronoun PPX Singular lang:es 00:01:43 00:01:46 tt-3907 MM005_1967_EP_SU2011_AD_12 
"<me>"
	"yo" Pronoun PPX Singular lang:es 00:01:43 00:01:46 tt-3908 MM005_1967_EP_SU2011_AD_12 @Gram:Pron:Objeto ID:285 R:Gram:Gustar:Propios:286 
"<gusta>"
	"gustar" Verb VLfin Pres Indi Sing 3rd lang:es 00:01:43 00:01:46 tt-3909 MM005_1967_EP_SU2011_AD_12 ID:286 
"<$.>"
	"." Punctuation FS lang:es 00:01:43 00:01:46 tt-3910 MM005_1967_EP_SU2011_AD_12 
</speaker>
<speaker type="int">

"<$¿>"
	"¿" Punctuation FS lang:es 00:01:46 00:01:51 tt-3911 MM005_1967_EP_SU2011_AD_12 
"<En>"
	"en" Preposition PREP lang:es 00:01:46 00:01:51 tt-3912 MM005_1967_EP_SU2011_AD_12 @Gram:Prep 
"<qué>"
	"qué" Pronoun INT Singular lang:es 00:01:46 00:01:51 tt-3913 MM005_1967_EP_SU2011_AD_12 ID:290 R:Func:Opiniones:Pedir:292 
"<pensabas>"
	"pensar" Verb VLfin Imp Indi Sing 2nd lang:es 00:01:46 00:01:51 tt-3914 MM005_1967_EP_SU2011_AD_12 @Gram:Imperf 
"<que>"
	"que" Conjunction CQUE lang:es 00:01:46 00:01:51 tt-3915 MM005_1967_EP_SU2011_AD_12 ID:292 
"<trabajarías>"
	"UNK" Verb VLfin Cond Indi Sing 2nd lang:es 00:01:46 00:01:51 tt-3916 MM005_1967_EP_SU2011_AD_12 
"<al>"
	"al" Conjunction CSUBI lang:es 00:01:46 00:01:51 tt-3917 MM005_1967_EP_SU2011_AD_12 
"<crecer>"
	"crecer" Verb VLinf Infinitive lang:es 00:01:46 00:01:51 tt-3918 MM005_1967_EP_SU2011_AD_12 
"<$?>"
	"?" Punctuation FS lang:es 00:01:46 00:01:51 tt-3919 MM005_1967_EP_SU2011_AD_12 
</speaker>
<speaker type="subj">

"<Yo>"
	"yo" Pronoun PPX Singular lang:es 00:01:51 00:01:58 tt-3920 MM005_1967_EP_SU2011_AD_12 @Gram:Pron:Sujeto 
"<pensaba>"
	"pensar" Verb VLfin Imp Indi Sing 1st_or_3rd lang:es 00:01:51 00:01:58 tt-3921 MM005_1967_EP_SU2011_AD_12 @Gram:Imperf 
"<,>"
	"," Punctuation CM lang:es 00:01:51 00:01:58 tt-3922 MM005_1967_EP_SU2011_AD_12 
"<pues>"
	"pues" Conjunction CSUBF lang:es 00:01:51 00:01:58 tt-3923 MM005_1967_EP_SU2011_AD_12 
"<no>"
	"no" Adverb NEG lang:es 00:01:51 00:01:58 tt-3924 MM005_1967_EP_SU2011_AD_12 
"<sabía>"
	"saber" Verb VLfin Imp Indi Sing 1st_or_3rd lang:es 00:01:51 00:01:58 tt-3925 MM005_1967_EP_SU2011_AD_12 @Gram:Imperf 
"<ni>"
	"ni" Conjunction CCNEG lang:es 00:01:51 00:01:58 tt-3926 MM005_1967_EP_SU2011_AD_12 
"<qué>"
	"qué" Pronoun INT Singular lang:es 00:01:51 00:01:58 tt-3927 MM005_1967_EP_SU2011_AD_12 
"<era>"
	"ser" Verb VEfin Imp Indi Sing 1st_or_3rd lang:es 00:01:51 00:01:58 tt-3928 MM005_1967_EP_SU2011_AD_12 @Gram:Imperf @Gram:SerEstar:Ser 
"<,>"
	"," Punctuation CM lang:es 00:01:51 00:01:58 tt-3929 MM005_1967_EP_SU2011_AD_12 
"<pero>"
	"pero" Conjunction CCAD lang:es 00:01:51 00:01:58 tt-3930 MM005_1967_EP_SU2011_AD_12 @Prag:MarcadoresDisc:Revision 
"<yo>"
	"yo" Pronoun PPX Singular lang:es 00:01:51 00:01:58 tt-3931 MM005_1967_EP_SU2011_AD_12 @Gram:Pron:Sujeto 
"<decía>"
	"decir" Verb VLfin Imp Indi Sing 1st_or_3rd lang:es 00:01:51 00:01:58 tt-3932 MM005_1967_EP_SU2011_AD_12 @Gram:Imperf 
"<que>"
	"que" Conjunction CQUE lang:es 00:01:51 00:01:58 tt-3933 MM005_1967_EP_SU2011_AD_12 
"<iba>"
	"ir" Verb VLfin Imp Indi Sing 1st_or_3rd lang:es 00:01:51 00:01:58 tt-3934 MM005_1967_EP_SU2011_AD_12 @Gram:Imperf ID:311 R:Gram:VFut:Perifrasis:313 
"<a>"
	"a" Preposition PREP lang:es 00:01:51 00:01:58 tt-3935 MM005_1967_EP_SU2011_AD_12 @Gram:Prep 
"<hacer>"
	"hacer" Verb VLinf Infinitive lang:es 00:01:51 00:01:58 tt-3936 MM005_1967_EP_SU2011_AD_12 ID:313 
"<administrador>"
	"administrador" Noun NC Singular lang:es 00:01:51 00:01:58 tt-3937 MM005_1967_EP_SU2011_AD_12 
"<...>"
	"..." Punctuation DOTS lang:es 00:01:51 00:01:58 tt-3938 MM005_1967_EP_SU2011_AD_12 
"<administración>"
	"administración" Noun NC Singular lang:es 00:01:51 00:01:58 tt-3939 MM005_1967_EP_SU2011_AD_12 
"<de>"
	"de" Preposition PREP lang:es 00:01:59 00:02:05 tt-3940 MM005_1967_EP_SU2011_AD_12 @Gram:Prep 
"<empresas>"
	"empresa" Noun NC Plural lang:es 00:01:59 00:02:05 tt-3941 MM005_1967_EP_SU2011_AD_12 
"<,>"
	"," Punctuation CM lang:es 00:01:59 00:02:05 tt-3942 MM005_1967_EP_SU2011_AD_12 
"<pero>"
	"pero" Conjunction CCAD lang:es 00:01:59 00:02:05 tt-3943 MM005_1967_EP_SU2011_AD_12 @Prag:MarcadoresDisc:Revision 
"<en>"
	"en" Preposition PREP lang:es 00:01:59 00:02:05 tt-3944 MM005_1967_EP_SU2011_AD_12 @Gram:Prep ID:321 R:Prag:MarcadoresDisc:Revision:322 
"<realidad>"
	"realidad" Noun NC Singular Fem lang:es 00:01:59 00:02:05 tt-3945 MM005_1967_EP_SU2011_AD_12 ID:322 
"<en>"
	"en" Preposition PREP lang:es 00:01:59 00:02:05 tt-3946 MM005_1967_EP_SU2011_AD_12 @Gram:Prep 
"<ese>"
	"ese" Determiner DM Singular lang:es 00:01:59 00:02:05 tt-3947 MM005_1967_EP_SU2011_AD_12 @Gram:Det:Demo 
"<momento>"
	"momento" Noun NC Singular lang:es 00:01:59 00:02:05 tt-3948 MM005_1967_EP_SU2011_AD_12 
"<yo>"
	"yo" Pronoun PPX Singular lang:es 00:01:59 00:02:05 tt-3949 MM005_1967_EP_SU2011_AD_12 @Gram:Pron:Sujeto 
"<ni>"
	"ni" Conjunction CCNEG lang:es 00:01:59 00:02:05 tt-3950 MM005_1967_EP_SU2011_AD_12 
"<sabía>"
	"saber" Verb VLfin Imp Indi Sing 1st_or_3rd lang:es 00:01:59 00:02:05 tt-3951 MM005_1967_EP_SU2011_AD_12 @Gram:Imperf 
"<qué>"
	"qué" Pronoun INT Singular lang:es 00:01:59 00:02:05 tt-3952 MM005_1967_EP_SU2011_AD_12 
"<era>"
	"ser" Verb VEfin Imp Indi Sing 1st_or_3rd lang:es 00:01:59 00:02:05 tt-3953 MM005_1967_EP_SU2011_AD_12 @Gram:Imperf @Gram:SerEstar:Ser 
"<eso>"
	"ese" Determiner DM Singular lang:es 00:01:59 00:02:05 tt-3954 MM005_1967_EP_SU2011_AD_12 @Gram:Det:Demo 
"<pero>"
	"pero" Conjunction CCAD lang:es 00:01:59 00:02:05 tt-3955 MM005_1967_EP_SU2011_AD_12 @Prag:MarcadoresDisc:Revision 
"<es>"
	"ser" Verb VSfin Pres Indi Sing 3rd lang:es 00:01:59 00:02:05 tt-3956 MM005_1967_EP_SU2011_AD_12 @Gram:SerEstar:Ser 
"<lo>"
	"el" Determiner ART Singular lang:es 00:01:59 00:02:05 tt-3957 MM005_1967_EP_SU2011_AD_12 ID:334 R:Gram:Det:LoAdj:335 
"<que>"
	"que" Conjunction CQUE lang:es 00:01:59 00:02:05 tt-3958 MM005_1967_EP_SU2011_AD_12 ID:335 
"<de>"
	"de" Preposition PREP lang:es 00:01:59 00:02:05 tt-3959 MM005_1967_EP_SU2011_AD_12 @Gram:Prep 
"<mis>"
	"mío" Pronoun PPO Plural lang:es 00:02:05 00:02:06 tt-3960 MM005_1967_EP_SU2011_AD_12 
"<dientes>"
	"dentar" Verb VLfin Pres Subj Sing 2nd lang:es 00:02:05 00:02:06 tt-3961 MM005_1967_EP_SU2011_AD_12 @Gram:MSub:Pres 
"<para>"
	"para" Preposition PREP lang:es 00:02:05 00:02:06 tt-3962 MM005_1967_EP_SU2011_AD_12 @Gram:Prep:Para 
"<fuera>"
	"fuera" Adverb ADV lang:es 00:02:05 00:02:06 tt-3963 MM005_1967_EP_SU2011_AD_12 
"<salía>"
	"salir" Verb VLfin Imp Indi Sing 1st_or_3rd lang:es 00:02:05 00:02:06 tt-3964 MM005_1967_EP_SU2011_AD_12 @Gram:Imperf 
"<$.>"
	"." Punctuation FS lang:es 00:02:05 00:02:06 tt-3965 MM005_1967_EP_SU2011_AD_12 
</speaker>
<speaker type="int">

"<Si>"
	"si" Conjunction CSUBX lang:es 00:02:06 00:02:13 tt-3966 MM005_1967_EP_SU2011_AD_12 
"<pudieras>"
	"poder" Verb VLfin Past Subj Sing 2nd lang:es 00:02:06 00:02:13 tt-3967 MM005_1967_EP_SU2011_AD_12 @Gram:MSub:Pret 
"<elegir>"
	"elegir" Verb VLinf Infinitive lang:es 00:02:06 00:02:13 tt-3968 MM005_1967_EP_SU2011_AD_12 
"<cualquier>"
	"cualquier" Determiner QU lang:es 00:02:06 00:02:13 tt-3969 MM005_1967_EP_SU2011_AD_12 @Gram:Det:CuantIndef 
"<trabajo>"
	"trabajo" Noun NC Singular lang:es 00:02:06 00:02:13 tt-3970 MM005_1967_EP_SU2011_AD_12 
"<ahora>"
	"ahora" Adverb ADV lang:es 00:02:06 00:02:13 tt-3971 MM005_1967_EP_SU2011_AD_12 
"<,>"
	"," Punctuation CM lang:es 00:02:06 00:02:13 tt-3972 MM005_1967_EP_SU2011_AD_12 
"<$¿>"
	"¿" Punctuation FS lang:es 00:02:06 00:02:13 tt-3973 MM005_1967_EP_SU2011_AD_12 
"<qué>"
	"qué" Pronoun INT Singular lang:es 00:02:06 00:02:13 tt-3974 MM005_1967_EP_SU2011_AD_12 
"<harías>"
	"hacer" Verb VLfin Cond Indi Sing 2nd lang:es 00:02:06 00:02:13 tt-3975 MM005_1967_EP_SU2011_AD_12 
"<y>"
	"y" Conjunciton Conjunction CC lang:es 00:02:06 00:02:13 tt-3976 MM005_1967_EP_SU2011_AD_12 
"<por>"
	"por" Preposition PREP lang:es 00:02:06 00:02:13 tt-3977 MM005_1967_EP_SU2011_AD_12 @Gram:Prep:Por 
"<qué>"
	"qué" Adverb ADV lang:es 00:02:06 00:02:13 tt-3978 MM005_1967_EP_SU2011_AD_12 
"<$?>"
	"?" Punctuation FS lang:es 00:02:06 00:02:13 tt-3979 MM005_1967_EP_SU2011_AD_12 
</speaker>
<speaker type="subj">

"<Y>"
	"y" Conjunciton CC lang:es 00:02:14 00:02:21 tt-3980 MM005_1967_EP_SU2011_AD_12 
"<,>"
	"," Punctuation CM lang:es 00:02:14 00:02:21 tt-3981 MM005_1967_EP_SU2011_AD_12 
"<me>"
	"yo" Pronoun PPX Singular lang:es 00:02:14 00:02:21 tt-3982 MM005_1967_EP_SU2011_AD_12 @Gram:Pron:Objeto ID:359 R:Gram:Gustar:Propios:360 
"<gustaría>"
	"gustar" Verb VLfin Cond Indi Sing 1st_or_3rd lang:es 00:02:14 00:02:21 tt-3983 MM005_1967_EP_SU2011_AD_12 ID:360 
"<ser>"
	"ser" Verb VLinf VSinf Infinitive lang:es 00:02:14 00:02:21 tt-3984 MM005_1967_EP_SU2011_AD_12 @Gram:SerEstar:Ser 
"<este>"
	"este" Determiner DM Singular lang:es 00:02:14 00:02:21 tt-3985 MM005_1967_EP_SU2011_AD_12 @Prag:RecuDiscurso:GanarTiempo 
"<,>"
	"," Punctuation CM lang:es 00:02:14 00:02:21 tt-3986 MM005_1967_EP_SU2011_AD_12 
"<$¿>"
	"¿" Punctuation FS lang:es 00:02:14 00:02:21 tt-3987 MM005_1967_EP_SU2011_AD_12 
"<cómo>"
	"cómo" Adverb ADV lang:es 00:02:14 00:02:21 tt-3988 MM005_1967_EP_SU2011_AD_12 
"<le>"
	"él" Pronoun PPC Singular lang:es 00:02:14 00:02:21 tt-3989 MM005_1967_EP_SU2011_AD_12 @Gram:Pron:Objeto 
"<llamas>"
	"llamar" Verb VLfin Pres Indi Sing 2nd lang:es 00:02:14 00:02:21 tt-3990 MM005_1967_EP_SU2011_AD_12 
"<$?>"
	"?" Punctuation FS lang:es 00:02:14 00:02:21 tt-3991 MM005_1967_EP_SU2011_AD_12 

"<Este>"
	"este" Determiner DM Singular lang:es 00:02:14 00:02:21 tt-3992 MM005_1967_EP_SU2011_AD_12 @Prag:RecuDiscurso:GanarTiempo 
"<...>"
	"..." Punctuation DOTS lang:es 00:02:14 00:02:21 tt-3993 MM005_1967_EP_SU2011_AD_12 
"<locutor>"
	"locutor" Noun NC Singular lang:es 00:02:14 00:02:21 tt-3994 MM005_1967_EP_SU2011_AD_12 
"<,>"
	"," Punctuation CM lang:es 00:02:14 00:02:21 tt-3995 MM005_1967_EP_SU2011_AD_12 
"<de>"
	"de" Preposition PREP lang:es 00:02:14 00:02:21 tt-3996 MM005_1967_EP_SU2011_AD_12 @Gram:Prep 
"<las>"
	"el" Determiner ART Plural Fem lang:es 00:02:14 00:02:21 tt-3997 MM005_1967_EP_SU2011_AD_12 @Gram:Det:Art 
"<difusoras>"
	"UNK" Noun NC Plural lang:es 00:02:14 00:02:21 tt-3998 MM005_1967_EP_SU2011_AD_12 
"<aquí>"
	"aquí" Adverb ADV lang:es 00:02:14 00:02:21 tt-3999 MM005_1967_EP_SU2011_AD_12 
"<en>"
	"en" Preposition PREP lang:es 00:02:14 00:02:21 tt-4000 MM005_1967_EP_SU2011_AD_12 @Gram:Prep 
"<...>"
	"..." Punctuation DOTS lang:es 00:02:14 00:02:21 tt-4001 MM005_1967_EP_SU2011_AD_12 
"<en>"
	"en" Preposition PREP lang:es 00:02:14 00:02:21 tt-4002 MM005_1967_EP_SU2011_AD_12 @Gram:Prep 
"<El>"
	"el" Determiner ART Singular Masc lang:es 00:02:27 00:02:34 tt-4003 MM005_1967_EP_SU2011_AD_12 @Gram:Det:Art ID:380 R:Vocab:Entities:Geo:381 
"<Paso>"
	"paso" Noun NC Singular lang:es 00:02:27 00:02:34 tt-4004 MM005_1967_EP_SU2011_AD_12 ID:381 
"<,>"
	"," Punctuation CM lang:es 00:02:27 00:02:34 tt-4005 MM005_1967_EP_SU2011_AD_12 
"<tienen>"
	"tener" Verb VLfin Pres Indi Plural 3rd lang:es 00:02:27 00:02:34 tt-4006 MM005_1967_EP_SU2011_AD_12 
"<unas>"
	"un" Determiner ART Plural lang:es 00:02:27 00:02:34 tt-4007 MM005_1967_EP_SU2011_AD_12 
"<difusoras>"
	"UNK" Noun NC Plural lang:es 00:02:27 00:02:34 tt-4008 MM005_1967_EP_SU2011_AD_12 
"<donde>"
	"donde" Adverb ADV lang:es 00:02:27 00:02:34 tt-4009 MM005_1967_EP_SU2011_AD_12 
"<hablan>"
	"hablar" Verb VLfin Pres Indi Plural 3rd lang:es 00:02:27 00:02:34 tt-4010 MM005_1967_EP_SU2011_AD_12 
"<chistoso>"
	"chistoso" Adjective ADJ Singular lang:es 00:02:27 00:02:34 tt-4011 MM005_1967_EP_SU2011_AD_12 
"<y>"
	"y" Conjunciton Conjunction CC lang:es 00:02:27 00:02:34 tt-4012 MM005_1967_EP_SU2011_AD_12 
"<a>"
	"a" Preposition PREP lang:es 00:02:27 00:02:34 tt-4013 MM005_1967_EP_SU2011_AD_12 @Gram:Prep 
"<mí>"
	"yo" Pronoun PPX Singular lang:es 00:02:27 00:02:34 tt-4014 MM005_1967_EP_SU2011_AD_12 
"<me>"
	"yo" Pronoun PPX Singular lang:es 00:02:27 00:02:34 tt-4015 MM005_1967_EP_SU2011_AD_12 @Gram:Pron:Objeto ID:392 R:Gram:Gustar:Propios:393 
"<gusta>"
	"gustar" Verb VLfin Pres Indi Sing 3rd lang:es 00:02:27 00:02:34 tt-4016 MM005_1967_EP_SU2011_AD_12 ID:393 
"<ser>"
	"ser" Verb VLinf VSinf Infinitive lang:es 00:02:27 00:02:34 tt-4017 MM005_1967_EP_SU2011_AD_12 @Gram:SerEstar:Ser ID:394 R:Func:DescribirPersonas:FormaDeSer:396 
"<chistoso>"
	"chistoso" Adjective ADJ Singular lang:es 00:02:27 00:02:34 tt-4018 MM005_1967_EP_SU2011_AD_12 
"<,>"
	"," Punctuation CM lang:es 00:02:27 00:02:34 tt-4019 MM005_1967_EP_SU2011_AD_12 ID:396 
"<$¿>"
	"¿" Punctuation FS lang:es 00:02:27 00:02:34 tt-4020 MM005_1967_EP_SU2011_AD_12 
"<verdad>"
	"verdad" Noun NC Singular lang:es 00:02:27 00:02:34 tt-4021 MM005_1967_EP_SU2011_AD_12 
"<$?>"
	"?" Punctuation FS lang:es 00:02:27 00:02:34 tt-4022 MM005_1967_EP_SU2011_AD_12 

"<Ahorita>"
	"ahora" Adverb ADV lang:es 00:02:36 00:02:43 tt-4023 MM005_1967_EP_SU2011_AD_12 
"<,>"
	"," Punctuation CM lang:es 00:02:36 00:02:43 tt-4024 MM005_1967_EP_SU2011_AD_12 
"<si>"
	"si" Conjunction CSUBX lang:es 00:02:36 00:02:43 tt-4025 MM005_1967_EP_SU2011_AD_12 
"<me>"
	"yo" Pronoun PPX Singular lang:es 00:02:36 00:02:43 tt-4026 MM005_1967_EP_SU2011_AD_12 @Gram:Pron:Objeto 
"<dieran>"
	"dar" Verb VLfin Past Subj Plural 2nd_or_3rd lang:es 00:02:36 00:02:43 tt-4027 MM005_1967_EP_SU2011_AD_12 @Gram:MSub:Pret 
"<una>"
	"un" Determiner ART Singular lang:es 00:02:36 00:02:43 tt-4028 MM005_1967_EP_SU2011_AD_12 
"<oportunidad>"
	"oportunidad" Noun NC Singular lang:es 00:02:36 00:02:43 tt-4029 MM005_1967_EP_SU2011_AD_12 
"<me>"
	"yo" Pronoun PPX Singular lang:es 00:02:36 00:02:43 tt-4030 MM005_1967_EP_SU2011_AD_12 @Gram:Pron:Objeto ID:407 R:Gram:Gustar:Propios:408 
"<gustaría>"
	"gustar" Verb VLfin Cond Indi Sing 1st_or_3rd lang:es 00:02:36 00:02:43 tt-4031 MM005_1967_EP_SU2011_AD_12 ID:408 
"<trabajar>"
	"trabajar" Verb VLinf Infinitive lang:es 00:02:36 00:02:43 tt-4032 MM005_1967_EP_SU2011_AD_12 
"<con>"
	"con" Preposition PREP lang:es 00:02:36 00:02:43 tt-4033 MM005_1967_EP_SU2011_AD_12 @Gram:Prep 
"<una>"
	"un" Determiner ART Singular lang:es 00:02:36 00:02:43 tt-4034 MM005_1967_EP_SU2011_AD_12 
"<compañía>"
	"compañía" Noun NC Singular lang:es 00:02:36 00:02:43 tt-4035 MM005_1967_EP_SU2011_AD_12 
"<de>"
	"de" Preposition PREP lang:es 00:02:36 00:02:43 tt-4036 MM005_1967_EP_SU2011_AD_12 @Gram:Prep 
"<radio>"
	"radio" Noun NC Singular lang:es 00:02:36 00:02:43 tt-4037 MM005_1967_EP_SU2011_AD_12 
"<para>"
	"para" Preposition PREP lang:es 00:02:36 00:02:43 tt-4038 MM005_1967_EP_SU2011_AD_12 @Gram:Prep:Para 
"<soltar>"
	"soltar" Verb VLinf Infinitive lang:es 00:02:43 00:02:49 tt-4039 MM005_1967_EP_SU2011_AD_12 
"<todo>"
	"todo" Determiner QU lang:es 00:02:43 00:02:49 tt-4040 MM005_1967_EP_SU2011_AD_12 ID:417 R:Gram:Det:Combi:418 
"<lo>"
	"el" Determiner ART Singular lang:es 00:02:43 00:02:49 tt-4041 MM005_1967_EP_SU2011_AD_12 ID:418 R:Gram:Det:LoAdj:419 
"<que>"
	"que" Conjunction CQUE lang:es 00:02:43 00:02:49 tt-4042 MM005_1967_EP_SU2011_AD_12 ID:419 
"<traigo>"
	"traer" Verb VLfin Pres Indi Sing 1st lang:es 00:02:43 00:02:49 tt-4043 MM005_1967_EP_SU2011_AD_12 
"<adentro>"
	"adentro" Adverb ADV lang:es 00:02:43 00:02:49 tt-4044 MM005_1967_EP_SU2011_AD_12 
"<de>"
	"de" Preposition PREP lang:es 00:02:43 00:02:49 tt-4045 MM005_1967_EP_SU2011_AD_12 @Gram:Prep 
"<chistes>"
	"chistar" Verb VLfin Pres Subj Sing 2nd lang:es 00:02:43 00:02:49 tt-4046 MM005_1967_EP_SU2011_AD_12 
"<,>"
	"," Punctuation CM lang:es 00:02:43 00:02:49 tt-4047 MM005_1967_EP_SU2011_AD_12 
"<de>"
	"de" Preposition PREP lang:es 00:02:43 00:02:49 tt-4048 MM005_1967_EP_SU2011_AD_12 @Gram:Prep 
"<doble>"
	"doble" Adjective ADJ Singular Masc-Fem lang:es 00:02:43 00:02:49 tt-4049 MM005_1967_EP_SU2011_AD_12 
"<sentido>"
	"sentido" Noun NC Singular lang:es 00:02:43 00:02:49 tt-4050 MM005_1967_EP_SU2011_AD_12 
"<,>"
	"," Punctuation CM lang:es 00:02:43 00:02:49 tt-4051 MM005_1967_EP_SU2011_AD_12 
"<de>"
	"de" Conjunction CSUBI lang:es 00:02:43 00:02:49 tt-4052 MM005_1967_EP_SU2011_AD_12 
"<convivir>"
	"convivir" Verb VLinf Infinitive lang:es 00:02:43 00:02:49 tt-4053 MM005_1967_EP_SU2011_AD_12 
"<con>"
	"con" Preposition PREP lang:es 00:02:43 00:02:49 tt-4054 MM005_1967_EP_SU2011_AD_12 @Gram:Prep 
"<la>"
	"el" Determiner ART Singular Fem lang:es 00:02:43 00:02:49 tt-4055 MM005_1967_EP_SU2011_AD_12 @Gram:Det:Art 
"<gente>"
	"gente" Noun NC Singular lang:es 00:02:43 00:02:49 tt-4056 MM005_1967_EP_SU2011_AD_12 
"<,>"
	"," Punctuation CM lang:es 00:02:43 00:02:49 tt-4057 MM005_1967_EP_SU2011_AD_12 
"<no>"
	"no" Adverb NEG lang:es 00:02:49 00:02:56 tt-4058 MM005_1967_EP_SU2011_AD_12 
"<nada>"
	"nada" Determiner QU lang:es 00:02:49 00:02:56 tt-4059 MM005_1967_EP_SU2011_AD_12 ID:436 R:Vocab:Fraseol:LocAdv:437 
"<más>"
	"más" Adverb ADV lang:es 00:02:49 00:02:56 tt-4060 MM005_1967_EP_SU2011_AD_12 ID:437 
"<de>"
	"de" Preposition PREP lang:es 00:02:49 00:02:56 tt-4061 MM005_1967_EP_SU2011_AD_12 @Gram:Prep 
"<mi>"
	"mío" Pronoun PPO Singular lang:es 00:02:49 00:02:56 tt-4062 MM005_1967_EP_SU2011_AD_12 @Gram:Det:Pos 
"<casa>"
	"casa" Noun NC Singular lang:es 00:02:49 00:02:56 tt-4063 MM005_1967_EP_SU2011_AD_12 
"<con>"
	"con" Preposition PREP lang:es 00:02:49 00:02:56 tt-4064 MM005_1967_EP_SU2011_AD_12 @Gram:Prep 
"<la>"
	"el" Determiner ART Singular Fem lang:es 00:02:49 00:02:56 tt-4065 MM005_1967_EP_SU2011_AD_12 @Gram:Det:Art 
"<gente>"
	"gente" Noun NC Singular lang:es 00:02:49 00:02:56 tt-4066 MM005_1967_EP_SU2011_AD_12 
"<externa>"
	"externo" Adjective ADJ Singular lang:es 00:02:49 00:02:56 tt-4067 MM005_1967_EP_SU2011_AD_12 
"<de>"
	"de" Preposition PREP lang:es 00:02:49 00:02:56 tt-4068 MM005_1967_EP_SU2011_AD_12 @Gram:Prep 
"<casa>"
	"casa" Noun NC Singular lang:es 00:02:49 00:02:56 tt-4069 MM005_1967_EP_SU2011_AD_12 
"<y>"
	"y" Conjunciton Conjunction CC lang:es 00:02:49 00:02:56 tt-4070 MM005_1967_EP_SU2011_AD_12 
"<vacilar>"
	"vacilar" Verb VLinf Infinitive lang:es 00:02:49 00:02:56 tt-4071 MM005_1967_EP_SU2011_AD_12 
"<y>"
	"y" Conjunciton Conjunction CC lang:es 00:02:49 00:02:56 tt-4072 MM005_1967_EP_SU2011_AD_12 
"<platicar>"
	"platicar" Verb VLinf Infinitive lang:es 00:02:49 00:02:56 tt-4073 MM005_1967_EP_SU2011_AD_12 
"<con>"
	"con" Preposition PREP lang:es 00:02:49 00:02:56 tt-4074 MM005_1967_EP_SU2011_AD_12 @Gram:Prep 
"<ellos>"
	"él" Pronoun PPX Plural lang:es 00:02:49 00:02:56 tt-4075 MM005_1967_EP_SU2011_AD_12 @Gram:Pron:Sujeto 
"<a>"
	"a" Preposition PREP lang:es 00:02:49 00:02:56 tt-4076 MM005_1967_EP_SU2011_AD_12 @Gram:Prep 
"<gusto>"
	"gusto" Noun NC Singular lang:es 00:02:49 00:02:56 tt-4077 MM005_1967_EP_SU2011_AD_12 
"<$.>"
	"." Punctuation FS lang:es 00:02:49 00:02:56 tt-4078 MM005_1967_EP_SU2011_AD_12 
</speaker>
<speaker type="int">

"<Qué>"
	"qué" Pronoun INT Singular lang:es 00:02:58 00:03:05 tt-4079 MM005_1967_EP_SU2011_AD_12 
"<bien>"
	"bien" Noun NC Singular lang:es 00:02:58 00:03:05 tt-4080 MM005_1967_EP_SU2011_AD_12 
"<$.>"
	"." Punctuation FS lang:es 00:02:58 00:03:05 tt-4081 MM005_1967_EP_SU2011_AD_12 

"<Uhm>"
	"UNK" Noun NP Singular lang:es 00:02:58 00:03:05 tt-4082 MM005_1967_EP_SU2011_AD_12 
"<...>"
	"..." Punctuation DOTS lang:es 00:02:58 00:03:05 tt-4083 MM005_1967_EP_SU2011_AD_12 
"<$¿>"
	"¿" Punctuation FS lang:es 00:02:58 00:03:05 tt-4084 MM005_1967_EP_SU2011_AD_12 
"<tienes>"
	"tener" Verb VLfin Pres Indi Sing 2nd lang:es 00:02:58 00:03:05 tt-4085 MM005_1967_EP_SU2011_AD_12 
"<alguna>"
	"alguno" Determiner QU lang:es 00:02:58 00:03:05 tt-4086 MM005_1967_EP_SU2011_AD_12 @Gram:Det:CuantIndef 
"<historia>"
	"historia" Noun NC Singular lang:es 00:02:58 00:03:05 tt-4087 MM005_1967_EP_SU2011_AD_12 
"<favorita>"
	"favorito" Adjective ADJ Singular lang:es 00:02:58 00:03:05 tt-4088 MM005_1967_EP_SU2011_AD_12 
"<de>"
	"de" Preposition PREP lang:es 00:02:58 00:03:05 tt-4089 MM005_1967_EP_SU2011_AD_12 @Gram:Prep 
"<tu>"
	"tú" Pronoun PPX Singular lang:es 00:02:58 00:03:05 tt-4090 MM005_1967_EP_SU2011_AD_12 @Gram:Det:Pos 
"<vida>"
	"vida" Noun NC Singular lang:es 00:02:58 00:03:05 tt-4091 MM005_1967_EP_SU2011_AD_12 
"<laboral>"
	"laboral" Adjective ADJ Singular lang:es 00:02:58 00:03:05 tt-4092 MM005_1967_EP_SU2011_AD_12 
"<$?>"
	"?" Punctuation FS lang:es 00:02:58 00:03:05 tt-4093 MM005_1967_EP_SU2011_AD_12 
</speaker>
<speaker type="subj">

"<Híjole>"
	"híjole" Noun NP Singular lang:es 00:03:07 00:03:14 tt-4094 MM005_1967_EP_SU2011_AD_12 
"<$.>"
	"." Punctuation FS lang:es 00:03:07 00:03:14 tt-4095 MM005_1967_EP_SU2011_AD_12 

"<Déjame>"
	"dejar" Verb VLfin Pres Command Sing 2nd lang:es 00:03:07 00:03:14 tt-4096 MM005_1967_EP_SU2011_AD_12 @Gram:MImp:Informal 
"<acuerdo>"
	"acuerdo" Noun NC Singular lang:es 00:03:07 00:03:14 tt-4097 MM005_1967_EP_SU2011_AD_12 
"<$.>"
	"." Punctuation FS lang:es 00:03:07 00:03:14 tt-4098 MM005_1967_EP_SU2011_AD_12 

"<Una>"
	"un" Determiner ART Singular lang:es 00:03:07 00:03:14 tt-4099 MM005_1967_EP_SU2011_AD_12 
"<que>"
	"que" Conjunction CQUE lang:es 00:03:07 00:03:14 tt-4100 MM005_1967_EP_SU2011_AD_12 
"<no>"
	"no" Adverb NEG lang:es 00:03:07 00:03:14 tt-4101 MM005_1967_EP_SU2011_AD_12 
"<me>"
	"yo" Pronoun PPX Singular lang:es 00:03:07 00:03:14 tt-4102 MM005_1967_EP_SU2011_AD_12 @Gram:Pron:Objeto 
"<vayas>"
	"ir" Verb VLfin Pres Subj Sing 2nd lang:es 00:03:07 00:03:14 tt-4103 MM005_1967_EP_SU2011_AD_12 @Gram:MSub:Pres ID:480 R:Gram:VFut:Perifrasis:482 
"<a>"
	"a" Preposition PREP lang:es 00:03:07 00:03:14 tt-4104 MM005_1967_EP_SU2011_AD_12 @Gram:Prep 
"<comprometer>"
	"comprometer" Verb VLinf Infinitive lang:es 00:03:07 00:03:14 tt-4105 MM005_1967_EP_SU2011_AD_12 ID:482 
"<con>"
	"con" Preposition PREP lang:es 00:03:07 00:03:14 tt-4106 MM005_1967_EP_SU2011_AD_12 @Gram:Prep 
"<mi>"
	"mío" Pronoun PPO Singular lang:es 00:03:07 00:03:14 tt-4107 MM005_1967_EP_SU2011_AD_12 @Gram:Det:Pos 
"<esposa>"
	"esposo" Noun NC Singular lang:es 00:03:07 00:03:14 tt-4108 MM005_1967_EP_SU2011_AD_12 
"<$.>"
	"." Punctuation FS lang:es 00:03:07 00:03:14 tt-4109 MM005_1967_EP_SU2011_AD_12 

"<[>"
	"[" Punctuation LP lang:es 00:03:07 00:03:14 tt-4110 MM005_1967_EP_SU2011_AD_12 
"<Risas>"
	"UNK" Noun NP Plural lang:es 00:03:07 00:03:14 tt-4111 MM005_1967_EP_SU2011_AD_12 
"<]>"
	"]" Other RP lang:es 00:03:07 00:03:14 tt-4112 MM005_1967_EP_SU2011_AD_12 
"<Experiencia>"
	"experiencia" Noun NC Singular lang:es 00:03:17 00:03:24 tt-4113 MM005_1967_EP_SU2011_AD_12 
"<laboral>"
	"laboral" Adjective ADJ Singular lang:es 00:03:17 00:03:24 tt-4114 MM005_1967_EP_SU2011_AD_12 
"<$.>"
	"." Punctuation FS lang:es 00:03:17 00:03:24 tt-4115 MM005_1967_EP_SU2011_AD_12 

"<Pues>"
	"pues" Conjunction CSUBF lang:es 00:03:17 00:03:24 tt-4116 MM005_1967_EP_SU2011_AD_12 
"<sí>"
	"sí" Adverb ADV lang:es 00:03:17 00:03:24 tt-4117 MM005_1967_EP_SU2011_AD_12 
"<,>"
	"," Punctuation CM lang:es 00:03:17 00:03:24 tt-4118 MM005_1967_EP_SU2011_AD_12 
"<pues>"
	"pues" Conjunction CSUBF lang:es 00:03:17 00:03:24 tt-4119 MM005_1967_EP_SU2011_AD_12 
"<cuando>"
	"cuando" Conjunction CSUBX lang:es 00:03:17 00:03:24 tt-4120 MM005_1967_EP_SU2011_AD_12 
"<,>"
	"," Punctuation CM lang:es 00:03:17 00:03:24 tt-4121 MM005_1967_EP_SU2011_AD_12 
"<este>"
	"este" Noun NC Singular lang:es 00:03:17 00:03:24 tt-4122 MM005_1967_EP_SU2011_AD_12 
"<...>"
	"..." Punctuation DOTS lang:es 00:03:17 00:03:24 tt-4123 MM005_1967_EP_SU2011_AD_12 
"<que>"
	"que" Conjunction CQUE lang:es 00:03:17 00:03:24 tt-4124 MM005_1967_EP_SU2011_AD_12 
"<no>"
	"no" Adverb NEG lang:es 00:03:17 00:03:24 tt-4125 MM005_1967_EP_SU2011_AD_12 
"<salían>"
	"salir" Verb VLfin Imp Indi Plural 3rd lang:es 00:03:17 00:03:24 tt-4126 MM005_1967_EP_SU2011_AD_12 @Gram:Imperf 
"<bien>"
	"bien" Adverb ADV lang:es 00:03:17 00:03:24 tt-4127 MM005_1967_EP_SU2011_AD_12 
"<las>"
	"el" Determiner ART Plural Fem lang:es 00:03:17 00:03:24 tt-4128 MM005_1967_EP_SU2011_AD_12 @Gram:Det:Art 
"<cuentas>"
	"cuenta" Noun NC Plural lang:es 00:03:17 00:03:24 tt-4129 MM005_1967_EP_SU2011_AD_12 
"<que>"
	"que" Conjunction CQUE lang:es 00:03:17 00:03:24 tt-4130 MM005_1967_EP_SU2011_AD_12 
"<...>"
	"..." Punctuation DOTS lang:es 00:03:17 00:03:24 tt-4131 MM005_1967_EP_SU2011_AD_12 
"<en>"
	"en" Preposition PREP lang:es 00:03:17 00:03:24 tt-4132 MM005_1967_EP_SU2011_AD_12 @Gram:Prep 
"<los>"
	"el" Determiner ART Plural Masc lang:es 00:03:29 00:03:35 tt-4133 MM005_1967_EP_SU2011_AD_12 @Gram:Det:Art 
"<inventarios>"
	"inventario" Noun NC Plural lang:es 00:03:29 00:03:35 tt-4134 MM005_1967_EP_SU2011_AD_12 
"<recuerdo>"
	"recuerdo" Adjective ADJ Singular lang:es 00:03:29 00:03:35 tt-4135 MM005_1967_EP_SU2011_AD_12 
"<yo>"
	"yo" Pronoun PPX Singular lang:es 00:03:29 00:03:35 tt-4136 MM005_1967_EP_SU2011_AD_12 @Gram:Pron:Sujeto 
"<que>"
	"que" Conjunction CQUE lang:es 00:03:29 00:03:35 tt-4137 MM005_1967_EP_SU2011_AD_12 
"<me>"
	"yo" Pronoun PPX Singular lang:es 00:03:29 00:03:35 tt-4138 MM005_1967_EP_SU2011_AD_12 @Gram:Pron:Objeto ID:515 R:Gram:Gustar:Propios:516 
"<gustaba>"
	"gustar" Verb VLfin Imp Indi Sing 1st_or_3rd lang:es 00:03:29 00:03:35 tt-4139 MM005_1967_EP_SU2011_AD_12 @Gram:Imperf ID:516 
"<ir>"
	"ir" Verb VLinf Infinitive lang:es 00:03:29 00:03:35 tt-4140 MM005_1967_EP_SU2011_AD_12 
"<a>"
	"a" Preposition PREP lang:es 00:03:29 00:03:35 tt-4141 MM005_1967_EP_SU2011_AD_12 @Gram:Prep 
"<hacer>"
	"hacer" Verb VLinf Infinitive lang:es 00:03:29 00:03:35 tt-4142 MM005_1967_EP_SU2011_AD_12 
"<inventarios>"
	"inventario" Noun NC Plural lang:es 00:03:29 00:03:35 tt-4143 MM005_1967_EP_SU2011_AD_12 
"<en>"
	"en" Preposition PREP lang:es 00:03:29 00:03:35 tt-4144 MM005_1967_EP_SU2011_AD_12 @Gram:Prep 
"<la>"
	"el" Determiner ART Singular Fem lang:es 00:03:29 00:03:35 tt-4145 MM005_1967_EP_SU2011_AD_12 @Gram:Det:Art 
"<maquiladora>"
	"maquiladora" Noun NC Singular lang:es 00:03:29 00:03:35 tt-4146 MM005_1967_EP_SU2011_AD_12 
"<de>"
	"de" Preposition PREP lang:es 00:03:29 00:03:35 tt-4147 MM005_1967_EP_SU2011_AD_12 @Gram:Prep 
"<Juárez>"
	"Juárez" Noun NP Singular lang:es 00:03:35 00:03:40 tt-4148 MM005_1967_EP_SU2011_AD_12 
"<para>"
	"para" Preposition PREP lang:es 00:03:35 00:03:40 tt-4149 MM005_1967_EP_SU2011_AD_12 @Gram:Prep:Para 
"<ir>"
	"ir" Verb VLinf Infinitive lang:es 00:03:35 00:03:40 tt-4150 MM005_1967_EP_SU2011_AD_12 
"<a>"
	"a" Preposition PREP lang:es 00:03:35 00:03:40 tt-4151 MM005_1967_EP_SU2011_AD_12 @Gram:Prep 
"<contar>"
	"contar" Verb VLinf Infinitive lang:es 00:03:35 00:03:40 tt-4152 MM005_1967_EP_SU2011_AD_12 
"<pieza>"
	"pieza" Noun NC Singular lang:es 00:03:35 00:03:40 tt-4153 MM005_1967_EP_SU2011_AD_12 
"<por>"
	"por" Preposition PREP lang:es 00:03:35 00:03:40 tt-4154 MM005_1967_EP_SU2011_AD_12 @Gram:Prep:Por 
"<pieza>"
	"pieza" Noun NC Singular lang:es 00:03:35 00:03:40 tt-4155 MM005_1967_EP_SU2011_AD_12 
"<y>"
	"y" Conjunciton Conjunction CC lang:es 00:03:35 00:03:40 tt-4156 MM005_1967_EP_SU2011_AD_12 
"<andar>"
	"andar" Verb VLinf Infinitive lang:es 00:03:35 00:03:40 tt-4157 MM005_1967_EP_SU2011_AD_12 
"<anotando>"
	"anotar" Verb VLger lang:es 00:03:35 00:03:40 tt-4158 MM005_1967_EP_SU2011_AD_12 
"<números>"
	"número" Noun NC Plural lang:es 00:03:35 00:03:40 tt-4159 MM005_1967_EP_SU2011_AD_12 
"<y>"
	"y" Conjunciton Conjunction CC lang:es 00:03:35 00:03:40 tt-4160 MM005_1967_EP_SU2011_AD_12 
"<viendo>"
	"ver" Verb VLger lang:es 00:03:35 00:03:40 tt-4161 MM005_1967_EP_SU2011_AD_12 
"<que>"
	"que" Conjunction CQUE lang:es 00:03:35 00:03:40 tt-4162 MM005_1967_EP_SU2011_AD_12 
"<sí>"
	"él" Pronoun PPX Singular lang:es 00:03:35 00:03:40 tt-4163 MM005_1967_EP_SU2011_AD_12 
"<existía>"
	"existir" Verb VLfin Imp Indi Sing 1st_or_3rd lang:es 00:03:35 00:03:40 tt-4164 MM005_1967_EP_SU2011_AD_12 @Gram:Imperf 
"<lo>"
	"el" Determiner ART Singular lang:es 00:03:40 00:03:47 tt-4165 MM005_1967_EP_SU2011_AD_12 ID:542 R:Gram:Det:LoAdj:543 
"<que>"
	"que" Conjunction CQUE lang:es 00:03:40 00:03:47 tt-4166 MM005_1967_EP_SU2011_AD_12 ID:543 
"<nos>"
	"nosotros" Pronoun PPX Plural lang:es 00:03:40 00:03:47 tt-4167 MM005_1967_EP_SU2011_AD_12 @Gram:Pron:Objeto 
"<platicaban>"
	"platicar" Verb VLfin Imp Indi Plural 3rd lang:es 00:03:40 00:03:47 tt-4168 MM005_1967_EP_SU2011_AD_12 @Gram:Imperf 
"<los>"
	"el" Determiner ART Plural Masc lang:es 00:03:40 00:03:47 tt-4169 MM005_1967_EP_SU2011_AD_12 @Gram:Det:Art 
"<inventarios>"
	"inventario" Noun NC Plural lang:es 00:03:40 00:03:47 tt-4170 MM005_1967_EP_SU2011_AD_12 
"<y>"
	"y" Conjunciton Conjunction CC lang:es 00:03:40 00:03:47 tt-4171 MM005_1967_EP_SU2011_AD_12 
"<es>"
	"ser" Verb VSfin Pres Indi Sing 3rd lang:es 00:03:40 00:03:47 tt-4172 MM005_1967_EP_SU2011_AD_12 @Gram:SerEstar:Ser 
"<especial>"
	"especial" Adjective ADJ Singular lang:es 00:03:40 00:03:47 tt-4173 MM005_1967_EP_SU2011_AD_12 
"<porque>"
	"porque" Conjunction CSUBX lang:es 00:03:40 00:03:47 tt-4174 MM005_1967_EP_SU2011_AD_12 @Prag:MarcadoresDisc:Causa 
"<pues>"
	"pues" Conjunction CSUBF lang:es 00:03:40 00:03:47 tt-4175 MM005_1967_EP_SU2011_AD_12 
"<otra>"
	"otro" Determiner QU lang:es 00:03:40 00:03:47 tt-4176 MM005_1967_EP_SU2011_AD_12 
"<vez>"
	"vez" Noun NC Singular lang:es 00:03:40 00:03:47 tt-4177 MM005_1967_EP_SU2011_AD_12 
"<volvemos>"
	"volver" Verb VLfin Pres Indi Plural 1st lang:es 00:03:40 00:03:47 tt-4178 MM005_1967_EP_SU2011_AD_12 
"<,>"
	"," Punctuation CM lang:es 00:03:40 00:03:47 tt-4179 MM005_1967_EP_SU2011_AD_12 
"<convives>"
	"convivir" Verb VLfin Pres Indi Sing 2nd lang:es 00:03:40 00:03:47 tt-4180 MM005_1967_EP_SU2011_AD_12 
"<con>"
	"con" Preposition PREP lang:es 00:03:48 00:03:53 tt-4181 MM005_1967_EP_SU2011_AD_12 @Gram:Prep 
"<la>"
	"el" Determiner ART Singular Fem lang:es 00:03:48 00:03:53 tt-4182 MM005_1967_EP_SU2011_AD_12 @Gram:Det:Art 
"<gente>"
	"gente" Noun NC Singular lang:es 00:03:48 00:03:53 tt-4183 MM005_1967_EP_SU2011_AD_12 
"<que>"
	"que" Conjunction CQUE lang:es 00:03:48 00:03:53 tt-4184 MM005_1967_EP_SU2011_AD_12 
"<trabaja>"
	"trabajar" Verb VLfin Pres Indi Sing 3rd lang:es 00:03:48 00:03:53 tt-4185 MM005_1967_EP_SU2011_AD_12 
"<en>"
	"en" Preposition PREP lang:es 00:03:48 00:03:53 tt-4186 MM005_1967_EP_SU2011_AD_12 @Gram:Prep 
"<el>"
	"el" Determiner ART Singular Masc lang:es 00:03:48 00:03:53 tt-4187 MM005_1967_EP_SU2011_AD_12 @Gram:Det:Art ID:564 R:Gram:Genero:ExcepArtFem:565 
"<área>"
	"área" Noun NC Singular lang:es 00:03:48 00:03:53 tt-4188 MM005_1967_EP_SU2011_AD_12 ID:565 
"<donde>"
	"donde" Adverb ADV lang:es 00:03:48 00:03:53 tt-4189 MM005_1967_EP_SU2011_AD_12 
"<no>"
	"no" Adverb NEG lang:es 00:03:48 00:03:53 tt-4190 MM005_1967_EP_SU2011_AD_12 
"<está>"
	"estar" Verb VEfin Pres Indi Sing 3rd lang:es 00:03:48 00:03:53 tt-4191 MM005_1967_EP_SU2011_AD_12 @Gram:SerEstar:Estar 
"<uno>"
	"uno" Determiner CARD Singular lang:es 00:03:48 00:03:53 tt-4192 MM005_1967_EP_SU2011_AD_12 @Gram:Pron:Sujeto 
"<,>"
	"," Punctuation CM lang:es 00:03:48 00:03:53 tt-4193 MM005_1967_EP_SU2011_AD_12 
"<$¿>"
	"¿" Punctuation FS lang:es 00:03:48 00:03:53 tt-4194 MM005_1967_EP_SU2011_AD_12 
"<verdad>"
	"verdad" Noun NC Singular lang:es 00:03:48 00:03:53 tt-4195 MM005_1967_EP_SU2011_AD_12 
"<$?>"
	"?" Punctuation FS lang:es 00:03:48 00:03:53 tt-4196 MM005_1967_EP_SU2011_AD_12 

"<Ahí>"
	"ahí" Adverb ADV lang:es 00:03:48 00:03:53 tt-4197 MM005_1967_EP_SU2011_AD_12 
"<no>"
	"no" Adverb NEG lang:es 00:03:48 00:03:53 tt-4198 MM005_1967_EP_SU2011_AD_12 
"<nada>"
	"nada" Determiner QU lang:es 00:03:48 00:03:53 tt-4199 MM005_1967_EP_SU2011_AD_12 ID:576 R:Vocab:Fraseol:LocAdv:577 
"<más>"
	"más" Adverb ADV lang:es 00:03:48 00:03:53 tt-4200 MM005_1967_EP_SU2011_AD_12 ID:577 
"<convives>"
	"convivir" Verb VLfin Pres Indi Sing 2nd lang:es 00:03:53 00:03:57 tt-4201 MM005_1967_EP_SU2011_AD_12 
"<con>"
	"con" Preposition PREP lang:es 00:03:53 00:03:57 tt-4202 MM005_1967_EP_SU2011_AD_12 @Gram:Prep 
"<la>"
	"el" Determiner ART Singular Fem lang:es 00:03:53 00:03:57 tt-4203 MM005_1967_EP_SU2011_AD_12 @Gram:Det:Art 
"<gente>"
	"gente" Noun NC Singular lang:es 00:03:53 00:03:57 tt-4204 MM005_1967_EP_SU2011_AD_12 
"<de>"
	"de" Preposition PREP lang:es 00:03:53 00:03:57 tt-4205 MM005_1967_EP_SU2011_AD_12 @Gram:Prep 
"<oficina>"
	"oficina" Noun NC Singular lang:es 00:03:53 00:03:57 tt-4206 MM005_1967_EP_SU2011_AD_12 
"<,>"
	"," Punctuation CM lang:es 00:03:53 00:03:57 tt-4207 MM005_1967_EP_SU2011_AD_12 
"<sino>"
	"sino" Conjunction CCAD lang:es 00:03:53 00:03:57 tt-4208 MM005_1967_EP_SU2011_AD_12 
"<con>"
	"con" Preposition PREP lang:es 00:03:53 00:03:57 tt-4209 MM005_1967_EP_SU2011_AD_12 @Gram:Prep 
"<la>"
	"el" Determiner ART Singular Fem lang:es 00:03:53 00:03:57 tt-4210 MM005_1967_EP_SU2011_AD_12 @Gram:Det:Art 
"<gente>"
	"gente" Noun NC Singular lang:es 00:03:53 00:03:57 tt-4211 MM005_1967_EP_SU2011_AD_12 
"<,>"
	"," Punctuation CM lang:es 00:03:53 00:03:57 tt-4212 MM005_1967_EP_SU2011_AD_12 
"<desde>"
	"desde" Preposition PREP lang:es 00:03:53 00:03:57 tt-4213 MM005_1967_EP_SU2011_AD_12 @Gram:Prep 
"<la>"
	"el" Determiner ART Singular Fem lang:es 00:03:53 00:03:57 tt-4214 MM005_1967_EP_SU2011_AD_12 @Gram:Det:Art 
"<que>"
	"que" Conjunction CQUE lang:es 00:03:53 00:03:57 tt-4215 MM005_1967_EP_SU2011_AD_12 
"<anda>"
	"andar" Verb VLfin Pres Indi Sing 3rd lang:es 00:03:53 00:03:57 tt-4216 MM005_1967_EP_SU2011_AD_12 
"<barriendo>"
	"barrer" Verb VLger lang:es 00:03:53 00:03:57 tt-4217 MM005_1967_EP_SU2011_AD_12 
"<,>"
	"," Punctuation CM lang:es 00:03:53 00:03:57 tt-4218 MM005_1967_EP_SU2011_AD_12 
"<los>"
	"el" Determiner ART Plural Masc lang:es 00:03:53 00:03:57 tt-4219 MM005_1967_EP_SU2011_AD_12 @Gram:Det:Art 
"<que>"
	"que" Conjunction CQUE lang:es 00:03:57 00:04:04 tt-4220 MM005_1967_EP_SU2011_AD_12 
"<andan>"
	"andar" Verb VLfin Pres Indi Plural 3rd lang:es 00:03:57 00:04:04 tt-4221 MM005_1967_EP_SU2011_AD_12 
"<operadores>"
	"operador" Noun NC Plural lang:es 00:03:57 00:04:04 tt-4222 MM005_1967_EP_SU2011_AD_12 
"<,>"
	"," Punctuation CM lang:es 00:03:57 00:04:04 tt-4223 MM005_1967_EP_SU2011_AD_12 
"<supervisores>"
	"UNK" Noun NC Plural lang:es 00:03:57 00:04:04 tt-4224 MM005_1967_EP_SU2011_AD_12 
"<$.>"
	"." Punctuation FS lang:es 00:03:57 00:04:04 tt-4225 MM005_1967_EP_SU2011_AD_12 

"<Convives>"
	"convivir" Verb VLfin Pres Indi Sing 2nd lang:es 00:03:57 00:04:04 tt-4226 MM005_1967_EP_SU2011_AD_12 
"<con>"
	"con" Preposition PREP lang:es 00:03:57 00:04:04 tt-4227 MM005_1967_EP_SU2011_AD_12 @Gram:Prep 
"<más>"
	"más" Adverb ADV lang:es 00:03:57 00:04:04 tt-4228 MM005_1967_EP_SU2011_AD_12 
"<gente>"
	"gente" Noun NC Singular lang:es 00:03:57 00:04:04 tt-4229 MM005_1967_EP_SU2011_AD_12 
"<$.>"
	"." Punctuation FS lang:es 00:03:57 00:04:04 tt-4230 MM005_1967_EP_SU2011_AD_12 
</speaker>
</text>

