<text id="MM005_1967_EP_SU2011_AD_10">
<speaker type="int">
"<Qué>"
	"qué" Pronoun INT Singular lang:es 00:00:00 00:00:07 tt-2500 MM005_1967_EP_SU2011_AD_10 
"<bonito>"
	"bonito|bono" Noun NC Singular lang:es 00:00:00 00:00:07 tt-2501 MM005_1967_EP_SU2011_AD_10 
"<$.>"
	"." Punctuation FS lang:es 00:00:00 00:00:07 tt-2502 MM005_1967_EP_SU2011_AD_10 

"<Eh>"
	"eh" Noun NP Singular lang:es 00:00:00 00:00:07 tt-2503 MM005_1967_EP_SU2011_AD_10 
"<...>"
	"..." Punctuation DOTS lang:es 00:00:00 00:00:07 tt-2504 MM005_1967_EP_SU2011_AD_10 
"<$¿>"
	"¿" Punctuation FS lang:es 00:00:00 00:00:07 tt-2505 MM005_1967_EP_SU2011_AD_10 
"<Qué>"
	"qué" Pronoun INT Singular lang:es 00:00:00 00:00:07 tt-2506 MM005_1967_EP_SU2011_AD_10 
"<tipo>"
	"tipo" Noun NC Singular lang:es 00:00:00 00:00:07 tt-2507 MM005_1967_EP_SU2011_AD_10 
"<de>"
	"de" Preposition PREP lang:es 00:00:00 00:00:07 tt-2508 MM005_1967_EP_SU2011_AD_10 @Gram:Prep 
"<relación>"
	"relación" Noun NC Singular lang:es 00:00:00 00:00:07 tt-2509 MM005_1967_EP_SU2011_AD_10 
"<mantienes>"
	"mantener" Verb VLfin Pres Indi Sing 2nd lang:es 00:00:00 00:00:07 tt-2510 MM005_1967_EP_SU2011_AD_10 
"<con>"
	"con" Preposition PREP lang:es 00:00:00 00:00:07 tt-2511 MM005_1967_EP_SU2011_AD_10 @Gram:Prep 
"<amigos>"
	"amigo" Noun NC Plural lang:es 00:00:00 00:00:07 tt-2512 MM005_1967_EP_SU2011_AD_10 
"<y>"
	"y" Conjunction CC lang:es 00:00:00 00:00:07 tt-2513 MM005_1967_EP_SU2011_AD_10 
"<miembros>"
	"miembro" Noun NC Plural lang:es 00:00:00 00:00:07 tt-2514 MM005_1967_EP_SU2011_AD_10 
"<de>"
	"de" Preposition PREP lang:es 00:00:00 00:00:07 tt-2515 MM005_1967_EP_SU2011_AD_10 @Gram:Prep 
"<tu>"
	"tú" Pronoun PPX Singular lang:es 00:00:00 00:00:07 tt-2516 MM005_1967_EP_SU2011_AD_10 @Gram:Pron:Sujeto 
"<familia>"
	"familia" Noun NC Singular lang:es 00:00:00 00:00:07 tt-2517 MM005_1967_EP_SU2011_AD_10 
"<en>"
	"en" Preposition PREP lang:es 00:00:09 00:00:11 tt-2518 MM005_1967_EP_SU2011_AD_10 @Gram:Prep 
"<tu>"
	"tú" Pronoun PPX Singular lang:es 00:00:09 00:00:11 tt-2519 MM005_1967_EP_SU2011_AD_10 @Gram:Pron:Sujeto 
"<país>"
	"país" Noun NC Plural lang:es 00:00:09 00:00:11 tt-2520 MM005_1967_EP_SU2011_AD_10 
"<de>"
	"de" Preposition PREP lang:es 00:00:09 00:00:11 tt-2521 MM005_1967_EP_SU2011_AD_10 @Gram:Prep 
"<origen>"
	"origen" Noun NC Singular lang:es 00:00:09 00:00:11 tt-2522 MM005_1967_EP_SU2011_AD_10 
"<$?>"
	"?" Punctuation FS lang:es 00:00:09 00:00:11 tt-2523 MM005_1967_EP_SU2011_AD_10 
</speaker>
<speaker type="subj">

"<$¿>"
	"¿" Punctuation FS lang:es 00:00:11 00:00:17 tt-2524 MM005_1967_EP_SU2011_AD_10 
"<Tipo>"
	"tipo" Noun NC Singular lang:es 00:00:11 00:00:17 tt-2525 MM005_1967_EP_SU2011_AD_10 
"<de>"
	"de" Preposition PREP lang:es 00:00:11 00:00:17 tt-2526 MM005_1967_EP_SU2011_AD_10 @Gram:Prep 
"<relación>"
	"relación" Noun NC Singular lang:es 00:00:11 00:00:17 tt-2527 MM005_1967_EP_SU2011_AD_10 
"<$?>"
	"?" Punctuation FS lang:es 00:00:11 00:00:17 tt-2528 MM005_1967_EP_SU2011_AD_10 

"<Pues>"
	"pues" Conjunction CSUBF lang:es 00:00:11 00:00:17 tt-2529 MM005_1967_EP_SU2011_AD_10 
"<la>"
	"el" Determiner ART Singular lang:es 00:00:11 00:00:17 tt-2530 MM005_1967_EP_SU2011_AD_10 @Gram:Det:Art 
"<relación>"
	"relación" Noun NC Singular lang:es 00:00:11 00:00:17 tt-2531 MM005_1967_EP_SU2011_AD_10 
"<familiar>"
	"familiar" Adjective ADJ Singular lang:es 00:00:11 00:00:17 tt-2532 MM005_1967_EP_SU2011_AD_10 
"<,>"
	"," Punctuation CM lang:es 00:00:11 00:00:17 tt-2533 MM005_1967_EP_SU2011_AD_10 
"<convivimos>"
	"UNK" Verb VLfin Pres_or_Pret Indi Plural 1st lang:es 00:00:11 00:00:17 tt-2534 MM005_1967_EP_SU2011_AD_10 
"<,>"
	"," Punctuation CM lang:es 00:00:11 00:00:17 tt-2535 MM005_1967_EP_SU2011_AD_10 
"<nos>"
	"nosotros" Pronoun PPX Plural lang:es 00:00:11 00:00:17 tt-2536 MM005_1967_EP_SU2011_AD_10 @Gram:Pron:Objeto 
"<preocupamos>"
	"preocupar" Verb VLfin Pres_or_Pret Indi Plural 1st lang:es 00:00:11 00:00:17 tt-2537 MM005_1967_EP_SU2011_AD_10 
"<por>"
	"por" Preposition PREP lang:es 00:00:11 00:00:17 tt-2538 MM005_1967_EP_SU2011_AD_10 @Gram:Prep:Por 
"<lo>"
	"el" Determiner ART Singular lang:es 00:00:17 00:00:24 tt-2539 MM005_1967_EP_SU2011_AD_10 
"<que>"
	"que" Conjunction CQUE lang:es 00:00:17 00:00:24 tt-2540 MM005_1967_EP_SU2011_AD_10 
"<les>"
	"él" Pronoun PPC Plural lang:es 00:00:17 00:00:24 tt-2541 MM005_1967_EP_SU2011_AD_10 @Gram:Pron:Objeto 
"<pasa>"
	"pasar" Verb VLfin Pres Indi Sing 3rd lang:es 00:00:17 00:00:24 tt-2542 MM005_1967_EP_SU2011_AD_10 
"<,>"
	"," Punctuation CM lang:es 00:00:17 00:00:24 tt-2543 MM005_1967_EP_SU2011_AD_10 
"<nos>"
	"nosotros" Pronoun PPX Plural lang:es 00:00:17 00:00:24 tt-2544 MM005_1967_EP_SU2011_AD_10 @Gram:Pron:Objeto 
"<preocupamos>"
	"preocupar" Verb VLfin Pres_or_Pret Indi Plural 1st lang:es 00:00:17 00:00:24 tt-2545 MM005_1967_EP_SU2011_AD_10 
"<por>"
	"por" Preposition PREP lang:es 00:00:17 00:00:24 tt-2546 MM005_1967_EP_SU2011_AD_10 @Gram:Prep:Por 
"<que>"
	"que" Conjunction CQUE lang:es 00:00:17 00:00:24 tt-2547 MM005_1967_EP_SU2011_AD_10 
"<les>"
	"él" Pronoun PPC Plural lang:es 00:00:17 00:00:24 tt-2548 MM005_1967_EP_SU2011_AD_10 @Gram:Pron:Objeto 
"<falta>"
	"faltar" Verb VLfin Pres Indi Sing 3rd lang:es 00:00:17 00:00:24 tt-2549 MM005_1967_EP_SU2011_AD_10 
"<,>"
	"," Punctuation CM lang:es 00:00:17 00:00:24 tt-2550 MM005_1967_EP_SU2011_AD_10 
"<si>"
	"si" Conjunction CSUBX lang:es 00:00:17 00:00:24 tt-2551 MM005_1967_EP_SU2011_AD_10 
"<este>"
	"este" Determiner DM Singular lang:es 00:00:17 00:00:24 tt-2552 MM005_1967_EP_SU2011_AD_10 @Prag:RecuDiscurso:GanarTiempo 
"<...>"
	"..." Punctuation DOTS lang:es 00:00:17 00:00:24 tt-2553 MM005_1967_EP_SU2011_AD_10 
"<por>"
	"por" Preposition PREP lang:es 00:00:17 00:00:24 tt-2554 MM005_1967_EP_SU2011_AD_10 @Gram:Prep:Por 
"<la>"
	"el" Determiner ART Singular lang:es 00:00:17 00:00:24 tt-2555 MM005_1967_EP_SU2011_AD_10 @Gram:Det:Art 
"<salud>"
	"salud" Noun NC Singular lang:es 00:00:17 00:00:24 tt-2556 MM005_1967_EP_SU2011_AD_10 
"<de>"
	"de" Preposition PREP lang:es 00:00:17 00:00:24 tt-2557 MM005_1967_EP_SU2011_AD_10 @Gram:Prep 
"<ellos>"
	"él" Pronoun PPX Plural lang:es 00:00:17 00:00:24 tt-2558 MM005_1967_EP_SU2011_AD_10 @Gram:Pron:Sujeto 
"<,>"
	"," Punctuation CM lang:es 00:00:17 00:00:24 tt-2559 MM005_1967_EP_SU2011_AD_10 
"<por>"
	"por" Preposition PREP lang:es 00:00:17 00:00:24 tt-2560 MM005_1967_EP_SU2011_AD_10 @Gram:Prep:Por 
"<el>"
	"el" Determiner ART Singular lang:es 00:00:17 00:00:24 tt-2561 MM005_1967_EP_SU2011_AD_10 @Gram:Det:Art 
"<bienestar>"
	"bienestar" Noun NC Singular lang:es 00:00:17 00:00:24 tt-2562 MM005_1967_EP_SU2011_AD_10 
"<,>"
	"," Punctuation CM lang:es 00:00:17 00:00:24 tt-2563 MM005_1967_EP_SU2011_AD_10 
"<la>"
	"el" Determiner ART Singular lang:es 00:00:28 00:00:35 tt-2564 MM005_1967_EP_SU2011_AD_10 @Gram:Det:Art 
"<...>"
	"..." Punctuation DOTS lang:es 00:00:28 00:00:35 tt-2565 MM005_1967_EP_SU2011_AD_10 
"<pues>"
	"pues" Conjunction CSUBF lang:es 00:00:28 00:00:35 tt-2566 MM005_1967_EP_SU2011_AD_10 
"<en>"
	"en" Adverb ADV lang:es 00:00:28 00:00:35 tt-2567 MM005_1967_EP_SU2011_AD_10 
"<general>"
	"general" Adverb ADV lang:es 00:00:28 00:00:35 tt-2568 MM005_1967_EP_SU2011_AD_10 
"<el>"
	"el" Determiner ART Singular lang:es 00:00:28 00:00:35 tt-2569 MM005_1967_EP_SU2011_AD_10 @Gram:Det:Art 
"<...>"
	"..." Punctuation DOTS lang:es 00:00:28 00:00:35 tt-2570 MM005_1967_EP_SU2011_AD_10 
"<su>"
	"suyo" Pronoun PPO Singular lang:es 00:00:28 00:00:35 tt-2571 MM005_1967_EP_SU2011_AD_10 
"<persona>"
	"persona" Noun NC Singular lang:es 00:00:28 00:00:35 tt-2572 MM005_1967_EP_SU2011_AD_10 
"<,>"
	"," Punctuation CM lang:es 00:00:28 00:00:35 tt-2573 MM005_1967_EP_SU2011_AD_10 
"<su>"
	"suyo" Pronoun PPO Singular lang:es 00:00:28 00:00:35 tt-2574 MM005_1967_EP_SU2011_AD_10 
"<compañía>"
	"compañía" Noun NC Singular lang:es 00:00:28 00:00:35 tt-2575 MM005_1967_EP_SU2011_AD_10 
"<,>"
	"," Punctuation CM lang:es 00:00:28 00:00:35 tt-2576 MM005_1967_EP_SU2011_AD_10 
"<verdad>"
	"verdad" Noun NC Singular lang:es 00:00:28 00:00:35 tt-2577 MM005_1967_EP_SU2011_AD_10 
"<...>"
	"..." Punctuation DOTS lang:es 00:00:28 00:00:35 tt-2578 MM005_1967_EP_SU2011_AD_10 
"<que>"
	"que" Conjunction CQUE lang:es 00:00:28 00:00:35 tt-2579 MM005_1967_EP_SU2011_AD_10 
"<sabemos>"
	"saber" Verb VLfin Pres Indi Plural 1st lang:es 00:00:28 00:00:35 tt-2580 MM005_1967_EP_SU2011_AD_10 
"<que>"
	"que" Conjunction CQUE lang:es 00:00:28 00:00:35 tt-2581 MM005_1967_EP_SU2011_AD_10 
"<no>"
	"no" Adverb NEG lang:es 00:00:28 00:00:35 tt-2582 MM005_1967_EP_SU2011_AD_10 
"<nos>"
	"nosotros" Pronoun PPX Plural lang:es 00:00:28 00:00:35 tt-2583 MM005_1967_EP_SU2011_AD_10 @Gram:Pron:Objeto 
"<visitamos>"
	"visitar" Verb VLfin Pres_or_Pret Indi Plural 1st lang:es 00:00:36 00:00:40 tt-2584 MM005_1967_EP_SU2011_AD_10 
"<tan>"
	"tan" Adverb ADV lang:es 00:00:36 00:00:40 tt-2585 MM005_1967_EP_SU2011_AD_10 
"<seguido>"
	"seguir" Verb VLadj lang:es 00:00:36 00:00:40 tt-2586 MM005_1967_EP_SU2011_AD_10 
"<pero>"
	"pero" Conjunction CCAD lang:es 00:00:36 00:00:40 tt-2587 MM005_1967_EP_SU2011_AD_10 @Prag:MarcadoresDisc:Revision 
"<sabemos>"
	"saber" Verb VLfin Pres Indi Plural 1st lang:es 00:00:36 00:00:40 tt-2588 MM005_1967_EP_SU2011_AD_10 
"<que>"
	"que" Conjunction CQUE lang:es 00:00:36 00:00:40 tt-2589 MM005_1967_EP_SU2011_AD_10 
"<está>"
	"estar" Verb VEfin Pres Indi Sing 3rd lang:es 00:00:36 00:00:40 tt-2590 MM005_1967_EP_SU2011_AD_10 @Gram:SerEstar:Estar 
"<bien>"
	"bien" Adverb ADV lang:es 00:00:36 00:00:40 tt-2591 MM005_1967_EP_SU2011_AD_10 
"<,>"
	"," Punctuation CM lang:es 00:00:36 00:00:40 tt-2592 MM005_1967_EP_SU2011_AD_10 
"<más>"
	"más" Adverb ADV lang:es 00:00:36 00:00:40 tt-2593 MM005_1967_EP_SU2011_AD_10 
"<bien>"
	"bien" Adverb ADV lang:es 00:00:36 00:00:40 tt-2594 MM005_1967_EP_SU2011_AD_10 
"<es>"
	"ser" Verb VSfin Pres Indi Sing 3rd lang:es 00:00:36 00:00:40 tt-2595 MM005_1967_EP_SU2011_AD_10 @Gram:SerEstar:Ser 
"<el>"
	"el" Determiner ART Singular lang:es 00:00:36 00:00:40 tt-2596 MM005_1967_EP_SU2011_AD_10 @Gram:Det:Art 
"<bienestar>"
	"bienestar" Noun NC Singular lang:es 00:00:36 00:00:40 tt-2597 MM005_1967_EP_SU2011_AD_10 
"<de>"
	"de" Preposition PREP lang:es 00:00:36 00:00:40 tt-2598 MM005_1967_EP_SU2011_AD_10 @Gram:Prep 
"<cada>"
	"cada" Determiner QU lang:es 00:00:36 00:00:40 tt-2599 MM005_1967_EP_SU2011_AD_10 
"<uno>"
	"uno" Determiner CARD Singular lang:es 00:00:36 00:00:40 tt-2600 MM005_1967_EP_SU2011_AD_10 
"<de>"
	"de" Preposition PREP lang:es 00:00:40 00:00:43 tt-2601 MM005_1967_EP_SU2011_AD_10 @Gram:Prep 
"<ellos>"
	"él" Pronoun PPX Plural lang:es 00:00:40 00:00:43 tt-2602 MM005_1967_EP_SU2011_AD_10 @Gram:Pron:Sujeto 
"<$.>"
	"." Punctuation FS lang:es 00:00:40 00:00:43 tt-2603 MM005_1967_EP_SU2011_AD_10 
</speaker>
</text>

