<text id="MM005_1967_EP_SU2011_AD_11">
<speaker type="int">
"<$¿>"
	"¿" Punctuation FS lang:es 00:00:00 00:00:03 tt-2650 MM005_1967_EP_SU2011_AD_11 
"<Cómo>"
	"cómo" Adverb ADV lang:es 00:00:00 00:00:03 tt-2651 MM005_1967_EP_SU2011_AD_11 
"<conociste>"
	"conocer" Verb VLfin Pret Indi Sing 2nd lang:es 00:00:00 00:00:03 tt-2652 MM005_1967_EP_SU2011_AD_11 @Gram:Indefinido ADD:698 
"<a>"
	"a" Preposition PREP lang:es 00:00:00 00:00:03 tt-2653 MM005_1967_EP_SU2011_AD_11 @Gram:Prep SUBSTITUTE:398 ADD:624 
"<tu>"
	"tú" Pronoun PPX Singular lang:es 00:00:00 00:00:03 tt-2654 MM005_1967_EP_SU2011_AD_11 
"<esposa>"
	"esposar" Verb VLfin Pres Indi Sing 3rd lang:es 00:00:00 00:00:03 tt-2655 MM005_1967_EP_SU2011_AD_11 
"<$?>"
	"?" Punctuation FS lang:es 00:00:00 00:00:03 tt-2656 MM005_1967_EP_SU2011_AD_11 
</speaker>
<speaker type="subj">

"<Hijo>"
	"hijo" Noun NC Singular lang:es 00:00:03 00:00:10 tt-2657 MM005_1967_EP_SU2011_AD_11 
"<,>"
	"," Punctuation CM lang:es 00:00:03 00:00:10 tt-2658 MM005_1967_EP_SU2011_AD_11 
"<ni>"
	"ni" Conjunction CCNEG lang:es 00:00:03 00:00:10 tt-2659 MM005_1967_EP_SU2011_AD_11 
"<me>"
	"yo" Pronoun PPX Singular lang:es 00:00:03 00:00:10 tt-2660 MM005_1967_EP_SU2011_AD_11 @Gram:Pron:Objeto ADD:658 
"<acuerdes>"
	"acordar" Verb VLfin Pres Subj Sing 2nd lang:es 00:00:03 00:00:10 tt-2661 MM005_1967_EP_SU2011_AD_11 @Gram:MSub:Pres ADD:782 
"<porque>"
	"porque" Conjunction CSUBX lang:es 00:00:03 00:00:10 tt-2662 MM005_1967_EP_SU2011_AD_11 @Prag:MarcadoresDisc:Causa ADD:1099 
"<me>"
	"yo" Pronoun PPX Singular lang:es 00:00:03 00:00:10 tt-2663 MM005_1967_EP_SU2011_AD_11 @Gram:Pron:Objeto ADD:658 
"<regreso>"
	"regresar" Verb VLfin Pres Indi Sing 1st lang:es 00:00:03 00:00:10 tt-2664 MM005_1967_EP_SU2011_AD_11 
"<$.>"
	"." Punctuation FS lang:es 00:00:03 00:00:10 tt-2665 MM005_1967_EP_SU2011_AD_11 

"<[>"
	"[" Punctuation LP lang:es 00:00:03 00:00:10 tt-2666 MM005_1967_EP_SU2011_AD_11 
"<Risas>"
	"UNK" Noun NP Plural lang:es 00:00:03 00:00:10 tt-2667 MM005_1967_EP_SU2011_AD_11 
"<]>"
	"]" Other RP lang:es 00:00:03 00:00:10 tt-2668 MM005_1967_EP_SU2011_AD_11 
"<No>"
	"no" Adverb NEG lang:es 00:00:03 00:00:10 tt-2669 MM005_1967_EP_SU2011_AD_11 
"<,>"
	"," Punctuation CM lang:es 00:00:03 00:00:10 tt-2670 MM005_1967_EP_SU2011_AD_11 
"<pues>"
	"pues" Conjunction CSUBF lang:es 00:00:03 00:00:10 tt-2671 MM005_1967_EP_SU2011_AD_11 
"<la>"
	"el" Determiner ART Singular Fem lang:es 00:00:03 00:00:10 tt-2672 MM005_1967_EP_SU2011_AD_11 @Gram:Pron:Objeto ADD:652 
"<conocí>"
	"conocer" Verb VLfin Pret Indi Sing 1st lang:es 00:00:03 00:00:10 tt-2673 MM005_1967_EP_SU2011_AD_11 @Gram:Indefinido ADD:698 
"<en>"
	"en" Preposition PREP lang:es 00:00:03 00:00:10 tt-2674 MM005_1967_EP_SU2011_AD_11 @Gram:Prep ADD:624 
"<la>"
	"el" Determiner ART Singular Fem lang:es 00:00:03 00:00:10 tt-2675 MM005_1967_EP_SU2011_AD_11 @Gram:Det:Art ADD:426 
"<boda>"
	"boda" Noun NC Singular lang:es 00:00:03 00:00:10 tt-2676 MM005_1967_EP_SU2011_AD_11 
"<de>"
	"de" Preposition PREP lang:es 00:00:03 00:00:10 tt-2677 MM005_1967_EP_SU2011_AD_11 @Gram:Prep ADD:624 
"<,>"
	"," Punctuation CM lang:es 00:00:03 00:00:10 tt-2678 MM005_1967_EP_SU2011_AD_11 
"<de>"
	"de" Preposition PREP lang:es 00:00:03 00:00:10 tt-2679 MM005_1967_EP_SU2011_AD_11 @Gram:Prep ADD:624 
"<mi>"
	"mío" Pronoun PPO Singular lang:es 00:00:12 00:00:19 tt-2680 MM005_1967_EP_SU2011_AD_11 @Gram:Det:Pos ADD:456 
"<hermano>"
	"hermano" Noun NC Singular lang:es 00:00:12 00:00:19 tt-2681 MM005_1967_EP_SU2011_AD_11 
"<,>"
	"," Punctuation CM lang:es 00:00:12 00:00:19 tt-2682 MM005_1967_EP_SU2011_AD_11 
"<nos>"
	"nosotros" Pronoun PPX Plural lang:es 00:00:12 00:00:19 tt-2683 MM005_1967_EP_SU2011_AD_11 @Gram:Pron:Objeto ADD:658 
"<pusieron>"
	"poner" Verb VLfin Pret Indi Plural 3rd lang:es 00:00:12 00:00:19 tt-2684 MM005_1967_EP_SU2011_AD_11 @Gram:Indefinido ADD:698 
"<de>"
	"de" Preposition PREP lang:es 00:00:12 00:00:19 tt-2685 MM005_1967_EP_SU2011_AD_11 @Gram:Prep ADD:624 
"<pareja>"
	"pareja" Noun NC Singular lang:es 00:00:12 00:00:19 tt-2686 MM005_1967_EP_SU2011_AD_11 
"<como>"
	"como" Conjunction CSUBX lang:es 00:00:12 00:00:19 tt-2687 MM005_1967_EP_SU2011_AD_11 
"<acompañantes>"
	"acompañante" Noun NC Plural lang:es 00:00:12 00:00:19 tt-2688 MM005_1967_EP_SU2011_AD_11 
"<y>"
	"y" Conjunciton Conjunction CC lang:es 00:00:12 00:00:19 tt-2689 MM005_1967_EP_SU2011_AD_11 SUBSTITUTE:394 
"<este>"
	"este" Noun NC Singular lang:es 00:00:12 00:00:19 tt-2690 MM005_1967_EP_SU2011_AD_11 
"<...>"
	"..." Punctuation DOTS lang:es 00:00:12 00:00:19 tt-2691 MM005_1967_EP_SU2011_AD_11 
"<y>"
	"y" Conjunciton Conjunction CC lang:es 00:00:12 00:00:19 tt-2692 MM005_1967_EP_SU2011_AD_11 SUBSTITUTE:394 
"<de>"
	"de" Preposition PREP lang:es 00:00:12 00:00:19 tt-2693 MM005_1967_EP_SU2011_AD_11 @Gram:Prep ADD:624 
"<ahí>"
	"ahí" Adverb ADV lang:es 00:00:12 00:00:19 tt-2694 MM005_1967_EP_SU2011_AD_11 
"<nos>"
	"nosotros" Pronoun PPX Plural lang:es 00:00:12 00:00:19 tt-2695 MM005_1967_EP_SU2011_AD_11 @Gram:Pron:Objeto ADD:658 
"<hicimos>"
	"hacer" Verb VLfin Pres_or_Pret Indi Plural 1st lang:es 00:00:12 00:00:19 tt-2696 MM005_1967_EP_SU2011_AD_11 
"<novios>"
	"novio" Noun NC Plural lang:es 00:00:12 00:00:19 tt-2697 MM005_1967_EP_SU2011_AD_11 
"<,>"
	"," Punctuation CM lang:es 00:00:12 00:00:19 tt-2698 MM005_1967_EP_SU2011_AD_11 
"<duramos>"
	"UNK" Verb VLfin Pres_or_Pret Indi Plural 1st lang:es 00:00:12 00:00:19 tt-2699 MM005_1967_EP_SU2011_AD_11 
"<tres>"
	"tres" Determiner CARD Plural lang:es 00:00:25 00:00:31 tt-2700 MM005_1967_EP_SU2011_AD_11 
"<años>"
	"año" Noun NC Plural lang:es 00:00:25 00:00:31 tt-2701 MM005_1967_EP_SU2011_AD_11 
"<de>"
	"de" Preposition PREP lang:es 00:00:25 00:00:31 tt-2702 MM005_1967_EP_SU2011_AD_11 @Gram:Prep ADD:624 
"<novios>"
	"novio" Noun NC Plural lang:es 00:00:25 00:00:31 tt-2703 MM005_1967_EP_SU2011_AD_11 
"<,>"
	"," Punctuation CM lang:es 00:00:25 00:00:31 tt-2704 MM005_1967_EP_SU2011_AD_11 
"<nos>"
	"nosotros" Pronoun PPX Plural lang:es 00:00:25 00:00:31 tt-2705 MM005_1967_EP_SU2011_AD_11 @Gram:Pron:Objeto ADD:658 
"<casamos>"
	"casar" Verb VLfin Pres_or_Pret Indi Plural 1st lang:es 00:00:25 00:00:31 tt-2706 MM005_1967_EP_SU2011_AD_11 
"<y>"
	"y" Conjunciton Conjunction CC lang:es 00:00:25 00:00:31 tt-2707 MM005_1967_EP_SU2011_AD_11 SUBSTITUTE:394 
"<hasta>"
	"hasta" Preposition PREP lang:es 00:00:25 00:00:31 tt-2708 MM005_1967_EP_SU2011_AD_11 @Gram:Prep ADD:624 
"<la>"
	"el" Determiner ART Singular Fem lang:es 00:00:25 00:00:31 tt-2709 MM005_1967_EP_SU2011_AD_11 @Gram:Det:Art ADD:426 
"<fecha>"
	"fecha" Noun NC Singular lang:es 00:00:25 00:00:31 tt-2710 MM005_1967_EP_SU2011_AD_11 
"<seguimos>"
	"seguir" Verb VLfin Pres_or_Pret Indi Plural 1st lang:es 00:00:25 00:00:31 tt-2711 MM005_1967_EP_SU2011_AD_11 
"<todavía>"
	"todavía" Adverb ADV lang:es 00:00:25 00:00:31 tt-2712 MM005_1967_EP_SU2011_AD_11 
"<como>"
	"como" Conjunction CSUBX lang:es 00:00:25 00:00:31 tt-2713 MM005_1967_EP_SU2011_AD_11 
"<si>"
	"si" Conjunction CSUBX lang:es 00:00:25 00:00:31 tt-2714 MM005_1967_EP_SU2011_AD_11 
"<fuera>"
	"ser" Verb VSfin Past Subj Sing 1st_or_3rd lang:es 00:00:25 00:00:31 tt-2715 MM005_1967_EP_SU2011_AD_11 @Gram:MSub:Pret @Gram:SerEstar:Ser ADD:783 ADD:813 
"<la>"
	"el" Determiner ART Singular Fem lang:es 00:00:25 00:00:31 tt-2716 MM005_1967_EP_SU2011_AD_11 @Gram:Det:Art ADD:426 
"<primera>"
	"primero" Adjective ORD Singular lang:es 00:00:25 00:00:31 tt-2717 MM005_1967_EP_SU2011_AD_11 Gram:Adj:Ord ADD:538 
"<vez>"
	"vez" Noun NC Singular lang:es 00:00:31 00:00:36 tt-2718 MM005_1967_EP_SU2011_AD_11 
"<que>"
	"que" Conjunction CQUE lang:es 00:00:31 00:00:36 tt-2719 MM005_1967_EP_SU2011_AD_11 
"<nos>"
	"nosotros" Pronoun PPX Plural lang:es 00:00:31 00:00:36 tt-2720 MM005_1967_EP_SU2011_AD_11 @Gram:Pron:Objeto ADD:658 
"<conocimos>"
	"conocer" Verb VLfin Pres_or_Pret Indi Plural 1st lang:es 00:00:31 00:00:36 tt-2721 MM005_1967_EP_SU2011_AD_11 
"<,>"
	"," Punctuation CM lang:es 00:00:31 00:00:36 tt-2722 MM005_1967_EP_SU2011_AD_11 
"<nos>"
	"nosotros" Pronoun PPX Plural lang:es 00:00:31 00:00:36 tt-2723 MM005_1967_EP_SU2011_AD_11 @Gram:Pron:Objeto ADD:658 
"<chiveamos>"
	"UNK" Verb VLfin Pres_or_Pret Indi Plural 1st lang:es 00:00:31 00:00:36 tt-2724 MM005_1967_EP_SU2011_AD_11 
"<todavía>"
	"todavía" Adverb ADV lang:es 00:00:31 00:00:36 tt-2725 MM005_1967_EP_SU2011_AD_11 
"<$.>"
	"." Punctuation FS lang:es 00:00:31 00:00:36 tt-2726 MM005_1967_EP_SU2011_AD_11 

"<[>"
	"[" Punctuation LP lang:es 00:00:31 00:00:36 tt-2727 MM005_1967_EP_SU2011_AD_11 
"<Risas>"
	"UNK" Noun NP Plural lang:es 00:00:31 00:00:36 tt-2728 MM005_1967_EP_SU2011_AD_11 
"<]>"
	"]" Other RP lang:es 00:00:31 00:00:36 tt-2729 MM005_1967_EP_SU2011_AD_11 
</speaker>
<speaker type="int">
"<$¿>"
	"¿" Punctuation FS lang:es 00:00:36 00:00:40 tt-2730 MM005_1967_EP_SU2011_AD_11 
"<Cómo>"
	"cómo" Adverb ADV lang:es 00:00:36 00:00:40 tt-2731 MM005_1967_EP_SU2011_AD_11 
"<supiste>"
	"saber" Verb VLfin Pret Indi Sing 2nd lang:es 00:00:36 00:00:40 tt-2732 MM005_1967_EP_SU2011_AD_11 @Gram:Indefinido ADD:698 
"<que>"
	"que" Conjunction CQUE lang:es 00:00:36 00:00:40 tt-2733 MM005_1967_EP_SU2011_AD_11 
"<era>"
	"ser" Verb VEfin Imp Indi Sing 1st_or_3rd lang:es 00:00:36 00:00:40 tt-2734 MM005_1967_EP_SU2011_AD_11 @Gram:Imperf @Gram:SerEstar:Ser ADD:689 ADD:813 
"<la>"
	"el" Determiner ART Singular Fem lang:es 00:00:36 00:00:40 tt-2735 MM005_1967_EP_SU2011_AD_11 @Gram:Det:Art ADD:426 
"<persona>"
	"persona" Noun NC Singular lang:es 00:00:36 00:00:40 tt-2736 MM005_1967_EP_SU2011_AD_11 
"<correcta>"
	"correcto" Adjective ADJ Singular lang:es 00:00:36 00:00:40 tt-2737 MM005_1967_EP_SU2011_AD_11 
"<$?>"
	"?" Punctuation FS lang:es 00:00:36 00:00:40 tt-2738 MM005_1967_EP_SU2011_AD_11 
</speaker>
<speaker type="subj">

"<Pues>"
	"pues" Conjunction CSUBF lang:es 00:00:40 00:00:47 tt-2739 MM005_1967_EP_SU2011_AD_11 
"<fíjate>"
	"fijar" Verb VLfin Pres Command Sing 2nd lang:es 00:00:40 00:00:47 tt-2740 MM005_1967_EP_SU2011_AD_11 @Gram:MImp:Informal ADD:793 
"<que>"
	"que" Conjunction CQUE lang:es 00:00:40 00:00:47 tt-2741 MM005_1967_EP_SU2011_AD_11 
"<...>"
	"..." Punctuation DOTS lang:es 00:00:40 00:00:47 tt-2742 MM005_1967_EP_SU2011_AD_11 
"<pues>"
	"pues" Conjunction CSUBF lang:es 00:00:40 00:00:47 tt-2743 MM005_1967_EP_SU2011_AD_11 
"<como>"
	"como" Conjunction CSUBX lang:es 00:00:40 00:00:47 tt-2744 MM005_1967_EP_SU2011_AD_11 
"<te>"
	"tú" Pronoun PPX Singular lang:es 00:00:40 00:00:47 tt-2745 MM005_1967_EP_SU2011_AD_11 @Gram:Pron:Objeto ADD:658 
"<digo>"
	"decir" Verb VLfin Pres Indi Sing 1st lang:es 00:00:40 00:00:47 tt-2746 MM005_1967_EP_SU2011_AD_11 
"<yo>"
	"yo" Pronoun PPX Singular lang:es 00:00:40 00:00:47 tt-2747 MM005_1967_EP_SU2011_AD_11 @Gram:Pron:Sujeto ADD:634 
"<nunca>"
	"nunca" Adverb ADV lang:es 00:00:40 00:00:47 tt-2748 MM005_1967_EP_SU2011_AD_11 
"<he>"
	"haber" Verb VHfin Pres Indi Sing 1st lang:es 00:00:40 00:00:47 tt-2749 MM005_1967_EP_SU2011_AD_11 ID:100 R:Gram:Aux:Haber:101 R:Gram:PerfPerif:101 ADDRELATION():705 
"<pensado>"
	"pensar" Verb VLadj lang:es 00:00:40 00:00:47 tt-2750 MM005_1967_EP_SU2011_AD_11 ID:101 R:Vocab:Fraseol:VerbPrep:102 ADDRELATION(Vocab:Fraseol:VerbPrep):1224 
"<en>"
	"en" Preposition PREP lang:es 00:00:40 00:00:47 tt-2751 MM005_1967_EP_SU2011_AD_11 @Gram:Prep ID:102 ADD:624 
"<el>"
	"el" Determiner ART Singular Masc lang:es 00:00:40 00:00:47 tt-2752 MM005_1967_EP_SU2011_AD_11 @Gram:Det:Art ADD:426 
"<futuro>"
	"futuro" Noun NC Singular lang:es 00:00:40 00:00:47 tt-2753 MM005_1967_EP_SU2011_AD_11 
"<,>"
	"," Punctuation CM lang:es 00:00:40 00:00:47 tt-2754 MM005_1967_EP_SU2011_AD_11 
"<si>"
	"si" Conjunction CSUBX lang:es 00:00:40 00:00:47 tt-2755 MM005_1967_EP_SU2011_AD_11 
"<es>"
	"ser" Verb VSfin Pres Indi Sing 3rd lang:es 00:00:40 00:00:47 tt-2756 MM005_1967_EP_SU2011_AD_11 @Gram:SerEstar:Ser ADD:813 
"<o>"
	"o" Conjunciton Conjunction CC lang:es 00:00:40 00:00:47 tt-2757 MM005_1967_EP_SU2011_AD_11 SUBSTITUTE:396 
"<no>"
	"no" Adverb NEG lang:es 00:00:50 00:00:55 tt-2758 MM005_1967_EP_SU2011_AD_11 
"<va>"
	"ir" Verb VLfin Pres Indi Sing 3rd lang:es 00:00:50 00:00:55 tt-2759 MM005_1967_EP_SU2011_AD_11 ID:110 R:Gram:VFut:Perifrasis:112 ADDRELATION(Gram:VFut:Perifrasis):717 
"<a>"
	"a" Preposition PREP lang:es 00:00:50 00:00:55 tt-2760 MM005_1967_EP_SU2011_AD_11 @Gram:Prep SUBSTITUTE:398 ADD:624 
"<ser>"
	"ser" Verb VLinf VSinf Infinitive lang:es 00:00:50 00:00:55 tt-2761 MM005_1967_EP_SU2011_AD_11 @Gram:SerEstar:Ser ID:112 SUBSTITUTE:329 ADD:813 
"<,>"
	"," Punctuation CM lang:es 00:00:50 00:00:55 tt-2762 MM005_1967_EP_SU2011_AD_11 
"<yo>"
	"yo" Pronoun PPX Singular lang:es 00:00:50 00:00:55 tt-2763 MM005_1967_EP_SU2011_AD_11 @Gram:Pron:Sujeto ADD:634 
"<siempre>"
	"siempre" Adverb ADV lang:es 00:00:50 00:00:55 tt-2764 MM005_1967_EP_SU2011_AD_11 
"<he>"
	"haber" Verb VHfin Pres Indi Sing 1st lang:es 00:00:50 00:00:55 tt-2765 MM005_1967_EP_SU2011_AD_11 ID:116 R:Gram:Aux:Haber:117 R:Gram:PerfPerif:117 ADDRELATION():705 
"<vivido>"
	"vivir" Verb VLadj lang:es 00:00:50 00:00:55 tt-2766 MM005_1967_EP_SU2011_AD_11 ID:117 
"<el>"
	"el" Determiner ART Singular Masc lang:es 00:00:50 00:00:55 tt-2767 MM005_1967_EP_SU2011_AD_11 @Gram:Det:Art ADD:426 
"<presente>"
	"presente" Adjective ADJ Singular lang:es 00:00:50 00:00:55 tt-2768 MM005_1967_EP_SU2011_AD_11 
"<y>"
	"y" Conjunciton Conjunction CC lang:es 00:00:50 00:00:55 tt-2769 MM005_1967_EP_SU2011_AD_11 SUBSTITUTE:394 
"<sigo>"
	"seguir" Verb VLfin Pres Indi Sing 1st lang:es 00:00:50 00:00:55 tt-2770 MM005_1967_EP_SU2011_AD_11 
"<viviendo>"
	"vivir" Verb VLger lang:es 00:00:50 00:00:55 tt-2771 MM005_1967_EP_SU2011_AD_11 
"<el>"
	"el" Determiner ART Singular Masc lang:es 00:00:50 00:00:55 tt-2772 MM005_1967_EP_SU2011_AD_11 @Gram:Det:Art ADD:426 
"<presente>"
	"presente" Adjective ADJ Singular lang:es 00:00:50 00:00:55 tt-2773 MM005_1967_EP_SU2011_AD_11 
"<$.>"
	"." Punctuation FS lang:es 00:00:50 00:00:55 tt-2774 MM005_1967_EP_SU2011_AD_11 

"<A>"
	"a" Preposition PREP lang:es 00:00:50 00:00:55 tt-2775 MM005_1967_EP_SU2011_AD_11 @Gram:Prep SUBSTITUTE:398 ADD:624 
"<mí>"
	"yo" Pronoun PPX Singular lang:es 00:00:50 00:00:55 tt-2776 MM005_1967_EP_SU2011_AD_11 
"<me>"
	"yo" Pronoun PPX Singular lang:es 00:00:50 00:00:55 tt-2777 MM005_1967_EP_SU2011_AD_11 @Gram:Pron:Objeto ID:128 R:Gram:Gustar:Propios:129 ADD:658 ADDRELATION(Gram:Gustar:Propios):727 
"<gusta>"
	"gustar" Verb VLfin Pres Indi Sing 3rd lang:es 00:00:50 00:00:55 tt-2778 MM005_1967_EP_SU2011_AD_11 ID:129 
"<vivir>"
	"vivir" Verb VLinf Infinitive lang:es 00:00:55 00:00:59 tt-2779 MM005_1967_EP_SU2011_AD_11 SUBSTITUTE:329 
"<lo>"
	"el" Determiner ART Singular lang:es 00:00:55 00:00:59 tt-2780 MM005_1967_EP_SU2011_AD_11 ID:131 R:Gram:Det:LoAdj:132 ADDRELATION(Gram:Det:LoAdj):432 
"<que>"
	"que" Conjunction CQUE lang:es 00:00:55 00:00:59 tt-2781 MM005_1967_EP_SU2011_AD_11 ID:132 
"<viene>"
	"venir" Verb VLfin Pres Indi Sing 3rd lang:es 00:00:55 00:00:59 tt-2782 MM005_1967_EP_SU2011_AD_11 
"<,>"
	"," Punctuation CM lang:es 00:00:55 00:00:59 tt-2783 MM005_1967_EP_SU2011_AD_11 
"<no>"
	"no" Adverb NEG lang:es 00:00:55 00:00:59 tt-2784 MM005_1967_EP_SU2011_AD_11 
"<estar>"
	"estar" Verb VLinf VEinf Infinitive lang:es 00:00:55 00:00:59 tt-2785 MM005_1967_EP_SU2011_AD_11 @Gram:SerEstar:Estar ID:136 R:Gram:SerEstar:EstarAux:137 SUBSTITUTE:329 ADD:822 ADDRELATION(Gram:SerEstar:EstarAux):839 
"<esperando>"
	"esperar" Verb VLger lang:es 00:00:55 00:00:59 tt-2786 MM005_1967_EP_SU2011_AD_11 ID:137 
"<que>"
	"que" Conjunction CQUE lang:es 00:00:55 00:00:59 tt-2787 MM005_1967_EP_SU2011_AD_11 
"<voy>"
	"ir" Verb VLfin Pres Indi Sing 1st lang:es 00:00:55 00:00:59 tt-2788 MM005_1967_EP_SU2011_AD_11 ID:139 R:Gram:VFut:Perifrasis:141 ADDRELATION(Gram:VFut:Perifrasis):717 
"<a>"
	"a" Preposition PREP lang:es 00:00:55 00:00:59 tt-2789 MM005_1967_EP_SU2011_AD_11 @Gram:Prep SUBSTITUTE:398 ADD:624 
"<hacer>"
	"hacer" Verb VLinf Infinitive lang:es 00:00:55 00:00:59 tt-2790 MM005_1967_EP_SU2011_AD_11 ID:141 SUBSTITUTE:329 
"<esto>"
	"este" Determiner DM Singular lang:es 00:00:55 00:00:59 tt-2791 MM005_1967_EP_SU2011_AD_11 
"<o>"
	"o" Conjunciton Conjunction CC lang:es 00:00:55 00:00:59 tt-2792 MM005_1967_EP_SU2011_AD_11 SUBSTITUTE:396 
"<hacer>"
	"hacer" Verb VLinf Infinitive lang:es 00:00:55 00:00:59 tt-2793 MM005_1967_EP_SU2011_AD_11 SUBSTITUTE:329 
"<aquello>"
	"UNK" Noun NC Singular lang:es 00:00:55 00:00:59 tt-2794 MM005_1967_EP_SU2011_AD_11 
"<$.>"
	"." Punctuation FS lang:es 00:00:55 00:00:59 tt-2795 MM005_1967_EP_SU2011_AD_11 

"<Se>"
	"se" Other SE lang:es 00:00:55 00:00:59 tt-2796 MM005_1967_EP_SU2011_AD_11 
"<dio>"
	"dar" Verb VLfin Pret Indi Sing 3rd lang:es 00:00:55 00:00:59 tt-2797 MM005_1967_EP_SU2011_AD_11 @Gram:Indefinido ADD:698 
"<la>"
	"el" Determiner ART Singular Fem lang:es 00:00:55 00:00:59 tt-2798 MM005_1967_EP_SU2011_AD_11 @Gram:Det:Art ADD:426 
"<relación>"
	"relación" Noun NC Singular lang:es 00:00:59 00:01:06 tt-2799 MM005_1967_EP_SU2011_AD_11 
"<y>"
	"y" Conjunciton Conjunction CC lang:es 00:00:59 00:01:06 tt-2800 MM005_1967_EP_SU2011_AD_11 SUBSTITUTE:394 
"<me>"
	"yo" Pronoun PPX Singular lang:es 00:00:59 00:01:06 tt-2801 MM005_1967_EP_SU2011_AD_11 @Gram:Pron:Objeto ADD:658 
"<sentí>"
	"sentir" Verb VLfin Pret Indi Sing 1st lang:es 00:00:59 00:01:06 tt-2802 MM005_1967_EP_SU2011_AD_11 @Gram:Indefinido ADD:698 
"<a>"
	"a" Preposition PREP lang:es 00:00:59 00:01:06 tt-2803 MM005_1967_EP_SU2011_AD_11 @Gram:Prep SUBSTITUTE:398 ADD:624 
"<gusto>"
	"gusto" Noun NC Singular lang:es 00:00:59 00:01:06 tt-2804 MM005_1967_EP_SU2011_AD_11 
"<con>"
	"con" Preposition PREP lang:es 00:00:59 00:01:06 tt-2805 MM005_1967_EP_SU2011_AD_11 @Gram:Prep ADD:624 
"<ella>"
	"él" Pronoun PPX Singular lang:es 00:00:59 00:01:06 tt-2806 MM005_1967_EP_SU2011_AD_11 @Gram:Pron:Sujeto ADD:634 
"<,>"
	"," Punctuation CM lang:es 00:00:59 00:01:06 tt-2807 MM005_1967_EP_SU2011_AD_11 
"<nos>"
	"nosotros" Pronoun PPX Plural lang:es 00:00:59 00:01:06 tt-2808 MM005_1967_EP_SU2011_AD_11 @Gram:Pron:Objeto ADD:658 
"<,>"
	"," Punctuation CM lang:es 00:00:59 00:01:06 tt-2809 MM005_1967_EP_SU2011_AD_11 
"<nos>"
	"nosotros" Pronoun PPX Plural lang:es 00:00:59 00:01:06 tt-2810 MM005_1967_EP_SU2011_AD_11 @Gram:Pron:Objeto ADD:658 
"<hemos>"
	"haber" Verb VHfin Pres Indi Plural 1st lang:es 00:00:59 00:01:06 tt-2811 MM005_1967_EP_SU2011_AD_11 ID:162 R:Gram:Aux:Haber:163 R:Gram:PerfPerif:163 ADDRELATION():705 
"<llevado>"
	"llevar" Verb VLadj lang:es 00:00:59 00:01:06 tt-2812 MM005_1967_EP_SU2011_AD_11 ID:163 
"<bien>"
	"bien" Adverb ADV lang:es 00:00:59 00:01:06 tt-2813 MM005_1967_EP_SU2011_AD_11 
"<hasta>"
	"hasta" Preposition PREP lang:es 00:00:59 00:01:06 tt-2814 MM005_1967_EP_SU2011_AD_11 @Gram:Prep ADD:624 
"<ahorita>"
	"ahora" Adverb ADV lang:es 00:00:59 00:01:06 tt-2815 MM005_1967_EP_SU2011_AD_11 
"<y>"
	"y" Conjunciton CC lang:es 00:00:59 00:01:06 tt-2816 MM005_1967_EP_SU2011_AD_11 SUBSTITUTE:394 
"<...>"
	"..." Punctuation DOTS lang:es 00:00:59 00:01:06 tt-2817 MM005_1967_EP_SU2011_AD_11 
"<y>"
	"y" Conjunciton CC lang:es 00:00:59 00:01:06 tt-2818 MM005_1967_EP_SU2011_AD_11 SUBSTITUTE:394 
"<no>"
	"no" Adverb NEG lang:es 00:00:59 00:01:06 tt-2819 MM005_1967_EP_SU2011_AD_11 
"<creo>"
	"crear|creer" Verb VLfin Pres Indi Sing 1st lang:es 00:01:07 00:01:14 tt-2820 MM005_1967_EP_SU2011_AD_11 
"<que>"
	"que" Conjunction CQUE lang:es 00:01:07 00:01:14 tt-2821 MM005_1967_EP_SU2011_AD_11 
"<,>"
	"," Punctuation CM lang:es 00:01:07 00:01:14 tt-2822 MM005_1967_EP_SU2011_AD_11 
"<pues>"
	"pues" Conjunction CSUBF lang:es 00:01:07 00:01:14 tt-2823 MM005_1967_EP_SU2011_AD_11 
"<creo>"
	"crear|creer" Verb VLfin Pres Indi Sing 1st lang:es 00:01:07 00:01:14 tt-2824 MM005_1967_EP_SU2011_AD_11 
"<que>"
	"que" Conjunction CQUE lang:es 00:01:07 00:01:14 tt-2825 MM005_1967_EP_SU2011_AD_11 
"<...>"
	"..." Punctuation DOTS lang:es 00:01:07 00:01:14 tt-2826 MM005_1967_EP_SU2011_AD_11 
"<pues>"
	"pues" Conjunction CSUBF lang:es 00:01:07 00:01:14 tt-2827 MM005_1967_EP_SU2011_AD_11 
"<creo>"
	"crear|creer" Verb VLfin Pres Indi Sing 1st lang:es 00:01:07 00:01:14 tt-2828 MM005_1967_EP_SU2011_AD_11 
"<que>"
	"que" Conjunction CQUE lang:es 00:01:07 00:01:14 tt-2829 MM005_1967_EP_SU2011_AD_11 
"<es>"
	"ser" Verb VSfin Pres Indi Sing 3rd lang:es 00:01:07 00:01:14 tt-2830 MM005_1967_EP_SU2011_AD_11 @Gram:SerEstar:Ser ADD:813 
"<la>"
	"el" Determiner ART Singular Fem lang:es 00:01:07 00:01:14 tt-2831 MM005_1967_EP_SU2011_AD_11 @Gram:Det:Art ADD:426 
"<persona>"
	"persona" Noun NC Singular lang:es 00:01:07 00:01:14 tt-2832 MM005_1967_EP_SU2011_AD_11 
"<que>"
	"que" Conjunction CQUE lang:es 00:01:07 00:01:14 tt-2833 MM005_1967_EP_SU2011_AD_11 
"<ya>"
	"ya" Adverb ADV lang:es 00:01:07 00:01:14 tt-2834 MM005_1967_EP_SU2011_AD_11 
"<me>"
	"yo" Pronoun PPX Singular lang:es 00:01:07 00:01:14 tt-2835 MM005_1967_EP_SU2011_AD_11 @Gram:Pron:Objeto ADD:658 
"<tocaba>"
	"tocar" Verb VLfin Imp Indi Sing 1st_or_3rd lang:es 00:01:07 00:01:14 tt-2836 MM005_1967_EP_SU2011_AD_11 @Gram:Imperf ADD:689 
"<,>"
	"," Punctuation CM lang:es 00:01:07 00:01:14 tt-2837 MM005_1967_EP_SU2011_AD_11 
"<$¿>"
	"¿" Punctuation FS lang:es 00:01:07 00:01:14 tt-2838 MM005_1967_EP_SU2011_AD_11 
"<por>"
	"por" Preposition PREP lang:es 00:01:07 00:01:14 tt-2839 MM005_1967_EP_SU2011_AD_11 @Gram:Prep:Por SUBSTITUTE:269 SUBSTITUTE:270 ADD:618 
"<qué>"
	"qué" Adverb ADV lang:es 00:01:07 00:01:14 tt-2840 MM005_1967_EP_SU2011_AD_11 
"<no>"
	"no" Adverb NEG lang:es 00:01:07 00:01:14 tt-2841 MM005_1967_EP_SU2011_AD_11 
"<$?>"
	"?" Punctuation FS lang:es 00:01:07 00:01:14 tt-2842 MM005_1967_EP_SU2011_AD_11 

"<Bien>"
	"bien" Adverb ADV lang:es 00:01:17 00:01:20 tt-2843 MM005_1967_EP_SU2011_AD_11 
"<,>"
	"," Punctuation CM lang:es 00:01:17 00:01:20 tt-2844 MM005_1967_EP_SU2011_AD_11 
"<no>"
	"no" Adverb NEG lang:es 00:01:17 00:01:20 tt-2845 MM005_1967_EP_SU2011_AD_11 
"<hubo>"
	"haber" Verb VHfin Pret Indi Sing 3rd lang:es 00:01:17 00:01:20 tt-2846 MM005_1967_EP_SU2011_AD_11 @Gram:Haber:Exist ADD:829 
"<más>"
	"más" Adverb ADV lang:es 00:01:17 00:01:20 tt-2847 MM005_1967_EP_SU2011_AD_11 
"<$.>"
	"." Punctuation FS lang:es 00:01:17 00:01:20 tt-2848 MM005_1967_EP_SU2011_AD_11 

"<[>"
	"[" Punctuation LP lang:es 00:01:17 00:01:20 tt-2849 MM005_1967_EP_SU2011_AD_11 
"<Risas>"
	"UNK" Noun NP Plural lang:es 00:01:17 00:01:20 tt-2850 MM005_1967_EP_SU2011_AD_11 
"<]>"
	"]" Other RP lang:es 00:01:17 00:01:20 tt-2851 MM005_1967_EP_SU2011_AD_11 
</speaker>
<speaker type="int">
"<$¿>"
	"¿" Punctuation FS lang:es 00:01:20 00:01:24 tt-2852 MM005_1967_EP_SU2011_AD_11 
"<Cómo>"
	"cómo" Adverb ADV lang:es 00:01:20 00:01:24 tt-2853 MM005_1967_EP_SU2011_AD_11 
"<le>"
	"él" Pronoun PPC Singular lang:es 00:01:20 00:01:24 tt-2854 MM005_1967_EP_SU2011_AD_11 @Gram:Pron:Objeto ADD:664 
"<propusiste>"
	"UNK" Verb VLfin Pret Indi Sing 2nd lang:es 00:01:20 00:01:24 tt-2855 MM005_1967_EP_SU2011_AD_11 @Gram:Indefinido ADD:698 
"<matrimonio>"
	"matrimonio" Noun NC Singular lang:es 00:01:20 00:01:24 tt-2856 MM005_1967_EP_SU2011_AD_11 
"<$?>"
	"?" Punctuation FS lang:es 00:01:20 00:01:24 tt-2857 MM005_1967_EP_SU2011_AD_11 
</speaker>
<speaker type="subj">

"<Y>"
	"y" Conjunciton CC lang:es 00:01:24 00:01:30 tt-2858 MM005_1967_EP_SU2011_AD_11 SUBSTITUTE:394 SUBSTITUTE:395 
"<,>"
	"," Punctuation CM lang:es 00:01:24 00:01:30 tt-2859 MM005_1967_EP_SU2011_AD_11 
"<eso>"
	"ese" Determiner DM Singular lang:es 00:01:24 00:01:30 tt-2860 MM005_1967_EP_SU2011_AD_11 
"<sí>"
	"sí" Adverb ADV lang:es 00:01:24 00:01:30 tt-2861 MM005_1967_EP_SU2011_AD_11 
"<no>"
	"no" Adverb NEG lang:es 00:01:24 00:01:30 tt-2862 MM005_1967_EP_SU2011_AD_11 
"<me>"
	"yo" Pronoun PPX Singular lang:es 00:01:24 00:01:30 tt-2863 MM005_1967_EP_SU2011_AD_11 @Gram:Pron:Objeto ADD:658 
"<acuerdo>"
	"acuerdo" Noun NC Singular lang:es 00:01:24 00:01:30 tt-2864 MM005_1967_EP_SU2011_AD_11 
"<,>"
	"," Punctuation CM lang:es 00:01:24 00:01:30 tt-2865 MM005_1967_EP_SU2011_AD_11 
"<yo>"
	"yo" Pronoun PPX Singular lang:es 00:01:24 00:01:30 tt-2866 MM005_1967_EP_SU2011_AD_11 @Gram:Pron:Sujeto ADD:634 
"<digo>"
	"decir" Verb VLfin Pres Indi Sing 1st lang:es 00:01:24 00:01:30 tt-2867 MM005_1967_EP_SU2011_AD_11 
"<que>"
	"que" Conjunction CQUE lang:es 00:01:24 00:01:30 tt-2868 MM005_1967_EP_SU2011_AD_11 
"<ella>"
	"él" Pronoun PPX Singular lang:es 00:01:24 00:01:30 tt-2869 MM005_1967_EP_SU2011_AD_11 @Gram:Pron:Sujeto ADD:634 
"<me>"
	"yo" Pronoun PPX Singular lang:es 00:01:24 00:01:30 tt-2870 MM005_1967_EP_SU2011_AD_11 @Gram:Pron:Objeto ADD:658 
"<propuso>"
	"proponer" Verb VLfin Pres Indi Sing 1st lang:es 00:01:24 00:01:30 tt-2871 MM005_1967_EP_SU2011_AD_11 
"<a>"
	"a" Preposition PREP lang:es 00:01:24 00:01:30 tt-2872 MM005_1967_EP_SU2011_AD_11 @Gram:Prep SUBSTITUTE:398 ADD:624 
"<mí>"
	"yo" Pronoun PPX Singular lang:es 00:01:24 00:01:30 tt-2873 MM005_1967_EP_SU2011_AD_11 
"<,>"
	"," Punctuation CM lang:es 00:01:24 00:01:30 tt-2874 MM005_1967_EP_SU2011_AD_11 
"<pero>"
	"pero" Conjunction CCAD lang:es 00:01:24 00:01:30 tt-2875 MM005_1967_EP_SU2011_AD_11 @Prag:MarcadoresDisc:Revision ADD:1046 
"<dice>"
	"decir" Verb VLfin Pres Indi Sing 3rd lang:es 00:01:24 00:01:30 tt-2876 MM005_1967_EP_SU2011_AD_11 
"<que>"
	"que" Conjunction CQUE lang:es 00:01:24 00:01:30 tt-2877 MM005_1967_EP_SU2011_AD_11 
"<no>"
	"no" Adverb NEG lang:es 00:01:24 00:01:30 tt-2878 MM005_1967_EP_SU2011_AD_11 
"<$.>"
	"." Punctuation FS lang:es 00:01:24 00:01:30 tt-2879 MM005_1967_EP_SU2011_AD_11 

"<Pero>"
	"pero" Conjunction CCAD lang:es 00:01:24 00:01:30 tt-2880 MM005_1967_EP_SU2011_AD_11 @Prag:MarcadoresDisc:Revision ADD:1046 
"<creo>"
	"crear|creer" Verb VLfin Pres Indi Sing 1st lang:es 00:01:30 00:01:33 tt-2881 MM005_1967_EP_SU2011_AD_11 
"<que>"
	"que" Conjunction CQUE lang:es 00:01:30 00:01:33 tt-2882 MM005_1967_EP_SU2011_AD_11 
"<estábamos>"
	"estar" Verb VEfin Imp Indi Plural 1st lang:es 00:01:30 00:01:33 tt-2883 MM005_1967_EP_SU2011_AD_11 @Gram:Imperf @Gram:SerEstar:Estar ADD:689 ADD:822 
"<una>"
	"un" Determiner ART Singular lang:es 00:01:30 00:01:33 tt-2884 MM005_1967_EP_SU2011_AD_11 
"<vez>"
	"vez" Noun NC Singular lang:es 00:01:30 00:01:33 tt-2885 MM005_1967_EP_SU2011_AD_11 
"<en>"
	"en" Preposition PREP lang:es 00:01:30 00:01:33 tt-2886 MM005_1967_EP_SU2011_AD_11 @Gram:Prep ADD:624 
"<el>"
	"el" Determiner ART Singular Masc lang:es 00:01:30 00:01:33 tt-2887 MM005_1967_EP_SU2011_AD_11 @Gram:Det:Art ADD:426 
"<patio>"
	"patio" Noun NC Singular lang:es 00:01:30 00:01:33 tt-2888 MM005_1967_EP_SU2011_AD_11 
"<en>"
	"en" Preposition PREP lang:es 00:01:30 00:01:33 tt-2889 MM005_1967_EP_SU2011_AD_11 @Gram:Prep ADD:624 
"<la>"
	"el" Determiner ART Singular Fem lang:es 00:01:30 00:01:33 tt-2890 MM005_1967_EP_SU2011_AD_11 
"<casa>"
	"casar" Verb VLfin Pres Indi Sing 3rd lang:es 00:01:30 00:01:33 tt-2891 MM005_1967_EP_SU2011_AD_11 
"<que>"
	"que" Conjunction CQUE lang:es 00:01:30 00:01:33 tt-2892 MM005_1967_EP_SU2011_AD_11 
"<ellos>"
	"él" Pronoun PPX Plural lang:es 00:01:30 00:01:33 tt-2893 MM005_1967_EP_SU2011_AD_11 @Gram:Pron:Sujeto ADD:634 
"<vivían>"
	"vivir" Verb VLfin Imp Indi Plural 3rd lang:es 00:01:30 00:01:33 tt-2894 MM005_1967_EP_SU2011_AD_11 @Gram:Imperf ADD:689 
"<y>"
	"y" Conjunciton Conjunction CC lang:es 00:01:30 00:01:33 tt-2895 MM005_1967_EP_SU2011_AD_11 SUBSTITUTE:394 
"<ahí>"
	"ahí" Adverb ADV lang:es 00:01:30 00:01:33 tt-2896 MM005_1967_EP_SU2011_AD_11 
"<empezamos>"
	"empezar" Verb VLfin Pres_or_Pret Indi Plural 1st lang:es 00:01:30 00:01:33 tt-2897 MM005_1967_EP_SU2011_AD_11 ID:248 R:Vocab:Fraseol:VerbPrep:249 ADDRELATION(Vocab:Fraseol:VerbPrep):1225 
"<a>"
	"a" Preposition PREP lang:es 00:01:33 00:01:39 tt-2898 MM005_1967_EP_SU2011_AD_11 @Gram:Prep ID:249 SUBSTITUTE:398 ADD:624 
"<platicar>"
	"platicar" Verb VLinf Infinitive lang:es 00:01:33 00:01:39 tt-2899 MM005_1967_EP_SU2011_AD_11 SUBSTITUTE:329 
"<$¿>"
	"¿" Punctuation FS lang:es 00:01:33 00:01:39 tt-2900 MM005_1967_EP_SU2011_AD_11 
"<y>"
	"y" Conjunciton Conjunction CC lang:es 00:01:33 00:01:39 tt-2901 MM005_1967_EP_SU2011_AD_11 SUBSTITUTE:394 
"<qué>"
	"qué" Pronoun INT Singular lang:es 00:01:33 00:01:39 tt-2902 MM005_1967_EP_SU2011_AD_11 
"<si>"
	"si" Conjunction CSUBX lang:es 00:01:33 00:01:39 tt-2903 MM005_1967_EP_SU2011_AD_11 
"<nos>"
	"nosotros" Pronoun PPX Plural lang:es 00:01:33 00:01:39 tt-2904 MM005_1967_EP_SU2011_AD_11 @Gram:Pron:Objeto ADD:658 
"<casamos>"
	"casar" Verb VLfin Pres_or_Pret Indi Plural 1st lang:es 00:01:33 00:01:39 tt-2905 MM005_1967_EP_SU2011_AD_11 
"<$?>"
	"?" Punctuation FS lang:es 00:01:33 00:01:39 tt-2906 MM005_1967_EP_SU2011_AD_11 

"<Y>"
	"y" Conjunciton Conjunction CC lang:es 00:01:33 00:01:39 tt-2907 MM005_1967_EP_SU2011_AD_11 SUBSTITUTE:394 
<lang code="en">
"<ah>"
	"UNK" Noun NP Singular lang:en 00:01:33 00:01:39 tt-2908 MM005_1967_EP_SU2011_AD_11 
</lang>
"<pues>"
	"pues" Conjunction CSUBF lang:es 00:01:33 00:01:39 tt-2909 MM005_1967_EP_SU2011_AD_11 
"<órale>"
	"orar" Verb VLfin Pres Command Sing 2nd lang:es 00:01:33 00:01:39 tt-2910 MM005_1967_EP_SU2011_AD_11 
"<,>"
	"," Punctuation CM lang:es 00:01:33 00:01:39 tt-2911 MM005_1967_EP_SU2011_AD_11 
"<pues>"
	"pues" Conjunction CSUBF lang:es 00:01:33 00:01:39 tt-2912 MM005_1967_EP_SU2011_AD_11 
"<luego>"
	"luego" Adverb ADV lang:es 00:01:33 00:01:39 tt-2913 MM005_1967_EP_SU2011_AD_11 
"<luego>"
	"luego" Adverb ADV lang:es 00:01:33 00:01:39 tt-2914 MM005_1967_EP_SU2011_AD_11 
"<$.>"
	"." Punctuation FS lang:es 00:01:33 00:01:39 tt-2915 MM005_1967_EP_SU2011_AD_11 

"<Y>"
	"y" Conjunciton Conjunction CC lang:es 00:01:33 00:01:39 tt-2916 MM005_1967_EP_SU2011_AD_11 SUBSTITUTE:394 
"<ahí>"
	"ahí" Adverb ADV lang:es 00:01:33 00:01:39 tt-2917 MM005_1967_EP_SU2011_AD_11 
"<empezamos>"
	"empezar" Verb VLfin Pres_or_Pret Indi Plural 1st lang:es 00:01:33 00:01:39 tt-2918 MM005_1967_EP_SU2011_AD_11 ID:269 R:Vocab:Fraseol:VerbPrep:270 ADDRELATION(Vocab:Fraseol:VerbPrep):1225 
"<a>"
	"a" Preposition PREP lang:es 00:01:39 00:01:45 tt-2919 MM005_1967_EP_SU2011_AD_11 @Gram:Prep ID:270 SUBSTITUTE:398 ADD:624 
"<hacer>"
	"hacer" Verb VLinf Infinitive lang:es 00:01:39 00:01:45 tt-2920 MM005_1967_EP_SU2011_AD_11 ID:271 R:Herit:Contacto:Mixtas:272 SUBSTITUTE:329 ADDRELATION(Herit:Contacto:Mixtas):1184 
<lang code="en">
"<planes>"
	"plane" Verb VBZ lang:en 00:01:39 00:01:45 tt-2921 MM005_1967_EP_SU2011_AD_11 ID:272 
</lang>
"<que>"
	"que" Conjunction CQUE lang:es 00:01:39 00:01:45 tt-2922 MM005_1967_EP_SU2011_AD_11 
"<no>"
	"no" Adverb NEG lang:es 00:01:39 00:01:45 tt-2923 MM005_1967_EP_SU2011_AD_11 
"<teníamos>"
	"tener" Verb VLfin Imp Indi Plural 1st lang:es 00:01:39 00:01:45 tt-2924 MM005_1967_EP_SU2011_AD_11 @Gram:Imperf ADD:689 
"<ni>"
	"ni" Conjunction CCNEG lang:es 00:01:39 00:01:45 tt-2925 MM005_1967_EP_SU2011_AD_11 
"<con>"
	"con" Preposition PREP lang:es 00:01:39 00:01:45 tt-2926 MM005_1967_EP_SU2011_AD_11 @Gram:Prep ADD:624 
"<que>"
	"que" Conjunction CQUE lang:es 00:01:39 00:01:45 tt-2927 MM005_1967_EP_SU2011_AD_11 
"<casarnos>"
	"casar" Verb VLinf Infinitive lang:es 00:01:39 00:01:45 tt-2928 MM005_1967_EP_SU2011_AD_11 
"<,>"
	"," Punctuation CM lang:es 00:01:39 00:01:45 tt-2929 MM005_1967_EP_SU2011_AD_11 
"<pero>"
	"pero" Conjunction CCAD lang:es 00:01:39 00:01:45 tt-2930 MM005_1967_EP_SU2011_AD_11 @Prag:MarcadoresDisc:Revision ADD:1046 
"<se>"
	"se" Other SE lang:es 00:01:39 00:01:45 tt-2931 MM005_1967_EP_SU2011_AD_11 
"<fue>"
	"ir" Verb VLfin Pret Indi Sing 3rd lang:es 00:01:39 00:01:45 tt-2932 MM005_1967_EP_SU2011_AD_11 @Gram:Indefinido ADD:698 
"<dando>"
	"dar" Verb VLger lang:es 00:01:39 00:01:45 tt-2933 MM005_1967_EP_SU2011_AD_11 
"<como>"
	"como" Conjunction CSUBX lang:es 00:01:39 00:01:45 tt-2934 MM005_1967_EP_SU2011_AD_11 
"<te>"
	"tú" Pronoun PPX Singular lang:es 00:01:39 00:01:45 tt-2935 MM005_1967_EP_SU2011_AD_11 @Gram:Pron:Objeto ADD:658 
"<digo>"
	"decir" Verb VLfin Pres Indi Sing 1st lang:es 00:01:39 00:01:45 tt-2936 MM005_1967_EP_SU2011_AD_11 
"<,>"
	"," Punctuation CM lang:es 00:01:39 00:01:45 tt-2937 MM005_1967_EP_SU2011_AD_11 
"<sin>"
	"sin" Preposition PREP lang:es 00:01:39 00:01:45 tt-2938 MM005_1967_EP_SU2011_AD_11 @Gram:Prep ADD:624 
"<buscar>"
	"buscar" Verb VLinf Infinitive lang:es 00:01:45 00:01:50 tt-2939 MM005_1967_EP_SU2011_AD_11 SUBSTITUTE:329 
"<,>"
	"," Punctuation CM lang:es 00:01:45 00:01:50 tt-2940 MM005_1967_EP_SU2011_AD_11 
"<sin>"
	"sin" Preposition PREP lang:es 00:01:45 00:01:50 tt-2941 MM005_1967_EP_SU2011_AD_11 @Gram:Prep ADD:624 
"<esperar>"
	"esperar" Verb VLinf Infinitive lang:es 00:01:45 00:01:50 tt-2942 MM005_1967_EP_SU2011_AD_11 SUBSTITUTE:329 
"<ni>"
	"ni" Conjunction CCNEG lang:es 00:01:45 00:01:50 tt-2943 MM005_1967_EP_SU2011_AD_11 
"<planear>"
	"planear" Verb VLinf Infinitive lang:es 00:01:45 00:01:50 tt-2944 MM005_1967_EP_SU2011_AD_11 SUBSTITUTE:329 
"<nada>"
	"nada" Determiner QU lang:es 00:01:45 00:01:50 tt-2945 MM005_1967_EP_SU2011_AD_11 @Gram:Det:Pron ADD:485 
"<todo>"
	"todo" Determiner QU lang:es 00:01:45 00:01:50 tt-2946 MM005_1967_EP_SU2011_AD_11 
"<se>"
	"se" Other SE lang:es 00:01:45 00:01:50 tt-2947 MM005_1967_EP_SU2011_AD_11 
"<fue>"
	"ir" Verb VLfin Pret Indi Sing 3rd lang:es 00:01:45 00:01:50 tt-2948 MM005_1967_EP_SU2011_AD_11 @Gram:Indefinido ADD:698 
"<dando>"
	"dar" Verb VLger lang:es 00:01:45 00:01:50 tt-2949 MM005_1967_EP_SU2011_AD_11 
"<,>"
	"," Punctuation CM lang:es 00:01:45 00:01:50 tt-2950 MM005_1967_EP_SU2011_AD_11 
"<y>"
	"y" Conjunciton Conjunction CC lang:es 00:01:45 00:01:50 tt-2951 MM005_1967_EP_SU2011_AD_11 SUBSTITUTE:394 
"<gracias>"
	"gracias" Preposition PREP lang:es 00:01:45 00:01:50 tt-2952 MM005_1967_EP_SU2011_AD_11 @Gram:Prep ADD:624 
"<a>"
	"a" Preposition PREP lang:es 00:01:45 00:01:50 tt-2953 MM005_1967_EP_SU2011_AD_11 @Gram:Prep SUBSTITUTE:398 ADD:624 
"<Dios>"
	"dios" Noun NC Plural lang:es 00:01:45 00:01:50 tt-2954 MM005_1967_EP_SU2011_AD_11 
"<nos>"
	"nosotros" Pronoun PPX Plural lang:es 00:01:45 00:01:50 tt-2955 MM005_1967_EP_SU2011_AD_11 @Gram:Pron:Objeto ADD:658 
"<casamos>"
	"casar" Verb VLfin Pres_or_Pret Indi Plural 1st lang:es 00:01:45 00:01:50 tt-2956 MM005_1967_EP_SU2011_AD_11 
"<por>"
	"por" Preposition PREP lang:es 00:01:45 00:01:50 tt-2957 MM005_1967_EP_SU2011_AD_11 @Gram:Prep:Por SUBSTITUTE:269 SUBSTITUTE:270 ADD:618 
"<iglesia>"
	"iglesia" Noun NC Singular lang:es 00:01:50 00:01:51 tt-2958 MM005_1967_EP_SU2011_AD_11 
"<y>"
	"y" Conjunciton Conjunction CC lang:es 00:01:50 00:01:51 tt-2959 MM005_1967_EP_SU2011_AD_11 SUBSTITUTE:394 
"<civil>"
	"civil" Noun NC Singular lang:es 00:01:50 00:01:51 tt-2960 MM005_1967_EP_SU2011_AD_11 
"<y>"
	"y" Conjunciton Conjunction CC lang:es 00:01:50 00:01:51 tt-2961 MM005_1967_EP_SU2011_AD_11 SUBSTITUTE:394 
"<todo>"
	"todo" Determiner QU lang:es 00:01:50 00:01:51 tt-2962 MM005_1967_EP_SU2011_AD_11 
"<$.>"
	"." Punctuation FS lang:es 00:01:50 00:01:51 tt-2963 MM005_1967_EP_SU2011_AD_11 
</speaker>
<speaker type="int">

"<$¿>"
	"¿" Punctuation FS lang:es 00:01:51 00:01:56 tt-2964 MM005_1967_EP_SU2011_AD_11 
"<Tienes>"
	"tener" Verb VLfin Pres Indi Sing 2nd lang:es 00:01:51 00:01:56 tt-2965 MM005_1967_EP_SU2011_AD_11 
"<alguna>"
	"alguno" Determiner QU lang:es 00:01:51 00:01:56 tt-2966 MM005_1967_EP_SU2011_AD_11 @Gram:Det:CuantIndef ADD:473 
"<historia>"
	"historia" Noun NC Singular lang:es 00:01:51 00:01:56 tt-2967 MM005_1967_EP_SU2011_AD_11 
"<favorita>"
	"favorito" Adjective ADJ Singular lang:es 00:01:51 00:01:56 tt-2968 MM005_1967_EP_SU2011_AD_11 
"<acerca>"
	"acerca" Preposition PREP lang:es 00:01:51 00:01:56 tt-2969 MM005_1967_EP_SU2011_AD_11 @Gram:Prep ADD:624 
"<de>"
	"de" Preposition PREP lang:es 00:01:51 00:01:56 tt-2970 MM005_1967_EP_SU2011_AD_11 @Gram:Prep ADD:624 
"<tu>"
	"tú" Pronoun PPX Singular lang:es 00:01:51 00:01:56 tt-2971 MM005_1967_EP_SU2011_AD_11 @Gram:Det:Pos ADD:456 
"<pareja>"
	"pareja" Noun NC Singular lang:es 00:01:51 00:01:56 tt-2972 MM005_1967_EP_SU2011_AD_11 
"<$?>"
	"?" Punctuation FS lang:es 00:01:51 00:01:56 tt-2973 MM005_1967_EP_SU2011_AD_11 

"<Sí>"
	"sí" Adverb ADV lang:es 00:01:56 00:02:03 tt-2974 MM005_1967_EP_SU2011_AD_11 
"<,>"
	"," Punctuation CM lang:es 00:01:56 00:02:03 tt-2975 MM005_1967_EP_SU2011_AD_11 
"<y>"
	"y" Conjunciton Conjunction CC lang:es 00:01:56 00:02:03 tt-2976 MM005_1967_EP_SU2011_AD_11 SUBSTITUTE:394 
"<muchas>"
	"mucho" Determiner QU lang:es 00:01:56 00:02:03 tt-2977 MM005_1967_EP_SU2011_AD_11 @Gram:Det:CuantIndef ADD:478 
"<,>"
	"," Punctuation CM lang:es 00:01:56 00:02:03 tt-2978 MM005_1967_EP_SU2011_AD_11 
"<déjame>"
	"dejar" Verb VLfin Pres Command Sing 2nd lang:es 00:01:56 00:02:03 tt-2979 MM005_1967_EP_SU2011_AD_11 @Gram:MImp:Informal ADD:793 
"<me>"
	"yo" Pronoun PPX Singular lang:es 00:01:56 00:02:03 tt-2980 MM005_1967_EP_SU2011_AD_11 @Gram:Pron:Objeto ADD:658 
"<acuerdo>"
	"acuerdo" Noun NC Singular lang:es 00:01:56 00:02:03 tt-2981 MM005_1967_EP_SU2011_AD_11 
"<una>"
	"un" Determiner ART Singular lang:es 00:01:56 00:02:03 tt-2982 MM005_1967_EP_SU2011_AD_11 
"<,>"
	"," Punctuation CM lang:es 00:01:56 00:02:03 tt-2983 MM005_1967_EP_SU2011_AD_11 
"<una>"
	"un" Determiner ART Singular lang:es 00:01:56 00:02:03 tt-2984 MM005_1967_EP_SU2011_AD_11 
"<que>"
	"que" Conjunction CQUE lang:es 00:01:56 00:02:03 tt-2985 MM005_1967_EP_SU2011_AD_11 
"<no>"
	"no" Adverb NEG lang:es 00:01:56 00:02:03 tt-2986 MM005_1967_EP_SU2011_AD_11 
"<sea>"
	"ser" Verb VSfin Pres Subj Sing 1st_or_3rd lang:es 00:01:56 00:02:03 tt-2987 MM005_1967_EP_SU2011_AD_11 @Gram:MSub:Pres @Gram:SerEstar:Ser ADD:782 ADD:813 
"<tan>"
	"tan" Adverb ADV lang:es 00:01:56 00:02:03 tt-2988 MM005_1967_EP_SU2011_AD_11 
<lang code="en">
"<nasty>"
	"nasty" Adjective JJ lang:en 00:01:56 00:02:03 tt-2989 MM005_1967_EP_SU2011_AD_11 
</lang>
"<$.>"
	"." Punctuation FS lang:es 00:01:56 00:02:03 tt-2990 MM005_1967_EP_SU2011_AD_11 

"<[>"
	"[" Punctuation LP lang:es 00:01:56 00:02:03 tt-2991 MM005_1967_EP_SU2011_AD_11 
"<Risas>"
	"UNK" Noun NP Plural lang:es 00:01:56 00:02:03 tt-2992 MM005_1967_EP_SU2011_AD_11 
"<]>"
	"]" Other RP lang:es 00:01:56 00:02:03 tt-2993 MM005_1967_EP_SU2011_AD_11 
"<Déjame>"
	"UNK" Adjective ADJ Singular lang:es 00:02:05 00:02:12 tt-2994 MM005_1967_EP_SU2011_AD_11 
"<acuerdo>"
	"acuerdo" Noun NC Singular lang:es 00:02:05 00:02:12 tt-2995 MM005_1967_EP_SU2011_AD_11 
"<de>"
	"de" Preposition PREP lang:es 00:02:05 00:02:12 tt-2996 MM005_1967_EP_SU2011_AD_11 @Gram:Prep ADD:624 
"<una>"
	"un" Determiner ART Singular lang:es 00:02:05 00:02:12 tt-2997 MM005_1967_EP_SU2011_AD_11 
"<de>"
	"de" Preposition PREP lang:es 00:02:05 00:02:12 tt-2998 MM005_1967_EP_SU2011_AD_11 @Gram:Prep ADD:624 
"<ellas>"
	"él" Pronoun PPX Plural lang:es 00:02:05 00:02:12 tt-2999 MM005_1967_EP_SU2011_AD_11 @Gram:Pron:Sujeto ADD:634 
"<,>"
	"," Punctuation CM lang:es 00:02:05 00:02:12 tt-3000 MM005_1967_EP_SU2011_AD_11 
"<que>"
	"que" Conjunction CQUE lang:es 00:02:05 00:02:12 tt-3001 MM005_1967_EP_SU2011_AD_11 
"<...>"
	"..." Punctuation DOTS lang:es 00:02:05 00:02:12 tt-3002 MM005_1967_EP_SU2011_AD_11 
"<pues>"
	"pues" Conjunction CSUBF lang:es 00:02:05 00:02:12 tt-3003 MM005_1967_EP_SU2011_AD_11 
"<cuando>"
	"cuando" Conjunction CSUBX lang:es 00:02:05 00:02:12 tt-3004 MM005_1967_EP_SU2011_AD_11 
"<iba>"
	"ir" Verb VLfin Imp Indi Sing 1st_or_3rd lang:es 00:02:05 00:02:12 tt-3005 MM005_1967_EP_SU2011_AD_11 @Gram:Imperf ADD:689 
"<por>"
	"por" Preposition PREP lang:es 00:02:05 00:02:12 tt-3006 MM005_1967_EP_SU2011_AD_11 @Gram:Prep:Por SUBSTITUTE:269 SUBSTITUTE:270 ADD:618 
"<ella>"
	"él" Pronoun PPX Singular lang:es 00:02:05 00:02:12 tt-3007 MM005_1967_EP_SU2011_AD_11 @Gram:Pron:Sujeto ADD:634 
"<al>"
	"al" Preposition PAL lang:es 00:02:05 00:02:12 tt-3008 MM005_1967_EP_SU2011_AD_11 @Gram:Prep ADD:624 
"<puente>"
	"puente" Noun NC Singular lang:es 00:02:05 00:02:12 tt-3009 MM005_1967_EP_SU2011_AD_11 
"<que>"
	"que" Conjunction CQUE lang:es 00:02:05 00:02:12 tt-3010 MM005_1967_EP_SU2011_AD_11 
"<cada>"
	"cada" Determiner QU lang:es 00:02:05 00:02:12 tt-3011 MM005_1967_EP_SU2011_AD_11 @Gram:Det:CuantIndef ADD:473 
"<domingo>"
	"domingo" Noun NC Singular lang:es 00:02:05 00:02:12 tt-3012 MM005_1967_EP_SU2011_AD_11 
"<era>"
	"ser" Verb VEfin Imp Indi Sing 1st_or_3rd lang:es 00:02:05 00:02:12 tt-3013 MM005_1967_EP_SU2011_AD_11 @Gram:Imperf @Gram:SerEstar:Ser ADD:689 ADD:813 
"<,>"
	"," Punctuation CM lang:es 00:02:05 00:02:12 tt-3014 MM005_1967_EP_SU2011_AD_11 
"<no>"
	"no" Adverb NEG lang:es 00:02:16 00:02:20 tt-3015 MM005_1967_EP_SU2011_AD_11 
"<había>"
	"haber" Verb VHfin Imp Indi Sing 1st_or_3rd lang:es 00:02:16 00:02:20 tt-3016 MM005_1967_EP_SU2011_AD_11 @Gram:Haber:Exist ADD:829 
"<las>"
	"el" Determiner ART Plural Fem lang:es 00:02:16 00:02:20 tt-3017 MM005_1967_EP_SU2011_AD_11 @Gram:Det:Art ADD:426 
"<líneas>"
	"línea" Noun NC Plural lang:es 00:02:16 00:02:20 tt-3018 MM005_1967_EP_SU2011_AD_11 
"<como>"
	"como" Conjunction CSUBX lang:es 00:02:16 00:02:20 tt-3019 MM005_1967_EP_SU2011_AD_11 
"<ahora>"
	"ahora" Adverb ADV lang:es 00:02:16 00:02:20 tt-3020 MM005_1967_EP_SU2011_AD_11 
"<,>"
	"," Punctuation CM lang:es 00:02:16 00:02:20 tt-3021 MM005_1967_EP_SU2011_AD_11 
"<pero>"
	"pero" Conjunction CCAD lang:es 00:02:16 00:02:20 tt-3022 MM005_1967_EP_SU2011_AD_11 @Prag:MarcadoresDisc:Revision ADD:1046 
"<pues>"
	"pues" Conjunction CSUBF lang:es 00:02:16 00:02:20 tt-3023 MM005_1967_EP_SU2011_AD_11 
"<éramos>"
	"ser" Verb VSfin Imp Indi Plural 1st lang:es 00:02:16 00:02:20 tt-3024 MM005_1967_EP_SU2011_AD_11 @Gram:Imperf @Gram:SerEstar:Ser ADD:689 ADD:813 
"<más>"
	"más" Adverb ADV lang:es 00:02:16 00:02:20 tt-3025 MM005_1967_EP_SU2011_AD_11 
"<pobres>"
	"pobre" Adjective ADJ Plural lang:es 00:02:16 00:02:20 tt-3026 MM005_1967_EP_SU2011_AD_11 
"<,>"
	"," Punctuation CM lang:es 00:02:16 00:02:20 tt-3027 MM005_1967_EP_SU2011_AD_11 
"<que>"
	"que" Conjunction CQUE lang:es 00:02:16 00:02:20 tt-3028 MM005_1967_EP_SU2011_AD_11 
"<no>"
	"no" Adverb NEG lang:es 00:02:16 00:02:20 tt-3029 MM005_1967_EP_SU2011_AD_11 
"<traía>"
	"traer" Verb VLfin Imp Indi Sing 1st_or_3rd lang:es 00:02:16 00:02:20 tt-3030 MM005_1967_EP_SU2011_AD_11 @Gram:Imperf ADD:689 
"<para>"
	"para" Preposition PREP lang:es 00:02:16 00:02:20 tt-3031 MM005_1967_EP_SU2011_AD_11 @Gram:Prep:Para SUBSTITUTE:345 ADD:595 
"<la>"
	"el" Determiner ART Singular Fem lang:es 00:02:16 00:02:20 tt-3032 MM005_1967_EP_SU2011_AD_11 @Gram:Det:Art ADD:426 
"<gasolina>"
	"gasolina" Noun NC Singular lang:es 00:02:20 00:02:27 tt-3033 MM005_1967_EP_SU2011_AD_11 
"<y>"
	"y" Conjunciton Conjunction CC lang:es 00:02:20 00:02:27 tt-3034 MM005_1967_EP_SU2011_AD_11 SUBSTITUTE:394 
"<ella>"
	"él" Pronoun PPX Singular lang:es 00:02:20 00:02:27 tt-3035 MM005_1967_EP_SU2011_AD_11 @Gram:Pron:Sujeto ADD:634 
"<se>"
	"se" Other SE lang:es 00:02:20 00:02:27 tt-3036 MM005_1967_EP_SU2011_AD_11 
"<cruzaba>"
	"cruzar" Verb VLfin Imp Indi Sing 1st_or_3rd lang:es 00:02:20 00:02:27 tt-3037 MM005_1967_EP_SU2011_AD_11 @Gram:Imperf ADD:689 
"<a>"
	"a" Preposition PREP lang:es 00:02:20 00:02:27 tt-3038 MM005_1967_EP_SU2011_AD_11 @Gram:Prep SUBSTITUTE:398 ADD:624 
"<pie>"
	"pie" Noun NC Singular lang:es 00:02:20 00:02:27 tt-3039 MM005_1967_EP_SU2011_AD_11 
"<$.>"
	"." Punctuation FS lang:es 00:02:20 00:02:27 tt-3040 MM005_1967_EP_SU2011_AD_11 

"<Y>"
	"y" Conjunciton Conjunction CC lang:es 00:02:20 00:02:27 tt-3041 MM005_1967_EP_SU2011_AD_11 SUBSTITUTE:394 
"<,>"
	"," Punctuation CM lang:es 00:02:20 00:02:27 tt-3042 MM005_1967_EP_SU2011_AD_11 
"<pues>"
	"pues" Conjunction CSUBF lang:es 00:02:20 00:02:27 tt-3043 MM005_1967_EP_SU2011_AD_11 
"<las>"
	"el" Determiner ART Plural Fem lang:es 00:02:20 00:02:27 tt-3044 MM005_1967_EP_SU2011_AD_11 @Gram:Det:Art ADD:426 
"<anécdotas>"
	"anécdota" Noun NC Plural lang:es 00:02:20 00:02:27 tt-3045 MM005_1967_EP_SU2011_AD_11 
"<bonitas>"
	"bonito" Adjective ADJ Plural lang:es 00:02:20 00:02:27 tt-3046 MM005_1967_EP_SU2011_AD_11 
"<que>"
	"que" Conjunction CQUE lang:es 00:02:20 00:02:27 tt-3047 MM005_1967_EP_SU2011_AD_11 
"<ella>"
	"él" Pronoun PPX Singular lang:es 00:02:20 00:02:27 tt-3048 MM005_1967_EP_SU2011_AD_11 @Gram:Pron:Sujeto ADD:634 
"<y>"
	"y" Conjunciton Conjunction CC lang:es 00:02:20 00:02:27 tt-3049 MM005_1967_EP_SU2011_AD_11 SUBSTITUTE:394 
"<yo>"
	"yo" Pronoun PPX Singular lang:es 00:02:20 00:02:27 tt-3050 MM005_1967_EP_SU2011_AD_11 @Gram:Pron:Sujeto ADD:634 
"<convivíamos>"
	"convivir" Verb VLfin Imp Indi Plural 1st lang:es 00:02:20 00:02:27 tt-3051 MM005_1967_EP_SU2011_AD_11 @Gram:Imperf ADD:689 
"<con>"
	"con" Preposition PREP lang:es 00:02:27 00:02:33 tt-3052 MM005_1967_EP_SU2011_AD_11 @Gram:Prep ADD:624 
"<mi>"
	"mío" Pronoun PPO Singular lang:es 00:02:27 00:02:33 tt-3053 MM005_1967_EP_SU2011_AD_11 @Gram:Det:Pos ADD:456 
"<papá>"
	"papá" Noun NC Singular lang:es 00:02:27 00:02:33 tt-3054 MM005_1967_EP_SU2011_AD_11 
"<y>"
	"y" Conjunciton Conjunction CC lang:es 00:02:27 00:02:33 tt-3055 MM005_1967_EP_SU2011_AD_11 SUBSTITUTE:394 
"<mi>"
	"mío" Pronoun PPO Singular lang:es 00:02:27 00:02:33 tt-3056 MM005_1967_EP_SU2011_AD_11 @Gram:Det:Pos ADD:456 
"<mamá>"
	"mamá" Noun NC Singular lang:es 00:02:27 00:02:33 tt-3057 MM005_1967_EP_SU2011_AD_11 
"<en>"
	"en" Preposition PREP lang:es 00:02:27 00:02:33 tt-3058 MM005_1967_EP_SU2011_AD_11 @Gram:Prep ADD:624 
"<la>"
	"el" Determiner ART Singular Fem lang:es 00:02:27 00:02:33 tt-3059 MM005_1967_EP_SU2011_AD_11 @Gram:Det:Art ADD:426 
"<iglesia>"
	"iglesia" Noun NC Singular lang:es 00:02:27 00:02:33 tt-3060 MM005_1967_EP_SU2011_AD_11 
"<,>"
	"," Punctuation CM lang:es 00:02:27 00:02:33 tt-3061 MM005_1967_EP_SU2011_AD_11 
"<nos>"
	"nosotros" Pronoun PPX Plural lang:es 00:02:27 00:02:33 tt-3062 MM005_1967_EP_SU2011_AD_11 @Gram:Pron:Objeto ADD:658 
"<íbamos>"
	"ir" Verb VLfin Imp Indi Plural 1st lang:es 00:02:27 00:02:33 tt-3063 MM005_1967_EP_SU2011_AD_11 @Gram:Imperf ADD:689 
"<a>"
	"a" Preposition PREP lang:es 00:02:27 00:02:33 tt-3064 MM005_1967_EP_SU2011_AD_11 @Gram:Prep SUBSTITUTE:398 ADD:624 
"<...>"
	"..." Punctuation DOTS lang:es 00:02:27 00:02:33 tt-3065 MM005_1967_EP_SU2011_AD_11 
"<de>"
	"de" Other PE lang:es 00:02:27 00:02:33 tt-3066 MM005_1967_EP_SU2011_AD_11 
"<compras>"
	"comprar" Verb VLfin Pres Indi Sing 2nd lang:es 00:02:27 00:02:33 tt-3067 MM005_1967_EP_SU2011_AD_11 
"<,>"
	"," Punctuation CM lang:es 00:02:27 00:02:33 tt-3068 MM005_1967_EP_SU2011_AD_11 
"<a>"
	"a" Preposition PREP lang:es 00:02:27 00:02:33 tt-3069 MM005_1967_EP_SU2011_AD_11 @Gram:Prep SUBSTITUTE:398 ADD:624 
"<la>"
	"el" Determiner ART Singular Fem lang:es 00:02:27 00:02:33 tt-3070 MM005_1967_EP_SU2011_AD_11 @Gram:Det:Art ADD:426 
"<Trebia>"
	"UNK" Noun NP Singular lang:es 00:02:27 00:02:33 tt-3071 MM005_1967_EP_SU2011_AD_11 
"<a>"
	"a" Preposition PREP lang:es 00:02:33 00:02:38 tt-3072 MM005_1967_EP_SU2011_AD_11 @Gram:Prep SUBSTITUTE:398 ADD:624 
"<comernos>"
	"comer" Verb VLinf Infinitive lang:es 00:02:33 00:02:38 tt-3073 MM005_1967_EP_SU2011_AD_11 
"<una>"
	"un" Determiner ART Singular lang:es 00:02:33 00:02:38 tt-3074 MM005_1967_EP_SU2011_AD_11 
"<nieve>"
	"nieve" Noun NC Singular lang:es 00:02:33 00:02:38 tt-3075 MM005_1967_EP_SU2011_AD_11 
"<$.>"
	"." Punctuation FS lang:es 00:02:33 00:02:38 tt-3076 MM005_1967_EP_SU2011_AD_11 

"<Yo>"
	"yo" Pronoun PPX Singular lang:es 00:02:33 00:02:38 tt-3077 MM005_1967_EP_SU2011_AD_11 @Gram:Pron:Sujeto ADD:634 
"<creo>"
	"crear|creer" Verb VLfin Pres Indi Sing 1st lang:es 00:02:33 00:02:38 tt-3078 MM005_1967_EP_SU2011_AD_11 
"<fue>"
	"ser" Verb VSfin Pret Indi Sing 3rd lang:es 00:02:33 00:02:38 tt-3079 MM005_1967_EP_SU2011_AD_11 @Gram:Indefinido @Gram:SerEstar:Ser ADD:698 ADD:813 
"<una>"
	"un" Determiner ART Singular lang:es 00:02:33 00:02:38 tt-3080 MM005_1967_EP_SU2011_AD_11 
"<de>"
	"de" Preposition PREP lang:es 00:02:33 00:02:38 tt-3081 MM005_1967_EP_SU2011_AD_11 @Gram:Prep ADD:624 
"<las>"
	"el" Determiner ART Plural Fem lang:es 00:02:33 00:02:38 tt-3082 MM005_1967_EP_SU2011_AD_11 @Gram:Det:Art ADD:426 
"<,>"
	"," Punctuation CM lang:es 00:02:33 00:02:38 tt-3083 MM005_1967_EP_SU2011_AD_11 
"<son>"
	"ser" Verb VSfin Pres Indi Plural 3rd lang:es 00:02:33 00:02:38 tt-3084 MM005_1967_EP_SU2011_AD_11 @Gram:SerEstar:Ser ADD:813 
"<las>"
	"el" Determiner ART Plural Fem lang:es 00:02:33 00:02:38 tt-3085 MM005_1967_EP_SU2011_AD_11 @Gram:Det:Art ADD:426 
"<de>"
	"de" Preposition PREP lang:es 00:02:33 00:02:38 tt-3086 MM005_1967_EP_SU2011_AD_11 @Gram:Prep ADD:624 
"<las>"
	"el" Determiner ART Plural Fem lang:es 00:02:33 00:02:38 tt-3087 MM005_1967_EP_SU2011_AD_11 @Gram:Det:Art ADD:426 
"<experiencias>"
	"experiencia" Noun NC Plural lang:es 00:02:33 00:02:38 tt-3088 MM005_1967_EP_SU2011_AD_11 
"<más>"
	"más" Adverb ADV lang:es 00:02:33 00:02:38 tt-3089 MM005_1967_EP_SU2011_AD_11 
"<bonitas>"
	"bonito" Adjective ADJ Plural lang:es 00:02:33 00:02:38 tt-3090 MM005_1967_EP_SU2011_AD_11 
"<que>"
	"que" Conjunction CQUE lang:es 00:02:38 00:02:42 tt-3091 MM005_1967_EP_SU2011_AD_11 
"<hemos>"
	"haber" Verb VHfin Pres Indi Plural 1st lang:es 00:02:38 00:02:42 tt-3092 MM005_1967_EP_SU2011_AD_11 ID:443 R:Gram:Aux:Haber:444 R:Gram:PerfPerif:444 ADDRELATION():705 
"<tenido>"
	"tener" Verb VLadj lang:es 00:02:38 00:02:42 tt-3093 MM005_1967_EP_SU2011_AD_11 ID:444 
"<ella>"
	"él" Pronoun PPX Singular lang:es 00:02:38 00:02:42 tt-3094 MM005_1967_EP_SU2011_AD_11 @Gram:Pron:Sujeto ADD:634 
"<y>"
	"y" Conjunciton Conjunction CC lang:es 00:02:38 00:02:42 tt-3095 MM005_1967_EP_SU2011_AD_11 SUBSTITUTE:394 
"<yo>"
	"yo" Pronoun PPX Singular lang:es 00:02:38 00:02:42 tt-3096 MM005_1967_EP_SU2011_AD_11 @Gram:Pron:Sujeto ADD:634 
"<que>"
	"que" Conjunction CQUE lang:es 00:02:38 00:02:42 tt-3097 MM005_1967_EP_SU2011_AD_11 
"<hemos>"
	"haber" Verb VHfin Pres Indi Plural 1st lang:es 00:02:38 00:02:42 tt-3098 MM005_1967_EP_SU2011_AD_11 ID:449 R:Gram:Aux:Haber:450 R:Gram:PerfPerif:450 ADDRELATION():705 
"<convivido>"
	"convivir" Verb VLadj lang:es 00:02:38 00:02:42 tt-3099 MM005_1967_EP_SU2011_AD_11 ID:450 
"<siempre>"
	"siempre" Adverb ADV lang:es 00:02:38 00:02:42 tt-3100 MM005_1967_EP_SU2011_AD_11 
"<con>"
	"con" Preposition PREP lang:es 00:02:38 00:02:42 tt-3101 MM005_1967_EP_SU2011_AD_11 @Gram:Prep ADD:624 
"<los>"
	"el" Determiner ART Plural Masc lang:es 00:02:38 00:02:42 tt-3102 MM005_1967_EP_SU2011_AD_11 @Gram:Det:Art ID:453 R:Gram:Det:Combi:454 ADD:426 ADDRELATION(Gram:Det:Combi):491 
"<demás>"
	"demás" Determiner QU lang:es 00:02:38 00:02:42 tt-3103 MM005_1967_EP_SU2011_AD_11 ID:454 
"<,>"
	"," Punctuation CM lang:es 00:02:38 00:02:42 tt-3104 MM005_1967_EP_SU2011_AD_11 
"<$¿>"
	"¿" Punctuation FS lang:es 00:02:38 00:02:42 tt-3105 MM005_1967_EP_SU2011_AD_11 
"<verdad>"
	"verdad" Noun NC Singular lang:es 00:02:38 00:02:42 tt-3106 MM005_1967_EP_SU2011_AD_11 
"<$?>"
	"?" Punctuation FS lang:es 00:02:38 00:02:42 tt-3107 MM005_1967_EP_SU2011_AD_11 

"<Qué>"
	"qué" Pronoun INT Singular lang:es 00:02:42 00:02:49 tt-3108 MM005_1967_EP_SU2011_AD_11 
"<bonito>"
	"bonito|bono" Noun NC Singular lang:es 00:02:42 00:02:49 tt-3109 MM005_1967_EP_SU2011_AD_11 
"<$.>"
	"." Punctuation FS lang:es 00:02:42 00:02:49 tt-3110 MM005_1967_EP_SU2011_AD_11 

"<$¿>"
	"¿" Punctuation FS lang:es 00:02:42 00:02:49 tt-3111 MM005_1967_EP_SU2011_AD_11 
"<Cuál>"
	"cuál" Pronoun INT Singular lang:es 00:02:42 00:02:49 tt-3112 MM005_1967_EP_SU2011_AD_11 
"<fue>"
	"ser" Verb VSfin Pret Indi Sing 3rd lang:es 00:02:42 00:02:49 tt-3113 MM005_1967_EP_SU2011_AD_11 @Gram:Indefinido @Gram:SerEstar:Ser ADD:698 ADD:813 
"<el>"
	"el" Determiner ART Singular Masc lang:es 00:02:42 00:02:49 tt-3114 MM005_1967_EP_SU2011_AD_11 @Gram:Det:Art ADD:426 
"<momento>"
	"momento" Noun NC Singular lang:es 00:02:42 00:02:49 tt-3115 MM005_1967_EP_SU2011_AD_11 
"<más>"
	"más" Adverb ADV lang:es 00:02:42 00:02:49 tt-3116 MM005_1967_EP_SU2011_AD_11 
"<feliz>"
	"feliz" Adjective ADJ Singular lang:es 00:02:42 00:02:49 tt-3117 MM005_1967_EP_SU2011_AD_11 
"<de>"
	"de" Preposition PREP lang:es 00:02:42 00:02:49 tt-3118 MM005_1967_EP_SU2011_AD_11 @Gram:Prep ADD:624 
"<tu>"
	"tú" Pronoun PPX Singular lang:es 00:02:42 00:02:49 tt-3119 MM005_1967_EP_SU2011_AD_11 @Gram:Det:Pos ADD:456 
"<vida>"
	"vida" Noun NC Singular lang:es 00:02:42 00:02:49 tt-3120 MM005_1967_EP_SU2011_AD_11 
"<$?>"
	"?" Punctuation FS lang:es 00:02:42 00:02:49 tt-3121 MM005_1967_EP_SU2011_AD_11 
</speaker>
<speaker type="subj">

"<$¿>"
	"¿" Punctuation FS lang:es 00:02:50 00:02:57 tt-3122 MM005_1967_EP_SU2011_AD_11 
"<El>"
	"el" Determiner ART Singular Masc lang:es 00:02:50 00:02:57 tt-3123 MM005_1967_EP_SU2011_AD_11 @Gram:Det:Art ADD:426 
"<más>"
	"más" Adverb ADV lang:es 00:02:50 00:02:57 tt-3124 MM005_1967_EP_SU2011_AD_11 
"<feliz>"
	"feliz" Adjective ADJ Singular lang:es 00:02:50 00:02:57 tt-3125 MM005_1967_EP_SU2011_AD_11 
"<de>"
	"de" Preposition PREP lang:es 00:02:50 00:02:57 tt-3126 MM005_1967_EP_SU2011_AD_11 @Gram:Prep ADD:624 
"<mi>"
	"mío" Pronoun PPO Singular lang:es 00:02:50 00:02:57 tt-3127 MM005_1967_EP_SU2011_AD_11 @Gram:Det:Pos ADD:456 
"<vida>"
	"vida" Noun NC Singular lang:es 00:02:50 00:02:57 tt-3128 MM005_1967_EP_SU2011_AD_11 
"<$?>"
	"?" Punctuation FS lang:es 00:02:50 00:02:57 tt-3129 MM005_1967_EP_SU2011_AD_11 

"<$¿>"
	"¿" Punctuation FS lang:es 00:02:50 00:02:57 tt-3130 MM005_1967_EP_SU2011_AD_11 
"<Cuándo>"
	"cuándo" Adverb ADV lang:es 00:02:50 00:02:57 tt-3131 MM005_1967_EP_SU2011_AD_11 
"<fue>"
	"ir" Verb VLfin Pret Indi Sing 3rd lang:es 00:02:50 00:02:57 tt-3132 MM005_1967_EP_SU2011_AD_11 @Gram:Indefinido ADD:698 
"<$?>"
	"?" Punctuation FS lang:es 00:02:50 00:02:57 tt-3133 MM005_1967_EP_SU2011_AD_11 

"<Pues>"
	"pues" Conjunction CSUBF lang:es 00:02:50 00:02:57 tt-3134 MM005_1967_EP_SU2011_AD_11 
"<no>"
	"no" Adverb NEG lang:es 00:02:50 00:02:57 tt-3135 MM005_1967_EP_SU2011_AD_11 
"<,>"
	"," Punctuation CM lang:es 00:02:50 00:02:57 tt-3136 MM005_1967_EP_SU2011_AD_11 
"<siempre>"
	"siempre" Adverb ADV lang:es 00:02:50 00:02:57 tt-3137 MM005_1967_EP_SU2011_AD_11 
"<yo>"
	"yo" Pronoun PPX Singular lang:es 00:02:50 00:02:57 tt-3138 MM005_1967_EP_SU2011_AD_11 @Gram:Pron:Sujeto ADD:634 
"<creo>"
	"crear|creer" Verb VLfin Pres Indi Sing 1st lang:es 00:02:50 00:02:57 tt-3139 MM005_1967_EP_SU2011_AD_11 
"<he>"
	"haber" Verb VHfin Pres Indi Sing 1st lang:es 00:02:50 00:02:57 tt-3140 MM005_1967_EP_SU2011_AD_11 ID:491 R:Gram:SerEstar:Ser:492 R:Gram:Aux:Haber:492 R:Gram:PerfPerif:492 ADDRELATION():705 ADDRELATION(Gram:SerEstar:Ser):815 
"<sido>"
	"ser" Verb VSadj Participle lang:es 00:02:50 00:02:57 tt-3141 MM005_1967_EP_SU2011_AD_11 ID:492 
"<feliz>"
	"feliz" Adjective ADJ Singular lang:es 00:02:50 00:02:57 tt-3142 MM005_1967_EP_SU2011_AD_11 
"<,>"
	"," Punctuation CM lang:es 00:02:50 00:02:57 tt-3143 MM005_1967_EP_SU2011_AD_11 
"<yo>"
	"yo" Pronoun PPX Singular lang:es 00:02:57 00:03:04 tt-3144 MM005_1967_EP_SU2011_AD_11 @Gram:Pron:Sujeto ADD:634 
"<siempre>"
	"siempre" Adverb ADV lang:es 00:02:57 00:03:04 tt-3145 MM005_1967_EP_SU2011_AD_11 
"<he>"
	"haber" Verb VHfin Pres Indi Sing 1st lang:es 00:02:57 00:03:04 tt-3146 MM005_1967_EP_SU2011_AD_11 ID:497 R:Gram:SerEstar:Ser:498 R:Gram:Aux:Haber:498 R:Gram:PerfPerif:498 ADDRELATION():705 ADDRELATION(Gram:SerEstar:Ser):815 
"<sido>"
	"ser" Verb VSadj Participle lang:es 00:02:57 00:03:04 tt-3147 MM005_1967_EP_SU2011_AD_11 ID:498 
"<...>"
	"..." Punctuation DOTS lang:es 00:02:57 00:03:04 tt-3148 MM005_1967_EP_SU2011_AD_11 
"<siento>"
	"sentar|sentir" Verb VLfin Pres Indi Sing 1st lang:es 00:02:57 00:03:04 tt-3149 MM005_1967_EP_SU2011_AD_11 
"<que>"
	"que" Conjunction CQUE lang:es 00:02:57 00:03:04 tt-3150 MM005_1967_EP_SU2011_AD_11 
"<siempre>"
	"siempre" Adverb ADV lang:es 00:02:57 00:03:04 tt-3151 MM005_1967_EP_SU2011_AD_11 
"<he>"
	"haber" Verb VHfin Pres Indi Sing 1st lang:es 00:02:57 00:03:04 tt-3152 MM005_1967_EP_SU2011_AD_11 ID:503 R:Gram:SerEstar:Ser:504 R:Gram:Aux:Haber:504 R:Gram:PerfPerif:504 ADDRELATION():705 ADDRELATION(Gram:SerEstar:Ser):815 
"<sido>"
	"ser" Verb VSadj Participle lang:es 00:02:57 00:03:04 tt-3153 MM005_1967_EP_SU2011_AD_11 ID:504 
"<feliz>"
	"feliz" Adjective ADJ Singular lang:es 00:02:57 00:03:04 tt-3154 MM005_1967_EP_SU2011_AD_11 
"<,>"
	"," Punctuation CM lang:es 00:02:57 00:03:04 tt-3155 MM005_1967_EP_SU2011_AD_11 
"<pero>"
	"pero" Conjunction CCAD lang:es 00:02:57 00:03:04 tt-3156 MM005_1967_EP_SU2011_AD_11 @Prag:MarcadoresDisc:Revision ADD:1046 
"<más>"
	"más" Adverb ADV lang:es 00:02:57 00:03:04 tt-3157 MM005_1967_EP_SU2011_AD_11 
"<o>"
	"o" Conjunciton Conjunction CC lang:es 00:02:57 00:03:04 tt-3158 MM005_1967_EP_SU2011_AD_11 SUBSTITUTE:396 
"<más>"
	"más" Adverb ADV lang:es 00:02:57 00:03:04 tt-3159 MM005_1967_EP_SU2011_AD_11 
"<así>"
	"así" Conjunction CSUBF lang:es 00:02:57 00:03:04 tt-3160 MM005_1967_EP_SU2011_AD_11 
"<que>"
	"que" Conjunction CSUBF lang:es 00:02:57 00:03:04 tt-3161 MM005_1967_EP_SU2011_AD_11 
"<me>"
	"yo" Pronoun PPX Singular lang:es 00:02:57 00:03:04 tt-3162 MM005_1967_EP_SU2011_AD_11 @Gram:Pron:Objeto ADD:658 
"<acuerdo>"
	"acuerdo" Noun NC Singular lang:es 00:02:57 00:03:04 tt-3163 MM005_1967_EP_SU2011_AD_11 
"<yo>"
	"yo" Pronoun PPX Singular lang:es 00:03:04 00:03:10 tt-3164 MM005_1967_EP_SU2011_AD_11 @Gram:Pron:Sujeto ADD:634 
"<,>"
	"," Punctuation CM lang:es 00:03:04 00:03:10 tt-3165 MM005_1967_EP_SU2011_AD_11 
"<yo>"
	"yo" Pronoun PPX Singular lang:es 00:03:04 00:03:10 tt-3166 MM005_1967_EP_SU2011_AD_11 @Gram:Pron:Sujeto ADD:634 
"<creo>"
	"crear|creer" Verb VLfin Pres Indi Sing 1st lang:es 00:03:04 00:03:10 tt-3167 MM005_1967_EP_SU2011_AD_11 
"<que>"
	"que" Conjunction CQUE lang:es 00:03:04 00:03:10 tt-3168 MM005_1967_EP_SU2011_AD_11 
"<cuando>"
	"cuando" Conjunction CSUBX lang:es 00:03:04 00:03:10 tt-3169 MM005_1967_EP_SU2011_AD_11 
"<nací>"
	"nacer" Verb VLfin Pret Indi Sing 1st lang:es 00:03:04 00:03:10 tt-3170 MM005_1967_EP_SU2011_AD_11 @Gram:Indefinido ADD:698 
"<,>"
	"," Punctuation CM lang:es 00:03:04 00:03:10 tt-3171 MM005_1967_EP_SU2011_AD_11 
"<me>"
	"yo" Pronoun PPX Singular lang:es 00:03:04 00:03:10 tt-3172 MM005_1967_EP_SU2011_AD_11 @Gram:Pron:Objeto ADD:658 
"<la>"
	"él" Pronoun PPC Singular lang:es 00:03:04 00:03:10 tt-3173 MM005_1967_EP_SU2011_AD_11 @Gram:Pron:Objeto ADD:664 
"<pasé>"
	"pasar" Verb VLfin Pret Indi Sing 1st lang:es 00:03:04 00:03:10 tt-3174 MM005_1967_EP_SU2011_AD_11 @Gram:Indefinido ADD:698 
"<bien>"
	"bien" Adverb ADV lang:es 00:03:04 00:03:10 tt-3175 MM005_1967_EP_SU2011_AD_11 
"<suave>"
	"suave" Adjective ADJ Singular lang:es 00:03:04 00:03:10 tt-3176 MM005_1967_EP_SU2011_AD_11 
"<hasta>"
	"hasta" Preposition PREP lang:es 00:03:04 00:03:10 tt-3177 MM005_1967_EP_SU2011_AD_11 @Gram:Prep ADD:624 
"<lloré>"
	"llorar" Verb VLfin Fut Indi Sing 1st lang:es 00:03:04 00:03:10 tt-3178 MM005_1967_EP_SU2011_AD_11 @Gram:VFut:Conjugado ADD:712 
"<para>"
	"para" Preposition PREP lang:es 00:03:04 00:03:10 tt-3179 MM005_1967_EP_SU2011_AD_11 @Gram:Prep:Para SUBSTITUTE:345 ADD:569 
"<decirte>"
	"decir" Verb VLinf Pres Indi Sing 3rd lang:es 00:03:04 00:03:10 tt-3180 MM005_1967_EP_SU2011_AD_11 
"<$.>"
	"." Punctuation FS lang:es 00:03:04 00:03:10 tt-3181 MM005_1967_EP_SU2011_AD_11 

"<Pero>"
	"pero" Conjunction CCAD lang:es 00:03:04 00:03:10 tt-3182 MM005_1967_EP_SU2011_AD_11 @Prag:MarcadoresDisc:Revision ADD:1046 
"<no>"
	"no" Adverb NEG lang:es 00:03:10 00:03:17 tt-3183 MM005_1967_EP_SU2011_AD_11 
"<,>"
	"," Punctuation CM lang:es 00:03:10 00:03:17 tt-3184 MM005_1967_EP_SU2011_AD_11 
"<todos>"
	"todo" Determiner QU lang:es 00:03:10 00:03:17 tt-3185 MM005_1967_EP_SU2011_AD_11 ID:536 R:Gram:Det:Combi:537 ADDRELATION(Gram:Det:Combi):499 
"<los>"
	"el" Determiner ART Plural Masc lang:es 00:03:10 00:03:17 tt-3186 MM005_1967_EP_SU2011_AD_11 @Gram:Det:Art ID:537 ADD:426 
"<días>"
	"día" Noun NC Plural lang:es 00:03:10 00:03:17 tt-3187 MM005_1967_EP_SU2011_AD_11 
"<para>"
	"para" Preposition PREP lang:es 00:03:10 00:03:17 tt-3188 MM005_1967_EP_SU2011_AD_11 @Gram:Prep:Para SUBSTITUTE:345 ADD:588 
"<mí>"
	"yo" Pronoun PPX Singular lang:es 00:03:10 00:03:17 tt-3189 MM005_1967_EP_SU2011_AD_11 
"<son>"
	"ser" Verb VSfin Pres Indi Plural 3rd lang:es 00:03:10 00:03:17 tt-3190 MM005_1967_EP_SU2011_AD_11 @Gram:SerEstar:Ser ADD:813 
"<bonitos>"
	"bonito" Adjective ADJ Plural lang:es 00:03:10 00:03:17 tt-3191 MM005_1967_EP_SU2011_AD_11 
"<,>"
	"," Punctuation CM lang:es 00:03:10 00:03:17 tt-3192 MM005_1967_EP_SU2011_AD_11 
"<no>"
	"no" Adverb NEG lang:es 00:03:10 00:03:17 tt-3193 MM005_1967_EP_SU2011_AD_11 
"<tengo>"
	"tener" Verb VLfin Pres Indi Sing 1st lang:es 00:03:10 00:03:17 tt-3194 MM005_1967_EP_SU2011_AD_11 
"<,>"
	"," Punctuation CM lang:es 00:03:10 00:03:17 tt-3195 MM005_1967_EP_SU2011_AD_11 
"<inclusive>"
	"inclusive" Adverb ADV lang:es 00:03:10 00:03:17 tt-3196 MM005_1967_EP_SU2011_AD_11 
"<cuando>"
	"cuando" Conjunction CSUBX lang:es 00:03:10 00:03:17 tt-3197 MM005_1967_EP_SU2011_AD_11 
"<murió>"
	"morir" Verb VLfin Pret Indi Sing 3rd lang:es 00:03:10 00:03:17 tt-3198 MM005_1967_EP_SU2011_AD_11 @Gram:Indefinido ADD:698 
"<mi>"
	"mío" Pronoun PPO Singular lang:es 00:03:10 00:03:17 tt-3199 MM005_1967_EP_SU2011_AD_11 @Gram:Det:Pos ADD:456 
"<papá>"
	"papá" Noun NC Singular lang:es 00:03:10 00:03:17 tt-3200 MM005_1967_EP_SU2011_AD_11 
"<y>"
	"y" Conjunciton Conjunction CC lang:es 00:03:18 00:03:23 tt-3201 MM005_1967_EP_SU2011_AD_11 SUBSTITUTE:394 
"<mi>"
	"mío" Pronoun PPO Singular lang:es 00:03:18 00:03:23 tt-3202 MM005_1967_EP_SU2011_AD_11 @Gram:Det:Pos ADD:456 
"<mamá>"
	"mamá" Noun NC Singular lang:es 00:03:18 00:03:23 tt-3203 MM005_1967_EP_SU2011_AD_11 
"<yo>"
	"yo" Pronoun PPX Singular lang:es 00:03:18 00:03:23 tt-3204 MM005_1967_EP_SU2011_AD_11 @Gram:Pron:Sujeto ADD:634 
"<sentía>"
	"sentir" Verb VLfin Imp Indi Sing 1st_or_3rd lang:es 00:03:18 00:03:23 tt-3205 MM005_1967_EP_SU2011_AD_11 @Gram:Imperf ADD:689 
"<felicidad>"
	"felicidad" Noun NC Singular lang:es 00:03:18 00:03:23 tt-3206 MM005_1967_EP_SU2011_AD_11 
"<porque>"
	"porque" Conjunction CSUBX lang:es 00:03:18 00:03:23 tt-3207 MM005_1967_EP_SU2011_AD_11 @Prag:MarcadoresDisc:Causa ADD:1099 
"<ya>"
	"ya" Adverb ADV lang:es 00:03:18 00:03:23 tt-3208 MM005_1967_EP_SU2011_AD_11 
"<estaban>"
	"estar" Verb VEfin Imp Indi Plural 3rd lang:es 00:03:18 00:03:23 tt-3209 MM005_1967_EP_SU2011_AD_11 @Gram:Imperf @Gram:SerEstar:Estar ADD:689 ADD:822 
"<con>"
	"con" Preposition PREP lang:es 00:03:18 00:03:23 tt-3210 MM005_1967_EP_SU2011_AD_11 @Gram:Prep ADD:624 
"<Dios>"
	"dios" Noun NC Plural lang:es 00:03:18 00:03:23 tt-3211 MM005_1967_EP_SU2011_AD_11 
"<$.>"
	"." Punctuation FS lang:es 00:03:18 00:03:23 tt-3212 MM005_1967_EP_SU2011_AD_11 
</speaker>
</text>

