<text id="MM012_1925_EP_SU2011_AD_04">
<speaker type="int">
"<,>"
	"," Punctuation CM lang:es 00:00:00 00:00:07 tt-1119 MM012_1925_EP_SU2011_AD_04 
"<sí>"
	"sí" Adverb ADV lang:es 00:00:00 00:00:07 tt-1120 MM012_1925_EP_SU2011_AD_04 
"<$.>"
	"." Punctuation FS lang:es 00:00:00 00:00:07 tt-1121 MM012_1925_EP_SU2011_AD_04 

"<$¿>"
	"¿" Punctuation FS lang:es 00:00:00 00:00:07 tt-1122 MM012_1925_EP_SU2011_AD_04 
"<Cómo>"
	"cómo" Adverb ADV lang:es 00:00:00 00:00:07 tt-1123 MM012_1925_EP_SU2011_AD_04 
"<te>"
	"tú" Pronoun PPX Singular lang:es 00:00:00 00:00:07 tt-1124 MM012_1925_EP_SU2011_AD_04 @Gram:Pron:Objeto 
"<sentías>"
	"sentir" Verb VLfin Imp Indi Sing 2nd lang:es 00:00:00 00:00:07 tt-1125 MM012_1925_EP_SU2011_AD_04 @Gram:Imperf 
"<con>"
	"con" Preposition PAL lang:es 00:00:00 00:00:07 tt-1126 MM012_1925_EP_SU2011_AD_04 @Gram:Prep 
"<respecto>"
	"respecto" Preposition PAL lang:es 00:00:00 00:00:07 tt-1127 MM012_1925_EP_SU2011_AD_04 @Gram:Prep 
"<al>"
	"al" Preposition PAL lang:es 00:00:00 00:00:07 tt-1128 MM012_1925_EP_SU2011_AD_04 @Gram:Prep 
"<inglés>"
	"inglés" Noun NC Plural lang:es 00:00:00 00:00:07 tt-1129 MM012_1925_EP_SU2011_AD_04 
"<,>"
	"," Punctuation CM lang:es 00:00:00 00:00:07 tt-1130 MM012_1925_EP_SU2011_AD_04 
"<cuando>"
	"cuando" Conjunction CSUBX lang:es 00:00:00 00:00:07 tt-1131 MM012_1925_EP_SU2011_AD_04 
"<viniste>"
	"venir" Verb VLfin Pret Indi Sing 2nd lang:es 00:00:00 00:00:07 tt-1132 MM012_1925_EP_SU2011_AD_04 @Gram:Indefinido 
"<a>"
	"a" Preposition PREP lang:es 00:00:00 00:00:07 tt-1133 MM012_1925_EP_SU2011_AD_04 @Gram:Prep 
"<los>"
	"el" Determiner ART Plural lang:es 00:00:00 00:00:07 tt-1134 MM012_1925_EP_SU2011_AD_04 @Gram:Det:Art 
"<Estados>"
	"Estados" Noun NP Plural lang:es 00:00:00 00:00:07 tt-1135 MM012_1925_EP_SU2011_AD_04 ID:17 R:Vocab:Entities:Geo:18 
"<Unidos>"
	"Unidos" Noun NP Plural lang:es 00:00:00 00:00:07 tt-1136 MM012_1925_EP_SU2011_AD_04 ID:18 
"<$?>"
	"?" Punctuation FS lang:es 00:00:00 00:00:07 tt-1137 MM012_1925_EP_SU2011_AD_04 
</speaker>
<speaker type="subj">

"<Pues>"
	"pues" Conjunction CSUBF lang:es 00:00:12 00:00:19 tt-1138 MM012_1925_EP_SU2011_AD_04 
"<,>"
	"," Punctuation CM lang:es 00:00:12 00:00:19 tt-1139 MM012_1925_EP_SU2011_AD_04 
"<muy>"
	"muy" Adverb ADV lang:es 00:00:12 00:00:19 tt-1140 MM012_1925_EP_SU2011_AD_04 
"<deprimido>"
	"deprimir" Verb VLadj lang:es 00:00:12 00:00:19 tt-1141 MM012_1925_EP_SU2011_AD_04 
"<,>"
	"," Punctuation CM lang:es 00:00:12 00:00:19 tt-1142 MM012_1925_EP_SU2011_AD_04 
"<sentía>"
	"sentir" Verb VLfin Imp Indi Sing 1st_or_3rd lang:es 00:00:12 00:00:19 tt-1143 MM012_1925_EP_SU2011_AD_04 @Gram:Imperf 
"<dejar>"
	"dejar" Verb VLinf Infinitive lang:es 00:00:12 00:00:19 tt-1144 MM012_1925_EP_SU2011_AD_04 
"<mi>"
	"mío" Pronoun PPO Singular lang:es 00:00:12 00:00:19 tt-1145 MM012_1925_EP_SU2011_AD_04 @Gram:Det:Pos 
"<tierra>"
	"tierra" Noun NC Singular lang:es 00:00:12 00:00:19 tt-1146 MM012_1925_EP_SU2011_AD_04 
"<y>"
	"y" Conjunction CC lang:es 00:00:12 00:00:19 tt-1147 MM012_1925_EP_SU2011_AD_04 
"<mi>"
	"mío" Pronoun PPO Singular lang:es 00:00:12 00:00:19 tt-1148 MM012_1925_EP_SU2011_AD_04 @Gram:Det:Pos 
"<familia>"
	"familia" Noun NC Singular lang:es 00:00:12 00:00:19 tt-1149 MM012_1925_EP_SU2011_AD_04 
"<,>"
	"," Punctuation CM lang:es 00:00:12 00:00:19 tt-1150 MM012_1925_EP_SU2011_AD_04 
"<pero>"
	"pero" Conjunction CCAD lang:es 00:00:12 00:00:19 tt-1151 MM012_1925_EP_SU2011_AD_04 @Prag:MarcadoresDisc:Revision 
"<después>"
	"después" Adverb ADV lang:es 00:00:12 00:00:19 tt-1152 MM012_1925_EP_SU2011_AD_04 
"<me>"
	"yo" Pronoun PPX Singular lang:es 00:00:12 00:00:19 tt-1153 MM012_1925_EP_SU2011_AD_04 @Gram:Pron:Objeto 
"<impuse>"
	"UNK" Verb VLfin Pres Subj Sing 1st_or_3rd lang:es 00:00:12 00:00:19 tt-1154 MM012_1925_EP_SU2011_AD_04 @Gram:MSub:Pres 
"<ya>"
	"ya" Adverb ADV lang:es 00:00:23 00:00:27 tt-1155 MM012_1925_EP_SU2011_AD_04 
"<a>"
	"a" Preposition PREP lang:es 00:00:23 00:00:27 tt-1156 MM012_1925_EP_SU2011_AD_04 @Gram:Prep 
"<estar>"
	"estar" Verb VEinf Infinitive lang:es 00:00:23 00:00:27 tt-1157 MM012_1925_EP_SU2011_AD_04 @Gram:SerEstar:Estar 
"<aquí>"
	"aquí" Adverb ADV lang:es 00:00:23 00:00:27 tt-1158 MM012_1925_EP_SU2011_AD_04 
"<$.>"
	"." Punctuation FS lang:es 00:00:23 00:00:27 tt-1159 MM012_1925_EP_SU2011_AD_04 
</speaker>
</text>

