<text id="MM014_1961_EP_SU2011_AD_06">
<speaker type="int">
"<Bien>"
	"bien" Adverb ADV lang:es 00:00:00 00:00:07 tt-952 MM014_1961_EP_SU2011_AD_06 
"<$.>"
	"." Punctuation FS lang:es 00:00:00 00:00:07 tt-953 MM014_1961_EP_SU2011_AD_06 

"<$¿>"
	"¿" Punctuation FS lang:es 00:00:00 00:00:07 tt-954 MM014_1961_EP_SU2011_AD_06 
"<Cuáles>"
	"cuál" Pronoun INT Plural lang:es 00:00:00 00:00:07 tt-955 MM014_1961_EP_SU2011_AD_06 
"<fueron>"
	"ser" Verb VSfin Pret Indi Plural 3rd lang:es 00:00:00 00:00:07 tt-956 MM014_1961_EP_SU2011_AD_06 @Gram:Indefinido @Gram:SerEstar:Ser 
"<sus>"
	"suyo" Pronoun PPO Plural lang:es 00:00:00 00:00:07 tt-957 MM014_1961_EP_SU2011_AD_06 @Gram:Det:Pos 
"<primeras>"
	"primero" Adjective ORD Plural lang:es 00:00:00 00:00:07 tt-958 MM014_1961_EP_SU2011_AD_06 Gram:Adj:Ord 
"<impresiones>"
	"impresión" Noun NC Plural lang:es 00:00:00 00:00:07 tt-959 MM014_1961_EP_SU2011_AD_06 
"<sobre>"
	"sobre" Preposition PREP lang:es 00:00:00 00:00:07 tt-960 MM014_1961_EP_SU2011_AD_06 @Gram:Prep 
"<este>"
	"este" Determiner DM Singular lang:es 00:00:00 00:00:07 tt-961 MM014_1961_EP_SU2011_AD_06 @Gram:Det:Demo 
"<país>"
	"país" Noun NC Plural lang:es 00:00:00 00:00:07 tt-962 MM014_1961_EP_SU2011_AD_06 
"<$?>"
	"?" Punctuation FS lang:es 00:00:00 00:00:07 tt-963 MM014_1961_EP_SU2011_AD_06 
</speaker>
<speaker type="subj">

"<Bueno>"
	"bueno" Adjective ADJ Singular lang:es 00:00:09 00:00:16 tt-964 MM014_1961_EP_SU2011_AD_06 
"<,>"
	"," Punctuation CM lang:es 00:00:09 00:00:16 tt-965 MM014_1961_EP_SU2011_AD_06 
"<al>"
	"al" Preposition PAL lang:es 00:00:09 00:00:16 tt-966 MM014_1961_EP_SU2011_AD_06 @Gram:Prep 
"<principio>"
	"principio" Noun NC Singular lang:es 00:00:09 00:00:16 tt-967 MM014_1961_EP_SU2011_AD_06 
"<,>"
	"," Punctuation CM lang:es 00:00:09 00:00:16 tt-968 MM014_1961_EP_SU2011_AD_06 
"<pues>"
	"pues" Conjunction CSUBF lang:es 00:00:09 00:00:16 tt-969 MM014_1961_EP_SU2011_AD_06 
"<uno>"
	"uno" Determiner CARD Singular lang:es 00:00:09 00:00:16 tt-970 MM014_1961_EP_SU2011_AD_06 @Gram:Pron:Sujeto 
"<viene>"
	"venir" Verb VLfin Pres Indi Sing 3rd lang:es 00:00:09 00:00:16 tt-971 MM014_1961_EP_SU2011_AD_06 
"<a>"
	"a" Preposition PREP lang:es 00:00:09 00:00:16 tt-972 MM014_1961_EP_SU2011_AD_06 @Gram:Prep 
"<trabajar>"
	"trabajar" Verb VLinf Infinitive lang:es 00:00:09 00:00:16 tt-973 MM014_1961_EP_SU2011_AD_06 
"<,>"
	"," Punctuation CM lang:es 00:00:09 00:00:16 tt-974 MM014_1961_EP_SU2011_AD_06 
"<no>"
	"no" Adverb NEG lang:es 00:00:09 00:00:16 tt-975 MM014_1961_EP_SU2011_AD_06 
"<es>"
	"ser" Verb VSfin Pres Indi Sing 3rd lang:es 00:00:09 00:00:16 tt-976 MM014_1961_EP_SU2011_AD_06 @Gram:SerEstar:Ser 
"<que>"
	"que" Conjunction CQUE lang:es 00:00:09 00:00:16 tt-977 MM014_1961_EP_SU2011_AD_06 
"<viene>"
	"venir" Verb VLfin Pres Indi Sing 3rd lang:es 00:00:09 00:00:16 tt-978 MM014_1961_EP_SU2011_AD_06 
"<uno>"
	"uno" Determiner CARD Singular lang:es 00:00:09 00:00:16 tt-979 MM014_1961_EP_SU2011_AD_06 
"<a>"
	"a" Preposition PREP lang:es 00:00:09 00:00:16 tt-980 MM014_1961_EP_SU2011_AD_06 @Gram:Prep 
"<trabajar>"
	"trabajar" Verb VLinf Infinitive lang:es 00:00:09 00:00:16 tt-981 MM014_1961_EP_SU2011_AD_06 
"<y>"
	"y" Conjunciton Conjunction CC lang:es 00:00:09 00:00:16 tt-982 MM014_1961_EP_SU2011_AD_06 
"<tratar>"
	"tratar" Verb VLinf Infinitive lang:es 00:00:21 00:00:28 tt-983 MM014_1961_EP_SU2011_AD_06 
"<de>"
	"de" Conjunction CSUBI lang:es 00:00:21 00:00:28 tt-984 MM014_1961_EP_SU2011_AD_06 
"<formar>"
	"formar" Verb VLinf Infinitive lang:es 00:00:21 00:00:28 tt-985 MM014_1961_EP_SU2011_AD_06 
"<una>"
	"un" Determiner ART Singular lang:es 00:00:21 00:00:28 tt-986 MM014_1961_EP_SU2011_AD_06 
"<familia>"
	"familia" Noun NC Singular lang:es 00:00:21 00:00:28 tt-987 MM014_1961_EP_SU2011_AD_06 
"<,>"
	"," Punctuation CM lang:es 00:00:21 00:00:28 tt-988 MM014_1961_EP_SU2011_AD_06 
"<de>"
	"de" Preposition PREP lang:es 00:00:21 00:00:28 tt-989 MM014_1961_EP_SU2011_AD_06 @Gram:Prep 
"<poder>"
	"poder" Verb VLinf VMinf lang:es 00:00:21 00:00:28 tt-990 MM014_1961_EP_SU2011_AD_06 
"<proporcionarles>"
	"proporcionar" Verb VLinf Pres Subj Sing 2nd lang:es 00:00:21 00:00:28 tt-991 MM014_1961_EP_SU2011_AD_06 @Gram:MSub:Pres 
"<al>"
	"al" Preposition PAL lang:es 00:00:21 00:00:28 tt-992 MM014_1961_EP_SU2011_AD_06 @Gram:Prep 
"<...>"
	"..." Punctuation DOTS lang:es 00:00:21 00:00:28 tt-993 MM014_1961_EP_SU2011_AD_06 
"<a>"
	"a" Preposition PREP lang:es 00:00:21 00:00:28 tt-994 MM014_1961_EP_SU2011_AD_06 @Gram:Prep 
"<la>"
	"el" Determiner ART Singular Fem lang:es 00:00:21 00:00:28 tt-995 MM014_1961_EP_SU2011_AD_06 @Gram:Det:Art 
"<esposa>"
	"esposo" Noun NC Singular lang:es 00:00:21 00:00:28 tt-996 MM014_1961_EP_SU2011_AD_06 
"<y>"
	"y" Conjunciton Conjunction CC lang:es 00:00:21 00:00:28 tt-997 MM014_1961_EP_SU2011_AD_06 
"<a>"
	"a" Preposition PREP lang:es 00:00:21 00:00:28 tt-998 MM014_1961_EP_SU2011_AD_06 @Gram:Prep 
"<los>"
	"el" Determiner ART Plural Masc lang:es 00:00:21 00:00:28 tt-999 MM014_1961_EP_SU2011_AD_06 @Gram:Det:Art 
"<hijos>"
	"hijo" Noun NC Plural lang:es 00:00:21 00:00:28 tt-1000 MM014_1961_EP_SU2011_AD_06 
"<,>"
	"," Punctuation CM lang:es 00:00:21 00:00:28 tt-1001 MM014_1961_EP_SU2011_AD_06 
"<pues>"
	"pues" Conjunction CSUBF lang:es 00:00:21 00:00:28 tt-1002 MM014_1961_EP_SU2011_AD_06 
"<cuando>"
	"cuando" Conjunction CSUBX lang:es 00:00:21 00:00:28 tt-1003 MM014_1961_EP_SU2011_AD_06 
"<menos>"
	"menos" Adverb ADV lang:es 00:00:21 00:00:28 tt-1004 MM014_1961_EP_SU2011_AD_06 
"<lo>"
	"el" Determiner ART Singular lang:es 00:00:31 00:00:38 tt-1005 MM014_1961_EP_SU2011_AD_06 ID:54 R:Gram:Det:LoAdj:55 
"<indispensable>"
	"indispensable" Adjective ADJ Singular lang:es 00:00:31 00:00:38 tt-1006 MM014_1961_EP_SU2011_AD_06 ID:55 
"<para>"
	"para" Preposition PREP lang:es 00:00:31 00:00:38 tt-1007 MM014_1961_EP_SU2011_AD_06 @Gram:Prep:Para 
"<vivir>"
	"vivir" Verb VLinf Infinitive lang:es 00:00:31 00:00:38 tt-1008 MM014_1961_EP_SU2011_AD_06 
"<cómodamente>"
	"cómodo" Adverb ADV lang:es 00:00:31 00:00:38 tt-1009 MM014_1961_EP_SU2011_AD_06 
"<,>"
	"," Punctuation CM lang:es 00:00:31 00:00:38 tt-1010 MM014_1961_EP_SU2011_AD_06 
"<aunque>"
	"aunque" Conjunction CSUBX lang:es 00:00:31 00:00:38 tt-1011 MM014_1961_EP_SU2011_AD_06 @Prag:MarcadoresDisc:Revision 
"<se>"
	"se" Other SE lang:es 00:00:31 00:00:38 tt-1012 MM014_1961_EP_SU2011_AD_06 
"<batalla>"
	"batallar" Verb VLfin Pres Indi Sing 3rd lang:es 00:00:31 00:00:38 tt-1013 MM014_1961_EP_SU2011_AD_06 
"<,>"
	"," Punctuation CM lang:es 00:00:31 00:00:38 tt-1014 MM014_1961_EP_SU2011_AD_06 
"<y>"
	"y" Conjunciton Conjunction CC lang:es 00:00:31 00:00:38 tt-1015 MM014_1961_EP_SU2011_AD_06 
"<se>"
	"se" Other SE lang:es 00:00:31 00:00:38 tt-1016 MM014_1961_EP_SU2011_AD_06 
"<tiene>"
	"tener" Verb VMfin lang:es 00:00:31 00:00:38 tt-1017 MM014_1961_EP_SU2011_AD_06 
"<que>"
	"que" Verb VMfin lang:es 00:00:31 00:00:38 tt-1018 MM014_1961_EP_SU2011_AD_06 
"<ir>"
	"ir" Verb VLinf Infinitive lang:es 00:00:31 00:00:38 tt-1019 MM014_1961_EP_SU2011_AD_06 
"<trabajando>"
	"trabajar" Verb VLger lang:es 00:00:31 00:00:38 tt-1020 MM014_1961_EP_SU2011_AD_06 
"<poco>"
	"poco" Adverb ADV lang:es 00:00:38 00:00:44 tt-1021 MM014_1961_EP_SU2011_AD_06 
"<a>"
	"a" Preposition PREP lang:es 00:00:38 00:00:44 tt-1022 MM014_1961_EP_SU2011_AD_06 @Gram:Prep 
"<poco>"
	"poco" Adverb ADV lang:es 00:00:38 00:00:44 tt-1023 MM014_1961_EP_SU2011_AD_06 
"<para>"
	"para" Preposition PREP lang:es 00:00:38 00:00:44 tt-1024 MM014_1961_EP_SU2011_AD_06 @Gram:Prep:Para 
"<lograrlo>"
	"lograrlo" Verb VCLIinf lang:es 00:00:38 00:00:44 tt-1025 MM014_1961_EP_SU2011_AD_06 
"<$.>"
	"." Punctuation FS lang:es 00:00:38 00:00:44 tt-1026 MM014_1961_EP_SU2011_AD_06 

"<Pero>"
	"pero" Conjunction CCAD lang:es 00:00:38 00:00:44 tt-1027 MM014_1961_EP_SU2011_AD_06 @Prag:MarcadoresDisc:Revision 
"<creo>"
	"crear|creer" Verb VLfin Pres Indi Sing 1st lang:es 00:00:38 00:00:44 tt-1028 MM014_1961_EP_SU2011_AD_06 
"<que>"
	"que" Conjunction CQUE lang:es 00:00:38 00:00:44 tt-1029 MM014_1961_EP_SU2011_AD_06 
"<hay>"
	"haber" Verb VHfin Pres Indi Sing 3rd lang:es 00:00:38 00:00:44 tt-1030 MM014_1961_EP_SU2011_AD_06 @Gram:Haber:Exist 
"<mucho>"
	"mucho" Determiner QU lang:es 00:00:38 00:00:44 tt-1031 MM014_1961_EP_SU2011_AD_06 
"<mejores>"
	"bueno" Adjective ADJ Plural lang:es 00:00:38 00:00:44 tt-1032 MM014_1961_EP_SU2011_AD_06 
"<oportunidades>"
	"oportunidad" Noun NC Plural lang:es 00:00:38 00:00:44 tt-1033 MM014_1961_EP_SU2011_AD_06 
"<que>"
	"que" Conjunction CQUE lang:es 00:00:38 00:00:44 tt-1034 MM014_1961_EP_SU2011_AD_06 
"<en>"
	"en" Preposition PREP lang:es 00:00:38 00:00:44 tt-1035 MM014_1961_EP_SU2011_AD_06 @Gram:Prep 
"<el>"
	"el" Determiner ART Singular Masc lang:es 00:00:38 00:00:44 tt-1036 MM014_1961_EP_SU2011_AD_06 @Gram:Det:Art 
"<país>"
	"país" Noun NC Plural lang:es 00:00:38 00:00:44 tt-1037 MM014_1961_EP_SU2011_AD_06 
"<donde>"
	"donde" Adverb ADV lang:es 00:00:44 00:00:46 tt-1038 MM014_1961_EP_SU2011_AD_06 
"<...>"
	"..." Punctuation DOTS lang:es 00:00:44 00:00:46 tt-1039 MM014_1961_EP_SU2011_AD_06 
"<de>"
	"de" Preposition PREP lang:es 00:00:44 00:00:46 tt-1040 MM014_1961_EP_SU2011_AD_06 @Gram:Prep 
"<donde>"
	"donde" Adverb ADV lang:es 00:00:44 00:00:46 tt-1041 MM014_1961_EP_SU2011_AD_06 
"<vengo>"
	"vengar|venir" Verb VLfin Pres Indi Sing 1st lang:es 00:00:44 00:00:46 tt-1042 MM014_1961_EP_SU2011_AD_06 
"<$.>"
	"." Punctuation FS lang:es 00:00:44 00:00:46 tt-1043 MM014_1961_EP_SU2011_AD_06 
</speaker>
</text>

