<text id="MM014_1961_EP_SU2011_AD_07">
<speaker type="int">
"<$¿>"
	"¿" Punctuation FS lang:es 00:00:00 00:00:07 tt-1044 MM014_1961_EP_SU2011_AD_07 
"<Cómo>"
	"cómo" Adverb ADV lang:es 00:00:00 00:00:07 tt-1045 MM014_1961_EP_SU2011_AD_07 
"<se>"
	"se" Other SE lang:es 00:00:00 00:00:07 tt-1046 MM014_1961_EP_SU2011_AD_07 
"<sentía>"
	"sentir" Verb VLfin Imp Indi Sing 1st_or_3rd lang:es 00:00:00 00:00:07 tt-1047 MM014_1961_EP_SU2011_AD_07 @Gram:Imperf 
"<con>"
	"con" Preposition PAL lang:es 00:00:00 00:00:07 tt-1048 MM014_1961_EP_SU2011_AD_07 @Gram:Prep 
"<respecto>"
	"respecto" Preposition PAL lang:es 00:00:00 00:00:07 tt-1049 MM014_1961_EP_SU2011_AD_07 @Gram:Prep 
"<al>"
	"al" Preposition PAL lang:es 00:00:00 00:00:07 tt-1050 MM014_1961_EP_SU2011_AD_07 @Gram:Prep 
"<inglés>"
	"inglés" Noun NC Plural lang:es 00:00:00 00:00:07 tt-1051 MM014_1961_EP_SU2011_AD_07 
"<cuando>"
	"cuando" Conjunction CSUBX lang:es 00:00:00 00:00:07 tt-1052 MM014_1961_EP_SU2011_AD_07 
"<vino>"
	"venir" Verb VLfin Pres Indi Sing 1st lang:es 00:00:00 00:00:07 tt-1053 MM014_1961_EP_SU2011_AD_07 
"<a>"
	"a" Preposition PREP lang:es 00:00:00 00:00:07 tt-1054 MM014_1961_EP_SU2011_AD_07 @Gram:Prep 
"<los>"
	"el" Determiner ART Plural Masc lang:es 00:00:00 00:00:07 tt-1055 MM014_1961_EP_SU2011_AD_07 @Gram:Det:Art 
"<Estados>"
	"Estados" Noun NP Plural lang:es 00:00:00 00:00:07 tt-1056 MM014_1961_EP_SU2011_AD_07 ID:13 R:Vocab:Entities:Geo:14 
"<Unidos>"
	"Unidos" Noun NP Plural lang:es 00:00:00 00:00:07 tt-1057 MM014_1961_EP_SU2011_AD_07 ID:14 
"<$?>"
	"?" Punctuation FS lang:es 00:00:00 00:00:07 tt-1058 MM014_1961_EP_SU2011_AD_07 
</speaker>
<speaker type="subj">

"<Bueno>"
	"bueno" Adjective ADJ Singular lang:es 00:00:09 00:00:15 tt-1059 MM014_1961_EP_SU2011_AD_07 
"<,>"
	"," Punctuation CM lang:es 00:00:09 00:00:15 tt-1060 MM014_1961_EP_SU2011_AD_07 
"<hasta>"
	"hasta" Preposition PREP lang:es 00:00:09 00:00:15 tt-1061 MM014_1961_EP_SU2011_AD_07 @Gram:Prep 
"<ahorita>"
	"ahora" Adverb ADV lang:es 00:00:09 00:00:15 tt-1062 MM014_1961_EP_SU2011_AD_07 
"<,>"
	"," Punctuation CM lang:es 00:00:09 00:00:15 tt-1063 MM014_1961_EP_SU2011_AD_07 
"<todavía>"
	"todavía" Adverb ADV lang:es 00:00:09 00:00:15 tt-1064 MM014_1961_EP_SU2011_AD_07 
"<me>"
	"yo" Pronoun PPX Singular lang:es 00:00:09 00:00:15 tt-1065 MM014_1961_EP_SU2011_AD_07 @Gram:Pron:Objeto 
"<siento>"
	"sentar|sentir" Verb VLfin Pres Indi Sing 1st lang:es 00:00:09 00:00:15 tt-1066 MM014_1961_EP_SU2011_AD_07 
"<mal>"
	"mal" Adverb ADV lang:es 00:00:09 00:00:15 tt-1067 MM014_1961_EP_SU2011_AD_07 
"<,>"
	"," Punctuation CM lang:es 00:00:09 00:00:15 tt-1068 MM014_1961_EP_SU2011_AD_07 
"<porque>"
	"porque" Conjunction CSUBX lang:es 00:00:09 00:00:15 tt-1069 MM014_1961_EP_SU2011_AD_07 @Prag:MarcadoresDisc:Causa 
"<no>"
	"no" Adverb NEG lang:es 00:00:09 00:00:15 tt-1070 MM014_1961_EP_SU2011_AD_07 
"<lo>"
	"él" Pronoun PPC Singular lang:es 00:00:09 00:00:15 tt-1071 MM014_1961_EP_SU2011_AD_07 @Gram:Pron:Objeto 
"<...>"
	"..." Punctuation DOTS lang:es 00:00:09 00:00:15 tt-1072 MM014_1961_EP_SU2011_AD_07 
"<no>"
	"no" Adverb NEG lang:es 00:00:09 00:00:15 tt-1073 MM014_1961_EP_SU2011_AD_07 
"<lo>"
	"él" Pronoun PPC Singular lang:es 00:00:09 00:00:15 tt-1074 MM014_1961_EP_SU2011_AD_07 @Gram:Pron:Objeto 
"<domino>"
	"dominar" Verb VLfin Pres Indi Sing 1st lang:es 00:00:09 00:00:15 tt-1075 MM014_1961_EP_SU2011_AD_07 
"<completamente>"
	"completamente" Adverb ADV lang:es 00:00:09 00:00:15 tt-1076 MM014_1961_EP_SU2011_AD_07 
"<$.>"
	"." Punctuation FS lang:es 00:00:09 00:00:15 tt-1077 MM014_1961_EP_SU2011_AD_07 

"<Eh>"
	"eh" Noun NP Singular lang:es 00:00:15 00:00:22 tt-1078 MM014_1961_EP_SU2011_AD_07 
"<...>"
	"..." Punctuation DOTS lang:es 00:00:15 00:00:22 tt-1079 MM014_1961_EP_SU2011_AD_07 
"<posiblemente>"
	"posiblemente" Adverb ADV lang:es 00:00:15 00:00:22 tt-1080 MM014_1961_EP_SU2011_AD_07 
"<,>"
	"," Punctuation CM lang:es 00:00:15 00:00:22 tt-1081 MM014_1961_EP_SU2011_AD_07 
"<no>"
	"no" Adverb NEG lang:es 00:00:15 00:00:22 tt-1082 MM014_1961_EP_SU2011_AD_07 
"<sentí>"
	"sentir" Verb VLfin Pret Indi Sing 1st lang:es 00:00:15 00:00:22 tt-1083 MM014_1961_EP_SU2011_AD_07 @Gram:Indefinido 
"<mucho>"
	"mucho" Determiner QU lang:es 00:00:15 00:00:22 tt-1084 MM014_1961_EP_SU2011_AD_07 
"<la>"
	"el" Determiner ART Singular Fem lang:es 00:00:15 00:00:22 tt-1085 MM014_1961_EP_SU2011_AD_07 @Gram:Det:Art 
"<diferencia>"
	"diferencia" Noun NC Singular lang:es 00:00:15 00:00:22 tt-1086 MM014_1961_EP_SU2011_AD_07 
"<,>"
	"," Punctuation CM lang:es 00:00:15 00:00:22 tt-1087 MM014_1961_EP_SU2011_AD_07 
"<porque>"
	"porque" Conjunction CSUBX lang:es 00:00:15 00:00:22 tt-1088 MM014_1961_EP_SU2011_AD_07 @Prag:MarcadoresDisc:Causa 
"<tenía>"
	"tener" Verb VLfin Imp Indi Sing 1st_or_3rd lang:es 00:00:15 00:00:22 tt-1089 MM014_1961_EP_SU2011_AD_07 @Gram:Imperf 
"<yo>"
	"yo" Pronoun PPX Singular lang:es 00:00:15 00:00:22 tt-1090 MM014_1961_EP_SU2011_AD_07 @Gram:Pron:Sujeto 
"<nociones>"
	"noción" Noun NC Plural lang:es 00:00:15 00:00:22 tt-1091 MM014_1961_EP_SU2011_AD_07 
"<mínimas>"
	"pequeño" Adjective ADJ Plural lang:es 00:00:15 00:00:22 tt-1092 MM014_1961_EP_SU2011_AD_07 
"<del>"
	"del" Preposition PDEL lang:es 00:00:15 00:00:22 tt-1093 MM014_1961_EP_SU2011_AD_07 @Gram:Prep 
"<inglés>"
	"inglés" Noun NC Plural lang:es 00:00:15 00:00:22 tt-1094 MM014_1961_EP_SU2011_AD_07 
"<,>"
	"," Punctuation CM lang:es 00:00:15 00:00:22 tt-1095 MM014_1961_EP_SU2011_AD_07 
"<lo>"
	"el" Determiner ART Singular lang:es 00:00:26 00:00:33 tt-1096 MM014_1961_EP_SU2011_AD_07 ID:53 R:Gram:Det:LoAdj:54 
"<básico>"
	"básico" Adjective ADJ Singular lang:es 00:00:26 00:00:33 tt-1097 MM014_1961_EP_SU2011_AD_07 ID:54 
"<que>"
	"que" Conjunction CQUE lang:es 00:00:26 00:00:33 tt-1098 MM014_1961_EP_SU2011_AD_07 
"<estudia>"
	"estudiar" Verb VLfin Pres Indi Sing 3rd lang:es 00:00:26 00:00:33 tt-1099 MM014_1961_EP_SU2011_AD_07 
"<uno>"
	"uno" Determiner CARD Singular lang:es 00:00:26 00:00:33 tt-1100 MM014_1961_EP_SU2011_AD_07 
"<en>"
	"en" Preposition PREP lang:es 00:00:26 00:00:33 tt-1101 MM014_1961_EP_SU2011_AD_07 @Gram:Prep 
"<la>"
	"el" Determiner ART Singular Fem lang:es 00:00:26 00:00:33 tt-1102 MM014_1961_EP_SU2011_AD_07 @Gram:Det:Art 
"<escuela>"
	"escuela" Noun NC Singular lang:es 00:00:26 00:00:33 tt-1103 MM014_1961_EP_SU2011_AD_07 
"<,>"
	"," Punctuation CM lang:es 00:00:26 00:00:33 tt-1104 MM014_1961_EP_SU2011_AD_07 
"<en>"
	"en" Preposition PREP lang:es 00:00:26 00:00:33 tt-1105 MM014_1961_EP_SU2011_AD_07 @Gram:Prep 
"<la>"
	"el" Determiner ART Singular Fem lang:es 00:00:26 00:00:33 tt-1106 MM014_1961_EP_SU2011_AD_07 @Gram:Det:Art 
"<secundaria>"
	"secundario" Adjective ADJ Singular lang:es 00:00:26 00:00:33 tt-1107 MM014_1961_EP_SU2011_AD_07 
"<,>"
	"," Punctuation CM lang:es 00:00:26 00:00:33 tt-1108 MM014_1961_EP_SU2011_AD_07 
"<y>"
	"y" Conjunction CC lang:es 00:00:26 00:00:33 tt-1109 MM014_1961_EP_SU2011_AD_07 
"<pues>"
	"pues" Conjunction CSUBF lang:es 00:00:26 00:00:33 tt-1110 MM014_1961_EP_SU2011_AD_07 
"<,>"
	"," Punctuation CM lang:es 00:00:26 00:00:33 tt-1111 MM014_1961_EP_SU2011_AD_07 
"<aquí>"
	"aquí" Adverb ADV lang:es 00:00:26 00:00:33 tt-1112 MM014_1961_EP_SU2011_AD_07 
"<por>"
	"por" Preposition PREP lang:es 00:00:26 00:00:33 tt-1113 MM014_1961_EP_SU2011_AD_07 @Gram:Prep:Por 
"<ser>"
	"ser" Verb VLinf VSinf Infinitive lang:es 00:00:26 00:00:33 tt-1114 MM014_1961_EP_SU2011_AD_07 @Gram:SerEstar:Ser 
"<frontera>"
	"frontera" Noun NC Singular lang:es 00:00:26 00:00:33 tt-1115 MM014_1961_EP_SU2011_AD_07 
"<,>"
	"," Punctuation CM lang:es 00:00:26 00:00:33 tt-1116 MM014_1961_EP_SU2011_AD_07 
"<no>"
	"no" Adverb NEG lang:es 00:00:33 00:00:40 tt-1117 MM014_1961_EP_SU2011_AD_07 
"<se>"
	"se" Other SE lang:es 00:00:33 00:00:40 tt-1118 MM014_1961_EP_SU2011_AD_07 
"<requiere>"
	"requerir" Verb VLfin Pres Indi Sing 3rd lang:es 00:00:33 00:00:40 tt-1119 MM014_1961_EP_SU2011_AD_07 
"<de>"
	"de" Preposition PREP lang:es 00:00:33 00:00:40 tt-1120 MM014_1961_EP_SU2011_AD_07 @Gram:Prep 
"<mucho>"
	"mucho" Determiner QU lang:es 00:00:33 00:00:40 tt-1121 MM014_1961_EP_SU2011_AD_07 
"<inglés>"
	"inglés" Noun NC Plural lang:es 00:00:33 00:00:40 tt-1122 MM014_1961_EP_SU2011_AD_07 
"<para>"
	"para" Preposition PREP lang:es 00:00:33 00:00:40 tt-1123 MM014_1961_EP_SU2011_AD_07 @Gram:Prep:Para 
"<uno>"
	"uno" Determiner CARD Singular lang:es 00:00:33 00:00:40 tt-1124 MM014_1961_EP_SU2011_AD_07 
"<desarrollar>"
	"desarrollar" Verb VLinf Infinitive lang:es 00:00:33 00:00:40 tt-1125 MM014_1961_EP_SU2011_AD_07 
"<su>"
	"suyo" Pronoun PPO Singular lang:es 00:00:33 00:00:40 tt-1126 MM014_1961_EP_SU2011_AD_07 @Gram:Det:Pos 
"<trabajo>"
	"trabajo" Noun NC Singular lang:es 00:00:33 00:00:40 tt-1127 MM014_1961_EP_SU2011_AD_07 
"<$.>"
	"." Punctuation FS lang:es 00:00:33 00:00:40 tt-1128 MM014_1961_EP_SU2011_AD_07 

"<Se>"
	"se" Other SE lang:es 00:00:33 00:00:40 tt-1129 MM014_1961_EP_SU2011_AD_07 
"<va>"
	"ir" Verb VLfin Pres Indi Sing 3rd lang:es 00:00:33 00:00:40 tt-1130 MM014_1961_EP_SU2011_AD_07 
"<uno>"
	"uno" Determiner CARD Singular lang:es 00:00:33 00:00:40 tt-1131 MM014_1961_EP_SU2011_AD_07 
"<adaptando>"
	"adaptar" Verb VLger lang:es 00:00:33 00:00:40 tt-1132 MM014_1961_EP_SU2011_AD_07 
"<a>"
	"a" Preposition PREP lang:es 00:00:33 00:00:40 tt-1133 MM014_1961_EP_SU2011_AD_07 @Gram:Prep 
"<...>"
	"..." Punctuation DOTS lang:es 00:00:33 00:00:40 tt-1134 MM014_1961_EP_SU2011_AD_07 
"<a>"
	"a" Preposition PREP lang:es 00:00:33 00:00:40 tt-1135 MM014_1961_EP_SU2011_AD_07 @Gram:Prep 
"<cada>"
	"cada" Determiner QU lang:es 00:00:33 00:00:40 tt-1136 MM014_1961_EP_SU2011_AD_07 @Gram:Det:CuantIndef 
"<trabajo>"
	"trabajo" Noun NC Singular lang:es 00:00:40 00:00:44 tt-1137 MM014_1961_EP_SU2011_AD_07 
"<que>"
	"que" Conjunction CQUE lang:es 00:00:40 00:00:44 tt-1138 MM014_1961_EP_SU2011_AD_07 
"<va>"
	"ir" Verb VLfin Pres Indi Sing 3rd lang:es 00:00:40 00:00:44 tt-1139 MM014_1961_EP_SU2011_AD_07 
"<teniendo>"
	"tener" Verb VLger lang:es 00:00:40 00:00:44 tt-1140 MM014_1961_EP_SU2011_AD_07 
"<,>"
	"," Punctuation CM lang:es 00:00:40 00:00:44 tt-1141 MM014_1961_EP_SU2011_AD_07 
"<se>"
	"se" Other SE lang:es 00:00:40 00:00:44 tt-1142 MM014_1961_EP_SU2011_AD_07 
"<va>"
	"ir" Verb VLfin Pres Indi Sing 3rd lang:es 00:00:40 00:00:44 tt-1143 MM014_1961_EP_SU2011_AD_07 
"<aprendiendo>"
	"aprender" Verb VLger lang:es 00:00:40 00:00:44 tt-1144 MM014_1961_EP_SU2011_AD_07 
"<uno>"
	"uno" Determiner CARD Singular lang:es 00:00:40 00:00:44 tt-1145 MM014_1961_EP_SU2011_AD_07 
"<las>"
	"el" Determiner ART Plural Fem lang:es 00:00:40 00:00:44 tt-1146 MM014_1961_EP_SU2011_AD_07 @Gram:Det:Art 
"<palabras>"
	"palabra" Noun NC Plural lang:es 00:00:40 00:00:44 tt-1147 MM014_1961_EP_SU2011_AD_07 
"<que>"
	"que" Conjunction CQUE lang:es 00:00:40 00:00:44 tt-1148 MM014_1961_EP_SU2011_AD_07 
"<utiliza>"
	"utilizar" Verb VLfin Pres Indi Sing 3rd lang:es 00:00:40 00:00:44 tt-1149 MM014_1961_EP_SU2011_AD_07 
"<en>"
	"en" Preposition PREP lang:es 00:00:40 00:00:44 tt-1150 MM014_1961_EP_SU2011_AD_07 @Gram:Prep 
"<su>"
	"suyo" Pronoun PPO Singular lang:es 00:00:40 00:00:44 tt-1151 MM014_1961_EP_SU2011_AD_07 @Gram:Det:Pos 
"<trabajo>"
	"trabajo" Noun NC Singular lang:es 00:00:40 00:00:44 tt-1152 MM014_1961_EP_SU2011_AD_07 
"<regularmente>"
	"regularmente" Adverb ADV lang:es 00:00:44 00:00:51 tt-1153 MM014_1961_EP_SU2011_AD_07 
"<,>"
	"," Punctuation CM lang:es 00:00:44 00:00:51 tt-1154 MM014_1961_EP_SU2011_AD_07 
"<y>"
	"y" Conjunction CC lang:es 00:00:44 00:00:51 tt-1155 MM014_1961_EP_SU2011_AD_07 
"<pues>"
	"pues" Conjunction CSUBF lang:es 00:00:44 00:00:51 tt-1156 MM014_1961_EP_SU2011_AD_07 
"<es>"
	"ser" Verb VSfin Pres Indi Sing 3rd lang:es 00:00:44 00:00:51 tt-1157 MM014_1961_EP_SU2011_AD_07 @Gram:SerEstar:Ser 
"<...>"
	"..." Punctuation DOTS lang:es 00:00:44 00:00:51 tt-1158 MM014_1961_EP_SU2011_AD_07 
"<no>"
	"no" Adverb NEG lang:es 00:00:44 00:00:51 tt-1159 MM014_1961_EP_SU2011_AD_07 
"<es>"
	"ser" Verb VSfin Pres Indi Sing 3rd lang:es 00:00:44 00:00:51 tt-1160 MM014_1961_EP_SU2011_AD_07 @Gram:SerEstar:Ser 
"<tan>"
	"tan" Adverb ADV lang:es 00:00:44 00:00:51 tt-1161 MM014_1961_EP_SU2011_AD_07 
"<indispensable>"
	"indispensable" Adjective ADJ Singular lang:es 00:00:44 00:00:51 tt-1162 MM014_1961_EP_SU2011_AD_07 
"<el>"
	"el" Determiner ART Singular Masc lang:es 00:00:44 00:00:51 tt-1163 MM014_1961_EP_SU2011_AD_07 @Gram:Det:Art 
"<inglés>"
	"inglés" Noun NC Plural lang:es 00:00:44 00:00:51 tt-1164 MM014_1961_EP_SU2011_AD_07 
"<$.>"
	"." Punctuation FS lang:es 00:00:44 00:00:51 tt-1165 MM014_1961_EP_SU2011_AD_07 
</speaker>
</text>

