<text id="MM015_1963_EP_SU2011_AD_08">
<speaker type="int">
"<Qué>"
	"qué" Pronoun INT Singular lang:es 00:00:00 00:00:07 tt-2256 MM015_1963_EP_SU2011_AD_08 
"<bien>"
	"bien" Noun NC Singular lang:es 00:00:00 00:00:07 tt-2257 MM015_1963_EP_SU2011_AD_08 
"<$.>"
	"." Punctuation FS lang:es 00:00:00 00:00:07 tt-2258 MM015_1963_EP_SU2011_AD_08 

"<$¿>"
	"¿" Punctuation FS lang:es 00:00:00 00:00:07 tt-2259 MM015_1963_EP_SU2011_AD_08 
"<Qué>"
	"qué" Pronoun INT Singular lang:es 00:00:00 00:00:07 tt-2260 MM015_1963_EP_SU2011_AD_08 
"<esfuerzo>"
	"esfuerzo" Noun NC Singular lang:es 00:00:00 00:00:07 tt-2261 MM015_1963_EP_SU2011_AD_08 
"<has>"
	"haber" Verb VHfin Pres Indi Sing 2nd lang:es 00:00:00 00:00:07 tt-2262 MM015_1963_EP_SU2011_AD_08 ID:7 R:Gram:Aux:Haber:8 R:Gram:PerfPerif:8 
"<hecho>"
	"hacer" Verb VLadj lang:es 00:00:00 00:00:07 tt-2263 MM015_1963_EP_SU2011_AD_08 ID:8 
"<para>"
	"para" Conjunction CSUBI lang:es 00:00:00 00:00:07 tt-2264 MM015_1963_EP_SU2011_AD_08 
"<conservar>"
	"conservar" Verb VLinf Infinitive lang:es 00:00:00 00:00:07 tt-2265 MM015_1963_EP_SU2011_AD_08 
"<tus>"
	"UNK" Noun NC Plural lang:es 00:00:00 00:00:07 tt-2266 MM015_1963_EP_SU2011_AD_08 @Gram:Det:Pos 
"<tradiciones>"
	"tradición" Noun NC Plural lang:es 00:00:00 00:00:07 tt-2267 MM015_1963_EP_SU2011_AD_08 
"<culturales>"
	"cultural" Adjective ADJ Plural lang:es 00:00:00 00:00:07 tt-2268 MM015_1963_EP_SU2011_AD_08 
"<en>"
	"en" Preposition PREP lang:es 00:00:18 00:00:23 tt-2269 MM015_1963_EP_SU2011_AD_08 @Gram:Prep 
"<ese>"
	"ese" Determiner DM Singular lang:es 00:00:18 00:00:23 tt-2270 MM015_1963_EP_SU2011_AD_08 @Gram:Det:Demo 
"<país>"
	"país" Noun NC Plural lang:es 00:00:18 00:00:23 tt-2271 MM015_1963_EP_SU2011_AD_08 
"<$?>"
	"?" Punctuation FS lang:es 00:00:18 00:00:23 tt-2272 MM015_1963_EP_SU2011_AD_08 
</speaker>
<speaker type="subj">

"<Defiendo>"
	"defender" Verb VLfin Pres Indi Sing 1st lang:es 00:00:23 00:00:30 tt-2273 MM015_1963_EP_SU2011_AD_08 
"<mucho>"
	"mucho" Adverb ADV lang:es 00:00:23 00:00:30 tt-2274 MM015_1963_EP_SU2011_AD_08 
"<mi>"
	"mío" Pronoun PPO Singular lang:es 00:00:23 00:00:30 tt-2275 MM015_1963_EP_SU2011_AD_08 @Gram:Det:Pos 
"<idioma>"
	"idioma" Noun NC Singular lang:es 00:00:23 00:00:30 tt-2276 MM015_1963_EP_SU2011_AD_08 
"<$.>"
	"." Punctuation FS lang:es 00:00:23 00:00:30 tt-2277 MM015_1963_EP_SU2011_AD_08 

"<Éste>"
	"este" Determiner DM Singular lang:es 00:00:23 00:00:30 tt-2278 MM015_1963_EP_SU2011_AD_08 
"<es>"
	"ser" Verb VSfin Pres Indi Sing 3rd lang:es 00:00:23 00:00:30 tt-2279 MM015_1963_EP_SU2011_AD_08 @Gram:SerEstar:Ser 
"<más>"
	"más" Adverb ADV lang:es 00:00:23 00:00:30 tt-2280 MM015_1963_EP_SU2011_AD_08 
"<extenso>"
	"extenso" Adjective ADJ Singular lang:es 00:00:23 00:00:30 tt-2281 MM015_1963_EP_SU2011_AD_08 
"<que>"
	"que" Conjunction CQUE lang:es 00:00:23 00:00:30 tt-2282 MM015_1963_EP_SU2011_AD_08 
"<cualquier>"
	"cualquier" Determiner QU lang:es 00:00:23 00:00:30 tt-2283 MM015_1963_EP_SU2011_AD_08 
"<otro>"
	"otro" Determiner QU lang:es 00:00:23 00:00:30 tt-2284 MM015_1963_EP_SU2011_AD_08 
"<idioma>"
	"idioma" Noun NC Singular lang:es 00:00:23 00:00:30 tt-2285 MM015_1963_EP_SU2011_AD_08 
"<,>"
	"," Punctuation CM lang:es 00:00:23 00:00:30 tt-2286 MM015_1963_EP_SU2011_AD_08 
"<el>"
	"el" Determiner ART Singular lang:es 00:00:23 00:00:30 tt-2287 MM015_1963_EP_SU2011_AD_08 @Gram:Det:Art 
"<español>"
	"español" Noun NC Singular lang:es 00:00:23 00:00:30 tt-2288 MM015_1963_EP_SU2011_AD_08 
"<es>"
	"ser" Verb VSfin Pres Indi Sing 3rd lang:es 00:00:31 00:00:37 tt-2289 MM015_1963_EP_SU2011_AD_08 @Gram:SerEstar:Ser 
"<muy>"
	"muy" Adverb ADV lang:es 00:00:31 00:00:37 tt-2290 MM015_1963_EP_SU2011_AD_08 
"<extenso>"
	"extenso" Adjective ADJ Singular lang:es 00:00:31 00:00:37 tt-2291 MM015_1963_EP_SU2011_AD_08 
"<$.>"
	"." Punctuation FS lang:es 00:00:31 00:00:37 tt-2292 MM015_1963_EP_SU2011_AD_08 

"<A>"
	"a" Preposition PREP lang:es 00:00:31 00:00:37 tt-2293 MM015_1963_EP_SU2011_AD_08 @Gram:Prep 
"<mis>"
	"mío" Pronoun PPO Plural lang:es 00:00:31 00:00:37 tt-2294 MM015_1963_EP_SU2011_AD_08 @Gram:Det:Pos 
"<hijos>"
	"hijo" Noun NC Plural lang:es 00:00:31 00:00:37 tt-2295 MM015_1963_EP_SU2011_AD_08 
"<los>"
	"el" Determiner ART Plural lang:es 00:00:31 00:00:37 tt-2296 MM015_1963_EP_SU2011_AD_08 @Gram:Det:Art 
"<regaño>"
	"regaño" Noun NC Singular lang:es 00:00:31 00:00:37 tt-2297 MM015_1963_EP_SU2011_AD_08 
"<,>"
	"," Punctuation CM lang:es 00:00:31 00:00:37 tt-2298 MM015_1963_EP_SU2011_AD_08 
"<les>"
	"él" Pronoun PPC Plural lang:es 00:00:31 00:00:37 tt-2299 MM015_1963_EP_SU2011_AD_08 @Gram:Pron:Objeto 
"<llamó>"
	"llamar" Verb VLfin Pret Indi Sing 3rd lang:es 00:00:31 00:00:37 tt-2300 MM015_1963_EP_SU2011_AD_08 @Gram:Indefinido 
"<la>"
	"el" Determiner ART Singular lang:es 00:00:31 00:00:37 tt-2301 MM015_1963_EP_SU2011_AD_08 @Gram:Det:Art 
"<atención>"
	"atención" Noun NC Singular lang:es 00:00:31 00:00:37 tt-2302 MM015_1963_EP_SU2011_AD_08 
"<que>"
	"que" Conjunction CQUE lang:es 00:00:31 00:00:37 tt-2303 MM015_1963_EP_SU2011_AD_08 
"<porque>"
	"porque" Conjunction CSUBX lang:es 00:00:31 00:00:37 tt-2304 MM015_1963_EP_SU2011_AD_08 @Prag:MarcadoresDisc:Causa 
"<no>"
	"no" Adverb NEG lang:es 00:00:31 00:00:37 tt-2305 MM015_1963_EP_SU2011_AD_08 
"<saben>"
	"saber" Verb VLfin Pres Indi Plural 3rd lang:es 00:00:31 00:00:37 tt-2306 MM015_1963_EP_SU2011_AD_08 
"<cómo>"
	"cómo" Adverb ADV lang:es 00:00:31 00:00:37 tt-2307 MM015_1963_EP_SU2011_AD_08 
"<se>"
	"se" Other SE lang:es 00:00:37 00:00:44 tt-2308 MM015_1963_EP_SU2011_AD_08 
"<dicen>"
	"decir" Verb VLfin Pres Indi Plural 3rd lang:es 00:00:37 00:00:44 tt-2309 MM015_1963_EP_SU2011_AD_08 
"<unas>"
	"un" Determiner ART Plural lang:es 00:00:37 00:00:44 tt-2310 MM015_1963_EP_SU2011_AD_08 
"<cosas>"
	"cosa" Noun NC Plural lang:es 00:00:37 00:00:44 tt-2311 MM015_1963_EP_SU2011_AD_08 
"<y>"
	"y" Conjunction CC lang:es 00:00:37 00:00:44 tt-2312 MM015_1963_EP_SU2011_AD_08 
"<los>"
	"él" Pronoun PPC Plural lang:es 00:00:37 00:00:44 tt-2313 MM015_1963_EP_SU2011_AD_08 @Gram:Pron:Objeto 
"<corrijo>"
	"corregir" Verb VLfin Pres Indi Sing 1st lang:es 00:00:37 00:00:44 tt-2314 MM015_1963_EP_SU2011_AD_08 
"<$.>"
	"." Punctuation FS lang:es 00:00:37 00:00:44 tt-2315 MM015_1963_EP_SU2011_AD_08 

"<Y>"
	"y" Conjunction CC lang:es 00:00:37 00:00:44 tt-2316 MM015_1963_EP_SU2011_AD_08 
"<las>"
	"el" Determiner ART Plural lang:es 00:00:37 00:00:44 tt-2317 MM015_1963_EP_SU2011_AD_08 @Gram:Det:Art 
"<tradiciones>"
	"tradición" Noun NC Plural lang:es 00:00:37 00:00:44 tt-2318 MM015_1963_EP_SU2011_AD_08 
"<mexicanas>"
	"mexicano" Adjective ADJ Plural lang:es 00:00:37 00:00:44 tt-2319 MM015_1963_EP_SU2011_AD_08 
"<son>"
	"ser" Verb VSfin Pres Indi Plural 3rd lang:es 00:00:37 00:00:44 tt-2320 MM015_1963_EP_SU2011_AD_08 @Gram:SerEstar:Ser 
"<muy>"
	"muy" Adverb ADV lang:es 00:00:37 00:00:44 tt-2321 MM015_1963_EP_SU2011_AD_08 
"<bonitas>"
	"bonito" Adjective ADJ Plural lang:es 00:00:37 00:00:44 tt-2322 MM015_1963_EP_SU2011_AD_08 
"<$.>"
	"." Punctuation FS lang:es 00:00:37 00:00:44 tt-2323 MM015_1963_EP_SU2011_AD_08 

"<Este>"
	"este" Determiner DM Singular lang:es 00:00:37 00:00:44 tt-2324 MM015_1963_EP_SU2011_AD_08 @Prag:RecuDiscurso:GanarTiempo 
"<...>"
	"..." Punctuation DOTS lang:es 00:00:37 00:00:44 tt-2325 MM015_1963_EP_SU2011_AD_08 
"<th>"
	"UNK" Noun NP Singular lang:es 00:00:37 00:00:44 tt-2326 MM015_1963_EP_SU2011_AD_08 
"<...>"
	"..." Punctuation DOTS lang:es 00:00:37 00:00:44 tt-2327 MM015_1963_EP_SU2011_AD_08 
"<que>"
	"que" Conjunction CQUE lang:es 00:00:37 00:00:44 tt-2328 MM015_1963_EP_SU2011_AD_08 
"<llegue>"
	"llegar" Verb VLfin Pres Subj Sing 1st_or_3rd lang:es 00:00:46 00:00:52 tt-2329 MM015_1963_EP_SU2011_AD_08 @Gram:MSub:Pres 
"<su>"
	"suyo" Pronoun PPO Singular lang:es 00:00:46 00:00:52 tt-2330 MM015_1963_EP_SU2011_AD_08 @Gram:Det:Pos 
"<mamá>"
	"mamá" Noun NC Singular lang:es 00:00:46 00:00:52 tt-2331 MM015_1963_EP_SU2011_AD_08 
"<y>"
	"y" Conjunction CC lang:es 00:00:46 00:00:52 tt-2332 MM015_1963_EP_SU2011_AD_08 
"<les>"
	"él" Pronoun PPC Plural lang:es 00:00:46 00:00:52 tt-2333 MM015_1963_EP_SU2011_AD_08 @Gram:Pron:Objeto 
"<tiene>"
	"tener" Verb VLfin Pres Indi Sing 3rd lang:es 00:00:46 00:00:52 tt-2334 MM015_1963_EP_SU2011_AD_08 
"<comida>"
	"comer" Verb VLadj lang:es 00:00:46 00:00:52 tt-2335 MM015_1963_EP_SU2011_AD_08 
"<,>"
	"," Punctuation CM lang:es 00:00:46 00:00:52 tt-2336 MM015_1963_EP_SU2011_AD_08 
"<comida>"
	"comer" Verb VLadj lang:es 00:00:46 00:00:52 tt-2337 MM015_1963_EP_SU2011_AD_08 
"<con>"
	"con" Preposition PREP lang:es 00:00:46 00:00:52 tt-2338 MM015_1963_EP_SU2011_AD_08 @Gram:Prep 
"<chile>"
	"chile" Noun NC Singular lang:es 00:00:46 00:00:52 tt-2339 MM015_1963_EP_SU2011_AD_08 
"<,>"
	"," Punctuation CM lang:es 00:00:46 00:00:52 tt-2340 MM015_1963_EP_SU2011_AD_08 
"<tomate>"
	"tomate" Noun NC Singular lang:es 00:00:46 00:00:52 tt-2341 MM015_1963_EP_SU2011_AD_08 
"<,>"
	"," Punctuation CM lang:es 00:00:46 00:00:52 tt-2342 MM015_1963_EP_SU2011_AD_08 
"<cebolla>"
	"cebolla" Noun NC Singular lang:es 00:00:46 00:00:52 tt-2343 MM015_1963_EP_SU2011_AD_08 
"<$.>"
	"." Punctuation FS lang:es 00:00:46 00:00:52 tt-2344 MM015_1963_EP_SU2011_AD_08 

"<Sus>"
	"suyo" Pronoun PPO Plural lang:es 00:00:46 00:00:52 tt-2345 MM015_1963_EP_SU2011_AD_08 @Gram:Det:Pos 
"<tortillitas>"
	"UNK" Noun NC Plural lang:es 00:00:46 00:00:52 tt-2346 MM015_1963_EP_SU2011_AD_08 
"<de>"
	"de" Preposition PREP lang:es 00:00:52 00:00:59 tt-2347 MM015_1963_EP_SU2011_AD_08 @Gram:Prep 
"<harina>"
	"harina" Noun NC Singular lang:es 00:00:52 00:00:59 tt-2348 MM015_1963_EP_SU2011_AD_08 
"<,>"
	"," Punctuation CM lang:es 00:00:52 00:00:59 tt-2349 MM015_1963_EP_SU2011_AD_08 
"<tortillas>"
	"torta|tortilla" Noun NC Plural lang:es 00:00:52 00:00:59 tt-2350 MM015_1963_EP_SU2011_AD_08 
"<de>"
	"de" Preposition PREP lang:es 00:00:52 00:00:59 tt-2351 MM015_1963_EP_SU2011_AD_08 @Gram:Prep 
"<maíz>"
	"maíz" Noun NC Singular lang:es 00:00:52 00:00:59 tt-2352 MM015_1963_EP_SU2011_AD_08 
"<$.>"
	"." Punctuation FS lang:es 00:00:52 00:00:59 tt-2353 MM015_1963_EP_SU2011_AD_08 

"<Son>"
	"ser" Verb VSfin Pres Indi Plural 3rd lang:es 00:00:52 00:00:59 tt-2354 MM015_1963_EP_SU2011_AD_08 @Gram:SerEstar:Ser 
"<cosas>"
	"cosa" Noun NC Plural lang:es 00:00:52 00:00:59 tt-2355 MM015_1963_EP_SU2011_AD_08 
"<mexicanas>"
	"mexicano" Adjective ADJ Plural lang:es 00:00:52 00:00:59 tt-2356 MM015_1963_EP_SU2011_AD_08 
"<$.>"
	"." Punctuation FS lang:es 00:00:52 00:00:59 tt-2357 MM015_1963_EP_SU2011_AD_08 

"<Que>"
	"que" Conjunction CQUE lang:es 00:00:52 00:00:59 tt-2358 MM015_1963_EP_SU2011_AD_08 
"<son>"
	"ser" Verb VSfin Pres Indi Plural 3rd lang:es 00:00:52 00:00:59 tt-2359 MM015_1963_EP_SU2011_AD_08 @Gram:SerEstar:Ser 
"<costumbres>"
	"costumbre" Noun NC Plural lang:es 00:00:52 00:00:59 tt-2360 MM015_1963_EP_SU2011_AD_08 
"<muy>"
	"muy" Adverb ADV lang:es 00:00:52 00:00:59 tt-2361 MM015_1963_EP_SU2011_AD_08 
"<bonitas>"
	"bonito" Adjective ADJ Plural lang:es 00:00:52 00:00:59 tt-2362 MM015_1963_EP_SU2011_AD_08 
"<también>"
	"también" Adverb ADV lang:es 00:00:52 00:00:59 tt-2363 MM015_1963_EP_SU2011_AD_08 @Prag:MarcadoresDisc:Igualdad 
"<$.>"
	"." Punctuation FS lang:es 00:00:52 00:00:59 tt-2364 MM015_1963_EP_SU2011_AD_08 

"<Eso>"
	"ese" Determiner DM Singular lang:es 00:00:52 00:00:59 tt-2365 MM015_1963_EP_SU2011_AD_08 
"<$.>"
	"." Punctuation FS lang:es 00:00:52 00:00:59 tt-2366 MM015_1963_EP_SU2011_AD_08 
</speaker>
</text>

