<text id="MM015_1963_EP_SU2011_AD_03">
<speaker type="int">
"<$¿>"
	"¿" Punctuation FS lang:es 00:00:00 00:00:07 tt-310 MM015_1963_EP_SU2011_AD_03 
"<Como>"
	"como" Conjunction CSUBX lang:es 00:00:00 00:00:07 tt-311 MM015_1963_EP_SU2011_AD_03 
"<conociste>"
	"conocer" Verb VLfin Pret Indi Sing 2nd lang:es 00:00:00 00:00:07 tt-312 MM015_1963_EP_SU2011_AD_03 @Gram:Indefinido ADD:563 
"<tu>"
	"tú" Pronoun PPX Singular lang:es 00:00:00 00:00:07 tt-313 MM015_1963_EP_SU2011_AD_03 
"<esposa>"
	"esposar" Verb VLfin Pres Indi Sing 3rd lang:es 00:00:00 00:00:07 tt-314 MM015_1963_EP_SU2011_AD_03 
"<$?>"
	"?" Punctuation FS lang:es 00:00:00 00:00:07 tt-315 MM015_1963_EP_SU2011_AD_03 

"<Eh>"
	"eh" Noun NP Singular lang:es 00:00:07 00:00:13 tt-316 MM015_1963_EP_SU2011_AD_03 
"<...>"
	"..." Punctuation DOTS lang:es 00:00:07 00:00:13 tt-317 MM015_1963_EP_SU2011_AD_03 
"<había>"
	"haber" Verb VHfin Imp Indi Sing 1st_or_3rd lang:es 00:00:07 00:00:13 tt-318 MM015_1963_EP_SU2011_AD_03 @Gram:Haber:Exist ADD:680 
"<un>"
	"un" Determiner ART Singular lang:es 00:00:07 00:00:13 tt-319 MM015_1963_EP_SU2011_AD_03 
"<lugar>"
	"lugar" Noun NC Singular lang:es 00:00:07 00:00:13 tt-320 MM015_1963_EP_SU2011_AD_03 
"<allí>"
	"allí" Adverb ADV lang:es 00:00:07 00:00:13 tt-321 MM015_1963_EP_SU2011_AD_03 
"<en>"
	"en" Preposition PREP lang:es 00:00:07 00:00:13 tt-322 MM015_1963_EP_SU2011_AD_03 @Gram:Prep ADD:489 
"<Juárez>"
	"Juárez" Noun NP Singular lang:es 00:00:07 00:00:13 tt-323 MM015_1963_EP_SU2011_AD_03 
"<donde>"
	"donde" Adverb ADV lang:es 00:00:07 00:00:13 tt-324 MM015_1963_EP_SU2011_AD_03 
"<nos>"
	"nosotros" Pronoun PPX Plural lang:es 00:00:07 00:00:13 tt-325 MM015_1963_EP_SU2011_AD_03 @Gram:Pron:Objeto ADD:523 
"<juntábamos>"
	"UNK" Verb VLfin Imp Indi Plural 1st lang:es 00:00:07 00:00:13 tt-326 MM015_1963_EP_SU2011_AD_03 @Gram:Imperf ADD:554 
"<eh>"
	"eh" Noun NP Singular lang:es 00:00:07 00:00:13 tt-327 MM015_1963_EP_SU2011_AD_03 
"<...>"
	"..." Punctuation DOTS lang:es 00:00:07 00:00:13 tt-328 MM015_1963_EP_SU2011_AD_03 
"<a>"
	"a" Conjunction CSUBI lang:es 00:00:07 00:00:13 tt-329 MM015_1963_EP_SU2011_AD_03 
"<oír>"
	"oír" Verb VLinf VLfin Indi_Command Sing 2nd_3rd lang:es 00:00:07 00:00:13 tt-330 MM015_1963_EP_SU2011_AD_03 SUBSTITUTE:261 SUBSTITUTE:296 
"<música>"
	"música" Noun NC Singular lang:es 00:00:07 00:00:13 tt-331 MM015_1963_EP_SU2011_AD_03 
"<y>"
	"y" Conjunction CC lang:es 00:00:13 00:00:20 tt-332 MM015_1963_EP_SU2011_AD_03 
"<dábamos>"
	"dar" Verb VLfin Imp Indi Plural 1st lang:es 00:00:13 00:00:20 tt-333 MM015_1963_EP_SU2011_AD_03 @Gram:Imperf ADD:554 
"<vuelta>"
	"vuelta" Noun NC Singular lang:es 00:00:13 00:00:20 tt-334 MM015_1963_EP_SU2011_AD_03 
"<en>"
	"en" Preposition PREP lang:es 00:00:13 00:00:20 tt-335 MM015_1963_EP_SU2011_AD_03 @Gram:Prep ADD:489 
"<los>"
	"el" Determiner ART Plural lang:es 00:00:13 00:00:20 tt-336 MM015_1963_EP_SU2011_AD_03 @Gram:Det:Art ADD:341 
"<carros>"
	"carro" Noun NC Plural lang:es 00:00:13 00:00:20 tt-337 MM015_1963_EP_SU2011_AD_03 
"<y>"
	"y" Conjunction CC lang:es 00:00:13 00:00:20 tt-338 MM015_1963_EP_SU2011_AD_03 
"<allí>"
	"allí" Adverb ADV lang:es 00:00:13 00:00:20 tt-339 MM015_1963_EP_SU2011_AD_03 
"<la>"
	"él" Pronoun PPC Singular lang:es 00:00:13 00:00:20 tt-340 MM015_1963_EP_SU2011_AD_03 @Gram:Pron:Objeto ADD:529 
"<conocí>"
	"conocer" Verb VLfin Pret Indi Sing 1st lang:es 00:00:13 00:00:20 tt-341 MM015_1963_EP_SU2011_AD_03 @Gram:Indefinido ADD:563 
"<con>"
	"con" Preposition PREP lang:es 00:00:13 00:00:20 tt-342 MM015_1963_EP_SU2011_AD_03 @Gram:Prep ADD:489 
"<todas>"
	"todo" Determiner QU lang:es 00:00:13 00:00:20 tt-343 MM015_1963_EP_SU2011_AD_03 
"<sus>"
	"suyo" Pronoun PPO Plural lang:es 00:00:13 00:00:20 tt-344 MM015_1963_EP_SU2011_AD_03 @Gram:Det:Pos ADD:368 
"<hermanas>"
	"hermano" Noun NC Plural lang:es 00:00:13 00:00:20 tt-345 MM015_1963_EP_SU2011_AD_03 
"<y>"
	"y" Conjunction CC lang:es 00:00:13 00:00:20 tt-346 MM015_1963_EP_SU2011_AD_03 
"<allí>"
	"allí" Adverb ADV lang:es 00:00:13 00:00:20 tt-347 MM015_1963_EP_SU2011_AD_03 
"<me>"
	"yo" Pronoun PPX Singular lang:es 00:00:13 00:00:20 tt-348 MM015_1963_EP_SU2011_AD_03 @Gram:Pron:Objeto ADD:523 
"<flachó>"
	"UNK" Verb VLfin Pret Indi Sing 3rd lang:es 00:00:21 00:00:22 tt-349 MM015_1963_EP_SU2011_AD_03 @Gram:Indefinido ADD:563 
"<$.>"
	"." Punctuation FS lang:es 00:00:21 00:00:22 tt-350 MM015_1963_EP_SU2011_AD_03 

"<$¿>"
	"¿" Punctuation FS lang:es 00:00:22 00:00:26 tt-351 MM015_1963_EP_SU2011_AD_03 
"<Como>"
	"como" Conjunction CSUBX lang:es 00:00:22 00:00:26 tt-352 MM015_1963_EP_SU2011_AD_03 
"<supiste>"
	"saber" Verb VLfin Pret Indi Sing 2nd lang:es 00:00:22 00:00:26 tt-353 MM015_1963_EP_SU2011_AD_03 @Gram:Indefinido ADD:563 
"<que>"
	"que" Conjunction CQUE lang:es 00:00:22 00:00:26 tt-354 MM015_1963_EP_SU2011_AD_03 
"<era>"
	"ser" Verb VEfin Imp Indi Sing 1st_or_3rd lang:es 00:00:22 00:00:26 tt-355 MM015_1963_EP_SU2011_AD_03 @Gram:Imperf @Gram:SerEstar:Ser ADD:554 ADD:664 
"<la>"
	"el" Determiner ART Singular lang:es 00:00:22 00:00:26 tt-356 MM015_1963_EP_SU2011_AD_03 @Gram:Det:Art ADD:341 
"<persona>"
	"persona" Noun NC Singular lang:es 00:00:22 00:00:26 tt-357 MM015_1963_EP_SU2011_AD_03 
"<correcta>"
	"correcto" Adjective ADJ Singular lang:es 00:00:22 00:00:26 tt-358 MM015_1963_EP_SU2011_AD_03 
"<$?>"
	"?" Punctuation FS lang:es 00:00:22 00:00:26 tt-359 MM015_1963_EP_SU2011_AD_03 
</speaker>
<speaker type="subj">

"<Eh>"
	"eh" Noun NP Singular lang:es 00:00:26 00:00:33 tt-360 MM015_1963_EP_SU2011_AD_03 
"<...>"
	"..." Punctuation DOTS lang:es 00:00:26 00:00:33 tt-361 MM015_1963_EP_SU2011_AD_03 
"<alrededor>"
	"alrededor" Preposition PREP lang:es 00:00:26 00:00:33 tt-362 MM015_1963_EP_SU2011_AD_03 @Gram:Prep ADD:489 
"<de>"
	"de" Preposition PREP lang:es 00:00:26 00:00:33 tt-363 MM015_1963_EP_SU2011_AD_03 @Gram:Prep ADD:489 
"<un>"
	"un" Determiner ART Singular lang:es 00:00:26 00:00:33 tt-364 MM015_1963_EP_SU2011_AD_03 
"<mes>"
	"mes" Noun NC Plural lang:es 00:00:26 00:00:33 tt-365 MM015_1963_EP_SU2011_AD_03 
"<aproximadamente>"
	"aproximadamente" Adverb ADV lang:es 00:00:26 00:00:33 tt-366 MM015_1963_EP_SU2011_AD_03 
"<,>"
	"," Punctuation CM lang:es 00:00:26 00:00:33 tt-367 MM015_1963_EP_SU2011_AD_03 
"<este>"
	"este" Noun NC Singular lang:es 00:00:26 00:00:33 tt-368 MM015_1963_EP_SU2011_AD_03 
"<...>"
	"..." Punctuation DOTS lang:es 00:00:26 00:00:33 tt-369 MM015_1963_EP_SU2011_AD_03 
"<eh>"
	"eh" Noun NP Singular lang:es 00:00:26 00:00:33 tt-370 MM015_1963_EP_SU2011_AD_03 
"<...>"
	"..." Punctuation DOTS lang:es 00:00:26 00:00:33 tt-371 MM015_1963_EP_SU2011_AD_03 
"<supe>"
	"saber" Verb VLfin Pret Indi Sing 1st lang:es 00:00:26 00:00:33 tt-372 MM015_1963_EP_SU2011_AD_03 @Gram:Indefinido ADD:563 
"<que>"
	"que" Conjunction CQUE lang:es 00:00:26 00:00:33 tt-373 MM015_1963_EP_SU2011_AD_03 
"<...>"
	"..." Punctuation DOTS lang:es 00:00:26 00:00:33 tt-374 MM015_1963_EP_SU2011_AD_03 
"<no>"
	"no" Adverb NEG lang:es 00:00:26 00:00:33 tt-375 MM015_1963_EP_SU2011_AD_03 
"<precisamente>"
	"precisamente" Adverb ADV lang:es 00:00:26 00:00:33 tt-376 MM015_1963_EP_SU2011_AD_03 
"<que>"
	"que" Conjunction CQUE lang:es 00:00:26 00:00:33 tt-377 MM015_1963_EP_SU2011_AD_03 
"<era>"
	"ser" Verb VEfin Imp Indi Sing 1st_or_3rd lang:es 00:00:36 00:00:41 tt-378 MM015_1963_EP_SU2011_AD_03 @Gram:Imperf @Gram:SerEstar:Ser ADD:554 ADD:664 
"<la>"
	"el" Determiner ART Singular lang:es 00:00:36 00:00:41 tt-379 MM015_1963_EP_SU2011_AD_03 @Gram:Det:Art ADD:341 
"<persona>"
	"persona" Noun NC Singular lang:es 00:00:36 00:00:41 tt-380 MM015_1963_EP_SU2011_AD_03 
"<para>"
	"para" Preposition PREP lang:es 00:00:36 00:00:41 tt-382 MM015_1963_EP_SU2011_AD_03 @Gram:Prep:Para SUBSTITUTE:312 ADD:461 
"<mi>"
	"mío" Pronoun PPO Singular lang:es 00:00:36 00:00:41 tt-383 MM015_1963_EP_SU2011_AD_03 
"<pero>"
	"pero" Conjunction CC lang:es 00:00:36 00:00:41 tt-384 MM015_1963_EP_SU2011_AD_03 @Prag:MarcadoresDisc:Revision SUBSTITUTE:241 ADD:849 
"<era>"
	"ser" Verb VEfin Imp Indi Sing 1st_or_3rd lang:es 00:00:36 00:00:41 tt-385 MM015_1963_EP_SU2011_AD_03 @Gram:Imperf @Gram:SerEstar:Ser ADD:554 ADD:664 
"<una>"
	"un" Determiner ART Singular lang:es 00:00:36 00:00:41 tt-386 MM015_1963_EP_SU2011_AD_03 
"<persona>"
	"persona" Noun NC Singular lang:es 00:00:36 00:00:41 tt-387 MM015_1963_EP_SU2011_AD_03 
"<que>"
	"que" Conjunction CQUE lang:es 00:00:36 00:00:41 tt-388 MM015_1963_EP_SU2011_AD_03 
"<se>"
	"se" Other SE lang:es 00:00:36 00:00:41 tt-389 MM015_1963_EP_SU2011_AD_03 
"<daba>"
	"dar" Verb VLfin Imp Indi Sing 1st_or_3rd lang:es 00:00:36 00:00:41 tt-390 MM015_1963_EP_SU2011_AD_03 @Gram:Imperf ADD:554 
"<a>"
	"a" Preposition PREP lang:es 00:00:36 00:00:41 tt-391 MM015_1963_EP_SU2011_AD_03 @Gram:Prep ADD:489 
"<respetar>"
	"respetar" Verb VLinf Infinitive lang:es 00:00:36 00:00:41 tt-392 MM015_1963_EP_SU2011_AD_03 SUBSTITUTE:296 
"<y>"
	"y" Conjunction CC lang:es 00:00:36 00:00:41 tt-393 MM015_1963_EP_SU2011_AD_03 
"<es>"
	"ser" Verb VSfin Pres Indi Sing 3rd lang:es 00:00:36 00:00:41 tt-394 MM015_1963_EP_SU2011_AD_03 @Gram:SerEstar:Ser ADD:664 
"<lo>"
	"el" Determiner ART Singular lang:es 00:00:36 00:00:41 tt-395 MM015_1963_EP_SU2011_AD_03 
"<que>"
	"que" Conjunction CQUE lang:es 00:00:36 00:00:41 tt-396 MM015_1963_EP_SU2011_AD_03 
"<me>"
	"yo" Pronoun PPX Singular lang:es 00:00:41 00:00:43 tt-397 MM015_1963_EP_SU2011_AD_03 @Gram:Pron:Objeto ID:87 R:Gram:Gustar:Propios:88 ADD:523 ADDRELATION(Gram:Gustar:Propios):580 
"<gustó>"
	"gustar" Verb VLfin Pret Indi Sing 3rd lang:es 00:00:41 00:00:43 tt-398 MM015_1963_EP_SU2011_AD_03 @Gram:Indefinido ID:88 ADD:563 
"<de>"
	"de" Preposition PREP lang:es 00:00:41 00:00:43 tt-399 MM015_1963_EP_SU2011_AD_03 @Gram:Prep ADD:489 
"<ella>"
	"él" Pronoun PPX Singular lang:es 00:00:41 00:00:43 tt-400 MM015_1963_EP_SU2011_AD_03 @Gram:Pron:Sujeto ADD:499 
"<$.>"
	"." Punctuation FS lang:es 00:00:41 00:00:43 tt-401 MM015_1963_EP_SU2011_AD_03 
</speaker>
<speaker type="int">

"<$¿>"
	"¿" Punctuation FS lang:es 00:00:43 00:00:47 tt-402 MM015_1963_EP_SU2011_AD_03 
"<Como>"
	"como" Conjunction CSUBX lang:es 00:00:43 00:00:47 tt-403 MM015_1963_EP_SU2011_AD_03 
"<le>"
	"él" Pronoun PPC Singular lang:es 00:00:43 00:00:47 tt-404 MM015_1963_EP_SU2011_AD_03 @Gram:Pron:Objeto ADD:529 
"<propusiste>"
	"UNK" Verb VLfin Pret Indi Sing 2nd lang:es 00:00:43 00:00:47 tt-405 MM015_1963_EP_SU2011_AD_03 @Gram:Indefinido ADD:563 
"<matrimonio>"
	"matrimonio" Noun NC Singular lang:es 00:00:43 00:00:47 tt-406 MM015_1963_EP_SU2011_AD_03 
"<$?>"
	"?" Punctuation FS lang:es 00:00:43 00:00:47 tt-407 MM015_1963_EP_SU2011_AD_03 
</speaker>
<speaker type="subj">

"<Después>"
	"después" Preposition PREP lang:es 00:00:47 00:00:53 tt-408 MM015_1963_EP_SU2011_AD_03 @Gram:Prep ADD:489 
"<de>"
	"de" Preposition PREP lang:es 00:00:47 00:00:53 tt-409 MM015_1963_EP_SU2011_AD_03 @Gram:Prep ADD:489 
"<dos>"
	"dos" Determiner CARD Plural lang:es 00:00:47 00:00:53 tt-410 MM015_1963_EP_SU2011_AD_03 
"<años>"
	"año" Noun NC Plural lang:es 00:00:47 00:00:53 tt-411 MM015_1963_EP_SU2011_AD_03 
"<$.>"
	"." Punctuation FS lang:es 00:00:47 00:00:53 tt-412 MM015_1963_EP_SU2011_AD_03 

"<Le>"
	"le" Other PE lang:es 00:00:47 00:00:53 tt-413 MM015_1963_EP_SU2011_AD_03 
"<dije>"
	"decir" Verb VLfin Pret Indi Sing 1st lang:es 00:00:47 00:00:53 tt-414 MM015_1963_EP_SU2011_AD_03 @Gram:Indefinido ADD:563 
"<que>"
	"que" Conjunction CQUE lang:es 00:00:47 00:00:53 tt-415 MM015_1963_EP_SU2011_AD_03 
"<si>"
	"si" Conjunction CSUBX lang:es 00:00:47 00:00:53 tt-416 MM015_1963_EP_SU2011_AD_03 
"<quería>"
	"querer" Verb VLfin Imp Indi Sing 1st_or_3rd lang:es 00:00:47 00:00:53 tt-417 MM015_1963_EP_SU2011_AD_03 @Gram:Imperf ADD:554 
"<ser>"
	"ser" Verb VLinf VSinf Infinitive lang:es 00:00:47 00:00:53 tt-418 MM015_1963_EP_SU2011_AD_03 @Gram:SerEstar:Ser SUBSTITUTE:296 ADD:664 
"<mi>"
	"mío" Pronoun PPO Singular lang:es 00:00:47 00:00:53 tt-419 MM015_1963_EP_SU2011_AD_03 @Gram:Det:Pos ADD:367 
"<esposa>"
	"esposo" Noun NC Singular lang:es 00:00:47 00:00:53 tt-420 MM015_1963_EP_SU2011_AD_03 
"<y>"
	"y" Conjunction CC lang:es 00:00:47 00:00:53 tt-421 MM015_1963_EP_SU2011_AD_03 
"<aceptó>"
	"aceptar" Verb VLfin Pret Indi Sing 3rd lang:es 00:00:47 00:00:53 tt-422 MM015_1963_EP_SU2011_AD_03 @Gram:Indefinido ADD:563 
"<$.>"
	"." Punctuation FS lang:es 00:00:47 00:00:53 tt-423 MM015_1963_EP_SU2011_AD_03 
</speaker>
</text>

