<text id="MM015_1963_EP_SU2011_AD_09">
<speaker type="int">
"<$¿>"
	"¿" Punctuation FS lang:es 00:00:00 00:00:07 tt-2493 MM015_1963_EP_SU2011_AD_09 
"<Me>"
	"yo" Pronoun PPX Singular lang:es 00:00:00 00:00:07 tt-2494 MM015_1963_EP_SU2011_AD_09 @Gram:Pron:Objeto 
"<puedes>"
	"poder" Verb VLfin Pres Indi Sing 2nd lang:es 00:00:00 00:00:07 tt-2495 MM015_1963_EP_SU2011_AD_09 
"<contar>"
	"contar" Verb VLinf Infinitive lang:es 00:00:00 00:00:07 tt-2496 MM015_1963_EP_SU2011_AD_09 
"<el>"
	"el" Determiner ART Singular lang:es 00:00:00 00:00:07 tt-2497 MM015_1963_EP_SU2011_AD_09 @Gram:Det:Art 
"<mayor>"
	"grande" Adjective ADJ Singular lang:es 00:00:00 00:00:07 tt-2498 MM015_1963_EP_SU2011_AD_09 
"<reto>"
	"reto" Noun NC Singular lang:es 00:00:00 00:00:07 tt-2499 MM015_1963_EP_SU2011_AD_09 
"<que>"
	"que" Conjunction CQUE lang:es 00:00:00 00:00:07 tt-2500 MM015_1963_EP_SU2011_AD_09 
"<has>"
	"haber" Verb VHfin Pres Indi Sing 2nd lang:es 00:00:00 00:00:07 tt-2501 MM015_1963_EP_SU2011_AD_09 ID:9 R:Gram:Aux:Haber:10 R:Gram:PerfPerif:10 
"<enfrentado>"
	"enfrentar" Verb VLadj lang:es 00:00:00 00:00:07 tt-2502 MM015_1963_EP_SU2011_AD_09 ID:10 
"<a>"
	"a" Preposition PREP lang:es 00:00:00 00:00:07 tt-2503 MM015_1963_EP_SU2011_AD_09 @Gram:Prep 
"<vivir>"
	"vivir" Verb VLinf Infinitive lang:es 00:00:00 00:00:07 tt-2504 MM015_1963_EP_SU2011_AD_09 
"<en>"
	"en" Preposition PREP lang:es 00:00:00 00:00:07 tt-2505 MM015_1963_EP_SU2011_AD_09 @Gram:Prep 
"<este>"
	"este" Determiner DM Singular lang:es 00:00:00 00:00:07 tt-2506 MM015_1963_EP_SU2011_AD_09 @Gram:Det:Demo 
"<país>"
	"país" Noun NC Plural lang:es 00:00:00 00:00:07 tt-2507 MM015_1963_EP_SU2011_AD_09 
"<$?>"
	"?" Punctuation FS lang:es 00:00:00 00:00:07 tt-2508 MM015_1963_EP_SU2011_AD_09 

"<Sí>"
	"sí" Adverb ADV lang:es 00:00:09 00:00:16 tt-2509 MM015_1963_EP_SU2011_AD_09 
"<$.>"
	"." Punctuation FS lang:es 00:00:09 00:00:16 tt-2510 MM015_1963_EP_SU2011_AD_09 

"<Eh>"
	"eh" Noun NP Singular lang:es 00:00:09 00:00:16 tt-2511 MM015_1963_EP_SU2011_AD_09 
"<...>"
	"..." Punctuation DOTS lang:es 00:00:09 00:00:16 tt-2512 MM015_1963_EP_SU2011_AD_09 
"<Cuando>"
	"cuando" Conjunction CSUBX lang:es 00:00:09 00:00:16 tt-2513 MM015_1963_EP_SU2011_AD_09 
"<entré>"
	"entrar" Verb VLfin Fut Indi Sing 1st lang:es 00:00:09 00:00:16 tt-2514 MM015_1963_EP_SU2011_AD_09 
"<$.>"
	"." Punctuation FS lang:es 00:00:09 00:00:16 tt-2515 MM015_1963_EP_SU2011_AD_09 

"<Eh>"
	"eh" Noun NP Singular lang:es 00:00:09 00:00:16 tt-2516 MM015_1963_EP_SU2011_AD_09 
"<...>"
	"..." Punctuation DOTS lang:es 00:00:09 00:00:16 tt-2517 MM015_1963_EP_SU2011_AD_09 
"<llene>"
	"llenar" Verb VLfin Pres Subj Sing 1st_or_3rd lang:es 00:00:09 00:00:16 tt-2518 MM015_1963_EP_SU2011_AD_09 @Gram:MSub:Pres 
"<una>"
	"un" Determiner ART Singular lang:es 00:00:09 00:00:16 tt-2519 MM015_1963_EP_SU2011_AD_09 
"<aplicación>"
	"aplicación" Noun NC Singular lang:es 00:00:09 00:00:16 tt-2520 MM015_1963_EP_SU2011_AD_09 
"<,>"
	"," Punctuation CM lang:es 00:00:09 00:00:16 tt-2521 MM015_1963_EP_SU2011_AD_09 
"<y>"
	"y" Conjunction CC lang:es 00:00:09 00:00:16 tt-2522 MM015_1963_EP_SU2011_AD_09 
"<no>"
	"no" Adverb NEG lang:es 00:00:09 00:00:16 tt-2523 MM015_1963_EP_SU2011_AD_09 
"<saber>"
	"saber" Verb VLinf Infinitive lang:es 00:00:09 00:00:16 tt-2524 MM015_1963_EP_SU2011_AD_09 
"<cómo>"
	"cómo" Adverb ADV lang:es 00:00:09 00:00:16 tt-2525 MM015_1963_EP_SU2011_AD_09 
"<llenar>"
	"llenar" Verb VLinf Infinitive lang:es 00:00:09 00:00:16 tt-2526 MM015_1963_EP_SU2011_AD_09 
"<esa>"
	"ese" Determiner DM Singular lang:es 00:00:09 00:00:16 tt-2527 MM015_1963_EP_SU2011_AD_09 
"<aplicación>"
	"aplicación" Noun NC Singular lang:es 00:00:19 00:00:26 tt-2528 MM015_1963_EP_SU2011_AD_09 
"<y>"
	"y" Conjunction CC lang:es 00:00:19 00:00:26 tt-2529 MM015_1963_EP_SU2011_AD_09 
"<la>"
	"el" Determiner ART Singular lang:es 00:00:19 00:00:26 tt-2530 MM015_1963_EP_SU2011_AD_09 @Gram:Det:Art 
"<mayoría>"
	"mayoría" Noun NC Singular lang:es 00:00:19 00:00:26 tt-2531 MM015_1963_EP_SU2011_AD_09 
"<de>"
	"de" Preposition PREP lang:es 00:00:19 00:00:26 tt-2532 MM015_1963_EP_SU2011_AD_09 @Gram:Prep 
"<las>"
	"el" Determiner ART Plural lang:es 00:00:19 00:00:26 tt-2533 MM015_1963_EP_SU2011_AD_09 @Gram:Det:Art 
"<compañías>"
	"compañía" Noun NC Plural lang:es 00:00:19 00:00:26 tt-2534 MM015_1963_EP_SU2011_AD_09 
"<que>"
	"que" Conjunction CQUE lang:es 00:00:19 00:00:26 tt-2535 MM015_1963_EP_SU2011_AD_09 
"<decían>"
	"decir" Verb VLfin Imp Indi Plural 3rd lang:es 00:00:19 00:00:26 tt-2536 MM015_1963_EP_SU2011_AD_09 @Gram:Imperf 
"<,>"
	"," Punctuation CM lang:es 00:00:19 00:00:26 tt-2537 MM015_1963_EP_SU2011_AD_09 
"<$¿>"
	"¿" Punctuation FS lang:es 00:00:19 00:00:26 tt-2538 MM015_1963_EP_SU2011_AD_09 
"<sabes>"
	"saber" Verb VLfin Pres Indi Sing 2nd lang:es 00:00:19 00:00:26 tt-2539 MM015_1963_EP_SU2011_AD_09 
"<inglés>"
	"inglés" Adjective ADJ Plural lang:es 00:00:19 00:00:26 tt-2540 MM015_1963_EP_SU2011_AD_09 
"<$?>"
	"?" Punctuation FS lang:es 00:00:19 00:00:26 tt-2541 MM015_1963_EP_SU2011_AD_09 

"<No>"
	"no" Adverb NEG lang:es 00:00:19 00:00:26 tt-2542 MM015_1963_EP_SU2011_AD_09 
"<$.>"
	"." Punctuation FS lang:es 00:00:19 00:00:26 tt-2543 MM015_1963_EP_SU2011_AD_09 

"<Y>"
	"y" Conjunction CC lang:es 00:00:19 00:00:26 tt-2544 MM015_1963_EP_SU2011_AD_09 
"<este>"
	"este" Determiner DM Singular lang:es 00:00:19 00:00:26 tt-2545 MM015_1963_EP_SU2011_AD_09 @Prag:RecuDiscurso:GanarTiempo 
"<...>"
	"..." Punctuation DOTS lang:es 00:00:19 00:00:26 tt-2546 MM015_1963_EP_SU2011_AD_09 
"<y>"
	"y" Conjunction CC lang:es 00:00:19 00:00:26 tt-2547 MM015_1963_EP_SU2011_AD_09 
"<tuve>"
	"tener" Verb VLfin Pret Indi Sing 1st lang:es 00:00:27 00:00:34 tt-2548 MM015_1963_EP_SU2011_AD_09 @Gram:Indefinido 
"<que>"
	"que" Conjunction CQUE lang:es 00:00:27 00:00:34 tt-2549 MM015_1963_EP_SU2011_AD_09 
"<hacer>"
	"hacer" Verb VLinf Infinitive lang:es 00:00:27 00:00:34 tt-2550 MM015_1963_EP_SU2011_AD_09 
"<un>"
	"un" Determiner ART Singular lang:es 00:00:27 00:00:34 tt-2551 MM015_1963_EP_SU2011_AD_09 
"<esfuerzo>"
	"esfuerzo" Noun NC Singular lang:es 00:00:27 00:00:34 tt-2552 MM015_1963_EP_SU2011_AD_09 
"<para>"
	"para" Conjunction CSUBI lang:es 00:00:27 00:00:34 tt-2553 MM015_1963_EP_SU2011_AD_09 
"<poder>"
	"poder" Verb VMinf lang:es 00:00:27 00:00:34 tt-2554 MM015_1963_EP_SU2011_AD_09 
"<lograr>"
	"lograr" Verb VLinf Infinitive lang:es 00:00:27 00:00:34 tt-2555 MM015_1963_EP_SU2011_AD_09 
"<todo>"
	"todo" Determiner QU lang:es 00:00:27 00:00:34 tt-2556 MM015_1963_EP_SU2011_AD_09 
"<eso>"
	"ese" Determiner DM Singular lang:es 00:00:27 00:00:34 tt-2557 MM015_1963_EP_SU2011_AD_09 
"<$.>"
	"." Punctuation FS lang:es 00:00:27 00:00:34 tt-2558 MM015_1963_EP_SU2011_AD_09 

"<Este>"
	"este" Determiner DM Singular lang:es 00:00:27 00:00:34 tt-2559 MM015_1963_EP_SU2011_AD_09 @Prag:RecuDiscurso:GanarTiempo 
"<...>"
	"..." Punctuation DOTS lang:es 00:00:27 00:00:34 tt-2560 MM015_1963_EP_SU2011_AD_09 
"<y>"
	"y" Other ALFS lang:es 00:00:27 00:00:34 tt-2561 MM015_1963_EP_SU2011_AD_09 
"<...>"
	"..." Punctuation DOTS lang:es 00:00:27 00:00:34 tt-2562 MM015_1963_EP_SU2011_AD_09 
"<afortunadamente>"
	"afortunado" Adverb ADV lang:es 00:00:27 00:00:34 tt-2563 MM015_1963_EP_SU2011_AD_09 
"<estamos>"
	"estar" Verb VEfin Pres Indi Plural 1st lang:es 00:00:27 00:00:34 tt-2564 MM015_1963_EP_SU2011_AD_09 @Gram:SerEstar:Estar 
"<en>"
	"en" Preposition PREP lang:es 00:00:35 00:00:42 tt-2565 MM015_1963_EP_SU2011_AD_09 @Gram:Prep 
"<El>"
	"el" Determiner ART Singular lang:es 00:00:35 00:00:42 tt-2566 MM015_1963_EP_SU2011_AD_09 @Gram:Det:Art ID:74 R:Vocab:Entities:Geo:75 
"<Paso>"
	"paso" Noun NC Singular lang:es 00:00:35 00:00:42 tt-2567 MM015_1963_EP_SU2011_AD_09 ID:75 
"<,>"
	"," Punctuation CM lang:es 00:00:35 00:00:42 tt-2568 MM015_1963_EP_SU2011_AD_09 
"<que>"
	"que" Conjunction CQUE lang:es 00:00:35 00:00:42 tt-2569 MM015_1963_EP_SU2011_AD_09 
"<aquí>"
	"aquí" Adverb ADV lang:es 00:00:35 00:00:42 tt-2570 MM015_1963_EP_SU2011_AD_09 
"<no>"
	"no" Adverb NEG lang:es 00:00:35 00:00:42 tt-2571 MM015_1963_EP_SU2011_AD_09 
"<hay>"
	"haber" Verb VHfin Pres Indi Sing 3rd lang:es 00:00:35 00:00:42 tt-2572 MM015_1963_EP_SU2011_AD_09 @Gram:Haber:Exist 
"<mucha>"
	"mucho" Adjective ADJ Singular lang:es 00:00:35 00:00:42 tt-2573 MM015_1963_EP_SU2011_AD_09 
"<necesidad>"
	"necesidad" Noun NC Singular lang:es 00:00:35 00:00:42 tt-2574 MM015_1963_EP_SU2011_AD_09 
"<de>"
	"de" Preposition PREP lang:es 00:00:35 00:00:42 tt-2575 MM015_1963_EP_SU2011_AD_09 @Gram:Prep 
"<...>"
	"..." Punctuation DOTS lang:es 00:00:35 00:00:42 tt-2576 MM015_1963_EP_SU2011_AD_09 
"<de>"
	"de" Preposition PREP lang:es 00:00:35 00:00:42 tt-2577 MM015_1963_EP_SU2011_AD_09 @Gram:Prep 
"<eso>"
	"ese" Determiner DM Singular lang:es 00:00:35 00:00:42 tt-2578 MM015_1963_EP_SU2011_AD_09 
"<$¿>"
	"¿" Punctuation FS lang:es 00:00:35 00:00:42 tt-2579 MM015_1963_EP_SU2011_AD_09 
"<verdad>"
	"verdad" Noun NC Singular lang:es 00:00:35 00:00:42 tt-2580 MM015_1963_EP_SU2011_AD_09 
"<$?>"
	"?" Punctuation FS lang:es 00:00:35 00:00:42 tt-2581 MM015_1963_EP_SU2011_AD_09 

"<pero>"
	"pero" Conjunction CCAD lang:es 00:00:35 00:00:42 tt-2582 MM015_1963_EP_SU2011_AD_09 @Prag:MarcadoresDisc:Revision 
"<sí>"
	"él" Pronoun PPX Singular lang:es 00:00:35 00:00:42 tt-2583 MM015_1963_EP_SU2011_AD_09 
"<tuve>"
	"tener" Verb VLfin Pret Indi Sing 1st lang:es 00:00:35 00:00:42 tt-2584 MM015_1963_EP_SU2011_AD_09 @Gram:Indefinido 
"<un>"
	"un" Determiner ART Singular lang:es 00:00:35 00:00:42 tt-2585 MM015_1963_EP_SU2011_AD_09 
"<problema>"
	"problema" Noun NC Singular lang:es 00:00:35 00:00:42 tt-2586 MM015_1963_EP_SU2011_AD_09 
"<en>"
	"en" Preposition PREP lang:es 00:00:42 00:00:47 tt-2587 MM015_1963_EP_SU2011_AD_09 @Gram:Prep 
"<Oklahoma>"
	"UNK" Noun NC Singular lang:es 00:00:42 00:00:47 tt-2588 MM015_1963_EP_SU2011_AD_09 
"<$.>"
	"." Punctuation FS lang:es 00:00:42 00:00:47 tt-2589 MM015_1963_EP_SU2011_AD_09 

"<En>"
	"en" Preposition PREP lang:es 00:00:42 00:00:47 tt-2590 MM015_1963_EP_SU2011_AD_09 @Gram:Prep 
"<Oklahoma>"
	"UNK" Noun NC Singular lang:es 00:00:42 00:00:47 tt-2591 MM015_1963_EP_SU2011_AD_09 
"<allí>"
	"allí" Adverb ADV lang:es 00:00:42 00:00:47 tt-2592 MM015_1963_EP_SU2011_AD_09 
"<sí>"
	"sí" Adverb ADV lang:es 00:00:42 00:00:47 tt-2593 MM015_1963_EP_SU2011_AD_09 
"<no>"
	"no" Adverb NEG lang:es 00:00:42 00:00:47 tt-2594 MM015_1963_EP_SU2011_AD_09 
"<pude>"
	"poder" Verb VLfin Pret Indi Sing 1st lang:es 00:00:42 00:00:47 tt-2595 MM015_1963_EP_SU2011_AD_09 @Gram:Indefinido 
"<lograr>"
	"lograr" Verb VLinf Infinitive lang:es 00:00:42 00:00:47 tt-2596 MM015_1963_EP_SU2011_AD_09 
"<lo>"
	"el" Determiner ART Singular lang:es 00:00:42 00:00:47 tt-2597 MM015_1963_EP_SU2011_AD_09 
"<que>"
	"que" Conjunction CQUE lang:es 00:00:42 00:00:47 tt-2598 MM015_1963_EP_SU2011_AD_09 
"<yo>"
	"yo" Pronoun PPX Singular lang:es 00:00:42 00:00:47 tt-2599 MM015_1963_EP_SU2011_AD_09 @Gram:Pron:Sujeto 
"<quería>"
	"querer" Verb VLfin Imp Indi Sing 1st_or_3rd lang:es 00:00:42 00:00:47 tt-2600 MM015_1963_EP_SU2011_AD_09 @Gram:Imperf 
"<porque>"
	"porque" Conjunction CSUBX lang:es 00:00:42 00:00:47 tt-2601 MM015_1963_EP_SU2011_AD_09 @Prag:MarcadoresDisc:Causa 
"<había>"
	"haber" Verb VHfin Imp Indi Sing 1st_or_3rd lang:es 00:00:42 00:00:47 tt-2602 MM015_1963_EP_SU2011_AD_09 @Gram:Haber:Exist 
"<una>"
	"un" Determiner ART Singular lang:es 00:00:42 00:00:47 tt-2603 MM015_1963_EP_SU2011_AD_09 
"<oportunidad>"
	"oportunidad" Noun NC Singular lang:es 00:00:47 00:00:54 tt-2604 MM015_1963_EP_SU2011_AD_09 
"<de>"
	"de" Preposition PREP lang:es 00:00:47 00:00:54 tt-2605 MM015_1963_EP_SU2011_AD_09 @Gram:Prep 
"<trabajo>"
	"trabajo" Noun NC Singular lang:es 00:00:47 00:00:54 tt-2606 MM015_1963_EP_SU2011_AD_09 
"<en>"
	"en" Preposition PREP lang:es 00:00:47 00:00:54 tt-2607 MM015_1963_EP_SU2011_AD_09 @Gram:Prep 
"<base>"
	"base" Noun NC Singular lang:es 00:00:47 00:00:54 tt-2608 MM015_1963_EP_SU2011_AD_09 
"<a>"
	"a" Preposition PREP lang:es 00:00:47 00:00:54 tt-2609 MM015_1963_EP_SU2011_AD_09 @Gram:Prep 
"<mi>"
	"mío" Pronoun PPO Singular lang:es 00:00:47 00:00:54 tt-2610 MM015_1963_EP_SU2011_AD_09 @Gram:Det:Pos 
"<experiencia>"
	"experiencia" Noun NC Singular lang:es 00:00:47 00:00:54 tt-2611 MM015_1963_EP_SU2011_AD_09 
"<y>"
	"y" Conjunction CC lang:es 00:00:47 00:00:54 tt-2612 MM015_1963_EP_SU2011_AD_09 
"<no>"
	"no" Adverb NEG lang:es 00:00:47 00:00:54 tt-2613 MM015_1963_EP_SU2011_AD_09 
"<me>"
	"yo" Pronoun PPX Singular lang:es 00:00:47 00:00:54 tt-2614 MM015_1963_EP_SU2011_AD_09 @Gram:Pron:Objeto 
"<lo>"
	"él" Pronoun PPC Singular lang:es 00:00:47 00:00:54 tt-2615 MM015_1963_EP_SU2011_AD_09 @Gram:Pron:Objeto 
"<dieron>"
	"dar" Verb VLfin Pret Indi Plural 3rd lang:es 00:00:47 00:00:54 tt-2616 MM015_1963_EP_SU2011_AD_09 @Gram:Indefinido 
"<por>"
	"por" Preposition PREP lang:es 00:00:47 00:00:54 tt-2617 MM015_1963_EP_SU2011_AD_09 @Gram:Prep:Por 
"<mi>"
	"mío" Pronoun PPO Singular lang:es 00:00:47 00:00:54 tt-2618 MM015_1963_EP_SU2011_AD_09 
"<inglés>"
	"inglés" Noun NC Plural lang:es 00:00:47 00:00:54 tt-2619 MM015_1963_EP_SU2011_AD_09 
"<$.>"
	"." Punctuation FS lang:es 00:00:47 00:00:54 tt-2620 MM015_1963_EP_SU2011_AD_09 

"<Eso>"
	"ese" Determiner DM Singular lang:es 00:00:47 00:00:54 tt-2621 MM015_1963_EP_SU2011_AD_09 
"<fue>"
	"ser" Verb VSfin Pret Indi Sing 3rd lang:es 00:00:47 00:00:54 tt-2622 MM015_1963_EP_SU2011_AD_09 @Gram:SerEstar:Ser 
"<lo>"
	"el" Determiner ART Singular lang:es 00:01:10 00:01:17 tt-2623 MM015_1963_EP_SU2011_AD_09 @Gram:Det:Art 
"<malo>"
	"malo" Adjective ADJ Singular lang:es 00:01:10 00:01:17 tt-2624 MM015_1963_EP_SU2011_AD_09 
"<$.>"
	"." Punctuation FS lang:es 00:01:10 00:01:17 tt-2625 MM015_1963_EP_SU2011_AD_09 
</speaker>
</text>

