<text id="MM015_1963_EP_SU2011_AD_06">
<speaker type="int">
"<$¿>"
	"¿" Punctuation FS lang:es 00:00:00 00:00:07 tt-1066 MM015_1963_EP_SU2011_AD_06 
"<En>"
	"en" Preposition PREP lang:es 00:00:00 00:00:07 tt-1067 MM015_1963_EP_SU2011_AD_06 @Gram:Prep 
"<que>"
	"que" Conjunction CQUE lang:es 00:00:00 00:00:07 tt-1068 MM015_1963_EP_SU2011_AD_06 
"<formas>"
	"forma" Noun NC Plural lang:es 00:00:00 00:00:07 tt-1069 MM015_1963_EP_SU2011_AD_06 
"<crees>"
	"crear|creer" Verb VLfin Pres Indi Sing 2nd lang:es 00:00:00 00:00:07 tt-1070 MM015_1963_EP_SU2011_AD_06 
"<que>"
	"que" Conjunction CQUE lang:es 00:00:00 00:00:07 tt-1071 MM015_1963_EP_SU2011_AD_06 
"<es>"
	"ser" Verb VSfin Pres Indi Sing 3rd lang:es 00:00:00 00:00:07 tt-1072 MM015_1963_EP_SU2011_AD_06 @Gram:SerEstar:Ser 
"<más>"
	"más" Adverb ADV lang:es 00:00:00 00:00:07 tt-1073 MM015_1963_EP_SU2011_AD_06 
"<difícil>"
	"difícil" Adjective ADJ Singular lang:es 00:00:00 00:00:07 tt-1074 MM015_1963_EP_SU2011_AD_06 
"<o>"
	"o" Conjunction CC lang:es 00:00:00 00:00:07 tt-1075 MM015_1963_EP_SU2011_AD_06 
"<más>"
	"más" Adverb ADV lang:es 00:00:00 00:00:07 tt-1076 MM015_1963_EP_SU2011_AD_06 
"<fácil>"
	"fácil" Adjective ADJ Singular lang:es 00:00:00 00:00:07 tt-1077 MM015_1963_EP_SU2011_AD_06 
"<educar>"
	"educar" Verb VLinf Infinitive lang:es 00:00:00 00:00:07 tt-1078 MM015_1963_EP_SU2011_AD_06 
"<a>"
	"a" Preposition PREP lang:es 00:00:00 00:00:07 tt-1079 MM015_1963_EP_SU2011_AD_06 @Gram:Prep 
"<tus>"
	"UNK" Noun NC Plural lang:es 00:00:00 00:00:07 tt-1080 MM015_1963_EP_SU2011_AD_06 
"<hijos>"
	"hijo" Noun NC Plural lang:es 00:00:00 00:00:07 tt-1081 MM015_1963_EP_SU2011_AD_06 
"<en>"
	"en" Preposition PREP lang:es 00:00:00 00:00:07 tt-1082 MM015_1963_EP_SU2011_AD_06 @Gram:Prep 
"<este>"
	"este" Determiner DM Singular lang:es 00:00:00 00:00:07 tt-1083 MM015_1963_EP_SU2011_AD_06 @Gram:Det:Demo 
"<país>"
	"país" Noun NC Plural lang:es 00:00:00 00:00:07 tt-1084 MM015_1963_EP_SU2011_AD_06 
"<en>"
	"en" Preposition PREP lang:es 00:00:08 00:00:11 tt-1085 MM015_1963_EP_SU2011_AD_06 @Gram:Prep 
"<comparación>"
	"comparación" Noun NC Singular lang:es 00:00:08 00:00:11 tt-1086 MM015_1963_EP_SU2011_AD_06 
"<con>"
	"con" Preposition PREP lang:es 00:00:08 00:00:11 tt-1087 MM015_1963_EP_SU2011_AD_06 @Gram:Prep 
"<tu>"
	"tú" Pronoun PPX Singular lang:es 00:00:08 00:00:11 tt-1088 MM015_1963_EP_SU2011_AD_06 @Gram:Pron:Sujeto 
"<país>"
	"país" Noun NC Plural lang:es 00:00:08 00:00:11 tt-1089 MM015_1963_EP_SU2011_AD_06 
"<de>"
	"de" Preposition PREP lang:es 00:00:08 00:00:11 tt-1090 MM015_1963_EP_SU2011_AD_06 @Gram:Prep 
"<origen>"
	"origen" Noun NC Singular lang:es 00:00:08 00:00:11 tt-1091 MM015_1963_EP_SU2011_AD_06 
"<$?>"
	"?" Punctuation FS lang:es 00:00:08 00:00:11 tt-1092 MM015_1963_EP_SU2011_AD_06 

"<No>"
	"no" Adverb NEG lang:es 00:00:11 00:00:18 tt-1093 MM015_1963_EP_SU2011_AD_06 
"<sabría>"
	"saber" Verb VLfin Cond Indi Sing 1st_or_3rd lang:es 00:00:11 00:00:18 tt-1094 MM015_1963_EP_SU2011_AD_06 
"<la>"
	"el" Determiner ART Singular lang:es 00:00:11 00:00:18 tt-1095 MM015_1963_EP_SU2011_AD_06 @Gram:Det:Art 
"<respuesta>"
	"respuesta" Noun NC Singular lang:es 00:00:11 00:00:18 tt-1096 MM015_1963_EP_SU2011_AD_06 
"<porque>"
	"porque" Conjunction CSUBX lang:es 00:00:11 00:00:18 tt-1097 MM015_1963_EP_SU2011_AD_06 @Prag:MarcadoresDisc:Causa 
"<los>"
	"él" Pronoun PPC Plural lang:es 00:00:11 00:00:18 tt-1098 MM015_1963_EP_SU2011_AD_06 @Gram:Pron:Objeto 
"<tengo>"
	"tener" Verb VLfin Pres Indi Sing 1st lang:es 00:00:11 00:00:18 tt-1099 MM015_1963_EP_SU2011_AD_06 
"<aquí>"
	"aquí" Adverb ADV lang:es 00:00:11 00:00:18 tt-1100 MM015_1963_EP_SU2011_AD_06 
"<desde>"
	"desde" Preposition PREP lang:es 00:00:11 00:00:18 tt-1101 MM015_1963_EP_SU2011_AD_06 @Gram:Prep 
"<que>"
	"que" Conjunction CQUE lang:es 00:00:11 00:00:18 tt-1102 MM015_1963_EP_SU2011_AD_06 
"<nacieron>"
	"nacer" Verb VLfin Pret Indi Plural 3rd lang:es 00:00:11 00:00:18 tt-1103 MM015_1963_EP_SU2011_AD_06 @Gram:Indefinido 
"<$.>"
	"." Punctuation FS lang:es 00:00:11 00:00:18 tt-1104 MM015_1963_EP_SU2011_AD_06 

"<Y>"
	"y" Conjunction CC lang:es 00:00:11 00:00:18 tt-1105 MM015_1963_EP_SU2011_AD_06 
"<cuando>"
	"cuando" Conjunction CSUBX lang:es 00:00:11 00:00:18 tt-1106 MM015_1963_EP_SU2011_AD_06 
"<empezaron>"
	"empezar" Verb VLfin Pret Indi Plural 3rd lang:es 00:00:11 00:00:18 tt-1107 MM015_1963_EP_SU2011_AD_06 @Gram:Indefinido 
"<ellos>"
	"él" Pronoun PPX Plural lang:es 00:00:19 00:00:25 tt-1108 MM015_1963_EP_SU2011_AD_06 @Gram:Pron:Sujeto 
"<su>"
	"suyo" Pronoun PPO Singular lang:es 00:00:19 00:00:25 tt-1109 MM015_1963_EP_SU2011_AD_06 
"<estudio>"
	"estudio" Noun NC Singular lang:es 00:00:19 00:00:25 tt-1110 MM015_1963_EP_SU2011_AD_06 
"<aquí>"
	"aquí" Adverb ADV lang:es 00:00:19 00:00:25 tt-1111 MM015_1963_EP_SU2011_AD_06 
"<este>"
	"este" Noun NC Singular lang:es 00:00:19 00:00:25 tt-1112 MM015_1963_EP_SU2011_AD_06 
"<...>"
	"..." Punctuation DOTS lang:es 00:00:19 00:00:25 tt-1113 MM015_1963_EP_SU2011_AD_06 
"<me>"
	"yo" Pronoun PPX Singular lang:es 00:00:19 00:00:25 tt-1114 MM015_1963_EP_SU2011_AD_06 @Gram:Pron:Objeto ID:49 R:Gram:Gustar:Propios:50 
"<encantó>"
	"encantar" Verb VLfin Pret Indi Sing 3rd lang:es 00:00:19 00:00:25 tt-1115 MM015_1963_EP_SU2011_AD_06 @Gram:Indefinido ID:50 
"<como>"
	"como" Conjunction CSUBX lang:es 00:00:19 00:00:25 tt-1116 MM015_1963_EP_SU2011_AD_06 
"<era>"
	"ser" Verb VEfin Imp Indi Sing 1st_or_3rd lang:es 00:00:19 00:00:25 tt-1117 MM015_1963_EP_SU2011_AD_06 @Gram:Imperf @Gram:SerEstar:Ser 
"<su>"
	"suyo" Pronoun PPO Singular lang:es 00:00:19 00:00:25 tt-1118 MM015_1963_EP_SU2011_AD_06 
"<educación>"
	"educación" Noun NC Singular lang:es 00:00:19 00:00:25 tt-1119 MM015_1963_EP_SU2011_AD_06 
"<desde>"
	"desde" Preposition PREP lang:es 00:00:19 00:00:25 tt-1120 MM015_1963_EP_SU2011_AD_06 @Gram:Prep 
"<chiquitos>"
	"chico" Noun NC Plural lang:es 00:00:19 00:00:25 tt-1121 MM015_1963_EP_SU2011_AD_06 
"<,>"
	"," Punctuation CM lang:es 00:00:19 00:00:25 tt-1122 MM015_1963_EP_SU2011_AD_06 
"<desde>"
	"desde" Preposition PREP lang:es 00:00:19 00:00:25 tt-1123 MM015_1963_EP_SU2011_AD_06 @Gram:Prep 
"<hasta>"
	"hasta" Preposition PREP lang:es 00:00:25 00:00:31 tt-1126 MM015_1963_EP_SU2011_AD_06 @Gram:Prep 
"<la>"
	"el" Determiner ART Singular lang:es 00:00:25 00:00:31 tt-1127 MM015_1963_EP_SU2011_AD_06 @Gram:Det:Art 
"<universidad>"
	"universidad" Noun NC Singular lang:es 00:00:25 00:00:31 tt-1128 MM015_1963_EP_SU2011_AD_06 
"<$.>"
	"." Punctuation FS lang:es 00:00:25 00:00:31 tt-1129 MM015_1963_EP_SU2011_AD_06 

"<Me>"
	"yo" Pronoun PPX Singular lang:es 00:00:25 00:00:31 tt-1130 MM015_1963_EP_SU2011_AD_06 @Gram:Pron:Objeto 
"<ha>"
	"haber" Verb VHfin Pres Indi Sing 3rd lang:es 00:00:25 00:00:31 tt-1131 MM015_1963_EP_SU2011_AD_06 ID:64 R:Gram:PerfPerif:65 
"<gustado>"
	"gustar" Verb VLadj lang:es 00:00:25 00:00:31 tt-1132 MM015_1963_EP_SU2011_AD_06 ID:65 
"<mucho>"
	"mucho" Adverb ADV lang:es 00:00:25 00:00:31 tt-1133 MM015_1963_EP_SU2011_AD_06 
"<y>"
	"y" Conjunction CC lang:es 00:00:25 00:00:31 tt-1134 MM015_1963_EP_SU2011_AD_06 
"<no>"
	"no" Adverb NEG lang:es 00:00:25 00:00:31 tt-1135 MM015_1963_EP_SU2011_AD_06 
"<sé>"
	"saber|ser" Verb VLfin Pres Indi Sing 1st lang:es 00:00:25 00:00:31 tt-1136 MM015_1963_EP_SU2011_AD_06 
"<cómo>"
	"cómo" Adverb ADV lang:es 00:00:25 00:00:31 tt-1137 MM015_1963_EP_SU2011_AD_06 
"<sería>"
	"ser" Verb VSfin Cond Indi Sing 1st_or_3rd lang:es 00:00:25 00:00:31 tt-1138 MM015_1963_EP_SU2011_AD_06 @Gram:SerEstar:Ser 
"<el>"
	"el" Determiner ART Singular lang:es 00:00:25 00:00:31 tt-1139 MM015_1963_EP_SU2011_AD_06 @Gram:Det:Art 
"<estudio>"
	"estudio" Noun NC Singular lang:es 00:00:25 00:00:31 tt-1140 MM015_1963_EP_SU2011_AD_06 
"<para>"
	"para" Preposition PREP lang:es 00:00:25 00:00:31 tt-1141 MM015_1963_EP_SU2011_AD_06 @Gram:Prep:Para 
"<ellos>"
	"él" Pronoun PPX Plural lang:es 00:00:31 00:00:37 tt-1142 MM015_1963_EP_SU2011_AD_06 @Gram:Pron:Sujeto 
"<en>"
	"en" Preposition PREP lang:es 00:00:31 00:00:37 tt-1143 MM015_1963_EP_SU2011_AD_06 @Gram:Prep 
"<México>"
	"México" Noun NP Singular lang:es 00:00:31 00:00:37 tt-1144 MM015_1963_EP_SU2011_AD_06 
"<$.>"
	"." Punctuation FS lang:es 00:00:31 00:00:37 tt-1145 MM015_1963_EP_SU2011_AD_06 

"<No>"
	"no" Adverb NEG lang:es 00:00:31 00:00:37 tt-1146 MM015_1963_EP_SU2011_AD_06 
"<sabría>"
	"saber" Verb VLfin Cond Indi Sing 1st_or_3rd lang:es 00:00:31 00:00:37 tt-1147 MM015_1963_EP_SU2011_AD_06 
"<o>"
	"o" Adverb ADV lang:es 00:00:31 00:00:37 tt-1148 MM015_1963_EP_SU2011_AD_06 ID:81 R:Prag:MarcadoresDisc:Igualdad:82 
"<sea>"
	"sea" Adverb ADV lang:es 00:00:31 00:00:37 tt-1149 MM015_1963_EP_SU2011_AD_06 ID:82 
"<...>"
	"..." Punctuation DOTS lang:es 00:00:31 00:00:37 tt-1150 MM015_1963_EP_SU2011_AD_06 
"<decirlo>"
	"decir" Verb VLinf Pres Indi Sing 1st lang:es 00:00:31 00:00:37 tt-1151 MM015_1963_EP_SU2011_AD_06 
"<$.>"
	"." Punctuation FS lang:es 00:00:31 00:00:37 tt-1152 MM015_1963_EP_SU2011_AD_06 
</speaker>
</text>

