<text id="MM014_1961_EP_SU2011_AD_13">
<speaker type="int">
"<Sí>"
	"sí" Adverb ADV lang:es 00:00:00 00:00:07 tt-2643 MM014_1961_EP_SU2011_AD_13 
"<$.>"
	"." Punctuation FS lang:es 00:00:00 00:00:07 tt-2644 MM014_1961_EP_SU2011_AD_13 

"<$¿>"
	"¿" Punctuation FS lang:es 00:00:00 00:00:07 tt-2645 MM014_1961_EP_SU2011_AD_13 
"<En>"
	"en" Preposition PREP lang:es 00:00:00 00:00:07 tt-2646 MM014_1961_EP_SU2011_AD_13 @Gram:Prep ADD:624 
"<qué>"
	"qué" Pronoun INT Singular lang:es 00:00:00 00:00:07 tt-2647 MM014_1961_EP_SU2011_AD_13 
"<ha>"
	"haber" Verb VHfin Pres Indi Sing 3rd lang:es 00:00:00 00:00:07 tt-2648 MM014_1961_EP_SU2011_AD_13 ID:6 R:Gram:Aux:Haber:7 R:Gram:PerfPerif:7 ADDRELATION():705 
"<resultado>"
	"resultar" Verb VLadj lang:es 00:00:00 00:00:07 tt-2649 MM014_1961_EP_SU2011_AD_13 ID:7 
"<diferente>"
	"diferente" Adjective ADJ Singular lang:es 00:00:00 00:00:07 tt-2650 MM014_1961_EP_SU2011_AD_13 
"<su>"
	"suyo" Pronoun PPO Singular lang:es 00:00:00 00:00:07 tt-2651 MM014_1961_EP_SU2011_AD_13 @Gram:Det:Pos ADD:456 
"<vida>"
	"vida" Noun NC Singular lang:es 00:00:00 00:00:07 tt-2652 MM014_1961_EP_SU2011_AD_13 
"<de>"
	"de" Preposition PREP lang:es 00:00:00 00:00:07 tt-2653 MM014_1961_EP_SU2011_AD_13 @Gram:Prep ADD:624 
"<lo>"
	"el" Determiner ART Singular lang:es 00:00:00 00:00:07 tt-2654 MM014_1961_EP_SU2011_AD_13 ID:12 R:Gram:Det:LoAdj:13 ADDRELATION(Gram:Det:LoAdj):432 
"<que>"
	"que" Conjunction CQUE lang:es 00:00:00 00:00:07 tt-2655 MM014_1961_EP_SU2011_AD_13 ID:13 
"<había>"
	"haber" Verb VHfin Imp Indi Sing 1st_or_3rd lang:es 00:00:00 00:00:07 tt-2656 MM014_1961_EP_SU2011_AD_13 
"<imaginado>"
	"imaginar" Verb VLadj lang:es 00:00:00 00:00:07 tt-2657 MM014_1961_EP_SU2011_AD_13 
"<$?>"
	"?" Punctuation FS lang:es 00:00:00 00:00:07 tt-2658 MM014_1961_EP_SU2011_AD_13 
</speaker>
<speaker type="subj">

"<Pues>"
	"pues" Conjunction CSUBF lang:es 00:00:11 00:00:18 tt-2659 MM014_1961_EP_SU2011_AD_13 
"<,>"
	"," Punctuation CM lang:es 00:00:11 00:00:18 tt-2660 MM014_1961_EP_SU2011_AD_13 
"<eh>"
	"eh" Noun NP Singular lang:es 00:00:11 00:00:18 tt-2661 MM014_1961_EP_SU2011_AD_13 
"<...>"
	"..." Punctuation DOTS lang:es 00:00:11 00:00:18 tt-2662 MM014_1961_EP_SU2011_AD_13 
"<dicen>"
	"decir" Verb VLfin Pres Indi Plural 3rd lang:es 00:00:11 00:00:18 tt-2663 MM014_1961_EP_SU2011_AD_13 
"<que>"
	"que" Conjunction CQUE lang:es 00:00:11 00:00:18 tt-2664 MM014_1961_EP_SU2011_AD_13 
"<tiene>"
	"tener" Verb VLfin Pres Indi Sing 3rd lang:es 00:00:11 00:00:18 tt-2665 MM014_1961_EP_SU2011_AD_13 
"<uno>"
	"uno" Determiner CARD Singular lang:es 00:00:11 00:00:18 tt-2666 MM014_1961_EP_SU2011_AD_13 
"<que>"
	"que" Conjunction CQUE lang:es 00:00:11 00:00:18 tt-2667 MM014_1961_EP_SU2011_AD_13 
"<soñar>"
	"soñar" Verb VLinf Infinitive lang:es 00:00:11 00:00:18 tt-2668 MM014_1961_EP_SU2011_AD_13 SUBSTITUTE:329 
"<para>"
	"para" Preposition PREP lang:es 00:00:11 00:00:18 tt-2669 MM014_1961_EP_SU2011_AD_13 @Gram:Prep:Para SUBSTITUTE:345 ADD:569 
"<poder>"
	"poder" Verb VLinf VMinf lang:es 00:00:11 00:00:18 tt-2670 MM014_1961_EP_SU2011_AD_13 SUBSTITUTE:329 
"<lograr>"
	"lograr" Verb VLinf Infinitive lang:es 00:00:11 00:00:18 tt-2671 MM014_1961_EP_SU2011_AD_13 SUBSTITUTE:329 
"<lo>"
	"el" Determiner ART Singular lang:es 00:00:11 00:00:18 tt-2672 MM014_1961_EP_SU2011_AD_13 ID:30 R:Gram:Det:LoAdj:31 ADDRELATION(Gram:Det:LoAdj):432 
"<que>"
	"que" Conjunction CQUE lang:es 00:00:11 00:00:18 tt-2673 MM014_1961_EP_SU2011_AD_13 ID:31 
"<uno>"
	"uno" Determiner CARD Singular lang:es 00:00:11 00:00:18 tt-2674 MM014_1961_EP_SU2011_AD_13 @Gram:Pron:Sujeto ADD:642 
"<quiere>"
	"querer" Verb VLfin Pres Indi Sing 3rd lang:es 00:00:11 00:00:18 tt-2675 MM014_1961_EP_SU2011_AD_13 
"<$.>"
	"." Punctuation FS lang:es 00:00:11 00:00:18 tt-2676 MM014_1961_EP_SU2011_AD_13 

"<Posiblemente>"
	"posiblemente" Adverb ADV lang:es 00:00:11 00:00:18 tt-2677 MM014_1961_EP_SU2011_AD_13 
"<,>"
	"," Punctuation CM lang:es 00:00:11 00:00:18 tt-2678 MM014_1961_EP_SU2011_AD_13 
"<he>"
	"haber" Verb VHfin Pres Indi Sing 1st lang:es 00:00:24 00:00:31 tt-2679 MM014_1961_EP_SU2011_AD_13 ID:37 R:Gram:Aux:Haber:38 R:Gram:PerfPerif:38 ADDRELATION():705 
"<alcanzado>"
	"alcanzar" Verb VLadj lang:es 00:00:24 00:00:31 tt-2680 MM014_1961_EP_SU2011_AD_13 ID:38 
"<algunas>"
	"alguno" Determiner QU lang:es 00:00:24 00:00:31 tt-2681 MM014_1961_EP_SU2011_AD_13 @Gram:Det:CuantIndef ADD:473 
"<metas>"
	"meta" Noun NC Plural lang:es 00:00:24 00:00:31 tt-2682 MM014_1961_EP_SU2011_AD_13 
"<,>"
	"," Punctuation CM lang:es 00:00:24 00:00:31 tt-2683 MM014_1961_EP_SU2011_AD_13 
"<mas>"
	"mas" Conjunction CCAD lang:es 00:00:24 00:00:31 tt-2684 MM014_1961_EP_SU2011_AD_13 
"<todavía>"
	"todavía" Adverb ADV lang:es 00:00:24 00:00:31 tt-2685 MM014_1961_EP_SU2011_AD_13 
"<no>"
	"no" Adverb NEG lang:es 00:00:24 00:00:31 tt-2686 MM014_1961_EP_SU2011_AD_13 
"<he>"
	"haber" Verb VHfin Pres Indi Sing 1st lang:es 00:00:24 00:00:31 tt-2687 MM014_1961_EP_SU2011_AD_13 ID:45 R:Gram:Aux:Haber:46 R:Gram:PerfPerif:46 ADDRELATION():705 
"<cumplido>"
	"cumplir" Verb VLadj lang:es 00:00:24 00:00:31 tt-2688 MM014_1961_EP_SU2011_AD_13 ID:46 
"<todos>"
	"todo" Determiner QU lang:es 00:00:24 00:00:31 tt-2689 MM014_1961_EP_SU2011_AD_13 ID:47 R:Gram:Det:Combi:48 ADDRELATION(Gram:Det:Combi):499 
"<mis>"
	"mío" Pronoun PPO Plural lang:es 00:00:24 00:00:31 tt-2690 MM014_1961_EP_SU2011_AD_13 @Gram:Det:Pos ID:48 SUBSTITUTE:318 ADD:457 
"<sueños>"
	"sueño" Noun NC Plural lang:es 00:00:24 00:00:31 tt-2691 MM014_1961_EP_SU2011_AD_13 
"<,>"
	"," Punctuation CM lang:es 00:00:24 00:00:31 tt-2692 MM014_1961_EP_SU2011_AD_13 
"<entonces>"
	"entonces" Adverb ADV lang:es 00:00:24 00:00:31 tt-2693 MM014_1961_EP_SU2011_AD_13 
"<,>"
	"," Punctuation CM lang:es 00:00:24 00:00:31 tt-2694 MM014_1961_EP_SU2011_AD_13 
"<todavía>"
	"todavía" Adverb ADV lang:es 00:00:32 00:00:39 tt-2695 MM014_1961_EP_SU2011_AD_13 
"<estoy>"
	"estar" Verb VEfin Pres Indi Sing 1st lang:es 00:00:32 00:00:39 tt-2696 MM014_1961_EP_SU2011_AD_13 @Gram:SerEstar:Estar ADD:822 
"<vivo>"
	"vivo" Adjective ADJ Singular lang:es 00:00:32 00:00:39 tt-2697 MM014_1961_EP_SU2011_AD_13 
"<,>"
	"," Punctuation CM lang:es 00:00:32 00:00:39 tt-2698 MM014_1961_EP_SU2011_AD_13 
"<todavía>"
	"todavía" Adverb ADV lang:es 00:00:32 00:00:39 tt-2699 MM014_1961_EP_SU2011_AD_13 
"<pienso>"
	"pensar" Verb VLfin Pres Indi Sing 1st lang:es 00:00:32 00:00:39 tt-2700 MM014_1961_EP_SU2011_AD_13 
"<alcanzar>"
	"alcanzar" Verb VLinf Infinitive lang:es 00:00:32 00:00:39 tt-2701 MM014_1961_EP_SU2011_AD_13 SUBSTITUTE:329 
"<una>"
	"un" Determiner ART Singular lang:es 00:00:32 00:00:39 tt-2702 MM014_1961_EP_SU2011_AD_13 
"<que>"
	"que" Conjunction CQUE lang:es 00:00:32 00:00:39 tt-2703 MM014_1961_EP_SU2011_AD_13 
"<otra>"
	"otro" Determiner QU lang:es 00:00:32 00:00:39 tt-2704 MM014_1961_EP_SU2011_AD_13 
"<meta>"
	"meta" Noun NC Singular lang:es 00:00:32 00:00:39 tt-2705 MM014_1961_EP_SU2011_AD_13 
"<más>"
	"más" Adverb ADV lang:es 00:00:32 00:00:39 tt-2706 MM014_1961_EP_SU2011_AD_13 
"<$.>"
	"." Punctuation FS lang:es 00:00:32 00:00:39 tt-2707 MM014_1961_EP_SU2011_AD_13 
</speaker>
<speaker type="int">

"<Sí>"
	"sí" Adverb ADV lang:es 00:00:39 00:00:46 tt-2708 MM014_1961_EP_SU2011_AD_13 
"<$.>"
	"." Punctuation FS lang:es 00:00:39 00:00:46 tt-2709 MM014_1961_EP_SU2011_AD_13 

"<$¿>"
	"¿" Punctuation FS lang:es 00:00:39 00:00:46 tt-2710 MM014_1961_EP_SU2011_AD_13 
"<Se>"
	"se" Other SE lang:es 00:00:39 00:00:46 tt-2711 MM014_1961_EP_SU2011_AD_13 
"<arrepiente>"
	"UNK" Verb VLfin Pres Command Plural 2nd lang:es 00:00:39 00:00:46 tt-2712 MM014_1961_EP_SU2011_AD_13 
"<de>"
	"de" Preposition PREP lang:es 00:00:39 00:00:46 tt-2713 MM014_1961_EP_SU2011_AD_13 @Gram:Prep ADD:624 
"<algo>"
	"algo" Determiner QU lang:es 00:00:39 00:00:46 tt-2714 MM014_1961_EP_SU2011_AD_13 @Gram:Det:Pron ADD:484 
"<$?>"
	"?" Punctuation FS lang:es 00:00:39 00:00:46 tt-2715 MM014_1961_EP_SU2011_AD_13 
</speaker>
<speaker type="subj">

"<Pues>"
	"pues" Conjunction CSUBF lang:es 00:00:47 00:00:54 tt-2716 MM014_1961_EP_SU2011_AD_13 
"<,>"
	"," Punctuation CM lang:es 00:00:47 00:00:54 tt-2717 MM014_1961_EP_SU2011_AD_13 
"<tal>"
	"tal" Adverb ADV lang:es 00:00:47 00:00:54 tt-2718 MM014_1961_EP_SU2011_AD_13 ID:76 R:Prag:MarcadoresDisc:Probabilidad:77 ADDRELATION(Prag:MarcadoresDisc:Probabilidad):1156 
"<vez>"
	"vez" Adverb ADV lang:es 00:00:47 00:00:54 tt-2719 MM014_1961_EP_SU2011_AD_13 ID:77 
"<a>"
	"a" Preposition PREP Adverb ADV lang:es 00:00:47 00:00:54 tt-2720 MM014_1961_EP_SU2011_AD_13 @Gram:Prep SUBSTITUTE:398 ADD:624 
"<veces>"
	"veces" Adverb ADV lang:es 00:00:47 00:00:54 tt-2721 MM014_1961_EP_SU2011_AD_13 
"<de>"
	"de" Preposition PREP lang:es 00:00:47 00:00:54 tt-2722 MM014_1961_EP_SU2011_AD_13 @Gram:Prep ADD:624 
"<ser>"
	"ser" Verb VLinf VSinf Infinitive lang:es 00:00:47 00:00:54 tt-2723 MM014_1961_EP_SU2011_AD_13 @Gram:SerEstar:Ser SUBSTITUTE:329 ADD:813 
"<demasiado>"
	"demasiado" Adverb ADV lang:es 00:00:47 00:00:54 tt-2724 MM014_1961_EP_SU2011_AD_13 
"<confiado>"
	"confiar" Verb VLadj lang:es 00:00:47 00:00:54 tt-2725 MM014_1961_EP_SU2011_AD_13 
"<,>"
	"," Punctuation CM lang:es 00:00:47 00:00:54 tt-2726 MM014_1961_EP_SU2011_AD_13 
"<de>"
	"de" Conjunction CSUBI lang:es 00:00:47 00:00:54 tt-2727 MM014_1961_EP_SU2011_AD_13 
"<confiar>"
	"confiar" Verb VLinf Infinitive lang:es 00:00:47 00:00:54 tt-2728 MM014_1961_EP_SU2011_AD_13 SUBSTITUTE:329 
"<mucho>"
	"mucho" Adverb ADV lang:es 00:00:47 00:00:54 tt-2729 MM014_1961_EP_SU2011_AD_13 
"<en>"
	"en" Preposition PREP lang:es 00:00:47 00:00:54 tt-2730 MM014_1961_EP_SU2011_AD_13 @Gram:Prep ADD:624 
"<la>"
	"el" Determiner ART Singular Fem lang:es 00:00:47 00:00:54 tt-2731 MM014_1961_EP_SU2011_AD_13 @Gram:Det:Art ADD:426 
"<gente>"
	"gente" Noun NC Singular lang:es 00:00:47 00:00:54 tt-2732 MM014_1961_EP_SU2011_AD_13 
"<,>"
	"," Punctuation CM lang:es 00:00:47 00:00:54 tt-2733 MM014_1961_EP_SU2011_AD_13 
"<y>"
	"y" Conjunciton Conjunction CC lang:es 00:00:47 00:00:54 tt-2734 MM014_1961_EP_SU2011_AD_13 SUBSTITUTE:394 
"<que>"
	"que" Conjunction CQUE lang:es 00:00:57 00:01:01 tt-2735 MM014_1961_EP_SU2011_AD_13 
"<pues>"
	"pues" Conjunction CSUBF lang:es 00:00:57 00:01:01 tt-2736 MM014_1961_EP_SU2011_AD_13 
"<no>"
	"no" Adverb NEG lang:es 00:00:57 00:01:01 tt-2737 MM014_1961_EP_SU2011_AD_13 
"<siempre>"
	"siempre" Adverb ADV lang:es 00:00:57 00:01:01 tt-2738 MM014_1961_EP_SU2011_AD_13 
"<es>"
	"ser" Verb VSfin Pres Indi Sing 3rd lang:es 00:00:57 00:01:01 tt-2739 MM014_1961_EP_SU2011_AD_13 @Gram:SerEstar:Ser ADD:813 
"<,>"
	"," Punctuation CM lang:es 00:00:57 00:01:01 tt-2740 MM014_1961_EP_SU2011_AD_13 
"<es>"
	"ser" Verb VSfin Pres Indi Sing 3rd lang:es 00:00:57 00:01:01 tt-2741 MM014_1961_EP_SU2011_AD_13 @Gram:SerEstar:Ser ADD:813 
"<lo>"
	"el" Determiner ART Singular lang:es 00:00:57 00:01:01 tt-2742 MM014_1961_EP_SU2011_AD_13 
"<mejor>"
	"bueno" Adjective ADJ Singular lang:es 00:00:57 00:01:01 tt-2743 MM014_1961_EP_SU2011_AD_13 
"<$.>"
	"." Punctuation FS lang:es 00:00:57 00:01:01 tt-2744 MM014_1961_EP_SU2011_AD_13 
</speaker>
</text>

