<text id="MM043_1986_CT_SU2011_ER_02">
<speaker type="int">
"<$¿>"
	"¿" Punctuation FS lang:es 00:00:00 00:00:07 tt-85 MM043_1986_CT_SU2011_ER_02 
"<Y>"
	"y" Conjunction CC lang:es 00:00:00 00:00:07 tt-86 MM043_1986_CT_SU2011_ER_02 
"<cuánto>"
	"UNK" Verb VLfin Pres Indi Sing 1st lang:es 00:00:00 00:00:07 tt-87 MM043_1986_CT_SU2011_ER_02 
"<tiempo>"
	"tiempo" Noun NC Singular lang:es 00:00:00 00:00:07 tt-88 MM043_1986_CT_SU2011_ER_02 
"<este>"
	"este" Noun NC Singular lang:es 00:00:00 00:00:07 tt-89 MM043_1986_CT_SU2011_ER_02 
"<...>"
	"..." Punctuation DOTS lang:es 00:00:00 00:00:07 tt-90 MM043_1986_CT_SU2011_ER_02 
"<viviste>"
	"UNK" Verb VLfin Pret Indi Sing 2nd lang:es 00:00:00 00:00:07 tt-91 MM043_1986_CT_SU2011_ER_02 @Gram:Indefinido 
"<en>"
	"en" Preposition PREP lang:es 00:00:00 00:00:07 tt-92 MM043_1986_CT_SU2011_ER_02 @Gram:Prep 
"<México>"
	"México" Noun NP Singular lang:es 00:00:00 00:00:07 tt-93 MM043_1986_CT_SU2011_ER_02 
"<antes>"
	"antes" Adverb ADV lang:es 00:00:00 00:00:07 tt-94 MM043_1986_CT_SU2011_ER_02 
"<de>"
	"de" Conjunction CSUBI lang:es 00:00:00 00:00:07 tt-95 MM043_1986_CT_SU2011_ER_02 
"<venir>"
	"venir" Verb VLinf Infinitive lang:es 00:00:00 00:00:07 tt-96 MM043_1986_CT_SU2011_ER_02 
"<a>"
	"a" Preposition PREP lang:es 00:00:00 00:00:07 tt-97 MM043_1986_CT_SU2011_ER_02 @Gram:Prep 
"<los>"
	"el" Determiner ART Plural lang:es 00:00:00 00:00:07 tt-98 MM043_1986_CT_SU2011_ER_02 @Gram:Det:Art 
"<Estados>"
	"Estados" Noun NP Plural lang:es 00:00:00 00:00:07 tt-99 MM043_1986_CT_SU2011_ER_02 ID:15 R:Vocab:Entities:Geo:16 
"<Unidos>"
	"Unidos" Noun NP Plural lang:es 00:00:00 00:00:07 tt-100 MM043_1986_CT_SU2011_ER_02 ID:16 
"<$?>"
	"?" Punctuation FS lang:es 00:00:00 00:00:07 tt-101 MM043_1986_CT_SU2011_ER_02 
</speaker>
<speaker type="subj">

"<Viví>"
	"vivir" Verb VLfin Pret Indi Sing 1st lang:es 00:00:08 00:00:15 tt-102 MM043_1986_CT_SU2011_ER_02 @Gram:Indefinido 
"<en>"
	"en" Preposition PREP lang:es 00:00:08 00:00:15 tt-103 MM043_1986_CT_SU2011_ER_02 @Gram:Prep 
"<México>"
	"México" Noun NP Singular lang:es 00:00:08 00:00:15 tt-104 MM043_1986_CT_SU2011_ER_02 
"<hasta>"
	"hasta" Preposition PREP lang:es 00:00:08 00:00:15 tt-105 MM043_1986_CT_SU2011_ER_02 @Gram:Prep 
"<el>"
	"el" Determiner ART Singular lang:es 00:00:08 00:00:15 tt-106 MM043_1986_CT_SU2011_ER_02 @Gram:Det:Art 
"<quinto>"
	"quinto" Adjective ORD Singular lang:es 00:00:08 00:00:15 tt-107 MM043_1986_CT_SU2011_ER_02 
"<grado>"
	"grado" Noun NMEA Singular lang:es 00:00:08 00:00:15 tt-108 MM043_1986_CT_SU2011_ER_02 
"<,>"
	"," Punctuation CM lang:es 00:00:08 00:00:15 tt-109 MM043_1986_CT_SU2011_ER_02 
"<tenía>"
	"tener" Verb VLfin Imp Indi Sing 1st_or_3rd lang:es 00:00:08 00:00:15 tt-110 MM043_1986_CT_SU2011_ER_02 @Gram:Imperf 
"<creo>"
	"crear|creer" Verb VLfin Pres Indi Sing 1st lang:es 00:00:08 00:00:15 tt-111 MM043_1986_CT_SU2011_ER_02 
"<como>"
	"como" Adverb ADV lang:es 00:00:08 00:00:15 tt-112 MM043_1986_CT_SU2011_ER_02 
"<once>"
	"once" Determiner CARD Singular lang:es 00:00:08 00:00:15 tt-113 MM043_1986_CT_SU2011_ER_02 
"<años>"
	"año" Noun NC Plural lang:es 00:00:08 00:00:15 tt-114 MM043_1986_CT_SU2011_ER_02 
"<$.>"
	"." Punctuation FS lang:es 00:00:08 00:00:15 tt-115 MM043_1986_CT_SU2011_ER_02 

"<En>"
	"en" Preposition PREP lang:es 00:00:08 00:00:15 tt-116 MM043_1986_CT_SU2011_ER_02 @Gram:Prep 
"<ese>"
	"ese" Determiner DM Singular lang:es 00:00:08 00:00:15 tt-117 MM043_1986_CT_SU2011_ER_02 
"<entonces>"
	"entonces" Adverb ADV lang:es 00:00:08 00:00:15 tt-118 MM043_1986_CT_SU2011_ER_02 
"<nos>"
	"nosotros" Pronoun PPX Plural lang:es 00:00:15 00:00:20 tt-119 MM043_1986_CT_SU2011_ER_02 @Gram:Pron:Objeto 
"<movimos>"
	"UNK" Verb VLfin Pres_or_Pret Indi Plural 1st lang:es 00:00:15 00:00:20 tt-120 MM043_1986_CT_SU2011_ER_02 
"<a>"
	"a" Preposition PREP lang:es 00:00:15 00:00:20 tt-121 MM043_1986_CT_SU2011_ER_02 @Gram:Prep 
"<El>"
	"el" Determiner ART Singular lang:es 00:00:15 00:00:20 tt-122 MM043_1986_CT_SU2011_ER_02 @Gram:Det:Art ID:38 R:Vocab:Entities:Geo:39 
"<Paso>"
	"paso" Noun NC Singular lang:es 00:00:15 00:00:20 tt-123 MM043_1986_CT_SU2011_ER_02 ID:39 
"<y>"
	"y" Conjunction CC lang:es 00:00:15 00:00:20 tt-124 MM043_1986_CT_SU2011_ER_02 
"<en>"
	"en" Preposition PREP lang:es 00:00:15 00:00:20 tt-125 MM043_1986_CT_SU2011_ER_02 @Gram:Prep 
"<El>"
	"el" Determiner ART Singular lang:es 00:00:15 00:00:20 tt-126 MM043_1986_CT_SU2011_ER_02 @Gram:Det:Art ID:42 R:Vocab:Entities:Geo:43 
"<Paso>"
	"paso" Noun NC Singular lang:es 00:00:15 00:00:20 tt-127 MM043_1986_CT_SU2011_ER_02 ID:43 
"<terminé>"
	"terminar" Verb VLfin Pret Indi Sing 1st lang:es 00:00:15 00:00:20 tt-128 MM043_1986_CT_SU2011_ER_02 @Gram:Indefinido 
"<mi>"
	"mío" Pronoun PPO Singular lang:es 00:00:15 00:00:20 tt-129 MM043_1986_CT_SU2011_ER_02 @Gram:Det:Pos 
"<quinto>"
	"quinto" Adjective ORD Singular lang:es 00:00:15 00:00:20 tt-130 MM043_1986_CT_SU2011_ER_02 
"<grado>"
	"grado" Noun NMEA Singular lang:es 00:00:15 00:00:20 tt-131 MM043_1986_CT_SU2011_ER_02 
"<$.>"
	"." Punctuation FS lang:es 00:00:15 00:00:20 tt-132 MM043_1986_CT_SU2011_ER_02 
</speaker>
<speaker type="int">

"<Así>"
	"así" Adverb ADV lang:es 00:00:20 00:00:24 tt-133 MM043_1986_CT_SU2011_ER_02 
"<que>"
	"que" Conjunction CQUE lang:es 00:00:20 00:00:24 tt-134 MM043_1986_CT_SU2011_ER_02 
"<la>"
	"el" Determiner ART Singular lang:es 00:00:20 00:00:24 tt-135 MM043_1986_CT_SU2011_ER_02 @Gram:Det:Art 
"<mayoría>"
	"mayoría" Noun NC Singular lang:es 00:00:20 00:00:24 tt-136 MM043_1986_CT_SU2011_ER_02 
"<de>"
	"de" Preposition PREP lang:es 00:00:20 00:00:24 tt-137 MM043_1986_CT_SU2011_ER_02 @Gram:Prep 
"<la>"
	"el" Determiner ART Singular lang:es 00:00:20 00:00:24 tt-138 MM043_1986_CT_SU2011_ER_02 @Gram:Det:Art 
"<primaria>"
	"primario" Adjective ADJ Singular lang:es 00:00:20 00:00:24 tt-139 MM043_1986_CT_SU2011_ER_02 
"<la>"
	"el" Determiner ART Singular lang:es 00:00:20 00:00:24 tt-140 MM043_1986_CT_SU2011_ER_02 @Gram:Pron:Objeto 
"<hiciste>"
	"hacer" Verb VLfin Pret Indi Sing 2nd lang:es 00:00:20 00:00:24 tt-141 MM043_1986_CT_SU2011_ER_02 @Gram:Indefinido 
"<en>"
	"en" Preposition PREP lang:es 00:00:20 00:00:24 tt-142 MM043_1986_CT_SU2011_ER_02 @Gram:Prep 
"<México>"
	"México" Noun NP Singular lang:es 00:00:20 00:00:24 tt-143 MM043_1986_CT_SU2011_ER_02 
"<$.>"
	"." Punctuation FS lang:es 00:00:20 00:00:24 tt-144 MM043_1986_CT_SU2011_ER_02 
</speaker>
<speaker type="subj">

"<En>"
	"en" Preposition PREP lang:es 00:00:24 00:00:26 tt-145 MM043_1986_CT_SU2011_ER_02 @Gram:Prep 
"<México>"
	"México" Noun NP Singular lang:es 00:00:24 00:00:26 tt-146 MM043_1986_CT_SU2011_ER_02 
"<,>"
	"," Punctuation CM lang:es 00:00:24 00:00:26 tt-147 MM043_1986_CT_SU2011_ER_02 
"<sí>"
	"sí" Adverb ADV lang:es 00:00:24 00:00:26 tt-148 MM043_1986_CT_SU2011_ER_02 
"<$.>"
	"." Punctuation FS lang:es 00:00:24 00:00:26 tt-149 MM043_1986_CT_SU2011_ER_02 
</speaker>
</text>

