<text id="MM043_1986_CT_SU2011_ER_03">
<speaker type="int">
"<Y>"
	"Y" Other ALFS lang:es 00:00:00 00:00:06 tt-150 MM043_1986_CT_SU2011_ER_03 
"<este>"
	"este" Noun NC Singular lang:es 00:00:00 00:00:06 tt-151 MM043_1986_CT_SU2011_ER_03 
"<...>"
	"..." Punctuation DOTS lang:es 00:00:00 00:00:06 tt-152 MM043_1986_CT_SU2011_ER_03 
"<durante>"
	"durante" Preposition PREP lang:es 00:00:00 00:00:06 tt-153 MM043_1986_CT_SU2011_ER_03 @Gram:Prep ADD:472 
"<tu>"
	"tú" Pronoun PPX Singular lang:es 00:00:00 00:00:06 tt-154 MM043_1986_CT_SU2011_ER_03 @Gram:Det:Pos ADD:350 
"<infancia>"
	"infancia" Noun NC Singular lang:es 00:00:00 00:00:06 tt-155 MM043_1986_CT_SU2011_ER_03 
"<,>"
	"," Punctuation CM lang:es 00:00:00 00:00:06 tt-156 MM043_1986_CT_SU2011_ER_03 
"<$¿>"
	"¿" Punctuation FS lang:es 00:00:00 00:00:06 tt-157 MM043_1986_CT_SU2011_ER_03 
"<qué>"
	"qué" Pronoun INT Singular lang:es 00:00:00 00:00:06 tt-158 MM043_1986_CT_SU2011_ER_03 
"<idiomas>"
	"idioma" Noun NC Plural lang:es 00:00:00 00:00:06 tt-159 MM043_1986_CT_SU2011_ER_03 
"<o>"
	"o" Conjunction CC lang:es 00:00:00 00:00:06 tt-160 MM043_1986_CT_SU2011_ER_03 
"<lenguas>"
	"lengua" Noun NC Plural lang:es 00:00:00 00:00:06 tt-161 MM043_1986_CT_SU2011_ER_03 
"<se>"
	"se" Other SE lang:es 00:00:00 00:00:06 tt-162 MM043_1986_CT_SU2011_ER_03 
"<hablaban>"
	"hablar" Verb VLfin Imp Indi Plural 3rd lang:es 00:00:00 00:00:06 tt-163 MM043_1986_CT_SU2011_ER_03 @Gram:Imperf ID:14 R:Vocab:Fraseol:VerbPrep:15 ADD:537 ADDRELATION(Vocab:Fraseol:VerbPrep):985 
"<en>"
	"en" Preposition PREP lang:es 00:00:00 00:00:06 tt-164 MM043_1986_CT_SU2011_ER_03 @Gram:Prep ID:15 ADD:472 
"<tu>"
	"tú" Pronoun PPX Singular lang:es 00:00:00 00:00:06 tt-165 MM043_1986_CT_SU2011_ER_03 
"<casa>"
	"casar" Verb VLfin Pres Indi Sing 3rd lang:es 00:00:00 00:00:06 tt-166 MM043_1986_CT_SU2011_ER_03 
"<$?>"
	"?" Punctuation FS lang:es 00:00:00 00:00:06 tt-167 MM043_1986_CT_SU2011_ER_03 
</speaker>
<speaker type="subj">

"<Pues>"
	"pues" Conjunction CSUBF lang:es 00:00:06 00:00:13 tt-168 MM043_1986_CT_SU2011_ER_03 
"<en>"
	"en" Preposition PREP lang:es 00:00:06 00:00:13 tt-169 MM043_1986_CT_SU2011_ER_03 @Gram:Prep ADD:472 
"<México>"
	"México" Noun NP Singular lang:es 00:00:06 00:00:13 tt-170 MM043_1986_CT_SU2011_ER_03 
"<obviamente>"
	"obvio" Adverb ADV lang:es 00:00:06 00:00:13 tt-171 MM043_1986_CT_SU2011_ER_03 
"<era>"
	"ser" Verb VEfin Imp Indi Sing 1st_or_3rd lang:es 00:00:06 00:00:13 tt-172 MM043_1986_CT_SU2011_ER_03 @Gram:Imperf @Gram:SerEstar:Ser ADD:537 ADD:647 
"<nada>"
	"nada" Determiner QU lang:es 00:00:06 00:00:13 tt-173 MM043_1986_CT_SU2011_ER_03 
"<más>"
	"más" Adverb ADV lang:es 00:00:06 00:00:13 tt-174 MM043_1986_CT_SU2011_ER_03 
"<el>"
	"el" Determiner ART Singular lang:es 00:00:06 00:00:13 tt-175 MM043_1986_CT_SU2011_ER_03 @Gram:Det:Art ADD:324 
"<español>"
	"español" Noun NC Singular lang:es 00:00:06 00:00:13 tt-176 MM043_1986_CT_SU2011_ER_03 
"<$.>"
	"." Punctuation FS lang:es 00:00:06 00:00:13 tt-177 MM043_1986_CT_SU2011_ER_03 

"<Ya>"
	"ya" Adverb ADV lang:es 00:00:06 00:00:13 tt-178 MM043_1986_CT_SU2011_ER_03 
"<cuando>"
	"cuando" Conjunction CSUBX lang:es 00:00:06 00:00:13 tt-179 MM043_1986_CT_SU2011_ER_03 
"<estábamos>"
	"estar" Verb VEfin Imp Indi Plural 1st lang:es 00:00:06 00:00:13 tt-180 MM043_1986_CT_SU2011_ER_03 @Gram:Imperf @Gram:SerEstar:Estar ADD:537 ADD:656 
"<en>"
	"en" Preposition PREP lang:es 00:00:06 00:00:13 tt-181 MM043_1986_CT_SU2011_ER_03 @Gram:Prep ADD:472 
"<El>"
	"el" Determiner ART Singular lang:es 00:00:06 00:00:13 tt-182 MM043_1986_CT_SU2011_ER_03 @Gram:Det:Art ID:33 R:Vocab:Entities:Geo:34 ADD:324 ADDRELATION(Vocab:Entities:Geo):977 
"<Paso>"
	"paso" Noun NC Singular lang:es 00:00:06 00:00:13 tt-183 MM043_1986_CT_SU2011_ER_03 ID:34 
"<sí>"
	"sí" Adverb ADV lang:es 00:00:17 00:00:24 tt-184 MM043_1986_CT_SU2011_ER_03 
"<se>"
	"se" Other SE lang:es 00:00:17 00:00:24 tt-185 MM043_1986_CT_SU2011_ER_03 
"<hablaba>"
	"hablar" Verb VLfin Imp Indi Sing 1st_or_3rd lang:es 00:00:17 00:00:24 tt-186 MM043_1986_CT_SU2011_ER_03 @Gram:Imperf ADD:537 
"<más>"
	"más" Adverb ADV lang:es 00:00:17 00:00:24 tt-187 MM043_1986_CT_SU2011_ER_03 
"<...>"
	"..." Punctuation DOTS lang:es 00:00:17 00:00:24 tt-188 MM043_1986_CT_SU2011_ER_03 
"<más>"
	"más" Adverb ADV lang:es 00:00:17 00:00:24 tt-189 MM043_1986_CT_SU2011_ER_03 
"<inglés>"
	"inglés" Adjective ADJ Plural lang:es 00:00:17 00:00:24 tt-190 MM043_1986_CT_SU2011_ER_03 
"<y>"
	"y" Conjunction CC lang:es 00:00:17 00:00:24 tt-191 MM043_1986_CT_SU2011_ER_03 
"<español>"
	"español" Adjective ADJ Singular lang:es 00:00:17 00:00:24 tt-192 MM043_1986_CT_SU2011_ER_03 
"<pero>"
	"pero" Conjunction CC lang:es 00:00:17 00:00:24 tt-193 MM043_1986_CT_SU2011_ER_03 @Prag:MarcadoresDisc:Revision SUBSTITUTE:237 ADD:826 
"<por>"
	"por" Preposition PREP lang:es 00:00:17 00:00:24 tt-194 MM043_1986_CT_SU2011_ER_03 @Gram:Prep:Por SUBSTITUTE:234 ADD:466 
"<la>"
	"el" Determiner ART Singular lang:es 00:00:17 00:00:24 tt-195 MM043_1986_CT_SU2011_ER_03 @Gram:Det:Art ADD:324 
"<mayoría>"
	"mayoría" Noun NC Singular lang:es 00:00:17 00:00:24 tt-196 MM043_1986_CT_SU2011_ER_03 
"<todavía>"
	"todavía" Adverb ADV lang:es 00:00:17 00:00:24 tt-197 MM043_1986_CT_SU2011_ER_03 
"<era>"
	"ser" Verb VEfin Imp Indi Sing 1st_or_3rd lang:es 00:00:17 00:00:24 tt-198 MM043_1986_CT_SU2011_ER_03 @Gram:Imperf @Gram:SerEstar:Ser ADD:537 ADD:647 
"<...>"
	"..." Punctuation DOTS lang:es 00:00:17 00:00:24 tt-199 MM043_1986_CT_SU2011_ER_03 
"<era>"
	"ser" Verb VEfin Imp Indi Sing 1st_or_3rd lang:es 00:00:17 00:00:24 tt-200 MM043_1986_CT_SU2011_ER_03 @Gram:Imperf @Gram:SerEstar:Ser ADD:537 ADD:647 
"<por>"
	"por" Preposition PREP lang:es 00:00:17 00:00:24 tt-201 MM043_1986_CT_SU2011_ER_03 @Gram:Prep:Por SUBSTITUTE:234 ADD:466 
"<español>"
	"español" Noun NC Singular lang:es 00:00:26 00:00:26 tt-202 MM043_1986_CT_SU2011_ER_03 
"<$.>"
	"." Punctuation FS lang:es 00:00:26 00:00:26 tt-203 MM043_1986_CT_SU2011_ER_03 
</speaker>
<speaker type="int">

"<$¿>"
	"¿" Punctuation FS lang:es 00:00:26 00:00:28 tt-204 MM043_1986_CT_SU2011_ER_03 
"<Y>"
	"y" Conjunction CC lang:es 00:00:26 00:00:28 tt-205 MM043_1986_CT_SU2011_ER_03 
"<cuándo>"
	"cuándo" Adverb ADV lang:es 00:00:26 00:00:28 tt-206 MM043_1986_CT_SU2011_ER_03 
"<fue>"
	"ser" Verb VSfin Pret Indi Sing 3rd lang:es 00:00:26 00:00:28 tt-207 MM043_1986_CT_SU2011_ER_03 @Gram:SerEstar:Ser ADD:647 
"<que>"
	"que" Conjunction CQUE lang:es 00:00:26 00:00:28 tt-208 MM043_1986_CT_SU2011_ER_03 
"<aprendiste>"
	"aprender" Verb VLfin Pret Indi Sing 2nd lang:es 00:00:26 00:00:28 tt-209 MM043_1986_CT_SU2011_ER_03 @Gram:Indefinido ADD:546 
"<a>"
	"a" Preposition PREP lang:es 00:00:26 00:00:28 tt-210 MM043_1986_CT_SU2011_ER_03 @Gram:Prep ADD:472 
"<...>"
	"..." Punctuation DOTS lang:es 00:00:26 00:00:28 tt-211 MM043_1986_CT_SU2011_ER_03 
"<a>"
	"a" Preposition PREP lang:es 00:00:26 00:00:28 tt-212 MM043_1986_CT_SU2011_ER_03 @Gram:Prep ADD:472 
"<hablar>"
	"hablar" Verb VLinf Infinitive lang:es 00:00:26 00:00:28 tt-213 MM043_1986_CT_SU2011_ER_03 SUBSTITUTE:292 
"<inglés>"
	"inglés" Noun NC Plural lang:es 00:00:26 00:00:28 tt-214 MM043_1986_CT_SU2011_ER_03 
"<$?>"
	"?" Punctuation FS lang:es 00:00:26 00:00:28 tt-215 MM043_1986_CT_SU2011_ER_03 

"<La>"
	"el" Determiner ART Singular lang:es 00:00:28 00:00:35 tt-216 MM043_1986_CT_SU2011_ER_03 @Gram:Det:Art ADD:324 
"<verdad>"
	"verdad" Noun NC Singular lang:es 00:00:28 00:00:35 tt-217 MM043_1986_CT_SU2011_ER_03 
"<aprendí>"
	"aprender" Verb VLfin Pret Indi Sing 1st lang:es 00:00:28 00:00:35 tt-218 MM043_1986_CT_SU2011_ER_03 @Gram:Indefinido ADD:546 
"<a>"
	"a" Preposition PREP lang:es 00:00:28 00:00:35 tt-219 MM043_1986_CT_SU2011_ER_03 @Gram:Prep ADD:472 
"<hablar>"
	"hablar" Verb VLinf Infinitive lang:es 00:00:28 00:00:35 tt-220 MM043_1986_CT_SU2011_ER_03 SUBSTITUTE:292 
"<un>"
	"un" Determiner ART Singular lang:es 00:00:28 00:00:35 tt-221 MM043_1986_CT_SU2011_ER_03 
"<poco>"
	"pocos" Determiner QU lang:es 00:00:28 00:00:35 tt-222 MM043_1986_CT_SU2011_ER_03 
"<de>"
	"de" Preposition PREP lang:es 00:00:28 00:00:35 tt-223 MM043_1986_CT_SU2011_ER_03 @Gram:Prep ADD:472 
"<inglés>"
	"inglés" Noun NC Plural lang:es 00:00:28 00:00:35 tt-224 MM043_1986_CT_SU2011_ER_03 
"<o>"
	"o" Conjunction CC lang:es 00:00:28 00:00:35 tt-225 MM043_1986_CT_SU2011_ER_03 
"<aprendí>"
	"aprender" Verb VLfin Pret Indi Sing 1st lang:es 00:00:28 00:00:35 tt-226 MM043_1986_CT_SU2011_ER_03 @Gram:Indefinido ADD:546 
"<cuando>"
	"cuando" Conjunction CSUBX lang:es 00:00:28 00:00:35 tt-227 MM043_1986_CT_SU2011_ER_03 
"<vivimos>"
	"vivir" Verb VLfin Pres_or_Pret Indi Plural 1st lang:es 00:00:28 00:00:35 tt-228 MM043_1986_CT_SU2011_ER_03 
"<un>"
	"un" Determiner ART Singular lang:es 00:00:28 00:00:35 tt-229 MM043_1986_CT_SU2011_ER_03 
"<cierto>"
	"cierto" Determiner QU lang:es 00:00:28 00:00:35 tt-230 MM043_1986_CT_SU2011_ER_03 
"<tiempo>"
	"tiempo" Noun NC Singular lang:es 00:00:35 00:00:41 tt-231 MM043_1986_CT_SU2011_ER_03 
"<,>"
	"," Punctuation CM lang:es 00:00:35 00:00:41 tt-232 MM043_1986_CT_SU2011_ER_03 
"<creo>"
	"crear|creer" Verb VLfin Pres Indi Sing 1st lang:es 00:00:35 00:00:41 tt-233 MM043_1986_CT_SU2011_ER_03 
"<que>"
	"que" Conjunction CQUE lang:es 00:00:35 00:00:41 tt-234 MM043_1986_CT_SU2011_ER_03 
"<por>"
	"por" Preposition PREP lang:es 00:00:35 00:00:41 tt-235 MM043_1986_CT_SU2011_ER_03 @Gram:Prep:Por SUBSTITUTE:234 ADD:466 
"<un>"
	"un" Determiner ART Singular lang:es 00:00:35 00:00:41 tt-236 MM043_1986_CT_SU2011_ER_03 
"<año>"
	"año" Noun NC Singular lang:es 00:00:35 00:00:41 tt-237 MM043_1986_CT_SU2011_ER_03 
"<,>"
	"," Punctuation CM lang:es 00:00:35 00:00:41 tt-238 MM043_1986_CT_SU2011_ER_03 
"<en>"
	"en" Preposition PREP lang:es 00:00:35 00:00:41 tt-239 MM043_1986_CT_SU2011_ER_03 @Gram:Prep ADD:472 
"<Phoenix>"
	"Phoenix" Noun NP Singular lang:es 00:00:35 00:00:41 tt-240 MM043_1986_CT_SU2011_ER_03 
"<,>"
	"," Punctuation CM lang:es 00:00:35 00:00:41 tt-241 MM043_1986_CT_SU2011_ER_03 
"<Arizona>"
	"Arizona" Noun NP Singular lang:es 00:00:35 00:00:41 tt-242 MM043_1986_CT_SU2011_ER_03 
"<,>"
	"," Punctuation CM lang:es 00:00:35 00:00:41 tt-243 MM043_1986_CT_SU2011_ER_03 
"<cuando>"
	"cuando" Conjunction CSUBX lang:es 00:00:35 00:00:41 tt-244 MM043_1986_CT_SU2011_ER_03 
"<tenía>"
	"tener" Verb VLfin Imp Indi Sing 1st_or_3rd lang:es 00:00:35 00:00:41 tt-245 MM043_1986_CT_SU2011_ER_03 @Gram:Imperf ADD:537 
"<como>"
	"como" Adverb ADV lang:es 00:00:35 00:00:41 tt-246 MM043_1986_CT_SU2011_ER_03 
"<siete>"
	"siete" Determiner CARD Singular lang:es 00:00:35 00:00:41 tt-247 MM043_1986_CT_SU2011_ER_03 
"<años>"
	"año" Noun NC Plural lang:es 00:00:35 00:00:41 tt-248 MM043_1986_CT_SU2011_ER_03 
"<$.>"
	"." Punctuation FS lang:es 00:00:35 00:00:41 tt-249 MM043_1986_CT_SU2011_ER_03 

"<Vivimos>"
	"vivir" Verb VLfin Pres_or_Pret Indi Plural 1st lang:es 00:00:35 00:00:41 tt-250 MM043_1986_CT_SU2011_ER_03 
"<allí>"
	"allí" Adverb ADV lang:es 00:00:41 00:00:48 tt-251 MM043_1986_CT_SU2011_ER_03 
"<por>"
	"por" Preposition PREP lang:es 00:00:41 00:00:48 tt-252 MM043_1986_CT_SU2011_ER_03 @Gram:Prep:Por SUBSTITUTE:234 ADD:466 
"<un>"
	"un" Determiner ART Singular lang:es 00:00:41 00:00:48 tt-253 MM043_1986_CT_SU2011_ER_03 
"<año>"
	"año" Noun NC Singular lang:es 00:00:41 00:00:48 tt-254 MM043_1986_CT_SU2011_ER_03 
"<,>"
	"," Punctuation CM lang:es 00:00:41 00:00:48 tt-255 MM043_1986_CT_SU2011_ER_03 
"<aprendí>"
	"aprender" Verb VLfin Pret Indi Sing 1st lang:es 00:00:41 00:00:48 tt-256 MM043_1986_CT_SU2011_ER_03 @Gram:Indefinido ADD:546 
"<un>"
	"un" Determiner ART Singular lang:es 00:00:41 00:00:48 tt-257 MM043_1986_CT_SU2011_ER_03 
"<poco>"
	"pocos" Determiner QU lang:es 00:00:41 00:00:48 tt-258 MM043_1986_CT_SU2011_ER_03 
"<de>"
	"de" Preposition PREP lang:es 00:00:41 00:00:48 tt-259 MM043_1986_CT_SU2011_ER_03 @Gram:Prep ADD:472 
"<inglés>"
	"inglés" Noun NC Plural lang:es 00:00:41 00:00:48 tt-260 MM043_1986_CT_SU2011_ER_03 
"<,>"
	"," Punctuation CM lang:es 00:00:41 00:00:48 tt-261 MM043_1986_CT_SU2011_ER_03 
"<regresamos>"
	"regresar" Verb VLfin Pres_or_Pret Indi Plural 1st lang:es 00:00:41 00:00:48 tt-262 MM043_1986_CT_SU2011_ER_03 
"<a>"
	"a" Preposition PREP lang:es 00:00:41 00:00:48 tt-263 MM043_1986_CT_SU2011_ER_03 @Gram:Prep ADD:472 
"<México>"
	"México" Noun NP Singular lang:es 00:00:41 00:00:48 tt-264 MM043_1986_CT_SU2011_ER_03 
"<hasta>"
	"hasta" Preposition PREP lang:es 00:00:41 00:00:48 tt-265 MM043_1986_CT_SU2011_ER_03 @Gram:Prep ADD:472 
"<mi>"
	"mío" Pronoun PPO Singular lang:es 00:00:41 00:00:48 tt-266 MM043_1986_CT_SU2011_ER_03 @Gram:Det:Pos ADD:350 
"<quinto>"
	"quinto" Adjective ORD Singular lang:es 00:00:41 00:00:48 tt-267 MM043_1986_CT_SU2011_ER_03 Gram:Adj:Ord ADD:387 
"<grado>"
	"grado" Noun NMEA Singular lang:es 00:00:41 00:00:48 tt-268 MM043_1986_CT_SU2011_ER_03 
"<,>"
	"," Punctuation CM lang:es 00:00:41 00:00:48 tt-269 MM043_1986_CT_SU2011_ER_03 
"<a>"
	"a" Preposition PREP lang:es 00:00:48 00:00:54 tt-270 MM043_1986_CT_SU2011_ER_03 @Gram:Prep ADD:472 
"<ese>"
	"ese" Noun NC Singular lang:es 00:00:48 00:00:54 tt-271 MM043_1986_CT_SU2011_ER_03 
"<entonces>"
	"entonces" Adverb ADV lang:es 00:00:48 00:00:54 tt-272 MM043_1986_CT_SU2011_ER_03 
"<no>"
	"no" Adverb NEG lang:es 00:00:48 00:00:54 tt-273 MM043_1986_CT_SU2011_ER_03 
"<creo>"
	"crear|creer" Verb VLfin Pres Indi Sing 1st lang:es 00:00:48 00:00:54 tt-274 MM043_1986_CT_SU2011_ER_03 
"<que>"
	"que" Conjunction CQUE lang:es 00:00:48 00:00:54 tt-275 MM043_1986_CT_SU2011_ER_03 
"<,>"
	"," Punctuation CM lang:es 00:00:48 00:00:54 tt-276 MM043_1986_CT_SU2011_ER_03 
"<no>"
	"no" Adverb NEG lang:es 00:00:48 00:00:54 tt-277 MM043_1986_CT_SU2011_ER_03 
"<me>"
	"yo" Pronoun PPX Singular lang:es 00:00:48 00:00:54 tt-278 MM043_1986_CT_SU2011_ER_03 @Gram:Pron:Objeto ADD:506 
"<acordaba>"
	"acordar" Verb VLfin Imp Indi Sing 1st_or_3rd lang:es 00:00:48 00:00:54 tt-279 MM043_1986_CT_SU2011_ER_03 @Gram:Imperf ADD:537 
"<de>"
	"de" Preposition PREP lang:es 00:00:48 00:00:54 tt-280 MM043_1986_CT_SU2011_ER_03 @Gram:Prep ADD:472 
"<mucho>"
	"mucho" Adverb ADV lang:es 00:00:48 00:00:54 tt-281 MM043_1986_CT_SU2011_ER_03 
"<o>"
	"o" Conjunction CC lang:es 00:00:48 00:00:54 tt-282 MM043_1986_CT_SU2011_ER_03 
"<no>"
	"no" Adverb NEG lang:es 00:00:48 00:00:54 tt-283 MM043_1986_CT_SU2011_ER_03 
"<me>"
	"yo" Pronoun PPX Singular lang:es 00:00:48 00:00:54 tt-284 MM043_1986_CT_SU2011_ER_03 @Gram:Pron:Objeto ADD:506 
"<acordaba>"
	"acordar" Verb VLfin Imp Indi Sing 1st_or_3rd lang:es 00:00:48 00:00:54 tt-285 MM043_1986_CT_SU2011_ER_03 @Gram:Imperf ADD:537 
"<mucho>"
	"mucho" Adverb ADV lang:es 00:00:48 00:00:54 tt-286 MM043_1986_CT_SU2011_ER_03 
"<del>"
	"del" Preposition PDEL lang:es 00:00:48 00:00:54 tt-287 MM043_1986_CT_SU2011_ER_03 @Gram:Prep ADD:472 
"<inglés>"
	"inglés" Noun NC Plural lang:es 00:00:48 00:00:54 tt-288 MM043_1986_CT_SU2011_ER_03 
"<que>"
	"que" Conjunction CQUE lang:es 00:00:54 00:01:01 tt-289 MM043_1986_CT_SU2011_ER_03 
"<había>"
	"haber" Verb VHfin Imp Indi Sing 1st_or_3rd lang:es 00:00:54 00:01:01 tt-290 MM043_1986_CT_SU2011_ER_03 
"<aprendido>"
	"aprender" Verb VLadj lang:es 00:00:54 00:01:01 tt-291 MM043_1986_CT_SU2011_ER_03 
"<pero>"
	"pero" Conjunction CCAD lang:es 00:00:54 00:01:01 tt-292 MM043_1986_CT_SU2011_ER_03 @Prag:MarcadoresDisc:Revision ADD:826 
"<aprendí>"
	"aprender" Verb VLfin Pret Indi Sing 1st lang:es 00:00:54 00:01:01 tt-293 MM043_1986_CT_SU2011_ER_03 @Gram:Indefinido ADD:546 
"<el>"
	"el" Determiner ART Singular lang:es 00:00:54 00:01:01 tt-294 MM043_1986_CT_SU2011_ER_03 @Gram:Det:Art ADD:324 
"<inglés>"
	"inglés" Noun NC Plural lang:es 00:00:54 00:01:01 tt-295 MM043_1986_CT_SU2011_ER_03 
"<dentro>"
	"dentro" Preposition PREP lang:es 00:00:54 00:01:01 tt-296 MM043_1986_CT_SU2011_ER_03 @Gram:Prep ADD:472 
"<de>"
	"de" Preposition PREP lang:es 00:00:54 00:01:01 tt-297 MM043_1986_CT_SU2011_ER_03 @Gram:Prep ADD:472 
"<los>"
	"el" Determiner ART Plural lang:es 00:00:54 00:01:01 tt-298 MM043_1986_CT_SU2011_ER_03 @Gram:Det:Art ADD:324 
"<tres>"
	"tres" Determiner CARD Plural lang:es 00:00:54 00:01:01 tt-299 MM043_1986_CT_SU2011_ER_03 
"<meses>"
	"mes" Noun NC Plural lang:es 00:00:54 00:01:01 tt-300 MM043_1986_CT_SU2011_ER_03 
"<que>"
	"que" Conjunction CQUE lang:es 00:00:54 00:01:01 tt-301 MM043_1986_CT_SU2011_ER_03 
"<estuve>"
	"estar" Verb VEfin Pret Indi Sing 1st lang:es 00:00:54 00:01:01 tt-302 MM043_1986_CT_SU2011_ER_03 @Gram:Indefinido @Gram:SerEstar:Estar ADD:546 ADD:656 
"<en>"
	"en" Preposition PREP lang:es 00:00:54 00:01:01 tt-303 MM043_1986_CT_SU2011_ER_03 @Gram:Prep ADD:472 
"<El>"
	"el" Determiner ART Singular lang:es 00:00:54 00:01:01 tt-304 MM043_1986_CT_SU2011_ER_03 @Gram:Det:Art ID:155 R:Vocab:Entities:Geo:156 ADD:324 ADDRELATION(Vocab:Entities:Geo):977 
"<Paso>"
	"paso" Noun NC Singular lang:es 00:00:54 00:01:01 tt-305 MM043_1986_CT_SU2011_ER_03 ID:156 
"<$.>"
	"." Punctuation FS lang:es 00:00:54 00:01:01 tt-306 MM043_1986_CT_SU2011_ER_03 

"<...>"
	"..." Punctuation DOTS lang:es 00:01:02 00:01:09 tt-308 MM043_1986_CT_SU2011_ER_03 
"<para>"
	"para" Conjunction CSUBI lang:es 00:01:02 00:01:09 tt-309 MM043_1986_CT_SU2011_ER_03 
"<cuando>"
	"cuando" Conjunction CSUBX lang:es 00:01:02 00:01:09 tt-310 MM043_1986_CT_SU2011_ER_03 
"<terminé>"
	"terminar" Verb VLfin Pret Indi Sing 1st lang:es 00:01:02 00:01:09 tt-311 MM043_1986_CT_SU2011_ER_03 @Gram:Indefinido ADD:546 
"<mi>"
	"mío" Pronoun PPO Singular lang:es 00:01:02 00:01:09 tt-312 MM043_1986_CT_SU2011_ER_03 @Gram:Det:Pos ADD:350 
"<quinto>"
	"quinto" Adjective ORD Singular lang:es 00:01:02 00:01:09 tt-313 MM043_1986_CT_SU2011_ER_03 Gram:Adj:Ord ADD:387 
"<grado>"
	"grado" Noun NMEA Singular lang:es 00:01:02 00:01:09 tt-314 MM043_1986_CT_SU2011_ER_03 
"<ya>"
	"ya" Adverb ADV lang:es 00:01:02 00:01:09 tt-315 MM043_1986_CT_SU2011_ER_03 
"<podía>"
	"poder" Verb VLfin Imp Indi Sing 1st_or_3rd lang:es 00:01:02 00:01:09 tt-316 MM043_1986_CT_SU2011_ER_03 @Gram:Imperf ADD:537 
"<yo>"
	"yo" Pronoun PPX Singular lang:es 00:01:02 00:01:09 tt-317 MM043_1986_CT_SU2011_ER_03 @Gram:Pron:Sujeto ADD:482 
"<hablar>"
	"hablar" Verb VLinf Infinitive lang:es 00:01:02 00:01:09 tt-318 MM043_1986_CT_SU2011_ER_03 ID:168 R:Vocab:Fraseol:VerbPrep:169 SUBSTITUTE:292 ADDRELATION(Vocab:Fraseol:VerbPrep):985 
"<en>"
	"en" Preposition PREP lang:es 00:01:02 00:01:09 tt-319 MM043_1986_CT_SU2011_ER_03 @Gram:Prep ID:169 ADD:472 
"<inglés>"
	"inglés" Noun NC Plural lang:es 00:01:02 00:01:09 tt-320 MM043_1986_CT_SU2011_ER_03 
"<,>"
	"," Punctuation CM lang:es 00:01:02 00:01:09 tt-321 MM043_1986_CT_SU2011_ER_03 
"<ya>"
	"ya" Adverb ADV lang:es 00:01:02 00:01:09 tt-322 MM043_1986_CT_SU2011_ER_03 
"<podía>"
	"poder" Verb VLfin Imp Indi Sing 1st_or_3rd lang:es 00:01:02 00:01:09 tt-323 MM043_1986_CT_SU2011_ER_03 @Gram:Imperf ADD:537 
"<comunicarme>"
	"comunicar" Verb VLinf Pres Subj Sing 1st_or_3rd lang:es 00:01:10 00:01:14 tt-324 MM043_1986_CT_SU2011_ER_03 @Gram:MSub:Pres ADD:616 
"<muy>"
	"muy" Adverb ADV lang:es 00:01:10 00:01:14 tt-325 MM043_1986_CT_SU2011_ER_03 
"<bien>"
	"bien" Adverb ADV lang:es 00:01:10 00:01:14 tt-326 MM043_1986_CT_SU2011_ER_03 
"<con>"
	"con" Preposition PREP lang:es 00:01:10 00:01:14 tt-327 MM043_1986_CT_SU2011_ER_03 @Gram:Prep ADD:472 
"<mis>"
	"mío" Pronoun PPO Plural lang:es 00:01:10 00:01:14 tt-328 MM043_1986_CT_SU2011_ER_03 @Gram:Det:Pos SUBSTITUTE:281 ADD:351 
"<compañeros>"
	"compañero" Noun NC Plural lang:es 00:01:10 00:01:14 tt-329 MM043_1986_CT_SU2011_ER_03 
"<y>"
	"y" Conjunction CC lang:es 00:01:10 00:01:14 tt-330 MM043_1986_CT_SU2011_ER_03 
"<con>"
	"con" Preposition PREP lang:es 00:01:10 00:01:14 tt-331 MM043_1986_CT_SU2011_ER_03 @Gram:Prep ADD:472 
"<mis>"
	"mío" Pronoun PPO Plural lang:es 00:01:10 00:01:14 tt-332 MM043_1986_CT_SU2011_ER_03 @Gram:Det:Pos SUBSTITUTE:281 ADD:351 
"<profesores>"
	"profesor" Noun NC Plural lang:es 00:01:10 00:01:14 tt-333 MM043_1986_CT_SU2011_ER_03 
"<en>"
	"en" Preposition PREP lang:es 00:01:10 00:01:14 tt-334 MM043_1986_CT_SU2011_ER_03 @Gram:Prep ADD:472 
"<...>"
	"..." Punctuation DOTS lang:es 00:01:10 00:01:14 tt-335 MM043_1986_CT_SU2011_ER_03 
"<en>"
	"en" Preposition PREP lang:es 00:01:10 00:01:14 tt-336 MM043_1986_CT_SU2011_ER_03 @Gram:Prep ADD:472 
"<inglés>"
	"inglés" Noun NC Plural lang:es 00:01:10 00:01:14 tt-337 MM043_1986_CT_SU2011_ER_03 
"<$.>"
	"." Punctuation FS lang:es 00:01:10 00:01:14 tt-338 MM043_1986_CT_SU2011_ER_03 

"<$¿>"
	"¿" Punctuation FS lang:es 00:01:14 00:01:20 tt-339 MM043_1986_CT_SU2011_ER_03 
"<Y>"
	"y" Conjunction CC lang:es 00:01:14 00:01:20 tt-340 MM043_1986_CT_SU2011_ER_03 
"<este>"
	"este" Noun NC Singular lang:es 00:01:14 00:01:20 tt-341 MM043_1986_CT_SU2011_ER_03 
"<...>"
	"..." Punctuation DOTS lang:es 00:01:14 00:01:20 tt-342 MM043_1986_CT_SU2011_ER_03 
"<hoy>"
	"hoy" Adverb ADV lang:es 00:01:14 00:01:20 tt-343 MM043_1986_CT_SU2011_ER_03 
"<en>"
	"en" Preposition PREP lang:es 00:01:14 00:01:20 tt-344 MM043_1986_CT_SU2011_ER_03 @Gram:Prep ADD:472 
"<día>"
	"día" Noun NC Singular lang:es 00:01:14 00:01:20 tt-345 MM043_1986_CT_SU2011_ER_03 
"<hablas>"
	"hablar" Verb VLfin Pres Indi Sing 2nd lang:es 00:01:14 00:01:20 tt-346 MM043_1986_CT_SU2011_ER_03 
"<español>"
	"español" Noun NC Singular lang:es 00:01:14 00:01:20 tt-347 MM043_1986_CT_SU2011_ER_03 
"<a>"
	"a" Preposition PREP lang:es 00:01:14 00:01:20 tt-348 MM043_1986_CT_SU2011_ER_03 @Gram:Prep ADD:472 
"<diario>"
	"diario" Noun NC Singular lang:es 00:01:14 00:01:20 tt-349 MM043_1986_CT_SU2011_ER_03 
"<$?>"
	"?" Punctuation FS lang:es 00:01:14 00:01:20 tt-350 MM043_1986_CT_SU2011_ER_03 
</speaker>
<speaker type="subj">

"<Creo>"
	"crear|creer" Verb VLfin Pres Indi Sing 1st lang:es 00:01:20 00:01:27 tt-351 MM043_1986_CT_SU2011_ER_03 
"<que>"
	"que" Conjunction CQUE lang:es 00:01:20 00:01:27 tt-352 MM043_1986_CT_SU2011_ER_03 
"<no>"
	"no" Adverb NEG lang:es 00:01:20 00:01:27 tt-353 MM043_1986_CT_SU2011_ER_03 
"<,>"
	"," Punctuation CM lang:es 00:01:20 00:01:27 tt-354 MM043_1986_CT_SU2011_ER_03 
"<tendría>"
	"tener" Verb VLfin Cond Indi Sing 1st_or_3rd lang:es 00:01:20 00:01:27 tt-355 MM043_1986_CT_SU2011_ER_03 
"<que>"
	"que" Conjunction CQUE lang:es 00:01:20 00:01:27 tt-356 MM043_1986_CT_SU2011_ER_03 
"<decir>"
	"decir" Verb VLinf Infinitive lang:es 00:01:20 00:01:27 tt-357 MM043_1986_CT_SU2011_ER_03 SUBSTITUTE:292 
"<no>"
	"no" Adverb NEG lang:es 00:01:20 00:01:27 tt-358 MM043_1986_CT_SU2011_ER_03 
"<porque>"
	"porque" Conjunction CSUBX lang:es 00:01:20 00:01:27 tt-359 MM043_1986_CT_SU2011_ER_03 @Prag:MarcadoresDisc:Causa ADD:879 
"<no>"
	"no" Adverb NEG lang:es 00:01:20 00:01:27 tt-360 MM043_1986_CT_SU2011_ER_03 
"<siempre>"
	"siempre" Adverb ADV lang:es 00:01:20 00:01:27 tt-361 MM043_1986_CT_SU2011_ER_03 
"<lo>"
	"él" Pronoun PPC Singular lang:es 00:01:20 00:01:27 tt-362 MM043_1986_CT_SU2011_ER_03 @Gram:Pron:Objeto ADD:512 
"<hablo>"
	"hablar" Verb VLfin Pres Indi Sing 1st lang:es 00:01:20 00:01:27 tt-363 MM043_1986_CT_SU2011_ER_03 
"<aunque>"
	"aunque" Conjunction CSUBX lang:es 00:01:20 00:01:27 tt-364 MM043_1986_CT_SU2011_ER_03 @Prag:MarcadoresDisc:Revision ADD:826 
"<tengo>"
	"tener" Verb VLfin Pres Indi Sing 1st lang:es 00:01:20 00:01:27 tt-365 MM043_1986_CT_SU2011_ER_03 
"<la>"
	"el" Determiner ART Singular lang:es 00:01:20 00:01:27 tt-366 MM043_1986_CT_SU2011_ER_03 @Gram:Det:Art ADD:324 
"<oportunidad>"
	"oportunidad" Noun NC Singular lang:es 00:01:20 00:01:27 tt-367 MM043_1986_CT_SU2011_ER_03 
"<de>"
	"de" Preposition PREP lang:es 00:01:28 00:01:34 tt-368 MM043_1986_CT_SU2011_ER_03 @Gram:Prep ADD:472 
"<hacerlo>"
	"hacerlo" Verb VCLIinf lang:es 00:01:28 00:01:34 tt-369 MM043_1986_CT_SU2011_ER_03 
"<porque>"
	"porque" Conjunction CSUBX lang:es 00:01:28 00:01:34 tt-370 MM043_1986_CT_SU2011_ER_03 @Prag:MarcadoresDisc:Causa ADD:879 
"<hay>"
	"haber" Verb VHfin Pres Indi Sing 3rd lang:es 00:01:28 00:01:34 tt-371 MM043_1986_CT_SU2011_ER_03 @Gram:Haber:Exist ADD:663 
"<personas>"
	"persona" Noun NC Plural lang:es 00:01:28 00:01:34 tt-372 MM043_1986_CT_SU2011_ER_03 
"<que>"
	"que" Conjunction CQUE lang:es 00:01:28 00:01:34 tt-373 MM043_1986_CT_SU2011_ER_03 
"<hablan>"
	"hablar" Verb VLfin Pres Indi Plural 3rd lang:es 00:01:28 00:01:34 tt-374 MM043_1986_CT_SU2011_ER_03 
"<español>"
	"español" Noun NC Singular lang:es 00:01:28 00:01:34 tt-375 MM043_1986_CT_SU2011_ER_03 
"<alrededor>"
	"alrededor" Preposition PREP lang:es 00:01:28 00:01:34 tt-376 MM043_1986_CT_SU2011_ER_03 @Gram:Prep ADD:472 
"<de>"
	"de" Preposition PREP lang:es 00:01:28 00:01:34 tt-377 MM043_1986_CT_SU2011_ER_03 @Gram:Prep ADD:472 
"<mí>"
	"yo" Pronoun PPX Singular lang:es 00:01:28 00:01:34 tt-378 MM043_1986_CT_SU2011_ER_03 
"<pero>"
	"pero" Conjunction CCAD lang:es 00:01:28 00:01:34 tt-379 MM043_1986_CT_SU2011_ER_03 @Prag:MarcadoresDisc:Revision ADD:826 
"<no>"
	"no" Adverb NEG lang:es 00:01:28 00:01:34 tt-380 MM043_1986_CT_SU2011_ER_03 
"<lo>"
	"él" Pronoun PPC Singular lang:es 00:01:28 00:01:34 tt-381 MM043_1986_CT_SU2011_ER_03 @Gram:Pron:Objeto ADD:512 
"<hago>"
	"hacer" Verb VLfin Pres Indi Sing 1st lang:es 00:01:28 00:01:34 tt-382 MM043_1986_CT_SU2011_ER_03 
"<lo>"
	"él" Pronoun PPC Singular lang:es 00:01:34 00:01:38 tt-383 MM043_1986_CT_SU2011_ER_03 @Gram:Pron:Objeto ADD:512 
"<suficiente>"
	"suficiente" Adjective ADJ Singular lang:es 00:01:34 00:01:38 tt-384 MM043_1986_CT_SU2011_ER_03 
"<como>"
	"como" Adverb ADV lang:es 00:01:34 00:01:38 tt-385 MM043_1986_CT_SU2011_ER_03 
"<...>"
	"..." Punctuation DOTS lang:es 00:01:34 00:01:38 tt-386 MM043_1986_CT_SU2011_ER_03 
"<como>"
	"como" Adverb ADV lang:es 00:01:34 00:01:38 tt-387 MM043_1986_CT_SU2011_ER_03 
"<...>"
	"..." Punctuation DOTS lang:es 00:01:34 00:01:38 tt-388 MM043_1986_CT_SU2011_ER_03 
"<como>"
	"como" Adverb ADV lang:es 00:01:34 00:01:38 tt-389 MM043_1986_CT_SU2011_ER_03 
"<me>"
	"yo" Pronoun PPX Singular lang:es 00:01:34 00:01:38 tt-390 MM043_1986_CT_SU2011_ER_03 @Gram:Pron:Objeto ID:240 R:Gram:Gustar:Propios:241 ADD:506 ADDRELATION(Gram:Gustar:Propios):563 
"<gustaría>"
	"gustar" Verb VLfin Cond Indi Sing 1st_or_3rd lang:es 00:01:34 00:01:38 tt-391 MM043_1986_CT_SU2011_ER_03 ID:241 
"<$.>"
	"." Punctuation FS lang:es 00:01:34 00:01:38 tt-392 MM043_1986_CT_SU2011_ER_03 

"<Hablo>"
	"hablar" Verb VLfin Pres Indi Sing 1st lang:es 00:01:34 00:01:38 tt-393 MM043_1986_CT_SU2011_ER_03 
"<más>"
	"más" Adverb ADV lang:es 00:01:34 00:01:38 tt-394 MM043_1986_CT_SU2011_ER_03 
"<inglés>"
	"inglés" Noun NC Plural lang:es 00:01:34 00:01:38 tt-395 MM043_1986_CT_SU2011_ER_03 
</speaker>
<speaker type="int">
"<Y>"
	"Y" Other ALFS lang:es 00:01:38 00:01:40 tt-396 MM043_1986_CT_SU2011_ER_03 
"<cuando>"
	"cuando" Conjunction CSUBX lang:es 00:01:38 00:01:40 tt-397 MM043_1986_CT_SU2011_ER_03 
"<lo>"
	"él" Pronoun PPC Singular lang:es 00:01:38 00:01:40 tt-398 MM043_1986_CT_SU2011_ER_03 @Gram:Pron:Objeto ADD:512 
"<hablas>"
	"hablar" Verb VLfin Pres Indi Sing 2nd lang:es 00:01:38 00:01:40 tt-399 MM043_1986_CT_SU2011_ER_03 ID:249 R:Vocab:Fraseol:VerbPrep:252 ADDRELATION(Vocab:Fraseol:VerbPrep):985 
"<,>"
	"," Punctuation CM lang:es 00:01:38 00:01:40 tt-400 MM043_1986_CT_SU2011_ER_03 
"<$¿>"
	"¿" Punctuation FS lang:es 00:01:38 00:01:40 tt-401 MM043_1986_CT_SU2011_ER_03 
"<con>"
	"con" Preposition PREP lang:es 00:01:38 00:01:40 tt-402 MM043_1986_CT_SU2011_ER_03 @Gram:Prep ID:252 ADD:472 
"<quién>"
	"quién" Pronoun INT Singular lang:es 00:01:38 00:01:40 tt-403 MM043_1986_CT_SU2011_ER_03 
"<lo>"
	"él" Pronoun PPC Singular lang:es 00:01:38 00:01:40 tt-404 MM043_1986_CT_SU2011_ER_03 @Gram:Pron:Objeto ADD:512 
"<hablas>"
	"hablar" Verb VLfin Pres Indi Sing 2nd lang:es 00:01:38 00:01:40 tt-405 MM043_1986_CT_SU2011_ER_03 
"<$?>"
	"?" Punctuation FS lang:es 00:01:38 00:01:40 tt-406 MM043_1986_CT_SU2011_ER_03 
</speaker>
<speaker type="subj">

"<Lo>"
	"el" Determiner ART Singular lang:es 00:01:40 00:01:47 tt-407 MM043_1986_CT_SU2011_ER_03 @Gram:Pron:Objeto ADD:500 
"<hablo>"
	"hablar" Verb VLfin Pres Indi Sing 1st lang:es 00:01:40 00:01:47 tt-408 MM043_1986_CT_SU2011_ER_03 ID:258 R:Vocab:Fraseol:VerbPrep:259 ADDRELATION(Vocab:Fraseol:VerbPrep):985 
"<con>"
	"con" Preposition PREP lang:es 00:01:40 00:01:47 tt-409 MM043_1986_CT_SU2011_ER_03 @Gram:Prep ID:259 ADD:472 
"<mi>"
	"mío" Pronoun PPO Singular lang:es 00:01:40 00:01:47 tt-410 MM043_1986_CT_SU2011_ER_03 @Gram:Det:Pos ADD:350 
"<hermano>"
	"hermano" Noun NC Singular lang:es 00:01:40 00:01:47 tt-411 MM043_1986_CT_SU2011_ER_03 
"<$.>"
	"." Punctuation FS lang:es 00:01:40 00:01:47 tt-412 MM043_1986_CT_SU2011_ER_03 

"<A>"
	"a" Adverb ADV lang:es 00:01:40 00:01:47 tt-413 MM043_1986_CT_SU2011_ER_03 
"<veces>"
	"veces" Adverb ADV lang:es 00:01:40 00:01:47 tt-414 MM043_1986_CT_SU2011_ER_03 
"<trato>"
	"tratar" Verb VLfin Pres Indi Sing 1st lang:es 00:01:40 00:01:47 tt-415 MM043_1986_CT_SU2011_ER_03 
"<de>"
	"de" Conjunction CSUBI lang:es 00:01:40 00:01:47 tt-416 MM043_1986_CT_SU2011_ER_03 
"<hablar>"
	"hablar" Verb VLinf Infinitive lang:es 00:01:40 00:01:47 tt-417 MM043_1986_CT_SU2011_ER_03 SUBSTITUTE:292 
"<inglés>"
	"inglés" Noun NC Plural lang:es 00:01:40 00:01:47 tt-418 MM043_1986_CT_SU2011_ER_03 
"<con>"
	"con" Preposition PREP lang:es 00:01:40 00:01:47 tt-419 MM043_1986_CT_SU2011_ER_03 @Gram:Prep ADD:472 
"<...>"
	"..." Punctuation DOTS lang:es 00:01:40 00:01:47 tt-420 MM043_1986_CT_SU2011_ER_03 
"<con>"
	"con" Preposition PREP lang:es 00:01:40 00:01:47 tt-421 MM043_1986_CT_SU2011_ER_03 @Gram:Prep ADD:472 
"<mi>"
	"mío" Pronoun PPO Singular lang:es 00:01:40 00:01:47 tt-422 MM043_1986_CT_SU2011_ER_03 @Gram:Det:Pos ADD:350 
"<novia>"
	"novio" Noun NC Singular lang:es 00:01:40 00:01:47 tt-423 MM043_1986_CT_SU2011_ER_03 
"<,>"
	"," Punctuation CM lang:es 00:01:40 00:01:47 tt-424 MM043_1986_CT_SU2011_ER_03 
"<ella>"
	"él" Pronoun PPX Singular lang:es 00:01:40 00:01:47 tt-425 MM043_1986_CT_SU2011_ER_03 @Gram:Pron:Sujeto ADD:482 
"<habla>"
	"hablar" Verb VLfin Pres Indi Sing 3rd lang:es 00:01:47 00:01:53 tt-426 MM043_1986_CT_SU2011_ER_03 
"<,>"
	"," Punctuation CM lang:es 00:01:47 00:01:53 tt-427 MM043_1986_CT_SU2011_ER_03 
"<digo>"
	"decir" Verb VLfin Pres Indi Sing 1st lang:es 00:01:47 00:01:53 tt-428 MM043_1986_CT_SU2011_ER_03 
"<español>"
	"español" Adjective ADJ Singular lang:es 00:01:47 00:01:53 tt-429 MM043_1986_CT_SU2011_ER_03 
"<$.>"
	"." Punctuation FS lang:es 00:01:47 00:01:53 tt-430 MM043_1986_CT_SU2011_ER_03 

"<Ella>"
	"él" Pronoun PPX Singular lang:es 00:01:47 00:01:53 tt-431 MM043_1986_CT_SU2011_ER_03 @Gram:Pron:Sujeto ADD:482 
"<habla>"
	"hablar" Verb VLfin Pres Indi Sing 3rd lang:es 00:01:47 00:01:53 tt-432 MM043_1986_CT_SU2011_ER_03 
"<muy>"
	"muy" Adverb ADV lang:es 00:01:47 00:01:53 tt-433 MM043_1986_CT_SU2011_ER_03 
"<buen>"
	"bueno" Adjective ADJ Singular lang:es 00:01:47 00:01:53 tt-434 MM043_1986_CT_SU2011_ER_03 
"<español>"
	"español" Adjective ADJ Singular lang:es 00:01:47 00:01:53 tt-435 MM043_1986_CT_SU2011_ER_03 
"<pero>"
	"pero" Conjunction CCAD lang:es 00:01:47 00:01:53 tt-436 MM043_1986_CT_SU2011_ER_03 @Prag:MarcadoresDisc:Revision ADD:826 
"<todavía>"
	"todavía" Adverb ADV lang:es 00:01:47 00:01:53 tt-437 MM043_1986_CT_SU2011_ER_03 
"<le>"
	"él" Pronoun PPC Singular lang:es 00:01:47 00:01:53 tt-438 MM043_1986_CT_SU2011_ER_03 @Gram:Pron:Objeto ADD:512 
"<da>"
	"dar" Verb VLfin Pres Indi Sing 3rd lang:es 00:01:47 00:01:53 tt-439 MM043_1986_CT_SU2011_ER_03 
"<un>"
	"un" Determiner ART Singular lang:es 00:01:47 00:01:53 tt-440 MM043_1986_CT_SU2011_ER_03 
"<poco>"
	"pocos" Determiner QU lang:es 00:01:47 00:01:53 tt-441 MM043_1986_CT_SU2011_ER_03 
"<de>"
	"de" Preposition PREP lang:es 00:01:47 00:01:53 tt-442 MM043_1986_CT_SU2011_ER_03 @Gram:Prep ADD:472 
"<vergüenza>"
	"vergüenza" Noun NC Singular lang:es 00:01:47 00:01:53 tt-443 MM043_1986_CT_SU2011_ER_03 
"<así>"
	"así" Conjunction CSUBF lang:es 00:01:53 00:01:56 tt-444 MM043_1986_CT_SU2011_ER_03 
"<que>"
	"que" Conjunction CSUBF lang:es 00:01:53 00:01:56 tt-445 MM043_1986_CT_SU2011_ER_03 
"<a>"
	"a" Adverb ADV lang:es 00:01:53 00:01:56 tt-446 MM043_1986_CT_SU2011_ER_03 
"<veces>"
	"veces" Adverb ADV lang:es 00:01:53 00:01:56 tt-447 MM043_1986_CT_SU2011_ER_03 
"<se>"
	"se" Other SE lang:es 00:01:53 00:01:56 tt-448 MM043_1986_CT_SU2011_ER_03 @Gram:Pron:Otros ADD:525 
"<nos>"
	"nosotros" Pronoun PPX Plural lang:es 00:01:53 00:01:56 tt-449 MM043_1986_CT_SU2011_ER_03 @Gram:Pron:Objeto ADD:506 
"<olvida>"
	"olvidar" Verb VLfin Pres Indi Sing 3rd lang:es 00:01:53 00:01:56 tt-450 MM043_1986_CT_SU2011_ER_03 
"<hablar>"
	"hablar" Verb VLinf Infinitive lang:es 00:01:53 00:01:56 tt-451 MM043_1986_CT_SU2011_ER_03 SUBSTITUTE:292 
"<español>"
	"español" Noun NC Singular lang:es 00:01:53 00:01:56 tt-452 MM043_1986_CT_SU2011_ER_03 
"<$.>"
	"." Punctuation FS lang:es 00:01:53 00:01:56 tt-453 MM043_1986_CT_SU2011_ER_03 
</speaker>
<speaker type="int">

"<Oye>"
	"oír" Verb VLfin Pres Indi_Command Sing 2nd_3rd lang:es 00:01:56 00:02:01 tt-454 MM043_1986_CT_SU2011_ER_03 SUBSTITUTE:257 
"<,>"
	"," Punctuation CM lang:es 00:01:56 00:02:01 tt-455 MM043_1986_CT_SU2011_ER_03 
"<$¿>"
	"¿" Punctuation FS lang:es 00:01:56 00:02:01 tt-456 MM043_1986_CT_SU2011_ER_03 
"<y>"
	"y" Other ALFS lang:es 00:01:56 00:02:01 tt-457 MM043_1986_CT_SU2011_ER_03 
"<...>"
	"..." Punctuation DOTS lang:es 00:01:56 00:02:01 tt-458 MM043_1986_CT_SU2011_ER_03 
"<y>"
	"y" Other ALFS lang:es 00:01:56 00:02:01 tt-459 MM043_1986_CT_SU2011_ER_03 
"<te>"
	"tú" Pronoun PPX Singular lang:es 00:01:56 00:02:01 tt-460 MM043_1986_CT_SU2011_ER_03 @Gram:Pron:Objeto ADD:506 
"<sientes>"
	"sentar|sentir" Verb VLfin Pres Indi Sing 2nd lang:es 00:01:56 00:02:01 tt-461 MM043_1986_CT_SU2011_ER_03 
"<cómodo>"
	"cómodo" Adjective ADJ Singular lang:es 00:01:56 00:02:01 tt-462 MM043_1986_CT_SU2011_ER_03 
"<hablar>"
	"hablar" Verb VLinf Infinitive lang:es 00:01:56 00:02:01 tt-463 MM043_1986_CT_SU2011_ER_03 SUBSTITUTE:292 
"<español>"
	"español" Noun NC Singular lang:es 00:01:56 00:02:01 tt-464 MM043_1986_CT_SU2011_ER_03 
"<$?>"
	"?" Punctuation FS lang:es 00:01:56 00:02:01 tt-465 MM043_1986_CT_SU2011_ER_03 
</speaker>
<speaker type="subj">

"<La>"
	"el" Determiner ART Singular lang:es 00:02:01 00:02:08 tt-466 MM043_1986_CT_SU2011_ER_03 @Gram:Det:Art ADD:324 
"<verdad>"
	"verdad" Noun NC Singular lang:es 00:02:01 00:02:08 tt-467 MM043_1986_CT_SU2011_ER_03 
"<,>"
	"," Punctuation CM lang:es 00:02:01 00:02:08 tt-468 MM043_1986_CT_SU2011_ER_03 
"<una>"
	"una" Conjunction CSUBF lang:es 00:02:01 00:02:08 tt-469 MM043_1986_CT_SU2011_ER_03 
"<vez>"
	"vez" Conjunction CSUBF lang:es 00:02:01 00:02:08 tt-470 MM043_1986_CT_SU2011_ER_03 
"<que>"
	"que" Conjunction CSUBF lang:es 00:02:01 00:02:08 tt-471 MM043_1986_CT_SU2011_ER_03 
"<empiezo>"
	"empezar" Verb VLfin Pres Indi Sing 1st lang:es 00:02:01 00:02:08 tt-472 MM043_1986_CT_SU2011_ER_03 ID:322 R:Vocab:Fraseol:VerbPrep:323 ADDRELATION(Vocab:Fraseol:VerbPrep):987 
"<a>"
	"a" Preposition PREP lang:es 00:02:01 00:02:08 tt-473 MM043_1986_CT_SU2011_ER_03 @Gram:Prep ID:323 ADD:472 
"<hablar>"
	"hablar" Verb VLinf Infinitive lang:es 00:02:01 00:02:08 tt-474 MM043_1986_CT_SU2011_ER_03 SUBSTITUTE:292 
"<español>"
	"español" Adjective ADJ Singular lang:es 00:02:01 00:02:08 tt-475 MM043_1986_CT_SU2011_ER_03 
"<sí>"
	"sí" Adverb ADV lang:es 00:02:01 00:02:08 tt-476 MM043_1986_CT_SU2011_ER_03 
"<me>"
	"yo" Pronoun PPX Singular lang:es 00:02:01 00:02:08 tt-477 MM043_1986_CT_SU2011_ER_03 @Gram:Pron:Objeto ADD:506 
"<siento>"
	"sentar|sentir" Verb VLfin Pres Indi Sing 1st lang:es 00:02:01 00:02:08 tt-478 MM043_1986_CT_SU2011_ER_03 
"<,>"
	"," Punctuation CM lang:es 00:02:01 00:02:08 tt-479 MM043_1986_CT_SU2011_ER_03 
"<sí>"
	"él" Pronoun PPX Singular lang:es 00:02:01 00:02:08 tt-480 MM043_1986_CT_SU2011_ER_03 
"<me>"
	"yo" Pronoun PPX Singular lang:es 00:02:01 00:02:08 tt-481 MM043_1986_CT_SU2011_ER_03 @Gram:Pron:Objeto ADD:506 
"<siento>"
	"sentar|sentir" Verb VLfin Pres Indi Sing 1st lang:es 00:02:01 00:02:08 tt-482 MM043_1986_CT_SU2011_ER_03 
"<bien>"
	"bien" Adverb ADV lang:es 00:02:01 00:02:08 tt-483 MM043_1986_CT_SU2011_ER_03 
"<hablándolo>"
	"UNK" Verb VLadj lang:es 00:02:08 00:02:13 tt-484 MM043_1986_CT_SU2011_ER_03 
"<,>"
	"," Punctuation CM lang:es 00:02:08 00:02:13 tt-485 MM043_1986_CT_SU2011_ER_03 
"<no>"
	"no" Adverb NEG lang:es 00:02:08 00:02:13 tt-486 MM043_1986_CT_SU2011_ER_03 
"<me>"
	"yo" Pronoun PPX Singular lang:es 00:02:08 00:02:13 tt-487 MM043_1986_CT_SU2011_ER_03 @Gram:Pron:Objeto ADD:506 
"<da>"
	"dar" Verb VLfin Pres Indi Sing 3rd lang:es 00:02:08 00:02:13 tt-488 MM043_1986_CT_SU2011_ER_03 
"<vergüenza>"
	"vergüenza" Noun NC Singular lang:es 00:02:08 00:02:13 tt-489 MM043_1986_CT_SU2011_ER_03 
"<$.>"
	"." Punctuation FS lang:es 00:02:08 00:02:13 tt-490 MM043_1986_CT_SU2011_ER_03 

"<A>"
	"a" Adverb ADV lang:es 00:02:08 00:02:13 tt-491 MM043_1986_CT_SU2011_ER_03 
"<veces>"
	"veces" Adverb ADV lang:es 00:02:08 00:02:13 tt-492 MM043_1986_CT_SU2011_ER_03 
"<se>"
	"se" Other SE lang:es 00:02:08 00:02:13 tt-493 MM043_1986_CT_SU2011_ER_03 @Gram:Pron:Otros ADD:525 
"<me>"
	"yo" Pronoun PPX Singular lang:es 00:02:08 00:02:13 tt-494 MM043_1986_CT_SU2011_ER_03 @Gram:Pron:Objeto ADD:506 
"<olvidan>"
	"olvidar" Verb VLfin Pres Indi Plural 3rd lang:es 00:02:08 00:02:13 tt-495 MM043_1986_CT_SU2011_ER_03 
"<ciertas>"
	"cierto" Determiner QU lang:es 00:02:08 00:02:13 tt-496 MM043_1986_CT_SU2011_ER_03 
"<palabras>"
	"palabra" Noun NC Plural lang:es 00:02:08 00:02:13 tt-497 MM043_1986_CT_SU2011_ER_03 
"<en>"
	"en" Preposition PREP lang:es 00:02:08 00:02:13 tt-498 MM043_1986_CT_SU2011_ER_03 @Gram:Prep ADD:472 
"<español>"
	"español" Noun NC Singular lang:es 00:02:08 00:02:13 tt-499 MM043_1986_CT_SU2011_ER_03 
"<,>"
	"," Punctuation CM lang:es 00:02:08 00:02:13 tt-500 MM043_1986_CT_SU2011_ER_03 
"<de>"
	"de" Preposition PREP lang:es 00:02:13 00:02:16 tt-501 MM043_1986_CT_SU2011_ER_03 @Gram:Prep ADD:472 
"<cualquier>"
	"cualquier" Determiner QU lang:es 00:02:13 00:02:16 tt-502 MM043_1986_CT_SU2011_ER_03 
"<manera>"
	"manera" Noun NC Singular lang:es 00:02:13 00:02:16 tt-503 MM043_1986_CT_SU2011_ER_03 
"<no>"
	"no" Adverb NEG lang:es 00:02:13 00:02:16 tt-504 MM043_1986_CT_SU2011_ER_03 
"<me>"
	"yo" Pronoun PPX Singular lang:es 00:02:13 00:02:16 tt-505 MM043_1986_CT_SU2011_ER_03 @Gram:Pron:Objeto ADD:506 
"<da>"
	"dar" Verb VLfin Pres Indi Sing 3rd lang:es 00:02:13 00:02:16 tt-506 MM043_1986_CT_SU2011_ER_03 
"<vergüenza>"
	"vergüenza" Noun NC Singular lang:es 00:02:13 00:02:16 tt-507 MM043_1986_CT_SU2011_ER_03 
"<$.>"
	"." Punctuation FS lang:es 00:02:13 00:02:16 tt-508 MM043_1986_CT_SU2011_ER_03 

"<Me>"
	"yo" Pronoun PPX Singular lang:es 00:02:13 00:02:16 tt-509 MM043_1986_CT_SU2011_ER_03 @Gram:Pron:Objeto ID:359 R:Gram:Gustar:Propios:360 ADD:506 ADDRELATION(Gram:Gustar:Propios):563 
"<gusta>"
	"gustar" Verb VLfin Pres Indi Sing 3rd lang:es 00:02:13 00:02:16 tt-510 MM043_1986_CT_SU2011_ER_03 ID:360 
"<hablarlo>"
	"hablar" Verb VLinf Pres Indi Sing 1st lang:es 00:02:13 00:02:16 tt-511 MM043_1986_CT_SU2011_ER_03 
"<$.>"
	"." Punctuation FS lang:es 00:02:13 00:02:16 tt-512 MM043_1986_CT_SU2011_ER_03 
</speaker>
<speaker type="int">

"<$¿>"
	"¿" Punctuation FS lang:es 00:02:16 00:02:21 tt-513 MM043_1986_CT_SU2011_ER_03 
"<Y>"
	"y" Conjunction CC lang:es 00:02:16 00:02:21 tt-514 MM043_1986_CT_SU2011_ER_03 
"<te>"
	"tú" Pronoun PPX Singular lang:es 00:02:16 00:02:21 tt-515 MM043_1986_CT_SU2011_ER_03 @Gram:Pron:Objeto ADD:506 
"<sientes>"
	"sentar|sentir" Verb VLfin Pres Indi Sing 2nd lang:es 00:02:16 00:02:21 tt-516 MM043_1986_CT_SU2011_ER_03 
"<igualmente>"
	"igualmente" Adverb ADV lang:es 00:02:16 00:02:21 tt-517 MM043_1986_CT_SU2011_ER_03 
"<cómodo>"
	"cómodo" Adjective ADJ Singular lang:es 00:02:16 00:02:21 tt-518 MM043_1986_CT_SU2011_ER_03 
"<al>"
	"al" Preposition PAL lang:es 00:02:16 00:02:21 tt-519 MM043_1986_CT_SU2011_ER_03 @Gram:Prep ADD:472 
"<habla>"
	"habla" Noun NC Singular lang:es 00:02:16 00:02:21 tt-520 MM043_1986_CT_SU2011_ER_03 
"<...>"
	"..." Punctuation DOTS lang:es 00:02:16 00:02:21 tt-521 MM043_1986_CT_SU2011_ER_03 
"<al>"
	"al" Conjunction CSUBI lang:es 00:02:16 00:02:21 tt-522 MM043_1986_CT_SU2011_ER_03 
"<escribirlo>"
	"escribir" Verb VLinf Pres Indi Sing 1st lang:es 00:02:16 00:02:21 tt-523 MM043_1986_CT_SU2011_ER_03 
"<o>"
	"o" Conjunction CC lang:es 00:02:16 00:02:21 tt-524 MM043_1986_CT_SU2011_ER_03 
"<leerlo>"
	"leer" Verb VLinf Pres Indi Sing 1st lang:es 00:02:16 00:02:21 tt-525 MM043_1986_CT_SU2011_ER_03 
"<$?>"
	"?" Punctuation FS lang:es 00:02:16 00:02:21 tt-526 MM043_1986_CT_SU2011_ER_03 
</speaker>
<speaker type="subj">

"<La>"
	"el" Determiner ART Singular lang:es 00:02:21 00:02:28 tt-527 MM043_1986_CT_SU2011_ER_03 @Gram:Det:Art ADD:324 
"<verdad>"
	"verdad" Noun NC Singular lang:es 00:02:21 00:02:28 tt-528 MM043_1986_CT_SU2011_ER_03 
"<me>"
	"yo" Pronoun PPX Singular lang:es 00:02:21 00:02:28 tt-529 MM043_1986_CT_SU2011_ER_03 @Gram:Pron:Objeto ADD:506 
"<siento>"
	"sentar|sentir" Verb VLfin Pres Indi Sing 1st lang:es 00:02:21 00:02:28 tt-530 MM043_1986_CT_SU2011_ER_03 
"<un>"
	"un" Determiner ART Singular lang:es 00:02:21 00:02:28 tt-531 MM043_1986_CT_SU2011_ER_03 
"<poco>"
	"poco" Adverb ADV lang:es 00:02:21 00:02:28 tt-532 MM043_1986_CT_SU2011_ER_03 
"<más>"
	"más" Adverb ADV lang:es 00:02:21 00:02:28 tt-533 MM043_1986_CT_SU2011_ER_03 
"<cómodo>"
	"cómodo" Adjective ADJ Singular lang:es 00:02:21 00:02:28 tt-534 MM043_1986_CT_SU2011_ER_03 
"<escribiéndolo>"
	"UNK" Verb VLadj lang:es 00:02:21 00:02:28 tt-535 MM043_1986_CT_SU2011_ER_03 
"<$.>"
	"." Punctuation FS lang:es 00:02:21 00:02:28 tt-536 MM043_1986_CT_SU2011_ER_03 

"<...>"
	"..." Punctuation DOTS lang:es 00:02:21 00:02:28 tt-538 MM043_1986_CT_SU2011_ER_03 
"<siempre>"
	"siempre" Adverb ADV lang:es 00:02:21 00:02:28 tt-539 MM043_1986_CT_SU2011_ER_03 
"<tuve>"
	"tener" Verb VLfin Pret Indi Sing 1st lang:es 00:02:21 00:02:28 tt-540 MM043_1986_CT_SU2011_ER_03 @Gram:Indefinido ADD:546 
"<la>"
	"el" Determiner ART Singular lang:es 00:02:21 00:02:28 tt-541 MM043_1986_CT_SU2011_ER_03 @Gram:Det:Art ADD:324 
"<,>"
	"," Punctuation CM lang:es 00:02:21 00:02:28 tt-542 MM043_1986_CT_SU2011_ER_03 
"<eh>"
	"eh" Noun NP Singular lang:es 00:02:21 00:02:28 tt-543 MM043_1986_CT_SU2011_ER_03 
"<...>"
	"..." Punctuation DOTS lang:es 00:02:21 00:02:28 tt-544 MM043_1986_CT_SU2011_ER_03 
"<$¿>"
	"¿" Punctuation FS lang:es 00:02:21 00:02:28 tt-545 MM043_1986_CT_SU2011_ER_03 
"<cómo>"
	"cómo" Adverb ADV lang:es 00:02:21 00:02:28 tt-546 MM043_1986_CT_SU2011_ER_03 
"<lo>"
	"él" Pronoun PPC Singular lang:es 00:02:28 00:02:35 tt-547 MM043_1986_CT_SU2011_ER_03 @Gram:Pron:Objeto ADD:512 
"<diría>"
	"decir" Verb VLfin Cond Indi Sing 1st_or_3rd lang:es 00:02:28 00:02:35 tt-548 MM043_1986_CT_SU2011_ER_03 
"<$?>"
	"?" Punctuation FS lang:es 00:02:28 00:02:35 tt-549 MM043_1986_CT_SU2011_ER_03 

"<la>"
	"el" Determiner ART Singular lang:es 00:02:28 00:02:35 tt-550 MM043_1986_CT_SU2011_ER_03 @Gram:Det:Art ADD:324 
"<cabeza>"
	"cabeza" Noun NC Singular lang:es 00:02:28 00:02:35 tt-551 MM043_1986_CT_SU2011_ER_03 
"<para>"
	"para" Conjunction CSUBI lang:es 00:02:28 00:02:35 tt-552 MM043_1986_CT_SU2011_ER_03 
"<escribir>"
	"escribir" Verb VLinf Infinitive lang:es 00:02:28 00:02:35 tt-553 MM043_1986_CT_SU2011_ER_03 SUBSTITUTE:292 
"<entonces>"
	"entonces" Adverb ADV lang:es 00:02:28 00:02:35 tt-554 MM043_1986_CT_SU2011_ER_03 
"<creo>"
	"crear|creer" Verb VLfin Pres Indi Sing 1st lang:es 00:02:28 00:02:35 tt-555 MM043_1986_CT_SU2011_ER_03 
"<que>"
	"que" Conjunction CQUE lang:es 00:02:28 00:02:35 tt-556 MM043_1986_CT_SU2011_ER_03 
"<puedo>"
	"poder" Verb VLfin Pres Indi Sing 1st lang:es 00:02:28 00:02:35 tt-557 MM043_1986_CT_SU2011_ER_03 
"<escribir>"
	"escribir" Verb VLinf Infinitive lang:es 00:02:28 00:02:35 tt-558 MM043_1986_CT_SU2011_ER_03 SUBSTITUTE:292 
"<mucho>"
	"mucho" Adverb ADV lang:es 00:02:28 00:02:35 tt-559 MM043_1986_CT_SU2011_ER_03 
"<mejor>"
	"bueno" Adjective ADJ Singular lang:es 00:02:28 00:02:35 tt-560 MM043_1986_CT_SU2011_ER_03 
"<en>"
	"en" Preposition PREP lang:es 00:02:28 00:02:35 tt-561 MM043_1986_CT_SU2011_ER_03 @Gram:Prep ADD:472 
"<español>"
	"español" Noun NC Singular lang:es 00:02:28 00:02:35 tt-562 MM043_1986_CT_SU2011_ER_03 
"<que>"
	"que" Conjunction CQUE lang:es 00:02:35 00:02:36 tt-563 MM043_1986_CT_SU2011_ER_03 
"<...>"
	"..." Punctuation DOTS lang:es 00:02:35 00:02:36 tt-564 MM043_1986_CT_SU2011_ER_03 
"<que>"
	"que" Conjunction CQUE lang:es 00:02:35 00:02:36 tt-565 MM043_1986_CT_SU2011_ER_03 
"<hablarlo>"
	"hablar" Verb VLinf Pres Indi Sing 1st lang:es 00:02:35 00:02:36 tt-566 MM043_1986_CT_SU2011_ER_03 
"<$.>"
	"." Punctuation FS lang:es 00:02:35 00:02:36 tt-567 MM043_1986_CT_SU2011_ER_03 
</speaker>
<speaker type="int">

"<$¿>"
	"¿" Punctuation FS lang:es 00:02:36 00:02:39 tt-568 MM043_1986_CT_SU2011_ER_03 
"<Y>"
	"y" Conjunction CC lang:es 00:02:36 00:02:39 tt-569 MM043_1986_CT_SU2011_ER_03 
"<crees>"
	"crear|creer" Verb VLfin Pres Indi Sing 2nd lang:es 00:02:36 00:02:39 tt-570 MM043_1986_CT_SU2011_ER_03 
"<que>"
	"que" Conjunction CQUE lang:es 00:02:36 00:02:39 tt-571 MM043_1986_CT_SU2011_ER_03 
"<tu>"
	"tú" Pronoun PPX Singular lang:es 00:02:36 00:02:39 tt-572 MM043_1986_CT_SU2011_ER_03 @Gram:Det:Pos ADD:350 
"<español>"
	"español" Adjective ADJ Singular lang:es 00:02:36 00:02:39 tt-573 MM043_1986_CT_SU2011_ER_03 
"<sea>"
	"ser" Verb VSfin Pres Subj Sing 1st_or_3rd lang:es 00:02:36 00:02:39 tt-574 MM043_1986_CT_SU2011_ER_03 @Gram:MSub:Pres @Gram:SerEstar:Ser ADD:616 ADD:647 
"<a>"
	"a" Preposition PREP lang:es 00:02:36 00:02:39 tt-575 MM043_1986_CT_SU2011_ER_03 @Gram:Prep ADD:472 
"<un>"
	"un" Determiner ART Singular lang:es 00:02:36 00:02:39 tt-576 MM043_1986_CT_SU2011_ER_03 
"<nivel>"
	"nivel" Noun NC Singular lang:es 00:02:36 00:02:39 tt-577 MM043_1986_CT_SU2011_ER_03 
"<académico>"
	"académico" Adjective ADJ Singular lang:es 00:02:36 00:02:39 tt-578 MM043_1986_CT_SU2011_ER_03 
"<$?>"
	"?" Punctuation FS lang:es 00:02:36 00:02:39 tt-579 MM043_1986_CT_SU2011_ER_03 
</speaker>
<speaker type="subj">

"<Yo>"
	"yo" Pronoun PPX Singular lang:es 00:02:39 00:02:46 tt-580 MM043_1986_CT_SU2011_ER_03 @Gram:Pron:Sujeto ADD:482 
"<creo>"
	"crear|creer" Verb VLfin Pres Indi Sing 1st lang:es 00:02:39 00:02:46 tt-581 MM043_1986_CT_SU2011_ER_03 
"<que>"
	"que" Conjunction CQUE lang:es 00:02:39 00:02:46 tt-582 MM043_1986_CT_SU2011_ER_03 
"<sí>"
	"él" Pronoun PPX Singular lang:es 00:02:39 00:02:46 tt-583 MM043_1986_CT_SU2011_ER_03 
"<$.>"
	"." Punctuation FS lang:es 00:02:39 00:02:46 tt-584 MM043_1986_CT_SU2011_ER_03 

"<Si>"
	"si" Conjunction CSUBX lang:es 00:02:39 00:02:46 tt-585 MM043_1986_CT_SU2011_ER_03 
"<tratara>"
	"tratar" Verb VLfin Past Subj Sing 1st_or_3rd lang:es 00:02:39 00:02:46 tt-586 MM043_1986_CT_SU2011_ER_03 @Gram:MSub:Pret ADD:617 
"<,>"
	"," Punctuation CM lang:es 00:02:39 00:02:46 tt-587 MM043_1986_CT_SU2011_ER_03 
"<especialmente>"
	"especialmente" Adverb ADV lang:es 00:02:39 00:02:46 tt-588 MM043_1986_CT_SU2011_ER_03 
"<si>"
	"si" Conjunction CSUBX lang:es 00:02:39 00:02:46 tt-589 MM043_1986_CT_SU2011_ER_03 
"<leyera>"
	"leer" Verb VLfin Past Subj Sing 1st_or_3rd lang:es 00:02:39 00:02:46 tt-590 MM043_1986_CT_SU2011_ER_03 @Gram:MSub:Pret ADD:617 
"<más>"
	"más" Adverb ADV lang:es 00:02:39 00:02:46 tt-591 MM043_1986_CT_SU2011_ER_03 
"<en>"
	"en" Preposition PREP lang:es 00:02:39 00:02:46 tt-592 MM043_1986_CT_SU2011_ER_03 @Gram:Prep ADD:472 
"<español>"
	"español" Noun NC Singular lang:es 00:02:39 00:02:46 tt-593 MM043_1986_CT_SU2011_ER_03 
"<y>"
	"y" Conjunction CC lang:es 00:02:39 00:02:46 tt-594 MM043_1986_CT_SU2011_ER_03 
"<escribiera>"
	"escribir" Verb VLfin Past Subj Sing 1st_or_3rd lang:es 00:02:39 00:02:46 tt-595 MM043_1986_CT_SU2011_ER_03 @Gram:MSub:Pret ADD:617 
"<un>"
	"un" Determiner ART Singular lang:es 00:02:39 00:02:46 tt-596 MM043_1986_CT_SU2011_ER_03 
"<poco>"
	"poco" Adverb ADV lang:es 00:02:47 00:02:52 tt-597 MM043_1986_CT_SU2011_ER_03 
"<más>"
	"más" Adverb ADV lang:es 00:02:47 00:02:52 tt-598 MM043_1986_CT_SU2011_ER_03 
"<,>"
	"," Punctuation CM lang:es 00:02:47 00:02:52 tt-599 MM043_1986_CT_SU2011_ER_03 
"<si>"
	"si" Conjunction CSUBX lang:es 00:02:47 00:02:52 tt-600 MM043_1986_CT_SU2011_ER_03 
"<lo>"
	"él" Pronoun PPC Singular lang:es 00:02:47 00:02:52 tt-601 MM043_1986_CT_SU2011_ER_03 @Gram:Pron:Objeto ADD:512 
"<practicara>"
	"UNK" Verb VLfin Past Subj Sing 1st_or_3rd lang:es 00:02:47 00:02:52 tt-602 MM043_1986_CT_SU2011_ER_03 @Gram:MSub:Pret ADD:617 
"<un>"
	"un" Determiner ART Singular lang:es 00:02:47 00:02:52 tt-603 MM043_1986_CT_SU2011_ER_03 
"<poco>"
	"poco" Adverb ADV lang:es 00:02:47 00:02:52 tt-604 MM043_1986_CT_SU2011_ER_03 
"<más>"
	"más" Adverb ADV lang:es 00:02:47 00:02:52 tt-605 MM043_1986_CT_SU2011_ER_03 
"<creo>"
	"crear|creer" Verb VLfin Pres Indi Sing 1st lang:es 00:02:47 00:02:52 tt-606 MM043_1986_CT_SU2011_ER_03 
"<que>"
	"que" Conjunction CQUE lang:es 00:02:47 00:02:52 tt-607 MM043_1986_CT_SU2011_ER_03 
"<sí>"
	"él" Pronoun PPX Singular lang:es 00:02:47 00:02:52 tt-608 MM043_1986_CT_SU2011_ER_03 
"<sería>"
	"ser" Verb VSfin Cond Indi Sing 1st_or_3rd lang:es 00:02:47 00:02:52 tt-609 MM043_1986_CT_SU2011_ER_03 @Gram:SerEstar:Ser ADD:647 
"<muy>"
	"muy" Adverb ADV lang:es 00:02:47 00:02:52 tt-610 MM043_1986_CT_SU2011_ER_03 
"<posible>"
	"posible" Adjective ADJ Singular lang:es 00:02:47 00:02:52 tt-611 MM043_1986_CT_SU2011_ER_03 
"<poder>"
	"poder" Verb VLinf VMinf lang:es 00:02:47 00:02:52 tt-612 MM043_1986_CT_SU2011_ER_03 SUBSTITUTE:292 
"<...>"
	"..." Punctuation DOTS lang:es 00:02:47 00:02:52 tt-613 MM043_1986_CT_SU2011_ER_03 
"<poder>"
	"poder" Verb VLinf VMinf lang:es 00:02:47 00:02:52 tt-614 MM043_1986_CT_SU2011_ER_03 SUBSTITUTE:292 
"<hablar>"
	"hablar" Verb VLinf Infinitive lang:es 00:02:47 00:02:52 tt-615 MM043_1986_CT_SU2011_ER_03 SUBSTITUTE:292 
"<,>"
	"," Punctuation CM lang:es 00:02:47 00:02:52 tt-616 MM043_1986_CT_SU2011_ER_03 
"<escribir>"
	"escribir" Verb VLinf Infinitive lang:es 00:02:52 00:02:55 tt-617 MM043_1986_CT_SU2011_ER_03 SUBSTITUTE:292 
"<al>"
	"al" Preposition PAL lang:es 00:02:52 00:02:55 tt-618 MM043_1986_CT_SU2011_ER_03 @Gram:Prep ADD:472 
"<...>"
	"..." Punctuation DOTS lang:es 00:02:52 00:02:55 tt-619 MM043_1986_CT_SU2011_ER_03 
"<al>"
	"al" Preposition PAL lang:es 00:02:52 00:02:55 tt-620 MM043_1986_CT_SU2011_ER_03 @Gram:Prep ADD:472 
"<nivel>"
	"nivel" Noun NC Singular lang:es 00:02:52 00:02:55 tt-621 MM043_1986_CT_SU2011_ER_03 
"<académico>"
	"académico" Adjective ADJ Singular lang:es 00:02:52 00:02:55 tt-622 MM043_1986_CT_SU2011_ER_03 
"<$.>"
	"." Punctuation FS lang:es 00:02:52 00:02:55 tt-623 MM043_1986_CT_SU2011_ER_03 
</speaker>
<speaker type="int">

"<$¿>"
	"¿" Punctuation FS lang:es 00:02:55 00:03:02 tt-624 MM043_1986_CT_SU2011_ER_03 
"<Y>"
	"y" Conjunction CC lang:es 00:02:55 00:03:02 tt-625 MM043_1986_CT_SU2011_ER_03 
"<qué>"
	"qué" Pronoun INT Singular lang:es 00:02:55 00:03:02 tt-626 MM043_1986_CT_SU2011_ER_03 
"<idioma>"
	"idioma" Noun NC Singular lang:es 00:02:55 00:03:02 tt-627 MM043_1986_CT_SU2011_ER_03 
"<hablas>"
	"hablar" Verb VLfin Pres Indi Sing 2nd lang:es 00:02:55 00:03:02 tt-628 MM043_1986_CT_SU2011_ER_03 ID:477 R:Vocab:Fraseol:VerbPrep:479 ADDRELATION(Vocab:Fraseol:VerbPrep):985 
"<más>"
	"más" Adverb ADV lang:es 00:02:55 00:03:02 tt-629 MM043_1986_CT_SU2011_ER_03 
"<en>"
	"en" Preposition PREP lang:es 00:02:55 00:03:02 tt-630 MM043_1986_CT_SU2011_ER_03 @Gram:Prep ID:479 ADD:472 
"<...>"
	"..." Punctuation DOTS lang:es 00:02:55 00:03:02 tt-631 MM043_1986_CT_SU2011_ER_03 
"<en>"
	"en" Preposition PREP lang:es 00:02:55 00:03:02 tt-632 MM043_1986_CT_SU2011_ER_03 @Gram:Prep ADD:472 
"<tu>"
	"tú" Pronoun PPX Singular lang:es 00:02:55 00:03:02 tt-633 MM043_1986_CT_SU2011_ER_03 @Gram:Det:Pos ADD:350 
"<vida>"
	"vida" Noun NC Singular lang:es 00:02:55 00:03:02 tt-634 MM043_1986_CT_SU2011_ER_03 
"<$?>"
	"?" Punctuation FS lang:es 00:02:55 00:03:02 tt-635 MM043_1986_CT_SU2011_ER_03 
</speaker>
<speaker type="subj">

"<Pues>"
	"pues" Conjunction CSUBF lang:es 00:03:02 00:03:09 tt-636 MM043_1986_CT_SU2011_ER_03 
"<,>"
	"," Punctuation CM lang:es 00:03:02 00:03:09 tt-637 MM043_1986_CT_SU2011_ER_03 
"<tendría>"
	"tener" Verb VLfin Cond Indi Sing 1st_or_3rd lang:es 00:03:02 00:03:09 tt-638 MM043_1986_CT_SU2011_ER_03 
"<que>"
	"que" Conjunction CQUE lang:es 00:03:02 00:03:09 tt-639 MM043_1986_CT_SU2011_ER_03 
"<decir>"
	"decir" Verb VLinf Infinitive lang:es 00:03:02 00:03:09 tt-640 MM043_1986_CT_SU2011_ER_03 SUBSTITUTE:292 
"<que>"
	"que" Conjunction CQUE lang:es 00:03:02 00:03:09 tt-641 MM043_1986_CT_SU2011_ER_03 
"<ahora>"
	"ahora" Adverb ADV lang:es 00:03:02 00:03:09 tt-642 MM043_1986_CT_SU2011_ER_03 
"<hablo>"
	"hablar" Verb VLfin Pres Indi Sing 1st lang:es 00:03:02 00:03:09 tt-643 MM043_1986_CT_SU2011_ER_03 
"<mucho>"
	"mucho" Adverb ADV lang:es 00:03:02 00:03:09 tt-644 MM043_1986_CT_SU2011_ER_03 
"<más>"
	"más" Adverb ADV lang:es 00:03:02 00:03:09 tt-645 MM043_1986_CT_SU2011_ER_03 
"<inglés>"
	"inglés" Adjective ADJ Plural lang:es 00:03:02 00:03:09 tt-646 MM043_1986_CT_SU2011_ER_03 
"<que>"
	"que" Conjunction CQUE lang:es 00:03:02 00:03:09 tt-647 MM043_1986_CT_SU2011_ER_03 
"<...>"
	"..." Punctuation DOTS lang:es 00:03:02 00:03:09 tt-648 MM043_1986_CT_SU2011_ER_03 
"<que>"
	"que" Conjunction CQUE lang:es 00:03:02 00:03:09 tt-649 MM043_1986_CT_SU2011_ER_03 
"<el>"
	"el" Determiner ART Singular lang:es 00:03:02 00:03:09 tt-650 MM043_1986_CT_SU2011_ER_03 @Gram:Det:Art ADD:324 
"<español>"
	"español" Noun NC Singular lang:es 00:03:02 00:03:09 tt-651 MM043_1986_CT_SU2011_ER_03 
"<,>"
	"," Punctuation CM lang:es 00:03:02 00:03:09 tt-652 MM043_1986_CT_SU2011_ER_03 
"<especialmente>"
	"especialmente" Adverb ADV lang:es 00:03:09 00:03:16 tt-653 MM043_1986_CT_SU2011_ER_03 
"<porque>"
	"porque" Conjunction CSUBX lang:es 00:03:09 00:03:16 tt-654 MM043_1986_CT_SU2011_ER_03 @Prag:MarcadoresDisc:Causa ADD:879 
"<ya>"
	"ya" Adverb ADV lang:es 00:03:09 00:03:16 tt-655 MM043_1986_CT_SU2011_ER_03 
"<hace>"
	"hacer" Verb VLfin Pres Indi Sing 3rd lang:es 00:03:09 00:03:16 tt-656 MM043_1986_CT_SU2011_ER_03 
"<más>"
	"más" Adverb ADV lang:es 00:03:09 00:03:16 tt-657 MM043_1986_CT_SU2011_ER_03 
"<de>"
	"de" Preposition PREP lang:es 00:03:09 00:03:16 tt-658 MM043_1986_CT_SU2011_ER_03 @Gram:Prep ADD:472 
"<6>"
	"6" Determiner CARD Singular lang:es 00:03:09 00:03:16 tt-659 MM043_1986_CT_SU2011_ER_03 
"<años>"
	"año" Noun NC Plural lang:es 00:03:09 00:03:16 tt-660 MM043_1986_CT_SU2011_ER_03 
"<que>"
	"que" Conjunction CQUE lang:es 00:03:09 00:03:16 tt-661 MM043_1986_CT_SU2011_ER_03 
"<no>"
	"no" Adverb NEG lang:es 00:03:09 00:03:16 tt-662 MM043_1986_CT_SU2011_ER_03 
"<vivo>"
	"vivir" Verb VLfin Pres Indi Sing 1st lang:es 00:03:09 00:03:16 tt-663 MM043_1986_CT_SU2011_ER_03 
"<con>"
	"con" Preposition PREP lang:es 00:03:09 00:03:16 tt-664 MM043_1986_CT_SU2011_ER_03 @Gram:Prep ADD:472 
"<mis>"
	"mío" Pronoun PPO Plural lang:es 00:03:09 00:03:16 tt-665 MM043_1986_CT_SU2011_ER_03 @Gram:Det:Pos SUBSTITUTE:281 ADD:351 
"<padres>"
	"padre" Noun NC Plural lang:es 00:03:09 00:03:16 tt-666 MM043_1986_CT_SU2011_ER_03 
"<entonces>"
	"entonces" Adverb ADV lang:es 00:03:09 00:03:16 tt-667 MM043_1986_CT_SU2011_ER_03 
"<no>"
	"no" Adverb NEG lang:es 00:03:09 00:03:16 tt-668 MM043_1986_CT_SU2011_ER_03 
"<...>"
	"..." Punctuation DOTS lang:es 00:03:09 00:03:16 tt-669 MM043_1986_CT_SU2011_ER_03 
"<no>"
	"no" Adverb NEG lang:es 00:03:09 00:03:16 tt-670 MM043_1986_CT_SU2011_ER_03 
"<hablo>"
	"hablar" Verb VLfin Pres Indi Sing 1st lang:es 00:03:18 00:03:20 tt-671 MM043_1986_CT_SU2011_ER_03 
"<español>"
	"español" Noun NC Singular lang:es 00:03:18 00:03:20 tt-672 MM043_1986_CT_SU2011_ER_03 
"<mucho>"
	"mucho" Determiner QU lang:es 00:03:18 00:03:20 tt-673 MM043_1986_CT_SU2011_ER_03 
"<,>"
	"," Punctuation CM lang:es 00:03:18 00:03:20 tt-674 MM043_1986_CT_SU2011_ER_03 
"<muy>"
	"muy" Adverb ADV lang:es 00:03:18 00:03:20 tt-675 MM043_1986_CT_SU2011_ER_03 
"<seguido>"
	"seguir" Verb VLadj lang:es 00:03:18 00:03:20 tt-676 MM043_1986_CT_SU2011_ER_03 
"<$.>"
	"." Punctuation FS lang:es 00:03:18 00:03:20 tt-677 MM043_1986_CT_SU2011_ER_03 
</speaker>
</text>

