<text id="MM043_1986_CT_SU2011_ER_06">
<speaker type="int">
"<Y>"
	"y" Conjunciton Conjunction CC lang:es 00:00:00 00:00:06 tt-1254 MM043_1986_CT_SU2011_ER_06 SUBSTITUTE:394 
"<ya>"
	"ya" Adverb ADV lang:es 00:00:00 00:00:06 tt-1255 MM043_1986_CT_SU2011_ER_06 
"<estando>"
	"estar" Verb VEger Gerund lang:es 00:00:00 00:00:06 tt-1256 MM043_1986_CT_SU2011_ER_06 @Gram:SerEstar:Estar ADD:822 
"<en>"
	"en" Preposition PREP lang:es 00:00:00 00:00:06 tt-1257 MM043_1986_CT_SU2011_ER_06 @Gram:Prep ADD:624 
"<este>"
	"este" Determiner DM Singular lang:es 00:00:00 00:00:06 tt-1258 MM043_1986_CT_SU2011_ER_06 @Gram:Det:Demo ADD:442 
"<lado>"
	"lado" Noun NC Singular lang:es 00:00:00 00:00:06 tt-1259 MM043_1986_CT_SU2011_ER_06 
"<de>"
	"de" Preposition PREP lang:es 00:00:00 00:00:06 tt-1260 MM043_1986_CT_SU2011_ER_06 @Gram:Prep ADD:624 
"<la>"
	"el" Determiner ART Singular Fem lang:es 00:00:00 00:00:06 tt-1261 MM043_1986_CT_SU2011_ER_06 @Gram:Det:Art ADD:426 
"<frontera>"
	"frontera" Noun NC Singular lang:es 00:00:00 00:00:06 tt-1262 MM043_1986_CT_SU2011_ER_06 
"<,>"
	"," Punctuation CM lang:es 00:00:00 00:00:06 tt-1263 MM043_1986_CT_SU2011_ER_06 
"<$¿>"
	"¿" Punctuation FS lang:es 00:00:00 00:00:06 tt-1264 MM043_1986_CT_SU2011_ER_06 
"<cuáles>"
	"cuál" Pronoun INT Plural lang:es 00:00:00 00:00:06 tt-1265 MM043_1986_CT_SU2011_ER_06 
"<fueron>"
	"ser" Verb VSfin Pret Indi Plural 3rd lang:es 00:00:00 00:00:06 tt-1266 MM043_1986_CT_SU2011_ER_06 @Gram:Indefinido @Gram:SerEstar:Ser ADD:698 ADD:813 
"<tus>"
	"UNK" Noun NC Plural lang:es 00:00:00 00:00:06 tt-1267 MM043_1986_CT_SU2011_ER_06 @Gram:Det:Pos ADD:457 
"<primeras>"
	"primera" Noun NC Plural lang:es 00:00:00 00:00:06 tt-1268 MM043_1986_CT_SU2011_ER_06 
"<impresiones>"
	"impresionar" Verb VLfin Pres Subj Sing 2nd lang:es 00:00:00 00:00:06 tt-1269 MM043_1986_CT_SU2011_ER_06 @Gram:MSub:Pres ADD:782 
"<sobre>"
	"sobre" Preposition PREP lang:es 00:00:06 00:00:08 tt-1270 MM043_1986_CT_SU2011_ER_06 @Gram:Prep ADD:624 
"<...>"
	"..." Punctuation DOTS lang:es 00:00:06 00:00:08 tt-1271 MM043_1986_CT_SU2011_ER_06 
"<sobre>"
	"sobre" Preposition PREP lang:es 00:00:06 00:00:08 tt-1272 MM043_1986_CT_SU2011_ER_06 @Gram:Prep ADD:624 
"<este>"
	"este" Determiner DM Singular lang:es 00:00:06 00:00:08 tt-1273 MM043_1986_CT_SU2011_ER_06 @Gram:Det:Demo ADD:442 
"<país>"
	"país" Noun NC Plural lang:es 00:00:06 00:00:08 tt-1274 MM043_1986_CT_SU2011_ER_06 
"<$?>"
	"?" Punctuation FS lang:es 00:00:06 00:00:08 tt-1275 MM043_1986_CT_SU2011_ER_06 
</speaker>
<speaker type="subj">

"<Bueno>"
	"bueno" Adjective ADJ Singular lang:es 00:00:08 00:00:15 tt-1276 MM043_1986_CT_SU2011_ER_06 
"<,>"
	"," Punctuation CM lang:es 00:00:08 00:00:15 tt-1277 MM043_1986_CT_SU2011_ER_06 
"<primeramente>"
	"primeramente" Adverb ADV lang:es 00:00:08 00:00:15 tt-1278 MM043_1986_CT_SU2011_ER_06 
"<ya>"
	"ya" Adverb ADV lang:es 00:00:08 00:00:15 tt-1279 MM043_1986_CT_SU2011_ER_06 
"<tenía>"
	"tener" Verb VLfin Imp Indi Sing 1st_or_3rd lang:es 00:00:08 00:00:15 tt-1280 MM043_1986_CT_SU2011_ER_06 @Gram:Imperf ADD:689 
"<yo>"
	"yo" Pronoun PPX Singular lang:es 00:00:08 00:00:15 tt-1281 MM043_1986_CT_SU2011_ER_06 @Gram:Pron:Sujeto ADD:634 
"<impresiones>"
	"impresionar" Verb VLfin Pres Subj Sing 2nd lang:es 00:00:08 00:00:15 tt-1282 MM043_1986_CT_SU2011_ER_06 @Gram:MSub:Pres ADD:782 
"<de>"
	"de" Preposition PREP lang:es 00:00:08 00:00:15 tt-1283 MM043_1986_CT_SU2011_ER_06 @Gram:Prep ADD:624 
"<este>"
	"este" Determiner DM Singular lang:es 00:00:08 00:00:15 tt-1284 MM043_1986_CT_SU2011_ER_06 @Gram:Det:Demo ADD:442 
"<país>"
	"país" Noun NC Plural lang:es 00:00:08 00:00:15 tt-1285 MM043_1986_CT_SU2011_ER_06 
"<porque>"
	"porque" Conjunction CSUBX lang:es 00:00:08 00:00:15 tt-1286 MM043_1986_CT_SU2011_ER_06 @Prag:MarcadoresDisc:Causa ADD:1099 
"<lo>"
	"él" Pronoun PPC Singular lang:es 00:00:08 00:00:15 tt-1287 MM043_1986_CT_SU2011_ER_06 @Gram:Pron:Objeto ADD:664 
"<visitaba>"
	"visitar" Verb VLfin Imp Indi Sing 1st_or_3rd lang:es 00:00:08 00:00:15 tt-1288 MM043_1986_CT_SU2011_ER_06 @Gram:Imperf ADD:689 
"<,>"
	"," Punctuation CM lang:es 00:00:08 00:00:15 tt-1289 MM043_1986_CT_SU2011_ER_06 
"<visitábamos>"
	"UNK" Verb VLfin Imp Indi Plural 1st lang:es 00:00:08 00:00:15 tt-1290 MM043_1986_CT_SU2011_ER_06 @Gram:Imperf ADD:689 
"<El>"
	"el" Determiner ART Singular Masc lang:es 00:00:15 00:00:22 tt-1291 MM043_1986_CT_SU2011_ER_06 @Gram:Det:Art ID:38 R:Vocab:Entities:Geo:39 ADD:426 ADDRELATION(Vocab:Entities:Geo):1209 
"<Paso>"
	"paso" Noun NC Singular lang:es 00:00:15 00:00:22 tt-1292 MM043_1986_CT_SU2011_ER_06 ID:39 
"<mucho>"
	"mucho" Adverb ADV lang:es 00:00:15 00:00:22 tt-1293 MM043_1986_CT_SU2011_ER_06 
"<$.>"
	"." Punctuation FS lang:es 00:00:15 00:00:22 tt-1294 MM043_1986_CT_SU2011_ER_06 

"<Nos>"
	"nosotros" Pronoun PPX Plural lang:es 00:00:15 00:00:22 tt-1295 MM043_1986_CT_SU2011_ER_06 @Gram:Pron:Objeto ADD:658 
"<...>"
	"..." Punctuation DOTS lang:es 00:00:15 00:00:22 tt-1296 MM043_1986_CT_SU2011_ER_06 
"<recuerdo>"
	"recordar" Verb VLfin Pres Indi Sing 1st lang:es 00:00:15 00:00:22 tt-1297 MM043_1986_CT_SU2011_ER_06 
"<que>"
	"que" Conjunction CQUE lang:es 00:00:15 00:00:22 tt-1298 MM043_1986_CT_SU2011_ER_06 
"<a>"
	"a" Preposition PREP lang:es 00:00:15 00:00:22 tt-1299 MM043_1986_CT_SU2011_ER_06 @Gram:Prep SUBSTITUTE:398 ADD:624 
"<mis>"
	"mío" Pronoun PPO Plural lang:es 00:00:15 00:00:22 tt-1300 MM043_1986_CT_SU2011_ER_06 @Gram:Det:Pos SUBSTITUTE:318 ADD:457 
"<hermanitos>"
	"hermano" Noun NC Plural lang:es 00:00:15 00:00:22 tt-1301 MM043_1986_CT_SU2011_ER_06 
"<y>"
	"y" Conjunciton Conjunction CC lang:es 00:00:15 00:00:22 tt-1302 MM043_1986_CT_SU2011_ER_06 SUBSTITUTE:394 
"<a>"
	"a" Preposition PREP lang:es 00:00:15 00:00:22 tt-1303 MM043_1986_CT_SU2011_ER_06 @Gram:Prep SUBSTITUTE:398 ADD:624 
"<mí>"
	"yo" Pronoun PPX Singular lang:es 00:00:15 00:00:22 tt-1304 MM043_1986_CT_SU2011_ER_06 
"<nos>"
	"nosotros" Pronoun PPX Plural lang:es 00:00:15 00:00:22 tt-1305 MM043_1986_CT_SU2011_ER_06 @Gram:Pron:Objeto ID:52 R:Gram:Gustar:Propios:53 ADD:658 ADDRELATION(Gram:Gustar:Propios):727 
"<gustaba>"
	"gustar" Verb VLfin Imp Indi Sing 1st_or_3rd lang:es 00:00:15 00:00:22 tt-1306 MM043_1986_CT_SU2011_ER_06 @Gram:Imperf ID:53 ADD:689 
"<mucho>"
	"mucho" Adverb ADV lang:es 00:00:15 00:00:22 tt-1307 MM043_1986_CT_SU2011_ER_06 
"<ir>"
	"ir" Verb VLinf Infinitive lang:es 00:00:15 00:00:22 tt-1308 MM043_1986_CT_SU2011_ER_06 SUBSTITUTE:329 
"<a>"
	"a" Preposition PREP lang:es 00:00:15 00:00:22 tt-1309 MM043_1986_CT_SU2011_ER_06 @Gram:Prep SUBSTITUTE:398 ADD:624 
"<El>"
	"el" Determiner ART Singular Masc lang:es 00:00:15 00:00:22 tt-1310 MM043_1986_CT_SU2011_ER_06 @Gram:Det:Art ID:57 R:Vocab:Entities:Geo:58 ADD:426 ADDRELATION(Vocab:Entities:Geo):1209 
"<Paso>"
	"paso" Noun NC Singular lang:es 00:00:15 00:00:22 tt-1311 MM043_1986_CT_SU2011_ER_06 ID:58 
"<,>"
	"," Punctuation CM lang:es 00:00:15 00:00:22 tt-1312 MM043_1986_CT_SU2011_ER_06 
"<nos>"
	"nosotros" Pronoun PPX Plural lang:es 00:00:15 00:00:22 tt-1313 MM043_1986_CT_SU2011_ER_06 @Gram:Pron:Objeto ID:60 R:Gram:Gustar:Propios:61 ADD:658 ADDRELATION(Gram:Gustar:Propios):727 
"<gustaba>"
	"gustar" Verb VLfin Imp Indi Sing 1st_or_3rd lang:es 00:00:22 00:00:29 tt-1314 MM043_1986_CT_SU2011_ER_06 @Gram:Imperf ID:61 ADD:689 
"<ir>"
	"ir" Verb VLinf Infinitive lang:es 00:00:22 00:00:29 tt-1315 MM043_1986_CT_SU2011_ER_06 SUBSTITUTE:329 
"<a>"
	"a" Preposition PREP lang:es 00:00:22 00:00:29 tt-1316 MM043_1986_CT_SU2011_ER_06 @Gram:Prep SUBSTITUTE:398 ADD:624 
"<las>"
	"el" Determiner ART Plural Fem lang:es 00:00:22 00:00:29 tt-1317 MM043_1986_CT_SU2011_ER_06 @Gram:Det:Art ADD:426 
"<tiendas>"
	"tienda" Noun NC Plural lang:es 00:00:22 00:00:29 tt-1318 MM043_1986_CT_SU2011_ER_06 
"<,>"
	"," Punctuation CM lang:es 00:00:22 00:00:29 tt-1319 MM043_1986_CT_SU2011_ER_06 
"<las>"
	"el" Determiner ART Plural Fem lang:es 00:00:22 00:00:29 tt-1320 MM043_1986_CT_SU2011_ER_06 @Gram:Det:Art ADD:426 
"<calles>"
	"calle" Noun NC Plural lang:es 00:00:22 00:00:29 tt-1321 MM043_1986_CT_SU2011_ER_06 
"<eran>"
	"ser" Verb VSfin Imp Indi Plural 3rd lang:es 00:00:22 00:00:29 tt-1322 MM043_1986_CT_SU2011_ER_06 @Gram:Imperf @Gram:SerEstar:Ser SUBSTITUTE:312 ADD:689 ADD:813 
"<mucho>"
	"mucho" Adverb ADV lang:es 00:00:22 00:00:29 tt-1323 MM043_1986_CT_SU2011_ER_06 
"<más>"
	"más" Adverb ADV lang:es 00:00:22 00:00:29 tt-1324 MM043_1986_CT_SU2011_ER_06 
"<limpias>"
	"limpio" Adjective ADJ Plural lang:es 00:00:22 00:00:29 tt-1325 MM043_1986_CT_SU2011_ER_06 
"<,>"
	"," Punctuation CM lang:es 00:00:22 00:00:29 tt-1326 MM043_1986_CT_SU2011_ER_06 
"<eh>"
	"eh" Noun NP Singular lang:es 00:00:22 00:00:29 tt-1327 MM043_1986_CT_SU2011_ER_06 
"<...>"
	"..." Punctuation DOTS lang:es 00:00:22 00:00:29 tt-1328 MM043_1986_CT_SU2011_ER_06 
"<se>"
	"se" Other SE lang:es 00:00:22 00:00:29 tt-1329 MM043_1986_CT_SU2011_ER_06 
"<veía>"
	"ver" Verb VLfin Imp Indi Sing 1st_or_3rd lang:es 00:00:22 00:00:29 tt-1330 MM043_1986_CT_SU2011_ER_06 @Gram:Imperf ADD:689 
"<la>"
	"el" Determiner ART Singular Fem lang:es 00:00:22 00:00:29 tt-1331 MM043_1986_CT_SU2011_ER_06 @Gram:Det:Art ADD:426 
"<tecnología>"
	"tecnología" Noun NC Singular lang:es 00:00:22 00:00:29 tt-1332 MM043_1986_CT_SU2011_ER_06 
"<y>"
	"y" Conjunciton Conjunction CC lang:es 00:00:30 00:00:37 tt-1333 MM043_1986_CT_SU2011_ER_06 SUBSTITUTE:394 
"<los>"
	"el" Determiner ART Plural Masc lang:es 00:00:30 00:00:37 tt-1334 MM043_1986_CT_SU2011_ER_06 @Gram:Det:Art ADD:426 
"<recursos>"
	"recurso" Noun NC Plural lang:es 00:00:30 00:00:37 tt-1335 MM043_1986_CT_SU2011_ER_06 
"<que>"
	"que" Conjunction CQUE lang:es 00:00:30 00:00:37 tt-1336 MM043_1986_CT_SU2011_ER_06 
"<no>"
	"no" Adverb NEG lang:es 00:00:30 00:00:37 tt-1337 MM043_1986_CT_SU2011_ER_06 
"<se>"
	"se" Other SE lang:es 00:00:30 00:00:37 tt-1338 MM043_1986_CT_SU2011_ER_06 
"<ven>"
	"ver" Verb VLfin Pres Indi Plural 3rd lang:es 00:00:30 00:00:37 tt-1339 MM043_1986_CT_SU2011_ER_06 
"<en>"
	"en" Preposition PREP lang:es 00:00:30 00:00:37 tt-1340 MM043_1986_CT_SU2011_ER_06 @Gram:Prep ADD:624 
"<...>"
	"..." Punctuation DOTS lang:es 00:00:30 00:00:37 tt-1341 MM043_1986_CT_SU2011_ER_06 
"<en>"
	"en" Preposition PREP lang:es 00:00:30 00:00:37 tt-1342 MM043_1986_CT_SU2011_ER_06 @Gram:Prep ADD:624 
"<...>"
	"..." Punctuation DOTS lang:es 00:00:30 00:00:37 tt-1343 MM043_1986_CT_SU2011_ER_06 
"<en>"
	"en" Preposition PREP lang:es 00:00:30 00:00:37 tt-1344 MM043_1986_CT_SU2011_ER_06 @Gram:Prep ADD:624 
"<Juárez>"
	"Juárez" Noun NP Singular lang:es 00:00:30 00:00:37 tt-1345 MM043_1986_CT_SU2011_ER_06 
"<,>"
	"," Punctuation CM lang:es 00:00:30 00:00:37 tt-1346 MM043_1986_CT_SU2011_ER_06 
"<en>"
	"en" Preposition PREP lang:es 00:00:30 00:00:37 tt-1347 MM043_1986_CT_SU2011_ER_06 @Gram:Prep ADD:624 
"<la>"
	"el" Determiner ART Singular Fem lang:es 00:00:30 00:00:37 tt-1348 MM043_1986_CT_SU2011_ER_06 @Gram:Det:Art ADD:426 
"<mayoría>"
	"mayoría" Noun NC Singular lang:es 00:00:30 00:00:37 tt-1349 MM043_1986_CT_SU2011_ER_06 
"<de>"
	"de" Preposition PREP lang:es 00:00:30 00:00:37 tt-1350 MM043_1986_CT_SU2011_ER_06 @Gram:Prep ADD:624 
"<México>"
	"México" Noun NP Singular lang:es 00:00:30 00:00:37 tt-1351 MM043_1986_CT_SU2011_ER_06 
"<$.>"
	"." Punctuation FS lang:es 00:00:30 00:00:37 tt-1352 MM043_1986_CT_SU2011_ER_06 

"<Las>"
	"el" Determiner ART Plural Fem lang:es 00:00:30 00:00:37 tt-1353 MM043_1986_CT_SU2011_ER_06 @Gram:Det:Art ADD:426 
"<primeras>"
	"primero" Adjective ORD Plural lang:es 00:00:30 00:00:37 tt-1354 MM043_1986_CT_SU2011_ER_06 Gram:Adj:Ord ADD:539 
"<impresiones>"
	"impresión" Noun NC Plural lang:es 00:00:37 00:00:44 tt-1355 MM043_1986_CT_SU2011_ER_06 
"<cuando>"
	"cuando" Conjunction CSUBX lang:es 00:00:37 00:00:44 tt-1356 MM043_1986_CT_SU2011_ER_06 
"<viví>"
	"vivir" Verb VLfin Pret Indi Sing 1st lang:es 00:00:37 00:00:44 tt-1357 MM043_1986_CT_SU2011_ER_06 @Gram:Indefinido ADD:698 
"<en>"
	"en" Preposition PREP lang:es 00:00:37 00:00:44 tt-1358 MM043_1986_CT_SU2011_ER_06 @Gram:Prep ADD:624 
"<...>"
	"..." Punctuation DOTS lang:es 00:00:37 00:00:44 tt-1359 MM043_1986_CT_SU2011_ER_06 
"<en>"
	"en" Preposition PREP lang:es 00:00:37 00:00:44 tt-1360 MM043_1986_CT_SU2011_ER_06 @Gram:Prep ADD:624 
"<El>"
	"el" Determiner ART Singular Masc lang:es 00:00:37 00:00:44 tt-1361 MM043_1986_CT_SU2011_ER_06 @Gram:Det:Art ID:108 R:Vocab:Entities:Geo:109 ADD:426 ADDRELATION(Vocab:Entities:Geo):1209 
"<Paso>"
	"paso" Noun NC Singular lang:es 00:00:37 00:00:44 tt-1362 MM043_1986_CT_SU2011_ER_06 ID:109 
"<fueron>"
	"ser" Verb VSfin Pret Indi Plural 3rd lang:es 00:00:37 00:00:44 tt-1363 MM043_1986_CT_SU2011_ER_06 @Gram:Indefinido @Gram:SerEstar:Ser ADD:698 ADD:813 
"<,>"
	"," Punctuation CM lang:es 00:00:37 00:00:44 tt-1364 MM043_1986_CT_SU2011_ER_06 
"<bueno>"
	"bueno" Adjective ADJ Singular lang:es 00:00:37 00:00:44 tt-1365 MM043_1986_CT_SU2011_ER_06 
"<,>"
	"," Punctuation CM lang:es 00:00:37 00:00:44 tt-1366 MM043_1986_CT_SU2011_ER_06 
"<fue>"
	"ser" Verb VSfin Pret Indi Sing 3rd lang:es 00:00:37 00:00:44 tt-1367 MM043_1986_CT_SU2011_ER_06 @Gram:Indefinido @Gram:SerEstar:Ser ADD:698 ADD:813 
"<decir>"
	"decir" Verb VLinf Infinitive lang:es 00:00:37 00:00:44 tt-1368 MM043_1986_CT_SU2011_ER_06 SUBSTITUTE:329 
"<como>"
	"como" Conjunction CSUBX lang:es 00:00:37 00:00:44 tt-1369 MM043_1986_CT_SU2011_ER_06 
"<lo>"
	"él" Pronoun PPC Singular lang:es 00:00:37 00:00:44 tt-1370 MM043_1986_CT_SU2011_ER_06 @Gram:Pron:Objeto ADD:664 
"<diría>"
	"decir" Verb VLfin Cond Indi Sing 1st_or_3rd lang:es 00:00:37 00:00:44 tt-1371 MM043_1986_CT_SU2011_ER_06 
"<hoy>"
	"hoy" Adverb ADV lang:es 00:00:37 00:00:44 tt-1372 MM043_1986_CT_SU2011_ER_06 
"<,>"
	"," Punctuation CM lang:es 00:00:37 00:00:44 tt-1373 MM043_1986_CT_SU2011_ER_06 
"<$¡>"
	"¡" Punctuation FS lang:es 00:00:37 00:00:44 tt-1374 MM043_1986_CT_SU2011_ER_06 
<lang code="en">
"<wow>"
	"wow" Noun NN lang:en 00:00:37 00:00:44 tt-1375 MM043_1986_CT_SU2011_ER_06 
</lang>
"<$!>"
	"!" Punctuation FS lang:es 00:00:37 00:00:44 tt-1376 MM043_1986_CT_SU2011_ER_06 

"<Este>"
	"este" Determiner DM Singular lang:es 00:00:47 00:00:54 tt-1377 MM043_1986_CT_SU2011_ER_06 @Prag:RecuDiscurso:GanarTiempo ADD:1169 
"<...>"
	"..." Punctuation DOTS lang:es 00:00:47 00:00:54 tt-1378 MM043_1986_CT_SU2011_ER_06 
"<tengo>"
	"tener" Verb VLfin Pres Indi Sing 1st lang:es 00:00:47 00:00:54 tt-1379 MM043_1986_CT_SU2011_ER_06 
"<,>"
	"," Punctuation CM lang:es 00:00:47 00:00:54 tt-1380 MM043_1986_CT_SU2011_ER_06 
"<tengo>"
	"tener" Verb VLfin Pres Indi Sing 1st lang:es 00:00:47 00:00:54 tt-1381 MM043_1986_CT_SU2011_ER_06 
"<tantas>"
	"tanto" Determiner QU lang:es 00:00:47 00:00:54 tt-1382 MM043_1986_CT_SU2011_ER_06 @Gram:Det:CuantIndef ADD:478 
"<oportunidades>"
	"oportunidad" Noun NC Plural lang:es 00:00:47 00:00:54 tt-1383 MM043_1986_CT_SU2011_ER_06 
"<aquí>"
	"aquí" Adverb ADV lang:es 00:00:47 00:00:54 tt-1384 MM043_1986_CT_SU2011_ER_06 
"<,>"
	"," Punctuation CM lang:es 00:00:47 00:00:54 tt-1385 MM043_1986_CT_SU2011_ER_06 
"<no>"
	"no" Adverb NEG lang:es 00:00:47 00:00:54 tt-1386 MM043_1986_CT_SU2011_ER_06 
"<tengo>"
	"tener" Verb VLfin Pres Indi Sing 1st lang:es 00:00:47 00:00:54 tt-1387 MM043_1986_CT_SU2011_ER_06 
"<que>"
	"que" Conjunction CQUE lang:es 00:00:47 00:00:54 tt-1388 MM043_1986_CT_SU2011_ER_06 
"<pagar>"
	"pagar" Verb VLinf Infinitive lang:es 00:00:47 00:00:54 tt-1389 MM043_1986_CT_SU2011_ER_06 SUBSTITUTE:329 
"<por>"
	"por" Preposition PREP lang:es 00:00:47 00:00:54 tt-1390 MM043_1986_CT_SU2011_ER_06 @Gram:Prep:Por SUBSTITUTE:269 SUBSTITUTE:270 ADD:618 
"<mis>"
	"mío" Pronoun PPO Plural lang:es 00:00:47 00:00:54 tt-1391 MM043_1986_CT_SU2011_ER_06 @Gram:Det:Pos SUBSTITUTE:318 ADD:457 
"<libros>"
	"libro" Noun NC Plural lang:es 00:00:47 00:00:54 tt-1392 MM043_1986_CT_SU2011_ER_06 
"<en>"
	"en" Preposition PREP lang:es 00:00:47 00:00:54 tt-1393 MM043_1986_CT_SU2011_ER_06 @Gram:Prep ADD:624 
"<la>"
	"el" Determiner ART Singular Fem lang:es 00:00:47 00:00:54 tt-1394 MM043_1986_CT_SU2011_ER_06 @Gram:Det:Art ADD:426 
"<escuela>"
	"escuela" Noun NC Singular lang:es 00:00:47 00:00:54 tt-1395 MM043_1986_CT_SU2011_ER_06 
"<,>"
	"," Punctuation CM lang:es 00:00:47 00:00:54 tt-1396 MM043_1986_CT_SU2011_ER_06 
"<me>"
	"yo" Pronoun PPX Singular lang:es 00:00:54 00:01:01 tt-1397 MM043_1986_CT_SU2011_ER_06 @Gram:Pron:Objeto ADD:658 
"<dan>"
	"dar" Verb VLfin Pres Indi Plural 3rd lang:es 00:00:54 00:01:01 tt-1398 MM043_1986_CT_SU2011_ER_06 
"<de>"
	"de" Preposition PREP lang:es 00:00:54 00:01:01 tt-1399 MM043_1986_CT_SU2011_ER_06 @Gram:Prep ADD:624 
"<comer>"
	"comer" Verb VLinf Infinitive lang:es 00:00:54 00:01:01 tt-1400 MM043_1986_CT_SU2011_ER_06 SUBSTITUTE:329 
"<en>"
	"en" Preposition PREP lang:es 00:00:54 00:01:01 tt-1401 MM043_1986_CT_SU2011_ER_06 @Gram:Prep ADD:624 
"<la>"
	"el" Determiner ART Singular Fem lang:es 00:00:54 00:01:01 tt-1402 MM043_1986_CT_SU2011_ER_06 @Gram:Det:Art ADD:426 
"<escuela>"
	"escuela" Noun NC Singular lang:es 00:00:54 00:01:01 tt-1403 MM043_1986_CT_SU2011_ER_06 
"<,>"
	"," Punctuation CM lang:es 00:00:54 00:01:01 tt-1404 MM043_1986_CT_SU2011_ER_06 
"<tuve>"
	"tener" Verb VLfin Pret Indi Sing 1st lang:es 00:00:54 00:01:01 tt-1405 MM043_1986_CT_SU2011_ER_06 @Gram:Indefinido ADD:698 
"<la>"
	"el" Determiner ART Singular Fem lang:es 00:00:54 00:01:01 tt-1406 MM043_1986_CT_SU2011_ER_06 @Gram:Det:Art ADD:426 
"<oportunidad>"
	"oportunidad" Noun NC Singular lang:es 00:00:54 00:01:01 tt-1407 MM043_1986_CT_SU2011_ER_06 
"<de>"
	"de" Conjunction CSUBI lang:es 00:00:54 00:01:01 tt-1408 MM043_1986_CT_SU2011_ER_06 
"<aprender>"
	"aprender" Verb VLinf Infinitive lang:es 00:00:54 00:01:01 tt-1409 MM043_1986_CT_SU2011_ER_06 SUBSTITUTE:329 
"<música>"
	"música" Noun NC Singular lang:es 00:00:54 00:01:01 tt-1410 MM043_1986_CT_SU2011_ER_06 
"<,>"
	"," Punctuation CM lang:es 00:00:54 00:01:01 tt-1411 MM043_1986_CT_SU2011_ER_06 
"<eh>"
	"eh" Noun NP Singular lang:es 00:00:54 00:01:01 tt-1412 MM043_1986_CT_SU2011_ER_06 
"<...>"
	"..." Punctuation DOTS lang:es 00:00:54 00:01:01 tt-1413 MM043_1986_CT_SU2011_ER_06 
"<empecé>"
	"empezar" Verb VLfin Pret Indi Sing 1st lang:es 00:00:54 00:01:01 tt-1414 MM043_1986_CT_SU2011_ER_06 @Gram:Indefinido ID:161 R:Vocab:Fraseol:VerbPrep:162 ADD:698 ADDRELATION(Vocab:Fraseol:VerbPrep):1225 
"<a>"
	"a" Preposition PREP lang:es 00:00:54 00:01:01 tt-1415 MM043_1986_CT_SU2011_ER_06 @Gram:Prep ID:162 SUBSTITUTE:398 ADD:624 
"<aprender>"
	"aprender" Verb VLinf Infinitive lang:es 00:00:54 00:01:01 tt-1416 MM043_1986_CT_SU2011_ER_06 SUBSTITUTE:329 
"<el>"
	"el" Determiner ART Singular Masc lang:es 00:01:01 00:01:08 tt-1417 MM043_1986_CT_SU2011_ER_06 @Gram:Det:Art ADD:426 
"<trombón>"
	"UNK" Noun NC Singular lang:es 00:01:01 00:01:08 tt-1418 MM043_1986_CT_SU2011_ER_06 
"<en>"
	"en" Preposition PREP lang:es 00:01:01 00:01:08 tt-1419 MM043_1986_CT_SU2011_ER_06 @Gram:Prep ADD:624 
"<el>"
	"el" Determiner ART Singular Masc lang:es 00:01:01 00:01:08 tt-1420 MM043_1986_CT_SU2011_ER_06 @Gram:Det:Art ADD:426 
"<sexto>"
	"sexto" Adjective ORD Singular lang:es 00:01:01 00:01:08 tt-1421 MM043_1986_CT_SU2011_ER_06 Gram:Adj:Ord ADD:538 
"<grado>"
	"grado" Noun NMEA Singular lang:es 00:01:01 00:01:08 tt-1422 MM043_1986_CT_SU2011_ER_06 
"<,>"
	"," Punctuation CM lang:es 00:01:01 00:01:08 tt-1423 MM043_1986_CT_SU2011_ER_06 
"<entonces>"
	"entonces" Adverb ADV lang:es 00:01:01 00:01:08 tt-1424 MM043_1986_CT_SU2011_ER_06 
"<esas>"
	"ese" Determiner DM Plural lang:es 00:01:01 00:01:08 tt-1425 MM043_1986_CT_SU2011_ER_06 
"<,>"
	"," Punctuation CM lang:es 00:01:01 00:01:08 tt-1426 MM043_1986_CT_SU2011_ER_06 
"<esas>"
	"ese" Determiner DM Plural lang:es 00:01:01 00:01:08 tt-1427 MM043_1986_CT_SU2011_ER_06 
"<...>"
	"..." Punctuation DOTS lang:es 00:01:01 00:01:08 tt-1428 MM043_1986_CT_SU2011_ER_06 
"<ese>"
	"ese" Noun NC Singular lang:es 00:01:01 00:01:08 tt-1429 MM043_1986_CT_SU2011_ER_06 
"<...>"
	"..." Punctuation DOTS lang:es 00:01:01 00:01:08 tt-1430 MM043_1986_CT_SU2011_ER_06 
"<esa>"
	"ese" Determiner DM Singular lang:es 00:01:01 00:01:08 tt-1431 MM043_1986_CT_SU2011_ER_06 
"<posibilidad>"
	"posibilidad" Noun NC Singular lang:es 00:01:01 00:01:08 tt-1432 MM043_1986_CT_SU2011_ER_06 
"<de>"
	"de" Preposition PREP lang:es 00:01:01 00:01:08 tt-1433 MM043_1986_CT_SU2011_ER_06 @Gram:Prep ADD:624 
"<ser>"
	"ser" Verb VLinf VSinf Infinitive lang:es 00:01:01 00:01:08 tt-1434 MM043_1986_CT_SU2011_ER_06 @Gram:SerEstar:Ser SUBSTITUTE:329 ADD:813 
"<más>"
	"más" Adverb ADV lang:es 00:01:01 00:01:08 tt-1435 MM043_1986_CT_SU2011_ER_06 
"<de>"
	"de" Preposition PREP lang:es 00:01:01 00:01:08 tt-1436 MM043_1986_CT_SU2011_ER_06 @Gram:Prep ADD:624 
"<lo>"
	"el" Determiner ART Singular lang:es 00:01:01 00:01:08 tt-1437 MM043_1986_CT_SU2011_ER_06 ID:184 R:Gram:Det:LoAdj:185 ADDRELATION(Gram:Det:LoAdj):432 
"<que>"
	"que" Conjunction CQUE lang:es 00:01:01 00:01:08 tt-1438 MM043_1986_CT_SU2011_ER_06 ID:185 
"<pude>"
	"poder" Verb VLfin Pret Indi Sing 1st lang:es 00:01:11 00:01:18 tt-1439 MM043_1986_CT_SU2011_ER_06 @Gram:Indefinido ADD:698 
"<haber>"
	"haber" Verb VLinf VHinf Infinitive lang:es 00:01:11 00:01:18 tt-1440 MM043_1986_CT_SU2011_ER_06 SUBSTITUTE:329 
"<sido>"
	"ser" Verb VSadj Participle lang:es 00:01:11 00:01:18 tt-1441 MM043_1986_CT_SU2011_ER_06 
"<en>"
	"en" Preposition PREP lang:es 00:01:11 00:01:18 tt-1442 MM043_1986_CT_SU2011_ER_06 @Gram:Prep ADD:624 
"<México>"
	"México" Noun NP Singular lang:es 00:01:11 00:01:18 tt-1443 MM043_1986_CT_SU2011_ER_06 
"<me>"
	"yo" Pronoun PPX Singular lang:es 00:01:11 00:01:18 tt-1444 MM043_1986_CT_SU2011_ER_06 @Gram:Pron:Objeto ADD:658 
"<hizo>"
	"hacer" Verb VLfin Pres Indi Sing 1st lang:es 00:01:11 00:01:18 tt-1445 MM043_1986_CT_SU2011_ER_06 
"<sentir>"
	"sentir" Verb VLinf Infinitive lang:es 00:01:11 00:01:18 tt-1446 MM043_1986_CT_SU2011_ER_06 SUBSTITUTE:329 
"<...>"
	"..." Punctuation DOTS lang:es 00:01:11 00:01:18 tt-1447 MM043_1986_CT_SU2011_ER_06 
"<este>"
	"este" Noun NC Singular lang:es 00:01:11 00:01:18 tt-1448 MM043_1986_CT_SU2011_ER_06 
"<...>"
	"..." Punctuation DOTS lang:es 00:01:11 00:01:18 tt-1449 MM043_1986_CT_SU2011_ER_06 
"<me>"
	"yo" Pronoun PPX Singular lang:es 00:01:11 00:01:18 tt-1450 MM043_1986_CT_SU2011_ER_06 @Gram:Pron:Objeto ADD:658 
"<hizo>"
	"hacer" Verb VLfin Pres Indi Sing 1st lang:es 00:01:11 00:01:18 tt-1451 MM043_1986_CT_SU2011_ER_06 
"<sentir>"
	"sentir" Verb VLinf Infinitive lang:es 00:01:11 00:01:18 tt-1452 MM043_1986_CT_SU2011_ER_06 SUBSTITUTE:329 
"<muy>"
	"muy" Adverb ADV lang:es 00:01:11 00:01:18 tt-1453 MM043_1986_CT_SU2011_ER_06 
"<bien>"
	"bien" Adverb ADV lang:es 00:01:11 00:01:18 tt-1454 MM043_1986_CT_SU2011_ER_06 
"<,>"
	"," Punctuation CM lang:es 00:01:11 00:01:18 tt-1455 MM043_1986_CT_SU2011_ER_06 
"<me>"
	"yo" Pronoun PPX Singular lang:es 00:01:11 00:01:18 tt-1456 MM043_1986_CT_SU2011_ER_06 @Gram:Pron:Objeto ADD:658 
"<hizo>"
	"hacer" Verb VLfin Pres Indi Sing 1st lang:es 00:01:11 00:01:18 tt-1457 MM043_1986_CT_SU2011_ER_06 
"<sentir>"
	"sentir" Verb VLinf Infinitive lang:es 00:01:11 00:01:18 tt-1458 MM043_1986_CT_SU2011_ER_06 SUBSTITUTE:329 
"<muy>"
	"muy" Adverb ADV lang:es 00:01:11 00:01:18 tt-1459 MM043_1986_CT_SU2011_ER_06 
"<,>"
	"," Punctuation CM lang:es 00:01:11 00:01:18 tt-1460 MM043_1986_CT_SU2011_ER_06 
"<muy>"
	"muy" Adverb ADV lang:es 00:01:11 00:01:18 tt-1461 MM043_1986_CT_SU2011_ER_06 
"<feliz>"
	"feliz" Adjective ADJ Singular lang:es 00:01:11 00:01:18 tt-1462 MM043_1986_CT_SU2011_ER_06 
"<$.>"
	"." Punctuation FS lang:es 00:01:11 00:01:18 tt-1463 MM043_1986_CT_SU2011_ER_06 
</speaker>
</text>

