<text id="MM043_1986_CT_SU2011_ER_14">
<speaker type="int">
"<Y>"
	"y" Conjunction CC lang:es 00:00:00 00:00:07 tt-4363 MM043_1986_CT_SU2011_ER_14 
"<hablando>"
	"hablar" Verb VLger lang:es 00:00:00 00:00:07 tt-4364 MM043_1986_CT_SU2011_ER_14 ID:2 R:Vocab:Fraseol:VerbPrep:3 
"<de>"
	"de" Preposition PREP lang:es 00:00:00 00:00:07 tt-4365 MM043_1986_CT_SU2011_ER_14 @Gram:Prep ID:3 
"<...>"
	"..." Punctuation DOTS lang:es 00:00:00 00:00:07 tt-4366 MM043_1986_CT_SU2011_ER_14 
"<de>"
	"de" Preposition PREP lang:es 00:00:00 00:00:07 tt-4367 MM043_1986_CT_SU2011_ER_14 @Gram:Prep 
"<eso>"
	"ese" Determiner DM Singular lang:es 00:00:00 00:00:07 tt-4368 MM043_1986_CT_SU2011_ER_14 
"<,>"
	"," Punctuation CM lang:es 00:00:00 00:00:07 tt-4369 MM043_1986_CT_SU2011_ER_14 
"<no>"
	"no" Adverb NEG lang:es 00:00:00 00:00:07 tt-4370 MM043_1986_CT_SU2011_ER_14 
"<,>"
	"," Punctuation CM lang:es 00:00:00 00:00:07 tt-4371 MM043_1986_CT_SU2011_ER_14 
"<de>"
	"de" Preposition PREP lang:es 00:00:00 00:00:07 tt-4372 MM043_1986_CT_SU2011_ER_14 @Gram:Prep 
"<la>"
	"el" Determiner ART Singular lang:es 00:00:00 00:00:07 tt-4373 MM043_1986_CT_SU2011_ER_14 @Gram:Det:Art 
"<identidad>"
	"identidad" Noun NC Singular lang:es 00:00:00 00:00:07 tt-4374 MM043_1986_CT_SU2011_ER_14 
"<hispana>"
	"hispano" Adjective ADJ Singular lang:es 00:00:00 00:00:07 tt-4375 MM043_1986_CT_SU2011_ER_14 
"<,>"
	"," Punctuation CM lang:es 00:00:00 00:00:07 tt-4376 MM043_1986_CT_SU2011_ER_14 
"<$¿>"
	"¿" Punctuation FS lang:es 00:00:00 00:00:07 tt-4377 MM043_1986_CT_SU2011_ER_14 
"<qué>"
	"qué" Pronoun INT Singular lang:es 00:00:00 00:00:07 tt-4378 MM043_1986_CT_SU2011_ER_14 
"<importancia>"
	"importancia" Noun NC Singular lang:es 00:00:00 00:00:07 tt-4379 MM043_1986_CT_SU2011_ER_14 
"<crees>"
	"crear|creer" Verb VLfin Pres Indi Sing 2nd lang:es 00:00:00 00:00:07 tt-4380 MM043_1986_CT_SU2011_ER_14 
"<que>"
	"que" Conjunction CQUE lang:es 00:00:00 00:00:07 tt-4381 MM043_1986_CT_SU2011_ER_14 
"<tenga>"
	"tener" Verb VLfin Pres Subj Sing 1st_or_3rd lang:es 00:00:00 00:00:07 tt-4382 MM043_1986_CT_SU2011_ER_14 @Gram:MSub:Pres 
"<el>"
	"el" Determiner ART Singular lang:es 00:00:10 00:00:17 tt-4383 MM043_1986_CT_SU2011_ER_14 @Gram:Det:Art 
"<español>"
	"español" Noun NC Singular lang:es 00:00:10 00:00:17 tt-4384 MM043_1986_CT_SU2011_ER_14 
"<para>"
	"para" Preposition PREP lang:es 00:00:10 00:00:17 tt-4385 MM043_1986_CT_SU2011_ER_14 @Gram:Prep:Para 
"<gente>"
	"gente" Noun NC Singular lang:es 00:00:10 00:00:17 tt-4386 MM043_1986_CT_SU2011_ER_14 
"<de>"
	"de" Preposition PREP lang:es 00:00:10 00:00:17 tt-4387 MM043_1986_CT_SU2011_ER_14 @Gram:Prep 
"<origen>"
	"origen" Noun NC Singular lang:es 00:00:10 00:00:17 tt-4388 MM043_1986_CT_SU2011_ER_14 
"<hispano>"
	"hispano" Adjective ADJ Singular lang:es 00:00:10 00:00:17 tt-4389 MM043_1986_CT_SU2011_ER_14 
"<o>"
	"o" Conjunction CC lang:es 00:00:10 00:00:17 tt-4390 MM043_1986_CT_SU2011_ER_14 
"<latino>"
	"latino" Adjective ADJ Singular lang:es 00:00:10 00:00:17 tt-4391 MM043_1986_CT_SU2011_ER_14 
"<$?>"
	"?" Punctuation FS lang:es 00:00:10 00:00:17 tt-4392 MM043_1986_CT_SU2011_ER_14 

"<Ya>"
	"ya" Adverb ADV lang:es 00:00:10 00:00:17 tt-4393 MM043_1986_CT_SU2011_ER_14 
"<...>"
	"..." Punctuation DOTS lang:es 00:00:10 00:00:17 tt-4394 MM043_1986_CT_SU2011_ER_14 
"<bueno>"
	"bueno" Adjective ADJ Singular lang:es 00:00:10 00:00:17 tt-4395 MM043_1986_CT_SU2011_ER_14 
"<,>"
	"," Punctuation CM lang:es 00:00:10 00:00:17 tt-4396 MM043_1986_CT_SU2011_ER_14 
"<y>"
	"y" Conjunction CC lang:es 00:00:10 00:00:17 tt-4397 MM043_1986_CT_SU2011_ER_14 
"<ya>"
	"ya" Adverb ADV lang:es 00:00:10 00:00:17 tt-4398 MM043_1986_CT_SU2011_ER_14 
"<viendo>"
	"ver" Verb VLger lang:es 00:00:10 00:00:17 tt-4399 MM043_1986_CT_SU2011_ER_14 
"<que>"
	"que" Conjunction CQUE lang:es 00:00:10 00:00:17 tt-4400 MM043_1986_CT_SU2011_ER_14 
"<muchas>"
	"mucho" Determiner QU lang:es 00:00:10 00:00:17 tt-4401 MM043_1986_CT_SU2011_ER_14 
"<personas>"
	"persona" Noun NC Plural lang:es 00:00:21 00:00:26 tt-4402 MM043_1986_CT_SU2011_ER_14 
"<o>"
	"o" Conjunction CC lang:es 00:00:21 00:00:26 tt-4403 MM043_1986_CT_SU2011_ER_14 
"<muchas>"
	"mucho" Determiner QU lang:es 00:00:21 00:00:26 tt-4404 MM043_1986_CT_SU2011_ER_14 
"<familias>"
	"familia" Noun NC Plural lang:es 00:00:21 00:00:26 tt-4405 MM043_1986_CT_SU2011_ER_14 
"<,>"
	"," Punctuation CM lang:es 00:00:21 00:00:26 tt-4406 MM043_1986_CT_SU2011_ER_14 
"<ya>"
	"ya" Adverb ADV lang:es 00:00:21 00:00:26 tt-4407 MM043_1986_CT_SU2011_ER_14 
"<por>"
	"por" Preposition PREP lang:es 00:00:21 00:00:26 tt-4408 MM043_1986_CT_SU2011_ER_14 @Gram:Prep:Por ID:46 R:Prag:MarcadoresDisc:Igualdad:47 
"<ejemplo>"
	"ejemplo" Adverb ADV lang:es 00:00:21 00:00:26 tt-4409 MM043_1986_CT_SU2011_ER_14 ID:47 
"<para>"
	"para" Preposition PREP lang:es 00:00:21 00:00:26 tt-4410 MM043_1986_CT_SU2011_ER_14 @Gram:Prep:Para 
"<la>"
	"el" Determiner ART Singular lang:es 00:00:21 00:00:26 tt-4411 MM043_1986_CT_SU2011_ER_14 @Gram:Det:Art 
"<segunda>"
	"segundo" Adjective ORD Singular lang:es 00:00:21 00:00:26 tt-4412 MM043_1986_CT_SU2011_ER_14 
"<o>"
	"o" Conjunction CC lang:es 00:00:21 00:00:26 tt-4413 MM043_1986_CT_SU2011_ER_14 
"<tercera>"
	"tercero" Adjective ORD Singular lang:es 00:00:21 00:00:26 tt-4414 MM043_1986_CT_SU2011_ER_14 
"<generación>"
	"generación" Noun NC Singular lang:es 00:00:21 00:00:26 tt-4415 MM043_1986_CT_SU2011_ER_14 
"<el>"
	"el" Determiner ART Singular lang:es 00:00:21 00:00:26 tt-4416 MM043_1986_CT_SU2011_ER_14 @Gram:Det:Art 
"<español>"
	"español" Noun NC Singular lang:es 00:00:21 00:00:26 tt-4417 MM043_1986_CT_SU2011_ER_14 
"<se>"
	"se" Other SE lang:es 00:00:26 00:00:32 tt-4418 MM043_1986_CT_SU2011_ER_14 
"<empieza>"
	"empezar" Verb VLfin Pres Indi Sing 3rd lang:es 00:00:26 00:00:32 tt-4419 MM043_1986_CT_SU2011_ER_14 ID:57 R:Vocab:Fraseol:VerbPrep:58 
"<a>"
	"a" Preposition PREP lang:es 00:00:26 00:00:32 tt-4420 MM043_1986_CT_SU2011_ER_14 @Gram:Prep ID:58 
"<perder>"
	"perder" Verb VLinf Infinitive lang:es 00:00:26 00:00:32 tt-4421 MM043_1986_CT_SU2011_ER_14 
"<,>"
	"," Punctuation CM lang:es 00:00:26 00:00:32 tt-4422 MM043_1986_CT_SU2011_ER_14 
"<o>"
	"o" Adverb ADV lang:es 00:00:26 00:00:32 tt-4423 MM043_1986_CT_SU2011_ER_14 ID:61 R:Prag:MarcadoresDisc:Igualdad:62 
"<sea>"
	"sea" Adverb ADV lang:es 00:00:26 00:00:32 tt-4424 MM043_1986_CT_SU2011_ER_14 ID:62 
"<es>"
	"ser" Verb VSfin Pres Indi Sing 3rd lang:es 00:00:26 00:00:32 tt-4425 MM043_1986_CT_SU2011_ER_14 @Gram:SerEstar:Ser 
"<algo>"
	"algo" Determiner QU lang:es 00:00:26 00:00:32 tt-4426 MM043_1986_CT_SU2011_ER_14 
"<casi>"
	"casi" Adverb ADV lang:es 00:00:26 00:00:32 tt-4427 MM043_1986_CT_SU2011_ER_14 
"<en>"
	"en" Preposition PREP lang:es 00:00:26 00:00:32 tt-4429 MM043_1986_CT_SU2011_ER_14 @Gram:Prep 
"<ciertos>"
	"cierto" Determiner QU lang:es 00:00:26 00:00:32 tt-4430 MM043_1986_CT_SU2011_ER_14 
"<casos>"
	"caso" Noun NC Plural lang:es 00:00:26 00:00:32 tt-4431 MM043_1986_CT_SU2011_ER_14 
"<,>"
	"," Punctuation CM lang:es 00:00:26 00:00:32 tt-4432 MM043_1986_CT_SU2011_ER_14 
"<$¿>"
	"¿" Punctuation FS lang:es 00:00:26 00:00:32 tt-4433 MM043_1986_CT_SU2011_ER_14 
"<qué>"
	"qué" Pronoun INT Singular lang:es 00:00:26 00:00:32 tt-4434 MM043_1986_CT_SU2011_ER_14 
"<importancia>"
	"importancia" Noun NC Singular lang:es 00:00:26 00:00:32 tt-4435 MM043_1986_CT_SU2011_ER_14 
"<tiene>"
	"tener" Verb VLfin Pres Indi Sing 3rd lang:es 00:00:26 00:00:32 tt-4436 MM043_1986_CT_SU2011_ER_14 
"<para>"
	"para" Preposition PREP lang:es 00:00:32 00:00:38 tt-4437 MM043_1986_CT_SU2011_ER_14 @Gram:Prep:Para 
"<ti>"
	"tú" Pronoun PPX Singular lang:es 00:00:32 00:00:38 tt-4438 MM043_1986_CT_SU2011_ER_14 
"<que>"
	"que" Conjunction CQUE lang:es 00:00:32 00:00:38 tt-4439 MM043_1986_CT_SU2011_ER_14 
"<se>"
	"se" Other SE lang:es 00:00:32 00:00:38 tt-4440 MM043_1986_CT_SU2011_ER_14 
"<mantenga>"
	"mantener" Verb VLfin Pres Subj Sing 1st_or_3rd lang:es 00:00:32 00:00:38 tt-4441 MM043_1986_CT_SU2011_ER_14 @Gram:MSub:Pres 
"<el>"
	"el" Determiner ART Singular lang:es 00:00:32 00:00:38 tt-4442 MM043_1986_CT_SU2011_ER_14 @Gram:Det:Art 
"<idioma>"
	"idioma" Noun NC Singular lang:es 00:00:32 00:00:38 tt-4443 MM043_1986_CT_SU2011_ER_14 
"<como>"
	"como" Conjunction CSUBX lang:es 00:00:32 00:00:38 tt-4444 MM043_1986_CT_SU2011_ER_14 
"<parte>"
	"parte" Noun NC Singular lang:es 00:00:32 00:00:38 tt-4445 MM043_1986_CT_SU2011_ER_14 
"<no>"
	"no" Adverb NEG lang:es 00:00:32 00:00:38 tt-4446 MM043_1986_CT_SU2011_ER_14 ID:83 R:Prag:MarcadoresDisc:Igualdad:84 
"<sólo>"
	"sólo" Adverb ADV lang:es 00:00:32 00:00:38 tt-4447 MM043_1986_CT_SU2011_ER_14 ID:84 
"<de>"
	"de" Preposition PREP lang:es 00:00:32 00:00:38 tt-4448 MM043_1986_CT_SU2011_ER_14 @Gram:Prep 
"<,>"
	"," Punctuation CM lang:es 00:00:32 00:00:38 tt-4449 MM043_1986_CT_SU2011_ER_14 
"<sólo>"
	"sólo" Adverb ADV lang:es 00:00:32 00:00:38 tt-4450 MM043_1986_CT_SU2011_ER_14 
"<como>"
	"como" Conjunction CSUBX lang:es 00:00:32 00:00:38 tt-4451 MM043_1986_CT_SU2011_ER_14 
"<un>"
	"un" Determiner ART Singular lang:es 00:00:32 00:00:38 tt-4452 MM043_1986_CT_SU2011_ER_14 
"<idioma>"
	"idioma" Noun NC Singular lang:es 00:00:32 00:00:38 tt-4453 MM043_1986_CT_SU2011_ER_14 
"<,>"
	"," Punctuation CM lang:es 00:00:32 00:00:38 tt-4454 MM043_1986_CT_SU2011_ER_14 
"<como>"
	"como" Conjunction CSUBX lang:es 00:00:32 00:00:38 tt-4455 MM043_1986_CT_SU2011_ER_14 
"<una>"
	"un" Determiner ART Singular lang:es 00:00:32 00:00:38 tt-4456 MM043_1986_CT_SU2011_ER_14 
"<herramienta>"
	"herramienta" Noun NC Singular lang:es 00:00:38 00:00:41 tt-4457 MM043_1986_CT_SU2011_ER_14 
"<sino>"
	"sino" Conjunction CCAD lang:es 00:00:38 00:00:41 tt-4458 MM043_1986_CT_SU2011_ER_14 
"<como>"
	"como" Conjunction CSUBX lang:es 00:00:38 00:00:41 tt-4459 MM043_1986_CT_SU2011_ER_14 
"<un>"
	"un" Determiner ART Singular lang:es 00:00:38 00:00:41 tt-4460 MM043_1986_CT_SU2011_ER_14 
"<tipo>"
	"tipo" Noun NC Singular lang:es 00:00:38 00:00:41 tt-4461 MM043_1986_CT_SU2011_ER_14 
"<de>"
	"de" Preposition PREP lang:es 00:00:38 00:00:41 tt-4462 MM043_1986_CT_SU2011_ER_14 @Gram:Prep 
"<identidad>"
	"identidad" Noun NC Singular lang:es 00:00:38 00:00:41 tt-4463 MM043_1986_CT_SU2011_ER_14 
"<$?>"
	"?" Punctuation FS lang:es 00:00:38 00:00:41 tt-4464 MM043_1986_CT_SU2011_ER_14 
</speaker>
<speaker type="subj">

"<Yo>"
	"yo" Pronoun PPX Singular lang:es 00:00:41 00:00:48 tt-4465 MM043_1986_CT_SU2011_ER_14 @Gram:Pron:Sujeto 
"<creo>"
	"crear|creer" Verb VLfin Pres Indi Sing 1st lang:es 00:00:41 00:00:48 tt-4466 MM043_1986_CT_SU2011_ER_14 
"<que>"
	"que" Conjunction CQUE lang:es 00:00:41 00:00:48 tt-4467 MM043_1986_CT_SU2011_ER_14 
"<es>"
	"ser" Verb VSfin Pres Indi Sing 3rd lang:es 00:00:41 00:00:48 tt-4468 MM043_1986_CT_SU2011_ER_14 @Gram:SerEstar:Ser 
"<muy>"
	"muy" Adverb ADV lang:es 00:00:41 00:00:48 tt-4469 MM043_1986_CT_SU2011_ER_14 
"<importante>"
	"importante" Adjective ADJ Singular lang:es 00:00:41 00:00:48 tt-4470 MM043_1986_CT_SU2011_ER_14 
"<especialmente>"
	"especialmente" Adverb ADV lang:es 00:00:41 00:00:48 tt-4471 MM043_1986_CT_SU2011_ER_14 
"<porque>"
	"porque" Conjunction CSUBX lang:es 00:00:41 00:00:48 tt-4472 MM043_1986_CT_SU2011_ER_14 @Prag:MarcadoresDisc:Causa 
"<se>"
	"se" Other SE lang:es 00:00:41 00:00:48 tt-4473 MM043_1986_CT_SU2011_ER_14 
"<ve>"
	"ver" Verb VLfin Pres Indi Sing 3rd lang:es 00:00:41 00:00:48 tt-4474 MM043_1986_CT_SU2011_ER_14 
"<la>"
	"el" Determiner ART Singular lang:es 00:00:41 00:00:48 tt-4475 MM043_1986_CT_SU2011_ER_14 @Gram:Det:Art 
"<injusticia>"
	"injusticia" Noun NC Singular lang:es 00:00:41 00:00:48 tt-4476 MM043_1986_CT_SU2011_ER_14 
"<que>"
	"que" Conjunction CQUE lang:es 00:00:41 00:00:48 tt-4477 MM043_1986_CT_SU2011_ER_14 
"<...>"
	"..." Punctuation DOTS lang:es 00:00:41 00:00:48 tt-4478 MM043_1986_CT_SU2011_ER_14 
"<que>"
	"que" Conjunction CQUE lang:es 00:00:41 00:00:48 tt-4479 MM043_1986_CT_SU2011_ER_14 
"<hay>"
	"haber" Verb VHfin Pres Indi Sing 3rd lang:es 00:00:41 00:00:48 tt-4480 MM043_1986_CT_SU2011_ER_14 @Gram:Haber:Exist 
"<,>"
	"," Punctuation CM lang:es 00:00:41 00:00:48 tt-4481 MM043_1986_CT_SU2011_ER_14 
"<no>"
	"no" Adverb NEG lang:es 00:00:55 00:01:02 tt-4482 MM043_1986_CT_SU2011_ER_14 
"<solamente>"
	"solamente" Adverb ADV lang:es 00:00:55 00:01:02 tt-4483 MM043_1986_CT_SU2011_ER_14 
"<en>"
	"en" Preposition PREP lang:es 00:00:55 00:01:02 tt-4484 MM043_1986_CT_SU2011_ER_14 @Gram:Prep 
"<Latinoamérica>"
	"Latinoamérica" Noun NP Singular lang:es 00:00:55 00:01:02 tt-4485 MM043_1986_CT_SU2011_ER_14 
"<,>"
	"," Punctuation CM lang:es 00:00:55 00:01:02 tt-4486 MM043_1986_CT_SU2011_ER_14 
"<en>"
	"en" Preposition PREP lang:es 00:00:55 00:01:02 tt-4487 MM043_1986_CT_SU2011_ER_14 @Gram:Prep 
"<América>"
	"América" Noun NP Singular lang:es 00:00:55 00:01:02 tt-4488 MM043_1986_CT_SU2011_ER_14 
"<Latina>"
	"UNK" Noun NC Singular lang:es 00:00:55 00:01:02 tt-4489 MM043_1986_CT_SU2011_ER_14 
"<sino>"
	"sino" Conjunction CCAD lang:es 00:00:55 00:01:02 tt-4490 MM043_1986_CT_SU2011_ER_14 
"<aquí>"
	"aquí" Adverb ADV lang:es 00:00:55 00:01:02 tt-4491 MM043_1986_CT_SU2011_ER_14 
"<en>"
	"en" Preposition PREP lang:es 00:00:55 00:01:02 tt-4492 MM043_1986_CT_SU2011_ER_14 @Gram:Prep 
"<los>"
	"el" Determiner ART Plural lang:es 00:00:55 00:01:02 tt-4493 MM043_1986_CT_SU2011_ER_14 @Gram:Det:Art 
"<Estados>"
	"Estados" Noun NP Plural lang:es 00:00:55 00:01:02 tt-4494 MM043_1986_CT_SU2011_ER_14 ID:131 R:Vocab:Entities:Geo:132 
"<Unidos>"
	"Unidos" Noun NP Plural lang:es 00:00:55 00:01:02 tt-4495 MM043_1986_CT_SU2011_ER_14 ID:132 
"<todavía>"
	"todavía" Adverb ADV lang:es 00:00:55 00:01:02 tt-4496 MM043_1986_CT_SU2011_ER_14 
"<me>"
	"yo" Pronoun PPX Singular lang:es 00:01:04 00:01:09 tt-4497 MM043_1986_CT_SU2011_ER_14 @Gram:Pron:Objeto 
"<ven>"
	"ver" Verb VLfin Pres Indi Plural 3rd lang:es 00:01:04 00:01:09 tt-4498 MM043_1986_CT_SU2011_ER_14 
"<raro>"
	"raro" Adjective ADJ Singular lang:es 00:01:04 00:01:09 tt-4499 MM043_1986_CT_SU2011_ER_14 
"<si>"
	"si" Conjunction CSUBX lang:es 00:01:04 00:01:09 tt-4500 MM043_1986_CT_SU2011_ER_14 
"<hablo>"
	"hablar" Verb VLfin Pres Indi Sing 1st lang:es 00:01:04 00:01:09 tt-4501 MM043_1986_CT_SU2011_ER_14 
"<español>"
	"español" Adjective ADJ Singular lang:es 00:01:04 00:01:09 tt-4502 MM043_1986_CT_SU2011_ER_14 
"<$.>"
	"." Punctuation FS lang:es 00:01:04 00:01:09 tt-4503 MM043_1986_CT_SU2011_ER_14 

"<No>"
	"no" Adverb NEG lang:es 00:01:04 00:01:09 tt-4504 MM043_1986_CT_SU2011_ER_14 
"<en>"
	"en" Preposition PREP lang:es 00:01:04 00:01:09 tt-4505 MM043_1986_CT_SU2011_ER_14 @Gram:Prep 
"<todos>"
	"todo" Determiner QU lang:es 00:01:04 00:01:09 tt-4506 MM043_1986_CT_SU2011_ER_14 
"<los>"
	"el" Determiner ART Plural lang:es 00:01:04 00:01:09 tt-4507 MM043_1986_CT_SU2011_ER_14 @Gram:Det:Art 
"<lugares>"
	"lugar" Noun NC Plural lang:es 00:01:04 00:01:09 tt-4508 MM043_1986_CT_SU2011_ER_14 
"<pero>"
	"pero" Conjunction CCAD lang:es 00:01:04 00:01:09 tt-4509 MM043_1986_CT_SU2011_ER_14 @Prag:MarcadoresDisc:Revision 
"<por>"
	"por" Preposition PREP lang:es 00:01:04 00:01:09 tt-4510 MM043_1986_CT_SU2011_ER_14 @Gram:Prep:Por 
"<la>"
	"el" Determiner ART Singular lang:es 00:01:04 00:01:09 tt-4511 MM043_1986_CT_SU2011_ER_14 @Gram:Det:Art 
"<mayoría>"
	"mayoría" Noun NC Singular lang:es 00:01:04 00:01:09 tt-4512 MM043_1986_CT_SU2011_ER_14 
"<todavía>"
	"todavía" Adverb ADV lang:es 00:01:04 00:01:09 tt-4513 MM043_1986_CT_SU2011_ER_14 
"<soy>"
	"ser" Verb VSfin Pres Indi Sing 1st lang:es 00:01:09 00:01:16 tt-4514 MM043_1986_CT_SU2011_ER_14 @Gram:SerEstar:Ser 
"<visto>"
	"ver" Verb VLadj lang:es 00:01:09 00:01:16 tt-4515 MM043_1986_CT_SU2011_ER_14 
"<como>"
	"como" Conjunction CSUBX lang:es 00:01:09 00:01:16 tt-4516 MM043_1986_CT_SU2011_ER_14 
"<,>"
	"," Punctuation CM lang:es 00:01:09 00:01:16 tt-4519 MM043_1986_CT_SU2011_ER_14 
"<guises>"
	"UNK" Noun NC Plural lang:es 00:01:09 00:01:16 tt-4521 MM043_1986_CT_SU2011_ER_14 
"<,>"
	"," Punctuation CM lang:es 00:01:09 00:01:16 tt-4522 MM043_1986_CT_SU2011_ER_14 
"<soy>"
	"ser" Verb VSfin Pres Indi Sing 1st lang:es 00:01:09 00:01:16 tt-4523 MM043_1986_CT_SU2011_ER_14 @Gram:SerEstar:Ser 
"<visto>"
	"ver" Verb VLadj lang:es 00:01:09 00:01:16 tt-4524 MM043_1986_CT_SU2011_ER_14 
"<como>"
	"como" Conjunction CSUBX lang:es 00:01:09 00:01:16 tt-4525 MM043_1986_CT_SU2011_ER_14 
"<algo>"
	"algo" Determiner QU lang:es 00:01:09 00:01:16 tt-4526 MM043_1986_CT_SU2011_ER_14 
"<que>"
	"que" Conjunction CQUE lang:es 00:01:09 00:01:16 tt-4527 MM043_1986_CT_SU2011_ER_14 
"<no>"
	"no" Adverb NEG lang:es 00:01:09 00:01:16 tt-4528 MM043_1986_CT_SU2011_ER_14 
"<pertenece>"
	"pertenecer" Verb VLfin Pres Indi Sing 3rd lang:es 00:01:09 00:01:16 tt-4529 MM043_1986_CT_SU2011_ER_14 
"<o>"
	"o" Conjunction CC lang:es 00:01:09 00:01:16 tt-4530 MM043_1986_CT_SU2011_ER_14 
"<soy>"
	"ser" Verb VSfin Pres Indi Sing 1st lang:es 00:01:09 00:01:16 tt-4531 MM043_1986_CT_SU2011_ER_14 @Gram:SerEstar:Ser 
"<inmigrante>"
	"inmigrante" Noun NC Singular lang:es 00:01:09 00:01:16 tt-4532 MM043_1986_CT_SU2011_ER_14 
"<,>"
	"," Punctuation CM lang:es 00:01:09 00:01:16 tt-4533 MM043_1986_CT_SU2011_ER_14 
"<no>"
	"no" Adverb NEG lang:es 00:01:23 00:01:30 tt-4534 MM043_1986_CT_SU2011_ER_14 
"<me>"
	"yo" Pronoun PPX Singular lang:es 00:01:23 00:01:30 tt-4535 MM043_1986_CT_SU2011_ER_14 @Gram:Pron:Objeto 
"<merezco>"
	"merecer" Verb VLfin Pres Indi Sing 1st lang:es 00:01:23 00:01:30 tt-4536 MM043_1986_CT_SU2011_ER_14 
"<estar>"
	"estar" Verb VEinf Infinitive lang:es 00:01:23 00:01:30 tt-4537 MM043_1986_CT_SU2011_ER_14 @Gram:SerEstar:Estar 
"<aquí>"
	"aquí" Adverb ADV lang:es 00:01:23 00:01:30 tt-4538 MM043_1986_CT_SU2011_ER_14 
"<$.>"
	"." Punctuation FS lang:es 00:01:23 00:01:30 tt-4539 MM043_1986_CT_SU2011_ER_14 

"<Creo>"
	"crear|creer" Verb VLfin Pres Indi Sing 1st lang:es 00:01:23 00:01:30 tt-4540 MM043_1986_CT_SU2011_ER_14 
"<que>"
	"que" Conjunction CQUE lang:es 00:01:23 00:01:30 tt-4541 MM043_1986_CT_SU2011_ER_14 
"<es>"
	"ser" Verb VSfin Pres Indi Sing 3rd lang:es 00:01:23 00:01:30 tt-4542 MM043_1986_CT_SU2011_ER_14 @Gram:SerEstar:Ser 
"<muy>"
	"muy" Adverb ADV lang:es 00:01:23 00:01:30 tt-4543 MM043_1986_CT_SU2011_ER_14 
"<importante>"
	"importante" Adjective ADJ Singular lang:es 00:01:23 00:01:30 tt-4544 MM043_1986_CT_SU2011_ER_14 
"<porque>"
	"porque" Conjunction CSUBX lang:es 00:01:23 00:01:30 tt-4545 MM043_1986_CT_SU2011_ER_14 @Prag:MarcadoresDisc:Causa 
"<al>"
	"al" Preposition PAL lang:es 00:01:23 00:01:30 tt-4546 MM043_1986_CT_SU2011_ER_14 @Gram:Prep 
"<final>"
	"final" Noun NC Singular lang:es 00:01:23 00:01:30 tt-4547 MM043_1986_CT_SU2011_ER_14 
"<de>"
	"de" Preposition PREP lang:es 00:01:23 00:01:30 tt-4548 MM043_1986_CT_SU2011_ER_14 @Gram:Prep 
"<cuentas>"
	"cuenta" Noun NC Plural lang:es 00:01:23 00:01:30 tt-4549 MM043_1986_CT_SU2011_ER_14 
"<todavía>"
	"todavía" Adverb ADV lang:es 00:01:23 00:01:30 tt-4550 MM043_1986_CT_SU2011_ER_14 
"<necesitamos>"
	"necesitar" Verb VLfin Pres_or_Pret Indi Plural 1st lang:es 00:01:33 00:01:40 tt-4551 MM043_1986_CT_SU2011_ER_14 
"<una>"
	"un" Determiner ART Singular lang:es 00:01:33 00:01:40 tt-4552 MM043_1986_CT_SU2011_ER_14 
"<revolución>"
	"revolución" Noun NC Singular lang:es 00:01:33 00:01:40 tt-4553 MM043_1986_CT_SU2011_ER_14 
"<latinoamericana>"
	"latinoamericano" Adjective ADJ Singular lang:es 00:01:33 00:01:40 tt-4554 MM043_1986_CT_SU2011_ER_14 
"<$.>"
	"." Punctuation FS lang:es 00:01:33 00:01:40 tt-4555 MM043_1986_CT_SU2011_ER_14 

"<Creo>"
	"crear|creer" Verb VLfin Pres Indi Sing 1st lang:es 00:01:33 00:01:40 tt-4556 MM043_1986_CT_SU2011_ER_14 
"<que>"
	"que" Conjunction CQUE lang:es 00:01:33 00:01:40 tt-4557 MM043_1986_CT_SU2011_ER_14 
"<esa>"
	"ese" Determiner DM Singular lang:es 00:01:33 00:01:40 tt-4558 MM043_1986_CT_SU2011_ER_14 
"<sería>"
	"ser" Verb VSfin Cond Indi Sing 1st_or_3rd lang:es 00:01:33 00:01:40 tt-4559 MM043_1986_CT_SU2011_ER_14 @Gram:SerEstar:Ser 
"<la>"
	"el" Determiner ART Singular lang:es 00:01:33 00:01:40 tt-4560 MM043_1986_CT_SU2011_ER_14 @Gram:Det:Art 
"<mejor>"
	"bueno" Adjective ADJ Singular lang:es 00:01:33 00:01:40 tt-4561 MM043_1986_CT_SU2011_ER_14 
"<manera>"
	"manera" Noun NC Singular lang:es 00:01:33 00:01:40 tt-4562 MM043_1986_CT_SU2011_ER_14 
"<de>"
	"de" Conjunction CSUBI lang:es 00:01:33 00:01:40 tt-4563 MM043_1986_CT_SU2011_ER_14 
"<hacerlo>"
	"hacerlo" Verb VCLIinf lang:es 00:01:33 00:01:40 tt-4564 MM043_1986_CT_SU2011_ER_14 
"<y>"
	"y" Conjunction CC lang:es 00:01:41 00:01:48 tt-4565 MM043_1986_CT_SU2011_ER_14 
"<cuando>"
	"cuando" Conjunction CSUBX lang:es 00:01:41 00:01:48 tt-4566 MM043_1986_CT_SU2011_ER_14 
"<hablo>"
	"hablar" Verb VLfin Pres Indi Sing 1st lang:es 00:01:41 00:01:48 tt-4567 MM043_1986_CT_SU2011_ER_14 ID:201 R:Vocab:Fraseol:VerbPrep:202 
"<de>"
	"de" Preposition PREP lang:es 00:01:41 00:01:48 tt-4568 MM043_1986_CT_SU2011_ER_14 @Gram:Prep ID:202 
"<revolución>"
	"revolución" Noun NC Singular lang:es 00:01:41 00:01:48 tt-4569 MM043_1986_CT_SU2011_ER_14 
"<hablo>"
	"hablar" Verb VLfin Pres Indi Sing 1st lang:es 00:01:41 00:01:48 tt-4570 MM043_1986_CT_SU2011_ER_14 ID:204 R:Vocab:Fraseol:VerbPrep:205 
"<de>"
	"de" Preposition PREP lang:es 00:01:41 00:01:48 tt-4571 MM043_1986_CT_SU2011_ER_14 @Gram:Prep ID:205 
"<...>"
	"..." Punctuation DOTS lang:es 00:01:41 00:01:48 tt-4572 MM043_1986_CT_SU2011_ER_14 
"<de>"
	"de" Preposition PREP lang:es 00:01:41 00:01:48 tt-4573 MM043_1986_CT_SU2011_ER_14 @Gram:Prep 
"<...>"
	"..." Punctuation DOTS lang:es 00:01:41 00:01:48 tt-4574 MM043_1986_CT_SU2011_ER_14 
"<de>"
	"de" Preposition PREP lang:es 00:01:41 00:01:48 tt-4575 MM043_1986_CT_SU2011_ER_14 @Gram:Prep 
"<...>"
	"..." Punctuation DOTS lang:es 00:01:41 00:01:48 tt-4576 MM043_1986_CT_SU2011_ER_14 
"<de>"
	"de" Preposition PREP lang:es 00:01:41 00:01:48 tt-4577 MM043_1986_CT_SU2011_ER_14 @Gram:Prep 
"<darle>"
	"darle" Verb VCLIinf lang:es 00:01:41 00:01:48 tt-4578 MM043_1986_CT_SU2011_ER_14 
"<a>"
	"a" Preposition PREP lang:es 00:01:41 00:01:48 tt-4579 MM043_1986_CT_SU2011_ER_14 @Gram:Prep 
"<la>"
	"el" Determiner ART Singular lang:es 00:01:41 00:01:48 tt-4580 MM043_1986_CT_SU2011_ER_14 @Gram:Det:Art 
"<gente>"
	"gente" Noun NC Singular lang:es 00:01:41 00:01:48 tt-4581 MM043_1986_CT_SU2011_ER_14 
"<de>"
	"de" Preposition PREP lang:es 00:01:41 00:01:48 tt-4582 MM043_1986_CT_SU2011_ER_14 @Gram:Prep 
"<América>"
	"América" Noun NP Singular lang:es 00:01:41 00:01:48 tt-4583 MM043_1986_CT_SU2011_ER_14 
"<Latina>"
	"UNK" Noun NC Singular lang:es 00:01:41 00:01:48 tt-4584 MM043_1986_CT_SU2011_ER_14 
"<mejor>"
	"bueno" Adjective ADJ Singular lang:es 00:01:41 00:01:48 tt-4585 MM043_1986_CT_SU2011_ER_14 
"<vida>"
	"vida" Noun NC Singular lang:es 00:01:49 00:01:56 tt-4586 MM043_1986_CT_SU2011_ER_14 
"<,>"
	"," Punctuation CM lang:es 00:01:49 00:01:56 tt-4587 MM043_1986_CT_SU2011_ER_14 
"<mejor>"
	"bueno" Adjective ADJ Singular lang:es 00:01:49 00:01:56 tt-4588 MM043_1986_CT_SU2011_ER_14 
"<oportunidad>"
	"oportunidad" Noun NC Singular lang:es 00:01:49 00:01:56 tt-4589 MM043_1986_CT_SU2011_ER_14 
"<,>"
	"," Punctuation CM lang:es 00:01:49 00:01:56 tt-4590 MM043_1986_CT_SU2011_ER_14 
"<quitarles>"
	"quitar" Verb VLinf Pres Subj Sing 2nd lang:es 00:01:49 00:01:56 tt-4591 MM043_1986_CT_SU2011_ER_14 @Gram:MSub:Pres 
"<todas>"
	"todo" Determiner QU lang:es 00:01:49 00:01:56 tt-4592 MM043_1986_CT_SU2011_ER_14 
"<esas>"
	"ese" Determiner DM Plural lang:es 00:01:49 00:01:56 tt-4593 MM043_1986_CT_SU2011_ER_14 
"<injusticias>"
	"injusticia" Noun NC Plural lang:es 00:01:49 00:01:56 tt-4594 MM043_1986_CT_SU2011_ER_14 
"<que>"
	"que" Conjunction CQUE lang:es 00:01:49 00:01:56 tt-4595 MM043_1986_CT_SU2011_ER_14 
"<son>"
	"ser" Verb VSfin Pres Indi Plural 3rd lang:es 00:01:49 00:01:56 tt-4596 MM043_1986_CT_SU2011_ER_14 @Gram:SerEstar:Ser 
"<,>"
	"," Punctuation CM lang:es 00:01:49 00:01:56 tt-4597 MM043_1986_CT_SU2011_ER_14 
"<que>"
	"que" Conjunction CQUE lang:es 00:01:49 00:01:56 tt-4598 MM043_1986_CT_SU2011_ER_14 
"<se>"
	"se" Other SE lang:es 00:01:49 00:01:56 tt-4599 MM043_1986_CT_SU2011_ER_14 
"<han>"
	"haber" Verb VHfin Pres Indi Plural 3rd lang:es 00:01:49 00:01:56 tt-4600 MM043_1986_CT_SU2011_ER_14 ID:234 R:Gram:Aux:Haber:235 R:Gram:PerfPerif:235 
"<hecho>"
	"hacer" Verb VLadj lang:es 00:01:49 00:01:56 tt-4601 MM043_1986_CT_SU2011_ER_14 ID:235 
"<realidad>"
	"realidad" Noun NC Singular lang:es 00:01:49 00:01:56 tt-4602 MM043_1986_CT_SU2011_ER_14 
"<por>"
	"por" Preposition PREP lang:es 00:01:58 00:02:03 tt-4603 MM043_1986_CT_SU2011_ER_14 @Gram:Prep:Por 
"<...>"
	"..." Punctuation DOTS lang:es 00:01:58 00:02:03 tt-4604 MM043_1986_CT_SU2011_ER_14 
"<por>"
	"por" Preposition PREP lang:es 00:01:58 00:02:03 tt-4605 MM043_1986_CT_SU2011_ER_14 @Gram:Prep:Por 
"<lo>"
	"el" Determiner ART Singular lang:es 00:01:58 00:02:03 tt-4606 MM043_1986_CT_SU2011_ER_14 
"<que>"
	"que" Conjunction CQUE lang:es 00:01:58 00:02:03 tt-4607 MM043_1986_CT_SU2011_ER_14 
"<los>"
	"el" Determiner ART Plural lang:es 00:01:58 00:02:03 tt-4608 MM043_1986_CT_SU2011_ER_14 @Gram:Det:Art 
"<Estados>"
	"Estados" Noun NP Plural lang:es 00:01:58 00:02:03 tt-4609 MM043_1986_CT_SU2011_ER_14 ID:243 R:Vocab:Entities:Geo:244 
"<Unidos>"
	"Unidos" Noun NP Plural lang:es 00:01:58 00:02:03 tt-4610 MM043_1986_CT_SU2011_ER_14 ID:244 
"<,>"
	"," Punctuation CM lang:es 00:01:58 00:02:03 tt-4611 MM043_1986_CT_SU2011_ER_14 
"<por>"
	"por" Preposition PREP lang:es 00:01:58 00:02:03 tt-4612 MM043_1986_CT_SU2011_ER_14 @Gram:Prep:Por 
"<el>"
	"el" Determiner ART Singular lang:es 00:01:58 00:02:03 tt-4613 MM043_1986_CT_SU2011_ER_14 @Gram:Det:Art 
"<papel>"
	"papel" Noun NC Singular lang:es 00:01:58 00:02:03 tt-4614 MM043_1986_CT_SU2011_ER_14 
"<que>"
	"que" Conjunction CQUE lang:es 00:01:58 00:02:03 tt-4615 MM043_1986_CT_SU2011_ER_14 
"<los>"
	"el" Determiner ART Plural lang:es 00:01:58 00:02:03 tt-4616 MM043_1986_CT_SU2011_ER_14 @Gram:Det:Art 
"<Estados>"
	"Estados" Noun NP Plural lang:es 00:01:58 00:02:03 tt-4617 MM043_1986_CT_SU2011_ER_14 ID:251 R:Vocab:Entities:Geo:252 
"<Unidos>"
	"Unidos" Noun NP Plural lang:es 00:01:58 00:02:03 tt-4618 MM043_1986_CT_SU2011_ER_14 ID:252 
"<ha>"
	"haber" Verb VHfin Pres Indi Sing 3rd lang:es 00:01:58 00:02:03 tt-4619 MM043_1986_CT_SU2011_ER_14 ID:253 R:Gram:Aux:Haber:254 R:Gram:PerfPerif:254 
"<tomado>"
	"tomar" Verb VLadj lang:es 00:01:58 00:02:03 tt-4620 MM043_1986_CT_SU2011_ER_14 ID:254 
"<en>"
	"en" Preposition PREP lang:es 00:01:58 00:02:03 tt-4621 MM043_1986_CT_SU2011_ER_14 @Gram:Prep 
"<los>"
	"el" Determiner ART Plural lang:es 00:02:03 00:02:10 tt-4622 MM043_1986_CT_SU2011_ER_14 @Gram:Det:Art 
"<países>"
	"país" Noun NC Plural lang:es 00:02:03 00:02:10 tt-4623 MM043_1986_CT_SU2011_ER_14 
"<de>"
	"de" Preposition PREP lang:es 00:02:03 00:02:10 tt-4624 MM043_1986_CT_SU2011_ER_14 @Gram:Prep 
"<América>"
	"América" Noun NP Singular lang:es 00:02:03 00:02:10 tt-4625 MM043_1986_CT_SU2011_ER_14 
"<Latina>"
	"UNK" Noun NP Singular lang:es 00:02:03 00:02:10 tt-4626 MM043_1986_CT_SU2011_ER_14 
"<$.>"
	"." Punctuation FS lang:es 00:02:03 00:02:10 tt-4627 MM043_1986_CT_SU2011_ER_14 

"<Creo>"
	"crear|creer" Verb VLfin Pres Indi Sing 1st lang:es 00:02:03 00:02:10 tt-4628 MM043_1986_CT_SU2011_ER_14 
"<que>"
	"que" Conjunction CQUE lang:es 00:02:03 00:02:10 tt-4629 MM043_1986_CT_SU2011_ER_14 
"<...>"
	"..." Punctuation DOTS lang:es 00:02:03 00:02:10 tt-4630 MM043_1986_CT_SU2011_ER_14 
"<el>"
	"el" Determiner ART Singular lang:es 00:02:03 00:02:10 tt-4631 MM043_1986_CT_SU2011_ER_14 @Gram:Det:Art 
"<español>"
	"español" Noun NC Singular lang:es 00:02:03 00:02:10 tt-4632 MM043_1986_CT_SU2011_ER_14 
"<...>"
	"..." Punctuation DOTS lang:es 00:02:03 00:02:10 tt-4633 MM043_1986_CT_SU2011_ER_14 
"<espero>"
	"esperar" Verb VLfin Pres Indi Sing 1st lang:es 00:02:03 00:02:10 tt-4634 MM043_1986_CT_SU2011_ER_14 
"<que>"
	"que" Conjunction CQUE lang:es 00:02:03 00:02:10 tt-4635 MM043_1986_CT_SU2011_ER_14 
"<el>"
	"el" Determiner ART Singular lang:es 00:02:03 00:02:10 tt-4636 MM043_1986_CT_SU2011_ER_14 @Gram:Det:Art 
"<español>"
	"español" Noun NC Singular lang:es 00:02:03 00:02:10 tt-4637 MM043_1986_CT_SU2011_ER_14 
"<se>"
	"se" Other SE lang:es 00:02:03 00:02:10 tt-4638 MM043_1986_CT_SU2011_ER_14 
"<vuelva>"
	"volver" Verb VLfin Pres Subj Sing 1st_or_3rd lang:es 00:02:03 00:02:10 tt-4639 MM043_1986_CT_SU2011_ER_14 @Gram:MSub:Pres 
"<tal>"
	"tal" Adverb ADV lang:es 00:02:16 00:02:23 tt-4640 MM043_1986_CT_SU2011_ER_14 ID:274 R:Prag:MarcadoresDisc:Igualdad:275 
"<vez>"
	"vez" Adverb ADV lang:es 00:02:16 00:02:23 tt-4641 MM043_1986_CT_SU2011_ER_14 ID:275 
"<otro>"
	"otro" Determiner QU lang:es 00:02:16 00:02:23 tt-4642 MM043_1986_CT_SU2011_ER_14 
"<idioma>"
	"idioma" Noun NC Singular lang:es 00:02:16 00:02:23 tt-4643 MM043_1986_CT_SU2011_ER_14 
"<oficial>"
	"oficial" Adjective ADJ Singular lang:es 00:02:16 00:02:23 tt-4644 MM043_1986_CT_SU2011_ER_14 
"<de>"
	"de" Preposition PREP lang:es 00:02:16 00:02:23 tt-4645 MM043_1986_CT_SU2011_ER_14 @Gram:Prep 
"<los>"
	"el" Determiner ART Plural lang:es 00:02:16 00:02:23 tt-4646 MM043_1986_CT_SU2011_ER_14 @Gram:Det:Art 
"<Estados>"
	"Estados" Noun NP Plural lang:es 00:02:16 00:02:23 tt-4647 MM043_1986_CT_SU2011_ER_14 ID:281 R:Vocab:Entities:Geo:282 
"<Unidos>"
	"Unidos" Noun NP Plural lang:es 00:02:16 00:02:23 tt-4648 MM043_1986_CT_SU2011_ER_14 ID:282 
"<en>"
	"en" Preposition PREP lang:es 00:02:16 00:02:23 tt-4649 MM043_1986_CT_SU2011_ER_14 @Gram:Prep 
"<cierto>"
	"cierto" Determiner QU lang:es 00:02:16 00:02:23 tt-4650 MM043_1986_CT_SU2011_ER_14 
"<tiempo>"
	"tiempo" Noun NC Singular lang:es 00:02:16 00:02:23 tt-4651 MM043_1986_CT_SU2011_ER_14 
"<$.>"
	"." Punctuation FS lang:es 00:02:16 00:02:23 tt-4652 MM043_1986_CT_SU2011_ER_14 

"<Ya>"
	"ya" Adverb ADV lang:es 00:02:16 00:02:23 tt-4653 MM043_1986_CT_SU2011_ER_14 
"<somos>"
	"ser" Verb VSfin Pres Indi Plural 1st lang:es 00:02:16 00:02:23 tt-4654 MM043_1986_CT_SU2011_ER_14 @Gram:SerEstar:Ser 
"<la>"
	"el" Determiner ART Singular lang:es 00:02:16 00:02:23 tt-4655 MM043_1986_CT_SU2011_ER_14 @Gram:Det:Art 
"<mayoría>"
	"mayoría" Noun NC Singular lang:es 00:02:16 00:02:23 tt-4656 MM043_1986_CT_SU2011_ER_14 
"<,>"
	"," Punctuation CM lang:es 00:02:16 00:02:23 tt-4657 MM043_1986_CT_SU2011_ER_14 
"<$¿>"
	"¿" Punctuation FS lang:es 00:02:23 00:02:24 tt-4658 MM043_1986_CT_SU2011_ER_14 
"<por>"
	"por" Preposition PREP lang:es 00:02:23 00:02:24 tt-4659 MM043_1986_CT_SU2011_ER_14 @Gram:Prep:Por 
"<qué>"
	"qué" Adverb ADV lang:es 00:02:23 00:02:24 tt-4660 MM043_1986_CT_SU2011_ER_14 
"<no>"
	"no" Adverb NEG lang:es 00:02:23 00:02:24 tt-4661 MM043_1986_CT_SU2011_ER_14 
"<$?>"
	"?" Punctuation FS lang:es 00:02:23 00:02:24 tt-4662 MM043_1986_CT_SU2011_ER_14 
</speaker>
</text>

