<text id="MM043_1986_CT_SU2011_ER_01">
<speaker type="int">
"<$¿>"
	"¿" Punctuation FS lang:es 00:00:00 00:00:05 tt-22 MM043_1986_CT_SU2011_ER_01 
"<Y>"
	"Y" Other ALFS lang:es 00:00:00 00:00:05 tt-23 MM043_1986_CT_SU2011_ER_01 
"<eres>"
	"ser" Verb VSfin Pres Indi Sing 2nd lang:es 00:00:00 00:00:05 tt-24 MM043_1986_CT_SU2011_ER_01 @Gram:SerEstar:Ser 
"<ciudadano>"
	"ciudadano" Noun NC Singular lang:es 00:00:00 00:00:05 tt-25 MM043_1986_CT_SU2011_ER_01 
"<americano>"
	"americano" Adjective ADJ Singular lang:es 00:00:00 00:00:05 tt-26 MM043_1986_CT_SU2011_ER_01 
"<$?>"
	"?" Punctuation FS lang:es 00:00:00 00:00:05 tt-27 MM043_1986_CT_SU2011_ER_01 
</speaker>
<speaker type="subj">

"<Ahora>"
	"ahora" Adverb ADV lang:es 00:00:05 00:00:12 tt-28 MM043_1986_CT_SU2011_ER_01 
"<sí>"
	"sí" Adverb ADV lang:es 00:00:05 00:00:12 tt-29 MM043_1986_CT_SU2011_ER_01 
"<lo>"
	"él" Pronoun PPC Singular lang:es 00:00:05 00:00:12 tt-30 MM043_1986_CT_SU2011_ER_01 @Gram:Pron:Objeto 
"<soy>"
	"ser" Verb VSfin Pres Indi Sing 1st lang:es 00:00:05 00:00:12 tt-31 MM043_1986_CT_SU2011_ER_01 @Gram:SerEstar:Ser 
"<,>"
	"," Punctuation CM lang:es 00:00:05 00:00:12 tt-32 MM043_1986_CT_SU2011_ER_01 
"<fui>"
	"ir|ser" Verb VLfin Pret Indi Sing 1st lang:es 00:00:05 00:00:12 tt-33 MM043_1986_CT_SU2011_ER_01 @Gram:Indefinido 
"<nacido>"
	"nacer" Verb VLadj lang:es 00:00:05 00:00:12 tt-34 MM043_1986_CT_SU2011_ER_01 
"<en>"
	"en" Preposition PREP lang:es 00:00:05 00:00:12 tt-35 MM043_1986_CT_SU2011_ER_01 @Gram:Prep 
"<México>"
	"México" Noun NP Singular lang:es 00:00:05 00:00:12 tt-36 MM043_1986_CT_SU2011_ER_01 
"<pero>"
	"pero" Conjunction CCAD lang:es 00:00:05 00:00:12 tt-37 MM043_1986_CT_SU2011_ER_01 @Prag:MarcadoresDisc:Revision 
"<me>"
	"yo" Pronoun PPX Singular lang:es 00:00:05 00:00:12 tt-38 MM043_1986_CT_SU2011_ER_01 @Gram:Pron:Objeto 
"<hice>"
	"hacer" Verb VLfin Pret Indi Sing 1st lang:es 00:00:05 00:00:12 tt-39 MM043_1986_CT_SU2011_ER_01 @Gram:Indefinido 
"<ciudadano>"
	"ciudadano" Noun NC Singular lang:es 00:00:05 00:00:12 tt-40 MM043_1986_CT_SU2011_ER_01 
"<a>"
	"a" Preposition PREP lang:es 00:00:05 00:00:12 tt-41 MM043_1986_CT_SU2011_ER_01 @Gram:Prep 
"<los>"
	"el" Determiner ART Plural lang:es 00:00:05 00:00:12 tt-42 MM043_1986_CT_SU2011_ER_01 @Gram:Det:Art 
"<catorce>"
	"catorce" Determiner CARD Singular lang:es 00:00:05 00:00:12 tt-43 MM043_1986_CT_SU2011_ER_01 
"<años>"
	"año" Noun NC Plural lang:es 00:00:05 00:00:12 tt-44 MM043_1986_CT_SU2011_ER_01 
"<por>"
	"por" Preposition PREP lang:es 00:00:05 00:00:12 tt-45 MM043_1986_CT_SU2011_ER_01 @Gram:Prep:Por 
"<ley>"
	"ley" Noun NC Singular lang:es 00:00:12 00:00:18 tt-46 MM043_1986_CT_SU2011_ER_01 
"<porque>"
	"porque" Conjunction CSUBX lang:es 00:00:12 00:00:18 tt-47 MM043_1986_CT_SU2011_ER_01 @Prag:MarcadoresDisc:Causa 
"<mi>"
	"mío" Pronoun PPO Singular lang:es 00:00:12 00:00:18 tt-48 MM043_1986_CT_SU2011_ER_01 @Gram:Det:Pos 
"<madre>"
	"madre" Noun NC Singular lang:es 00:00:12 00:00:18 tt-49 MM043_1986_CT_SU2011_ER_01 
"<nació>"
	"nacer" Verb VLfin Pret Indi Sing 3rd lang:es 00:00:12 00:00:18 tt-50 MM043_1986_CT_SU2011_ER_01 @Gram:Indefinido 
"<en>"
	"en" Preposition PREP lang:es 00:00:12 00:00:18 tt-51 MM043_1986_CT_SU2011_ER_01 @Gram:Prep 
"<Juárez>"
	"Juárez" Noun NP Singular lang:es 00:00:12 00:00:18 tt-52 MM043_1986_CT_SU2011_ER_01 
"<,>"
	"," Punctuation CM lang:es 00:00:12 00:00:18 tt-53 MM043_1986_CT_SU2011_ER_01 
"<digo>"
	"decir" Verb VLfin Pres Indi Sing 1st lang:es 00:00:12 00:00:18 tt-56 MM043_1986_CT_SU2011_ER_01 
"<en>"
	"en" Preposition PREP lang:es 00:00:12 00:00:18 tt-57 MM043_1986_CT_SU2011_ER_01 @Gram:Prep 
"<Phoenix>"
	"Phoenix" Noun NP Singular lang:es 00:00:12 00:00:18 tt-58 MM043_1986_CT_SU2011_ER_01 
"<,>"
	"," Punctuation CM lang:es 00:00:12 00:00:18 tt-59 MM043_1986_CT_SU2011_ER_01 
"<Arizona>"
	"Arizona" Noun NP Singular lang:es 00:00:12 00:00:18 tt-60 MM043_1986_CT_SU2011_ER_01 
"<$.>"
	"." Punctuation FS lang:es 00:00:12 00:00:18 tt-61 MM043_1986_CT_SU2011_ER_01 
</speaker>
<speaker type="int">

"<Y>"
	"Y" Other ALFS lang:es 00:00:18 00:00:22 tt-62 MM043_1986_CT_SU2011_ER_01 
"<has>"
	"haber" Verb VHfin Pres Indi Sing 2nd lang:es 00:00:18 00:00:22 tt-63 MM043_1986_CT_SU2011_ER_01 @Gram:Haber:Exist 
"<...>"
	"..." Punctuation DOTS lang:es 00:00:18 00:00:22 tt-64 MM043_1986_CT_SU2011_ER_01 
"<pero>"
	"pero" Conjunction CCAD lang:es 00:00:18 00:00:22 tt-65 MM043_1986_CT_SU2011_ER_01 @Prag:MarcadoresDisc:Revision 
"<naciste>"
	"nacer" Verb VLfin Pret Indi Sing 2nd lang:es 00:00:18 00:00:22 tt-66 MM043_1986_CT_SU2011_ER_01 @Gram:Indefinido 
"<en>"
	"en" Preposition PREP lang:es 00:00:18 00:00:22 tt-67 MM043_1986_CT_SU2011_ER_01 @Gram:Prep 
"<México>"
	"México" Noun NP Singular lang:es 00:00:18 00:00:22 tt-68 MM043_1986_CT_SU2011_ER_01 
"<$.>"
	"." Punctuation FS lang:es 00:00:18 00:00:22 tt-69 MM043_1986_CT_SU2011_ER_01 

"<$¿>"
	"¿" Punctuation FS lang:es 00:00:18 00:00:22 tt-70 MM043_1986_CT_SU2011_ER_01 
"<En>"
	"en" Preposition PREP lang:es 00:00:18 00:00:22 tt-71 MM043_1986_CT_SU2011_ER_01 @Gram:Prep 
"<qué>"
	"qué" Pronoun INT Singular lang:es 00:00:18 00:00:22 tt-72 MM043_1986_CT_SU2011_ER_01 
"<parte>"
	"parte" Noun NC Singular lang:es 00:00:18 00:00:22 tt-73 MM043_1986_CT_SU2011_ER_01 
"<de>"
	"de" Preposition PREP lang:es 00:00:18 00:00:22 tt-74 MM043_1986_CT_SU2011_ER_01 @Gram:Prep 
"<México>"
	"México" Noun NP Singular lang:es 00:00:18 00:00:22 tt-75 MM043_1986_CT_SU2011_ER_01 
"<$?>"
	"?" Punctuation FS lang:es 00:00:18 00:00:22 tt-76 MM043_1986_CT_SU2011_ER_01 
</speaker>
<speaker type="subj">

"<Nací>"
	"nacer" Verb VLfin Pret Indi Sing 1st lang:es 00:00:22 00:00:25 tt-77 MM043_1986_CT_SU2011_ER_01 @Gram:Indefinido 
"<en>"
	"en" Preposition PREP lang:es 00:00:22 00:00:25 tt-78 MM043_1986_CT_SU2011_ER_01 @Gram:Prep 
"<Juárez>"
	"Juárez" Noun NP Singular lang:es 00:00:22 00:00:25 tt-79 MM043_1986_CT_SU2011_ER_01 
"<,>"
	"," Punctuation CM lang:es 00:00:22 00:00:25 tt-80 MM043_1986_CT_SU2011_ER_01 
"<Chihuahua>"
	"Chihuahua" Noun NP Singular lang:es 00:00:22 00:00:25 tt-81 MM043_1986_CT_SU2011_ER_01 
"<,>"
	"," Punctuation CM lang:es 00:00:22 00:00:25 tt-82 MM043_1986_CT_SU2011_ER_01 
"<México>"
	"México" Noun NP Singular lang:es 00:00:22 00:00:25 tt-83 MM043_1986_CT_SU2011_ER_01 
"<$.>"
	"." Punctuation FS lang:es 00:00:22 00:00:25 tt-84 MM043_1986_CT_SU2011_ER_01 
</speaker>
</text>

