<text id="MM043_1986_CT_SU2011_ER_15">
<speaker type="int">
"<Y>"
	"Y" Other ALFS lang:es 00:00:00 00:00:07 tt-4663 MM043_1986_CT_SU2011_ER_15 
"<bueno>"
	"bueno" Adjective ADJ Singular lang:es 00:00:00 00:00:07 tt-4664 MM043_1986_CT_SU2011_ER_15 
"<,>"
	"," Punctuation CM lang:es 00:00:00 00:00:07 tt-4665 MM043_1986_CT_SU2011_ER_15 
"<como>"
	"como" Conjunction CSUBX lang:es 00:00:00 00:00:07 tt-4666 MM043_1986_CT_SU2011_ER_15 
"<lo>"
	"él" Pronoun PPC Singular lang:es 00:00:00 00:00:07 tt-4667 MM043_1986_CT_SU2011_ER_15 @Gram:Pron:Objeto 
"<dices>"
	"decir" Verb VLfin Pres Indi Sing 2nd lang:es 00:00:00 00:00:07 tt-4668 MM043_1986_CT_SU2011_ER_15 
"<,>"
	"," Punctuation CM lang:es 00:00:00 00:00:07 tt-4669 MM043_1986_CT_SU2011_ER_15 
"<siendo>"
	"ser" Verb VSger Gerund lang:es 00:00:00 00:00:07 tt-4670 MM043_1986_CT_SU2011_ER_15 @Gram:SerEstar:Ser 
"<la>"
	"el" Determiner ART Singular lang:es 00:00:00 00:00:07 tt-4671 MM043_1986_CT_SU2011_ER_15 @Gram:Det:Art 
"<mayoría>"
	"mayoría" Noun NC Singular lang:es 00:00:00 00:00:07 tt-4672 MM043_1986_CT_SU2011_ER_15 
"<,>"
	"," Punctuation CM lang:es 00:00:00 00:00:07 tt-4673 MM043_1986_CT_SU2011_ER_15 
"<$¿>"
	"¿" Punctuation FS lang:es 00:00:00 00:00:07 tt-4674 MM043_1986_CT_SU2011_ER_15 
"<qué>"
	"qué" Pronoun INT Singular lang:es 00:00:00 00:00:07 tt-4675 MM043_1986_CT_SU2011_ER_15 
"<importancia>"
	"importancia" Noun NC Singular lang:es 00:00:00 00:00:07 tt-4676 MM043_1986_CT_SU2011_ER_15 
"<entonces>"
	"entonces" Adverb ADV lang:es 00:00:00 00:00:07 tt-4677 MM043_1986_CT_SU2011_ER_15 
"<toma>"
	"tomar" Verb VLfin Pres Indi Sing 3rd lang:es 00:00:00 00:00:07 tt-4678 MM043_1986_CT_SU2011_ER_15 
"<para>"
	"para" Preposition PREP lang:es 00:00:00 00:00:07 tt-4679 MM043_1986_CT_SU2011_ER_15 @Gram:Prep:Para 
"<ti>"
	"tú" Pronoun PPX Singular lang:es 00:00:00 00:00:07 tt-4680 MM043_1986_CT_SU2011_ER_15 
"<el>"
	"el" Determiner ART Singular lang:es 00:00:00 00:00:07 tt-4681 MM043_1986_CT_SU2011_ER_15 @Gram:Det:Art 
"<ser>"
	"ser" Noun NC Infinitive lang:es 00:00:07 00:00:08 tt-4682 MM043_1986_CT_SU2011_ER_15 
"<bilingüe>"
	"bilingüe" Adjective ADJ Singular lang:es 00:00:07 00:00:08 tt-4683 MM043_1986_CT_SU2011_ER_15 
"<$?>"
	"?" Punctuation FS lang:es 00:00:07 00:00:08 tt-4684 MM043_1986_CT_SU2011_ER_15 
</speaker>
<speaker type="subj">

"<$¿>"
	"¿" Punctuation FS lang:es 00:00:08 00:00:15 tt-4685 MM043_1986_CT_SU2011_ER_15 
"<Qué>"
	"qué" Pronoun INT Singular lang:es 00:00:08 00:00:15 tt-4686 MM043_1986_CT_SU2011_ER_15 
"<importancia>"
	"importancia" Noun NC Singular lang:es 00:00:08 00:00:15 tt-4687 MM043_1986_CT_SU2011_ER_15 
"<$?>"
	"?" Punctuation FS lang:es 00:00:08 00:00:15 tt-4688 MM043_1986_CT_SU2011_ER_15 

"<Bueno>"
	"bueno" Adjective ADJ Singular lang:es 00:00:08 00:00:15 tt-4689 MM043_1986_CT_SU2011_ER_15 
"<,>"
	"," Punctuation CM lang:es 00:00:08 00:00:15 tt-4690 MM043_1986_CT_SU2011_ER_15 
"<es>"
	"ser" Verb VSfin Pres Indi Sing 3rd lang:es 00:00:08 00:00:15 tt-4691 MM043_1986_CT_SU2011_ER_15 @Gram:SerEstar:Ser 
"<muy>"
	"muy" Adverb ADV lang:es 00:00:08 00:00:15 tt-4692 MM043_1986_CT_SU2011_ER_15 
"<importante>"
	"importante" Adjective ADJ Singular lang:es 00:00:08 00:00:15 tt-4693 MM043_1986_CT_SU2011_ER_15 
"<para>"
	"para" Preposition PREP lang:es 00:00:08 00:00:15 tt-4694 MM043_1986_CT_SU2011_ER_15 @Gram:Prep:Para 
"<mí>"
	"yo" Pronoun PPX Singular lang:es 00:00:08 00:00:15 tt-4695 MM043_1986_CT_SU2011_ER_15 
"<$.>"
	"." Punctuation FS lang:es 00:00:08 00:00:15 tt-4696 MM043_1986_CT_SU2011_ER_15 

"<Primeramente>"
	"primeramente" Adverb ADV lang:es 00:00:08 00:00:15 tt-4697 MM043_1986_CT_SU2011_ER_15 
"<porque>"
	"porque" Conjunction CSUBX lang:es 00:00:08 00:00:15 tt-4698 MM043_1986_CT_SU2011_ER_15 @Prag:MarcadoresDisc:Causa 
"<soy>"
	"ser" Verb VSfin Pres Indi Sing 1st lang:es 00:00:08 00:00:15 tt-4699 MM043_1986_CT_SU2011_ER_15 @Gram:SerEstar:Ser 
"<mexicano>"
	"mexicano" Adjective ADJ Singular lang:es 00:00:08 00:00:15 tt-4700 MM043_1986_CT_SU2011_ER_15 
"<,>"
	"," Punctuation CM lang:es 00:00:08 00:00:15 tt-4701 MM043_1986_CT_SU2011_ER_15 
"<porque>"
	"porque" Conjunction CSUBX lang:es 00:00:18 00:00:22 tt-4702 MM043_1986_CT_SU2011_ER_15 @Prag:MarcadoresDisc:Causa 
"<nací>"
	"nacer" Verb VLfin Pret Indi Sing 1st lang:es 00:00:18 00:00:22 tt-4703 MM043_1986_CT_SU2011_ER_15 @Gram:Indefinido 
"<en>"
	"en" Preposition PREP lang:es 00:00:18 00:00:22 tt-4704 MM043_1986_CT_SU2011_ER_15 @Gram:Prep 
"<México>"
	"México" Noun NP Singular lang:es 00:00:18 00:00:22 tt-4705 MM043_1986_CT_SU2011_ER_15 
"<no>"
	"no" Adverb NEG lang:es 00:00:18 00:00:22 tt-4706 MM043_1986_CT_SU2011_ER_15 
"<quiero>"
	"querer" Verb VLfin Pres Indi Sing 1st lang:es 00:00:18 00:00:22 tt-4707 MM043_1986_CT_SU2011_ER_15 
"<yo>"
	"yo" Pronoun PPX Singular lang:es 00:00:18 00:00:22 tt-4708 MM043_1986_CT_SU2011_ER_15 @Gram:Pron:Sujeto 
"<perder>"
	"perder" Verb VLinf Infinitive lang:es 00:00:18 00:00:22 tt-4709 MM043_1986_CT_SU2011_ER_15 
"<el>"
	"el" Determiner ART Singular lang:es 00:00:18 00:00:22 tt-4710 MM043_1986_CT_SU2011_ER_15 @Gram:Det:Art 
"<español>"
	"español" Noun NC Singular lang:es 00:00:18 00:00:22 tt-4711 MM043_1986_CT_SU2011_ER_15 
"<$.>"
	"." Punctuation FS lang:es 00:00:18 00:00:22 tt-4712 MM043_1986_CT_SU2011_ER_15 

"<Yo>"
	"yo" Pronoun PPX Singular lang:es 00:00:18 00:00:22 tt-4713 MM043_1986_CT_SU2011_ER_15 @Gram:Pron:Sujeto 
"<no>"
	"no" Adverb NEG lang:es 00:00:18 00:00:22 tt-4714 MM043_1986_CT_SU2011_ER_15 
"<quiero>"
	"querer" Verb VLfin Pres Indi Sing 1st lang:es 00:00:18 00:00:22 tt-4715 MM043_1986_CT_SU2011_ER_15 
"<tener>"
	"tener" Verb VLinf Infinitive lang:es 00:00:18 00:00:22 tt-4716 MM043_1986_CT_SU2011_ER_15 
"<hijos>"
	"hijo" Noun NC Plural lang:es 00:00:18 00:00:22 tt-4717 MM043_1986_CT_SU2011_ER_15 
"<y>"
	"y" Conjunction CC lang:es 00:00:18 00:00:22 tt-4718 MM043_1986_CT_SU2011_ER_15 
"<que>"
	"que" Conjunction CQUE lang:es 00:00:18 00:00:22 tt-4719 MM043_1986_CT_SU2011_ER_15 
"<mis>"
	"UNK" Noun NC Plural lang:es 00:00:22 00:00:27 tt-4720 MM043_1986_CT_SU2011_ER_15 
"<hijos>"
	"hijo" Noun NC Plural lang:es 00:00:22 00:00:27 tt-4721 MM043_1986_CT_SU2011_ER_15 
"<no>"
	"no" Adverb NEG lang:es 00:00:22 00:00:27 tt-4722 MM043_1986_CT_SU2011_ER_15 
"<puedan>"
	"poder" Verb VMfin lang:es 00:00:22 00:00:27 tt-4723 MM043_1986_CT_SU2011_ER_15 
"<hablar>"
	"hablar" Verb VLinf Infinitive lang:es 00:00:22 00:00:27 tt-4724 MM043_1986_CT_SU2011_ER_15 
"<español>"
	"español" Noun NC Singular lang:es 00:00:22 00:00:27 tt-4725 MM043_1986_CT_SU2011_ER_15 
"<,>"
	"," Punctuation CM lang:es 00:00:22 00:00:27 tt-4726 MM043_1986_CT_SU2011_ER_15 
"<que>"
	"que" Conjunction CQUE lang:es 00:00:22 00:00:27 tt-4727 MM043_1986_CT_SU2011_ER_15 
"<no>"
	"no" Adverb NEG lang:es 00:00:22 00:00:27 tt-4728 MM043_1986_CT_SU2011_ER_15 
"<sepan>"
	"saber" Verb VLfin Past Subj Plural 3rd lang:es 00:00:22 00:00:27 tt-4729 MM043_1986_CT_SU2011_ER_15 @Gram:MSub:Pret 
"<hablar>"
	"hablar" Verb VLinf Infinitive lang:es 00:00:22 00:00:27 tt-4730 MM043_1986_CT_SU2011_ER_15 
"<español>"
	"español" Noun NC Singular lang:es 00:00:22 00:00:27 tt-4731 MM043_1986_CT_SU2011_ER_15 
"<$.>"
	"." Punctuation FS lang:es 00:00:22 00:00:27 tt-4732 MM043_1986_CT_SU2011_ER_15 

"<Entonces>"
	"entonces" Adverb ADV lang:es 00:00:22 00:00:27 tt-4733 MM043_1986_CT_SU2011_ER_15 
"<el>"
	"el" Determiner ART Singular lang:es 00:00:22 00:00:27 tt-4734 MM043_1986_CT_SU2011_ER_15 @Gram:Det:Art 
"<ser>"
	"ser" Noun NC Infinitive lang:es 00:00:22 00:00:27 tt-4735 MM043_1986_CT_SU2011_ER_15 
"<bilingüe>"
	"bilingüe" Adjective ADJ Singular lang:es 00:00:22 00:00:27 tt-4736 MM043_1986_CT_SU2011_ER_15 
"<es>"
	"ser" Verb VSfin Pres Indi Sing 3rd lang:es 00:00:27 00:00:33 tt-4737 MM043_1986_CT_SU2011_ER_15 @Gram:SerEstar:Ser 
"<muy>"
	"muy" Adverb ADV lang:es 00:00:27 00:00:33 tt-4738 MM043_1986_CT_SU2011_ER_15 
"<importante>"
	"importante" Adjective ADJ Singular lang:es 00:00:27 00:00:33 tt-4739 MM043_1986_CT_SU2011_ER_15 
"<para>"
	"para" Preposition PREP lang:es 00:00:27 00:00:33 tt-4740 MM043_1986_CT_SU2011_ER_15 @Gram:Prep:Para 
"<mí>"
	"yo" Pronoun PPX Singular lang:es 00:00:27 00:00:33 tt-4741 MM043_1986_CT_SU2011_ER_15 
"<,>"
	"," Punctuation CM lang:es 00:00:27 00:00:33 tt-4742 MM043_1986_CT_SU2011_ER_15 
"<es>"
	"ser" Verb VSfin Pres Indi Sing 3rd lang:es 00:00:27 00:00:33 tt-4743 MM043_1986_CT_SU2011_ER_15 @Gram:SerEstar:Ser 
"<...>"
	"..." Punctuation DOTS lang:es 00:00:27 00:00:33 tt-4744 MM043_1986_CT_SU2011_ER_15 
"<es>"
	"ser" Verb VSfin Pres Indi Sing 3rd lang:es 00:00:27 00:00:33 tt-4745 MM043_1986_CT_SU2011_ER_15 @Gram:SerEstar:Ser 
"<algo>"
	"algo" Determiner QU lang:es 00:00:27 00:00:33 tt-4746 MM043_1986_CT_SU2011_ER_15 
"<que>"
	"que" Conjunction CQUE lang:es 00:00:27 00:00:33 tt-4747 MM043_1986_CT_SU2011_ER_15 
"<quiero>"
	"querer" Verb VLfin Pres Indi Sing 1st lang:es 00:00:27 00:00:33 tt-4748 MM043_1986_CT_SU2011_ER_15 
"<mantener>"
	"mantener" Verb VLinf Infinitive lang:es 00:00:27 00:00:33 tt-4749 MM043_1986_CT_SU2011_ER_15 
"<toda>"
	"todo" Determiner QU lang:es 00:00:27 00:00:33 tt-4750 MM043_1986_CT_SU2011_ER_15 
"<mi>"
	"mío" Pronoun PPO Singular lang:es 00:00:27 00:00:33 tt-4751 MM043_1986_CT_SU2011_ER_15 
"<vida>"
	"vida" Noun NC Singular lang:es 00:00:27 00:00:33 tt-4752 MM043_1986_CT_SU2011_ER_15 
"<,>"
	"," Punctuation CM lang:es 00:00:27 00:00:33 tt-4753 MM043_1986_CT_SU2011_ER_15 
"<que>"
	"que" Conjunction CQUE lang:es 00:00:27 00:00:33 tt-4754 MM043_1986_CT_SU2011_ER_15 
"<quiero>"
	"querer" Verb VLfin Pres Indi Sing 1st lang:es 00:00:27 00:00:33 tt-4755 MM043_1986_CT_SU2011_ER_15 
"<inculcarles>"
	"UNK" Verb VLinf Infinitive lang:es 00:00:27 00:00:33 tt-4756 MM043_1986_CT_SU2011_ER_15 
"<a>"
	"a" Preposition PREP lang:es 00:00:33 00:00:40 tt-4757 MM043_1986_CT_SU2011_ER_15 @Gram:Prep 
"<mis>"
	"UNK" Noun NC Plural lang:es 00:00:33 00:00:40 tt-4758 MM043_1986_CT_SU2011_ER_15 
"<niños>"
	"niño" Noun NC Plural lang:es 00:00:33 00:00:40 tt-4759 MM043_1986_CT_SU2011_ER_15 
"<,>"
	"," Punctuation CM lang:es 00:00:33 00:00:40 tt-4760 MM043_1986_CT_SU2011_ER_15 
"<a>"
	"a" Preposition PREP lang:es 00:00:33 00:00:40 tt-4761 MM043_1986_CT_SU2011_ER_15 @Gram:Prep 
"<sus>"
	"suyo" Pronoun PPO Plural lang:es 00:00:33 00:00:40 tt-4762 MM043_1986_CT_SU2011_ER_15 
"<niños>"
	"niño" Noun NC Plural lang:es 00:00:33 00:00:40 tt-4763 MM043_1986_CT_SU2011_ER_15 
"<,>"
	"," Punctuation CM lang:es 00:00:33 00:00:40 tt-4764 MM043_1986_CT_SU2011_ER_15 
"<a>"
	"a" Preposition PREP lang:es 00:00:33 00:00:40 tt-4765 MM043_1986_CT_SU2011_ER_15 @Gram:Prep 
"<los>"
	"el" Determiner ART Plural lang:es 00:00:33 00:00:40 tt-4766 MM043_1986_CT_SU2011_ER_15 @Gram:Det:Art 
"<niños>"
	"niño" Noun NC Plural lang:es 00:00:33 00:00:40 tt-4767 MM043_1986_CT_SU2011_ER_15 
"<de>"
	"de" Preposition PREP lang:es 00:00:33 00:00:40 tt-4768 MM043_1986_CT_SU2011_ER_15 @Gram:Prep 
"<mis>"
	"UNK" Noun NC Plural lang:es 00:00:33 00:00:40 tt-4769 MM043_1986_CT_SU2011_ER_15 
"<niños>"
	"niño" Noun NC Plural lang:es 00:00:33 00:00:40 tt-4770 MM043_1986_CT_SU2011_ER_15 
"<,>"
	"," Punctuation CM lang:es 00:00:33 00:00:40 tt-4771 MM043_1986_CT_SU2011_ER_15 
"<quiero>"
	"querer" Verb VLfin Pres Indi Sing 1st lang:es 00:00:33 00:00:40 tt-4772 MM043_1986_CT_SU2011_ER_15 
"<...>"
	"..." Punctuation DOTS lang:es 00:00:33 00:00:40 tt-4773 MM043_1986_CT_SU2011_ER_15 
"<quiero>"
	"querer" Verb VLfin Pres Indi Sing 1st lang:es 00:00:33 00:00:40 tt-4774 MM043_1986_CT_SU2011_ER_15 
"<que>"
	"que" Conjunction CQUE lang:es 00:00:33 00:00:40 tt-4775 MM043_1986_CT_SU2011_ER_15 
"<se>"
	"se" Other SE lang:es 00:00:33 00:00:40 tt-4776 MM043_1986_CT_SU2011_ER_15 
"<mantenga>"
	"mantener" Verb VLfin Pres Subj Sing 1st_or_3rd lang:es 00:00:33 00:00:40 tt-4777 MM043_1986_CT_SU2011_ER_15 @Gram:MSub:Pres 
"<,>"
	"," Punctuation CM lang:es 00:00:33 00:00:40 tt-4778 MM043_1986_CT_SU2011_ER_15 
"<quiero>"
	"querer" Verb VLfin Pres Indi Sing 1st lang:es 00:00:41 00:00:48 tt-4779 MM043_1986_CT_SU2011_ER_15 
"<que>"
	"que" Conjunction CQUE lang:es 00:00:41 00:00:48 tt-4780 MM043_1986_CT_SU2011_ER_15 
"<se>"
	"se" Other SE lang:es 00:00:41 00:00:48 tt-4781 MM043_1986_CT_SU2011_ER_15 
"<vuelva>"
	"volver" Verb VLfin Pres Subj Sing 1st_or_3rd lang:es 00:00:41 00:00:48 tt-4782 MM043_1986_CT_SU2011_ER_15 @Gram:MSub:Pres 
"<algo>"
	"algo" Determiner QU lang:es 00:00:41 00:00:48 tt-4783 MM043_1986_CT_SU2011_ER_15 
"<bueno>"
	"bueno" Adjective ADJ Singular lang:es 00:00:41 00:00:48 tt-4784 MM043_1986_CT_SU2011_ER_15 
"<y>"
	"y" Conjunction CC lang:es 00:00:41 00:00:48 tt-4785 MM043_1986_CT_SU2011_ER_15 
"<no>"
	"no" Adverb NEG lang:es 00:00:41 00:00:48 tt-4786 MM043_1986_CT_SU2011_ER_15 
"<algo>"
	"algo" Determiner QU lang:es 00:00:41 00:00:48 tt-4787 MM043_1986_CT_SU2011_ER_15 
"<...>"
	"..." Punctuation DOTS lang:es 00:00:41 00:00:48 tt-4788 MM043_1986_CT_SU2011_ER_15 
"<no>"
	"no" Adverb NEG lang:es 00:00:41 00:00:48 tt-4789 MM043_1986_CT_SU2011_ER_15 
"<algo>"
	"algo" Determiner QU lang:es 00:00:41 00:00:48 tt-4790 MM043_1986_CT_SU2011_ER_15 
"<del>"
	"del" Preposition PDEL lang:es 00:00:41 00:00:48 tt-4791 MM043_1986_CT_SU2011_ER_15 
"<otro>"
	"otro" Determiner QU lang:es 00:00:41 00:00:48 tt-4792 MM043_1986_CT_SU2011_ER_15 
"<mundo>"
	"mundo" Noun NC Singular lang:es 00:00:41 00:00:48 tt-4793 MM043_1986_CT_SU2011_ER_15 
"<,>"
	"," Punctuation CM lang:es 00:00:41 00:00:48 tt-4794 MM043_1986_CT_SU2011_ER_15 
"<o>"
	"o" Adverb ADV lang:es 00:00:41 00:00:48 tt-4795 MM043_1986_CT_SU2011_ER_15 ID:133 R:Prag:MarcadoresDisc:Igualdad:134 
"<sea>"
	"sea" Adverb ADV lang:es 00:00:41 00:00:48 tt-4796 MM043_1986_CT_SU2011_ER_15 ID:134 
"<,>"
	"," Punctuation CM lang:es 00:00:41 00:00:48 tt-4797 MM043_1986_CT_SU2011_ER_15 
"<hay>"
	"haber" Verb VHfin Pres Indi Sing 3rd lang:es 00:00:41 00:00:48 tt-4798 MM043_1986_CT_SU2011_ER_15 @Gram:Haber:Exist 
"<tanta>"
	"tanto" Adjective ADJ Singular lang:es 00:00:41 00:00:48 tt-4799 MM043_1986_CT_SU2011_ER_15 
"<gente>"
	"gente" Noun NC Singular lang:es 00:00:41 00:00:48 tt-4800 MM043_1986_CT_SU2011_ER_15 
"<en>"
	"en" Preposition PREP lang:es 00:00:51 00:00:58 tt-4801 MM043_1986_CT_SU2011_ER_15 @Gram:Prep 
"<los>"
	"el" Determiner ART Plural lang:es 00:00:51 00:00:58 tt-4802 MM043_1986_CT_SU2011_ER_15 @Gram:Det:Art 
"<Estados>"
	"Estados" Noun NP Plural lang:es 00:00:51 00:00:58 tt-4803 MM043_1986_CT_SU2011_ER_15 ID:141 R:Vocab:Entities:Geo:142 
"<Unidos>"
	"Unidos" Noun NP Plural lang:es 00:00:51 00:00:58 tt-4804 MM043_1986_CT_SU2011_ER_15 ID:142 
"<todavía>"
	"todavía" Adverb ADV lang:es 00:00:51 00:00:58 tt-4805 MM043_1986_CT_SU2011_ER_15 
"<que>"
	"que" Conjunction CQUE lang:es 00:00:51 00:00:58 tt-4806 MM043_1986_CT_SU2011_ER_15 
"<se>"
	"se" Other SE lang:es 00:00:51 00:00:58 tt-4807 MM043_1986_CT_SU2011_ER_15 @Gram:Pron:Otros 
"<les>"
	"él" Pronoun PPC Plural lang:es 00:00:51 00:00:58 tt-4808 MM043_1986_CT_SU2011_ER_15 @Gram:Pron:Objeto 
"<hace>"
	"hacer" Verb VLfin Pres Indi Sing 3rd lang:es 00:00:51 00:00:58 tt-4809 MM043_1986_CT_SU2011_ER_15 
"<feo>"
	"feo" Adjective ADJ Singular lang:es 00:00:51 00:00:58 tt-4810 MM043_1986_CT_SU2011_ER_15 
"<que>"
	"que" Conjunction CQUE lang:es 00:00:51 00:00:58 tt-4811 MM043_1986_CT_SU2011_ER_15 
"<se>"
	"se" Other SE lang:es 00:00:51 00:00:58 tt-4812 MM043_1986_CT_SU2011_ER_15 
"<hagan>"
	"hacer" Verb VLfin Past Subj Plural 3rd lang:es 00:00:51 00:00:58 tt-4813 MM043_1986_CT_SU2011_ER_15 @Gram:MSub:Pret 
"<celebraciones>"
	"celebración" Noun NC Plural lang:es 00:00:51 00:00:58 tt-4814 MM043_1986_CT_SU2011_ER_15 
"<sobre>"
	"sobre" Preposition PREP lang:es 00:00:51 00:00:58 tt-4815 MM043_1986_CT_SU2011_ER_15 @Gram:Prep 
"<los>"
	"el" Determiner ART Plural lang:es 00:00:58 00:01:05 tt-4816 MM043_1986_CT_SU2011_ER_15 @Gram:Det:Art 
"<Estados>"
	"Estados" Noun NP Plural lang:es 00:00:58 00:01:05 tt-4817 MM043_1986_CT_SU2011_ER_15 ID:155 R:Vocab:Entities:Geo:156 
"<Unidos>"
	"Unidos" Noun NP Plural lang:es 00:00:58 00:01:05 tt-4818 MM043_1986_CT_SU2011_ER_15 ID:156 
"<en>"
	"en" Preposition PREP lang:es 00:00:58 00:01:05 tt-4819 MM043_1986_CT_SU2011_ER_15 @Gram:Prep 
"<español>"
	"español" Noun NC Singular lang:es 00:00:58 00:01:05 tt-4820 MM043_1986_CT_SU2011_ER_15 
"<o>"
	"o" Conjunction CC lang:es 00:00:58 00:01:05 tt-4821 MM043_1986_CT_SU2011_ER_15 
"<que>"
	"que" Conjunction CQUE lang:es 00:00:58 00:01:05 tt-4822 MM043_1986_CT_SU2011_ER_15 
"<...>"
	"..." Punctuation DOTS lang:es 00:00:58 00:01:05 tt-4823 MM043_1986_CT_SU2011_ER_15 
"<que>"
	"que" Conjunction CQUE lang:es 00:00:58 00:01:05 tt-4824 MM043_1986_CT_SU2011_ER_15 
"<se>"
	"se" Other SE lang:es 00:00:58 00:01:05 tt-4825 MM043_1986_CT_SU2011_ER_15 @Gram:Pron:Otros 
"<tenga>"
	"tener" Verb VMfin lang:es 00:00:58 00:01:05 tt-4826 MM043_1986_CT_SU2011_ER_15 
"<que>"
	"que" Verb VMfin lang:es 00:00:58 00:01:05 tt-4827 MM043_1986_CT_SU2011_ER_15 
"<trasladar>"
	"trasladar" Verb VLinf Pres Command Plural 2nd lang:es 00:00:58 00:01:05 tt-4828 MM043_1986_CT_SU2011_ER_15 
"<todo>"
	"todo" Determiner QU lang:es 00:00:58 00:01:05 tt-4829 MM043_1986_CT_SU2011_ER_15 
"<al>"
	"al" Preposition PAL lang:es 00:00:58 00:01:05 tt-4830 MM043_1986_CT_SU2011_ER_15 
"<español>"
	"español" Noun NC Singular lang:es 00:00:58 00:01:05 tt-4831 MM043_1986_CT_SU2011_ER_15 
"<pero>"
	"pero" Conjunction CCAD lang:es 00:00:58 00:01:05 tt-4832 MM043_1986_CT_SU2011_ER_15 @Prag:MarcadoresDisc:Revision 
"<esa>"
	"ese" Determiner DM Singular lang:es 00:01:06 00:01:13 tt-4833 MM043_1986_CT_SU2011_ER_15 
"<es>"
	"ser" Verb VSfin Pres Indi Sing 3rd lang:es 00:01:06 00:01:13 tt-4834 MM043_1986_CT_SU2011_ER_15 @Gram:SerEstar:Ser 
"<la>"
	"el" Determiner ART Singular lang:es 00:01:06 00:01:13 tt-4835 MM043_1986_CT_SU2011_ER_15 @Gram:Det:Art 
"<realidad>"
	"realidad" Noun NC Singular lang:es 00:01:06 00:01:13 tt-4836 MM043_1986_CT_SU2011_ER_15 
"<,>"
	"," Punctuation CM lang:es 00:01:06 00:01:13 tt-4837 MM043_1986_CT_SU2011_ER_15 
"<hay>"
	"haber" Verb VHfin Pres Indi Sing 3rd lang:es 00:01:06 00:01:13 tt-4838 MM043_1986_CT_SU2011_ER_15 @Gram:Haber:Exist 
"<muchos>"
	"mucho" Determiner QU lang:es 00:01:06 00:01:13 tt-4839 MM043_1986_CT_SU2011_ER_15 
"<hispanos>"
	"hispano" Noun NC Plural lang:es 00:01:06 00:01:13 tt-4840 MM043_1986_CT_SU2011_ER_15 
"<,>"
	"," Punctuation CM lang:es 00:01:06 00:01:13 tt-4841 MM043_1986_CT_SU2011_ER_15 
"<somos>"
	"ser" Verb VSfin Pres Indi Plural 1st lang:es 00:01:06 00:01:13 tt-4842 MM043_1986_CT_SU2011_ER_15 @Gram:SerEstar:Ser 
"<por>"
	"por" Preposition PREP lang:es 00:01:06 00:01:13 tt-4843 MM043_1986_CT_SU2011_ER_15 @Gram:Prep:Por 
"<lo>"
	"lo" Adverb ADV lang:es 00:01:06 00:01:13 tt-4844 MM043_1986_CT_SU2011_ER_15 
"<menos>"
	"menos" Adverb ADV lang:es 00:01:06 00:01:13 tt-4845 MM043_1986_CT_SU2011_ER_15 
"<la>"
	"el" Determiner ART Singular lang:es 00:01:06 00:01:13 tt-4846 MM043_1986_CT_SU2011_ER_15 @Gram:Det:Art 
"<mitad>"
	"mitad" Noun NC Singular lang:es 00:01:06 00:01:13 tt-4847 MM043_1986_CT_SU2011_ER_15 
"<sino>"
	"sino" Conjunction CCAD lang:es 00:01:06 00:01:13 tt-4848 MM043_1986_CT_SU2011_ER_15 
"<la>"
	"el" Determiner ART Singular lang:es 00:01:06 00:01:13 tt-4849 MM043_1986_CT_SU2011_ER_15 @Gram:Det:Art 
"<mayoría>"
	"mayoría" Noun NC Singular lang:es 00:01:06 00:01:13 tt-4850 MM043_1986_CT_SU2011_ER_15 
"<,>"
	"," Punctuation CM lang:es 00:01:06 00:01:13 tt-4851 MM043_1986_CT_SU2011_ER_15 
"<pues>"
	"pues" Conjunction CSUBF lang:es 00:01:06 00:01:13 tt-4852 MM043_1986_CT_SU2011_ER_15 
"<es>"
	"ser" Verb VSfin Pres Indi Sing 3rd lang:es 00:01:13 00:01:17 tt-4853 MM043_1986_CT_SU2011_ER_15 @Gram:SerEstar:Ser 
"<muy>"
	"muy" Adverb ADV lang:es 00:01:13 00:01:17 tt-4854 MM043_1986_CT_SU2011_ER_15 
"<importante>"
	"importante" Adjective ADJ Singular lang:es 00:01:13 00:01:17 tt-4855 MM043_1986_CT_SU2011_ER_15 
"<mantener>"
	"mantener" Verb VLinf Infinitive lang:es 00:01:13 00:01:17 tt-4856 MM043_1986_CT_SU2011_ER_15 
"<este>"
	"este" Noun NC Singular lang:es 00:01:13 00:01:17 tt-4857 MM043_1986_CT_SU2011_ER_15 
"<...>"
	"..." Punctuation DOTS lang:es 00:01:13 00:01:17 tt-4858 MM043_1986_CT_SU2011_ER_15 
"<el>"
	"el" Determiner ART Singular lang:es 00:01:13 00:01:17 tt-4859 MM043_1986_CT_SU2011_ER_15 @Gram:Det:Art 
"<español>"
	"español" Noun NC Singular lang:es 00:01:13 00:01:17 tt-4860 MM043_1986_CT_SU2011_ER_15 
"<$.>"
	"." Punctuation FS lang:es 00:01:13 00:01:17 tt-4861 MM043_1986_CT_SU2011_ER_15 
</speaker>
<speaker type="int">

"<$¿>"
	"¿" Punctuation FS lang:es 00:01:17 00:01:24 tt-4862 MM043_1986_CT_SU2011_ER_15 
"<Y>"
	"y" Conjunction CC lang:es 00:01:17 00:01:24 tt-4863 MM043_1986_CT_SU2011_ER_15 
"<de>"
	"de" Preposition PREP lang:es 00:01:17 00:01:24 tt-4864 MM043_1986_CT_SU2011_ER_15 @Gram:Prep 
"<qué>"
	"qué" Pronoun INT Singular lang:es 00:01:17 00:01:24 tt-4865 MM043_1986_CT_SU2011_ER_15 
"<forma>"
	"forma" Noun NC Singular lang:es 00:01:17 00:01:24 tt-4866 MM043_1986_CT_SU2011_ER_15 
"<usas>"
	"usar" Verb VLfin Pres Indi Sing 2nd lang:es 00:01:17 00:01:24 tt-4867 MM043_1986_CT_SU2011_ER_15 
"<tú>"
	"tú" Pronoun PPX Singular lang:es 00:01:17 00:01:24 tt-4868 MM043_1986_CT_SU2011_ER_15 
"<ese>"
	"ese" Noun NC Singular lang:es 00:01:17 00:01:24 tt-4869 MM043_1986_CT_SU2011_ER_15 
"<...>"
	"..." Punctuation DOTS lang:es 00:01:17 00:01:24 tt-4870 MM043_1986_CT_SU2011_ER_15 
"<esa>"
	"ese" Determiner DM Singular lang:es 00:01:17 00:01:24 tt-4871 MM043_1986_CT_SU2011_ER_15 
"<ventaja>"
	"ventaja" Noun NC Singular lang:es 00:01:17 00:01:24 tt-4872 MM043_1986_CT_SU2011_ER_15 
"<$¿>"
	"¿" Punctuation FS lang:es 00:01:17 00:01:24 tt-4873 MM043_1986_CT_SU2011_ER_15 
"<no>"
	"no" Adverb NEG lang:es 00:01:17 00:01:24 tt-4874 MM043_1986_CT_SU2011_ER_15 
"<$?>"
	"?" Punctuation FS lang:es 00:01:17 00:01:24 tt-4875 MM043_1986_CT_SU2011_ER_15 

"<que>"
	"que" Conjunction CQUE lang:es 00:01:17 00:01:24 tt-4876 MM043_1986_CT_SU2011_ER_15 
"<tienes>"
	"tener" Verb VLfin Pres Indi Sing 2nd lang:es 00:01:17 00:01:24 tt-4877 MM043_1986_CT_SU2011_ER_15 
"<de>"
	"de" Preposition PREP lang:es 00:01:17 00:01:24 tt-4878 MM043_1986_CT_SU2011_ER_15 @Gram:Prep 
"<ser>"
	"ser" Verb VSinf Infinitive lang:es 00:01:17 00:01:24 tt-4879 MM043_1986_CT_SU2011_ER_15 @Gram:SerEstar:Ser 
"<bilingüe>"
	"bilingüe" Adjective ADJ Singular lang:es 00:01:17 00:01:24 tt-4880 MM043_1986_CT_SU2011_ER_15 
"<$?>"
	"?" Punctuation FS lang:es 00:01:17 00:01:24 tt-4881 MM043_1986_CT_SU2011_ER_15 

"<$¿>"
	"¿" Punctuation FS lang:es 00:01:26 00:01:30 tt-4882 MM043_1986_CT_SU2011_ER_15 
"<Cómo>"
	"cómo" Adverb ADV lang:es 00:01:26 00:01:30 tt-4883 MM043_1986_CT_SU2011_ER_15 
"<la>"
	"él" Pronoun PPC Singular lang:es 00:01:26 00:01:30 tt-4884 MM043_1986_CT_SU2011_ER_15 @Gram:Pron:Objeto 
"<ejerces>"
	"UNK" Verb VLfin Pres Subj Sing 2nd lang:es 00:01:26 00:01:30 tt-4885 MM043_1986_CT_SU2011_ER_15 @Gram:MSub:Pres 
"<en>"
	"en" Preposition PREP lang:es 00:01:26 00:01:30 tt-4886 MM043_1986_CT_SU2011_ER_15 @Gram:Prep 
"<tu>"
	"tú" Pronoun PPX Singular lang:es 00:01:26 00:01:30 tt-4887 MM043_1986_CT_SU2011_ER_15 @Gram:Pron:Sujeto 
"<vida>"
	"vida" Noun NC Singular lang:es 00:01:26 00:01:30 tt-4888 MM043_1986_CT_SU2011_ER_15 
"<día>"
	"día" Noun NC Singular lang:es 00:01:26 00:01:30 tt-4889 MM043_1986_CT_SU2011_ER_15 
"<a>"
	"a" Preposition PREP lang:es 00:01:26 00:01:30 tt-4890 MM043_1986_CT_SU2011_ER_15 @Gram:Prep 
"<día>"
	"día" Noun NC Singular lang:es 00:01:26 00:01:30 tt-4891 MM043_1986_CT_SU2011_ER_15 
"<$?>"
	"?" Punctuation FS lang:es 00:01:26 00:01:30 tt-4892 MM043_1986_CT_SU2011_ER_15 
</speaker>
<speaker type="subj">

"<Bueno>"
	"bueno" Adjective ADJ Singular lang:es 00:01:30 00:01:37 tt-4893 MM043_1986_CT_SU2011_ER_15 
"<,>"
	"," Punctuation CM lang:es 00:01:30 00:01:37 tt-4894 MM043_1986_CT_SU2011_ER_15 
"<no>"
	"no" Adverb NEG lang:es 00:01:30 00:01:37 tt-4895 MM043_1986_CT_SU2011_ER_15 
"<sabría>"
	"saber" Verb VLfin Cond Indi Sing 1st_or_3rd lang:es 00:01:30 00:01:37 tt-4896 MM043_1986_CT_SU2011_ER_15 
"<yo>"
	"yo" Pronoun PPX Singular lang:es 00:01:30 00:01:37 tt-4897 MM043_1986_CT_SU2011_ER_15 @Gram:Pron:Sujeto 
"<decir>"
	"decir" Verb VLinf Infinitive lang:es 00:01:30 00:01:37 tt-4898 MM043_1986_CT_SU2011_ER_15 
"<si>"
	"si" Conjunction CSUBX lang:es 00:01:30 00:01:37 tt-4899 MM043_1986_CT_SU2011_ER_15 
"<lo>"
	"él" Pronoun PPC Singular lang:es 00:01:30 00:01:37 tt-4900 MM043_1986_CT_SU2011_ER_15 @Gram:Pron:Objeto 
"<he>"
	"haber" Verb VHfin Pres Indi Sing 1st lang:es 00:01:30 00:01:37 tt-4901 MM043_1986_CT_SU2011_ER_15 ID:239 R:Gram:PerfPerif:240 
"<usado>"
	"usar" Verb VLadj lang:es 00:01:30 00:01:37 tt-4902 MM043_1986_CT_SU2011_ER_15 ID:240 
"<,>"
	"," Punctuation CM lang:es 00:01:30 00:01:37 tt-4903 MM043_1986_CT_SU2011_ER_15 
"<si>"
	"si" Conjunction CSUBX lang:es 00:01:30 00:01:37 tt-4904 MM043_1986_CT_SU2011_ER_15 
"<he>"
	"haber" Verb VHfin Pres Indi Sing 1st lang:es 00:01:30 00:01:37 tt-4905 MM043_1986_CT_SU2011_ER_15 ID:243 R:Gram:PerfPerif:244 
"<usado>"
	"usar" Verb VLadj lang:es 00:01:30 00:01:37 tt-4906 MM043_1986_CT_SU2011_ER_15 ID:244 
"<eso>"
	"ese" Determiner DM Singular lang:es 00:01:30 00:01:37 tt-4907 MM043_1986_CT_SU2011_ER_15 
"<todo>"
	"todo" Determiner QU lang:es 00:01:30 00:01:37 tt-4908 MM043_1986_CT_SU2011_ER_15 
"<los>"
	"el" Determiner ART Plural lang:es 00:01:30 00:01:37 tt-4909 MM043_1986_CT_SU2011_ER_15 @Gram:Det:Art 
"<días>"
	"día" Noun NC Plural lang:es 00:01:30 00:01:37 tt-4910 MM043_1986_CT_SU2011_ER_15 
"<pero>"
	"pero" Conjunction CCAD lang:es 00:01:30 00:01:37 tt-4911 MM043_1986_CT_SU2011_ER_15 @Prag:MarcadoresDisc:Revision 
"<sí>"
	"él" Pronoun PPX Singular lang:es 00:01:30 00:01:37 tt-4912 MM043_1986_CT_SU2011_ER_15 
"<me>"
	"yo" Pronoun PPX Singular lang:es 00:01:30 00:01:37 tt-4913 MM043_1986_CT_SU2011_ER_15 @Gram:Pron:Objeto 
"<he>"
	"haber" Verb VHfin Pres Indi Sing 1st lang:es 00:01:39 00:01:46 tt-4914 MM043_1986_CT_SU2011_ER_15 ID:252 R:Gram:PerfPerif:253 
"<encontrado>"
	"encontrar" Verb VLadj lang:es 00:01:39 00:01:46 tt-4915 MM043_1986_CT_SU2011_ER_15 ID:253 
"<en>"
	"en" Preposition PREP lang:es 00:01:39 00:01:46 tt-4916 MM043_1986_CT_SU2011_ER_15 @Gram:Prep 
"<situaciones>"
	"situación" Noun NC Plural lang:es 00:01:39 00:01:46 tt-4917 MM043_1986_CT_SU2011_ER_15 
"<en>"
	"en" Preposition PREP lang:es 00:01:39 00:01:46 tt-4918 MM043_1986_CT_SU2011_ER_15 @Gram:Prep 
"<las>"
	"el" Determiner ART Plural lang:es 00:01:39 00:01:46 tt-4919 MM043_1986_CT_SU2011_ER_15 @Gram:Det:Art 
"<cuales>"
	"cual" Pronoun REL Plural lang:es 00:01:39 00:01:46 tt-4920 MM043_1986_CT_SU2011_ER_15 
"<pude>"
	"poder" Verb VLfin Pret Indi Sing 1st lang:es 00:01:39 00:01:46 tt-4921 MM043_1986_CT_SU2011_ER_15 @Gram:Indefinido 
"<ayudar>"
	"ayudar" Verb VLinf Infinitive lang:es 00:01:39 00:01:46 tt-4922 MM043_1986_CT_SU2011_ER_15 
"<a>"
	"a" Preposition PREP lang:es 00:01:39 00:01:46 tt-4923 MM043_1986_CT_SU2011_ER_15 @Gram:Prep 
"<gente>"
	"gente" Noun NC Singular lang:es 00:01:39 00:01:46 tt-4924 MM043_1986_CT_SU2011_ER_15 
"<que>"
	"que" Conjunction CQUE lang:es 00:01:39 00:01:46 tt-4925 MM043_1986_CT_SU2011_ER_15 
"<...>"
	"..." Punctuation DOTS lang:es 00:01:39 00:01:46 tt-4926 MM043_1986_CT_SU2011_ER_15 
"<que>"
	"que" Conjunction CQUE lang:es 00:01:39 00:01:46 tt-4927 MM043_1986_CT_SU2011_ER_15 
"<no>"
	"no" Adverb NEG lang:es 00:01:39 00:01:46 tt-4928 MM043_1986_CT_SU2011_ER_15 
"<sabe>"
	"saber" Verb VLfin Pres Indi Sing 3rd lang:es 00:01:39 00:01:46 tt-4929 MM043_1986_CT_SU2011_ER_15 
"<nada>"
	"nada" Determiner QU lang:es 00:01:39 00:01:46 tt-4930 MM043_1986_CT_SU2011_ER_15 
"<de>"
	"de" Preposition PREP lang:es 00:01:47 00:01:54 tt-4931 MM043_1986_CT_SU2011_ER_15 @Gram:Prep 
"<inglés>"
	"inglés" Noun NC Plural lang:es 00:01:47 00:01:54 tt-4932 MM043_1986_CT_SU2011_ER_15 
"<,>"
	"," Punctuation CM lang:es 00:01:47 00:01:54 tt-4933 MM043_1986_CT_SU2011_ER_15 
"<pero>"
	"pero" Conjunction CCAD lang:es 00:01:47 00:01:54 tt-4934 MM043_1986_CT_SU2011_ER_15 @Prag:MarcadoresDisc:Revision 
"<que>"
	"que" Conjunction CQUE lang:es 00:01:47 00:01:54 tt-4935 MM043_1986_CT_SU2011_ER_15 
"<quiere>"
	"querer" Verb VLfin Pres Indi Sing 3rd lang:es 00:01:47 00:01:54 tt-4936 MM043_1986_CT_SU2011_ER_15 
"<trabajar>"
	"trabajar" Verb VLinf Infinitive lang:es 00:01:47 00:01:54 tt-4937 MM043_1986_CT_SU2011_ER_15 
"<,>"
	"," Punctuation CM lang:es 00:01:47 00:01:54 tt-4938 MM043_1986_CT_SU2011_ER_15 
"<o>"
	"o" Conjunction CC lang:es 00:01:47 00:01:54 tt-4939 MM043_1986_CT_SU2011_ER_15 
"<que>"
	"que" Conjunction CQUE lang:es 00:01:47 00:01:54 tt-4940 MM043_1986_CT_SU2011_ER_15 
"<quiere>"
	"querer" Verb VLfin Pres Indi Sing 3rd lang:es 00:01:47 00:01:54 tt-4941 MM043_1986_CT_SU2011_ER_15 
"<aprender>"
	"aprender" Verb VLinf Infinitive lang:es 00:01:47 00:01:54 tt-4942 MM043_1986_CT_SU2011_ER_15 
"<,>"
	"," Punctuation CM lang:es 00:01:47 00:01:54 tt-4943 MM043_1986_CT_SU2011_ER_15 
"<o>"
	"o" Conjunction CC lang:es 00:01:47 00:01:54 tt-4944 MM043_1986_CT_SU2011_ER_15 
"<que>"
	"que" Conjunction CQUE lang:es 00:01:47 00:01:54 tt-4945 MM043_1986_CT_SU2011_ER_15 
"<quiere>"
	"querer" Verb VLfin Pres Indi Sing 3rd lang:es 00:01:47 00:01:54 tt-4946 MM043_1986_CT_SU2011_ER_15 
"<encontrar>"
	"encontrar" Verb VLinf Infinitive lang:es 00:01:47 00:01:54 tt-4947 MM043_1986_CT_SU2011_ER_15 
"<algo>"
	"algo" Determiner QU lang:es 00:01:47 00:01:54 tt-4948 MM043_1986_CT_SU2011_ER_15 
"<$.>"
	"." Punctuation FS lang:es 00:01:47 00:01:54 tt-4949 MM043_1986_CT_SU2011_ER_15 

"<He>"
	"haber" Verb VHfin Pres Indi Sing 1st lang:es 00:01:54 00:02:01 tt-4950 MM043_1986_CT_SU2011_ER_15 @Gram:Haber:Exist 
"<podido>"
	"poder" Verb VMadj lang:es 00:01:54 00:02:01 tt-4951 MM043_1986_CT_SU2011_ER_15 
"<ayudar>"
	"ayudar" Verb VLinf Infinitive lang:es 00:01:54 00:02:01 tt-4952 MM043_1986_CT_SU2011_ER_15 
"<,>"
	"," Punctuation CM lang:es 00:01:54 00:02:01 tt-4953 MM043_1986_CT_SU2011_ER_15 
"<me>"
	"yo" Pronoun PPX Singular lang:es 00:01:54 00:02:01 tt-4954 MM043_1986_CT_SU2011_ER_15 @Gram:Pron:Objeto 
"<acuerdo>"
	"acuerdo" Noun NC Singular lang:es 00:01:54 00:02:01 tt-4955 MM043_1986_CT_SU2011_ER_15 
"<,>"
	"," Punctuation CM lang:es 00:01:54 00:02:01 tt-4956 MM043_1986_CT_SU2011_ER_15 
"<una>"
	"un" Determiner ART Singular lang:es 00:01:54 00:02:01 tt-4957 MM043_1986_CT_SU2011_ER_15 
"<vez>"
	"vez" Noun NC Singular lang:es 00:01:54 00:02:01 tt-4958 MM043_1986_CT_SU2011_ER_15 
"<ayudé>"
	"UNK" Verb VLfin Pret Indi Sing 1st lang:es 00:01:54 00:02:01 tt-4959 MM043_1986_CT_SU2011_ER_15 @Gram:Indefinido 
"<a>"
	"a" Preposition PREP lang:es 00:01:54 00:02:01 tt-4960 MM043_1986_CT_SU2011_ER_15 @Gram:Prep 
"<una>"
	"un" Determiner ART Singular lang:es 00:01:54 00:02:01 tt-4961 MM043_1986_CT_SU2011_ER_15 
"<mujer>"
	"mujer" Noun NC Singular lang:es 00:01:54 00:02:01 tt-4962 MM043_1986_CT_SU2011_ER_15 
"<hispana>"
	"hispano" Adjective ADJ Singular lang:es 00:01:54 00:02:01 tt-4963 MM043_1986_CT_SU2011_ER_15 
"<a>"
	"a" Preposition PREP lang:es 00:01:54 00:02:01 tt-4964 MM043_1986_CT_SU2011_ER_15 @Gram:Prep 
"<terminar>"
	"terminar" Verb VLinf Infinitive lang:es 00:01:54 00:02:01 tt-4965 MM043_1986_CT_SU2011_ER_15 
"<su>"
	"suyo" Pronoun PPO Singular lang:es 00:01:54 00:02:01 tt-4966 MM043_1986_CT_SU2011_ER_15 
"<aplicación>"
	"aplicación" Noun NC Singular lang:es 00:01:54 00:02:01 tt-4967 MM043_1986_CT_SU2011_ER_15 
"<para>"
	"para" Preposition PREP lang:es 00:02:03 00:02:10 tt-4968 MM043_1986_CT_SU2011_ER_15 @Gram:Prep:Para 
"<empleo>"
	"empleo" Noun NC Singular lang:es 00:02:03 00:02:10 tt-4969 MM043_1986_CT_SU2011_ER_15 
"<por>"
	"por" Preposition PREP lang:es 00:02:03 00:02:10 tt-4970 MM043_1986_CT_SU2011_ER_15 @Gram:Prep:Por 
"<el>"
	"el" Determiner ART Singular lang:es 00:02:03 00:02:10 tt-4971 MM043_1986_CT_SU2011_ER_15 @Gram:Det:Art 
"<,>"
	"," Punctuation CM lang:es 00:02:03 00:02:10 tt-4973 MM043_1986_CT_SU2011_ER_15 
"<no>"
	"no" Adverb NEG lang:es 00:02:03 00:02:10 tt-4974 MM043_1986_CT_SU2011_ER_15 
"<sabía>"
	"saber" Verb VLfin Imp Indi Sing 1st_or_3rd lang:es 00:02:03 00:02:10 tt-4975 MM043_1986_CT_SU2011_ER_15 @Gram:Imperf 
"<mucho>"
	"mucho" Determiner QU lang:es 00:02:03 00:02:10 tt-4976 MM043_1986_CT_SU2011_ER_15 
"<del>"
	"del" Preposition PDEL lang:es 00:02:03 00:02:10 tt-4977 MM043_1986_CT_SU2011_ER_15 
"<,>"
	"," Punctuation CM lang:es 00:02:03 00:02:10 tt-4979 MM043_1986_CT_SU2011_ER_15 
"<no>"
	"no" Adverb NEG lang:es 00:02:03 00:02:10 tt-4980 MM043_1986_CT_SU2011_ER_15 
"<sabía>"
	"saber" Verb VLfin Imp Indi Sing 1st_or_3rd lang:es 00:02:03 00:02:10 tt-4981 MM043_1986_CT_SU2011_ER_15 @Gram:Imperf 
"<cómo>"
	"cómo" Adverb ADV lang:es 00:02:03 00:02:10 tt-4982 MM043_1986_CT_SU2011_ER_15 
"<...>"
	"..." Punctuation DOTS lang:es 00:02:03 00:02:10 tt-4983 MM043_1986_CT_SU2011_ER_15 
"<cómo>"
	"cómo" Adverb ADV lang:es 00:02:03 00:02:10 tt-4984 MM043_1986_CT_SU2011_ER_15 
"<mandar>"
	"mandar" Verb VLinf Infinitive lang:es 00:02:03 00:02:10 tt-4985 MM043_1986_CT_SU2011_ER_15 
"<o>"
	"o" Conjunction CC lang:es 00:02:13 00:02:20 tt-4987 MM043_1986_CT_SU2011_ER_15 
"<$.>"
	"." Punctuation FS lang:es 00:02:13 00:02:20 tt-4990 MM043_1986_CT_SU2011_ER_15 

"<Y>"
	"y" Conjunction CC lang:es 00:02:13 00:02:20 tt-4991 MM043_1986_CT_SU2011_ER_15 
"<la>"
	"el" Determiner ART Singular lang:es 00:02:13 00:02:20 tt-4992 MM043_1986_CT_SU2011_ER_15 @Gram:Det:Art 
"<verdad>"
	"verdad" Noun NC Singular lang:es 00:02:13 00:02:20 tt-4993 MM043_1986_CT_SU2011_ER_15 
"<yo>"
	"yo" Pronoun PPX Singular lang:es 00:02:13 00:02:20 tt-4994 MM043_1986_CT_SU2011_ER_15 @Gram:Pron:Sujeto 
"<no>"
	"no" Adverb NEG lang:es 00:02:13 00:02:20 tt-4995 MM043_1986_CT_SU2011_ER_15 
"<tenía>"
	"tener" Verb VLfin Imp Indi Sing 1st_or_3rd lang:es 00:02:13 00:02:20 tt-4996 MM043_1986_CT_SU2011_ER_15 @Gram:Imperf 
"<cualquier>"
	"cualquier" Determiner QU lang:es 00:02:13 00:02:20 tt-4997 MM043_1986_CT_SU2011_ER_15 
"<obligación>"
	"obligación" Noun NC Singular lang:es 00:02:13 00:02:20 tt-4998 MM043_1986_CT_SU2011_ER_15 
"<ayudarla>"
	"ayudar" Verb VLinf Pres Indi Sing 3rd lang:es 00:02:13 00:02:20 tt-4999 MM043_1986_CT_SU2011_ER_15 
"<pero>"
	"pero" Conjunction CCAD lang:es 00:02:13 00:02:20 tt-5000 MM043_1986_CT_SU2011_ER_15 @Prag:MarcadoresDisc:Revision 
"<siendo>"
	"ser" Verb VSger Gerund lang:es 00:02:26 00:02:31 tt-5001 MM043_1986_CT_SU2011_ER_15 @Gram:SerEstar:Ser 
"<bilingüe>"
	"bilingüe" Adjective ADJ Singular lang:es 00:02:26 00:02:31 tt-5002 MM043_1986_CT_SU2011_ER_15 
"<sabía>"
	"saber" Verb VLfin Imp Indi Sing 1st_or_3rd lang:es 00:02:26 00:02:31 tt-5003 MM043_1986_CT_SU2011_ER_15 @Gram:Imperf 
"<que>"
	"que" Conjunction CQUE lang:es 00:02:26 00:02:31 tt-5004 MM043_1986_CT_SU2011_ER_15 
"<podía>"
	"poder" Verb VLfin Imp Indi Sing 1st_or_3rd lang:es 00:02:26 00:02:31 tt-5005 MM043_1986_CT_SU2011_ER_15 @Gram:Imperf 
"<hacerlo>"
	"hacerlo" Verb VCLIinf lang:es 00:02:26 00:02:31 tt-5006 MM043_1986_CT_SU2011_ER_15 
"<entonces>"
	"entonces" Adverb ADV lang:es 00:02:26 00:02:31 tt-5007 MM043_1986_CT_SU2011_ER_15 
"<eso>"
	"ese" Determiner DM Singular lang:es 00:02:26 00:02:31 tt-5008 MM043_1986_CT_SU2011_ER_15 
"<es>"
	"ser" Verb VSfin Pres Indi Sing 3rd lang:es 00:02:26 00:02:31 tt-5009 MM043_1986_CT_SU2011_ER_15 @Gram:SerEstar:Ser 
"<un>"
	"un" Determiner ART Singular lang:es 00:02:26 00:02:31 tt-5010 MM043_1986_CT_SU2011_ER_15 
"<ejemplo>"
	"ejemplo" Noun NC Singular lang:es 00:02:26 00:02:31 tt-5011 MM043_1986_CT_SU2011_ER_15 
"<de>"
	"de" Preposition PREP lang:es 00:02:26 00:02:31 tt-5012 MM043_1986_CT_SU2011_ER_15 @Gram:Prep 
"<lo>"
	"el" Determiner ART Singular lang:es 00:02:26 00:02:31 tt-5013 MM043_1986_CT_SU2011_ER_15 
"<que>"
	"que" Conjunction CQUE lang:es 00:02:26 00:02:31 tt-5014 MM043_1986_CT_SU2011_ER_15 
"<yo>"
	"yo" Pronoun PPX Singular lang:es 00:02:26 00:02:31 tt-5015 MM043_1986_CT_SU2011_ER_15 @Gram:Pron:Sujeto 
"<he>"
	"haber" Verb VHfin Pres Indi Sing 1st lang:es 00:02:26 00:02:31 tt-5016 MM043_1986_CT_SU2011_ER_15 @Gram:Haber:Exist 
"<podido>"
	"poder" Verb VMadj lang:es 00:02:31 00:02:38 tt-5017 MM043_1986_CT_SU2011_ER_15 
"<ser>"
	"ser" Verb VSinf Infinitive lang:es 00:02:31 00:02:38 tt-5018 MM043_1986_CT_SU2011_ER_15 @Gram:SerEstar:Ser 
"<...>"
	"..." Punctuation DOTS lang:es 00:02:31 00:02:38 tt-5019 MM043_1986_CT_SU2011_ER_15 
"<hacer>"
	"hacer" Verb VLinf Infinitive lang:es 00:02:31 00:02:38 tt-5020 MM043_1986_CT_SU2011_ER_15 
"<pues>"
	"pues" Conjunction CSUBF lang:es 00:02:31 00:02:38 tt-5021 MM043_1986_CT_SU2011_ER_15 
"<lo>"
	"el" Determiner ART Singular lang:es 00:02:31 00:02:38 tt-5022 MM043_1986_CT_SU2011_ER_15 
"<que>"
	"que" Conjunction CQUE lang:es 00:02:31 00:02:38 tt-5023 MM043_1986_CT_SU2011_ER_15 
"<pude>"
	"poder" Verb VLfin Pret Indi Sing 1st lang:es 00:02:31 00:02:38 tt-5024 MM043_1986_CT_SU2011_ER_15 @Gram:Indefinido 
"<hacer>"
	"hacer" Verb VLinf Infinitive lang:es 00:02:31 00:02:38 tt-5025 MM043_1986_CT_SU2011_ER_15 
"<sabiendo>"
	"saber" Verb VLger lang:es 00:02:31 00:02:38 tt-5026 MM043_1986_CT_SU2011_ER_15 
"<español>"
	"español" Adjective ADJ Singular lang:es 00:02:31 00:02:38 tt-5027 MM043_1986_CT_SU2011_ER_15 
"<e>"
	"y" Conjunction CC lang:es 00:02:31 00:02:38 tt-5028 MM043_1986_CT_SU2011_ER_15 
"<inglés>"
	"inglés" Adjective ADJ Plural lang:es 00:02:31 00:02:38 tt-5029 MM043_1986_CT_SU2011_ER_15 
"<,>"
	"," Punctuation CM lang:es 00:02:31 00:02:38 tt-5030 MM043_1986_CT_SU2011_ER_15 
"<he>"
	"haber" Verb VHfin Pres Indi Sing 1st lang:es 00:02:31 00:02:38 tt-5031 MM043_1986_CT_SU2011_ER_15 @Gram:Haber:Exist 
"<podido>"
	"poder" Verb VMadj lang:es 00:02:31 00:02:38 tt-5032 MM043_1986_CT_SU2011_ER_15 
"<ayudar>"
	"ayudar" Verb VLinf Infinitive lang:es 00:02:31 00:02:38 tt-5033 MM043_1986_CT_SU2011_ER_15 
"<a>"
	"a" Preposition PREP lang:es 00:02:38 00:02:41 tt-5034 MM043_1986_CT_SU2011_ER_15 @Gram:Prep 
"<gente>"
	"gente" Noun NC Singular lang:es 00:02:38 00:02:41 tt-5035 MM043_1986_CT_SU2011_ER_15 
"<que>"
	"que" Conjunction CQUE lang:es 00:02:38 00:02:41 tt-5036 MM043_1986_CT_SU2011_ER_15 
"<...>"
	"..." Punctuation DOTS lang:es 00:02:38 00:02:41 tt-5037 MM043_1986_CT_SU2011_ER_15 
"<que>"
	"que" Conjunction CQUE lang:es 00:02:38 00:02:41 tt-5038 MM043_1986_CT_SU2011_ER_15 
"<realmente>"
	"realmente" Adverb ADV lang:es 00:02:38 00:02:41 tt-5039 MM043_1986_CT_SU2011_ER_15 
"<lo>"
	"él" Pronoun PPC Singular lang:es 00:02:38 00:02:41 tt-5040 MM043_1986_CT_SU2011_ER_15 @Gram:Pron:Objeto 
"<necesita>"
	"necesitar" Verb VLfin Pres Indi Sing 3rd lang:es 00:02:38 00:02:41 tt-5041 MM043_1986_CT_SU2011_ER_15 
"<$.>"
	"." Punctuation FS lang:es 00:02:38 00:02:41 tt-5042 MM043_1986_CT_SU2011_ER_15 
</speaker>
</text>

