<text id="MM043_1986_CT_SU2011_ER_12">
<speaker type="int">
"<$¿>"
	"¿" Punctuation FS lang:es 00:00:00 00:00:07 tt-3582 MM043_1986_CT_SU2011_ER_12 
"<De>"
	"de" Preposition PREP lang:es 00:00:00 00:00:07 tt-3583 MM043_1986_CT_SU2011_ER_12 @Gram:Prep ADD:489 
"<...>"
	"..." Punctuation DOTS lang:es 00:00:00 00:00:07 tt-3584 MM043_1986_CT_SU2011_ER_12 
"<de>"
	"de" Preposition PREP lang:es 00:00:00 00:00:07 tt-3585 MM043_1986_CT_SU2011_ER_12 @Gram:Prep ADD:489 
"<qué>"
	"qué" Pronoun INT Singular lang:es 00:00:00 00:00:07 tt-3586 MM043_1986_CT_SU2011_ER_12 
"<te>"
	"tú" Pronoun PPX Singular lang:es 00:00:00 00:00:07 tt-3587 MM043_1986_CT_SU2011_ER_12 @Gram:Pron:Objeto ADD:523 
"<sientes>"
	"sentar|sentir" Verb VLfin Pres Indi Sing 2nd lang:es 00:00:00 00:00:07 tt-3588 MM043_1986_CT_SU2011_ER_12 
"<más>"
	"más" Adverb ADV lang:es 00:00:00 00:00:07 tt-3589 MM043_1986_CT_SU2011_ER_12 
"<orgulloso>"
	"orgulloso" Adjective ADJ Singular lang:es 00:00:00 00:00:07 tt-3590 MM043_1986_CT_SU2011_ER_12 
"<en>"
	"en" Preposition PREP lang:es 00:00:00 00:00:07 tt-3591 MM043_1986_CT_SU2011_ER_12 @Gram:Prep ADD:489 
"<tu>"
	"tú" Pronoun PPX Singular lang:es 00:00:00 00:00:07 tt-3592 MM043_1986_CT_SU2011_ER_12 @Gram:Det:Pos ADD:367 
"<vida>"
	"vida" Noun NC Singular lang:es 00:00:00 00:00:07 tt-3593 MM043_1986_CT_SU2011_ER_12 
"<$?>"
	"?" Punctuation FS lang:es 00:00:00 00:00:07 tt-3594 MM043_1986_CT_SU2011_ER_12 
</speaker>
<speaker type="subj">

"<La>"
	"el" Determiner ART Singular lang:es 00:00:07 00:00:14 tt-3595 MM043_1986_CT_SU2011_ER_12 @Gram:Det:Art ADD:341 
"<verdad>"
	"verdad" Noun NC Singular lang:es 00:00:07 00:00:14 tt-3596 MM043_1986_CT_SU2011_ER_12 
"<me>"
	"yo" Pronoun PPX Singular lang:es 00:00:07 00:00:14 tt-3597 MM043_1986_CT_SU2011_ER_12 @Gram:Pron:Objeto ADD:523 
"<siento>"
	"sentar|sentir" Verb VLfin Pres Indi Sing 1st lang:es 00:00:07 00:00:14 tt-3598 MM043_1986_CT_SU2011_ER_12 
"<muy>"
	"muy" Adverb ADV lang:es 00:00:07 00:00:14 tt-3599 MM043_1986_CT_SU2011_ER_12 
"<orgulloso>"
	"orgulloso" Adjective ADJ Singular lang:es 00:00:07 00:00:14 tt-3600 MM043_1986_CT_SU2011_ER_12 
"<en>"
	"en" Conjunction CSUBI lang:es 00:00:07 00:00:14 tt-3601 MM043_1986_CT_SU2011_ER_12 
"<haber>"
	"haber" Verb VLinf VHinf Infinitive lang:es 00:00:07 00:00:14 tt-3602 MM043_1986_CT_SU2011_ER_12 @Gram:Haber:Exist SUBSTITUTE:296 ADD:680 
"<podido>"
	"poder" Verb VMadj lang:es 00:00:07 00:00:14 tt-3603 MM043_1986_CT_SU2011_ER_12 
"<ser>"
	"ser" Verb VLinf VSinf Infinitive lang:es 00:00:07 00:00:14 tt-3604 MM043_1986_CT_SU2011_ER_12 @Gram:SerEstar:Ser SUBSTITUTE:296 ADD:664 
"<el>"
	"el" Determiner ART Singular lang:es 00:00:07 00:00:14 tt-3605 MM043_1986_CT_SU2011_ER_12 @Gram:Det:Art ADD:341 
"<primero>"
	"primero" Adjective ORD Singular lang:es 00:00:07 00:00:14 tt-3606 MM043_1986_CT_SU2011_ER_12 
"<en>"
	"en" Preposition PREP lang:es 00:00:07 00:00:14 tt-3607 MM043_1986_CT_SU2011_ER_12 @Gram:Prep ADD:489 
"<mi>"
	"mío" Pronoun PPO Singular lang:es 00:00:07 00:00:14 tt-3608 MM043_1986_CT_SU2011_ER_12 @Gram:Det:Pos ADD:367 
"<familia>"
	"familia" Noun NC Singular lang:es 00:00:07 00:00:14 tt-3609 MM043_1986_CT_SU2011_ER_12 
"<en>"
	"en" Preposition PREP lang:es 00:00:18 00:00:25 tt-3610 MM043_1986_CT_SU2011_ER_12 @Gram:Prep ADD:489 
"<recibir>"
	"recibir" Verb VLinf Infinitive lang:es 00:00:18 00:00:25 tt-3611 MM043_1986_CT_SU2011_ER_12 SUBSTITUTE:296 
"<una>"
	"un" Determiner ART Singular lang:es 00:00:18 00:00:25 tt-3612 MM043_1986_CT_SU2011_ER_12 
"<educación>"
	"educación" Noun NC Singular lang:es 00:00:18 00:00:25 tt-3613 MM043_1986_CT_SU2011_ER_12 
"<a>"
	"a" Preposition PREP lang:es 00:00:18 00:00:25 tt-3614 MM043_1986_CT_SU2011_ER_12 @Gram:Prep ADD:489 
"<nivel>"
	"nivel" Noun NC Singular lang:es 00:00:18 00:00:25 tt-3615 MM043_1986_CT_SU2011_ER_12 
"<universitario>"
	"universitario" Adjective ADJ Singular lang:es 00:00:18 00:00:25 tt-3616 MM043_1986_CT_SU2011_ER_12 
"<y>"
	"y" Conjunction CC lang:es 00:00:18 00:00:25 tt-3617 MM043_1986_CT_SU2011_ER_12 
"<a>"
	"a" Preposition PREP lang:es 00:00:18 00:00:25 tt-3618 MM043_1986_CT_SU2011_ER_12 @Gram:Prep ADD:489 
"<mí>"
	"yo" Pronoun PPX Singular lang:es 00:00:18 00:00:25 tt-3619 MM043_1986_CT_SU2011_ER_12 
"<eso>"
	"ese" Determiner DM Singular lang:es 00:00:18 00:00:25 tt-3620 MM043_1986_CT_SU2011_ER_12 
"<me>"
	"yo" Pronoun PPX Singular lang:es 00:00:18 00:00:25 tt-3621 MM043_1986_CT_SU2011_ER_12 @Gram:Pron:Objeto ADD:523 
"<ha>"
	"haber" Verb VHfin Pres Indi Sing 3rd lang:es 00:00:18 00:00:25 tt-3622 MM043_1986_CT_SU2011_ER_12 ID:41 R:Gram:Aux:Haber:42 R:Gram:PerfPerif:42 ADDRELATION():570 
"<dado>"
	"dar" Verb VLadj lang:es 00:00:18 00:00:25 tt-3623 MM043_1986_CT_SU2011_ER_12 ID:42 
"<...>"
	"..." Punctuation DOTS lang:es 00:00:18 00:00:25 tt-3624 MM043_1986_CT_SU2011_ER_12 
"<me>"
	"yo" Pronoun PPX Singular lang:es 00:00:18 00:00:25 tt-3625 MM043_1986_CT_SU2011_ER_12 @Gram:Pron:Objeto ADD:523 
"<ha>"
	"haber" Verb VHfin Pres Indi Sing 3rd lang:es 00:00:18 00:00:25 tt-3626 MM043_1986_CT_SU2011_ER_12 ID:45 R:Gram:Aux:Haber:46 R:Gram:PerfPerif:46 ADDRELATION():570 
"<dado>"
	"dar" Verb VLadj lang:es 00:00:18 00:00:25 tt-3627 MM043_1986_CT_SU2011_ER_12 ID:46 
"<mucho>"
	"mucho" Adverb ADV lang:es 00:00:18 00:00:25 tt-3628 MM043_1986_CT_SU2011_ER_12 
"<,>"
	"," Punctuation CM lang:es 00:00:18 00:00:25 tt-3629 MM043_1986_CT_SU2011_ER_12 
"<mucho>"
	"mucho" Adverb ADV lang:es 00:00:27 00:00:32 tt-3630 MM043_1986_CT_SU2011_ER_12 
"<,>"
	"," Punctuation CM lang:es 00:00:27 00:00:32 tt-3631 MM043_1986_CT_SU2011_ER_12 
"<mucho>"
	"mucho" Adverb ADV lang:es 00:00:27 00:00:32 tt-3632 MM043_1986_CT_SU2011_ER_12 
"<orgullo>"
	"orgullo" Noun NC Singular lang:es 00:00:27 00:00:32 tt-3633 MM043_1986_CT_SU2011_ER_12 
"<el>"
	"el" Determiner ART Singular lang:es 00:00:27 00:00:32 tt-3634 MM043_1986_CT_SU2011_ER_12 @Gram:Det:Art ADD:341 
"<poder>"
	"poder" Verb VLinf VMinf lang:es 00:00:27 00:00:32 tt-3635 MM043_1986_CT_SU2011_ER_12 SUBSTITUTE:296 
"<haber>"
	"haber" Verb VLinf VHinf Infinitive lang:es 00:00:27 00:00:32 tt-3636 MM043_1986_CT_SU2011_ER_12 SUBSTITUTE:296 
"<sido>"
	"ser" Verb VSadj Participle lang:es 00:00:27 00:00:32 tt-3637 MM043_1986_CT_SU2011_ER_12 
"<esa>"
	"ese" Determiner DM Singular lang:es 00:00:27 00:00:32 tt-3638 MM043_1986_CT_SU2011_ER_12 
"<persona>"
	"persona" Noun NC Singular lang:es 00:00:27 00:00:32 tt-3639 MM043_1986_CT_SU2011_ER_12 
"<y>"
	"y" Conjunction CC lang:es 00:00:27 00:00:32 tt-3640 MM043_1986_CT_SU2011_ER_12 
"<poder>"
	"poder" Verb VLinf VMinf lang:es 00:00:27 00:00:32 tt-3641 MM043_1986_CT_SU2011_ER_12 SUBSTITUTE:296 
"<haber>"
	"haber" Verb VLinf VHinf Infinitive lang:es 00:00:27 00:00:32 tt-3642 MM043_1986_CT_SU2011_ER_12 SUBSTITUTE:296 
"<sido>"
	"ser" Verb VSadj Participle lang:es 00:00:27 00:00:32 tt-3643 MM043_1986_CT_SU2011_ER_12 
"<ese>"
	"ese" Determiner DM Singular lang:es 00:00:27 00:00:32 tt-3644 MM043_1986_CT_SU2011_ER_12 
"<ejemplo>"
	"ejemplo" Noun NC Singular lang:es 00:00:27 00:00:32 tt-3645 MM043_1986_CT_SU2011_ER_12 
"<para>"
	"para" Preposition PREP lang:es 00:00:27 00:00:32 tt-3646 MM043_1986_CT_SU2011_ER_12 @Gram:Prep:Para SUBSTITUTE:312 ADD:461 
"<mis>"
	"mío" Pronoun PPO Plural lang:es 00:00:32 00:00:32 tt-3647 MM043_1986_CT_SU2011_ER_12 @Gram:Det:Pos SUBSTITUTE:285 ADD:368 
"<hermanos>"
	"hermano" Noun NC Plural lang:es 00:00:32 00:00:32 tt-3648 MM043_1986_CT_SU2011_ER_12 
"<$.>"
	"." Punctuation FS lang:es 00:00:32 00:00:32 tt-3649 MM043_1986_CT_SU2011_ER_12 
</speaker>
</text>

