<text id="MM052_1989_GV_FA2011_JT_01">
<speaker type="int">
"<$¿>"
	"¿" Punctuation FS lang:es 00:00:00 00:00:03 tt-114 MM052_1989_GV_FA2011_JT_01 
"<Y>"
	"y" Conjunction CC lang:es 00:00:00 00:00:03 tt-115 MM052_1989_GV_FA2011_JT_01 
"<siempre>"
	"siempre" Adverb ADV lang:es 00:00:00 00:00:03 tt-116 MM052_1989_GV_FA2011_JT_01 
"<ha>"
	"haber" Verb VHfin Pres Indi Sing 3rd lang:es 00:00:00 00:00:03 tt-117 MM052_1989_GV_FA2011_JT_01 ID:4 R:Gram:Aux:Haber:5 R:Gram:PerfPerif:5 
"<vivido>"
	"vivir" Verb VLadj lang:es 00:00:00 00:00:03 tt-118 MM052_1989_GV_FA2011_JT_01 ID:5 
"<allá>"
	"allá" Adverb ADV lang:es 00:00:00 00:00:03 tt-119 MM052_1989_GV_FA2011_JT_01 
"<en>"
	"en" Preposition PREP lang:es 00:00:00 00:00:03 tt-120 MM052_1989_GV_FA2011_JT_01 @Gram:Prep 
"<Weslaco>"
	"UNK" Noun NP Singular lang:es 00:00:00 00:00:03 tt-121 MM052_1989_GV_FA2011_JT_01 
"<$?>"
	"?" Punctuation FS lang:es 00:00:00 00:00:03 tt-122 MM052_1989_GV_FA2011_JT_01 

"<No>"
	"no" Adverb NEG lang:es 00:00:03 00:00:08 tt-123 MM052_1989_GV_FA2011_JT_01 
"<$.>"
	"." Punctuation FS lang:es 00:00:03 00:00:08 tt-124 MM052_1989_GV_FA2011_JT_01 

"<Este>"
	"este" Determiner DM Singular lang:es 00:00:03 00:00:08 tt-125 MM052_1989_GV_FA2011_JT_01 @Prag:RecuDiscurso:GanarTiempo 
"<...>"
	"..." Punctuation DOTS lang:es 00:00:03 00:00:08 tt-126 MM052_1989_GV_FA2011_JT_01 
"<$¿>"
	"¿" Punctuation FS lang:es 00:00:03 00:00:08 tt-127 MM052_1989_GV_FA2011_JT_01 
"<Cómo>"
	"cómo" Adverb ADV lang:es 00:00:03 00:00:08 tt-128 MM052_1989_GV_FA2011_JT_01 
"<fue>"
	"ir" Verb VLfin Pret Indi Sing 3rd lang:es 00:00:03 00:00:08 tt-129 MM052_1989_GV_FA2011_JT_01 @Gram:Indefinido 
"<$?>"
	"?" Punctuation FS lang:es 00:00:03 00:00:08 tt-130 MM052_1989_GV_FA2011_JT_01 

"<Este>"
	"este" Determiner DM Singular lang:es 00:00:03 00:00:08 tt-131 MM052_1989_GV_FA2011_JT_01 @Prag:RecuDiscurso:GanarTiempo 
"<...>"
	"..." Punctuation DOTS lang:es 00:00:03 00:00:08 tt-132 MM052_1989_GV_FA2011_JT_01 
"<cuando>"
	"cuando" Conjunction CSUBX lang:es 00:00:03 00:00:08 tt-133 MM052_1989_GV_FA2011_JT_01 
"<primero>"
	"primero" Adjective ORD Singular lang:es 00:00:03 00:00:08 tt-134 MM052_1989_GV_FA2011_JT_01 
"<me>"
	"yo" Pronoun PPX Singular lang:es 00:00:03 00:00:08 tt-135 MM052_1989_GV_FA2011_JT_01 @Gram:Pron:Objeto 
"<vine>"
	"venir" Verb VLfin Pret Indi Sing 1st lang:es 00:00:03 00:00:08 tt-136 MM052_1989_GV_FA2011_JT_01 @Gram:Indefinido 
"<de>"
	"de" Preposition PREP lang:es 00:00:03 00:00:08 tt-137 MM052_1989_GV_FA2011_JT_01 @Gram:Prep 
"<México>"
	"México" Noun NP Singular lang:es 00:00:03 00:00:08 tt-138 MM052_1989_GV_FA2011_JT_01 
"<este>"
	"este" Noun NC Singular lang:es 00:00:03 00:00:08 tt-139 MM052_1989_GV_FA2011_JT_01 
"<...>"
	"..." Punctuation DOTS lang:es 00:00:03 00:00:08 tt-140 MM052_1989_GV_FA2011_JT_01 
"<fuimos>"
	"ir|ser" Verb VLfin Pres_or_Pret Indi Plural 1st lang:es 00:00:03 00:00:08 tt-141 MM052_1989_GV_FA2011_JT_01 
"<a>"
	"a" Preposition PREP lang:es 00:00:03 00:00:08 tt-142 MM052_1989_GV_FA2011_JT_01 @Gram:Prep 
"<vivir>"
	"vivir" Verb VLinf Infinitive lang:es 00:00:08 00:00:13 tt-143 MM052_1989_GV_FA2011_JT_01 
"<a>"
	"a" Preposition PREP lang:es 00:00:08 00:00:13 tt-144 MM052_1989_GV_FA2011_JT_01 @Gram:Prep 
"<Minnesota>"
	"Minnesota" Noun NP Singular lang:es 00:00:08 00:00:13 tt-145 MM052_1989_GV_FA2011_JT_01 
"<$.>"
	"." Punctuation FS lang:es 00:00:08 00:00:13 tt-146 MM052_1989_GV_FA2011_JT_01 

"<Y>"
	"y" Conjunction CC lang:es 00:00:08 00:00:13 tt-147 MM052_1989_GV_FA2011_JT_01 
"<después>"
	"después" Adverb ADV lang:es 00:00:08 00:00:13 tt-148 MM052_1989_GV_FA2011_JT_01 
"<fuimos>"
	"ir|ser" Verb VLfin Pres_or_Pret Indi Plural 1st lang:es 00:00:08 00:00:13 tt-149 MM052_1989_GV_FA2011_JT_01 
"<a>"
	"a" Preposition PREP lang:es 00:00:08 00:00:13 tt-150 MM052_1989_GV_FA2011_JT_01 @Gram:Prep 
"<vivir>"
	"vivir" Verb VLinf Infinitive lang:es 00:00:08 00:00:13 tt-151 MM052_1989_GV_FA2011_JT_01 
"<a>"
	"a" Preposition PREP lang:es 00:00:08 00:00:13 tt-152 MM052_1989_GV_FA2011_JT_01 @Gram:Prep 
"<Dallas>"
	"Dallas" Noun NP Plural lang:es 00:00:08 00:00:13 tt-153 MM052_1989_GV_FA2011_JT_01 
"<$.>"
	"." Punctuation FS lang:es 00:00:08 00:00:13 tt-154 MM052_1989_GV_FA2011_JT_01 

"<De>"
	"de" Preposition PREP lang:es 00:00:08 00:00:13 tt-155 MM052_1989_GV_FA2011_JT_01 @Gram:Prep 
"<Dallas>"
	"Dallas" Noun NP Plural lang:es 00:00:08 00:00:13 tt-156 MM052_1989_GV_FA2011_JT_01 
"<a>"
	"a" Preposition PREP lang:es 00:00:08 00:00:13 tt-157 MM052_1989_GV_FA2011_JT_01 @Gram:Prep 
"<,>"
	"," Punctuation CM lang:es 00:00:08 00:00:13 tt-159 MM052_1989_GV_FA2011_JT_01 
"<luego>"
	"luego" Conjunction CSUBF lang:es 00:00:08 00:00:13 tt-160 MM052_1989_GV_FA2011_JT_01 
"<a>"
	"a" Preposition PREP lang:es 00:00:08 00:00:13 tt-161 MM052_1989_GV_FA2011_JT_01 @Gram:Prep 
"<Monte>"
	"monte" Noun NC Singular lang:es 00:00:08 00:00:13 tt-162 MM052_1989_GV_FA2011_JT_01 
"<Alto>"
	"alto" Noun NC Singular lang:es 00:00:13 00:00:15 tt-163 MM052_1989_GV_FA2011_JT_01 
"<y>"
	"y" Conjunction CC lang:es 00:00:13 00:00:15 tt-164 MM052_1989_GV_FA2011_JT_01 
"<luego>"
	"luego" Adverb ADV lang:es 00:00:13 00:00:15 tt-165 MM052_1989_GV_FA2011_JT_01 
"<a>"
	"a" Preposition PREP lang:es 00:00:13 00:00:15 tt-166 MM052_1989_GV_FA2011_JT_01 @Gram:Prep 
"<Weslaco>"
	"UNK" Noun NP Singular lang:es 00:00:13 00:00:15 tt-167 MM052_1989_GV_FA2011_JT_01 
"<$.>"
	"." Punctuation FS lang:es 00:00:13 00:00:15 tt-168 MM052_1989_GV_FA2011_JT_01 

"<$¿>"
	"¿" Punctuation FS lang:es 00:00:15 00:00:17 tt-169 MM052_1989_GV_FA2011_JT_01 
"<Y>"
	"y" Conjunction CC lang:es 00:00:15 00:00:17 tt-170 MM052_1989_GV_FA2011_JT_01 
"<te>"
	"tú" Pronoun PPX Singular lang:es 00:00:15 00:00:17 tt-171 MM052_1989_GV_FA2011_JT_01 @Gram:Pron:Objeto 
"<acuerdas>"
	"acordar" Verb VLfin Pres Indi Sing 2nd lang:es 00:00:15 00:00:17 tt-172 MM052_1989_GV_FA2011_JT_01 
"<algo>"
	"algo" Determiner QU lang:es 00:00:15 00:00:17 tt-173 MM052_1989_GV_FA2011_JT_01 
"<de>"
	"de" Conjunction CSUBI lang:es 00:00:15 00:00:17 tt-174 MM052_1989_GV_FA2011_JT_01 
"<viviendo>"
	"vivir" Verb VLger lang:es 00:00:15 00:00:17 tt-175 MM052_1989_GV_FA2011_JT_01 
"<en>"
	"en" Preposition PREP lang:es 00:00:15 00:00:17 tt-176 MM052_1989_GV_FA2011_JT_01 @Gram:Prep 
"<Minnesota>"
	"Minnesota" Noun NP Singular lang:es 00:00:15 00:00:17 tt-177 MM052_1989_GV_FA2011_JT_01 
"<$?>"
	"?" Punctuation FS lang:es 00:00:15 00:00:17 tt-178 MM052_1989_GV_FA2011_JT_01 
</speaker>
<speaker type="subj">

"<Minnesota>"
	"Minnesota" Noun NP Singular lang:es 00:00:17 00:00:21 tt-179 MM052_1989_GV_FA2011_JT_01 
"<,>"
	"," Punctuation CM lang:es 00:00:17 00:00:21 tt-180 MM052_1989_GV_FA2011_JT_01 
"<pues>"
	"pues" Conjunction CSUBF lang:es 00:00:17 00:00:21 tt-181 MM052_1989_GV_FA2011_JT_01 
"<la>"
	"el" Determiner ART Singular lang:es 00:00:17 00:00:21 tt-182 MM052_1989_GV_FA2011_JT_01 @Gram:Det:Art 
"<verdad>"
	"verdad" Noun NC Singular lang:es 00:00:17 00:00:21 tt-183 MM052_1989_GV_FA2011_JT_01 
"<no>"
	"no" Adverb NEG lang:es 00:00:17 00:00:21 tt-184 MM052_1989_GV_FA2011_JT_01 
"<,>"
	"," Punctuation CM lang:es 00:00:17 00:00:21 tt-185 MM052_1989_GV_FA2011_JT_01 
"<estaba>"
	"estar" Verb VEfin Imp Indi Sing 1st_or_3rd lang:es 00:00:17 00:00:21 tt-186 MM052_1989_GV_FA2011_JT_01 @Gram:Imperf @Gram:SerEstar:Estar 
"<muy>"
	"muy" Adverb ADV lang:es 00:00:17 00:00:21 tt-187 MM052_1989_GV_FA2011_JT_01 
"<chiquillo>"
	"chico" Adjective ADJ Singular lang:es 00:00:17 00:00:21 tt-188 MM052_1989_GV_FA2011_JT_01 
"<$.>"
	"." Punctuation FS lang:es 00:00:17 00:00:21 tt-189 MM052_1989_GV_FA2011_JT_01 
</speaker>
<speaker type="int">

"<$¿>"
	"¿" Punctuation FS lang:es 00:00:21 00:00:23 tt-190 MM052_1989_GV_FA2011_JT_01 
"<Cuánto>"
	"UNK" Noun NC Singular lang:es 00:00:21 00:00:23 tt-191 MM052_1989_GV_FA2011_JT_01 
"<tiempo>"
	"tiempo" Noun NC Singular lang:es 00:00:21 00:00:23 tt-192 MM052_1989_GV_FA2011_JT_01 
"<se>"
	"se" Other SE lang:es 00:00:21 00:00:23 tt-193 MM052_1989_GV_FA2011_JT_01 
"<quedaron>"
	"quedar" Verb VLfin Pret Indi Plural 3rd lang:es 00:00:21 00:00:23 tt-194 MM052_1989_GV_FA2011_JT_01 @Gram:Indefinido 
"<allá>"
	"allá" Adverb ADV lang:es 00:00:21 00:00:23 tt-195 MM052_1989_GV_FA2011_JT_01 
"<$?>"
	"?" Punctuation FS lang:es 00:00:21 00:00:23 tt-196 MM052_1989_GV_FA2011_JT_01 
</speaker>
<speaker type="subj">

"<A>"
	"a" Preposition PREP lang:es 00:00:23 00:00:26 tt-197 MM052_1989_GV_FA2011_JT_01 @Gram:Prep 
"<lo>"
	"el" Determiner ART Singular lang:es 00:00:23 00:00:26 tt-198 MM052_1989_GV_FA2011_JT_01 
"<más>"
	"más" Adverb ADV lang:es 00:00:23 00:00:26 tt-199 MM052_1989_GV_FA2011_JT_01 
"<meses>"
	"mes" Noun NC Plural lang:es 00:00:23 00:00:26 tt-200 MM052_1989_GV_FA2011_JT_01 
"<,>"
	"," Punctuation CM lang:es 00:00:23 00:00:26 tt-201 MM052_1989_GV_FA2011_JT_01 
"<porque>"
	"porque" Conjunction CSUBX lang:es 00:00:23 00:00:26 tt-202 MM052_1989_GV_FA2011_JT_01 @Prag:MarcadoresDisc:Causa 
"<a>"
	"a" Preposition PREP lang:es 00:00:23 00:00:26 tt-203 MM052_1989_GV_FA2011_JT_01 @Gram:Prep 
"<mi>"
	"mío" Pronoun PPO Singular lang:es 00:00:23 00:00:26 tt-204 MM052_1989_GV_FA2011_JT_01 @Gram:Det:Pos 
"<papá>"
	"papá" Noun NC Singular lang:es 00:00:23 00:00:26 tt-205 MM052_1989_GV_FA2011_JT_01 
"<no>"
	"no" Adverb NEG lang:es 00:00:23 00:00:26 tt-206 MM052_1989_GV_FA2011_JT_01 
"<le>"
	"él" Pronoun PPC Singular lang:es 00:00:23 00:00:26 tt-207 MM052_1989_GV_FA2011_JT_01 @Gram:Pron:Objeto ID:93 
"<gustó>"
	"gustar" Verb VLfin Pret Indi Sing 3rd lang:es 00:00:23 00:00:26 tt-208 MM052_1989_GV_FA2011_JT_01 @Gram:Indefinido ID:94 R:Gram:Gustar:Ajenos:93 
"<$.>"
	"." Punctuation FS lang:es 00:00:23 00:00:26 tt-209 MM052_1989_GV_FA2011_JT_01 
</speaker>
</text>

