<text id="MM052_1989_GV_FA2011_JT_05">
<speaker type="int">
"<Muy>"
	"muy" Adverb ADV lang:es 00:00:00 00:00:07 tt-895 MM052_1989_GV_FA2011_JT_05 
"<bien>"
	"bien" Adverb ADV lang:es 00:00:00 00:00:07 tt-896 MM052_1989_GV_FA2011_JT_05 
"<$.>"
	"." Punctuation FS lang:es 00:00:00 00:00:07 tt-897 MM052_1989_GV_FA2011_JT_05 

"<$.>"
	"." Punctuation FS lang:es 00:00:00 00:00:07 tt-899 MM052_1989_GV_FA2011_JT_05 

"<$¿>"
	"¿" Punctuation FS lang:es 00:00:00 00:00:07 tt-900 MM052_1989_GV_FA2011_JT_05 
"<Y>"
	"Y" Other ALFS lang:es 00:00:00 00:00:07 tt-901 MM052_1989_GV_FA2011_JT_05 
"<...>"
	"..." Punctuation DOTS lang:es 00:00:00 00:00:07 tt-902 MM052_1989_GV_FA2011_JT_05 
"<y>"
	"Y" Other ALFS lang:es 00:00:00 00:00:07 tt-903 MM052_1989_GV_FA2011_JT_05 
"<...>"
	"..." Punctuation DOTS lang:es 00:00:00 00:00:07 tt-904 MM052_1989_GV_FA2011_JT_05 
"<y>"
	"Y" Other ALFS lang:es 00:00:00 00:00:07 tt-905 MM052_1989_GV_FA2011_JT_05 
"<hoy>"
	"hoy" Adverb ADV lang:es 00:00:00 00:00:07 tt-906 MM052_1989_GV_FA2011_JT_05 
"<en>"
	"en" Preposition PREP lang:es 00:00:00 00:00:07 tt-907 MM052_1989_GV_FA2011_JT_05 @Gram:Prep 
"<día>"
	"día" Noun NC Singular lang:es 00:00:00 00:00:07 tt-908 MM052_1989_GV_FA2011_JT_05 
"<hablas>"
	"hablar" Verb VLfin Pres Indi Sing 2nd lang:es 00:00:00 00:00:07 tt-909 MM052_1989_GV_FA2011_JT_05 
"<español>"
	"español" Noun NC Singular lang:es 00:00:00 00:00:07 tt-910 MM052_1989_GV_FA2011_JT_05 
"<diario>"
	"diario" Adjective ADJ Singular lang:es 00:00:00 00:00:07 tt-911 MM052_1989_GV_FA2011_JT_05 
"<$?>"
	"?" Punctuation FS lang:es 00:00:00 00:00:07 tt-912 MM052_1989_GV_FA2011_JT_05 
</speaker>
<speaker type="subj">

"<Diario>"
	"diario" Adjective ADJ Singular lang:es 00:00:07 00:00:09 tt-913 MM052_1989_GV_FA2011_JT_05 
"<,>"
	"," Punctuation CM lang:es 00:00:07 00:00:09 tt-914 MM052_1989_GV_FA2011_JT_05 
"<sí>"
	"sí" Adverb ADV lang:es 00:00:07 00:00:09 tt-915 MM052_1989_GV_FA2011_JT_05 
"<,>"
	"," Punctuation CM lang:es 00:00:07 00:00:09 tt-916 MM052_1989_GV_FA2011_JT_05 
"<en>"
	"en" Preposition PREP lang:es 00:00:07 00:00:09 tt-917 MM052_1989_GV_FA2011_JT_05 @Gram:Prep 
"<la>"
	"el" Determiner ART Singular lang:es 00:00:07 00:00:09 tt-918 MM052_1989_GV_FA2011_JT_05 @Gram:Det:Art 
"<casa>"
	"casa" Noun NC Singular lang:es 00:00:07 00:00:09 tt-919 MM052_1989_GV_FA2011_JT_05 
"<$.>"
	"." Punctuation FS lang:es 00:00:07 00:00:09 tt-920 MM052_1989_GV_FA2011_JT_05 
</speaker>
<speaker type="int">

"<$¿>"
	"¿" Punctuation FS lang:es 00:00:09 00:00:10 tt-921 MM052_1989_GV_FA2011_JT_05 
"<En>"
	"en" Preposition PREP lang:es 00:00:09 00:00:10 tt-922 MM052_1989_GV_FA2011_JT_05 @Gram:Prep 
"<la>"
	"el" Determiner ART Singular lang:es 00:00:09 00:00:10 tt-923 MM052_1989_GV_FA2011_JT_05 @Gram:Det:Art 
"<casa>"
	"casa" Noun NC Singular lang:es 00:00:09 00:00:10 tt-924 MM052_1989_GV_FA2011_JT_05 
"<$?>"
	"?" Punctuation FS lang:es 00:00:09 00:00:10 tt-925 MM052_1989_GV_FA2011_JT_05 
</speaker>
<speaker type="subj">

"<Sí>"
	"sí" Adverb ADV lang:es 00:00:10 00:00:16 tt-926 MM052_1989_GV_FA2011_JT_05 
"<,>"
	"," Punctuation CM lang:es 00:00:10 00:00:16 tt-927 MM052_1989_GV_FA2011_JT_05 
"<con>"
	"con" Preposition PREP lang:es 00:00:10 00:00:16 tt-928 MM052_1989_GV_FA2011_JT_05 @Gram:Prep 
"<mis>"
	"UNK" Noun NC Plural lang:es 00:00:10 00:00:16 tt-929 MM052_1989_GV_FA2011_JT_05 
"<padres>"
	"padre" Noun NC Plural lang:es 00:00:10 00:00:16 tt-930 MM052_1989_GV_FA2011_JT_05 
"<y>"
	"y" Conjunction CC lang:es 00:00:10 00:00:16 tt-931 MM052_1989_GV_FA2011_JT_05 
"<en>"
	"en" Preposition PREP lang:es 00:00:10 00:00:16 tt-932 MM052_1989_GV_FA2011_JT_05 @Gram:Prep 
"<el>"
	"el" Determiner ART Singular lang:es 00:00:10 00:00:16 tt-933 MM052_1989_GV_FA2011_JT_05 @Gram:Det:Art 
"<trabajo>"
	"trabajo" Noun NC Singular lang:es 00:00:10 00:00:16 tt-934 MM052_1989_GV_FA2011_JT_05 
"<,>"
	"," Punctuation CM lang:es 00:00:10 00:00:16 tt-935 MM052_1989_GV_FA2011_JT_05 
"<es>"
	"ser" Verb VSfin Pres Indi Sing 3rd lang:es 00:00:10 00:00:16 tt-936 MM052_1989_GV_FA2011_JT_05 @Gram:SerEstar:Ser 
"<como>"
	"como" Conjunction CSUBX lang:es 00:00:10 00:00:16 tt-937 MM052_1989_GV_FA2011_JT_05 
"<estudiantes>"
	"estudiante" Noun NC Plural lang:es 00:00:10 00:00:16 tt-938 MM052_1989_GV_FA2011_JT_05 
"<,>"
	"," Punctuation CM lang:es 00:00:10 00:00:16 tt-939 MM052_1989_GV_FA2011_JT_05 
"<dependiendo>"
	"depender" Verb VLger lang:es 00:00:10 00:00:16 tt-940 MM052_1989_GV_FA2011_JT_05 
"<$.>"
	"." Punctuation FS lang:es 00:00:10 00:00:16 tt-941 MM052_1989_GV_FA2011_JT_05 

"<Este>"
	"este" Determiner DM Singular lang:es 00:00:10 00:00:16 tt-942 MM052_1989_GV_FA2011_JT_05 @Prag:RecuDiscurso:GanarTiempo 
"<...>"
	"..." Punctuation DOTS lang:es 00:00:10 00:00:16 tt-943 MM052_1989_GV_FA2011_JT_05 
"<tengo>"
	"tener" Verb VLfin Pres Indi Sing 1st lang:es 00:00:10 00:00:16 tt-944 MM052_1989_GV_FA2011_JT_05 
"<estudiantes>"
	"estudiante" Noun NC Plural lang:es 00:00:16 00:00:20 tt-945 MM052_1989_GV_FA2011_JT_05 
"<que>"
	"que" Conjunction CQUE lang:es 00:00:16 00:00:20 tt-946 MM052_1989_GV_FA2011_JT_05 
"<se>"
	"se" Other SE lang:es 00:00:16 00:00:20 tt-947 MM052_1989_GV_FA2011_JT_05 
"<sienten>"
	"sentar|sentir" Verb VLfin Pres Indi Plural 3rd lang:es 00:00:16 00:00:20 tt-948 MM052_1989_GV_FA2011_JT_05 
"<más>"
	"más" Adverb ADV lang:es 00:00:16 00:00:20 tt-949 MM052_1989_GV_FA2011_JT_05 
"<conforme>"
	"conformar" Verb VLfin Pres Subj Sing 1st_or_3rd lang:es 00:00:16 00:00:20 tt-950 MM052_1989_GV_FA2011_JT_05 @Gram:MSub:Pres 
"<hablando>"
	"hablar" Verb VLger lang:es 00:00:16 00:00:20 tt-951 MM052_1989_GV_FA2011_JT_05 
"<el>"
	"el" Determiner ART Singular lang:es 00:00:16 00:00:20 tt-952 MM052_1989_GV_FA2011_JT_05 @Gram:Det:Art 
"<inglés>"
	"inglés" Noun NC Plural lang:es 00:00:16 00:00:20 tt-953 MM052_1989_GV_FA2011_JT_05 
"<,>"
	"," Punctuation CM lang:es 00:00:16 00:00:20 tt-954 MM052_1989_GV_FA2011_JT_05 
"<y>"
	"y" Conjunction CC lang:es 00:00:16 00:00:20 tt-955 MM052_1989_GV_FA2011_JT_05 
"<otros>"
	"otro" Determiner QU lang:es 00:00:16 00:00:20 tt-956 MM052_1989_GV_FA2011_JT_05 
"<que>"
	"que" Conjunction CQUE lang:es 00:00:16 00:00:20 tt-957 MM052_1989_GV_FA2011_JT_05 
"<es>"
	"ser" Verb VSfin Pres Indi Sing 3rd lang:es 00:00:16 00:00:20 tt-958 MM052_1989_GV_FA2011_JT_05 @Gram:SerEstar:Ser 
"<más>"
	"más" Adverb ADV lang:es 00:00:16 00:00:20 tt-959 MM052_1989_GV_FA2011_JT_05 
"<hablando>"
	"hablar" Verb VLger lang:es 00:00:16 00:00:20 tt-960 MM052_1989_GV_FA2011_JT_05 
"<el>"
	"el" Determiner ART Singular lang:es 00:00:16 00:00:20 tt-961 MM052_1989_GV_FA2011_JT_05 @Gram:Det:Art 
"<español>"
	"español" Noun NC Singular lang:es 00:00:20 00:00:21 tt-962 MM052_1989_GV_FA2011_JT_05 
"<$.>"
	"." Punctuation FS lang:es 00:00:20 00:00:21 tt-963 MM052_1989_GV_FA2011_JT_05 
</speaker>
<speaker type="int">

"<$¿>"
	"¿" Punctuation FS lang:es 00:00:21 00:00:23 tt-964 MM052_1989_GV_FA2011_JT_05 
"<Y>"
	"y" Conjunction CC lang:es 00:00:21 00:00:23 tt-965 MM052_1989_GV_FA2011_JT_05 
"<estas>"
	"este" Determiner DM Plural lang:es 00:00:21 00:00:23 tt-966 MM052_1989_GV_FA2011_JT_05 
"<cómodo>"
	"cómodo" Adjective ADJ Singular lang:es 00:00:21 00:00:23 tt-967 MM052_1989_GV_FA2011_JT_05 
"<hablando>"
	"hablar" Verb VLger lang:es 00:00:21 00:00:23 tt-968 MM052_1989_GV_FA2011_JT_05 ID:73 R:Vocab:Fraseol:VerbPrep:74 
"<en>"
	"en" Preposition PREP lang:es 00:00:21 00:00:23 tt-969 MM052_1989_GV_FA2011_JT_05 @Gram:Prep ID:74 
"<inglés>"
	"inglés" Noun NC Plural lang:es 00:00:21 00:00:23 tt-970 MM052_1989_GV_FA2011_JT_05 
"<$?>"
	"?" Punctuation FS lang:es 00:00:21 00:00:23 tt-971 MM052_1989_GV_FA2011_JT_05 

"<Sí>"
	"sí" Adverb ADV lang:es 00:00:23 00:00:24 tt-972 MM052_1989_GV_FA2011_JT_05 
"<$.>"
	"." Punctuation FS lang:es 00:00:23 00:00:24 tt-973 MM052_1989_GV_FA2011_JT_05 

"<$¿>"
	"¿" Punctuation FS lang:es 00:00:24 00:00:26 tt-974 MM052_1989_GV_FA2011_JT_05 
"<Igual>"
	"igual" Adjective ADJ Singular lang:es 00:00:24 00:00:26 tt-975 MM052_1989_GV_FA2011_JT_05 
"<que>"
	"que" Conjunction CQUE lang:es 00:00:24 00:00:26 tt-976 MM052_1989_GV_FA2011_JT_05 
"<el>"
	"el" Determiner ART Singular lang:es 00:00:24 00:00:26 tt-977 MM052_1989_GV_FA2011_JT_05 @Gram:Det:Art 
"<español>"
	"español" Noun NC Singular lang:es 00:00:24 00:00:26 tt-978 MM052_1989_GV_FA2011_JT_05 
"<$?>"
	"?" Punctuation FS lang:es 00:00:24 00:00:26 tt-979 MM052_1989_GV_FA2011_JT_05 

"<Igual>"
	"igual" Adjective ADJ Singular lang:es 00:00:26 tt-980 MM052_1989_GV_FA2011_JT_05 
"<$.>"
	"." Punctuation FS lang:es 00:00:26 tt-981 MM052_1989_GV_FA2011_JT_05 

"<$¿>"
	"¿" Punctuation FS lang:es 00:00:26 00:00:29 tt-982 MM052_1989_GV_FA2011_JT_05 
"<Y>"
	"y" Conjunction CC lang:es 00:00:26 00:00:29 tt-983 MM052_1989_GV_FA2011_JT_05 
"<qué>"
	"qué" Pronoun INT Singular lang:es 00:00:26 00:00:29 tt-984 MM052_1989_GV_FA2011_JT_05 
"<tal>"
	"tal" Determiner QU lang:es 00:00:26 00:00:29 tt-985 MM052_1989_GV_FA2011_JT_05 
"<si>"
	"si" Conjunction CSUBX lang:es 00:00:26 00:00:29 tt-986 MM052_1989_GV_FA2011_JT_05 
"<mezclas>"
	"mezclar" Verb VLfin Pres Indi Sing 2nd lang:es 00:00:26 00:00:29 tt-987 MM052_1989_GV_FA2011_JT_05 
"<las>"
	"el" Determiner ART Plural lang:es 00:00:26 00:00:29 tt-988 MM052_1989_GV_FA2011_JT_05 @Gram:Det:Art 
"<dos>"
	"dos" Determiner CARD Plural lang:es 00:00:26 00:00:29 tt-989 MM052_1989_GV_FA2011_JT_05 
"<lenguas>"
	"lengua" Noun NC Plural lang:es 00:00:26 00:00:29 tt-990 MM052_1989_GV_FA2011_JT_05 
"<$?>"
	"?" Punctuation FS lang:es 00:00:26 00:00:29 tt-991 MM052_1989_GV_FA2011_JT_05 
</speaker>
<speaker type="subj">

"<$¿>"
	"¿" Punctuation FS lang:es 00:00:29 00:00:33 tt-992 MM052_1989_GV_FA2011_JT_05 
"<Si>"
	"si" Conjunction CSUBX lang:es 00:00:29 00:00:33 tt-993 MM052_1989_GV_FA2011_JT_05 
"<mezclo>"
	"mezclar" Verb VLfin Pres Indi Sing 1st lang:es 00:00:29 00:00:33 tt-994 MM052_1989_GV_FA2011_JT_05 
"<las>"
	"el" Determiner ART Plural lang:es 00:00:29 00:00:33 tt-995 MM052_1989_GV_FA2011_JT_05 @Gram:Det:Art 
"<dos>"
	"dos" Determiner CARD Plural lang:es 00:00:29 00:00:33 tt-996 MM052_1989_GV_FA2011_JT_05 
"<lenguas>"
	"lengua" Noun NC Plural lang:es 00:00:29 00:00:33 tt-997 MM052_1989_GV_FA2011_JT_05 
"<$?>"
	"?" Punctuation FS lang:es 00:00:29 00:00:33 tt-998 MM052_1989_GV_FA2011_JT_05 

"<Para>"
	"para" Preposition PREP lang:es 00:00:29 00:00:33 tt-999 MM052_1989_GV_FA2011_JT_05 @Gram:Prep:Para 
"<mí>"
	"yo" Pronoun PPX Singular lang:es 00:00:29 00:00:33 tt-1000 MM052_1989_GV_FA2011_JT_05 
"<no>"
	"no" Adverb NEG lang:es 00:00:29 00:00:33 tt-1001 MM052_1989_GV_FA2011_JT_05 
"<es>"
	"ser" Verb VSfin Pres Indi Sing 3rd lang:es 00:00:29 00:00:33 tt-1002 MM052_1989_GV_FA2011_JT_05 @Gram:SerEstar:Ser 
"<un>"
	"un" Determiner ART Singular lang:es 00:00:29 00:00:33 tt-1003 MM052_1989_GV_FA2011_JT_05 
"<problema>"
	"problema" Noun NC Singular lang:es 00:00:29 00:00:33 tt-1004 MM052_1989_GV_FA2011_JT_05 
"<$.>"
	"." Punctuation FS lang:es 00:00:29 00:00:33 tt-1005 MM052_1989_GV_FA2011_JT_05 

"<Creo>"
	"crear|creer" Verb VLfin Pres Indi Sing 1st lang:es 00:00:29 00:00:33 tt-1006 MM052_1989_GV_FA2011_JT_05 
"<que>"
	"que" Conjunction CQUE lang:es 00:00:29 00:00:33 tt-1007 MM052_1989_GV_FA2011_JT_05 
"<es>"
	"ser" Verb VSfin Pres Indi Sing 3rd lang:es 00:00:29 00:00:33 tt-1008 MM052_1989_GV_FA2011_JT_05 @Gram:SerEstar:Ser 
"<algo>"
	"algo" Determiner QU lang:es 00:00:29 00:00:33 tt-1009 MM052_1989_GV_FA2011_JT_05 
"<que>"
	"que" Conjunction CQUE lang:es 00:00:29 00:00:33 tt-1010 MM052_1989_GV_FA2011_JT_05 
"<se>"
	"se" Other SE lang:es 00:00:29 00:00:33 tt-1011 MM052_1989_GV_FA2011_JT_05 
"<hace>"
	"hacer" Verb VLfin Pres Indi Sing 3rd lang:es 00:00:33 00:00:40 tt-1012 MM052_1989_GV_FA2011_JT_05 
"<muy>"
	"muy" Adverb ADV lang:es 00:00:33 00:00:40 tt-1013 MM052_1989_GV_FA2011_JT_05 
"<...>"
	"..." Punctuation DOTS lang:es 00:00:33 00:00:40 tt-1014 MM052_1989_GV_FA2011_JT_05 
"<mucho>"
	"mucho" Adverb ADV lang:es 00:00:33 00:00:40 tt-1015 MM052_1989_GV_FA2011_JT_05 
"<aquí>"
	"aquí" Adverb ADV lang:es 00:00:33 00:00:40 tt-1016 MM052_1989_GV_FA2011_JT_05 
"<en>"
	"en" Preposition PREP lang:es 00:00:33 00:00:40 tt-1017 MM052_1989_GV_FA2011_JT_05 @Gram:Prep 
"<el>"
	"el" Determiner ART Singular lang:es 00:00:33 00:00:40 tt-1018 MM052_1989_GV_FA2011_JT_05 @Gram:Det:Art 
"<valle>"
	"valle" Noun NC Singular lang:es 00:00:33 00:00:40 tt-1019 MM052_1989_GV_FA2011_JT_05 
"<$.>"
	"." Punctuation FS lang:es 00:00:33 00:00:40 tt-1020 MM052_1989_GV_FA2011_JT_05 

"<Los>"
	"el" Determiner ART Plural lang:es 00:00:33 00:00:40 tt-1021 MM052_1989_GV_FA2011_JT_05 @Gram:Pron:Objeto 
"<considero>"
	"considerar" Verb VLfin Pres Indi Sing 1st lang:es 00:00:33 00:00:40 tt-1022 MM052_1989_GV_FA2011_JT_05 
"<como>"
	"como" Adverb ADV lang:es 00:00:33 00:00:40 tt-1023 MM052_1989_GV_FA2011_JT_05 
"<que>"
	"que" Conjunction CQUE lang:es 00:00:33 00:00:40 tt-1024 MM052_1989_GV_FA2011_JT_05 
"<es>"
	"ser" Verb VSfin Pres Indi Sing 3rd lang:es 00:00:33 00:00:40 tt-1025 MM052_1989_GV_FA2011_JT_05 @Gram:SerEstar:Ser 
"<el>"
	"el" Determiner ART Singular lang:es 00:00:33 00:00:40 tt-1026 MM052_1989_GV_FA2011_JT_05 @Gram:Det:Art 
"<nuevo>"
	"nuevo" Adjective ADJ Singular lang:es 00:00:33 00:00:40 tt-1027 MM052_1989_GV_FA2011_JT_05 
"<idioma>"
	"idioma" Noun NC Singular lang:es 00:00:33 00:00:40 tt-1028 MM052_1989_GV_FA2011_JT_05 
"<aquí>"
	"aquí" Adverb ADV lang:es 00:00:33 00:00:40 tt-1029 MM052_1989_GV_FA2011_JT_05 
"<del>"
	"del" Preposition PDEL lang:es 00:00:33 00:00:40 tt-1030 MM052_1989_GV_FA2011_JT_05 
"<valle>"
	"valle" Noun NC Singular lang:es 00:00:33 00:00:40 tt-1031 MM052_1989_GV_FA2011_JT_05 
"<$.>"
	"." Punctuation FS lang:es 00:00:33 00:00:40 tt-1032 MM052_1989_GV_FA2011_JT_05 

"<O>"
	"o" Adverb ADV lang:es 00:00:40 00:00:45 tt-1033 MM052_1989_GV_FA2011_JT_05 ID:138 R:Prag:MarcadoresDisc:Igualdad:139 
"<sea>"
	"sea" Adverb ADV lang:es 00:00:40 00:00:45 tt-1034 MM052_1989_GV_FA2011_JT_05 ID:139 
"<,>"
	"," Punctuation CM lang:es 00:00:40 00:00:45 tt-1035 MM052_1989_GV_FA2011_JT_05 
"<el>"
	"el" Determiner ART Singular lang:es 00:00:40 00:00:45 tt-1036 MM052_1989_GV_FA2011_JT_05 @Gram:Det:Art 
"<mezclar>"
	"mezclar" Verb VLinf Infinitive lang:es 00:00:40 00:00:45 tt-1037 MM052_1989_GV_FA2011_JT_05 
"<las>"
	"el" Determiner ART Plural lang:es 00:00:40 00:00:45 tt-1038 MM052_1989_GV_FA2011_JT_05 @Gram:Det:Art 
"<lenguas>"
	"lengua" Noun NC Plural lang:es 00:00:40 00:00:45 tt-1039 MM052_1989_GV_FA2011_JT_05 
"<es>"
	"ser" Verb VSfin Pres Indi Sing 3rd lang:es 00:00:40 00:00:45 tt-1040 MM052_1989_GV_FA2011_JT_05 @Gram:SerEstar:Ser 
"<normal>"
	"normal" Adjective ADJ Singular lang:es 00:00:40 00:00:45 tt-1041 MM052_1989_GV_FA2011_JT_05 
"<es>"
	"ser" Verb VSfin Pres Indi Sing 3rd lang:es 00:00:40 00:00:45 tt-1042 MM052_1989_GV_FA2011_JT_05 @Gram:SerEstar:Ser 
"<una>"
	"un" Determiner ART Singular lang:es 00:00:40 00:00:45 tt-1043 MM052_1989_GV_FA2011_JT_05 
"<manera>"
	"manera" Noun NC Singular lang:es 00:00:40 00:00:45 tt-1044 MM052_1989_GV_FA2011_JT_05 
"<de>"
	"de" Preposition PREP lang:es 00:00:40 00:00:45 tt-1045 MM052_1989_GV_FA2011_JT_05 @Gram:Prep 
"<cómo>"
	"cómo" Adverb ADV lang:es 00:00:40 00:00:45 tt-1046 MM052_1989_GV_FA2011_JT_05 
"<la>"
	"el" Determiner ART Singular lang:es 00:00:40 00:00:45 tt-1047 MM052_1989_GV_FA2011_JT_05 @Gram:Det:Art 
"<gente>"
	"gente" Noun NC Singular lang:es 00:00:40 00:00:45 tt-1048 MM052_1989_GV_FA2011_JT_05 
"<se>"
	"se" Other SE lang:es 00:00:40 00:00:45 tt-1049 MM052_1989_GV_FA2011_JT_05 
"<comunica>"
	"comunicar" Verb VLfin Pres Indi Sing 3rd lang:es 00:00:40 00:00:45 tt-1050 MM052_1989_GV_FA2011_JT_05 
"<$.>"
	"." Punctuation FS lang:es 00:00:40 00:00:45 tt-1051 MM052_1989_GV_FA2011_JT_05 
</speaker>
<speaker type="int">

"<$¿>"
	"¿" Punctuation FS lang:es 00:00:45 00:00:50 tt-1052 MM052_1989_GV_FA2011_JT_05 
"<Y>"
	"Y" Other ALFS lang:es 00:00:45 00:00:50 tt-1053 MM052_1989_GV_FA2011_JT_05 
"<...>"
	"..." Punctuation DOTS lang:es 00:00:45 00:00:50 tt-1054 MM052_1989_GV_FA2011_JT_05 
"<y>"
	"Y" Other ALFS lang:es 00:00:45 00:00:50 tt-1055 MM052_1989_GV_FA2011_JT_05 
"<con>"
	"con" Preposition PREP lang:es 00:00:45 00:00:50 tt-1056 MM052_1989_GV_FA2011_JT_05 @Gram:Prep 
"<quien>"
	"quien" Pronoun REL Singular lang:es 00:00:45 00:00:50 tt-1057 MM052_1989_GV_FA2011_JT_05 
"<mezclas>"
	"mezclar" Verb VLfin Pres Indi Sing 2nd lang:es 00:00:45 00:00:50 tt-1058 MM052_1989_GV_FA2011_JT_05 
"<las>"
	"el" Determiner ART Plural lang:es 00:00:45 00:00:50 tt-1059 MM052_1989_GV_FA2011_JT_05 @Gram:Det:Art 
"<dos>"
	"dos" Determiner CARD Plural lang:es 00:00:45 00:00:50 tt-1060 MM052_1989_GV_FA2011_JT_05 
"<lenguas>"
	"lengua" Noun NC Plural lang:es 00:00:45 00:00:50 tt-1061 MM052_1989_GV_FA2011_JT_05 
"<$?>"
	"?" Punctuation FS lang:es 00:00:45 00:00:50 tt-1062 MM052_1989_GV_FA2011_JT_05 

"<$¿>"
	"¿" Punctuation FS lang:es 00:00:45 00:00:50 tt-1063 MM052_1989_GV_FA2011_JT_05 
"<Con>"
	"con" Preposition PREP lang:es 00:00:45 00:00:50 tt-1064 MM052_1989_GV_FA2011_JT_05 @Gram:Prep 
"<todos>"
	"todo" Determiner QU lang:es 00:00:45 00:00:50 tt-1065 MM052_1989_GV_FA2011_JT_05 
"<,>"
	"," Punctuation CM lang:es 00:00:45 00:00:50 tt-1066 MM052_1989_GV_FA2011_JT_05 
"<o>"
	"o" Other ALFS lang:es 00:00:45 00:00:50 tt-1067 MM052_1989_GV_FA2011_JT_05 
"<$?>"
	"?" Punctuation FS lang:es 00:00:45 00:00:50 tt-1068 MM052_1989_GV_FA2011_JT_05 
</speaker>
<speaker type="subj">

"<No>"
	"no" Adverb NEG lang:es 00:00:50 00:00:56 tt-1069 MM052_1989_GV_FA2011_JT_05 
"<$.>"
	"." Punctuation FS lang:es 00:00:50 00:00:56 tt-1070 MM052_1989_GV_FA2011_JT_05 

"<Esa>"
	"ese" Determiner DM Singular lang:es 00:00:50 00:00:56 tt-1071 MM052_1989_GV_FA2011_JT_05 
"<es>"
	"ser" Verb VSfin Pres Indi Sing 3rd lang:es 00:00:50 00:00:56 tt-1072 MM052_1989_GV_FA2011_JT_05 @Gram:SerEstar:Ser 
"<una>"
	"un" Determiner ART Singular lang:es 00:00:50 00:00:56 tt-1073 MM052_1989_GV_FA2011_JT_05 
"<pregunta>"
	"pregunta" Noun NC Singular lang:es 00:00:50 00:00:56 tt-1074 MM052_1989_GV_FA2011_JT_05 
"<muy>"
	"muy" Adverb ADV lang:es 00:00:50 00:00:56 tt-1075 MM052_1989_GV_FA2011_JT_05 
"<interesante>"
	"interesante" Adjective ADJ Singular lang:es 00:00:50 00:00:56 tt-1076 MM052_1989_GV_FA2011_JT_05 
"<$.>"
	"." Punctuation FS lang:es 00:00:50 00:00:56 tt-1077 MM052_1989_GV_FA2011_JT_05 

"<Cuando>"
	"cuando" Conjunction CSUBX lang:es 00:00:50 00:00:56 tt-1078 MM052_1989_GV_FA2011_JT_05 
"<estás>"
	"estar" Verb VEfin Pres Indi Sing 2nd lang:es 00:00:50 00:00:56 tt-1079 MM052_1989_GV_FA2011_JT_05 @Gram:SerEstar:Estar 
"<con>"
	"con" Preposition PREP lang:es 00:00:50 00:00:56 tt-1080 MM052_1989_GV_FA2011_JT_05 @Gram:Prep 
"<los>"
	"el" Determiner ART Plural lang:es 00:00:50 00:00:56 tt-1081 MM052_1989_GV_FA2011_JT_05 @Gram:Det:Art 
"<amigos>"
	"amigo" Noun NC Plural lang:es 00:00:50 00:00:56 tt-1082 MM052_1989_GV_FA2011_JT_05 
"<...>"
	"..." Punctuation DOTS lang:es 00:00:50 00:00:56 tt-1083 MM052_1989_GV_FA2011_JT_05 
"<no>"
	"no" Adverb NEG lang:es 00:00:50 00:00:56 tt-1084 MM052_1989_GV_FA2011_JT_05 
"<sé>"
	"saber|ser" Verb VLfin Pres Indi Sing 1st lang:es 00:00:50 00:00:56 tt-1085 MM052_1989_GV_FA2011_JT_05 
"<a>"
	"a" Preposition PREP lang:es 00:00:50 00:00:56 tt-1086 MM052_1989_GV_FA2011_JT_05 @Gram:Prep 
"<qué>"
	"qué" Pronoun INT Singular lang:es 00:00:50 00:00:56 tt-1087 MM052_1989_GV_FA2011_JT_05 
"<se>"
	"se" Other SE lang:es 00:00:56 00:01:01 tt-1088 MM052_1989_GV_FA2011_JT_05 @Gram:Pron:Otros 
"<deba>"
	"deber" Verb VMfin lang:es 00:00:56 00:01:01 tt-1089 MM052_1989_GV_FA2011_JT_05 
"<...>"
	"..." Punctuation DOTS lang:es 00:00:56 00:01:01 tt-1090 MM052_1989_GV_FA2011_JT_05 
"<pero>"
	"pero" Conjunction CC lang:es 00:00:56 00:01:01 tt-1091 MM052_1989_GV_FA2011_JT_05 @Prag:MarcadoresDisc:Revision 
"<una>"
	"un" Determiner ART Singular lang:es 00:00:56 00:01:01 tt-1092 MM052_1989_GV_FA2011_JT_05 
"<mezcla>"
	"mezcla" Noun NC Singular lang:es 00:00:56 00:01:01 tt-1093 MM052_1989_GV_FA2011_JT_05 
"<más>"
	"más" Adverb ADV lang:es 00:00:56 00:01:01 tt-1094 MM052_1989_GV_FA2011_JT_05 
"<la>"
	"el" Determiner ART Singular lang:es 00:00:56 00:01:01 tt-1095 MM052_1989_GV_FA2011_JT_05 @Gram:Det:Art 
"<lengua>"
	"lengua" Noun NC Singular lang:es 00:00:56 00:01:01 tt-1096 MM052_1989_GV_FA2011_JT_05 
"<$.>"
	"." Punctuation FS lang:es 00:00:56 00:01:01 tt-1097 MM052_1989_GV_FA2011_JT_05 

"<A>"
	"a" Preposition PREP lang:es 00:00:56 00:01:01 tt-1098 MM052_1989_GV_FA2011_JT_05 @Gram:Prep 
"<lo>"
	"el" Determiner ART Singular lang:es 00:00:56 00:01:01 tt-1099 MM052_1989_GV_FA2011_JT_05 
"<que>"
	"que" Conjunction CQUE lang:es 00:00:56 00:01:01 tt-1100 MM052_1989_GV_FA2011_JT_05 
"<se>"
	"se" Other SE lang:es 00:00:56 00:01:01 tt-1101 MM052_1989_GV_FA2011_JT_05 
"<dice>"
	"decir" Verb VLfin Pres Indi Sing 3rd lang:es 00:00:56 00:01:01 tt-1102 MM052_1989_GV_FA2011_JT_05 
"<el>"
	"el" Determiner ART Singular lang:es 00:00:56 00:01:01 tt-1103 MM052_1989_GV_FA2011_JT_05 @Gram:Det:Art 
"<tex-mex>"
	"UNK" Noun NC Singular lang:es 00:00:56 00:01:01 tt-1104 MM052_1989_GV_FA2011_JT_05 
"<o>"
	"o" Conjunction CC lang:es 00:00:56 00:01:01 tt-1105 MM052_1989_GV_FA2011_JT_05 
"<el>"
	"el" Determiner ART Singular lang:es 00:00:56 00:01:01 tt-1106 MM052_1989_GV_FA2011_JT_05 @Gram:Det:Art 
"<Spanglish>"
	"UNK" Noun NP Singular lang:es 00:00:56 00:01:01 tt-1107 MM052_1989_GV_FA2011_JT_05 
"<con>"
	"con" Preposition PREP lang:es 00:01:01 00:01:07 tt-1108 MM052_1989_GV_FA2011_JT_05 @Gram:Prep 
"<los>"
	"el" Determiner ART Plural lang:es 00:01:01 00:01:07 tt-1109 MM052_1989_GV_FA2011_JT_05 @Gram:Det:Art 
"<amigos>"
	"amigo" Noun NC Plural lang:es 00:01:01 00:01:07 tt-1110 MM052_1989_GV_FA2011_JT_05 
"<y>"
	"y" Conjunction CC lang:es 00:01:01 00:01:07 tt-1111 MM052_1989_GV_FA2011_JT_05 
"<será>"
	"ser" Verb VSfin Fut Indi Sing 3rd lang:es 00:01:01 00:01:07 tt-1112 MM052_1989_GV_FA2011_JT_05 @Gram:SerEstar:Ser 
"<pues>"
	"pues" Conjunction CSUBF lang:es 00:01:01 00:01:07 tt-1113 MM052_1989_GV_FA2011_JT_05 
"<acaso>"
	"acaso" Adverb ADV lang:es 00:01:01 00:01:07 tt-1114 MM052_1989_GV_FA2011_JT_05 
"<,>"
	"," Punctuation CM lang:es 00:01:01 00:01:07 tt-1115 MM052_1989_GV_FA2011_JT_05 
"<no>"
	"no" Adverb NEG lang:es 00:01:01 00:01:07 tt-1116 MM052_1989_GV_FA2011_JT_05 
"<sé>"
	"saber|ser" Verb VLfin Pres Indi Sing 1st lang:es 00:01:01 00:01:07 tt-1117 MM052_1989_GV_FA2011_JT_05 
"<,>"
	"," Punctuation CM lang:es 00:01:01 00:01:07 tt-1118 MM052_1989_GV_FA2011_JT_05 
"<será>"
	"ser" Verb VSfin Fut Indi Sing 3rd lang:es 00:01:01 00:01:07 tt-1119 MM052_1989_GV_FA2011_JT_05 @Gram:SerEstar:Ser 
"<el>"
	"el" Determiner ART Singular lang:es 00:01:01 00:01:07 tt-1120 MM052_1989_GV_FA2011_JT_05 @Gram:Det:Art 
"<ambiente>"
	"ambiente" Noun NC Singular lang:es 00:01:01 00:01:07 tt-1121 MM052_1989_GV_FA2011_JT_05 
"<o>"
	"o" Conjunction CC lang:es 00:01:01 00:01:07 tt-1122 MM052_1989_GV_FA2011_JT_05 
"<como>"
	"como" Conjunction CSUBX lang:es 00:01:01 00:01:07 tt-1123 MM052_1989_GV_FA2011_JT_05 
"<se>"
	"se" Other SE lang:es 00:01:01 00:01:07 tt-1124 MM052_1989_GV_FA2011_JT_05 
"<siente>"
	"sentar|sentir" Verb VLfin Pres Indi Sing 3rd lang:es 00:01:01 00:01:07 tt-1125 MM052_1989_GV_FA2011_JT_05 
"<con>"
	"con" Preposition PREP lang:es 00:01:01 00:01:07 tt-1126 MM052_1989_GV_FA2011_JT_05 @Gram:Prep 
"<ellos>"
	"él" Pronoun PPX Plural lang:es 00:01:01 00:01:07 tt-1127 MM052_1989_GV_FA2011_JT_05 @Gram:Pron:Sujeto 
"<$.>"
	"." Punctuation FS lang:es 00:01:01 00:01:07 tt-1128 MM052_1989_GV_FA2011_JT_05 

"<Más>"
	"más" Adverb ADV lang:es 00:01:07 00:01:12 tt-1129 MM052_1989_GV_FA2011_JT_05 
"<que>"
	"que" Conjunction CQUE lang:es 00:01:07 00:01:12 tt-1130 MM052_1989_GV_FA2011_JT_05 
"<en>"
	"en" Preposition PREP lang:es 00:01:07 00:01:12 tt-1131 MM052_1989_GV_FA2011_JT_05 @Gram:Prep 
"<la>"
	"el" Determiner ART Singular lang:es 00:01:07 00:01:12 tt-1132 MM052_1989_GV_FA2011_JT_05 @Gram:Det:Art 
"<área>"
	"área" Noun NC Singular lang:es 00:01:07 00:01:12 tt-1133 MM052_1989_GV_FA2011_JT_05 
"<que>"
	"que" Conjunction CQUE lang:es 00:01:07 00:01:12 tt-1134 MM052_1989_GV_FA2011_JT_05 
"<es>"
	"ser" Verb VSfin Pres Indi Sing 3rd lang:es 00:01:07 00:01:12 tt-1135 MM052_1989_GV_FA2011_JT_05 @Gram:SerEstar:Ser 
"<profesional>"
	"profesional" Adjective ADJ Singular lang:es 00:01:07 00:01:12 tt-1136 MM052_1989_GV_FA2011_JT_05 
"<$.>"
	"." Punctuation FS lang:es 00:01:07 00:01:12 tt-1137 MM052_1989_GV_FA2011_JT_05 

"<Hablas>"
	"hablar" Verb VLfin Pres Indi Sing 2nd lang:es 00:01:07 00:01:12 tt-1138 MM052_1989_GV_FA2011_JT_05 
"<más>"
	"más" Adverb ADV lang:es 00:01:07 00:01:12 tt-1139 MM052_1989_GV_FA2011_JT_05 
"<como>"
	"como" Conjunction CSUBX lang:es 00:01:07 00:01:12 tt-1140 MM052_1989_GV_FA2011_JT_05 
"<...>"
	"..." Punctuation DOTS lang:es 00:01:07 00:01:12 tt-1141 MM052_1989_GV_FA2011_JT_05 
"<eh>"
	"eh" Noun NP Singular lang:es 00:01:07 00:01:12 tt-1142 MM052_1989_GV_FA2011_JT_05 
"<...>"
	"..." Punctuation DOTS lang:es 00:01:07 00:01:12 tt-1143 MM052_1989_GV_FA2011_JT_05 
"<todo>"
	"todo" Determiner QU lang:es 00:01:07 00:01:12 tt-1144 MM052_1989_GV_FA2011_JT_05 
"<el>"
	"el" Determiner ART Singular lang:es 00:01:07 00:01:12 tt-1145 MM052_1989_GV_FA2011_JT_05 @Gram:Det:Art 
"<español>"
	"español" Noun NC Singular lang:es 00:01:07 00:01:12 tt-1146 MM052_1989_GV_FA2011_JT_05 
"<correcto>"
	"correcto" Adjective ADJ Singular lang:es 00:01:07 00:01:12 tt-1147 MM052_1989_GV_FA2011_JT_05 
"<,>"
	"," Punctuation CM lang:es 00:01:07 00:01:12 tt-1148 MM052_1989_GV_FA2011_JT_05 
"<bueno>"
	"bueno" Adjective ADJ Singular lang:es 00:01:12 00:01:17 tt-1149 MM052_1989_GV_FA2011_JT_05 
"<...>"
	"..." Punctuation DOTS lang:es 00:01:12 00:01:17 tt-1150 MM052_1989_GV_FA2011_JT_05 
"<que>"
	"que" Conjunction CQUE lang:es 00:01:12 00:01:17 tt-1151 MM052_1989_GV_FA2011_JT_05 
"<sea>"
	"ser" Verb VSfin Pres Subj Sing 1st_or_3rd lang:es 00:01:12 00:01:17 tt-1152 MM052_1989_GV_FA2011_JT_05 @Gram:MSub:Pres @Gram:SerEstar:Ser 
"<correcto>"
	"correcto" Adjective ADJ Singular lang:es 00:01:12 00:01:17 tt-1153 MM052_1989_GV_FA2011_JT_05 
"<o>"
	"o" Conjunction CC lang:es 00:01:12 00:01:17 tt-1154 MM052_1989_GV_FA2011_JT_05 
"<hablas>"
	"hablar" Verb VLfin Pres Indi Sing 2nd lang:es 00:01:12 00:01:17 tt-1155 MM052_1989_GV_FA2011_JT_05 
"<el>"
	"el" Determiner ART Singular lang:es 00:01:12 00:01:17 tt-1156 MM052_1989_GV_FA2011_JT_05 @Gram:Det:Art 
"<inglés>"
	"inglés" Noun NC Plural lang:es 00:01:12 00:01:17 tt-1157 MM052_1989_GV_FA2011_JT_05 
"<$.>"
	"." Punctuation FS lang:es 00:01:12 00:01:17 tt-1158 MM052_1989_GV_FA2011_JT_05 

"<Todo>"
	"todo" Determiner QU lang:es 00:01:12 00:01:17 tt-1159 MM052_1989_GV_FA2011_JT_05 
"<es>"
	"ser" Verb VSfin Pres Indi Sing 3rd lang:es 00:01:12 00:01:17 tt-1160 MM052_1989_GV_FA2011_JT_05 @Gram:SerEstar:Ser 
"<...>"
	"..." Punctuation DOTS lang:es 00:01:12 00:01:17 tt-1161 MM052_1989_GV_FA2011_JT_05 
"<depende>"
	"depender" Verb VLfin Pres Indi Sing 3rd lang:es 00:01:12 00:01:17 tt-1162 MM052_1989_GV_FA2011_JT_05 
"<del>"
	"del" Preposition PDEL lang:es 00:01:12 00:01:17 tt-1163 MM052_1989_GV_FA2011_JT_05 
"<ambiente>"
	"ambiente" Noun NC Singular lang:es 00:01:12 00:01:17 tt-1164 MM052_1989_GV_FA2011_JT_05 
"<$.>"
	"." Punctuation FS lang:es 00:01:12 00:01:17 tt-1165 MM052_1989_GV_FA2011_JT_05 
</speaker>
<speaker type="int">

"<$¿>"
	"¿" Punctuation FS lang:es 00:01:17 00:01:21 tt-1166 MM052_1989_GV_FA2011_JT_05 
"<Y>"
	"y" Conjunction CC lang:es 00:01:17 00:01:21 tt-1167 MM052_1989_GV_FA2011_JT_05 
"<con>"
	"con" Preposition PREP lang:es 00:01:17 00:01:21 tt-1168 MM052_1989_GV_FA2011_JT_05 @Gram:Prep 
"<tu>"
	"tú" Pronoun PPX Singular lang:es 00:01:17 00:01:21 tt-1169 MM052_1989_GV_FA2011_JT_05 @Gram:Pron:Sujeto 
"<familia>"
	"familia" Noun NC Singular lang:es 00:01:17 00:01:21 tt-1170 MM052_1989_GV_FA2011_JT_05 
"<,>"
	"," Punctuation CM lang:es 00:01:17 00:01:21 tt-1171 MM052_1989_GV_FA2011_JT_05 
"<por>"
	"por" Preposition PREP lang:es 00:01:17 00:01:21 tt-1172 MM052_1989_GV_FA2011_JT_05 @Gram:Prep:Por 
"<lo>"
	"el" Determiner ART Singular lang:es 00:01:17 00:01:21 tt-1173 MM052_1989_GV_FA2011_JT_05 
"<español>"
	"español" Noun NC Singular lang:es 00:01:17 00:01:21 tt-1174 MM052_1989_GV_FA2011_JT_05 
"<o>"
	"o" Conjunction CC lang:es 00:01:17 00:01:21 tt-1175 MM052_1989_GV_FA2011_JT_05 
"<con>"
	"con" Preposition PREP lang:es 00:01:17 00:01:21 tt-1176 MM052_1989_GV_FA2011_JT_05 @Gram:Prep 
"<mezclas>"
	"mezcla" Noun NC Plural lang:es 00:01:17 00:01:21 tt-1177 MM052_1989_GV_FA2011_JT_05 
"<también>"
	"también" Adverb ADV lang:es 00:01:17 00:01:21 tt-1178 MM052_1989_GV_FA2011_JT_05 @Prag:MarcadoresDisc:Igualdad 
"<$?>"
	"?" Punctuation FS lang:es 00:01:17 00:01:21 tt-1179 MM052_1989_GV_FA2011_JT_05 
</speaker>
<speaker type="subj">

"<Con>"
	"con" Preposition PREP lang:es 00:01:21 00:01:25 tt-1180 MM052_1989_GV_FA2011_JT_05 @Gram:Prep 
"<mi>"
	"mío" Pronoun PPO Singular lang:es 00:01:21 00:01:25 tt-1181 MM052_1989_GV_FA2011_JT_05 
"<familia>"
	"familia" Noun NC Singular lang:es 00:01:21 00:01:25 tt-1182 MM052_1989_GV_FA2011_JT_05 
"<,>"
	"," Punctuation CM lang:es 00:01:21 00:01:25 tt-1183 MM052_1989_GV_FA2011_JT_05 
"<con>"
	"con" Preposition PREP lang:es 00:01:21 00:01:25 tt-1184 MM052_1989_GV_FA2011_JT_05 @Gram:Prep 
"<mis>"
	"UNK" Noun NC Plural lang:es 00:01:21 00:01:25 tt-1185 MM052_1989_GV_FA2011_JT_05 
"<padres>"
	"padre" Noun NC Plural lang:es 00:01:21 00:01:25 tt-1186 MM052_1989_GV_FA2011_JT_05 
"<el>"
	"el" Determiner ART Singular lang:es 00:01:21 00:01:25 tt-1187 MM052_1989_GV_FA2011_JT_05 @Gram:Det:Art 
"<español>"
	"español" Noun NC Singular lang:es 00:01:21 00:01:25 tt-1188 MM052_1989_GV_FA2011_JT_05 
"<$.>"
	"." Punctuation FS lang:es 00:01:21 00:01:25 tt-1189 MM052_1989_GV_FA2011_JT_05 

"<Con>"
	"con" Preposition PREP lang:es 00:01:21 00:01:25 tt-1190 MM052_1989_GV_FA2011_JT_05 @Gram:Prep 
"<mis>"
	"UNK" Noun NC Plural lang:es 00:01:21 00:01:25 tt-1191 MM052_1989_GV_FA2011_JT_05 
"<hermanos>"
	"hermano" Noun NC Plural lang:es 00:01:21 00:01:25 tt-1192 MM052_1989_GV_FA2011_JT_05 
"<el>"
	"el" Determiner ART Singular lang:es 00:01:21 00:01:25 tt-1193 MM052_1989_GV_FA2011_JT_05 @Gram:Det:Art 
"<inglés>"
	"inglés" Noun NC Plural lang:es 00:01:21 00:01:25 tt-1194 MM052_1989_GV_FA2011_JT_05 
"<y>"
	"y" Conjunction CC lang:es 00:01:21 00:01:25 tt-1195 MM052_1989_GV_FA2011_JT_05 
"<el>"
	"el" Determiner ART Singular lang:es 00:01:21 00:01:25 tt-1196 MM052_1989_GV_FA2011_JT_05 @Gram:Det:Art 
"<español>"
	"español" Noun NC Singular lang:es 00:01:21 00:01:25 tt-1197 MM052_1989_GV_FA2011_JT_05 
"<$.>"
	"." Punctuation FS lang:es 00:01:21 00:01:25 tt-1198 MM052_1989_GV_FA2011_JT_05 
</speaker>
<speaker type="int">

"<$¿>"
	"¿" Punctuation FS lang:es 00:01:25 00:01:30 tt-1199 MM052_1989_GV_FA2011_JT_05 
"<Y>"
	"Y" Other ALFS lang:es 00:01:25 00:01:30 tt-1200 MM052_1989_GV_FA2011_JT_05 
"<...>"
	"..." Punctuation DOTS lang:es 00:01:25 00:01:30 tt-1201 MM052_1989_GV_FA2011_JT_05 
"<y>"
	"Y" Other ALFS lang:es 00:01:25 00:01:30 tt-1202 MM052_1989_GV_FA2011_JT_05 
"<...>"
	"..." Punctuation DOTS lang:es 00:01:25 00:01:30 tt-1203 MM052_1989_GV_FA2011_JT_05 
"<y>"
	"Y" Other ALFS lang:es 00:01:25 00:01:30 tt-1204 MM052_1989_GV_FA2011_JT_05 
"<con>"
	"con" Preposition PREP lang:es 00:01:25 00:01:30 tt-1205 MM052_1989_GV_FA2011_JT_05 @Gram:Prep 
"<los>"
	"el" Determiner ART Plural lang:es 00:01:25 00:01:30 tt-1206 MM052_1989_GV_FA2011_JT_05 @Gram:Det:Art 
"<estudiantes>"
	"estudiante" Noun NC Plural lang:es 00:01:25 00:01:30 tt-1207 MM052_1989_GV_FA2011_JT_05 
"<,>"
	"," Punctuation CM lang:es 00:01:25 00:01:30 tt-1208 MM052_1989_GV_FA2011_JT_05 
"<ellos>"
	"él" Pronoun PPX Plural lang:es 00:01:25 00:01:30 tt-1209 MM052_1989_GV_FA2011_JT_05 @Gram:Pron:Sujeto 
"<mezclan>"
	"mezclar" Verb VLfin Pres Indi Plural 3rd lang:es 00:01:25 00:01:30 tt-1210 MM052_1989_GV_FA2011_JT_05 
"<las>"
	"el" Determiner ART Plural lang:es 00:01:25 00:01:30 tt-1211 MM052_1989_GV_FA2011_JT_05 @Gram:Det:Art 
"<lenguas>"
	"lengua" Noun NC Plural lang:es 00:01:25 00:01:30 tt-1212 MM052_1989_GV_FA2011_JT_05 
"<por>"
	"por" Preposition PREP Conjunction CSUBF lang:es 00:01:25 00:01:30 tt-1213 MM052_1989_GV_FA2011_JT_05 @Gram:Prep:Por ID:318 R:Prag:MarcadoresDisc:Causa:320 
"<lo>"
	"lo" Conjunction CSUBF lang:es 00:01:25 00:01:30 tt-1214 MM052_1989_GV_FA2011_JT_05 
"<tanto>"
	"tanto" Conjunction CSUBF lang:es 00:01:25 00:01:30 tt-1215 MM052_1989_GV_FA2011_JT_05 ID:320 
"<$?>"
	"?" Punctuation FS lang:es 00:01:25 00:01:30 tt-1216 MM052_1989_GV_FA2011_JT_05 

"<Sí>"
	"sí" Adverb ADV lang:es 00:01:30 00:01:36 tt-1217 MM052_1989_GV_FA2011_JT_05 
"<,>"
	"," Punctuation CM lang:es 00:01:30 00:01:36 tt-1218 MM052_1989_GV_FA2011_JT_05 
"<sí>"
	"sí" Adverb ADV lang:es 00:01:30 00:01:36 tt-1219 MM052_1989_GV_FA2011_JT_05 
"<lo>"
	"él" Pronoun PPC Singular lang:es 00:01:30 00:01:36 tt-1220 MM052_1989_GV_FA2011_JT_05 @Gram:Pron:Objeto 
"<mezclan>"
	"mezclar" Verb VLfin Pres Indi Plural 3rd lang:es 00:01:30 00:01:36 tt-1221 MM052_1989_GV_FA2011_JT_05 
"<mucho>"
	"mucho" Adverb ADV lang:es 00:01:30 00:01:36 tt-1222 MM052_1989_GV_FA2011_JT_05 
"<$.>"
	"." Punctuation FS lang:es 00:01:30 00:01:36 tt-1223 MM052_1989_GV_FA2011_JT_05 

"<Pero>"
	"pero" Conjunction CCAD lang:es 00:01:30 00:01:36 tt-1224 MM052_1989_GV_FA2011_JT_05 @Prag:MarcadoresDisc:Revision 
"<es>"
	"ser" Verb VSfin Pres Indi Sing 3rd lang:es 00:01:30 00:01:36 tt-1225 MM052_1989_GV_FA2011_JT_05 @Gram:SerEstar:Ser 
"<otra>"
	"otro" Determiner QU lang:es 00:01:30 00:01:36 tt-1226 MM052_1989_GV_FA2011_JT_05 
"<vez>"
	"vez" Noun NC Singular lang:es 00:01:30 00:01:36 tt-1227 MM052_1989_GV_FA2011_JT_05 
"<,>"
	"," Punctuation CM lang:es 00:01:30 00:01:36 tt-1228 MM052_1989_GV_FA2011_JT_05 
"<viene>"
	"venir" Verb VLfin Pres Indi Sing 3rd lang:es 00:01:30 00:01:36 tt-1229 MM052_1989_GV_FA2011_JT_05 
"<a>"
	"a" Preposition PREP lang:es 00:01:30 00:01:36 tt-1230 MM052_1989_GV_FA2011_JT_05 @Gram:Prep 
"<lo>"
	"el" Determiner ART Singular lang:es 00:01:30 00:01:36 tt-1231 MM052_1989_GV_FA2011_JT_05 @Gram:Det:Art 
"<mismo>"
	"mismo" Adjective ADJ Singular lang:es 00:01:30 00:01:36 tt-1232 MM052_1989_GV_FA2011_JT_05 
"<,>"
	"," Punctuation CM lang:es 00:01:30 00:01:36 tt-1233 MM052_1989_GV_FA2011_JT_05 
"<estamos>"
	"estar" Verb VEfin Pres Indi Plural 1st lang:es 00:01:30 00:01:36 tt-1234 MM052_1989_GV_FA2011_JT_05 @Gram:SerEstar:Estar 
"<en>"
	"en" Preposition PREP lang:es 00:01:30 00:01:36 tt-1235 MM052_1989_GV_FA2011_JT_05 @Gram:Prep 
"<el>"
	"el" Determiner ART Singular lang:es 00:01:30 00:01:36 tt-1236 MM052_1989_GV_FA2011_JT_05 @Gram:Det:Art 
"<valle>"
	"valle" Noun NC Singular lang:es 00:01:30 00:01:36 tt-1237 MM052_1989_GV_FA2011_JT_05 
"<$.>"
	"." Punctuation FS lang:es 00:01:30 00:01:36 tt-1238 MM052_1989_GV_FA2011_JT_05 

"<Yo>"
	"yo" Pronoun PPX Singular lang:es 00:01:36 00:01:39 tt-1239 MM052_1989_GV_FA2011_JT_05 @Gram:Pron:Sujeto 
"<considero>"
	"considerar" Verb VLfin Pres Indi Sing 1st lang:es 00:01:36 00:01:39 tt-1240 MM052_1989_GV_FA2011_JT_05 
"<como>"
	"como" Conjunction CSUBX lang:es 00:01:36 00:01:39 tt-1241 MM052_1989_GV_FA2011_JT_05 
"<el>"
	"el" Determiner ART Singular lang:es 00:01:36 00:01:39 tt-1242 MM052_1989_GV_FA2011_JT_05 @Gram:Det:Art 
"<nuevo>"
	"nuevo" Adjective ADJ Singular lang:es 00:01:36 00:01:39 tt-1243 MM052_1989_GV_FA2011_JT_05 
"<idioma>"
	"idioma" Noun NC Singular lang:es 00:01:36 00:01:39 tt-1244 MM052_1989_GV_FA2011_JT_05 
"<del>"
	"del" Preposition PDEL lang:es 00:01:36 00:01:39 tt-1245 MM052_1989_GV_FA2011_JT_05 
"<valle>"
	"valle" Noun NC Singular lang:es 00:01:36 00:01:39 tt-1246 MM052_1989_GV_FA2011_JT_05 
"<como>"
	"como" Conjunction CSUBX lang:es 00:01:36 00:01:39 tt-1247 MM052_1989_GV_FA2011_JT_05 
"<mencioné>"
	"mencionar" Verb VLfin Pret Indi Sing 1st lang:es 00:01:36 00:01:39 tt-1248 MM052_1989_GV_FA2011_JT_05 @Gram:Indefinido 
"<anteriormente>"
	"anteriormente" Adverb ADV lang:es 00:01:36 00:01:39 tt-1249 MM052_1989_GV_FA2011_JT_05 
"<$.>"
	"." Punctuation FS lang:es 00:01:36 00:01:39 tt-1250 MM052_1989_GV_FA2011_JT_05 
</speaker>
</text>

