<text id="MM067_1993_CT_SU2012_CL_01">
<speaker type="int">
"<$¿>"
	"¿" Punctuation FS lang:es 00:00:00 00:00:04 tt-12 MM067_1993_CT_SU2012_CL_01 
"<Me>"
	"yo" Pronoun PPX Singular lang:es 00:00:00 00:00:04 tt-13 MM067_1993_CT_SU2012_CL_01 @Gram:Pron:Objeto 
"<puedes>"
	"poder" Verb VLfin Pres Indi Sing 2nd lang:es 00:00:00 00:00:04 tt-14 MM067_1993_CT_SU2012_CL_01 
"<contar>"
	"contar" Verb VLinf Infinitive lang:es 00:00:00 00:00:04 tt-15 MM067_1993_CT_SU2012_CL_01 
"<un>"
	"un" Determiner ART Singular lang:es 00:00:00 00:00:04 tt-16 MM067_1993_CT_SU2012_CL_01 
"<poco>"
	"pocos" Determiner QU lang:es 00:00:00 00:00:04 tt-17 MM067_1993_CT_SU2012_CL_01 
"<de>"
	"de" Preposition PREP lang:es 00:00:00 00:00:04 tt-18 MM067_1993_CT_SU2012_CL_01 @Gram:Prep 
"<dónde>"
	"dónde" Adverb ADV lang:es 00:00:00 00:00:04 tt-19 MM067_1993_CT_SU2012_CL_01 
"<hiciste>"
	"hacer" Verb VLfin Pret Indi Sing 2nd lang:es 00:00:00 00:00:04 tt-20 MM067_1993_CT_SU2012_CL_01 @Gram:Indefinido 
"<la>"
	"el" Determiner ART Singular Fem lang:es 00:00:00 00:00:04 tt-21 MM067_1993_CT_SU2012_CL_01 @Gram:Det:Art 
"<primaria>"
	"primario" Adjective ADJ Singular lang:es 00:00:00 00:00:04 tt-22 MM067_1993_CT_SU2012_CL_01 
"<$?>"
	"?" Punctuation FS lang:es 00:00:00 00:00:04 tt-23 MM067_1993_CT_SU2012_CL_01 
</speaker>
<speaker type="subj">

"<Ehm>"
	"ehm" Noun NP Singular lang:es 00:00:04 00:00:11 tt-24 MM067_1993_CT_SU2012_CL_01 
"<,>"
	"," Punctuation CM lang:es 00:00:04 00:00:11 tt-25 MM067_1993_CT_SU2012_CL_01 
"<durante>"
	"durante" Preposition PREP lang:es 00:00:04 00:00:11 tt-26 MM067_1993_CT_SU2012_CL_01 @Gram:Prep 
"<la>"
	"el" Determiner ART Singular Fem lang:es 00:00:04 00:00:11 tt-27 MM067_1993_CT_SU2012_CL_01 @Gram:Det:Art 
"<primaria>"
	"primario" Adjective ADJ Singular lang:es 00:00:04 00:00:11 tt-28 MM067_1993_CT_SU2012_CL_01 
"<,>"
	"," Punctuation CM lang:es 00:00:04 00:00:11 tt-29 MM067_1993_CT_SU2012_CL_01 
"<empecé>"
	"empezar" Verb VLfin Pret Indi Sing 1st lang:es 00:00:04 00:00:11 tt-30 MM067_1993_CT_SU2012_CL_01 @Gram:Indefinido ID:19 R:Vocab:Fraseol:VerbPrep:20 
"<desde>"
	"desde" Preposition PREP lang:es 00:00:04 00:00:11 tt-31 MM067_1993_CT_SU2012_CL_01 @Gram:Prep ID:20 
"<prekínder>"
	"UNK" Verb VLinf Sing lang:es 00:00:04 00:00:11 tt-32 MM067_1993_CT_SU2012_CL_01 
"<y>"
	"y" Conjunction CC lang:es 00:00:04 00:00:11 tt-33 MM067_1993_CT_SU2012_CL_01 
"<estuve>"
	"estar" Verb VEfin Pret Indi Sing 1st lang:es 00:00:04 00:00:11 tt-34 MM067_1993_CT_SU2012_CL_01 @Gram:Indefinido @Gram:SerEstar:Estar 
"<en>"
	"en" Preposition PREP lang:es 00:00:04 00:00:11 tt-35 MM067_1993_CT_SU2012_CL_01 @Gram:Prep 
"<,>"
	"," Punctuation CM lang:es 00:00:04 00:00:11 tt-36 MM067_1993_CT_SU2012_CL_01 
"<en>"
	"en" Preposition PREP lang:es 00:00:04 00:00:11 tt-37 MM067_1993_CT_SU2012_CL_01 @Gram:Prep 
"<una>"
	"un" Determiner ART Singular lang:es 00:00:04 00:00:11 tt-38 MM067_1993_CT_SU2012_CL_01 
"<,>"
	"," Punctuation CM lang:es 00:00:04 00:00:11 tt-39 MM067_1993_CT_SU2012_CL_01 
"<pasé>"
	"pasar" Verb VLfin Pret Indi Sing 1st lang:es 00:00:04 00:00:11 tt-40 MM067_1993_CT_SU2012_CL_01 @Gram:Indefinido 
"<durante>"
	"durante" Preposition PREP lang:es 00:00:04 00:00:11 tt-41 MM067_1993_CT_SU2012_CL_01 @Gram:Prep 
"<tres>"
	"tres" Determiner CARD Plural lang:es 00:00:15 00:00:22 tt-42 MM067_1993_CT_SU2012_CL_01 
"<,>"
	"," Punctuation CM lang:es 00:00:15 00:00:22 tt-43 MM067_1993_CT_SU2012_CL_01 
"<tres>"
	"tres" Determiner CARD Plural lang:es 00:00:15 00:00:22 tt-44 MM067_1993_CT_SU2012_CL_01 
"<diferentes>"
	"diferente" Adjective ADJ Plural lang:es 00:00:15 00:00:22 tt-45 MM067_1993_CT_SU2012_CL_01 
"<escuelas>"
	"escuela" Noun NC Plural lang:es 00:00:15 00:00:22 tt-46 MM067_1993_CT_SU2012_CL_01 
"<,>"
	"," Punctuation CM lang:es 00:00:15 00:00:22 tt-47 MM067_1993_CT_SU2012_CL_01 
"<este>"
	"este" Determiner DM Singular lang:es 00:00:15 00:00:22 tt-48 MM067_1993_CT_SU2012_CL_01 @Prag:RecuDiscurso:GanarTiempo 
"<,>"
	"," Punctuation CM lang:es 00:00:15 00:00:22 tt-49 MM067_1993_CT_SU2012_CL_01 
"<atendí>"
	"UNK" Verb VLfin Pret Indi Sing 1st lang:es 00:00:15 00:00:22 tt-50 MM067_1993_CT_SU2012_CL_01 @Gram:Indefinido 
"<dos>"
	"dos" Determiner CARD Plural lang:es 00:00:15 00:00:22 tt-51 MM067_1993_CT_SU2012_CL_01 
"<en>"
	"en" Preposition PREP lang:es 00:00:15 00:00:22 tt-52 MM067_1993_CT_SU2012_CL_01 @Gram:Prep 
"<el>"
	"el" Determiner ART Singular Masc lang:es 00:00:15 00:00:22 tt-53 MM067_1993_CT_SU2012_CL_01 @Gram:Det:Art 
"<norte>"
	"norte" Noun NC Singular lang:es 00:00:15 00:00:22 tt-54 MM067_1993_CT_SU2012_CL_01 
"<de>"
	"de" Preposition PREP lang:es 00:00:15 00:00:22 tt-55 MM067_1993_CT_SU2012_CL_01 @Gram:Prep 
"<Houston>"
	"Houston" Noun NP Singular lang:es 00:00:15 00:00:22 tt-56 MM067_1993_CT_SU2012_CL_01 
"<,>"
	"," Punctuation CM lang:es 00:00:15 00:00:22 tt-57 MM067_1993_CT_SU2012_CL_01 
"<y>"
	"y" Conjunction CC lang:es 00:00:15 00:00:22 tt-58 MM067_1993_CT_SU2012_CL_01 
"<una>"
	"un" Determiner ART Singular lang:es 00:00:15 00:00:22 tt-59 MM067_1993_CT_SU2012_CL_01 
"<en>"
	"en" Preposition PREP lang:es 00:00:15 00:00:22 tt-60 MM067_1993_CT_SU2012_CL_01 @Gram:Prep 
"<el>"
	"el" Determiner ART Singular Masc lang:es 00:00:15 00:00:22 tt-61 MM067_1993_CT_SU2012_CL_01 @Gram:Det:Art 
"<oeste>"
	"oeste" Noun NC Singular lang:es 00:00:15 00:00:22 tt-62 MM067_1993_CT_SU2012_CL_01 
"<,>"
	"," Punctuation CM lang:es 00:00:15 00:00:22 tt-63 MM067_1993_CT_SU2012_CL_01 
"<aquí>"
	"aquí" Adverb ADV lang:es 00:00:15 00:00:22 tt-64 MM067_1993_CT_SU2012_CL_01 
"<donde>"
	"donde" Adverb ADV lang:es 00:00:27 00:00:32 tt-65 MM067_1993_CT_SU2012_CL_01 
"<vivo>"
	"vivo" Adjective ADJ Singular lang:es 00:00:27 00:00:32 tt-66 MM067_1993_CT_SU2012_CL_01 
"<ahora>"
	"ahora" Adverb ADV lang:es 00:00:27 00:00:32 tt-67 MM067_1993_CT_SU2012_CL_01 
"<$.>"
	"." Punctuation FS lang:es 00:00:27 00:00:32 tt-68 MM067_1993_CT_SU2012_CL_01 
</speaker>
<speaker type="int">

"<$¿>"
	"¿" Punctuation FS lang:es 00:00:27 00:00:32 tt-69 MM067_1993_CT_SU2012_CL_01 
"<Y>"
	"y" Conjunction CC lang:es 00:00:27 00:00:32 tt-70 MM067_1993_CT_SU2012_CL_01 
"<aprendiste>"
	"aprender" Verb VLfin Pret Indi Sing 2nd lang:es 00:00:27 00:00:32 tt-71 MM067_1993_CT_SU2012_CL_01 @Gram:Indefinido 
"<español>"
	"español" Noun NC Singular lang:es 00:00:27 00:00:32 tt-72 MM067_1993_CT_SU2012_CL_01 
"<en>"
	"en" Preposition PREP lang:es 00:00:27 00:00:32 tt-73 MM067_1993_CT_SU2012_CL_01 @Gram:Prep 
"<esas>"
	"ese" Determiner DM Plural lang:es 00:00:27 00:00:32 tt-74 MM067_1993_CT_SU2012_CL_01 
"<primarias>"
	"primario" Adjective ADJ Plural lang:es 00:00:27 00:00:32 tt-75 MM067_1993_CT_SU2012_CL_01 
"<$?>"
	"?" Punctuation FS lang:es 00:00:27 00:00:32 tt-76 MM067_1993_CT_SU2012_CL_01 

"<El>"
	"el" Determiner ART Singular Masc lang:es 00:00:32 00:00:39 tt-77 MM067_1993_CT_SU2012_CL_01 @Gram:Det:Art 
"<español>"
	"español" Noun NC Singular lang:es 00:00:32 00:00:39 tt-78 MM067_1993_CT_SU2012_CL_01 
"<lo>"
	"él" Pronoun PPC Singular lang:es 00:00:32 00:00:39 tt-79 MM067_1993_CT_SU2012_CL_01 @Gram:Pron:Objeto 
"<aprendí>"
	"aprender" Verb VLfin Pret Indi Sing 1st lang:es 00:00:32 00:00:39 tt-80 MM067_1993_CT_SU2012_CL_01 @Gram:Indefinido 
"<en>"
	"en" Preposition PREP lang:es 00:00:32 00:00:39 tt-81 MM067_1993_CT_SU2012_CL_01 @Gram:Prep 
"<la>"
	"el" Determiner ART Singular Fem lang:es 00:00:32 00:00:39 tt-82 MM067_1993_CT_SU2012_CL_01 @Gram:Det:Art 
"<casa>"
	"casa" Noun NC Singular lang:es 00:00:32 00:00:39 tt-83 MM067_1993_CT_SU2012_CL_01 
"<y>"
	"y" Conjunction CC lang:es 00:00:32 00:00:39 tt-84 MM067_1993_CT_SU2012_CL_01 
"<este>"
	"este" Noun NC Singular lang:es 00:00:32 00:00:39 tt-85 MM067_1993_CT_SU2012_CL_01 
"<,>"
	"," Punctuation CM lang:es 00:00:32 00:00:39 tt-86 MM067_1993_CT_SU2012_CL_01 
"<y>"
	"y" Conjunction CC lang:es 00:00:32 00:00:39 tt-87 MM067_1993_CT_SU2012_CL_01 
"<debido>"
	"debido" Preposition PREP lang:es 00:00:32 00:00:39 tt-88 MM067_1993_CT_SU2012_CL_01 @Gram:Prep 
"<a>"
	"a" Preposition PREP lang:es 00:00:32 00:00:39 tt-89 MM067_1993_CT_SU2012_CL_01 @Gram:Prep 
"<la>"
	"el" Determiner ART Singular Fem lang:es 00:00:32 00:00:39 tt-90 MM067_1993_CT_SU2012_CL_01 @Gram:Det:Art 
"<,>"
	"," Punctuation CM lang:es 00:00:32 00:00:39 tt-91 MM067_1993_CT_SU2012_CL_01 
"<al>"
	"al" Preposition PAL lang:es 00:00:32 00:00:39 tt-92 MM067_1993_CT_SU2012_CL_01 @Gram:Prep 
"<área>"
	"área" Noun NC Singular lang:es 00:00:32 00:00:39 tt-93 MM067_1993_CT_SU2012_CL_01 
"<en>"
	"en" Preposition PREP lang:es 00:00:32 00:00:39 tt-94 MM067_1993_CT_SU2012_CL_01 @Gram:Prep 
"<la>"
	"el" Determiner ART Singular Fem lang:es 00:00:32 00:00:39 tt-95 MM067_1993_CT_SU2012_CL_01 @Gram:Det:Art 
"<cual>"
	"cual" Pronoun REL Singular lang:es 00:00:32 00:00:39 tt-96 MM067_1993_CT_SU2012_CL_01 
"<atendí>"
	"UNK" Verb VLfin Pret Indi Sing 1st lang:es 00:00:32 00:00:39 tt-97 MM067_1993_CT_SU2012_CL_01 @Gram:Indefinido 
"<a>"
	"a" Preposition PREP lang:es 00:00:44 00:00:51 tt-98 MM067_1993_CT_SU2012_CL_01 @Gram:Prep 
"<las>"
	"el" Determiner ART Plural Fem lang:es 00:00:44 00:00:51 tt-99 MM067_1993_CT_SU2012_CL_01 @Gram:Det:Art 
"<primeras>"
	"primero" Adjective ORD Plural lang:es 00:00:44 00:00:51 tt-100 MM067_1993_CT_SU2012_CL_01 Gram:Adj:Ord 
"<dos>"
	"dos" Noun NC Plural lang:es 00:00:44 00:00:51 tt-101 MM067_1993_CT_SU2012_CL_01 
"<primarias>"
	"primario" Adjective ADJ Plural lang:es 00:00:44 00:00:51 tt-102 MM067_1993_CT_SU2012_CL_01 
"<,>"
	"," Punctuation CM lang:es 00:00:44 00:00:51 tt-103 MM067_1993_CT_SU2012_CL_01 
"<este>"
	"este" Determiner DM Singular lang:es 00:00:44 00:00:51 tt-104 MM067_1993_CT_SU2012_CL_01 @Prag:RecuDiscurso:GanarTiempo 
"<,>"
	"," Punctuation CM lang:es 00:00:44 00:00:51 tt-105 MM067_1993_CT_SU2012_CL_01 
"<la>"
	"el" Determiner ART Singular Fem lang:es 00:00:44 00:00:51 tt-106 MM067_1993_CT_SU2012_CL_01 @Gram:Det:Art 
"<población>"
	"población" Noun NC Singular lang:es 00:00:44 00:00:51 tt-107 MM067_1993_CT_SU2012_CL_01 
"<era>"
	"ser" Verb VEfin Imp Indi Sing 1st_or_3rd lang:es 00:00:44 00:00:51 tt-108 MM067_1993_CT_SU2012_CL_01 @Gram:Imperf @Gram:SerEstar:Ser 
"<altamente>"
	"alto" Adverb ADV lang:es 00:00:44 00:00:51 tt-109 MM067_1993_CT_SU2012_CL_01 
"<hispana>"
	"hispano" Adjective ADJ Singular lang:es 00:00:44 00:00:51 tt-110 MM067_1993_CT_SU2012_CL_01 
"<,>"
	"," Punctuation CM lang:es 00:00:44 00:00:51 tt-111 MM067_1993_CT_SU2012_CL_01 
"<así>"
	"así" Conjunction CSUBF lang:es 00:00:44 00:00:51 tt-112 MM067_1993_CT_SU2012_CL_01 
"<que>"
	"que" Conjunction CSUBF lang:es 00:00:44 00:00:51 tt-113 MM067_1993_CT_SU2012_CL_01 
"<los>"
	"el" Determiner ART Plural Masc lang:es 00:00:44 00:00:51 tt-114 MM067_1993_CT_SU2012_CL_01 @Gram:Det:Art 
"<estudiantes>"
	"estudiante" Noun NC Plural lang:es 00:00:44 00:00:51 tt-115 MM067_1993_CT_SU2012_CL_01 
"<y>"
	"y" Conjunction CC lang:es 00:00:55 00:01:01 tt-116 MM067_1993_CT_SU2012_CL_01 
"<los>"
	"el" Determiner ART Plural Masc lang:es 00:00:55 00:01:01 tt-117 MM067_1993_CT_SU2012_CL_01 @Gram:Det:Art 
"<maestros>"
	"maestro" Plural Singular Noun NC lang:es 00:00:55 00:01:01 tt-118 MM067_1993_CT_SU2012_CL_01 
"<también>"
	"también" Adverb ADV lang:es 00:00:55 00:01:01 tt-119 MM067_1993_CT_SU2012_CL_01 @Prag:MarcadoresDisc:Igualdad 
"<me>"
	"yo" Pronoun PPX Singular lang:es 00:00:55 00:01:01 tt-120 MM067_1993_CT_SU2012_CL_01 @Gram:Pron:Objeto 
"<ayudaban>"
	"ayudar" Verb VLfin Imp Indi Plural 3rd lang:es 00:00:55 00:01:01 tt-121 MM067_1993_CT_SU2012_CL_01 @Gram:Imperf 
"<con>"
	"con" Preposition PREP lang:es 00:00:55 00:01:01 tt-122 MM067_1993_CT_SU2012_CL_01 @Gram:Prep 
"<mi>"
	"mío" Pronoun PPO Singular lang:es 00:00:55 00:01:01 tt-123 MM067_1993_CT_SU2012_CL_01 @Gram:Det:Pos 
"<español>"
	"español" Noun NC Singular lang:es 00:00:55 00:01:01 tt-124 MM067_1993_CT_SU2012_CL_01 
"<,>"
	"," Punctuation CM lang:es 00:00:55 00:01:01 tt-125 MM067_1993_CT_SU2012_CL_01 
"<a>"
	"a" Preposition PREP lang:es 00:00:55 00:01:01 tt-126 MM067_1993_CT_SU2012_CL_01 @Gram:Prep 
"<aprenderlo>"
	"aprender" Verb VLinf Pres Indi Sing 1st lang:es 00:00:55 00:01:01 tt-127 MM067_1993_CT_SU2012_CL_01 
"<,>"
	"," Punctuation CM lang:es 00:00:55 00:01:01 tt-128 MM067_1993_CT_SU2012_CL_01 
"<pero>"
	"pero" Conjunction CCAD lang:es 00:00:55 00:01:01 tt-129 MM067_1993_CT_SU2012_CL_01 @Prag:MarcadoresDisc:Revision 
"<originalmente>"
	"originalmente" Adverb ADV lang:es 00:00:55 00:01:01 tt-130 MM067_1993_CT_SU2012_CL_01 
"<,>"
	"," Punctuation CM lang:es 00:00:55 00:01:01 tt-131 MM067_1993_CT_SU2012_CL_01 
"<no>"
	"no" Adverb NEG lang:es 00:01:01 00:01:06 tt-132 MM067_1993_CT_SU2012_CL_01 
"<,>"
	"," Punctuation CM lang:es 00:01:01 00:01:06 tt-133 MM067_1993_CT_SU2012_CL_01 
"<no>"
	"no" Adverb NEG lang:es 00:01:01 00:01:06 tt-134 MM067_1993_CT_SU2012_CL_01 
"<hablaba>"
	"hablar" Verb VLfin Imp Indi Sing 1st_or_3rd lang:es 00:01:01 00:01:06 tt-135 MM067_1993_CT_SU2012_CL_01 @Gram:Imperf 
"<yo>"
	"yo" Pronoun PPX Singular lang:es 00:01:01 00:01:06 tt-136 MM067_1993_CT_SU2012_CL_01 @Gram:Pron:Sujeto 
"<inglés>"
	"inglés" Adjective ADJ Plural lang:es 00:01:01 00:01:06 tt-137 MM067_1993_CT_SU2012_CL_01 
"<,>"
	"," Punctuation CM lang:es 00:01:01 00:01:06 tt-138 MM067_1993_CT_SU2012_CL_01 
"<no>"
	"no" Adverb ADV lang:es 00:01:01 00:01:06 tt-139 MM067_1993_CT_SU2012_CL_01 
"<más>"
	"más" Adverb ADV lang:es 00:01:01 00:01:06 tt-140 MM067_1993_CT_SU2012_CL_01 
"<español>"
	"español" Adjective ADJ Singular lang:es 00:01:01 00:01:06 tt-141 MM067_1993_CT_SU2012_CL_01 
"<con>"
	"con" Preposition PREP lang:es 00:01:01 00:01:06 tt-142 MM067_1993_CT_SU2012_CL_01 @Gram:Prep 
"<todo>"
	"todo" Determiner QU lang:es 00:01:01 00:01:06 tt-143 MM067_1993_CT_SU2012_CL_01 
"<$.>"
	"." Punctuation FS lang:es 00:01:01 00:01:06 tt-144 MM067_1993_CT_SU2012_CL_01 
<lang code="en">

"<Ah>"
	"ah" Other UH lang:en 00:01:06 00:01:13 tt-145 MM067_1993_CT_SU2012_CL_01 
"<okay>"
	"okay" Adjective JJ lang:en 00:01:06 00:01:13 tt-146 MM067_1993_CT_SU2012_CL_01 
</lang>
"<$.>"
	"." Punctuation FS lang:es 00:01:06 00:01:13 tt-147 MM067_1993_CT_SU2012_CL_01 

"<$¿>"
	"¿" Punctuation FS lang:es 00:01:06 00:01:13 tt-148 MM067_1993_CT_SU2012_CL_01 
"<Y>"
	"y" Conjunction CC lang:es 00:01:06 00:01:13 tt-149 MM067_1993_CT_SU2012_CL_01 
"<la>"
	"el" Determiner ART Singular Fem lang:es 00:01:06 00:01:13 tt-150 MM067_1993_CT_SU2012_CL_01 @Gram:Det:Art 
"<secundaria>"
	"secundario" Adjective ADJ Singular lang:es 00:01:06 00:01:13 tt-151 MM067_1993_CT_SU2012_CL_01 
"<$?>"
	"?" Punctuation FS lang:es 00:01:06 00:01:13 tt-152 MM067_1993_CT_SU2012_CL_01 
</speaker>
<speaker type="subj">

"<En>"
	"en" Preposition PREP lang:es 00:01:06 00:01:13 tt-153 MM067_1993_CT_SU2012_CL_01 @Gram:Prep 
"<la>"
	"el" Determiner ART Singular Fem lang:es 00:01:06 00:01:13 tt-154 MM067_1993_CT_SU2012_CL_01 @Gram:Det:Art 
"<secundaria>"
	"secundario" Adjective ADJ Singular lang:es 00:01:06 00:01:13 tt-155 MM067_1993_CT_SU2012_CL_01 
"<,>"
	"," Punctuation CM lang:es 00:01:06 00:01:13 tt-156 MM067_1993_CT_SU2012_CL_01 
"<es>"
	"ser" Verb VSfin Pres Indi Sing 3rd lang:es 00:01:06 00:01:13 tt-157 MM067_1993_CT_SU2012_CL_01 @Gram:SerEstar:Ser 
"<,>"
	"," Punctuation CM lang:es 00:01:06 00:01:13 tt-158 MM067_1993_CT_SU2012_CL_01 
"<fue>"
	"ser" Verb VSfin Pret Indi Sing 3rd lang:es 00:01:06 00:01:13 tt-159 MM067_1993_CT_SU2012_CL_01 @Gram:SerEstar:Ser 
"<cuando>"
	"cuando" Conjunction CSUBX lang:es 00:01:06 00:01:13 tt-160 MM067_1993_CT_SU2012_CL_01 
"<me>"
	"yo" Pronoun PPX Singular lang:es 00:01:06 00:01:13 tt-161 MM067_1993_CT_SU2012_CL_01 @Gram:Pron:Objeto 
"<vine>"
	"venir" Verb VLfin Pret Indi Sing 1st lang:es 00:01:14 00:01:21 tt-162 MM067_1993_CT_SU2012_CL_01 @Gram:Indefinido 
"<al>"
	"al" Preposition PAL lang:es 00:01:14 00:01:21 tt-163 MM067_1993_CT_SU2012_CL_01 @Gram:Prep 
"<área>"
	"área" Noun NC Singular lang:es 00:01:14 00:01:21 tt-164 MM067_1993_CT_SU2012_CL_01 
"<al>"
	"al" Preposition PAL lang:es 00:01:14 00:01:21 tt-165 MM067_1993_CT_SU2012_CL_01 @Gram:Prep 
"<oeste>"
	"oeste" Noun NC Singular lang:es 00:01:14 00:01:21 tt-166 MM067_1993_CT_SU2012_CL_01 
"<de>"
	"de" Preposition PREP lang:es 00:01:14 00:01:21 tt-167 MM067_1993_CT_SU2012_CL_01 @Gram:Prep 
"<Houston>"
	"Houston" Noun NP Singular lang:es 00:01:14 00:01:21 tt-168 MM067_1993_CT_SU2012_CL_01 
"<,>"
	"," Punctuation CM lang:es 00:01:14 00:01:21 tt-169 MM067_1993_CT_SU2012_CL_01 
"<y>"
	"y" Conjunction CC lang:es 00:01:14 00:01:21 tt-170 MM067_1993_CT_SU2012_CL_01 
"<era>"
	"ser" Verb VEfin Imp Indi Sing 1st_or_3rd lang:es 00:01:14 00:01:21 tt-171 MM067_1993_CT_SU2012_CL_01 @Gram:Imperf @Gram:SerEstar:Ser 
"<mucho>"
	"mucho" Adverb ADV lang:es 00:01:14 00:01:21 tt-172 MM067_1993_CT_SU2012_CL_01 
"<,>"
	"," Punctuation CM lang:es 00:01:14 00:01:21 tt-173 MM067_1993_CT_SU2012_CL_01 
"<no>"
	"no" Adverb NEG lang:es 00:01:14 00:01:21 tt-174 MM067_1993_CT_SU2012_CL_01 
"<era>"
	"ser" Verb VEfin Imp Indi Sing 1st_or_3rd lang:es 00:01:14 00:01:21 tt-175 MM067_1993_CT_SU2012_CL_01 @Gram:Imperf @Gram:SerEstar:Ser 
"<tantos>"
	"tanto" Adjective ADJ Plural lang:es 00:01:14 00:01:21 tt-176 MM067_1993_CT_SU2012_CL_01 
"<hispanos>"
	"hispano" Adjective ADJ Plural lang:es 00:01:14 00:01:21 tt-177 MM067_1993_CT_SU2012_CL_01 
"<en>"
	"en" Preposition PREP lang:es 00:01:14 00:01:21 tt-178 MM067_1993_CT_SU2012_CL_01 @Gram:Prep 
"<este>"
	"este" Determiner DM Singular lang:es 00:01:14 00:01:21 tt-179 MM067_1993_CT_SU2012_CL_01 @Gram:Det:Demo 
"<lado>"
	"lado" Noun NC Singular lang:es 00:01:14 00:01:21 tt-180 MM067_1993_CT_SU2012_CL_01 
"<,>"
	"," Punctuation CM lang:es 00:01:14 00:01:21 tt-181 MM067_1993_CT_SU2012_CL_01 
"<y>"
	"y" Conjunction CC lang:es 00:01:14 00:01:21 tt-182 MM067_1993_CT_SU2012_CL_01 
"<en>"
	"en" Preposition PREP lang:es 00:01:14 00:01:21 tt-183 MM067_1993_CT_SU2012_CL_01 @Gram:Prep 
"<la>"
	"el" Determiner ART Singular Fem lang:es 00:01:14 00:01:21 tt-184 MM067_1993_CT_SU2012_CL_01 @Gram:Det:Art 
"<escuela>"
	"escuela" Noun NC Singular lang:es 00:01:24 00:01:31 tt-185 MM067_1993_CT_SU2012_CL_01 
"<,>"
	"," Punctuation CM lang:es 00:01:24 00:01:31 tt-186 MM067_1993_CT_SU2012_CL_01 
"<era>"
	"ser" Verb VEfin Imp Indi Sing 1st_or_3rd lang:es 00:01:24 00:01:31 tt-187 MM067_1993_CT_SU2012_CL_01 @Gram:Imperf @Gram:SerEstar:Ser 
"<mayormente>"
	"mayor" Adverb ADV lang:es 00:01:24 00:01:31 tt-188 MM067_1993_CT_SU2012_CL_01 
"<inglés>"
	"inglés" Adjective ADJ Plural lang:es 00:01:24 00:01:31 tt-189 MM067_1993_CT_SU2012_CL_01 
"<,>"
	"," Punctuation CM lang:es 00:01:24 00:01:31 tt-190 MM067_1993_CT_SU2012_CL_01 
"<de>"
	"de" Preposition PREP lang:es 00:01:24 00:01:31 tt-191 MM067_1993_CT_SU2012_CL_01 @Gram:Prep 
"<habla>"
	"habla" Noun NC Singular lang:es 00:01:24 00:01:31 tt-192 MM067_1993_CT_SU2012_CL_01 
"<inglés>"
	"inglés" Adjective ADJ Plural lang:es 00:01:24 00:01:31 tt-193 MM067_1993_CT_SU2012_CL_01 
"<y>"
	"y" Conjunction CC lang:es 00:01:24 00:01:31 tt-194 MM067_1993_CT_SU2012_CL_01 
"<aquí>"
	"aquí" Adverb ADV lang:es 00:01:24 00:01:31 tt-195 MM067_1993_CT_SU2012_CL_01 
"<empecé>"
	"empezar" Verb VLfin Pret Indi Sing 1st lang:es 00:01:24 00:01:31 tt-196 MM067_1993_CT_SU2012_CL_01 @Gram:Indefinido ID:185 R:Vocab:Fraseol:VerbPrep:186 
"<a>"
	"a" Preposition PREP lang:es 00:01:24 00:01:31 tt-197 MM067_1993_CT_SU2012_CL_01 @Gram:Prep ID:186 
"<hablar>"
	"hablar" Verb VLinf Infinitive lang:es 00:01:24 00:01:31 tt-198 MM067_1993_CT_SU2012_CL_01 
"<,>"
	"," Punctuation CM lang:es 00:01:24 00:01:31 tt-199 MM067_1993_CT_SU2012_CL_01 
"<bastante>"
	"bastante" Adverb ADV lang:es 00:01:24 00:01:31 tt-200 MM067_1993_CT_SU2012_CL_01 
"<inglés>"
	"inglés" Adjective ADJ Plural lang:es 00:01:34 00:01:41 tt-201 MM067_1993_CT_SU2012_CL_01 
"<,>"
	"," Punctuation CM lang:es 00:01:34 00:01:41 tt-202 MM067_1993_CT_SU2012_CL_01 
"<desde>"
	"desde" Preposition PREP lang:es 00:01:34 00:01:41 tt-203 MM067_1993_CT_SU2012_CL_01 @Gram:Prep 
"<la>"
	"el" Determiner ART Singular Fem lang:es 00:01:34 00:01:41 tt-204 MM067_1993_CT_SU2012_CL_01 @Gram:Det:Art 
"<primaria>"
	"primario" Adjective ADJ Singular lang:es 00:01:34 00:01:41 tt-205 MM067_1993_CT_SU2012_CL_01 
"<hasta>"
	"hasta" Preposition PREP lang:es 00:01:34 00:01:41 tt-206 MM067_1993_CT_SU2012_CL_01 @Gram:Prep 
"<la>"
	"el" Determiner ART Singular Fem lang:es 00:01:34 00:01:41 tt-207 MM067_1993_CT_SU2012_CL_01 @Gram:Det:Art 
"<secundaria>"
	"secundario" Adjective ADJ Singular lang:es 00:01:34 00:01:41 tt-208 MM067_1993_CT_SU2012_CL_01 
"<$.>"
	"." Punctuation FS lang:es 00:01:34 00:01:41 tt-209 MM067_1993_CT_SU2012_CL_01 
</speaker>
<speaker type="int">

"<$¿>"
	"¿" Punctuation FS lang:es 00:01:34 00:01:41 tt-210 MM067_1993_CT_SU2012_CL_01 
"<Y>"
	"y" Conjunction CC lang:es 00:01:34 00:01:41 tt-211 MM067_1993_CT_SU2012_CL_01 
"<tomaste>"
	"UNK" Verb VLfin Pret Indi Sing 2nd lang:es 00:01:34 00:01:41 tt-212 MM067_1993_CT_SU2012_CL_01 @Gram:Indefinido 
"<clases>"
	"clase" Noun NC Plural lang:es 00:01:34 00:01:41 tt-213 MM067_1993_CT_SU2012_CL_01 
"<de>"
	"de" Preposition PREP lang:es 00:01:34 00:01:41 tt-214 MM067_1993_CT_SU2012_CL_01 @Gram:Prep 
"<español>"
	"español" Noun NC Singular lang:es 00:01:34 00:01:41 tt-215 MM067_1993_CT_SU2012_CL_01 
"<en>"
	"en" Preposition PREP lang:es 00:01:34 00:01:41 tt-216 MM067_1993_CT_SU2012_CL_01 @Gram:Prep 
"<la>"
	"el" Determiner ART Singular Fem lang:es 00:01:34 00:01:41 tt-217 MM067_1993_CT_SU2012_CL_01 @Gram:Det:Art 
"<secundaria>"
	"secundario" Adjective ADJ Singular lang:es 00:01:41 00:01:43 tt-218 MM067_1993_CT_SU2012_CL_01 
"<o>"
	"o" Conjunction CC lang:es 00:01:41 00:01:43 tt-219 MM067_1993_CT_SU2012_CL_01 
"<no>"
	"no" Adverb NEG lang:es 00:01:41 00:01:43 tt-220 MM067_1993_CT_SU2012_CL_01 
"<$?>"
	"?" Punctuation FS lang:es 00:01:41 00:01:43 tt-221 MM067_1993_CT_SU2012_CL_01 

"<No>"
	"no" Adverb NEG lang:es 00:01:41 00:01:43 tt-222 MM067_1993_CT_SU2012_CL_01 
"<$.>"
	"." Punctuation FS lang:es 00:01:41 00:01:43 tt-223 MM067_1993_CT_SU2012_CL_01 

"<$¿>"
	"¿" Punctuation FS lang:es 00:01:43 00:01:47 tt-224 MM067_1993_CT_SU2012_CL_01 
"<Y>"
	"y" Conjunction CC lang:es 00:01:43 00:01:47 tt-225 MM067_1993_CT_SU2012_CL_01 
"<por>"
	"por" Preposition PREP lang:es 00:01:43 00:01:47 tt-226 MM067_1993_CT_SU2012_CL_01 @Gram:Prep:Por 
"<qué>"
	"qué" Adverb ADV lang:es 00:01:43 00:01:47 tt-227 MM067_1993_CT_SU2012_CL_01 
"<no>"
	"no" Adverb NEG lang:es 00:01:43 00:01:47 tt-228 MM067_1993_CT_SU2012_CL_01 
"<$?>"
	"?" Punctuation FS lang:es 00:01:43 00:01:47 tt-229 MM067_1993_CT_SU2012_CL_01 
</speaker>
<speaker type="subj">

"<Porque>"
	"porque" Conjunction CSUBX lang:es 00:01:43 00:01:47 tt-230 MM067_1993_CT_SU2012_CL_01 @Prag:MarcadoresDisc:Causa 
"<mi>"
	"mío" Pronoun PPO Singular lang:es 00:01:43 00:01:47 tt-231 MM067_1993_CT_SU2012_CL_01 
"<inglés>"
	"inglés" Noun NC Plural lang:es 00:01:43 00:01:47 tt-232 MM067_1993_CT_SU2012_CL_01 
"<era>"
	"ser" Verb VEfin Imp Indi Sing 1st_or_3rd lang:es 00:01:43 00:01:47 tt-233 MM067_1993_CT_SU2012_CL_01 @Gram:Imperf @Gram:SerEstar:Ser 
"<suficientemente>"
	"suficientemente" Adverb ADV lang:es 00:01:43 00:01:47 tt-234 MM067_1993_CT_SU2012_CL_01 
"<bueno>"
	"bueno" Adjective ADJ Singular lang:es 00:01:47 00:01:52 tt-235 MM067_1993_CT_SU2012_CL_01 
"<$.>"
	"." Punctuation FS lang:es 00:01:47 00:01:52 tt-236 MM067_1993_CT_SU2012_CL_01 
</speaker>
<speaker type="int">

"<$¿>"
	"¿" Punctuation FS lang:es 00:01:47 00:01:52 tt-237 MM067_1993_CT_SU2012_CL_01 
"<Tu>"
	"tú" Pronoun PPX Singular lang:es 00:01:47 00:01:52 tt-238 MM067_1993_CT_SU2012_CL_01 
"<español>"
	"español" Adjective ADJ Singular lang:es 00:01:47 00:01:52 tt-239 MM067_1993_CT_SU2012_CL_01 
"<era>"
	"ser" Verb VEfin Imp Indi Sing 1st_or_3rd lang:es 00:01:47 00:01:52 tt-240 MM067_1993_CT_SU2012_CL_01 @Gram:Imperf @Gram:SerEstar:Ser 
"<suficientemente>"
	"suficientemente" Adverb ADV lang:es 00:01:47 00:01:52 tt-241 MM067_1993_CT_SU2012_CL_01 
"<bueno>"
	"bueno" Adjective ADJ Singular lang:es 00:01:47 00:01:52 tt-242 MM067_1993_CT_SU2012_CL_01 
"<$?>"
	"?" Punctuation FS lang:es 00:01:47 00:01:52 tt-243 MM067_1993_CT_SU2012_CL_01 
</speaker>
<speaker type="subj">

"<No>"
	"no" Other PE lang:es 00:01:52 00:01:54 tt-244 MM067_1993_CT_SU2012_CL_01 
"<,>"
	"," Punctuation CM lang:es 00:01:52 00:01:54 tt-245 MM067_1993_CT_SU2012_CL_01 
"<mi>"
	"mío" Pronoun PPO Singular lang:es 00:01:52 00:01:54 tt-246 MM067_1993_CT_SU2012_CL_01 
"<inglés>"
	"inglés" Noun NC Plural lang:es 00:01:52 00:01:54 tt-247 MM067_1993_CT_SU2012_CL_01 
"<$.>"
	"." Punctuation FS lang:es 00:01:52 00:01:54 tt-248 MM067_1993_CT_SU2012_CL_01 
</speaker>
<speaker type="int">

"<Ah>"
	"ah" Other UH lang:en 00:01:52 00:01:54 tt-249 MM067_1993_CT_SU2012_CL_01 
<lang code="en">
"<okay>"
	"okay" Adjective JJ lang:en 00:01:52 00:01:54 tt-250 MM067_1993_CT_SU2012_CL_01 
</lang>
"<$.>"
	"." Punctuation FS lang:es 00:01:52 00:01:54 tt-251 MM067_1993_CT_SU2012_CL_01 

"<Por>"
	"por" Preposition PREP lang:es 00:01:54 00:01:59 tt-252 MM067_1993_CT_SU2012_CL_01 @Gram:Prep:Por 
"<eso>"
	"ese" Determiner DM Singular lang:es 00:01:54 00:01:59 tt-253 MM067_1993_CT_SU2012_CL_01 @Gram:Det:Demo 
"<no>"
	"no" Adverb NEG lang:es 00:01:54 00:01:59 tt-254 MM067_1993_CT_SU2012_CL_01 
"<tomaba>"
	"tomar" Verb VLfin Imp Indi Sing 1st_or_3rd lang:es 00:01:54 00:01:59 tt-255 MM067_1993_CT_SU2012_CL_01 @Gram:Imperf 
"<clases>"
	"clase" Noun NC Plural lang:es 00:01:54 00:01:59 tt-256 MM067_1993_CT_SU2012_CL_01 
"<de>"
	"de" Preposition PREP lang:es 00:01:54 00:01:59 tt-257 MM067_1993_CT_SU2012_CL_01 @Gram:Prep 
"<español>"
	"español" Noun NC Singular lang:es 00:01:54 00:01:59 tt-258 MM067_1993_CT_SU2012_CL_01 
"<$.>"
	"." Punctuation FS lang:es 00:01:54 00:01:59 tt-259 MM067_1993_CT_SU2012_CL_01 

"<Yo>"
	"yo" Pronoun PPX Singular lang:es 00:01:54 00:01:59 tt-260 MM067_1993_CT_SU2012_CL_01 @Gram:Pron:Sujeto 
"<dejé>"
	"dejar" Verb VLfin Pret Indi Sing 1st lang:es 00:01:54 00:01:59 tt-261 MM067_1993_CT_SU2012_CL_01 @Gram:Indefinido 
"<de>"
	"de" Conjunction CSUBI lang:es 00:01:54 00:01:59 tt-262 MM067_1993_CT_SU2012_CL_01 
"<tomar>"
	"tomar" Verb VLinf Infinitive lang:es 00:01:54 00:01:59 tt-263 MM067_1993_CT_SU2012_CL_01 
"<clases>"
	"clase" Noun NC Plural lang:es 00:01:54 00:01:59 tt-264 MM067_1993_CT_SU2012_CL_01 
"<de>"
	"de" Preposition PREP lang:es 00:01:54 00:01:59 tt-265 MM067_1993_CT_SU2012_CL_01 @Gram:Prep 
"<español>"
	"español" Noun NC Singular lang:es 00:01:54 00:01:59 tt-266 MM067_1993_CT_SU2012_CL_01 
"<en>"
	"en" Preposition PREP lang:es 00:01:54 00:01:59 tt-267 MM067_1993_CT_SU2012_CL_01 @Gram:Prep 
"<tercer>"
	"tercero" Adjective ORD Singular lang:es 00:01:54 00:01:59 tt-268 MM067_1993_CT_SU2012_CL_01 Gram:Adj:Ord 
"<grado>"
	"grado" Noun NMEA Singular lang:es 00:01:59 00:02:06 tt-269 MM067_1993_CT_SU2012_CL_01 
"<debido>"
	"debido" Conjunction CQUE lang:es 00:01:59 00:02:06 tt-270 MM067_1993_CT_SU2012_CL_01 
"<a>"
	"a" Conjunction CQUE lang:es 00:01:59 00:02:06 tt-271 MM067_1993_CT_SU2012_CL_01 
"<que>"
	"que" Conjunction CQUE lang:es 00:01:59 00:02:06 tt-272 MM067_1993_CT_SU2012_CL_01 
"<mi>"
	"mío" Pronoun PPO Singular lang:es 00:01:59 00:02:06 tt-273 MM067_1993_CT_SU2012_CL_01 
"<inglés>"
	"inglés" Noun NC Plural lang:es 00:01:59 00:02:06 tt-274 MM067_1993_CT_SU2012_CL_01 
"<se>"
	"se" Other SE lang:es 00:01:59 00:02:06 tt-275 MM067_1993_CT_SU2012_CL_01 
"<desarrolló>"
	"desarrollar" Verb VLfin Pret Indi Sing 3rd lang:es 00:01:59 00:02:06 tt-276 MM067_1993_CT_SU2012_CL_01 @Gram:Indefinido 
"<suficientemente>"
	"suficientemente" Adverb ADV lang:es 00:01:59 00:02:06 tt-277 MM067_1993_CT_SU2012_CL_01 
"<como>"
	"como" Adverb ADV lang:es 00:01:59 00:02:06 tt-278 MM067_1993_CT_SU2012_CL_01 
"<para>"
	"para" Preposition PREP lang:es 00:01:59 00:02:06 tt-279 MM067_1993_CT_SU2012_CL_01 @Gram:Prep:Para 
"<poder>"
	"poder" Verb VLinf VMinf lang:es 00:01:59 00:02:06 tt-280 MM067_1993_CT_SU2012_CL_01 
"<yo>"
	"yo" Pronoun PPX Singular lang:es 00:01:59 00:02:06 tt-281 MM067_1993_CT_SU2012_CL_01 @Gram:Pron:Sujeto 
"<exentar>"
	"UNK" Adjective ADJ Singular lang:es 00:01:59 00:02:06 tt-282 MM067_1993_CT_SU2012_CL_01 
"<de>"
	"de" Preposition PREP lang:es 00:02:06 00:02:12 tt-283 MM067_1993_CT_SU2012_CL_01 @Gram:Prep 
"<mis>"
	"mío" Pronoun PPO Plural lang:es 00:02:06 00:02:12 tt-284 MM067_1993_CT_SU2012_CL_01 @Gram:Det:Pos 
"<clases>"
	"clase" Noun NC Plural lang:es 00:02:06 00:02:12 tt-285 MM067_1993_CT_SU2012_CL_01 
"<de>"
	"de" Preposition PREP lang:es 00:02:06 00:02:12 tt-286 MM067_1993_CT_SU2012_CL_01 @Gram:Prep 
"<español>"
	"español" Noun NC Singular lang:es 00:02:06 00:02:12 tt-287 MM067_1993_CT_SU2012_CL_01 
"<y>"
	"y" Conjunction CC lang:es 00:02:06 00:02:12 tt-288 MM067_1993_CT_SU2012_CL_01 
"<empezar>"
	"empezar" Verb VLinf Infinitive lang:es 00:02:06 00:02:12 tt-289 MM067_1993_CT_SU2012_CL_01 
"<puras>"
	"puro" Adjective ADJ Plural lang:es 00:02:06 00:02:12 tt-290 MM067_1993_CT_SU2012_CL_01 
"<clases>"
	"clase" Noun NC Plural lang:es 00:02:06 00:02:12 tt-291 MM067_1993_CT_SU2012_CL_01 
"<de>"
	"de" Preposition PREP lang:es 00:02:06 00:02:12 tt-292 MM067_1993_CT_SU2012_CL_01 @Gram:Prep 
"<inglés>"
	"inglés" Noun NC Plural lang:es 00:02:06 00:02:12 tt-293 MM067_1993_CT_SU2012_CL_01 
"<y>"
	"y" Conjunction CC lang:es 00:02:06 00:02:12 tt-294 MM067_1993_CT_SU2012_CL_01 
"<para>"
	"para" Preposition PREP lang:es 00:02:06 00:02:12 tt-295 MM067_1993_CT_SU2012_CL_01 @Gram:Prep:Para 
"<la>"
	"el" Determiner ART Singular Fem lang:es 00:02:06 00:02:12 tt-296 MM067_1993_CT_SU2012_CL_01 @Gram:Det:Art 
"<secundaria>"
	"secundario" Adjective ADJ Singular lang:es 00:02:06 00:02:12 tt-297 MM067_1993_CT_SU2012_CL_01 
"<tomé>"
	"tomar" Verb VLfin Pret Indi Sing 1st lang:es 00:02:06 00:02:12 tt-298 MM067_1993_CT_SU2012_CL_01 @Gram:Indefinido 
"<puras>"
	"puro" Adjective ADJ Plural lang:es 00:02:12 00:02:16 tt-299 MM067_1993_CT_SU2012_CL_01 
"<clases>"
	"clase" Noun NC Plural lang:es 00:02:12 00:02:16 tt-300 MM067_1993_CT_SU2012_CL_01 
"<de>"
	"de" Preposition PREP lang:es 00:02:12 00:02:16 tt-301 MM067_1993_CT_SU2012_CL_01 @Gram:Prep 
"<inglés>"
	"inglés" Noun NC Plural lang:es 00:02:12 00:02:16 tt-302 MM067_1993_CT_SU2012_CL_01 
"<$.>"
	"." Punctuation FS lang:es 00:02:12 00:02:16 tt-303 MM067_1993_CT_SU2012_CL_01 

"<Muy>"
	"muy" Adverb ADV lang:es 00:02:12 00:02:16 tt-304 MM067_1993_CT_SU2012_CL_01 
"<bien>"
	"bien" Adverb ADV lang:es 00:02:12 00:02:16 tt-305 MM067_1993_CT_SU2012_CL_01 
"<$.>"
	"." Punctuation FS lang:es 00:02:12 00:02:16 tt-306 MM067_1993_CT_SU2012_CL_01 

"<$¿>"
	"¿" Punctuation FS lang:es 00:02:12 00:02:16 tt-307 MM067_1993_CT_SU2012_CL_01 
"<Y>"
	"y" Conjunction CC lang:es 00:02:12 00:02:16 tt-308 MM067_1993_CT_SU2012_CL_01 
"<durante>"
	"durante" Preposition PREP lang:es 00:02:12 00:02:16 tt-309 MM067_1993_CT_SU2012_CL_01 @Gram:Prep 
"<tu>"
	"tú" Pronoun PPX Singular lang:es 00:02:12 00:02:16 tt-310 MM067_1993_CT_SU2012_CL_01 @Gram:Det:Pos 
"<infancia>"
	"infancia" Noun NC Singular lang:es 00:02:12 00:02:16 tt-311 MM067_1993_CT_SU2012_CL_01 
"<,>"
	"," Punctuation CM lang:es 00:02:12 00:02:16 tt-312 MM067_1993_CT_SU2012_CL_01 
"<qué>"
	"qué" Pronoun INT Singular lang:es 00:02:12 00:02:16 tt-313 MM067_1993_CT_SU2012_CL_01 
</speaker>
</text>

