<text id="MM067_1993_CT_SU2012_CL_11">
<speaker type="int">
"<$¡>"
	"¡" Punctuation FS lang:es 00:00:00 00:00:07 tt-3262 MM067_1993_CT_SU2012_CL_11 
"<Qué>"
	"qué" Pronoun INT Singular lang:es 00:00:00 00:00:07 tt-3263 MM067_1993_CT_SU2012_CL_11 
"<pena>"
	"pena" Noun NC Singular lang:es 00:00:00 00:00:07 tt-3264 MM067_1993_CT_SU2012_CL_11 
"<$!>"
	"!" Punctuation FS lang:es 00:00:00 00:00:07 tt-3265 MM067_1993_CT_SU2012_CL_11 

"<$.>"
	"." Punctuation FS lang:es 00:00:00 00:00:07 tt-3266 MM067_1993_CT_SU2012_CL_11 

"<$¿>"
	"¿" Punctuation FS lang:es 00:00:00 00:00:07 tt-3267 MM067_1993_CT_SU2012_CL_11 
"<Te>"
	"tú" Pronoun PPX Singular lang:es 00:00:00 00:00:07 tt-3268 MM067_1993_CT_SU2012_CL_11 @Gram:Pron:Objeto ADD:648 
"<arrepientes>"
	"UNK" Verb VLfin Pres Subj Sing 2nd lang:es 00:00:00 00:00:07 tt-3269 MM067_1993_CT_SU2012_CL_11 @Gram:MSub:Pres ADD:772 
"<de>"
	"de" Preposition PREP lang:es 00:00:00 00:00:07 tt-3270 MM067_1993_CT_SU2012_CL_11 @Gram:Prep ADD:614 
"<algo>"
	"algo" Determiner QU lang:es 00:00:00 00:00:07 tt-3271 MM067_1993_CT_SU2012_CL_11 @Gram:Det:Pron ADD:475 
"<en>"
	"en" Preposition PREP lang:es 00:00:00 00:00:07 tt-3272 MM067_1993_CT_SU2012_CL_11 @Gram:Prep ADD:614 
"<tu>"
	"tú" Pronoun PPX Singular lang:es 00:00:00 00:00:07 tt-3273 MM067_1993_CT_SU2012_CL_11 @Gram:Det:Pos ADD:446 
"<vida>"
	"vida" Noun NC Singular lang:es 00:00:00 00:00:07 tt-3274 MM067_1993_CT_SU2012_CL_11 
"<$?>"
	"?" Punctuation FS lang:es 00:00:00 00:00:07 tt-3275 MM067_1993_CT_SU2012_CL_11 
</speaker>
<speaker type="subj">

"<Uhm>"
	"UNK" Noun NP Singular lang:es 00:00:07 00:00:14 tt-3276 MM067_1993_CT_SU2012_CL_11 
"<...>"
	"..." Punctuation DOTS lang:es 00:00:07 00:00:14 tt-3277 MM067_1993_CT_SU2012_CL_11 
"<muchas>"
	"mucho" Determiner QU lang:es 00:00:07 00:00:14 tt-3278 MM067_1993_CT_SU2012_CL_11 @Gram:Det:CuantIndef ADD:468 
"<cosas>"
	"cosa" Noun NC Plural lang:es 00:00:07 00:00:14 tt-3279 MM067_1993_CT_SU2012_CL_11 
"<pequeñas>"
	"pequeño" Adjective ADJ Plural lang:es 00:00:07 00:00:14 tt-3280 MM067_1993_CT_SU2012_CL_11 
"<se>"
	"se" Other SE lang:es 00:00:07 00:00:14 tt-3281 MM067_1993_CT_SU2012_CL_11 
"<arrepiente>"
	"UNK" Verb VLfin Pres Command Plural 2nd lang:es 00:00:07 00:00:14 tt-3282 MM067_1993_CT_SU2012_CL_11 
"<uno>"
	"uno" Determiner CARD Singular lang:es 00:00:07 00:00:14 tt-3283 MM067_1993_CT_SU2012_CL_11 
"<,>"
	"," Punctuation CM lang:es 00:00:07 00:00:14 tt-3284 MM067_1993_CT_SU2012_CL_11 
"<este>"
	"este" Noun NC Singular lang:es 00:00:07 00:00:14 tt-3285 MM067_1993_CT_SU2012_CL_11 
"<uno>"
	"uno" Determiner CARD Singular lang:es 00:00:07 00:00:14 tt-3286 MM067_1993_CT_SU2012_CL_11 
"<se>"
	"se" Other SE lang:es 00:00:07 00:00:14 tt-3287 MM067_1993_CT_SU2012_CL_11 
"<arrepiente>"
	"UNK" Verb VLfin Pres Command Plural 2nd lang:es 00:00:07 00:00:14 tt-3288 MM067_1993_CT_SU2012_CL_11 
"<de>"
	"de" Preposition PREP lang:es 00:00:07 00:00:14 tt-3289 MM067_1993_CT_SU2012_CL_11 @Gram:Prep ADD:614 
"<,>"
	"," Punctuation CM lang:es 00:00:07 00:00:14 tt-3290 MM067_1993_CT_SU2012_CL_11 
"<de>"
	"de" Preposition PREP lang:es 00:00:07 00:00:14 tt-3291 MM067_1993_CT_SU2012_CL_11 @Gram:Prep ADD:614 
"<no>"
	"no" Adverb NEG lang:es 00:00:07 00:00:14 tt-3292 MM067_1993_CT_SU2012_CL_11 
"<hablar>"
	"hablar" Verb VLinf Infinitive lang:es 00:00:07 00:00:14 tt-3293 MM067_1993_CT_SU2012_CL_11 ID:32 R:Vocab:Fraseol:VerbPrep:33 SUBSTITUTE:320 ADDRELATION(Vocab:Fraseol:VerbPrep):1209 
"<con>"
	"con" Preposition PREP lang:es 00:00:07 00:00:14 tt-3294 MM067_1993_CT_SU2012_CL_11 @Gram:Prep ID:33 ADD:614 
"<cierta>"
	"cierta|cierto" Determiner QU Singular Fem lang:es 00:00:17 00:00:24 tt-3295 MM067_1993_CT_SU2012_CL_11 SUBSTITUTE:353 
"<amistad>"
	"amistad" Noun NC Singular lang:es 00:00:17 00:00:24 tt-3296 MM067_1993_CT_SU2012_CL_11 
"<,>"
	"," Punctuation CM lang:es 00:00:17 00:00:24 tt-3297 MM067_1993_CT_SU2012_CL_11 
"<de>"
	"de" Preposition PREP lang:es 00:00:17 00:00:24 tt-3298 MM067_1993_CT_SU2012_CL_11 @Gram:Prep ADD:614 
"<no>"
	"no" Adverb NEG lang:es 00:00:17 00:00:24 tt-3299 MM067_1993_CT_SU2012_CL_11 
"<ir>"
	"ir" Verb VLinf Infinitive lang:es 00:00:17 00:00:24 tt-3300 MM067_1993_CT_SU2012_CL_11 SUBSTITUTE:320 
"<a>"
	"a" Preposition PREP lang:es 00:00:17 00:00:24 tt-3301 MM067_1993_CT_SU2012_CL_11 @Gram:Prep SUBSTITUTE:389 ADD:614 
"<ciertos>"
	"cierto" Determiner QU lang:es 00:00:17 00:00:24 tt-3302 MM067_1993_CT_SU2012_CL_11 @Gram:Det:CuantIndef ADD:468 
"<,>"
	"," Punctuation CM lang:es 00:00:17 00:00:24 tt-3303 MM067_1993_CT_SU2012_CL_11 
"<a>"
	"a" Preposition PREP lang:es 00:00:17 00:00:24 tt-3304 MM067_1993_CT_SU2012_CL_11 @Gram:Prep SUBSTITUTE:389 ADD:614 
"<hacer>"
	"hacer" Verb VLinf Infinitive lang:es 00:00:17 00:00:24 tt-3305 MM067_1993_CT_SU2012_CL_11 SUBSTITUTE:320 
"<ciertas>"
	"cierto" "cierta|cierto" Determiner QU Plural Fem lang:es 00:00:17 00:00:24 tt-3306 MM067_1993_CT_SU2012_CL_11 @Gram:Det:CuantIndef SUBSTITUTE:352 ADD:468 
"<decisiones>"
	"decisión" Noun NC Plural lang:es 00:00:17 00:00:24 tt-3307 MM067_1993_CT_SU2012_CL_11 
"<que>"
	"que" Conjunction CQUE lang:es 00:00:17 00:00:24 tt-3308 MM067_1993_CT_SU2012_CL_11 
"<cree>"
	"crear|creer" Verb VLfin Pres Indi Sing 3rd lang:es 00:00:17 00:00:24 tt-3309 MM067_1993_CT_SU2012_CL_11 
"<uno>"
	"uno" Determiner CARD Singular lang:es 00:00:17 00:00:24 tt-3310 MM067_1993_CT_SU2012_CL_11 
"<que>"
	"que" Conjunction CQUE lang:es 00:00:17 00:00:24 tt-3311 MM067_1993_CT_SU2012_CL_11 
"<la>"
	"el" Determiner ART Singular Fem lang:es 00:00:17 00:00:24 tt-3312 MM067_1993_CT_SU2012_CL_11 @Gram:Pron:Objeto ADD:642 
"<podría>"
	"poder" Verb VMfin lang:es 00:00:17 00:00:24 tt-3313 MM067_1993_CT_SU2012_CL_11 
"<haber>"
	"haber" Verb VLinf VHinf Infinitive lang:es 00:00:27 00:00:34 tt-3314 MM067_1993_CT_SU2012_CL_11 SUBSTITUTE:320 
"<dado>"
	"dar" Verb VLadj lang:es 00:00:27 00:00:34 tt-3315 MM067_1993_CT_SU2012_CL_11 
"<la>"
	"el" Determiner ART Singular Fem lang:es 00:00:27 00:00:34 tt-3316 MM067_1993_CT_SU2012_CL_11 @Gram:Det:Art ADD:416 
"<oportunidad>"
	"oportunidad" Noun NC Singular lang:es 00:00:27 00:00:34 tt-3317 MM067_1993_CT_SU2012_CL_11 
"<de>"
	"de" Conjunction CSUBI lang:es 00:00:27 00:00:34 tt-3318 MM067_1993_CT_SU2012_CL_11 
"<avanzar>"
	"avanzar" Verb VLinf Infinitive lang:es 00:00:27 00:00:34 tt-3319 MM067_1993_CT_SU2012_CL_11 SUBSTITUTE:320 
"<más>"
	"más" Adverb ADV lang:es 00:00:27 00:00:34 tt-3320 MM067_1993_CT_SU2012_CL_11 
"<en>"
	"en" Preposition PREP lang:es 00:00:27 00:00:34 tt-3321 MM067_1993_CT_SU2012_CL_11 @Gram:Prep ADD:614 
"<su>"
	"suyo" Pronoun PPO Singular lang:es 00:00:27 00:00:34 tt-3322 MM067_1993_CT_SU2012_CL_11 @Gram:Det:Pos ADD:446 
"<vida>"
	"vida" Noun NC Singular lang:es 00:00:27 00:00:34 tt-3323 MM067_1993_CT_SU2012_CL_11 
"<y>"
	"y" Conjunciton Conjunction CC lang:es 00:00:27 00:00:34 tt-3324 MM067_1993_CT_SU2012_CL_11 SUBSTITUTE:385 
"<es>"
	"ser" Verb VSfin Pres Indi Sing 3rd lang:es 00:00:27 00:00:34 tt-3325 MM067_1993_CT_SU2012_CL_11 @Gram:SerEstar:Ser ADD:803 
"<,>"
	"," Punctuation CM lang:es 00:00:27 00:00:34 tt-3326 MM067_1993_CT_SU2012_CL_11 
"<pero>"
	"pero" Conjunction CCAD lang:es 00:00:27 00:00:34 tt-3327 MM067_1993_CT_SU2012_CL_11 @Prag:MarcadoresDisc:Revision ADD:1032 
"<en>"
	"en" Preposition PREP lang:es 00:00:27 00:00:34 tt-3328 MM067_1993_CT_SU2012_CL_11 @Gram:Prep ADD:614 
"<mi>"
	"mío" Pronoun PPO Singular lang:es 00:00:27 00:00:34 tt-3329 MM067_1993_CT_SU2012_CL_11 @Gram:Det:Pos ADD:446 
"<punto>"
	"punto" Noun NC Singular lang:es 00:00:27 00:00:34 tt-3330 MM067_1993_CT_SU2012_CL_11 
"<de>"
	"de" Preposition PREP lang:es 00:00:27 00:00:34 tt-3331 MM067_1993_CT_SU2012_CL_11 @Gram:Prep ADD:614 
"<vista>"
	"vista" Noun NC Singular lang:es 00:00:27 00:00:34 tt-3332 MM067_1993_CT_SU2012_CL_11 
"<,>"
	"," Punctuation CM lang:es 00:00:27 00:00:34 tt-3333 MM067_1993_CT_SU2012_CL_11 
"<yo>"
	"yo" Pronoun PPX Singular lang:es 00:00:38 00:00:45 tt-3334 MM067_1993_CT_SU2012_CL_11 @Gram:Pron:Sujeto ADD:624 
"<,>"
	"," Punctuation CM lang:es 00:00:38 00:00:45 tt-3335 MM067_1993_CT_SU2012_CL_11 
"<este>"
	"este" Determiner DM Singular lang:es 00:00:38 00:00:45 tt-3336 MM067_1993_CT_SU2012_CL_11 @Prag:RecuDiscurso:GanarTiempo ADD:1155 
"<es>"
	"ser" Verb VSfin Pres Indi Sing 3rd lang:es 00:00:38 00:00:45 tt-3337 MM067_1993_CT_SU2012_CL_11 @Gram:SerEstar:Ser ADD:803 
"<algo>"
	"algo" Determiner QU lang:es 00:00:38 00:00:45 tt-3338 MM067_1993_CT_SU2012_CL_11 @Gram:Det:Pron ADD:475 
"<,>"
	"," Punctuation CM lang:es 00:00:38 00:00:45 tt-3339 MM067_1993_CT_SU2012_CL_11 
"<es>"
	"ser" Verb VSfin Pres Indi Sing 3rd lang:es 00:00:38 00:00:45 tt-3340 MM067_1993_CT_SU2012_CL_11 @Gram:SerEstar:Ser ADD:803 
"<interesante>"
	"interesante" Adjective ADJ Singular lang:es 00:00:38 00:00:45 tt-3341 MM067_1993_CT_SU2012_CL_11 
"<este>"
	"este" Determiner DM Singular lang:es 00:00:38 00:00:45 tt-3342 MM067_1993_CT_SU2012_CL_11 @Prag:RecuDiscurso:GanarTiempo ADD:1155 
"<,>"
	"," Punctuation CM lang:es 00:00:38 00:00:45 tt-3343 MM067_1993_CT_SU2012_CL_11 
"<debido>"
	"debido" Preposition PREP lang:es 00:00:38 00:00:45 tt-3344 MM067_1993_CT_SU2012_CL_11 @Gram:Prep ADD:614 
"<a>"
	"a" Preposition PREP lang:es 00:00:38 00:00:45 tt-3345 MM067_1993_CT_SU2012_CL_11 @Gram:Prep SUBSTITUTE:389 ADD:614 
"<los>"
	"el" Determiner ART Plural Masc lang:es 00:00:38 00:00:45 tt-3346 MM067_1993_CT_SU2012_CL_11 @Gram:Det:Art ADD:416 
"<cambios>"
	"cambio" Noun NC Plural lang:es 00:00:38 00:00:45 tt-3347 MM067_1993_CT_SU2012_CL_11 
"<que>"
	"que" Conjunction CQUE lang:es 00:00:38 00:00:45 tt-3348 MM067_1993_CT_SU2012_CL_11 
"<he>"
	"haber" Verb VHfin Pres Indi Sing 1st lang:es 00:00:38 00:00:45 tt-3349 MM067_1993_CT_SU2012_CL_11 ID:88 R:Gram:Aux:Haber:89 R:Gram:PerfPerif:89 ADDRELATION():695 
"<tenido>"
	"tener" Verb VLadj lang:es 00:00:38 00:00:45 tt-3350 MM067_1993_CT_SU2012_CL_11 ID:89 
"<que>"
	"que" Conjunction CQUE lang:es 00:00:38 00:00:45 tt-3351 MM067_1993_CT_SU2012_CL_11 
"<hacer>"
	"hacer" Verb VLinf Infinitive lang:es 00:00:38 00:00:45 tt-3352 MM067_1993_CT_SU2012_CL_11 SUBSTITUTE:320 
"<,>"
	"," Punctuation CM lang:es 00:00:38 00:00:45 tt-3353 MM067_1993_CT_SU2012_CL_11 
"<este>"
	"este" Determiner DM Singular lang:es 00:00:38 00:00:45 tt-3354 MM067_1993_CT_SU2012_CL_11 @Prag:RecuDiscurso:GanarTiempo ADD:1155 
"<,>"
	"," Punctuation CM lang:es 00:00:38 00:00:45 tt-3355 MM067_1993_CT_SU2012_CL_11 
"<a>"
	"a" Preposition PREP Adverb ADV lang:es 00:00:53 00:01:00 tt-3356 MM067_1993_CT_SU2012_CL_11 @Gram:Prep SUBSTITUTE:389 ADD:614 
"<veces>"
	"veces" Adverb ADV lang:es 00:00:53 00:01:00 tt-3357 MM067_1993_CT_SU2012_CL_11 
"<siento>"
	"sentar|sentir" Verb VLfin Pres Indi Sing 1st lang:es 00:00:53 00:01:00 tt-3358 MM067_1993_CT_SU2012_CL_11 
"<que>"
	"que" Conjunction CQUE lang:es 00:00:53 00:01:00 tt-3359 MM067_1993_CT_SU2012_CL_11 
"<yo>"
	"yo" Pronoun PPX Singular lang:es 00:00:53 00:01:00 tt-3360 MM067_1993_CT_SU2012_CL_11 @Gram:Pron:Sujeto ADD:624 
"<no>"
	"no" Adverb NEG lang:es 00:00:53 00:01:00 tt-3361 MM067_1993_CT_SU2012_CL_11 
"<soy>"
	"ser" Verb VSfin Pres Indi Sing 1st lang:es 00:00:53 00:01:00 tt-3362 MM067_1993_CT_SU2012_CL_11 @Gram:SerEstar:Ser ADD:803 
"<el>"
	"el" Determiner ART Singular Masc lang:es 00:00:53 00:01:00 tt-3363 MM067_1993_CT_SU2012_CL_11 @Gram:Det:Art ADD:416 
"<que>"
	"que" Conjunction CQUE lang:es 00:00:53 00:01:00 tt-3364 MM067_1993_CT_SU2012_CL_11 
"<hace>"
	"hacer" Verb VLfin Pres Indi Sing 3rd lang:es 00:00:53 00:01:00 tt-3365 MM067_1993_CT_SU2012_CL_11 
"<las>"
	"el" Determiner ART Plural Fem lang:es 00:00:53 00:01:00 tt-3366 MM067_1993_CT_SU2012_CL_11 @Gram:Det:Art ADD:416 
"<decisiones>"
	"decisión" Noun NC Plural lang:es 00:00:53 00:01:00 tt-3367 MM067_1993_CT_SU2012_CL_11 
"<$.>"
	"." Punctuation FS lang:es 00:00:53 00:01:00 tt-3368 MM067_1993_CT_SU2012_CL_11 
<lang code="en">

"<Ah>"
	"ah" Other UH lang:en 00:00:53 00:01:00 tt-3369 MM067_1993_CT_SU2012_CL_11 
</lang>
"<...>"
	"..." Punctuation DOTS lang:es 00:00:53 00:01:00 tt-3370 MM067_1993_CT_SU2012_CL_11 
"<por>"
	"por" Preposition PREP lang:es 00:00:53 00:01:00 tt-3371 MM067_1993_CT_SU2012_CL_11 @Gram:Prep:Por SUBSTITUTE:262 ADD:595 
"<eso>"
	"ese" Determiner DM Singular lang:es 00:00:53 00:01:00 tt-3372 MM067_1993_CT_SU2012_CL_11 @Gram:Det:Demo ADD:439 
"<,>"
	"," Punctuation CM lang:es 00:00:53 00:01:00 tt-3373 MM067_1993_CT_SU2012_CL_11 
"<he>"
	"haber" Verb VHfin Pres Indi Sing 1st lang:es 00:00:53 00:01:00 tt-3374 MM067_1993_CT_SU2012_CL_11 ID:113 R:Gram:Aux:Haber:114 R:Gram:PerfPerif:114 ADDRELATION():695 
"<tomado>"
	"tomar" Verb VLadj lang:es 00:00:53 00:01:00 tt-3375 MM067_1993_CT_SU2012_CL_11 ID:114 
"<en>"
	"en" Preposition PREP lang:es 00:00:53 00:01:00 tt-3376 MM067_1993_CT_SU2012_CL_11 @Gram:Prep ADD:614 
"<cuenta>"
	"cuenta" Noun NC Singular lang:es 00:00:53 00:01:00 tt-3377 MM067_1993_CT_SU2012_CL_11 
"<una>"
	"un" Determiner ART Singular lang:es 00:00:53 00:01:00 tt-3378 MM067_1993_CT_SU2012_CL_11 
"<,>"
	"," Punctuation CM lang:es 00:00:53 00:01:00 tt-3379 MM067_1993_CT_SU2012_CL_11 
"<por>"
	"por" Preposition PREP lang:es 00:01:05 00:01:12 tt-3380 MM067_1993_CT_SU2012_CL_11 @Gram:Prep:Por SUBSTITUTE:262 ADD:608 
"<decir>"
	"decir" Verb VLinf Infinitive lang:es 00:01:05 00:01:12 tt-3381 MM067_1993_CT_SU2012_CL_11 SUBSTITUTE:320 
"<una>"
	"un" Determiner ART Singular lang:es 00:01:05 00:01:12 tt-3382 MM067_1993_CT_SU2012_CL_11 
"<intervención>"
	"intervención" Noun NC Singular lang:es 00:01:05 00:01:12 tt-3383 MM067_1993_CT_SU2012_CL_11 
"<divina>"
	"divino" Adjective ADJ Singular lang:es 00:01:05 00:01:12 tt-3384 MM067_1993_CT_SU2012_CL_11 
"<que>"
	"que" Conjunction CQUE lang:es 00:01:05 00:01:12 tt-3385 MM067_1993_CT_SU2012_CL_11 
"<Dios>"
	"dios" Noun NC Plural lang:es 00:01:05 00:01:12 tt-3386 MM067_1993_CT_SU2012_CL_11 
"<me>"
	"yo" Pronoun PPX Singular lang:es 00:01:05 00:01:12 tt-3387 MM067_1993_CT_SU2012_CL_11 @Gram:Pron:Objeto ADD:648 
"<está>"
	"estar" Verb VEfin Pres Indi Sing 3rd lang:es 00:01:05 00:01:12 tt-3388 MM067_1993_CT_SU2012_CL_11 @Gram:SerEstar:Estar ID:127 R:Gram:SerEstar:EstarAux:128 ADD:812 ADDRELATION(Gram:SerEstar:EstarAux):828 
"<guiando>"
	"guiar" Verb VLger lang:es 00:01:05 00:01:12 tt-3389 MM067_1993_CT_SU2012_CL_11 ID:128 
"<,>"
	"," Punctuation CM lang:es 00:01:05 00:01:12 tt-3390 MM067_1993_CT_SU2012_CL_11 
"<porque>"
	"porque" Conjunction CSUBX lang:es 00:01:05 00:01:12 tt-3391 MM067_1993_CT_SU2012_CL_11 @Prag:MarcadoresDisc:Causa ADD:1085 
"<sinceramente>"
	"sincero" Adverb ADV lang:es 00:01:05 00:01:12 tt-3392 MM067_1993_CT_SU2012_CL_11 
"<las>"
	"el" Determiner ART Plural Fem lang:es 00:01:05 00:01:12 tt-3393 MM067_1993_CT_SU2012_CL_11 @Gram:Det:Art ADD:416 
"<,>"
	"," Punctuation CM lang:es 00:01:05 00:01:12 tt-3394 MM067_1993_CT_SU2012_CL_11 
"<las>"
	"el" Determiner ART Plural Fem lang:es 00:01:05 00:01:12 tt-3395 MM067_1993_CT_SU2012_CL_11 @Gram:Det:Art ADD:416 
"<puertas>"
	"puerta" Noun NC Plural lang:es 00:01:17 00:01:23 tt-3396 MM067_1993_CT_SU2012_CL_11 
"<que>"
	"que" Conjunction CQUE lang:es 00:01:17 00:01:23 tt-3397 MM067_1993_CT_SU2012_CL_11 
"<se>"
	"se" Other SE lang:es 00:01:17 00:01:23 tt-3398 MM067_1993_CT_SU2012_CL_11 
"<cierran>"
	"cerrar" Verb VLfin Pres Indi Plural 3rd lang:es 00:01:17 00:01:23 tt-3399 MM067_1993_CT_SU2012_CL_11 
"<y>"
	"y" Conjunciton Conjunction CC lang:es 00:01:17 00:01:23 tt-3400 MM067_1993_CT_SU2012_CL_11 SUBSTITUTE:385 
"<las>"
	"el" Determiner ART Plural Fem lang:es 00:01:17 00:01:23 tt-3401 MM067_1993_CT_SU2012_CL_11 @Gram:Det:Art ADD:416 
"<puertas>"
	"puerta" Noun NC Plural lang:es 00:01:17 00:01:23 tt-3402 MM067_1993_CT_SU2012_CL_11 
"<que>"
	"que" Conjunction CQUE lang:es 00:01:17 00:01:23 tt-3403 MM067_1993_CT_SU2012_CL_11 
"<se>"
	"se" Other SE lang:es 00:01:17 00:01:23 tt-3404 MM067_1993_CT_SU2012_CL_11 
"<abren>"
	"abrir" Verb VLfin Pres Indi Plural 3rd lang:es 00:01:17 00:01:23 tt-3405 MM067_1993_CT_SU2012_CL_11 
"<son>"
	"ser" Verb VSfin Pres Indi Plural 3rd lang:es 00:01:17 00:01:23 tt-3406 MM067_1993_CT_SU2012_CL_11 @Gram:SerEstar:Ser ADD:803 
"<puertas>"
	"puerta" Noun NC Plural lang:es 00:01:17 00:01:23 tt-3407 MM067_1993_CT_SU2012_CL_11 
"<que>"
	"que" Conjunction CQUE lang:es 00:01:17 00:01:23 tt-3408 MM067_1993_CT_SU2012_CL_11 
"<yo>"
	"yo" Pronoun PPX Singular lang:es 00:01:17 00:01:23 tt-3409 MM067_1993_CT_SU2012_CL_11 @Gram:Pron:Sujeto ADD:624 
"<nunca>"
	"nunca" Adverb ADV lang:es 00:01:17 00:01:23 tt-3410 MM067_1993_CT_SU2012_CL_11 
"<en>"
	"en" Preposition PREP lang:es 00:01:17 00:01:23 tt-3411 MM067_1993_CT_SU2012_CL_11 @Gram:Prep ADD:614 
"<mi>"
	"mío" Pronoun PPO Singular lang:es 00:01:17 00:01:23 tt-3412 MM067_1993_CT_SU2012_CL_11 @Gram:Det:Pos ADD:446 
"<vida>"
	"vida" Noun NC Singular lang:es 00:01:17 00:01:23 tt-3413 MM067_1993_CT_SU2012_CL_11 
"<habría>"
	"haber" Verb VHfin Cond Indi Sing 1st_or_3rd lang:es 00:01:23 00:01:29 tt-3414 MM067_1993_CT_SU2012_CL_11 @Gram:Haber:Exist ADD:819 
"<podido>"
	"poder" Verb VMadj lang:es 00:01:23 00:01:29 tt-3415 MM067_1993_CT_SU2012_CL_11 
"<haber>"
	"haber" Verb VLinf VHinf Infinitive lang:es 00:01:23 00:01:29 tt-3416 MM067_1993_CT_SU2012_CL_11 SUBSTITUTE:320 
"<imaginado>"
	"imaginar" Verb VLadj lang:es 00:01:23 00:01:29 tt-3417 MM067_1993_CT_SU2012_CL_11 
"<,>"
	"," Punctuation CM lang:es 00:01:23 00:01:29 tt-3418 MM067_1993_CT_SU2012_CL_11 
"<uhm>"
	"UNK" Noun NC Singular lang:es 00:01:23 00:01:29 tt-3419 MM067_1993_CT_SU2012_CL_11 
"<...>"
	"..." Punctuation DOTS lang:es 00:01:23 00:01:29 tt-3420 MM067_1993_CT_SU2012_CL_11 
"<por>"
	"por" Preposition PREP lang:es 00:01:23 00:01:29 tt-3421 MM067_1993_CT_SU2012_CL_11 @Gram:Prep:Por ID:160 R:Prag:MarcadoresDisc:Igualdad:161 SUBSTITUTE:262 ADD:595 ADDRELATION(Prag:MarcadoresDisc:Igualdad):1122 
"<ejemplo>"
	"ejemplo" Adverb ADV lang:es 00:01:23 00:01:29 tt-3422 MM067_1993_CT_SU2012_CL_11 ID:161 
"<no>"
	"no" Adverb NEG lang:es 00:01:23 00:01:29 tt-3423 MM067_1993_CT_SU2012_CL_11 
"<haber>"
	"haber" Verb VLinf VHinf Infinitive lang:es 00:01:23 00:01:29 tt-3424 MM067_1993_CT_SU2012_CL_11 @Gram:Haber:Exist SUBSTITUTE:320 ADD:819 
"<podido>"
	"poder" Verb VMadj lang:es 00:01:23 00:01:29 tt-3425 MM067_1993_CT_SU2012_CL_11 
"<,>"
	"," Punctuation CM lang:es 00:01:23 00:01:29 tt-3426 MM067_1993_CT_SU2012_CL_11 
"<haber>"
	"haber" Verb VLinf VHinf Infinitive lang:es 00:01:23 00:01:29 tt-3427 MM067_1993_CT_SU2012_CL_11 SUBSTITUTE:320 
"<ido>"
	"ir" Verb VLadj lang:es 00:01:23 00:01:29 tt-3428 MM067_1993_CT_SU2012_CL_11 
"<a>"
	"a" Preposition PREP lang:es 00:01:23 00:01:29 tt-3429 MM067_1993_CT_SU2012_CL_11 @Gram:Prep SUBSTITUTE:389 ADD:614 
"<la>"
	"el" Determiner ART Singular Fem lang:es 00:01:23 00:01:29 tt-3430 MM067_1993_CT_SU2012_CL_11 @Gram:Det:Art ADD:416 
"<universidad>"
	"universidad" Noun NC Singular lang:es 00:01:23 00:01:29 tt-3431 MM067_1993_CT_SU2012_CL_11 
"<,>"
	"," Punctuation CM lang:es 00:01:23 00:01:29 tt-3432 MM067_1993_CT_SU2012_CL_11 
"<no>"
	"no" Adverb NEG lang:es 00:01:29 00:01:36 tt-3433 MM067_1993_CT_SU2012_CL_11 
"<era>"
	"ser" Verb VEfin Imp Indi Sing 1st_or_3rd lang:es 00:01:29 00:01:36 tt-3434 MM067_1993_CT_SU2012_CL_11 @Gram:Imperf @Gram:SerEstar:Ser ADD:679 ADD:803 
"<en>"
	"en" Preposition PREP lang:es 00:01:29 00:01:36 tt-3435 MM067_1993_CT_SU2012_CL_11 @Gram:Prep ADD:614 
"<mis>"
	"mío" Pronoun PPO Plural lang:es 00:01:29 00:01:36 tt-3436 MM067_1993_CT_SU2012_CL_11 SUBSTITUTE:309 
<lang code="en">
"<planes>"
	"plane" Noun NNS lang:en 00:01:29 00:01:36 tt-3437 MM067_1993_CT_SU2012_CL_11 
</lang>
"<,>"
	"," Punctuation CM lang:es 00:01:29 00:01:36 tt-3438 MM067_1993_CT_SU2012_CL_11 
"<y>"
	"y" Conjunciton Conjunction CC lang:es 00:01:29 00:01:36 tt-3439 MM067_1993_CT_SU2012_CL_11 SUBSTITUTE:385 
"<de>"
	"de" Preposition PREP lang:es 00:01:29 00:01:36 tt-3440 MM067_1993_CT_SU2012_CL_11 @Gram:Prep ADD:614 
"<repente>"
	"repente" Noun NC Singular lang:es 00:01:29 00:01:36 tt-3441 MM067_1993_CT_SU2012_CL_11 
"<,>"
	"," Punctuation CM lang:es 00:01:29 00:01:36 tt-3442 MM067_1993_CT_SU2012_CL_11 
"<una>"
	"un" Determiner ART Singular lang:es 00:01:29 00:01:36 tt-3443 MM067_1993_CT_SU2012_CL_11 
"<beca>"
	"beca" Noun NC Singular lang:es 00:01:29 00:01:36 tt-3444 MM067_1993_CT_SU2012_CL_11 
"<completa>"
	"completo" Adjective ADJ Singular lang:es 00:01:29 00:01:36 tt-3445 MM067_1993_CT_SU2012_CL_11 
"<tampoco>"
	"tampoco" Adverb ADV lang:es 00:01:29 00:01:36 tt-3446 MM067_1993_CT_SU2012_CL_11 
"<era>"
	"ser" Verb VEfin Imp Indi Sing 1st_or_3rd lang:es 00:01:29 00:01:36 tt-3447 MM067_1993_CT_SU2012_CL_11 @Gram:Imperf @Gram:SerEstar:Ser ADD:679 ADD:803 
"<en>"
	"en" Preposition PREP lang:es 00:01:29 00:01:36 tt-3448 MM067_1993_CT_SU2012_CL_11 @Gram:Prep ADD:614 
"<mis>"
	"mío" Pronoun PPO Plural lang:es 00:01:29 00:01:36 tt-3449 MM067_1993_CT_SU2012_CL_11 SUBSTITUTE:309 
<lang code="en">
"<planes>"
	"plane" Noun NNS lang:en 00:01:29 00:01:36 tt-3450 MM067_1993_CT_SU2012_CL_11 
</lang>
"<,>"
	"," Punctuation CM lang:es 00:01:29 00:01:36 tt-3451 MM067_1993_CT_SU2012_CL_11 
"<este>"
	"este" Determiner DM Singular lang:es 00:01:29 00:01:36 tt-3452 MM067_1993_CT_SU2012_CL_11 @Prag:RecuDiscurso:GanarTiempo ADD:1155 
"<cambiar>"
	"cambiar" Verb VLinf Infinitive lang:es 00:01:36 00:01:43 tt-3453 MM067_1993_CT_SU2012_CL_11 SUBSTITUTE:320 
"<mi>"
	"mío" Pronoun PPO Singular lang:es 00:01:36 00:01:43 tt-3454 MM067_1993_CT_SU2012_CL_11 @Gram:Det:Pos ADD:446 
"<carrera>"
	"carrera" Noun NC Singular lang:es 00:01:36 00:01:43 tt-3455 MM067_1993_CT_SU2012_CL_11 
"<no>"
	"no" Adverb NEG lang:es 00:01:36 00:01:43 tt-3456 MM067_1993_CT_SU2012_CL_11 
"<era>"
	"ser" Verb VEfin Imp Indi Sing 1st_or_3rd lang:es 00:01:36 00:01:43 tt-3457 MM067_1993_CT_SU2012_CL_11 @Gram:Imperf @Gram:SerEstar:Ser ADD:679 ADD:803 
"<en>"
	"en" Preposition PREP lang:es 00:01:36 00:01:43 tt-3458 MM067_1993_CT_SU2012_CL_11 @Gram:Prep ADD:614 
"<mis>"
	"mío" Pronoun PPO Plural lang:es 00:01:36 00:01:43 tt-3459 MM067_1993_CT_SU2012_CL_11 SUBSTITUTE:309 
<lang code="en">
"<planes>"
	"plane" Noun NNS lang:en 00:01:36 00:01:43 tt-3460 MM067_1993_CT_SU2012_CL_11 
</lang>
"<,>"
	"," Punctuation CM lang:es 00:01:36 00:01:43 tt-3461 MM067_1993_CT_SU2012_CL_11 
"<tener>"
	"tener" Verb VLinf Infinitive lang:es 00:01:36 00:01:43 tt-3462 MM067_1993_CT_SU2012_CL_11 SUBSTITUTE:320 
"<,>"
	"," Punctuation CM lang:es 00:01:36 00:01:43 tt-3463 MM067_1993_CT_SU2012_CL_11 
"<estar>"
	"estar" Verb VLinf VEinf Infinitive lang:es 00:01:36 00:01:43 tt-3464 MM067_1993_CT_SU2012_CL_11 @Gram:SerEstar:Estar SUBSTITUTE:320 ADD:812 
"<en>"
	"en" Preposition PREP lang:es 00:01:36 00:01:43 tt-3465 MM067_1993_CT_SU2012_CL_11 @Gram:Prep ADD:614 
"<la>"
	"el" Determiner ART Singular Fem lang:es 00:01:36 00:01:43 tt-3466 MM067_1993_CT_SU2012_CL_11 @Gram:Det:Art ADD:416 
"<situación>"
	"situación" Noun NC Singular lang:es 00:01:36 00:01:43 tt-3467 MM067_1993_CT_SU2012_CL_11 
"<en>"
	"en" Preposition PREP lang:es 00:01:36 00:01:43 tt-3468 MM067_1993_CT_SU2012_CL_11 @Gram:Prep ADD:614 
"<la>"
	"el" Determiner ART Singular Fem lang:es 00:01:36 00:01:43 tt-3469 MM067_1993_CT_SU2012_CL_11 @Gram:Det:Art ADD:416 
"<que>"
	"que" Conjunction CQUE lang:es 00:01:36 00:01:43 tt-3470 MM067_1993_CT_SU2012_CL_11 
"<estoy>"
	"estar" Verb VEfin Pres Indi Sing 1st lang:es 00:01:36 00:01:43 tt-3471 MM067_1993_CT_SU2012_CL_11 @Gram:SerEstar:Estar ADD:812 
"<ahorita>"
	"ahora" Adverb ADV lang:es 00:01:36 00:01:43 tt-3472 MM067_1993_CT_SU2012_CL_11 
"<no>"
	"no" Adverb NEG lang:es 00:01:43 00:01:50 tt-3473 MM067_1993_CT_SU2012_CL_11 
"<fue>"
	"ir" Verb VLfin Pret Indi Sing 3rd lang:es 00:01:43 00:01:50 tt-3474 MM067_1993_CT_SU2012_CL_11 @Gram:Indefinido ADD:688 
"<tampoco>"
	"tampoco" Adverb ADV lang:es 00:01:43 00:01:50 tt-3475 MM067_1993_CT_SU2012_CL_11 
"<mi>"
	"mío" Pronoun PPO Singular lang:es 00:01:43 00:01:50 tt-3476 MM067_1993_CT_SU2012_CL_11 @Gram:Det:Pos ADD:446 
"<decisión>"
	"decisión" Noun NC Singular lang:es 00:01:43 00:01:50 tt-3477 MM067_1993_CT_SU2012_CL_11 
"<eh>"
	"eh" Noun NP Singular lang:es 00:01:43 00:01:50 tt-3478 MM067_1993_CT_SU2012_CL_11 
"<...>"
	"..." Punctuation DOTS lang:es 00:01:43 00:01:50 tt-3479 MM067_1993_CT_SU2012_CL_11 
"<pero>"
	"pero" Conjunction CCAD lang:es 00:01:43 00:01:50 tt-3480 MM067_1993_CT_SU2012_CL_11 @Prag:MarcadoresDisc:Revision ADD:1032 
"<un>"
	"un" Determiner ART Singular lang:es 00:01:43 00:01:50 tt-3481 MM067_1993_CT_SU2012_CL_11 
"<arrepentimiento>"
	"UNK" Noun NC Singular lang:es 00:01:43 00:01:50 tt-3482 MM067_1993_CT_SU2012_CL_11 
"<lo>"
	"él" Pronoun PPC Singular lang:es 00:01:43 00:01:50 tt-3483 MM067_1993_CT_SU2012_CL_11 @Gram:Pron:Objeto ADD:654 
"<puedo>"
	"poder" Verb VLfin Pres Indi Sing 1st lang:es 00:01:43 00:01:50 tt-3484 MM067_1993_CT_SU2012_CL_11 
"<dejar>"
	"dejar" Verb VLinf Infinitive lang:es 00:01:43 00:01:50 tt-3485 MM067_1993_CT_SU2012_CL_11 SUBSTITUTE:320 
"<ir>"
	"ir" Verb VLinf Infinitive lang:es 00:01:43 00:01:50 tt-3486 MM067_1993_CT_SU2012_CL_11 SUBSTITUTE:320 
"<,>"
	"," Punctuation CM lang:es 00:01:43 00:01:50 tt-3487 MM067_1993_CT_SU2012_CL_11 
"<lo>"
	"él" Pronoun PPC Singular lang:es 00:01:43 00:01:50 tt-3488 MM067_1993_CT_SU2012_CL_11 @Gram:Pron:Objeto ADD:654 
"<puedo>"
	"poder" Verb VLfin Pres Indi Sing 1st lang:es 00:01:43 00:01:50 tt-3489 MM067_1993_CT_SU2012_CL_11 
"<ver>"
	"ver" Verb VLinf Infinitive lang:es 00:01:43 00:01:50 tt-3490 MM067_1993_CT_SU2012_CL_11 SUBSTITUTE:320 
"<a>"
	"a" Preposition PREP lang:es 00:01:43 00:01:50 tt-3491 MM067_1993_CT_SU2012_CL_11 @Gram:Prep SUBSTITUTE:389 ADD:614 
"<través>"
	"través" Noun NC Plural lang:es 00:01:43 00:01:50 tt-3492 MM067_1993_CT_SU2012_CL_11 
"<,>"
	"," Punctuation CM lang:es 00:01:43 00:01:50 tt-3493 MM067_1993_CT_SU2012_CL_11 
"<puedo>"
	"poder" Verb VLfin Pres Indi Sing 1st lang:es 00:01:56 00:02:03 tt-3494 MM067_1993_CT_SU2012_CL_11 
"<dejarlo>"
	"dejar" Verb VLinf Pres Indi Sing 1st lang:es 00:01:56 00:02:03 tt-3495 MM067_1993_CT_SU2012_CL_11 
"<porque>"
	"porque" Conjunction CSUBX lang:es 00:01:56 00:02:03 tt-3496 MM067_1993_CT_SU2012_CL_11 @Prag:MarcadoresDisc:Causa ADD:1085 
"<sé>"
	"saber|ser" Verb VLfin Pres Indi Sing 1st lang:es 00:01:56 00:02:03 tt-3497 MM067_1993_CT_SU2012_CL_11 
"<que>"
	"que" Conjunction CQUE lang:es 00:01:56 00:02:03 tt-3498 MM067_1993_CT_SU2012_CL_11 
"<en>"
	"en" Preposition PREP lang:es 00:01:56 00:02:03 tt-3499 MM067_1993_CT_SU2012_CL_11 @Gram:Prep ADD:614 
"<veces>"
	"vez" Noun NC Plural lang:es 00:01:56 00:02:03 tt-3500 MM067_1993_CT_SU2012_CL_11 
"<no>"
	"no" Adverb NEG lang:es 00:01:56 00:02:03 tt-3501 MM067_1993_CT_SU2012_CL_11 
"<eres>"
	"ser" Verb VSfin Pres Indi Sing 2nd lang:es 00:01:56 00:02:03 tt-3502 MM067_1993_CT_SU2012_CL_11 @Gram:SerEstar:Ser ADD:803 
"<,>"
	"," Punctuation CM lang:es 00:01:56 00:02:03 tt-3503 MM067_1993_CT_SU2012_CL_11 
"<no>"
	"no" Adverb NEG lang:es 00:01:56 00:02:03 tt-3504 MM067_1993_CT_SU2012_CL_11 
"<eres>"
	"ser" Verb VSfin Pres Indi Sing 2nd lang:es 00:01:56 00:02:03 tt-3505 MM067_1993_CT_SU2012_CL_11 @Gram:SerEstar:Ser ADD:803 
"<tú>"
	"tú" Pronoun PPX Singular lang:es 00:01:56 00:02:03 tt-3506 MM067_1993_CT_SU2012_CL_11 @Gram:Pron:Sujeto ADD:624 
"<él>"
	"él" Pronoun PPX Singular lang:es 00:01:56 00:02:03 tt-3507 MM067_1993_CT_SU2012_CL_11 @Gram:Pron:Sujeto ADD:624 
"<que>"
	"que" Conjunction CQUE lang:es 00:01:56 00:02:03 tt-3508 MM067_1993_CT_SU2012_CL_11 
"<está>"
	"estar" Verb VEfin Pres Indi Sing 3rd lang:es 00:01:56 00:02:03 tt-3509 MM067_1993_CT_SU2012_CL_11 @Gram:SerEstar:Estar ID:248 R:Gram:SerEstar:EstarAux:249 ADD:812 ADDRELATION(Gram:SerEstar:EstarAux):828 
"<haciendo>"
	"hacer" Verb VLger lang:es 00:01:56 00:02:03 tt-3510 MM067_1993_CT_SU2012_CL_11 ID:249 
"<las>"
	"el" Determiner ART Plural Fem lang:es 00:01:56 00:02:03 tt-3511 MM067_1993_CT_SU2012_CL_11 @Gram:Det:Art ADD:416 
"<decisiones>"
	"decisión" Noun NC Plural lang:es 00:01:56 00:02:03 tt-3512 MM067_1993_CT_SU2012_CL_11 
"<,>"
	"," Punctuation CM lang:es 00:01:56 00:02:03 tt-3513 MM067_1993_CT_SU2012_CL_11 
"<sé>"
	"saber|ser" Verb VLfin Pres Indi Sing 1st lang:es 00:02:06 00:02:13 tt-3514 MM067_1993_CT_SU2012_CL_11 
"<que>"
	"que" Conjunction CQUE lang:es 00:02:06 00:02:13 tt-3515 MM067_1993_CT_SU2012_CL_11 
"<,>"
	"," Punctuation CM lang:es 00:02:06 00:02:13 tt-3516 MM067_1993_CT_SU2012_CL_11 
"<he>"
	"haber" Verb VHfin Pres Indi Sing 1st lang:es 00:02:06 00:02:13 tt-3517 MM067_1993_CT_SU2012_CL_11 ID:256 R:Gram:Aux:Haber:257 R:Gram:PerfPerif:257 ADDRELATION():695 
"<tenido>"
	"tener" Verb VLadj lang:es 00:02:06 00:02:13 tt-3518 MM067_1993_CT_SU2012_CL_11 ID:257 
"<la>"
	"el" Determiner ART Singular Fem lang:es 00:02:06 00:02:13 tt-3519 MM067_1993_CT_SU2012_CL_11 @Gram:Det:Art ADD:416 
"<experiencia>"
	"experiencia" Noun NC Singular lang:es 00:02:06 00:02:13 tt-3520 MM067_1993_CT_SU2012_CL_11 
"<de>"
	"de" Preposition PREP lang:es 00:02:06 00:02:13 tt-3521 MM067_1993_CT_SU2012_CL_11 @Gram:Prep ADD:614 
"<que>"
	"que" Conjunction CQUE lang:es 00:02:06 00:02:13 tt-3522 MM067_1993_CT_SU2012_CL_11 
"<a>"
	"a" Preposition PREP Adverb ADV lang:es 00:02:06 00:02:13 tt-3523 MM067_1993_CT_SU2012_CL_11 @Gram:Prep SUBSTITUTE:389 ADD:614 
"<veces>"
	"veces" Adverb ADV lang:es 00:02:06 00:02:13 tt-3524 MM067_1993_CT_SU2012_CL_11 
"<cosas>"
	"cosa" Noun NC Plural lang:es 00:02:06 00:02:13 tt-3525 MM067_1993_CT_SU2012_CL_11 
"<pasan>"
	"pasar" Verb VLfin Pres Indi Plural 3rd lang:es 00:02:06 00:02:13 tt-3526 MM067_1993_CT_SU2012_CL_11 
"<y>"
	"y" Conjunciton Conjunction CC lang:es 00:02:06 00:02:13 tt-3527 MM067_1993_CT_SU2012_CL_11 SUBSTITUTE:385 
"<aunque>"
	"aunque" Conjunction CSUBX lang:es 00:02:06 00:02:13 tt-3528 MM067_1993_CT_SU2012_CL_11 @Prag:MarcadoresDisc:Revision ADD:1032 
"<tú>"
	"tú" Pronoun PPX Singular lang:es 00:02:06 00:02:13 tt-3529 MM067_1993_CT_SU2012_CL_11 @Gram:Pron:Sujeto ADD:624 
"<tengas>"
	"tener" Verb VLfin Pres Subj Sing 2nd lang:es 00:02:06 00:02:13 tt-3530 MM067_1993_CT_SU2012_CL_11 @Gram:MSub:Pres ADD:772 
"<rencor>"
	"rencor" Noun NC Singular lang:es 00:02:06 00:02:13 tt-3531 MM067_1993_CT_SU2012_CL_11 
"<por>"
	"por" Preposition PREP lang:es 00:02:22 00:02:27 tt-3532 MM067_1993_CT_SU2012_CL_11 @Gram:Prep:Por SUBSTITUTE:262 ADD:608 
"<ciertas>"
	"cierto" "cierta|cierto" Determiner QU Plural Fem lang:es 00:02:22 00:02:27 tt-3533 MM067_1993_CT_SU2012_CL_11 @Gram:Det:CuantIndef SUBSTITUTE:352 ADD:468 
"<d>"
	"d" Other ALFS lang:es 00:02:22 00:02:27 tt-3534 MM067_1993_CT_SU2012_CL_11 
"<...>"
	"..." Punctuation DOTS lang:es 00:02:22 00:02:27 tt-3535 MM067_1993_CT_SU2012_CL_11 
"<por>"
	"por" Preposition PREP lang:es 00:02:22 00:02:27 tt-3536 MM067_1993_CT_SU2012_CL_11 @Gram:Prep:Por SUBSTITUTE:262 ADD:608 
"<ciertas>"
	"cierto" "cierta|cierto" Determiner QU Plural Fem lang:es 00:02:22 00:02:27 tt-3537 MM067_1993_CT_SU2012_CL_11 @Gram:Det:CuantIndef SUBSTITUTE:352 ADD:468 
"<gentes>"
	"gente" Noun NC Plural lang:es 00:02:22 00:02:27 tt-3538 MM067_1993_CT_SU2012_CL_11 
"<,>"
	"," Punctuation CM lang:es 00:02:22 00:02:27 tt-3539 MM067_1993_CT_SU2012_CL_11 
"<por>"
	"por" Preposition PREP lang:es 00:02:22 00:02:27 tt-3540 MM067_1993_CT_SU2012_CL_11 @Gram:Prep:Por SUBSTITUTE:262 ADD:608 
"<ciertas>"
	"cierto" "cierta|cierto" Determiner QU Plural Fem lang:es 00:02:22 00:02:27 tt-3541 MM067_1993_CT_SU2012_CL_11 @Gram:Det:CuantIndef SUBSTITUTE:352 ADD:468 
"<decisiones>"
	"decisión" Noun NC Plural lang:es 00:02:22 00:02:27 tt-3542 MM067_1993_CT_SU2012_CL_11 
"<,>"
	"," Punctuation CM lang:es 00:02:22 00:02:27 tt-3543 MM067_1993_CT_SU2012_CL_11 
"<tengas>"
	"tener" Verb VLfin Pres Subj Sing 2nd lang:es 00:02:22 00:02:27 tt-3544 MM067_1993_CT_SU2012_CL_11 
"<arrepentimientos>"
	"UNK" Verb VLadj lang:es 00:02:22 00:02:27 tt-3545 MM067_1993_CT_SU2012_CL_11 
"<de>"
	"de" Preposition PREP lang:es 00:02:22 00:02:27 tt-3546 MM067_1993_CT_SU2012_CL_11 @Gram:Prep ADD:614 
"<ciertas>"
	"cierto" "cierta|cierto" Determiner QU Plural Fem lang:es 00:02:22 00:02:27 tt-3547 MM067_1993_CT_SU2012_CL_11 @Gram:Det:CuantIndef SUBSTITUTE:352 ADD:468 
"<cosas>"
	"cosa" Noun NC Plural lang:es 00:02:22 00:02:27 tt-3548 MM067_1993_CT_SU2012_CL_11 
"<que>"
	"que" Conjunction CQUE lang:es 00:02:22 00:02:27 tt-3549 MM067_1993_CT_SU2012_CL_11 
"<hayas>"
	"haber" Verb VHfin Pres Subj Sing 2nd lang:es 00:02:27 00:02:34 tt-3550 MM067_1993_CT_SU2012_CL_11 ID:289 R:Gram:MSub:Pres:290 ADDRELATION(Gram:MSub:Pres):774 
"<hecho>"
	"hacer" Verb VLadj lang:es 00:02:27 00:02:34 tt-3551 MM067_1993_CT_SU2012_CL_11 ID:290 
"<,>"
	"," Punctuation CM lang:es 00:02:27 00:02:34 tt-3552 MM067_1993_CT_SU2012_CL_11 
<lang code="en">
"<ah>"
	"UNK" Noun NP Singular lang:en 00:02:27 00:02:34 tt-3553 MM067_1993_CT_SU2012_CL_11 
</lang>
"<...>"
	"..." Punctuation DOTS lang:es 00:02:27 00:02:34 tt-3554 MM067_1993_CT_SU2012_CL_11 
"<pasan>"
	"pasar" Verb VLfin Pres Indi Plural 3rd lang:es 00:02:27 00:02:34 tt-3555 MM067_1993_CT_SU2012_CL_11 
"<porque>"
	"porque" Conjunction CSUBX lang:es 00:02:27 00:02:34 tt-3556 MM067_1993_CT_SU2012_CL_11 @Prag:MarcadoresDisc:Causa ADD:1085 
"<pasan>"
	"pasar" Verb VLfin Pres Indi Plural 3rd lang:es 00:02:27 00:02:34 tt-3557 MM067_1993_CT_SU2012_CL_11 
"<,>"
	"," Punctuation CM lang:es 00:02:27 00:02:34 tt-3558 MM067_1993_CT_SU2012_CL_11 
"<así>"
	"así" Adverb ADV lang:es 00:02:27 00:02:34 tt-3559 MM067_1993_CT_SU2012_CL_11 
"<lo>"
	"él" Pronoun PPC Singular lang:es 00:02:27 00:02:34 tt-3560 MM067_1993_CT_SU2012_CL_11 @Gram:Pron:Objeto ADD:654 
"<veo>"
	"ver" Verb VLfin Pres Indi Sing 1st lang:es 00:02:27 00:02:34 tt-3561 MM067_1993_CT_SU2012_CL_11 
"<$.>"
	"." Punctuation FS lang:es 00:02:27 00:02:34 tt-3562 MM067_1993_CT_SU2012_CL_11 
</speaker>
<speaker type="int">

"<$¿>"
	"¿" Punctuation FS lang:es 00:02:27 00:02:34 tt-3563 MM067_1993_CT_SU2012_CL_11 
"<Entonces>"
	"entonces" Adverb ADV lang:es 00:02:27 00:02:34 tt-3564 MM067_1993_CT_SU2012_CL_11 
"<tú>"
	"tú" Pronoun PPX Singular lang:es 00:02:27 00:02:34 tt-3565 MM067_1993_CT_SU2012_CL_11 @Gram:Pron:Sujeto ADD:624 
"<crees>"
	"crear|creer" Verb VLfin Pres Indi Sing 2nd lang:es 00:02:27 00:02:34 tt-3566 MM067_1993_CT_SU2012_CL_11 
"<que>"
	"que" Conjunction CQUE lang:es 00:02:27 00:02:34 tt-3567 MM067_1993_CT_SU2012_CL_11 
"<,>"
	"," Punctuation CM lang:es 00:02:27 00:02:34 tt-3568 MM067_1993_CT_SU2012_CL_11 
"<tú>"
	"tú" Pronoun PPX Singular lang:es 00:02:27 00:02:34 tt-3569 MM067_1993_CT_SU2012_CL_11 @Gram:Pron:Sujeto ADD:624 
"<crees>"
	"crear|creer" Verb VLfin Pres Indi Sing 2nd lang:es 00:02:27 00:02:34 tt-3570 MM067_1993_CT_SU2012_CL_11 
"<en>"
	"en" Preposition PREP lang:es 00:02:27 00:02:34 tt-3571 MM067_1993_CT_SU2012_CL_11 @Gram:Prep ADD:614 
"<los>"
	"el" Determiner ART Plural Masc lang:es 00:02:27 00:02:34 tt-3572 MM067_1993_CT_SU2012_CL_11 @Gram:Det:Art ADD:416 
"<milagros>"
	"milagro" Noun NC Plural lang:es 00:02:27 00:02:34 tt-3573 MM067_1993_CT_SU2012_CL_11 
"<$?>"
	"?" Punctuation FS lang:es 00:02:27 00:02:34 tt-3574 MM067_1993_CT_SU2012_CL_11 
</speaker>
</text>

