<text id="MM067_1993_CT_SU2012_CL_05">
<speaker type="int">
"<los>"
	"el" Determiner ART Plural Masc lang:es 00:00:00 00:00:06 tt-1187 MM067_1993_CT_SU2012_CL_05 @Gram:Det:Art ADD:416 
"<estadounidenses>"
	"estadounidense" Noun NC Plural lang:es 00:00:00 00:00:06 tt-1188 MM067_1993_CT_SU2012_CL_05 
"<a>"
	"a" Preposition PREP lang:es 00:00:00 00:00:06 tt-1189 MM067_1993_CT_SU2012_CL_05 @Gram:Prep SUBSTITUTE:389 ADD:614 
"<los>"
	"el" Determiner ART Plural Masc lang:es 00:00:00 00:00:06 tt-1190 MM067_1993_CT_SU2012_CL_05 @Gram:Det:Art ADD:416 
"<mexicanos>"
	"mexicano" Noun NC Plural lang:es 00:00:00 00:00:06 tt-1191 MM067_1993_CT_SU2012_CL_05 
"<$.>"
	"." Punctuation FS lang:es 00:00:00 00:00:06 tt-1192 MM067_1993_CT_SU2012_CL_05 

"<Muy>"
	"muy" Adverb ADV lang:es 00:00:00 00:00:06 tt-1193 MM067_1993_CT_SU2012_CL_05 
"<bien>"
	"bien" Adverb ADV lang:es 00:00:00 00:00:06 tt-1194 MM067_1993_CT_SU2012_CL_05 
"<$.>"
	"." Punctuation FS lang:es 00:00:00 00:00:06 tt-1195 MM067_1993_CT_SU2012_CL_05 

"<$¿>"
	"¿" Punctuation FS lang:es 00:00:00 00:00:06 tt-1196 MM067_1993_CT_SU2012_CL_05 
"<Cuál>"
	"cuál" Pronoun INT Singular lang:es 00:00:00 00:00:06 tt-1197 MM067_1993_CT_SU2012_CL_05 
"<es>"
	"ser" Verb VSfin Pres Indi Sing 3rd lang:es 00:00:00 00:00:06 tt-1198 MM067_1993_CT_SU2012_CL_05 @Gram:SerEstar:Ser ADD:803 
"<la>"
	"el" Determiner ART Singular Fem lang:es 00:00:00 00:00:06 tt-1199 MM067_1993_CT_SU2012_CL_05 @Gram:Det:Art ADD:416 
"<importancia>"
	"importancia" Noun NC Singular lang:es 00:00:00 00:00:06 tt-1200 MM067_1993_CT_SU2012_CL_05 
"<del>"
	"del" Preposition PDEL lang:es 00:00:06 00:00:11 tt-1201 MM067_1993_CT_SU2012_CL_05 @Gram:Prep ADD:614 
"<español>"
	"español" Noun NC Singular lang:es 00:00:06 00:00:11 tt-1202 MM067_1993_CT_SU2012_CL_05 
"<para>"
	"para" Preposition PREP lang:es 00:00:06 00:00:11 tt-1203 MM067_1993_CT_SU2012_CL_05 @Gram:Prep:Para SUBSTITUTE:336 ADD:578 
"<ti>"
	"tú" Pronoun PPX Singular lang:es 00:00:06 00:00:11 tt-1204 MM067_1993_CT_SU2012_CL_05 
"<$?>"
	"?" Punctuation FS lang:es 00:00:06 00:00:11 tt-1205 MM067_1993_CT_SU2012_CL_05 
</speaker>
<speaker type="subj">

"<Es>"
	"ser" Verb VSfin Pres Indi Sing 3rd lang:es 00:00:06 00:00:11 tt-1206 MM067_1993_CT_SU2012_CL_05 @Gram:SerEstar:Ser ADD:803 
"<muy>"
	"muy" Adverb ADV lang:es 00:00:06 00:00:11 tt-1207 MM067_1993_CT_SU2012_CL_05 
"<importante>"
	"importante" Adjective ADJ Singular lang:es 00:00:06 00:00:11 tt-1208 MM067_1993_CT_SU2012_CL_05 
"<$.>"
	"." Punctuation FS lang:es 00:00:06 00:00:11 tt-1209 MM067_1993_CT_SU2012_CL_05 

"<Este>"
	"este" Determiner DM Singular lang:es 00:00:06 00:00:11 tt-1210 MM067_1993_CT_SU2012_CL_05 @Prag:RecuDiscurso:GanarTiempo ADD:1155 
"<,>"
	"," Punctuation CM lang:es 00:00:06 00:00:11 tt-1211 MM067_1993_CT_SU2012_CL_05 
"<estando>"
	"estar" Verb VEger Gerund lang:es 00:00:06 00:00:11 tt-1212 MM067_1993_CT_SU2012_CL_05 @Gram:SerEstar:Estar ADD:812 
"<en>"
	"en" Preposition PREP lang:es 00:00:06 00:00:11 tt-1213 MM067_1993_CT_SU2012_CL_05 @Gram:Prep ADD:614 
"<los>"
	"el" Determiner ART Plural Masc lang:es 00:00:11 00:00:18 tt-1214 MM067_1993_CT_SU2012_CL_05 @Gram:Det:Art ADD:416 
"<Estados>"
	"Estados" Noun NP Plural lang:es 00:00:11 00:00:18 tt-1215 MM067_1993_CT_SU2012_CL_05 ID:29 R:Vocab:Entities:Geo:30 ADDRELATION(Vocab:Entities:Geo):1196 
"<Unidos>"
	"Unidos" Noun NP Plural lang:es 00:00:11 00:00:18 tt-1216 MM067_1993_CT_SU2012_CL_05 ID:30 
"<,>"
	"," Punctuation CM lang:es 00:00:11 00:00:18 tt-1217 MM067_1993_CT_SU2012_CL_05 
"<debido>"
	"debido" Preposition PAL lang:es 00:00:11 00:00:18 tt-1218 MM067_1993_CT_SU2012_CL_05 @Gram:Prep ADD:614 
"<al>"
	"al" Preposition PAL lang:es 00:00:11 00:00:18 tt-1219 MM067_1993_CT_SU2012_CL_05 @Gram:Prep ADD:614 
"<alto>"
	"alto" Adjective ADJ Singular lang:es 00:00:11 00:00:18 tt-1220 MM067_1993_CT_SU2012_CL_05 
"<volumen>"
	"volumen" Noun NC Singular lang:es 00:00:11 00:00:18 tt-1221 MM067_1993_CT_SU2012_CL_05 
"<de>"
	"de" Preposition PREP lang:es 00:00:11 00:00:18 tt-1222 MM067_1993_CT_SU2012_CL_05 @Gram:Prep ADD:614 
"<la>"
	"el" Determiner ART Singular Fem lang:es 00:00:11 00:00:18 tt-1223 MM067_1993_CT_SU2012_CL_05 @Gram:Det:Art ADD:416 
"<inmigración>"
	"inmigración" Noun NC Singular lang:es 00:00:11 00:00:18 tt-1224 MM067_1993_CT_SU2012_CL_05 
"<en>"
	"en" Preposition PREP lang:es 00:00:11 00:00:18 tt-1225 MM067_1993_CT_SU2012_CL_05 @Gram:Prep ADD:614 
"<los>"
	"el" Determiner ART Plural Masc lang:es 00:00:11 00:00:18 tt-1226 MM067_1993_CT_SU2012_CL_05 @Gram:Det:Art ADD:416 
"<Estados>"
	"Estados" Noun NP Plural lang:es 00:00:11 00:00:18 tt-1227 MM067_1993_CT_SU2012_CL_05 ID:41 R:Vocab:Entities:Geo:42 ADDRELATION(Vocab:Entities:Geo):1196 
"<Unidos>"
	"Unidos" Noun NP Plural lang:es 00:00:11 00:00:18 tt-1228 MM067_1993_CT_SU2012_CL_05 ID:42 
"<y>"
	"y" Conjunciton Conjunction CC lang:es 00:00:11 00:00:18 tt-1229 MM067_1993_CT_SU2012_CL_05 SUBSTITUTE:385 
"<a>"
	"a" Preposition PREP lang:es 00:00:18 00:00:25 tt-1230 MM067_1993_CT_SU2012_CL_05 @Gram:Prep SUBSTITUTE:389 ADD:614 
"<la>"
	"el" Determiner ART Singular Fem lang:es 00:00:18 00:00:25 tt-1231 MM067_1993_CT_SU2012_CL_05 @Gram:Det:Art ADD:416 
"<popularidad>"
	"popularidad" Noun NC Singular lang:es 00:00:18 00:00:25 tt-1232 MM067_1993_CT_SU2012_CL_05 
"<del>"
	"del" Preposition PDEL lang:es 00:00:18 00:00:25 tt-1233 MM067_1993_CT_SU2012_CL_05 @Gram:Prep ADD:614 
"<español>"
	"español" Noun NC Singular lang:es 00:00:18 00:00:25 tt-1234 MM067_1993_CT_SU2012_CL_05 
"<que>"
	"que" Conjunction CQUE lang:es 00:00:18 00:00:25 tt-1235 MM067_1993_CT_SU2012_CL_05 
"<está>"
	"estar" Verb VEfin Pres Indi Sing 3rd lang:es 00:00:18 00:00:25 tt-1236 MM067_1993_CT_SU2012_CL_05 @Gram:SerEstar:Estar ID:50 R:Gram:SerEstar:EstarAux:51 ADD:812 ADDRELATION(Gram:SerEstar:EstarAux):828 
"<creciendo>"
	"crecer" Verb VLger lang:es 00:00:18 00:00:25 tt-1237 MM067_1993_CT_SU2012_CL_05 ID:51 
"<grandemente>"
	"grande" Adverb ADV lang:es 00:00:18 00:00:25 tt-1238 MM067_1993_CT_SU2012_CL_05 
"<en>"
	"en" Preposition PREP lang:es 00:00:18 00:00:25 tt-1239 MM067_1993_CT_SU2012_CL_05 @Gram:Prep ADD:614 
"<los>"
	"el" Determiner ART Plural Masc lang:es 00:00:18 00:00:25 tt-1240 MM067_1993_CT_SU2012_CL_05 @Gram:Det:Art ADD:416 
"<países>"
	"país" Noun NC Plural lang:es 00:00:18 00:00:25 tt-1241 MM067_1993_CT_SU2012_CL_05 
"<latinoamericanos>"
	"latinoamericano" Adjective ADJ Plural lang:es 00:00:18 00:00:25 tt-1242 MM067_1993_CT_SU2012_CL_05 
"<y>"
	"y" Conjunciton Conjunction CC lang:es 00:00:26 00:00:33 tt-1243 MM067_1993_CT_SU2012_CL_05 SUBSTITUTE:385 
"<México>"
	"México" Noun NP Singular lang:es 00:00:26 00:00:33 tt-1244 MM067_1993_CT_SU2012_CL_05 
"<$.>"
	"." Punctuation FS lang:es 00:00:26 00:00:33 tt-1245 MM067_1993_CT_SU2012_CL_05 

"<Es>"
	"ser" Verb VSfin Pres Indi Sing 3rd lang:es 00:00:26 00:00:33 tt-1246 MM067_1993_CT_SU2012_CL_05 @Gram:SerEstar:Ser ADD:803 
"<muy>"
	"muy" Adverb ADV lang:es 00:00:26 00:00:33 tt-1247 MM067_1993_CT_SU2012_CL_05 
"<importante>"
	"importante" Adjective ADJ Singular lang:es 00:00:26 00:00:33 tt-1248 MM067_1993_CT_SU2012_CL_05 
"<para>"
	"para" Preposition PREP lang:es 00:00:26 00:00:33 tt-1249 MM067_1993_CT_SU2012_CL_05 @Gram:Prep:Para SUBSTITUTE:336 ADD:578 
"<mí>"
	"yo" Pronoun PPX Singular lang:es 00:00:26 00:00:33 tt-1250 MM067_1993_CT_SU2012_CL_05 
"<el>"
	"el" Determiner ART Singular Masc lang:es 00:00:26 00:00:33 tt-1251 MM067_1993_CT_SU2012_CL_05 @Gram:Det:Art ADD:416 
"<español>"
	"español" Noun NC Singular lang:es 00:00:26 00:00:33 tt-1252 MM067_1993_CT_SU2012_CL_05 
"<porque>"
	"porque" Conjunction CSUBX lang:es 00:00:26 00:00:33 tt-1253 MM067_1993_CT_SU2012_CL_05 @Prag:MarcadoresDisc:Causa ADD:1085 
"<siento>"
	"sentar|sentir" Verb VLfin Pres Indi Sing 1st lang:es 00:00:26 00:00:33 tt-1254 MM067_1993_CT_SU2012_CL_05 
"<que>"
	"que" Conjunction CQUE lang:es 00:00:26 00:00:33 tt-1255 MM067_1993_CT_SU2012_CL_05 
"<me>"
	"yo" Pronoun PPX Singular lang:es 00:00:26 00:00:33 tt-1256 MM067_1993_CT_SU2012_CL_05 @Gram:Pron:Objeto ADD:648 
"<podría>"
	"poder" Verb VMfin lang:es 00:00:26 00:00:33 tt-1257 MM067_1993_CT_SU2012_CL_05 
"<beneficiar>"
	"beneficiar" Verb VLinf Infinitive lang:es 00:00:26 00:00:33 tt-1258 MM067_1993_CT_SU2012_CL_05 SUBSTITUTE:320 
"<en>"
	"en" Preposition PREP lang:es 00:00:26 00:00:33 tt-1259 MM067_1993_CT_SU2012_CL_05 @Gram:Prep ADD:614 
"<mi>"
	"mío" Pronoun PPO Singular lang:es 00:00:35 00:00:42 tt-1260 MM067_1993_CT_SU2012_CL_05 @Gram:Det:Pos ADD:446 
"<carrera>"
	"carrera" Noun NC Singular lang:es 00:00:35 00:00:42 tt-1261 MM067_1993_CT_SU2012_CL_05 
"<de>"
	"de" Preposition PREP lang:es 00:00:35 00:00:42 tt-1262 MM067_1993_CT_SU2012_CL_05 @Gram:Prep ADD:614 
"<trabajo>"
	"trabajo" Noun NC Singular lang:es 00:00:35 00:00:42 tt-1263 MM067_1993_CT_SU2012_CL_05 
"<$.>"
	"." Punctuation FS lang:es 00:00:35 00:00:42 tt-1264 MM067_1993_CT_SU2012_CL_05 

"<Me>"
	"yo" Pronoun PPX Singular lang:es 00:00:35 00:00:42 tt-1265 MM067_1993_CT_SU2012_CL_05 @Gram:Pron:Objeto ADD:648 
"<podría>"
	"poder" Verb VMfin lang:es 00:00:35 00:00:42 tt-1266 MM067_1993_CT_SU2012_CL_05 
"<beneficiar>"
	"beneficiar" Verb VLinf Infinitive lang:es 00:00:35 00:00:42 tt-1267 MM067_1993_CT_SU2012_CL_05 SUBSTITUTE:320 
"<en>"
	"en" Preposition PREP lang:es 00:00:35 00:00:42 tt-1268 MM067_1993_CT_SU2012_CL_05 @Gram:Prep ADD:614 
"<ayudar>"
	"ayudar" Verb VLinf Infinitive lang:es 00:00:35 00:00:42 tt-1269 MM067_1993_CT_SU2012_CL_05 SUBSTITUTE:320 
"<a>"
	"a" Preposition PREP lang:es 00:00:35 00:00:42 tt-1270 MM067_1993_CT_SU2012_CL_05 @Gram:Prep SUBSTITUTE:389 ADD:614 
"<la>"
	"el" Determiner ART Singular Fem lang:es 00:00:35 00:00:42 tt-1271 MM067_1993_CT_SU2012_CL_05 @Gram:Det:Art ADD:416 
"<gente>"
	"gente" Noun NC Singular lang:es 00:00:35 00:00:42 tt-1272 MM067_1993_CT_SU2012_CL_05 
"<,>"
	"," Punctuation CM lang:es 00:00:35 00:00:42 tt-1273 MM067_1993_CT_SU2012_CL_05 
"<en>"
	"en" Preposition PREP lang:es 00:00:35 00:00:42 tt-1274 MM067_1993_CT_SU2012_CL_05 @Gram:Prep ADD:614 
"<conocer>"
	"conocer" Verb VLinf Infinitive lang:es 00:00:35 00:00:42 tt-1275 MM067_1993_CT_SU2012_CL_05 SUBSTITUTE:320 
"<a>"
	"a" Preposition PREP lang:es 00:00:35 00:00:42 tt-1276 MM067_1993_CT_SU2012_CL_05 @Gram:Prep SUBSTITUTE:389 ADD:614 
"<gente>"
	"gente" Noun NC Singular lang:es 00:00:35 00:00:42 tt-1277 MM067_1993_CT_SU2012_CL_05 
"<,>"
	"," Punctuation CM lang:es 00:00:35 00:00:42 tt-1278 MM067_1993_CT_SU2012_CL_05 
"<en>"
	"en" Preposition PREP lang:es 00:00:43 00:00:50 tt-1279 MM067_1993_CT_SU2012_CL_05 @Gram:Prep ADD:614 
"<,>"
	"," Punctuation CM lang:es 00:00:43 00:00:50 tt-1280 MM067_1993_CT_SU2012_CL_05 
"<en>"
	"en" Preposition PREP lang:es 00:00:43 00:00:50 tt-1281 MM067_1993_CT_SU2012_CL_05 @Gram:Prep ADD:614 
"<desarrollar>"
	"desarrollar" Verb VLinf Infinitive lang:es 00:00:43 00:00:50 tt-1282 MM067_1993_CT_SU2012_CL_05 SUBSTITUTE:320 
"<lo>"
	"el" Determiner ART Singular lang:es 00:00:43 00:00:50 tt-1283 MM067_1993_CT_SU2012_CL_05 ID:97 R:Gram:Det:LoAdj:98 ADDRELATION(Gram:Det:LoAdj):422 
"<que>"
	"que" Conjunction CQUE lang:es 00:00:43 00:00:50 tt-1284 MM067_1993_CT_SU2012_CL_05 ID:98 
"<sé>"
	"saber|ser" Verb VLfin Pres Indi Sing 1st lang:es 00:00:43 00:00:50 tt-1285 MM067_1993_CT_SU2012_CL_05 
"<,>"
	"," Punctuation CM lang:es 00:00:43 00:00:50 tt-1286 MM067_1993_CT_SU2012_CL_05 
"<yo>"
	"yo" Pronoun PPX Singular lang:es 00:00:43 00:00:50 tt-1287 MM067_1993_CT_SU2012_CL_05 @Gram:Pron:Sujeto ADD:624 
"<quisiera>"
	"querer" Verb VLfin Past Subj Sing 1st_or_3rd lang:es 00:00:43 00:00:50 tt-1288 MM067_1993_CT_SU2012_CL_05 @Gram:MSub:Pret ADD:773 
"<ser>"
	"ser" Verb VLinf VSinf Infinitive lang:es 00:00:43 00:00:50 tt-1289 MM067_1993_CT_SU2012_CL_05 @Gram:SerEstar:Ser SUBSTITUTE:320 ADD:803 
"<,>"
	"," Punctuation CM lang:es 00:00:43 00:00:50 tt-1290 MM067_1993_CT_SU2012_CL_05 
"<mis>"
	"mío" Pronoun PPO Plural lang:es 00:00:43 00:00:50 tt-1291 MM067_1993_CT_SU2012_CL_05 @Gram:Det:Pos SUBSTITUTE:309 ADD:447 
"<metas>"
	"meta" Noun NC Plural lang:es 00:00:43 00:00:50 tt-1292 MM067_1993_CT_SU2012_CL_05 
"<,>"
	"," Punctuation CM lang:es 00:00:43 00:00:50 tt-1293 MM067_1993_CT_SU2012_CL_05 
"<podría>"
	"poder" Verb VMfin lang:es 00:00:43 00:00:50 tt-1294 MM067_1993_CT_SU2012_CL_05 
"<ayudarme>"
	"ayudar" Verb VLinf Pres Subj Sing 1st_or_3rd lang:es 00:00:43 00:00:50 tt-1295 MM067_1993_CT_SU2012_CL_05 @Gram:MSub:Pres ADD:772 
"<,>"
	"," Punctuation CM lang:es 00:00:43 00:00:50 tt-1296 MM067_1993_CT_SU2012_CL_05 
"<me>"
	"yo" Pronoun PPX Singular lang:es 00:00:43 00:00:50 tt-1297 MM067_1993_CT_SU2012_CL_05 @Gram:Pron:Objeto ADD:648 
"<podría>"
	"poder" Verb VMfin lang:es 00:00:43 00:00:50 tt-1298 MM067_1993_CT_SU2012_CL_05 
"<ser>"
	"ser" Verb VLinf VSinf Infinitive lang:es 00:00:43 00:00:50 tt-1299 MM067_1993_CT_SU2012_CL_05 @Gram:SerEstar:Ser SUBSTITUTE:320 ADD:803 
"<de>"
	"de" Preposition PREP lang:es 00:00:51 00:00:56 tt-1300 MM067_1993_CT_SU2012_CL_05 @Gram:Prep ADD:614 
"<beneficio>"
	"beneficio" Noun NC Singular lang:es 00:00:51 00:00:56 tt-1301 MM067_1993_CT_SU2012_CL_05 
"<hablar>"
	"hablar" Verb VLinf Infinitive lang:es 00:00:51 00:00:56 tt-1302 MM067_1993_CT_SU2012_CL_05 SUBSTITUTE:320 
"<español>"
	"español" Noun NC Singular lang:es 00:00:51 00:00:56 tt-1303 MM067_1993_CT_SU2012_CL_05 
"<$.>"
	"." Punctuation FS lang:es 00:00:51 00:00:56 tt-1304 MM067_1993_CT_SU2012_CL_05 
</speaker>
<speaker type="int">

"<Muy>"
	"muy" Adverb ADV lang:es 00:00:51 00:00:56 tt-1305 MM067_1993_CT_SU2012_CL_05 
"<bien>"
	"bien" Adverb ADV lang:es 00:00:51 00:00:56 tt-1306 MM067_1993_CT_SU2012_CL_05 
"<$.>"
	"." Punctuation FS lang:es 00:00:51 00:00:56 tt-1307 MM067_1993_CT_SU2012_CL_05 

"<$¿>"
	"¿" Punctuation FS lang:es 00:00:51 00:00:56 tt-1308 MM067_1993_CT_SU2012_CL_05 
"<Y>"
	"y" Conjunciton Conjunction CC lang:es 00:00:51 00:00:56 tt-1309 MM067_1993_CT_SU2012_CL_05 SUBSTITUTE:385 
"<la>"
	"el" Determiner ART Singular Fem lang:es 00:00:51 00:00:56 tt-1310 MM067_1993_CT_SU2012_CL_05 @Gram:Det:Art ADD:416 
"<importancia>"
	"importancia" Noun NC Singular lang:es 00:00:51 00:00:56 tt-1311 MM067_1993_CT_SU2012_CL_05 
"<de>"
	"de" Conjunction CSUBI lang:es 00:00:51 00:00:56 tt-1312 MM067_1993_CT_SU2012_CL_05 
"<ser>"
	"ser" Verb VLinf VSinf Infinitive lang:es 00:00:51 00:00:56 tt-1313 MM067_1993_CT_SU2012_CL_05 @Gram:SerEstar:Ser SUBSTITUTE:320 ADD:803 
"<bilingüe>"
	"bilingüe" Adjective ADJ Singular lang:es 00:00:56 00:01:01 tt-1314 MM067_1993_CT_SU2012_CL_05 
"<,>"
	"," Punctuation CM lang:es 00:00:56 00:01:01 tt-1315 MM067_1993_CT_SU2012_CL_05 
"<de>"
	"de" Conjunction CSUBI lang:es 00:00:56 00:01:01 tt-1316 MM067_1993_CT_SU2012_CL_05 
"<hablar>"
	"hablar" Verb VLinf Infinitive lang:es 00:00:56 00:01:01 tt-1317 MM067_1993_CT_SU2012_CL_05 SUBSTITUTE:320 
"<el>"
	"el" Determiner ART Singular Masc lang:es 00:00:56 00:01:01 tt-1318 MM067_1993_CT_SU2012_CL_05 @Gram:Det:Art ADD:416 
"<español>"
	"español" Noun NC Singular lang:es 00:00:56 00:01:01 tt-1319 MM067_1993_CT_SU2012_CL_05 
"<y>"
	"y" Conjunciton Conjunction CC lang:es 00:00:56 00:01:01 tt-1320 MM067_1993_CT_SU2012_CL_05 SUBSTITUTE:385 
"<el>"
	"el" Determiner ART Singular Masc lang:es 00:00:56 00:01:01 tt-1321 MM067_1993_CT_SU2012_CL_05 @Gram:Det:Art ADD:416 
"<inglés>"
	"inglés" Noun NC Plural lang:es 00:00:56 00:01:01 tt-1322 MM067_1993_CT_SU2012_CL_05 
"<ta>"
	"ta" Noun NP Singular lang:es 00:00:56 00:01:01 tt-1323 MM067_1993_CT_SU2012_CL_05 
"<...>"
	"..." Punctuation DOTS lang:es 00:00:56 00:01:01 tt-1324 MM067_1993_CT_SU2012_CL_05 
"<al>"
	"al" Adverb ADV lang:es 00:00:56 00:01:01 tt-1325 MM067_1993_CT_SU2012_CL_05 
"<mismo>"
	"mismo" Adverb ADV lang:es 00:00:56 00:01:01 tt-1326 MM067_1993_CT_SU2012_CL_05 
"<tiempo>"
	"tiempo" Adverb ADV lang:es 00:00:56 00:01:01 tt-1327 MM067_1993_CT_SU2012_CL_05 
"<$?>"
	"?" Punctuation FS lang:es 00:00:56 00:01:01 tt-1328 MM067_1993_CT_SU2012_CL_05 

"<Igualmente>"
	"igualmente" Adverb ADV lang:es 00:01:01 00:01:08 tt-1329 MM067_1993_CT_SU2012_CL_05 
"<como>"
	"como" Conjunction CSUBX lang:es 00:01:01 00:01:08 tt-1330 MM067_1993_CT_SU2012_CL_05 
"<,>"
	"," Punctuation CM lang:es 00:01:01 00:01:08 tt-1331 MM067_1993_CT_SU2012_CL_05 
"<yo>"
	"yo" Pronoun PPX Singular lang:es 00:01:01 00:01:08 tt-1332 MM067_1993_CT_SU2012_CL_05 @Gram:Pron:Sujeto ADD:624 
"<me>"
	"yo" Pronoun PPX Singular lang:es 00:01:01 00:01:08 tt-1333 MM067_1993_CT_SU2012_CL_05 @Gram:Pron:Objeto ADD:648 
"<puedo>"
	"poder" Verb VLfin Pres Indi Sing 1st lang:es 00:01:01 00:01:08 tt-1334 MM067_1993_CT_SU2012_CL_05 
"<,>"
	"," Punctuation CM lang:es 00:01:01 00:01:08 tt-1335 MM067_1993_CT_SU2012_CL_05 
"<yo>"
	"yo" Pronoun PPX Singular lang:es 00:01:01 00:01:08 tt-1336 MM067_1993_CT_SU2012_CL_05 @Gram:Pron:Sujeto ADD:624 
"<puedo>"
	"poder" Verb VLfin Pres Indi Sing 1st lang:es 00:01:01 00:01:08 tt-1337 MM067_1993_CT_SU2012_CL_05 
"<emerger>"
	"emerger" Verb VLinf Infinitive lang:es 00:01:01 00:01:08 tt-1338 MM067_1993_CT_SU2012_CL_05 SUBSTITUTE:320 
"<,>"
	"," Punctuation CM lang:es 00:01:01 00:01:08 tt-1339 MM067_1993_CT_SU2012_CL_05 
"<ejercer>"
	"ejercer" Verb VLinf Infinitive lang:es 00:01:01 00:01:08 tt-1340 MM067_1993_CT_SU2012_CL_05 SUBSTITUTE:320 
"<en>"
	"en" Preposition PREP lang:es 00:01:01 00:01:08 tt-1341 MM067_1993_CT_SU2012_CL_05 @Gram:Prep ADD:614 
"<este>"
	"este" Determiner DM Singular lang:es 00:01:01 00:01:08 tt-1342 MM067_1993_CT_SU2012_CL_05 @Gram:Det:Demo ADD:432 
"<país>"
	"país" Noun NC Plural lang:es 00:01:01 00:01:08 tt-1343 MM067_1993_CT_SU2012_CL_05 
"<como>"
	"como" Conjunction CSUBX lang:es 00:01:01 00:01:08 tt-1344 MM067_1993_CT_SU2012_CL_05 
"<una>"
	"un" Determiner ART Singular lang:es 00:01:01 00:01:08 tt-1345 MM067_1993_CT_SU2012_CL_05 
"<,>"
	"," Punctuation CM lang:es 00:01:01 00:01:08 tt-1346 MM067_1993_CT_SU2012_CL_05 
"<como>"
	"como" Adverb ADV lang:es 00:01:01 00:01:08 tt-1347 MM067_1993_CT_SU2012_CL_05 
"<hablando>"
	"hablar" Verb VLger lang:es 00:01:14 00:01:21 tt-1348 MM067_1993_CT_SU2012_CL_05 
"<inglés>"
	"inglés" Noun NC Plural lang:es 00:01:14 00:01:21 tt-1349 MM067_1993_CT_SU2012_CL_05 
"<,>"
	"," Punctuation CM lang:es 00:01:14 00:01:21 tt-1350 MM067_1993_CT_SU2012_CL_05 
"<puedo>"
	"poder" Verb VLfin Pres Indi Sing 1st lang:es 00:01:14 00:01:21 tt-1351 MM067_1993_CT_SU2012_CL_05 
"<hacer>"
	"hacer" Verb VLinf Infinitive lang:es 00:01:14 00:01:21 tt-1352 MM067_1993_CT_SU2012_CL_05 SUBSTITUTE:320 
"<lo>"
	"el" Determiner ART Singular lang:es 00:01:14 00:01:21 tt-1353 MM067_1993_CT_SU2012_CL_05 ID:167 R:Gram:Det:LoAdj:168 ADDRELATION(Gram:Det:LoAdj):422 
"<que>"
	"que" Conjunction CQUE lang:es 00:01:14 00:01:21 tt-1354 MM067_1993_CT_SU2012_CL_05 ID:168 
"<yo>"
	"yo" Pronoun PPX Singular lang:es 00:01:14 00:01:21 tt-1355 MM067_1993_CT_SU2012_CL_05 @Gram:Pron:Sujeto ADD:624 
"<quiera>"
	"querer" Verb VLfin Past Subj Sing 1st_or_3rd lang:es 00:01:14 00:01:21 tt-1356 MM067_1993_CT_SU2012_CL_05 @Gram:MSub:Pret ADD:773 
"<,>"
	"," Punctuation CM lang:es 00:01:14 00:01:21 tt-1357 MM067_1993_CT_SU2012_CL_05 
"<puedo>"
	"poder" Verb VLfin Pres Indi Sing 1st lang:es 00:01:14 00:01:21 tt-1358 MM067_1993_CT_SU2012_CL_05 
"<alcanzar>"
	"alcanzar" Verb VLinf Infinitive lang:es 00:01:14 00:01:21 tt-1359 MM067_1993_CT_SU2012_CL_05 SUBSTITUTE:320 
"<la>"
	"el" Determiner ART Singular Fem lang:es 00:01:14 00:01:21 tt-1360 MM067_1993_CT_SU2012_CL_05 @Gram:Det:Art ADD:416 
"<carrera>"
	"carrera" Noun NC Singular lang:es 00:01:14 00:01:21 tt-1361 MM067_1993_CT_SU2012_CL_05 
"<y>"
	"y" Conjunciton Conjunction CC lang:es 00:01:14 00:01:21 tt-1362 MM067_1993_CT_SU2012_CL_05 SUBSTITUTE:385 
"<las>"
	"él" Pronoun PPC Plural lang:es 00:01:14 00:01:21 tt-1363 MM067_1993_CT_SU2012_CL_05 @Gram:Pron:Objeto ADD:654 
"<metas>"
	"meter" Verb VLfin Pres Subj Sing 2nd lang:es 00:01:14 00:01:21 tt-1364 MM067_1993_CT_SU2012_CL_05 @Gram:MSub:Pres ADD:772 
"<que>"
	"que" Conjunction CQUE lang:es 00:01:14 00:01:21 tt-1365 MM067_1993_CT_SU2012_CL_05 
"<yo>"
	"yo" Pronoun PPX Singular lang:es 00:01:21 00:01:26 tt-1366 MM067_1993_CT_SU2012_CL_05 @Gram:Pron:Sujeto ADD:624 
"<quiera>"
	"querer" Verb VLfin Past Subj Sing 1st_or_3rd lang:es 00:01:21 00:01:26 tt-1367 MM067_1993_CT_SU2012_CL_05 @Gram:MSub:Pret ADD:773 
"<por>"
	"por" Preposition PREP lang:es 00:01:21 00:01:26 tt-1368 MM067_1993_CT_SU2012_CL_05 @Gram:Prep:Por SUBSTITUTE:262 ADD:608 
"<el>"
	"el" Determiner ART Singular Masc lang:es 00:01:21 00:01:26 tt-1369 MM067_1993_CT_SU2012_CL_05 @Gram:Det:Art ADD:416 
"<inglés>"
	"inglés" Noun NC Plural lang:es 00:01:21 00:01:26 tt-1370 MM067_1993_CT_SU2012_CL_05 
"<,>"
	"," Punctuation CM lang:es 00:01:21 00:01:26 tt-1371 MM067_1993_CT_SU2012_CL_05 
"<pero>"
	"pero" Conjunction CCAD lang:es 00:01:21 00:01:26 tt-1372 MM067_1993_CT_SU2012_CL_05 @Prag:MarcadoresDisc:Revision ADD:1032 
"<también>"
	"también" Adverb ADV lang:es 00:01:21 00:01:26 tt-1373 MM067_1993_CT_SU2012_CL_05 @Prag:MarcadoresDisc:Igualdad ADD:1116 
"<me>"
	"yo" Pronoun PPX Singular lang:es 00:01:21 00:01:26 tt-1374 MM067_1993_CT_SU2012_CL_05 @Gram:Pron:Objeto ADD:648 
"<ayudaría>"
	"ayudar" Verb VLfin Cond Indi Sing 1st_or_3rd lang:es 00:01:21 00:01:26 tt-1375 MM067_1993_CT_SU2012_CL_05 
"<bastante>"
	"bastante" Adverb ADV lang:es 00:01:21 00:01:26 tt-1376 MM067_1993_CT_SU2012_CL_05 
"<,>"
	"," Punctuation CM lang:es 00:01:21 00:01:26 tt-1377 MM067_1993_CT_SU2012_CL_05 
"<me>"
	"yo" Pronoun PPX Singular lang:es 00:01:21 00:01:26 tt-1378 MM067_1993_CT_SU2012_CL_05 @Gram:Pron:Objeto ADD:648 
"<va>"
	"ir" Verb VLfin Pres Indi Sing 3rd lang:es 00:01:21 00:01:26 tt-1379 MM067_1993_CT_SU2012_CL_05 ID:193 R:Gram:VFut:Perifrasis:195 ADDRELATION(Gram:VFut:Perifrasis):707 
"<a>"
	"a" Preposition PREP lang:es 00:01:21 00:01:26 tt-1380 MM067_1993_CT_SU2012_CL_05 @Gram:Prep SUBSTITUTE:389 ADD:614 
"<ayudar>"
	"ayudar" Verb VLinf Infinitive lang:es 00:01:21 00:01:26 tt-1381 MM067_1993_CT_SU2012_CL_05 ID:195 SUBSTITUTE:320 
"<bastante>"
	"bastante" Adverb ADV lang:es 00:01:21 00:01:26 tt-1382 MM067_1993_CT_SU2012_CL_05 
"<poder>"
	"poder" Verb VLinf VMinf lang:es 00:01:26 00:01:33 tt-1383 MM067_1993_CT_SU2012_CL_05 SUBSTITUTE:320 
"<saber>"
	"saber" Verb VLinf Infinitive lang:es 00:01:26 00:01:33 tt-1384 MM067_1993_CT_SU2012_CL_05 SUBSTITUTE:320 
"<español>"
	"español" Adjective ADJ Singular lang:es 00:01:26 00:01:33 tt-1385 MM067_1993_CT_SU2012_CL_05 
"<igualmente>"
	"igualmente" Adverb ADV lang:es 00:01:26 00:01:33 tt-1386 MM067_1993_CT_SU2012_CL_05 
"<,>"
	"," Punctuation CM lang:es 00:01:26 00:01:33 tt-1387 MM067_1993_CT_SU2012_CL_05 
"<me>"
	"yo" Pronoun PPX Singular lang:es 00:01:26 00:01:33 tt-1388 MM067_1993_CT_SU2012_CL_05 @Gram:Pron:Objeto ADD:648 
"<podría>"
	"poder" Verb VMfin lang:es 00:01:26 00:01:33 tt-1389 MM067_1993_CT_SU2012_CL_05 
"<hacer>"
	"hacer" Verb VLinf Infinitive lang:es 00:01:26 00:01:33 tt-1390 MM067_1993_CT_SU2012_CL_05 SUBSTITUTE:320 
"<especial>"
	"especial" Adjective ADJ Singular lang:es 00:01:26 00:01:33 tt-1391 MM067_1993_CT_SU2012_CL_05 
"<entre>"
	"entre" Preposition PREP lang:es 00:01:26 00:01:33 tt-1392 MM067_1993_CT_SU2012_CL_05 @Gram:Prep ADD:614 
"<las>"
	"el" Determiner ART Plural Fem lang:es 00:01:26 00:01:33 tt-1393 MM067_1993_CT_SU2012_CL_05 @Gram:Det:Art ADD:416 
"<compañías>"
	"compañía" Noun NC Plural lang:es 00:01:26 00:01:33 tt-1394 MM067_1993_CT_SU2012_CL_05 
"<,>"
	"," Punctuation CM lang:es 00:01:26 00:01:33 tt-1395 MM067_1993_CT_SU2012_CL_05 
"<me>"
	"yo" Pronoun PPX Singular lang:es 00:01:26 00:01:33 tt-1396 MM067_1993_CT_SU2012_CL_05 @Gram:Pron:Objeto ADD:648 
"<podría>"
	"poder" Verb VMfin lang:es 00:01:26 00:01:33 tt-1397 MM067_1993_CT_SU2012_CL_05 
"<ayudar>"
	"ayudar" Verb VLinf Infinitive lang:es 00:01:34 00:01:41 tt-1398 MM067_1993_CT_SU2012_CL_05 SUBSTITUTE:320 
"<a>"
	"a" Preposition PREP lang:es 00:01:34 00:01:41 tt-1399 MM067_1993_CT_SU2012_CL_05 @Gram:Prep SUBSTITUTE:389 ADD:614 
"<agarrar>"
	"agarrar" Verb VLinf Infinitive lang:es 00:01:34 00:01:41 tt-1400 MM067_1993_CT_SU2012_CL_05 SUBSTITUTE:320 
"<empleo>"
	"empleo" Noun NC Singular lang:es 00:01:34 00:01:41 tt-1401 MM067_1993_CT_SU2012_CL_05 
"<,>"
	"," Punctuation CM lang:es 00:01:34 00:01:41 tt-1402 MM067_1993_CT_SU2012_CL_05 
"<me>"
	"yo" Pronoun PPX Singular lang:es 00:01:34 00:01:41 tt-1403 MM067_1993_CT_SU2012_CL_05 @Gram:Pron:Objeto ADD:648 
"<podría>"
	"poder" Verb VMfin lang:es 00:01:34 00:01:41 tt-1404 MM067_1993_CT_SU2012_CL_05 
"<ayudar>"
	"ayudar" Verb VLinf Infinitive lang:es 00:01:34 00:01:41 tt-1405 MM067_1993_CT_SU2012_CL_05 SUBSTITUTE:320 
"<,>"
	"," Punctuation CM lang:es 00:01:34 00:01:41 tt-1406 MM067_1993_CT_SU2012_CL_05 
"<podría>"
	"poder" Verb VMfin lang:es 00:01:34 00:01:41 tt-1407 MM067_1993_CT_SU2012_CL_05 
"<yo>"
	"yo" Pronoun PPX Singular lang:es 00:01:34 00:01:41 tt-1408 MM067_1993_CT_SU2012_CL_05 @Gram:Pron:Sujeto ADD:624 
"<ayudar>"
	"ayudar" Verb VLinf Infinitive lang:es 00:01:34 00:01:41 tt-1409 MM067_1993_CT_SU2012_CL_05 SUBSTITUTE:320 
"<a>"
	"a" Preposition PREP lang:es 00:01:34 00:01:41 tt-1410 MM067_1993_CT_SU2012_CL_05 @Gram:Prep SUBSTITUTE:389 ADD:614 
"<mucha>"
	"mucho" Adjective ADJ Singular lang:es 00:01:34 00:01:41 tt-1411 MM067_1993_CT_SU2012_CL_05 
"<gente>"
	"gente" Noun NC Singular lang:es 00:01:34 00:01:41 tt-1412 MM067_1993_CT_SU2012_CL_05 
"<igualmente>"
	"igualmente" Adverb ADV lang:es 00:01:34 00:01:41 tt-1413 MM067_1993_CT_SU2012_CL_05 
"<,>"
	"," Punctuation CM lang:es 00:01:34 00:01:41 tt-1414 MM067_1993_CT_SU2012_CL_05 
"<no>"
	"no" Adverb NEG lang:es 00:01:42 00:01:47 tt-1415 MM067_1993_CT_SU2012_CL_05 
"<no>"
	"no" Adverb NEG lang:es 00:01:42 00:01:47 tt-1416 MM067_1993_CT_SU2012_CL_05 
"<más>"
	"más" Adverb ADV lang:es 00:01:42 00:01:47 tt-1417 MM067_1993_CT_SU2012_CL_05 
"<a>"
	"a" Preposition PREP lang:es 00:01:42 00:01:47 tt-1418 MM067_1993_CT_SU2012_CL_05 @Gram:Prep SUBSTITUTE:389 ADD:614 
"<mí>"
	"yo" Pronoun PPX Singular lang:es 00:01:42 00:01:47 tt-1419 MM067_1993_CT_SU2012_CL_05 
"<$.>"
	"." Punctuation FS lang:es 00:01:42 00:01:47 tt-1420 MM067_1993_CT_SU2012_CL_05 

"<Muy>"
	"muy" Adverb ADV lang:es 00:01:42 00:01:47 tt-1421 MM067_1993_CT_SU2012_CL_05 
"<bien>"
	"bien" Adverb ADV lang:es 00:01:42 00:01:47 tt-1422 MM067_1993_CT_SU2012_CL_05 
"<$.>"
	"." Punctuation FS lang:es 00:01:42 00:01:47 tt-1423 MM067_1993_CT_SU2012_CL_05 

"<$¿>"
	"¿" Punctuation FS lang:es 00:01:42 00:01:47 tt-1424 MM067_1993_CT_SU2012_CL_05 
"<Me>"
	"yo" Pronoun PPX Singular lang:es 00:01:42 00:01:47 tt-1425 MM067_1993_CT_SU2012_CL_05 @Gram:Pron:Objeto ADD:648 
"<podrías>"
	"poder" Verb VLfin Cond Indi Sing 2nd lang:es 00:01:42 00:01:47 tt-1426 MM067_1993_CT_SU2012_CL_05 
"<contar>"
	"contar" Verb VLinf Infinitive lang:es 00:01:42 00:01:47 tt-1427 MM067_1993_CT_SU2012_CL_05 SUBSTITUTE:320 
"<sobre>"
	"sobre" Preposition PREP lang:es 00:01:42 00:01:47 tt-1428 MM067_1993_CT_SU2012_CL_05 @Gram:Prep ADD:614 
"<alguna>"
	"alguno" Determiner QU lang:es 00:01:47 00:01:54 tt-1429 MM067_1993_CT_SU2012_CL_05 @Gram:Det:CuantIndef ADD:463 
"<barrera>"
	"barrera" Noun NC Singular lang:es 00:01:47 00:01:54 tt-1430 MM067_1993_CT_SU2012_CL_05 
"<que>"
	"que" Conjunction CQUE lang:es 00:01:47 00:01:54 tt-1431 MM067_1993_CT_SU2012_CL_05 
"<tú>"
	"tú" Pronoun PPX Singular lang:es 00:01:47 00:01:54 tt-1432 MM067_1993_CT_SU2012_CL_05 @Gram:Pron:Sujeto ADD:624 
"<o>"
	"o" Conjunciton Conjunction CC lang:es 00:01:47 00:01:54 tt-1433 MM067_1993_CT_SU2012_CL_05 SUBSTITUTE:387 
"<tus>"
	"UNK" Noun NC Plural lang:es 00:01:47 00:01:54 tt-1434 MM067_1993_CT_SU2012_CL_05 @Gram:Det:Pos ADD:447 
"<padres>"
	"padre" Noun NC Plural lang:es 00:01:47 00:01:54 tt-1435 MM067_1993_CT_SU2012_CL_05 
"<hayan>"
	"haber" Verb VHfin Pres Subj Plural 3rd lang:es 00:01:47 00:01:54 tt-1436 MM067_1993_CT_SU2012_CL_05 ID:250 R:Gram:MSub:Pres:251 ADDRELATION(Gram:MSub:Pres):774 
"<enfrentado>"
	"enfrentar" Verb VLadj lang:es 00:01:47 00:01:54 tt-1437 MM067_1993_CT_SU2012_CL_05 ID:251 
"<en>"
	"en" Preposition PREP lang:es 00:01:47 00:01:54 tt-1438 MM067_1993_CT_SU2012_CL_05 @Gram:Prep ADD:614 
"<cuanto>"
	"cuanto" Preposition PREP lang:es 00:01:47 00:01:54 tt-1439 MM067_1993_CT_SU2012_CL_05 @Gram:Prep ADD:614 
"<a>"
	"a" Preposition PREP lang:es 00:01:47 00:01:54 tt-1440 MM067_1993_CT_SU2012_CL_05 @Gram:Prep SUBSTITUTE:389 ADD:614 
"<la>"
	"el" Determiner ART Singular Fem lang:es 00:01:47 00:01:54 tt-1441 MM067_1993_CT_SU2012_CL_05 @Gram:Det:Art ADD:416 
"<educación>"
	"educación" Noun NC Singular lang:es 00:01:47 00:01:54 tt-1442 MM067_1993_CT_SU2012_CL_05 
"<,>"
	"," Punctuation CM lang:es 00:01:47 00:01:54 tt-1443 MM067_1993_CT_SU2012_CL_05 
"<la>"
	"el" Determiner ART Singular Fem lang:es 00:01:47 00:01:54 tt-1444 MM067_1993_CT_SU2012_CL_05 @Gram:Det:Art ADD:416 
"<vivienda>"
	"vivienda" Noun NC Singular lang:es 00:01:47 00:01:54 tt-1445 MM067_1993_CT_SU2012_CL_05 
"<,>"
	"," Punctuation CM lang:es 00:01:47 00:01:54 tt-1446 MM067_1993_CT_SU2012_CL_05 
"<el>"
	"el" Determiner ART Singular Masc lang:es 00:01:54 00:02:01 tt-1447 MM067_1993_CT_SU2012_CL_05 @Gram:Det:Art ADD:416 
"<salud>"
	"salud" Noun NC Singular lang:es 00:01:54 00:02:01 tt-1448 MM067_1993_CT_SU2012_CL_05 
"<y>"
	"y" Conjunciton Conjunction CC lang:es 00:01:54 00:02:01 tt-1449 MM067_1993_CT_SU2012_CL_05 SUBSTITUTE:385 
"<el>"
	"el" Determiner ART Singular Masc lang:es 00:01:54 00:02:01 tt-1450 MM067_1993_CT_SU2012_CL_05 @Gram:Det:Art ADD:416 
"<trabajo>"
	"trabajo" Noun NC Singular lang:es 00:01:54 00:02:01 tt-1451 MM067_1993_CT_SU2012_CL_05 
"<$?>"
	"?" Punctuation FS lang:es 00:01:54 00:02:01 tt-1452 MM067_1993_CT_SU2012_CL_05 
</speaker>
<speaker type="subj">

"<Cuando>"
	"cuando" Conjunction CSUBX lang:es 00:01:54 00:02:01 tt-1453 MM067_1993_CT_SU2012_CL_05 
"<llegamos>"
	"llegar" Verb VLfin Pres_or_Pret Indi Plural 1st lang:es 00:01:54 00:02:01 tt-1454 MM067_1993_CT_SU2012_CL_05 
"<a>"
	"a" Preposition PREP lang:es 00:01:54 00:02:01 tt-1455 MM067_1993_CT_SU2012_CL_05 @Gram:Prep SUBSTITUTE:389 ADD:614 
"<los>"
	"el" Determiner ART Plural Masc lang:es 00:01:54 00:02:01 tt-1456 MM067_1993_CT_SU2012_CL_05 @Gram:Det:Art ADD:416 
"<Estados>"
	"Estados" Noun NP Plural lang:es 00:01:54 00:02:01 tt-1457 MM067_1993_CT_SU2012_CL_05 ID:271 R:Vocab:Entities:Geo:272 ADDRELATION(Vocab:Entities:Geo):1196 
"<Unidos>"
	"Unidos" Noun NP Plural lang:es 00:01:54 00:02:01 tt-1458 MM067_1993_CT_SU2012_CL_05 ID:272 
"<,>"
	"," Punctuation CM lang:es 00:01:54 00:02:01 tt-1459 MM067_1993_CT_SU2012_CL_05 
"<no>"
	"no" Adverb NEG lang:es 00:02:02 00:02:09 tt-1460 MM067_1993_CT_SU2012_CL_05 
"<fue>"
	"ser" Verb VSfin Pret Indi Sing 3rd lang:es 00:02:02 00:02:09 tt-1461 MM067_1993_CT_SU2012_CL_05 @Gram:Indefinido @Gram:SerEstar:Ser ADD:688 ADD:803 
"<fácil>"
	"fácil" Adjective ADJ Singular lang:es 00:02:02 00:02:09 tt-1462 MM067_1993_CT_SU2012_CL_05 
"<$.>"
	"." Punctuation FS lang:es 00:02:02 00:02:09 tt-1463 MM067_1993_CT_SU2012_CL_05 

"<No>"
	"no" Adverb NEG lang:es 00:02:02 00:02:09 tt-1464 MM067_1993_CT_SU2012_CL_05 
"<fue>"
	"ser" Verb VSfin Pret Indi Sing 3rd lang:es 00:02:02 00:02:09 tt-1465 MM067_1993_CT_SU2012_CL_05 @Gram:Indefinido @Gram:SerEstar:Ser ADD:688 ADD:803 
"<simplemente>"
	"simplemente" Adverb ADV lang:es 00:02:02 00:02:09 tt-1466 MM067_1993_CT_SU2012_CL_05 
"<llegar>"
	"llegar" Verb VLinf Infinitive lang:es 00:02:02 00:02:09 tt-1467 MM067_1993_CT_SU2012_CL_05 SUBSTITUTE:320 
"<y>"
	"y" Conjunciton Conjunction CC lang:es 00:02:02 00:02:09 tt-1468 MM067_1993_CT_SU2012_CL_05 SUBSTITUTE:385 
<lang code="en">
"<ten>"
	"ten" Other CD lang:en 00:02:02 00:02:09 tt-1469 MM067_1993_CT_SU2012_CL_05 
</lang>
"<tu>"
	"tú" Pronoun PPX Singular lang:es 00:02:02 00:02:09 tt-1470 MM067_1993_CT_SU2012_CL_05 @Gram:Det:Pos ADD:446 
"<hogar>"
	"hogar" Noun NC Singular lang:es 00:02:02 00:02:09 tt-1471 MM067_1993_CT_SU2012_CL_05 
"<,>"
	"," Punctuation CM lang:es 00:02:02 00:02:09 tt-1472 MM067_1993_CT_SU2012_CL_05 
<lang code="en">
"<ten>"
	"ten" Other CD lang:en 00:02:02 00:02:09 tt-1473 MM067_1993_CT_SU2012_CL_05 
</lang>
"<tu>"
	"tú" Pronoun PPX Singular lang:es 00:02:02 00:02:09 tt-1474 MM067_1993_CT_SU2012_CL_05 @Gram:Det:Pos ADD:446 
"<carro>"
	"carro" Noun NC Singular lang:es 00:02:02 00:02:09 tt-1475 MM067_1993_CT_SU2012_CL_05 
"<,>"
	"," Punctuation CM lang:es 00:02:02 00:02:09 tt-1476 MM067_1993_CT_SU2012_CL_05 
<lang code="en">
"<ten>"
	"ten" Other CD lang:en 00:02:02 00:02:09 tt-1477 MM067_1993_CT_SU2012_CL_05 
</lang>
"<todo>"
	"todo" Determiner QU lang:es 00:02:02 00:02:09 tt-1478 MM067_1993_CT_SU2012_CL_05 
"<$.>"
	"." Punctuation FS lang:es 00:02:02 00:02:09 tt-1479 MM067_1993_CT_SU2012_CL_05 

"<Siempre>"
	"siempre" Adverb ADV lang:es 00:02:02 00:02:09 tt-1480 MM067_1993_CT_SU2012_CL_05 
"<fue>"
	"ser" Verb VSfin Pret Indi Sing 3rd lang:es 00:02:14 00:02:21 tt-1481 MM067_1993_CT_SU2012_CL_05 @Gram:Indefinido @Gram:SerEstar:Ser ADD:688 ADD:803 
"<algo>"
	"algo" Determiner QU lang:es 00:02:14 00:02:21 tt-1482 MM067_1993_CT_SU2012_CL_05 
"<difícil>"
	"difícil" Adjective ADJ Singular lang:es 00:02:14 00:02:21 tt-1483 MM067_1993_CT_SU2012_CL_05 
"<después>"
	"después" Adverb ADV lang:es 00:02:14 00:02:21 tt-1484 MM067_1993_CT_SU2012_CL_05 
"<que>"
	"que" Conjunction CQUE lang:es 00:02:14 00:02:21 tt-1485 MM067_1993_CT_SU2012_CL_05 
"<tuvimos>"
	"tener" Verb VLfin Pres_or_Pret Indi Plural 1st lang:es 00:02:14 00:02:21 tt-1486 MM067_1993_CT_SU2012_CL_05 
"<que>"
	"que" Conjunction CQUE lang:es 00:02:14 00:02:21 tt-1487 MM067_1993_CT_SU2012_CL_05 
"<empezar>"
	"empezar" Verb VLinf Infinitive lang:es 00:02:14 00:02:21 tt-1488 MM067_1993_CT_SU2012_CL_05 ID:302 R:Vocab:Fraseol:VerbPrep:303 SUBSTITUTE:320 ADDRELATION(Vocab:Fraseol:VerbPrep):1211 
"<desde>"
	"desde" Preposition PREP lang:es 00:02:14 00:02:21 tt-1489 MM067_1993_CT_SU2012_CL_05 @Gram:Prep ID:303 ADD:614 
"<,>"
	"," Punctuation CM lang:es 00:02:14 00:02:21 tt-1490 MM067_1993_CT_SU2012_CL_05 
"<desde>"
	"desde" Preposition PREP lang:es 00:02:14 00:02:21 tt-1491 MM067_1993_CT_SU2012_CL_05 @Gram:Prep ADD:614 
"<nada>"
	"nada" Determiner QU lang:es 00:02:14 00:02:21 tt-1492 MM067_1993_CT_SU2012_CL_05 @Gram:Det:Pron ADD:476 
"<,>"
	"," Punctuation CM lang:es 00:02:14 00:02:21 tt-1493 MM067_1993_CT_SU2012_CL_05 
"<desde>"
	"desde" Preposition PREP lang:es 00:02:14 00:02:21 tt-1494 MM067_1993_CT_SU2012_CL_05 @Gram:Prep ADD:614 
"<no>"
	"no" Adverb NEG lang:es 00:02:14 00:02:21 tt-1495 MM067_1993_CT_SU2012_CL_05 
"<teníamos>"
	"tener" Verb VLfin Imp Indi Plural 1st lang:es 00:02:14 00:02:21 tt-1496 MM067_1993_CT_SU2012_CL_05 @Gram:Imperf ADD:679 
"<nada>"
	"nada" Determiner QU lang:es 00:02:23 00:02:30 tt-1497 MM067_1993_CT_SU2012_CL_05 @Gram:Det:Pron ADD:476 
"<con>"
	"con" Preposition PREP lang:es 00:02:23 00:02:30 tt-1498 MM067_1993_CT_SU2012_CL_05 @Gram:Prep ADD:614 
"<que>"
	"que" Conjunction CQUE lang:es 00:02:23 00:02:30 tt-1499 MM067_1993_CT_SU2012_CL_05 
"<vivir>"
	"vivir" Verb VLinf Infinitive lang:es 00:02:23 00:02:30 tt-1500 MM067_1993_CT_SU2012_CL_05 SUBSTITUTE:320 
"<aquí>"
	"aquí" Adverb ADV lang:es 00:02:23 00:02:30 tt-1501 MM067_1993_CT_SU2012_CL_05 
"<$.>"
	"." Punctuation FS lang:es 00:02:23 00:02:30 tt-1502 MM067_1993_CT_SU2012_CL_05 

"<Llegamos>"
	"llegar" Verb VLfin Pres_or_Pret Indi Plural 1st lang:es 00:02:23 00:02:30 tt-1503 MM067_1993_CT_SU2012_CL_05 
"<aquí>"
	"aquí" Adverb ADV lang:es 00:02:23 00:02:30 tt-1504 MM067_1993_CT_SU2012_CL_05 
"<viviendo>"
	"vivir" Verb VLger lang:es 00:02:23 00:02:30 tt-1505 MM067_1993_CT_SU2012_CL_05 
"<por>"
	"por" Preposition PREP lang:es 00:02:23 00:02:30 tt-1506 MM067_1993_CT_SU2012_CL_05 @Gram:Prep:Por SUBSTITUTE:262 ADD:608 
"<unos>"
	"un" Determiner ART Plural lang:es 00:02:23 00:02:30 tt-1507 MM067_1993_CT_SU2012_CL_05 
"<,>"
	"," Punctuation CM lang:es 00:02:23 00:02:30 tt-1508 MM067_1993_CT_SU2012_CL_05 
"<un>"
	"un" Determiner ART Singular lang:es 00:02:23 00:02:30 tt-1509 MM067_1993_CT_SU2012_CL_05 
"<par>"
	"par" Noun NC Singular lang:es 00:02:23 00:02:30 tt-1510 MM067_1993_CT_SU2012_CL_05 
"<de>"
	"de" Preposition PREP lang:es 00:02:23 00:02:30 tt-1511 MM067_1993_CT_SU2012_CL_05 @Gram:Prep ADD:614 
"<años>"
	"año" Noun NC Plural lang:es 00:02:23 00:02:30 tt-1512 MM067_1993_CT_SU2012_CL_05 
"<en>"
	"en" Preposition PREP lang:es 00:02:23 00:02:30 tt-1513 MM067_1993_CT_SU2012_CL_05 @Gram:Prep ADD:614 
"<el>"
	"el" Determiner ART Singular Masc lang:es 00:02:23 00:02:30 tt-1514 MM067_1993_CT_SU2012_CL_05 @Gram:Det:Art ADD:416 
"<hogar>"
	"hogar" Noun NC Singular lang:es 00:02:23 00:02:30 tt-1515 MM067_1993_CT_SU2012_CL_05 
"<de>"
	"de" Preposition PREP lang:es 00:02:23 00:02:30 tt-1516 MM067_1993_CT_SU2012_CL_05 @Gram:Prep ADD:614 
"<gente>"
	"gente" Noun NC Singular lang:es 00:02:23 00:02:30 tt-1517 MM067_1993_CT_SU2012_CL_05 
"<familiar>"
	"familiar" Adjective ADJ Singular lang:es 00:02:30 00:02:37 tt-1518 MM067_1993_CT_SU2012_CL_05 
"<y>"
	"y" Conjunciton Conjunction CC lang:es 00:02:30 00:02:37 tt-1519 MM067_1993_CT_SU2012_CL_05 SUBSTITUTE:385 
"<después>"
	"después" Adverb ADV lang:es 00:02:30 00:02:37 tt-1520 MM067_1993_CT_SU2012_CL_05 
"<tuvimos>"
	"tener" Verb VLfin Pres_or_Pret Indi Plural 1st lang:es 00:02:30 00:02:37 tt-1521 MM067_1993_CT_SU2012_CL_05 
"<un>"
	"un" Determiner ART Singular lang:es 00:02:30 00:02:37 tt-1522 MM067_1993_CT_SU2012_CL_05 
"<apartamento>"
	"apartamento" Noun NC Singular lang:es 00:02:30 00:02:37 tt-1523 MM067_1993_CT_SU2012_CL_05 
"<por>"
	"por" Preposition PREP lang:es 00:02:30 00:02:37 tt-1524 MM067_1993_CT_SU2012_CL_05 @Gram:Prep:Por SUBSTITUTE:262 ADD:608 
"<muchos>"
	"mucho" Determiner QU lang:es 00:02:30 00:02:37 tt-1525 MM067_1993_CT_SU2012_CL_05 @Gram:Det:CuantIndef ADD:468 
"<años>"
	"año" Noun NC Plural lang:es 00:02:30 00:02:37 tt-1526 MM067_1993_CT_SU2012_CL_05 
"<y>"
	"y" Conjunciton Conjunction CC lang:es 00:02:30 00:02:37 tt-1527 MM067_1993_CT_SU2012_CL_05 SUBSTITUTE:385 
"<estuvimos>"
	"estar" Verb VEfin Pret Indi Plural 1st lang:es 00:02:30 00:02:37 tt-1528 MM067_1993_CT_SU2012_CL_05 @Gram:Indefinido @Gram:SerEstar:Estar ADD:688 ADD:812 
"<a>"
	"a" Preposition PREP lang:es 00:02:30 00:02:37 tt-1529 MM067_1993_CT_SU2012_CL_05 @Gram:Prep SUBSTITUTE:389 ADD:614 
"<apartamento>"
	"apartamento" Noun NC Singular lang:es 00:02:30 00:02:37 tt-1530 MM067_1993_CT_SU2012_CL_05 
"<a>"
	"a" Preposition PREP lang:es 00:02:37 00:02:44 tt-1531 MM067_1993_CT_SU2012_CL_05 @Gram:Prep SUBSTITUTE:389 ADD:614 
"<apartamento>"
	"apartamento" Noun NC Singular lang:es 00:02:37 00:02:44 tt-1532 MM067_1993_CT_SU2012_CL_05 
"<por>"
	"por" Preposition PREP lang:es 00:02:37 00:02:44 tt-1533 MM067_1993_CT_SU2012_CL_05 @Gram:Prep:Por SUBSTITUTE:262 ADD:608 
"<los>"
	"el" Determiner ART Plural Masc lang:es 00:02:37 00:02:44 tt-1534 MM067_1993_CT_SU2012_CL_05 @Gram:Det:Art ADD:416 
"<primeros>"
	"primero" Adjective ORD Plural lang:es 00:02:37 00:02:44 tt-1535 MM067_1993_CT_SU2012_CL_05 
"<,>"
	"," Punctuation CM lang:es 00:02:37 00:02:44 tt-1536 MM067_1993_CT_SU2012_CL_05 
"<$¿>"
	"¿" Punctuation FS lang:es 00:02:37 00:02:44 tt-1537 MM067_1993_CT_SU2012_CL_05 
"<qué>"
	"qué" Pronoun INT Singular lang:es 00:02:37 00:02:44 tt-1538 MM067_1993_CT_SU2012_CL_05 
"<serían>"
	"ser" Verb VSfin Cond Indi Plural 3rd lang:es 00:02:37 00:02:44 tt-1539 MM067_1993_CT_SU2012_CL_05 @Gram:SerEstar:Ser ADD:803 
"<$?>"
	"?" Punctuation FS lang:es 00:02:37 00:02:44 tt-1540 MM067_1993_CT_SU2012_CL_05 

"<Seis>"
	"seis" Determiner CARD Plural lang:es 00:02:37 00:02:44 tt-1541 MM067_1993_CT_SU2012_CL_05 
"<,>"
	"," Punctuation CM lang:es 00:02:37 00:02:44 tt-1542 MM067_1993_CT_SU2012_CL_05 
"<seis>"
	"seis" Determiner CARD Plural lang:es 00:02:37 00:02:44 tt-1543 MM067_1993_CT_SU2012_CL_05 
"<,>"
	"," Punctuation CM lang:es 00:02:37 00:02:44 tt-1544 MM067_1993_CT_SU2012_CL_05 
"<ocho>"
	"ocho" Determiner CARD Singular lang:es 00:02:37 00:02:44 tt-1545 MM067_1993_CT_SU2012_CL_05 
"<años>"
	"año" Noun NC Plural lang:es 00:02:37 00:02:44 tt-1546 MM067_1993_CT_SU2012_CL_05 
"<en>"
	"en" Preposition PREP lang:es 00:02:37 00:02:44 tt-1547 MM067_1993_CT_SU2012_CL_05 @Gram:Prep ADD:614 
"<los>"
	"el" Determiner ART Plural Masc lang:es 00:02:37 00:02:44 tt-1548 MM067_1993_CT_SU2012_CL_05 @Gram:Det:Art ADD:416 
"<Estados>"
	"Estados" Noun NP Plural lang:es 00:02:37 00:02:44 tt-1549 MM067_1993_CT_SU2012_CL_05 ID:363 R:Vocab:Entities:Geo:364 ADDRELATION(Vocab:Entities:Geo):1196 
"<Unidos>"
	"Unidos" Noun NP Plural lang:es 00:02:37 00:02:44 tt-1550 MM067_1993_CT_SU2012_CL_05 ID:364 
"<y>"
	"y" Conjunciton Conjunction CC lang:es 00:02:46 00:02:53 tt-1551 MM067_1993_CT_SU2012_CL_05 SUBSTITUTE:385 
"<fue>"
	"ser" Verb VSfin Pret Indi Sing 3rd lang:es 00:02:46 00:02:53 tt-1552 MM067_1993_CT_SU2012_CL_05 @Gram:Indefinido @Gram:SerEstar:Ser ADD:688 ADD:803 
"<difícil>"
	"difícil" Adjective ADJ Singular lang:es 00:02:46 00:02:53 tt-1553 MM067_1993_CT_SU2012_CL_05 
"<para>"
	"para" Preposition PREP lang:es 00:02:46 00:02:53 tt-1554 MM067_1993_CT_SU2012_CL_05 @Gram:Prep:Para SUBSTITUTE:336 ADD:585 
"<mis>"
	"mío" Pronoun PPO Plural lang:es 00:02:46 00:02:53 tt-1555 MM067_1993_CT_SU2012_CL_05 @Gram:Det:Pos SUBSTITUTE:309 ADD:447 
"<padres>"
	"padre" Noun NC Plural lang:es 00:02:46 00:02:53 tt-1556 MM067_1993_CT_SU2012_CL_05 
"<este>"
	"este" Determiner DM Singular lang:es 00:02:46 00:02:53 tt-1557 MM067_1993_CT_SU2012_CL_05 @Prag:RecuDiscurso:GanarTiempo ADD:1155 
"<,>"
	"," Punctuation CM lang:es 00:02:46 00:02:53 tt-1558 MM067_1993_CT_SU2012_CL_05 
"<todo>"
	"todo" Determiner QU lang:es 00:02:46 00:02:53 tt-1559 MM067_1993_CT_SU2012_CL_05 ID:373 R:Gram:Det:DetCombi:374 ADDRELATION(Gram:Det:DetCombi):489 
"<este>"
	"este" Determiner DM Singular lang:es 00:02:46 00:02:53 tt-1560 MM067_1993_CT_SU2012_CL_05 ID:374 
"<tiempo>"
	"tiempo" Noun NC Singular lang:es 00:02:46 00:02:53 tt-1561 MM067_1993_CT_SU2012_CL_05 
"<tratando>"
	"tratar" Verb VLger lang:es 00:02:46 00:02:53 tt-1562 MM067_1993_CT_SU2012_CL_05 
"<de>"
	"de" Preposition PREP lang:es 00:02:46 00:02:53 tt-1563 MM067_1993_CT_SU2012_CL_05 @Gram:Prep ADD:614 
"<,>"
	"," Punctuation CM lang:es 00:02:46 00:02:53 tt-1564 MM067_1993_CT_SU2012_CL_05 
"<hallar>"
	"hallar" Verb VLinf Infinitive lang:es 00:02:46 00:02:53 tt-1565 MM067_1993_CT_SU2012_CL_05 SUBSTITUTE:320 
"<el>"
	"el" Determiner ART Singular Masc lang:es 00:02:46 00:02:53 tt-1566 MM067_1993_CT_SU2012_CL_05 @Gram:Det:Art ADD:416 
"<trabajo>"
	"trabajo" Noun NC Singular lang:es 00:02:46 00:02:53 tt-1567 MM067_1993_CT_SU2012_CL_05 
"<,>"
	"," Punctuation CM lang:es 00:02:46 00:02:53 tt-1568 MM067_1993_CT_SU2012_CL_05 
"<hallar>"
	"hallar" Verb VLinf Infinitive lang:es 00:02:56 00:03:02 tt-1569 MM067_1993_CT_SU2012_CL_05 SUBSTITUTE:320 
"<el>"
	"el" Determiner ART Singular Masc lang:es 00:02:56 00:03:02 tt-1570 MM067_1993_CT_SU2012_CL_05 @Gram:Det:Art ADD:416 
"<dinero>"
	"dinero" Noun NC Singular lang:es 00:02:56 00:03:02 tt-1571 MM067_1993_CT_SU2012_CL_05 
"<,>"
	"," Punctuation CM lang:es 00:02:56 00:03:02 tt-1572 MM067_1993_CT_SU2012_CL_05 
"<hallar>"
	"hallar" Verb VLinf Infinitive lang:es 00:02:56 00:03:02 tt-1573 MM067_1993_CT_SU2012_CL_05 SUBSTITUTE:320 
"<el>"
	"el" Determiner ART Singular Masc lang:es 00:02:56 00:03:02 tt-1574 MM067_1993_CT_SU2012_CL_05 @Gram:Det:Art ADD:416 
"<tiempo>"
	"tiempo" Noun NC Singular lang:es 00:02:56 00:03:02 tt-1575 MM067_1993_CT_SU2012_CL_05 
"<para>"
	"para" Preposition PREP lang:es 00:02:56 00:03:02 tt-1576 MM067_1993_CT_SU2012_CL_05 @Gram:Prep:Para SUBSTITUTE:336 ADD:585 
"<también>"
	"también" Adverb ADV lang:es 00:02:56 00:03:02 tt-1577 MM067_1993_CT_SU2012_CL_05 @Prag:MarcadoresDisc:Igualdad ADD:1116 
"<ayudarme>"
	"ayudar" Verb VLinf Pres Subj Sing 1st_or_3rd lang:es 00:02:56 00:03:02 tt-1578 MM067_1993_CT_SU2012_CL_05 @Gram:MSub:Pres ADD:772 
"<a>"
	"a" Preposition PREP lang:es 00:02:56 00:03:02 tt-1579 MM067_1993_CT_SU2012_CL_05 @Gram:Prep SUBSTITUTE:389 ADD:614 
"<mí>"
	"yo" Pronoun PPX Singular lang:es 00:02:56 00:03:02 tt-1580 MM067_1993_CT_SU2012_CL_05 
"<y>"
	"y" Conjunciton Conjunction CC lang:es 00:02:56 00:03:02 tt-1581 MM067_1993_CT_SU2012_CL_05 SUBSTITUTE:385 
"<a>"
	"a" Preposition PREP lang:es 00:02:56 00:03:02 tt-1582 MM067_1993_CT_SU2012_CL_05 @Gram:Prep SUBSTITUTE:389 ADD:614 
"<mis>"
	"mío" Pronoun PPO Plural lang:es 00:02:56 00:03:02 tt-1583 MM067_1993_CT_SU2012_CL_05 @Gram:Det:Pos SUBSTITUTE:309 ADD:447 
"<hermanos>"
	"hermano" Noun NC Plural lang:es 00:02:56 00:03:02 tt-1584 MM067_1993_CT_SU2012_CL_05 
"<para>"
	"para" Preposition PREP lang:es 00:02:56 00:03:02 tt-1585 MM067_1993_CT_SU2012_CL_05 @Gram:Prep:Para SUBSTITUTE:336 ADD:559 
"<poder>"
	"poder" Verb VLinf VMinf lang:es 00:02:56 00:03:02 tt-1586 MM067_1993_CT_SU2012_CL_05 SUBSTITUTE:320 
"<crecer>"
	"crecer" Verb VLinf Infinitive lang:es 00:03:02 00:03:09 tt-1587 MM067_1993_CT_SU2012_CL_05 SUBSTITUTE:320 
"<en>"
	"en" Preposition PREP lang:es 00:03:02 00:03:09 tt-1588 MM067_1993_CT_SU2012_CL_05 @Gram:Prep ADD:614 
"<este>"
	"este" Determiner DM Singular lang:es 00:03:02 00:03:09 tt-1589 MM067_1993_CT_SU2012_CL_05 @Gram:Det:Demo ADD:432 
"<país>"
	"país" Noun NC Plural lang:es 00:03:02 00:03:09 tt-1590 MM067_1993_CT_SU2012_CL_05 
"<con>"
	"con" Preposition PREP lang:es 00:03:02 00:03:09 tt-1591 MM067_1993_CT_SU2012_CL_05 @Gram:Prep ADD:614 
"<la>"
	"el" Determiner ART Singular Fem lang:es 00:03:02 00:03:09 tt-1592 MM067_1993_CT_SU2012_CL_05 @Gram:Det:Art ADD:416 
"<importancia>"
	"importancia" Noun NC Singular lang:es 00:03:02 00:03:09 tt-1593 MM067_1993_CT_SU2012_CL_05 
"<de>"
	"de" Preposition PREP lang:es 00:03:02 00:03:09 tt-1594 MM067_1993_CT_SU2012_CL_05 @Gram:Prep ADD:614 
"<la>"
	"el" Determiner ART Singular Fem lang:es 00:03:02 00:03:09 tt-1595 MM067_1993_CT_SU2012_CL_05 @Gram:Det:Art ADD:416 
"<educación>"
	"educación" Noun NC Singular lang:es 00:03:02 00:03:09 tt-1596 MM067_1993_CT_SU2012_CL_05 
"<y>"
	"y" Conjunciton Conjunction CC lang:es 00:03:02 00:03:09 tt-1597 MM067_1993_CT_SU2012_CL_05 SUBSTITUTE:385 
"<,>"
	"," Punctuation CM lang:es 00:03:02 00:03:09 tt-1598 MM067_1993_CT_SU2012_CL_05 
"<pero>"
	"pero" Conjunction CCAD lang:es 00:03:02 00:03:09 tt-1599 MM067_1993_CT_SU2012_CL_05 @Prag:MarcadoresDisc:Revision ADD:1032 
"<gracias>"
	"gracias" Preposition PREP lang:es 00:03:02 00:03:09 tt-1600 MM067_1993_CT_SU2012_CL_05 @Gram:Prep ADD:614 
"<a>"
	"a" Preposition PREP lang:es 00:03:02 00:03:09 tt-1601 MM067_1993_CT_SU2012_CL_05 @Gram:Prep SUBSTITUTE:389 ADD:614 
"<Dios>"
	"dios" Noun NC Plural lang:es 00:03:02 00:03:09 tt-1602 MM067_1993_CT_SU2012_CL_05 
"<,>"
	"," Punctuation CM lang:es 00:03:02 00:03:09 tt-1603 MM067_1993_CT_SU2012_CL_05 
"<todo>"
	"todo" Determiner QU lang:es 00:03:02 00:03:09 tt-1604 MM067_1993_CT_SU2012_CL_05 
"<,>"
	"," Punctuation CM lang:es 00:03:02 00:03:09 tt-1605 MM067_1993_CT_SU2012_CL_05 
"<todo>"
	"todo" Determiner QU lang:es 00:03:02 00:03:09 tt-1606 MM067_1993_CT_SU2012_CL_05 
"<ha>"
	"haber" Verb VHfin Pres Indi Sing 3rd lang:es 00:03:12 00:03:19 tt-1607 MM067_1993_CT_SU2012_CL_05 ID:421 R:Gram:Aux:Haber:422 R:Gram:PerfPerif:422 ADDRELATION():695 
"<salido>"
	"salir" Verb VLadj lang:es 00:03:12 00:03:19 tt-1608 MM067_1993_CT_SU2012_CL_05 ID:422 
"<bien>"
	"bien" Adverb ADV lang:es 00:03:12 00:03:19 tt-1609 MM067_1993_CT_SU2012_CL_05 
"<,>"
	"," Punctuation CM lang:es 00:03:12 00:03:19 tt-1610 MM067_1993_CT_SU2012_CL_05 
"<este>"
	"este" Determiner DM Singular lang:es 00:03:12 00:03:19 tt-1611 MM067_1993_CT_SU2012_CL_05 @Prag:RecuDiscurso:GanarTiempo ADD:1155 
"<,>"
	"," Punctuation CM lang:es 00:03:12 00:03:19 tt-1612 MM067_1993_CT_SU2012_CL_05 
"<los>"
	"el" Determiner ART Plural Masc lang:es 00:03:12 00:03:19 tt-1613 MM067_1993_CT_SU2012_CL_05 @Gram:Det:Art ADD:416 
"<,>"
	"," Punctuation CM lang:es 00:03:12 00:03:19 tt-1614 MM067_1993_CT_SU2012_CL_05 
"<las>"
	"el" Determiner ART Plural Fem lang:es 00:03:12 00:03:19 tt-1615 MM067_1993_CT_SU2012_CL_05 @Gram:Det:Art ADD:416 
"<barreras>"
	"barrera" Noun NC Plural lang:es 00:03:12 00:03:19 tt-1616 MM067_1993_CT_SU2012_CL_05 
"<que>"
	"que" Conjunction CQUE lang:es 00:03:12 00:03:19 tt-1617 MM067_1993_CT_SU2012_CL_05 
"<,>"
	"," Punctuation CM lang:es 00:03:12 00:03:19 tt-1618 MM067_1993_CT_SU2012_CL_05 
"<que>"
	"que" Conjunction CQUE lang:es 00:03:12 00:03:19 tt-1619 MM067_1993_CT_SU2012_CL_05 
"<nos>"
	"nosotros" Pronoun PPX Plural lang:es 00:03:12 00:03:19 tt-1620 MM067_1993_CT_SU2012_CL_05 @Gram:Pron:Objeto ADD:648 
"<ha>"
	"haber" Verb VHfin Pres Indi Sing 3rd lang:es 00:03:12 00:03:19 tt-1621 MM067_1993_CT_SU2012_CL_05 ID:435 R:Gram:Aux:Haber:436 R:Gram:PerfPerif:436 ADDRELATION():695 
"<puesto>"
	"poner" Verb VLadj lang:es 00:03:12 00:03:19 tt-1622 MM067_1993_CT_SU2012_CL_05 ID:436 
"<la>"
	"el" Determiner ART Singular Fem lang:es 00:03:12 00:03:19 tt-1623 MM067_1993_CT_SU2012_CL_05 @Gram:Det:Art ADD:416 
"<vida>"
	"vida" Noun NC Singular lang:es 00:03:12 00:03:19 tt-1624 MM067_1993_CT_SU2012_CL_05 
"<aquí>"
	"aquí" Adverb ADV lang:es 00:03:12 00:03:19 tt-1625 MM067_1993_CT_SU2012_CL_05 
"<en>"
	"en" Preposition PREP lang:es 00:03:12 00:03:19 tt-1626 MM067_1993_CT_SU2012_CL_05 @Gram:Prep ADD:614 
"<este>"
	"este" Determiner DM Singular lang:es 00:03:12 00:03:19 tt-1627 MM067_1993_CT_SU2012_CL_05 @Gram:Det:Demo ADD:432 
"<país>"
	"país" Noun NC Plural lang:es 00:03:12 00:03:19 tt-1628 MM067_1993_CT_SU2012_CL_05 
"<,>"
	"," Punctuation CM lang:es 00:03:12 00:03:19 tt-1629 MM067_1993_CT_SU2012_CL_05 
"<mis>"
	"mío" Pronoun PPO Plural lang:es 00:03:21 00:03:28 tt-1630 MM067_1993_CT_SU2012_CL_05 @Gram:Det:Pos SUBSTITUTE:309 ADD:447 
"<padres>"
	"padre" Noun NC Plural lang:es 00:03:21 00:03:28 tt-1631 MM067_1993_CT_SU2012_CL_05 
"<las>"
	"él" Pronoun PPC Plural lang:es 00:03:21 00:03:28 tt-1632 MM067_1993_CT_SU2012_CL_05 @Gram:Pron:Objeto ADD:654 
"<han>"
	"haber" Verb VHfin Pres Indi Plural 3rd lang:es 00:03:21 00:03:28 tt-1633 MM067_1993_CT_SU2012_CL_05 @Gram:Haber:Exist ADD:819 
"<podido>"
	"poder" Verb VMadj lang:es 00:03:21 00:03:28 tt-1634 MM067_1993_CT_SU2012_CL_05 
"<derrotar>"
	"derrotar" Verb VLinf Infinitive lang:es 00:03:21 00:03:28 tt-1635 MM067_1993_CT_SU2012_CL_05 SUBSTITUTE:320 
"<,>"
	"," Punctuation CM lang:es 00:03:21 00:03:28 tt-1636 MM067_1993_CT_SU2012_CL_05 
"<y>"
	"y" Conjunciton Conjunction CC lang:es 00:03:21 00:03:28 tt-1637 MM067_1993_CT_SU2012_CL_05 SUBSTITUTE:385 
"<hemos>"
	"haber" Verb VHfin Pres Indi Plural 1st lang:es 00:03:21 00:03:28 tt-1638 MM067_1993_CT_SU2012_CL_05 @Gram:Haber:Exist ADD:819 
"<podido>"
	"poder" Verb VMadj lang:es 00:03:21 00:03:28 tt-1639 MM067_1993_CT_SU2012_CL_05 
"<seguir>"
	"seguir" Verb VLinf Infinitive lang:es 00:03:21 00:03:28 tt-1640 MM067_1993_CT_SU2012_CL_05 SUBSTITUTE:320 
"<adelante>"
	"adelante" Adverb ADV lang:es 00:03:21 00:03:28 tt-1641 MM067_1993_CT_SU2012_CL_05 
"<sin>"
	"sin" Preposition PREP lang:es 00:03:21 00:03:28 tt-1642 MM067_1993_CT_SU2012_CL_05 @Gram:Prep ADD:614 
"<importar>"
	"importar" Verb VLinf Infinitive lang:es 00:03:21 00:03:28 tt-1643 MM067_1993_CT_SU2012_CL_05 SUBSTITUTE:320 
"<la>"
	"el" Determiner ART Singular Fem lang:es 00:03:21 00:03:28 tt-1644 MM067_1993_CT_SU2012_CL_05 @Gram:Det:Art ADD:416 
"<,>"
	"," Punctuation CM lang:es 00:03:21 00:03:28 tt-1645 MM067_1993_CT_SU2012_CL_05 
"<la>"
	"el" Determiner ART Singular Fem lang:es 00:03:21 00:03:28 tt-1646 MM067_1993_CT_SU2012_CL_05 @Gram:Det:Art ADD:416 
"<desventaja>"
	"desventaja" Noun NC Singular lang:es 00:03:29 00:03:33 tt-1647 MM067_1993_CT_SU2012_CL_05 
"<que>"
	"que" Conjunction CQUE lang:es 00:03:29 00:03:33 tt-1648 MM067_1993_CT_SU2012_CL_05 
"<tenemos>"
	"tener" Verb VLfin Pres Indi Plural 1st lang:es 00:03:29 00:03:33 tt-1649 MM067_1993_CT_SU2012_CL_05 
"<como>"
	"como" Conjunction CSUBX lang:es 00:03:29 00:03:33 tt-1650 MM067_1993_CT_SU2012_CL_05 
"<mexicanos>"
	"mexicano" Noun NC Plural lang:es 00:03:29 00:03:33 tt-1651 MM067_1993_CT_SU2012_CL_05 
"<en>"
	"en" Preposition PREP lang:es 00:03:29 00:03:33 tt-1652 MM067_1993_CT_SU2012_CL_05 @Gram:Prep ADD:614 
"<este>"
	"este" Determiner DM Singular lang:es 00:03:29 00:03:33 tt-1653 MM067_1993_CT_SU2012_CL_05 @Gram:Det:Demo ADD:432 
"<país>"
	"país" Noun NC Plural lang:es 00:03:29 00:03:33 tt-1654 MM067_1993_CT_SU2012_CL_05 
"<$.>"
	"." Punctuation FS lang:es 00:03:29 00:03:33 tt-1655 MM067_1993_CT_SU2012_CL_05 
</speaker>
</text>

