<text id="MM067_1993_CT_SU2012_CL_02">
<speaker type="int">
"<puras>"
	"puro" Adjective ADJ Plural lang:es 00:00:00 00:00:04 tt-299 MM067_1993_CT_SU2012_CL_02 
"<clases>"
	"clase" Noun NC Plural lang:es 00:00:00 00:00:04 tt-300 MM067_1993_CT_SU2012_CL_02 
"<de>"
	"de" Preposition PREP lang:es 00:00:00 00:00:04 tt-301 MM067_1993_CT_SU2012_CL_02 @Gram:Prep 
"<inglés>"
	"inglés" Noun NC Plural lang:es 00:00:00 00:00:04 tt-302 MM067_1993_CT_SU2012_CL_02 
"<$.>"
	"." Punctuation FS lang:es 00:00:00 00:00:04 tt-303 MM067_1993_CT_SU2012_CL_02 

"<Muy>"
	"muy" Adverb ADV lang:es 00:00:00 00:00:04 tt-304 MM067_1993_CT_SU2012_CL_02 
"<bien>"
	"bien" Adverb ADV lang:es 00:00:00 00:00:04 tt-305 MM067_1993_CT_SU2012_CL_02 
"<$.>"
	"." Punctuation FS lang:es 00:00:00 00:00:04 tt-306 MM067_1993_CT_SU2012_CL_02 

"<$¿>"
	"¿" Punctuation FS lang:es 00:00:00 00:00:04 tt-307 MM067_1993_CT_SU2012_CL_02 
"<Y>"
	"y" Conjunction CC lang:es 00:00:00 00:00:04 tt-308 MM067_1993_CT_SU2012_CL_02 
"<durante>"
	"durante" Preposition PREP lang:es 00:00:00 00:00:04 tt-309 MM067_1993_CT_SU2012_CL_02 @Gram:Prep 
"<tu>"
	"tú" Pronoun PPX Singular lang:es 00:00:00 00:00:04 tt-310 MM067_1993_CT_SU2012_CL_02 @Gram:Det:Pos 
"<infancia>"
	"infancia" Noun NC Singular lang:es 00:00:00 00:00:04 tt-311 MM067_1993_CT_SU2012_CL_02 
"<,>"
	"," Punctuation CM lang:es 00:00:00 00:00:04 tt-312 MM067_1993_CT_SU2012_CL_02 
"<qué>"
	"qué" Pronoun INT Singular lang:es 00:00:00 00:00:04 tt-313 MM067_1993_CT_SU2012_CL_02 
"<lengua>"
	"lengua" Noun NC Singular lang:es 00:00:04 00:00:11 tt-314 MM067_1993_CT_SU2012_CL_02 
"<se>"
	"se" Other SE lang:es 00:00:04 00:00:11 tt-315 MM067_1993_CT_SU2012_CL_02 
"<hablaba>"
	"hablar" Verb VLfin Imp Indi Sing 1st_or_3rd lang:es 00:00:04 00:00:11 tt-316 MM067_1993_CT_SU2012_CL_02 @Gram:Imperf ID:18 R:Vocab:Fraseol:VerbPrep:19 
"<en>"
	"en" Preposition PREP lang:es 00:00:04 00:00:11 tt-317 MM067_1993_CT_SU2012_CL_02 @Gram:Prep ID:19 
"<tu>"
	"tú" Pronoun PPX Singular lang:es 00:00:04 00:00:11 tt-318 MM067_1993_CT_SU2012_CL_02 
"<casa>"
	"casar" Verb VLfin Pres Indi Sing 3rd lang:es 00:00:04 00:00:11 tt-319 MM067_1993_CT_SU2012_CL_02 
"<$?>"
	"?" Punctuation FS lang:es 00:00:04 00:00:11 tt-320 MM067_1993_CT_SU2012_CL_02 
</speaker>
<speaker type="subj">

"<Español>"
	"español" Adjective ADJ Singular lang:es 00:00:04 00:00:11 tt-321 MM067_1993_CT_SU2012_CL_02 
"<$.>"
	"." Punctuation FS lang:es 00:00:04 00:00:11 tt-322 MM067_1993_CT_SU2012_CL_02 

"<Puro>"
	"puro" Adjective ADJ Singular lang:es 00:00:04 00:00:11 tt-323 MM067_1993_CT_SU2012_CL_02 
"<español>"
	"español" Noun NC Singular lang:es 00:00:04 00:00:11 tt-324 MM067_1993_CT_SU2012_CL_02 
"<con>"
	"con" Preposition PREP lang:es 00:00:04 00:00:11 tt-325 MM067_1993_CT_SU2012_CL_02 @Gram:Prep 
"<mis>"
	"mío" Pronoun PPO Plural lang:es 00:00:04 00:00:11 tt-326 MM067_1993_CT_SU2012_CL_02 @Gram:Det:Pos 
"<hermanos>"
	"hermano" Noun NC Plural lang:es 00:00:04 00:00:11 tt-327 MM067_1993_CT_SU2012_CL_02 
"<,>"
	"," Punctuation CM lang:es 00:00:04 00:00:11 tt-328 MM067_1993_CT_SU2012_CL_02 
"<con>"
	"con" Preposition PREP lang:es 00:00:11 00:00:16 tt-329 MM067_1993_CT_SU2012_CL_02 @Gram:Prep 
"<mis>"
	"mío" Pronoun PPO Plural lang:es 00:00:11 00:00:16 tt-330 MM067_1993_CT_SU2012_CL_02 @Gram:Det:Pos 
"<papás>"
	"papá" Noun NC Plural lang:es 00:00:11 00:00:16 tt-331 MM067_1993_CT_SU2012_CL_02 
"<,>"
	"," Punctuation CM lang:es 00:00:11 00:00:16 tt-332 MM067_1993_CT_SU2012_CL_02 
"<y>"
	"y" Conjunction CC lang:es 00:00:11 00:00:16 tt-333 MM067_1993_CT_SU2012_CL_02 
"<en>"
	"en" Preposition PREP lang:es 00:00:11 00:00:16 tt-334 MM067_1993_CT_SU2012_CL_02 @Gram:Prep 
"<esos>"
	"ese" Determiner DM Plural lang:es 00:00:11 00:00:16 tt-335 MM067_1993_CT_SU2012_CL_02 @Gram:Det:Demo 
"<estados>"
	"estado" Noun NC Plural lang:es 00:00:11 00:00:16 tt-336 MM067_1993_CT_SU2012_CL_02 
"<vivíamos>"
	"vivir" Verb VLfin Imp Indi Plural 1st lang:es 00:00:11 00:00:16 tt-337 MM067_1993_CT_SU2012_CL_02 @Gram:Imperf 
"<con>"
	"con" Preposition PREP lang:es 00:00:11 00:00:16 tt-338 MM067_1993_CT_SU2012_CL_02 @Gram:Prep 
"<la>"
	"el" Determiner ART Singular Fem lang:es 00:00:11 00:00:16 tt-339 MM067_1993_CT_SU2012_CL_02 @Gram:Det:Art 
"<tía>"
	"tío" Noun NC Singular lang:es 00:00:11 00:00:16 tt-340 MM067_1993_CT_SU2012_CL_02 
"<,>"
	"," Punctuation CM lang:es 00:00:11 00:00:16 tt-341 MM067_1993_CT_SU2012_CL_02 
"<también>"
	"también" Adverb ADV lang:es 00:00:11 00:00:16 tt-342 MM067_1993_CT_SU2012_CL_02 @Prag:MarcadoresDisc:Igualdad 
"<con>"
	"con" Preposition PREP lang:es 00:00:11 00:00:16 tt-343 MM067_1993_CT_SU2012_CL_02 @Gram:Prep 
"<ella>"
	"él" Pronoun PPX Singular lang:es 00:00:11 00:00:16 tt-344 MM067_1993_CT_SU2012_CL_02 @Gram:Pron:Sujeto 
"<$.>"
	"." Punctuation FS lang:es 00:00:11 00:00:16 tt-345 MM067_1993_CT_SU2012_CL_02 
</speaker>
<speaker type="int">

"<Y>"
	"Y" Other ALFS lang:es 00:00:16 00:00:21 tt-346 MM067_1993_CT_SU2012_CL_02 
"<con>"
	"con" Preposition PREP lang:es 00:00:16 00:00:21 tt-347 MM067_1993_CT_SU2012_CL_02 @Gram:Prep 
"<tus>"
	"UNK" Noun NC Plural lang:es 00:00:16 00:00:21 tt-348 MM067_1993_CT_SU2012_CL_02 @Gram:Det:Pos 
"<hermanos>"
	"hermano" Noun NC Plural lang:es 00:00:16 00:00:21 tt-349 MM067_1993_CT_SU2012_CL_02 
"<,>"
	"," Punctuation CM lang:es 00:00:16 00:00:21 tt-350 MM067_1993_CT_SU2012_CL_02 
"<$¿>"
	"¿" Punctuation FS lang:es 00:00:16 00:00:21 tt-351 MM067_1993_CT_SU2012_CL_02 
"<hablabas>"
	"hablar" Verb VLfin Imp Indi Sing 2nd lang:es 00:00:16 00:00:21 tt-352 MM067_1993_CT_SU2012_CL_02 @Gram:Imperf 
"<puro>"
	"puro" Adjective ADJ Singular lang:es 00:00:16 00:00:21 tt-353 MM067_1993_CT_SU2012_CL_02 
"<español>"
	"español" Noun NC Singular lang:es 00:00:16 00:00:21 tt-354 MM067_1993_CT_SU2012_CL_02 
"<también>"
	"también" Adverb ADV lang:es 00:00:16 00:00:21 tt-355 MM067_1993_CT_SU2012_CL_02 @Prag:MarcadoresDisc:Igualdad 
"<,>"
	"," Punctuation CM lang:es 00:00:16 00:00:21 tt-356 MM067_1993_CT_SU2012_CL_02 
"<por>"
	"por" Preposition PREP lang:es 00:00:16 00:00:21 tt-357 MM067_1993_CT_SU2012_CL_02 @Gram:Prep:Por 
"<qué>"
	"qué" Adverb ADV lang:es 00:00:16 00:00:21 tt-358 MM067_1993_CT_SU2012_CL_02 
"<no>"
	"no" Adverb NEG lang:es 00:00:16 00:00:21 tt-359 MM067_1993_CT_SU2012_CL_02 
"<el>"
	"el" Determiner ART Singular Masc lang:es 00:00:16 00:00:21 tt-360 MM067_1993_CT_SU2012_CL_02 @Gram:Det:Art 
"<inglés>"
	"inglés" Noun NC Plural lang:es 00:00:16 00:00:21 tt-361 MM067_1993_CT_SU2012_CL_02 
"<$?>"
	"?" Punctuation FS lang:es 00:00:16 00:00:21 tt-362 MM067_1993_CT_SU2012_CL_02 
</speaker>
<speaker type="subj">

"<Durante>"
	"durante" Preposition PREP lang:es 00:00:21 00:00:27 tt-363 MM067_1993_CT_SU2012_CL_02 @Gram:Prep 
"<mi>"
	"mío" Pronoun PPO Singular lang:es 00:00:21 00:00:27 tt-364 MM067_1993_CT_SU2012_CL_02 @Gram:Det:Pos 
"<infancia>"
	"infancia" Noun NC Singular lang:es 00:00:21 00:00:27 tt-365 MM067_1993_CT_SU2012_CL_02 
"<,>"
	"," Punctuation CM lang:es 00:00:21 00:00:27 tt-366 MM067_1993_CT_SU2012_CL_02 
"<sí>"
	"sí" Adverb ADV lang:es 00:00:21 00:00:27 tt-367 MM067_1993_CT_SU2012_CL_02 
"<,>"
	"," Punctuation CM lang:es 00:00:21 00:00:27 tt-368 MM067_1993_CT_SU2012_CL_02 
"<español>"
	"español" Adjective ADJ Singular lang:es 00:00:21 00:00:27 tt-369 MM067_1993_CT_SU2012_CL_02 
"<porque>"
	"porque" Conjunction CSUBX lang:es 00:00:21 00:00:27 tt-370 MM067_1993_CT_SU2012_CL_02 @Prag:MarcadoresDisc:Causa 
"<mis>"
	"mío" Pronoun PPO Plural lang:es 00:00:21 00:00:27 tt-371 MM067_1993_CT_SU2012_CL_02 @Gram:Det:Pos 
"<hermanos>"
	"hermano" Noun NC Plural lang:es 00:00:21 00:00:27 tt-372 MM067_1993_CT_SU2012_CL_02 
"<todavía>"
	"todavía" Adverb ADV lang:es 00:00:21 00:00:27 tt-373 MM067_1993_CT_SU2012_CL_02 
"<no>"
	"no" Adverb NEG lang:es 00:00:21 00:00:27 tt-374 MM067_1993_CT_SU2012_CL_02 
"<habían>"
	"haber" Verb VHfin Imp Indi Plural 3rd lang:es 00:00:21 00:00:27 tt-375 MM067_1993_CT_SU2012_CL_02 
"<empezado>"
	"empezar" Verb VLadj lang:es 00:00:21 00:00:27 tt-376 MM067_1993_CT_SU2012_CL_02 
"<la>"
	"el" Determiner ART Singular Fem lang:es 00:00:27 00:00:34 tt-377 MM067_1993_CT_SU2012_CL_02 @Gram:Det:Art 
"<escuela>"
	"escuela" Noun NC Singular lang:es 00:00:27 00:00:34 tt-378 MM067_1993_CT_SU2012_CL_02 
"<y>"
	"y" Conjunction CC lang:es 00:00:27 00:00:34 tt-379 MM067_1993_CT_SU2012_CL_02 
"<estaban>"
	"estar" Verb VEfin Imp Indi Plural 3rd lang:es 00:00:27 00:00:34 tt-380 MM067_1993_CT_SU2012_CL_02 @Gram:Imperf @Gram:SerEstar:Estar 
"<adaptados>"
	"adaptar" Verb VLadj lang:es 00:00:27 00:00:34 tt-381 MM067_1993_CT_SU2012_CL_02 
"<al>"
	"al" Preposition PAL lang:es 00:00:27 00:00:34 tt-382 MM067_1993_CT_SU2012_CL_02 @Gram:Prep 
"<español>"
	"español" Noun NC Singular lang:es 00:00:27 00:00:34 tt-383 MM067_1993_CT_SU2012_CL_02 
"<de>"
	"de" Preposition PREP lang:es 00:00:27 00:00:34 tt-384 MM067_1993_CT_SU2012_CL_02 @Gram:Prep 
"<la>"
	"el" Determiner ART Singular Fem lang:es 00:00:27 00:00:34 tt-385 MM067_1993_CT_SU2012_CL_02 @Gram:Det:Art 
"<casa>"
	"casa" Noun NC Singular lang:es 00:00:27 00:00:34 tt-386 MM067_1993_CT_SU2012_CL_02 
"<y>"
	"y" Conjunction CC lang:es 00:00:27 00:00:34 tt-387 MM067_1993_CT_SU2012_CL_02 
"<yo>"
	"yo" Pronoun PPX Singular lang:es 00:00:27 00:00:34 tt-388 MM067_1993_CT_SU2012_CL_02 @Gram:Pron:Sujeto 
"<también>"
	"también" Adverb ADV lang:es 00:00:27 00:00:34 tt-389 MM067_1993_CT_SU2012_CL_02 @Prag:MarcadoresDisc:Igualdad 
"<,>"
	"," Punctuation CM lang:es 00:00:27 00:00:34 tt-390 MM067_1993_CT_SU2012_CL_02 
"<como>"
	"como" Conjunction CSUBX lang:es 00:00:27 00:00:34 tt-391 MM067_1993_CT_SU2012_CL_02 
"<estaba>"
	"estar" Verb VEfin Imp Indi Sing 1st_or_3rd lang:es 00:00:27 00:00:34 tt-392 MM067_1993_CT_SU2012_CL_02 @Gram:Imperf @Gram:SerEstar:Estar 
"<con>"
	"con" Preposition PREP lang:es 00:00:27 00:00:34 tt-393 MM067_1993_CT_SU2012_CL_02 @Gram:Prep 
"<mis>"
	"mío" Pronoun PPO Plural lang:es 00:00:34 00:00:37 tt-394 MM067_1993_CT_SU2012_CL_02 @Gram:Det:Pos 
"<papás>"
	"papá" Noun NC Plural lang:es 00:00:34 00:00:37 tt-395 MM067_1993_CT_SU2012_CL_02 
"<,>"
	"," Punctuation CM lang:es 00:00:34 00:00:37 tt-396 MM067_1993_CT_SU2012_CL_02 
"<hablaba>"
	"hablar" Verb VLfin Imp Indi Sing 1st_or_3rd lang:es 00:00:34 00:00:37 tt-397 MM067_1993_CT_SU2012_CL_02 @Gram:Imperf 
"<no>"
	"no" Adverb ADV lang:es 00:00:34 00:00:37 tt-398 MM067_1993_CT_SU2012_CL_02 
"<más>"
	"más" Adverb ADV lang:es 00:00:34 00:00:37 tt-399 MM067_1993_CT_SU2012_CL_02 
"<español>"
	"español" Noun NC Singular lang:es 00:00:34 00:00:37 tt-400 MM067_1993_CT_SU2012_CL_02 
"<con>"
	"con" Preposition PREP lang:es 00:00:34 00:00:37 tt-401 MM067_1993_CT_SU2012_CL_02 @Gram:Prep 
"<mis>"
	"mío" Pronoun PPO Plural lang:es 00:00:34 00:00:37 tt-402 MM067_1993_CT_SU2012_CL_02 @Gram:Det:Pos 
"<hermanos>"
	"hermano" Noun NC Plural lang:es 00:00:34 00:00:37 tt-403 MM067_1993_CT_SU2012_CL_02 
"<$.>"
	"." Punctuation FS lang:es 00:00:34 00:00:37 tt-404 MM067_1993_CT_SU2012_CL_02 
</speaker>
<speaker type="int">

"<Bien>"
	"bien" Adverb ADV lang:es 00:00:37 00:00:43 tt-405 MM067_1993_CT_SU2012_CL_02 
"<$.>"
	"." Punctuation FS lang:es 00:00:37 00:00:43 tt-406 MM067_1993_CT_SU2012_CL_02 

"<$¿>"
	"¿" Punctuation FS lang:es 00:00:37 00:00:43 tt-407 MM067_1993_CT_SU2012_CL_02 
"<Y>"
	"y" Conjunction CC lang:es 00:00:37 00:00:43 tt-408 MM067_1993_CT_SU2012_CL_02 
"<de>"
	"de" Preposition PREP lang:es 00:00:37 00:00:43 tt-409 MM067_1993_CT_SU2012_CL_02 @Gram:Prep 
"<dónde>"
	"dónde" Adverb ADV lang:es 00:00:37 00:00:43 tt-410 MM067_1993_CT_SU2012_CL_02 
"<viene>"
	"venir" Verb VLfin Pres Indi Sing 3rd lang:es 00:00:37 00:00:43 tt-411 MM067_1993_CT_SU2012_CL_02 
"<tu>"
	"tú" Pronoun PPX Singular lang:es 00:00:37 00:00:43 tt-412 MM067_1993_CT_SU2012_CL_02 @Gram:Det:Pos 
"<familia>"
	"familia" Noun NC Singular lang:es 00:00:37 00:00:43 tt-413 MM067_1993_CT_SU2012_CL_02 
"<$?>"
	"?" Punctuation FS lang:es 00:00:37 00:00:43 tt-414 MM067_1993_CT_SU2012_CL_02 
</speaker>
<speaker type="subj">

"<Mi>"
	"mío" Pronoun PPO Singular lang:es 00:00:37 00:00:43 tt-415 MM067_1993_CT_SU2012_CL_02 @Gram:Det:Pos 
"<familia>"
	"familia" Noun NC Singular lang:es 00:00:37 00:00:43 tt-416 MM067_1993_CT_SU2012_CL_02 
"<es>"
	"ser" Verb VSfin Pres Indi Sing 3rd lang:es 00:00:37 00:00:43 tt-417 MM067_1993_CT_SU2012_CL_02 @Gram:SerEstar:Ser 
"<de>"
	"de" Preposition PREP lang:es 00:00:37 00:00:43 tt-418 MM067_1993_CT_SU2012_CL_02 @Gram:Prep 
"<origen>"
	"origen" Noun NC Singular lang:es 00:00:37 00:00:43 tt-419 MM067_1993_CT_SU2012_CL_02 
"<mexicano>"
	"mexicano" Adjective ADJ Singular lang:es 00:00:37 00:00:43 tt-420 MM067_1993_CT_SU2012_CL_02 
"<$.>"
	"." Punctuation FS lang:es 00:00:37 00:00:43 tt-421 MM067_1993_CT_SU2012_CL_02 
</speaker>
<speaker type="int">

"<$¿>"
	"¿" Punctuation FS lang:es 00:00:43 00:00:50 tt-422 MM067_1993_CT_SU2012_CL_02 
"<Me>"
	"yo" Pronoun PPX Singular lang:es 00:00:43 00:00:50 tt-423 MM067_1993_CT_SU2012_CL_02 @Gram:Pron:Objeto 
"<puedes>"
	"poder" Verb VLfin Pres Indi Sing 2nd lang:es 00:00:43 00:00:50 tt-424 MM067_1993_CT_SU2012_CL_02 
"<contar>"
	"contar" Verb VLinf Infinitive lang:es 00:00:43 00:00:50 tt-425 MM067_1993_CT_SU2012_CL_02 
"<algunas>"
	"alguno" Determiner QU lang:es 00:00:43 00:00:50 tt-426 MM067_1993_CT_SU2012_CL_02 
"<historias>"
	"historia" Noun NC Plural lang:es 00:00:43 00:00:50 tt-427 MM067_1993_CT_SU2012_CL_02 
"<interesantes>"
	"interesante" Adjective ADJ Plural lang:es 00:00:43 00:00:50 tt-428 MM067_1993_CT_SU2012_CL_02 
"<del>"
	"del" Preposition PDEL lang:es 00:00:43 00:00:50 tt-429 MM067_1993_CT_SU2012_CL_02 @Gram:Prep 
"<área>"
	"área" Noun NC Singular lang:es 00:00:43 00:00:50 tt-430 MM067_1993_CT_SU2012_CL_02 
"<de>"
	"de" Preposition PREP lang:es 00:00:43 00:00:50 tt-431 MM067_1993_CT_SU2012_CL_02 @Gram:Prep 
"<México>"
	"México" Noun NP Singular lang:es 00:00:43 00:00:50 tt-432 MM067_1993_CT_SU2012_CL_02 
"<de>"
	"de" Preposition PREP lang:es 00:00:43 00:00:50 tt-433 MM067_1993_CT_SU2012_CL_02 @Gram:Prep 
"<donde>"
	"donde" Adverb ADV lang:es 00:00:43 00:00:50 tt-434 MM067_1993_CT_SU2012_CL_02 
"<viene>"
	"venir" Verb VLfin Pres Indi Sing 3rd lang:es 00:00:51 00:00:58 tt-435 MM067_1993_CT_SU2012_CL_02 
"<$?>"
	"?" Punctuation FS lang:es 00:00:51 00:00:58 tt-436 MM067_1993_CT_SU2012_CL_02 
</speaker>
<speaker type="subj">

"<Uhm>"
	"UNK" Noun NC Singular lang:es 00:00:51 00:00:58 tt-437 MM067_1993_CT_SU2012_CL_02 
"<,>"
	"," Punctuation CM lang:es 00:00:51 00:00:58 tt-438 MM067_1993_CT_SU2012_CL_02 
"<mi>"
	"mío" Pronoun PPO Singular lang:es 00:00:51 00:00:58 tt-439 MM067_1993_CT_SU2012_CL_02 @Gram:Det:Pos 
"<mamá>"
	"mamá" Noun NC Singular lang:es 00:00:51 00:00:58 tt-440 MM067_1993_CT_SU2012_CL_02 
"<viene>"
	"venir" Verb VLfin Pres Indi Sing 3rd lang:es 00:00:51 00:00:58 tt-441 MM067_1993_CT_SU2012_CL_02 
"<del>"
	"del" Preposition PDEL lang:es 00:00:51 00:00:58 tt-442 MM067_1993_CT_SU2012_CL_02 @Gram:Prep 
"<sur>"
	"sur" Other PE lang:es 00:00:51 00:00:58 tt-443 MM067_1993_CT_SU2012_CL_02 
"<de>"
	"de" Preposition PREP lang:es 00:00:51 00:00:58 tt-444 MM067_1993_CT_SU2012_CL_02 @Gram:Prep 
"<México>"
	"México" Noun NP Singular lang:es 00:00:51 00:00:58 tt-445 MM067_1993_CT_SU2012_CL_02 
"<de>"
	"de" Preposition PREP lang:es 00:00:58 00:01:05 tt-446 MM067_1993_CT_SU2012_CL_02 @Gram:Prep 
"<,>"
	"," Punctuation CM lang:es 00:00:58 00:01:05 tt-447 MM067_1993_CT_SU2012_CL_02 
"<el>"
	"el" Determiner ART Singular Masc lang:es 00:00:58 00:01:05 tt-448 MM067_1993_CT_SU2012_CL_02 @Gram:Det:Art 
"<es>"
	"ser" Verb VSfin Pres Indi Sing 3rd lang:es 00:00:58 00:01:05 tt-449 MM067_1993_CT_SU2012_CL_02 @Gram:SerEstar:Ser 
"<...>"
	"..." Punctuation DOTS lang:es 00:00:58 00:01:05 tt-450 MM067_1993_CT_SU2012_CL_02 
"<creo>"
	"crear|creer" Verb VLfin Pres Indi Sing 1st lang:es 00:00:58 00:01:05 tt-451 MM067_1993_CT_SU2012_CL_02 
"<que>"
	"que" Conjunction CQUE lang:es 00:00:58 00:01:05 tt-452 MM067_1993_CT_SU2012_CL_02 
"<es>"
	"ser" Verb VSfin Pres Indi Sing 3rd lang:es 00:00:58 00:01:05 tt-453 MM067_1993_CT_SU2012_CL_02 @Gram:SerEstar:Ser 
"<el>"
	"el" Determiner ART Singular Masc lang:es 00:00:58 00:01:05 tt-454 MM067_1993_CT_SU2012_CL_02 @Gram:Det:Art 
"<estado>"
	"estado" Noun NC Singular lang:es 00:00:58 00:01:05 tt-455 MM067_1993_CT_SU2012_CL_02 
"<de>"
	"de" Preposition PREP lang:es 00:00:58 00:01:05 tt-456 MM067_1993_CT_SU2012_CL_02 @Gram:Prep 
"<Guerrero>"
	"Guerrero" Noun NP Singular lang:es 00:00:58 00:01:05 tt-457 MM067_1993_CT_SU2012_CL_02 
"<y>"
	"y" Conjunction CC lang:es 00:00:58 00:01:05 tt-458 MM067_1993_CT_SU2012_CL_02 
"<este>"
	"este" Noun NC Singular lang:es 00:00:58 00:01:05 tt-459 MM067_1993_CT_SU2012_CL_02 
"<,>"
	"," Punctuation CM lang:es 00:00:58 00:01:05 tt-460 MM067_1993_CT_SU2012_CL_02 
"<es>"
	"ser" Verb VSfin Pres Indi Sing 3rd lang:es 00:00:58 00:01:05 tt-461 MM067_1993_CT_SU2012_CL_02 @Gram:SerEstar:Ser 
"<un>"
	"un" Determiner ART Singular lang:es 00:00:58 00:01:05 tt-462 MM067_1993_CT_SU2012_CL_02 
"<área>"
	"área" Noun NC Singular lang:es 00:00:58 00:01:05 tt-463 MM067_1993_CT_SU2012_CL_02 
"<muy>"
	"muy" Adverb ADV lang:es 00:00:58 00:01:05 tt-464 MM067_1993_CT_SU2012_CL_02 
"<,>"
	"," Punctuation CM lang:es 00:00:58 00:01:05 tt-465 MM067_1993_CT_SU2012_CL_02 
"<muy>"
	"muy" Adverb ADV lang:es 00:00:58 00:01:05 tt-466 MM067_1993_CT_SU2012_CL_02 
<lang code="en">
"<cultural>"
	"cultural" Adjective JJ lang:en 00:00:58 00:01:05 tt-467 MM067_1993_CT_SU2012_CL_02 
</lang>
"<$.>"
	"." Punctuation FS lang:es 00:00:58 00:01:05 tt-468 MM067_1993_CT_SU2012_CL_02 

"<Este>"
	"este" Determiner DM Singular lang:es 00:00:58 00:01:05 tt-469 MM067_1993_CT_SU2012_CL_02 @Prag:RecuDiscurso:GanarTiempo 
"<,>"
	"," Punctuation CM lang:es 00:00:58 00:01:05 tt-470 MM067_1993_CT_SU2012_CL_02 
"<muy>"
	"muy" Adverb ADV lang:es 00:00:58 00:01:05 tt-471 MM067_1993_CT_SU2012_CL_02 
<lang code="en">
"<ah>"
	"UNK" Noun NN lang:en 00:00:58 00:01:05 tt-472 MM067_1993_CT_SU2012_CL_02 
</lang>
"<...>"
	"..." Punctuation DOTS lang:es 00:00:58 00:01:05 tt-473 MM067_1993_CT_SU2012_CL_02 
"<muy>"
	"muy" Adverb ADV lang:es 00:00:58 00:01:05 tt-474 MM067_1993_CT_SU2012_CL_02 
"<enlazada>"
	"UNK" Verb VLadj lang:es 00:00:58 00:01:05 tt-475 MM067_1993_CT_SU2012_CL_02 
"<a>"
	"a" Preposition PREP lang:es 00:01:12 00:01:19 tt-476 MM067_1993_CT_SU2012_CL_02 @Gram:Prep 
"<su>"
	"suyo" Pronoun PPO Singular lang:es 00:01:12 00:01:19 tt-477 MM067_1993_CT_SU2012_CL_02 @Gram:Det:Pos 
"<,>"
	"," Punctuation CM lang:es 00:01:12 00:01:19 tt-478 MM067_1993_CT_SU2012_CL_02 
"<a>"
	"a" Preposition PREP lang:es 00:01:12 00:01:19 tt-479 MM067_1993_CT_SU2012_CL_02 @Gram:Prep 
"<la>"
	"el" Determiner ART Singular Fem lang:es 00:01:12 00:01:19 tt-480 MM067_1993_CT_SU2012_CL_02 @Gram:Det:Art 
"<cultura>"
	"cultura" Noun NC Singular lang:es 00:01:12 00:01:19 tt-481 MM067_1993_CT_SU2012_CL_02 
"<mexicana>"
	"mexicano" Adjective ADJ Singular lang:es 00:01:12 00:01:19 tt-482 MM067_1993_CT_SU2012_CL_02 
"<,>"
	"," Punctuation CM lang:es 00:01:12 00:01:19 tt-483 MM067_1993_CT_SU2012_CL_02 
"<a>"
	"a" Preposition PREP lang:es 00:01:12 00:01:19 tt-484 MM067_1993_CT_SU2012_CL_02 @Gram:Prep 
"<la>"
	"el" Determiner ART Singular Fem lang:es 00:01:12 00:01:19 tt-485 MM067_1993_CT_SU2012_CL_02 @Gram:Det:Art 
"<cultura>"
	"cultura" Noun NC Singular lang:es 00:01:12 00:01:19 tt-486 MM067_1993_CT_SU2012_CL_02 
"<indígena>"
	"indígena" Adjective ADJ Singular lang:es 00:01:12 00:01:19 tt-487 MM067_1993_CT_SU2012_CL_02 
"<de>"
	"de" Preposition PREP lang:es 00:01:12 00:01:19 tt-488 MM067_1993_CT_SU2012_CL_02 @Gram:Prep 
"<México>"
	"México" Noun NP Singular lang:es 00:01:12 00:01:19 tt-489 MM067_1993_CT_SU2012_CL_02 
"<igualmente>"
	"igualmente" Adverb ADV lang:es 00:01:12 00:01:19 tt-490 MM067_1993_CT_SU2012_CL_02 
"<,>"
	"," Punctuation CM lang:es 00:01:12 00:01:19 tt-491 MM067_1993_CT_SU2012_CL_02 
"<es>"
	"ser" Verb VSfin Pres Indi Sing 3rd lang:es 00:01:12 00:01:19 tt-492 MM067_1993_CT_SU2012_CL_02 @Gram:SerEstar:Ser 
"<,>"
	"," Punctuation CM lang:es 00:01:12 00:01:19 tt-493 MM067_1993_CT_SU2012_CL_02 
"<a>"
	"a" Preposition PREP lang:es 00:01:12 00:01:19 tt-494 MM067_1993_CT_SU2012_CL_02 @Gram:Prep 
"<cambio>"
	"cambio" Noun NC Singular lang:es 00:01:12 00:01:19 tt-495 MM067_1993_CT_SU2012_CL_02 
"<,>"
	"," Punctuation CM lang:es 00:01:12 00:01:19 tt-496 MM067_1993_CT_SU2012_CL_02 
"<mi>"
	"mío" Pronoun PPO Singular lang:es 00:01:26 00:01:33 tt-497 MM067_1993_CT_SU2012_CL_02 @Gram:Det:Pos 
"<papá>"
	"papá" Noun NC Singular lang:es 00:01:26 00:01:33 tt-498 MM067_1993_CT_SU2012_CL_02 
"<es>"
	"ser" Verb VSfin Pres Indi Sing 3rd lang:es 00:01:26 00:01:33 tt-499 MM067_1993_CT_SU2012_CL_02 @Gram:SerEstar:Ser 
"<del>"
	"del" Preposition PDEL lang:es 00:01:26 00:01:33 tt-500 MM067_1993_CT_SU2012_CL_02 @Gram:Prep 
"<norte>"
	"norte" Noun NC Singular lang:es 00:01:26 00:01:33 tt-501 MM067_1993_CT_SU2012_CL_02 
"<de>"
	"de" Preposition PREP lang:es 00:01:26 00:01:33 tt-502 MM067_1993_CT_SU2012_CL_02 @Gram:Prep 
"<México>"
	"México" Noun NP Singular lang:es 00:01:26 00:01:33 tt-503 MM067_1993_CT_SU2012_CL_02 
"<que>"
	"que" Conjunction CQUE lang:es 00:01:26 00:01:33 tt-504 MM067_1993_CT_SU2012_CL_02 
"<es>"
	"ser" Verb VSfin Pres Indi Sing 3rd lang:es 00:01:26 00:01:33 tt-505 MM067_1993_CT_SU2012_CL_02 @Gram:SerEstar:Ser 
"<una>"
	"un" Determiner ART Singular lang:es 00:01:26 00:01:33 tt-506 MM067_1993_CT_SU2012_CL_02 
"<cultura>"
	"cultura" Noun NC Singular lang:es 00:01:26 00:01:33 tt-507 MM067_1993_CT_SU2012_CL_02 
"<que>"
	"que" Conjunction CQUE lang:es 00:01:26 00:01:33 tt-508 MM067_1993_CT_SU2012_CL_02 
"<por>"
	"por" Preposition PREP lang:es 00:01:26 00:01:33 tt-509 MM067_1993_CT_SU2012_CL_02 @Gram:Prep:Por 
"<lo>"
	"el" Determiner ART Singular lang:es 00:01:26 00:01:33 tt-510 MM067_1993_CT_SU2012_CL_02 
"<que>"
	"que" Conjunction CQUE lang:es 00:01:26 00:01:33 tt-511 MM067_1993_CT_SU2012_CL_02 
"<yo>"
	"yo" Pronoun PPX Singular lang:es 00:01:26 00:01:33 tt-512 MM067_1993_CT_SU2012_CL_02 @Gram:Pron:Sujeto 
"<veo>"
	"ver" Verb VLfin Pres Indi Sing 1st lang:es 00:01:26 00:01:33 tt-513 MM067_1993_CT_SU2012_CL_02 
"<de>"
	"de" Preposition PREP lang:es 00:01:26 00:01:33 tt-514 MM067_1993_CT_SU2012_CL_02 @Gram:Prep 
"<más>"
	"más" Adverb ADV lang:es 00:01:26 00:01:33 tt-515 MM067_1993_CT_SU2012_CL_02 
"<,>"
	"," Punctuation CM lang:es 00:01:26 00:01:33 tt-516 MM067_1993_CT_SU2012_CL_02 
"<más>"
	"más" Adverb ADV lang:es 00:01:26 00:01:33 tt-517 MM067_1993_CT_SU2012_CL_02 
"<diferente>"
	"diferente" Adjective ADJ Singular lang:es 00:01:33 00:01:40 tt-518 MM067_1993_CT_SU2012_CL_02 
"<,>"
	"," Punctuation CM lang:es 00:01:33 00:01:40 tt-519 MM067_1993_CT_SU2012_CL_02 
"<no>"
	"no" Adverb NEG lang:es 00:01:33 00:01:40 tt-520 MM067_1993_CT_SU2012_CL_02 
"<está>"
	"estar" Verb VEfin Pres Indi Sing 3rd lang:es 00:01:33 00:01:40 tt-521 MM067_1993_CT_SU2012_CL_02 @Gram:SerEstar:Estar 
"<muy>"
	"muy" Adverb ADV lang:es 00:01:33 00:01:40 tt-522 MM067_1993_CT_SU2012_CL_02 
"<enraizada>"
	"enraizar" Verb VLadj lang:es 00:01:33 00:01:40 tt-523 MM067_1993_CT_SU2012_CL_02 
"<en>"
	"en" Preposition PREP lang:es 00:01:33 00:01:40 tt-524 MM067_1993_CT_SU2012_CL_02 @Gram:Prep 
"<la>"
	"el" Determiner ART Singular Fem lang:es 00:01:33 00:01:40 tt-525 MM067_1993_CT_SU2012_CL_02 @Gram:Det:Art 
"<cultura>"
	"cultura" Noun NC Singular lang:es 00:01:33 00:01:40 tt-526 MM067_1993_CT_SU2012_CL_02 
"<indígena>"
	"indígena" Adjective ADJ Singular lang:es 00:01:33 00:01:40 tt-527 MM067_1993_CT_SU2012_CL_02 
"<de>"
	"de" Preposition PREP lang:es 00:01:33 00:01:40 tt-528 MM067_1993_CT_SU2012_CL_02 @Gram:Prep 
"<México>"
	"México" Noun NP Singular lang:es 00:01:33 00:01:40 tt-529 MM067_1993_CT_SU2012_CL_02 
"<,>"
	"," Punctuation CM lang:es 00:01:33 00:01:40 tt-530 MM067_1993_CT_SU2012_CL_02 
"<sino>"
	"sino" Conjunction CCAD lang:es 00:01:33 00:01:40 tt-531 MM067_1993_CT_SU2012_CL_02 
"<en>"
	"en" Preposition PREP lang:es 00:01:33 00:01:40 tt-532 MM067_1993_CT_SU2012_CL_02 @Gram:Prep 
"<una>"
	"un" Determiner ART Singular lang:es 00:01:33 00:01:40 tt-533 MM067_1993_CT_SU2012_CL_02 
"<cultura>"
	"cultura" Noun NC Singular lang:es 00:01:33 00:01:40 tt-534 MM067_1993_CT_SU2012_CL_02 
"<únicamente>"
	"únicamente" Adverb ADV lang:es 00:01:33 00:01:40 tt-535 MM067_1993_CT_SU2012_CL_02 
"<mexicana>"
	"mexicano" Adjective ADJ Singular lang:es 00:01:41 00:01:48 tt-536 MM067_1993_CT_SU2012_CL_02 
"<de>"
	"de" Preposition PREP lang:es 00:01:41 00:01:48 tt-537 MM067_1993_CT_SU2012_CL_02 @Gram:Prep 
"<los>"
	"el" Determiner ART Plural Masc lang:es 00:01:41 00:01:48 tt-538 MM067_1993_CT_SU2012_CL_02 @Gram:Det:Art 
"<rancheros>"
	"UNK" Noun NC Plural lang:es 00:01:41 00:01:48 tt-539 MM067_1993_CT_SU2012_CL_02 
"<,>"
	"," Punctuation CM lang:es 00:01:41 00:01:48 tt-540 MM067_1993_CT_SU2012_CL_02 
"<de>"
	"de" Preposition PREP lang:es 00:01:41 00:01:48 tt-541 MM067_1993_CT_SU2012_CL_02 @Gram:Prep 
"<los>"
	"el" Determiner ART Plural Masc lang:es 00:01:41 00:01:48 tt-542 MM067_1993_CT_SU2012_CL_02 @Gram:Det:Art 
"<granjeros>"
	"granjero" Noun NC Plural lang:es 00:01:41 00:01:48 tt-543 MM067_1993_CT_SU2012_CL_02 
"<,>"
	"," Punctuation CM lang:es 00:01:41 00:01:48 tt-544 MM067_1993_CT_SU2012_CL_02 
"<de>"
	"de" Preposition PREP lang:es 00:01:41 00:01:48 tt-545 MM067_1993_CT_SU2012_CL_02 @Gram:Prep 
"<los>"
	"el" Determiner ART Plural Masc lang:es 00:01:41 00:01:48 tt-546 MM067_1993_CT_SU2012_CL_02 @Gram:Det:Art 
"<que>"
	"que" Conjunction CQUE lang:es 00:01:41 00:01:48 tt-547 MM067_1993_CT_SU2012_CL_02 
"<crecen>"
	"crecer" Verb VLfin Pres Indi Plural 3rd lang:es 00:01:41 00:01:48 tt-548 MM067_1993_CT_SU2012_CL_02 
"<,>"
	"," Punctuation CM lang:es 00:01:41 00:01:48 tt-549 MM067_1993_CT_SU2012_CL_02 
"<los>"
	"el" Determiner ART Plural Masc lang:es 00:01:41 00:01:48 tt-550 MM067_1993_CT_SU2012_CL_02 @Gram:Det:Art 
"<trabajadores>"
	"trabajador" Noun NC Plural lang:es 00:01:41 00:01:48 tt-551 MM067_1993_CT_SU2012_CL_02 
"<,>"
	"," Punctuation CM lang:es 00:01:41 00:01:48 tt-552 MM067_1993_CT_SU2012_CL_02 
"<o>"
	"o" Adverb ADV lang:es 00:01:41 00:01:48 tt-553 MM067_1993_CT_SU2012_CL_02 ID:255 R:Prag:MarcadoresDisc:Igualdad:256 
"<sea>"
	"sea" Adverb ADV lang:es 00:01:41 00:01:48 tt-554 MM067_1993_CT_SU2012_CL_02 ID:256 
"<es>"
	"ser" Verb VSfin Pres Indi Sing 3rd lang:es 00:01:41 00:01:48 tt-555 MM067_1993_CT_SU2012_CL_02 @Gram:SerEstar:Ser 
"<una>"
	"un" Determiner ART Singular lang:es 00:01:41 00:01:48 tt-556 MM067_1993_CT_SU2012_CL_02 
"<...>"
	"..." Punctuation DOTS lang:es 00:01:41 00:01:48 tt-557 MM067_1993_CT_SU2012_CL_02 
"<completamente>"
	"completamente" Adverb ADV lang:es 00:01:51 00:01:56 tt-558 MM067_1993_CT_SU2012_CL_02 
"<diferente>"
	"diferente" Adjective ADJ Singular lang:es 00:01:51 00:01:56 tt-559 MM067_1993_CT_SU2012_CL_02 
"<$.>"
	"." Punctuation FS lang:es 00:01:51 00:01:56 tt-560 MM067_1993_CT_SU2012_CL_02 
</speaker>
<speaker type="int">

"<Bien>"
	"bien" Adverb ADV lang:es 00:01:51 00:01:56 tt-561 MM067_1993_CT_SU2012_CL_02 
"<,>"
	"," Punctuation CM lang:es 00:01:51 00:01:56 tt-562 MM067_1993_CT_SU2012_CL_02 
"<y>"
	"y" Other ALFS lang:es 00:01:51 00:01:56 tt-563 MM067_1993_CT_SU2012_CL_02 
"<$¿>"
	"¿" Punctuation FS lang:es 00:01:51 00:01:56 tt-564 MM067_1993_CT_SU2012_CL_02 
"<qué>"
	"qué" Pronoun INT Singular lang:es 00:01:51 00:01:56 tt-565 MM067_1993_CT_SU2012_CL_02 
"<tipo>"
	"tipo" Noun NC Singular lang:es 00:01:51 00:01:56 tt-566 MM067_1993_CT_SU2012_CL_02 
"<de>"
	"de" Preposition PREP lang:es 00:01:51 00:01:56 tt-567 MM067_1993_CT_SU2012_CL_02 @Gram:Prep 
"<trabajo>"
	"trabajo" Noun NC Singular lang:es 00:01:51 00:01:56 tt-568 MM067_1993_CT_SU2012_CL_02 
"<hacían>"
	"hacer" Verb VLfin Imp Indi Plural 3rd lang:es 00:01:51 00:01:56 tt-569 MM067_1993_CT_SU2012_CL_02 @Gram:Imperf 
</speaker>
</text>

