<text id="MM069_1960_CT_SU2012_CL_07">
<speaker type="int">
"<$¿>"
	"¿" Punctuation FS lang:es 00:00:00 00:00:06 tt-4663 MM069_1960_CT_SU2012_CL_07 
"<Y>"
	"y" Conjunciton CC lang:es 00:00:00 00:00:06 tt-4664 MM069_1960_CT_SU2012_CL_07 SUBSTITUTE:385 SUBSTITUTE:386 
"<...>"
	"..." Punctuation DOTS lang:es 00:00:00 00:00:06 tt-4665 MM069_1960_CT_SU2012_CL_07 
"<y>"
	"y" Conjunciton CC lang:es 00:00:00 00:00:06 tt-4666 MM069_1960_CT_SU2012_CL_07 SUBSTITUTE:385 SUBSTITUTE:386 
"<fue>"
	"ser" Verb VSfin Pret Indi Sing 3rd lang:es 00:00:00 00:00:06 tt-4667 MM069_1960_CT_SU2012_CL_07 @Gram:Indefinido @Gram:SerEstar:Ser ADD:688 ADD:803 
"<difícil>"
	"difícil" Adjective ADJ Singular lang:es 00:00:00 00:00:06 tt-4668 MM069_1960_CT_SU2012_CL_07 
"<para>"
	"para" Preposition PREP lang:es 00:00:00 00:00:06 tt-4669 MM069_1960_CT_SU2012_CL_07 @Gram:Prep:Para SUBSTITUTE:336 ADD:565 
"<usted>"
	"usted" Pronoun PPX Singular lang:es 00:00:00 00:00:06 tt-4670 MM069_1960_CT_SU2012_CL_07 @Gram:Pron:Sujeto ADD:624 
"<enseñarle>"
	"enseñar" Verb VLinf Pres Subj Sing 1st_or_3rd lang:es 00:00:00 00:00:06 tt-4671 MM069_1960_CT_SU2012_CL_07 @Gram:MSub:Pres ADD:772 
"<a>"
	"a" Preposition PREP lang:es 00:00:00 00:00:06 tt-4672 MM069_1960_CT_SU2012_CL_07 @Gram:Prep SUBSTITUTE:389 ADD:614 
"<sus>"
	"suyo" Pronoun PPO Plural lang:es 00:00:00 00:00:06 tt-4673 MM069_1960_CT_SU2012_CL_07 @Gram:Det:Pos ADD:447 
"<hijos>"
	"hijo" Noun NC Plural lang:es 00:00:00 00:00:06 tt-4674 MM069_1960_CT_SU2012_CL_07 
"<español>"
	"español" Adjective ADJ Singular lang:es 00:00:00 00:00:06 tt-4675 MM069_1960_CT_SU2012_CL_07 
"<ya>"
	"ya" Conjunction CSUBF lang:es 00:00:00 00:00:06 tt-4676 MM069_1960_CT_SU2012_CL_07 
"<que>"
	"que" Conjunction CSUBF lang:es 00:00:00 00:00:06 tt-4677 MM069_1960_CT_SU2012_CL_07 
"<ellos>"
	"él" Pronoun PPX Plural lang:es 00:00:00 00:00:06 tt-4678 MM069_1960_CT_SU2012_CL_07 @Gram:Pron:Sujeto ADD:624 
"<nacieron>"
	"nacer" Verb VLfin Pret Indi Plural 3rd lang:es 00:00:00 00:00:06 tt-4679 MM069_1960_CT_SU2012_CL_07 @Gram:Indefinido ADD:688 
"<acá>"
	"acá" Adverb ADV lang:es 00:00:06 00:00:06 tt-4680 MM069_1960_CT_SU2012_CL_07 
"<$?>"
	"?" Punctuation FS lang:es 00:00:06 00:00:06 tt-4681 MM069_1960_CT_SU2012_CL_07 

"<Ellos>"
	"él" Pronoun PPX Plural lang:es 00:00:06 00:00:11 tt-4682 MM069_1960_CT_SU2012_CL_07 @Gram:Pron:Sujeto ADD:624 
"<saben>"
	"saber" Verb VLfin Pres Indi Plural 3rd lang:es 00:00:06 00:00:11 tt-4683 MM069_1960_CT_SU2012_CL_07 
"<español>"
	"español" Noun NC Singular lang:es 00:00:06 00:00:11 tt-4684 MM069_1960_CT_SU2012_CL_07 
"<pero>"
	"pero" Conjunction CCAD lang:es 00:00:06 00:00:11 tt-4685 MM069_1960_CT_SU2012_CL_07 @Prag:MarcadoresDisc:Revision SUBSTITUTE:265 ADD:1032 
"<lo>"
	"él" Pronoun PPC Singular lang:es 00:00:06 00:00:11 tt-4686 MM069_1960_CT_SU2012_CL_07 @Gram:Pron:Objeto ADD:654 
"<hablan>"
	"hablar" Verb VLfin Pres Indi Plural 3rd lang:es 00:00:06 00:00:11 tt-4687 MM069_1960_CT_SU2012_CL_07 
"<un>"
	"un" Determiner ART Singular lang:es 00:00:06 00:00:11 tt-4688 MM069_1960_CT_SU2012_CL_07 ID:26 R:Gram:Det:DetCombi:27 ADDRELATION(Gram:Det:DetCombi):481 
"<poquito>"
	"poco" Masc Adjective ADJ Singular lang:es 00:00:06 00:00:11 tt-4689 MM069_1960_CT_SU2012_CL_07 ID:27 SUBSTITUTE:379 
"<mocho>"
	"UNK" Noun NC Singular lang:es 00:00:06 00:00:11 tt-4690 MM069_1960_CT_SU2012_CL_07 
"<porque>"
	"porque" Conjunction CSUBX lang:es 00:00:06 00:00:11 tt-4691 MM069_1960_CT_SU2012_CL_07 @Prag:MarcadoresDisc:Causa ADD:1085 
"<se>"
	"se" Other SE lang:es 00:00:06 00:00:11 tt-4692 MM069_1960_CT_SU2012_CL_07 
"<acostumbraron>"
	"UNK" Verb VLfin Pret Indi Plural 3rd lang:es 00:00:06 00:00:11 tt-4693 MM069_1960_CT_SU2012_CL_07 @Gram:Indefinido ADD:688 
"<más>"
	"más" Adverb ADV lang:es 00:00:06 00:00:11 tt-4694 MM069_1960_CT_SU2012_CL_07 
"<por>"
	"por" Preposition PREP lang:es 00:00:11 00:00:16 tt-4695 MM069_1960_CT_SU2012_CL_07 @Gram:Prep:Por SUBSTITUTE:262 ADD:608 
"<...>"
	"..." Punctuation DOTS lang:es 00:00:11 00:00:16 tt-4696 MM069_1960_CT_SU2012_CL_07 
"<por>"
	"por" Preposition PREP lang:es 00:00:11 00:00:16 tt-4697 MM069_1960_CT_SU2012_CL_07 @Gram:Prep:Por SUBSTITUTE:262 ADD:608 
"<el>"
	"el" Determiner ART Singular Masc lang:es 00:00:11 00:00:16 tt-4698 MM069_1960_CT_SU2012_CL_07 @Gram:Det:Art ADD:416 
"<inglés>"
	"inglés" Noun NC Plural lang:es 00:00:11 00:00:16 tt-4699 MM069_1960_CT_SU2012_CL_07 
"<$.>"
	"." Punctuation FS lang:es 00:00:11 00:00:16 tt-4700 MM069_1960_CT_SU2012_CL_07 

"<Aprendieron>"
	"aprender" Verb VLfin Pret Indi Plural 3rd lang:es 00:00:11 00:00:16 tt-4701 MM069_1960_CT_SU2012_CL_07 @Gram:Indefinido ADD:688 
"<más>"
	"más" Adverb ADV lang:es 00:00:11 00:00:16 tt-4702 MM069_1960_CT_SU2012_CL_07 
"<el>"
	"el" Determiner ART Singular Masc lang:es 00:00:11 00:00:16 tt-4703 MM069_1960_CT_SU2012_CL_07 @Gram:Det:Art ADD:416 
"<inglés>"
	"inglés" Noun NC Plural lang:es 00:00:11 00:00:16 tt-4704 MM069_1960_CT_SU2012_CL_07 
"<que>"
	"que" Conjunction CQUE lang:es 00:00:11 00:00:16 tt-4705 MM069_1960_CT_SU2012_CL_07 
"<el>"
	"el" Determiner ART Singular Masc lang:es 00:00:11 00:00:16 tt-4706 MM069_1960_CT_SU2012_CL_07 @Gram:Det:Art ADD:416 
"<español>"
	"español" Noun NC Singular lang:es 00:00:11 00:00:16 tt-4707 MM069_1960_CT_SU2012_CL_07 
"<$.>"
	"." Punctuation FS lang:es 00:00:11 00:00:16 tt-4708 MM069_1960_CT_SU2012_CL_07 

"<Lo>"
	"el" Determiner ART Singular lang:es 00:00:11 00:00:16 tt-4709 MM069_1960_CT_SU2012_CL_07 @Gram:Pron:Objeto ADD:642 
"<entienden>"
	"entender" Verb VLfin Pres Indi Plural 3rd lang:es 00:00:11 00:00:16 tt-4710 MM069_1960_CT_SU2012_CL_07 
"<el>"
	"el" Determiner ART Singular Masc lang:es 00:00:11 00:00:16 tt-4711 MM069_1960_CT_SU2012_CL_07 @Gram:Det:Art ADD:416 
"<español>"
	"español" Noun NC Singular lang:es 00:00:11 00:00:16 tt-4712 MM069_1960_CT_SU2012_CL_07 
"<y>"
	"y" Conjunciton Conjunction CC lang:es 00:00:16 00:00:19 tt-4713 MM069_1960_CT_SU2012_CL_07 SUBSTITUTE:385 
"<lo>"
	"él" Pronoun PPC Singular lang:es 00:00:16 00:00:19 tt-4714 MM069_1960_CT_SU2012_CL_07 @Gram:Pron:Objeto ADD:654 
"<hablan>"
	"hablar" Verb VLfin Pres Indi Plural 3rd lang:es 00:00:16 00:00:19 tt-4715 MM069_1960_CT_SU2012_CL_07 
"<aunque>"
	"aunque" Conjunction CSUBX lang:es 00:00:16 00:00:19 tt-4716 MM069_1960_CT_SU2012_CL_07 @Prag:MarcadoresDisc:Revision ADD:1032 
"<un>"
	"un" Determiner ART Singular lang:es 00:00:16 00:00:19 tt-4717 MM069_1960_CT_SU2012_CL_07 ID:55 R:Gram:Det:DetCombi:56 ADDRELATION(Gram:Det:DetCombi):481 
"<poquito>"
	"poco" Adjective ADJ Masc Singular lang:es 00:00:16 00:00:19 tt-4718 MM069_1960_CT_SU2012_CL_07 ID:56 SUBSTITUTE:379 
"<quebrado>"
	"quebrar" Verb VLadj lang:es 00:00:16 00:00:19 tt-4719 MM069_1960_CT_SU2012_CL_07 
"<,>"
	"," Punctuation CM lang:es 00:00:16 00:00:19 tt-4720 MM069_1960_CT_SU2012_CL_07 
"<un>"
	"un" Determiner ART Singular lang:es 00:00:16 00:00:19 tt-4721 MM069_1960_CT_SU2012_CL_07 ID:59 R:Gram:Det:DetCombi:60 ADDRELATION(Gram:Det:DetCombi):481 
"<poquito>"
	"poco" Masc Adjective ADJ Singular lang:es 00:00:16 00:00:19 tt-4722 MM069_1960_CT_SU2012_CL_07 ID:60 SUBSTITUTE:379 
"<mocho>"
	"UNK" Noun NC Singular lang:es 00:00:16 00:00:19 tt-4723 MM069_1960_CT_SU2012_CL_07 
"<$.>"
	"." Punctuation FS lang:es 00:00:16 00:00:19 tt-4724 MM069_1960_CT_SU2012_CL_07 

"<$¿>"
	"¿" Punctuation FS lang:es 00:00:19 00:00:24 tt-4725 MM069_1960_CT_SU2012_CL_07 
"<Y>"
	"y" Conjunciton Conjunction CC lang:es 00:00:19 00:00:24 tt-4726 MM069_1960_CT_SU2012_CL_07 SUBSTITUTE:385 
"<las>"
	"el" Determiner ART Plural Fem lang:es 00:00:19 00:00:24 tt-4727 MM069_1960_CT_SU2012_CL_07 @Gram:Det:Art ADD:416 
"<tradiciones>"
	"tradición" Noun NC Plural lang:es 00:00:19 00:00:24 tt-4728 MM069_1960_CT_SU2012_CL_07 
"<culturales>"
	"cultural" Adjective ADJ Plural lang:es 00:00:19 00:00:24 tt-4729 MM069_1960_CT_SU2012_CL_07 
"<ellos>"
	"él" Pronoun PPX Plural lang:es 00:00:19 00:00:24 tt-4730 MM069_1960_CT_SU2012_CL_07 @Gram:Pron:Sujeto ADD:624 
"<también>"
	"también" Adverb ADV lang:es 00:00:19 00:00:24 tt-4731 MM069_1960_CT_SU2012_CL_07 @Prag:MarcadoresDisc:Igualdad ADD:1116 
"<celebran>"
	"celebrar" Verb VLfin Pres Indi Plural 3rd lang:es 00:00:19 00:00:24 tt-4732 MM069_1960_CT_SU2012_CL_07 
"<,>"
	"," Punctuation CM lang:es 00:00:19 00:00:24 tt-4733 MM069_1960_CT_SU2012_CL_07 
"<pues>"
	"pues" Conjunction CSUBF lang:es 00:00:19 00:00:24 tt-4734 MM069_1960_CT_SU2012_CL_07 
"<,>"
	"," Punctuation CM lang:es 00:00:19 00:00:24 tt-4735 MM069_1960_CT_SU2012_CL_07 
"<el>"
	"el" Determiner ART Singular Masc lang:es 00:00:19 00:00:24 tt-4736 MM069_1960_CT_SU2012_CL_07 @Gram:Det:Art ADD:416 
"<cinco>"
	"cinco" Determiner CARD Singular lang:es 00:00:19 00:00:24 tt-4737 MM069_1960_CT_SU2012_CL_07 
"<de>"
	"de" Preposition PREP lang:es 00:00:19 00:00:24 tt-4738 MM069_1960_CT_SU2012_CL_07 @Gram:Prep ADD:614 
"<mayo>"
	"mayo" Noun NC Singular lang:es 00:00:19 00:00:24 tt-4739 MM069_1960_CT_SU2012_CL_07 
"<y>"
	"y" Conjunciton Conjunction CC lang:es 00:00:19 00:00:24 tt-4740 MM069_1960_CT_SU2012_CL_07 SUBSTITUTE:385 
"<todo>"
	"todo" Determiner QU lang:es 00:00:19 00:00:24 tt-4741 MM069_1960_CT_SU2012_CL_07 ID:79 R:Gram:Det:DetCombi:80 ADDRELATION(Gram:Det:DetCombi):489 
"<lo>"
	"el" Determiner ART Singular lang:es 00:00:24 00:00:24 tt-4742 MM069_1960_CT_SU2012_CL_07 ID:80 
"<...>"
	"..." Punctuation DOTS lang:es 00:00:24 00:00:24 tt-4743 MM069_1960_CT_SU2012_CL_07 
"<$?>"
	"?" Punctuation FS lang:es 00:00:24 00:00:24 tt-4744 MM069_1960_CT_SU2012_CL_07 

"<No>"
	"no" Other PE lang:es 00:00:24 00:00:24 tt-4745 MM069_1960_CT_SU2012_CL_07 
"<...>"
	"..." Punctuation DOTS lang:es 00:00:24 00:00:24 tt-4746 MM069_1960_CT_SU2012_CL_07 
"<$¿>"
	"¿" Punctuation FS lang:es 00:00:24 00:00:25 tt-4747 MM069_1960_CT_SU2012_CL_07 
"<...>"
	"..." Punctuation DOTS lang:es 00:00:24 00:00:25 tt-4748 MM069_1960_CT_SU2012_CL_07 
"<Que>"
	"que" Conjunction CQUE lang:es 00:00:24 00:00:25 tt-4749 MM069_1960_CT_SU2012_CL_07 
"<usted>"
	"usted" Pronoun PPX Singular lang:es 00:00:24 00:00:25 tt-4750 MM069_1960_CT_SU2012_CL_07 @Gram:Pron:Sujeto ADD:624 
"<celebraba>"
	"celebrar" Verb VLfin Imp Indi Sing 1st_or_3rd lang:es 00:00:24 00:00:25 tt-4751 MM069_1960_CT_SU2012_CL_07 @Gram:Imperf ADD:679 
"<$?>"
	"?" Punctuation FS lang:es 00:00:24 00:00:25 tt-4752 MM069_1960_CT_SU2012_CL_07 

"<...>"
	"..." Punctuation DOTS lang:es 00:00:25 00:00:30 tt-4753 MM069_1960_CT_SU2012_CL_07 
"<Ellos>"
	"UNK" Noun NC Plural lang:es 00:00:25 00:00:30 tt-4754 MM069_1960_CT_SU2012_CL_07 @Gram:Pron:Sujeto ADD:624 
"<se>"
	"se" Other SE lang:es 00:00:25 00:00:30 tt-4755 MM069_1960_CT_SU2012_CL_07 
"<adaptaron>"
	"adaptar" Verb VLfin Pret Indi Plural 3rd lang:es 00:00:25 00:00:30 tt-4756 MM069_1960_CT_SU2012_CL_07 @Gram:Indefinido ADD:688 
"<más>"
	"más" Adverb ADV lang:es 00:00:25 00:00:30 tt-4757 MM069_1960_CT_SU2012_CL_07 
"<a>"
	"a" Preposition PREP lang:es 00:00:25 00:00:30 tt-4758 MM069_1960_CT_SU2012_CL_07 @Gram:Prep SUBSTITUTE:389 ADD:614 
"<las>"
	"el" Determiner ART Plural Fem lang:es 00:00:25 00:00:30 tt-4759 MM069_1960_CT_SU2012_CL_07 @Gram:Det:Art ADD:416 
"<costumbres>"
	"costumbre" Noun NC Plural lang:es 00:00:25 00:00:30 tt-4760 MM069_1960_CT_SU2012_CL_07 
"<de>"
	"de" Preposition PREP lang:es 00:00:25 00:00:30 tt-4761 MM069_1960_CT_SU2012_CL_07 @Gram:Prep ADD:614 
"<Estado>"
	"estado" Noun NC Singular lang:es 00:00:25 00:00:30 tt-4762 MM069_1960_CT_SU2012_CL_07 
"<Unidos>"
	"Unidos" Noun NP Plural lang:es 00:00:25 00:00:30 tt-4763 MM069_1960_CT_SU2012_CL_07 
"<$.>"
	"." Punctuation FS lang:es 00:00:25 00:00:30 tt-4764 MM069_1960_CT_SU2012_CL_07 

"<Se>"
	"se" Other SE lang:es 00:00:25 00:00:30 tt-4765 MM069_1960_CT_SU2012_CL_07 
"<acostumbraron>"
	"UNK" Verb VLfin Pret Indi Plural 3rd lang:es 00:00:25 00:00:30 tt-4766 MM069_1960_CT_SU2012_CL_07 @Gram:Indefinido ADD:688 
"<más>"
	"más" Adverb ADV lang:es 00:00:25 00:00:30 tt-4767 MM069_1960_CT_SU2012_CL_07 
"<$.>"
	"." Punctuation FS lang:es 00:00:25 00:00:30 tt-4768 MM069_1960_CT_SU2012_CL_07 
<lang code="en">

"<Okay>"
	"okay" Adjective JJ lang:en 00:00:30 00:00:30 tt-4769 MM069_1960_CT_SU2012_CL_07 
</lang>
"<$.>"
	"." Punctuation FS lang:es 00:00:30 00:00:30 tt-4770 MM069_1960_CT_SU2012_CL_07 
</speaker>
<speaker type="subj">

"<Pero>"
	"pero" Conjunction CCAD lang:es 00:00:30 00:00:34 tt-4771 MM069_1960_CT_SU2012_CL_07 @Prag:MarcadoresDisc:Revision SUBSTITUTE:265 ADD:1032 
"<siempre>"
	"siempre" Adverb ADV lang:es 00:00:30 00:00:34 tt-4772 MM069_1960_CT_SU2012_CL_07 
"<la>"
	"él" Pronoun PPC Singular lang:es 00:00:30 00:00:34 tt-4773 MM069_1960_CT_SU2012_CL_07 @Gram:Pron:Objeto ADD:654 
"<...>"
	"..." Punctuation DOTS lang:es 00:00:30 00:00:34 tt-4774 MM069_1960_CT_SU2012_CL_07 
"<la>"
	"él" Pronoun PPC Singular lang:es 00:00:30 00:00:34 tt-4775 MM069_1960_CT_SU2012_CL_07 @Gram:Pron:Objeto ADD:654 
"<comida>"
	"comida" Noun NC Singular lang:es 00:00:30 00:00:34 tt-4776 MM069_1960_CT_SU2012_CL_07 
"<mexicana>"
	"mexicano" Adjective ADJ Singular lang:es 00:00:30 00:00:34 tt-4777 MM069_1960_CT_SU2012_CL_07 
"<ellos>"
	"él" Pronoun PPX Plural lang:es 00:00:30 00:00:34 tt-4778 MM069_1960_CT_SU2012_CL_07 @Gram:Pron:Sujeto ADD:624 
"<lo>"
	"él" Pronoun PPC Singular lang:es 00:00:30 00:00:34 tt-4779 MM069_1960_CT_SU2012_CL_07 @Gram:Pron:Objeto ADD:654 
"<prefieren>"
	"preferir" Verb VLfin Pres Indi Plural 3rd lang:es 00:00:30 00:00:34 tt-4780 MM069_1960_CT_SU2012_CL_07 
"<más>"
	"más" Adverb ADV lang:es 00:00:30 00:00:34 tt-4781 MM069_1960_CT_SU2012_CL_07 
"<que>"
	"que" Conjunction CQUE lang:es 00:00:30 00:00:34 tt-4782 MM069_1960_CT_SU2012_CL_07 
"<...>"
	"..." Punctuation DOTS lang:es 00:00:30 00:00:34 tt-4783 MM069_1960_CT_SU2012_CL_07 
"<que>"
	"que" Conjunction CQUE lang:es 00:00:30 00:00:34 tt-4784 MM069_1960_CT_SU2012_CL_07 
"<...>"
	"..." Punctuation DOTS lang:es 00:00:30 00:00:34 tt-4785 MM069_1960_CT_SU2012_CL_07 
"<que>"
	"que" Conjunction CQUE lang:es 00:00:30 00:00:34 tt-4786 MM069_1960_CT_SU2012_CL_07 
"<ninguna>"
	"ninguno" Determiner QU lang:es 00:00:34 00:00:35 tt-4787 MM069_1960_CT_SU2012_CL_07 @Gram:Det:CuantIndef ADD:463 
"<otra>"
	"otro" Determiner QU lang:es 00:00:34 00:00:35 tt-4788 MM069_1960_CT_SU2012_CL_07 
"<cosa>"
	"cosa" Noun NC Singular lang:es 00:00:34 00:00:35 tt-4789 MM069_1960_CT_SU2012_CL_07 
"<$.>"
	"." Punctuation FS lang:es 00:00:34 00:00:35 tt-4790 MM069_1960_CT_SU2012_CL_07 
</speaker>
<speaker type="int">

"<$¿>"
	"¿" Punctuation FS lang:es 00:00:35 00:00:41 tt-4791 MM069_1960_CT_SU2012_CL_07 
"<Y>"
	"y" Conjunciton Conjunction CC lang:es 00:00:35 00:00:41 tt-4792 MM069_1960_CT_SU2012_CL_07 SUBSTITUTE:385 
"<qué>"
	"qué" Pronoun INT Singular lang:es 00:00:35 00:00:41 tt-4793 MM069_1960_CT_SU2012_CL_07 
"<...>"
	"..." Punctuation DOTS lang:es 00:00:35 00:00:41 tt-4794 MM069_1960_CT_SU2012_CL_07 
"<y>"
	"y" Conjunciton Conjunction CC lang:es 00:00:35 00:00:41 tt-4795 MM069_1960_CT_SU2012_CL_07 SUBSTITUTE:385 
"<qué>"
	"qué" Pronoun INT Singular lang:es 00:00:35 00:00:41 tt-4796 MM069_1960_CT_SU2012_CL_07 
"<tradiciones>"
	"tradición" Noun NC Plural lang:es 00:00:35 00:00:41 tt-4797 MM069_1960_CT_SU2012_CL_07 
"<culturales>"
	"cultural" Adjective ADJ Plural lang:es 00:00:35 00:00:41 tt-4798 MM069_1960_CT_SU2012_CL_07 
"<acá>"
	"acá" Adverb ADV lang:es 00:00:35 00:00:41 tt-4799 MM069_1960_CT_SU2012_CL_07 
"<americanas>"
	"americano" Adjective ADJ Plural lang:es 00:00:35 00:00:41 tt-4800 MM069_1960_CT_SU2012_CL_07 
"<ellos>"
	"él" Pronoun PPX Plural lang:es 00:00:35 00:00:41 tt-4801 MM069_1960_CT_SU2012_CL_07 @Gram:Pron:Sujeto ADD:624 
"<celebran>"
	"celebrar" Verb VLfin Pres Indi Plural 3rd lang:es 00:00:35 00:00:41 tt-4802 MM069_1960_CT_SU2012_CL_07 
"<,>"
	"," Punctuation CM lang:es 00:00:35 00:00:41 tt-4803 MM069_1960_CT_SU2012_CL_07 
"<pues>"
	"pues" Conjunction CSUBF lang:es 00:00:35 00:00:41 tt-4804 MM069_1960_CT_SU2012_CL_07 
"<,>"
	"," Punctuation CM lang:es 00:00:35 00:00:41 tt-4805 MM069_1960_CT_SU2012_CL_07 
"<más>"
	"más" Adverb ADV lang:es 00:00:35 00:00:41 tt-4806 MM069_1960_CT_SU2012_CL_07 
"<seguido>"
	"seguir" Verb VLadj lang:es 00:00:41 00:00:41 tt-4807 MM069_1960_CT_SU2012_CL_07 
"<$?>"
	"?" Punctuation FS lang:es 00:00:41 00:00:41 tt-4808 MM069_1960_CT_SU2012_CL_07 

"<Bueno>"
	"bueno" Adjective ADJ Singular lang:es 00:00:41 00:00:48 tt-4809 MM069_1960_CT_SU2012_CL_07 
"<,>"
	"," Punctuation CM lang:es 00:00:41 00:00:48 tt-4810 MM069_1960_CT_SU2012_CL_07 
"<yo>"
	"yo" Pronoun PPX Singular lang:es 00:00:41 00:00:48 tt-4811 MM069_1960_CT_SU2012_CL_07 @Gram:Pron:Sujeto ADD:624 
"<creo>"
	"crear|creer" Verb VLfin Pres Indi Sing 1st lang:es 00:00:41 00:00:48 tt-4812 MM069_1960_CT_SU2012_CL_07 
"<que>"
	"que" Conjunction CQUE lang:es 00:00:41 00:00:48 tt-4813 MM069_1960_CT_SU2012_CL_07 
"<el>"
	"el" Determiner ART Singular Masc lang:es 00:00:41 00:00:48 tt-4814 MM069_1960_CT_SU2012_CL_07 @Gram:Det:Art ADD:416 
"<...>"
	"..." Punctuation DOTS lang:es 00:00:41 00:00:48 tt-4815 MM069_1960_CT_SU2012_CL_07 
"<el>"
	"el" Determiner ART Singular Masc lang:es 00:00:41 00:00:48 tt-4816 MM069_1960_CT_SU2012_CL_07 @Gram:Det:Art ID:154 R:Gram:Genero:ExcepMasc:155 ADD:416 ADDRELATION(Gram:Genero:ExcepMasc):512 
"<día>"
	"día" Noun NC Singular lang:es 00:00:41 00:00:48 tt-4817 MM069_1960_CT_SU2012_CL_07 ID:155 
"<de>"
	"de" Preposition PREP lang:es 00:00:41 00:00:48 tt-4818 MM069_1960_CT_SU2012_CL_07 @Gram:Prep ADD:614 
"<independencia>"
	"independencia" Noun NC Singular lang:es 00:00:41 00:00:48 tt-4819 MM069_1960_CT_SU2012_CL_07 
"<por>"
	"por" Preposition PREP lang:es 00:00:41 00:00:48 tt-4820 MM069_1960_CT_SU2012_CL_07 @Gram:Prep:Por SUBSTITUTE:262 ADD:608 
"<lo>"
	"el" Determiner ART Singular lang:es 00:00:41 00:00:48 tt-4821 MM069_1960_CT_SU2012_CL_07 ID:159 R:Gram:Det:LoAdj:160 ADDRELATION(Gram:Det:LoAdj):422 
"<que>"
	"que" Conjunction CQUE lang:es 00:00:41 00:00:48 tt-4822 MM069_1960_CT_SU2012_CL_07 ID:160 
"<viene>"
	"venir" Verb VLfin Pres Indi Sing 3rd lang:es 00:00:41 00:00:48 tt-4823 MM069_1960_CT_SU2012_CL_07 
"<siendo>"
	"ser" Verb VSger Gerund lang:es 00:00:41 00:00:48 tt-4824 MM069_1960_CT_SU2012_CL_07 @Gram:SerEstar:Ser ADD:803 
"<los>"
	"el" Determiner ART Plural Masc lang:es 00:00:41 00:00:48 tt-4825 MM069_1960_CT_SU2012_CL_07 @Gram:Det:Art ADD:416 
"<cohetes>"
	"cohete" Noun NC Plural lang:es 00:00:48 00:00:53 tt-4826 MM069_1960_CT_SU2012_CL_07 
"<y>"
	"y" Conjunciton Conjunction CC lang:es 00:00:48 00:00:53 tt-4827 MM069_1960_CT_SU2012_CL_07 SUBSTITUTE:385 
"<los>"
	"el" Determiner ART Plural Masc lang:es 00:00:48 00:00:53 tt-4828 MM069_1960_CT_SU2012_CL_07 @Gram:Det:Art ADD:416 
"<...>"
	"..." Punctuation DOTS lang:es 00:00:48 00:00:53 tt-4829 MM069_1960_CT_SU2012_CL_07 
"<toda>"
	"todo" Determiner QU lang:es 00:00:48 00:00:53 tt-4830 MM069_1960_CT_SU2012_CL_07 ID:168 R:Gram:Det:DetCombi:169 ADDRELATION(Gram:Det:DetCombi):489 
"<esa>"
	"ese" Determiner DM Singular lang:es 00:00:48 00:00:53 tt-4831 MM069_1960_CT_SU2012_CL_07 ID:169 
"<cosa>"
	"cosa" Noun NC Singular lang:es 00:00:48 00:00:53 tt-4832 MM069_1960_CT_SU2012_CL_07 
"<$.>"
	"." Punctuation FS lang:es 00:00:48 00:00:53 tt-4833 MM069_1960_CT_SU2012_CL_07 

"<Todo>"
	"todo" Determiner QU lang:es 00:00:48 00:00:53 tt-4834 MM069_1960_CT_SU2012_CL_07 ID:172 R:Gram:Det:DetCombi:173 ADDRELATION(Gram:Det:DetCombi):489 
"<los>"
	"el" Determiner ART Plural Masc lang:es 00:00:48 00:00:53 tt-4835 MM069_1960_CT_SU2012_CL_07 @Gram:Det:Art ID:173 ADD:416 
"<...>"
	"..." Punctuation DOTS lang:es 00:00:48 00:00:53 tt-4836 MM069_1960_CT_SU2012_CL_07 
"<los>"
	"el" Determiner ART Plural Masc lang:es 00:00:48 00:00:53 tt-4837 MM069_1960_CT_SU2012_CL_07 @Gram:Det:Art ADD:416 
"<juegos>"
	"juego" Noun NC Plural lang:es 00:00:48 00:00:53 tt-4838 MM069_1960_CT_SU2012_CL_07 
"<de>"
	"de" Preposition PREP lang:es 00:00:48 00:00:53 tt-4839 MM069_1960_CT_SU2012_CL_07 @Gram:Prep ADD:614 
"<...>"
	"..." Punctuation DOTS lang:es 00:00:48 00:00:53 tt-4840 MM069_1960_CT_SU2012_CL_07 
"<$¿>"
	"¿" Punctuation FS lang:es 00:00:48 00:00:53 tt-4841 MM069_1960_CT_SU2012_CL_07 
"<de>"
	"de" Preposition PREP lang:es 00:00:48 00:00:53 tt-4842 MM069_1960_CT_SU2012_CL_07 @Gram:Prep ADD:614 
"<cómo>"
	"cómo" Adverb ADV lang:es 00:00:48 00:00:53 tt-4843 MM069_1960_CT_SU2012_CL_07 
"<le>"
	"él" Pronoun PPC Singular lang:es 00:00:48 00:00:53 tt-4844 MM069_1960_CT_SU2012_CL_07 @Gram:Pron:Objeto ADD:654 
"<hablan>"
	"hablar" Verb VLfin Pres Indi Plural 3rd lang:es 00:00:48 00:00:53 tt-4845 MM069_1960_CT_SU2012_CL_07 
"<$?>"
	"?" Punctuation FS lang:es 00:00:48 00:00:53 tt-4846 MM069_1960_CT_SU2012_CL_07 

"<Pirotécnicos>"
	"UNK" Noun NP Plural lang:es 00:00:53 00:00:58 tt-4847 MM069_1960_CT_SU2012_CL_07 
"<que>"
	"que" Conjunction CQUE lang:es 00:00:53 00:00:58 tt-4848 MM069_1960_CT_SU2012_CL_07 
"<se>"
	"se" Other SE lang:es 00:00:53 00:00:58 tt-4849 MM069_1960_CT_SU2012_CL_07 
"<usan>"
	"usar" Verb VLfin Pres Indi Plural 3rd lang:es 00:00:53 00:00:58 tt-4850 MM069_1960_CT_SU2012_CL_07 
"<en>"
	"en" Preposition PREP lang:es 00:00:53 00:00:58 tt-4851 MM069_1960_CT_SU2012_CL_07 @Gram:Prep ADD:614 
"<esos>"
	"ese" Determiner DM Plural lang:es 00:00:53 00:00:58 tt-4852 MM069_1960_CT_SU2012_CL_07 @Gram:Det:Demo ADD:432 
"<tiempos>"
	"tiempo" Noun NC Plural lang:es 00:00:53 00:00:58 tt-4853 MM069_1960_CT_SU2012_CL_07 
"<$.>"
	"." Punctuation FS lang:es 00:00:53 00:00:58 tt-4854 MM069_1960_CT_SU2012_CL_07 

"<Es>"
	"ser" Verb VSfin Pres Indi Sing 3rd lang:es 00:00:53 00:00:58 tt-4855 MM069_1960_CT_SU2012_CL_07 @Gram:SerEstar:Ser ADD:803 
"<algo>"
	"algo" Determiner QU lang:es 00:00:53 00:00:58 tt-4856 MM069_1960_CT_SU2012_CL_07 @Gram:Det:Pron ADD:475 
"<...>"
	"..." Punctuation DOTS lang:es 00:00:53 00:00:58 tt-4857 MM069_1960_CT_SU2012_CL_07 
"<es>"
	"ser" Verb VSfin Pres Indi Sing 3rd lang:es 00:00:53 00:00:58 tt-4858 MM069_1960_CT_SU2012_CL_07 @Gram:SerEstar:Ser ADD:803 
"<un>"
	"un" Determiner ART Singular lang:es 00:00:53 00:00:58 tt-4859 MM069_1960_CT_SU2012_CL_07 
"<entretenimiento>"
	"entretenimiento" Noun NC Singular lang:es 00:00:53 00:00:58 tt-4860 MM069_1960_CT_SU2012_CL_07 
"<para>"
	"para" Preposition PREP lang:es 00:00:53 00:00:58 tt-4861 MM069_1960_CT_SU2012_CL_07 @Gram:Prep:Para SUBSTITUTE:336 ADD:578 
"<ellos>"
	"él" Pronoun PPX Plural lang:es 00:00:53 00:00:58 tt-4862 MM069_1960_CT_SU2012_CL_07 @Gram:Pron:Sujeto ADD:624 
"<yo>"
	"yo" Pronoun PPX Singular lang:es 00:00:58 00:00:59 tt-4863 MM069_1960_CT_SU2012_CL_07 @Gram:Pron:Sujeto ADD:624 
"<creo>"
	"crear|creer" Verb VLfin Pres Indi Sing 1st lang:es 00:00:58 00:00:59 tt-4864 MM069_1960_CT_SU2012_CL_07 
"<$.>"
	"." Punctuation FS lang:es 00:00:58 00:00:59 tt-4865 MM069_1960_CT_SU2012_CL_07 
</speaker>
</text>

