<text id="MM067_1993_CT_SU2012_CL_12">
<speaker type="int">
"<$¿>"
	"¿" Punctuation FS lang:es 00:00:00 00:00:07 tt-3970 MM067_1993_CT_SU2012_CL_12 
"<Qué>"
	"qué" Pronoun INT Singular lang:es 00:00:00 00:00:07 tt-3971 MM067_1993_CT_SU2012_CL_12 
"<les>"
	"les" Other PE lang:es 00:00:00 00:00:07 tt-3972 MM067_1993_CT_SU2012_CL_12 
"<,>"
	"," Punctuation CM lang:es 00:00:00 00:00:07 tt-3973 MM067_1993_CT_SU2012_CL_12 
"<perdón>"
	"perdón" Noun NC Singular lang:es 00:00:00 00:00:07 tt-3974 MM067_1993_CT_SU2012_CL_12 
"<,>"
	"," Punctuation CM lang:es 00:00:00 00:00:07 tt-3975 MM067_1993_CT_SU2012_CL_12 
"<qué>"
	"qué" Pronoun INT Singular lang:es 00:00:00 00:00:07 tt-3976 MM067_1993_CT_SU2012_CL_12 
"<les>"
	"él" Pronoun PPC Plural lang:es 00:00:00 00:00:07 tt-3977 MM067_1993_CT_SU2012_CL_12 @Gram:Pron:Objeto 
"<dirías>"
	"decir" Verb VLfin Cond Indi Sing 2nd lang:es 00:00:00 00:00:07 tt-3978 MM067_1993_CT_SU2012_CL_12 
"<tú>"
	"tú" Pronoun PPX Singular lang:es 00:00:00 00:00:07 tt-3979 MM067_1993_CT_SU2012_CL_12 @Gram:Pron:Sujeto 
"<a>"
	"a" Preposition PREP lang:es 00:00:00 00:00:07 tt-3980 MM067_1993_CT_SU2012_CL_12 @Gram:Prep 
"<los>"
	"el" Determiner ART Plural Masc lang:es 00:00:00 00:00:07 tt-3981 MM067_1993_CT_SU2012_CL_12 @Gram:Det:Art 
"<jóvenes>"
	"joven" Noun NC Plural lang:es 00:00:00 00:00:07 tt-3982 MM067_1993_CT_SU2012_CL_12 
"<para>"
	"para" Preposition PREP lang:es 00:00:00 00:00:07 tt-3983 MM067_1993_CT_SU2012_CL_12 @Gram:Prep:Para ID:14 R:Func:Expresar:Finalidades:18 
"<impulsarlos>"
	"UNK" Verb VLinf Infinitive lang:es 00:00:00 00:00:07 tt-3984 MM067_1993_CT_SU2012_CL_12 
"<a>"
	"a" Preposition PREP lang:es 00:00:00 00:00:07 tt-3985 MM067_1993_CT_SU2012_CL_12 @Gram:Prep 
"<que>"
	"que" Conjunction CQUE lang:es 00:00:00 00:00:07 tt-3986 MM067_1993_CT_SU2012_CL_12 
"<vayan>"
	"ir" Verb VLfin Past Subj Plural 3rd lang:es 00:00:00 00:00:07 tt-3987 MM067_1993_CT_SU2012_CL_12 @Gram:MSub:Pret ID:18 
"<a>"
	"a" Preposition PREP lang:es 00:00:00 00:00:07 tt-3988 MM067_1993_CT_SU2012_CL_12 @Gram:Prep 
"<la>"
	"el" Determiner ART Singular Fem lang:es 00:00:00 00:00:07 tt-3989 MM067_1993_CT_SU2012_CL_12 @Gram:Det:Art 
"<universidad>"
	"universidad" Noun NC Singular lang:es 00:00:00 00:00:07 tt-3990 MM067_1993_CT_SU2012_CL_12 
"<$?>"
	"?" Punctuation FS lang:es 00:00:00 00:00:07 tt-3991 MM067_1993_CT_SU2012_CL_12 
</speaker>
<speaker type="subj">

"<Ah>"
	"ah" Other UH lang:en 00:00:16 00:00:23 tt-3992 MM067_1993_CT_SU2012_CL_12 
"<$.>"
	"." Punctuation FS lang:es 00:00:16 00:00:23 tt-3993 MM067_1993_CT_SU2012_CL_12 

"<[>"
	"[" Punctuation LP lang:es 00:00:16 00:00:23 tt-3994 MM067_1993_CT_SU2012_CL_12 
"<Risas>"
	"UNK" Noun NP Plural lang:es 00:00:16 00:00:23 tt-3995 MM067_1993_CT_SU2012_CL_12 
"<]>"
	"]" Other RP lang:es 00:00:16 00:00:23 tt-3996 MM067_1993_CT_SU2012_CL_12 
"<Mucha>"
	"mucho" Adjective ADJ Singular lang:es 00:00:16 00:00:23 tt-3997 MM067_1993_CT_SU2012_CL_12 
"<,>"
	"," Punctuation CM lang:es 00:00:16 00:00:23 tt-3998 MM067_1993_CT_SU2012_CL_12 
"<es>"
	"ser" Verb VSfin Pres Indi Sing 3rd lang:es 00:00:16 00:00:23 tt-3999 MM067_1993_CT_SU2012_CL_12 @Gram:SerEstar:Ser 
"<más>"
	"más" Adverb ADV lang:es 00:00:16 00:00:23 tt-4000 MM067_1993_CT_SU2012_CL_12 
"<,>"
	"," Punctuation CM lang:es 00:00:16 00:00:23 tt-4001 MM067_1993_CT_SU2012_CL_12 
"<cierta>"
	"cierta|cierto" Determiner QU lang:es 00:00:16 00:00:23 tt-4002 MM067_1993_CT_SU2012_CL_12 
"<gente>"
	"gente" Noun NC Singular lang:es 00:00:16 00:00:23 tt-4003 MM067_1993_CT_SU2012_CL_12 
"<,>"
	"," Punctuation CM lang:es 00:00:16 00:00:23 tt-4004 MM067_1993_CT_SU2012_CL_12 
"<ciertos>"
	"cierto" Determiner QU lang:es 00:00:16 00:00:23 tt-4005 MM067_1993_CT_SU2012_CL_12 
"<jóvenes>"
	"joven" Noun NC Plural lang:es 00:00:16 00:00:23 tt-4006 MM067_1993_CT_SU2012_CL_12 
"<se>"
	"se" Other SE lang:es 00:00:16 00:00:23 tt-4007 MM067_1993_CT_SU2012_CL_12 
"<involucran>"
	"involucrar" Verb VLfin Pres Indi Plural 3rd lang:es 00:00:16 00:00:23 tt-4008 MM067_1993_CT_SU2012_CL_12 
"<en>"
	"en" Preposition PREP lang:es 00:00:16 00:00:23 tt-4009 MM067_1993_CT_SU2012_CL_12 @Gram:Prep 
"<,>"
	"," Punctuation CM lang:es 00:00:16 00:00:23 tt-4010 MM067_1993_CT_SU2012_CL_12 
"<en>"
	"en" Preposition PREP lang:es 00:00:16 00:00:23 tt-4011 MM067_1993_CT_SU2012_CL_12 @Gram:Prep 
"<acciones>"
	"acción" Noun NC Plural lang:es 00:00:16 00:00:23 tt-4012 MM067_1993_CT_SU2012_CL_12 
"<malas>"
	"malo" Adjective ADJ Plural lang:es 00:00:16 00:00:23 tt-4013 MM067_1993_CT_SU2012_CL_12 
"<,>"
	"," Punctuation CM lang:es 00:00:16 00:00:23 tt-4014 MM067_1993_CT_SU2012_CL_12 
"<por>"
	"por" Preposition PREP lang:es 00:00:33 00:00:40 tt-4015 MM067_1993_CT_SU2012_CL_12 @Gram:Prep:Por ID:46 R:Prag:MarcadoresDisc:Igualdad:47 
"<ejemplo>"
	"ejemplo" Adverb ADV lang:es 00:00:33 00:00:40 tt-4016 MM067_1993_CT_SU2012_CL_12 ID:47 
"<se>"
	"se" Other SE lang:es 00:00:33 00:00:40 tt-4017 MM067_1993_CT_SU2012_CL_12 
"<involucran>"
	"involucrar" Verb VLfin Pres Indi Plural 3rd lang:es 00:00:33 00:00:40 tt-4018 MM067_1993_CT_SU2012_CL_12 
"<con>"
	"con" Preposition PREP lang:es 00:00:33 00:00:40 tt-4019 MM067_1993_CT_SU2012_CL_12 @Gram:Prep 
"<malos>"
	"malo" Adjective ADJ Plural lang:es 00:00:33 00:00:40 tt-4020 MM067_1993_CT_SU2012_CL_12 
"<amigos>"
	"amigo" Noun NC Plural lang:es 00:00:33 00:00:40 tt-4021 MM067_1993_CT_SU2012_CL_12 
"<,>"
	"," Punctuation CM lang:es 00:00:33 00:00:40 tt-4022 MM067_1993_CT_SU2012_CL_12 
"<se>"
	"se" Other SE lang:es 00:00:33 00:00:40 tt-4023 MM067_1993_CT_SU2012_CL_12 @Gram:Pron:Otros 
"<,>"
	"," Punctuation CM lang:es 00:00:33 00:00:40 tt-4024 MM067_1993_CT_SU2012_CL_12 
"<se>"
	"se" Other SE lang:es 00:00:33 00:00:40 tt-4025 MM067_1993_CT_SU2012_CL_12 
"<ponen>"
	"poner" Verb VLfin Pres Indi Plural 3rd lang:es 00:00:33 00:00:40 tt-4026 MM067_1993_CT_SU2012_CL_12 
"<,>"
	"," Punctuation CM lang:es 00:00:33 00:00:40 tt-4027 MM067_1993_CT_SU2012_CL_12 
"<se>"
	"se" Other SE lang:es 00:00:33 00:00:40 tt-4028 MM067_1993_CT_SU2012_CL_12 
"<involucran>"
	"involucrar" Verb VLfin Pres Indi Plural 3rd lang:es 00:00:33 00:00:40 tt-4029 MM067_1993_CT_SU2012_CL_12 
"<en>"
	"en" Preposition PREP lang:es 00:00:33 00:00:40 tt-4030 MM067_1993_CT_SU2012_CL_12 @Gram:Prep 
"<situaciones>"
	"situación" Noun NC Plural lang:es 00:00:33 00:00:40 tt-4031 MM067_1993_CT_SU2012_CL_12 
"<que>"
	"que" Conjunction CQUE lang:es 00:00:33 00:00:40 tt-4032 MM067_1993_CT_SU2012_CL_12 
"<no>"
	"no" Adverb NEG lang:es 00:00:40 00:00:47 tt-4033 MM067_1993_CT_SU2012_CL_12 
"<les>"
	"él" Pronoun PPC Plural lang:es 00:00:40 00:00:47 tt-4034 MM067_1993_CT_SU2012_CL_12 @Gram:Pron:Objeto 
"<van>"
	"ir" Verb VLfin Pres Indi Plural 3rd lang:es 00:00:40 00:00:47 tt-4035 MM067_1993_CT_SU2012_CL_12 
"<a>"
	"a" Preposition PREP lang:es 00:00:40 00:00:47 tt-4036 MM067_1993_CT_SU2012_CL_12 @Gram:Prep 
"<llevar>"
	"llevar" Verb VLinf Infinitive lang:es 00:00:40 00:00:47 tt-4037 MM067_1993_CT_SU2012_CL_12 
"<adelante>"
	"adelante" Adverb ADV lang:es 00:00:40 00:00:47 tt-4038 MM067_1993_CT_SU2012_CL_12 
"<en>"
	"en" Preposition PREP lang:es 00:00:40 00:00:47 tt-4039 MM067_1993_CT_SU2012_CL_12 @Gram:Prep 
"<esta>"
	"este" Determiner DM Singular lang:es 00:00:40 00:00:47 tt-4040 MM067_1993_CT_SU2012_CL_12 @Gram:Det:Demo 
"<vida>"
	"vida" Noun NC Singular lang:es 00:00:40 00:00:47 tt-4041 MM067_1993_CT_SU2012_CL_12 
"<,>"
	"," Punctuation CM lang:es 00:00:40 00:00:47 tt-4042 MM067_1993_CT_SU2012_CL_12 
"<se>"
	"se" Other SE lang:es 00:00:40 00:00:47 tt-4043 MM067_1993_CT_SU2012_CL_12 
"<deciden>"
	"decidir" Verb VLfin Pres Indi Plural 3rd lang:es 00:00:40 00:00:47 tt-4044 MM067_1993_CT_SU2012_CL_12 
"<involucrarse>"
	"involucrar" Verb VLinf Pres Subj Sing 1st_or_3rd lang:es 00:00:40 00:00:47 tt-4045 MM067_1993_CT_SU2012_CL_12 @Gram:MSub:Pres 
"<en>"
	"en" Preposition PREP lang:es 00:00:40 00:00:47 tt-4046 MM067_1993_CT_SU2012_CL_12 @Gram:Prep 
"<pandillas>"
	"pandilla" Noun NC Plural lang:es 00:00:40 00:00:47 tt-4047 MM067_1993_CT_SU2012_CL_12 
"<,>"
	"," Punctuation CM lang:es 00:00:40 00:00:47 tt-4048 MM067_1993_CT_SU2012_CL_12 
"<se>"
	"se" Other SE lang:es 00:00:40 00:00:47 tt-4049 MM067_1993_CT_SU2012_CL_12 
"<involucran>"
	"involucrar" Verb VLfin Pres Indi Plural 3rd lang:es 00:00:40 00:00:47 tt-4050 MM067_1993_CT_SU2012_CL_12 
"<en>"
	"en" Preposition PREP lang:es 00:00:49 00:00:56 tt-4051 MM067_1993_CT_SU2012_CL_12 @Gram:Prep 
"<la>"
	"el" Determiner ART Singular Fem lang:es 00:00:49 00:00:56 tt-4052 MM067_1993_CT_SU2012_CL_12 @Gram:Det:Art 
"<pobreza>"
	"pobreza" Noun NC Singular lang:es 00:00:49 00:00:56 tt-4053 MM067_1993_CT_SU2012_CL_12 
"<,>"
	"," Punctuation CM lang:es 00:00:49 00:00:56 tt-4054 MM067_1993_CT_SU2012_CL_12 
"<se>"
	"se" Other SE lang:es 00:00:49 00:00:56 tt-4055 MM067_1993_CT_SU2012_CL_12 
"<involucran>"
	"involucrar" Verb VLfin Pres Indi Plural 3rd lang:es 00:00:49 00:00:56 tt-4056 MM067_1993_CT_SU2012_CL_12 
"<en>"
	"en" Preposition PREP lang:es 00:00:49 00:00:56 tt-4057 MM067_1993_CT_SU2012_CL_12 @Gram:Prep 
"<,>"
	"," Punctuation CM lang:es 00:00:49 00:00:56 tt-4058 MM067_1993_CT_SU2012_CL_12 
"<en>"
	"en" Preposition PREP lang:es 00:00:49 00:00:56 tt-4059 MM067_1993_CT_SU2012_CL_12 @Gram:Prep 
"<la>"
	"el" Determiner ART Singular Fem lang:es 00:00:49 00:00:56 tt-4060 MM067_1993_CT_SU2012_CL_12 @Gram:Det:Art 
"<ignorancia>"
	"ignorancia" Noun NC Singular lang:es 00:00:49 00:00:56 tt-4061 MM067_1993_CT_SU2012_CL_12 
"<del>"
	"del" Preposition PDEL lang:es 00:00:49 00:00:56 tt-4062 MM067_1993_CT_SU2012_CL_12 @Gram:Prep 
"<mundo>"
	"mundo" Noun NC Singular lang:es 00:00:49 00:00:56 tt-4063 MM067_1993_CT_SU2012_CL_12 
"<y>"
	"y" Conjunction CC lang:es 00:00:49 00:00:56 tt-4064 MM067_1993_CT_SU2012_CL_12 
"<es>"
	"ser" Verb VSfin Pres Indi Sing 3rd lang:es 00:00:49 00:00:56 tt-4065 MM067_1993_CT_SU2012_CL_12 @Gram:SerEstar:Ser 
"<,>"
	"," Punctuation CM lang:es 00:00:49 00:00:56 tt-4066 MM067_1993_CT_SU2012_CL_12 
"<y>"
	"y" Conjunction CC lang:es 00:00:49 00:00:56 tt-4067 MM067_1993_CT_SU2012_CL_12 
"<no>"
	"no" Adverb NEG lang:es 00:00:49 00:00:56 tt-4068 MM067_1993_CT_SU2012_CL_12 
"<es>"
	"ser" Verb VSfin Pres Indi Sing 3rd lang:es 00:00:49 00:00:56 tt-4069 MM067_1993_CT_SU2012_CL_12 @Gram:SerEstar:Ser 
"<una>"
	"un" Determiner ART Singular lang:es 00:00:49 00:00:56 tt-4070 MM067_1993_CT_SU2012_CL_12 
"<vida>"
	"vida" Noun NC Singular lang:es 00:00:49 00:00:56 tt-4071 MM067_1993_CT_SU2012_CL_12 
"<que>"
	"que" Conjunction CQUE lang:es 00:00:49 00:00:56 tt-4072 MM067_1993_CT_SU2012_CL_12 
"<,>"
	"," Punctuation CM lang:es 00:00:49 00:00:56 tt-4073 MM067_1993_CT_SU2012_CL_12 
"<que>"
	"que" Conjunction CQUE lang:es 00:00:49 00:00:56 tt-4074 MM067_1993_CT_SU2012_CL_12 
"<te>"
	"tú" Pronoun PPX Singular lang:es 00:00:49 00:00:56 tt-4075 MM067_1993_CT_SU2012_CL_12 @Gram:Pron:Objeto 
"<va>"
	"ir" Verb VLfin Pres Indi Sing 3rd lang:es 00:00:49 00:00:56 tt-4076 MM067_1993_CT_SU2012_CL_12 
"<a>"
	"a" Preposition PREP lang:es 00:01:00 00:01:07 tt-4077 MM067_1993_CT_SU2012_CL_12 @Gram:Prep 
"<llevar>"
	"llevar" Verb VLinf Infinitive lang:es 00:01:00 00:01:07 tt-4078 MM067_1993_CT_SU2012_CL_12 
"<a>"
	"a" Preposition PREP lang:es 00:01:00 00:01:07 tt-4079 MM067_1993_CT_SU2012_CL_12 @Gram:Prep 
"<nada>"
	"nada" Determiner QU lang:es 00:01:00 00:01:07 tt-4080 MM067_1993_CT_SU2012_CL_12 
"<$.>"
	"." Punctuation FS lang:es 00:01:00 00:01:07 tt-4081 MM067_1993_CT_SU2012_CL_12 

"<Este>"
	"este" Determiner DM Singular lang:es 00:01:00 00:01:07 tt-4082 MM067_1993_CT_SU2012_CL_12 @Prag:RecuDiscurso:GanarTiempo 
"<,>"
	"," Punctuation CM lang:es 00:01:00 00:01:07 tt-4083 MM067_1993_CT_SU2012_CL_12 
"<por>"
	"por" Preposition PREP lang:es 00:01:00 00:01:07 tt-4084 MM067_1993_CT_SU2012_CL_12 @Gram:Prep:Por 
"<eso>"
	"ese" Determiner DM Singular lang:es 00:01:00 00:01:07 tt-4085 MM067_1993_CT_SU2012_CL_12 @Gram:Det:Demo 
"<,>"
	"," Punctuation CM lang:es 00:01:00 00:01:07 tt-4086 MM067_1993_CT_SU2012_CL_12 
"<aunque>"
	"aunque" Conjunction CSUBX lang:es 00:01:00 00:01:07 tt-4087 MM067_1993_CT_SU2012_CL_12 @Prag:MarcadoresDisc:Revision 
"<crezcas>"
	"UNK" Verb VLfin Pres Indi Sing 2nd lang:es 00:01:00 00:01:07 tt-4088 MM067_1993_CT_SU2012_CL_12 
"<entre>"
	"entre" Preposition PREP lang:es 00:01:00 00:01:07 tt-4089 MM067_1993_CT_SU2012_CL_12 @Gram:Prep 
"<la>"
	"el" Determiner ART Singular Fem lang:es 00:01:00 00:01:07 tt-4090 MM067_1993_CT_SU2012_CL_12 @Gram:Det:Art 
"<pobreza>"
	"pobreza" Noun NC Singular lang:es 00:01:00 00:01:07 tt-4091 MM067_1993_CT_SU2012_CL_12 
"<,>"
	"," Punctuation CM lang:es 00:01:00 00:01:07 tt-4092 MM067_1993_CT_SU2012_CL_12 
"<aunque>"
	"aunque" Conjunction CSUBX lang:es 00:01:00 00:01:07 tt-4093 MM067_1993_CT_SU2012_CL_12 @Prag:MarcadoresDisc:Revision 
"<crezcas>"
	"UNK" Verb VLfin Pres Indi Sing 2nd lang:es 00:01:00 00:01:07 tt-4094 MM067_1993_CT_SU2012_CL_12 
"<entre>"
	"entre" Preposition PREP lang:es 00:01:00 00:01:07 tt-4095 MM067_1993_CT_SU2012_CL_12 @Gram:Prep 
"<la>"
	"el" Determiner ART Singular Fem lang:es 00:01:00 00:01:07 tt-4096 MM067_1993_CT_SU2012_CL_12 @Gram:Det:Art 
"<ignorancia>"
	"ignorancia" Noun NC Singular lang:es 00:01:08 00:01:15 tt-4097 MM067_1993_CT_SU2012_CL_12 
"<,>"
	"," Punctuation CM lang:es 00:01:08 00:01:15 tt-4098 MM067_1993_CT_SU2012_CL_12 
"<aunque>"
	"aunque" Conjunction CSUBX lang:es 00:01:08 00:01:15 tt-4099 MM067_1993_CT_SU2012_CL_12 @Prag:MarcadoresDisc:Revision 
"<crezcas>"
	"UNK" Verb VLfin Pres Indi Sing 2nd lang:es 00:01:08 00:01:15 tt-4100 MM067_1993_CT_SU2012_CL_12 
"<entre>"
	"entre" Preposition PREP lang:es 00:01:08 00:01:15 tt-4101 MM067_1993_CT_SU2012_CL_12 @Gram:Prep 
"<gente>"
	"gente" Noun NC Singular lang:es 00:01:08 00:01:15 tt-4102 MM067_1993_CT_SU2012_CL_12 
"<que>"
	"que" Conjunction CQUE lang:es 00:01:08 00:01:15 tt-4103 MM067_1993_CT_SU2012_CL_12 
"<,>"
	"," Punctuation CM lang:es 00:01:08 00:01:15 tt-4104 MM067_1993_CT_SU2012_CL_12 
"<entre>"
	"entre" Preposition PREP lang:es 00:01:08 00:01:15 tt-4105 MM067_1993_CT_SU2012_CL_12 @Gram:Prep 
"<las>"
	"el" Determiner ART Plural Fem lang:es 00:01:08 00:01:15 tt-4106 MM067_1993_CT_SU2012_CL_12 @Gram:Det:Art 
"<pandillas>"
	"pandilla" Noun NC Plural lang:es 00:01:08 00:01:15 tt-4107 MM067_1993_CT_SU2012_CL_12 
<lang code="en">
"<ah>"
	"UNK" Noun NN lang:en 00:01:08 00:01:15 tt-4108 MM067_1993_CT_SU2012_CL_12 
</lang>
"<...>"
	"..." Punctuation DOTS lang:es 00:01:08 00:01:15 tt-4109 MM067_1993_CT_SU2012_CL_12 
"<no>"
	"no" Adverb NEG lang:es 00:01:08 00:01:15 tt-4110 MM067_1993_CT_SU2012_CL_12 
"<es>"
	"ser" Verb VSfin Pres Indi Sing 3rd lang:es 00:01:08 00:01:15 tt-4111 MM067_1993_CT_SU2012_CL_12 @Gram:SerEstar:Ser 
"<excusa>"
	"excusa" Noun NC Singular lang:es 00:01:08 00:01:15 tt-4112 MM067_1993_CT_SU2012_CL_12 
"<alguna>"
	"alguno" Determiner QU lang:es 00:01:08 00:01:15 tt-4113 MM067_1993_CT_SU2012_CL_12 
"<como>"
	"como" Conjunction CSUBX lang:es 00:01:08 00:01:15 tt-4114 MM067_1993_CT_SU2012_CL_12 
"<para>"
	"para" Preposition PREP lang:es 00:01:22 00:01:29 tt-4115 MM067_1993_CT_SU2012_CL_12 @Gram:Prep:Para 
"<que>"
	"que" Conjunction CQUE lang:es 00:01:22 00:01:29 tt-4116 MM067_1993_CT_SU2012_CL_12 
"<tú>"
	"tú" Pronoun PPX Singular lang:es 00:01:22 00:01:29 tt-4117 MM067_1993_CT_SU2012_CL_12 @Gram:Pron:Sujeto 
"<decidas>"
	"UNK" Verb VLfin Pres Indi Sing 2nd lang:es 00:01:22 00:01:29 tt-4118 MM067_1993_CT_SU2012_CL_12 
"<hacer>"
	"hacer" Verb VLinf Infinitive lang:es 00:01:22 00:01:29 tt-4119 MM067_1993_CT_SU2012_CL_12 
"<decisiones>"
	"decisión" Noun NC Plural lang:es 00:01:22 00:01:29 tt-4120 MM067_1993_CT_SU2012_CL_12 
"<incorrectas>"
	"incorrecto" Adjective ADJ Plural lang:es 00:01:22 00:01:29 tt-4121 MM067_1993_CT_SU2012_CL_12 
"<en>"
	"en" Preposition PREP lang:es 00:01:22 00:01:29 tt-4122 MM067_1993_CT_SU2012_CL_12 @Gram:Prep 
"<tu>"
	"tú" Pronoun PPX Singular lang:es 00:01:22 00:01:29 tt-4123 MM067_1993_CT_SU2012_CL_12 @Gram:Det:Pos 
"<vida>"
	"vida" Noun NC Singular lang:es 00:01:22 00:01:29 tt-4124 MM067_1993_CT_SU2012_CL_12 
"<$.>"
	"." Punctuation FS lang:es 00:01:22 00:01:29 tt-4125 MM067_1993_CT_SU2012_CL_12 

"<Si>"
	"si" Conjunction CSUBX lang:es 00:01:22 00:01:29 tt-4126 MM067_1993_CT_SU2012_CL_12 
"<tú>"
	"tú" Pronoun PPX Singular lang:es 00:01:22 00:01:29 tt-4127 MM067_1993_CT_SU2012_CL_12 @Gram:Pron:Sujeto 
"<puedes>"
	"poder" Verb VLfin Pres Indi Sing 2nd lang:es 00:01:22 00:01:29 tt-4128 MM067_1993_CT_SU2012_CL_12 
"<seguir>"
	"seguir" Verb VLinf Infinitive lang:es 00:01:22 00:01:29 tt-4129 MM067_1993_CT_SU2012_CL_12 
"<adelante>"
	"adelante" Adverb ADV lang:es 00:01:22 00:01:29 tt-4130 MM067_1993_CT_SU2012_CL_12 
"<,>"
	"," Punctuation CM lang:es 00:01:22 00:01:29 tt-4131 MM067_1993_CT_SU2012_CL_12 
"<y>"
	"y" Conjunction CC lang:es 00:01:29 00:01:33 tt-4132 MM067_1993_CT_SU2012_CL_12 
"<puedes>"
	"poder" Verb VLfin Pres Indi Sing 2nd lang:es 00:01:29 00:01:33 tt-4133 MM067_1993_CT_SU2012_CL_12 
"<atender>"
	"atender" Verb VLinf Infinitive lang:es 00:01:29 00:01:33 tt-4134 MM067_1993_CT_SU2012_CL_12 
"<a>"
	"a" Preposition PREP lang:es 00:01:29 00:01:33 tt-4135 MM067_1993_CT_SU2012_CL_12 @Gram:Prep 
"<una>"
	"un" Determiner ART Singular lang:es 00:01:29 00:01:33 tt-4136 MM067_1993_CT_SU2012_CL_12 
"<universidad>"
	"universidad" Noun NC Singular lang:es 00:01:29 00:01:33 tt-4137 MM067_1993_CT_SU2012_CL_12 
"<,>"
	"," Punctuation CM lang:es 00:01:29 00:01:33 tt-4138 MM067_1993_CT_SU2012_CL_12 
"<y>"
	"y" Conjunction CC lang:es 00:01:29 00:01:33 tt-4139 MM067_1993_CT_SU2012_CL_12 
"<tener>"
	"tener" Verb VLinf Infinitive lang:es 00:01:29 00:01:33 tt-4140 MM067_1993_CT_SU2012_CL_12 
"<tu>"
	"tú" Pronoun PPX Singular lang:es 00:01:29 00:01:33 tt-4141 MM067_1993_CT_SU2012_CL_12 @Gram:Det:Pos 
"<trabajo>"
	"trabajo" Noun NC Singular lang:es 00:01:29 00:01:33 tt-4142 MM067_1993_CT_SU2012_CL_12 
"<,>"
	"," Punctuation CM lang:es 00:01:29 00:01:33 tt-4143 MM067_1993_CT_SU2012_CL_12 
"<el>"
	"el" Determiner ART Singular Masc lang:es 00:01:29 00:01:33 tt-4144 MM067_1993_CT_SU2012_CL_12 @Gram:Det:Art 
"<trabajo>"
	"trabajo" Noun NC Singular lang:es 00:01:29 00:01:33 tt-4145 MM067_1993_CT_SU2012_CL_12 
"<que>"
	"que" Conjunction CQUE lang:es 00:01:29 00:01:33 tt-4146 MM067_1993_CT_SU2012_CL_12 
"<quieres>"
	"querer" Verb VLfin Pres Indi Sing 2nd lang:es 00:01:29 00:01:33 tt-4147 MM067_1993_CT_SU2012_CL_12 
"<hacer>"
	"hacer" Verb VLinf Infinitive lang:es 00:01:29 00:01:33 tt-4148 MM067_1993_CT_SU2012_CL_12 
"<en>"
	"en" Preposition PREP lang:es 00:01:33 00:01:40 tt-4149 MM067_1993_CT_SU2012_CL_12 @Gram:Prep 
"<tu>"
	"tú" Pronoun PPX Singular lang:es 00:01:33 00:01:40 tt-4150 MM067_1993_CT_SU2012_CL_12 @Gram:Det:Pos 
"<vida>"
	"vida" Noun NC Singular lang:es 00:01:33 00:01:40 tt-4151 MM067_1993_CT_SU2012_CL_12 
"<o>"
	"o" Conjunction CC lang:es 00:01:33 00:01:40 tt-4152 MM067_1993_CT_SU2012_CL_12 
"<,>"
	"," Punctuation CM lang:es 00:01:33 00:01:40 tt-4153 MM067_1993_CT_SU2012_CL_12 
"<o>"
	"o" Conjunction CC lang:es 00:01:33 00:01:40 tt-4154 MM067_1993_CT_SU2012_CL_12 
"<simplemente>"
	"simplemente" Adverb ADV lang:es 00:01:33 00:01:40 tt-4155 MM067_1993_CT_SU2012_CL_12 
"<porque>"
	"porque" Conjunction CSUBX lang:es 00:01:33 00:01:40 tt-4156 MM067_1993_CT_SU2012_CL_12 @Prag:MarcadoresDisc:Causa 
"<quieres>"
	"querer" Verb VLfin Pres Indi Sing 2nd lang:es 00:01:33 00:01:40 tt-4157 MM067_1993_CT_SU2012_CL_12 
"<tener>"
	"tener" Verb VLinf Infinitive lang:es 00:01:33 00:01:40 tt-4158 MM067_1993_CT_SU2012_CL_12 
"<más>"
	"más" Adverb ADV lang:es 00:01:33 00:01:40 tt-4159 MM067_1993_CT_SU2012_CL_12 
"<dinero>"
	"dinero" Noun NC Singular lang:es 00:01:33 00:01:40 tt-4160 MM067_1993_CT_SU2012_CL_12 
"<,>"
	"," Punctuation CM lang:es 00:01:33 00:01:40 tt-4161 MM067_1993_CT_SU2012_CL_12 
"<este>"
	"este" Determiner DM Singular lang:es 00:01:33 00:01:40 tt-4162 MM067_1993_CT_SU2012_CL_12 @Prag:RecuDiscurso:GanarTiempo 
"<,>"
	"," Punctuation CM lang:es 00:01:33 00:01:40 tt-4163 MM067_1993_CT_SU2012_CL_12 
"<es>"
	"ser" Verb VSfin Pres Indi Sing 3rd lang:es 00:01:33 00:01:40 tt-4164 MM067_1993_CT_SU2012_CL_12 @Gram:SerEstar:Ser 
"<,>"
	"," Punctuation CM lang:es 00:01:33 00:01:40 tt-4165 MM067_1993_CT_SU2012_CL_12 
"<es>"
	"ser" Verb VSfin Pres Indi Sing 3rd lang:es 00:01:33 00:01:40 tt-4166 MM067_1993_CT_SU2012_CL_12 @Gram:SerEstar:Ser 
"<necesario>"
	"necesario" Adjective ADJ Singular lang:es 00:01:33 00:01:40 tt-4167 MM067_1993_CT_SU2012_CL_12 
"<tener>"
	"tener" Verb VLinf Infinitive lang:es 00:01:33 00:01:40 tt-4168 MM067_1993_CT_SU2012_CL_12 
"<una>"
	"un" Determiner ART Singular lang:es 00:01:33 00:01:40 tt-4169 MM067_1993_CT_SU2012_CL_12 
"<universidad>"
	"universidad" Noun NC Singular lang:es 00:01:43 00:01:50 tt-4170 MM067_1993_CT_SU2012_CL_12 
"<porque>"
	"porque" Conjunction CSUBX lang:es 00:01:43 00:01:50 tt-4171 MM067_1993_CT_SU2012_CL_12 @Prag:MarcadoresDisc:Causa 
"<no>"
	"no" Adverb NEG lang:es 00:01:43 00:01:50 tt-4172 MM067_1993_CT_SU2012_CL_12 
"<es>"
	"ser" Verb VSfin Pres Indi Sing 3rd lang:es 00:01:43 00:01:50 tt-4173 MM067_1993_CT_SU2012_CL_12 @Gram:SerEstar:Ser 
"<justo>"
	"justo" Adjective ADJ Singular lang:es 00:01:43 00:01:50 tt-4174 MM067_1993_CT_SU2012_CL_12 
"<que>"
	"que" Conjunction CQUE lang:es 00:01:43 00:01:50 tt-4175 MM067_1993_CT_SU2012_CL_12 
"<uno>"
	"uno" Determiner CARD Singular lang:es 00:01:43 00:01:50 tt-4176 MM067_1993_CT_SU2012_CL_12 @Gram:Pron:Sujeto 
"<piense>"
	"pensar" Verb VLfin Pres Subj Sing 1st_or_3rd lang:es 00:01:43 00:01:50 tt-4177 MM067_1993_CT_SU2012_CL_12 @Gram:MSub:Pres 
"<que>"
	"que" Conjunction CQUE lang:es 00:01:43 00:01:50 tt-4178 MM067_1993_CT_SU2012_CL_12 
"<debido>"
	"debido" Preposition PREP lang:es 00:01:43 00:01:50 tt-4179 MM067_1993_CT_SU2012_CL_12 @Gram:Prep 
"<a>"
	"a" Preposition PREP lang:es 00:01:43 00:01:50 tt-4180 MM067_1993_CT_SU2012_CL_12 @Gram:Prep 
"<donde>"
	"donde" Adverb ADV lang:es 00:01:43 00:01:50 tt-4181 MM067_1993_CT_SU2012_CL_12 
"<él>"
	"él" Pronoun PPX Singular lang:es 00:01:43 00:01:50 tt-4182 MM067_1993_CT_SU2012_CL_12 @Gram:Pron:Sujeto 
"<creció>"
	"crecer" Verb VLfin Pret Indi Sing 3rd lang:es 00:01:43 00:01:50 tt-4183 MM067_1993_CT_SU2012_CL_12 @Gram:Indefinido 
"<,>"
	"," Punctuation CM lang:es 00:01:43 00:01:50 tt-4184 MM067_1993_CT_SU2012_CL_12 
"<que>"
	"que" Conjunction CQUE lang:es 00:01:43 00:01:50 tt-4185 MM067_1993_CT_SU2012_CL_12 
"<él>"
	"él" Pronoun PPX Singular lang:es 00:01:43 00:01:50 tt-4186 MM067_1993_CT_SU2012_CL_12 @Gram:Pron:Sujeto 
"<va>"
	"ir" Verb VLfin Pres Indi Sing 3rd lang:es 00:01:43 00:01:50 tt-4187 MM067_1993_CT_SU2012_CL_12 
"<a>"
	"a" Preposition PREP lang:es 00:01:51 00:01:58 tt-4188 MM067_1993_CT_SU2012_CL_12 @Gram:Prep 
"<tener>"
	"tener" Verb VLinf VMinf lang:es 00:01:51 00:01:58 tt-4189 MM067_1993_CT_SU2012_CL_12 
"<que>"
	"que" Verb VMinf lang:es 00:01:51 00:01:58 tt-4190 MM067_1993_CT_SU2012_CL_12 
"<quedarse>"
	"quedar" Verb VLinf Pres Subj Sing 1st_or_3rd lang:es 00:01:51 00:01:58 tt-4191 MM067_1993_CT_SU2012_CL_12 @Gram:MSub:Pres 
"<o>"
	"o" Conjunction CC lang:es 00:01:51 00:01:58 tt-4192 MM067_1993_CT_SU2012_CL_12 
"<debido>"
	"deber|debido" Verb VMadj lang:es 00:01:51 00:01:58 tt-4193 MM067_1993_CT_SU2012_CL_12 
"<porque>"
	"porque" Conjunction CSUBX lang:es 00:01:51 00:01:58 tt-4194 MM067_1993_CT_SU2012_CL_12 @Prag:MarcadoresDisc:Causa 
"<cree>"
	"crear|creer" Verb VLfin Pres Indi Sing 3rd lang:es 00:01:51 00:01:58 tt-4195 MM067_1993_CT_SU2012_CL_12 
"<que>"
	"que" Conjunction CQUE lang:es 00:01:51 00:01:58 tt-4196 MM067_1993_CT_SU2012_CL_12 
"<,>"
	"," Punctuation CM lang:es 00:01:51 00:01:58 tt-4197 MM067_1993_CT_SU2012_CL_12 
"<cree>"
	"crear|creer" Verb VLfin Pres Indi Sing 3rd lang:es 00:01:51 00:01:58 tt-4198 MM067_1993_CT_SU2012_CL_12 
"<que>"
	"que" Conjunction CQUE lang:es 00:01:51 00:01:58 tt-4199 MM067_1993_CT_SU2012_CL_12 
"<no>"
	"no" Adverb NEG lang:es 00:01:51 00:01:58 tt-4200 MM067_1993_CT_SU2012_CL_12 
"<puede>"
	"poder" Verb VMfin lang:es 00:01:51 00:01:58 tt-4201 MM067_1993_CT_SU2012_CL_12 
"<ser>"
	"ser" Verb VLinf VSinf Infinitive lang:es 00:01:51 00:01:58 tt-4202 MM067_1993_CT_SU2012_CL_12 @Gram:SerEstar:Ser 
"<nadie>"
	"nadie" Noun NC Singular lang:es 00:01:51 00:01:58 tt-4203 MM067_1993_CT_SU2012_CL_12 
"<en>"
	"en" Preposition PREP lang:es 00:01:51 00:01:58 tt-4204 MM067_1993_CT_SU2012_CL_12 @Gram:Prep 
"<este>"
	"este" Determiner DM Singular lang:es 00:01:51 00:01:58 tt-4205 MM067_1993_CT_SU2012_CL_12 @Gram:Det:Demo 
"<mundo>"
	"mundo" Noun NC Singular lang:es 00:01:51 00:01:58 tt-4206 MM067_1993_CT_SU2012_CL_12 
"<rechace>"
	"rechazar" Verb VLfin Pres Subj Sing 1st_or_3rd lang:es 00:01:51 00:01:58 tt-4207 MM067_1993_CT_SU2012_CL_12 @Gram:MSub:Pres 
"<las>"
	"el" Determiner ART Plural Fem lang:es 00:02:03 00:02:10 tt-4208 MM067_1993_CT_SU2012_CL_12 @Gram:Det:Art 
"<oportunidades>"
	"oportunidad" Noun NC Plural lang:es 00:02:03 00:02:10 tt-4209 MM067_1993_CT_SU2012_CL_12 
"<y>"
	"y" Conjunction CC lang:es 00:02:03 00:02:10 tt-4210 MM067_1993_CT_SU2012_CL_12 
"<se>"
	"se" Other SE lang:es 00:02:03 00:02:10 tt-4211 MM067_1993_CT_SU2012_CL_12 
"<dé>"
	"dar" Verb VLfin Pret Indi Sing 1st lang:es 00:02:03 00:02:10 tt-4212 MM067_1993_CT_SU2012_CL_12 @Gram:Indefinido 
"<por>"
	"por" Preposition PREP lang:es 00:02:03 00:02:10 tt-4213 MM067_1993_CT_SU2012_CL_12 @Gram:Prep:Por 
"<vencido>"
	"vencer" Verb VLadj lang:es 00:02:03 00:02:10 tt-4214 MM067_1993_CT_SU2012_CL_12 
"<$.>"
	"." Punctuation FS lang:es 00:02:03 00:02:10 tt-4215 MM067_1993_CT_SU2012_CL_12 
<lang code="en">

"<Ah>"
	"ah" Other UH lang:en 00:02:03 00:02:10 tt-4216 MM067_1993_CT_SU2012_CL_12 
</lang>
"<...>"
	"..." Punctuation DOTS lang:es 00:02:03 00:02:10 tt-4217 MM067_1993_CT_SU2012_CL_12 
"<cualquier>"
	"cualquier" Determiner QU lang:es 00:02:03 00:02:10 tt-4218 MM067_1993_CT_SU2012_CL_12 
"<persona>"
	"persona" Noun NC Singular lang:es 00:02:03 00:02:10 tt-4219 MM067_1993_CT_SU2012_CL_12 
"<puede>"
	"poder" Verb VMfin lang:es 00:02:03 00:02:10 tt-4220 MM067_1993_CT_SU2012_CL_12 
"<ser>"
	"ser" Verb VLinf VSinf Infinitive lang:es 00:02:03 00:02:10 tt-4221 MM067_1993_CT_SU2012_CL_12 @Gram:SerEstar:Ser 
"<alguien>"
	"UNK" Adjective ADJ Singular lang:es 00:02:03 00:02:10 tt-4222 MM067_1993_CT_SU2012_CL_12 
"<$.>"
	"." Punctuation FS lang:es 00:02:03 00:02:10 tt-4223 MM067_1993_CT_SU2012_CL_12 

"<Y>"
	"y" Conjunction CC lang:es 00:02:03 00:02:10 tt-4224 MM067_1993_CT_SU2012_CL_12 
"<puede>"
	"poder" Verb VMfin lang:es 00:02:03 00:02:10 tt-4225 MM067_1993_CT_SU2012_CL_12 
"<crecer>"
	"crecer" Verb VLinf Infinitive lang:es 00:02:03 00:02:10 tt-4226 MM067_1993_CT_SU2012_CL_12 
"<hasta>"
	"hasta" Preposition PREP lang:es 00:02:15 00:02:22 tt-4227 MM067_1993_CT_SU2012_CL_12 @Gram:Prep 
"<lo>"
	"el" Determiner ART Singular lang:es 00:02:15 00:02:22 tt-4228 MM067_1993_CT_SU2012_CL_12 
"<que>"
	"que" Conjunction CQUE lang:es 00:02:15 00:02:22 tt-4229 MM067_1993_CT_SU2012_CL_12 
"<ellos>"
	"él" Pronoun PPX Plural lang:es 00:02:15 00:02:22 tt-4230 MM067_1993_CT_SU2012_CL_12 @Gram:Pron:Sujeto 
"<quieran>"
	"querer" Verb VLfin Past Subj Plural 2nd_or_3rd lang:es 00:02:15 00:02:22 tt-4231 MM067_1993_CT_SU2012_CL_12 @Gram:MSub:Pret 
"<y>"
	"y" Conjunction CC lang:es 00:02:15 00:02:22 tt-4232 MM067_1993_CT_SU2012_CL_12 
"<la>"
	"el" Determiner ART Singular Fem lang:es 00:02:15 00:02:22 tt-4233 MM067_1993_CT_SU2012_CL_12 @Gram:Det:Art 
"<universidad>"
	"universidad" Noun NC Singular lang:es 00:02:15 00:02:22 tt-4234 MM067_1993_CT_SU2012_CL_12 
"<te>"
	"tú" Pronoun PPX Singular lang:es 00:02:15 00:02:22 tt-4235 MM067_1993_CT_SU2012_CL_12 @Gram:Pron:Objeto 
"<...>"
	"..." Punctuation DOTS lang:es 00:02:15 00:02:22 tt-4236 MM067_1993_CT_SU2012_CL_12 
"<hace>"
	"hacer" Verb VLfin Pres Indi Sing 3rd lang:es 00:02:15 00:02:22 tt-4237 MM067_1993_CT_SU2012_CL_12 
"<el>"
	"el" Determiner ART Singular Masc lang:es 00:02:15 00:02:22 tt-4238 MM067_1993_CT_SU2012_CL_12 @Gram:Det:Art 
"<camino>"
	"camino" Noun NC Singular lang:es 00:02:15 00:02:22 tt-4239 MM067_1993_CT_SU2012_CL_12 
"<más>"
	"más" Adverb ADV lang:es 00:02:15 00:02:22 tt-4240 MM067_1993_CT_SU2012_CL_12 
"<fácil>"
	"fácil" Adjective ADJ Singular lang:es 00:02:15 00:02:22 tt-4241 MM067_1993_CT_SU2012_CL_12 
"<$.>"
	"." Punctuation FS lang:es 00:02:15 00:02:22 tt-4242 MM067_1993_CT_SU2012_CL_12 

"<Y>"
	"y" Conjunction CC lang:es 00:02:15 00:02:22 tt-4243 MM067_1993_CT_SU2012_CL_12 
"<claro>"
	"claro" Adjective ADJ Singular lang:es 00:02:15 00:02:22 tt-4244 MM067_1993_CT_SU2012_CL_12 
"<cuesta>"
	"cuesta" Noun NC Singular lang:es 00:02:15 00:02:22 tt-4245 MM067_1993_CT_SU2012_CL_12 
"<,>"
	"," Punctuation CM lang:es 00:02:15 00:02:22 tt-4246 MM067_1993_CT_SU2012_CL_12 
"<pero>"
	"pero" Conjunction CCAD lang:es 00:02:26 00:02:33 tt-4247 MM067_1993_CT_SU2012_CL_12 @Prag:MarcadoresDisc:Revision 
"<,>"
	"," Punctuation CM lang:es 00:02:26 00:02:33 tt-4248 MM067_1993_CT_SU2012_CL_12 
<lang code="en">
"<I>"
	"I" Pronoun PP lang:en 00:02:26 00:02:33 tt-4249 MM067_1993_CT_SU2012_CL_12 
"<mean>"
	"mean" Verb VBP lang:en 00:02:26 00:02:33 tt-4250 MM067_1993_CT_SU2012_CL_12 
</lang>
"<,>"
	"," Punctuation CM lang:es 00:02:26 00:02:33 tt-4251 MM067_1993_CT_SU2012_CL_12 
"<hay>"
	"haber" Verb VHfin Pres Indi Sing 3rd lang:es 00:02:26 00:02:33 tt-4252 MM067_1993_CT_SU2012_CL_12 @Gram:Haber:Exist 
"<alternativas>"
	"alternativa" Noun NC Plural lang:es 00:02:26 00:02:33 tt-4253 MM067_1993_CT_SU2012_CL_12 
"<baratas>"
	"barato" Adjective ADJ Plural lang:es 00:02:26 00:02:33 tt-4254 MM067_1993_CT_SU2012_CL_12 
"<y>"
	"y" Conjunction CC lang:es 00:02:26 00:02:33 tt-4255 MM067_1993_CT_SU2012_CL_12 
"<alternativas>"
	"alternativo" Adjective ADJ Plural lang:es 00:02:26 00:02:33 tt-4256 MM067_1993_CT_SU2012_CL_12 
"<,>"
	"," Punctuation CM lang:es 00:02:26 00:02:33 tt-4257 MM067_1993_CT_SU2012_CL_12 
"<hay>"
	"haber" Verb VHfin Pres Indi Sing 3rd lang:es 00:02:26 00:02:33 tt-4258 MM067_1993_CT_SU2012_CL_12 @Gram:Haber:Exist 
"<asistencias>"
	"asistencia" Noun NC Plural lang:es 00:02:26 00:02:33 tt-4259 MM067_1993_CT_SU2012_CL_12 
"<,>"
	"," Punctuation CM lang:es 00:02:26 00:02:33 tt-4260 MM067_1993_CT_SU2012_CL_12 
"<cosas>"
	"cosa" Noun NC Plural lang:es 00:02:26 00:02:33 tt-4261 MM067_1993_CT_SU2012_CL_12 
"<sí>"
	"sí" Adverb ADV lang:es 00:02:26 00:02:33 tt-4262 MM067_1993_CT_SU2012_CL_12 
"<que>"
	"que" Conjunction CQUE lang:es 00:02:26 00:02:33 tt-4263 MM067_1993_CT_SU2012_CL_12 
"<para>"
	"para" Preposition PREP lang:es 00:02:26 00:02:33 tt-4264 MM067_1993_CT_SU2012_CL_12 @Gram:Prep:Para 
"<que>"
	"que" Conjunction CQUE lang:es 00:02:26 00:02:33 tt-4265 MM067_1993_CT_SU2012_CL_12 
"<puedas>"
	"poder" Verb VLfin Pres Subj Sing 2nd lang:es 00:02:26 00:02:33 tt-4266 MM067_1993_CT_SU2012_CL_12 @Gram:MSub:Pres 
"<,>"
	"," Punctuation CM lang:es 00:02:26 00:02:33 tt-4267 MM067_1993_CT_SU2012_CL_12 
"<puedas>"
	"poder" Verb VLfin Pres Subj Sing 2nd lang:es 00:02:26 00:02:33 tt-4268 MM067_1993_CT_SU2012_CL_12 @Gram:MSub:Pres 
"<seguir>"
	"seguir" Verb VLinf Infinitive lang:es 00:02:35 00:02:40 tt-4269 MM067_1993_CT_SU2012_CL_12 
"<$.>"
	"." Punctuation FS lang:es 00:02:35 00:02:40 tt-4270 MM067_1993_CT_SU2012_CL_12 
</speaker>
<speaker type="int">

"<Bien>"
	"bien" Adverb ADV lang:es 00:02:35 00:02:40 tt-4271 MM067_1993_CT_SU2012_CL_12 
"<,>"
	"," Punctuation CM lang:es 00:02:35 00:02:40 tt-4272 MM067_1993_CT_SU2012_CL_12 
"<$¿>"
	"¿" Punctuation FS lang:es 00:02:35 00:02:40 tt-4273 MM067_1993_CT_SU2012_CL_12 
"<y>"
	"y" Conjunction CC lang:es 00:02:35 00:02:40 tt-4274 MM067_1993_CT_SU2012_CL_12 
"<a>"
	"a" Preposition PREP lang:es 00:02:35 00:02:40 tt-4275 MM067_1993_CT_SU2012_CL_12 @Gram:Prep 
"<ti>"
	"tú" Pronoun PPX Singular lang:es 00:02:35 00:02:40 tt-4276 MM067_1993_CT_SU2012_CL_12 
"<te>"
	"tú" Pronoun PPX Singular lang:es 00:02:35 00:02:40 tt-4277 MM067_1993_CT_SU2012_CL_12 @Gram:Pron:Objeto 
"<gustaría>"
	"gustar" Verb VLfin Cond Indi Sing 1st_or_3rd lang:es 00:02:35 00:02:40 tt-4278 MM067_1993_CT_SU2012_CL_12 @Gram:Gustar:Interlocutor 
"<visitar>"
	"visitar" Verb VLinf Infinitive lang:es 00:02:35 00:02:40 tt-4279 MM067_1993_CT_SU2012_CL_12 
</speaker>
</text>

