<text id="OF087_1992_CT_SU2012_OW_02">
<speaker type="int">
"<Sí>"
	"sí" Adverb ADV lang:es 00:00:00 00:00:06 tt-250 OF087_1992_CT_SU2012_OW_02 
"<$.>"
	"." Punctuation FS lang:es 00:00:00 00:00:06 tt-251 OF087_1992_CT_SU2012_OW_02 

"<$¿>"
	"¿" Punctuation FS lang:es 00:00:00 00:00:06 tt-252 OF087_1992_CT_SU2012_OW_02 
"<Y>"
	"y" Conjunction CC lang:es 00:00:00 00:00:06 tt-253 OF087_1992_CT_SU2012_OW_02 
"<me>"
	"yo" Pronoun PPX Singular lang:es 00:00:00 00:00:06 tt-254 OF087_1992_CT_SU2012_OW_02 @Gram:Pron:Objeto 
"<puedes>"
	"poder" Verb VLfin Pres Indi Sing 2nd lang:es 00:00:00 00:00:06 tt-255 OF087_1992_CT_SU2012_OW_02 
"<contar>"
	"contar" Verb VLinf Infinitive lang:es 00:00:00 00:00:06 tt-256 OF087_1992_CT_SU2012_OW_02 
"<un>"
	"un" Determiner ART Singular lang:es 00:00:00 00:00:06 tt-257 OF087_1992_CT_SU2012_OW_02 
"<poco>"
	"poco" Adverb ADV lang:es 00:00:00 00:00:06 tt-258 OF087_1992_CT_SU2012_OW_02 
"<más>"
	"más" Adverb ADV lang:es 00:00:00 00:00:06 tt-259 OF087_1992_CT_SU2012_OW_02 
"<de>"
	"de" Preposition PREP lang:es 00:00:00 00:00:06 tt-260 OF087_1992_CT_SU2012_OW_02 @Gram:Prep 
"<...>"
	"..." Punctuation DOTS lang:es 00:00:00 00:00:06 tt-261 OF087_1992_CT_SU2012_OW_02 
"<de>"
	"de" Preposition PREP lang:es 00:00:00 00:00:06 tt-262 OF087_1992_CT_SU2012_OW_02 @Gram:Prep 
<lang code="en">
"<Oak>"
	"Oak" Noun NP Singular lang:en 00:00:00 00:00:06 tt-263 OF087_1992_CT_SU2012_OW_02 
"<Cliffs>"
	"Cliff" Noun NPS lang:en 00:00:00 00:00:06 tt-264 OF087_1992_CT_SU2012_OW_02 
</lang>
"<...>"
	"..." Punctuation DOTS lang:es 00:00:00 00:00:06 tt-265 OF087_1992_CT_SU2012_OW_02 
<lang code="en">
"<Oak>"
	"Oak" Noun NP Singular lang:en 00:00:00 00:00:06 tt-266 OF087_1992_CT_SU2012_OW_02 
"<Cliff>"
	"Cliff" Noun NP Singular lang:en 00:00:00 00:00:06 tt-267 OF087_1992_CT_SU2012_OW_02 
</lang>
"<$?>"
	"?" Punctuation FS lang:es 00:00:00 00:00:06 tt-268 OF087_1992_CT_SU2012_OW_02 
</speaker>
<speaker type="subj">

"<Viviendo>"
	"vivir" Verb VLger lang:es 00:00:06 00:00:13 tt-269 OF087_1992_CT_SU2012_OW_02 
"<en>"
	"en" Preposition PREP lang:es 00:00:06 00:00:13 tt-270 OF087_1992_CT_SU2012_OW_02 @Gram:Prep 
<lang code="en">
"<Oak>"
	"Oak" Noun NP Singular lang:en 00:00:06 00:00:13 tt-271 OF087_1992_CT_SU2012_OW_02 
"<Cliff>"
	"Cliff" Noun NP Singular lang:en 00:00:06 00:00:13 tt-272 OF087_1992_CT_SU2012_OW_02 
</lang>
"<...>"
	"..." Punctuation DOTS lang:es 00:00:06 00:00:13 tt-273 OF087_1992_CT_SU2012_OW_02 
"<uhm>"
	"UNK" Noun NP Singular lang:es 00:00:06 00:00:13 tt-274 OF087_1992_CT_SU2012_OW_02 
"<...>"
	"..." Punctuation DOTS lang:es 00:00:06 00:00:13 tt-275 OF087_1992_CT_SU2012_OW_02 
"<[>"
	"[" Punctuation LP lang:es 00:00:06 00:00:13 tt-276 OF087_1992_CT_SU2012_OW_02 
"<Pausa>"
	"pausa" Noun NC Singular lang:es 00:00:06 00:00:13 tt-277 OF087_1992_CT_SU2012_OW_02 
"<]>"
	"]" Other RP lang:es 00:00:06 00:00:13 tt-278 OF087_1992_CT_SU2012_OW_02 
"<Conozco>"
	"conocer" Verb VLfin Pres Indi Sing 1st lang:es 00:00:06 00:00:13 tt-279 OF087_1992_CT_SU2012_OW_02 
"<muchos>"
	"mucho" Determiner QU lang:es 00:00:06 00:00:13 tt-280 OF087_1992_CT_SU2012_OW_02 @Gram:Det:CuantIndef 
"<...>"
	"..." Punctuation DOTS lang:es 00:00:06 00:00:13 tt-281 OF087_1992_CT_SU2012_OW_02 
"<muchas>"
	"mucho" Determiner QU lang:es 00:00:06 00:00:13 tt-282 OF087_1992_CT_SU2012_OW_02 @Gram:Det:CuantIndef 
"<cosas>"
	"cosa" Noun NC Plural lang:es 00:00:06 00:00:13 tt-283 OF087_1992_CT_SU2012_OW_02 
"<que>"
	"que" Conjunction CQUE lang:es 00:00:06 00:00:13 tt-284 OF087_1992_CT_SU2012_OW_02 
"<...>"
	"..." Punctuation DOTS lang:es 00:00:06 00:00:13 tt-285 OF087_1992_CT_SU2012_OW_02 
"<que>"
	"que" Conjunction CQUE lang:es 00:00:06 00:00:13 tt-286 OF087_1992_CT_SU2012_OW_02 
"<la>"
	"el" Determiner ART Singular Fem lang:es 00:00:06 00:00:13 tt-287 OF087_1992_CT_SU2012_OW_02 @Gram:Det:Art 
"<mayoría>"
	"mayoría" Noun NC Singular lang:es 00:00:06 00:00:13 tt-288 OF087_1992_CT_SU2012_OW_02 
"<de>"
	"de" Preposition PREP lang:es 00:00:13 00:00:20 tt-289 OF087_1992_CT_SU2012_OW_02 @Gram:Prep 
"<la>"
	"el" Determiner ART Singular Fem lang:es 00:00:13 00:00:20 tt-290 OF087_1992_CT_SU2012_OW_02 @Gram:Det:Art 
"<gente>"
	"gente" Noun NC Singular lang:es 00:00:13 00:00:20 tt-291 OF087_1992_CT_SU2012_OW_02 
"<solo>"
	"solo" Noun NC Singular lang:es 00:00:13 00:00:20 tt-292 OF087_1992_CT_SU2012_OW_02 
"<...>"
	"..." Punctuation DOTS lang:es 00:00:13 00:00:20 tt-293 OF087_1992_CT_SU2012_OW_02 
"<solo>"
	"solo" Noun NC Singular lang:es 00:00:13 00:00:20 tt-294 OF087_1992_CT_SU2012_OW_02 
"<se>"
	"se" Other SE lang:es 00:00:13 00:00:20 tt-295 OF087_1992_CT_SU2012_OW_02 
"<ven>"
	"ver" Verb VLfin Pres Indi Plural 3rd lang:es 00:00:13 00:00:20 tt-296 OF087_1992_CT_SU2012_OW_02 
"<en>"
	"en" Preposition PREP lang:es 00:00:13 00:00:20 tt-297 OF087_1992_CT_SU2012_OW_02 @Gram:Prep 
"<...>"
	"..." Punctuation DOTS lang:es 00:00:13 00:00:20 tt-298 OF087_1992_CT_SU2012_OW_02 
"<en>"
	"en" Preposition PREP lang:es 00:00:13 00:00:20 tt-299 OF087_1992_CT_SU2012_OW_02 @Gram:Prep 
"<la>"
	"el" Determiner ART Singular Fem lang:es 00:00:13 00:00:20 tt-300 OF087_1992_CT_SU2012_OW_02 @Gram:Det:Art 
"<televisión>"
	"televisión" Noun NC Singular lang:es 00:00:13 00:00:20 tt-301 OF087_1992_CT_SU2012_OW_02 
"<$.>"
	"." Punctuation FS lang:es 00:00:13 00:00:20 tt-302 OF087_1992_CT_SU2012_OW_02 

"<Como>"
	"como" Conjunction CSUBX lang:es 00:00:13 00:00:20 tt-303 OF087_1992_CT_SU2012_OW_02 
"<uhm>"
	"UNK" Noun NP Singular lang:es 00:00:13 00:00:20 tt-304 OF087_1992_CT_SU2012_OW_02 
"<...>"
	"..." Punctuation DOTS lang:es 00:00:13 00:00:20 tt-305 OF087_1992_CT_SU2012_OW_02 
"<el>"
	"el" Determiner ART Singular Masc lang:es 00:00:13 00:00:20 tt-306 OF087_1992_CT_SU2012_OW_02 @Gram:Det:Art 
"<crimen>"
	"crimen" Noun NC Singular lang:es 00:00:13 00:00:20 tt-307 OF087_1992_CT_SU2012_OW_02 
"<,>"
	"," Punctuation CM lang:es 00:00:13 00:00:20 tt-308 OF087_1992_CT_SU2012_OW_02 
"<los>"
	"el" Determiner ART Plural Masc lang:es 00:00:13 00:00:20 tt-309 OF087_1992_CT_SU2012_OW_02 @Gram:Det:Art 
"<...>"
	"..." Punctuation DOTS lang:es 00:00:13 00:00:20 tt-310 OF087_1992_CT_SU2012_OW_02 
"<los>"
	"el" Determiner ART Plural Masc lang:es 00:00:13 00:00:20 tt-311 OF087_1992_CT_SU2012_OW_02 @Gram:Det:Art 
"<cosas>"
	"cosa" Noun NC Plural lang:es 00:00:23 00:00:30 tt-312 OF087_1992_CT_SU2012_OW_02 
"<de>"
	"de" Preposition PREP lang:es 00:00:23 00:00:30 tt-313 OF087_1992_CT_SU2012_OW_02 @Gram:Prep 
"<...>"
	"..." Punctuation DOTS lang:es 00:00:23 00:00:30 tt-314 OF087_1992_CT_SU2012_OW_02 
"<de>"
	"de" Preposition PREP lang:es 00:00:23 00:00:30 tt-315 OF087_1992_CT_SU2012_OW_02 @Gram:Prep 
<lang code="en">
"<gangs>"
	"gang" Noun NNS lang:en 00:00:23 00:00:30 tt-316 OF087_1992_CT_SU2012_OW_02 
</lang>
"<y>"
	"y" Conjunction CC lang:es 00:00:23 00:00:30 tt-317 OF087_1992_CT_SU2012_OW_02 
"<...>"
	"..." Punctuation DOTS lang:es 00:00:23 00:00:30 tt-318 OF087_1992_CT_SU2012_OW_02 
"<y>"
	"y" Conjunction CC lang:es 00:00:23 00:00:30 tt-319 OF087_1992_CT_SU2012_OW_02 
"<de>"
	"de" Preposition PREP lang:es 00:00:23 00:00:30 tt-320 OF087_1992_CT_SU2012_OW_02 @Gram:Prep 
"<drogas>"
	"drogar" Verb VLfin Pres Indi Sing 2nd lang:es 00:00:23 00:00:30 tt-321 OF087_1992_CT_SU2012_OW_02 
"<y>"
	"y" Conjunction CC lang:es 00:00:23 00:00:30 tt-322 OF087_1992_CT_SU2012_OW_02 
"<de>"
	"de" Preposition PREP lang:es 00:00:23 00:00:30 tt-323 OF087_1992_CT_SU2012_OW_02 @Gram:Prep 
"<...>"
	"..." Punctuation DOTS lang:es 00:00:23 00:00:30 tt-324 OF087_1992_CT_SU2012_OW_02 
"<de>"
	"de" Preposition PREP lang:es 00:00:23 00:00:30 tt-325 OF087_1992_CT_SU2012_OW_02 @Gram:Prep 
"<violencia>"
	"violencia" Noun NC Singular lang:es 00:00:23 00:00:30 tt-326 OF087_1992_CT_SU2012_OW_02 
"<$.>"
	"." Punctuation FS lang:es 00:00:23 00:00:30 tt-327 OF087_1992_CT_SU2012_OW_02 
<lang code="en">

"<Oak>"
	"Oak" Noun NP Singular lang:en 00:00:23 00:00:30 tt-328 OF087_1992_CT_SU2012_OW_02 
"<Cliff>"
	"Cliff" Noun NP Singular lang:en 00:00:23 00:00:30 tt-329 OF087_1992_CT_SU2012_OW_02 
</lang>
"<es>"
	"ser" Verb VSfin Pres Indi Sing 3rd lang:es 00:00:23 00:00:30 tt-330 OF087_1992_CT_SU2012_OW_02 @Gram:SerEstar:Ser 
"<muy>"
	"muy" Adverb ADV lang:es 00:00:23 00:00:30 tt-331 OF087_1992_CT_SU2012_OW_02 
"<diverso>"
	"diversos" Determiner QU lang:es 00:00:23 00:00:30 tt-332 OF087_1992_CT_SU2012_OW_02 
"<$.>"
	"." Punctuation FS lang:es 00:00:23 00:00:30 tt-333 OF087_1992_CT_SU2012_OW_02 

"<Hay>"
	"haber" Verb VHfin Pres Indi Sing 3rd lang:es 00:00:36 00:00:43 tt-334 OF087_1992_CT_SU2012_OW_02 @Gram:Haber:Exist 
"<gente>"
	"gente" Noun NC Singular lang:es 00:00:36 00:00:43 tt-335 OF087_1992_CT_SU2012_OW_02 
"<hispana>"
	"hispano" Adjective ADJ Singular lang:es 00:00:36 00:00:43 tt-336 OF087_1992_CT_SU2012_OW_02 
"<,>"
	"," Punctuation CM lang:es 00:00:36 00:00:43 tt-337 OF087_1992_CT_SU2012_OW_02 
"<uhm>"
	"UNK" Noun NC Singular lang:es 00:00:36 00:00:43 tt-338 OF087_1992_CT_SU2012_OW_02 
"<...>"
	"..." Punctuation DOTS lang:es 00:00:36 00:00:43 tt-339 OF087_1992_CT_SU2012_OW_02 
"<asianos>"
	"UNK" Noun NC Plural lang:es 00:00:36 00:00:43 tt-340 OF087_1992_CT_SU2012_OW_02 
"<,>"
	"," Punctuation CM lang:es 00:00:36 00:00:43 tt-341 OF087_1992_CT_SU2012_OW_02 
"<los>"
	"el" Determiner ART Plural Masc lang:es 00:00:36 00:00:43 tt-342 OF087_1992_CT_SU2012_OW_02 @Gram:Det:Art 
"<negros>"
	"negro" Adjective ADJ Plural lang:es 00:00:36 00:00:43 tt-343 OF087_1992_CT_SU2012_OW_02 
"<,>"
	"," Punctuation CM lang:es 00:00:36 00:00:43 tt-344 OF087_1992_CT_SU2012_OW_02 
"<los>"
	"el" Determiner ART Plural Masc lang:es 00:00:36 00:00:43 tt-345 OF087_1992_CT_SU2012_OW_02 @Gram:Det:Art 
"<...>"
	"..." Punctuation DOTS lang:es 00:00:36 00:00:43 tt-346 OF087_1992_CT_SU2012_OW_02 
"<los>"
	"el" Determiner ART Plural Masc lang:es 00:00:36 00:00:43 tt-347 OF087_1992_CT_SU2012_OW_02 @Gram:Det:Art 
"<gringos>"
	"gringos" Adjective ADJ Plural lang:es 00:00:36 00:00:43 tt-348 OF087_1992_CT_SU2012_OW_02 
"<$.>"
	"." Punctuation FS lang:es 00:00:36 00:00:43 tt-349 OF087_1992_CT_SU2012_OW_02 

"<Pero>"
	"pero" Conjunction CCAD lang:es 00:00:36 00:00:43 tt-350 OF087_1992_CT_SU2012_OW_02 @Prag:MarcadoresDisc:Revision 
"<en>"
	"en" Preposition PREP lang:es 00:00:36 00:00:43 tt-351 OF087_1992_CT_SU2012_OW_02 @Gram:Prep 
<lang code="en">
"<Oak>"
	"Oak" Noun NP Singular lang:en 00:00:36 00:00:43 tt-352 OF087_1992_CT_SU2012_OW_02 
"<Cliff>"
	"Cliff" Noun NP Singular lang:en 00:00:36 00:00:43 tt-353 OF087_1992_CT_SU2012_OW_02 
</lang>
"<,>"
	"," Punctuation CM lang:es 00:00:36 00:00:43 tt-354 OF087_1992_CT_SU2012_OW_02 
"<es>"
	"ser" Verb VSfin Pres Indi Sing 3rd lang:es 00:00:36 00:00:43 tt-355 OF087_1992_CT_SU2012_OW_02 @Gram:SerEstar:Ser 
"<mayoría>"
	"mayoría" Noun NC Singular lang:es 00:00:36 00:00:43 tt-356 OF087_1992_CT_SU2012_OW_02 
"<hispano>"
	"hispano" Adjective ADJ Singular lang:es 00:00:46 00:00:53 tt-357 OF087_1992_CT_SU2012_OW_02 
"<y>"
	"y" Conjunction CC lang:es 00:00:46 00:00:53 tt-358 OF087_1992_CT_SU2012_OW_02 
"<...>"
	"..." Punctuation DOTS lang:es 00:00:46 00:00:53 tt-359 OF087_1992_CT_SU2012_OW_02 
"<y>"
	"y" Conjunction CC lang:es 00:00:46 00:00:53 tt-360 OF087_1992_CT_SU2012_OW_02 
"<negro>"
	"negro" Adjective ADJ Singular lang:es 00:00:46 00:00:53 tt-361 OF087_1992_CT_SU2012_OW_02 
"<$.>"
	"." Punctuation FS lang:es 00:00:46 00:00:53 tt-362 OF087_1992_CT_SU2012_OW_02 

"<Y>"
	"y" Conjunction CC lang:es 00:00:46 00:00:53 tt-363 OF087_1992_CT_SU2012_OW_02 
"<,>"
	"," Punctuation CM lang:es 00:00:46 00:00:53 tt-364 OF087_1992_CT_SU2012_OW_02 
"<pues>"
	"pues" Conjunction CSUBF lang:es 00:00:46 00:00:53 tt-365 OF087_1992_CT_SU2012_OW_02 
"<,>"
	"," Punctuation CM lang:es 00:00:46 00:00:53 tt-366 OF087_1992_CT_SU2012_OW_02 
"<yo>"
	"yo" Pronoun PPX Singular lang:es 00:00:46 00:00:53 tt-367 OF087_1992_CT_SU2012_OW_02 @Gram:Pron:Sujeto 
"<fui>"
	"ir|ser" Verb VLfin Pret Indi Sing 1st lang:es 00:00:46 00:00:53 tt-368 OF087_1992_CT_SU2012_OW_02 @Gram:Indefinido 
"<a>"
	"a" Preposition PREP lang:es 00:00:46 00:00:53 tt-369 OF087_1992_CT_SU2012_OW_02 @Gram:Prep 
"<escuelas>"
	"escuela" Noun NC Plural lang:es 00:00:46 00:00:53 tt-370 OF087_1992_CT_SU2012_OW_02 
"<que>"
	"que" Conjunction CQUE lang:es 00:00:46 00:00:53 tt-371 OF087_1992_CT_SU2012_OW_02 
"<son>"
	"ser" Verb VSfin Pres Indi Plural 3rd lang:es 00:00:46 00:00:53 tt-372 OF087_1992_CT_SU2012_OW_02 @Gram:SerEstar:Ser 
"<...>"
	"..." Punctuation DOTS lang:es 00:00:46 00:00:53 tt-373 OF087_1992_CT_SU2012_OW_02 
"<que>"
	"que" Conjunction CQUE lang:es 00:00:46 00:00:53 tt-374 OF087_1992_CT_SU2012_OW_02 
"<eran>"
	"ser" Verb VSfin Imp Indi Plural 3rd lang:es 00:00:46 00:00:53 tt-375 OF087_1992_CT_SU2012_OW_02 @Gram:Imperf @Gram:SerEstar:Ser 
"<mayoría>"
	"mayoría" Noun NC Singular lang:es 00:00:46 00:00:53 tt-376 OF087_1992_CT_SU2012_OW_02 
"<negro>"
	"negro" Adjective ADJ Singular lang:es 00:00:46 00:00:53 tt-377 OF087_1992_CT_SU2012_OW_02 
"<$.>"
	"." Punctuation FS lang:es 00:00:46 00:00:53 tt-378 OF087_1992_CT_SU2012_OW_02 

"<Pero>"
	"pero" Conjunction CCAD lang:es 00:00:46 00:00:53 tt-379 OF087_1992_CT_SU2012_OW_02 @Prag:MarcadoresDisc:Revision 
"<si>"
	"si" Conjunction CSUBX lang:es 00:00:56 00:01:03 tt-380 OF087_1992_CT_SU2012_OW_02 
"<también>"
	"también" Adverb ADV lang:es 00:00:56 00:01:03 tt-381 OF087_1992_CT_SU2012_OW_02 @Prag:MarcadoresDisc:Igualdad 
"<hay>"
	"haber" Verb VHfin Pres Indi Sing 3rd lang:es 00:00:56 00:01:03 tt-382 OF087_1992_CT_SU2012_OW_02 @Gram:Haber:Exist 
"<...>"
	"..." Punctuation DOTS lang:es 00:00:56 00:01:03 tt-383 OF087_1992_CT_SU2012_OW_02 
"<hay>"
	"haber" Verb VHfin Pres Indi Sing 3rd lang:es 00:00:56 00:01:03 tt-384 OF087_1992_CT_SU2012_OW_02 @Gram:Haber:Exist 
"<escuelas>"
	"escuela" Noun NC Plural lang:es 00:00:56 00:01:03 tt-385 OF087_1992_CT_SU2012_OW_02 
"<que>"
	"que" Conjunction CQUE lang:es 00:00:56 00:01:03 tt-386 OF087_1992_CT_SU2012_OW_02 
"<son>"
	"ser" Verb VSfin Pres Indi Plural 3rd lang:es 00:00:56 00:01:03 tt-387 OF087_1992_CT_SU2012_OW_02 @Gram:SerEstar:Ser 
"<mayoría>"
	"mayoría" Noun NC Singular lang:es 00:00:56 00:01:03 tt-388 OF087_1992_CT_SU2012_OW_02 
"<hispanos>"
	"hispano" Adjective ADJ Plural lang:es 00:00:56 00:01:03 tt-389 OF087_1992_CT_SU2012_OW_02 
"<y>"
	"y" Conjunction CC lang:es 00:00:56 00:01:03 tt-390 OF087_1992_CT_SU2012_OW_02 
"<uhm>"
	"UNK" Noun NP Singular lang:es 00:00:56 00:01:03 tt-391 OF087_1992_CT_SU2012_OW_02 
"<...>"
	"..." Punctuation DOTS lang:es 00:00:56 00:01:03 tt-392 OF087_1992_CT_SU2012_OW_02 
"<como>"
	"como" Adverb ADV lang:es 00:00:56 00:01:03 tt-393 OF087_1992_CT_SU2012_OW_02 
"<mexicanos>"
	"mexicano" Adjective ADJ Plural lang:es 00:00:56 00:01:03 tt-394 OF087_1992_CT_SU2012_OW_02 
"<,>"
	"," Punctuation CM lang:es 00:00:56 00:01:03 tt-395 OF087_1992_CT_SU2012_OW_02 
"<salvadoreños>"
	"salvadoreño" Adjective ADJ Plural lang:es 00:00:56 00:01:03 tt-396 OF087_1992_CT_SU2012_OW_02 
"<,>"
	"," Punctuation CM lang:es 00:00:56 00:01:03 tt-397 OF087_1992_CT_SU2012_OW_02 
"<uhm>"
	"UNK" Noun NC Singular lang:es 00:00:56 00:01:03 tt-398 OF087_1992_CT_SU2012_OW_02 
"<...>"
	"..." Punctuation DOTS lang:es 00:00:56 00:01:03 tt-399 OF087_1992_CT_SU2012_OW_02 
"<poco>"
	"pocos" Determiner QU lang:es 00:01:04 00:01:11 tt-400 OF087_1992_CT_SU2012_OW_02 
"<boricuas>"
	"boricua" Noun NC Plural lang:es 00:01:04 00:01:11 tt-401 OF087_1992_CT_SU2012_OW_02 
"<$.>"
	"." Punctuation FS lang:es 00:01:04 00:01:11 tt-402 OF087_1992_CT_SU2012_OW_02 

"<Pero>"
	"pero" Conjunction CCAD lang:es 00:01:04 00:01:11 tt-403 OF087_1992_CT_SU2012_OW_02 @Prag:MarcadoresDisc:Revision 
"<la>"
	"el" Determiner ART Singular Fem lang:es 00:01:04 00:01:11 tt-404 OF087_1992_CT_SU2012_OW_02 @Gram:Det:Art 
"<escuela>"
	"escuela" Noun NC Singular lang:es 00:01:04 00:01:11 tt-405 OF087_1992_CT_SU2012_OW_02 
"<...>"
	"..." Punctuation DOTS lang:es 00:01:04 00:01:11 tt-406 OF087_1992_CT_SU2012_OW_02 
"<las>"
	"el" Determiner ART Plural Fem lang:es 00:01:04 00:01:11 tt-407 OF087_1992_CT_SU2012_OW_02 @Gram:Det:Art 
"<escuelas>"
	"escuela" Noun NC Plural lang:es 00:01:04 00:01:11 tt-408 OF087_1992_CT_SU2012_OW_02 
"<en>"
	"en" Preposition PREP lang:es 00:01:04 00:01:11 tt-409 OF087_1992_CT_SU2012_OW_02 @Gram:Prep 
"<cual>"
	"cual" Pronoun REL Singular lang:es 00:01:04 00:01:11 tt-410 OF087_1992_CT_SU2012_OW_02 
"<yo>"
	"yo" Pronoun PPX Singular lang:es 00:01:04 00:01:11 tt-411 OF087_1992_CT_SU2012_OW_02 @Gram:Pron:Sujeto 
"<crecí>"
	"crecer" Verb VLfin Pret Indi Sing 1st lang:es 00:01:04 00:01:11 tt-412 OF087_1992_CT_SU2012_OW_02 @Gram:Indefinido 
"<eran>"
	"ser" Verb VSfin Imp Indi Plural 3rd lang:es 00:01:04 00:01:11 tt-413 OF087_1992_CT_SU2012_OW_02 @Gram:Imperf @Gram:SerEstar:Ser 
"<...>"
	"..." Punctuation DOTS lang:es 00:01:04 00:01:11 tt-414 OF087_1992_CT_SU2012_OW_02 
"<eran>"
	"ser" Verb VSfin Imp Indi Plural 3rd lang:es 00:01:04 00:01:11 tt-415 OF087_1992_CT_SU2012_OW_02 @Gram:Imperf @Gram:SerEstar:Ser 
"<de>"
	"de" Preposition PREP lang:es 00:01:04 00:01:11 tt-416 OF087_1992_CT_SU2012_OW_02 @Gram:Prep 
"<...>"
	"..." Punctuation DOTS lang:es 00:01:04 00:01:11 tt-417 OF087_1992_CT_SU2012_OW_02 
"<como>"
	"como" Adverb ADV lang:es 00:01:14 00:01:21 tt-418 OF087_1992_CT_SU2012_OW_02 
"<...>"
	"..." Punctuation DOTS lang:es 00:01:14 00:01:21 tt-419 OF087_1992_CT_SU2012_OW_02 
"<dicen>"
	"decir" Verb VLfin Pres Indi Plural 3rd lang:es 00:01:14 00:01:21 tt-420 OF087_1992_CT_SU2012_OW_02 ID:171 R:Herit:Contacto:Mixtas:172 
<lang code="en">
"<low>"
	"low" Adjective JJ lang:en 00:01:14 00:01:21 tt-421 OF087_1992_CT_SU2012_OW_02 ID:172 
"<income>"
	"income" Noun NN lang:en 00:01:14 00:01:21 tt-422 OF087_1992_CT_SU2012_OW_02 
</lang>
"<$.>"
	"." Punctuation FS lang:es 00:01:14 00:01:21 tt-423 OF087_1992_CT_SU2012_OW_02 

"<Que>"
	"que" Conjunction CQUE lang:es 00:01:14 00:01:21 tt-424 OF087_1992_CT_SU2012_OW_02 
"<la>"
	"el" Determiner ART Singular Fem lang:es 00:01:14 00:01:21 tt-425 OF087_1992_CT_SU2012_OW_02 @Gram:Det:Art 
"<familias>"
	"familia" Noun NC Plural lang:es 00:01:14 00:01:21 tt-426 OF087_1992_CT_SU2012_OW_02 
"<no>"
	"no" Adverb NEG lang:es 00:01:14 00:01:21 tt-427 OF087_1992_CT_SU2012_OW_02 
"<tienen>"
	"tener" Verb VLfin Pres Indi Plural 3rd lang:es 00:01:14 00:01:21 tt-428 OF087_1992_CT_SU2012_OW_02 
"<mucho>"
	"mucho" Determiner QU lang:es 00:01:14 00:01:21 tt-429 OF087_1992_CT_SU2012_OW_02 
"<dinero>"
	"dinero" Noun NC Singular lang:es 00:01:14 00:01:21 tt-430 OF087_1992_CT_SU2012_OW_02 
"<$.>"
	"." Punctuation FS lang:es 00:01:14 00:01:21 tt-431 OF087_1992_CT_SU2012_OW_02 

"<Muchos>"
	"mucho" Determiner QU lang:es 00:01:14 00:01:21 tt-432 OF087_1992_CT_SU2012_OW_02 @Gram:Det:CuantIndef 
"<de>"
	"de" Preposition PREP lang:es 00:01:14 00:01:21 tt-433 OF087_1992_CT_SU2012_OW_02 @Gram:Prep 
"<los>"
	"el" Determiner ART Plural Masc lang:es 00:01:14 00:01:21 tt-434 OF087_1992_CT_SU2012_OW_02 @Gram:Det:Art 
"<niños>"
	"niño" Noun NC Plural lang:es 00:01:14 00:01:21 tt-435 OF087_1992_CT_SU2012_OW_02 
"<no>"
	"no" Adverb NEG lang:es 00:01:24 00:01:31 tt-436 OF087_1992_CT_SU2012_OW_02 
"<tienen>"
	"tener" Verb VLfin Pres Indi Plural 3rd lang:es 00:01:24 00:01:31 tt-437 OF087_1992_CT_SU2012_OW_02 
"<...>"
	"..." Punctuation DOTS lang:es 00:01:24 00:01:31 tt-438 OF087_1992_CT_SU2012_OW_02 
"<uhm>"
	"UNK" Noun NC Singular lang:es 00:01:24 00:01:31 tt-439 OF087_1992_CT_SU2012_OW_02 
"<...>"
	"..." Punctuation DOTS lang:es 00:01:24 00:01:31 tt-440 OF087_1992_CT_SU2012_OW_02 
"<no>"
	"no" Adverb NEG lang:es 00:01:24 00:01:31 tt-441 OF087_1992_CT_SU2012_OW_02 
"<tienen>"
	"tener" Verb VLfin Pres Indi Plural 3rd lang:es 00:01:24 00:01:31 tt-442 OF087_1992_CT_SU2012_OW_02 
"<los>"
	"el" Determiner ART Plural Masc lang:es 00:01:24 00:01:31 tt-443 OF087_1992_CT_SU2012_OW_02 @Gram:Det:Art 
"<dos>"
	"dos" Determiner CARD Plural lang:es 00:01:24 00:01:31 tt-444 OF087_1992_CT_SU2012_OW_02 
"<padres>"
	"padre" Noun NC Plural lang:es 00:01:24 00:01:31 tt-445 OF087_1992_CT_SU2012_OW_02 
"<en>"
	"en" Preposition PREP lang:es 00:01:24 00:01:31 tt-446 OF087_1992_CT_SU2012_OW_02 @Gram:Prep 
"<la>"
	"el" Determiner ART Singular Fem lang:es 00:01:24 00:01:31 tt-447 OF087_1992_CT_SU2012_OW_02 @Gram:Det:Art 
"<casa>"
	"casa" Noun NC Singular lang:es 00:01:24 00:01:31 tt-448 OF087_1992_CT_SU2012_OW_02 
"<$.>"
	"." Punctuation FS lang:es 00:01:24 00:01:31 tt-449 OF087_1992_CT_SU2012_OW_02 

"<A>"
	"a" Adverb ADV lang:es 00:01:24 00:01:31 tt-450 OF087_1992_CT_SU2012_OW_02 
"<veces>"
	"veces" Adverb ADV lang:es 00:01:24 00:01:31 tt-451 OF087_1992_CT_SU2012_OW_02 
"<es>"
	"ser" Verb VSfin Pres Indi Sing 3rd lang:es 00:01:24 00:01:31 tt-452 OF087_1992_CT_SU2012_OW_02 @Gram:SerEstar:Ser 
"<solo>"
	"solo" Adjective ADJ Singular lang:es 00:01:24 00:01:31 tt-453 OF087_1992_CT_SU2012_OW_02 
"<la>"
	"el" Determiner ART Singular Fem lang:es 00:01:24 00:01:31 tt-454 OF087_1992_CT_SU2012_OW_02 @Gram:Det:Art 
"<madre>"
	"madre" Noun NC Singular lang:es 00:01:24 00:01:31 tt-455 OF087_1992_CT_SU2012_OW_02 
"<o>"
	"o" Conjunction CC lang:es 00:01:24 00:01:31 tt-456 OF087_1992_CT_SU2012_OW_02 
"<los>"
	"el" Determiner ART Plural Masc lang:es 00:01:24 00:01:31 tt-457 OF087_1992_CT_SU2012_OW_02 @Gram:Det:Art 
"<abuelos>"
	"abuelo" Noun NC Plural lang:es 00:01:24 00:01:31 tt-458 OF087_1992_CT_SU2012_OW_02 
"<o>"
	"o" Conjunction CC lang:es 00:01:32 00:01:39 tt-459 OF087_1992_CT_SU2012_OW_02 
"<...>"
	"..." Punctuation DOTS lang:es 00:01:32 00:01:39 tt-460 OF087_1992_CT_SU2012_OW_02 
"<o>"
	"o" Conjunction CC lang:es 00:01:32 00:01:39 tt-461 OF087_1992_CT_SU2012_OW_02 
"<unos>"
	"un" Determiner ART Plural lang:es 00:01:32 00:01:39 tt-462 OF087_1992_CT_SU2012_OW_02 
"<tíos>"
	"tío" Noun NC Plural lang:es 00:01:32 00:01:39 tt-463 OF087_1992_CT_SU2012_OW_02 
"<o>"
	"o" Conjunction CC lang:es 00:01:32 00:01:39 tt-464 OF087_1992_CT_SU2012_OW_02 
"<tías>"
	"tío" Noun NC Plural lang:es 00:01:32 00:01:39 tt-465 OF087_1992_CT_SU2012_OW_02 
"<$.>"
	"." Punctuation FS lang:es 00:01:32 00:01:39 tt-466 OF087_1992_CT_SU2012_OW_02 

"<No>"
	"no" Adverb NEG lang:es 00:01:32 00:01:39 tt-467 OF087_1992_CT_SU2012_OW_02 
"<había>"
	"haber" Verb VHfin Imp Indi Sing 1st_or_3rd lang:es 00:01:32 00:01:39 tt-468 OF087_1992_CT_SU2012_OW_02 @Gram:Haber:Exist 
"<dinero>"
	"dinero" Noun NC Singular lang:es 00:01:32 00:01:39 tt-469 OF087_1992_CT_SU2012_OW_02 
"<$.>"
	"." Punctuation FS lang:es 00:01:32 00:01:39 tt-470 OF087_1992_CT_SU2012_OW_02 

"<No>"
	"no" Adverb NEG lang:es 00:01:32 00:01:39 tt-471 OF087_1992_CT_SU2012_OW_02 
"<había>"
	"haber" Verb VHfin Imp Indi Sing 1st_or_3rd lang:es 00:01:32 00:01:39 tt-472 OF087_1992_CT_SU2012_OW_02 @Gram:Haber:Exist 
"<seguridad>"
	"seguridad" Noun NC Singular lang:es 00:01:32 00:01:39 tt-473 OF087_1992_CT_SU2012_OW_02 
"<uhm>"
	"UNK" Noun NP Singular lang:es 00:01:32 00:01:39 tt-474 OF087_1992_CT_SU2012_OW_02 
"<...>"
	"..." Punctuation DOTS lang:es 00:01:32 00:01:39 tt-475 OF087_1992_CT_SU2012_OW_02 
"<porque>"
	"porque" Conjunction CSUBX lang:es 00:01:32 00:01:39 tt-476 OF087_1992_CT_SU2012_OW_02 @Prag:MarcadoresDisc:Causa 
"<...>"
	"..." Punctuation DOTS lang:es 00:01:32 00:01:39 tt-477 OF087_1992_CT_SU2012_OW_02 
"<uhm>"
	"UNK" Noun NP Singular lang:es 00:01:32 00:01:39 tt-478 OF087_1992_CT_SU2012_OW_02 
"<...>"
	"..." Punctuation DOTS lang:es 00:01:32 00:01:39 tt-479 OF087_1992_CT_SU2012_OW_02 
"<había>"
	"haber" Verb VHfin Imp Indi Sing 1st_or_3rd lang:es 00:01:32 00:01:39 tt-480 OF087_1992_CT_SU2012_OW_02 @Gram:Haber:Exist 
"<unas>"
	"un" Determiner ART Plural lang:es 00:01:32 00:01:39 tt-481 OF087_1992_CT_SU2012_OW_02 
"<calles>"
	"calle" Noun NC Plural lang:es 00:01:44 00:01:51 tt-482 OF087_1992_CT_SU2012_OW_02 
"<que>"
	"que" Conjunction CQUE lang:es 00:01:44 00:01:51 tt-483 OF087_1992_CT_SU2012_OW_02 
"<...>"
	"..." Punctuation DOTS lang:es 00:01:44 00:01:51 tt-484 OF087_1992_CT_SU2012_OW_02 
"<que>"
	"que" Conjunction CQUE lang:es 00:01:44 00:01:51 tt-485 OF087_1992_CT_SU2012_OW_02 
"<no>"
	"no" Adverb NEG lang:es 00:01:44 00:01:51 tt-486 OF087_1992_CT_SU2012_OW_02 
"<deben>"
	"deber" Verb VMfin lang:es 00:01:44 00:01:51 tt-487 OF087_1992_CT_SU2012_OW_02 
"<...>"
	"..." Punctuation DOTS lang:es 00:01:44 00:01:51 tt-488 OF087_1992_CT_SU2012_OW_02 
"<no>"
	"no" Adverb NEG lang:es 00:01:44 00:01:51 tt-489 OF087_1992_CT_SU2012_OW_02 
"<debimos>"
	"deber" Verb VLfin Pres_or_Pret Indi Plural 1st lang:es 00:01:44 00:01:51 tt-490 OF087_1992_CT_SU2012_OW_02 
"<de>"
	"de" Preposition PREP lang:es 00:01:44 00:01:51 tt-491 OF087_1992_CT_SU2012_OW_02 @Gram:Prep 
"<...>"
	"..." Punctuation DOTS lang:es 00:01:44 00:01:51 tt-492 OF087_1992_CT_SU2012_OW_02 
"<de>"
	"de" Preposition PREP lang:es 00:01:44 00:01:51 tt-493 OF087_1992_CT_SU2012_OW_02 @Gram:Prep 
"<estar>"
	"estar" Verb VLinf VEinf Infinitive lang:es 00:01:44 00:01:51 tt-494 OF087_1992_CT_SU2012_OW_02 @Gram:SerEstar:Estar 
"<en>"
	"en" Preposition PREP lang:es 00:01:44 00:01:51 tt-495 OF087_1992_CT_SU2012_OW_02 @Gram:Prep 
"<la>"
	"el" Determiner ART Singular Fem lang:es 00:01:44 00:01:51 tt-496 OF087_1992_CT_SU2012_OW_02 @Gram:Det:Art 
"<calle>"
	"calle" Noun NC Singular lang:es 00:01:44 00:01:51 tt-497 OF087_1992_CT_SU2012_OW_02 
"<por>"
	"por" Preposition PREP lang:es 00:01:44 00:01:51 tt-498 OF087_1992_CT_SU2012_OW_02 @Gram:Prep:Por 
"<la>"
	"el" Determiner ART Singular Fem lang:es 00:01:44 00:01:51 tt-499 OF087_1992_CT_SU2012_OW_02 @Gram:Det:Art 
"<tarde>"
	"tarde" Adverb ADV lang:es 00:01:44 00:01:51 tt-500 OF087_1992_CT_SU2012_OW_02 
"<porque>"
	"porque" Conjunction CSUBX lang:es 00:01:44 00:01:51 tt-501 OF087_1992_CT_SU2012_OW_02 @Prag:MarcadoresDisc:Causa 
"<había>"
	"haber" Verb VHfin Imp Indi Sing 1st_or_3rd lang:es 00:01:52 00:01:59 tt-502 OF087_1992_CT_SU2012_OW_02 @Gram:Haber:Exist 
"<...>"
	"..." Punctuation DOTS lang:es 00:01:52 00:01:59 tt-503 OF087_1992_CT_SU2012_OW_02 
"<había>"
	"haber" Verb VHfin Imp Indi Sing 1st_or_3rd lang:es 00:01:52 00:01:59 tt-504 OF087_1992_CT_SU2012_OW_02 @Gram:Haber:Exist 
"<drogas>"
	"drogar" Verb VLfin Pres Indi Sing 2nd lang:es 00:01:52 00:01:59 tt-505 OF087_1992_CT_SU2012_OW_02 
"<y>"
	"y" Conjunction CC lang:es 00:01:52 00:01:59 tt-506 OF087_1992_CT_SU2012_OW_02 
"<violencia>"
	"violencia" Noun NC Singular lang:es 00:01:52 00:01:59 tt-507 OF087_1992_CT_SU2012_OW_02 
"<$.>"
	"." Punctuation FS lang:es 00:01:52 00:01:59 tt-508 OF087_1992_CT_SU2012_OW_02 

"<La>"
	"el" Determiner ART Singular Fem lang:es 00:01:52 00:01:59 tt-509 OF087_1992_CT_SU2012_OW_02 @Gram:Det:Art 
"<mayoría>"
	"mayoría" Noun NC Singular lang:es 00:01:52 00:01:59 tt-510 OF087_1992_CT_SU2012_OW_02 
"<de>"
	"de" Preposition PREP lang:es 00:01:52 00:01:59 tt-511 OF087_1992_CT_SU2012_OW_02 @Gram:Prep 
"<...>"
	"..." Punctuation DOTS lang:es 00:01:52 00:01:59 tt-512 OF087_1992_CT_SU2012_OW_02 
"<de>"
	"de" Preposition PREP lang:es 00:01:52 00:01:59 tt-513 OF087_1992_CT_SU2012_OW_02 @Gram:Prep 
"<nosotros>"
	"nosotros" Pronoun PPX Plural lang:es 00:01:52 00:01:59 tt-514 OF087_1992_CT_SU2012_OW_02 @Gram:Pron:Sujeto 
"<eh>"
	"eh" Noun NP Singular lang:es 00:01:52 00:01:59 tt-515 OF087_1992_CT_SU2012_OW_02 
"<...>"
	"..." Punctuation DOTS lang:es 00:01:52 00:01:59 tt-516 OF087_1992_CT_SU2012_OW_02 
"<vimos>"
	"ver" Verb VLfin Pres_or_Pret Indi Plural 1st lang:es 00:01:52 00:01:59 tt-517 OF087_1992_CT_SU2012_OW_02 
"<pistolas>"
	"pistola" Noun NC Plural lang:es 00:01:52 00:01:59 tt-518 OF087_1992_CT_SU2012_OW_02 
"<por>"
	"por" Preposition PREP lang:es 00:01:52 00:01:59 tt-519 OF087_1992_CT_SU2012_OW_02 @Gram:Prep:Por 
"<...>"
	"..." Punctuation DOTS lang:es 00:01:52 00:01:59 tt-520 OF087_1992_CT_SU2012_OW_02 
"<por>"
	"por" Preposition PREP lang:es 00:01:52 00:01:59 tt-521 OF087_1992_CT_SU2012_OW_02 @Gram:Prep:Por 
"<nuestros>"
	"nuestro" Pronoun PPO Plural lang:es 00:02:06 00:02:13 tt-522 OF087_1992_CT_SU2012_OW_02 @Gram:Det:Pos 
"<ojos>"
	"ojo" Noun NC Plural lang:es 00:02:06 00:02:13 tt-523 OF087_1992_CT_SU2012_OW_02 
"<$.>"
	"." Punctuation FS lang:es 00:02:06 00:02:13 tt-524 OF087_1992_CT_SU2012_OW_02 

"<En>"
	"en" Preposition PREP lang:es 00:02:06 00:02:13 tt-525 OF087_1992_CT_SU2012_OW_02 @Gram:Prep 
"<mi>"
	"mío" Pronoun PPO Singular lang:es 00:02:06 00:02:13 tt-526 OF087_1992_CT_SU2012_OW_02 @Gram:Det:Pos 
"<...>"
	"..." Punctuation DOTS lang:es 00:02:06 00:02:13 tt-527 OF087_1992_CT_SU2012_OW_02 
"<mi>"
	"mío" Pronoun PPO Singular lang:es 00:02:06 00:02:13 tt-528 OF087_1992_CT_SU2012_OW_02 @Gram:Det:Pos 
"<escuela>"
	"escuela" Noun NC Singular lang:es 00:02:06 00:02:13 tt-529 OF087_1992_CT_SU2012_OW_02 
"<de>"
	"de" Preposition PREP lang:es 00:02:06 00:02:13 tt-530 OF087_1992_CT_SU2012_OW_02 @Gram:Prep 
"<secundario>"
	"secundario" Adjective ADJ Singular lang:es 00:02:06 00:02:13 tt-531 OF087_1992_CT_SU2012_OW_02 
"<,>"
	"," Punctuation CM lang:es 00:02:06 00:02:13 tt-532 OF087_1992_CT_SU2012_OW_02 
"<había>"
	"haber" Verb VHfin Imp Indi Sing 1st_or_3rd lang:es 00:02:06 00:02:13 tt-533 OF087_1992_CT_SU2012_OW_02 @Gram:Haber:Exist 
"<un>"
	"un" Determiner ART Singular lang:es 00:02:06 00:02:13 tt-534 OF087_1992_CT_SU2012_OW_02 
"<...>"
	"..." Punctuation DOTS lang:es 00:02:06 00:02:13 tt-535 OF087_1992_CT_SU2012_OW_02 
"<uhm>"
	"UNK" Noun NP Singular lang:es 00:02:06 00:02:13 tt-536 OF087_1992_CT_SU2012_OW_02 
"<...>"
	"..." Punctuation DOTS lang:es 00:02:06 00:02:13 tt-537 OF087_1992_CT_SU2012_OW_02 
"<había>"
	"haber" Verb VHfin Imp Indi Sing 1st_or_3rd lang:es 00:02:06 00:02:13 tt-538 OF087_1992_CT_SU2012_OW_02 @Gram:Haber:Exist 
"<un>"
	"un" Determiner ART Singular lang:es 00:02:06 00:02:13 tt-539 OF087_1992_CT_SU2012_OW_02 
<lang code="en">
"<shooting>"
	"shoot" Verb VBG lang:en 00:02:06 00:02:13 tt-540 OF087_1992_CT_SU2012_OW_02 
</lang>
"<que>"
	"que" Conjunction CQUE lang:es 00:02:06 00:02:13 tt-541 OF087_1992_CT_SU2012_OW_02 
"<...>"
	"..." Punctuation DOTS lang:es 00:02:06 00:02:13 tt-542 OF087_1992_CT_SU2012_OW_02 
"<que>"
	"que" Conjunction CQUE lang:es 00:02:06 00:02:13 tt-543 OF087_1992_CT_SU2012_OW_02 
"<pasó>"
	"pasar" Verb VLfin Pret Indi Sing 3rd lang:es 00:02:16 00:02:23 tt-544 OF087_1992_CT_SU2012_OW_02 @Gram:Indefinido 
"<durante>"
	"durante" Preposition PREP lang:es 00:02:16 00:02:23 tt-545 OF087_1992_CT_SU2012_OW_02 @Gram:Prep 
"<de>"
	"de" Preposition PREP lang:es 00:02:16 00:02:23 tt-546 OF087_1992_CT_SU2012_OW_02 @Gram:Prep 
"<...>"
	"..." Punctuation DOTS lang:es 00:02:16 00:02:23 tt-547 OF087_1992_CT_SU2012_OW_02 
"<de>"
	"de" Preposition PREP lang:es 00:02:16 00:02:23 tt-548 OF087_1992_CT_SU2012_OW_02 @Gram:Prep 
"<escuela>"
	"escuela" Noun NC Singular lang:es 00:02:16 00:02:23 tt-549 OF087_1992_CT_SU2012_OW_02 
"<de>"
	"de" Preposition PREP lang:es 00:02:16 00:02:23 tt-550 OF087_1992_CT_SU2012_OW_02 @Gram:Prep 
"<verano>"
	"verano" Noun NC Singular lang:es 00:02:16 00:02:23 tt-551 OF087_1992_CT_SU2012_OW_02 
"<$.>"
	"." Punctuation FS lang:es 00:02:16 00:02:23 tt-552 OF087_1992_CT_SU2012_OW_02 

"<Era>"
	"ser" Verb VEfin Imp Indi Sing 1st_or_3rd lang:es 00:02:16 00:02:23 tt-553 OF087_1992_CT_SU2012_OW_02 @Gram:Imperf @Gram:SerEstar:Ser 
"<tres>"
	"tres" Determiner CARD Plural lang:es 00:02:16 00:02:23 tt-554 OF087_1992_CT_SU2012_OW_02 
"<hombres>"
	"hombre" Noun NC Plural lang:es 00:02:16 00:02:23 tt-555 OF087_1992_CT_SU2012_OW_02 
"<que>"
	"que" Conjunction CQUE lang:es 00:02:16 00:02:23 tt-556 OF087_1992_CT_SU2012_OW_02 
"<estaban>"
	"estar" Verb VEfin Imp Indi Plural 3rd lang:es 00:02:16 00:02:23 tt-557 OF087_1992_CT_SU2012_OW_02 @Gram:Imperf @Gram:SerEstar:Estar ID:308 R:Gram:SerEstar:EstarAux:309 
"<trabajando>"
	"trabajar" Verb VLger lang:es 00:02:16 00:02:23 tt-558 OF087_1992_CT_SU2012_OW_02 ID:309 
"<en>"
	"en" Preposition PREP lang:es 00:02:16 00:02:23 tt-559 OF087_1992_CT_SU2012_OW_02 @Gram:Prep 
"<un>"
	"un" Determiner ART Singular lang:es 00:02:24 00:02:30 tt-560 OF087_1992_CT_SU2012_OW_02 
"<...>"
	"..." Punctuation DOTS lang:es 00:02:24 00:02:30 tt-561 OF087_1992_CT_SU2012_OW_02 
"<en>"
	"en" Preposition PREP lang:es 00:02:24 00:02:30 tt-562 OF087_1992_CT_SU2012_OW_02 @Gram:Prep 
"<un>"
	"un" Determiner ART Singular lang:es 00:02:24 00:02:30 tt-563 OF087_1992_CT_SU2012_OW_02 
"<carro>"
	"carro" Noun NC Singular lang:es 00:02:24 00:02:30 tt-564 OF087_1992_CT_SU2012_OW_02 
"<enfrente>"
	"enfrente" Adverb ADV lang:es 00:02:24 00:02:30 tt-565 OF087_1992_CT_SU2012_OW_02 
"<de>"
	"de" Preposition PREP lang:es 00:02:24 00:02:30 tt-566 OF087_1992_CT_SU2012_OW_02 @Gram:Prep 
"<la>"
	"el" Determiner ART Singular Fem lang:es 00:02:24 00:02:30 tt-567 OF087_1992_CT_SU2012_OW_02 @Gram:Det:Art 
"<escuela>"
	"escuela" Noun NC Singular lang:es 00:02:24 00:02:30 tt-568 OF087_1992_CT_SU2012_OW_02 
"<$.>"
	"." Punctuation FS lang:es 00:02:24 00:02:30 tt-569 OF087_1992_CT_SU2012_OW_02 

"<Y>"
	"y" Conjunction CC lang:es 00:02:24 00:02:30 tt-570 OF087_1992_CT_SU2012_OW_02 
"<luego>"
	"luego" Adverb ADV lang:es 00:02:24 00:02:30 tt-571 OF087_1992_CT_SU2012_OW_02 
"<uhm>"
	"UNK" Noun NP Singular lang:es 00:02:24 00:02:30 tt-572 OF087_1992_CT_SU2012_OW_02 
"<...>"
	"..." Punctuation DOTS lang:es 00:02:24 00:02:30 tt-573 OF087_1992_CT_SU2012_OW_02 
"<un>"
	"un" Determiner ART Singular lang:es 00:02:24 00:02:30 tt-574 OF087_1992_CT_SU2012_OW_02 
"<carro>"
	"carro" Noun NC Singular lang:es 00:02:24 00:02:30 tt-575 OF087_1992_CT_SU2012_OW_02 
"<se>"
	"se" Other SE lang:es 00:02:24 00:02:30 tt-576 OF087_1992_CT_SU2012_OW_02 
"<pasó>"
	"pasar" Verb VLfin Pret Indi Sing 3rd lang:es 00:02:24 00:02:30 tt-577 OF087_1992_CT_SU2012_OW_02 @Gram:Indefinido 
"<enfrente>"
	"enfrente" Adverb ADV lang:es 00:02:24 00:02:30 tt-578 OF087_1992_CT_SU2012_OW_02 
"<de>"
	"de" Preposition PREP lang:es 00:02:24 00:02:30 tt-579 OF087_1992_CT_SU2012_OW_02 @Gram:Prep 
"<la>"
	"el" Determiner ART Singular Fem lang:es 00:02:24 00:02:30 tt-580 OF087_1992_CT_SU2012_OW_02 @Gram:Det:Art 
"<escuela>"
	"escuela" Noun NC Singular lang:es 00:02:24 00:02:30 tt-581 OF087_1992_CT_SU2012_OW_02 
"<con>"
	"con" Preposition PREP lang:es 00:02:30 00:02:37 tt-582 OF087_1992_CT_SU2012_OW_02 @Gram:Prep 
"<pistolas>"
	"pistola" Noun NC Plural lang:es 00:02:30 00:02:37 tt-583 OF087_1992_CT_SU2012_OW_02 
"<y>"
	"y" Conjunction CC lang:es 00:02:30 00:02:37 tt-584 OF087_1992_CT_SU2012_OW_02 
"<echando>"
	"echar" Verb VLger lang:es 00:02:30 00:02:37 tt-585 OF087_1992_CT_SU2012_OW_02 
"<balazos>"
	"balazo" Noun NC Plural lang:es 00:02:30 00:02:37 tt-586 OF087_1992_CT_SU2012_OW_02 
"<a>"
	"a" Preposition PREP lang:es 00:02:30 00:02:37 tt-587 OF087_1992_CT_SU2012_OW_02 @Gram:Prep 
"<la>"
	"el" Determiner ART Singular Fem lang:es 00:02:30 00:02:37 tt-588 OF087_1992_CT_SU2012_OW_02 @Gram:Det:Art 
"<escuela>"
	"escuela" Noun NC Singular lang:es 00:02:30 00:02:37 tt-589 OF087_1992_CT_SU2012_OW_02 
"<$.>"
	"." Punctuation FS lang:es 00:02:30 00:02:37 tt-590 OF087_1992_CT_SU2012_OW_02 

"<Era>"
	"ser" Verb VEfin Imp Indi Sing 1st_or_3rd lang:es 00:02:30 00:02:37 tt-591 OF087_1992_CT_SU2012_OW_02 @Gram:Imperf @Gram:SerEstar:Ser 
"<...>"
	"..." Punctuation DOTS lang:es 00:02:30 00:02:37 tt-592 OF087_1992_CT_SU2012_OW_02 
"<era>"
	"ser" Verb VEfin Imp Indi Sing 1st_or_3rd lang:es 00:02:30 00:02:37 tt-593 OF087_1992_CT_SU2012_OW_02 @Gram:Imperf @Gram:SerEstar:Ser 
"<un>"
	"un" Determiner ART Singular lang:es 00:02:30 00:02:37 tt-594 OF087_1992_CT_SU2012_OW_02 
"<drive-by>"
	"UNK" Noun NC Singular lang:es 00:02:30 00:02:37 tt-595 OF087_1992_CT_SU2012_OW_02 
"<en>"
	"en" Preposition PREP lang:es 00:02:30 00:02:37 tt-596 OF087_1992_CT_SU2012_OW_02 @Gram:Prep 
"<un>"
	"un" Determiner ART Singular lang:es 00:02:30 00:02:37 tt-597 OF087_1992_CT_SU2012_OW_02 
"<...>"
	"..." Punctuation DOTS lang:es 00:02:30 00:02:37 tt-598 OF087_1992_CT_SU2012_OW_02 
"<en>"
	"en" Preposition PREP lang:es 00:02:30 00:02:37 tt-599 OF087_1992_CT_SU2012_OW_02 @Gram:Prep 
"<un>"
	"un" Determiner ART Singular lang:es 00:02:30 00:02:37 tt-600 OF087_1992_CT_SU2012_OW_02 
"<escuela>"
	"escuela" Noun NC Singular lang:es 00:02:30 00:02:37 tt-601 OF087_1992_CT_SU2012_OW_02 
"<$.>"
	"." Punctuation FS lang:es 00:02:30 00:02:37 tt-602 OF087_1992_CT_SU2012_OW_02 

"<Las>"
	"el" Determiner ART Plural Fem lang:es 00:02:41 00:02:46 tt-603 OF087_1992_CT_SU2012_OW_02 @Gram:Det:Art 
"<nuevas>"
	"nueva" Noun NC Plural lang:es 00:02:41 00:02:46 tt-604 OF087_1992_CT_SU2012_OW_02 
"<y>"
	"y" Conjunction CC lang:es 00:02:41 00:02:46 tt-605 OF087_1992_CT_SU2012_OW_02 
"<la>"
	"el" Determiner ART Singular Fem lang:es 00:02:41 00:02:46 tt-606 OF087_1992_CT_SU2012_OW_02 @Gram:Det:Art 
"<policía>"
	"policía" Noun NC Singular lang:es 00:02:41 00:02:46 tt-607 OF087_1992_CT_SU2012_OW_02 
"<todo>"
	"todo" Determiner QU lang:es 00:02:41 00:02:46 tt-608 OF087_1992_CT_SU2012_OW_02 
"<el>"
	"el" Determiner ART Singular Masc lang:es 00:02:41 00:02:46 tt-609 OF087_1992_CT_SU2012_OW_02 @Gram:Det:Art 
"<tiempo>"
	"tiempo" Noun NC Singular lang:es 00:02:41 00:02:46 tt-610 OF087_1992_CT_SU2012_OW_02 
"<estaba>"
	"estar" Verb VEfin Imp Indi Sing 1st_or_3rd lang:es 00:02:41 00:02:46 tt-611 OF087_1992_CT_SU2012_OW_02 @Gram:Imperf @Gram:SerEstar:Estar 
"<en>"
	"en" Preposition PREP lang:es 00:02:41 00:02:46 tt-612 OF087_1992_CT_SU2012_OW_02 @Gram:Prep 
"<el>"
	"el" Determiner ART Singular Masc lang:es 00:02:41 00:02:46 tt-613 OF087_1992_CT_SU2012_OW_02 @Gram:Det:Art 
"<...>"
	"..." Punctuation DOTS lang:es 00:02:41 00:02:46 tt-614 OF087_1992_CT_SU2012_OW_02 
"<en>"
	"en" Preposition PREP lang:es 00:02:41 00:02:46 tt-615 OF087_1992_CT_SU2012_OW_02 @Gram:Prep 
"<...>"
	"..." Punctuation DOTS lang:es 00:02:41 00:02:46 tt-616 OF087_1992_CT_SU2012_OW_02 
"<en>"
	"en" Preposition PREP lang:es 00:02:41 00:02:46 tt-617 OF087_1992_CT_SU2012_OW_02 @Gram:Prep 
"<mi>"
	"mío" Pronoun PPO Singular lang:es 00:02:41 00:02:46 tt-618 OF087_1992_CT_SU2012_OW_02 @Gram:Det:Pos 
"<escuela>"
	"escuela" Noun NC Singular lang:es 00:02:41 00:02:46 tt-619 OF087_1992_CT_SU2012_OW_02 
"<por>"
	"por" Preposition PREP lang:es 00:02:41 00:02:46 tt-620 OF087_1992_CT_SU2012_OW_02 @Gram:Prep:Por 
"<varias>"
	"varios" Determiner QU lang:es 00:02:41 00:02:46 tt-621 OF087_1992_CT_SU2012_OW_02 @Gram:Det:CuantIndef 
"<veces>"
	"vez" Noun NC Plural lang:es 00:02:41 00:02:46 tt-622 OF087_1992_CT_SU2012_OW_02 
"<...>"
	"..." Punctuation DOTS lang:es 00:02:41 00:02:46 tt-623 OF087_1992_CT_SU2012_OW_02 
"<por>"
	"por" Preposition PREP lang:es 00:02:46 00:02:53 tt-624 OF087_1992_CT_SU2012_OW_02 @Gram:Prep:Por 
"<varias>"
	"varios" Determiner QU lang:es 00:02:46 00:02:53 tt-625 OF087_1992_CT_SU2012_OW_02 @Gram:Det:CuantIndef 
"<razones>"
	"razón" Noun NC Plural lang:es 00:02:46 00:02:53 tt-626 OF087_1992_CT_SU2012_OW_02 
"<y>"
	"y" Conjunction CC lang:es 00:02:46 00:02:53 tt-627 OF087_1992_CT_SU2012_OW_02 
"<...>"
	"..." Punctuation DOTS lang:es 00:02:46 00:02:53 tt-628 OF087_1992_CT_SU2012_OW_02 
"<uhm>"
	"UNK" Noun NP Singular lang:es 00:02:46 00:02:53 tt-629 OF087_1992_CT_SU2012_OW_02 
"<...>"
	"..." Punctuation DOTS lang:es 00:02:46 00:02:53 tt-630 OF087_1992_CT_SU2012_OW_02 
"<y>"
	"y" Conjunction CC lang:es 00:02:46 00:02:53 tt-631 OF087_1992_CT_SU2012_OW_02 
"<era>"
	"ser" Verb VEfin Imp Indi Sing 1st_or_3rd lang:es 00:02:46 00:02:53 tt-632 OF087_1992_CT_SU2012_OW_02 @Gram:Imperf @Gram:SerEstar:Ser 
"<la>"
	"el" Determiner ART Singular Fem lang:es 00:02:46 00:02:53 tt-633 OF087_1992_CT_SU2012_OW_02 @Gram:Det:Art 
"<cultura>"
	"cultura" Noun NC Singular lang:es 00:02:46 00:02:53 tt-634 OF087_1992_CT_SU2012_OW_02 
"<en>"
	"en" Preposition PREP lang:es 00:02:46 00:02:53 tt-635 OF087_1992_CT_SU2012_OW_02 @Gram:Prep 
<lang code="en">
"<Oak>"
	"Oak" Noun NP Singular lang:en 00:02:46 00:02:53 tt-636 OF087_1992_CT_SU2012_OW_02 
"<Cliff>"
	"Cliff" Noun NP Singular lang:en 00:02:46 00:02:53 tt-637 OF087_1992_CT_SU2012_OW_02 
</lang>
"<$.>"
	"." Punctuation FS lang:es 00:02:46 00:02:53 tt-638 OF087_1992_CT_SU2012_OW_02 
</speaker>
</text>

