<text id="OM023_1962_CT_SU2011_VA_07">
<speaker type="subj">
"<la>"
	"el" Determiner ART Singular Fem lang:es 00:00:00 00:00:07 tt-2765 OM023_1962_CT_SU2011_VA_07 @Gram:Det:Art ADD:395 
"<especificación>"
	"especificación" Noun NC Singular lang:es 00:00:00 00:00:07 tt-2766 OM023_1962_CT_SU2011_VA_07 
"<del>"
	"del" Preposition PDEL lang:es 00:00:00 00:00:07 tt-2767 OM023_1962_CT_SU2011_VA_07 @Gram:Prep ADD:580 
"<idioma>"
	"idioma" Noun NC Singular lang:es 00:00:00 00:00:07 tt-2768 OM023_1962_CT_SU2011_VA_07 
"<,>"
	"," Punctuation CM lang:es 00:00:00 00:00:07 tt-2769 OM023_1962_CT_SU2011_VA_07 
"<o>"
	"o" Adverb ADV lang:es 00:00:00 00:00:07 tt-2770 OM023_1962_CT_SU2011_VA_07 ID:6 R:Prag:MarcadoresDisc:Igualdad:7 ADDRELATION(Prag:MarcadoresDisc:Igualdad):1093 
"<sea>"
	"sea" Adverb ADV lang:es 00:00:00 00:00:07 tt-2771 OM023_1962_CT_SU2011_VA_07 ID:7 
"<en>"
	"en" Preposition PREP lang:es 00:00:00 00:00:07 tt-2772 OM023_1962_CT_SU2011_VA_07 @Gram:Prep ADD:580 
"<un>"
	"un" Determiner ART Singular lang:es 00:00:00 00:00:07 tt-2773 OM023_1962_CT_SU2011_VA_07 
"<contexto>"
	"contexto" Noun NC Singular lang:es 00:00:00 00:00:07 tt-2774 OM023_1962_CT_SU2011_VA_07 
"<más>"
	"más" Adverb ADV lang:es 00:00:00 00:00:07 tt-2775 OM023_1962_CT_SU2011_VA_07 
"<digamos>"
	"decir" Verb VLfin Pres Subj Plural 1st lang:es 00:00:00 00:00:07 tt-2776 OM023_1962_CT_SU2011_VA_07 @Gram:MSub:Pres ADD:738 
"<más>"
	"más" Adverb ADV lang:es 00:00:00 00:00:07 tt-2777 OM023_1962_CT_SU2011_VA_07 
"<técnico>"
	"técnico" Adjective ADJ Singular lang:es 00:00:00 00:00:07 tt-2778 OM023_1962_CT_SU2011_VA_07 
"<$.>"
	"." Punctuation FS lang:es 00:00:00 00:00:07 tt-2779 OM023_1962_CT_SU2011_VA_07 
</speaker>
<speaker type="int">

"<Muy>"
	"muy" Adverb ADV lang:es 00:00:00 00:00:07 tt-2780 OM023_1962_CT_SU2011_VA_07 
"<bien>"
	"bien" Adverb ADV lang:es 00:00:00 00:00:07 tt-2781 OM023_1962_CT_SU2011_VA_07 
"<$.>"
	"." Punctuation FS lang:es 00:00:00 00:00:07 tt-2782 OM023_1962_CT_SU2011_VA_07 
</speaker>
<speaker type="subj">

"<Bueno>"
	"bueno" Adjective ADJ Singular lang:es 00:00:00 00:00:07 tt-2783 OM023_1962_CT_SU2011_VA_07 
"<,>"
	"," Punctuation CM lang:es 00:00:00 00:00:07 tt-2784 OM023_1962_CT_SU2011_VA_07 
"<en>"
	"en" Preposition PREP lang:es 00:00:00 00:00:07 tt-2785 OM023_1962_CT_SU2011_VA_07 @Gram:Prep ADD:580 
"<mi>"
	"mío" Pronoun PPO Singular lang:es 00:00:00 00:00:07 tt-2786 OM023_1962_CT_SU2011_VA_07 @Gram:Det:Pos ADD:425 
"<casa>"
	"casa" Noun NC Singular lang:es 00:00:00 00:00:07 tt-2787 OM023_1962_CT_SU2011_VA_07 
"<,>"
	"," Punctuation CM lang:es 00:00:00 00:00:07 tt-2788 OM023_1962_CT_SU2011_VA_07 
"<yo>"
	"yo" Pronoun PPX Singular lang:es 00:00:18 00:00:24 tt-2789 OM023_1962_CT_SU2011_VA_07 @Gram:Pron:Sujeto ADD:590 
"<no>"
	"no" Adverb NEG lang:es 00:00:18 00:00:24 tt-2790 OM023_1962_CT_SU2011_VA_07 
"<sé>"
	"saber|ser" Verb VLfin Pres Indi Sing 1st lang:es 00:00:18 00:00:24 tt-2791 OM023_1962_CT_SU2011_VA_07 
"<si>"
	"si" Conjunction CSUBX lang:es 00:00:18 00:00:24 tt-2792 OM023_1962_CT_SU2011_VA_07 
"<es>"
	"ser" Verb VSfin Pres Indi Sing 3rd lang:es 00:00:18 00:00:24 tt-2793 OM023_1962_CT_SU2011_VA_07 @Gram:SerEstar:Ser ADD:769 
"<por>"
	"por" Preposition PREP lang:es 00:00:18 00:00:24 tt-2794 OM023_1962_CT_SU2011_VA_07 @Gram:Prep:Por SUBSTITUTE:251 ADD:574 
"<ser>"
	"ser" Noun NC Infinitive lang:es 00:00:18 00:00:24 tt-2795 OM023_1962_CT_SU2011_VA_07 
"<parte>"
	"parte" Noun NC Singular lang:es 00:00:18 00:00:24 tt-2796 OM023_1962_CT_SU2011_VA_07 
"<de>"
	"de" Preposition PREP lang:es 00:00:18 00:00:24 tt-2797 OM023_1962_CT_SU2011_VA_07 @Gram:Prep ADD:580 
"<la>"
	"el" Determiner ART Singular Fem lang:es 00:00:18 00:00:24 tt-2798 OM023_1962_CT_SU2011_VA_07 @Gram:Det:Art ADD:395 
"<cultura>"
	"cultura" Noun NC Singular lang:es 00:00:18 00:00:24 tt-2799 OM023_1962_CT_SU2011_VA_07 
"<de>"
	"de" Preposition PREP lang:es 00:00:18 00:00:24 tt-2800 OM023_1962_CT_SU2011_VA_07 @Gram:Prep ADD:580 
"<mi>"
	"mío" Pronoun PPO Singular lang:es 00:00:18 00:00:24 tt-2801 OM023_1962_CT_SU2011_VA_07 @Gram:Det:Pos ADD:425 
"<país>"
	"país" Noun NC Plural lang:es 00:00:18 00:00:24 tt-2802 OM023_1962_CT_SU2011_VA_07 
"<,>"
	"," Punctuation CM lang:es 00:00:18 00:00:24 tt-2803 OM023_1962_CT_SU2011_VA_07 
"<el>"
	"el" Determiner ART Singular Masc lang:es 00:00:18 00:00:24 tt-2804 OM023_1962_CT_SU2011_VA_07 @Gram:Det:Art ID:40 R:Gram:Genero:ExcepMasc:41 ADD:395 ADDRELATION(Gram:Genero:ExcepMasc):478 
"<idioma>"
	"idioma" Noun NC Singular lang:es 00:00:18 00:00:24 tt-2805 OM023_1962_CT_SU2011_VA_07 ID:41 
"<es>"
	"ser" Verb VSfin Pres Indi Sing 3rd lang:es 00:00:18 00:00:24 tt-2806 OM023_1962_CT_SU2011_VA_07 @Gram:SerEstar:Ser ADD:769 
"<superimportante>"
	"UNK" Adjective ADJ Singular lang:es 00:00:18 00:00:24 tt-2807 OM023_1962_CT_SU2011_VA_07 
"<,>"
	"," Punctuation CM lang:es 00:00:18 00:00:24 tt-2808 OM023_1962_CT_SU2011_VA_07 
"<o>"
	"o" Adverb ADV lang:es 00:00:24 00:00:31 tt-2809 OM023_1962_CT_SU2011_VA_07 ID:45 R:Prag:MarcadoresDisc:Igualdad:46 ADDRELATION(Prag:MarcadoresDisc:Igualdad):1093 
"<sea>"
	"sea" Adverb ADV lang:es 00:00:24 00:00:31 tt-2810 OM023_1962_CT_SU2011_VA_07 ID:46 
"<para>"
	"para" Preposition PREP lang:es 00:00:24 00:00:31 tt-2811 OM023_1962_CT_SU2011_VA_07 @Gram:Prep:Para SUBSTITUTE:325 ADD:544 
"<nosotros>"
	"nosotros" Pronoun PPX Plural lang:es 00:00:24 00:00:31 tt-2812 OM023_1962_CT_SU2011_VA_07 @Gram:Pron:Sujeto ADD:590 
"<casi>"
	"casi" Adverb ADV lang:es 00:00:24 00:00:31 tt-2813 OM023_1962_CT_SU2011_VA_07 
"<que>"
	"que" Conjunction CQUE lang:es 00:00:24 00:00:31 tt-2814 OM023_1962_CT_SU2011_VA_07 
"<era>"
	"ser" Verb VEfin Imp Indi Sing 1st_or_3rd lang:es 00:00:24 00:00:31 tt-2815 OM023_1962_CT_SU2011_VA_07 @Gram:Imperf @Gram:SerEstar:Ser ADD:645 ADD:769 
"<igual>"
	"igual" Adjective ADJ Singular lang:es 00:00:24 00:00:31 tt-2816 OM023_1962_CT_SU2011_VA_07 
"<de>"
	"de" Preposition PREP lang:es 00:00:24 00:00:31 tt-2817 OM023_1962_CT_SU2011_VA_07 @Gram:Prep ADD:580 
<lang code="en">
"<horrible>"
	"horrible" Adjective JJ lang:en 00:00:24 00:00:31 tt-2818 OM023_1962_CT_SU2011_VA_07 
</lang>
"<cometer>"
	"cometer" Verb VLinf Infinitive lang:es 00:00:24 00:00:31 tt-2819 OM023_1962_CT_SU2011_VA_07 SUBSTITUTE:309 
"<un>"
	"un" Determiner ART Singular lang:es 00:00:24 00:00:31 tt-2820 OM023_1962_CT_SU2011_VA_07 
"<error>"
	"error" Noun NC Singular lang:es 00:00:24 00:00:31 tt-2821 OM023_1962_CT_SU2011_VA_07 
"<gramatical>"
	"gramatical" Adjective ADJ Singular lang:es 00:00:24 00:00:31 tt-2822 OM023_1962_CT_SU2011_VA_07 
"<que>"
	"que" Conjunction CQUE lang:es 00:00:24 00:00:31 tt-2823 OM023_1962_CT_SU2011_VA_07 
"<quebrar>"
	"quebrar" Verb VLinf Infinitive lang:es 00:00:24 00:00:31 tt-2824 OM023_1962_CT_SU2011_VA_07 SUBSTITUTE:309 
"<un>"
	"un" Determiner ART Singular lang:es 00:00:33 00:00:40 tt-2825 OM023_1962_CT_SU2011_VA_07 
"<vaso>"
	"vaso" Noun NC Singular lang:es 00:00:33 00:00:40 tt-2826 OM023_1962_CT_SU2011_VA_07 
"<o>"
	"o" Conjunction CC lang:es 00:00:33 00:00:40 tt-2827 OM023_1962_CT_SU2011_VA_07 
"<una>"
	"un" Determiner ART Singular lang:es 00:00:33 00:00:40 tt-2828 OM023_1962_CT_SU2011_VA_07 
"<ventana>"
	"ventana" Noun NC Singular lang:es 00:00:33 00:00:40 tt-2829 OM023_1962_CT_SU2011_VA_07 
"<,>"
	"," Punctuation CM lang:es 00:00:33 00:00:40 tt-2830 OM023_1962_CT_SU2011_VA_07 
"<o>"
	"o" Adverb ADV lang:es 00:00:33 00:00:40 tt-2831 OM023_1962_CT_SU2011_VA_07 ID:67 R:Prag:MarcadoresDisc:Igualdad:68 ADDRELATION(Prag:MarcadoresDisc:Igualdad):1093 
"<sea>"
	"sea" Adverb ADV lang:es 00:00:33 00:00:40 tt-2832 OM023_1962_CT_SU2011_VA_07 ID:68 
"<yo>"
	"yo" Pronoun PPX Singular lang:es 00:00:33 00:00:40 tt-2833 OM023_1962_CT_SU2011_VA_07 @Gram:Pron:Sujeto ADD:590 
"<fui>"
	"ir|ser" Verb VLfin Pret Indi Sing 1st lang:es 00:00:33 00:00:40 tt-2834 OM023_1962_CT_SU2011_VA_07 @Gram:Indefinido ADD:654 
"<hasta>"
	"hasta" Preposition PREP lang:es 00:00:33 00:00:40 tt-2835 OM023_1962_CT_SU2011_VA_07 @Gram:Prep ADD:580 
"<castigado>"
	"castigar" Verb VLadj lang:es 00:00:33 00:00:40 tt-2836 OM023_1962_CT_SU2011_VA_07 
"<por>"
	"por" Preposition PREP lang:es 00:00:33 00:00:40 tt-2837 OM023_1962_CT_SU2011_VA_07 @Gram:Prep:Por SUBSTITUTE:251 ADD:574 
"<hablar>"
	"hablar" Verb VLinf Infinitive lang:es 00:00:33 00:00:40 tt-2838 OM023_1962_CT_SU2011_VA_07 SUBSTITUTE:309 
"<mal>"
	"mal" Adverb ADV lang:es 00:00:33 00:00:40 tt-2839 OM023_1962_CT_SU2011_VA_07 
"<,>"
	"," Punctuation CM lang:es 00:00:33 00:00:40 tt-2840 OM023_1962_CT_SU2011_VA_07 
"<entonces>"
	"entonces" Adverb ADV lang:es 00:00:33 00:00:40 tt-2841 OM023_1962_CT_SU2011_VA_07 
"<y>"
	"y" Conjunction CC lang:es 00:00:33 00:00:40 tt-2842 OM023_1962_CT_SU2011_VA_07 
"<bueno>"
	"bueno" Adjective ADJ Singular lang:es 00:00:33 00:00:40 tt-2843 OM023_1962_CT_SU2011_VA_07 
"<el>"
	"el" Determiner ART Singular Masc lang:es 00:00:44 00:00:49 tt-2844 OM023_1962_CT_SU2011_VA_07 @Gram:Det:Art ID:80 R:Gram:Genero:ExcepMasc:81 ADD:395 ADDRELATION(Gram:Genero:ExcepMasc):478 
"<idioma>"
	"idioma" Noun NC Singular lang:es 00:00:44 00:00:49 tt-2845 OM023_1962_CT_SU2011_VA_07 ID:81 
"<obviamente>"
	"obvio" Adverb ADV lang:es 00:00:44 00:00:49 tt-2846 OM023_1962_CT_SU2011_VA_07 
"<era>"
	"ser" Verb VEfin Imp Indi Sing 1st_or_3rd lang:es 00:00:44 00:00:49 tt-2847 OM023_1962_CT_SU2011_VA_07 @Gram:Imperf @Gram:SerEstar:Ser ADD:645 ADD:769 
"<superimportante>"
	"UNK" Verb VLadj lang:es 00:00:44 00:00:49 tt-2848 OM023_1962_CT_SU2011_VA_07 
"<para>"
	"para" Preposition PREP lang:es 00:00:44 00:00:49 tt-2849 OM023_1962_CT_SU2011_VA_07 @Gram:Prep:Para SUBSTITUTE:325 ADD:544 
"<nosotros>"
	"nosotros" Pronoun PPX Plural lang:es 00:00:44 00:00:49 tt-2850 OM023_1962_CT_SU2011_VA_07 @Gram:Pron:Sujeto ADD:590 
"<y>"
	"y" Conjunction CC lang:es 00:00:44 00:00:49 tt-2851 OM023_1962_CT_SU2011_VA_07 
"<yo>"
	"yo" Pronoun PPX Singular lang:es 00:00:44 00:00:49 tt-2852 OM023_1962_CT_SU2011_VA_07 @Gram:Pron:Sujeto ADD:590 
"<notaba>"
	"notar" Verb VLfin Imp Indi Sing 1st_or_3rd lang:es 00:00:44 00:00:49 tt-2853 OM023_1962_CT_SU2011_VA_07 @Gram:Imperf ADD:645 
"<que>"
	"que" Conjunction CQUE lang:es 00:00:44 00:00:49 tt-2854 OM023_1962_CT_SU2011_VA_07 
"<por>"
	"por" Preposition PREP lang:es 00:00:44 00:00:49 tt-2855 OM023_1962_CT_SU2011_VA_07 @Gram:Prep:Por SUBSTITUTE:251 ADD:574 
"<lo>"
	"lo" Adverb ADV lang:es 00:00:44 00:00:49 tt-2856 OM023_1962_CT_SU2011_VA_07 
"<menos>"
	"menos" Adverb ADV lang:es 00:00:44 00:00:49 tt-2857 OM023_1962_CT_SU2011_VA_07 
"<cuando>"
	"cuando" Conjunction CSUBX lang:es 00:00:49 00:00:55 tt-2858 OM023_1962_CT_SU2011_VA_07 
"<hablo>"
	"hablar" Verb VLfin Pres Indi Sing 1st lang:es 00:00:49 00:00:55 tt-2859 OM023_1962_CT_SU2011_VA_07 ID:95 R:Vocab:Fraseol:VerbPrep:96 ADDRELATION(Vocab:Fraseol:VerbPrep):1170 
"<con>"
	"con" Preposition PREP lang:es 00:00:49 00:00:55 tt-2860 OM023_1962_CT_SU2011_VA_07 @Gram:Prep ID:96 ADD:580 
"<,>"
	"," Punctuation CM lang:es 00:00:49 00:00:55 tt-2861 OM023_1962_CT_SU2011_VA_07 
"<con>"
	"con" Preposition PREP lang:es 00:00:49 00:00:55 tt-2862 OM023_1962_CT_SU2011_VA_07 @Gram:Prep ADD:580 
"<gente>"
	"gente" Noun NC Singular lang:es 00:00:49 00:00:55 tt-2863 OM023_1962_CT_SU2011_VA_07 
"<latinoamericana>"
	"latinoamericano" Adjective ADJ Singular lang:es 00:00:49 00:00:55 tt-2864 OM023_1962_CT_SU2011_VA_07 
"<que>"
	"que" Conjunction CQUE lang:es 00:00:49 00:00:55 tt-2865 OM023_1962_CT_SU2011_VA_07 
"<,>"
	"," Punctuation CM lang:es 00:00:49 00:00:55 tt-2866 OM023_1962_CT_SU2011_VA_07 
"<te>"
	"tú" Pronoun PPX Singular lang:es 00:00:49 00:00:55 tt-2867 OM023_1962_CT_SU2011_VA_07 @Gram:Pron:Objeto ADD:614 
"<diría>"
	"decir" Verb VLfin Cond Indi Sing 1st_or_3rd lang:es 00:00:49 00:00:55 tt-2868 OM023_1962_CT_SU2011_VA_07 
"<,>"
	"," Punctuation CM lang:es 00:00:49 00:00:55 tt-2869 OM023_1962_CT_SU2011_VA_07 
"<como>"
	"como" Conjunction CSUBX lang:es 00:00:49 00:00:55 tt-2870 OM023_1962_CT_SU2011_VA_07 
"<el>"
	"el" Determiner ART Singular Masc lang:es 00:00:49 00:00:55 tt-2871 OM023_1962_CT_SU2011_VA_07 @Gram:Det:Art ADD:395 
"<ochenta>"
	"ochenta" Determiner CARD Singular lang:es 00:00:49 00:00:55 tt-2872 OM023_1962_CT_SU2011_VA_07 
"<por>"
	"por" Preposition PREP lang:es 00:00:49 00:00:55 tt-2873 OM023_1962_CT_SU2011_VA_07 @Gram:Prep:Por SUBSTITUTE:251 ADD:574 
"<ciento>"
	"ciento" Determiner CARD Singular lang:es 00:00:49 00:00:55 tt-2874 OM023_1962_CT_SU2011_VA_07 
"<del>"
	"del" Preposition PDEL lang:es 00:00:49 00:00:55 tt-2875 OM023_1962_CT_SU2011_VA_07 @Gram:Prep ADD:580 
"<tiempo>"
	"tiempo" Noun NC Singular lang:es 00:00:49 00:00:55 tt-2876 OM023_1962_CT_SU2011_VA_07 
"<hablamos>"
	"hablar" Verb VLfin Pres_or_Pret Indi Plural 1st lang:es 00:00:55 00:01:01 tt-2877 OM023_1962_CT_SU2011_VA_07 ID:113 R:Vocab:Fraseol:VerbPrep:114 ADDRELATION(Vocab:Fraseol:VerbPrep):1170 
"<del>"
	"del" Preposition PDEL lang:es 00:00:55 00:01:01 tt-2878 OM023_1962_CT_SU2011_VA_07 @Gram:Prep ID:114 ADD:580 
"<idioma>"
	"idioma" Noun NC Singular lang:es 00:00:55 00:01:01 tt-2879 OM023_1962_CT_SU2011_VA_07 
"<,>"
	"," Punctuation CM lang:es 00:00:55 00:01:01 tt-2880 OM023_1962_CT_SU2011_VA_07 
"<hablamos>"
	"hablar" Verb VLfin Pres_or_Pret Indi Plural 1st lang:es 00:00:55 00:01:01 tt-2881 OM023_1962_CT_SU2011_VA_07 ID:117 R:Vocab:Fraseol:VerbPrep:118 ADDRELATION(Vocab:Fraseol:VerbPrep):1170 
"<del>"
	"del" Preposition PDEL lang:es 00:00:55 00:01:01 tt-2882 OM023_1962_CT_SU2011_VA_07 @Gram:Prep ID:118 ADD:580 
"<idioma>"
	"idioma" Noun NC Singular lang:es 00:00:55 00:01:01 tt-2883 OM023_1962_CT_SU2011_VA_07 
"<,>"
	"," Punctuation CM lang:es 00:00:55 00:01:01 tt-2884 OM023_1962_CT_SU2011_VA_07 
"<hablamos>"
	"hablar" Verb VLfin Pres_or_Pret Indi Plural 1st lang:es 00:00:55 00:01:01 tt-2885 OM023_1962_CT_SU2011_VA_07 ID:121 R:Vocab:Fraseol:VerbPrep:122 ADDRELATION(Vocab:Fraseol:VerbPrep):1170 
"<de>"
	"de" Preposition PREP lang:es 00:00:55 00:01:01 tt-2886 OM023_1962_CT_SU2011_VA_07 @Gram:Prep ID:122 ADD:580 
"<las>"
	"el" Determiner ART Plural Fem lang:es 00:00:55 00:01:01 tt-2887 OM023_1962_CT_SU2011_VA_07 @Gram:Det:Art ADD:395 
"<diferencias>"
	"diferencia" Noun NC Plural lang:es 00:00:55 00:01:01 tt-2888 OM023_1962_CT_SU2011_VA_07 
"<de>"
	"de" Preposition PREP lang:es 00:00:55 00:01:01 tt-2889 OM023_1962_CT_SU2011_VA_07 @Gram:Prep ADD:580 
"<un>"
	"un" Determiner ART Singular lang:es 00:00:55 00:01:01 tt-2890 OM023_1962_CT_SU2011_VA_07 
"<país>"
	"país" Noun NC Plural lang:es 00:00:55 00:01:01 tt-2891 OM023_1962_CT_SU2011_VA_07 
"<a>"
	"a" Preposition PREP lang:es 00:00:55 00:01:01 tt-2892 OM023_1962_CT_SU2011_VA_07 @Gram:Prep ADD:580 
"<otro>"
	"otro" Determiner QU lang:es 00:00:55 00:01:01 tt-2893 OM023_1962_CT_SU2011_VA_07 
"<,>"
	"," Punctuation CM lang:es 00:00:55 00:01:01 tt-2894 OM023_1962_CT_SU2011_VA_07 
"<hablamos>"
	"hablar" Verb VLfin Pres_or_Pret Indi Plural 1st lang:es 00:01:01 00:01:08 tt-2895 OM023_1962_CT_SU2011_VA_07 ID:131 R:Vocab:Fraseol:VerbPrep:132 ADDRELATION(Vocab:Fraseol:VerbPrep):1170 
"<de>"
	"de" Preposition PREP lang:es 00:01:01 00:01:08 tt-2896 OM023_1962_CT_SU2011_VA_07 @Gram:Prep ID:132 ADD:580 
"<,>"
	"," Punctuation CM lang:es 00:01:01 00:01:08 tt-2897 OM023_1962_CT_SU2011_VA_07 
"<de>"
	"de" Preposition PREP lang:es 00:01:01 00:01:08 tt-2898 OM023_1962_CT_SU2011_VA_07 @Gram:Prep ADD:580 
"<las>"
	"el" Determiner ART Plural Fem lang:es 00:01:01 00:01:08 tt-2899 OM023_1962_CT_SU2011_VA_07 @Gram:Det:Art ADD:395 
"<coincidencias>"
	"coincidencia" Noun NC Plural lang:es 00:01:01 00:01:08 tt-2900 OM023_1962_CT_SU2011_VA_07 
"<con>"
	"con" Preposition PREP lang:es 00:01:01 00:01:08 tt-2901 OM023_1962_CT_SU2011_VA_07 @Gram:Prep ADD:580 
"<el>"
	"el" Determiner ART Singular Masc lang:es 00:01:01 00:01:08 tt-2902 OM023_1962_CT_SU2011_VA_07 @Gram:Det:Art ADD:395 
"<inglés>"
	"inglés" Noun NC Plural lang:es 00:01:01 00:01:08 tt-2903 OM023_1962_CT_SU2011_VA_07 
"<,>"
	"," Punctuation CM lang:es 00:01:01 00:01:08 tt-2904 OM023_1962_CT_SU2011_VA_07 
"<hacemos>"
	"hacer" Verb VLfin Pres Indi Plural 1st lang:es 00:01:01 00:01:08 tt-2905 OM023_1962_CT_SU2011_VA_07 
"<chistes>"
	"chistar" Verb VLfin Pres Subj Sing 2nd lang:es 00:01:01 00:01:08 tt-2906 OM023_1962_CT_SU2011_VA_07 @Gram:MSub:Pres ADD:738 
"<del>"
	"del" Preposition PDEL lang:es 00:01:01 00:01:08 tt-2907 OM023_1962_CT_SU2011_VA_07 @Gram:Prep ADD:580 
"<idioma>"
	"idioma" Noun NC Singular lang:es 00:01:01 00:01:08 tt-2908 OM023_1962_CT_SU2011_VA_07 
"<,>"
	"," Punctuation CM lang:es 00:01:01 00:01:08 tt-2909 OM023_1962_CT_SU2011_VA_07 
"<o>"
	"o" Adverb ADV lang:es 00:01:01 00:01:08 tt-2910 OM023_1962_CT_SU2011_VA_07 ID:146 R:Prag:MarcadoresDisc:Igualdad:147 ADDRELATION(Prag:MarcadoresDisc:Igualdad):1093 
"<sea>"
	"sea" Adverb ADV lang:es 00:01:01 00:01:08 tt-2911 OM023_1962_CT_SU2011_VA_07 ID:147 
"<para>"
	"para" Preposition PREP lang:es 00:01:01 00:01:08 tt-2912 OM023_1962_CT_SU2011_VA_07 @Gram:Prep:Para SUBSTITUTE:325 ADD:544 
"<mí>"
	"yo" Pronoun PPX Singular lang:es 00:01:01 00:01:08 tt-2913 OM023_1962_CT_SU2011_VA_07 
"<creo>"
	"crear|creer" Verb VLfin Pres Indi Sing 1st lang:es 00:01:01 00:01:08 tt-2914 OM023_1962_CT_SU2011_VA_07 
"<que>"
	"que" Conjunction CQUE lang:es 00:01:01 00:01:08 tt-2915 OM023_1962_CT_SU2011_VA_07 
"<no>"
	"no" Adverb NEG lang:es 00:01:09 00:01:16 tt-2916 OM023_1962_CT_SU2011_VA_07 
"<solamente>"
	"solamente" Adverb ADV lang:es 00:01:09 00:01:16 tt-2917 OM023_1962_CT_SU2011_VA_07 
"<para>"
	"para" Preposition PREP lang:es 00:01:09 00:01:16 tt-2918 OM023_1962_CT_SU2011_VA_07 @Gram:Prep:Para SUBSTITUTE:325 ADD:544 
"<mí>"
	"yo" Pronoun PPX Singular lang:es 00:01:09 00:01:16 tt-2919 OM023_1962_CT_SU2011_VA_07 
"<,>"
	"," Punctuation CM lang:es 00:01:09 00:01:16 tt-2920 OM023_1962_CT_SU2011_VA_07 
"<en>"
	"en" Adverb ADV lang:es 00:01:09 00:01:16 tt-2921 OM023_1962_CT_SU2011_VA_07 
"<general>"
	"general" Adverb ADV lang:es 00:01:09 00:01:16 tt-2922 OM023_1962_CT_SU2011_VA_07 
"<,>"
	"," Punctuation CM lang:es 00:01:09 00:01:16 tt-2923 OM023_1962_CT_SU2011_VA_07 
"<para>"
	"para" Preposition PREP lang:es 00:01:09 00:01:16 tt-2924 OM023_1962_CT_SU2011_VA_07 @Gram:Prep:Para SUBSTITUTE:325 ADD:551 
"<la>"
	"el" Determiner ART Singular Fem lang:es 00:01:09 00:01:16 tt-2925 OM023_1962_CT_SU2011_VA_07 @Gram:Det:Art ADD:395 
"<gente>"
	"gente" Noun NC Singular lang:es 00:01:09 00:01:16 tt-2926 OM023_1962_CT_SU2011_VA_07 
"<latina>"
	"latino" Adjective ADJ Singular lang:es 00:01:09 00:01:16 tt-2927 OM023_1962_CT_SU2011_VA_07 
"<el>"
	"el" Determiner ART Singular Masc lang:es 00:01:09 00:01:16 tt-2928 OM023_1962_CT_SU2011_VA_07 @Gram:Det:Art ADD:395 
"<,>"
	"," Punctuation CM lang:es 00:01:09 00:01:16 tt-2929 OM023_1962_CT_SU2011_VA_07 
"<el>"
	"el" Determiner ART Singular Masc lang:es 00:01:09 00:01:16 tt-2930 OM023_1962_CT_SU2011_VA_07 @Gram:Det:Art ID:166 R:Gram:Genero:ExcepMasc:167 ADD:395 ADDRELATION(Gram:Genero:ExcepMasc):478 
"<idioma>"
	"idioma" Noun NC Singular lang:es 00:01:09 00:01:16 tt-2931 OM023_1962_CT_SU2011_VA_07 ID:167 
"<es>"
	"ser" Verb VSfin Pres Indi Sing 3rd lang:es 00:01:09 00:01:16 tt-2932 OM023_1962_CT_SU2011_VA_07 @Gram:SerEstar:Ser ADD:769 
"<muy>"
	"muy" Adverb ADV lang:es 00:01:09 00:01:16 tt-2933 OM023_1962_CT_SU2011_VA_07 
"<importante>"
	"importante" Adjective ADJ Singular lang:es 00:01:09 00:01:16 tt-2934 OM023_1962_CT_SU2011_VA_07 
"<$.>"
	"." Punctuation FS lang:es 00:01:09 00:01:16 tt-2935 OM023_1962_CT_SU2011_VA_07 
</speaker>
</text>

