<text id="OM024_1933_CT_SU2011_VA_05">
<speaker type="int">
"<Muy>"
	"muy" Adverb ADV lang:es 00:00:00 00:00:04 tt-762 OM024_1933_CT_SU2011_VA_05 
"<bien>"
	"bien" Adverb ADV lang:es 00:00:00 00:00:04 tt-763 OM024_1933_CT_SU2011_VA_05 
"<,>"
	"," Punctuation CM lang:es 00:00:00 00:00:04 tt-764 OM024_1933_CT_SU2011_VA_05 
"<y>"
	"y" Conjunction CC lang:es 00:00:00 00:00:04 tt-765 OM024_1933_CT_SU2011_VA_05 
"<platíqueme>"
	"UNK" Verb VLfin Pres Subj Sing 1st_or_3rd lang:es 00:00:00 00:00:04 tt-766 OM024_1933_CT_SU2011_VA_05 @Gram:MSub:Pres ADD:616 
"<de>"
	"de" Preposition PREP lang:es 00:00:00 00:00:04 tt-767 OM024_1933_CT_SU2011_VA_05 @Gram:Prep ADD:472 
"<sus>"
	"suyo" Pronoun PPO Plural lang:es 00:00:00 00:00:04 tt-768 OM024_1933_CT_SU2011_VA_05 @Gram:Det:Pos ADD:351 
"<papás>"
	"papá" Noun NC Plural lang:es 00:00:00 00:00:04 tt-769 OM024_1933_CT_SU2011_VA_05 
"<$.>"
	"." Punctuation FS lang:es 00:00:00 00:00:04 tt-770 OM024_1933_CT_SU2011_VA_05 
</speaker>
<speaker type="subj">

"<Bueno>"
	"bueno" Adjective ADJ Singular lang:es 00:00:04 00:00:11 tt-771 OM024_1933_CT_SU2011_VA_05 
"<,>"
	"," Punctuation CM lang:es 00:00:04 00:00:11 tt-772 OM024_1933_CT_SU2011_VA_05 
"<mi>"
	"mío" Pronoun PPO Singular lang:es 00:00:04 00:00:11 tt-773 OM024_1933_CT_SU2011_VA_05 @Gram:Det:Pos ADD:350 
"<papá>"
	"papá" Noun NC Singular lang:es 00:00:04 00:00:11 tt-774 OM024_1933_CT_SU2011_VA_05 
"<era>"
	"ser" Verb VEfin Imp Indi Sing 1st_or_3rd lang:es 00:00:04 00:00:11 tt-775 OM024_1933_CT_SU2011_VA_05 @Gram:Imperf @Gram:SerEstar:Ser ADD:537 ADD:647 
"<Gerardo>"
	"Gerardo" Noun NP Singular lang:es 00:00:04 00:00:11 tt-776 OM024_1933_CT_SU2011_VA_05 
"<Ruiz>"
	"Ruiz" Noun NP Singular lang:es 00:00:04 00:00:11 tt-777 OM024_1933_CT_SU2011_VA_05 
"<Salinas>"
	"Salinas" Noun NP Plural lang:es 00:00:04 00:00:11 tt-778 OM024_1933_CT_SU2011_VA_05 
"<,>"
	"," Punctuation CM lang:es 00:00:04 00:00:11 tt-779 OM024_1933_CT_SU2011_VA_05 
"<y>"
	"y" Conjunction CC lang:es 00:00:04 00:00:11 tt-780 OM024_1933_CT_SU2011_VA_05 
"<mi>"
	"mío" Pronoun PPO Singular lang:es 00:00:04 00:00:11 tt-781 OM024_1933_CT_SU2011_VA_05 @Gram:Det:Pos ADD:350 
"<madre>"
	"madre" Noun NC Singular lang:es 00:00:04 00:00:11 tt-782 OM024_1933_CT_SU2011_VA_05 
"<Inés>"
	"Inés" Noun NP Plural lang:es 00:00:04 00:00:11 tt-783 OM024_1933_CT_SU2011_VA_05 
"<Álvarez>"
	"UNK" Noun NC Singular lang:es 00:00:04 00:00:11 tt-784 OM024_1933_CT_SU2011_VA_05 
"<,>"
	"," Punctuation CM lang:es 00:00:04 00:00:11 tt-785 OM024_1933_CT_SU2011_VA_05 
"<ellos>"
	"él" Pronoun PPX Plural lang:es 00:00:04 00:00:11 tt-786 OM024_1933_CT_SU2011_VA_05 @Gram:Pron:Sujeto ADD:482 
"<se>"
	"se" Other SE lang:es 00:00:04 00:00:11 tt-787 OM024_1933_CT_SU2011_VA_05 
"<conocieron>"
	"conocer" Verb VLfin Pret Indi Plural 3rd lang:es 00:00:04 00:00:11 tt-788 OM024_1933_CT_SU2011_VA_05 @Gram:Indefinido ADD:546 
"<en>"
	"en" Preposition PREP lang:es 00:00:13 00:00:20 tt-789 OM024_1933_CT_SU2011_VA_05 @Gram:Prep ADD:472 
"<la>"
	"el" Determiner ART Singular lang:es 00:00:13 00:00:20 tt-790 OM024_1933_CT_SU2011_VA_05 @Gram:Det:Art ADD:324 
"<Estrella>"
	"estrella" Noun NC Singular lang:es 00:00:13 00:00:20 tt-791 OM024_1933_CT_SU2011_VA_05 
"<,>"
	"," Punctuation CM lang:es 00:00:13 00:00:20 tt-792 OM024_1933_CT_SU2011_VA_05 
"<donde>"
	"donde" Adverb ADV lang:es 00:00:13 00:00:20 tt-793 OM024_1933_CT_SU2011_VA_05 
"<yo>"
	"yo" Pronoun PPX Singular lang:es 00:00:13 00:00:20 tt-794 OM024_1933_CT_SU2011_VA_05 @Gram:Pron:Sujeto ADD:482 
"<nací>"
	"nacer" Verb VLfin Pret Indi Sing 1st lang:es 00:00:13 00:00:20 tt-795 OM024_1933_CT_SU2011_VA_05 @Gram:Indefinido ADD:546 
"<$.>"
	"." Punctuation FS lang:es 00:00:13 00:00:20 tt-796 OM024_1933_CT_SU2011_VA_05 

"<Mi>"
	"mío" Pronoun PPO Singular lang:es 00:00:13 00:00:20 tt-797 OM024_1933_CT_SU2011_VA_05 @Gram:Det:Pos ADD:350 
"<padre>"
	"padre" Noun NC Singular lang:es 00:00:13 00:00:20 tt-798 OM024_1933_CT_SU2011_VA_05 
"<era>"
	"ser" Verb VEfin Imp Indi Sing 1st_or_3rd lang:es 00:00:13 00:00:20 tt-799 OM024_1933_CT_SU2011_VA_05 @Gram:Imperf @Gram:SerEstar:Ser ADD:537 ADD:647 
"<...>"
	"..." Punctuation DOTS lang:es 00:00:13 00:00:20 tt-801 OM024_1933_CT_SU2011_VA_05 
"<era>"
	"ser" Verb VEfin Imp Indi Sing 1st_or_3rd lang:es 00:00:13 00:00:20 tt-802 OM024_1933_CT_SU2011_VA_05 @Gram:Imperf @Gram:SerEstar:Ser ADD:537 ADD:647 
"<profesor>"
	"profesor" Noun NC Singular lang:es 00:00:13 00:00:20 tt-803 OM024_1933_CT_SU2011_VA_05 
"<de>"
	"de" Preposition PREP lang:es 00:00:13 00:00:20 tt-804 OM024_1933_CT_SU2011_VA_05 @Gram:Prep ADD:472 
"<una>"
	"un" Determiner ART Singular lang:es 00:00:13 00:00:20 tt-805 OM024_1933_CT_SU2011_VA_05 
"<escuela>"
	"escuela" Noun NC Singular lang:es 00:00:13 00:00:20 tt-806 OM024_1933_CT_SU2011_VA_05 
"<,>"
	"," Punctuation CM lang:es 00:00:13 00:00:20 tt-807 OM024_1933_CT_SU2011_VA_05 
"<maestro>"
	"maestro" Plural Singular Noun NC lang:es 00:00:13 00:00:20 tt-808 OM024_1933_CT_SU2011_VA_05 SUBSTITUTE:269 SUBSTITUTE:270 
"<mejor>"
	"bueno" Adjective ADJ Singular lang:es 00:00:23 00:00:30 tt-809 OM024_1933_CT_SU2011_VA_05 
"<dicho>"
	"decir" Verbo VLadj Adjective ADJ Singular lang:es 00:00:23 00:00:30 tt-810 OM024_1933_CT_SU2011_VA_05 SUBSTITUTE:252 
"<,>"
	"," Punctuation CM lang:es 00:00:23 00:00:30 tt-811 OM024_1933_CT_SU2011_VA_05 
"<maestro>"
	"maestro" Plural Noun Singular lang:es 00:00:23 00:00:30 tt-812 OM024_1933_CT_SU2011_VA_05 SUBSTITUTE:269 SUBSTITUTE:270 
"<y>"
	"y" Conjunction CC lang:es 00:00:23 00:00:30 tt-813 OM024_1933_CT_SU2011_VA_05 
"<los>"
	"el" Determiner ART Plural lang:es 00:00:23 00:00:30 tt-814 OM024_1933_CT_SU2011_VA_05 @Gram:Det:Art ADD:324 
"<salarios>"
	"salario" Noun NC Plural lang:es 00:00:23 00:00:30 tt-815 OM024_1933_CT_SU2011_VA_05 
"<de>"
	"de" Preposition PREP lang:es 00:00:23 00:00:30 tt-816 OM024_1933_CT_SU2011_VA_05 @Gram:Prep ADD:472 
"<él>"
	"él" Pronoun PPX Singular lang:es 00:00:23 00:00:30 tt-817 OM024_1933_CT_SU2011_VA_05 @Gram:Pron:Sujeto ADD:482 
"<,>"
	"," Punctuation CM lang:es 00:00:23 00:00:30 tt-818 OM024_1933_CT_SU2011_VA_05 
"<el>"
	"el" Determiner ART Singular lang:es 00:00:23 00:00:30 tt-819 OM024_1933_CT_SU2011_VA_05 @Gram:Det:Art ADD:324 
"<gobierno>"
	"gobierno" Noun NC Singular lang:es 00:00:23 00:00:30 tt-820 OM024_1933_CT_SU2011_VA_05 
"<se>"
	"se" Other SE lang:es 00:00:23 00:00:30 tt-821 OM024_1933_CT_SU2011_VA_05 @Gram:Pron:Otros ADD:525 
"<lo>"
	"él" Pronoun PPC Singular lang:es 00:00:23 00:00:30 tt-822 OM024_1933_CT_SU2011_VA_05 @Gram:Pron:Objeto ADD:512 
"<pagaba>"
	"pagar" Verb VLfin Imp Indi Sing 1st_or_3rd lang:es 00:00:23 00:00:30 tt-823 OM024_1933_CT_SU2011_VA_05 @Gram:Imperf ADD:537 
"<con>"
	"con" Preposition PREP lang:es 00:00:23 00:00:30 tt-824 OM024_1933_CT_SU2011_VA_05 @Gram:Prep ADD:472 
"<botellas>"
	"botella" Noun NC Plural lang:es 00:00:23 00:00:30 tt-825 OM024_1933_CT_SU2011_VA_05 
"<de>"
	"de" Preposition PREP lang:es 00:00:23 00:00:30 tt-826 OM024_1933_CT_SU2011_VA_05 @Gram:Prep ADD:472 
"<agua>"
	"agua" Noun NC Singular lang:es 00:00:23 00:00:30 tt-827 OM024_1933_CT_SU2011_VA_05 
"<ardiente>"
	"ardiente" Adjective ADJ Singular lang:es 00:00:31 00:00:38 tt-828 OM024_1933_CT_SU2011_VA_05 
"<,>"
	"," Punctuation CM lang:es 00:00:31 00:00:38 tt-829 OM024_1933_CT_SU2011_VA_05 
"<para>"
	"para" Conjunction CSUBI lang:es 00:00:31 00:00:38 tt-830 OM024_1933_CT_SU2011_VA_05 
"<que>"
	"que" Conjunction CQUE lang:es 00:00:31 00:00:38 tt-831 OM024_1933_CT_SU2011_VA_05 
"<él>"
	"él" Pronoun PPX Singular lang:es 00:00:31 00:00:38 tt-832 OM024_1933_CT_SU2011_VA_05 @Gram:Pron:Sujeto ADD:482 
"<tuviera>"
	"tener" Verb VLfin Past Subj Sing 1st_or_3rd lang:es 00:00:31 00:00:38 tt-833 OM024_1933_CT_SU2011_VA_05 @Gram:MSub:Pret ADD:617 
"<que>"
	"que" Conjunction CQUE lang:es 00:00:31 00:00:38 tt-834 OM024_1933_CT_SU2011_VA_05 
"<venderlas>"
	"vender" Verb VLinf Pres Subj Sing 2nd lang:es 00:00:31 00:00:38 tt-835 OM024_1933_CT_SU2011_VA_05 @Gram:MSub:Pres ADD:616 
"<,>"
	"," Punctuation CM lang:es 00:00:31 00:00:38 tt-836 OM024_1933_CT_SU2011_VA_05 
"<para>"
	"para" Conjunction CSUBI lang:es 00:00:31 00:00:38 tt-837 OM024_1933_CT_SU2011_VA_05 
"<poder>"
	"poder" Verb VLinf VMinf lang:es 00:00:31 00:00:38 tt-838 OM024_1933_CT_SU2011_VA_05 SUBSTITUTE:292 
"<traer>"
	"traer" Verb VLinf Infinitive lang:es 00:00:31 00:00:38 tt-839 OM024_1933_CT_SU2011_VA_05 SUBSTITUTE:292 
"<el>"
	"el" Determiner ART Singular lang:es 00:00:31 00:00:38 tt-840 OM024_1933_CT_SU2011_VA_05 @Gram:Det:Art ADD:324 
"<dinero>"
	"dinero" Noun NC Singular lang:es 00:00:31 00:00:38 tt-841 OM024_1933_CT_SU2011_VA_05 
"<a>"
	"a" Preposition PREP lang:es 00:00:31 00:00:38 tt-842 OM024_1933_CT_SU2011_VA_05 @Gram:Prep ADD:472 
"<la>"
	"el" Determiner ART Singular lang:es 00:00:31 00:00:38 tt-843 OM024_1933_CT_SU2011_VA_05 @Gram:Det:Art ADD:324 
"<casa>"
	"casa" Noun NC Singular lang:es 00:00:31 00:00:38 tt-844 OM024_1933_CT_SU2011_VA_05 
"<y>"
	"y" Conjunction CC lang:es 00:00:31 00:00:38 tt-845 OM024_1933_CT_SU2011_VA_05 
"<comer>"
	"comer" Verb VLinf Infinitive lang:es 00:00:31 00:00:38 tt-846 OM024_1933_CT_SU2011_VA_05 SUBSTITUTE:292 
"<$.>"
	"." Punctuation FS lang:es 00:00:31 00:00:38 tt-847 OM024_1933_CT_SU2011_VA_05 

"<Un>"
	"un" Determiner ART Singular lang:es 00:00:38 00:00:45 tt-848 OM024_1933_CT_SU2011_VA_05 
"<...>"
	"..." Punctuation DOTS lang:es 00:00:38 00:00:45 tt-849 OM024_1933_CT_SU2011_VA_05 
"<un>"
	"un" Determiner ART Singular lang:es 00:00:38 00:00:45 tt-850 OM024_1933_CT_SU2011_VA_05 
"<tiempo>"
	"tiempo" Noun NC Singular lang:es 00:00:38 00:00:45 tt-851 OM024_1933_CT_SU2011_VA_05 
"<muy>"
	"muy" Adverb ADV lang:es 00:00:38 00:00:45 tt-852 OM024_1933_CT_SU2011_VA_05 
"<difícil>"
	"difícil" Adjective ADJ Singular lang:es 00:00:38 00:00:45 tt-853 OM024_1933_CT_SU2011_VA_05 
"<para>"
	"para" Preposition PREP lang:es 00:00:38 00:00:45 tt-854 OM024_1933_CT_SU2011_VA_05 @Gram:Prep:Para ADD:437 
"<ellos>"
	"él" Pronoun PPX Plural lang:es 00:00:38 00:00:45 tt-855 OM024_1933_CT_SU2011_VA_05 @Gram:Pron:Sujeto ADD:482 
"<,>"
	"," Punctuation CM lang:es 00:00:38 00:00:45 tt-856 OM024_1933_CT_SU2011_VA_05 
"<tanto>"
	"tanto" Adverb ADV lang:es 00:00:38 00:00:45 tt-857 OM024_1933_CT_SU2011_VA_05 
"<que>"
	"que" Conjunction CQUE lang:es 00:00:38 00:00:45 tt-858 OM024_1933_CT_SU2011_VA_05 
"<mi>"
	"mío" Pronoun PPO Singular lang:es 00:00:38 00:00:45 tt-859 OM024_1933_CT_SU2011_VA_05 @Gram:Det:Pos ADD:350 
"<madre>"
	"madre" Noun NC Singular lang:es 00:00:38 00:00:45 tt-860 OM024_1933_CT_SU2011_VA_05 
"<cuando>"
	"cuando" Conjunction CSUBX lang:es 00:00:38 00:00:45 tt-861 OM024_1933_CT_SU2011_VA_05 
"<estábamos>"
	"estar" Verb VEfin Imp Indi Plural 1st lang:es 00:00:38 00:00:45 tt-862 OM024_1933_CT_SU2011_VA_05 @Gram:Imperf @Gram:SerEstar:Estar ADD:537 ADD:656 
"<en>"
	"en" Preposition PREP lang:es 00:00:38 00:00:45 tt-863 OM024_1933_CT_SU2011_VA_05 @Gram:Prep ADD:472 
"<Santa>"
	"Santa" Noun NP Singular lang:es 00:00:38 00:00:45 tt-864 OM024_1933_CT_SU2011_VA_05 
"<Bárbara>"
	"UNK" Noun NP Singular lang:es 00:00:38 00:00:45 tt-865 OM024_1933_CT_SU2011_VA_05 
"<ella>"
	"él" Pronoun PPX Singular lang:es 00:00:46 00:00:53 tt-866 OM024_1933_CT_SU2011_VA_05 @Gram:Pron:Sujeto ADD:482 
"<tuvo>"
	"tener" Verb VLfin Pres Indi Sing 1st lang:es 00:00:46 00:00:53 tt-867 OM024_1933_CT_SU2011_VA_05 
"<que>"
	"que" Conjunction CQUE lang:es 00:00:46 00:00:53 tt-868 OM024_1933_CT_SU2011_VA_05 
"<coser>"
	"coser" Verb VLinf Infinitive lang:es 00:00:46 00:00:53 tt-869 OM024_1933_CT_SU2011_VA_05 SUBSTITUTE:292 
"<ropa>"
	"ropa" Noun NC Singular lang:es 00:00:46 00:00:53 tt-870 OM024_1933_CT_SU2011_VA_05 
"<para>"
	"para" Preposition PREP lang:es 00:00:46 00:00:53 tt-871 OM024_1933_CT_SU2011_VA_05 @Gram:Prep:Para ADD:444 
"<la>"
	"el" Determiner ART Singular lang:es 00:00:46 00:00:53 tt-872 OM024_1933_CT_SU2011_VA_05 @Gram:Det:Art ADD:324 
"<gente>"
	"gente" Noun NC Singular lang:es 00:00:46 00:00:53 tt-873 OM024_1933_CT_SU2011_VA_05 
"<a>"
	"a" Conjunction CSUBI lang:es 00:00:46 00:00:53 tt-874 OM024_1933_CT_SU2011_VA_05 
"<fin>"
	"fin" Conjunction CSUBI lang:es 00:00:46 00:00:53 tt-875 OM024_1933_CT_SU2011_VA_05 
"<de>"
	"de" Conjunction CSUBI lang:es 00:00:46 00:00:53 tt-876 OM024_1933_CT_SU2011_VA_05 
"<darnos>"
	"dar" Verb VLinf Infinitive lang:es 00:00:46 00:00:53 tt-877 OM024_1933_CT_SU2011_VA_05 
"<a>"
	"a" Preposition PREP lang:es 00:00:46 00:00:53 tt-878 OM024_1933_CT_SU2011_VA_05 @Gram:Prep ADD:472 
"<nosotros>"
	"nosotros" Pronoun PPX Plural lang:es 00:00:46 00:00:53 tt-879 OM024_1933_CT_SU2011_VA_05 @Gram:Pron:Sujeto ADD:482 
"<,>"
	"," Punctuation CM lang:es 00:00:46 00:00:53 tt-880 OM024_1933_CT_SU2011_VA_05 
"<lo>"
	"el" Determiner ART Singular lang:es 00:00:46 00:00:53 tt-881 OM024_1933_CT_SU2011_VA_05 
"<que>"
	"que" Conjunction CQUE lang:es 00:00:46 00:00:53 tt-882 OM024_1933_CT_SU2011_VA_05 
"<nosotros>"
	"nosotros" Pronoun PPX Plural lang:es 00:00:46 00:00:53 tt-883 OM024_1933_CT_SU2011_VA_05 @Gram:Pron:Sujeto ADD:482 
"<necesitábamos>"
	"necesitar" Verb VLfin Imp Indi Plural 1st lang:es 00:00:46 00:00:53 tt-884 OM024_1933_CT_SU2011_VA_05 @Gram:Imperf ADD:537 
"<$.>"
	"." Punctuation FS lang:es 00:00:46 00:00:53 tt-885 OM024_1933_CT_SU2011_VA_05 

"<Y>"
	"y" Conjunction CC lang:es 00:00:53 00:01:00 tt-886 OM024_1933_CT_SU2011_VA_05 
"<cuando>"
	"cuando" Conjunction CSUBX lang:es 00:00:53 00:01:00 tt-887 OM024_1933_CT_SU2011_VA_05 
"<,>"
	"," Punctuation CM lang:es 00:00:53 00:01:00 tt-888 OM024_1933_CT_SU2011_VA_05 
"<en>"
	"en" Preposition PREP lang:es 00:00:53 00:01:00 tt-889 OM024_1933_CT_SU2011_VA_05 @Gram:Prep ADD:472 
"<esa>"
	"ese" Determiner DM Singular lang:es 00:00:53 00:01:00 tt-890 OM024_1933_CT_SU2011_VA_05 @Gram:Det:Demo ADD:336 
"<época>"
	"época" Noun NC Singular lang:es 00:00:53 00:01:00 tt-891 OM024_1933_CT_SU2011_VA_05 
"<ella>"
	"él" Pronoun PPX Singular lang:es 00:00:53 00:01:00 tt-892 OM024_1933_CT_SU2011_VA_05 @Gram:Pron:Sujeto ADD:482 
"<hacía>"
	"hacer" Verb VLfin Imp Indi Sing 1st_or_3rd lang:es 00:00:53 00:01:00 tt-893 OM024_1933_CT_SU2011_VA_05 @Gram:Imperf ADD:537 
"<batas>"
	"bata" Noun NC Plural lang:es 00:00:53 00:01:00 tt-894 OM024_1933_CT_SU2011_VA_05 
"<a>"
	"a" Preposition PREP lang:es 00:00:53 00:01:00 tt-895 OM024_1933_CT_SU2011_VA_05 @Gram:Prep ADD:472 
"<veinticinco>"
	"veinticinco" Determiner CARD Singular lang:es 00:00:53 00:01:00 tt-896 OM024_1933_CT_SU2011_VA_05 
"<centavos>"
	"centavo" Noun NC Plural lang:es 00:00:53 00:01:00 tt-897 OM024_1933_CT_SU2011_VA_05 
"<$.>"
	"." Punctuation FS lang:es 00:00:53 00:01:00 tt-898 OM024_1933_CT_SU2011_VA_05 

"<Yo>"
	"yo" Pronoun PPX Singular lang:es 00:00:53 00:01:00 tt-899 OM024_1933_CT_SU2011_VA_05 @Gram:Pron:Sujeto ADD:482 
"<me>"
	"yo" Pronoun PPX Singular lang:es 00:00:53 00:01:00 tt-900 OM024_1933_CT_SU2011_VA_05 @Gram:Pron:Objeto ADD:506 
"<acuerdo>"
	"acuerdo" Noun NC Singular lang:es 00:00:53 00:01:00 tt-901 OM024_1933_CT_SU2011_VA_05 
"<que>"
	"que" Conjunction CQUE lang:es 00:00:53 00:01:00 tt-902 OM024_1933_CT_SU2011_VA_05 
"<...>"
	"..." Punctuation DOTS lang:es 00:00:53 00:01:00 tt-903 OM024_1933_CT_SU2011_VA_05 
"<que>"
	"que" Conjunction CQUE lang:es 00:00:53 00:01:00 tt-904 OM024_1933_CT_SU2011_VA_05 
"<me>"
	"yo" Pronoun PPX Singular lang:es 00:00:53 00:01:00 tt-905 OM024_1933_CT_SU2011_VA_05 @Gram:Pron:Objeto ADD:506 
</speaker>
</text>

