<text id="OM023_1962_CT_SU2011_VA_08">
<speaker type="subj">
"<En>"
	"en" Preposition PREP lang:es 00:00:00 00:00:07 tt-2760 OM023_1962_CT_SU2011_VA_08 @Gram:Prep ADD:472 
"<el>"
	"el" Determiner ART Singular lang:es 00:00:00 00:00:07 tt-2761 OM023_1962_CT_SU2011_VA_08 @Gram:Det:Art ADD:324 
"<aprendizaje>"
	"aprendizaje" Noun NC Singular lang:es 00:00:00 00:00:07 tt-2762 OM023_1962_CT_SU2011_VA_08 
"<en>"
	"en" Preposition PREP lang:es 00:00:00 00:00:07 tt-2763 OM023_1962_CT_SU2011_VA_08 @Gram:Prep ADD:472 
"<inglés>"
	"inglés" Noun NC Plural lang:es 00:00:00 00:00:07 tt-2764 OM023_1962_CT_SU2011_VA_08 
"<,>"
	"," Punctuation CM lang:es 00:00:00 00:00:07 tt-2765 OM023_1962_CT_SU2011_VA_08 
"<cada>"
	"cada" Determiner QU lang:es 00:00:00 00:00:07 tt-2766 OM023_1962_CT_SU2011_VA_08 
"<uno>"
	"uno" Determiner CARD Singular lang:es 00:00:00 00:00:07 tt-2767 OM023_1962_CT_SU2011_VA_08 
"<tiene>"
	"tener" Verb VMfin lang:es 00:00:00 00:00:07 tt-2768 OM023_1962_CT_SU2011_VA_08 
"<que>"
	"que" Verb VMfin lang:es 00:00:00 00:00:07 tt-2769 OM023_1962_CT_SU2011_VA_08 
"<ser>"
	"ser" Verb VLinf VSinf Infinitive lang:es 00:00:00 00:00:07 tt-2770 OM023_1962_CT_SU2011_VA_08 @Gram:SerEstar:Ser SUBSTITUTE:292 ADD:647 
"<recursivo>"
	"UNK" Adjective ADJ Singular lang:es 00:00:00 00:00:07 tt-2771 OM023_1962_CT_SU2011_VA_08 
"<$.>"
	"." Punctuation FS lang:es 00:00:00 00:00:07 tt-2772 OM023_1962_CT_SU2011_VA_08 

"<Recuerdo>"
	"recordar" Verb VLfin Pres Indi Sing 1st lang:es 00:00:00 00:00:07 tt-2773 OM023_1962_CT_SU2011_VA_08 
"<que>"
	"que" Conjunction CQUE lang:es 00:00:00 00:00:07 tt-2774 OM023_1962_CT_SU2011_VA_08 
"<el>"
	"el" Determiner ART Singular lang:es 00:00:00 00:00:07 tt-2775 OM023_1962_CT_SU2011_VA_08 @Gram:Det:Art ADD:324 
"<primer>"
	"primero" Adjective ORD Singular lang:es 00:00:00 00:00:07 tt-2776 OM023_1962_CT_SU2011_VA_08 Gram:Adj:Ord ADD:387 
"<trabajo>"
	"trabajo" Noun NC Singular lang:es 00:00:11 00:00:18 tt-2777 OM023_1962_CT_SU2011_VA_08 
"<que>"
	"que" Conjunction CQUE lang:es 00:00:11 00:00:18 tt-2778 OM023_1962_CT_SU2011_VA_08 
"<tuve>"
	"tener" Verb VLfin Pret Indi Sing 1st lang:es 00:00:11 00:00:18 tt-2779 OM023_1962_CT_SU2011_VA_08 @Gram:Indefinido ADD:546 
"<era>"
	"ser" Verb VEfin Imp Indi Sing 1st_or_3rd lang:es 00:00:11 00:00:18 tt-2780 OM023_1962_CT_SU2011_VA_08 @Gram:Imperf @Gram:SerEstar:Ser ADD:537 ADD:647 
"<en>"
	"en" Preposition PREP lang:es 00:00:11 00:00:18 tt-2781 OM023_1962_CT_SU2011_VA_08 @Gram:Prep ADD:472 
"<una>"
	"un" Determiner ART Singular lang:es 00:00:11 00:00:18 tt-2782 OM023_1962_CT_SU2011_VA_08 
"<estación>"
	"estación" Noun NC Singular lang:es 00:00:11 00:00:18 tt-2783 OM023_1962_CT_SU2011_VA_08 
"<de>"
	"de" Preposition PREP lang:es 00:00:11 00:00:18 tt-2784 OM023_1962_CT_SU2011_VA_08 @Gram:Prep ADD:472 
"<gasolina>"
	"gasolina" Noun NC Singular lang:es 00:00:11 00:00:18 tt-2785 OM023_1962_CT_SU2011_VA_08 
"<,>"
	"," Punctuation CM lang:es 00:00:11 00:00:18 tt-2786 OM023_1962_CT_SU2011_VA_08 
"<que>"
	"que" Conjunction CQUE lang:es 00:00:11 00:00:18 tt-2787 OM023_1962_CT_SU2011_VA_08 
"<era>"
	"ser" Verb VEfin Imp Indi Sing 1st_or_3rd lang:es 00:00:11 00:00:18 tt-2788 OM023_1962_CT_SU2011_VA_08 @Gram:Imperf @Gram:SerEstar:Ser ADD:537 ADD:647 
"<de>"
	"de" Preposition PREP lang:es 00:00:11 00:00:18 tt-2789 OM023_1962_CT_SU2011_VA_08 @Gram:Prep ADD:472 
"<que>"
	"que" Conjunction CQUE lang:es 00:00:11 00:00:18 tt-2792 OM023_1962_CT_SU2011_VA_08 
"<dicen>"
	"decir" Verb VLfin Pres Indi Plural 3rd lang:es 00:00:11 00:00:18 tt-2793 OM023_1962_CT_SU2011_VA_08 
"<aquí>"
	"aquí" Adverb ADV lang:es 00:00:11 00:00:18 tt-2794 OM023_1962_CT_SU2011_VA_08 
"<y>"
	"y" Conjunction CC lang:es 00:00:11 00:00:18 tt-2795 OM023_1962_CT_SU2011_VA_08 
"<era>"
	"ser" Verb VEfin Imp Indi Sing 1st_or_3rd lang:es 00:00:21 00:00:28 tt-2796 OM023_1962_CT_SU2011_VA_08 @Gram:Imperf @Gram:SerEstar:Ser ADD:537 ADD:647 
"<fácil>"
	"fácil" Adjective ADJ Singular lang:es 00:00:21 00:00:28 tt-2797 OM023_1962_CT_SU2011_VA_08 
"<,>"
	"," Punctuation CM lang:es 00:00:21 00:00:28 tt-2798 OM023_1962_CT_SU2011_VA_08 
"<o>"
	"o" Adverb ADV lang:es 00:00:21 00:00:28 tt-2799 OM023_1962_CT_SU2011_VA_08 ID:38 R:Prag:MarcadoresDisc:Igualdad:39 ADDRELATION(Prag:MarcadoresDisc:Igualdad):921 
"<sea>"
	"sea" Adverb ADV lang:es 00:00:21 00:00:28 tt-2800 OM023_1962_CT_SU2011_VA_08 ID:39 
"<no>"
	"no" Adverb NEG lang:es 00:00:21 00:00:28 tt-2801 OM023_1962_CT_SU2011_VA_08 
"<tenía>"
	"tener" Verb VLfin Imp Indi Sing 1st_or_3rd lang:es 00:00:21 00:00:28 tt-2802 OM023_1962_CT_SU2011_VA_08 @Gram:Imperf ADD:537 
"<mucho>"
	"mucho" Determiner QU lang:es 00:00:21 00:00:28 tt-2803 OM023_1962_CT_SU2011_VA_08 
"<problema>"
	"problema" Noun NC Singular lang:es 00:00:21 00:00:28 tt-2804 OM023_1962_CT_SU2011_VA_08 
"<con>"
	"con" Preposition PREP lang:es 00:00:21 00:00:28 tt-2805 OM023_1962_CT_SU2011_VA_08 @Gram:Prep ADD:472 
"<el>"
	"el" Determiner ART Singular lang:es 00:00:21 00:00:28 tt-2806 OM023_1962_CT_SU2011_VA_08 @Gram:Det:Art ID:45 R:Gram:Genero:ExcepMasc:46 ADD:324 ADDRELATION(Gram:Genero:ExcepMasc):371 
"<idioma>"
	"idioma" Noun NC Singular lang:es 00:00:21 00:00:28 tt-2807 OM023_1962_CT_SU2011_VA_08 ID:46 
"<,>"
	"," Punctuation CM lang:es 00:00:21 00:00:28 tt-2808 OM023_1962_CT_SU2011_VA_08 
"<excepto>"
	"excepto" Preposition PREP lang:es 00:00:21 00:00:28 tt-2809 OM023_1962_CT_SU2011_VA_08 @Gram:Prep ADD:472 
"<cuando>"
	"cuando" Conjunction CSUBX lang:es 00:00:21 00:00:28 tt-2810 OM023_1962_CT_SU2011_VA_08 
"<llegaban>"
	"llegar" Verb VLfin Imp Indi Plural 3rd lang:es 00:00:21 00:00:28 tt-2811 OM023_1962_CT_SU2011_VA_08 @Gram:Imperf ADD:537 
"<clientes>"
	"cliente" Noun NC Plural lang:es 00:00:21 00:00:28 tt-2812 OM023_1962_CT_SU2011_VA_08 
"<ya>"
	"ya" Adverb ADV lang:es 00:00:28 00:00:35 tt-2813 OM023_1962_CT_SU2011_VA_08 
"<mayores>"
	"grande" Adjective ADJ Plural lang:es 00:00:28 00:00:35 tt-2814 OM023_1962_CT_SU2011_VA_08 
"<,>"
	"," Punctuation CM lang:es 00:00:28 00:00:35 tt-2815 OM023_1962_CT_SU2011_VA_08 
"<o>"
	"o" Adverb ADV lang:es 00:00:28 00:00:35 tt-2816 OM023_1962_CT_SU2011_VA_08 ID:55 R:Prag:MarcadoresDisc:Igualdad:56 ADDRELATION(Prag:MarcadoresDisc:Igualdad):921 
"<sea>"
	"sea" Adverb ADV lang:es 00:00:28 00:00:35 tt-2817 OM023_1962_CT_SU2011_VA_08 ID:56 
"<señores>"
	"señor" Noun NC Plural lang:es 00:00:28 00:00:35 tt-2818 OM023_1962_CT_SU2011_VA_08 
"<y>"
	"y" Conjunction CC lang:es 00:00:28 00:00:35 tt-2819 OM023_1962_CT_SU2011_VA_08 
"<señoras>"
	"señora" Noun NC Plural lang:es 00:00:28 00:00:35 tt-2820 OM023_1962_CT_SU2011_VA_08 
"<de>"
	"de" Preposition PREP lang:es 00:00:28 00:00:35 tt-2821 OM023_1962_CT_SU2011_VA_08 @Gram:Prep ADD:472 
"<edad>"
	"edad" Noun NC Singular lang:es 00:00:28 00:00:35 tt-2822 OM023_1962_CT_SU2011_VA_08 
"<y>"
	"y" Conjunction CC lang:es 00:00:28 00:00:35 tt-2823 OM023_1962_CT_SU2011_VA_08 
"<ellos>"
	"él" Pronoun PPX Plural lang:es 00:00:28 00:00:35 tt-2824 OM023_1962_CT_SU2011_VA_08 @Gram:Pron:Sujeto ADD:482 
"<conversaban>"
	"UNK" Verb VLfin Imp Indi Plural 3rd lang:es 00:00:28 00:00:35 tt-2825 OM023_1962_CT_SU2011_VA_08 @Gram:Imperf ADD:537 
"<,>"
	"," Punctuation CM lang:es 00:00:28 00:00:35 tt-2826 OM023_1962_CT_SU2011_VA_08 
"<me>"
	"yo" Pronoun PPX Singular lang:es 00:00:28 00:00:35 tt-2827 OM023_1962_CT_SU2011_VA_08 @Gram:Pron:Objeto ADD:506 
"<contaban>"
	"contar" Verb VLfin Imp Indi Plural 3rd lang:es 00:00:28 00:00:35 tt-2828 OM023_1962_CT_SU2011_VA_08 @Gram:Imperf ADD:537 
"<historias>"
	"historia" Noun NC Plural lang:es 00:00:28 00:00:35 tt-2829 OM023_1962_CT_SU2011_VA_08 
"<y>"
	"y" Conjunction CC lang:es 00:00:36 00:00:43 tt-2830 OM023_1962_CT_SU2011_VA_08 
"<recuerdo>"
	"recordar" Verb VLfin Pres Indi Sing 1st lang:es 00:00:36 00:00:43 tt-2831 OM023_1962_CT_SU2011_VA_08 
"<que>"
	"que" Conjunction CQUE lang:es 00:00:36 00:00:43 tt-2832 OM023_1962_CT_SU2011_VA_08 
"<un>"
	"un" Determiner ART Singular lang:es 00:00:36 00:00:43 tt-2833 OM023_1962_CT_SU2011_VA_08 
"<señor>"
	"señor" Noun NC Singular lang:es 00:00:36 00:00:43 tt-2834 OM023_1962_CT_SU2011_VA_08 
"<me>"
	"yo" Pronoun PPX Singular lang:es 00:00:36 00:00:43 tt-2835 OM023_1962_CT_SU2011_VA_08 @Gram:Pron:Objeto ADD:506 
"<dijo>"
	"decir" Verb VLfin Pres Indi Sing 1st lang:es 00:00:36 00:00:43 tt-2836 OM023_1962_CT_SU2011_VA_08 
"<algo>"
	"algo" Determiner QU lang:es 00:00:36 00:00:43 tt-2837 OM023_1962_CT_SU2011_VA_08 
"<y>"
	"y" Conjunction CC lang:es 00:00:36 00:00:43 tt-2838 OM023_1962_CT_SU2011_VA_08 
"<yo>"
	"yo" Pronoun PPX Singular lang:es 00:00:36 00:00:43 tt-2839 OM023_1962_CT_SU2011_VA_08 @Gram:Pron:Sujeto ADD:482 
"<sonreía>"
	"sonreír" Verb VLfin Pres Indi Sing 3rd lang:es 00:00:36 00:00:43 tt-2840 OM023_1962_CT_SU2011_VA_08 
<lang code="en">
"<'>"
	"'" Other POS lang:en 00:59:46 00:00:43 tt-2841 OM023_1962_CT_SU2011_VA_08 
</lang>
"<cara>"
	"cara" Noun NC Singular lang:es 00:00:48 00:00:55 tt-2843 OM023_1962_CT_SU2011_VA_08 
"<$.>"
	"." Punctuation FS lang:es 00:00:48 00:00:55 tt-2845 OM023_1962_CT_SU2011_VA_08 

"<Yo>"
	"yo" Pronoun PPX Singular lang:es 00:00:48 00:00:55 tt-2846 OM023_1962_CT_SU2011_VA_08 @Gram:Pron:Sujeto ADD:482 
"<creo>"
	"crear|creer" Verb VLfin Pres Indi Sing 1st lang:es 00:00:48 00:00:55 tt-2847 OM023_1962_CT_SU2011_VA_08 
"<que>"
	"que" Conjunction CQUE lang:es 00:00:48 00:00:55 tt-2848 OM023_1962_CT_SU2011_VA_08 
"<me>"
	"yo" Pronoun PPX Singular lang:es 00:00:48 00:00:55 tt-2849 OM023_1962_CT_SU2011_VA_08 @Gram:Pron:Objeto ADD:506 
"<había>"
	"haber" Verb VHfin Imp Indi Sing 1st_or_3rd lang:es 00:00:48 00:00:55 tt-2850 OM023_1962_CT_SU2011_VA_08 
"<dicho>"
	"decir" Verb VLadj lang:es 00:00:48 00:00:55 tt-2851 OM023_1962_CT_SU2011_VA_08 
"<que>"
	"que" Conjunction CQUE lang:es 00:00:48 00:00:55 tt-2852 OM023_1962_CT_SU2011_VA_08 
"<se>"
	"se" Other SE lang:es 00:00:48 00:00:55 tt-2853 OM023_1962_CT_SU2011_VA_08 @Gram:Pron:Otros ADD:525 
"<le>"
	"él" Pronoun PPC Singular lang:es 00:00:48 00:00:55 tt-2854 OM023_1962_CT_SU2011_VA_08 @Gram:Pron:Objeto ADD:512 
"<murió>"
	"morir" Verb VLfin Pret Indi Sing 3rd lang:es 00:00:48 00:00:55 tt-2855 OM023_1962_CT_SU2011_VA_08 @Gram:Indefinido ADD:546 
"<la>"
	"el" Determiner ART Singular lang:es 00:00:48 00:00:55 tt-2856 OM023_1962_CT_SU2011_VA_08 @Gram:Det:Art ADD:324 
"<esposa>"
	"esposo" Noun NC Singular lang:es 00:00:48 00:00:55 tt-2857 OM023_1962_CT_SU2011_VA_08 
"<,>"
	"," Punctuation CM lang:es 00:00:48 00:00:55 tt-2858 OM023_1962_CT_SU2011_VA_08 
"<yo>"
	"yo" Pronoun PPX Singular lang:es 00:00:48 00:00:55 tt-2859 OM023_1962_CT_SU2011_VA_08 @Gram:Pron:Sujeto ADD:482 
"<no>"
	"no" Adverb NEG lang:es 00:00:48 00:00:55 tt-2860 OM023_1962_CT_SU2011_VA_08 
"<sé>"
	"saber|ser" Verb VLfin Pres Indi Sing 1st lang:es 00:00:48 00:00:55 tt-2861 OM023_1962_CT_SU2011_VA_08 
"<que>"
	"que" Conjunction CQUE lang:es 00:00:48 00:00:55 tt-2862 OM023_1962_CT_SU2011_VA_08 
"<me>"
	"yo" Pronoun PPX Singular lang:es 00:00:55 00:00:59 tt-2863 OM023_1962_CT_SU2011_VA_08 @Gram:Pron:Objeto ADD:506 
"<había>"
	"haber" Verb VHfin Imp Indi Sing 1st_or_3rd lang:es 00:00:55 00:00:59 tt-2864 OM023_1962_CT_SU2011_VA_08 
"<dicho>"
	"decir" Verb VLadj lang:es 00:00:55 00:00:59 tt-2865 OM023_1962_CT_SU2011_VA_08 
"<pero>"
	"pero" Conjunction CCAD lang:es 00:00:55 00:00:59 tt-2866 OM023_1962_CT_SU2011_VA_08 @Prag:MarcadoresDisc:Revision ADD:826 
"<yo>"
	"yo" Pronoun PPX Singular lang:es 00:00:55 00:00:59 tt-2867 OM023_1962_CT_SU2011_VA_08 @Gram:Pron:Sujeto ADD:482 
"<nada>"
	"nada" Determiner QU lang:es 00:00:55 00:00:59 tt-2868 OM023_1962_CT_SU2011_VA_08 
"<más>"
	"más" Adverb ADV lang:es 00:00:55 00:00:59 tt-2869 OM023_1962_CT_SU2011_VA_08 
"<como>"
	"como" Conjunction CSUBX lang:es 00:00:55 00:00:59 tt-2870 OM023_1962_CT_SU2011_VA_08 
"<no>"
	"no" Adverb NEG lang:es 00:00:55 00:00:59 tt-2871 OM023_1962_CT_SU2011_VA_08 
"<entendí>"
	"entender" Verb VLfin Pret Indi Sing 1st lang:es 00:00:55 00:00:59 tt-2872 OM023_1962_CT_SU2011_VA_08 @Gram:Indefinido ADD:546 
"<le>"
	"le" Other PE lang:es 00:00:55 00:00:59 tt-2873 OM023_1962_CT_SU2011_VA_08 
"<dije>"
	"dije" Noun NC Singular lang:es 00:00:55 00:00:59 tt-2874 OM023_1962_CT_SU2011_VA_08 
<lang code="en">
"<'>"
	"'" Other POS lang:en 00:00:42 00:00:59 tt-2875 OM023_1962_CT_SU2011_VA_08 
</lang>
"<todo>"
	"todo" Adverb ADV lang:es 00:00:59 00:01:06 tt-2877 OM023_1962_CT_SU2011_VA_08 
"<en>"
	"en" Preposition PREP lang:es 00:00:59 00:01:06 tt-2878 OM023_1962_CT_SU2011_VA_08 @Gram:Prep ADD:472 
"<los>"
	"el" Determiner ART Plural lang:es 00:00:59 00:01:06 tt-2879 OM023_1962_CT_SU2011_VA_08 @Gram:Det:Art ADD:324 
"<primeros>"
	"primero" Adjective ORD Plural lang:es 00:00:59 00:01:06 tt-2880 OM023_1962_CT_SU2011_VA_08 
"<6>"
	"6" Determiner CARD Singular lang:es 00:00:59 00:01:06 tt-2881 OM023_1962_CT_SU2011_VA_08 
"<meses>"
	"mes" Noun NC Plural lang:es 00:00:59 00:01:06 tt-2882 OM023_1962_CT_SU2011_VA_08 
"<que>"
	"que" Conjunction CQUE lang:es 00:00:59 00:01:06 tt-2883 OM023_1962_CT_SU2011_VA_08 
"<o>"
	"o" Adverb ADV lang:es 00:00:59 00:01:06 tt-2884 OM023_1962_CT_SU2011_VA_08 ID:120 R:Prag:MarcadoresDisc:Igualdad:121 ADDRELATION(Prag:MarcadoresDisc:Igualdad):921 
"<sea>"
	"sea" Adverb ADV lang:es 00:00:59 00:01:06 tt-2885 OM023_1962_CT_SU2011_VA_08 ID:121 
"<no>"
	"no" Adverb NEG lang:es 00:00:59 00:01:06 tt-2886 OM023_1962_CT_SU2011_VA_08 
"<tenía>"
	"tener" Verb VLfin Imp Indi Sing 1st_or_3rd lang:es 00:00:59 00:01:06 tt-2887 OM023_1962_CT_SU2011_VA_08 @Gram:Imperf ADD:537 
"<idea>"
	"idea" Noun NC Singular lang:es 00:00:59 00:01:06 tt-2888 OM023_1962_CT_SU2011_VA_08 
"<pero>"
	"pero" Conjunction CCAD lang:es 00:00:59 00:01:06 tt-2889 OM023_1962_CT_SU2011_VA_08 @Prag:MarcadoresDisc:Revision ADD:826 
"<nunca>"
	"nunca" Adverb ADV lang:es 00:00:59 00:01:06 tt-2890 OM023_1962_CT_SU2011_VA_08 
"<digamos>"
	"decir" Verb VLfin Pres Subj Plural 1st lang:es 00:00:59 00:01:06 tt-2891 OM023_1962_CT_SU2011_VA_08 @Gram:MSub:Pres ADD:616 
"<le>"
	"le" Other PE lang:es 00:00:59 00:01:06 tt-2892 OM023_1962_CT_SU2011_VA_08 
"<reconocía>"
	"reconocer" Verb VLfin Imp Indi Sing 1st_or_3rd lang:es 00:00:59 00:01:06 tt-2893 OM023_1962_CT_SU2011_VA_08 @Gram:Imperf ADD:537 
"<que>"
	"que" Conjunction CQUE lang:es 00:01:11 00:01:18 tt-2894 OM023_1962_CT_SU2011_VA_08 
"<no>"
	"no" Adverb NEG lang:es 00:01:11 00:01:18 tt-2895 OM023_1962_CT_SU2011_VA_08 
"<entendía>"
	"entender" Verb VLfin Imp Indi Sing 1st_or_3rd lang:es 00:01:11 00:01:18 tt-2896 OM023_1962_CT_SU2011_VA_08 @Gram:Imperf ADD:537 
"<inglés>"
	"inglés" Adjective ADJ Plural lang:es 00:01:11 00:01:18 tt-2897 OM023_1962_CT_SU2011_VA_08 
"<,>"
	"," Punctuation CM lang:es 00:01:11 00:01:18 tt-2898 OM023_1962_CT_SU2011_VA_08 
"<hacía>"
	"hacer" Verb VLfin Imp Indi Sing 1st_or_3rd lang:es 00:01:11 00:01:18 tt-2899 OM023_1962_CT_SU2011_VA_08 @Gram:Imperf ADD:537 
"<lo>"
	"el" Determiner ART Singular lang:es 00:01:11 00:01:18 tt-2900 OM023_1962_CT_SU2011_VA_08 @Gram:Det:Art ADD:329 
"<posible>"
	"posible" Adjective ADJ Singular lang:es 00:01:11 00:01:18 tt-2901 OM023_1962_CT_SU2011_VA_08 
"<por>"
	"por" Preposition PREP lang:es 00:01:11 00:01:18 tt-2902 OM023_1962_CT_SU2011_VA_08 @Gram:Prep:Por SUBSTITUTE:234 ADD:466 
"<entender>"
	"entender" Verb VLinf Infinitive lang:es 00:01:11 00:01:18 tt-2903 OM023_1962_CT_SU2011_VA_08 SUBSTITUTE:292 
"<lo>"
	"el" Determiner ART Singular lang:es 00:01:11 00:01:18 tt-2904 OM023_1962_CT_SU2011_VA_08 
"<que>"
	"que" Conjunction CQUE lang:es 00:01:11 00:01:18 tt-2905 OM023_1962_CT_SU2011_VA_08 
"<pudiera>"
	"poder" Verb VMfin lang:es 00:01:11 00:01:18 tt-2906 OM023_1962_CT_SU2011_VA_08 
"<y>"
	"y" Conjunction CC lang:es 00:01:11 00:01:18 tt-2907 OM023_1962_CT_SU2011_VA_08 
"<aprender>"
	"aprender" Verb VLinf Infinitive lang:es 00:01:11 00:01:18 tt-2908 OM023_1962_CT_SU2011_VA_08 SUBSTITUTE:292 
"<en>"
	"en" Preposition PREP lang:es 00:01:11 00:01:18 tt-2909 OM023_1962_CT_SU2011_VA_08 @Gram:Prep ADD:472 
"<la>"
	"el" Determiner ART Singular lang:es 00:01:18 00:01:24 tt-2910 OM023_1962_CT_SU2011_VA_08 @Gram:Det:Art ADD:324 
"<misma>"
	"mismo" Adjective ADJ Singular lang:es 00:01:18 00:01:24 tt-2911 OM023_1962_CT_SU2011_VA_08 
"<conversación>"
	"conversación" Noun NC Singular lang:es 00:01:18 00:01:24 tt-2912 OM023_1962_CT_SU2011_VA_08 
"<$.>"
	"." Punctuation FS lang:es 00:01:18 00:01:24 tt-2913 OM023_1962_CT_SU2011_VA_08 

"<La>"
	"el" Determiner ART Singular lang:es 00:01:18 00:01:24 tt-2914 OM023_1962_CT_SU2011_VA_08 @Gram:Det:Art ADD:324 
"<otra>"
	"otro" Determiner QU lang:es 00:01:18 00:01:24 tt-2915 OM023_1962_CT_SU2011_VA_08 
"<cosa>"
	"cosa" Noun NC Singular lang:es 00:01:18 00:01:24 tt-2916 OM023_1962_CT_SU2011_VA_08 
"<que>"
	"que" Conjunction CQUE lang:es 00:01:18 00:01:24 tt-2917 OM023_1962_CT_SU2011_VA_08 
"<era>"
	"ser" Verb VEfin Imp Indi Sing 1st_or_3rd lang:es 00:01:18 00:01:24 tt-2918 OM023_1962_CT_SU2011_VA_08 @Gram:Imperf @Gram:SerEstar:Ser ADD:537 ADD:647 
"<súper>"
	"súper" Adjective ADJ Singular lang:es 00:01:18 00:01:24 tt-2919 OM023_1962_CT_SU2011_VA_08 
"<difícil>"
	"difícil" Adjective ADJ Singular lang:es 00:01:18 00:01:24 tt-2920 OM023_1962_CT_SU2011_VA_08 
"<en>"
	"en" Preposition PREP lang:es 00:01:18 00:01:24 tt-2921 OM023_1962_CT_SU2011_VA_08 @Gram:Prep ADD:472 
"<ese>"
	"ese" Determiner DM Singular lang:es 00:01:18 00:01:24 tt-2922 OM023_1962_CT_SU2011_VA_08 @Gram:Det:Demo ADD:336 
"<trabajo>"
	"trabajo" Noun NC Singular lang:es 00:01:18 00:01:24 tt-2923 OM023_1962_CT_SU2011_VA_08 
"<era>"
	"ser" Verb VEfin Imp Indi Sing 1st_or_3rd lang:es 00:01:18 00:01:24 tt-2924 OM023_1962_CT_SU2011_VA_08 @Gram:Imperf @Gram:SerEstar:Ser ADD:537 ADD:647 
"<que>"
	"que" Conjunction CQUE lang:es 00:01:18 00:01:24 tt-2925 OM023_1962_CT_SU2011_VA_08 
"<además>"
	"además" Adverb ADV lang:es 00:01:18 00:01:24 tt-2926 OM023_1962_CT_SU2011_VA_08 
"<de>"
	"de" Conjunction CSUBI lang:es 00:01:24 00:01:31 tt-2927 OM023_1962_CT_SU2011_VA_08 
"<poner>"
	"poner" Verb VLinf Infinitive lang:es 00:01:24 00:01:31 tt-2928 OM023_1962_CT_SU2011_VA_08 SUBSTITUTE:292 
"<gasolina>"
	"gasolina" Noun NC Singular lang:es 00:01:24 00:01:31 tt-2929 OM023_1962_CT_SU2011_VA_08 
"<vendían>"
	"vender" Verb VLfin Imp Indi Plural 3rd lang:es 00:01:24 00:01:31 tt-2930 OM023_1962_CT_SU2011_VA_08 @Gram:Imperf ADD:537 
"<cigarrillos>"
	"cigarro" Noun NC Plural lang:es 00:01:24 00:01:31 tt-2931 OM023_1962_CT_SU2011_VA_08 
"<y>"
	"y" Conjunction CC lang:es 00:01:24 00:01:31 tt-2932 OM023_1962_CT_SU2011_VA_08 
"<aquí>"
	"aquí" Adverb ADV lang:es 00:01:24 00:01:31 tt-2933 OM023_1962_CT_SU2011_VA_08 
"<en>"
	"en" Preposition PREP lang:es 00:01:24 00:01:31 tt-2934 OM023_1962_CT_SU2011_VA_08 @Gram:Prep ADD:472 
"<este>"
	"este" Determiner DM Singular lang:es 00:01:24 00:01:31 tt-2935 OM023_1962_CT_SU2011_VA_08 @Gram:Det:Demo ADD:336 
"<país>"
	"país" Noun NC Plural lang:es 00:01:24 00:01:31 tt-2936 OM023_1962_CT_SU2011_VA_08 
"<hay>"
	"haber" Verb VHfin Pres Indi Sing 3rd lang:es 00:01:24 00:01:31 tt-2937 OM023_1962_CT_SU2011_VA_08 @Gram:Haber:Exist ADD:663 
"<cincuenta>"
	"cincuenta" Determiner CARD Singular lang:es 00:01:24 00:01:31 tt-2938 OM023_1962_CT_SU2011_VA_08 
"<mil>"
	"mil" Determiner CARD Singular lang:es 00:01:24 00:01:31 tt-2939 OM023_1962_CT_SU2011_VA_08 
"<marcas>"
	"marca" Noun NC Plural lang:es 00:01:24 00:01:31 tt-2940 OM023_1962_CT_SU2011_VA_08 
"<distintas>"
	"distinto" Adjective ADJ Plural lang:es 00:01:24 00:01:31 tt-2941 OM023_1962_CT_SU2011_VA_08 
"<de>"
	"de" Preposition PREP lang:es 00:01:32 00:01:37 tt-2942 OM023_1962_CT_SU2011_VA_08 @Gram:Prep ADD:472 
"<cigarrillos>"
	"cigarro" Noun NC Plural lang:es 00:01:32 00:01:37 tt-2943 OM023_1962_CT_SU2011_VA_08 
"<y>"
	"y" Conjunction CC lang:es 00:01:32 00:01:37 tt-2944 OM023_1962_CT_SU2011_VA_08 
"<cuando>"
	"cuando" Conjunction CSUBX lang:es 00:01:32 00:01:37 tt-2945 OM023_1962_CT_SU2011_VA_08 
"<me>"
	"yo" Pronoun PPX Singular lang:es 00:01:32 00:01:37 tt-2946 OM023_1962_CT_SU2011_VA_08 @Gram:Pron:Objeto ADD:506 
"<pedían>"
	"pedir" Verb VLfin Imp Indi Plural 3rd lang:es 00:01:32 00:01:37 tt-2947 OM023_1962_CT_SU2011_VA_08 @Gram:Imperf ADD:537 
"<marcas>"
	"marca" Noun NC Plural lang:es 00:01:32 00:01:37 tt-2948 OM023_1962_CT_SU2011_VA_08 
"<,>"
	"," Punctuation CM lang:es 00:01:32 00:01:37 tt-2949 OM023_1962_CT_SU2011_VA_08 
"<yo>"
	"yo" Pronoun PPX Singular lang:es 00:01:32 00:01:37 tt-2950 OM023_1962_CT_SU2011_VA_08 @Gram:Pron:Sujeto ADD:482 
"<no>"
	"no" Adverb NEG lang:es 00:01:32 00:01:37 tt-2951 OM023_1962_CT_SU2011_VA_08 
"<tenía>"
	"tener" Verb VLfin Imp Indi Sing 1st_or_3rd lang:es 00:01:32 00:01:37 tt-2952 OM023_1962_CT_SU2011_VA_08 @Gram:Imperf ADD:537 
"<idea>"
	"idea" Noun NC Singular lang:es 00:01:32 00:01:37 tt-2953 OM023_1962_CT_SU2011_VA_08 
"<que>"
	"que" Conjunction CQUE lang:es 00:01:32 00:01:37 tt-2954 OM023_1962_CT_SU2011_VA_08 
"<querían>"
	"querer" Verb VLfin Imp Indi Plural 3rd lang:es 00:01:32 00:01:37 tt-2955 OM023_1962_CT_SU2011_VA_08 @Gram:Imperf ADD:537 
"<entonces>"
	"entonces" Adverb ADV lang:es 00:01:32 00:01:37 tt-2956 OM023_1962_CT_SU2011_VA_08 
"<tenía>"
	"tener" Verb VLfin Imp Indi Sing 1st_or_3rd lang:es 00:01:32 00:01:37 tt-2957 OM023_1962_CT_SU2011_VA_08 @Gram:Imperf ADD:537 
"<que>"
	"que" Conjunction CQUE lang:es 00:01:37 00:01:43 tt-2958 OM023_1962_CT_SU2011_VA_08 
"<decirles>"
	"decir" Verb VLinf Pres Indi Sing 2nd lang:es 00:01:37 00:01:43 tt-2959 OM023_1962_CT_SU2011_VA_08 
"<que>"
	"que" Conjunction CQUE lang:es 00:01:37 00:01:43 tt-2960 OM023_1962_CT_SU2011_VA_08 
"<me>"
	"yo" Pronoun PPX Singular lang:es 00:01:37 00:01:43 tt-2961 OM023_1962_CT_SU2011_VA_08 @Gram:Pron:Objeto ADD:506 
"<señalaran>"
	"UNK" Verb VLfin Past Subj Plural 2nd_or_3rd lang:es 00:01:37 00:01:43 tt-2962 OM023_1962_CT_SU2011_VA_08 @Gram:MSub:Pret ADD:617 
"<cuál>"
	"cuál" Pronoun INT Singular lang:es 00:01:37 00:01:43 tt-2963 OM023_1962_CT_SU2011_VA_08 
"<marca>"
	"marca" Noun NC Singular lang:es 00:01:37 00:01:43 tt-2964 OM023_1962_CT_SU2011_VA_08 
"<querían>"
	"querer" Verb VLfin Imp Indi Plural 3rd lang:es 00:01:37 00:01:43 tt-2965 OM023_1962_CT_SU2011_VA_08 @Gram:Imperf ADD:537 
"<$.>"
	"." Punctuation FS lang:es 00:01:37 00:01:43 tt-2966 OM023_1962_CT_SU2011_VA_08 

"<En>"
	"en" Preposition PREP lang:es 00:01:37 00:01:43 tt-2967 OM023_1962_CT_SU2011_VA_08 @Gram:Prep ADD:472 
"<Colombia>"
	"Colombia" Noun NP Singular lang:es 00:01:37 00:01:43 tt-2968 OM023_1962_CT_SU2011_VA_08 
"<hay>"
	"haber" Verb VHfin Pres Indi Sing 3rd lang:es 00:01:37 00:01:43 tt-2969 OM023_1962_CT_SU2011_VA_08 @Gram:Haber:Exist ADD:663 
"<tres>"
	"tres" Determiner CARD Plural lang:es 00:01:37 00:01:43 tt-2970 OM023_1962_CT_SU2011_VA_08 
"<o>"
	"o" Conjunction CC lang:es 00:01:37 00:01:43 tt-2971 OM023_1962_CT_SU2011_VA_08 
"<cuatro>"
	"cuatro" Determiner CARD Singular lang:es 00:01:37 00:01:43 tt-2972 OM023_1962_CT_SU2011_VA_08 
"<marca>"
	"marca" Noun NC Singular lang:es 00:01:37 00:01:43 tt-2973 OM023_1962_CT_SU2011_VA_08 
"<de>"
	"de" Preposition PREP lang:es 00:01:37 00:01:43 tt-2974 OM023_1962_CT_SU2011_VA_08 @Gram:Prep ADD:472 
"<cigarrillos>"
	"cigarro" Noun NC Plural lang:es 00:01:37 00:01:43 tt-2975 OM023_1962_CT_SU2011_VA_08 
"<y>"
	"y" Conjunction CC lang:es 00:01:43 00:01:50 tt-2976 OM023_1962_CT_SU2011_VA_08 
"<ya>"
	"ya" Adverb ADV lang:es 00:01:43 00:01:50 tt-2977 OM023_1962_CT_SU2011_VA_08 
"<$.>"
	"." Punctuation FS lang:es 00:01:43 00:01:50 tt-2978 OM023_1962_CT_SU2011_VA_08 

"<Pues>"
	"pues" Conjunction CSUBF lang:es 00:01:43 00:01:50 tt-2979 OM023_1962_CT_SU2011_VA_08 
"<,>"
	"," Punctuation CM lang:es 00:01:43 00:01:50 tt-2980 OM023_1962_CT_SU2011_VA_08 
"<claro>"
	"claro" Adjective ADJ Singular lang:es 00:01:43 00:01:50 tt-2981 OM023_1962_CT_SU2011_VA_08 
"<,>"
	"," Punctuation CM lang:es 00:01:43 00:01:50 tt-2982 OM023_1962_CT_SU2011_VA_08 
"<de>"
	"de" Preposition PREP lang:es 00:01:43 00:01:50 tt-2983 OM023_1962_CT_SU2011_VA_08 @Gram:Prep ADD:472 
"<todas>"
	"todo" Determiner QU lang:es 00:01:43 00:01:50 tt-2984 OM023_1962_CT_SU2011_VA_08 
"<maneras>"
	"manera" Noun NC Plural lang:es 00:01:43 00:01:50 tt-2985 OM023_1962_CT_SU2011_VA_08 
"<fue>"
	"ser" Verb VSfin Pret Indi Sing 3rd lang:es 00:01:43 00:01:50 tt-2986 OM023_1962_CT_SU2011_VA_08 @Gram:SerEstar:Ser ADD:647 
"<un>"
	"un" Determiner ART Singular lang:es 00:01:43 00:01:50 tt-2987 OM023_1962_CT_SU2011_VA_08 
"<ejercicio>"
	"ejercicio" Noun NC Singular lang:es 00:01:43 00:01:50 tt-2988 OM023_1962_CT_SU2011_VA_08 
"<muy>"
	"muy" Adverb ADV lang:es 00:01:43 00:01:50 tt-2989 OM023_1962_CT_SU2011_VA_08 
"<intenso>"
	"intenso" Adjective ADJ Singular lang:es 00:01:43 00:01:50 tt-2990 OM023_1962_CT_SU2011_VA_08 
"<de>"
	"de" Conjunction CSUBI lang:es 00:01:43 00:01:50 tt-2991 OM023_1962_CT_SU2011_VA_08 
"<aprender>"
	"aprender" Verb VLinf Infinitive lang:es 00:01:43 00:01:50 tt-2992 OM023_1962_CT_SU2011_VA_08 SUBSTITUTE:292 
"<a>"
	"a" Preposition PREP lang:es 00:01:43 00:01:50 tt-2993 OM023_1962_CT_SU2011_VA_08 @Gram:Prep ADD:472 
"<afinar>"
	"afinar" Verb VLinf Infinitive lang:es 00:01:43 00:01:50 tt-2994 OM023_1962_CT_SU2011_VA_08 SUBSTITUTE:292 
"<el>"
	"el" Determiner ART Singular lang:es 00:01:52 00:01:58 tt-2995 OM023_1962_CT_SU2011_VA_08 @Gram:Det:Art ADD:324 
"<oído>"
	"oído" Noun NC Singular lang:es 00:01:52 00:01:58 tt-2996 OM023_1962_CT_SU2011_VA_08 
"<,>"
	"," Punctuation CM lang:es 00:01:52 00:01:58 tt-2997 OM023_1962_CT_SU2011_VA_08 
"<de>"
	"de" Conjunction CSUBI lang:es 00:01:52 00:01:58 tt-2998 OM023_1962_CT_SU2011_VA_08 
"<aprender>"
	"aprender" Verb VLinf Infinitive lang:es 00:01:52 00:01:58 tt-2999 OM023_1962_CT_SU2011_VA_08 SUBSTITUTE:292 
"<a>"
	"a" Preposition PREP lang:es 00:01:52 00:01:58 tt-3000 OM023_1962_CT_SU2011_VA_08 @Gram:Prep ADD:472 
"<reconocer>"
	"reconocer" Verb VLinf Infinitive lang:es 00:01:52 00:01:58 tt-3001 OM023_1962_CT_SU2011_VA_08 SUBSTITUTE:292 
"<la>"
	"el" Determiner ART Singular lang:es 00:01:52 00:01:58 tt-3002 OM023_1962_CT_SU2011_VA_08 @Gram:Det:Art ADD:324 
"<diferencia>"
	"diferencia" Noun NC Singular lang:es 00:01:52 00:01:58 tt-3003 OM023_1962_CT_SU2011_VA_08 
"<de>"
	"de" Preposition PREP lang:es 00:01:52 00:01:58 tt-3004 OM023_1962_CT_SU2011_VA_08 @Gram:Prep ADD:472 
"<los>"
	"el" Determiner ART Plural lang:es 00:01:52 00:01:58 tt-3005 OM023_1962_CT_SU2011_VA_08 @Gram:Det:Art ADD:324 
"<sonidos>"
	"sonido" Noun NC Plural lang:es 00:01:52 00:01:58 tt-3006 OM023_1962_CT_SU2011_VA_08 
"<nada>"
	"nada" Determiner QU lang:es 00:01:52 00:01:58 tt-3007 OM023_1962_CT_SU2011_VA_08 
"<más>"
	"más" Adverb ADV lang:es 00:01:52 00:01:58 tt-3008 OM023_1962_CT_SU2011_VA_08 
"<con>"
	"con" Preposition PREP lang:es 00:01:52 00:01:58 tt-3009 OM023_1962_CT_SU2011_VA_08 @Gram:Prep ADD:472 
"<los>"
	"el" Determiner ART Plural lang:es 00:01:52 00:01:58 tt-3010 OM023_1962_CT_SU2011_VA_08 @Gram:Det:Art ADD:324 
"<nombres>"
	"nombre" Noun NC Plural lang:es 00:01:52 00:01:58 tt-3011 OM023_1962_CT_SU2011_VA_08 
"<de>"
	"de" Preposition PREP lang:es 00:01:52 00:01:58 tt-3012 OM023_1962_CT_SU2011_VA_08 @Gram:Prep ADD:472 
"<los>"
	"el" Determiner ART Plural lang:es 00:01:58 00:02:05 tt-3013 OM023_1962_CT_SU2011_VA_08 @Gram:Det:Art ADD:324 
"<cigarrillos>"
	"cigarro" Noun NC Plural lang:es 00:01:58 00:02:05 tt-3014 OM023_1962_CT_SU2011_VA_08 
"<$.>"
	"." Punctuation FS lang:es 00:01:58 00:02:05 tt-3015 OM023_1962_CT_SU2011_VA_08 

"<$¿>"
	"¿" Punctuation FS lang:es 00:01:58 00:02:05 tt-3016 OM023_1962_CT_SU2011_VA_08 
"<Qué>"
	"qué" Pronoun INT Singular lang:es 00:01:58 00:02:05 tt-3017 OM023_1962_CT_SU2011_VA_08 
"<más>"
	"más" Adverb ADV lang:es 00:01:58 00:02:05 tt-3018 OM023_1962_CT_SU2011_VA_08 
"<me>"
	"yo" Pronoun PPX Singular lang:es 00:01:58 00:02:05 tt-3019 OM023_1962_CT_SU2011_VA_08 @Gram:Pron:Objeto ADD:506 
"<ha>"
	"haber" Verb VHfin Pres Indi Sing 3rd lang:es 00:01:58 00:02:05 tt-3020 OM023_1962_CT_SU2011_VA_08 ID:256 R:Gram:Aux:Haber:257 R:Gram:PerfPerif:257 ADDRELATION():553 
"<pasado>"
	"pasar" Verb VLadj lang:es 00:01:58 00:02:05 tt-3021 OM023_1962_CT_SU2011_VA_08 ID:257 
"<así>"
	"así" Adverb ADV lang:es 00:01:58 00:02:05 tt-3022 OM023_1962_CT_SU2011_VA_08 
"<con>"
	"con" Preposition PREP lang:es 00:01:58 00:02:05 tt-3023 OM023_1962_CT_SU2011_VA_08 @Gram:Prep ADD:472 
"<el>"
	"el" Determiner ART Singular lang:es 00:01:58 00:02:05 tt-3024 OM023_1962_CT_SU2011_VA_08 @Gram:Det:Art ID:260 R:Gram:Genero:ExcepMasc:261 ADD:324 ADDRELATION(Gram:Genero:ExcepMasc):371 
"<idioma>"
	"idioma" Noun NC Singular lang:es 00:01:58 00:02:05 tt-3025 OM023_1962_CT_SU2011_VA_08 ID:261 
"<$?>"
	"?" Punctuation FS lang:es 00:01:58 00:02:05 tt-3026 OM023_1962_CT_SU2011_VA_08 

"<Bueno>"
	"bueno" Adjective ADJ Singular lang:es 00:01:58 00:02:05 tt-3027 OM023_1962_CT_SU2011_VA_08 
"<cuando>"
	"cuando" Conjunction CSUBX lang:es 00:01:58 00:02:05 tt-3028 OM023_1962_CT_SU2011_VA_08 
"<tuvimos>"
	"tener" Verb VLfin Pres_or_Pret Indi Plural 1st lang:es 00:01:58 00:02:05 tt-3029 OM023_1962_CT_SU2011_VA_08 
"<nuestros>"
	"nuestro" Pronoun PPO Plural Adjective ADJ lang:es 00:01:58 00:02:05 tt-3030 OM023_1962_CT_SU2011_VA_08 SUBSTITUTE:282 
</speaker>
</text>

