<text id="OM023_1962_CT_SU2011_VA_11">
<speaker type="int">
"<$¿>"
	"¿" Punctuation FS lang:es 00:00:00 00:00:07 tt-3961 OM023_1962_CT_SU2011_VA_11 
"<Y>"
	"y" Conjunction CC lang:es 00:00:00 00:00:07 tt-3962 OM023_1962_CT_SU2011_VA_11 
"<cómo>"
	"cómo" Adverb ADV lang:es 00:00:00 00:00:07 tt-3963 OM023_1962_CT_SU2011_VA_11 
"<fue>"
	"ser" Verb VSfin Pret Indi Sing 3rd lang:es 00:00:00 00:00:07 tt-3964 OM023_1962_CT_SU2011_VA_11 @Gram:SerEstar:Ser 
"<diferente>"
	"diferente" Adjective ADJ Singular lang:es 00:00:00 00:00:07 tt-3965 OM023_1962_CT_SU2011_VA_11 
"<con>"
	"con" Preposition PREP lang:es 00:00:00 00:00:07 tt-3966 OM023_1962_CT_SU2011_VA_11 @Gram:Prep 
"<Ana>"
	"Ana" Noun NP Singular lang:es 00:00:00 00:00:07 tt-3967 OM023_1962_CT_SU2011_VA_11 
"<María>"
	"María" Noun NP Singular lang:es 00:00:00 00:00:07 tt-3968 OM023_1962_CT_SU2011_VA_11 
"<y>"
	"y" Conjunction CC lang:es 00:00:00 00:00:07 tt-3969 OM023_1962_CT_SU2011_VA_11 
"<los>"
	"el" Determiner ART Plural lang:es 00:00:00 00:00:07 tt-3970 OM023_1962_CT_SU2011_VA_11 @Gram:Det:Art 
"<niños>"
	"niño" Noun NC Plural lang:es 00:00:00 00:00:07 tt-3971 OM023_1962_CT_SU2011_VA_11 
"<que>"
	"que" Conjunction CQUE lang:es 00:00:00 00:00:07 tt-3972 OM023_1962_CT_SU2011_VA_11 
"<tuvo>"
	"tener" Verb VLfin Pres Indi Sing 1st lang:es 00:00:00 00:00:07 tt-3973 OM023_1962_CT_SU2011_VA_11 
"<$?>"
	"?" Punctuation FS lang:es 00:00:00 00:00:07 tt-3974 OM023_1962_CT_SU2011_VA_11 
</speaker>
<speaker type="subj">

"<Bueno>"
	"bueno" Adjective ADJ Singular lang:es 00:00:09 00:00:14 tt-3975 OM023_1962_CT_SU2011_VA_11 
"<cuando>"
	"cuando" Conjunction CSUBX lang:es 00:00:09 00:00:14 tt-3976 OM023_1962_CT_SU2011_VA_11 
"<nació>"
	"nacer" Verb VLfin Pret Indi Sing 3rd lang:es 00:00:09 00:00:14 tt-3977 OM023_1962_CT_SU2011_VA_11 @Gram:Indefinido 
"<Roberto>"
	"Roberto" Noun NP Singular lang:es 00:00:09 00:00:14 tt-3978 OM023_1962_CT_SU2011_VA_11 
"<,>"
	"," Punctuation CM lang:es 00:00:09 00:00:14 tt-3979 OM023_1962_CT_SU2011_VA_11 
"<que>"
	"que" Conjunction CQUE lang:es 00:00:09 00:00:14 tt-3980 OM023_1962_CT_SU2011_VA_11 
"<fue>"
	"ser" Verb VSfin Pret Indi Sing 3rd lang:es 00:00:09 00:00:14 tt-3981 OM023_1962_CT_SU2011_VA_11 @Gram:SerEstar:Ser 
"<el>"
	"el" Determiner ART Singular lang:es 00:00:09 00:00:14 tt-3982 OM023_1962_CT_SU2011_VA_11 @Gram:Det:Art 
"<segundo>"
	"segundo" Adjective ORD Singular lang:es 00:00:09 00:00:14 tt-3983 OM023_1962_CT_SU2011_VA_11 
"<niño>"
	"niño" Noun NC Singular lang:es 00:00:09 00:00:14 tt-3984 OM023_1962_CT_SU2011_VA_11 
"<,>"
	"," Punctuation CM lang:es 00:00:09 00:00:14 tt-3985 OM023_1962_CT_SU2011_VA_11 
"<o>"
	"o" Adverb ADV lang:es 00:00:09 00:00:14 tt-3986 OM023_1962_CT_SU2011_VA_11 ID:26 R:Prag:MarcadoresDisc:Igualdad:27 
"<sea>"
	"sea" Adverb ADV lang:es 00:00:09 00:00:14 tt-3987 OM023_1962_CT_SU2011_VA_11 ID:27 
"<el>"
	"el" Determiner ART Singular lang:es 00:00:09 00:00:14 tt-3988 OM023_1962_CT_SU2011_VA_11 @Gram:Det:Art 
"<primero>"
	"primero" Adjective ORD Singular lang:es 00:00:09 00:00:14 tt-3989 OM023_1962_CT_SU2011_VA_11 
"<de>"
	"de" Preposition PREP lang:es 00:00:09 00:00:14 tt-3990 OM023_1962_CT_SU2011_VA_11 @Gram:Prep 
"<los>"
	"el" Determiner ART Plural lang:es 00:00:09 00:00:14 tt-3991 OM023_1962_CT_SU2011_VA_11 @Gram:Det:Art 
"<varones>"
	"varón" Noun NC Plural lang:es 00:00:14 00:00:21 tt-3992 OM023_1962_CT_SU2011_VA_11 
"<,>"
	"," Punctuation CM lang:es 00:00:14 00:00:21 tt-3993 OM023_1962_CT_SU2011_VA_11 
"<yo>"
	"yo" Pronoun PPX Singular lang:es 00:00:14 00:00:21 tt-3994 OM023_1962_CT_SU2011_VA_11 @Gram:Pron:Sujeto 
"<recuerdo>"
	"recordar" Verb VLfin Pres Indi Sing 1st lang:es 00:00:14 00:00:21 tt-3995 OM023_1962_CT_SU2011_VA_11 
"<que>"
	"que" Conjunction CQUE lang:es 00:00:14 00:00:21 tt-3996 OM023_1962_CT_SU2011_VA_11 
"<para>"
	"para" Preposition PREP lang:es 00:00:14 00:00:21 tt-3997 OM023_1962_CT_SU2011_VA_11 @Gram:Prep:Para 
"<mi>"
	"mío" Pronoun PPO Singular lang:es 00:00:14 00:00:21 tt-3998 OM023_1962_CT_SU2011_VA_11 
"<era>"
	"ser" Verb VEfin Imp Indi Sing 1st_or_3rd lang:es 00:00:14 00:00:21 tt-3999 OM023_1962_CT_SU2011_VA_11 @Gram:Imperf @Gram:SerEstar:Ser 
"<hermoso>"
	"hermoso" Adjective ADJ Singular lang:es 00:00:14 00:00:21 tt-4000 OM023_1962_CT_SU2011_VA_11 
"<yo>"
	"yo" Pronoun PPX Singular lang:es 00:00:14 00:00:21 tt-4001 OM023_1962_CT_SU2011_VA_11 @Gram:Pron:Sujeto 
"<estaba>"
	"estar" Verb VEfin Imp Indi Sing 1st_or_3rd lang:es 00:00:14 00:00:21 tt-4002 OM023_1962_CT_SU2011_VA_11 @Gram:Imperf @Gram:SerEstar:Estar 
"<enamorado>"
	"enamorar" Verb VLadj lang:es 00:00:14 00:00:21 tt-4003 OM023_1962_CT_SU2011_VA_11 
"<de>"
	"de" Preposition PREP lang:es 00:00:14 00:00:21 tt-4004 OM023_1962_CT_SU2011_VA_11 @Gram:Prep 
"<ese>"
	"ese" Determiner DM Singular lang:es 00:00:14 00:00:21 tt-4005 OM023_1962_CT_SU2011_VA_11 @Gram:Det:Demo 
"<bebé>"
	"bebé" Noun NC Singular lang:es 00:00:14 00:00:21 tt-4006 OM023_1962_CT_SU2011_VA_11 
"<,>"
	"," Punctuation CM lang:es 00:00:14 00:00:21 tt-4007 OM023_1962_CT_SU2011_VA_11 
"<por>"
	"por" Preposition PREP lang:es 00:00:14 00:00:21 tt-4008 OM023_1962_CT_SU2011_VA_11 @Gram:Prep:Por 
"<eso>"
	"ese" Determiner DM Singular lang:es 00:00:14 00:00:21 tt-4009 OM023_1962_CT_SU2011_VA_11 
"<me>"
	"yo" Pronoun PPX Singular lang:es 00:00:22 00:00:26 tt-4010 OM023_1962_CT_SU2011_VA_11 @Gram:Pron:Objeto 
"<acuerdo>"
	"acuerdo" Noun NC Singular lang:es 00:00:22 00:00:26 tt-4011 OM023_1962_CT_SU2011_VA_11 
"<que>"
	"que" Conjunction CQUE lang:es 00:00:22 00:00:26 tt-4012 OM023_1962_CT_SU2011_VA_11 
"<le>"
	"él" Pronoun PPC Singular lang:es 00:00:22 00:00:26 tt-4013 OM023_1962_CT_SU2011_VA_11 @Gram:Pron:Objeto 
"<dije>"
	"decir" Verb VLfin Pret Indi Sing 1st lang:es 00:00:22 00:00:26 tt-4014 OM023_1962_CT_SU2011_VA_11 @Gram:Indefinido 
"<a>"
	"a" Preposition PREP lang:es 00:00:22 00:00:26 tt-4015 OM023_1962_CT_SU2011_VA_11 @Gram:Prep 
"<mi>"
	"mío" Pronoun PPO Singular lang:es 00:00:22 00:00:26 tt-4016 OM023_1962_CT_SU2011_VA_11 @Gram:Det:Pos 
"<esposa>"
	"esposo" Noun NC Singular lang:es 00:00:22 00:00:26 tt-4017 OM023_1962_CT_SU2011_VA_11 
<lang code="en">
"<'>"
	"'" Other POS lang:en 00:00:15 00:00:26 tt-4018 OM023_1962_CT_SU2011_VA_11 
</lang>
"<es>"
	"ser" Verb VSfin Pres Indi Sing 3rd lang:es 00:00:22 00:00:26 tt-4020 OM023_1962_CT_SU2011_VA_11 @Gram:SerEstar:Ser 
"<tan>"
	"tan" Adverb ADV lang:es 00:00:22 00:00:26 tt-4021 OM023_1962_CT_SU2011_VA_11 
"<lindo>"
	"lindo" Adjective ADJ Singular lang:es 00:00:22 00:00:26 tt-4022 OM023_1962_CT_SU2011_VA_11 
"<y>"
	"y" Conjunction CC lang:es 00:00:22 00:00:26 tt-4023 OM023_1962_CT_SU2011_VA_11 
"<lo>"
	"él" Pronoun PPC Singular lang:es 00:00:22 00:00:26 tt-4024 OM023_1962_CT_SU2011_VA_11 @Gram:Pron:Objeto 
"<quiero>"
	"querer" Verb VLfin Pres Indi Sing 1st lang:es 00:00:22 00:00:26 tt-4025 OM023_1962_CT_SU2011_VA_11 
"<tanto>"
	"tanto" Adverb ADV lang:es 00:00:22 00:00:26 tt-4026 OM023_1962_CT_SU2011_VA_11 
"<pero>"
	"pero" Conjunction CCAD lang:es 00:00:22 00:00:26 tt-4027 OM023_1962_CT_SU2011_VA_11 @Prag:MarcadoresDisc:Revision 
"<yo>"
	"yo" Pronoun PPX Singular lang:es 00:00:26 00:00:31 tt-4028 OM023_1962_CT_SU2011_VA_11 @Gram:Pron:Sujeto 
"<creo>"
	"crear|creer" Verb VLfin Pres Indi Sing 1st lang:es 00:00:26 00:00:31 tt-4029 OM023_1962_CT_SU2011_VA_11 
"<que>"
	"que" Conjunction CQUE lang:es 00:00:26 00:00:31 tt-4030 OM023_1962_CT_SU2011_VA_11 
"<nunca>"
	"nunca" Adverb ADV lang:es 00:00:26 00:00:31 tt-4031 OM023_1962_CT_SU2011_VA_11 
"<voy>"
	"ir" Verb VLfin Pres Indi Sing 1st lang:es 00:00:26 00:00:31 tt-4032 OM023_1962_CT_SU2011_VA_11 
"<a>"
	"a" Preposition PREP lang:es 00:00:26 00:00:31 tt-4033 OM023_1962_CT_SU2011_VA_11 @Gram:Prep 
"<poder>"
	"poder" Verb VMinf lang:es 00:00:26 00:00:31 tt-4034 OM023_1962_CT_SU2011_VA_11 
"<querer>"
	"querer" Verb VLinf Infinitive lang:es 00:00:26 00:00:31 tt-4035 OM023_1962_CT_SU2011_VA_11 
"<a>"
	"a" Preposition PREP lang:es 00:00:26 00:00:31 tt-4036 OM023_1962_CT_SU2011_VA_11 @Gram:Prep 
"<nadie>"
	"nadie" Noun NC Singular lang:es 00:00:26 00:00:31 tt-4037 OM023_1962_CT_SU2011_VA_11 
"<como>"
	"como" Conjunction CSUBX lang:es 00:00:26 00:00:31 tt-4038 OM023_1962_CT_SU2011_VA_11 
"<a>"
	"a" Preposition PREP lang:es 00:00:26 00:00:31 tt-4039 OM023_1962_CT_SU2011_VA_11 @Gram:Prep 
"<Ana>"
	"Ana" Noun NP Singular lang:es 00:00:26 00:00:31 tt-4040 OM023_1962_CT_SU2011_VA_11 
"<María>"
	"María" Noun NP Singular lang:es 00:00:26 00:00:31 tt-4041 OM023_1962_CT_SU2011_VA_11 
<lang code="en">
"<'>"
	"'" Other POS lang:en 00:00:16 00:00:31 tt-4042 OM023_1962_CT_SU2011_VA_11 
</lang>
"<y>"
	"y" Conjunction CC lang:es 00:00:31 00:00:35 tt-4044 OM023_1962_CT_SU2011_VA_11 
"<verá>"
	"ver" Verb VLfin Fut Indi Sing 3rd lang:es 00:00:31 00:00:35 tt-4045 OM023_1962_CT_SU2011_VA_11 
"<que>"
	"que" Conjunction CQUE lang:es 00:00:31 00:00:35 tt-4046 OM023_1962_CT_SU2011_VA_11 
"<empiece>"
	"empezar" Verb VLfin Pres Subj Sing 1st_or_3rd lang:es 00:00:31 00:00:35 tt-4047 OM023_1962_CT_SU2011_VA_11 @Gram:MSub:Pres ID:85 R:Vocab:Fraseol:VerbPrep:86 
"<a>"
	"a" Preposition PREP lang:es 00:00:31 00:00:35 tt-4048 OM023_1962_CT_SU2011_VA_11 @Gram:Prep ID:86 
"<jugar>"
	"jugar" Verb VLinf Infinitive lang:es 00:00:31 00:00:35 tt-4049 OM023_1962_CT_SU2011_VA_11 
"<fútbol>"
	"futbol" Noun NC Singular lang:es 00:00:31 00:00:35 tt-4050 OM023_1962_CT_SU2011_VA_11 
"<con>"
	"con" Preposition PREP lang:es 00:00:31 00:00:35 tt-4051 OM023_1962_CT_SU2011_VA_11 @Gram:Prep 
"<el>"
	"el" Determiner ART Singular lang:es 00:00:31 00:00:35 tt-4052 OM023_1962_CT_SU2011_VA_11 @Gram:Det:Art 
"<...>"
	"..." Punctuation DOTS lang:es 00:00:31 00:00:35 tt-4053 OM023_1962_CT_SU2011_VA_11 
"<ya>"
	"ya" Conjunction CSUBF lang:es 00:00:31 00:00:35 tt-4054 OM023_1962_CT_SU2011_VA_11 
"<que>"
	"que" Conjunction CSUBF lang:es 00:00:31 00:00:35 tt-4055 OM023_1962_CT_SU2011_VA_11 
"<salga>"
	"salir" Verb VLfin Pres Subj Sing 1st_or_3rd lang:es 00:00:31 00:00:35 tt-4056 OM023_1962_CT_SU2011_VA_11 @Gram:MSub:Pres 
"<con>"
	"con" Preposition PREP lang:es 00:00:31 00:00:35 tt-4057 OM023_1962_CT_SU2011_VA_11 @Gram:Prep 
"<él>"
	"él" Pronoun PPX Singular lang:es 00:00:31 00:00:35 tt-4058 OM023_1962_CT_SU2011_VA_11 @Gram:Pron:Sujeto 
"<al>"
	"al" Preposition PAL lang:es 00:00:31 00:00:35 tt-4059 OM023_1962_CT_SU2011_VA_11 @Gram:Prep 
"<parque>"
	"parque" Noun NC Singular lang:es 00:00:31 00:00:35 tt-4060 OM023_1962_CT_SU2011_VA_11 
"<a>"
	"a" Preposition PREP lang:es 00:00:31 00:00:35 tt-4061 OM023_1962_CT_SU2011_VA_11 @Gram:Prep 
"<correr>"
	"correr" Verb VLinf Infinitive lang:es 00:00:35 00:00:40 tt-4062 OM023_1962_CT_SU2011_VA_11 
"<y>"
	"y" Conjunction CC lang:es 00:00:35 00:00:40 tt-4063 OM023_1962_CT_SU2011_VA_11 
"<se>"
	"se" Other SE lang:es 00:00:35 00:00:40 tt-4064 OM023_1962_CT_SU2011_VA_11 
"<va>"
	"ir" Verb VLfin Pres Indi Sing 3rd lang:es 00:00:35 00:00:40 tt-4065 OM023_1962_CT_SU2011_VA_11 
"<a>"
	"a" Preposition PREP lang:es 00:00:35 00:00:40 tt-4066 OM023_1962_CT_SU2011_VA_11 @Gram:Prep 
"<olvidar>"
	"olvidar" Verb VLinf Infinitive lang:es 00:00:35 00:00:40 tt-4067 OM023_1962_CT_SU2011_VA_11 
"<de>"
	"de" Preposition PREP lang:es 00:00:35 00:00:40 tt-4068 OM023_1962_CT_SU2011_VA_11 @Gram:Prep 
"<Ana>"
	"Ana" Noun NP Singular lang:es 00:00:35 00:00:40 tt-4069 OM023_1962_CT_SU2011_VA_11 
"<María>"
	"María" Noun NP Singular lang:es 00:00:35 00:00:40 tt-4070 OM023_1962_CT_SU2011_VA_11 
<lang code="en">
"<'>"
	"'" Other POS lang:en 00:00:17 00:00:40 tt-4071 OM023_1962_CT_SU2011_VA_11 
</lang>
"<,>"
	"," Punctuation CM lang:es 00:00:35 00:00:40 tt-4073 OM023_1962_CT_SU2011_VA_11 
"<en>"
	"en" Preposition PREP lang:es 00:00:35 00:00:40 tt-4074 OM023_1962_CT_SU2011_VA_11 @Gram:Prep 
"<cierto>"
	"cierto" Determiner QU lang:es 00:00:35 00:00:40 tt-4075 OM023_1962_CT_SU2011_VA_11 
"<sentido>"
	"sentido" Noun NC Singular lang:es 00:00:35 00:00:40 tt-4076 OM023_1962_CT_SU2011_VA_11 
"<sí>"
	"sí" Adverb ADV lang:es 00:00:35 00:00:40 tt-4077 OM023_1962_CT_SU2011_VA_11 
"<,>"
	"," Punctuation CM lang:es 00:00:35 00:00:40 tt-4078 OM023_1962_CT_SU2011_VA_11 
"<cuando>"
	"cuando" Conjunction CSUBX lang:es 00:00:35 00:00:40 tt-4079 OM023_1962_CT_SU2011_VA_11 
"<los>"
	"el" Determiner ART Plural lang:es 00:00:35 00:00:40 tt-4080 OM023_1962_CT_SU2011_VA_11 @Gram:Det:Art 
"<niños>"
	"niño" Noun NC Plural lang:es 00:00:35 00:00:40 tt-4081 OM023_1962_CT_SU2011_VA_11 
"<crecieron>"
	"crecer" Verb VLfin Pret Indi Plural 3rd lang:es 00:00:40 00:00:46 tt-4082 OM023_1962_CT_SU2011_VA_11 @Gram:Indefinido 
"<yo>"
	"yo" Pronoun PPX Singular lang:es 00:00:40 00:00:46 tt-4083 OM023_1962_CT_SU2011_VA_11 @Gram:Pron:Sujeto 
"<obviamente>"
	"obvio" Adverb ADV lang:es 00:00:40 00:00:46 tt-4084 OM023_1962_CT_SU2011_VA_11 
"<pasé>"
	"pasar" Verb VLfin Pret Indi Sing 1st lang:es 00:00:40 00:00:46 tt-4085 OM023_1962_CT_SU2011_VA_11 @Gram:Indefinido 
"<mucho>"
	"mucho" Adverb ADV lang:es 00:00:40 00:00:46 tt-4086 OM023_1962_CT_SU2011_VA_11 
"<mas>"
	"mas" Conjunction CCAD lang:es 00:00:40 00:00:46 tt-4087 OM023_1962_CT_SU2011_VA_11 
"<tiempo>"
	"tiempo" Noun NC Singular lang:es 00:00:40 00:00:46 tt-4088 OM023_1962_CT_SU2011_VA_11 
"<con>"
	"con" Preposition PREP lang:es 00:00:40 00:00:46 tt-4089 OM023_1962_CT_SU2011_VA_11 @Gram:Prep 
"<ellos>"
	"él" Pronoun PPX Plural lang:es 00:00:40 00:00:46 tt-4090 OM023_1962_CT_SU2011_VA_11 @Gram:Pron:Sujeto 
"<,>"
	"," Punctuation CM lang:es 00:00:40 00:00:46 tt-4091 OM023_1962_CT_SU2011_VA_11 
"<mas>"
	"mas" Conjunction CCAD lang:es 00:00:40 00:00:46 tt-4092 OM023_1962_CT_SU2011_VA_11 
"<actividades>"
	"actividad" Noun NC Plural lang:es 00:00:40 00:00:46 tt-4093 OM023_1962_CT_SU2011_VA_11 
"<de>"
	"de" Preposition PREP lang:es 00:00:40 00:00:46 tt-4094 OM023_1962_CT_SU2011_VA_11 @Gram:Prep 
"<varoncitos>"
	"UNK" Noun NC Plural lang:es 00:00:40 00:00:46 tt-4095 OM023_1962_CT_SU2011_VA_11 
"<,>"
	"," Punctuation CM lang:es 00:00:40 00:00:46 tt-4096 OM023_1962_CT_SU2011_VA_11 
"<no>"
	"no" Adverb NEG lang:es 00:00:46 00:00:53 tt-4097 OM023_1962_CT_SU2011_VA_11 
"<pasé>"
	"pasar" Verb VLfin Pret Indi Sing 1st lang:es 00:00:46 00:00:53 tt-4098 OM023_1962_CT_SU2011_VA_11 @Gram:Indefinido 
"<tanto>"
	"tanto" Adverb ADV lang:es 00:00:46 00:00:53 tt-4099 OM023_1962_CT_SU2011_VA_11 
"<con>"
	"con" Preposition PREP lang:es 00:00:46 00:00:53 tt-4100 OM023_1962_CT_SU2011_VA_11 @Gram:Prep 
"<Ana>"
	"Ana" Noun NP Singular lang:es 00:00:46 00:00:53 tt-4101 OM023_1962_CT_SU2011_VA_11 
"<María>"
	"María" Noun NP Singular lang:es 00:00:46 00:00:53 tt-4102 OM023_1962_CT_SU2011_VA_11 
"<como>"
	"como" Conjunction CSUBX lang:es 00:00:46 00:00:53 tt-4103 OM023_1962_CT_SU2011_VA_11 
"<pensé>"
	"pensar" Verb VLfin Pret Indi Sing 1st lang:es 00:00:46 00:00:53 tt-4104 OM023_1962_CT_SU2011_VA_11 @Gram:Indefinido 
"<que>"
	"que" Conjunction CQUE lang:es 00:00:46 00:00:53 tt-4105 OM023_1962_CT_SU2011_VA_11 
"<iba>"
	"ir" Verb VLfin Imp Indi Sing 1st_or_3rd lang:es 00:00:46 00:00:53 tt-4106 OM023_1962_CT_SU2011_VA_11 @Gram:Imperf 
"<a>"
	"a" Preposition PREP lang:es 00:00:46 00:00:53 tt-4107 OM023_1962_CT_SU2011_VA_11 @Gram:Prep 
"<pasar>"
	"pasar" Verb VLinf Infinitive lang:es 00:00:46 00:00:53 tt-4108 OM023_1962_CT_SU2011_VA_11 
"<,>"
	"," Punctuation CM lang:es 00:00:46 00:00:53 tt-4109 OM023_1962_CT_SU2011_VA_11 
"<o>"
	"o" Adverb ADV lang:es 00:00:46 00:00:53 tt-4110 OM023_1962_CT_SU2011_VA_11 ID:147 R:Prag:MarcadoresDisc:Igualdad:148 
"<sea>"
	"sea" Adverb ADV lang:es 00:00:46 00:00:53 tt-4111 OM023_1962_CT_SU2011_VA_11 ID:148 
"<que>"
	"que" Conjunction CQUE lang:es 00:00:46 00:00:53 tt-4112 OM023_1962_CT_SU2011_VA_11 
"<tanto>"
	"tanto" Adverb ADV lang:es 00:00:46 00:00:53 tt-4113 OM023_1962_CT_SU2011_VA_11 
"<empezaron>"
	"empezar" Verb VLfin Pret Indi Plural 3rd lang:es 00:00:46 00:00:53 tt-4114 OM023_1962_CT_SU2011_VA_11 @Gram:Indefinido ID:151 R:Vocab:Fraseol:VerbPrep:152 
"<a>"
	"a" Preposition PREP lang:es 00:00:54 00:01:01 tt-4115 OM023_1962_CT_SU2011_VA_11 @Gram:Prep ID:152 
"<crecer>"
	"crecer" Verb VLinf Infinitive lang:es 00:00:54 00:01:01 tt-4116 OM023_1962_CT_SU2011_VA_11 
"<me>"
	"yo" Pronoun PPX Singular lang:es 00:00:54 00:01:01 tt-4117 OM023_1962_CT_SU2011_VA_11 @Gram:Pron:Objeto 
"<conecté>"
	"UNK" Verb VLfin Pret Indi Sing 1st lang:es 00:00:54 00:01:01 tt-4118 OM023_1962_CT_SU2011_VA_11 @Gram:Indefinido 
"<con>"
	"con" Preposition PREP lang:es 00:00:54 00:01:01 tt-4119 OM023_1962_CT_SU2011_VA_11 @Gram:Prep 
"<ellos>"
	"él" Pronoun PPX Plural lang:es 00:00:54 00:01:01 tt-4120 OM023_1962_CT_SU2011_VA_11 @Gram:Pron:Sujeto 
"<y>"
	"y" Conjunction CC lang:es 00:00:54 00:01:01 tt-4121 OM023_1962_CT_SU2011_VA_11 
"<obviamente>"
	"obvio" Adverb ADV lang:es 00:00:54 00:01:01 tt-4122 OM023_1962_CT_SU2011_VA_11 
"<no>"
	"no" Adverb NEG lang:es 00:00:54 00:01:01 tt-4123 OM023_1962_CT_SU2011_VA_11 
"<los>"
	"él" Pronoun PPC Plural lang:es 00:00:54 00:01:01 tt-4124 OM023_1962_CT_SU2011_VA_11 @Gram:Pron:Objeto 
"<quiero>"
	"querer" Verb VLfin Pres Indi Sing 1st lang:es 00:00:54 00:01:01 tt-4125 OM023_1962_CT_SU2011_VA_11 
"<más>"
	"más" Adverb ADV lang:es 00:00:54 00:01:01 tt-4126 OM023_1962_CT_SU2011_VA_11 
"<que>"
	"que" Conjunction CQUE lang:es 00:00:54 00:01:01 tt-4127 OM023_1962_CT_SU2011_VA_11 
"<Ana>"
	"Ana" Noun NP Singular lang:es 00:00:54 00:01:01 tt-4128 OM023_1962_CT_SU2011_VA_11 
"<María>"
	"María" Noun NP Singular lang:es 00:00:54 00:01:01 tt-4129 OM023_1962_CT_SU2011_VA_11 
"<ni>"
	"ni" Conjunction CCNEG lang:es 00:00:54 00:01:01 tt-4130 OM023_1962_CT_SU2011_VA_11 
"<Ana>"
	"Ana" Noun NP Singular lang:es 00:00:54 00:01:01 tt-4131 OM023_1962_CT_SU2011_VA_11 
"<María>"
	"María" Noun NP Singular lang:es 00:00:54 00:01:01 tt-4132 OM023_1962_CT_SU2011_VA_11 
"<mas>"
	"mas" Conjunction CCAD lang:es 00:01:01 00:01:08 tt-4133 OM023_1962_CT_SU2011_VA_11 
"<que>"
	"que" Conjunction CQUE lang:es 00:01:01 00:01:08 tt-4134 OM023_1962_CT_SU2011_VA_11 
"<a>"
	"a" Preposition PREP lang:es 00:01:01 00:01:08 tt-4135 OM023_1962_CT_SU2011_VA_11 @Gram:Prep 
"<ellos>"
	"él" Pronoun PPX Plural lang:es 00:01:01 00:01:08 tt-4136 OM023_1962_CT_SU2011_VA_11 @Gram:Pron:Sujeto 
"<,>"
	"," Punctuation CM lang:es 00:01:01 00:01:08 tt-4137 OM023_1962_CT_SU2011_VA_11 
"<nada>"
	"nada" Determiner QU lang:es 00:01:01 00:01:08 tt-4138 OM023_1962_CT_SU2011_VA_11 
"<mas>"
	"mas" Conjunction CCAD lang:es 00:01:01 00:01:08 tt-4139 OM023_1962_CT_SU2011_VA_11 
"<me>"
	"yo" Pronoun PPX Singular lang:es 00:01:01 00:01:08 tt-4140 OM023_1962_CT_SU2011_VA_11 @Gram:Pron:Objeto 
"<identifico>"
	"UNK" Verb VLfin Pres Indi Sing 1st lang:es 00:01:01 00:01:08 tt-4141 OM023_1962_CT_SU2011_VA_11 
"<mas>"
	"mas" Conjunction CCAD lang:es 00:01:01 00:01:08 tt-4142 OM023_1962_CT_SU2011_VA_11 
"<obviamente>"
	"obvio" Adverb ADV lang:es 00:01:01 00:01:08 tt-4143 OM023_1962_CT_SU2011_VA_11 
"<por>"
	"por" Preposition PREP lang:es 00:01:01 00:01:08 tt-4144 OM023_1962_CT_SU2011_VA_11 @Gram:Prep:Por 
"<ser>"
	"ser" Verb VSinf Infinitive lang:es 00:01:01 00:01:08 tt-4145 OM023_1962_CT_SU2011_VA_11 @Gram:SerEstar:Ser 
"<niños>"
	"niño" Noun NC Plural lang:es 00:01:01 00:01:08 tt-4146 OM023_1962_CT_SU2011_VA_11 
"<por>"
	"por" Preposition PREP lang:es 00:01:01 00:01:08 tt-4147 OM023_1962_CT_SU2011_VA_11 @Gram:Prep:Por 
"<ser>"
	"ser" Noun NC Infinitive lang:es 00:01:01 00:01:08 tt-4148 OM023_1962_CT_SU2011_VA_11 
"<varoncitos>"
	"UNK" Adjective ADJ Plural lang:es 00:01:01 00:01:08 tt-4149 OM023_1962_CT_SU2011_VA_11 
"<y>"
	"y" Conjunction CC lang:es 00:01:09 00:01:16 tt-4150 OM023_1962_CT_SU2011_VA_11 
"<tenemos>"
	"tener" Verb VLfin Pres Indi Plural 1st lang:es 00:01:09 00:01:16 tt-4151 OM023_1962_CT_SU2011_VA_11 
"<la>"
	"el" Determiner ART Singular lang:es 00:01:09 00:01:16 tt-4152 OM023_1962_CT_SU2011_VA_11 @Gram:Det:Art 
"<misma>"
	"mismo" Adjective ADJ Singular lang:es 00:01:09 00:01:16 tt-4153 OM023_1962_CT_SU2011_VA_11 
"<actividades>"
	"actividad" Noun NC Plural lang:es 00:01:09 00:01:16 tt-4154 OM023_1962_CT_SU2011_VA_11 
"<e>"
	"y" Conjunction CC lang:es 00:01:09 00:01:16 tt-4155 OM023_1962_CT_SU2011_VA_11 
"<igual>"
	"igual" Adjective ADJ Singular lang:es 00:01:09 00:01:16 tt-4156 OM023_1962_CT_SU2011_VA_11 
"<creo>"
	"crear|creer" Verb VLfin Pres Indi Sing 1st lang:es 00:01:09 00:01:16 tt-4157 OM023_1962_CT_SU2011_VA_11 
"<que>"
	"que" Conjunction CQUE lang:es 00:01:09 00:01:16 tt-4158 OM023_1962_CT_SU2011_VA_11 
"<ellos>"
	"él" Pronoun PPX Plural lang:es 00:01:09 00:01:16 tt-4159 OM023_1962_CT_SU2011_VA_11 @Gram:Pron:Sujeto 
"<razonan>"
	"UNK" Verb VLfin Pres Indi Plural 3rd lang:es 00:01:09 00:01:16 tt-4160 OM023_1962_CT_SU2011_VA_11 
"<igual>"
	"igual" Adjective ADJ Singular lang:es 00:01:09 00:01:16 tt-4161 OM023_1962_CT_SU2011_VA_11 
"<que>"
	"que" Conjunction CQUE lang:es 00:01:09 00:01:16 tt-4162 OM023_1962_CT_SU2011_VA_11 
"<razono>"
	"UNK" Verb VLfin Pres Indi Sing 1st lang:es 00:01:09 00:01:16 tt-4163 OM023_1962_CT_SU2011_VA_11 
"<yo>"
	"yo" Pronoun PPX Singular lang:es 00:01:09 00:01:16 tt-4164 OM023_1962_CT_SU2011_VA_11 @Gram:Pron:Sujeto 
"<,>"
	"," Punctuation CM lang:es 00:01:09 00:01:16 tt-4165 OM023_1962_CT_SU2011_VA_11 
"<Ana>"
	"Ana" Noun NP Singular lang:es 00:01:09 00:01:16 tt-4166 OM023_1962_CT_SU2011_VA_11 
"<María>"
	"María" Noun NP Singular lang:es 00:01:16 00:01:23 tt-4167 OM023_1962_CT_SU2011_VA_11 
"<más>"
	"más" Adverb ADV lang:es 00:01:16 00:01:23 tt-4168 OM023_1962_CT_SU2011_VA_11 
"<,>"
	"," Punctuation CM lang:es 00:01:16 00:01:23 tt-4169 OM023_1962_CT_SU2011_VA_11 
"<me>"
	"yo" Pronoun PPX Singular lang:es 00:01:16 00:01:23 tt-4170 OM023_1962_CT_SU2011_VA_11 @Gram:Pron:Objeto 
"<cuesta>"
	"costar" Verb VLfin Pres Indi Sing 3rd lang:es 00:01:16 00:01:23 tt-4171 OM023_1962_CT_SU2011_VA_11 
"<más>"
	"más" Adverb ADV lang:es 00:01:16 00:01:23 tt-4172 OM023_1962_CT_SU2011_VA_11 
"<entenderla>"
	"UNK" Verb VLinf Infinitive lang:es 00:01:16 00:01:23 tt-4173 OM023_1962_CT_SU2011_VA_11 
"<,>"
	"," Punctuation CM lang:es 00:01:16 00:01:23 tt-4174 OM023_1962_CT_SU2011_VA_11 
"<o>"
	"o" Adverb ADV lang:es 00:01:16 00:01:23 tt-4175 OM023_1962_CT_SU2011_VA_11 ID:212 R:Prag:MarcadoresDisc:Igualdad:213 
"<sea>"
	"sea" Adverb ADV lang:es 00:01:16 00:01:23 tt-4176 OM023_1962_CT_SU2011_VA_11 ID:213 
"<tiene>"
	"tener" Verb VLfin Pres Indi Sing 3rd lang:es 00:01:16 00:01:23 tt-4177 OM023_1962_CT_SU2011_VA_11 
"<una>"
	"un" Determiner ART Singular lang:es 00:01:16 00:01:23 tt-4178 OM023_1962_CT_SU2011_VA_11 
"<forma>"
	"forma" Noun NC Singular lang:es 00:01:16 00:01:23 tt-4179 OM023_1962_CT_SU2011_VA_11 
"<distinta>"
	"distinto" Adjective ADJ Singular lang:es 00:01:16 00:01:23 tt-4180 OM023_1962_CT_SU2011_VA_11 
"<de>"
	"de" Preposition PREP lang:es 00:01:16 00:01:23 tt-4181 OM023_1962_CT_SU2011_VA_11 @Gram:Prep 
"<,>"
	"," Punctuation CM lang:es 00:01:16 00:01:23 tt-4182 OM023_1962_CT_SU2011_VA_11 
"<digamos>"
	"decir" Verb VLfin Pres Subj Plural 1st lang:es 00:01:16 00:01:23 tt-4183 OM023_1962_CT_SU2011_VA_11 @Gram:MSub:Pres 
"<de>"
	"de" Conjunction CSUBI lang:es 00:01:16 00:01:23 tt-4184 OM023_1962_CT_SU2011_VA_11 
"<procesar>"
	"procesar" Verb VLinf Infinitive lang:es 00:01:26 00:01:33 tt-4185 OM023_1962_CT_SU2011_VA_11 
"<información>"
	"información" Noun NC Singular lang:es 00:01:26 00:01:33 tt-4186 OM023_1962_CT_SU2011_VA_11 
"<que>"
	"que" Conjunction CQUE lang:es 00:01:26 00:01:33 tt-4187 OM023_1962_CT_SU2011_VA_11 
"<como>"
	"como" Adverb ADV lang:es 00:01:26 00:01:33 tt-4188 OM023_1962_CT_SU2011_VA_11 
"<lo>"
	"él" Pronoun PPC Singular lang:es 00:01:26 00:01:33 tt-4189 OM023_1962_CT_SU2011_VA_11 @Gram:Pron:Objeto 
"<hacemos>"
	"hacer" Verb VLfin Pres Indi Plural 1st lang:es 00:01:26 00:01:33 tt-4190 OM023_1962_CT_SU2011_VA_11 
"<nosotros>"
	"nosotros" Pronoun PPX Plural lang:es 00:01:26 00:01:33 tt-4191 OM023_1962_CT_SU2011_VA_11 @Gram:Pron:Sujeto 
"<pero>"
	"pero" Conjunction CCAD lang:es 00:01:26 00:01:33 tt-4192 OM023_1962_CT_SU2011_VA_11 @Prag:MarcadoresDisc:Revision 
"<en>"
	"en" Preposition PREP lang:es 00:01:26 00:01:33 tt-4193 OM023_1962_CT_SU2011_VA_11 @Gram:Prep 
"<fin>"
	"fin" Noun NC Singular lang:es 00:01:26 00:01:33 tt-4194 OM023_1962_CT_SU2011_VA_11 
"<,>"
	"," Punctuation CM lang:es 00:01:26 00:01:33 tt-4195 OM023_1962_CT_SU2011_VA_11 
"<esa>"
	"ese" Determiner DM Singular lang:es 00:01:26 00:01:33 tt-4196 OM023_1962_CT_SU2011_VA_11 
"<diría>"
	"decir" Verb VLfin Cond Indi Sing 1st_or_3rd lang:es 00:01:26 00:01:33 tt-4197 OM023_1962_CT_SU2011_VA_11 
"<yo>"
	"yo" Pronoun PPX Singular lang:es 00:01:26 00:01:33 tt-4198 OM023_1962_CT_SU2011_VA_11 @Gram:Pron:Sujeto 
"<,>"
	"," Punctuation CM lang:es 00:01:26 00:01:33 tt-4199 OM023_1962_CT_SU2011_VA_11 
"<es>"
	"ser" Verb VSfin Pres Indi Sing 3rd lang:es 00:01:26 00:01:33 tt-4200 OM023_1962_CT_SU2011_VA_11 @Gram:SerEstar:Ser 
"<toda>"
	"todo" Determiner QU lang:es 00:01:26 00:01:33 tt-4201 OM023_1962_CT_SU2011_VA_11 
"<la>"
	"el" Determiner ART Singular lang:es 00:01:33 00:01:39 tt-4202 OM023_1962_CT_SU2011_VA_11 @Gram:Det:Art 
"<diferencia>"
	"diferencia" Noun NC Singular lang:es 00:01:33 00:01:39 tt-4203 OM023_1962_CT_SU2011_VA_11 
"<entre>"
	"entre" Preposition PREP lang:es 00:01:33 00:01:39 tt-4204 OM023_1962_CT_SU2011_VA_11 @Gram:Prep 
"<los>"
	"el" Determiner ART Plural lang:es 00:01:33 00:01:39 tt-4205 OM023_1962_CT_SU2011_VA_11 @Gram:Det:Art 
"<niños>"
	"niño" Noun NC Plural lang:es 00:01:33 00:01:39 tt-4206 OM023_1962_CT_SU2011_VA_11 
"<y>"
	"y" Conjunction CC lang:es 00:01:33 00:01:39 tt-4207 OM023_1962_CT_SU2011_VA_11 
"<Ana>"
	"Ana" Noun NP Singular lang:es 00:01:33 00:01:39 tt-4208 OM023_1962_CT_SU2011_VA_11 
"<María>"
	"María" Noun NP Singular lang:es 00:01:33 00:01:39 tt-4209 OM023_1962_CT_SU2011_VA_11 
"<,>"
	"," Punctuation CM lang:es 00:01:33 00:01:39 tt-4210 OM023_1962_CT_SU2011_VA_11 
"<la>"
	"el" Determiner ART Singular lang:es 00:01:33 00:01:39 tt-4211 OM023_1962_CT_SU2011_VA_11 @Gram:Det:Art 
"<niña>"
	"niño" Noun NC Singular lang:es 00:01:33 00:01:39 tt-4212 OM023_1962_CT_SU2011_VA_11 
"<$.>"
	"." Punctuation FS lang:es 00:01:33 00:01:39 tt-4213 OM023_1962_CT_SU2011_VA_11 
</speaker>
</text>

