<text id="OM022_1963_CT_SU2011_VA_05">
<speaker type="subj">
"<del>"
	"del" Preposition PDEL lang:es 00:00:00 00:00:07 tt-1309 OM022_1963_CT_SU2011_VA_05 @Gram:Prep ADD:472 
"<noventa>"
	"noventa" Determiner CARD Singular lang:es 00:00:00 00:00:07 tt-1310 OM022_1963_CT_SU2011_VA_05 
"<y>"
	"y" Conjunction CC lang:es 00:00:00 00:00:07 tt-1311 OM022_1963_CT_SU2011_VA_05 
"<tres>"
	"tres" Determiner CARD Plural lang:es 00:00:00 00:00:07 tt-1312 OM022_1963_CT_SU2011_VA_05 
"<que>"
	"que" Conjunction CQUE lang:es 00:00:00 00:00:07 tt-1313 OM022_1963_CT_SU2011_VA_05 
"<estoy>"
	"estar" Verb VEfin Pres Indi Sing 1st lang:es 00:00:00 00:00:07 tt-1314 OM022_1963_CT_SU2011_VA_05 @Gram:SerEstar:Estar ADD:656 
"<acá>"
	"acá" Adverb ADV lang:es 00:00:00 00:00:07 tt-1315 OM022_1963_CT_SU2011_VA_05 
"<$.>"
	"." Punctuation FS lang:es 00:00:00 00:00:07 tt-1316 OM022_1963_CT_SU2011_VA_05 

"<Eh>"
	"eh" Noun NP Singular lang:es 00:00:00 00:00:07 tt-1317 OM022_1963_CT_SU2011_VA_05 
"<...>"
	"..." Punctuation DOTS lang:es 00:00:00 00:00:07 tt-1318 OM022_1963_CT_SU2011_VA_05 
"<así>"
	"así" Conjunction CSUBF lang:es 00:00:00 00:00:07 tt-1319 OM022_1963_CT_SU2011_VA_05 
"<que>"
	"que" Conjunction CSUBF lang:es 00:00:00 00:00:07 tt-1320 OM022_1963_CT_SU2011_VA_05 
"<,>"
	"," Punctuation CM lang:es 00:00:00 00:00:07 tt-1321 OM022_1963_CT_SU2011_VA_05 
"<estaba>"
	"estar" Verb VEfin Imp Indi Sing 1st_or_3rd lang:es 00:00:00 00:00:07 tt-1322 OM022_1963_CT_SU2011_VA_05 @Gram:Imperf @Gram:SerEstar:Estar ADD:537 ADD:656 
"<soltero>"
	"soltero" Adjective ADJ Singular lang:es 00:00:00 00:00:07 tt-1323 OM022_1963_CT_SU2011_VA_05 
"<,>"
	"," Punctuation CM lang:es 00:00:00 00:00:07 tt-1324 OM022_1963_CT_SU2011_VA_05 
"<claro>"
	"claro" Adjective ADJ Singular lang:es 00:00:00 00:00:07 tt-1325 OM022_1963_CT_SU2011_VA_05 
"<hermanos>"
	"hermano" Noun NC Plural lang:es 00:00:00 00:00:07 tt-1326 OM022_1963_CT_SU2011_VA_05 
"<,>"
	"," Punctuation CM lang:es 00:00:00 00:00:07 tt-1327 OM022_1963_CT_SU2011_VA_05 
"<hermanas>"
	"hermanar" Verb VLfin Pres Indi Sing 2nd lang:es 00:00:00 00:00:07 tt-1328 OM022_1963_CT_SU2011_VA_05 
"<estaban>"
	"estar" Verb VEfin Imp Indi Plural 3rd lang:es 00:00:00 00:00:07 tt-1329 OM022_1963_CT_SU2011_VA_05 @Gram:Imperf @Gram:SerEstar:Estar ADD:537 ADD:656 
"<todos>"
	"todo" Determiner QU lang:es 00:00:09 00:00:15 tt-1330 OM022_1963_CT_SU2011_VA_05 
"<preocupados>"
	"preocupar" Verb VLadj lang:es 00:00:09 00:00:15 tt-1331 OM022_1963_CT_SU2011_VA_05 
"<,>"
	"," Punctuation CM lang:es 00:00:09 00:00:15 tt-1332 OM022_1963_CT_SU2011_VA_05 
"<hay>"
	"haber" Verb VMfin Pres Indi Sing 3rd lang:es 00:00:09 00:00:15 tt-1333 OM022_1963_CT_SU2011_VA_05 @Gram:Haber:Exist ADD:663 
"<que>"
	"que" Verb VMfin lang:es 00:00:09 00:00:15 tt-1334 OM022_1963_CT_SU2011_VA_05 
"<casarlo>"
	"UNK" Verb VLinf Infinitive lang:es 00:00:09 00:00:15 tt-1335 OM022_1963_CT_SU2011_VA_05 
"<a>"
	"a" Preposition PREP lang:es 00:00:09 00:00:15 tt-1336 OM022_1963_CT_SU2011_VA_05 @Gram:Prep ADD:472 
"<este>"
	"este" Determiner DM Singular lang:es 00:00:09 00:00:15 tt-1337 OM022_1963_CT_SU2011_VA_05 @Gram:Det:Demo ADD:336 
"<hermano>"
	"hermano" Noun NC Singular lang:es 00:00:09 00:00:15 tt-1338 OM022_1963_CT_SU2011_VA_05 
"<$.>"
	"." Punctuation FS lang:es 00:00:09 00:00:15 tt-1339 OM022_1963_CT_SU2011_VA_05 

"<Era>"
	"ser" Verb VEfin Imp Indi Sing 1st_or_3rd lang:es 00:00:09 00:00:15 tt-1340 OM022_1963_CT_SU2011_VA_05 @Gram:Imperf @Gram:SerEstar:Ser ADD:537 ADD:647 
"<medio>"
	"medio" Adjective ADJ Singular lang:es 00:00:09 00:00:15 tt-1341 OM022_1963_CT_SU2011_VA_05 
"<difícil>"
	"difícil" Adjective ADJ Singular lang:es 00:00:09 00:00:15 tt-1342 OM022_1963_CT_SU2011_VA_05 
"<nadie>"
	"nadie" Noun NC Singular lang:es 00:00:09 00:00:15 tt-1343 OM022_1963_CT_SU2011_VA_05 
"<me>"
	"yo" Pronoun PPX Singular lang:es 00:00:09 00:00:15 tt-1344 OM022_1963_CT_SU2011_VA_05 @Gram:Pron:Objeto ADD:506 
"<podía>"
	"poder" Verb VLfin Imp Indi Sing 1st_or_3rd lang:es 00:00:09 00:00:15 tt-1345 OM022_1963_CT_SU2011_VA_05 @Gram:Imperf ADD:537 
"<casar>"
	"casar" Verb VLinf Infinitive lang:es 00:00:15 00:00:21 tt-1346 OM022_1963_CT_SU2011_VA_05 SUBSTITUTE:292 
"<,>"
	"," Punctuation CM lang:es 00:00:15 00:00:21 tt-1347 OM022_1963_CT_SU2011_VA_05 
"<yo>"
	"yo" Pronoun PPX Singular lang:es 00:00:15 00:00:21 tt-1348 OM022_1963_CT_SU2011_VA_05 @Gram:Pron:Sujeto ADD:482 
"<no>"
	"no" Adverb NEG lang:es 00:00:15 00:00:21 tt-1349 OM022_1963_CT_SU2011_VA_05 
"<me>"
	"yo" Pronoun PPX Singular lang:es 00:00:15 00:00:21 tt-1350 OM022_1963_CT_SU2011_VA_05 @Gram:Pron:Objeto ADD:506 
"<quería>"
	"querer" Verb VLfin Imp Indi Sing 1st_or_3rd lang:es 00:00:15 00:00:21 tt-1351 OM022_1963_CT_SU2011_VA_05 @Gram:Imperf ADD:537 
"<casar>"
	"casar" Verb VLinf Infinitive lang:es 00:00:15 00:00:21 tt-1352 OM022_1963_CT_SU2011_VA_05 SUBSTITUTE:292 
"<con>"
	"con" Preposition PREP lang:es 00:00:15 00:00:21 tt-1353 OM022_1963_CT_SU2011_VA_05 @Gram:Prep ADD:472 
"<nada>"
	"nada" Determiner QU lang:es 00:00:15 00:00:21 tt-1354 OM022_1963_CT_SU2011_VA_05 
"<,>"
	"," Punctuation CM lang:es 00:00:15 00:00:21 tt-1355 OM022_1963_CT_SU2011_VA_05 
"<con>"
	"con" Preposition PREP lang:es 00:00:15 00:00:21 tt-1356 OM022_1963_CT_SU2011_VA_05 @Gram:Prep ADD:472 
"<nadie>"
	"nadie" Noun NC Singular lang:es 00:00:15 00:00:21 tt-1357 OM022_1963_CT_SU2011_VA_05 
"<,>"
	"," Punctuation CM lang:es 00:00:15 00:00:21 tt-1358 OM022_1963_CT_SU2011_VA_05 
"<hasta>"
	"hasta" Preposition PREP lang:es 00:00:15 00:00:21 tt-1359 OM022_1963_CT_SU2011_VA_05 @Gram:Prep ADD:472 
"<que>"
	"que" Conjunction CQUE lang:es 00:00:15 00:00:21 tt-1360 OM022_1963_CT_SU2011_VA_05 
"<mi>"
	"mío" Pronoun PPO Singular lang:es 00:00:15 00:00:21 tt-1361 OM022_1963_CT_SU2011_VA_05 @Gram:Det:Pos ADD:350 
"<papá>"
	"papá" Noun NC Singular lang:es 00:00:15 00:00:21 tt-1362 OM022_1963_CT_SU2011_VA_05 
"<vino>"
	"venir" Verb VLfin Pres Indi Sing 1st lang:es 00:00:15 00:00:21 tt-1363 OM022_1963_CT_SU2011_VA_05 
"<y>"
	"y" Conjunction CC lang:es 00:00:15 00:00:21 tt-1364 OM022_1963_CT_SU2011_VA_05 
"<me>"
	"yo" Pronoun PPX Singular lang:es 00:00:15 00:00:21 tt-1365 OM022_1963_CT_SU2011_VA_05 @Gram:Pron:Objeto ADD:506 
"<dijo>"
	"decir" Verb VLfin Pres Indi Sing 1st lang:es 00:00:15 00:00:21 tt-1366 OM022_1963_CT_SU2011_VA_05 
"<,>"
	"," Punctuation CM lang:es 00:00:15 00:00:21 tt-1367 OM022_1963_CT_SU2011_VA_05 
"<mira>"
	"mirar" Verb VLfin Pres Indi Sing 3rd lang:es 00:00:21 00:00:28 tt-1368 OM022_1963_CT_SU2011_VA_05 
"<,>"
	"," Punctuation CM lang:es 00:00:21 00:00:28 tt-1369 OM022_1963_CT_SU2011_VA_05 
"<hay>"
	"haber" Verb VHfin Pres Indi Sing 3rd lang:es 00:00:21 00:00:28 tt-1370 OM022_1963_CT_SU2011_VA_05 @Gram:Haber:Exist ADD:663 
"<unas>"
	"un" Determiner ART Plural lang:es 00:00:21 00:00:28 tt-1371 OM022_1963_CT_SU2011_VA_05 
"<hermanas>"
	"hermano" Noun NC Plural lang:es 00:00:21 00:00:28 tt-1372 OM022_1963_CT_SU2011_VA_05 
"<en>"
	"en" Preposition PREP lang:es 00:00:21 00:00:28 tt-1373 OM022_1963_CT_SU2011_VA_05 @Gram:Prep ADD:472 
"<Buenos>"
	"UNK" Noun NC Plural lang:es 00:00:21 00:00:28 tt-1374 OM022_1963_CT_SU2011_VA_05 
"<Aires>"
	"Aires" Noun NP Plural lang:es 00:00:21 00:00:28 tt-1375 OM022_1963_CT_SU2011_VA_05 
"<,>"
	"," Punctuation CM lang:es 00:00:21 00:00:28 tt-1376 OM022_1963_CT_SU2011_VA_05 
"<en>"
	"en" Preposition PREP lang:es 00:00:21 00:00:28 tt-1377 OM022_1963_CT_SU2011_VA_05 @Gram:Prep ADD:472 
"<Montevideo>"
	"Montevideo" Noun NP Singular lang:es 00:00:21 00:00:28 tt-1378 OM022_1963_CT_SU2011_VA_05 
"<...>"
	"..." Punctuation DOTS lang:es 00:00:21 00:00:28 tt-1379 OM022_1963_CT_SU2011_VA_05 
"<me>"
	"yo" Pronoun PPX Singular lang:es 00:00:21 00:00:28 tt-1380 OM022_1963_CT_SU2011_VA_05 @Gram:Pron:Objeto ADD:506 
"<mostró>"
	"mostrar" Verb VLfin Pret Indi Sing 3rd lang:es 00:00:21 00:00:28 tt-1381 OM022_1963_CT_SU2011_VA_05 @Gram:Indefinido ADD:546 
"<unas>"
	"un" Determiner ART Plural lang:es 00:00:21 00:00:28 tt-1382 OM022_1963_CT_SU2011_VA_05 
"<fotos>"
	"foto" Noun NC Plural lang:es 00:00:21 00:00:28 tt-1383 OM022_1963_CT_SU2011_VA_05 
"<$¿>"
	"¿" Punctuation FS lang:es 00:00:21 00:00:28 tt-1384 OM022_1963_CT_SU2011_VA_05 
"<qué>"
	"qué" Pronoun INT Singular lang:es 00:00:21 00:00:28 tt-1385 OM022_1963_CT_SU2011_VA_05 
"<te>"
	"tú" Pronoun PPX Singular lang:es 00:00:29 00:00:35 tt-1386 OM022_1963_CT_SU2011_VA_05 @Gram:Pron:Objeto ADD:506 
"<parece>"
	"parecer" Verb VLfin Pres Indi Sing 3rd lang:es 00:00:29 00:00:35 tt-1387 OM022_1963_CT_SU2011_VA_05 
"<$?>"
	"?" Punctuation FS lang:es 00:00:29 00:00:35 tt-1388 OM022_1963_CT_SU2011_VA_05 

"<,>"
	"," Punctuation CM lang:es 00:00:29 00:00:35 tt-1389 OM022_1963_CT_SU2011_VA_05 
"<$¿>"
	"¿" Punctuation FS lang:es 00:00:29 00:00:35 tt-1390 OM022_1963_CT_SU2011_VA_05 
"<cuál>"
	"cuál" Pronoun INT Singular lang:es 00:00:29 00:00:35 tt-1391 OM022_1963_CT_SU2011_VA_05 
"<de>"
	"de" Preposition PREP lang:es 00:00:29 00:00:35 tt-1392 OM022_1963_CT_SU2011_VA_05 @Gram:Prep ADD:472 
"<las>"
	"el" Determiner ART Plural lang:es 00:00:29 00:00:35 tt-1393 OM022_1963_CT_SU2011_VA_05 @Gram:Det:Art ADD:324 
"<hermanas>"
	"hermano" Noun NC Plural lang:es 00:00:29 00:00:35 tt-1394 OM022_1963_CT_SU2011_VA_05 
"<te>"
	"tú" Pronoun PPX Singular lang:es 00:00:29 00:00:35 tt-1395 OM022_1963_CT_SU2011_VA_05 @Gram:Pron:Objeto ADD:506 
"<gusta>"
	"gustar" Verb VLfin Pres Indi Sing 3rd lang:es 00:00:29 00:00:35 tt-1396 OM022_1963_CT_SU2011_VA_05 @Gram:Gustar:Interlocutor ADD:575 
"<más>"
	"más" Adverb ADV lang:es 00:00:29 00:00:35 tt-1397 OM022_1963_CT_SU2011_VA_05 
"<$?>"
	"?" Punctuation FS lang:es 00:00:29 00:00:35 tt-1398 OM022_1963_CT_SU2011_VA_05 

"<Y>"
	"y" Conjunction CC lang:es 00:00:29 00:00:35 tt-1399 OM022_1963_CT_SU2011_VA_05 
"<yo>"
	"yo" Pronoun PPX Singular lang:es 00:00:29 00:00:35 tt-1400 OM022_1963_CT_SU2011_VA_05 @Gram:Pron:Sujeto ADD:482 
"<dije>"
	"decir" Verb VLfin Pret Indi Sing 1st lang:es 00:00:29 00:00:35 tt-1401 OM022_1963_CT_SU2011_VA_05 @Gram:Indefinido ADD:546 
"<,>"
	"," Punctuation CM lang:es 00:00:29 00:00:35 tt-1402 OM022_1963_CT_SU2011_VA_05 
"<qué>"
	"qué" Pronoun INT Singular lang:es 00:00:29 00:00:35 tt-1403 OM022_1963_CT_SU2011_VA_05 
"<te>"
	"tú" Pronoun PPX Singular lang:es 00:00:29 00:00:35 tt-1404 OM022_1963_CT_SU2011_VA_05 @Gram:Pron:Objeto ADD:506 
"<parece>"
	"parecer" Verb VLfin Pres Indi Sing 3rd lang:es 00:00:29 00:00:35 tt-1405 OM022_1963_CT_SU2011_VA_05 
"<ésta>"
	"este" Determiner DM Singular lang:es 00:00:29 00:00:35 tt-1406 OM022_1963_CT_SU2011_VA_05 
"<,>"
	"," Punctuation CM lang:es 00:00:29 00:00:35 tt-1407 OM022_1963_CT_SU2011_VA_05 
"<y>"
	"y" Conjunction CC lang:es 00:00:29 00:00:35 tt-1408 OM022_1963_CT_SU2011_VA_05 
"<esa>"
	"ese" Determiner DM Singular lang:es 00:00:29 00:00:35 tt-1409 OM022_1963_CT_SU2011_VA_05 
"<era>"
	"ser" Verb VEfin Imp Indi Sing 1st_or_3rd lang:es 00:00:35 00:00:40 tt-1410 OM022_1963_CT_SU2011_VA_05 @Gram:Imperf @Gram:SerEstar:Ser ADD:537 ADD:647 
"<la>"
	"el" Determiner ART Singular lang:es 00:00:35 00:00:40 tt-1411 OM022_1963_CT_SU2011_VA_05 @Gram:Det:Art ADD:324 
"<esposa>"
	"esposo" Noun NC Singular lang:es 00:00:35 00:00:40 tt-1412 OM022_1963_CT_SU2011_VA_05 
"<que>"
	"que" Conjunction CQUE lang:es 00:00:35 00:00:40 tt-1413 OM022_1963_CT_SU2011_VA_05 
"<tengo>"
	"tener" Verb VLfin Pres Indi Sing 1st lang:es 00:00:35 00:00:40 tt-1414 OM022_1963_CT_SU2011_VA_05 
"<ahora>"
	"ahora" Adverb ADV lang:es 00:00:35 00:00:40 tt-1415 OM022_1963_CT_SU2011_VA_05 
"<,>"
	"," Punctuation CM lang:es 00:00:35 00:00:40 tt-1416 OM022_1963_CT_SU2011_VA_05 
"<Adriana>"
	"Adriana" Noun NP Singular lang:es 00:00:35 00:00:40 tt-1417 OM022_1963_CT_SU2011_VA_05 
"<...>"
	"..." Punctuation DOTS lang:es 00:00:35 00:00:40 tt-1418 OM022_1963_CT_SU2011_VA_05 
"<y>"
	"y" Conjunction CC lang:es 00:00:35 00:00:40 tt-1419 OM022_1963_CT_SU2011_VA_05 
"<me>"
	"yo" Pronoun PPX Singular lang:es 00:00:35 00:00:40 tt-1420 OM022_1963_CT_SU2011_VA_05 @Gram:Pron:Objeto ADD:506 
"<dice>"
	"decir" Verb VLfin Pres Indi Sing 3rd lang:es 00:00:35 00:00:40 tt-1421 OM022_1963_CT_SU2011_VA_05 
"<mi>"
	"mío" Pronoun PPO Singular lang:es 00:00:35 00:00:40 tt-1422 OM022_1963_CT_SU2011_VA_05 @Gram:Det:Pos ADD:350 
"<papá>"
	"papá" Noun NC Singular lang:es 00:00:35 00:00:40 tt-1423 OM022_1963_CT_SU2011_VA_05 
"<,>"
	"," Punctuation CM lang:es 00:00:35 00:00:40 tt-1424 OM022_1963_CT_SU2011_VA_05 
"<$¡>"
	"¡" Punctuation FS lang:es 00:00:35 00:00:40 tt-1425 OM022_1963_CT_SU2011_VA_05 
"<sí>"
	"sí" Adverb ADV lang:es 00:00:35 00:00:40 tt-1426 OM022_1963_CT_SU2011_VA_05 
"<,>"
	"," Punctuation CM lang:es 00:00:35 00:00:40 tt-1427 OM022_1963_CT_SU2011_VA_05 
"<esa>"
	"ese" Determiner DM Singular lang:es 00:00:35 00:00:40 tt-1428 OM022_1963_CT_SU2011_VA_05 
"<está>"
	"estar" Verb VEfin Pres Indi Sing 3rd lang:es 00:00:35 00:00:40 tt-1429 OM022_1963_CT_SU2011_VA_05 @Gram:SerEstar:Estar ADD:656 
"<muy>"
	"muy" Adverb ADV lang:es 00:00:35 00:00:40 tt-1430 OM022_1963_CT_SU2011_VA_05 
"<buena>"
	"bueno" Adjective ADJ Singular lang:es 00:00:35 00:00:40 tt-1431 OM022_1963_CT_SU2011_VA_05 
"<chica>"
	"chico" Adjective ADJ Singular lang:es 00:00:40 00:00:47 tt-1432 OM022_1963_CT_SU2011_VA_05 
"<$!>"
	"!" Punctuation FS lang:es 00:00:40 00:00:47 tt-1433 OM022_1963_CT_SU2011_VA_05 

"<$.>"
	"." Punctuation FS lang:es 00:00:40 00:00:47 tt-1435 OM022_1963_CT_SU2011_VA_05 

"<Entonces>"
	"entonces" Adverb ADV lang:es 00:00:40 00:00:47 tt-1436 OM022_1963_CT_SU2011_VA_05 
"<,>"
	"," Punctuation CM lang:es 00:00:40 00:00:47 tt-1437 OM022_1963_CT_SU2011_VA_05 
"<yo>"
	"yo" Pronoun PPX Singular lang:es 00:00:40 00:00:47 tt-1438 OM022_1963_CT_SU2011_VA_05 @Gram:Pron:Sujeto ADD:482 
"<le>"
	"él" Pronoun PPC Singular lang:es 00:00:40 00:00:47 tt-1439 OM022_1963_CT_SU2011_VA_05 @Gram:Pron:Objeto ADD:512 
"<dije>"
	"decir" Verb VLfin Pret Indi Sing 1st lang:es 00:00:40 00:00:47 tt-1440 OM022_1963_CT_SU2011_VA_05 @Gram:Indefinido ADD:546 
"<a>"
	"a" Preposition PREP lang:es 00:00:40 00:00:47 tt-1441 OM022_1963_CT_SU2011_VA_05 @Gram:Prep ADD:472 
"<mi>"
	"mío" Pronoun PPO Singular lang:es 00:00:40 00:00:47 tt-1442 OM022_1963_CT_SU2011_VA_05 @Gram:Det:Pos ADD:350 
"<papá>"
	"papá" Noun NC Singular lang:es 00:00:40 00:00:47 tt-1443 OM022_1963_CT_SU2011_VA_05 
"<,>"
	"," Punctuation CM lang:es 00:00:40 00:00:47 tt-1444 OM022_1963_CT_SU2011_VA_05 
"<bueno>"
	"bueno" Adjective ADJ Singular lang:es 00:00:40 00:00:47 tt-1445 OM022_1963_CT_SU2011_VA_05 
"<trata>"
	"tratar" Verb VLfin Pres Indi Sing 3rd lang:es 00:00:40 00:00:47 tt-1446 OM022_1963_CT_SU2011_VA_05 
"<de>"
	"de" Preposition PREP lang:es 00:00:40 00:00:47 tt-1447 OM022_1963_CT_SU2011_VA_05 @Gram:Prep ADD:472 
"<decirle>"
	"decir" Verb VLinf Pres Indi Sing 3rd lang:es 00:00:40 00:00:47 tt-1448 OM022_1963_CT_SU2011_VA_05 
"<,>"
	"," Punctuation CM lang:es 00:00:40 00:00:47 tt-1449 OM022_1963_CT_SU2011_VA_05 
"<a>"
	"a" Preposition PREP lang:es 00:00:40 00:00:47 tt-1450 OM022_1963_CT_SU2011_VA_05 @Gram:Prep ADD:472 
"<ver>"
	"ver" Verb VLinf Infinitive lang:es 00:00:40 00:00:47 tt-1451 OM022_1963_CT_SU2011_VA_05 SUBSTITUTE:292 
"<...>"
	"..." Punctuation DOTS lang:es 00:00:40 00:00:47 tt-1452 OM022_1963_CT_SU2011_VA_05 
"<cómo>"
	"cómo" Adverb ADV lang:es 00:00:40 00:00:47 tt-1453 OM022_1963_CT_SU2011_VA_05 
"<puedes>"
	"poder" Verb VLfin Pres Indi Sing 2nd lang:es 00:00:40 00:00:47 tt-1454 OM022_1963_CT_SU2011_VA_05 
"<explicarle>"
	"explicar" Verb VLinf Pres Subj Sing 1st_or_3rd lang:es 00:00:51 00:00:58 tt-1455 OM022_1963_CT_SU2011_VA_05 @Gram:MSub:Pres ADD:616 
"<,>"
	"," Punctuation CM lang:es 00:00:51 00:00:58 tt-1456 OM022_1963_CT_SU2011_VA_05 
"<sin>"
	"sin" Preposition PREP lang:es 00:00:51 00:00:58 tt-1457 OM022_1963_CT_SU2011_VA_05 @Gram:Prep ADD:472 
"<prenderme>"
	"prender" Verb VLinf Pres Indi Sing 3rd lang:es 00:00:51 00:00:58 tt-1458 OM022_1963_CT_SU2011_VA_05 
"<fuego>"
	"fuego" Noun NC Singular lang:es 00:00:51 00:00:58 tt-1459 OM022_1963_CT_SU2011_VA_05 
"<,>"
	"," Punctuation CM lang:es 00:00:51 00:00:58 tt-1460 OM022_1963_CT_SU2011_VA_05 
"<$¿>"
	"¿" Punctuation FS lang:es 00:00:51 00:00:58 tt-1461 OM022_1963_CT_SU2011_VA_05 
"<no>"
	"no" Adverb NEG lang:es 00:00:51 00:00:58 tt-1462 OM022_1963_CT_SU2011_VA_05 
"<$?>"
	"?" Punctuation FS lang:es 00:00:51 00:00:58 tt-1463 OM022_1963_CT_SU2011_VA_05 

"<o>"
	"o" Adverb ADV lang:es 00:00:51 00:00:58 tt-1464 OM022_1963_CT_SU2011_VA_05 ID:155 R:Prag:MarcadoresDisc:Igualdad:156 ADDRELATION(Prag:MarcadoresDisc:Igualdad):921 
"<sea>"
	"sea" Adverb ADV lang:es 00:00:51 00:00:58 tt-1465 OM022_1963_CT_SU2011_VA_05 ID:156 
"<,>"
	"," Punctuation CM lang:es 00:00:51 00:00:58 tt-1466 OM022_1963_CT_SU2011_VA_05 
"<viste>"
	"ver|vestir" Verb VLfin Pret Indi Sing 2nd lang:es 00:00:51 00:00:58 tt-1467 OM022_1963_CT_SU2011_VA_05 @Gram:Indefinido ADD:546 
"<que>"
	"que" Conjunction CQUE lang:es 00:00:51 00:00:58 tt-1468 OM022_1963_CT_SU2011_VA_05 
"<soy>"
	"ser" Verb VSfin Pres Indi Sing 1st lang:es 00:00:51 00:00:58 tt-1469 OM022_1963_CT_SU2011_VA_05 @Gram:SerEstar:Ser ADD:647 
"<reservado>"
	"reservar" Verb VLadj lang:es 00:00:51 00:00:58 tt-1470 OM022_1963_CT_SU2011_VA_05 
"<,>"
	"," Punctuation CM lang:es 00:00:51 00:00:58 tt-1471 OM022_1963_CT_SU2011_VA_05 
"<con>"
	"con" Preposition PREP lang:es 00:00:51 00:00:58 tt-1472 OM022_1963_CT_SU2011_VA_05 @Gram:Prep ADD:472 
"<cuidado>"
	"cuidado" Adjective ADJ Singular lang:es 00:00:51 00:00:58 tt-1473 OM022_1963_CT_SU2011_VA_05 
"<,>"
	"," Punctuation CM lang:es 00:00:51 00:00:58 tt-1474 OM022_1963_CT_SU2011_VA_05 
"<con>"
	"con" Preposition PREP lang:es 00:00:51 00:00:58 tt-1475 OM022_1963_CT_SU2011_VA_05 @Gram:Prep ADD:472 
"<tacto>"
	"tacto" Noun NC Singular lang:es 00:00:59 00:01:03 tt-1476 OM022_1963_CT_SU2011_VA_05 
"<,>"
	"," Punctuation CM lang:es 00:00:59 00:01:03 tt-1477 OM022_1963_CT_SU2011_VA_05 
"<con>"
	"con" Preposition PREP lang:es 00:00:59 00:01:03 tt-1478 OM022_1963_CT_SU2011_VA_05 @Gram:Prep ADD:472 
"<cierto>"
	"cierto" Determiner QU lang:es 00:00:59 00:01:03 tt-1479 OM022_1963_CT_SU2011_VA_05 
"<...>"
	"..." Punctuation DOTS lang:es 00:00:59 00:01:03 tt-1480 OM022_1963_CT_SU2011_VA_05 
"<con>"
	"con" Preposition PREP lang:es 00:00:59 00:01:03 tt-1481 OM022_1963_CT_SU2011_VA_05 @Gram:Prep ADD:472 
"<cierta>"
	"cierta|cierto" Determiner QU lang:es 00:00:59 00:01:03 tt-1482 OM022_1963_CT_SU2011_VA_05 
"<finesa>"
	"finés" Noun NC Singular lang:es 00:00:59 00:01:03 tt-1483 OM022_1963_CT_SU2011_VA_05 
"<,>"
	"," Punctuation CM lang:es 00:00:59 00:01:03 tt-1484 OM022_1963_CT_SU2011_VA_05 
"<hay>"
	"haber" Verb VMfin Pres Indi Sing 3rd lang:es 00:00:59 00:01:03 tt-1485 OM022_1963_CT_SU2011_VA_05 @Gram:Haber:Exist ADD:663 
"<que>"
	"que" Verb VMfin lang:es 00:00:59 00:01:03 tt-1486 OM022_1963_CT_SU2011_VA_05 
"<tener>"
	"tener" Verb VLinf Infinitive lang:es 00:00:59 00:01:03 tt-1487 OM022_1963_CT_SU2011_VA_05 SUBSTITUTE:292 
"<cuidado>"
	"cuidado" Adjective ADJ Singular lang:es 00:00:59 00:01:03 tt-1488 OM022_1963_CT_SU2011_VA_05 
"<cómo>"
	"cómo" Adverb ADV lang:es 00:00:59 00:01:03 tt-1489 OM022_1963_CT_SU2011_VA_05 
"<hay>"
	"haber" Verb VMfin Pres Indi Sing 3rd lang:es 00:00:59 00:01:03 tt-1490 OM022_1963_CT_SU2011_VA_05 @Gram:Haber:Exist ADD:663 
"<que>"
	"que" Verb VMfin lang:es 00:00:59 00:01:03 tt-1491 OM022_1963_CT_SU2011_VA_05 
"<hablarle>"
	"hablar" Verb VLinf Pres Subj Sing 1st_or_3rd lang:es 00:00:59 00:01:03 tt-1492 OM022_1963_CT_SU2011_VA_05 @Gram:MSub:Pres ADD:616 
"<,>"
	"," Punctuation CM lang:es 00:00:59 00:01:03 tt-1493 OM022_1963_CT_SU2011_VA_05 
"<no>"
	"no" Adverb NEG lang:es 00:01:03 00:01:09 tt-1494 OM022_1963_CT_SU2011_VA_05 
"<le>"
	"él" Pronoun PPC Singular lang:es 00:01:03 00:01:09 tt-1495 OM022_1963_CT_SU2011_VA_05 @Gram:Pron:Objeto ADD:512 
"<vayas>"
	"ir" Verb VLfin Pres Subj Sing 2nd lang:es 00:01:03 00:01:09 tt-1496 OM022_1963_CT_SU2011_VA_05 @Gram:MSub:Pres ADD:616 
"<a>"
	"a" Preposition PREP lang:es 00:01:03 00:01:09 tt-1497 OM022_1963_CT_SU2011_VA_05 @Gram:Prep ADD:472 
"<decir>"
	"decir" Verb VLinf Infinitive lang:es 00:01:03 00:01:09 tt-1498 OM022_1963_CT_SU2011_VA_05 SUBSTITUTE:292 
"<nada>"
	"nada" Determiner QU lang:es 00:01:03 00:01:09 tt-1499 OM022_1963_CT_SU2011_VA_05 
"<,>"
	"," Punctuation CM lang:es 00:01:03 00:01:09 tt-1500 OM022_1963_CT_SU2011_VA_05 
"<simplemente>"
	"simplemente" Adverb ADV lang:es 00:01:03 00:01:09 tt-1501 OM022_1963_CT_SU2011_VA_05 
"<,>"
	"," Punctuation CM lang:es 00:01:03 00:01:09 tt-1502 OM022_1963_CT_SU2011_VA_05 
"<fíjate>"
	"fijar" Verb VLfin Pres Command Sing 2nd lang:es 00:01:03 00:01:09 tt-1503 OM022_1963_CT_SU2011_VA_05 @Gram:MImp:Informal ADD:627 
"<cómo>"
	"cómo" Adverb ADV lang:es 00:01:03 00:01:09 tt-1504 OM022_1963_CT_SU2011_VA_05 
"<está>"
	"estar" Verb VEfin Pres Indi Sing 3rd lang:es 00:01:03 00:01:09 tt-1505 OM022_1963_CT_SU2011_VA_05 @Gram:SerEstar:Estar ADD:656 
"<ella>"
	"él" Pronoun PPX Singular lang:es 00:01:03 00:01:09 tt-1506 OM022_1963_CT_SU2011_VA_05 @Gram:Pron:Sujeto ADD:482 
"<$.>"
	"." Punctuation FS lang:es 00:01:03 00:01:09 tt-1507 OM022_1963_CT_SU2011_VA_05 

"<Cuando>"
	"cuando" Conjunction CSUBX lang:es 00:01:03 00:01:09 tt-1508 OM022_1963_CT_SU2011_VA_05 
"<va>"
	"ir" Verb VLfin Pres Indi Sing 3rd lang:es 00:01:03 00:01:09 tt-1509 OM022_1963_CT_SU2011_VA_05 
"<mi>"
	"mío" Pronoun PPO Singular lang:es 00:01:03 00:01:09 tt-1510 OM022_1963_CT_SU2011_VA_05 @Gram:Det:Pos ADD:350 
"<papá>"
	"papá" Noun NC Singular lang:es 00:01:03 00:01:09 tt-1511 OM022_1963_CT_SU2011_VA_05 
"<allá>"
	"allá" Adverb ADV lang:es 00:01:03 00:01:09 tt-1512 OM022_1963_CT_SU2011_VA_05 
"<,>"
	"," Punctuation CM lang:es 00:01:03 00:01:09 tt-1513 OM022_1963_CT_SU2011_VA_05 
"<lo>"
	"el" Determiner ART Singular lang:es 00:01:09 00:01:16 tt-1514 OM022_1963_CT_SU2011_VA_05 
"<primero>"
	"primero" Noun NC Singular lang:es 00:01:09 00:01:16 tt-1515 OM022_1963_CT_SU2011_VA_05 
"<que>"
	"que" Conjunction CQUE lang:es 00:01:09 00:01:16 tt-1516 OM022_1963_CT_SU2011_VA_05 
"<le>"
	"él" Pronoun PPC Singular lang:es 00:01:09 00:01:16 tt-1517 OM022_1963_CT_SU2011_VA_05 @Gram:Pron:Objeto ADD:512 
"<dice>"
	"decir" Verb VLfin Pres Indi Sing 3rd lang:es 00:01:09 00:01:16 tt-1518 OM022_1963_CT_SU2011_VA_05 
"<,>"
	"," Punctuation CM lang:es 00:01:09 00:01:16 tt-1519 OM022_1963_CT_SU2011_VA_05 
"<mi>"
	"mío" Pronoun PPO Singular lang:es 00:01:09 00:01:16 tt-1520 OM022_1963_CT_SU2011_VA_05 @Gram:Det:Pos ADD:350 
"<hijo>"
	"hijo" Noun NC Singular lang:es 00:01:09 00:01:16 tt-1521 OM022_1963_CT_SU2011_VA_05 
"<está>"
	"estar" Verb VEfin Pres Indi Sing 3rd lang:es 00:01:09 00:01:16 tt-1522 OM022_1963_CT_SU2011_VA_05 @Gram:SerEstar:Estar ADD:656 
"<interesado>"
	"interesar" Verb VLadj lang:es 00:01:09 00:01:16 tt-1523 OM022_1963_CT_SU2011_VA_05 
"<en>"
	"en" Preposition PREP lang:es 00:01:09 00:01:16 tt-1524 OM022_1963_CT_SU2011_VA_05 @Gram:Prep ADD:472 
"<vos>"
	"vosotros" Pronoun PPX Plural lang:es 00:01:09 00:01:16 tt-1525 OM022_1963_CT_SU2011_VA_05 
"<,>"
	"," Punctuation CM lang:es 00:01:09 00:01:16 tt-1526 OM022_1963_CT_SU2011_VA_05 
"<sin>"
	"sin" Preposition PREP lang:es 00:01:09 00:01:16 tt-1527 OM022_1963_CT_SU2011_VA_05 @Gram:Prep ADD:472 
"<...>"
	"..." Punctuation DOTS lang:es 00:01:09 00:01:16 tt-1528 OM022_1963_CT_SU2011_VA_05 
"<sin>"
	"sin" Preposition PREP lang:es 00:01:09 00:01:16 tt-1529 OM022_1963_CT_SU2011_VA_05 @Gram:Prep ADD:472 
"<ningún>"
	"ninguno" Determiner QU lang:es 00:01:09 00:01:16 tt-1530 OM022_1963_CT_SU2011_VA_05 
"<cuidado>"
	"cuidado" Adjective ADJ Singular lang:es 00:01:09 00:01:16 tt-1531 OM022_1963_CT_SU2011_VA_05 
"<$.>"
	"." Punctuation FS lang:es 00:01:09 00:01:16 tt-1532 OM022_1963_CT_SU2011_VA_05 

"<Entonces>"
	"entonces" Adverb ADV lang:es 00:01:09 00:01:16 tt-1533 OM022_1963_CT_SU2011_VA_05 
"<,>"
	"," Punctuation CM lang:es 00:01:09 00:01:16 tt-1534 OM022_1963_CT_SU2011_VA_05 
"<bueno>"
	"bueno" Adjective ADJ Singular lang:es 00:01:17 00:01:22 tt-1535 OM022_1963_CT_SU2011_VA_05 
"<,>"
	"," Punctuation CM lang:es 00:01:17 00:01:22 tt-1536 OM022_1963_CT_SU2011_VA_05 
"<después>"
	"después" Adverb ADV lang:es 00:01:17 00:01:22 tt-1537 OM022_1963_CT_SU2011_VA_05 
"<ella>"
	"él" Pronoun PPX Singular lang:es 00:01:17 00:01:22 tt-1538 OM022_1963_CT_SU2011_VA_05 @Gram:Pron:Sujeto ADD:482 
"<se>"
	"se" Other SE lang:es 00:01:17 00:01:22 tt-1539 OM022_1963_CT_SU2011_VA_05 
"<vino>"
	"venir" Verb VLfin Pres Indi Sing 1st lang:es 00:01:17 00:01:22 tt-1540 OM022_1963_CT_SU2011_VA_05 
"<con>"
	"con" Preposition PREP lang:es 00:01:17 00:01:22 tt-1541 OM022_1963_CT_SU2011_VA_05 @Gram:Prep ADD:472 
"<mi>"
	"mío" Pronoun PPO Singular lang:es 00:01:17 00:01:22 tt-1542 OM022_1963_CT_SU2011_VA_05 @Gram:Det:Pos ADD:350 
"<hermana>"
	"hermano" Noun NC Singular lang:es 00:01:17 00:01:22 tt-1543 OM022_1963_CT_SU2011_VA_05 
"<y>"
	"y" Conjunction CC lang:es 00:01:17 00:01:22 tt-1544 OM022_1963_CT_SU2011_VA_05 
"<mi>"
	"mío" Pronoun PPO Singular lang:es 00:01:17 00:01:22 tt-1545 OM022_1963_CT_SU2011_VA_05 @Gram:Det:Pos ADD:350 
"<tía>"
	"tío" Noun NC Singular lang:es 00:01:17 00:01:22 tt-1546 OM022_1963_CT_SU2011_VA_05 
"<,>"
	"," Punctuation CM lang:es 00:01:17 00:01:22 tt-1547 OM022_1963_CT_SU2011_VA_05 
"<y>"
	"y" Conjunction CC lang:es 00:01:17 00:01:22 tt-1548 OM022_1963_CT_SU2011_VA_05 
"<una>"
	"un" Determiner ART Singular lang:es 00:01:17 00:01:22 tt-1549 OM022_1963_CT_SU2011_VA_05 
"<prima>"
	"primo" Noun NC Singular lang:es 00:01:17 00:01:22 tt-1550 OM022_1963_CT_SU2011_VA_05 
"<de>"
	"de" Preposition PREP lang:es 00:01:17 00:01:22 tt-1551 OM022_1963_CT_SU2011_VA_05 @Gram:Prep ADD:472 
"<ella>"
	"él" Pronoun PPX Singular lang:es 00:01:17 00:01:22 tt-1552 OM022_1963_CT_SU2011_VA_05 @Gram:Pron:Sujeto ADD:482 
"<se>"
	"se" Other SE lang:es 00:01:17 00:01:22 tt-1553 OM022_1963_CT_SU2011_VA_05 
"<vinieron>"
	"venir" Verb VLfin Pret Indi Plural 3rd lang:es 00:01:17 00:01:22 tt-1554 OM022_1963_CT_SU2011_VA_05 @Gram:Indefinido ADD:546 
"<acá>"
	"acá" Adverb ADV lang:es 00:01:22 00:01:26 tt-1555 OM022_1963_CT_SU2011_VA_05 
"<a>"
	"a" Preposition PREP lang:es 00:01:22 00:01:26 tt-1556 OM022_1963_CT_SU2011_VA_05 @Gram:Prep ADD:472 
"<Irving>"
	"UNK" Noun NP Singular lang:es 00:01:22 00:01:26 tt-1557 OM022_1963_CT_SU2011_VA_05 
"<,>"
	"," Punctuation CM lang:es 00:01:22 00:01:26 tt-1558 OM022_1963_CT_SU2011_VA_05 
"<para>"
	"para" Preposition PREP lang:es 00:01:22 00:01:26 tt-1559 OM022_1963_CT_SU2011_VA_05 @Gram:Prep:Para ADD:444 
"<un>"
	"un" Determiner ART Singular lang:es 00:01:22 00:01:26 tt-1560 OM022_1963_CT_SU2011_VA_05 
"<entrenamiento>"
	"entrenamiento" Noun NC Singular lang:es 00:01:22 00:01:26 tt-1561 OM022_1963_CT_SU2011_VA_05 
"<de>"
	"de" Preposition PREP lang:es 00:01:22 00:01:26 tt-1562 OM022_1963_CT_SU2011_VA_05 @Gram:Prep ADD:472 
"<verano>"
	"verano" Noun NC Singular lang:es 00:01:22 00:01:26 tt-1563 OM022_1963_CT_SU2011_VA_05 
"<,>"
	"," Punctuation CM lang:es 00:01:22 00:01:26 tt-1564 OM022_1963_CT_SU2011_VA_05 
"<entonces>"
	"entonces" Adverb ADV lang:es 00:01:22 00:01:26 tt-1565 OM022_1963_CT_SU2011_VA_05 
"<se>"
	"se" Other SE lang:es 00:01:22 00:01:26 tt-1566 OM022_1963_CT_SU2011_VA_05 
"<quedaron>"
	"quedar" Verb VLfin Pret Indi Plural 3rd lang:es 00:01:22 00:01:26 tt-1567 OM022_1963_CT_SU2011_VA_05 @Gram:Indefinido ADD:546 
"<en>"
	"en" Preposition PREP lang:es 00:01:22 00:01:26 tt-1568 OM022_1963_CT_SU2011_VA_05 @Gram:Prep ADD:472 
"<la>"
	"el" Determiner ART Singular lang:es 00:01:22 00:01:26 tt-1569 OM022_1963_CT_SU2011_VA_05 @Gram:Det:Art ADD:324 
"<casa>"
	"casa" Noun NC Singular lang:es 00:01:22 00:01:26 tt-1570 OM022_1963_CT_SU2011_VA_05 
"<de>"
	"de" Preposition PREP lang:es 00:01:22 00:01:26 tt-1571 OM022_1963_CT_SU2011_VA_05 @Gram:Prep ADD:472 
"<David>"
	"David" Noun NP Singular lang:es 00:01:22 00:01:26 tt-1572 OM022_1963_CT_SU2011_VA_05 
"<Bindson>"
	"UNK" Noun NP Singular lang:es 00:01:22 00:01:26 tt-1573 OM022_1963_CT_SU2011_VA_05 
"<$.>"
	"." Punctuation FS lang:es 00:01:22 00:01:26 tt-1574 OM022_1963_CT_SU2011_VA_05 

"<Y>"
	"y" Conjunction CC lang:es 00:01:26 00:01:33 tt-1575 OM022_1963_CT_SU2011_VA_05 
"<ahí>"
	"ahí" Adverb ADV lang:es 00:01:26 00:01:33 tt-1576 OM022_1963_CT_SU2011_VA_05 
"<,>"
	"," Punctuation CM lang:es 00:01:26 00:01:33 tt-1577 OM022_1963_CT_SU2011_VA_05 
"<entonces>"
	"entonces" Adverb ADV lang:es 00:01:26 00:01:33 tt-1578 OM022_1963_CT_SU2011_VA_05 
"<,>"
	"," Punctuation CM lang:es 00:01:26 00:01:33 tt-1579 OM022_1963_CT_SU2011_VA_05 
"<yo>"
	"yo" Pronoun PPX Singular lang:es 00:01:26 00:01:33 tt-1580 OM022_1963_CT_SU2011_VA_05 @Gram:Pron:Sujeto ADD:482 
"<iba>"
	"ir" Verb VLfin Imp Indi Sing 1st_or_3rd lang:es 00:01:26 00:01:33 tt-1581 OM022_1963_CT_SU2011_VA_05 @Gram:Imperf ADD:537 
"<a>"
	"a" Preposition PREP lang:es 00:01:26 00:01:33 tt-1582 OM022_1963_CT_SU2011_VA_05 @Gram:Prep ADD:472 
"<verlo>"
	"ver" Verb VLinf Pres Indi Sing 1st lang:es 00:01:26 00:01:33 tt-1583 OM022_1963_CT_SU2011_VA_05 
"<,>"
	"," Punctuation CM lang:es 00:01:26 00:01:33 tt-1584 OM022_1963_CT_SU2011_VA_05 
"<los>"
	"él" Pronoun PPC Plural lang:es 00:01:26 00:01:33 tt-1585 OM022_1963_CT_SU2011_VA_05 @Gram:Pron:Objeto ADD:512 
"<iba>"
	"ir" Verb VLfin Imp Indi Sing 1st_or_3rd lang:es 00:01:26 00:01:33 tt-1586 OM022_1963_CT_SU2011_VA_05 @Gram:Imperf ADD:537 
"<a>"
	"a" Preposition PREP lang:es 00:01:26 00:01:33 tt-1587 OM022_1963_CT_SU2011_VA_05 @Gram:Prep ADD:472 
"<ver>"
	"ver" Verb VLinf Infinitive lang:es 00:01:26 00:01:33 tt-1588 OM022_1963_CT_SU2011_VA_05 SUBSTITUTE:292 
"<,>"
	"," Punctuation CM lang:es 00:01:26 00:01:33 tt-1589 OM022_1963_CT_SU2011_VA_05 
"<hablábamos>"
	"hablar" Verb VLfin Imp Indi Plural 1st lang:es 00:01:26 00:01:33 tt-1590 OM022_1963_CT_SU2011_VA_05 @Gram:Imperf ADD:537 
"<,>"
	"," Punctuation CM lang:es 00:01:26 00:01:33 tt-1591 OM022_1963_CT_SU2011_VA_05 
"<hablábamos>"
	"hablar" Verb VLfin Imp Indi Plural 1st lang:es 00:01:26 00:01:33 tt-1592 OM022_1963_CT_SU2011_VA_05 @Gram:Imperf ADD:537 
"<,>"
	"," Punctuation CM lang:es 00:01:26 00:01:33 tt-1593 OM022_1963_CT_SU2011_VA_05 
"<hablábamos>"
	"hablar" Verb VLfin Imp Indi Plural 1st lang:es 00:01:26 00:01:33 tt-1594 OM022_1963_CT_SU2011_VA_05 @Gram:Imperf ADD:537 
"<...>"
	"..." Punctuation DOTS lang:es 00:01:26 00:01:33 tt-1595 OM022_1963_CT_SU2011_VA_05 
"<fuimos>"
	"ir|ser" Verb VLfin Pres_or_Pret Indi Plural 1st lang:es 00:01:26 00:01:33 tt-1596 OM022_1963_CT_SU2011_VA_05 
"<después>"
	"después" Adverb ADV lang:es 00:01:33 00:01:40 tt-1597 OM022_1963_CT_SU2011_VA_05 
"<al>"
	"al" Preposition PAL lang:es 00:01:33 00:01:40 tt-1598 OM022_1963_CT_SU2011_VA_05 @Gram:Prep ADD:472 
"<entrenamiento>"
	"entrenamiento" Noun NC Singular lang:es 00:01:33 00:01:40 tt-1599 OM022_1963_CT_SU2011_VA_05 
"<$.>"
	"." Punctuation FS lang:es 00:01:33 00:01:40 tt-1600 OM022_1963_CT_SU2011_VA_05 

"<Se>"
	"se" Other SE lang:es 00:01:33 00:01:40 tt-1601 OM022_1963_CT_SU2011_VA_05 
"<fueron>"
	"ir" Verb VLfin Pret Indi Plural 3rd lang:es 00:01:33 00:01:40 tt-1602 OM022_1963_CT_SU2011_VA_05 @Gram:Indefinido SUBSTITUTE:262 ADD:546 
"<todos>"
	"todo" Determiner QU lang:es 00:01:33 00:01:40 tt-1603 OM022_1963_CT_SU2011_VA_05 
"<,>"
	"," Punctuation CM lang:es 00:01:33 00:01:40 tt-1604 OM022_1963_CT_SU2011_VA_05 
"<volvieron>"
	"volver" Verb VLfin Pret Indi Plural 3rd lang:es 00:01:33 00:01:40 tt-1605 OM022_1963_CT_SU2011_VA_05 @Gram:Indefinido ADD:546 
"<a>"
	"a" Preposition PREP lang:es 00:01:33 00:01:40 tt-1606 OM022_1963_CT_SU2011_VA_05 @Gram:Prep ADD:472 
"<Montevideo>"
	"Montevideo" Noun NP Singular lang:es 00:01:33 00:01:40 tt-1607 OM022_1963_CT_SU2011_VA_05 
"<,>"
	"," Punctuation CM lang:es 00:01:33 00:01:40 tt-1608 OM022_1963_CT_SU2011_VA_05 
"<porque>"
	"porque" Conjunction CSUBX lang:es 00:01:33 00:01:40 tt-1609 OM022_1963_CT_SU2011_VA_05 @Prag:MarcadoresDisc:Causa ADD:879 
"<mi>"
	"mío" Pronoun PPO Singular lang:es 00:01:33 00:01:40 tt-1610 OM022_1963_CT_SU2011_VA_05 @Gram:Det:Pos ADD:350 
"<esposa>"
	"esposo" Noun NC Singular lang:es 00:01:33 00:01:40 tt-1611 OM022_1963_CT_SU2011_VA_05 
"<es>"
	"ser" Verb VSfin Pres Indi Sing 3rd lang:es 00:01:33 00:01:40 tt-1612 OM022_1963_CT_SU2011_VA_05 @Gram:SerEstar:Ser ADD:647 
"<de>"
	"de" Preposition PREP lang:es 00:01:40 00:01:46 tt-1613 OM022_1963_CT_SU2011_VA_05 @Gram:Prep ADD:472 
"<Montevideo>"
	"Montevideo" Noun NP Singular lang:es 00:01:40 00:01:46 tt-1614 OM022_1963_CT_SU2011_VA_05 
"<,>"
	"," Punctuation CM lang:es 00:01:40 00:01:46 tt-1615 OM022_1963_CT_SU2011_VA_05 
"<entonces>"
	"entonces" Adverb ADV lang:es 00:01:40 00:01:46 tt-1616 OM022_1963_CT_SU2011_VA_05 
"<,>"
	"," Punctuation CM lang:es 00:01:40 00:01:46 tt-1617 OM022_1963_CT_SU2011_VA_05 
"<seguíamos>"
	"UNK" Verb VLfin Pres_or_Pret Indi Plural 1st lang:es 00:01:40 00:01:46 tt-1618 OM022_1963_CT_SU2011_VA_05 
"<hablando>"
	"hablar" Verb VLger lang:es 00:01:40 00:01:46 tt-1619 OM022_1963_CT_SU2011_VA_05 ID:310 R:Vocab:Fraseol:VerbPrep:311 ADDRELATION(Vocab:Fraseol:VerbPrep):985 
"<por>"
	"por" Preposition PREP lang:es 00:01:40 00:01:46 tt-1620 OM022_1963_CT_SU2011_VA_05 @Gram:Prep:Por ID:311 SUBSTITUTE:234 ADD:466 
"<teléfono>"
	"teléfono" Noun NC Singular lang:es 00:01:40 00:01:46 tt-1621 OM022_1963_CT_SU2011_VA_05 
"<$.>"
	"." Punctuation FS lang:es 00:01:40 00:01:46 tt-1622 OM022_1963_CT_SU2011_VA_05 

"<Pero>"
	"pero" Conjunction CCAD lang:es 00:01:40 00:01:46 tt-1623 OM022_1963_CT_SU2011_VA_05 @Prag:MarcadoresDisc:Revision ADD:826 
"<hasta>"
	"hasta" Preposition PREP lang:es 00:01:40 00:01:46 tt-1624 OM022_1963_CT_SU2011_VA_05 @Gram:Prep ADD:472 
"<que>"
	"que" Conjunction CQUE lang:es 00:01:40 00:01:46 tt-1625 OM022_1963_CT_SU2011_VA_05 
"<dije>"
	"decir" Verb VLfin Pret Indi Sing 1st lang:es 00:01:40 00:01:46 tt-1626 OM022_1963_CT_SU2011_VA_05 @Gram:Indefinido ADD:546 
"<,>"
	"," Punctuation CM lang:es 00:01:40 00:01:46 tt-1627 OM022_1963_CT_SU2011_VA_05 
"<no>"
	"no" Adverb NEG lang:es 00:01:40 00:01:46 tt-1628 OM022_1963_CT_SU2011_VA_05 
"<es>"
	"ser" Verb VSfin Pres Indi Sing 3rd lang:es 00:01:40 00:01:46 tt-1629 OM022_1963_CT_SU2011_VA_05 @Gram:SerEstar:Ser ADD:647 
"<más>"
	"más" Adverb ADV lang:es 00:01:46 00:01:50 tt-1630 OM022_1963_CT_SU2011_VA_05 
"<barato>"
	"barato" Adjective ADJ Singular lang:es 00:01:46 00:01:50 tt-1631 OM022_1963_CT_SU2011_VA_05 
"<ir>"
	"ir" Verb VLinf Infinitive lang:es 00:01:46 00:01:50 tt-1632 OM022_1963_CT_SU2011_VA_05 SUBSTITUTE:292 
"<hasta>"
	"hasta" Preposition PREP lang:es 00:01:46 00:01:50 tt-1633 OM022_1963_CT_SU2011_VA_05 @Gram:Prep ADD:472 
"<allá>"
	"allá" Adverb ADV lang:es 00:01:46 00:01:50 tt-1634 OM022_1963_CT_SU2011_VA_05 
"<que>"
	"que" Conjunction CQUE lang:es 00:01:46 00:01:50 tt-1635 OM022_1963_CT_SU2011_VA_05 
"<hablar>"
	"hablar" Verb VLinf Infinitive lang:es 00:01:46 00:01:50 tt-1636 OM022_1963_CT_SU2011_VA_05 ID:327 R:Vocab:Fraseol:VerbPrep:328 SUBSTITUTE:292 ADDRELATION(Vocab:Fraseol:VerbPrep):985 
"<por>"
	"por" Preposition PREP lang:es 00:01:46 00:01:50 tt-1637 OM022_1963_CT_SU2011_VA_05 @Gram:Prep:Por ID:328 SUBSTITUTE:234 ADD:466 
"<teléfono>"
	"teléfono" Noun NC Singular lang:es 00:01:46 00:01:50 tt-1638 OM022_1963_CT_SU2011_VA_05 
"<,>"
	"," Punctuation CM lang:es 00:01:46 00:01:50 tt-1639 OM022_1963_CT_SU2011_VA_05 
"<por>"
	"por" Preposition PREP lang:es 00:01:46 00:01:50 tt-1640 OM022_1963_CT_SU2011_VA_05 @Gram:Prep:Por SUBSTITUTE:234 ADD:466 
"<teléfono>"
	"teléfono" Noun NC Singular lang:es 00:01:46 00:01:50 tt-1641 OM022_1963_CT_SU2011_VA_05 
"<sale>"
	"salar" Verb VLfin Pres Subj Sing 1st_or_3rd lang:es 00:01:46 00:01:50 tt-1642 OM022_1963_CT_SU2011_VA_05 @Gram:MSub:Pres ADD:616 
"<muy>"
	"muy" Adverb ADV lang:es 00:01:46 00:01:50 tt-1643 OM022_1963_CT_SU2011_VA_05 
"<caro>"
	"caro" Adjective ADJ Singular lang:es 00:01:46 00:01:50 tt-1644 OM022_1963_CT_SU2011_VA_05 
"<esto>"
	"este" Determiner DM Singular lang:es 00:01:46 00:01:50 tt-1645 OM022_1963_CT_SU2011_VA_05 
"<$.>"
	"." Punctuation FS lang:es 00:01:46 00:01:50 tt-1646 OM022_1963_CT_SU2011_VA_05 

"<Le>"
	"le" Other PE lang:es 00:01:50 00:01:56 tt-1647 OM022_1963_CT_SU2011_VA_05 
"<dije>"
	"dije" Noun NC Singular lang:es 00:01:50 00:01:56 tt-1648 OM022_1963_CT_SU2011_VA_05 
"<por>"
	"por" Preposition PREP lang:es 00:01:50 00:01:56 tt-1649 OM022_1963_CT_SU2011_VA_05 @Gram:Prep:Por SUBSTITUTE:234 ADD:466 
"<teléfono>"
	"teléfono" Noun NC Singular lang:es 00:01:50 00:01:56 tt-1650 OM022_1963_CT_SU2011_VA_05 
"<,>"
	"," Punctuation CM lang:es 00:01:50 00:01:56 tt-1651 OM022_1963_CT_SU2011_VA_05 
"<qué>"
	"qué" Pronoun INT Singular lang:es 00:01:50 00:01:56 tt-1652 OM022_1963_CT_SU2011_VA_05 
"<tal>"
	"tal" Determiner QU lang:es 00:01:50 00:01:56 tt-1653 OM022_1963_CT_SU2011_VA_05 
"<si>"
	"si" Conjunction CSUBX lang:es 00:01:50 00:01:56 tt-1654 OM022_1963_CT_SU2011_VA_05 
"<nos>"
	"nosotros" Pronoun PPX Plural lang:es 00:01:50 00:01:56 tt-1655 OM022_1963_CT_SU2011_VA_05 @Gram:Pron:Objeto ADD:506 
"<casamos>"
	"casar" Verb VLfin Pres_or_Pret Indi Plural 1st lang:es 00:01:50 00:01:56 tt-1656 OM022_1963_CT_SU2011_VA_05 
"<,>"
	"," Punctuation CM lang:es 00:01:50 00:01:56 tt-1657 OM022_1963_CT_SU2011_VA_05 
"<y>"
	"y" Conjunction CC lang:es 00:01:50 00:01:56 tt-1658 OM022_1963_CT_SU2011_VA_05 
"<me>"
	"yo" Pronoun PPX Singular lang:es 00:01:50 00:01:56 tt-1659 OM022_1963_CT_SU2011_VA_05 @Gram:Pron:Objeto ADD:506 
"<dice>"
	"decir" Verb VLfin Pres Indi Sing 3rd lang:es 00:01:50 00:01:56 tt-1660 OM022_1963_CT_SU2011_VA_05 
"<que>"
	"que" Conjunction CQUE lang:es 00:01:50 00:01:56 tt-1661 OM022_1963_CT_SU2011_VA_05 
"<sí>"
	"él" Pronoun PPX Singular lang:es 00:01:50 00:01:56 tt-1662 OM022_1963_CT_SU2011_VA_05 
"<,>"
	"," Punctuation CM lang:es 00:01:50 00:01:56 tt-1663 OM022_1963_CT_SU2011_VA_05 
"<así>"
	"así" Conjunction CSUBF lang:es 00:01:50 00:01:56 tt-1664 OM022_1963_CT_SU2011_VA_05 
"<que>"
	"que" Conjunction CSUBF lang:es 00:01:50 00:01:56 tt-1665 OM022_1963_CT_SU2011_VA_05 
"<fui>"
	"ir|ser" Verb VLfin Pret Indi Sing 1st lang:es 00:01:50 00:01:56 tt-1666 OM022_1963_CT_SU2011_VA_05 @Gram:Indefinido ADD:546 
"<noviamos>"
	"UNK" Noun NC Plural lang:es 00:01:50 00:01:56 tt-1667 OM022_1963_CT_SU2011_VA_05 
"<quince>"
	"quince" Determiner CARD Singular lang:es 00:01:50 00:01:56 tt-1668 OM022_1963_CT_SU2011_VA_05 
"<días>"
	"día" Noun NC Plural lang:es 00:01:56 00:02:03 tt-1669 OM022_1963_CT_SU2011_VA_05 
"<y>"
	"y" Conjunction CC lang:es 00:01:56 00:02:03 tt-1670 OM022_1963_CT_SU2011_VA_05 
"<nos>"
	"nosotros" Pronoun PPX Plural lang:es 00:01:56 00:02:03 tt-1671 OM022_1963_CT_SU2011_VA_05 @Gram:Pron:Objeto ADD:506 
"<casamos>"
	"casar" Verb VLfin Pres_or_Pret Indi Plural 1st lang:es 00:01:56 00:02:03 tt-1672 OM022_1963_CT_SU2011_VA_05 
"<$¿>"
	"¿" Punctuation FS lang:es 00:01:56 00:02:03 tt-1673 OM022_1963_CT_SU2011_VA_05 
"<no>"
	"no" Adverb NEG lang:es 00:01:56 00:02:03 tt-1674 OM022_1963_CT_SU2011_VA_05 
"<$?>"
	"?" Punctuation FS lang:es 00:01:56 00:02:03 tt-1675 OM022_1963_CT_SU2011_VA_05 

"<nos>"
	"nosotros" Pronoun PPX Plural lang:es 00:01:56 00:02:03 tt-1676 OM022_1963_CT_SU2011_VA_05 @Gram:Pron:Objeto ADD:506 
"<fuimos>"
	"ir|ser" Verb VLfin Pres_or_Pret Indi Plural 1st lang:es 00:01:56 00:02:03 tt-1677 OM022_1963_CT_SU2011_VA_05 
"<de>"
	"de" Preposition PREP lang:es 00:01:56 00:02:03 tt-1678 OM022_1963_CT_SU2011_VA_05 @Gram:Prep ADD:472 
"<luna>"
	"luna" Noun NC Singular lang:es 00:01:56 00:02:03 tt-1679 OM022_1963_CT_SU2011_VA_05 
"<de>"
	"de" Preposition PREP lang:es 00:01:56 00:02:03 tt-1680 OM022_1963_CT_SU2011_VA_05 @Gram:Prep ADD:472 
"<miel>"
	"miel" Noun NC Singular lang:es 00:01:56 00:02:03 tt-1681 OM022_1963_CT_SU2011_VA_05 
"<a>"
	"a" Preposition PREP lang:es 00:01:56 00:02:03 tt-1682 OM022_1963_CT_SU2011_VA_05 @Gram:Prep ADD:472 
"<Cancún>"
	"Cancún" Noun NP Singular lang:es 00:01:56 00:02:03 tt-1683 OM022_1963_CT_SU2011_VA_05 
"<,>"
	"," Punctuation CM lang:es 00:01:56 00:02:03 tt-1684 OM022_1963_CT_SU2011_VA_05 
"<ese>"
	"ese" Determiner DM Singular lang:es 00:01:56 00:02:03 tt-1685 OM022_1963_CT_SU2011_VA_05 
"<lugar>"
	"lugar" Noun NC Singular lang:es 00:01:56 00:02:03 tt-1686 OM022_1963_CT_SU2011_VA_05 
"<está>"
	"estar" Verb VEfin Pres Indi Sing 3rd lang:es 00:01:56 00:02:03 tt-1687 OM022_1963_CT_SU2011_VA_05 @Gram:SerEstar:Estar ADD:656 
"<bueno>"
	"bueno" Adjective ADJ Singular lang:es 00:01:56 00:02:03 tt-1688 OM022_1963_CT_SU2011_VA_05 
"<y>"
	"y" Conjunction CC lang:es 00:01:56 00:02:03 tt-1689 OM022_1963_CT_SU2011_VA_05 
"<después>"
	"después" Adverb ADV lang:es 00:02:03 00:02:10 tt-1690 OM022_1963_CT_SU2011_VA_05 
"<nos>"
	"nosotros" Pronoun PPX Plural lang:es 00:02:03 00:02:10 tt-1691 OM022_1963_CT_SU2011_VA_05 @Gram:Pron:Objeto ADD:506 
"<venimos>"
	"venir" Verb VLfin Pres_or_Pret Indi Plural 1st lang:es 00:02:03 00:02:10 tt-1692 OM022_1963_CT_SU2011_VA_05 
"<para>"
	"para" Preposition PREP lang:es 00:02:03 00:02:10 tt-1693 OM022_1963_CT_SU2011_VA_05 @Gram:Prep:Para ADD:444 
"<Irving>"
	"UNK" Noun NP Singular lang:es 00:02:03 00:02:10 tt-1694 OM022_1963_CT_SU2011_VA_05 
"<$.>"
	"." Punctuation FS lang:es 00:02:03 00:02:10 tt-1695 OM022_1963_CT_SU2011_VA_05 

"<Eso>"
	"ese" Determiner DM Singular lang:es 00:02:03 00:02:10 tt-1696 OM022_1963_CT_SU2011_VA_05 
"<fue>"
	"ser" Verb VSfin Pret Indi Sing 3rd lang:es 00:02:03 00:02:10 tt-1697 OM022_1963_CT_SU2011_VA_05 @Gram:SerEstar:Ser ADD:647 
"<en>"
	"en" Preposition PREP lang:es 00:02:03 00:02:10 tt-1698 OM022_1963_CT_SU2011_VA_05 @Gram:Prep ADD:472 
"<el>"
	"el" Determiner ART Singular lang:es 00:02:03 00:02:10 tt-1699 OM022_1963_CT_SU2011_VA_05 @Gram:Det:Art ADD:324 
"<mil>"
	"mil" Determiner CARD Singular lang:es 00:02:03 00:02:10 tt-1700 OM022_1963_CT_SU2011_VA_05 
"<noventa>"
	"noventa" Determiner CARD Singular lang:es 00:02:03 00:02:10 tt-1701 OM022_1963_CT_SU2011_VA_05 
"<y>"
	"y" Conjunction CC lang:es 00:02:03 00:02:10 tt-1702 OM022_1963_CT_SU2011_VA_05 
"<seis>"
	"seis" Determiner CARD Plural lang:es 00:02:03 00:02:10 tt-1703 OM022_1963_CT_SU2011_VA_05 
"<$.>"
	"." Punctuation FS lang:es 00:02:03 00:02:10 tt-1704 OM022_1963_CT_SU2011_VA_05 

"<Después>"
	"después" Adverb ADV lang:es 00:02:03 00:02:10 tt-1705 OM022_1963_CT_SU2011_VA_05 
"<,>"
	"," Punctuation CM lang:es 00:02:03 00:02:10 tt-1706 OM022_1963_CT_SU2011_VA_05 
"<eh>"
	"eh" Noun NP Singular lang:es 00:02:03 00:02:10 tt-1707 OM022_1963_CT_SU2011_VA_05 
"<...>"
	"..." Punctuation DOTS lang:es 00:02:03 00:02:10 tt-1708 OM022_1963_CT_SU2011_VA_05 
"<dijimos>"
	"decir" Verb VLfin Pres_or_Pret Indi Plural 1st lang:es 00:02:03 00:02:10 tt-1709 OM022_1963_CT_SU2011_VA_05 
"<bueno>"
	"bueno" Adjective ADJ Singular lang:es 00:02:03 00:02:10 tt-1710 OM022_1963_CT_SU2011_VA_05 
"<,>"
	"," Punctuation CM lang:es 00:02:03 00:02:10 tt-1711 OM022_1963_CT_SU2011_VA_05 
"<vamos>"
	"ir" Verb VLfin Pres Indi Plural 1st lang:es 00:02:03 00:02:10 tt-1712 OM022_1963_CT_SU2011_VA_05 
</speaker>
</text>

