<text id="OM022_1963_CT_SU2011_VA_07">
<speaker type="subj">
"<Jeannette>"
	"UNK" Noun NP Singular lang:es 00:00:00 00:00:06 tt-2054 OM022_1963_CT_SU2011_VA_07 
"<$.>"
	"." Punctuation FS lang:es 00:00:00 00:00:06 tt-2055 OM022_1963_CT_SU2011_VA_07 

"<Y>"
	"y" Conjunction CC lang:es 00:00:00 00:00:06 tt-2056 OM022_1963_CT_SU2011_VA_07 
"<bueno>"
	"bueno" Adjective ADJ Singular lang:es 00:00:00 00:00:06 tt-2057 OM022_1963_CT_SU2011_VA_07 
"<,>"
	"," Punctuation CM lang:es 00:00:00 00:00:06 tt-2058 OM022_1963_CT_SU2011_VA_07 
"<esa>"
	"ese" Determiner DM Singular lang:es 00:00:00 00:00:06 tt-2059 OM022_1963_CT_SU2011_VA_07 
"<es>"
	"ser" Verb VSfin Pres Indi Sing 3rd lang:es 00:00:00 00:00:06 tt-2060 OM022_1963_CT_SU2011_VA_07 @Gram:SerEstar:Ser ADD:647 
"<toda>"
	"todo" Determiner QU lang:es 00:00:00 00:00:06 tt-2061 OM022_1963_CT_SU2011_VA_07 
"<la>"
	"el" Determiner ART Singular lang:es 00:00:00 00:00:06 tt-2062 OM022_1963_CT_SU2011_VA_07 @Gram:Det:Art ADD:324 
"<familia>"
	"familia" Noun NC Singular lang:es 00:00:00 00:00:06 tt-2063 OM022_1963_CT_SU2011_VA_07 
"<$¿>"
	"¿" Punctuation FS lang:es 00:00:00 00:00:06 tt-2064 OM022_1963_CT_SU2011_VA_07 
"<no>"
	"no" Adverb NEG lang:es 00:00:00 00:00:06 tt-2065 OM022_1963_CT_SU2011_VA_07 
"<$?>"
	"?" Punctuation FS lang:es 00:00:00 00:00:06 tt-2066 OM022_1963_CT_SU2011_VA_07 

"<y>"
	"y" Conjunction CC lang:es 00:00:00 00:00:06 tt-2067 OM022_1963_CT_SU2011_VA_07 
"<después>"
	"después" Adverb ADV lang:es 00:00:00 00:00:06 tt-2068 OM022_1963_CT_SU2011_VA_07 
"<,>"
	"," Punctuation CM lang:es 00:00:00 00:00:06 tt-2069 OM022_1963_CT_SU2011_VA_07 
"<bueno>"
	"bueno" Adjective ADJ Singular lang:es 00:00:00 00:00:06 tt-2070 OM022_1963_CT_SU2011_VA_07 
"<,>"
	"," Punctuation CM lang:es 00:00:00 00:00:06 tt-2071 OM022_1963_CT_SU2011_VA_07 
"<si>"
	"si" Conjunction CSUBX lang:es 00:00:00 00:00:06 tt-2072 OM022_1963_CT_SU2011_VA_07 
"<extiendo>"
	"UNK" Verb VLfin Pres Indi Sing 1st lang:es 00:00:00 00:00:06 tt-2073 OM022_1963_CT_SU2011_VA_07 
"<más>"
	"más" Adverb ADV lang:es 00:00:00 00:00:06 tt-2074 OM022_1963_CT_SU2011_VA_07 
"<los>"
	"el" Determiner ART Plural lang:es 00:00:06 00:00:13 tt-2075 OM022_1963_CT_SU2011_VA_07 @Gram:Det:Art ADD:324 
"<Calles>"
	"calle" Noun NC Plural lang:es 00:00:06 00:00:13 tt-2076 OM022_1963_CT_SU2011_VA_07 
"<(>"
	"(" Punctuation LP lang:es 00:00:06 00:00:13 tt-2077 OM022_1963_CT_SU2011_VA_07 
"<fonético>"
	"UNK" Noun NC Singular lang:es 00:00:06 00:00:13 tt-2078 OM022_1963_CT_SU2011_VA_07 
"<)>"
	")" Other RP lang:es 00:00:06 00:00:13 tt-2079 OM022_1963_CT_SU2011_VA_07 
"<...>"
	"..." Punctuation DOTS lang:es 00:00:06 00:00:13 tt-2080 OM022_1963_CT_SU2011_VA_07 
"<son>"
	"ser" Verb VSfin Pres Indi Plural 3rd lang:es 00:00:06 00:00:13 tt-2081 OM022_1963_CT_SU2011_VA_07 @Gram:SerEstar:Ser ADD:647 
"<...>"
	"..." Punctuation DOTS lang:es 00:00:06 00:00:13 tt-2082 OM022_1963_CT_SU2011_VA_07 
"<somos>"
	"ser" Verb VSfin Pres Indi Plural 1st lang:es 00:00:06 00:00:13 tt-2083 OM022_1963_CT_SU2011_VA_07 @Gram:SerEstar:Ser ADD:647 
"<...>"
	"..." Punctuation DOTS lang:es 00:00:06 00:00:13 tt-2084 OM022_1963_CT_SU2011_VA_07 
"<como>"
	"como" Adverb ADV lang:es 00:00:06 00:00:13 tt-2085 OM022_1963_CT_SU2011_VA_07 
"<más>"
	"más" Adverb ADV lang:es 00:00:06 00:00:13 tt-2086 OM022_1963_CT_SU2011_VA_07 
"<de>"
	"de" Preposition PREP lang:es 00:00:06 00:00:13 tt-2087 OM022_1963_CT_SU2011_VA_07 @Gram:Prep ADD:472 
"<cien>"
	"ciento" Determiner CARD Singular lang:es 00:00:06 00:00:13 tt-2088 OM022_1963_CT_SU2011_VA_07 
"<personas>"
	"persona" Noun NC Plural lang:es 00:00:06 00:00:13 tt-2089 OM022_1963_CT_SU2011_VA_07 
"<,>"
	"," Punctuation CM lang:es 00:00:06 00:00:13 tt-2090 OM022_1963_CT_SU2011_VA_07 
"<no>"
	"no" Adverb NEG lang:es 00:00:06 00:00:13 tt-2091 OM022_1963_CT_SU2011_VA_07 
"<sé>"
	"saber|ser" Verb VLfin Pres Indi Sing 1st lang:es 00:00:06 00:00:13 tt-2092 OM022_1963_CT_SU2011_VA_07 
"<,>"
	"," Punctuation CM lang:es 00:00:06 00:00:13 tt-2093 OM022_1963_CT_SU2011_VA_07 
"<somos>"
	"ser" Verb VSfin Pres Indi Plural 1st lang:es 00:00:06 00:00:13 tt-2094 OM022_1963_CT_SU2011_VA_07 @Gram:SerEstar:Ser ADD:647 
"<muchos>"
	"mucho" Determiner QU lang:es 00:00:06 00:00:13 tt-2095 OM022_1963_CT_SU2011_VA_07 
"<,>"
	"," Punctuation CM lang:es 00:00:06 00:00:13 tt-2096 OM022_1963_CT_SU2011_VA_07 
"<porque>"
	"porque" Conjunction CSUBX lang:es 00:00:13 00:00:20 tt-2097 OM022_1963_CT_SU2011_VA_07 @Prag:MarcadoresDisc:Causa ADD:879 
"<el>"
	"el" Determiner ART Singular lang:es 00:00:13 00:00:20 tt-2098 OM022_1963_CT_SU2011_VA_07 @Gram:Det:Art ADD:324 
"<abuelo>"
	"abuelo" Noun NC Singular lang:es 00:00:13 00:00:20 tt-2099 OM022_1963_CT_SU2011_VA_07 
"<Calles>"
	"calle" Noun NC Plural lang:es 00:00:13 00:00:20 tt-2100 OM022_1963_CT_SU2011_VA_07 
"<,>"
	"," Punctuation CM lang:es 00:00:13 00:00:20 tt-2101 OM022_1963_CT_SU2011_VA_07 
"<el>"
	"el" Determiner ART Singular lang:es 00:00:13 00:00:20 tt-2102 OM022_1963_CT_SU2011_VA_07 @Gram:Det:Art ADD:324 
"<andaluz>"
	"andaluz" Noun NC Singular lang:es 00:00:13 00:00:20 tt-2103 OM022_1963_CT_SU2011_VA_07 
"<,>"
	"," Punctuation CM lang:es 00:00:13 00:00:20 tt-2104 OM022_1963_CT_SU2011_VA_07 
"<ellos>"
	"él" Pronoun PPX Plural lang:es 00:00:13 00:00:20 tt-2105 OM022_1963_CT_SU2011_VA_07 @Gram:Pron:Sujeto ADD:482 
"<...>"
	"..." Punctuation DOTS lang:es 00:00:13 00:00:20 tt-2106 OM022_1963_CT_SU2011_VA_07 
"<...>"
	"..." Punctuation DOTS lang:es 00:00:13 00:00:20 tt-2108 OM022_1963_CT_SU2011_VA_07 
"<tuvo>"
	"tener" Verb VLfin Pres Indi Sing 1st lang:es 00:00:13 00:00:20 tt-2109 OM022_1963_CT_SU2011_VA_07 
"<diez>"
	"diez" Determiner CARD Singular lang:es 00:00:13 00:00:20 tt-2110 OM022_1963_CT_SU2011_VA_07 
"<hijos>"
	"hijo" Noun NC Plural lang:es 00:00:13 00:00:20 tt-2111 OM022_1963_CT_SU2011_VA_07 
"<él>"
	"él" Pronoun PPX Singular lang:es 00:00:13 00:00:20 tt-2112 OM022_1963_CT_SU2011_VA_07 @Gram:Pron:Sujeto ADD:482 
"<y>"
	"y" Conjunction CC lang:es 00:00:13 00:00:20 tt-2113 OM022_1963_CT_SU2011_VA_07 
"<cada>"
	"cada" Determiner QU lang:es 00:00:13 00:00:20 tt-2114 OM022_1963_CT_SU2011_VA_07 
"<uno>"
	"uno" Determiner CARD Singular lang:es 00:00:13 00:00:20 tt-2115 OM022_1963_CT_SU2011_VA_07 @Gram:Det:CuantIndef ADD:362 
"<de>"
	"de" Preposition PREP lang:es 00:00:13 00:00:20 tt-2116 OM022_1963_CT_SU2011_VA_07 @Gram:Prep ADD:472 
"<esos>"
	"ese" Determiner DM Plural lang:es 00:00:13 00:00:20 tt-2117 OM022_1963_CT_SU2011_VA_07 
"<diez>"
	"diez" Determiner CARD Singular lang:es 00:00:13 00:00:20 tt-2118 OM022_1963_CT_SU2011_VA_07 
"<hijos>"
	"hijo" Noun NC Plural lang:es 00:00:13 00:00:20 tt-2119 OM022_1963_CT_SU2011_VA_07 
"<,>"
	"," Punctuation CM lang:es 00:00:13 00:00:20 tt-2120 OM022_1963_CT_SU2011_VA_07 
"<tuvo>"
	"tener" Verb VLfin Pres Indi Sing 1st lang:es 00:00:24 00:00:31 tt-2121 OM022_1963_CT_SU2011_VA_07 
"<cuatro>"
	"cuatro" Determiner CARD Singular lang:es 00:00:24 00:00:31 tt-2122 OM022_1963_CT_SU2011_VA_07 
"<como>"
	"como" Adverb ADV lang:es 00:00:24 00:00:31 tt-2123 OM022_1963_CT_SU2011_VA_07 
"<mínimo>"
	"mínimo" Adverb ADV lang:es 00:00:24 00:00:31 tt-2124 OM022_1963_CT_SU2011_VA_07 
"<,>"
	"," Punctuation CM lang:es 00:00:24 00:00:31 tt-2125 OM022_1963_CT_SU2011_VA_07 
"<tres>"
	"tres" Determiner CARD Plural lang:es 00:00:24 00:00:31 tt-2126 OM022_1963_CT_SU2011_VA_07 
"<,>"
	"," Punctuation CM lang:es 00:00:24 00:00:31 tt-2127 OM022_1963_CT_SU2011_VA_07 
"<cuatro>"
	"cuatro" Determiner CARD Singular lang:es 00:00:24 00:00:31 tt-2128 OM022_1963_CT_SU2011_VA_07 
"<,>"
	"," Punctuation CM lang:es 00:00:24 00:00:31 tt-2129 OM022_1963_CT_SU2011_VA_07 
"<cinco>"
	"cinco" Determiner CARD Singular lang:es 00:00:24 00:00:31 tt-2130 OM022_1963_CT_SU2011_VA_07 
"<o>"
	"o" Conjunction CC lang:es 00:00:24 00:00:31 tt-2131 OM022_1963_CT_SU2011_VA_07 
"<hasta>"
	"hasta" Preposition PREP lang:es 00:00:24 00:00:31 tt-2132 OM022_1963_CT_SU2011_VA_07 @Gram:Prep ADD:472 
"<seis>"
	"seis" Determiner CARD Plural lang:es 00:00:24 00:00:31 tt-2133 OM022_1963_CT_SU2011_VA_07 
"<,>"
	"," Punctuation CM lang:es 00:00:24 00:00:31 tt-2134 OM022_1963_CT_SU2011_VA_07 
"<así>"
	"así" Conjunction CSUBF lang:es 00:00:24 00:00:31 tt-2135 OM022_1963_CT_SU2011_VA_07 
"<que>"
	"que" Conjunction CSUBF lang:es 00:00:24 00:00:31 tt-2136 OM022_1963_CT_SU2011_VA_07 
"<somos>"
	"ser" Verb VSfin Pres Indi Plural 1st lang:es 00:00:24 00:00:31 tt-2137 OM022_1963_CT_SU2011_VA_07 @Gram:SerEstar:Ser ADD:647 
"<como>"
	"como" Adverb ADV lang:es 00:00:24 00:00:31 tt-2138 OM022_1963_CT_SU2011_VA_07 
"<cincuenta>"
	"cincuenta" Determiner CARD Singular lang:es 00:00:24 00:00:31 tt-2139 OM022_1963_CT_SU2011_VA_07 
"<primos>"
	"primo" Noun NC Plural lang:es 00:00:24 00:00:31 tt-2140 OM022_1963_CT_SU2011_VA_07 
"<,>"
	"," Punctuation CM lang:es 00:00:24 00:00:31 tt-2141 OM022_1963_CT_SU2011_VA_07 
"<fácil>"
	"fácil" Adjective ADJ Singular lang:es 00:00:24 00:00:31 tt-2142 OM022_1963_CT_SU2011_VA_07 
"<y>"
	"y" Conjunction CC lang:es 00:00:24 00:00:31 tt-2143 OM022_1963_CT_SU2011_VA_07 
"<todos>"
	"todo" Determiner QU lang:es 00:00:24 00:00:31 tt-2144 OM022_1963_CT_SU2011_VA_07 
"<cristianos>"
	"cristiano" Adjective ADJ Plural lang:es 00:00:24 00:00:31 tt-2145 OM022_1963_CT_SU2011_VA_07 
"<,>"
	"," Punctuation CM lang:es 00:00:24 00:00:31 tt-2146 OM022_1963_CT_SU2011_VA_07 
"<todos>"
	"todo" Determiner QU lang:es 00:00:34 00:00:41 tt-2147 OM022_1963_CT_SU2011_VA_07 
"<nacidos>"
	"nacer" Verb VLadj lang:es 00:00:34 00:00:41 tt-2148 OM022_1963_CT_SU2011_VA_07 
"<y>"
	"y" Conjunction CC lang:es 00:00:34 00:00:41 tt-2149 OM022_1963_CT_SU2011_VA_07 
"<criados>"
	"criar" Verb VLadj lang:es 00:00:34 00:00:41 tt-2150 OM022_1963_CT_SU2011_VA_07 
"<en>"
	"en" Preposition PREP lang:es 00:00:34 00:00:41 tt-2151 OM022_1963_CT_SU2011_VA_07 @Gram:Prep ADD:472 
"<eh>"
	"eh" Noun NP Singular lang:es 00:00:34 00:00:41 tt-2152 OM022_1963_CT_SU2011_VA_07 
"<...>"
	"..." Punctuation DOTS lang:es 00:00:34 00:00:41 tt-2153 OM022_1963_CT_SU2011_VA_07 
"<como>"
	"como" Adverb ADV lang:es 00:00:34 00:00:41 tt-2154 OM022_1963_CT_SU2011_VA_07 
"<cristianos>"
	"cristiano" Adjective ADJ Plural lang:es 00:00:34 00:00:41 tt-2155 OM022_1963_CT_SU2011_VA_07 
"<,>"
	"," Punctuation CM lang:es 00:00:34 00:00:41 tt-2156 OM022_1963_CT_SU2011_VA_07 
"<la>"
	"el" Determiner ART Singular lang:es 00:00:34 00:00:41 tt-2157 OM022_1963_CT_SU2011_VA_07 @Gram:Det:Art ADD:324 
"<mayoría>"
	"mayoría" Noun NC Singular lang:es 00:00:34 00:00:41 tt-2158 OM022_1963_CT_SU2011_VA_07 
"<de>"
	"de" Preposition PREP lang:es 00:00:34 00:00:41 tt-2159 OM022_1963_CT_SU2011_VA_07 @Gram:Prep ADD:472 
"<ellos>"
	"él" Pronoun PPX Plural lang:es 00:00:34 00:00:41 tt-2160 OM022_1963_CT_SU2011_VA_07 @Gram:Pron:Sujeto ADD:482 
"<iba>"
	"ir" Verb VLfin Imp Indi Sing 1st_or_3rd lang:es 00:00:34 00:00:41 tt-2161 OM022_1963_CT_SU2011_VA_07 @Gram:Imperf ADD:537 
"<a>"
	"a" Preposition PREP lang:es 00:00:34 00:00:41 tt-2162 OM022_1963_CT_SU2011_VA_07 @Gram:Prep ADD:472 
"<la>"
	"el" Determiner ART Singular lang:es 00:00:34 00:00:41 tt-2163 OM022_1963_CT_SU2011_VA_07 @Gram:Det:Art ADD:324 
"<Iglesia>"
	"UNK" Noun NP Singular lang:es 00:00:34 00:00:41 tt-2164 OM022_1963_CT_SU2011_VA_07 
"<$.>"
	"." Punctuation FS lang:es 00:00:34 00:00:41 tt-2165 OM022_1963_CT_SU2011_VA_07 

"<Y>"
	"y" Conjunction CC lang:es 00:00:34 00:00:41 tt-2166 OM022_1963_CT_SU2011_VA_07 
"<tengo>"
	"tener" Verb VLfin Pres Indi Sing 1st lang:es 00:00:34 00:00:41 tt-2167 OM022_1963_CT_SU2011_VA_07 
"<...>"
	"..." Punctuation DOTS lang:es 00:00:34 00:00:41 tt-2168 OM022_1963_CT_SU2011_VA_07 
"<bueno>"
	"bueno" Adjective ADJ Singular lang:es 00:00:34 00:00:41 tt-2169 OM022_1963_CT_SU2011_VA_07 
"<,>"
	"," Punctuation CM lang:es 00:00:34 00:00:41 tt-2170 OM022_1963_CT_SU2011_VA_07 
"<los>"
	"el" Determiner ART Plural lang:es 00:00:47 00:00:54 tt-2171 OM022_1963_CT_SU2011_VA_07 @Gram:Det:Art ADD:324 
"<abuelos>"
	"abuelo" Noun NC Plural lang:es 00:00:47 00:00:54 tt-2172 OM022_1963_CT_SU2011_VA_07 
"<,>"
	"," Punctuation CM lang:es 00:00:47 00:00:54 tt-2173 OM022_1963_CT_SU2011_VA_07 
"<ya>"
	"ya" Adverb ADV lang:es 00:00:47 00:00:54 tt-2174 OM022_1963_CT_SU2011_VA_07 
"<no>"
	"no" Adverb NEG lang:es 00:00:47 00:00:54 tt-2175 OM022_1963_CT_SU2011_VA_07 
"<viven>"
	"vivir" Verb VLfin Pres Indi Plural 3rd lang:es 00:00:47 00:00:54 tt-2176 OM022_1963_CT_SU2011_VA_07 
"<más>"
	"más" Adverb ADV lang:es 00:00:47 00:00:54 tt-2177 OM022_1963_CT_SU2011_VA_07 
"<,>"
	"," Punctuation CM lang:es 00:00:47 00:00:54 tt-2178 OM022_1963_CT_SU2011_VA_07 
"<$¿>"
	"¿" Punctuation FS lang:es 00:00:47 00:00:54 tt-2179 OM022_1963_CT_SU2011_VA_07 
"<no>"
	"no" Adverb NEG lang:es 00:00:47 00:00:54 tt-2180 OM022_1963_CT_SU2011_VA_07 
"<$?>"
	"?" Punctuation FS lang:es 00:00:47 00:00:54 tt-2181 OM022_1963_CT_SU2011_VA_07 

"<el>"
	"el" Determiner ART Singular lang:es 00:00:47 00:00:54 tt-2182 OM022_1963_CT_SU2011_VA_07 @Gram:Det:Art ADD:324 
"<abuelo>"
	"abuelo" Noun NC Singular lang:es 00:00:47 00:00:54 tt-2183 OM022_1963_CT_SU2011_VA_07 
"<Francisco>"
	"Francisco" Noun NP Singular lang:es 00:00:47 00:00:54 tt-2184 OM022_1963_CT_SU2011_VA_07 
"<,>"
	"," Punctuation CM lang:es 00:00:47 00:00:54 tt-2185 OM022_1963_CT_SU2011_VA_07 
"<el>"
	"el" Determiner ART Singular lang:es 00:00:47 00:00:54 tt-2186 OM022_1963_CT_SU2011_VA_07 @Gram:Det:Art ADD:324 
"<primer>"
	"primero" Adjective ORD Singular lang:es 00:00:47 00:00:54 tt-2187 OM022_1963_CT_SU2011_VA_07 
"<Calles>"
	"calle" Noun NC Plural lang:es 00:00:47 00:00:54 tt-2188 OM022_1963_CT_SU2011_VA_07 
"<...>"
	"..." Punctuation DOTS lang:es 00:00:47 00:00:54 tt-2189 OM022_1963_CT_SU2011_VA_07 
"<él>"
	"él" Pronoun PPX Singular lang:es 00:00:47 00:00:54 tt-2190 OM022_1963_CT_SU2011_VA_07 @Gram:Pron:Sujeto ADD:482 
"<fue>"
	"ir" Verb VLfin Pret Indi Sing 3rd lang:es 00:00:47 00:00:54 tt-2191 OM022_1963_CT_SU2011_VA_07 @Gram:Indefinido ADD:546 
"<el>"
	"el" Determiner ART Singular lang:es 00:00:47 00:00:54 tt-2192 OM022_1963_CT_SU2011_VA_07 @Gram:Det:Art ADD:324 
"<primero>"
	"primero" Noun NC Singular lang:es 00:00:54 00:01:01 tt-2193 OM022_1963_CT_SU2011_VA_07 
"<que>"
	"que" Conjunction CQUE lang:es 00:00:54 00:01:01 tt-2194 OM022_1963_CT_SU2011_VA_07 
"<se>"
	"se" Other SE lang:es 00:00:54 00:01:01 tt-2195 OM022_1963_CT_SU2011_VA_07 
"<convirtió>"
	"convertir" Verb VLfin Pret Indi Sing 3rd lang:es 00:00:54 00:01:01 tt-2196 OM022_1963_CT_SU2011_VA_07 @Gram:Indefinido ADD:546 
"<,>"
	"," Punctuation CM lang:es 00:00:54 00:01:01 tt-2197 OM022_1963_CT_SU2011_VA_07 
"<porque>"
	"porque" Conjunction CSUBX lang:es 00:00:54 00:01:01 tt-2198 OM022_1963_CT_SU2011_VA_07 @Prag:MarcadoresDisc:Causa ADD:879 
"<los>"
	"el" Determiner ART Plural lang:es 00:00:54 00:01:01 tt-2199 OM022_1963_CT_SU2011_VA_07 @Gram:Det:Art ADD:324 
"<Calle>"
	"calle" Noun NC Singular lang:es 00:00:54 00:01:01 tt-2200 OM022_1963_CT_SU2011_VA_07 
"<eran>"
	"ser" Verb VSfin Imp Indi Plural 3rd lang:es 00:00:54 00:01:01 tt-2201 OM022_1963_CT_SU2011_VA_07 @Gram:SerEstar:Ser SUBSTITUTE:276 ADD:647 
"<todos>"
	"todo" Determiner QU lang:es 00:00:54 00:01:01 tt-2202 OM022_1963_CT_SU2011_VA_07 
"<...>"
	"..." Punctuation DOTS lang:es 00:00:54 00:01:01 tt-2203 OM022_1963_CT_SU2011_VA_07 
"<eran>"
	"ser" Verb VSfin Imp Indi Plural 3rd lang:es 00:00:54 00:01:01 tt-2204 OM022_1963_CT_SU2011_VA_07 @Gram:SerEstar:Ser SUBSTITUTE:276 ADD:647 
"<ateos>"
	"UNK" Noun NC Plural lang:es 00:00:54 00:01:01 tt-2205 OM022_1963_CT_SU2011_VA_07 
"<,>"
	"," Punctuation CM lang:es 00:00:54 00:01:01 tt-2206 OM022_1963_CT_SU2011_VA_07 
"<los>"
	"el" Determiner ART Plural lang:es 00:00:54 00:01:01 tt-2207 OM022_1963_CT_SU2011_VA_07 @Gram:Det:Art ADD:324 
"<bisabuelos>"
	"bisabuelo" Noun NC Plural lang:es 00:00:54 00:01:01 tt-2208 OM022_1963_CT_SU2011_VA_07 
"<míos>"
	"mío" Pronoun PPO Plural lang:es 00:00:54 00:01:01 tt-2209 OM022_1963_CT_SU2011_VA_07 
"<,>"
	"," Punctuation CM lang:es 00:00:54 00:01:01 tt-2210 OM022_1963_CT_SU2011_VA_07 
"<esos>"
	"ese" Determiner DM Plural lang:es 00:01:03 00:01:10 tt-2211 OM022_1963_CT_SU2011_VA_07 
"<eran>"
	"ser" Verb VSfin Imp Indi Plural 3rd lang:es 00:01:03 00:01:10 tt-2212 OM022_1963_CT_SU2011_VA_07 @Gram:SerEstar:Ser SUBSTITUTE:276 ADD:647 
"<ateos>"
	"UNK" Noun NC Plural lang:es 00:01:03 00:01:10 tt-2213 OM022_1963_CT_SU2011_VA_07 
"<,>"
	"," Punctuation CM lang:es 00:01:03 00:01:10 tt-2214 OM022_1963_CT_SU2011_VA_07 
"<esos>"
	"ese" Determiner DM Plural lang:es 00:01:03 00:01:10 tt-2215 OM022_1963_CT_SU2011_VA_07 
"<españoles>"
	"españolar" Verb VLfin Pres Subj Sing 2nd lang:es 00:01:03 00:01:10 tt-2216 OM022_1963_CT_SU2011_VA_07 @Gram:MSub:Pres ADD:616 
"<y>"
	"y" Conjunction CC lang:es 00:01:03 00:01:10 tt-2217 OM022_1963_CT_SU2011_VA_07 
"<tenían>"
	"tener" Verb VLfin Imp Indi Plural 3rd lang:es 00:01:03 00:01:10 tt-2218 OM022_1963_CT_SU2011_VA_07 @Gram:Imperf ADD:537 
"<siete>"
	"siete" Determiner CARD Singular lang:es 00:01:03 00:01:10 tt-2219 OM022_1963_CT_SU2011_VA_07 
"<hijos>"
	"hijo" Noun NC Plural lang:es 00:01:03 00:01:10 tt-2220 OM022_1963_CT_SU2011_VA_07 
"<,>"
	"," Punctuation CM lang:es 00:01:03 00:01:10 tt-2221 OM022_1963_CT_SU2011_VA_07 
"<el>"
	"el" Determiner ART Singular lang:es 00:01:03 00:01:10 tt-2222 OM022_1963_CT_SU2011_VA_07 @Gram:Det:Art ADD:324 
"<del>"
	"del" Preposition PDEL lang:es 00:01:03 00:01:10 tt-2223 OM022_1963_CT_SU2011_VA_07 @Gram:Prep ADD:472 
"<medio>"
	"medio" Noun NC Singular lang:es 00:01:03 00:01:10 tt-2224 OM022_1963_CT_SU2011_VA_07 
"<era>"
	"ser" Verb VEfin Imp Indi Sing 1st_or_3rd lang:es 00:01:03 00:01:10 tt-2225 OM022_1963_CT_SU2011_VA_07 @Gram:Imperf @Gram:SerEstar:Ser ADD:537 ADD:647 
"<mi>"
	"mío" Pronoun PPO Singular lang:es 00:01:03 00:01:10 tt-2226 OM022_1963_CT_SU2011_VA_07 @Gram:Det:Pos ADD:350 
"<abuelo>"
	"abuelo" Noun NC Singular lang:es 00:01:03 00:01:10 tt-2227 OM022_1963_CT_SU2011_VA_07 
"<,>"
	"," Punctuation CM lang:es 00:01:03 00:01:10 tt-2228 OM022_1963_CT_SU2011_VA_07 
"<el>"
	"el" Determiner ART Singular lang:es 00:01:03 00:01:10 tt-2229 OM022_1963_CT_SU2011_VA_07 @Gram:Det:Art ADD:324 
"<hijo>"
	"hijo" Noun NC Singular lang:es 00:01:03 00:01:10 tt-2230 OM022_1963_CT_SU2011_VA_07 
"<del>"
	"del" Preposition PDEL lang:es 00:01:11 00:01:17 tt-2231 OM022_1963_CT_SU2011_VA_07 @Gram:Prep ADD:472 
"<medio>"
	"medio" Noun NC Singular lang:es 00:01:11 00:01:17 tt-2232 OM022_1963_CT_SU2011_VA_07 
"<eh>"
	"eh" Noun NP Singular lang:es 00:01:11 00:01:17 tt-2233 OM022_1963_CT_SU2011_VA_07 
"<...>"
	"..." Punctuation DOTS lang:es 00:01:11 00:01:17 tt-2234 OM022_1963_CT_SU2011_VA_07 
"<y>"
	"y" Conjunction CC lang:es 00:01:11 00:01:17 tt-2235 OM022_1963_CT_SU2011_VA_07 
"<fue>"
	"ir" Verb VLfin Pret Indi Sing 3rd lang:es 00:01:11 00:01:17 tt-2236 OM022_1963_CT_SU2011_VA_07 @Gram:Indefinido ADD:546 
"<el>"
	"el" Determiner ART Singular lang:es 00:01:11 00:01:17 tt-2237 OM022_1963_CT_SU2011_VA_07 @Gram:Det:Art ADD:324 
"<único>"
	"único" Adjective ADJ Singular lang:es 00:01:11 00:01:17 tt-2238 OM022_1963_CT_SU2011_VA_07 
"<que>"
	"que" Conjunction CQUE lang:es 00:01:11 00:01:17 tt-2239 OM022_1963_CT_SU2011_VA_07 
"<se>"
	"se" Other SE lang:es 00:01:11 00:01:17 tt-2240 OM022_1963_CT_SU2011_VA_07 
"<convirtió>"
	"convertir" Verb VLfin Pret Indi Sing 3rd lang:es 00:01:11 00:01:17 tt-2241 OM022_1963_CT_SU2011_VA_07 @Gram:Indefinido ADD:546 
"<$.>"
	"." Punctuation FS lang:es 00:01:11 00:01:17 tt-2242 OM022_1963_CT_SU2011_VA_07 

"<Los>"
	"el" Determiner ART Plural lang:es 00:01:11 00:01:17 tt-2243 OM022_1963_CT_SU2011_VA_07 @Gram:Det:Art ADD:324 
"<otros>"
	"otro" Determiner QU lang:es 00:01:11 00:01:17 tt-2244 OM022_1963_CT_SU2011_VA_07 
"<no>"
	"no" Adverb NEG lang:es 00:01:11 00:01:17 tt-2245 OM022_1963_CT_SU2011_VA_07 
"<se>"
	"se" Other SE lang:es 00:01:11 00:01:17 tt-2246 OM022_1963_CT_SU2011_VA_07 
"<convirtieron>"
	"convertir" Verb VLfin Pret Indi Plural 3rd lang:es 00:01:11 00:01:17 tt-2247 OM022_1963_CT_SU2011_VA_07 @Gram:Indefinido ADD:546 
"<ninguno>"
	"ninguno" Determiner QU lang:es 00:01:11 00:01:17 tt-2248 OM022_1963_CT_SU2011_VA_07 
"<y>"
	"y" Conjunction CC lang:es 00:01:11 00:01:17 tt-2249 OM022_1963_CT_SU2011_VA_07 
"<,>"
	"," Punctuation CM lang:es 00:01:11 00:01:17 tt-2250 OM022_1963_CT_SU2011_VA_07 
"<por>"
	"por" Preposition PREP Conjunction CSUBF lang:es 00:01:11 00:01:17 tt-2251 OM022_1963_CT_SU2011_VA_07 @Gram:Prep:Por ID:197 R:Prag:MarcadoresDisc:Causa:199 SUBSTITUTE:234 ADD:460 ADDRELATION(Prag:MarcadoresDisc:Causa):884 
"<lo>"
	"lo" Conjunction CSUBF lang:es 00:01:17 00:01:24 tt-2252 OM022_1963_CT_SU2011_VA_07 
"<tanto>"
	"tanto" Conjunction CSUBF lang:es 00:01:17 00:01:24 tt-2253 OM022_1963_CT_SU2011_VA_07 ID:199 
"<,>"
	"," Punctuation CM lang:es 00:01:17 00:01:24 tt-2254 OM022_1963_CT_SU2011_VA_07 
"<ninguno>"
	"ninguno" Determiner QU lang:es 00:01:17 00:01:24 tt-2255 OM022_1963_CT_SU2011_VA_07 
"<tuvo>"
	"tener" Verb VLfin Pres Indi Sing 1st lang:es 00:01:17 00:01:24 tt-2256 OM022_1963_CT_SU2011_VA_07 
"<hijos>"
	"hijo" Noun NC Plural lang:es 00:01:17 00:01:24 tt-2257 OM022_1963_CT_SU2011_VA_07 
"<,>"
	"," Punctuation CM lang:es 00:01:17 00:01:24 tt-2258 OM022_1963_CT_SU2011_VA_07 
"<eran>"
	"ser" Verb VSfin Imp Indi Plural 3rd lang:es 00:01:17 00:01:24 tt-2259 OM022_1963_CT_SU2011_VA_07 @Gram:SerEstar:Ser SUBSTITUTE:276 ADD:647 
"<todos>"
	"todo" Determiner QU lang:es 00:01:17 00:01:24 tt-2260 OM022_1963_CT_SU2011_VA_07 
"<estériles>"
	"estéril" Adjective ADJ Plural lang:es 00:01:17 00:01:24 tt-2261 OM022_1963_CT_SU2011_VA_07 
"<,>"
	"," Punctuation CM lang:es 00:01:17 00:01:24 tt-2262 OM022_1963_CT_SU2011_VA_07 
"<el>"
	"el" Determiner ART Singular lang:es 00:01:17 00:01:24 tt-2263 OM022_1963_CT_SU2011_VA_07 @Gram:Det:Art ADD:324 
"<único>"
	"único" Adjective ADJ Singular lang:es 00:01:17 00:01:24 tt-2264 OM022_1963_CT_SU2011_VA_07 
"<que>"
	"que" Conjunction CQUE lang:es 00:01:17 00:01:24 tt-2265 OM022_1963_CT_SU2011_VA_07 
"<pudo>"
	"poder" Verb VMfin lang:es 00:01:17 00:01:24 tt-2266 OM022_1963_CT_SU2011_VA_07 
"<tener>"
	"tener" Verb VLinf Infinitive lang:es 00:01:17 00:01:24 tt-2267 OM022_1963_CT_SU2011_VA_07 SUBSTITUTE:292 
"<hijos>"
	"hijo" Noun NC Plural lang:es 00:01:17 00:01:24 tt-2268 OM022_1963_CT_SU2011_VA_07 
"<fue>"
	"ser" Verb VSfin Pret Indi Sing 3rd lang:es 00:01:17 00:01:24 tt-2269 OM022_1963_CT_SU2011_VA_07 @Gram:SerEstar:Ser ADD:647 
"<él>"
	"él" Pronoun PPX Singular lang:es 00:01:17 00:01:24 tt-2270 OM022_1963_CT_SU2011_VA_07 @Gram:Pron:Sujeto ADD:482 
"<,>"
	"," Punctuation CM lang:es 00:01:17 00:01:24 tt-2271 OM022_1963_CT_SU2011_VA_07 
"<el>"
	"el" Determiner ART Singular lang:es 00:01:17 00:01:24 tt-2272 OM022_1963_CT_SU2011_VA_07 @Gram:Det:Art ADD:324 
"<cristiano>"
	"cristiano" Adjective ADJ Singular lang:es 00:01:24 00:01:29 tt-2273 OM022_1963_CT_SU2011_VA_07 
"<,>"
	"," Punctuation CM lang:es 00:01:24 00:01:29 tt-2274 OM022_1963_CT_SU2011_VA_07 
"<el>"
	"el" Determiner ART Singular lang:es 00:01:24 00:01:29 tt-2275 OM022_1963_CT_SU2011_VA_07 @Gram:Det:Art ADD:324 
"<que>"
	"que" Conjunction CQUE lang:es 00:01:24 00:01:29 tt-2276 OM022_1963_CT_SU2011_VA_07 
"<se>"
	"se" Other SE lang:es 00:01:24 00:01:29 tt-2277 OM022_1963_CT_SU2011_VA_07 
"<convirtió>"
	"convertir" Verb VLfin Pret Indi Sing 3rd lang:es 00:01:24 00:01:29 tt-2278 OM022_1963_CT_SU2011_VA_07 @Gram:Indefinido ADD:546 
"<...>"
	"..." Punctuation DOTS lang:es 00:01:24 00:01:29 tt-2279 OM022_1963_CT_SU2011_VA_07 
"<es>"
	"ser" Verb VSfin Pres Indi Sing 3rd lang:es 00:01:24 00:01:29 tt-2280 OM022_1963_CT_SU2011_VA_07 @Gram:SerEstar:Ser ADD:647 
"<el>"
	"el" Determiner ART Singular lang:es 00:01:24 00:01:29 tt-2281 OM022_1963_CT_SU2011_VA_07 @Gram:Det:Art ADD:324 
"<único>"
	"único" Adjective ADJ Singular lang:es 00:01:24 00:01:29 tt-2282 OM022_1963_CT_SU2011_VA_07 
"<que>"
	"que" Conjunction CQUE lang:es 00:01:24 00:01:29 tt-2283 OM022_1963_CT_SU2011_VA_07 
"<tuvo>"
	"tener" Verb VLfin Pres Indi Sing 1st lang:es 00:01:24 00:01:29 tt-2284 OM022_1963_CT_SU2011_VA_07 
"<diez>"
	"diez" Determiner CARD Singular lang:es 00:01:24 00:01:29 tt-2285 OM022_1963_CT_SU2011_VA_07 
"<hijos>"
	"hijo" Noun NC Plural lang:es 00:01:24 00:01:29 tt-2286 OM022_1963_CT_SU2011_VA_07 
"<$.>"
	"." Punctuation FS lang:es 00:01:24 00:01:29 tt-2287 OM022_1963_CT_SU2011_VA_07 

"<Los>"
	"el" Determiner ART Plural lang:es 00:01:24 00:01:29 tt-2288 OM022_1963_CT_SU2011_VA_07 @Gram:Det:Art ADD:324 
"<que>"
	"que" Conjunction CQUE lang:es 00:01:24 00:01:29 tt-2289 OM022_1963_CT_SU2011_VA_07 
"<no>"
	"no" Adverb NEG lang:es 00:01:24 00:01:29 tt-2290 OM022_1963_CT_SU2011_VA_07 
"<pudieron>"
	"poder" Verb VLfin Pret Indi Plural 3rd lang:es 00:01:24 00:01:29 tt-2291 OM022_1963_CT_SU2011_VA_07 @Gram:Indefinido ADD:546 
"<tener>"
	"tener" Verb VLinf Infinitive lang:es 00:01:24 00:01:29 tt-2292 OM022_1963_CT_SU2011_VA_07 SUBSTITUTE:292 
"<los>"
	"el" Determiner ART Plural lang:es 00:01:29 00:01:34 tt-2293 OM022_1963_CT_SU2011_VA_07 @Gram:Det:Art ADD:324 
"<demás>"
	"demás" Determiner QU lang:es 00:01:29 00:01:34 tt-2294 OM022_1963_CT_SU2011_VA_07 
"<,>"
	"," Punctuation CM lang:es 00:01:29 00:01:34 tt-2295 OM022_1963_CT_SU2011_VA_07 
"<los>"
	"él" Pronoun PPC Plural lang:es 00:01:29 00:01:34 tt-2296 OM022_1963_CT_SU2011_VA_07 @Gram:Pron:Objeto ADD:512 
"<tuvo>"
	"tener" Verb VLfin Pres Indi Sing 1st lang:es 00:01:29 00:01:34 tt-2297 OM022_1963_CT_SU2011_VA_07 
"<él>"
	"él" Pronoun PPX Singular lang:es 00:01:29 00:01:34 tt-2298 OM022_1963_CT_SU2011_VA_07 @Gram:Pron:Sujeto ADD:482 
"<y>"
	"y" Conjunction CC lang:es 00:01:29 00:01:34 tt-2299 OM022_1963_CT_SU2011_VA_07 
"<ahí>"
	"ahí" Adverb ADV lang:es 00:01:29 00:01:34 tt-2300 OM022_1963_CT_SU2011_VA_07 
"<nacieron>"
	"nacer" Verb VLfin Pret Indi Plural 3rd lang:es 00:01:29 00:01:34 tt-2301 OM022_1963_CT_SU2011_VA_07 @Gram:Indefinido ADD:546 
"<diez>"
	"diez" Determiner CARD Singular lang:es 00:01:29 00:01:34 tt-2302 OM022_1963_CT_SU2011_VA_07 
"<cristianos>"
	"cristiano" Adjective ADJ Plural lang:es 00:01:29 00:01:34 tt-2303 OM022_1963_CT_SU2011_VA_07 
"<,>"
	"," Punctuation CM lang:es 00:01:29 00:01:34 tt-2304 OM022_1963_CT_SU2011_VA_07 
"<también>"
	"también" Adverb ADV lang:es 00:01:29 00:01:34 tt-2305 OM022_1963_CT_SU2011_VA_07 @Prag:MarcadoresDisc:Igualdad ADD:910 
"<que>"
	"que" Conjunction CQUE lang:es 00:01:29 00:01:34 tt-2306 OM022_1963_CT_SU2011_VA_07 
"<,>"
	"," Punctuation CM lang:es 00:01:29 00:01:34 tt-2307 OM022_1963_CT_SU2011_VA_07 
"<a>"
	"a" Preposition PREP lang:es 00:01:29 00:01:34 tt-2308 OM022_1963_CT_SU2011_VA_07 @Gram:Prep ADD:472 
"<su>"
	"suyo" Pronoun PPO Singular lang:es 00:01:29 00:01:34 tt-2309 OM022_1963_CT_SU2011_VA_07 @Gram:Det:Pos ADD:350 
"<vez>"
	"vez" Noun NC Singular lang:es 00:01:29 00:01:34 tt-2310 OM022_1963_CT_SU2011_VA_07 
"<,>"
	"," Punctuation CM lang:es 00:01:29 00:01:34 tt-2311 OM022_1963_CT_SU2011_VA_07 
"<salieron>"
	"salir" Verb VLfin Pret Indi Plural 3rd lang:es 00:01:29 00:01:34 tt-2312 OM022_1963_CT_SU2011_VA_07 @Gram:Indefinido ADD:546 
"<más>"
	"más" Adverb ADV lang:es 00:01:34 00:01:39 tt-2313 OM022_1963_CT_SU2011_VA_07 
"<cristianos>"
	"cristiano" Adjective ADJ Plural lang:es 00:01:34 00:01:39 tt-2314 OM022_1963_CT_SU2011_VA_07 
"<y>"
	"y" Conjunction CC lang:es 00:01:34 00:01:39 tt-2315 OM022_1963_CT_SU2011_VA_07 
"<,>"
	"," Punctuation CM lang:es 00:01:34 00:01:39 tt-2316 OM022_1963_CT_SU2011_VA_07 
"<a>"
	"a" Preposition PREP lang:es 00:01:34 00:01:39 tt-2317 OM022_1963_CT_SU2011_VA_07 @Gram:Prep ADD:472 
"<su>"
	"suyo" Pronoun PPO Singular lang:es 00:01:34 00:01:39 tt-2318 OM022_1963_CT_SU2011_VA_07 @Gram:Det:Pos ADD:350 
"<vez>"
	"vez" Noun NC Singular lang:es 00:01:34 00:01:39 tt-2319 OM022_1963_CT_SU2011_VA_07 
"<,>"
	"," Punctuation CM lang:es 00:01:34 00:01:39 tt-2320 OM022_1963_CT_SU2011_VA_07 
"<hay>"
	"haber" Verb VHfin Pres Indi Sing 3rd lang:es 00:01:34 00:01:39 tt-2321 OM022_1963_CT_SU2011_VA_07 @Gram:Haber:Exist ADD:663 
"<más>"
	"más" Adverb ADV lang:es 00:01:34 00:01:39 tt-2322 OM022_1963_CT_SU2011_VA_07 
"<cristianos>"
	"cristiano" Adjective ADJ Plural lang:es 00:01:34 00:01:39 tt-2323 OM022_1963_CT_SU2011_VA_07 
"<...>"
	"..." Punctuation DOTS lang:es 00:01:34 00:01:39 tt-2324 OM022_1963_CT_SU2011_VA_07 
"<bueno>"
	"bueno" Adjective ADJ Singular lang:es 00:01:34 00:01:39 tt-2325 OM022_1963_CT_SU2011_VA_07 
"<,>"
	"," Punctuation CM lang:es 00:01:34 00:01:39 tt-2326 OM022_1963_CT_SU2011_VA_07 
"<eso>"
	"ese" Determiner DM Singular lang:es 00:01:34 00:01:39 tt-2327 OM022_1963_CT_SU2011_VA_07 
"<todo>"
	"todo" Determiner QU lang:es 00:01:34 00:01:39 tt-2328 OM022_1963_CT_SU2011_VA_07 
"<es>"
	"ser" Verb VSfin Pres Indi Sing 3rd lang:es 00:01:34 00:01:39 tt-2329 OM022_1963_CT_SU2011_VA_07 @Gram:SerEstar:Ser ADD:647 
"<lo>"
	"el" Determiner ART Singular lang:es 00:01:34 00:01:39 tt-2330 OM022_1963_CT_SU2011_VA_07 
"<que>"
	"que" Conjunction CQUE lang:es 00:01:34 00:01:39 tt-2331 OM022_1963_CT_SU2011_VA_07 
"<Dios>"
	"dios" Noun NC Plural lang:es 00:01:34 00:01:39 tt-2332 OM022_1963_CT_SU2011_VA_07 
"<necesita>"
	"necesitar" Verb VLfin Pres Indi Sing 3rd lang:es 00:01:34 00:01:39 tt-2333 OM022_1963_CT_SU2011_VA_07 
"<empezar>"
	"empezar" Verb VLinf Infinitive lang:es 00:01:39 00:01:46 tt-2334 OM022_1963_CT_SU2011_VA_07 ID:280 R:Vocab:Fraseol:VerbPrep:281 SUBSTITUTE:292 ADDRELATION(Vocab:Fraseol:VerbPrep):987 
"<con>"
	"con" Preposition PREP lang:es 00:01:39 00:01:46 tt-2335 OM022_1963_CT_SU2011_VA_07 @Gram:Prep ID:281 ADD:472 
"<uno>"
	"uno" Determiner CARD Singular lang:es 00:01:39 00:01:46 tt-2336 OM022_1963_CT_SU2011_VA_07 
"<y>"
	"y" Conjunction CC lang:es 00:01:39 00:01:46 tt-2337 OM022_1963_CT_SU2011_VA_07 
"<,>"
	"," Punctuation CM lang:es 00:01:39 00:01:46 tt-2338 OM022_1963_CT_SU2011_VA_07 
"<atrás>"
	"atrás" Adverb ADV lang:es 00:01:39 00:01:46 tt-2339 OM022_1963_CT_SU2011_VA_07 
"<de>"
	"de" Preposition PREP lang:es 00:01:39 00:01:46 tt-2340 OM022_1963_CT_SU2011_VA_07 @Gram:Prep ADD:472 
"<ese>"
	"ese" Determiner DM Singular lang:es 00:01:39 00:01:46 tt-2341 OM022_1963_CT_SU2011_VA_07 
"<,>"
	"," Punctuation CM lang:es 00:01:39 00:01:46 tt-2342 OM022_1963_CT_SU2011_VA_07 
"<uno>"
	"uno" Determiner CARD Singular lang:es 00:01:39 00:01:46 tt-2343 OM022_1963_CT_SU2011_VA_07 @Gram:Pron:Sujeto ADD:490 
"<vaya>"
	"ir" Verb VLfin Pres Subj Sing 1st_or_3rd lang:es 00:01:39 00:01:46 tt-2344 OM022_1963_CT_SU2011_VA_07 @Gram:MSub:Pres ADD:616 
"<a>"
	"a" Adverb ADV lang:es 00:01:39 00:01:46 tt-2345 OM022_1963_CT_SU2011_VA_07 
"<saber>"
	"saber" Adverb ADV lang:es 00:01:39 00:01:46 tt-2346 OM022_1963_CT_SU2011_VA_07 
"<hasta>"
	"hasta" Preposition PREP lang:es 00:01:39 00:01:46 tt-2347 OM022_1963_CT_SU2011_VA_07 @Gram:Prep ADD:472 
"<dónde>"
	"dónde" Adverb ADV lang:es 00:01:39 00:01:46 tt-2348 OM022_1963_CT_SU2011_VA_07 
"<llega>"
	"llegar" Verb VLfin Pres Indi Sing 3rd lang:es 00:01:39 00:01:46 tt-2349 OM022_1963_CT_SU2011_VA_07 
"<$.>"
	"." Punctuation FS lang:es 00:01:39 00:01:46 tt-2350 OM022_1963_CT_SU2011_VA_07 

"<Así>"
	"así" Conjunction CSUBX lang:es 00:01:39 00:01:46 tt-2351 OM022_1963_CT_SU2011_VA_07 
"<es>"
	"ser" Verb VSfin Pres Indi Sing 3rd lang:es 00:01:39 00:01:46 tt-2352 OM022_1963_CT_SU2011_VA_07 @Gram:SerEstar:Ser ADD:647 
"<ilimitado>"
	"ilimitado" Adjective ADJ Singular lang:es 00:01:39 00:01:46 tt-2353 OM022_1963_CT_SU2011_VA_07 
"<$.>"
	"." Punctuation FS lang:es 00:01:39 00:01:46 tt-2354 OM022_1963_CT_SU2011_VA_07 

"<Eh>"
	"eh" Noun NP Singular lang:es 00:01:47 00:01:54 tt-2355 OM022_1963_CT_SU2011_VA_07 
"<...>"
	"..." Punctuation DOTS lang:es 00:01:47 00:01:54 tt-2356 OM022_1963_CT_SU2011_VA_07 
"<claro>"
	"claro" Adjective ADJ Singular lang:es 00:01:47 00:01:54 tt-2357 OM022_1963_CT_SU2011_VA_07 
"<,>"
	"," Punctuation CM lang:es 00:01:47 00:01:54 tt-2358 OM022_1963_CT_SU2011_VA_07 
"<cuando>"
	"cuando" Conjunction CSUBX lang:es 00:01:47 00:01:54 tt-2359 OM022_1963_CT_SU2011_VA_07 
"<llegaron>"
	"llegar" Verb VLfin Pret Indi Plural 3rd lang:es 00:01:47 00:01:54 tt-2360 OM022_1963_CT_SU2011_VA_07 @Gram:Indefinido ADD:546 
"<estos>"
	"este" Determiner DM Plural lang:es 00:01:47 00:01:54 tt-2361 OM022_1963_CT_SU2011_VA_07 
"<...>"
	"..." Punctuation DOTS lang:es 00:01:47 00:01:54 tt-2362 OM022_1963_CT_SU2011_VA_07 
"<estos>"
	"este" Determiner DM Plural lang:es 00:01:47 00:01:54 tt-2363 OM022_1963_CT_SU2011_VA_07 
"<españoles>"
	"español" Adjective ADJ Plural lang:es 00:01:47 00:01:54 tt-2364 OM022_1963_CT_SU2011_VA_07 
"<inmigrantes>"
	"inmigrante" Noun NC Plural lang:es 00:01:47 00:01:54 tt-2365 OM022_1963_CT_SU2011_VA_07 
"<a>"
	"a" Preposition PREP lang:es 00:01:47 00:01:54 tt-2366 OM022_1963_CT_SU2011_VA_07 @Gram:Prep ADD:472 
"<Buenos>"
	"UNK" Noun NC Plural lang:es 00:01:47 00:01:54 tt-2367 OM022_1963_CT_SU2011_VA_07 
"<Aires>"
	"Aires" Noun NP Plural lang:es 00:01:47 00:01:54 tt-2368 OM022_1963_CT_SU2011_VA_07 
"<,>"
	"," Punctuation CM lang:es 00:01:47 00:01:54 tt-2369 OM022_1963_CT_SU2011_VA_07 
"<eh>"
	"eh" Noun NP Singular lang:es 00:01:47 00:01:54 tt-2370 OM022_1963_CT_SU2011_VA_07 
"<...>"
	"..." Punctuation DOTS lang:es 00:01:47 00:01:54 tt-2371 OM022_1963_CT_SU2011_VA_07 
"<ellos>"
	"él" Pronoun PPX Plural lang:es 00:01:47 00:01:54 tt-2372 OM022_1963_CT_SU2011_VA_07 @Gram:Pron:Sujeto ADD:482 
"<se>"
	"se" Other SE lang:es 00:01:57 00:02:04 tt-2373 OM022_1963_CT_SU2011_VA_07 
"<fueron>"
	"ir" Verb VLfin Pret Indi Plural 3rd lang:es 00:01:57 00:02:04 tt-2374 OM022_1963_CT_SU2011_VA_07 @Gram:Indefinido SUBSTITUTE:262 ADD:546 
"<al>"
	"al" Preposition PAL lang:es 00:01:57 00:02:04 tt-2375 OM022_1963_CT_SU2011_VA_07 @Gram:Prep ADD:472 
"<campo>"
	"campo" Noun NC Singular lang:es 00:01:57 00:02:04 tt-2376 OM022_1963_CT_SU2011_VA_07 
"<de>"
	"de" Preposition PREP lang:es 00:01:57 00:02:04 tt-2377 OM022_1963_CT_SU2011_VA_07 @Gram:Prep ADD:472 
"<la>"
	"el" Determiner ART Singular lang:es 00:01:57 00:02:04 tt-2378 OM022_1963_CT_SU2011_VA_07 @Gram:Det:Art ADD:324 
"<provincia>"
	"provincia" Noun NC Singular lang:es 00:01:57 00:02:04 tt-2379 OM022_1963_CT_SU2011_VA_07 
"<de>"
	"de" Preposition PREP lang:es 00:01:57 00:02:04 tt-2380 OM022_1963_CT_SU2011_VA_07 @Gram:Prep ADD:472 
"<Buenos>"
	"UNK" Noun NC Plural lang:es 00:01:57 00:02:04 tt-2381 OM022_1963_CT_SU2011_VA_07 
"<Aires>"
	"Aires" Noun NP Plural lang:es 00:01:57 00:02:04 tt-2382 OM022_1963_CT_SU2011_VA_07 
"<y>"
	"y" Conjunction CC lang:es 00:01:57 00:02:04 tt-2383 OM022_1963_CT_SU2011_VA_07 
"<...>"
	"..." Punctuation DOTS lang:es 00:01:57 00:02:04 tt-2384 OM022_1963_CT_SU2011_VA_07 
"<y>"
	"y" Conjunction CC lang:es 00:01:57 00:02:04 tt-2385 OM022_1963_CT_SU2011_VA_07 
"<tenían>"
	"tener" Verb VLfin Imp Indi Plural 3rd lang:es 00:01:57 00:02:04 tt-2386 OM022_1963_CT_SU2011_VA_07 @Gram:Imperf ADD:537 
"<,>"
	"," Punctuation CM lang:es 00:01:57 00:02:04 tt-2387 OM022_1963_CT_SU2011_VA_07 
"<la>"
	"el" Determiner ART Singular lang:es 00:01:57 00:02:04 tt-2388 OM022_1963_CT_SU2011_VA_07 @Gram:Det:Art ADD:324 
"<historia>"
	"historia" Noun NC Singular lang:es 00:01:57 00:02:04 tt-2389 OM022_1963_CT_SU2011_VA_07 
"<es>"
	"ser" Verb VSfin Pres Indi Sing 3rd lang:es 00:01:57 00:02:04 tt-2390 OM022_1963_CT_SU2011_VA_07 @Gram:SerEstar:Ser ADD:647 
"<,>"
	"," Punctuation CM lang:es 00:01:57 00:02:04 tt-2391 OM022_1963_CT_SU2011_VA_07 
"<que>"
	"que" Conjunction CQUE lang:es 00:01:57 00:02:04 tt-2392 OM022_1963_CT_SU2011_VA_07 
"<tenían>"
	"tener" Verb VLfin Imp Indi Plural 3rd lang:es 00:01:57 00:02:04 tt-2393 OM022_1963_CT_SU2011_VA_07 @Gram:Imperf ADD:537 
"<a>"
	"a" Preposition PREP lang:es 00:02:07 00:02:12 tt-2394 OM022_1963_CT_SU2011_VA_07 @Gram:Prep ADD:472 
"<uno>"
	"uno" Determiner CARD Singular lang:es 00:02:07 00:02:12 tt-2395 OM022_1963_CT_SU2011_VA_07 @Gram:Det:CuantIndef ADD:362 
"<de>"
	"de" Preposition PREP lang:es 00:02:07 00:02:12 tt-2396 OM022_1963_CT_SU2011_VA_07 @Gram:Prep ADD:472 
"<sus>"
	"suyo" Pronoun PPO Plural lang:es 00:02:07 00:02:12 tt-2397 OM022_1963_CT_SU2011_VA_07 @Gram:Det:Pos ADD:351 
"<hermanos>"
	"hermano" Noun NC Plural lang:es 00:02:07 00:02:12 tt-2398 OM022_1963_CT_SU2011_VA_07 
"<que>"
	"que" Conjunction CQUE lang:es 00:02:07 00:02:12 tt-2399 OM022_1963_CT_SU2011_VA_07 
"<tenía>"
	"tener" Verb VLfin Imp Indi Sing 1st_or_3rd lang:es 00:02:07 00:02:12 tt-2400 OM022_1963_CT_SU2011_VA_07 @Gram:Imperf ADD:537 
"<problemas>"
	"problema" Noun NC Plural lang:es 00:02:07 00:02:12 tt-2401 OM022_1963_CT_SU2011_VA_07 
"<psicológicos>"
	"psicológico" Adjective ADJ Plural lang:es 00:02:07 00:02:12 tt-2402 OM022_1963_CT_SU2011_VA_07 
"<,>"
	"," Punctuation CM lang:es 00:02:07 00:02:12 tt-2403 OM022_1963_CT_SU2011_VA_07 
"<entonces>"
	"entonces" Adverb ADV lang:es 00:02:07 00:02:12 tt-2404 OM022_1963_CT_SU2011_VA_07 
"<,>"
	"," Punctuation CM lang:es 00:02:07 00:02:12 tt-2405 OM022_1963_CT_SU2011_VA_07 
"<la>"
	"el" Determiner ART Singular lang:es 00:02:07 00:02:12 tt-2406 OM022_1963_CT_SU2011_VA_07 @Gram:Det:Art ADD:324 
"<madre>"
	"madre" Noun NC Singular lang:es 00:02:07 00:02:12 tt-2407 OM022_1963_CT_SU2011_VA_07 
"<que>"
	"que" Conjunction CQUE lang:es 00:02:07 00:02:12 tt-2408 OM022_1963_CT_SU2011_VA_07 
"<era>"
	"ser" Verb VEfin Imp Indi Sing 1st_or_3rd lang:es 00:02:07 00:02:12 tt-2409 OM022_1963_CT_SU2011_VA_07 @Gram:Imperf @Gram:SerEstar:Ser ADD:537 ADD:647 
"<atea>"
	"ateo" Adjective ADJ Singular lang:es 00:02:12 00:02:19 tt-2410 OM022_1963_CT_SU2011_VA_07 
"<,>"
	"," Punctuation CM lang:es 00:02:12 00:02:19 tt-2411 OM022_1963_CT_SU2011_VA_07 
"<la>"
	"el" Determiner ART Singular lang:es 00:02:12 00:02:19 tt-2412 OM022_1963_CT_SU2011_VA_07 @Gram:Det:Art ADD:324 
"<madre>"
	"madre" Noun NC Singular lang:es 00:02:12 00:02:19 tt-2413 OM022_1963_CT_SU2011_VA_07 
"<de>"
	"de" Preposition PREP lang:es 00:02:12 00:02:19 tt-2414 OM022_1963_CT_SU2011_VA_07 @Gram:Prep ADD:472 
"<mi>"
	"mío" Pronoun PPO Singular lang:es 00:02:12 00:02:19 tt-2415 OM022_1963_CT_SU2011_VA_07 @Gram:Det:Pos ADD:350 
"<abuelo>"
	"abuelo" Noun NC Singular lang:es 00:02:12 00:02:19 tt-2416 OM022_1963_CT_SU2011_VA_07 
"<,>"
	"," Punctuation CM lang:es 00:02:12 00:02:19 tt-2417 OM022_1963_CT_SU2011_VA_07 
"<una>"
	"un" Determiner ART Singular lang:es 00:02:12 00:02:19 tt-2418 OM022_1963_CT_SU2011_VA_07 
"<atea>"
	"ateo" Noun NC Singular lang:es 00:02:12 00:02:19 tt-2419 OM022_1963_CT_SU2011_VA_07 
"<bárbara>"
	"bárbaro" Adjective ADJ Singular lang:es 00:02:12 00:02:19 tt-2420 OM022_1963_CT_SU2011_VA_07 
"<,>"
	"," Punctuation CM lang:es 00:02:12 00:02:19 tt-2421 OM022_1963_CT_SU2011_VA_07 
"<eh>"
	"eh" Noun NP Singular lang:es 00:02:12 00:02:19 tt-2422 OM022_1963_CT_SU2011_VA_07 
"<...>"
	"..." Punctuation DOTS lang:es 00:02:12 00:02:19 tt-2423 OM022_1963_CT_SU2011_VA_07 
"<lo>"
	"él" Pronoun PPC Singular lang:es 00:02:12 00:02:19 tt-2424 OM022_1963_CT_SU2011_VA_07 @Gram:Pron:Objeto ADD:512 
"<llevó>"
	"llevar" Verb VLfin Pret Indi Sing 3rd lang:es 00:02:12 00:02:19 tt-2425 OM022_1963_CT_SU2011_VA_07 @Gram:Indefinido ADD:546 
"<primero>"
	"primero" Adverb ADV lang:es 00:02:12 00:02:19 tt-2426 OM022_1963_CT_SU2011_VA_07 
"<a>"
	"a" Preposition PREP lang:es 00:02:12 00:02:19 tt-2427 OM022_1963_CT_SU2011_VA_07 @Gram:Prep ADD:472 
"<la>"
	"el" Determiner ART Singular lang:es 00:02:12 00:02:19 tt-2428 OM022_1963_CT_SU2011_VA_07 @Gram:Det:Art ADD:324 
"<ciencia>"
	"ciencia" Noun NC Singular lang:es 00:02:12 00:02:19 tt-2429 OM022_1963_CT_SU2011_VA_07 
"<con>"
	"con" Preposition PREP lang:es 00:02:12 00:02:19 tt-2430 OM022_1963_CT_SU2011_VA_07 @Gram:Prep ADD:472 
"<los>"
	"el" Determiner ART Plural lang:es 00:02:12 00:02:19 tt-2431 OM022_1963_CT_SU2011_VA_07 @Gram:Det:Art ADD:324 
"<psicólogos>"
	"psicólogo" Noun NC Plural lang:es 00:02:20 00:02:26 tt-2432 OM022_1963_CT_SU2011_VA_07 
"<,>"
	"," Punctuation CM lang:es 00:02:20 00:02:26 tt-2433 OM022_1963_CT_SU2011_VA_07 
"<los>"
	"el" Determiner ART Plural lang:es 00:02:20 00:02:26 tt-2434 OM022_1963_CT_SU2011_VA_07 @Gram:Det:Art ADD:324 
"<psiquiatras>"
	"psiquiatra" Noun NC Plural lang:es 00:02:20 00:02:26 tt-2435 OM022_1963_CT_SU2011_VA_07 
"<,>"
	"," Punctuation CM lang:es 00:02:20 00:02:26 tt-2436 OM022_1963_CT_SU2011_VA_07 
"<y>"
	"y" Conjunction CC lang:es 00:02:20 00:02:26 tt-2437 OM022_1963_CT_SU2011_VA_07 
"<no>"
	"no" Adverb NEG lang:es 00:02:20 00:02:26 tt-2438 OM022_1963_CT_SU2011_VA_07 
"<...>"
	"..." Punctuation DOTS lang:es 00:02:20 00:02:26 tt-2439 OM022_1963_CT_SU2011_VA_07 
"<no>"
	"no" Adverb NEG lang:es 00:02:20 00:02:26 tt-2440 OM022_1963_CT_SU2011_VA_07 
"<pasaba>"
	"pasar" Verb VLfin Imp Indi Sing 1st_or_3rd lang:es 00:02:20 00:02:26 tt-2441 OM022_1963_CT_SU2011_VA_07 @Gram:Imperf ADD:537 
"<nada>"
	"nada" Determiner QU lang:es 00:02:20 00:02:26 tt-2442 OM022_1963_CT_SU2011_VA_07 
"<$.>"
	"." Punctuation FS lang:es 00:02:20 00:02:26 tt-2443 OM022_1963_CT_SU2011_VA_07 

"<Seguía>"
	"seguir" Verb VLfin Imp Indi Sing 1st_or_3rd lang:es 00:02:20 00:02:26 tt-2444 OM022_1963_CT_SU2011_VA_07 @Gram:Imperf ADD:537 
"<tan>"
	"tan" Adverb ADV lang:es 00:02:20 00:02:26 tt-2445 OM022_1963_CT_SU2011_VA_07 
"<loco>"
	"loco" Adjective ADJ Singular lang:es 00:02:20 00:02:26 tt-2446 OM022_1963_CT_SU2011_VA_07 
"<como>"
	"como" Conjunction CSUBX lang:es 00:02:20 00:02:26 tt-2447 OM022_1963_CT_SU2011_VA_07 
"<siempre>"
	"siempre" Adverb ADV lang:es 00:02:20 00:02:26 tt-2448 OM022_1963_CT_SU2011_VA_07 
"<,>"
	"," Punctuation CM lang:es 00:02:20 00:02:26 tt-2449 OM022_1963_CT_SU2011_VA_07 
"<y>"
	"y" Conjunction CC lang:es 00:02:20 00:02:26 tt-2450 OM022_1963_CT_SU2011_VA_07 
"<después>"
	"después" Adverb ADV lang:es 00:02:20 00:02:26 tt-2451 OM022_1963_CT_SU2011_VA_07 
"<entonces>"
	"entonces" Adverb ADV lang:es 00:02:26 00:02:29 tt-2452 OM022_1963_CT_SU2011_VA_07 
"<,>"
	"," Punctuation CM lang:es 00:02:26 00:02:29 tt-2453 OM022_1963_CT_SU2011_VA_07 
"<dijo>"
	"decir" Verb VLfin Pres Indi Sing 1st lang:es 00:02:26 00:02:29 tt-2454 OM022_1963_CT_SU2011_VA_07 
"<bueno>"
	"bueno" Adjective ADJ Singular lang:es 00:02:26 00:02:29 tt-2455 OM022_1963_CT_SU2011_VA_07 
"<,>"
	"," Punctuation CM lang:es 00:02:26 00:02:29 tt-2456 OM022_1963_CT_SU2011_VA_07 
"<vamos>"
	"ir" Verb VLfin Pres Indi Plural 1st lang:es 00:02:26 00:02:29 tt-2457 OM022_1963_CT_SU2011_VA_07 
"<a>"
	"a" Preposition PREP lang:es 00:02:26 00:02:29 tt-2458 OM022_1963_CT_SU2011_VA_07 @Gram:Prep ADD:472 
"<llevarlo>"
	"llevar" Verb VLinf Pres Indi Sing 1st lang:es 00:02:26 00:02:29 tt-2459 OM022_1963_CT_SU2011_VA_07 
"<a>"
	"a" Preposition PREP lang:es 00:02:26 00:02:29 tt-2460 OM022_1963_CT_SU2011_VA_07 @Gram:Prep ADD:472 
"<los>"
	"el" Determiner ART Plural lang:es 00:02:26 00:02:29 tt-2461 OM022_1963_CT_SU2011_VA_07 @Gram:Det:Art ADD:324 
"<católicos>"
	"católico" Adjective ADJ Plural lang:es 00:02:26 00:02:29 tt-2462 OM022_1963_CT_SU2011_VA_07 
"<,>"
	"," Punctuation CM lang:es 00:02:26 00:02:29 tt-2463 OM022_1963_CT_SU2011_VA_07 
"<los>"
	"el" Determiner ART Plural lang:es 00:02:26 00:02:29 tt-2464 OM022_1963_CT_SU2011_VA_07 @Gram:Det:Art ADD:324 
"<católicos>"
	"católico" Adjective ADJ Plural lang:es 00:02:26 00:02:29 tt-2465 OM022_1963_CT_SU2011_VA_07 
"<no>"
	"no" Adverb NEG lang:es 00:02:26 00:02:29 tt-2466 OM022_1963_CT_SU2011_VA_07 
"<pudieron>"
	"poder" Verb VLfin Pret Indi Plural 3rd lang:es 00:02:26 00:02:29 tt-2467 OM022_1963_CT_SU2011_VA_07 @Gram:Indefinido ADD:546 
"<hacer>"
	"hacer" Verb VLinf Infinitive lang:es 00:02:29 00:02:36 tt-2468 OM022_1963_CT_SU2011_VA_07 SUBSTITUTE:292 
"<nada>"
	"nada" Determiner QU lang:es 00:02:29 00:02:36 tt-2469 OM022_1963_CT_SU2011_VA_07 
"<por>"
	"por" Preposition PREP lang:es 00:02:29 00:02:36 tt-2470 OM022_1963_CT_SU2011_VA_07 @Gram:Prep:Por SUBSTITUTE:234 ADD:466 
"<él>"
	"él" Pronoun PPX Singular lang:es 00:02:29 00:02:36 tt-2471 OM022_1963_CT_SU2011_VA_07 @Gram:Pron:Sujeto ADD:482 
"<...>"
	"..." Punctuation DOTS lang:es 00:02:29 00:02:36 tt-2472 OM022_1963_CT_SU2011_VA_07 
"<entonces>"
	"entonces" Adverb ADV lang:es 00:02:29 00:02:36 tt-2473 OM022_1963_CT_SU2011_VA_07 
"<,>"
	"," Punctuation CM lang:es 00:02:29 00:02:36 tt-2474 OM022_1963_CT_SU2011_VA_07 
"<ella>"
	"él" Pronoun PPX Singular lang:es 00:02:29 00:02:36 tt-2475 OM022_1963_CT_SU2011_VA_07 @Gram:Pron:Sujeto ADD:482 
"<pensó>"
	"pensar" Verb VLfin Pret Indi Sing 3rd lang:es 00:02:29 00:02:36 tt-2476 OM022_1963_CT_SU2011_VA_07 @Gram:Indefinido ADD:546 
"<bueno>"
	"bueno" Adjective ADJ Singular lang:es 00:02:29 00:02:36 tt-2477 OM022_1963_CT_SU2011_VA_07 
"<,>"
	"," Punctuation CM lang:es 00:02:29 00:02:36 tt-2478 OM022_1963_CT_SU2011_VA_07 
"<vamos>"
	"ir" Verb VLfin Pres Indi Plural 1st lang:es 00:02:29 00:02:36 tt-2479 OM022_1963_CT_SU2011_VA_07 
"<a>"
	"a" Preposition PREP lang:es 00:02:29 00:02:36 tt-2480 OM022_1963_CT_SU2011_VA_07 @Gram:Prep ADD:472 
"<llevar>"
	"llevar" Verb VLinf Infinitive lang:es 00:02:29 00:02:36 tt-2481 OM022_1963_CT_SU2011_VA_07 SUBSTITUTE:292 
"<a>"
	"a" Preposition PREP lang:es 00:02:29 00:02:36 tt-2482 OM022_1963_CT_SU2011_VA_07 @Gram:Prep ADD:472 
"<este>"
	"este" Determiner DM Singular lang:es 00:02:29 00:02:36 tt-2483 OM022_1963_CT_SU2011_VA_07 @Gram:Det:Demo ADD:336 
"<hijo>"
	"hijo" Noun NC Singular lang:es 00:02:29 00:02:36 tt-2484 OM022_1963_CT_SU2011_VA_07 
"<a>"
	"a" Preposition PREP lang:es 00:02:29 00:02:36 tt-2485 OM022_1963_CT_SU2011_VA_07 @Gram:Prep ADD:472 
"<un>"
	"un" Determiner ART Singular lang:es 00:02:29 00:02:36 tt-2486 OM022_1963_CT_SU2011_VA_07 
"<brujo>"
	"brujo" Noun NC Singular lang:es 00:02:29 00:02:36 tt-2487 OM022_1963_CT_SU2011_VA_07 
"<,>"
	"," Punctuation CM lang:es 00:02:29 00:02:36 tt-2488 OM022_1963_CT_SU2011_VA_07 
"<a>"
	"a" Preposition PREP lang:es 00:02:37 00:02:41 tt-2489 OM022_1963_CT_SU2011_VA_07 @Gram:Prep ADD:472 
"<una>"
	"un" Determiner ART Singular lang:es 00:02:37 00:02:41 tt-2490 OM022_1963_CT_SU2011_VA_07 
"<bruja>"
	"brujo" Noun NC Singular lang:es 00:02:37 00:02:41 tt-2491 OM022_1963_CT_SU2011_VA_07 
"<,>"
	"," Punctuation CM lang:es 00:02:37 00:02:41 tt-2492 OM022_1963_CT_SU2011_VA_07 
"<la>"
	"el" Determiner ART Singular lang:es 00:02:37 00:02:41 tt-2493 OM022_1963_CT_SU2011_VA_07 @Gram:Det:Art ADD:324 
"<bruja>"
	"brujo" Noun NC Singular lang:es 00:02:37 00:02:41 tt-2494 OM022_1963_CT_SU2011_VA_07 
"<tampoco>"
	"tampoco" Adverb ADV lang:es 00:02:37 00:02:41 tt-2495 OM022_1963_CT_SU2011_VA_07 
"<pudo>"
	"poder" Verb VMfin lang:es 00:02:37 00:02:41 tt-2496 OM022_1963_CT_SU2011_VA_07 
"<hacer>"
	"hacer" Verb VLinf Infinitive lang:es 00:02:37 00:02:41 tt-2497 OM022_1963_CT_SU2011_VA_07 SUBSTITUTE:292 
"<nada>"
	"nada" Determiner QU lang:es 00:02:37 00:02:41 tt-2498 OM022_1963_CT_SU2011_VA_07 
"<$.>"
	"." Punctuation FS lang:es 00:02:37 00:02:41 tt-2499 OM022_1963_CT_SU2011_VA_07 

"<Y>"
	"y" Conjunction CC lang:es 00:02:37 00:02:41 tt-2500 OM022_1963_CT_SU2011_VA_07 
"<la>"
	"el" Determiner ART Singular lang:es 00:02:37 00:02:41 tt-2501 OM022_1963_CT_SU2011_VA_07 @Gram:Det:Art ADD:324 
"<última>"
	"último" Adjective ADJ Singular lang:es 00:02:37 00:02:41 tt-2502 OM022_1963_CT_SU2011_VA_07 
"<opción>"
	"opción" Noun NC Singular lang:es 00:02:37 00:02:41 tt-2503 OM022_1963_CT_SU2011_VA_07 
"<fue>"
	"ser" Verb VSfin Pret Indi Sing 3rd lang:es 00:02:37 00:02:41 tt-2504 OM022_1963_CT_SU2011_VA_07 @Gram:SerEstar:Ser ADD:647 
"<,>"
	"," Punctuation CM lang:es 00:02:37 00:02:41 tt-2505 OM022_1963_CT_SU2011_VA_07 
"<vamos>"
	"ir" Verb VLfin Pres Indi Plural 1st lang:es 00:02:37 00:02:41 tt-2506 OM022_1963_CT_SU2011_VA_07 
"<a>"
	"a" Preposition PREP lang:es 00:02:37 00:02:41 tt-2507 OM022_1963_CT_SU2011_VA_07 @Gram:Prep ADD:472 
"<llevar>"
	"llevar" Verb VLinf Infinitive lang:es 00:02:37 00:02:41 tt-2508 OM022_1963_CT_SU2011_VA_07 SUBSTITUTE:292 
"<a>"
	"a" Preposition PREP lang:es 00:02:37 00:02:41 tt-2509 OM022_1963_CT_SU2011_VA_07 @Gram:Prep ADD:472 
"<éste>"
	"este" Determiner DM Singular lang:es 00:02:41 00:02:47 tt-2510 OM022_1963_CT_SU2011_VA_07 
"<a>"
	"a" Preposition PREP lang:es 00:02:41 00:02:47 tt-2511 OM022_1963_CT_SU2011_VA_07 @Gram:Prep ADD:472 
"<un>"
	"un" Determiner ART Singular lang:es 00:02:41 00:02:47 tt-2512 OM022_1963_CT_SU2011_VA_07 
"<evangélico>"
	"evangélico" Adjective ADJ Singular lang:es 00:02:41 00:02:47 tt-2514 OM022_1963_CT_SU2011_VA_07 
"<,>"
	"," Punctuation CM lang:es 00:02:41 00:02:47 tt-2515 OM022_1963_CT_SU2011_VA_07 
"<acá>"
	"acá" Adverb ADV lang:es 00:02:41 00:02:47 tt-2516 OM022_1963_CT_SU2011_VA_07 
"<,>"
	"," Punctuation CM lang:es 00:02:41 00:02:47 tt-2518 OM022_1963_CT_SU2011_VA_07 
"<pero>"
	"pero" Conjunction CCAD lang:es 00:02:41 00:02:47 tt-2519 OM022_1963_CT_SU2011_VA_07 @Prag:MarcadoresDisc:Revision ADD:826 
"<no>"
	"no" Adverb NEG lang:es 00:02:41 00:02:47 tt-2520 OM022_1963_CT_SU2011_VA_07 
"<quería>"
	"querer" Verb VLfin Imp Indi Sing 1st_or_3rd lang:es 00:02:41 00:02:47 tt-2521 OM022_1963_CT_SU2011_VA_07 @Gram:Imperf ADD:537 
"<ir>"
	"ir" Verb VLinf Infinitive lang:es 00:02:41 00:02:47 tt-2522 OM022_1963_CT_SU2011_VA_07 SUBSTITUTE:292 
"<sola>"
	"solo" Adjective ADJ Singular lang:es 00:02:41 00:02:47 tt-2523 OM022_1963_CT_SU2011_VA_07 
"<,>"
	"," Punctuation CM lang:es 00:02:41 00:02:47 tt-2524 OM022_1963_CT_SU2011_VA_07 
"<entonces>"
	"entonces" Adverb ADV lang:es 00:02:41 00:02:47 tt-2525 OM022_1963_CT_SU2011_VA_07 
"<,>"
	"," Punctuation CM lang:es 00:02:41 00:02:47 tt-2526 OM022_1963_CT_SU2011_VA_07 
"<le>"
	"él" Pronoun PPC Singular lang:es 00:02:41 00:02:47 tt-2527 OM022_1963_CT_SU2011_VA_07 @Gram:Pron:Objeto ADD:512 
"<dijo>"
	"decir" Verb VLfin Pres Indi Sing 1st lang:es 00:02:41 00:02:47 tt-2528 OM022_1963_CT_SU2011_VA_07 
"<a>"
	"a" Preposition PREP lang:es 00:02:47 00:02:52 tt-2529 OM022_1963_CT_SU2011_VA_07 @Gram:Prep ADD:472 
"<mi>"
	"mío" Pronoun PPO Singular lang:es 00:02:47 00:02:52 tt-2530 OM022_1963_CT_SU2011_VA_07 @Gram:Det:Pos ADD:350 
"<abuelo>"
	"abuelo" Noun NC Singular lang:es 00:02:47 00:02:52 tt-2531 OM022_1963_CT_SU2011_VA_07 
"<,>"
	"," Punctuation CM lang:es 00:02:47 00:02:52 tt-2532 OM022_1963_CT_SU2011_VA_07 
"<Francisco>"
	"Francisco" Noun NP Singular lang:es 00:02:47 00:02:52 tt-2533 OM022_1963_CT_SU2011_VA_07 
"<,>"
	"," Punctuation CM lang:es 00:02:47 00:02:52 tt-2534 OM022_1963_CT_SU2011_VA_07 
"<veníte>"
	"UNK" Noun NP Singular lang:es 00:02:47 00:02:52 tt-2535 OM022_1963_CT_SU2011_VA_07 
"<conmigo>"
	"UNK" Verb VLfin Pres Indi Sing 1st lang:es 00:02:47 00:02:52 tt-2536 OM022_1963_CT_SU2011_VA_07 
"<,>"
	"," Punctuation CM lang:es 00:02:47 00:02:52 tt-2537 OM022_1963_CT_SU2011_VA_07 
"<no>"
	"no" Adverb NEG lang:es 00:02:47 00:02:52 tt-2538 OM022_1963_CT_SU2011_VA_07 
"<quiero>"
	"querer" Verb VLfin Pres Indi Sing 1st lang:es 00:02:47 00:02:52 tt-2539 OM022_1963_CT_SU2011_VA_07 
"<ir>"
	"ir" Verb VLinf Infinitive lang:es 00:02:47 00:02:52 tt-2540 OM022_1963_CT_SU2011_VA_07 SUBSTITUTE:292 
"<sola>"
	"solo" Adjective ADJ Singular lang:es 00:02:47 00:02:52 tt-2541 OM022_1963_CT_SU2011_VA_07 
"<con>"
	"con" Preposition PREP lang:es 00:02:47 00:02:52 tt-2542 OM022_1963_CT_SU2011_VA_07 @Gram:Prep ADD:472 
"<tu>"
	"tú" Pronoun PPX Singular lang:es 00:02:47 00:02:52 tt-2543 OM022_1963_CT_SU2011_VA_07 
"<hermano>"
	"hermanar" Verb VLfin Pres Indi Sing 1st lang:es 00:02:47 00:02:52 tt-2544 OM022_1963_CT_SU2011_VA_07 
"<loco>"
	"loco" Adjective ADJ Singular lang:es 00:02:47 00:02:52 tt-2545 OM022_1963_CT_SU2011_VA_07 
"<éste>"
	"este" Determiner DM Singular lang:es 00:02:47 00:02:52 tt-2546 OM022_1963_CT_SU2011_VA_07 
"<,>"
	"," Punctuation CM lang:es 00:02:47 00:02:52 tt-2547 OM022_1963_CT_SU2011_VA_07 
"<a>"
	"a" Preposition PREP lang:es 00:02:52 00:02:59 tt-2548 OM022_1963_CT_SU2011_VA_07 @Gram:Prep ADD:472 
"<ver>"
	"ver" Verb VLinf Infinitive lang:es 00:02:52 00:02:59 tt-2549 OM022_1963_CT_SU2011_VA_07 SUBSTITUTE:292 
"<a>"
	"a" Preposition PREP lang:es 00:02:52 00:02:59 tt-2550 OM022_1963_CT_SU2011_VA_07 @Gram:Prep ADD:472 
"<este>"
	"este" Determiner DM Singular lang:es 00:02:52 00:02:59 tt-2551 OM022_1963_CT_SU2011_VA_07 
"<$.>"
	"." Punctuation FS lang:es 00:02:52 00:02:59 tt-2553 OM022_1963_CT_SU2011_VA_07 

"<Entonces>"
	"entonces" Adverb ADV lang:es 00:02:52 00:02:59 tt-2554 OM022_1963_CT_SU2011_VA_07 
"<,>"
	"," Punctuation CM lang:es 00:02:52 00:02:59 tt-2555 OM022_1963_CT_SU2011_VA_07 
"<se>"
	"se" Other SE lang:es 00:02:52 00:02:59 tt-2556 OM022_1963_CT_SU2011_VA_07 
"<fueron>"
	"ir" Verb VLfin Pret Indi Plural 3rd lang:es 00:02:52 00:02:59 tt-2557 OM022_1963_CT_SU2011_VA_07 @Gram:Indefinido SUBSTITUTE:262 ADD:546 
"<juntos>"
	"junto" Adjective ADJ Plural lang:es 00:02:52 00:02:59 tt-2558 OM022_1963_CT_SU2011_VA_07 
"<los>"
	"el" Determiner ART Plural lang:es 00:02:52 00:02:59 tt-2559 OM022_1963_CT_SU2011_VA_07 @Gram:Det:Art ADD:324 
"<tres>"
	"tres" Determiner CARD Plural lang:es 00:02:52 00:02:59 tt-2560 OM022_1963_CT_SU2011_VA_07 
"<,>"
	"," Punctuation CM lang:es 00:02:52 00:02:59 tt-2561 OM022_1963_CT_SU2011_VA_07 
"<la>"
	"el" Determiner ART Singular lang:es 00:02:52 00:02:59 tt-2562 OM022_1963_CT_SU2011_VA_07 @Gram:Det:Art ADD:324 
"<madre>"
	"madre" Noun NC Singular lang:es 00:02:52 00:02:59 tt-2563 OM022_1963_CT_SU2011_VA_07 
"<atea>"
	"ateo" Adjective ADJ Singular lang:es 00:02:52 00:02:59 tt-2564 OM022_1963_CT_SU2011_VA_07 
"<,>"
	"," Punctuation CM lang:es 00:02:52 00:02:59 tt-2565 OM022_1963_CT_SU2011_VA_07 
"<el>"
	"el" Determiner ART Singular lang:es 00:02:52 00:02:59 tt-2566 OM022_1963_CT_SU2011_VA_07 @Gram:Det:Art ADD:324 
"<loco>"
	"loco" Noun NC Singular lang:es 00:02:52 00:02:59 tt-2567 OM022_1963_CT_SU2011_VA_07 
"<de>"
	"de" Preposition PREP lang:es 00:02:52 00:02:59 tt-2568 OM022_1963_CT_SU2011_VA_07 @Gram:Prep ADD:472 
"<remate>"
	"remate" Noun NC Singular lang:es 00:02:52 00:02:59 tt-2569 OM022_1963_CT_SU2011_VA_07 
"<y>"
	"y" Conjunction CC lang:es 00:02:52 00:02:59 tt-2570 OM022_1963_CT_SU2011_VA_07 
"<mi>"
	"mío" Pronoun PPO Singular lang:es 00:03:00 00:03:07 tt-2571 OM022_1963_CT_SU2011_VA_07 @Gram:Det:Pos ADD:350 
"<abuelo>"
	"abuelo" Noun NC Singular lang:es 00:03:00 00:03:07 tt-2572 OM022_1963_CT_SU2011_VA_07 
"<,>"
	"," Punctuation CM lang:es 00:03:00 00:03:07 tt-2573 OM022_1963_CT_SU2011_VA_07 
"<los>"
	"el" Determiner ART Plural lang:es 00:03:00 00:03:07 tt-2574 OM022_1963_CT_SU2011_VA_07 @Gram:Det:Art ADD:324 
"<tres>"
	"tres" Determiner CARD Plural lang:es 00:03:00 00:03:07 tt-2575 OM022_1963_CT_SU2011_VA_07 
"<van>"
	"ir" Verb VLfin Pres Indi Plural 3rd lang:es 00:03:00 00:03:07 tt-2576 OM022_1963_CT_SU2011_VA_07 
"<...>"
	"..." Punctuation DOTS lang:es 00:03:00 00:03:07 tt-2577 OM022_1963_CT_SU2011_VA_07 
"<cuando>"
	"cuando" Conjunction CSUBX lang:es 00:03:00 00:03:07 tt-2578 OM022_1963_CT_SU2011_VA_07 
"<llegan>"
	"llegar" Verb VLfin Pres Indi Plural 3rd lang:es 00:03:00 00:03:07 tt-2579 OM022_1963_CT_SU2011_VA_07 
"<,>"
	"," Punctuation CM lang:es 00:03:00 00:03:07 tt-2580 OM022_1963_CT_SU2011_VA_07 
"<el>"
	"el" Determiner ART Singular lang:es 00:03:00 00:03:07 tt-2581 OM022_1963_CT_SU2011_VA_07 @Gram:Det:Art ADD:324 
"<,>"
	"," Punctuation CM lang:es 00:03:00 00:03:07 tt-2583 OM022_1963_CT_SU2011_VA_07 
"<el>"
	"el" Determiner ART Singular lang:es 00:03:00 00:03:07 tt-2584 OM022_1963_CT_SU2011_VA_07 @Gram:Det:Art ADD:324 
"<hermano>"
	"hermano" Noun NC Singular lang:es 00:03:00 00:03:07 tt-2585 OM022_1963_CT_SU2011_VA_07 
"<éste>"
	"este" Determiner DM Singular lang:es 00:03:00 00:03:07 tt-2586 OM022_1963_CT_SU2011_VA_07 
"<enseguida>"
	"enseguida" Adverb ADV lang:es 00:03:00 00:03:07 tt-2587 OM022_1963_CT_SU2011_VA_07 
"<vio>"
	"ver" Verb VLfin Pres Indi Sing 1st lang:es 00:03:00 00:03:07 tt-2588 OM022_1963_CT_SU2011_VA_07 
"<la>"
	"el" Determiner ART Singular lang:es 00:03:00 00:03:07 tt-2589 OM022_1963_CT_SU2011_VA_07 @Gram:Det:Art ADD:324 
"<situación>"
	"situación" Noun NC Singular lang:es 00:03:00 00:03:07 tt-2590 OM022_1963_CT_SU2011_VA_07 
"<,>"
	"," Punctuation CM lang:es 00:03:00 00:03:07 tt-2591 OM022_1963_CT_SU2011_VA_07 
"<porque>"
	"porque" Conjunction CSUBX lang:es 00:03:07 00:03:13 tt-2592 OM022_1963_CT_SU2011_VA_07 @Prag:MarcadoresDisc:Causa ADD:879 
"<esta>"
	"este" Determiner DM Singular lang:es 00:03:07 00:03:13 tt-2593 OM022_1963_CT_SU2011_VA_07 
"<vieja>"
	"viejo" Noun NC Singular lang:es 00:03:07 00:03:13 tt-2594 OM022_1963_CT_SU2011_VA_07 
"<es>"
	"ser" Verb VSfin Pres Indi Sing 3rd lang:es 00:03:07 00:03:13 tt-2595 OM022_1963_CT_SU2011_VA_07 @Gram:SerEstar:Ser ADD:647 
"<atea>"
	"ateo" Adjective ADJ Singular lang:es 00:03:07 00:03:13 tt-2596 OM022_1963_CT_SU2011_VA_07 
"<,>"
	"," Punctuation CM lang:es 00:03:07 00:03:13 tt-2597 OM022_1963_CT_SU2011_VA_07 
"<no>"
	"no" Adverb NEG lang:es 00:03:07 00:03:13 tt-2598 OM022_1963_CT_SU2011_VA_07 
"<quiere>"
	"querer" Verb VLfin Pres Indi Sing 3rd lang:es 00:03:07 00:03:13 tt-2599 OM022_1963_CT_SU2011_VA_07 
"<saber>"
	"saber" Verb VLinf Infinitive lang:es 00:03:07 00:03:13 tt-2600 OM022_1963_CT_SU2011_VA_07 SUBSTITUTE:292 
"<nada>"
	"nada" Determiner QU lang:es 00:03:07 00:03:13 tt-2601 OM022_1963_CT_SU2011_VA_07 
"<$.>"
	"." Punctuation FS lang:es 00:03:07 00:03:13 tt-2602 OM022_1963_CT_SU2011_VA_07 

"<Él>"
	"él" Pronoun PPX Singular lang:es 00:03:07 00:03:13 tt-2603 OM022_1963_CT_SU2011_VA_07 @Gram:Pron:Sujeto ADD:482 
"<,>"
	"," Punctuation CM lang:es 00:03:07 00:03:13 tt-2604 OM022_1963_CT_SU2011_VA_07 
"<su>"
	"suyo" Pronoun PPO Singular lang:es 00:03:07 00:03:13 tt-2605 OM022_1963_CT_SU2011_VA_07 @Gram:Det:Pos ADD:350 
"<mente>"
	"mente" Noun NC Singular lang:es 00:03:07 00:03:13 tt-2606 OM022_1963_CT_SU2011_VA_07 
"<está>"
	"estar" Verb VEfin Pres Indi Sing 3rd lang:es 00:03:07 00:03:13 tt-2607 OM022_1963_CT_SU2011_VA_07 @Gram:SerEstar:Estar ADD:656 
"<ida>"
	"ida" Noun NC Singular lang:es 00:03:07 00:03:13 tt-2608 OM022_1963_CT_SU2011_VA_07 
"<,>"
	"," Punctuation CM lang:es 00:03:07 00:03:13 tt-2609 OM022_1963_CT_SU2011_VA_07 
"<pero>"
	"pero" Conjunction CCAD lang:es 00:03:07 00:03:13 tt-2610 OM022_1963_CT_SU2011_VA_07 @Prag:MarcadoresDisc:Revision ADD:826 
"<Francisco>"
	"Francisco" Noun NP Singular lang:es 00:03:07 00:03:13 tt-2611 OM022_1963_CT_SU2011_VA_07 
"<,>"
	"," Punctuation CM lang:es 00:03:07 00:03:13 tt-2612 OM022_1963_CT_SU2011_VA_07 
"<a>"
	"a" Preposition PREP lang:es 00:03:13 00:03:20 tt-2613 OM022_1963_CT_SU2011_VA_07 @Gram:Prep ADD:472 
"<éste>"
	"este" Determiner DM Singular lang:es 00:03:13 00:03:20 tt-2614 OM022_1963_CT_SU2011_VA_07 
"<le>"
	"él" Pronoun PPC Singular lang:es 00:03:13 00:03:20 tt-2615 OM022_1963_CT_SU2011_VA_07 @Gram:Pron:Objeto ADD:512 
"<voy>"
	"ir" Verb VLfin Pres Indi Sing 1st lang:es 00:03:13 00:03:20 tt-2616 OM022_1963_CT_SU2011_VA_07 
"<a>"
	"a" Preposition PREP lang:es 00:03:13 00:03:20 tt-2617 OM022_1963_CT_SU2011_VA_07 @Gram:Prep ADD:472 
"<predicar>"
	"predicar" Verb VLinf Infinitive lang:es 00:03:13 00:03:20 tt-2618 OM022_1963_CT_SU2011_VA_07 SUBSTITUTE:292 
"<el>"
	"el" Determiner ART Singular lang:es 00:03:13 00:03:20 tt-2619 OM022_1963_CT_SU2011_VA_07 @Gram:Det:Art ADD:324 
"<evangelio>"
	"evangelio" Noun NC Singular lang:es 00:03:13 00:03:20 tt-2620 OM022_1963_CT_SU2011_VA_07 
"<$.>"
	"." Punctuation FS lang:es 00:03:13 00:03:20 tt-2621 OM022_1963_CT_SU2011_VA_07 

"<Le>"
	"le" Other PE lang:es 00:03:13 00:03:20 tt-2622 OM022_1963_CT_SU2011_VA_07 
"<predicó>"
	"UNK" Verb VLfin Pret Indi Sing 3rd lang:es 00:03:13 00:03:20 tt-2623 OM022_1963_CT_SU2011_VA_07 @Gram:Indefinido ADD:546 
"<y>"
	"y" Conjunction CC lang:es 00:03:13 00:03:20 tt-2624 OM022_1963_CT_SU2011_VA_07 
"<de>"
	"de" Preposition PREP lang:es 00:03:13 00:03:20 tt-2625 OM022_1963_CT_SU2011_VA_07 @Gram:Prep ADD:472 
"<ahí>"
	"ahí" Adverb ADV lang:es 00:03:13 00:03:20 tt-2626 OM022_1963_CT_SU2011_VA_07 
"<,>"
	"," Punctuation CM lang:es 00:03:13 00:03:20 tt-2627 OM022_1963_CT_SU2011_VA_07 
"<entraron>"
	"entrar" Verb VLfin Pret Indi Plural 3rd lang:es 00:03:13 00:03:20 tt-2628 OM022_1963_CT_SU2011_VA_07 @Gram:Indefinido ADD:546 
"<tres>"
	"tres" Determiner CARD Plural lang:es 00:03:13 00:03:20 tt-2629 OM022_1963_CT_SU2011_VA_07 
"<y>"
	"y" Conjunction CC lang:es 00:03:13 00:03:20 tt-2630 OM022_1963_CT_SU2011_VA_07 
"<salieron>"
	"salir" Verb VLfin Pret Indi Plural 3rd lang:es 00:03:13 00:03:20 tt-2631 OM022_1963_CT_SU2011_VA_07 @Gram:Indefinido ADD:546 
"<los>"
	"el" Determiner ART Plural lang:es 00:03:20 00:03:27 tt-2632 OM022_1963_CT_SU2011_VA_07 @Gram:Det:Art ADD:324 
"<tres>"
	"tres" Determiner CARD Plural lang:es 00:03:20 00:03:27 tt-2633 OM022_1963_CT_SU2011_VA_07 
"<,>"
	"," Punctuation CM lang:es 00:03:20 00:03:27 tt-2634 OM022_1963_CT_SU2011_VA_07 
"<pero>"
	"pero" Conjunction CC lang:es 00:03:20 00:03:27 tt-2635 OM022_1963_CT_SU2011_VA_07 @Prag:MarcadoresDisc:Revision SUBSTITUTE:237 ADD:826 
"<uno>"
	"uno" Determiner CARD Singular lang:es 00:03:20 00:03:27 tt-2636 OM022_1963_CT_SU2011_VA_07 @Gram:Pron:Sujeto ADD:490 
"<salió>"
	"salir" Verb VLfin Pret Indi Sing 3rd lang:es 00:03:20 00:03:27 tt-2637 OM022_1963_CT_SU2011_VA_07 @Gram:Indefinido ADD:546 
"<diferente>"
	"diferente" Adjective ADJ Singular lang:es 00:03:20 00:03:27 tt-2638 OM022_1963_CT_SU2011_VA_07 
"<,>"
	"," Punctuation CM lang:es 00:03:20 00:03:27 tt-2639 OM022_1963_CT_SU2011_VA_07 
"<ya>"
	"ya" Adverb ADV lang:es 00:03:20 00:03:27 tt-2640 OM022_1963_CT_SU2011_VA_07 
"<no>"
	"no" Adverb NEG lang:es 00:03:20 00:03:27 tt-2641 OM022_1963_CT_SU2011_VA_07 
"<era>"
	"ser" Verb VEfin Imp Indi Sing 1st_or_3rd lang:es 00:03:20 00:03:27 tt-2642 OM022_1963_CT_SU2011_VA_07 @Gram:Imperf @Gram:SerEstar:Ser ADD:537 ADD:647 
"<el>"
	"el" Determiner ART Singular lang:es 00:03:20 00:03:27 tt-2643 OM022_1963_CT_SU2011_VA_07 @Gram:Det:Art ADD:324 
"<mismo>"
	"mismo" Adjective ADJ Singular lang:es 00:03:20 00:03:27 tt-2644 OM022_1963_CT_SU2011_VA_07 
"<,>"
	"," Punctuation CM lang:es 00:03:20 00:03:27 tt-2645 OM022_1963_CT_SU2011_VA_07 
"<los>"
	"el" Determiner ART Plural lang:es 00:03:20 00:03:27 tt-2646 OM022_1963_CT_SU2011_VA_07 @Gram:Det:Art ADD:324 
"<otros>"
	"otro" Determiner QU lang:es 00:03:20 00:03:27 tt-2647 OM022_1963_CT_SU2011_VA_07 
"<dos>"
	"dos" Determiner CARD Plural lang:es 00:03:20 00:03:27 tt-2648 OM022_1963_CT_SU2011_VA_07 
"<seguían>"
	"seguir" Verb VLfin Imp Indi Plural 3rd lang:es 00:03:20 00:03:27 tt-2649 OM022_1963_CT_SU2011_VA_07 @Gram:Imperf ADD:537 
"<como>"
	"como" Adverb ADV lang:es 00:03:20 00:03:27 tt-2650 OM022_1963_CT_SU2011_VA_07 
"<siempre>"
	"siempre" Adverb ADV lang:es 00:03:20 00:03:27 tt-2651 OM022_1963_CT_SU2011_VA_07 
"<$¿>"
	"¿" Punctuation FS lang:es 00:03:27 00:03:34 tt-2652 OM022_1963_CT_SU2011_VA_07 
"<no>"
	"no" Adverb NEG lang:es 00:03:27 00:03:34 tt-2653 OM022_1963_CT_SU2011_VA_07 
"<$?>"
	"?" Punctuation FS lang:es 00:03:27 00:03:34 tt-2654 OM022_1963_CT_SU2011_VA_07 

"<y>"
	"y" Conjunction CC lang:es 00:03:27 00:03:34 tt-2655 OM022_1963_CT_SU2011_VA_07 
"<bueno>"
	"bueno" Adjective ADJ Singular lang:es 00:03:27 00:03:34 tt-2656 OM022_1963_CT_SU2011_VA_07 
"<,>"
	"," Punctuation CM lang:es 00:03:27 00:03:34 tt-2657 OM022_1963_CT_SU2011_VA_07 
"<esa>"
	"ese" Determiner DM Singular lang:es 00:03:27 00:03:34 tt-2658 OM022_1963_CT_SU2011_VA_07 
"<es>"
	"ser" Verb VSfin Pres Indi Sing 3rd lang:es 00:03:27 00:03:34 tt-2659 OM022_1963_CT_SU2011_VA_07 @Gram:SerEstar:Ser ADD:647 
"<la>"
	"el" Determiner ART Singular lang:es 00:03:27 00:03:34 tt-2660 OM022_1963_CT_SU2011_VA_07 @Gram:Det:Art ADD:324 
"<historia>"
	"historia" Noun NC Singular lang:es 00:03:27 00:03:34 tt-2661 OM022_1963_CT_SU2011_VA_07 
"<que>"
	"que" Conjunction CQUE lang:es 00:03:27 00:03:34 tt-2662 OM022_1963_CT_SU2011_VA_07 
"<tenemos>"
	"tener" Verb VLfin Pres Indi Plural 1st lang:es 00:03:27 00:03:34 tt-2663 OM022_1963_CT_SU2011_VA_07 
"<los>"
	"el" Determiner ART Plural lang:es 00:03:27 00:03:34 tt-2664 OM022_1963_CT_SU2011_VA_07 @Gram:Det:Art ADD:324 
"<Calles>"
	"calle" Noun NC Plural lang:es 00:03:27 00:03:34 tt-2665 OM022_1963_CT_SU2011_VA_07 
"<$.>"
	"." Punctuation FS lang:es 00:03:27 00:03:34 tt-2666 OM022_1963_CT_SU2011_VA_07 

"<Después>"
	"después" Adverb ADV lang:es 00:03:27 00:03:34 tt-2667 OM022_1963_CT_SU2011_VA_07 
"<yo>"
	"yo" Pronoun PPX Singular lang:es 00:03:27 00:03:34 tt-2668 OM022_1963_CT_SU2011_VA_07 @Gram:Pron:Sujeto ADD:482 
"<$¿>"
	"¿" Punctuation FS lang:es 00:03:27 00:03:34 tt-2669 OM022_1963_CT_SU2011_VA_07 
"<Cuánto>"
	"UNK" Verb VLfin Pres Indi Sing 1st lang:es 00:03:27 00:03:34 tt-2670 OM022_1963_CT_SU2011_VA_07 
"<tiempo>"
	"tiempo" Noun NC Singular lang:es 00:03:27 00:03:34 tt-2671 OM022_1963_CT_SU2011_VA_07 
"<más>"
	"más" Adverb ADV lang:es 00:03:27 00:03:34 tt-2672 OM022_1963_CT_SU2011_VA_07 
</speaker>
</text>

