<text id="OM023_1962_CT_SU2011_VA_04">
<speaker type="int">
"<$¿>"
	"¿" Punctuation FS lang:es 00:00:00 00:00:07 tt-1248 OM023_1962_CT_SU2011_VA_04 
"<Cuando>"
	"cuando" Conjunction CSUBX lang:es 00:00:00 00:00:07 tt-1249 OM023_1962_CT_SU2011_VA_04 
"<se>"
	"se" Other SE lang:es 00:00:00 00:00:07 tt-1250 OM023_1962_CT_SU2011_VA_04 
"<mudó>"
	"mudar" Verb VLfin Pret Indi Sing 3rd lang:es 00:00:00 00:00:07 tt-1251 OM023_1962_CT_SU2011_VA_04 @Gram:Indefinido ADD:563 
"<usted>"
	"usted" Pronoun PPX Singular lang:es 00:00:00 00:00:07 tt-1252 OM023_1962_CT_SU2011_VA_04 @Gram:Pron:Sujeto ADD:499 
"<a>"
	"a" Preposition PREP lang:es 00:00:00 00:00:07 tt-1253 OM023_1962_CT_SU2011_VA_04 @Gram:Prep ADD:489 
"<los>"
	"el" Determiner ART Plural lang:es 00:00:00 00:00:07 tt-1254 OM023_1962_CT_SU2011_VA_04 @Gram:Det:Art ADD:341 
"<Estados>"
	"Estados" Noun NP Plural lang:es 00:00:00 00:00:07 tt-1255 OM023_1962_CT_SU2011_VA_04 ID:8 R:Vocab:Entities:Geo:9 ADDRELATION(Vocab:Entities:Geo):1001 
"<Unidos>"
	"Unidos" Noun NP Plural lang:es 00:00:00 00:00:07 tt-1256 OM023_1962_CT_SU2011_VA_04 ID:9 
"<$?>"
	"?" Punctuation FS lang:es 00:00:00 00:00:07 tt-1257 OM023_1962_CT_SU2011_VA_04 
</speaker>
<speaker type="subj">

"<Yo>"
	"yo" Pronoun PPX Singular lang:es 00:00:08 00:00:15 tt-1258 OM023_1962_CT_SU2011_VA_04 @Gram:Pron:Sujeto ADD:499 
"<me>"
	"yo" Pronoun PPX Singular lang:es 00:00:08 00:00:15 tt-1259 OM023_1962_CT_SU2011_VA_04 @Gram:Pron:Objeto ADD:523 
"<vine>"
	"venir" Verb VLfin Pret Indi Sing 1st lang:es 00:00:08 00:00:15 tt-1260 OM023_1962_CT_SU2011_VA_04 @Gram:Indefinido ADD:563 
"<a>"
	"a" Preposition PREP lang:es 00:00:08 00:00:15 tt-1261 OM023_1962_CT_SU2011_VA_04 @Gram:Prep ADD:489 
"<vivir>"
	"vivir" Verb VLinf Infinitive lang:es 00:00:08 00:00:15 tt-1262 OM023_1962_CT_SU2011_VA_04 SUBSTITUTE:296 
"<a>"
	"a" Preposition PREP lang:es 00:00:08 00:00:15 tt-1263 OM023_1962_CT_SU2011_VA_04 @Gram:Prep ADD:489 
"<Estados>"
	"Estados" Noun NP Plural lang:es 00:00:08 00:00:15 tt-1264 OM023_1962_CT_SU2011_VA_04 ID:17 R:Vocab:Entities:Geo:18 ADDRELATION(Vocab:Entities:Geo):1001 
"<Unidos>"
	"Unidos" Noun NP Plural lang:es 00:00:08 00:00:15 tt-1265 OM023_1962_CT_SU2011_VA_04 ID:18 
"<cuando>"
	"cuando" Conjunction CSUBX lang:es 00:00:08 00:00:15 tt-1266 OM023_1962_CT_SU2011_VA_04 
"<tenía>"
	"tener" Verb VLfin Imp Indi Sing 1st_or_3rd lang:es 00:00:08 00:00:15 tt-1267 OM023_1962_CT_SU2011_VA_04 @Gram:Imperf ADD:554 
"<veinticinco>"
	"veinticinco" Determiner CARD Singular lang:es 00:00:08 00:00:15 tt-1268 OM023_1962_CT_SU2011_VA_04 
"<años>"
	"año" Noun NC Plural lang:es 00:00:08 00:00:15 tt-1269 OM023_1962_CT_SU2011_VA_04 
"<o>"
	"o" Adverb ADV lang:es 00:00:08 00:00:15 tt-1270 OM023_1962_CT_SU2011_VA_04 ID:23 R:Prag:MarcadoresDisc:Igualdad:24 ADDRELATION(Prag:MarcadoresDisc:Igualdad):944 
"<sea>"
	"sea" Adverb ADV lang:es 00:00:08 00:00:15 tt-1271 OM023_1962_CT_SU2011_VA_04 ID:24 
"<hace>"
	"hacer" Verb VLfin Pres Indi Sing 3rd lang:es 00:00:08 00:00:15 tt-1272 OM023_1962_CT_SU2011_VA_04 
"<veinticuatro>"
	"veinticuatro" Determiner CARD Singular lang:es 00:00:08 00:00:15 tt-1273 OM023_1962_CT_SU2011_VA_04 
"<años>"
	"año" Noun NC Plural lang:es 00:00:08 00:00:15 tt-1274 OM023_1962_CT_SU2011_VA_04 
"<$.>"
	"." Punctuation FS lang:es 00:00:08 00:00:15 tt-1275 OM023_1962_CT_SU2011_VA_04 

"<El>"
	"el" Determiner ART Singular lang:es 00:00:08 00:00:15 tt-1276 OM023_1962_CT_SU2011_VA_04 @Gram:Det:Art ADD:341 
"<próximo>"
	"próximo" Adjective ADJ Singular lang:es 00:00:08 00:00:15 tt-1277 OM023_1962_CT_SU2011_VA_04 
"<año>"
	"año" Noun NC Singular lang:es 00:00:16 00:00:23 tt-1278 OM023_1962_CT_SU2011_VA_04 
"<va>"
	"ir" Verb VLfin Pres Indi Sing 3rd lang:es 00:00:16 00:00:23 tt-1279 OM023_1962_CT_SU2011_VA_04 
"<a>"
	"a" Preposition PREP lang:es 00:00:16 00:00:23 tt-1280 OM023_1962_CT_SU2011_VA_04 @Gram:Prep ADD:489 
"<ser>"
	"ser" Verb VLinf VSinf Infinitive lang:es 00:00:16 00:00:23 tt-1281 OM023_1962_CT_SU2011_VA_04 @Gram:SerEstar:Ser SUBSTITUTE:296 ADD:664 
"<la>"
	"el" Determiner ART Singular lang:es 00:00:16 00:00:23 tt-1282 OM023_1962_CT_SU2011_VA_04 @Gram:Det:Art ADD:341 
"<mitad>"
	"mitad" Noun NC Singular lang:es 00:00:16 00:00:23 tt-1283 OM023_1962_CT_SU2011_VA_04 
"<de>"
	"de" Preposition PREP lang:es 00:00:16 00:00:23 tt-1284 OM023_1962_CT_SU2011_VA_04 @Gram:Prep ADD:489 
"<mi>"
	"mío" Pronoun PPO Singular lang:es 00:00:16 00:00:23 tt-1285 OM023_1962_CT_SU2011_VA_04 @Gram:Det:Pos ADD:367 
"<vida>"
	"vida" Noun NC Singular lang:es 00:00:16 00:00:23 tt-1286 OM023_1962_CT_SU2011_VA_04 
"<aquí>"
	"aquí" Adverb ADV lang:es 00:00:16 00:00:23 tt-1287 OM023_1962_CT_SU2011_VA_04 
"<y>"
	"y" Conjunction CC lang:es 00:00:16 00:00:23 tt-1288 OM023_1962_CT_SU2011_VA_04 
"<la>"
	"el" Determiner ART Singular lang:es 00:00:16 00:00:23 tt-1289 OM023_1962_CT_SU2011_VA_04 @Gram:Det:Art ADD:341 
"<mitad>"
	"mitad" Noun NC Singular lang:es 00:00:16 00:00:23 tt-1290 OM023_1962_CT_SU2011_VA_04 
"<en>"
	"en" Preposition PREP lang:es 00:00:16 00:00:23 tt-1291 OM023_1962_CT_SU2011_VA_04 @Gram:Prep ADD:489 
"<Colombia>"
	"Colombia" Noun NP Singular lang:es 00:00:16 00:00:23 tt-1292 OM023_1962_CT_SU2011_VA_04 
"<y>"
	"y" Conjunction CC lang:es 00:00:16 00:00:23 tt-1293 OM023_1962_CT_SU2011_VA_04 
"<me>"
	"yo" Pronoun PPX Singular lang:es 00:00:16 00:00:23 tt-1294 OM023_1962_CT_SU2011_VA_04 @Gram:Pron:Objeto ADD:523 
"<vine>"
	"venir" Verb VLfin Pret Indi Sing 1st lang:es 00:00:16 00:00:23 tt-1295 OM023_1962_CT_SU2011_VA_04 @Gram:Indefinido ADD:563 
"<porque>"
	"porque" Conjunction CSUBX lang:es 00:00:16 00:00:23 tt-1296 OM023_1962_CT_SU2011_VA_04 @Prag:MarcadoresDisc:Causa ADD:902 
"<Cristina>"
	"Cristina" Noun NP Singular lang:es 00:00:16 00:00:23 tt-1297 OM023_1962_CT_SU2011_VA_04 
"<,>"
	"," Punctuation CM lang:es 00:00:16 00:00:23 tt-1298 OM023_1962_CT_SU2011_VA_04 
"<la>"
	"el" Determiner ART Singular lang:es 00:00:25 00:00:31 tt-1299 OM023_1962_CT_SU2011_VA_04 @Gram:Det:Art ADD:341 
"<que>"
	"que" Conjunction CQUE lang:es 00:00:25 00:00:31 tt-1300 OM023_1962_CT_SU2011_VA_04 
"<es>"
	"ser" Verb VSfin Pres Indi Sing 3rd lang:es 00:00:25 00:00:31 tt-1301 OM023_1962_CT_SU2011_VA_04 @Gram:SerEstar:Ser ADD:664 
"<ahora>"
	"ahora" Adverb ADV lang:es 00:00:25 00:00:31 tt-1302 OM023_1962_CT_SU2011_VA_04 
"<mi>"
	"mío" Pronoun PPO Singular lang:es 00:00:25 00:00:31 tt-1303 OM023_1962_CT_SU2011_VA_04 @Gram:Det:Pos ADD:367 
"<esposa>"
	"esposo" Noun NC Singular lang:es 00:00:25 00:00:31 tt-1304 OM023_1962_CT_SU2011_VA_04 
"<,>"
	"," Punctuation CM lang:es 00:00:25 00:00:31 tt-1305 OM023_1962_CT_SU2011_VA_04 
"<que>"
	"que" Conjunction CQUE lang:es 00:00:25 00:00:31 tt-1306 OM023_1962_CT_SU2011_VA_04 
"<nos>"
	"nosotros" Pronoun PPX Plural lang:es 00:00:25 00:00:31 tt-1307 OM023_1962_CT_SU2011_VA_04 @Gram:Pron:Objeto ADD:523 
"<conocimos>"
	"conocer" Verb VLfin Pres_or_Pret Indi Plural 1st lang:es 00:00:25 00:00:31 tt-1308 OM023_1962_CT_SU2011_VA_04 
"<cuando>"
	"cuando" Conjunction CSUBX lang:es 00:00:25 00:00:31 tt-1309 OM023_1962_CT_SU2011_VA_04 
"<teníamos>"
	"tener" Verb VLfin Imp Indi Plural 1st lang:es 00:00:25 00:00:31 tt-1310 OM023_1962_CT_SU2011_VA_04 @Gram:Imperf ADD:554 
"<como>"
	"como" Adverb ADV lang:es 00:00:25 00:00:31 tt-1311 OM023_1962_CT_SU2011_VA_04 
"<quince>"
	"quince" Determiner CARD Singular lang:es 00:00:25 00:00:31 tt-1312 OM023_1962_CT_SU2011_VA_04 
"<años>"
	"año" Noun NC Plural lang:es 00:00:25 00:00:31 tt-1313 OM023_1962_CT_SU2011_VA_04 
"<,>"
	"," Punctuation CM lang:es 00:00:25 00:00:31 tt-1314 OM023_1962_CT_SU2011_VA_04 
"<se>"
	"se" Other SE lang:es 00:00:25 00:00:31 tt-1315 OM023_1962_CT_SU2011_VA_04 
"<vino>"
	"venir" Verb VLfin Pres Indi Sing 1st lang:es 00:00:25 00:00:31 tt-1316 OM023_1962_CT_SU2011_VA_04 
"<a>"
	"a" Preposition PREP lang:es 00:00:25 00:00:31 tt-1317 OM023_1962_CT_SU2011_VA_04 @Gram:Prep ADD:489 
"<vivir>"
	"vivir" Verb VLinf Infinitive lang:es 00:00:31 00:00:38 tt-1318 OM023_1962_CT_SU2011_VA_04 SUBSTITUTE:296 
"<a>"
	"a" Preposition PREP lang:es 00:00:31 00:00:38 tt-1319 OM023_1962_CT_SU2011_VA_04 @Gram:Prep ADD:489 
"<Estados>"
	"Estados" Noun NP Plural lang:es 00:00:31 00:00:38 tt-1320 OM023_1962_CT_SU2011_VA_04 ID:73 R:Vocab:Entities:Geo:74 ADDRELATION(Vocab:Entities:Geo):1001 
"<Unidos>"
	"Unidos" Noun NP Plural lang:es 00:00:31 00:00:38 tt-1321 OM023_1962_CT_SU2011_VA_04 ID:74 
"<cuando>"
	"cuando" Conjunction CSUBX lang:es 00:00:31 00:00:38 tt-1322 OM023_1962_CT_SU2011_VA_04 
"<tenía>"
	"tener" Verb VLfin Imp Indi Sing 1st_or_3rd lang:es 00:00:31 00:00:38 tt-1323 OM023_1962_CT_SU2011_VA_04 @Gram:Imperf ADD:554 
"<veintiún>"
	"veintiuno" Determiner CARD Singular lang:es 00:00:31 00:00:38 tt-1324 OM023_1962_CT_SU2011_VA_04 
"<años>"
	"año" Noun NC Plural lang:es 00:00:31 00:00:38 tt-1325 OM023_1962_CT_SU2011_VA_04 
"<y>"
	"y" Conjunction CC lang:es 00:00:31 00:00:38 tt-1326 OM023_1962_CT_SU2011_VA_04 
"<regresó>"
	"regresar" Verb VLfin Pret Indi Sing 3rd lang:es 00:00:31 00:00:38 tt-1327 OM023_1962_CT_SU2011_VA_04 @Gram:Indefinido ADD:563 
"<,>"
	"," Punctuation CM lang:es 00:00:31 00:00:38 tt-1328 OM023_1962_CT_SU2011_VA_04 
"<nos>"
	"nosotros" Pronoun PPX Plural lang:es 00:00:31 00:00:38 tt-1329 OM023_1962_CT_SU2011_VA_04 @Gram:Pron:Objeto ADD:523 
"<casamos>"
	"casar" Verb VLfin Pres_or_Pret Indi Plural 1st lang:es 00:00:31 00:00:38 tt-1330 OM023_1962_CT_SU2011_VA_04 
"<,>"
	"," Punctuation CM lang:es 00:00:31 00:00:38 tt-1331 OM023_1962_CT_SU2011_VA_04 
"<vivimos>"
	"vivir" Verb VLfin Pres_or_Pret Indi Plural 1st lang:es 00:00:31 00:00:38 tt-1332 OM023_1962_CT_SU2011_VA_04 
"<allá>"
	"allá" Adverb ADV lang:es 00:00:31 00:00:38 tt-1333 OM023_1962_CT_SU2011_VA_04 
"<como>"
	"como" Conjunction CSUBX lang:es 00:00:31 00:00:38 tt-1334 OM023_1962_CT_SU2011_VA_04 
"<un>"
	"un" Determiner ART Singular lang:es 00:00:40 00:00:47 tt-1335 OM023_1962_CT_SU2011_VA_04 
"<año>"
	"año" Noun NC Singular lang:es 00:00:40 00:00:47 tt-1336 OM023_1962_CT_SU2011_VA_04 
"<y>"
	"y" Conjunction CC lang:es 00:00:40 00:00:47 tt-1337 OM023_1962_CT_SU2011_VA_04 
"<después>"
	"después" Adverb ADV lang:es 00:00:40 00:00:47 tt-1338 OM023_1962_CT_SU2011_VA_04 
"<nos>"
	"nosotros" Pronoun PPX Plural lang:es 00:00:40 00:00:47 tt-1339 OM023_1962_CT_SU2011_VA_04 @Gram:Pron:Objeto ADD:523 
"<mudamos>"
	"mudar" Verb VLfin Pres_or_Pret Indi Plural 1st lang:es 00:00:40 00:00:47 tt-1340 OM023_1962_CT_SU2011_VA_04 
"<aquí>"
	"aquí" Adverb ADV lang:es 00:00:40 00:00:47 tt-1341 OM023_1962_CT_SU2011_VA_04 
"<,>"
	"," Punctuation CM lang:es 00:00:40 00:00:47 tt-1342 OM023_1962_CT_SU2011_VA_04 
"<vinimos>"
	"venir" Verb VLfin Pres_or_Pret Indi Plural 1st lang:es 00:00:40 00:00:47 tt-1343 OM023_1962_CT_SU2011_VA_04 
"<a>"
	"a" Preposition PREP lang:es 00:00:40 00:00:47 tt-1344 OM023_1962_CT_SU2011_VA_04 @Gram:Prep ADD:489 
"<vivir>"
	"vivir" Verb VLinf Infinitive lang:es 00:00:40 00:00:47 tt-1345 OM023_1962_CT_SU2011_VA_04 SUBSTITUTE:296 
"<a>"
	"a" Preposition PREP lang:es 00:00:40 00:00:47 tt-1346 OM023_1962_CT_SU2011_VA_04 @Gram:Prep ADD:489 
"<California>"
	"California" Noun NP Singular lang:es 00:00:40 00:00:47 tt-1347 OM023_1962_CT_SU2011_VA_04 
"<y>"
	"y" Conjunction CC lang:es 00:00:40 00:00:47 tt-1348 OM023_1962_CT_SU2011_VA_04 
"<estuvimos>"
	"estar" Verb VEfin Pret Indi Plural 1st lang:es 00:00:40 00:00:47 tt-1349 OM023_1962_CT_SU2011_VA_04 @Gram:Indefinido @Gram:SerEstar:Estar ADD:563 ADD:673 
"<como>"
	"como" Adverb ADV lang:es 00:00:40 00:00:47 tt-1350 OM023_1962_CT_SU2011_VA_04 
"<cuatro>"
	"cuatro" Determiner CARD Singular lang:es 00:00:40 00:00:47 tt-1351 OM023_1962_CT_SU2011_VA_04 
"<años>"
	"año" Noun NC Plural lang:es 00:00:40 00:00:47 tt-1352 OM023_1962_CT_SU2011_VA_04 
"<en>"
	"en" Preposition PREP lang:es 00:00:47 00:00:54 tt-1353 OM023_1962_CT_SU2011_VA_04 @Gram:Prep ADD:489 
"<California>"
	"California" Noun NP Singular lang:es 00:00:47 00:00:54 tt-1354 OM023_1962_CT_SU2011_VA_04 
"<y>"
	"y" Conjunction CC lang:es 00:00:47 00:00:54 tt-1355 OM023_1962_CT_SU2011_VA_04 
"<en>"
	"en" Preposition PREP lang:es 00:00:47 00:00:54 tt-1356 OM023_1962_CT_SU2011_VA_04 @Gram:Prep ADD:489 
"<mil>"
	"mil" Determiner CARD Singular lang:es 00:00:47 00:00:54 tt-1357 OM023_1962_CT_SU2011_VA_04 
"<novecientos>"
	"novecientos" Determiner CARD Plural lang:es 00:00:47 00:00:54 tt-1358 OM023_1962_CT_SU2011_VA_04 
"<ochenta>"
	"ochenta" Determiner CARD Singular lang:es 00:00:47 00:00:54 tt-1359 OM023_1962_CT_SU2011_VA_04 
"<y>"
	"y" Conjunction CC lang:es 00:00:47 00:00:54 tt-1360 OM023_1962_CT_SU2011_VA_04 
"<nueve>"
	"nueve" Determiner CARD Singular lang:es 00:00:47 00:00:54 tt-1361 OM023_1962_CT_SU2011_VA_04 
"<nos>"
	"nosotros" Pronoun PPX Plural lang:es 00:00:47 00:00:54 tt-1362 OM023_1962_CT_SU2011_VA_04 @Gram:Pron:Objeto ADD:523 
"<vinimos>"
	"venir" Verb VLfin Pres_or_Pret Indi Plural 1st lang:es 00:00:47 00:00:54 tt-1363 OM023_1962_CT_SU2011_VA_04 
"<a>"
	"a" Preposition PREP lang:es 00:00:47 00:00:54 tt-1364 OM023_1962_CT_SU2011_VA_04 @Gram:Prep ADD:489 
"<vivir>"
	"vivir" Verb VLinf Infinitive lang:es 00:00:47 00:00:54 tt-1365 OM023_1962_CT_SU2011_VA_04 SUBSTITUTE:296 
"<a>"
	"a" Preposition PREP lang:es 00:00:47 00:00:54 tt-1366 OM023_1962_CT_SU2011_VA_04 @Gram:Prep ADD:489 
"<,>"
	"," Punctuation CM lang:es 00:00:47 00:00:54 tt-1368 OM023_1962_CT_SU2011_VA_04 
"<a>"
	"a" Preposition PREP lang:es 00:00:47 00:00:54 tt-1369 OM023_1962_CT_SU2011_VA_04 @Gram:Prep ADD:489 
"<la>"
	"el" Determiner ART Singular lang:es 00:00:47 00:00:54 tt-1370 OM023_1962_CT_SU2011_VA_04 @Gram:Det:Art ADD:341 
"<ciudad>"
	"ciudad" Noun NC Singular lang:es 00:00:47 00:00:54 tt-1371 OM023_1962_CT_SU2011_VA_04 
"<de>"
	"de" Preposition PREP lang:es 00:00:47 00:00:54 tt-1372 OM023_1962_CT_SU2011_VA_04 @Gram:Prep ADD:489 
"<Irving>"
	"UNK" Noun NP Singular lang:es 00:00:47 00:00:54 tt-1373 OM023_1962_CT_SU2011_VA_04 
"<,>"
	"," Punctuation CM lang:es 00:00:47 00:00:54 tt-1374 OM023_1962_CT_SU2011_VA_04 
"<donde>"
	"donde" Adverb ADV lang:es 00:00:47 00:00:54 tt-1375 OM023_1962_CT_SU2011_VA_04 
"<todavía>"
	"todavía" Adverb ADV lang:es 00:00:47 00:00:54 tt-1376 OM023_1962_CT_SU2011_VA_04 
"<vivimos>"
	"vivir" Verb VLfin Pres_or_Pret Indi Plural 1st lang:es 00:00:57 00:00:57 tt-1377 OM023_1962_CT_SU2011_VA_04 
"<$.>"
	"." Punctuation FS lang:es 00:00:57 00:00:57 tt-1378 OM023_1962_CT_SU2011_VA_04 
</speaker>
<speaker type="int">

"<$¿>"
	"¿" Punctuation FS lang:es 00:00:57 00:01:00 tt-1379 OM023_1962_CT_SU2011_VA_04 
"<Y>"
	"Y" Other ALFS lang:es 00:00:57 00:01:00 tt-1380 OM023_1962_CT_SU2011_VA_04 
"<fue>"
	"ser" Verb VSfin Pret Indi Sing 3rd lang:es 00:00:57 00:01:00 tt-1381 OM023_1962_CT_SU2011_VA_04 @Gram:SerEstar:Ser ADD:664 
"<difícil>"
	"difícil" Adjective ADJ Singular lang:es 00:00:57 00:01:00 tt-1382 OM023_1962_CT_SU2011_VA_04 
"<$?>"
	"?" Punctuation FS lang:es 00:00:57 00:01:00 tt-1383 OM023_1962_CT_SU2011_VA_04 
</speaker>
<speaker type="subj">

"<Sí>"
	"sí" Adverb ADV lang:es 00:01:00 00:01:07 tt-1384 OM023_1962_CT_SU2011_VA_04 
"<y>"
	"y" Conjunction CC lang:es 00:01:00 00:01:07 tt-1385 OM023_1962_CT_SU2011_VA_04 
"<no>"
	"no" Adverb NEG lang:es 00:01:00 00:01:07 tt-1386 OM023_1962_CT_SU2011_VA_04 
"<$.>"
	"." Punctuation FS lang:es 00:01:00 00:01:07 tt-1387 OM023_1962_CT_SU2011_VA_04 

"<Yo>"
	"yo" Pronoun PPX Singular lang:es 00:01:00 00:01:07 tt-1388 OM023_1962_CT_SU2011_VA_04 @Gram:Pron:Sujeto ADD:499 
"<tuve>"
	"tener" Verb VLfin Pret Indi Sing 1st lang:es 00:01:00 00:01:07 tt-1389 OM023_1962_CT_SU2011_VA_04 @Gram:Indefinido ADD:563 
"<muchísimas>"
	"mucho" Adjective ADJ Plural lang:es 00:01:00 00:01:07 tt-1390 OM023_1962_CT_SU2011_VA_04 
"<ventas>"
	"venta" Noun NC Plural lang:es 00:01:00 00:01:07 tt-1391 OM023_1962_CT_SU2011_VA_04 
"<$.>"
	"." Punctuation FS lang:es 00:01:00 00:01:07 tt-1392 OM023_1962_CT_SU2011_VA_04 

"<En>"
	"en" Preposition PREP lang:es 00:01:00 00:01:07 tt-1393 OM023_1962_CT_SU2011_VA_04 @Gram:Prep ADD:489 
"<primer>"
	"primero" Adjective ORD Singular lang:es 00:01:00 00:01:07 tt-1394 OM023_1962_CT_SU2011_VA_04 Gram:Adj:Ord ADD:404 
"<lugar>"
	"lugar" Noun NC Singular lang:es 00:01:00 00:01:07 tt-1395 OM023_1962_CT_SU2011_VA_04 
"<yo>"
	"yo" Pronoun PPX Singular lang:es 00:01:00 00:01:07 tt-1396 OM023_1962_CT_SU2011_VA_04 @Gram:Pron:Sujeto ADD:499 
"<llegue>"
	"llegar" Verb VLfin Pres Subj Sing 1st_or_3rd lang:es 00:01:00 00:01:07 tt-1397 OM023_1962_CT_SU2011_VA_04 @Gram:MSub:Pres ADD:633 
"<aquí>"
	"aquí" Adverb ADV lang:es 00:01:00 00:01:07 tt-1398 OM023_1962_CT_SU2011_VA_04 
"<con>"
	"con" Preposition PREP lang:es 00:01:00 00:01:07 tt-1399 OM023_1962_CT_SU2011_VA_04 @Gram:Prep ADD:489 
"<visa>"
	"visar" Verb VLfin Pres Indi Sing 3rd lang:es 00:01:00 00:01:07 tt-1400 OM023_1962_CT_SU2011_VA_04 
"<de>"
	"de" Preposition PREP lang:es 00:01:00 00:01:07 tt-1401 OM023_1962_CT_SU2011_VA_04 @Gram:Prep ADD:489 
"<residente>"
	"residente" Noun NC Singular lang:es 00:01:08 00:01:15 tt-1402 OM023_1962_CT_SU2011_VA_04 
"<entonces>"
	"entonces" Adverb ADV lang:es 00:01:08 00:01:15 tt-1403 OM023_1962_CT_SU2011_VA_04 
"<yo>"
	"yo" Pronoun PPX Singular lang:es 00:01:08 00:01:15 tt-1404 OM023_1962_CT_SU2011_VA_04 @Gram:Pron:Sujeto ADD:499 
"<jamás>"
	"jamás" Adverb ADV lang:es 00:01:08 00:01:15 tt-1405 OM023_1962_CT_SU2011_VA_04 
"<llegue>"
	"llegar" Verb VLfin Pres Subj Sing 1st_or_3rd lang:es 00:01:08 00:01:15 tt-1406 OM023_1962_CT_SU2011_VA_04 @Gram:MSub:Pres ADD:633 
"<a>"
	"a" Preposition PREP lang:es 00:01:08 00:01:15 tt-1407 OM023_1962_CT_SU2011_VA_04 @Gram:Prep ADD:489 
"<tener>"
	"tener" Verb VLinf Infinitive lang:es 00:01:08 00:01:15 tt-1408 OM023_1962_CT_SU2011_VA_04 SUBSTITUTE:296 
"<problemas>"
	"problema" Noun NC Plural lang:es 00:01:08 00:01:15 tt-1409 OM023_1962_CT_SU2011_VA_04 
"<con>"
	"con" Preposition PREP lang:es 00:01:08 00:01:15 tt-1410 OM023_1962_CT_SU2011_VA_04 @Gram:Prep ADD:489 
"<inmigración>"
	"inmigración" Noun NC Singular lang:es 00:01:08 00:01:15 tt-1411 OM023_1962_CT_SU2011_VA_04 
"<o>"
	"o" Conjunction CC lang:es 00:01:08 00:01:15 tt-1412 OM023_1962_CT_SU2011_VA_04 
"<de>"
	"de" Preposition PREP lang:es 00:01:08 00:01:15 tt-1413 OM023_1962_CT_SU2011_VA_04 @Gram:Prep ADD:489 
"<estar>"
	"estar" Verb VLinf VEinf Infinitive lang:es 00:01:08 00:01:15 tt-1414 OM023_1962_CT_SU2011_VA_04 @Gram:SerEstar:Estar SUBSTITUTE:296 ADD:673 
"<aquí>"
	"aquí" Adverb ADV lang:es 00:01:08 00:01:15 tt-1415 OM023_1962_CT_SU2011_VA_04 
"<indocumentado>"
	"indocumentado" Adjective ADJ Singular lang:es 00:01:16 00:01:23 tt-1416 OM023_1962_CT_SU2011_VA_04 
"<como>"
	"como" Conjunction CSUBX lang:es 00:01:16 00:01:23 tt-1417 OM023_1962_CT_SU2011_VA_04 
"<muchos>"
	"mucho" Determiner QU lang:es 00:01:16 00:01:23 tt-1418 OM023_1962_CT_SU2011_VA_04 
"<de>"
	"de" Preposition PREP lang:es 00:01:16 00:01:23 tt-1419 OM023_1962_CT_SU2011_VA_04 @Gram:Prep ADD:489 
"<mis>"
	"mío" Pronoun PPO Plural lang:es 00:01:16 00:01:23 tt-1420 OM023_1962_CT_SU2011_VA_04 SUBSTITUTE:285 
"<amigos>"
	"amigo" Adjective ADJ Plural lang:es 00:01:16 00:01:23 tt-1421 OM023_1962_CT_SU2011_VA_04 
"<$.>"
	"." Punctuation FS lang:es 00:01:16 00:01:23 tt-1422 OM023_1962_CT_SU2011_VA_04 

"<También>"
	"también" Adverb ADV lang:es 00:01:16 00:01:23 tt-1423 OM023_1962_CT_SU2011_VA_04 @Prag:MarcadoresDisc:Igualdad ADD:933 
"<en>"
	"en" Preposition PREP lang:es 00:01:16 00:01:23 tt-1424 OM023_1962_CT_SU2011_VA_04 @Gram:Prep ADD:489 
"<la>"
	"el" Determiner ART Singular lang:es 00:01:16 00:01:23 tt-1425 OM023_1962_CT_SU2011_VA_04 @Gram:Det:Art ADD:341 
"<secundaria>"
	"secundario" Adjective ADJ Singular lang:es 00:01:16 00:01:23 tt-1426 OM023_1962_CT_SU2011_VA_04 
"<uno>"
	"uno" Determiner CARD Singular lang:es 00:01:16 00:01:23 tt-1427 OM023_1962_CT_SU2011_VA_04 @Gram:Pron:Sujeto ADD:507 
"<tomaba>"
	"tomar" Verb VLfin Imp Indi Sing 1st_or_3rd lang:es 00:01:16 00:01:23 tt-1428 OM023_1962_CT_SU2011_VA_04 @Gram:Imperf ADD:554 
"<clases>"
	"clase" Noun NC Plural lang:es 00:01:16 00:01:23 tt-1429 OM023_1962_CT_SU2011_VA_04 
"<de>"
	"de" Preposition PREP lang:es 00:01:16 00:01:23 tt-1430 OM023_1962_CT_SU2011_VA_04 @Gram:Prep ADD:489 
"<inglés>"
	"inglés" Noun NC Plural lang:es 00:01:16 00:01:23 tt-1431 OM023_1962_CT_SU2011_VA_04 
"<pero>"
	"pero" Conjunction CCAD lang:es 00:01:25 00:01:32 tt-1432 OM023_1962_CT_SU2011_VA_04 @Prag:MarcadoresDisc:Revision ADD:849 
"<en>"
	"en" Adverb ADV lang:es 00:01:25 00:01:32 tt-1433 OM023_1962_CT_SU2011_VA_04 ID:185 R:Prag:MarcadoresDisc:Revision:186 ADDRELATION(Prag:MarcadoresDisc:Revision):867 
"<realidad>"
	"realidad" Adverb ADV lang:es 00:01:25 00:01:32 tt-1434 OM023_1962_CT_SU2011_VA_04 ID:186 
"<más>"
	"más" Adverb ADV lang:es 00:01:25 00:01:32 tt-1435 OM023_1962_CT_SU2011_VA_04 
"<que>"
	"que" Conjunction CQUE lang:es 00:01:25 00:01:32 tt-1436 OM023_1962_CT_SU2011_VA_04 
"<nada>"
	"nada" Determiner QU lang:es 00:01:25 00:01:32 tt-1437 OM023_1962_CT_SU2011_VA_04 
"<era>"
	"ser" Verb VEfin Imp Indi Sing 1st_or_3rd lang:es 00:01:25 00:01:32 tt-1438 OM023_1962_CT_SU2011_VA_04 @Gram:Imperf @Gram:SerEstar:Ser ADD:554 ADD:664 
"<gramática>"
	"gramática" Noun NC Singular lang:es 00:01:25 00:01:32 tt-1439 OM023_1962_CT_SU2011_VA_04 
"<,>"
	"," Punctuation CM lang:es 00:01:25 00:01:32 tt-1440 OM023_1962_CT_SU2011_VA_04 
"<claro>"
	"claro" Adjective ADJ Singular lang:es 00:01:25 00:01:32 tt-1441 OM023_1962_CT_SU2011_VA_04 
"<yo>"
	"yo" Pronoun PPX Singular lang:es 00:01:25 00:01:32 tt-1442 OM023_1962_CT_SU2011_VA_04 @Gram:Pron:Sujeto ADD:499 
"<leía>"
	"leer" Verb VLfin Imp Indi Sing 1st_or_3rd lang:es 00:01:25 00:01:32 tt-1443 OM023_1962_CT_SU2011_VA_04 @Gram:Imperf ADD:554 
"<libros>"
	"libro" Noun NC Plural lang:es 00:01:25 00:01:32 tt-1444 OM023_1962_CT_SU2011_VA_04 
"<en>"
	"en" Preposition PREP lang:es 00:01:25 00:01:32 tt-1445 OM023_1962_CT_SU2011_VA_04 @Gram:Prep ADD:489 
"<ingles>"
	"UNK" Noun NC Plural lang:es 00:01:25 00:01:32 tt-1446 OM023_1962_CT_SU2011_VA_04 
"<,>"
	"," Punctuation CM lang:es 00:01:25 00:01:32 tt-1447 OM023_1962_CT_SU2011_VA_04 
"<y>"
	"y" Conjunction CC lang:es 00:01:25 00:01:32 tt-1448 OM023_1962_CT_SU2011_VA_04 
"<hasta>"
	"hasta" Preposition PREP lang:es 00:01:25 00:01:32 tt-1449 OM023_1962_CT_SU2011_VA_04 @Gram:Prep ADD:489 
"<traducía>"
	"UNK" Noun NC Singular lang:es 00:01:25 00:01:32 tt-1450 OM023_1962_CT_SU2011_VA_04 
"<pero>"
	"pero" Conjunction CCAD lang:es 00:01:33 00:01:38 tt-1451 OM023_1962_CT_SU2011_VA_04 @Prag:MarcadoresDisc:Revision ADD:849 
"<cuando>"
	"cuando" Conjunction CSUBX lang:es 00:01:33 00:01:38 tt-1452 OM023_1962_CT_SU2011_VA_04 
"<llegué>"
	"llegar" Verb VLfin Pret Indi Sing 1st lang:es 00:01:33 00:01:38 tt-1453 OM023_1962_CT_SU2011_VA_04 @Gram:Indefinido ADD:563 
"<aquí>"
	"aquí" Adverb ADV lang:es 00:01:33 00:01:38 tt-1454 OM023_1962_CT_SU2011_VA_04 
"<no>"
	"no" Adverb NEG lang:es 00:01:33 00:01:38 tt-1455 OM023_1962_CT_SU2011_VA_04 
"<entendía>"
	"entender" Verb VLfin Imp Indi Sing 1st_or_3rd lang:es 00:01:33 00:01:38 tt-1456 OM023_1962_CT_SU2011_VA_04 @Gram:Imperf ADD:554 
"<nada>"
	"nada" Determiner QU lang:es 00:01:33 00:01:38 tt-1457 OM023_1962_CT_SU2011_VA_04 
"<$.>"
	"." Punctuation FS lang:es 00:01:33 00:01:38 tt-1458 OM023_1962_CT_SU2011_VA_04 

"<O>"
	"o" Adverb ADV lang:es 00:01:33 00:01:38 tt-1459 OM023_1962_CT_SU2011_VA_04 ID:211 R:Prag:MarcadoresDisc:Igualdad:212 ADDRELATION(Prag:MarcadoresDisc:Igualdad):944 
"<sea>"
	"sea" Adverb ADV lang:es 00:01:33 00:01:38 tt-1460 OM023_1962_CT_SU2011_VA_04 ID:212 
"<tal>"
	"tal" Adverb ADV lang:es 00:01:33 00:01:38 tt-1461 OM023_1962_CT_SU2011_VA_04 ID:213 R:Prag:MarcadoresDisc:Igualdad:214 ADDRELATION(Prag:MarcadoresDisc:Igualdad):954 
"<vez>"
	"vez" Adverb ADV lang:es 00:01:33 00:01:38 tt-1462 OM023_1962_CT_SU2011_VA_04 ID:214 
"<lo>"
	"él" Pronoun PPC Singular lang:es 00:01:33 00:01:38 tt-1463 OM023_1962_CT_SU2011_VA_04 @Gram:Pron:Objeto ADD:529 
"<mas>"
	"mas" Conjunction CCAD lang:es 00:01:33 00:01:38 tt-1464 OM023_1962_CT_SU2011_VA_04 
"<difícil>"
	"difícil" Adjective ADJ Singular lang:es 00:01:33 00:01:38 tt-1465 OM023_1962_CT_SU2011_VA_04 
"<fue>"
	"ser" Verb VSfin Pret Indi Sing 3rd lang:es 00:01:33 00:01:38 tt-1466 OM023_1962_CT_SU2011_VA_04 @Gram:SerEstar:Ser ADD:664 
"<aprender>"
	"aprender" Verb VLinf Infinitive lang:es 00:01:33 00:01:38 tt-1467 OM023_1962_CT_SU2011_VA_04 SUBSTITUTE:296 
"<el>"
	"el" Determiner ART Singular lang:es 00:01:38 00:01:45 tt-1468 OM023_1962_CT_SU2011_VA_04 @Gram:Det:Art ID:220 R:Gram:Genero:ExcepMasc:221 ADD:341 ADDRELATION(Gram:Genero:ExcepMasc):388 
"<idioma>"
	"idioma" Noun NC Singular lang:es 00:01:38 00:01:45 tt-1469 OM023_1962_CT_SU2011_VA_04 ID:221 
"<pero>"
	"pero" Conjunction CCAD lang:es 00:01:38 00:01:45 tt-1470 OM023_1962_CT_SU2011_VA_04 @Prag:MarcadoresDisc:Revision ADD:849 
"<no>"
	"no" Adverb NEG lang:es 00:01:38 00:01:45 tt-1471 OM023_1962_CT_SU2011_VA_04 
"<tardé>"
	"tardar" Verb VLfin Pret Indi Sing 1st lang:es 00:01:38 00:01:45 tt-1472 OM023_1962_CT_SU2011_VA_04 @Gram:Indefinido ADD:563 
"<mucho>"
	"mucho" Determiner QU lang:es 00:01:38 00:01:45 tt-1473 OM023_1962_CT_SU2011_VA_04 
"<tiempo>"
	"tiempo" Noun NC Singular lang:es 00:01:38 00:01:45 tt-1474 OM023_1962_CT_SU2011_VA_04 
"<,>"
	"," Punctuation CM lang:es 00:01:38 00:01:45 tt-1475 OM023_1962_CT_SU2011_VA_04 
"<ya>"
	"ya" Adverb ADV lang:es 00:01:38 00:01:45 tt-1476 OM023_1962_CT_SU2011_VA_04 
"<como>"
	"como" Conjunction CSUBX lang:es 00:01:38 00:01:45 tt-1477 OM023_1962_CT_SU2011_VA_04 
"<en>"
	"en" Preposition PREP lang:es 00:01:38 00:01:45 tt-1478 OM023_1962_CT_SU2011_VA_04 @Gram:Prep ADD:489 
"<6>"
	"6" Determiner CARD Singular lang:es 00:01:38 00:01:45 tt-1479 OM023_1962_CT_SU2011_VA_04 
"<meses>"
	"mes" Noun NC Plural lang:es 00:01:38 00:01:45 tt-1480 OM023_1962_CT_SU2011_VA_04 
"<me>"
	"yo" Pronoun PPX Singular lang:es 00:01:38 00:01:45 tt-1481 OM023_1962_CT_SU2011_VA_04 @Gram:Pron:Objeto ADD:523 
"<podía>"
	"poder" Verb VLfin Imp Indi Sing 1st_or_3rd lang:es 00:01:38 00:01:45 tt-1482 OM023_1962_CT_SU2011_VA_04 @Gram:Imperf ADD:554 
"<comunicar>"
	"comunicar" Verb VLinf Infinitive lang:es 00:01:38 00:01:45 tt-1483 OM023_1962_CT_SU2011_VA_04 SUBSTITUTE:296 
"<y>"
	"y" Conjunction CC lang:es 00:01:38 00:01:45 tt-1484 OM023_1962_CT_SU2011_VA_04 
"<también>"
	"también" Adverb ADV lang:es 00:01:38 00:01:45 tt-1485 OM023_1962_CT_SU2011_VA_04 @Prag:MarcadoresDisc:Igualdad ADD:933 
"<tenía>"
	"tener" Verb VLfin Imp Indi Sing 1st_or_3rd lang:es 00:01:46 00:01:53 tt-1486 OM023_1962_CT_SU2011_VA_04 @Gram:Imperf ADD:554 
"<,>"
	"," Punctuation CM lang:es 00:01:46 00:01:53 tt-1487 OM023_1962_CT_SU2011_VA_04 
"<digamos>"
	"decir" Verb VLfin Pres Subj Plural 1st lang:es 00:01:46 00:01:53 tt-1488 OM023_1962_CT_SU2011_VA_04 @Gram:MSub:Pres ADD:633 
"<,>"
	"," Punctuation CM lang:es 00:01:46 00:01:53 tt-1489 OM023_1962_CT_SU2011_VA_04 
"<y>"
	"y" Conjunction CC lang:es 00:01:46 00:01:53 tt-1490 OM023_1962_CT_SU2011_VA_04 
"<también>"
	"también" Adverb ADV lang:es 00:01:46 00:01:53 tt-1491 OM023_1962_CT_SU2011_VA_04 @Prag:MarcadoresDisc:Igualdad ADD:933 
"<tenía>"
	"tener" Verb VLfin Imp Indi Sing 1st_or_3rd lang:es 00:01:46 00:01:53 tt-1492 OM023_1962_CT_SU2011_VA_04 @Gram:Imperf ADD:554 
"<...>"
	"..." Punctuation DOTS lang:es 00:01:46 00:01:53 tt-1493 OM023_1962_CT_SU2011_VA_04 
"<digamos>"
	"decir" Verb VLfin Pres Subj Plural 1st lang:es 00:01:46 00:01:53 tt-1494 OM023_1962_CT_SU2011_VA_04 @Gram:MSub:Pres ADD:633 
"<buenas>"
	"bueno" Adjective ADJ Plural lang:es 00:01:46 00:01:53 tt-1495 OM023_1962_CT_SU2011_VA_04 
"<conexiones>"
	"conexión" Noun NC Plural lang:es 00:01:46 00:01:53 tt-1496 OM023_1962_CT_SU2011_VA_04 
"<aquí>"
	"aquí" Adverb ADV lang:es 00:01:46 00:01:53 tt-1497 OM023_1962_CT_SU2011_VA_04 
"<desde>"
	"desde" Preposition PREP lang:es 00:01:46 00:01:53 tt-1498 OM023_1962_CT_SU2011_VA_04 @Gram:Prep ADD:489 
"<que>"
	"que" Conjunction CQUE lang:es 00:01:46 00:01:53 tt-1499 OM023_1962_CT_SU2011_VA_04 
"<llegué>"
	"llegar" Verb VLfin Pret Indi Sing 1st lang:es 00:01:46 00:01:53 tt-1500 OM023_1962_CT_SU2011_VA_04 @Gram:Indefinido ADD:563 
"<a>"
	"a" Preposition PREP lang:es 00:01:53 00:02:00 tt-1501 OM023_1962_CT_SU2011_VA_04 @Gram:Prep ADD:489 
"<los>"
	"el" Determiner ART Plural lang:es 00:01:53 00:02:00 tt-1502 OM023_1962_CT_SU2011_VA_04 @Gram:Det:Art ADD:341 
"<dos>"
	"dos" Determiner CARD Plural lang:es 00:01:53 00:02:00 tt-1503 OM023_1962_CT_SU2011_VA_04 
"<meses>"
	"mes" Noun NC Plural lang:es 00:01:53 00:02:00 tt-1504 OM023_1962_CT_SU2011_VA_04 
"<empecé>"
	"empezar" Verb VLfin Pret Indi Sing 1st lang:es 00:01:53 00:02:00 tt-1505 OM023_1962_CT_SU2011_VA_04 @Gram:Indefinido ID:257 R:Vocab:Fraseol:VerbPrep:258 ADD:563 ADDRELATION(Vocab:Fraseol:VerbPrep):1010 
"<a>"
	"a" Preposition PREP lang:es 00:01:53 00:02:00 tt-1506 OM023_1962_CT_SU2011_VA_04 @Gram:Prep ID:258 ADD:489 
"<trabajar>"
	"trabajar" Verb VLinf Infinitive lang:es 00:01:53 00:02:00 tt-1507 OM023_1962_CT_SU2011_VA_04 SUBSTITUTE:296 
"<,>"
	"," Punctuation CM lang:es 00:01:53 00:02:00 tt-1508 OM023_1962_CT_SU2011_VA_04 
"<entonces>"
	"entonces" Adverb ADV lang:es 00:01:53 00:02:00 tt-1509 OM023_1962_CT_SU2011_VA_04 
"<nunca>"
	"nunca" Adverb ADV lang:es 00:01:53 00:02:00 tt-1510 OM023_1962_CT_SU2011_VA_04 
"<me>"
	"yo" Pronoun PPX Singular lang:es 00:01:53 00:02:00 tt-1511 OM023_1962_CT_SU2011_VA_04 @Gram:Pron:Objeto ADD:523 
"<tocó>"
	"tocar" Verb VLfin Pret Indi Sing 3rd lang:es 00:01:53 00:02:00 tt-1512 OM023_1962_CT_SU2011_VA_04 @Gram:Indefinido ADD:563 
"<pasar>"
	"pasar" Verb VLinf Infinitive lang:es 00:01:53 00:02:00 tt-1513 OM023_1962_CT_SU2011_VA_04 SUBSTITUTE:296 
"<las>"
	"el" Determiner ART Plural lang:es 00:01:53 00:02:00 tt-1514 OM023_1962_CT_SU2011_VA_04 @Gram:Det:Art ADD:341 
"<dificultades>"
	"dificultad" Noun NC Plural lang:es 00:01:53 00:02:00 tt-1515 OM023_1962_CT_SU2011_VA_04 
"<que>"
	"que" Conjunction CQUE lang:es 00:01:53 00:02:00 tt-1516 OM023_1962_CT_SU2011_VA_04 
"<a>"
	"a" Preposition PREP lang:es 00:02:01 00:02:08 tt-1517 OM023_1962_CT_SU2011_VA_04 @Gram:Prep ADD:489 
"<otras>"
	"otro" Determiner QU lang:es 00:02:01 00:02:08 tt-1518 OM023_1962_CT_SU2011_VA_04 
"<personas>"
	"persona" Noun NC Plural lang:es 00:02:01 00:02:08 tt-1519 OM023_1962_CT_SU2011_VA_04 
"<les>"
	"él" Pronoun PPC Plural lang:es 00:02:01 00:02:08 tt-1520 OM023_1962_CT_SU2011_VA_04 @Gram:Pron:Objeto ADD:529 
"<ha>"
	"haber" Verb VHfin Pres Indi Sing 3rd lang:es 00:02:01 00:02:08 tt-1521 OM023_1962_CT_SU2011_VA_04 ID:273 R:Gram:Aux:Haber:274 R:Gram:PerfPerif:274 ADDRELATION():570 
"<tocado>"
	"tocar" Verb VLadj lang:es 00:02:01 00:02:08 tt-1522 OM023_1962_CT_SU2011_VA_04 ID:274 
"<$.>"
	"." Punctuation FS lang:es 00:02:01 00:02:08 tt-1523 OM023_1962_CT_SU2011_VA_04 

"<Y>"
	"Y" Other ALFS lang:es 00:02:01 00:02:08 tt-1524 OM023_1962_CT_SU2011_VA_04 
"<...>"
	"..." Punctuation DOTS lang:es 00:02:01 00:02:08 tt-1525 OM023_1962_CT_SU2011_VA_04 
"<y>"
	"Y" Other ALFS lang:es 00:02:01 00:02:08 tt-1526 OM023_1962_CT_SU2011_VA_04 
"<yo>"
	"yo" Pronoun PPX Singular lang:es 00:02:01 00:02:08 tt-1527 OM023_1962_CT_SU2011_VA_04 @Gram:Pron:Sujeto ADD:499 
"<de>"
	"de" Preposition PREP lang:es 00:02:01 00:02:08 tt-1528 OM023_1962_CT_SU2011_VA_04 @Gram:Prep ADD:489 
"<todas>"
	"todo" Determiner QU lang:es 00:02:01 00:02:08 tt-1529 OM023_1962_CT_SU2011_VA_04 
"<maneras>"
	"manera" Noun NC Plural lang:es 00:02:01 00:02:08 tt-1530 OM023_1962_CT_SU2011_VA_04 
"<tal>"
	"tal" Adverb ADV lang:es 00:02:01 00:02:08 tt-1531 OM023_1962_CT_SU2011_VA_04 ID:283 R:Prag:MarcadoresDisc:Igualdad:284 ADDRELATION(Prag:MarcadoresDisc:Igualdad):954 
"<vez>"
	"vez" Adverb ADV lang:es 00:02:01 00:02:08 tt-1532 OM023_1962_CT_SU2011_VA_04 ID:284 
"<por>"
	"por" Preposition PREP lang:es 00:02:01 00:02:08 tt-1533 OM023_1962_CT_SU2011_VA_04 @Gram:Prep:Por SUBSTITUTE:238 ADD:483 
"<ser>"
	"ser" Verb VLinf VSinf Infinitive lang:es 00:02:01 00:02:08 tt-1534 OM023_1962_CT_SU2011_VA_04 @Gram:SerEstar:Ser SUBSTITUTE:296 ADD:664 
"<de>"
	"de" Preposition PREP lang:es 00:02:01 00:02:08 tt-1535 OM023_1962_CT_SU2011_VA_04 @Gram:Prep ADD:489 
"<una>"
	"un" Determiner ART Singular lang:es 00:02:01 00:02:08 tt-1536 OM023_1962_CT_SU2011_VA_04 
"<familia>"
	"familia" Noun NC Singular lang:es 00:02:01 00:02:08 tt-1537 OM023_1962_CT_SU2011_VA_04 
"<pobre>"
	"pobre" Adjective ADJ Singular lang:es 00:02:08 00:02:15 tt-1538 OM023_1962_CT_SU2011_VA_04 
"<,>"
	"," Punctuation CM lang:es 00:02:08 00:02:15 tt-1539 OM023_1962_CT_SU2011_VA_04 
"<tal>"
	"tal" Adverb ADV lang:es 00:02:08 00:02:15 tt-1540 OM023_1962_CT_SU2011_VA_04 ID:292 R:Prag:MarcadoresDisc:Igualdad:293 ADDRELATION(Prag:MarcadoresDisc:Igualdad):954 
"<vez>"
	"vez" Adverb ADV lang:es 00:02:08 00:02:15 tt-1541 OM023_1962_CT_SU2011_VA_04 ID:293 
"<por>"
	"por" Preposition PREP lang:es 00:02:08 00:02:15 tt-1542 OM023_1962_CT_SU2011_VA_04 @Gram:Prep:Por SUBSTITUTE:238 ADD:483 
"<no>"
	"no" Adverb NEG lang:es 00:02:08 00:02:15 tt-1543 OM023_1962_CT_SU2011_VA_04 
"<tener>"
	"tener" Verb VLinf Infinitive lang:es 00:02:08 00:02:15 tt-1544 OM023_1962_CT_SU2011_VA_04 SUBSTITUTE:296 
"<tanta>"
	"tanto" Adjective ADJ Singular lang:es 00:02:08 00:02:15 tt-1545 OM023_1962_CT_SU2011_VA_04 
"<privacidad>"
	"UNK" Noun NC Singular lang:es 00:02:08 00:02:15 tt-1546 OM023_1962_CT_SU2011_VA_04 
"<,>"
	"," Punctuation CM lang:es 00:02:08 00:02:15 tt-1547 OM023_1962_CT_SU2011_VA_04 
"<por>"
	"por" Preposition PREP lang:es 00:02:08 00:02:15 tt-1548 OM023_1962_CT_SU2011_VA_04 @Gram:Prep:Por SUBSTITUTE:238 ADD:483 
"<vivir>"
	"vivir" Verb VLinf Infinitive lang:es 00:02:08 00:02:15 tt-1549 OM023_1962_CT_SU2011_VA_04 SUBSTITUTE:296 
"<con>"
	"con" Preposition PREP lang:es 00:02:08 00:02:15 tt-1550 OM023_1962_CT_SU2011_VA_04 @Gram:Prep ADD:489 
"<más>"
	"más" Adverb ADV lang:es 00:02:08 00:02:15 tt-1551 OM023_1962_CT_SU2011_VA_04 
"<dificultades>"
	"dificultad" Noun NC Plural lang:es 00:02:08 00:02:15 tt-1552 OM023_1962_CT_SU2011_VA_04 
"<,>"
	"," Punctuation CM lang:es 00:02:08 00:02:15 tt-1553 OM023_1962_CT_SU2011_VA_04 
"<yo>"
	"yo" Pronoun PPX Singular lang:es 00:02:08 00:02:15 tt-1554 OM023_1962_CT_SU2011_VA_04 @Gram:Pron:Sujeto ADD:499 
"<creo>"
	"crear|creer" Verb VLfin Pres Indi Sing 1st lang:es 00:02:08 00:02:15 tt-1555 OM023_1962_CT_SU2011_VA_04 
"<que>"
	"que" Conjunction CQUE lang:es 00:02:08 00:02:15 tt-1556 OM023_1962_CT_SU2011_VA_04 
"<me>"
	"yo" Pronoun PPX Singular lang:es 00:02:15 00:02:22 tt-1557 OM023_1962_CT_SU2011_VA_04 @Gram:Pron:Objeto ADD:523 
"<adapté>"
	"UNK" Verb VLfin Pret Indi Sing 1st lang:es 00:02:15 00:02:22 tt-1558 OM023_1962_CT_SU2011_VA_04 @Gram:Indefinido ADD:563 
"<rápido>"
	"rápido" Adjective ADJ Singular lang:es 00:02:15 00:02:22 tt-1559 OM023_1962_CT_SU2011_VA_04 
"<,>"
	"," Punctuation CM lang:es 00:02:15 00:02:22 tt-1560 OM023_1962_CT_SU2011_VA_04 
"<o>"
	"o" Adverb ADV lang:es 00:02:15 00:02:22 tt-1561 OM023_1962_CT_SU2011_VA_04 ID:313 R:Prag:MarcadoresDisc:Igualdad:314 ADDRELATION(Prag:MarcadoresDisc:Igualdad):944 
"<sea>"
	"sea" Adverb ADV lang:es 00:02:15 00:02:22 tt-1562 OM023_1962_CT_SU2011_VA_04 ID:314 
"<,>"
	"," Punctuation CM lang:es 00:02:15 00:02:22 tt-1563 OM023_1962_CT_SU2011_VA_04 
"<creo>"
	"crear|creer" Verb VLfin Pres Indi Sing 1st lang:es 00:02:15 00:02:22 tt-1564 OM023_1962_CT_SU2011_VA_04 
"<que>"
	"que" Conjunction CQUE lang:es 00:02:15 00:02:22 tt-1565 OM023_1962_CT_SU2011_VA_04 
"<fui>"
	"ir|ser" Verb VLfin Pret Indi Sing 1st lang:es 00:02:15 00:02:22 tt-1566 OM023_1962_CT_SU2011_VA_04 @Gram:Indefinido ADD:563 
"<criado>"
	"criar" Verb VLadj lang:es 00:02:15 00:02:22 tt-1567 OM023_1962_CT_SU2011_VA_04 
"<para>"
	"para" Preposition PREP lang:es 00:02:15 00:02:22 tt-1568 OM023_1962_CT_SU2011_VA_04 @Gram:Prep:Para SUBSTITUTE:312 ADD:435 
"<adaptarme>"
	"UNK" Verb VLinf Infinitive lang:es 00:02:15 00:02:22 tt-1569 OM023_1962_CT_SU2011_VA_04 
"<a>"
	"a" Preposition PREP lang:es 00:02:15 00:02:22 tt-1570 OM023_1962_CT_SU2011_VA_04 @Gram:Prep ADD:489 
"<cualquier>"
	"cualquier" Determiner QU lang:es 00:02:15 00:02:22 tt-1571 OM023_1962_CT_SU2011_VA_04 
"<circunstancia>"
	"circunstancia" Noun NC Singular lang:es 00:02:15 00:02:22 tt-1572 OM023_1962_CT_SU2011_VA_04 
"<,>"
	"," Punctuation CM lang:es 00:02:15 00:02:22 tt-1573 OM023_1962_CT_SU2011_VA_04 
"<entonces>"
	"entonces" Adverb ADV lang:es 00:02:23 00:02:30 tt-1574 OM023_1962_CT_SU2011_VA_04 
"<me>"
	"yo" Pronoun PPX Singular lang:es 00:02:23 00:02:30 tt-1575 OM023_1962_CT_SU2011_VA_04 @Gram:Pron:Objeto ADD:523 
"<adapté>"
	"UNK" Verb VLfin Pret Indi Sing 1st lang:es 00:02:23 00:02:30 tt-1576 OM023_1962_CT_SU2011_VA_04 @Gram:Indefinido ADD:563 
"<rápido>"
	"rápido" Adjective ADJ Singular lang:es 00:02:23 00:02:30 tt-1577 OM023_1962_CT_SU2011_VA_04 
"<a>"
	"a" Preposition PREP lang:es 00:02:23 00:02:30 tt-1578 OM023_1962_CT_SU2011_VA_04 @Gram:Prep ADD:489 
"<la>"
	"el" Determiner ART Singular lang:es 00:02:23 00:02:30 tt-1579 OM023_1962_CT_SU2011_VA_04 @Gram:Det:Art ADD:341 
"<vida>"
	"vida" Noun NC Singular lang:es 00:02:23 00:02:30 tt-1580 OM023_1962_CT_SU2011_VA_04 
"<de>"
	"de" Preposition PREP lang:es 00:02:23 00:02:30 tt-1581 OM023_1962_CT_SU2011_VA_04 @Gram:Prep ADD:489 
"<aquí>"
	"aquí" Adverb ADV lang:es 00:02:23 00:02:30 tt-1582 OM023_1962_CT_SU2011_VA_04 
"<,>"
	"," Punctuation CM lang:es 00:02:23 00:02:30 tt-1583 OM023_1962_CT_SU2011_VA_04 
"<y>"
	"y" Conjunction CC lang:es 00:02:23 00:02:30 tt-1584 OM023_1962_CT_SU2011_VA_04 
"<pues>"
	"pues" Conjunction CSUBF lang:es 00:02:23 00:02:30 tt-1585 OM023_1962_CT_SU2011_VA_04 
"<nunca>"
	"nunca" Adverb ADV lang:es 00:02:23 00:02:30 tt-1586 OM023_1962_CT_SU2011_VA_04 
"<he>"
	"haber" Verb VHfin Pres Indi Sing 1st lang:es 00:02:23 00:02:30 tt-1587 OM023_1962_CT_SU2011_VA_04 ID:339 R:Gram:Aux:Haber:340 R:Gram:PerfPerif:340 ADDRELATION():570 
"<tenido>"
	"tener" Verb VLadj lang:es 00:02:23 00:02:30 tt-1588 OM023_1962_CT_SU2011_VA_04 ID:340 
"<conflictos>"
	"conflicto" Noun NC Plural lang:es 00:02:23 00:02:30 tt-1589 OM023_1962_CT_SU2011_VA_04 
"<culturales>"
	"cultural" Adjective ADJ Plural lang:es 00:02:23 00:02:30 tt-1590 OM023_1962_CT_SU2011_VA_04 
"<ni>"
	"ni" Conjunction CCNEG lang:es 00:02:32 00:02:39 tt-1591 OM023_1962_CT_SU2011_VA_04 
"<me>"
	"yo" Pronoun PPX Singular lang:es 00:02:32 00:02:39 tt-1592 OM023_1962_CT_SU2011_VA_04 @Gram:Pron:Objeto ADD:523 
"<he>"
	"haber" Verb VHfin Pres Indi Sing 1st lang:es 00:02:32 00:02:39 tt-1593 OM023_1962_CT_SU2011_VA_04 @Gram:Haber:Exist ADD:680 
"<sentido>"
	"sentido" Noun NC Singular lang:es 00:02:32 00:02:39 tt-1594 OM023_1962_CT_SU2011_VA_04 
"<extraño>"
	"extraño" Adjective ADJ Singular lang:es 00:02:32 00:02:39 tt-1595 OM023_1962_CT_SU2011_VA_04 
"<o>"
	"o" Conjunction CC lang:es 00:02:32 00:02:39 tt-1596 OM023_1962_CT_SU2011_VA_04 
"<extranjero>"
	"extranjero" Adjective ADJ Singular lang:es 00:02:32 00:02:39 tt-1597 OM023_1962_CT_SU2011_VA_04 
"<$.>"
	"." Punctuation FS lang:es 00:02:32 00:02:39 tt-1598 OM023_1962_CT_SU2011_VA_04 

"<Para>"
	"para" Preposition PREP lang:es 00:02:32 00:02:39 tt-1599 OM023_1962_CT_SU2011_VA_04 @Gram:Prep:Para SUBSTITUTE:312 ADD:454 
"<mí>"
	"yo" Pronoun PPX Singular lang:es 00:02:32 00:02:39 tt-1600 OM023_1962_CT_SU2011_VA_04 
"<es>"
	"ser" Verb VSfin Pres Indi Sing 3rd lang:es 00:02:32 00:02:39 tt-1601 OM023_1962_CT_SU2011_VA_04 @Gram:SerEstar:Ser ADD:664 
"<como>"
	"como" Conjunction CSUBX lang:es 00:02:32 00:02:39 tt-1602 OM023_1962_CT_SU2011_VA_04 
"<si>"
	"si" Conjunction CSUBX lang:es 00:02:32 00:02:39 tt-1603 OM023_1962_CT_SU2011_VA_04 
"<estuviera>"
	"estar" Verb VEfin Past Subj Sing 1st_or_3rd lang:es 00:02:32 00:02:39 tt-1604 OM023_1962_CT_SU2011_VA_04 @Gram:MSub:Pret @Gram:SerEstar:Estar ADD:634 ADD:673 
"<en>"
	"en" Preposition PREP lang:es 00:02:32 00:02:39 tt-1605 OM023_1962_CT_SU2011_VA_04 @Gram:Prep ADD:489 
"<otro>"
	"otro" Determiner QU lang:es 00:02:32 00:02:39 tt-1606 OM023_1962_CT_SU2011_VA_04 
"<barrio>"
	"barrio" Noun NC Singular lang:es 00:02:32 00:02:39 tt-1607 OM023_1962_CT_SU2011_VA_04 
"<de>"
	"de" Preposition PREP lang:es 00:02:32 00:02:39 tt-1608 OM023_1962_CT_SU2011_VA_04 @Gram:Prep ADD:489 
"<mi>"
	"mío" Pronoun PPO Singular lang:es 00:02:42 00:02:47 tt-1609 OM023_1962_CT_SU2011_VA_04 @Gram:Det:Pos ADD:367 
"<país>"
	"país" Noun NC Plural lang:es 00:02:42 00:02:47 tt-1610 OM023_1962_CT_SU2011_VA_04 
"<con>"
	"con" Preposition PREP lang:es 00:02:42 00:02:47 tt-1611 OM023_1962_CT_SU2011_VA_04 @Gram:Prep ADD:489 
"<otra>"
	"otro" Determiner QU lang:es 00:02:42 00:02:47 tt-1612 OM023_1962_CT_SU2011_VA_04 
"<gente>"
	"gente" Noun NC Singular lang:es 00:02:42 00:02:47 tt-1613 OM023_1962_CT_SU2011_VA_04 
"<,>"
	"," Punctuation CM lang:es 00:02:42 00:02:47 tt-1614 OM023_1962_CT_SU2011_VA_04 
"<o>"
	"o" Adverb ADV lang:es 00:02:42 00:02:47 tt-1615 OM023_1962_CT_SU2011_VA_04 ID:367 R:Prag:MarcadoresDisc:Igualdad:368 ADDRELATION(Prag:MarcadoresDisc:Igualdad):944 
"<sea>"
	"sea" Adverb ADV lang:es 00:02:42 00:02:47 tt-1616 OM023_1962_CT_SU2011_VA_04 ID:368 
"<nada>"
	"nada" Determiner QU lang:es 00:02:42 00:02:47 tt-1617 OM023_1962_CT_SU2011_VA_04 
"<más>"
	"más" Adverb ADV lang:es 00:02:42 00:02:47 tt-1618 OM023_1962_CT_SU2011_VA_04 
"<me>"
	"yo" Pronoun PPX Singular lang:es 00:02:42 00:02:47 tt-1619 OM023_1962_CT_SU2011_VA_04 @Gram:Pron:Objeto ADD:523 
"<adapté>"
	"UNK" Verb VLfin Pret Indi Sing 1st lang:es 00:02:42 00:02:47 tt-1620 OM023_1962_CT_SU2011_VA_04 @Gram:Indefinido ADD:563 
"<a>"
	"a" Preposition PREP lang:es 00:02:42 00:02:47 tt-1621 OM023_1962_CT_SU2011_VA_04 @Gram:Prep ADD:489 
"<la>"
	"el" Determiner ART Singular lang:es 00:02:42 00:02:47 tt-1622 OM023_1962_CT_SU2011_VA_04 @Gram:Det:Art ADD:341 
"<cultura>"
	"cultura" Noun NC Singular lang:es 00:02:42 00:02:47 tt-1623 OM023_1962_CT_SU2011_VA_04 
"<,>"
	"," Punctuation CM lang:es 00:02:42 00:02:47 tt-1624 OM023_1962_CT_SU2011_VA_04 
"<a>"
	"a" Preposition PREP lang:es 00:02:42 00:02:47 tt-1625 OM023_1962_CT_SU2011_VA_04 @Gram:Prep ADD:489 
"<la>"
	"el" Determiner ART Singular lang:es 00:02:42 00:02:47 tt-1626 OM023_1962_CT_SU2011_VA_04 @Gram:Det:Art ADD:341 
"<gente>"
	"gente" Noun NC Singular lang:es 00:02:42 00:02:47 tt-1627 OM023_1962_CT_SU2011_VA_04 
"<,>"
	"," Punctuation CM lang:es 00:02:42 00:02:47 tt-1628 OM023_1962_CT_SU2011_VA_04 
"<al>"
	"al" Preposition PAL lang:es 00:02:42 00:02:47 tt-1629 OM023_1962_CT_SU2011_VA_04 @Gram:Prep ADD:489 
"<idioma>"
	"idioma" Noun NC Singular lang:es 00:02:42 00:02:47 tt-1630 OM023_1962_CT_SU2011_VA_04 
"<$.>"
	"." Punctuation FS lang:es 00:02:42 00:02:47 tt-1631 OM023_1962_CT_SU2011_VA_04 

"<No>"
	"no" Adverb NEG lang:es 00:02:47 00:02:52 tt-1632 OM023_1962_CT_SU2011_VA_04 
"<me>"
	"yo" Pronoun PPX Singular lang:es 00:02:47 00:02:52 tt-1633 OM023_1962_CT_SU2011_VA_04 @Gram:Pron:Objeto ADD:523 
"<ha>"
	"haber" Verb VHfin Pres Indi Sing 3rd lang:es 00:02:47 00:02:52 tt-1634 OM023_1962_CT_SU2011_VA_04 ID:386 R:Gram:SerEstar:Ser:387 R:Gram:Aux:Haber:387 R:Gram:PerfPerif:387 ADDRELATION():570 ADDRELATION(Gram:SerEstar:Ser):666 
"<sido>"
	"ser" Verb VSadj Participle lang:es 00:02:47 00:02:52 tt-1635 OM023_1962_CT_SU2011_VA_04 ID:387 
"<difícil>"
	"difícil" Adjective ADJ Singular lang:es 00:02:47 00:02:52 tt-1636 OM023_1962_CT_SU2011_VA_04 
"<$.>"
	"." Punctuation FS lang:es 00:02:47 00:02:52 tt-1637 OM023_1962_CT_SU2011_VA_04 
</speaker>
</text>

