<text id="OM039_1985_CT_SU2011_ER_09">
<speaker type="int">
"<Y>"
	"Y" Other ALFS lang:es 00:00:00 00:00:07 tt-3496 OM039_1985_CT_SU2011_ER_09 
"<,>"
	"," Punctuation CM lang:es 00:00:00 00:00:07 tt-3497 OM039_1985_CT_SU2011_ER_09 
"<bueno>"
	"bueno" Adjective ADJ Singular lang:es 00:00:00 00:00:07 tt-3498 OM039_1985_CT_SU2011_ER_09 
"<,>"
	"," Punctuation CM lang:es 00:00:00 00:00:07 tt-3499 OM039_1985_CT_SU2011_ER_09 
"<yéndonos>"
	"ir" Verb VLadj lang:es 00:00:00 00:00:07 tt-3500 OM039_1985_CT_SU2011_ER_09 
"<a>"
	"a" Preposition PREP lang:es 00:00:00 00:00:07 tt-3501 OM039_1985_CT_SU2011_ER_09 @Gram:Prep ADD:489 
"<ese>"
	"ese" Determiner DM Singular lang:es 00:00:00 00:00:07 tt-3502 OM039_1985_CT_SU2011_ER_09 
"<...>"
	"..." Punctuation DOTS lang:es 00:00:00 00:00:07 tt-3503 OM039_1985_CT_SU2011_ER_09 
"<a>"
	"a" Preposition PREP lang:es 00:00:00 00:00:07 tt-3504 OM039_1985_CT_SU2011_ER_09 @Gram:Prep ADD:489 
"<ese>"
	"ese" Determiner DM Singular lang:es 00:00:00 00:00:07 tt-3505 OM039_1985_CT_SU2011_ER_09 @Gram:Det:Demo ID:10 R:Gram:Genero:ExcepMasc:11 ADD:353 ADDRELATION(Gram:Genero:ExcepMasc):388 
"<tema>"
	"tema" Noun NC Singular lang:es 00:00:00 00:00:07 tt-3506 OM039_1985_CT_SU2011_ER_09 ID:11 
"<,>"
	"," Punctuation CM lang:es 00:00:00 00:00:07 tt-3507 OM039_1985_CT_SU2011_ER_09 
"<$¿>"
	"¿" Punctuation FS lang:es 00:00:00 00:00:07 tt-3508 OM039_1985_CT_SU2011_ER_09 
"<tú>"
	"tú" Pronoun PPX Singular lang:es 00:00:00 00:00:07 tt-3509 OM039_1985_CT_SU2011_ER_09 @Gram:Pron:Sujeto ADD:499 
"<crees>"
	"crear|creer" Verb VLfin Pres Indi Sing 2nd lang:es 00:00:00 00:00:07 tt-3510 OM039_1985_CT_SU2011_ER_09 
"<que>"
	"que" Conjunction CQUE lang:es 00:00:00 00:00:07 tt-3511 OM039_1985_CT_SU2011_ER_09 
"<alguna>"
	"alguno" Determiner QU lang:es 00:00:00 00:00:07 tt-3512 OM039_1985_CT_SU2011_ER_09 
"<vez>"
	"vez" Noun NC Singular lang:es 00:00:00 00:00:07 tt-3513 OM039_1985_CT_SU2011_ER_09 
"<mezclas>"
	"mezclar" Verb VLfin Pres Indi Sing 2nd lang:es 00:00:00 00:00:07 tt-3514 OM039_1985_CT_SU2011_ER_09 
"<los>"
	"el" Determiner ART Plural lang:es 00:00:00 00:00:07 tt-3515 OM039_1985_CT_SU2011_ER_09 @Gram:Det:Art ADD:341 
"<dos>"
	"dos" Determiner CARD Plural lang:es 00:00:00 00:00:07 tt-3516 OM039_1985_CT_SU2011_ER_09 
"<lenguajes>"
	"lenguaje" Noun NC Plural lang:es 00:00:07 00:00:08 tt-3517 OM039_1985_CT_SU2011_ER_09 
"<$?>"
	"?" Punctuation FS lang:es 00:00:07 00:00:08 tt-3518 OM039_1985_CT_SU2011_ER_09 
</speaker>
<speaker type="subj">

"<...>"
	"..." Punctuation DOTS lang:es 00:00:08 00:00:14 tt-3520 OM039_1985_CT_SU2011_ER_09 
"<sí>"
	"sí" Adverb ADV lang:es 00:00:08 00:00:14 tt-3521 OM039_1985_CT_SU2011_ER_09 
"<,>"
	"," Punctuation CM lang:es 00:00:08 00:00:14 tt-3522 OM039_1985_CT_SU2011_ER_09 
"<a>"
	"a" Adverb ADV lang:es 00:00:08 00:00:14 tt-3523 OM039_1985_CT_SU2011_ER_09 
"<veces>"
	"veces" Adverb ADV lang:es 00:00:08 00:00:14 tt-3524 OM039_1985_CT_SU2011_ER_09 
"<$.>"
	"." Punctuation FS lang:es 00:00:08 00:00:14 tt-3525 OM039_1985_CT_SU2011_ER_09 

"<Sobre>"
	"sobre" Adverb ADV lang:es 00:00:08 00:00:14 tt-3526 OM039_1985_CT_SU2011_ER_09 
"<todo>"
	"todo" Adverb ADV lang:es 00:00:08 00:00:14 tt-3527 OM039_1985_CT_SU2011_ER_09 
"<con>"
	"con" Preposition PREP lang:es 00:00:08 00:00:14 tt-3528 OM039_1985_CT_SU2011_ER_09 @Gram:Prep ADD:489 
"<mis>"
	"mío" Pronoun PPO Plural lang:es 00:00:08 00:00:14 tt-3529 OM039_1985_CT_SU2011_ER_09 @Gram:Det:Pos SUBSTITUTE:285 ADD:368 
"<hermanos>"
	"hermano" Noun NC Plural lang:es 00:00:08 00:00:14 tt-3530 OM039_1985_CT_SU2011_ER_09 
"<o>"
	"o" Conjunction CC lang:es 00:00:08 00:00:14 tt-3531 OM039_1985_CT_SU2011_ER_09 
"<a>"
	"a" Adverb ADV lang:es 00:00:08 00:00:14 tt-3532 OM039_1985_CT_SU2011_ER_09 
"<veces>"
	"veces" Adverb ADV lang:es 00:00:08 00:00:14 tt-3533 OM039_1985_CT_SU2011_ER_09 
"<así>"
	"así" Conjunction CSUBF lang:es 00:00:08 00:00:14 tt-3534 OM039_1985_CT_SU2011_ER_09 
"<como>"
	"como" Conjunction CSUBF lang:es 00:00:08 00:00:14 tt-3535 OM039_1985_CT_SU2011_ER_09 
"<conversando>"
	"conversar" Verb VLger lang:es 00:00:08 00:00:14 tt-3536 OM039_1985_CT_SU2011_ER_09 
"<contigo>"
	"UNK" Noun NC Singular lang:es 00:00:08 00:00:14 tt-3537 OM039_1985_CT_SU2011_ER_09 
"<se>"
	"se" Other SE lang:es 00:00:14 00:00:21 tt-3538 OM039_1985_CT_SU2011_ER_09 
"<sale>"
	"salar" Verb VLfin Pres Subj Sing 1st_or_3rd lang:es 00:00:14 00:00:21 tt-3539 OM039_1985_CT_SU2011_ER_09 @Gram:MSub:Pres ADD:633 
"<alguna>"
	"alguno" Determiner QU lang:es 00:00:14 00:00:21 tt-3540 OM039_1985_CT_SU2011_ER_09 
"<que>"
	"que" Conjunction CQUE lang:es 00:00:14 00:00:21 tt-3541 OM039_1985_CT_SU2011_ER_09 
"<otra>"
	"otro" Determiner QU lang:es 00:00:14 00:00:21 tt-3542 OM039_1985_CT_SU2011_ER_09 
"<palabra>"
	"palabra" Noun NC Singular lang:es 00:00:14 00:00:21 tt-3543 OM039_1985_CT_SU2011_ER_09 
"<en>"
	"en" Preposition PREP lang:es 00:00:14 00:00:21 tt-3544 OM039_1985_CT_SU2011_ER_09 @Gram:Prep ADD:489 
"<inglés>"
	"inglés" Noun NC Plural lang:es 00:00:14 00:00:21 tt-3545 OM039_1985_CT_SU2011_ER_09 
"<...>"
	"..." Punctuation DOTS lang:es 00:00:14 00:00:21 tt-3547 OM039_1985_CT_SU2011_ER_09 
"<o>"
	"o" Conjunction CC lang:es 00:00:14 00:00:21 tt-3548 OM039_1985_CT_SU2011_ER_09 
"<a>"
	"a" Adverb ADV lang:es 00:00:14 00:00:21 tt-3549 OM039_1985_CT_SU2011_ER_09 
"<veces>"
	"veces" Adverb ADV lang:es 00:00:14 00:00:21 tt-3550 OM039_1985_CT_SU2011_ER_09 
"<,>"
	"," Punctuation CM lang:es 00:00:14 00:00:21 tt-3551 OM039_1985_CT_SU2011_ER_09 
"<lo>"
	"el" Determiner ART Singular lang:es 00:00:14 00:00:21 tt-3552 OM039_1985_CT_SU2011_ER_09 
"<que>"
	"que" Conjunction CQUE lang:es 00:00:14 00:00:21 tt-3553 OM039_1985_CT_SU2011_ER_09 
"<acabas>"
	"acabar" Verb VLfin Imp Indi Sing 2nd lang:es 00:00:14 00:00:21 tt-3554 OM039_1985_CT_SU2011_ER_09 @Gram:Imperf ADD:554 
"<de>"
	"de" Preposition PREP lang:es 00:00:14 00:00:21 tt-3555 OM039_1985_CT_SU2011_ER_09 @Gram:Prep ADD:489 
"<comentar>"
	"comentar" Verb VLinf Infinitive lang:es 00:00:14 00:00:21 tt-3556 OM039_1985_CT_SU2011_ER_09 SUBSTITUTE:296 
"<,>"
	"," Punctuation CM lang:es 00:00:14 00:00:21 tt-3557 OM039_1985_CT_SU2011_ER_09 
"<algunas>"
	"alguno" Determiner QU lang:es 00:00:21 00:00:28 tt-3558 OM039_1985_CT_SU2011_ER_09 
"<palabras>"
	"palabra" Noun NC Plural lang:es 00:00:21 00:00:28 tt-3559 OM039_1985_CT_SU2011_ER_09 
"<eh>"
	"eh" Noun NP Singular lang:es 00:00:21 00:00:28 tt-3560 OM039_1985_CT_SU2011_ER_09 
"<...>"
	"..." Punctuation DOTS lang:es 00:00:21 00:00:28 tt-3561 OM039_1985_CT_SU2011_ER_09 
"<en>"
	"en" Preposition PREP lang:es 00:00:21 00:00:28 tt-3562 OM039_1985_CT_SU2011_ER_09 @Gram:Prep ADD:489 
"<inglés>"
	"inglés" Noun NC Plural lang:es 00:00:21 00:00:28 tt-3563 OM039_1985_CT_SU2011_ER_09 
"<como>"
	"como" Adverb ADV lang:es 00:00:21 00:00:28 tt-3564 OM039_1985_CT_SU2011_ER_09 
"<que>"
	"que" Conjunction CQUE lang:es 00:00:21 00:00:28 tt-3565 OM039_1985_CT_SU2011_ER_09 
"<se>"
	"se" Other SE lang:es 00:00:21 00:00:28 tt-3566 OM039_1985_CT_SU2011_ER_09 @Gram:Pron:Otros ADD:542 
"<...>"
	"..." Punctuation DOTS lang:es 00:00:21 00:00:28 tt-3567 OM039_1985_CT_SU2011_ER_09 
"<se>"
	"se" Other SE lang:es 00:00:21 00:00:28 tt-3568 OM039_1985_CT_SU2011_ER_09 @Gram:Pron:Otros ADD:542 
"<español>"
	"español" Noun NC Singular lang:es 00:00:21 00:00:28 tt-3569 OM039_1985_CT_SU2011_ER_09 
"<...>"
	"..." Punctuation DOTS lang:es 00:00:21 00:00:28 tt-3570 OM039_1985_CT_SU2011_ER_09 
"<castellanizan>"
	"UNK" Verb VLfin Pres Indi Plural 3rd lang:es 00:00:21 00:00:28 tt-3571 OM039_1985_CT_SU2011_ER_09 
"<,>"
	"," Punctuation CM lang:es 00:00:21 00:00:28 tt-3572 OM039_1985_CT_SU2011_ER_09 
"<no>"
	"no" Adverb NEG lang:es 00:00:21 00:00:28 tt-3573 OM039_1985_CT_SU2011_ER_09 
"<españolizan>"
	"UNK" Verb VLfin Pres Indi Plural 3rd lang:es 00:00:21 00:00:28 tt-3574 OM039_1985_CT_SU2011_ER_09 
"<,>"
	"," Punctuation CM lang:es 00:00:21 00:00:28 tt-3575 OM039_1985_CT_SU2011_ER_09 
"<no>"
	"no" Adverb NEG lang:es 00:00:31 00:00:33 tt-3576 OM039_1985_CT_SU2011_ER_09 
"<puedo>"
	"poder" Verb VLfin Pres Indi Sing 1st lang:es 00:00:31 00:00:33 tt-3577 OM039_1985_CT_SU2011_ER_09 
"<decir>"
	"decir" Verb VLinf Infinitive lang:es 00:00:31 00:00:33 tt-3578 OM039_1985_CT_SU2011_ER_09 SUBSTITUTE:296 
"<españolizan>"
	"UNK" Noun NC Singular lang:es 00:00:31 00:00:33 tt-3579 OM039_1985_CT_SU2011_ER_09 
"<$.>"
	"." Punctuation FS lang:es 00:00:31 00:00:33 tt-3580 OM039_1985_CT_SU2011_ER_09 
</speaker>
<speaker type="int">

"<Oye>"
	"oír" Verb VLfin Pres Indi_Command Sing 2nd_3rd lang:es 00:00:33 00:00:37 tt-3581 OM039_1985_CT_SU2011_ER_09 SUBSTITUTE:261 
"<y>"
	"y" Conjunction CC lang:es 00:00:33 00:00:37 tt-3582 OM039_1985_CT_SU2011_ER_09 
"<$¿>"
	"¿" Punctuation FS lang:es 00:00:33 00:00:37 tt-3583 OM039_1985_CT_SU2011_ER_09 
"<Crees>"
	"crear|creer" Verb VLfin Pres Indi Sing 2nd lang:es 00:00:33 00:00:37 tt-3584 OM039_1985_CT_SU2011_ER_09 
"<que>"
	"que" Conjunction CQUE lang:es 00:00:33 00:00:37 tt-3585 OM039_1985_CT_SU2011_ER_09 
"<lo>"
	"el" Determiner ART Singular lang:es 00:00:33 00:00:37 tt-3586 OM039_1985_CT_SU2011_ER_09 
"<haces>"
	"haz" Noun NC Plural lang:es 00:00:33 00:00:37 tt-3587 OM039_1985_CT_SU2011_ER_09 
"<conscientemente>"
	"consciente" Adverb ADV lang:es 00:00:33 00:00:37 tt-3588 OM039_1985_CT_SU2011_ER_09 
"<o>"
	"o" Conjunction CC lang:es 00:00:33 00:00:37 tt-3589 OM039_1985_CT_SU2011_ER_09 
"<te>"
	"tú" Pronoun PPX Singular lang:es 00:00:33 00:00:37 tt-3590 OM039_1985_CT_SU2011_ER_09 @Gram:Pron:Objeto ADD:523 
"<viene>"
	"venir" Verb VLfin Pres Indi Sing 3rd lang:es 00:00:33 00:00:37 tt-3591 OM039_1985_CT_SU2011_ER_09 
"<así>"
	"así" Adverb ADV lang:es 00:00:33 00:00:37 tt-3592 OM039_1985_CT_SU2011_ER_09 
"<naturalmente>"
	"naturalmente" Adverb ADV lang:es 00:00:33 00:00:37 tt-3593 OM039_1985_CT_SU2011_ER_09 
"<$?>"
	"?" Punctuation FS lang:es 00:00:33 00:00:37 tt-3594 OM039_1985_CT_SU2011_ER_09 
</speaker>
<speaker type="subj">

"<Me>"
	"yo" Pronoun PPX Singular lang:es 00:00:37 00:00:44 tt-3595 OM039_1985_CT_SU2011_ER_09 @Gram:Pron:Objeto ADD:523 
"<viene>"
	"venir" Verb VLfin Pres Indi Sing 3rd lang:es 00:00:37 00:00:44 tt-3596 OM039_1985_CT_SU2011_ER_09 
"<natural>"
	"natural" Adjective ADJ Singular lang:es 00:00:37 00:00:44 tt-3597 OM039_1985_CT_SU2011_ER_09 
"<,>"
	"," Punctuation CM lang:es 00:00:37 00:00:44 tt-3598 OM039_1985_CT_SU2011_ER_09 
"<como>"
	"como" Conjunction CSUBX lang:es 00:00:37 00:00:44 tt-3599 OM039_1985_CT_SU2011_ER_09 
"<lo>"
	"el" Determiner ART Singular lang:es 00:00:37 00:00:44 tt-3600 OM039_1985_CT_SU2011_ER_09 
"<que>"
	"que" Conjunction CQUE lang:es 00:00:37 00:00:44 tt-3601 OM039_1985_CT_SU2011_ER_09 
"<dices>"
	"decir" Verb VLfin Pres Indi Sing 2nd lang:es 00:00:37 00:00:44 tt-3602 OM039_1985_CT_SU2011_ER_09 
"<,>"
	"," Punctuation CM lang:es 00:00:37 00:00:44 tt-3603 OM039_1985_CT_SU2011_ER_09 
"<parkear>"
	"UNK" Noun NC Singular lang:es 00:00:37 00:00:44 tt-3604 OM039_1985_CT_SU2011_ER_09 
"<,>"
	"," Punctuation CM lang:es 00:00:37 00:00:44 tt-3605 OM039_1985_CT_SU2011_ER_09 
"<eso>"
	"ese" Determiner DM Singular lang:es 00:00:37 00:00:44 tt-3606 OM039_1985_CT_SU2011_ER_09 
"<...>"
	"..." Punctuation DOTS lang:es 00:00:37 00:00:44 tt-3607 OM039_1985_CT_SU2011_ER_09 
"<por>"
	"por" Preposition PREP lang:es 00:00:37 00:00:44 tt-3608 OM039_1985_CT_SU2011_ER_09 @Gram:Prep:Por ID:111 R:Prag:MarcadoresDisc:Igualdad:112 SUBSTITUTE:238 ADD:471 ADDRELATION(Prag:MarcadoresDisc:Igualdad):939 
"<ejemplo>"
	"ejemplo" Adverb ADV lang:es 00:00:37 00:00:44 tt-3609 OM039_1985_CT_SU2011_ER_09 ID:112 
"<$.>"
	"." Punctuation FS lang:es 00:00:37 00:00:44 tt-3610 OM039_1985_CT_SU2011_ER_09 

"<Eso>"
	"ese" Determiner DM Singular lang:es 00:00:37 00:00:44 tt-3611 OM039_1985_CT_SU2011_ER_09 
"<,>"
	"," Punctuation CM lang:es 00:00:37 00:00:44 tt-3612 OM039_1985_CT_SU2011_ER_09 
"<por>"
	"por" Preposition PREP lang:es 00:00:37 00:00:44 tt-3613 OM039_1985_CT_SU2011_ER_09 @Gram:Prep:Por ID:116 R:Prag:MarcadoresDisc:Igualdad:117 SUBSTITUTE:238 ADD:471 ADDRELATION(Prag:MarcadoresDisc:Igualdad):939 
"<ejemplo>"
	"ejemplo" Adverb ADV lang:es 00:00:37 00:00:44 tt-3614 OM039_1985_CT_SU2011_ER_09 ID:117 
"<,>"
	"," Punctuation CM lang:es 00:00:37 00:00:44 tt-3615 OM039_1985_CT_SU2011_ER_09 
"<cuando>"
	"cuando" Conjunction CSUBX lang:es 00:00:44 00:00:49 tt-3616 OM039_1985_CT_SU2011_ER_09 
"<vivía>"
	"vivir" Verb VLfin Imp Indi Sing 1st_or_3rd lang:es 00:00:44 00:00:49 tt-3617 OM039_1985_CT_SU2011_ER_09 @Gram:Imperf ADD:554 
"<en>"
	"en" Preposition PREP lang:es 00:00:44 00:00:49 tt-3618 OM039_1985_CT_SU2011_ER_09 @Gram:Prep ADD:489 
"<Perú>"
	"Perú" Noun NP Singular lang:es 00:00:44 00:00:49 tt-3619 OM039_1985_CT_SU2011_ER_09 
"<jamás>"
	"jamás" Adverb ADV lang:es 00:00:44 00:00:49 tt-3620 OM039_1985_CT_SU2011_ER_09 
"<se>"
	"se" Other SE lang:es 00:00:44 00:00:49 tt-3621 OM039_1985_CT_SU2011_ER_09 @Gram:Pron:Otros ADD:542 
"<me>"
	"yo" Pronoun PPX Singular lang:es 00:00:44 00:00:49 tt-3622 OM039_1985_CT_SU2011_ER_09 @Gram:Pron:Objeto ADD:523 
"<hubiera>"
	"haber" Verb VHfin Past Subj Sing 1st_or_3rd lang:es 00:00:44 00:00:49 tt-3623 OM039_1985_CT_SU2011_ER_09 ID:126 R:Gram:MSub:Pret:127 ADDRELATION(Gram:MSub:Pret):636 
"<ocurrido>"
	"ocurrir" Verb VLadj lang:es 00:00:44 00:00:49 tt-3624 OM039_1985_CT_SU2011_ER_09 ID:127 
"<decir>"
	"decir" Verb VLinf Infinitive lang:es 00:00:44 00:00:49 tt-3625 OM039_1985_CT_SU2011_ER_09 SUBSTITUTE:296 
"<parkear>"
	"UNK" Noun NC Singular lang:es 00:00:44 00:00:49 tt-3626 OM039_1985_CT_SU2011_ER_09 
"<$.>"
	"." Punctuation FS lang:es 00:00:44 00:00:49 tt-3627 OM039_1985_CT_SU2011_ER_09 

"<Hubiera>"
	"haber" Verb VHfin Past Subj Sing 1st_or_3rd lang:es 00:00:44 00:00:49 tt-3628 OM039_1985_CT_SU2011_ER_09 ID:131 R:Gram:MSub:Pret:132 ADDRELATION(Gram:MSub:Pret):636 
"<dicho>"
	"decir" Verbo VLadj lang:es 00:00:44 00:00:49 tt-3629 OM039_1985_CT_SU2011_ER_09 ID:132 SUBSTITUTE:256 
"<,>"
	"," Punctuation CM lang:es 00:00:44 00:00:49 tt-3630 OM039_1985_CT_SU2011_ER_09 
"<$¿>"
	"¿" Punctuation FS lang:es 00:00:44 00:00:49 tt-3631 OM039_1985_CT_SU2011_ER_09 
"<por>"
	"por" Preposition PREP lang:es 00:00:44 00:00:49 tt-3632 OM039_1985_CT_SU2011_ER_09 @Gram:Prep:Por SUBSTITUTE:238 ADD:483 
"<favor>"
	"favor" Noun NC Singular lang:es 00:00:49 00:00:55 tt-3633 OM039_1985_CT_SU2011_ER_09 
"<estacionas>"
	"UNK" Verb VLfin Pres Indi Sing 2nd lang:es 00:00:49 00:00:55 tt-3634 OM039_1985_CT_SU2011_ER_09 
"<,>"
	"," Punctuation CM lang:es 00:00:49 00:00:55 tt-3635 OM039_1985_CT_SU2011_ER_09 
"<estaciónate>"
	"UNK" Verb VLfin Pres Command Sing 2nd lang:es 00:00:49 00:00:55 tt-3636 OM039_1985_CT_SU2011_ER_09 @Gram:MImp:Informal ADD:644 
"<ahí>"
	"ahí" Adverb ADV lang:es 00:00:49 00:00:55 tt-3637 OM039_1985_CT_SU2011_ER_09 
"<$?>"
	"?" Punctuation FS lang:es 00:00:49 00:00:55 tt-3638 OM039_1985_CT_SU2011_ER_09 

"<O>"
	"o" Conjunction CC lang:es 00:00:49 00:00:55 tt-3639 OM039_1985_CT_SU2011_ER_09 
"<,>"
	"," Punctuation CM lang:es 00:00:49 00:00:55 tt-3640 OM039_1985_CT_SU2011_ER_09 
"<allí>"
	"allí" Adverb ADV lang:es 00:00:49 00:00:55 tt-3641 OM039_1985_CT_SU2011_ER_09 
"<hay>"
	"haber" Verb VHfin Pres Indi Sing 3rd lang:es 00:00:49 00:00:55 tt-3642 OM039_1985_CT_SU2011_ER_09 @Gram:Haber:Exist ADD:680 
"<un>"
	"un" Determiner ART Singular lang:es 00:00:49 00:00:55 tt-3643 OM039_1985_CT_SU2011_ER_09 
"<estacionamiento>"
	"estacionamiento" Noun NC Singular lang:es 00:00:49 00:00:55 tt-3644 OM039_1985_CT_SU2011_ER_09 
"<$.>"
	"." Punctuation FS lang:es 00:00:49 00:00:55 tt-3645 OM039_1985_CT_SU2011_ER_09 

"<Y>"
	"y" Conjunction CC lang:es 00:00:49 00:00:55 tt-3646 OM039_1985_CT_SU2011_ER_09 
"<no>"
	"no" Adverb NEG lang:es 00:00:49 00:00:55 tt-3647 OM039_1985_CT_SU2011_ER_09 
"<,>"
	"," Punctuation CM lang:es 00:00:49 00:00:55 tt-3648 OM039_1985_CT_SU2011_ER_09 
"<ahora>"
	"ahora" Adverb ADV lang:es 00:00:49 00:00:55 tt-3649 OM039_1985_CT_SU2011_ER_09 
"<es>"
	"ser" Verb VSfin Pres Indi Sing 3rd lang:es 00:00:49 00:00:55 tt-3650 OM039_1985_CT_SU2011_ER_09 @Gram:SerEstar:Ser ADD:664 
"<todo>"
	"todo" Determiner QU lang:es 00:00:49 00:00:55 tt-3651 OM039_1985_CT_SU2011_ER_09 
"<o>"
	"o" Conjunction CC lang:es 00:00:55 00:00:58 tt-3653 OM039_1985_CT_SU2011_ER_09 
"<parquéate>"
	"UNK" Noun NC Singular lang:es 00:00:55 00:00:58 tt-3654 OM039_1985_CT_SU2011_ER_09 
"<ahí>"
	"ahí" Adverb ADV lang:es 00:00:55 00:00:58 tt-3655 OM039_1985_CT_SU2011_ER_09 
"<,>"
	"," Punctuation CM lang:es 00:00:55 00:00:58 tt-3656 OM039_1985_CT_SU2011_ER_09 
"<sí>"
	"sí" Adverb ADV lang:es 00:00:55 00:00:58 tt-3657 OM039_1985_CT_SU2011_ER_09 
"<$.>"
	"." Punctuation FS lang:es 00:00:55 00:00:58 tt-3658 OM039_1985_CT_SU2011_ER_09 
</speaker>
<speaker type="int">

"<Y>"
	"Y" Other ALFS lang:es 00:00:58 00:01:05 tt-3659 OM039_1985_CT_SU2011_ER_09 
"<,>"
	"," Punctuation CM lang:es 00:00:58 00:01:05 tt-3660 OM039_1985_CT_SU2011_ER_09 
"<$¿>"
	"¿" Punctuation FS lang:es 00:00:58 00:01:05 tt-3661 OM039_1985_CT_SU2011_ER_09 
"<qué>"
	"qué" Pronoun INT Singular lang:es 00:00:58 00:01:05 tt-3662 OM039_1985_CT_SU2011_ER_09 
"<opinas>"
	"opinar" Verb VLfin Pres Indi Sing 2nd lang:es 00:00:58 00:01:05 tt-3663 OM039_1985_CT_SU2011_ER_09 
"<de>"
	"de" Preposition PREP lang:es 00:00:58 00:01:05 tt-3664 OM039_1985_CT_SU2011_ER_09 @Gram:Prep ADD:489 
"<ese>"
	"ese" Determiner DM Singular lang:es 00:00:58 00:01:05 tt-3665 OM039_1985_CT_SU2011_ER_09 @Gram:Det:Demo ADD:353 
"<fenómeno>"
	"fenómeno" Noun NC Singular lang:es 00:00:58 00:01:05 tt-3666 OM039_1985_CT_SU2011_ER_09 
"<que>"
	"que" Conjunction CQUE lang:es 00:00:58 00:01:05 tt-3667 OM039_1985_CT_SU2011_ER_09 
"<se>"
	"se" Other SE lang:es 00:00:58 00:01:05 tt-3668 OM039_1985_CT_SU2011_ER_09 
"<ve>"
	"ver" Verb VLfin Pres Indi Sing 3rd lang:es 00:00:58 00:01:05 tt-3669 OM039_1985_CT_SU2011_ER_09 
"<especialmente>"
	"especialmente" Adverb ADV lang:es 00:00:58 00:01:05 tt-3670 OM039_1985_CT_SU2011_ER_09 
"<mucho>"
	"mucho" Adverb ADV lang:es 00:00:58 00:01:05 tt-3671 OM039_1985_CT_SU2011_ER_09 
"<en>"
	"en" Preposition PREP lang:es 00:00:58 00:01:05 tt-3672 OM039_1985_CT_SU2011_ER_09 @Gram:Prep ADD:489 
"<un>"
	"un" Determiner ART Singular lang:es 00:00:58 00:01:05 tt-3673 OM039_1985_CT_SU2011_ER_09 
"<estado>"
	"estado" Noun NC Singular lang:es 00:00:58 00:01:05 tt-3674 OM039_1985_CT_SU2011_ER_09 
"<como>"
	"como" Adverb ADV lang:es 00:00:58 00:01:05 tt-3675 OM039_1985_CT_SU2011_ER_09 
"<en>"
	"en" Preposition PREP lang:es 00:01:05 00:01:08 tt-3676 OM039_1985_CT_SU2011_ER_09 @Gram:Prep ADD:489 
"<,>"
	"," Punctuation CM lang:es 00:01:05 00:01:08 tt-3678 OM039_1985_CT_SU2011_ER_09 
"<$¿>"
	"¿" Punctuation FS lang:es 00:01:05 00:01:08 tt-3679 OM039_1985_CT_SU2011_ER_09 
"<no>"
	"no" Adverb NEG lang:es 00:01:05 00:01:08 tt-3680 OM039_1985_CT_SU2011_ER_09 
"<$?>"
	"?" Punctuation FS lang:es 00:01:05 00:01:08 tt-3681 OM039_1985_CT_SU2011_ER_09 

"<el>"
	"el" Determiner ART Singular lang:es 00:01:05 00:01:08 tt-3682 OM039_1985_CT_SU2011_ER_09 @Gram:Det:Art ADD:341 
"<uso>"
	"uso" Noun NC Singular lang:es 00:01:05 00:01:08 tt-3683 OM039_1985_CT_SU2011_ER_09 
"<,>"
	"," Punctuation CM lang:es 00:01:05 00:01:08 tt-3684 OM039_1985_CT_SU2011_ER_09 
"<como>"
	"como" Conjunction CSUBX lang:es 00:01:05 00:01:08 tt-3685 OM039_1985_CT_SU2011_ER_09 
"<le>"
	"él" Pronoun PPC Singular lang:es 00:01:05 00:01:08 tt-3686 OM039_1985_CT_SU2011_ER_09 @Gram:Pron:Objeto ADD:529 
"<llaman>"
	"llamar" Verb VLfin Pres Indi Plural 3rd lang:es 00:01:05 00:01:08 tt-3687 OM039_1985_CT_SU2011_ER_09 
"<,>"
	"," Punctuation CM lang:es 00:01:05 00:01:08 tt-3688 OM039_1985_CT_SU2011_ER_09 
"<del>"
	"del" Preposition PDEL lang:es 00:01:05 00:01:08 tt-3689 OM039_1985_CT_SU2011_ER_09 @Gram:Prep ADD:489 
"<spanglish>"
	"UNK" Noun NC Singular lang:es 00:01:05 00:01:08 tt-3690 OM039_1985_CT_SU2011_ER_09 
"<$?>"
	"?" Punctuation FS lang:es 00:01:05 00:01:08 tt-3691 OM039_1985_CT_SU2011_ER_09 
</speaker>
<speaker type="subj">

"<Eso>"
	"ese" Determiner DM Singular lang:es 00:01:08 00:01:10 tt-3692 OM039_1985_CT_SU2011_ER_09 
"<viene>"
	"venir" Verb VLfin Pres Indi Sing 3rd lang:es 00:01:08 00:01:10 tt-3693 OM039_1985_CT_SU2011_ER_09 
"<a>"
	"a" Preposition PREP lang:es 00:01:08 00:01:10 tt-3694 OM039_1985_CT_SU2011_ER_09 @Gram:Prep ADD:489 
"<ser>"
	"ser" Verb VLinf VSinf Infinitive lang:es 00:01:08 00:01:10 tt-3695 OM039_1985_CT_SU2011_ER_09 @Gram:SerEstar:Ser SUBSTITUTE:296 ADD:664 
"<spanglish>"
	"UNK" Verb VLadj lang:es 00:01:08 00:01:10 tt-3696 OM039_1985_CT_SU2011_ER_09 
"<,>"
	"," Punctuation CM lang:es 00:01:08 00:01:10 tt-3697 OM039_1985_CT_SU2011_ER_09 
"<$¿>"
	"¿" Punctuation FS lang:es 00:01:08 00:01:10 tt-3698 OM039_1985_CT_SU2011_ER_09 
"<verdad>"
	"verdad" Noun NC Singular lang:es 00:01:08 00:01:10 tt-3699 OM039_1985_CT_SU2011_ER_09 
"<$?>"
	"?" Punctuation FS lang:es 00:01:08 00:01:10 tt-3700 OM039_1985_CT_SU2011_ER_09 
</speaker>
<speaker type="int">

"<Sí>"
	"sí" Adverb ADV lang:es 00:01:10 00:01:17 tt-3701 OM039_1985_CT_SU2011_ER_09 
"<,>"
	"," Punctuation CM lang:es 00:01:10 00:01:17 tt-3702 OM039_1985_CT_SU2011_ER_09 
"<sí>"
	"sí" Adverb ADV lang:es 00:01:10 00:01:17 tt-3703 OM039_1985_CT_SU2011_ER_09 
"<$.>"
	"." Punctuation FS lang:es 00:01:10 00:01:17 tt-3704 OM039_1985_CT_SU2011_ER_09 

"<$¿>"
	"¿" Punctuation FS lang:es 00:01:10 00:01:17 tt-3705 OM039_1985_CT_SU2011_ER_09 
"<Qué>"
	"qué" Pronoun INT Singular lang:es 00:01:10 00:01:17 tt-3706 OM039_1985_CT_SU2011_ER_09 
"<opinas>"
	"opinar" Verb VLfin Pres Indi Sing 2nd lang:es 00:01:10 00:01:17 tt-3707 OM039_1985_CT_SU2011_ER_09 
"<tú>"
	"tú" Pronoun PPX Singular lang:es 00:01:10 00:01:17 tt-3708 OM039_1985_CT_SU2011_ER_09 @Gram:Pron:Sujeto ADD:499 
"<$?>"
	"?" Punctuation FS lang:es 00:01:10 00:01:17 tt-3709 OM039_1985_CT_SU2011_ER_09 

"<$¿>"
	"¿" Punctuation FS lang:es 00:01:10 00:01:17 tt-3710 OM039_1985_CT_SU2011_ER_09 
"<Lo>"
	"el" Determiner ART Singular lang:es 00:01:10 00:01:17 tt-3711 OM039_1985_CT_SU2011_ER_09 @Gram:Pron:Objeto ADD:517 
"<ves>"
	"ver" Verb VLfin Pres Indi Sing 2nd lang:es 00:01:10 00:01:17 tt-3712 OM039_1985_CT_SU2011_ER_09 
"<como>"
	"como" Conjunction CSUBX lang:es 00:01:10 00:01:17 tt-3713 OM039_1985_CT_SU2011_ER_09 
"<algo>"
	"algo" Determiner QU lang:es 00:01:10 00:01:17 tt-3714 OM039_1985_CT_SU2011_ER_09 
"<dañino>"
	"dañino" Adjective ADJ Singular lang:es 00:01:10 00:01:17 tt-3715 OM039_1985_CT_SU2011_ER_09 
"<al>"
	"al" Preposition PAL lang:es 00:01:10 00:01:17 tt-3716 OM039_1985_CT_SU2011_ER_09 @Gram:Prep ADD:489 
"<español>"
	"español" Noun NC Singular lang:es 00:01:10 00:01:17 tt-3717 OM039_1985_CT_SU2011_ER_09 
"<o>"
	"o" Conjunction CC lang:es 00:01:10 00:01:17 tt-3718 OM039_1985_CT_SU2011_ER_09 
"<como>"
	"como" Conjunction CSUBX lang:es 00:01:10 00:01:17 tt-3719 OM039_1985_CT_SU2011_ER_09 
"<algo>"
	"algo" Determiner QU lang:es 00:01:10 00:01:17 tt-3720 OM039_1985_CT_SU2011_ER_09 
"<que>"
	"que" Conjunction CQUE lang:es 00:01:18 00:01:18 tt-3721 OM039_1985_CT_SU2011_ER_09 
"<$?>"
	"?" Punctuation FS lang:es 00:01:18 00:01:18 tt-3722 OM039_1985_CT_SU2011_ER_09 
</speaker>
<speaker type="subj">

"<Yo>"
	"yo" Pronoun PPX Singular lang:es 00:01:18 00:01:25 tt-3723 OM039_1985_CT_SU2011_ER_09 @Gram:Pron:Sujeto ADD:499 
"<creo>"
	"crear|creer" Verb VLfin Pres Indi Sing 1st lang:es 00:01:18 00:01:25 tt-3724 OM039_1985_CT_SU2011_ER_09 
"<que>"
	"que" Conjunction CQUE lang:es 00:01:18 00:01:25 tt-3725 OM039_1985_CT_SU2011_ER_09 
"<no>"
	"no" Adverb NEG lang:es 00:01:18 00:01:25 tt-3726 OM039_1985_CT_SU2011_ER_09 
"<,>"
	"," Punctuation CM lang:es 00:01:18 00:01:25 tt-3727 OM039_1985_CT_SU2011_ER_09 
"<no>"
	"no" Adverb NEG lang:es 00:01:18 00:01:25 tt-3728 OM039_1985_CT_SU2011_ER_09 
"<lo>"
	"él" Pronoun PPC Singular lang:es 00:01:18 00:01:25 tt-3729 OM039_1985_CT_SU2011_ER_09 @Gram:Pron:Objeto ADD:529 
"<veo>"
	"ver" Verb VLfin Pres Indi Sing 1st lang:es 00:01:18 00:01:25 tt-3730 OM039_1985_CT_SU2011_ER_09 
"<dañino>"
	"dañino" Adjective ADJ Singular lang:es 00:01:18 00:01:25 tt-3731 OM039_1985_CT_SU2011_ER_09 
"<para>"
	"para" Preposition PREP lang:es 00:01:18 00:01:25 tt-3732 OM039_1985_CT_SU2011_ER_09 @Gram:Prep:Para SUBSTITUTE:312 ADD:461 
"<nada>"
	"nada" Determiner QU lang:es 00:01:18 00:01:25 tt-3733 OM039_1985_CT_SU2011_ER_09 
"<porque>"
	"porque" Conjunction CSUBX lang:es 00:01:18 00:01:25 tt-3734 OM039_1985_CT_SU2011_ER_09 @Prag:MarcadoresDisc:Causa ADD:902 
"<,>"
	"," Punctuation CM lang:es 00:01:18 00:01:25 tt-3735 OM039_1985_CT_SU2011_ER_09 
"<eh>"
	"eh" Noun NP Singular lang:es 00:01:18 00:01:25 tt-3736 OM039_1985_CT_SU2011_ER_09 
"<...>"
	"..." Punctuation DOTS lang:es 00:01:18 00:01:25 tt-3737 OM039_1985_CT_SU2011_ER_09 
"<bueno>"
	"bueno" Adjective ADJ Singular lang:es 00:01:18 00:01:25 tt-3738 OM039_1985_CT_SU2011_ER_09 
"<,>"
	"," Punctuation CM lang:es 00:01:18 00:01:25 tt-3739 OM039_1985_CT_SU2011_ER_09 
"<al>"
	"al" Adverb ADV lang:es 00:01:18 00:01:25 tt-3740 OM039_1985_CT_SU2011_ER_09 
"<menos>"
	"menos" Adverb ADV lang:es 00:01:18 00:01:25 tt-3741 OM039_1985_CT_SU2011_ER_09 
"<yo>"
	"yo" Pronoun PPX Singular lang:es 00:01:18 00:01:25 tt-3742 OM039_1985_CT_SU2011_ER_09 @Gram:Pron:Sujeto ADD:499 
"<soy>"
	"ser" Verb VSfin Pres Indi Sing 1st lang:es 00:01:18 00:01:25 tt-3743 OM039_1985_CT_SU2011_ER_09 @Gram:SerEstar:Ser ADD:664 
"<de>"
	"de" Preposition PREP lang:es 00:01:18 00:01:25 tt-3744 OM039_1985_CT_SU2011_ER_09 @Gram:Prep ADD:489 
"<las>"
	"el" Determiner ART Plural lang:es 00:01:27 00:01:34 tt-3745 OM039_1985_CT_SU2011_ER_09 @Gram:Det:Art ADD:341 
"<personas>"
	"persona" Noun NC Plural lang:es 00:01:27 00:01:34 tt-3746 OM039_1985_CT_SU2011_ER_09 
"<que>"
	"que" Conjunction CQUE lang:es 00:01:27 00:01:34 tt-3747 OM039_1985_CT_SU2011_ER_09 
"<piensa>"
	"pensar" Verb VLfin Pres Indi Sing 3rd lang:es 00:01:27 00:01:34 tt-3748 OM039_1985_CT_SU2011_ER_09 
"<un>"
	"un" Determiner ART Singular lang:es 00:01:27 00:01:34 tt-3749 OM039_1985_CT_SU2011_ER_09 
"<poco>"
	"pocos" Determiner QU lang:es 00:01:27 00:01:34 tt-3750 OM039_1985_CT_SU2011_ER_09 
"<o>"
	"o" Conjunction CC lang:es 00:01:27 00:01:34 tt-3751 OM039_1985_CT_SU2011_ER_09 
"<tiene>"
	"tener" Verb VLfin Pres Indi Sing 3rd lang:es 00:01:27 00:01:34 tt-3752 OM039_1985_CT_SU2011_ER_09 
"<la>"
	"el" Determiner ART Singular lang:es 00:01:27 00:01:34 tt-3753 OM039_1985_CT_SU2011_ER_09 @Gram:Det:Art ADD:341 
"<mente>"
	"mente" Noun NC Singular lang:es 00:01:27 00:01:34 tt-3754 OM039_1985_CT_SU2011_ER_09 
"<un>"
	"un" Determiner ART Singular lang:es 00:01:27 00:01:34 tt-3755 OM039_1985_CT_SU2011_ER_09 
"<poco>"
	"poco" Adverb ADV lang:es 00:01:27 00:01:34 tt-3756 OM039_1985_CT_SU2011_ER_09 
"<abierta>"
	"abierto" Adjective ADJ Singular lang:es 00:01:27 00:01:34 tt-3757 OM039_1985_CT_SU2011_ER_09 
"<a>"
	"a" Preposition PREP lang:es 00:01:27 00:01:34 tt-3758 OM039_1985_CT_SU2011_ER_09 @Gram:Prep ADD:489 
"<los>"
	"el" Determiner ART Plural lang:es 00:01:27 00:01:34 tt-3759 OM039_1985_CT_SU2011_ER_09 @Gram:Det:Art ADD:341 
"<cambios>"
	"cambio" Noun NC Plural lang:es 00:01:27 00:01:34 tt-3760 OM039_1985_CT_SU2011_ER_09 
"<$.>"
	"." Punctuation FS lang:es 00:01:27 00:01:34 tt-3761 OM039_1985_CT_SU2011_ER_09 

"<No>"
	"no" Adverb NEG lang:es 00:01:27 00:01:34 tt-3762 OM039_1985_CT_SU2011_ER_09 
"<todo>"
	"todo" Determiner QU lang:es 00:01:27 00:01:34 tt-3763 OM039_1985_CT_SU2011_ER_09 
"<,>"
	"," Punctuation CM lang:es 00:01:27 00:01:34 tt-3764 OM039_1985_CT_SU2011_ER_09 
"<porque>"
	"porque" Conjunction CSUBX lang:es 00:01:34 00:01:39 tt-3765 OM039_1985_CT_SU2011_ER_09 @Prag:MarcadoresDisc:Causa ADD:902 
"<algunas>"
	"alguno" Determiner QU lang:es 00:01:34 00:01:39 tt-3766 OM039_1985_CT_SU2011_ER_09 
"<cosas>"
	"cosa" Noun NC Plural lang:es 00:01:34 00:01:39 tt-3767 OM039_1985_CT_SU2011_ER_09 
"<yo>"
	"yo" Pronoun PPX Singular lang:es 00:01:34 00:01:39 tt-3768 OM039_1985_CT_SU2011_ER_09 @Gram:Pron:Sujeto ADD:499 
"<creo>"
	"crear|creer" Verb VLfin Pres Indi Sing 1st lang:es 00:01:34 00:01:39 tt-3769 OM039_1985_CT_SU2011_ER_09 
"<que>"
	"que" Conjunction CQUE lang:es 00:01:34 00:01:39 tt-3770 OM039_1985_CT_SU2011_ER_09 
"<sí>"
	"él" Pronoun PPX Singular lang:es 00:01:34 00:01:39 tt-3771 OM039_1985_CT_SU2011_ER_09 
"<deben>"
	"deber" Verb VMfin lang:es 00:01:34 00:01:39 tt-3772 OM039_1985_CT_SU2011_ER_09 
"<quedar>"
	"quedar" Verb VLinf Infinitive lang:es 00:01:34 00:01:39 tt-3773 OM039_1985_CT_SU2011_ER_09 SUBSTITUTE:296 
"<como>"
	"como" Conjunction CSUBX lang:es 00:01:34 00:01:39 tt-3774 OM039_1985_CT_SU2011_ER_09 
"<están>"
	"estar" Verb VEfin Pres Indi Plural 3rd lang:es 00:01:34 00:01:39 tt-3775 OM039_1985_CT_SU2011_ER_09 @Gram:SerEstar:Estar ADD:673 
"<pero>"
	"pero" Conjunction CC lang:es 00:01:34 00:01:39 tt-3776 OM039_1985_CT_SU2011_ER_09 @Prag:MarcadoresDisc:Revision SUBSTITUTE:241 ADD:849 
"<...>"
	"..." Punctuation DOTS lang:es 00:01:34 00:01:39 tt-3778 OM039_1985_CT_SU2011_ER_09 
"<yo>"
	"yo" Pronoun PPX Singular lang:es 00:01:34 00:01:39 tt-3779 OM039_1985_CT_SU2011_ER_09 @Gram:Pron:Sujeto ADD:499 
"<considero>"
	"considerar" Verb VLfin Pres Indi Sing 1st lang:es 00:01:34 00:01:39 tt-3780 OM039_1985_CT_SU2011_ER_09 
"<que>"
	"que" Conjunction CQUE lang:es 00:01:39 00:01:45 tt-3781 OM039_1985_CT_SU2011_ER_09 
"<el>"
	"el" Determiner ART Singular lang:es 00:01:39 00:01:45 tt-3782 OM039_1985_CT_SU2011_ER_09 @Gram:Det:Art ADD:341 
"<español>"
	"español" Noun NC Singular lang:es 00:01:39 00:01:45 tt-3783 OM039_1985_CT_SU2011_ER_09 
"<,>"
	"," Punctuation CM lang:es 00:01:39 00:01:45 tt-3784 OM039_1985_CT_SU2011_ER_09 
"<el>"
	"el" Determiner ART Singular lang:es 00:01:39 00:01:45 tt-3785 OM039_1985_CT_SU2011_ER_09 @Gram:Det:Art ADD:341 
"<castellano>"
	"castellano" Noun NC Singular lang:es 00:01:39 00:01:45 tt-3786 OM039_1985_CT_SU2011_ER_09 
"<,>"
	"," Punctuation CM lang:es 00:01:39 00:01:45 tt-3787 OM039_1985_CT_SU2011_ER_09 
"<no>"
	"no" Adverb NEG lang:es 00:01:39 00:01:45 tt-3788 OM039_1985_CT_SU2011_ER_09 
"<...>"
	"..." Punctuation DOTS lang:es 00:01:39 00:01:45 tt-3789 OM039_1985_CT_SU2011_ER_09 
"<no>"
	"no" Adverb NEG lang:es 00:01:39 00:01:45 tt-3790 OM039_1985_CT_SU2011_ER_09 
"<corre>"
	"correr" Verb VLfin Pres Indi Sing 3rd lang:es 00:01:39 00:01:45 tt-3791 OM039_1985_CT_SU2011_ER_09 
"<riesgo>"
	"riesgo" Noun NC Singular lang:es 00:01:39 00:01:45 tt-3792 OM039_1985_CT_SU2011_ER_09 
"<,>"
	"," Punctuation CM lang:es 00:01:39 00:01:45 tt-3793 OM039_1985_CT_SU2011_ER_09 
"<pues>"
	"pues" Conjunction CSUBF lang:es 00:01:39 00:01:45 tt-3794 OM039_1985_CT_SU2011_ER_09 
"<porque>"
	"porque" Conjunction CSUBX lang:es 00:01:39 00:01:45 tt-3795 OM039_1985_CT_SU2011_ER_09 @Prag:MarcadoresDisc:Causa ADD:902 
"<español>"
	"español" Noun NC Singular lang:es 00:01:39 00:01:45 tt-3796 OM039_1985_CT_SU2011_ER_09 
"<se>"
	"se" Other SE lang:es 00:01:39 00:01:45 tt-3797 OM039_1985_CT_SU2011_ER_09 
"<habla>"
	"hablar" Verb VLfin Pres Indi Sing 3rd lang:es 00:01:39 00:01:45 tt-3798 OM039_1985_CT_SU2011_ER_09 ID:298 R:Vocab:Fraseol:VerbPrep:299 ADDRELATION(Vocab:Fraseol:VerbPrep):1008 
"<en>"
	"en" Preposition PREP lang:es 00:01:39 00:01:45 tt-3799 OM039_1985_CT_SU2011_ER_09 @Gram:Prep ID:299 ADD:489 
"<España>"
	"España" Noun NP Singular lang:es 00:01:39 00:01:45 tt-3800 OM039_1985_CT_SU2011_ER_09 
"<,>"
	"," Punctuation CM lang:es 00:01:39 00:01:45 tt-3801 OM039_1985_CT_SU2011_ER_09 
"<el>"
	"el" Determiner ART Singular lang:es 00:01:45 00:01:51 tt-3802 OM039_1985_CT_SU2011_ER_09 @Gram:Det:Art ADD:341 
"<castellano>"
	"castellano" Noun NC Singular lang:es 00:01:45 00:01:51 tt-3803 OM039_1985_CT_SU2011_ER_09 
"<se>"
	"se" Other SE lang:es 00:01:45 00:01:51 tt-3804 OM039_1985_CT_SU2011_ER_09 
"<habla>"
	"hablar" Verb VLfin Pres Indi Sing 3rd lang:es 00:01:45 00:01:51 tt-3805 OM039_1985_CT_SU2011_ER_09 ID:305 R:Vocab:Fraseol:VerbPrep:308 ADDRELATION(Vocab:Fraseol:VerbPrep):1008 
"<muy>"
	"muy" Adverb ADV lang:es 00:01:45 00:01:51 tt-3806 OM039_1985_CT_SU2011_ER_09 
"<bien>"
	"bien" Adverb ADV lang:es 00:01:45 00:01:51 tt-3807 OM039_1985_CT_SU2011_ER_09 
"<en>"
	"en" Preposition PREP lang:es 00:01:45 00:01:51 tt-3808 OM039_1985_CT_SU2011_ER_09 @Gram:Prep ID:308 ADD:489 
"<Sudamérica>"
	"Sudamérica" Noun NP Singular lang:es 00:01:45 00:01:51 tt-3809 OM039_1985_CT_SU2011_ER_09 
"<,>"
	"," Punctuation CM lang:es 00:01:45 00:01:51 tt-3810 OM039_1985_CT_SU2011_ER_09 
"<pero>"
	"pero" Conjunction CCAD lang:es 00:01:45 00:01:51 tt-3811 OM039_1985_CT_SU2011_ER_09 @Prag:MarcadoresDisc:Revision ADD:849 
"<si>"
	"si" Conjunction CSUBX lang:es 00:01:45 00:01:51 tt-3812 OM039_1985_CT_SU2011_ER_09 
"<estamos>"
	"estar" Verb VEfin Pres Indi Plural 1st lang:es 00:01:45 00:01:51 tt-3813 OM039_1985_CT_SU2011_ER_09 @Gram:SerEstar:Estar ADD:673 
"<en>"
	"en" Preposition PREP lang:es 00:01:45 00:01:51 tt-3814 OM039_1985_CT_SU2011_ER_09 @Gram:Prep ADD:489 
"<y>"
	"y" Conjunction CC lang:es 00:01:45 00:01:51 tt-3816 OM039_1985_CT_SU2011_ER_09 
"<hay>"
	"haber" Verb VHfin Pres Indi Sing 3rd lang:es 00:01:45 00:01:51 tt-3817 OM039_1985_CT_SU2011_ER_09 @Gram:Haber:Exist ADD:680 
"<influencia>"
	"influencia" Noun NC Singular lang:es 00:01:45 00:01:51 tt-3818 OM039_1985_CT_SU2011_ER_09 
"<tanto>"
	"tanto" Adverb ADV lang:es 00:01:51 00:01:58 tt-3819 OM039_1985_CT_SU2011_ER_09 
"<del>"
	"del" Preposition PDEL lang:es 00:01:51 00:01:58 tt-3820 OM039_1985_CT_SU2011_ER_09 @Gram:Prep ADD:489 
"<inglés>"
	"inglés" Noun NC Plural lang:es 00:01:51 00:01:58 tt-3821 OM039_1985_CT_SU2011_ER_09 
"<como>"
	"como" Conjunction CSUBX lang:es 00:01:51 00:01:58 tt-3822 OM039_1985_CT_SU2011_ER_09 
"<el>"
	"el" Determiner ART Singular lang:es 00:01:51 00:01:58 tt-3823 OM039_1985_CT_SU2011_ER_09 @Gram:Det:Art ADD:341 
"<...>"
	"..." Punctuation DOTS lang:es 00:01:51 00:01:58 tt-3824 OM039_1985_CT_SU2011_ER_09 
"<el>"
	"el" Determiner ART Singular lang:es 00:01:51 00:01:58 tt-3825 OM039_1985_CT_SU2011_ER_09 @Gram:Det:Art ADD:341 
"<español>"
	"español" Noun NC Singular lang:es 00:01:51 00:01:58 tt-3826 OM039_1985_CT_SU2011_ER_09 
"<,>"
	"," Punctuation CM lang:es 00:01:51 00:01:58 tt-3827 OM039_1985_CT_SU2011_ER_09 
"<eh>"
	"eh" Noun NP Singular lang:es 00:01:51 00:01:58 tt-3828 OM039_1985_CT_SU2011_ER_09 
"<...>"
	"..." Punctuation DOTS lang:es 00:01:51 00:01:58 tt-3829 OM039_1985_CT_SU2011_ER_09 
"<eventualmente>"
	"eventualmente" Adverb ADV lang:es 00:01:51 00:01:58 tt-3830 OM039_1985_CT_SU2011_ER_09 
"<es>"
	"ser" Verb VSfin Pres Indi Sing 3rd lang:es 00:01:51 00:01:58 tt-3831 OM039_1985_CT_SU2011_ER_09 @Gram:SerEstar:Ser ADD:664 
"<casi>"
	"casi" Adverb ADV lang:es 00:01:51 00:01:58 tt-3832 OM039_1985_CT_SU2011_ER_09 
"<por>"
	"por" Preposition PREP lang:es 00:01:51 00:01:58 tt-3833 OM039_1985_CT_SU2011_ER_09 @Gram:Prep:Por SUBSTITUTE:238 ADD:483 
"<naturaleza>"
	"naturaleza" Noun NC Singular lang:es 00:01:51 00:01:58 tt-3834 OM039_1985_CT_SU2011_ER_09 
"<que>"
	"que" Conjunction CQUE lang:es 00:01:51 00:01:58 tt-3835 OM039_1985_CT_SU2011_ER_09 
"<se>"
	"se" Other SE lang:es 00:01:51 00:01:58 tt-3836 OM039_1985_CT_SU2011_ER_09 @Gram:Pron:Otros ADD:542 
"<tienen>"
	"tener" Verb VMfin lang:es 00:01:51 00:01:58 tt-3837 OM039_1985_CT_SU2011_ER_09 
"<que>"
	"que" Verb VMfin lang:es 00:01:51 00:01:58 tt-3838 OM039_1985_CT_SU2011_ER_09 
"<juntar>"
	"juntar" Verb VLinf Infinitive lang:es 00:01:51 00:01:58 tt-3839 OM039_1985_CT_SU2011_ER_09 SUBSTITUTE:296 
"<y>"
	"y" Conjunction CC lang:es 00:01:59 00:02:06 tt-3840 OM039_1985_CT_SU2011_ER_09 
"<...>"
	"..." Punctuation DOTS lang:es 00:01:59 00:02:06 tt-3841 OM039_1985_CT_SU2011_ER_09 
"<y>"
	"y" Conjunction CC lang:es 00:01:59 00:02:06 tt-3842 OM039_1985_CT_SU2011_ER_09 
"<se>"
	"se" Other SE lang:es 00:01:59 00:02:06 tt-3843 OM039_1985_CT_SU2011_ER_09 
"<sabe>"
	"saber" Verb VLfin Pres Indi Sing 3rd lang:es 00:01:59 00:02:06 tt-3844 OM039_1985_CT_SU2011_ER_09 
"<por>"
	"por" Preposition PREP lang:es 00:01:59 00:02:06 tt-3845 OM039_1985_CT_SU2011_ER_09 @Gram:Prep:Por SUBSTITUTE:238 ADD:483 
"<historia>"
	"historia" Noun NC Singular lang:es 00:01:59 00:02:06 tt-3846 OM039_1985_CT_SU2011_ER_09 
"<que>"
	"que" Conjunction CQUE lang:es 00:01:59 00:02:06 tt-3847 OM039_1985_CT_SU2011_ER_09 
"<el>"
	"el" Determiner ART Singular lang:es 00:01:59 00:02:06 tt-3848 OM039_1985_CT_SU2011_ER_09 @Gram:Det:Art ID:347 R:Gram:Genero:ExcepMasc:348 ADD:341 ADDRELATION(Gram:Genero:ExcepMasc):388 
"<idioma>"
	"idioma" Noun NC Singular lang:es 00:01:59 00:02:06 tt-3849 OM039_1985_CT_SU2011_ER_09 ID:348 
"<o>"
	"o" Conjunction CC lang:es 00:01:59 00:02:06 tt-3850 OM039_1985_CT_SU2011_ER_09 
"<los>"
	"el" Determiner ART Plural lang:es 00:01:59 00:02:06 tt-3851 OM039_1985_CT_SU2011_ER_09 @Gram:Det:Art ADD:341 
"<idiomas>"
	"idioma" Noun NC Plural lang:es 00:01:59 00:02:06 tt-3852 OM039_1985_CT_SU2011_ER_09 
"<siempre>"
	"siempre" Adverb ADV lang:es 00:01:59 00:02:06 tt-3853 OM039_1985_CT_SU2011_ER_09 
"<cambian>"
	"cambiar" Verb VLfin Pres Indi Plural 3rd lang:es 00:01:59 00:02:06 tt-3854 OM039_1985_CT_SU2011_ER_09 
"<$.>"
	"." Punctuation FS lang:es 00:01:59 00:02:06 tt-3855 OM039_1985_CT_SU2011_ER_09 

"<Así>"
	"así" Adverb ADV lang:es 00:01:59 00:02:06 tt-3856 OM039_1985_CT_SU2011_ER_09 
"<que>"
	"que" Conjunction CQUE lang:es 00:01:59 00:02:06 tt-3857 OM039_1985_CT_SU2011_ER_09 
"<no>"
	"no" Adverb NEG lang:es 00:01:59 00:02:06 tt-3858 OM039_1985_CT_SU2011_ER_09 
"<me>"
	"yo" Pronoun PPX Singular lang:es 00:01:59 00:02:06 tt-3859 OM039_1985_CT_SU2011_ER_09 @Gram:Pron:Objeto ADD:523 
"<parecería>"
	"parecer" Verb VLfin Cond Indi Sing 1st_or_3rd lang:es 00:02:07 00:02:14 tt-3860 OM039_1985_CT_SU2011_ER_09 
"<raro>"
	"raro" Adjective ADJ Singular lang:es 00:02:07 00:02:14 tt-3861 OM039_1985_CT_SU2011_ER_09 
"<que>"
	"que" Conjunction CQUE lang:es 00:02:07 00:02:14 tt-3862 OM039_1985_CT_SU2011_ER_09 
"<más>"
	"más" Adverb ADV lang:es 00:02:07 00:02:14 tt-3863 OM039_1985_CT_SU2011_ER_09 
"<adelante>"
	"adelante" Adverb ADV lang:es 00:02:07 00:02:14 tt-3864 OM039_1985_CT_SU2011_ER_09 
"<,>"
	"," Punctuation CM lang:es 00:02:07 00:02:14 tt-3865 OM039_1985_CT_SU2011_ER_09 
"<en>"
	"en" Preposition PREP lang:es 00:02:07 00:02:14 tt-3866 OM039_1985_CT_SU2011_ER_09 @Gram:Prep ADD:489 
"<algún>"
	"alguno" Determiner QU lang:es 00:02:07 00:02:14 tt-3867 OM039_1985_CT_SU2011_ER_09 
"<momento>"
	"momento" Noun NC Singular lang:es 00:02:07 00:02:14 tt-3868 OM039_1985_CT_SU2011_ER_09 
"<,>"
	"," Punctuation CM lang:es 00:02:07 00:02:14 tt-3869 OM039_1985_CT_SU2011_ER_09 
"<haya>"
	"haber" Verb VHfin Pres Subj Sing 1st_or_3rd lang:es 00:02:07 00:02:14 tt-3870 OM039_1985_CT_SU2011_ER_09 @Gram:MSub:Pres @Gram:Haber:Exist ADD:633 ADD:680 
"<un>"
	"un" Determiner ART Singular lang:es 00:02:07 00:02:14 tt-3871 OM039_1985_CT_SU2011_ER_09 
"<diccionario>"
	"diccionario" Noun NC Singular lang:es 00:02:07 00:02:14 tt-3872 OM039_1985_CT_SU2011_ER_09 
"<de>"
	"de" Preposition PREP lang:es 00:02:07 00:02:14 tt-3873 OM039_1985_CT_SU2011_ER_09 @Gram:Prep ADD:489 
"<inglés>"
	"inglés" Noun NC Plural lang:es 00:02:07 00:02:14 tt-3874 OM039_1985_CT_SU2011_ER_09 
"<a>"
	"a" Preposition PREP lang:es 00:02:07 00:02:14 tt-3875 OM039_1985_CT_SU2011_ER_09 @Gram:Prep ADD:489 
"<spanglish>"
	"UNK" Noun NC Singular lang:es 00:02:14 00:02:16 tt-3876 OM039_1985_CT_SU2011_ER_09 
"<o>"
	"o" Conjunction CC lang:es 00:02:14 00:02:16 tt-3877 OM039_1985_CT_SU2011_ER_09 
"<al>"
	"al" Preposition PAL lang:es 00:02:14 00:02:16 tt-3878 OM039_1985_CT_SU2011_ER_09 @Gram:Prep ADD:489 
"<revés>"
	"revés" Noun NC Plural lang:es 00:02:14 00:02:16 tt-3879 OM039_1985_CT_SU2011_ER_09 
"<,>"
	"," Punctuation CM lang:es 00:02:14 00:02:16 tt-3880 OM039_1985_CT_SU2011_ER_09 
"<$¿>"
	"¿" Punctuation FS lang:es 00:02:14 00:02:16 tt-3881 OM039_1985_CT_SU2011_ER_09 
"<no>"
	"no" Adverb NEG lang:es 00:02:14 00:02:16 tt-3882 OM039_1985_CT_SU2011_ER_09 
"<$?>"
	"?" Punctuation FS lang:es 00:02:14 00:02:16 tt-3883 OM039_1985_CT_SU2011_ER_09 

"<algo>"
	"algo" Determiner QU lang:es 00:02:14 00:02:16 tt-3884 OM039_1985_CT_SU2011_ER_09 
"<así>"
	"así" Adverb ADV lang:es 00:02:14 00:02:16 tt-3885 OM039_1985_CT_SU2011_ER_09 
"<$.>"
	"." Punctuation FS lang:es 00:02:14 00:02:16 tt-3886 OM039_1985_CT_SU2011_ER_09 
</speaker>
<speaker type="int">

"<$¿>"
	"¿" Punctuation FS lang:es 00:02:16 00:02:21 tt-3887 OM039_1985_CT_SU2011_ER_09 
"<Y>"
	"y" Conjunction CC lang:es 00:02:16 00:02:21 tt-3888 OM039_1985_CT_SU2011_ER_09 
"<qué>"
	"qué" Pronoun INT Singular lang:es 00:02:16 00:02:21 tt-3889 OM039_1985_CT_SU2011_ER_09 
"<tal>"
	"tal" Determiner QU lang:es 00:02:16 00:02:21 tt-3890 OM039_1985_CT_SU2011_ER_09 
"<en>"
	"en" Preposition PREP lang:es 00:02:16 00:02:21 tt-3891 OM039_1985_CT_SU2011_ER_09 @Gram:Prep ADD:489 
"<tu>"
	"tú" Pronoun PPX Singular lang:es 00:02:16 00:02:21 tt-3892 OM039_1985_CT_SU2011_ER_09 @Gram:Det:Pos ADD:367 
"<vida>"
	"vida" Noun NC Singular lang:es 00:02:16 00:02:21 tt-3893 OM039_1985_CT_SU2011_ER_09 
"<,>"
	"," Punctuation CM lang:es 00:02:16 00:02:21 tt-3894 OM039_1985_CT_SU2011_ER_09 
"<crees>"
	"crear|creer" Verb VLfin Pres Indi Sing 2nd lang:es 00:02:16 00:02:21 tt-3895 OM039_1985_CT_SU2011_ER_09 
"<que>"
	"que" Conjunction CQUE lang:es 00:02:16 00:02:21 tt-3896 OM039_1985_CT_SU2011_ER_09 
"<va>"
	"ir" Verb VLfin Pres Indi Sing 3rd lang:es 00:02:16 00:02:21 tt-3897 OM039_1985_CT_SU2011_ER_09 
"<a>"
	"a" Preposition PREP lang:es 00:02:16 00:02:21 tt-3898 OM039_1985_CT_SU2011_ER_09 @Gram:Prep ADD:489 
"<haber>"
	"haber" Verb VLinf VHinf Infinitive lang:es 00:02:16 00:02:21 tt-3899 OM039_1985_CT_SU2011_ER_09 @Gram:Haber:Exist SUBSTITUTE:296 ADD:680 
"<un>"
	"un" Determiner ART Singular lang:es 00:02:16 00:02:21 tt-3900 OM039_1985_CT_SU2011_ER_09 
"<tiempo>"
	"tiempo" Noun NC Singular lang:es 00:02:16 00:02:21 tt-3901 OM039_1985_CT_SU2011_ER_09 
"<en>"
	"en" Preposition PREP lang:es 00:02:16 00:02:21 tt-3902 OM039_1985_CT_SU2011_ER_09 @Gram:Prep ADD:489 
"<el>"
	"el" Determiner ART Singular lang:es 00:02:16 00:02:21 tt-3903 OM039_1985_CT_SU2011_ER_09 @Gram:Det:Art ADD:341 
"<que>"
	"que" Conjunction CQUE lang:es 00:02:16 00:02:21 tt-3904 OM039_1985_CT_SU2011_ER_09 
"<ya>"
	"ya" Adverb ADV lang:es 00:02:16 00:02:21 tt-3905 OM039_1985_CT_SU2011_ER_09 
"<va>"
	"ir" Verb VLfin Pres Indi Sing 3rd lang:es 00:02:16 00:02:21 tt-3906 OM039_1985_CT_SU2011_ER_09 
"<a>"
	"a" Preposition PREP lang:es 00:02:16 00:02:21 tt-3907 OM039_1985_CT_SU2011_ER_09 @Gram:Prep ADD:489 
"<ser>"
	"ser" Verb VLinf VSinf Infinitive lang:es 00:02:16 00:02:21 tt-3908 OM039_1985_CT_SU2011_ER_09 @Gram:SerEstar:Ser SUBSTITUTE:296 ADD:664 
"<más>"
	"más" Adverb ADV lang:es 00:02:16 00:02:21 tt-3909 OM039_1985_CT_SU2011_ER_09 
"<común>"
	"común" Adjective ADJ Singular lang:es 00:02:21 00:02:26 tt-3910 OM039_1985_CT_SU2011_ER_09 
"<mezclar>"
	"mezclar" Verb VLinf Infinitive lang:es 00:02:21 00:02:26 tt-3911 OM039_1985_CT_SU2011_ER_09 SUBSTITUTE:296 
"<los>"
	"el" Determiner ART Plural lang:es 00:02:21 00:02:26 tt-3912 OM039_1985_CT_SU2011_ER_09 @Gram:Det:Art ADD:341 
"<lenguajes>"
	"lenguaje" Noun NC Plural lang:es 00:02:21 00:02:26 tt-3913 OM039_1985_CT_SU2011_ER_09 
"<o>"
	"o" Conjunction CC lang:es 00:02:21 00:02:26 tt-3914 OM039_1985_CT_SU2011_ER_09 
"<hablar>"
	"hablar" Verb VLinf Infinitive lang:es 00:02:21 00:02:26 tt-3915 OM039_1985_CT_SU2011_ER_09 SUBSTITUTE:296 
"<como>"
	"como" Conjunction CSUBX lang:es 00:02:21 00:02:26 tt-3916 OM039_1985_CT_SU2011_ER_09 
"<dices>"
	"decir" Verb VLfin Pres Indi Sing 2nd lang:es 00:02:21 00:02:26 tt-3917 OM039_1985_CT_SU2011_ER_09 
"<tú>"
	"tú" Pronoun PPX Singular lang:es 00:02:21 00:02:26 tt-3918 OM039_1985_CT_SU2011_ER_09 @Gram:Pron:Sujeto ADD:499 
"<ese>"
	"ese" Determiner DM Singular lang:es 00:02:21 00:02:26 tt-3919 OM039_1985_CT_SU2011_ER_09 
"<dialecto>"
	"dialecto" Noun NC Singular lang:es 00:02:21 00:02:26 tt-3920 OM039_1985_CT_SU2011_ER_09 
"<$?>"
	"?" Punctuation FS lang:es 00:02:21 00:02:26 tt-3921 OM039_1985_CT_SU2011_ER_09 
</speaker>
<speaker type="subj">

"<...>"
	"..." Punctuation DOTS lang:es 00:02:26 00:02:33 tt-3923 OM039_1985_CT_SU2011_ER_09 
"<quizás>"
	"quizás" Adverb ADV lang:es 00:02:26 00:02:33 tt-3924 OM039_1985_CT_SU2011_ER_09 
"<yo>"
	"yo" Pronoun PPX Singular lang:es 00:02:26 00:02:33 tt-3925 OM039_1985_CT_SU2011_ER_09 @Gram:Pron:Sujeto ADD:499 
"<no>"
	"no" Adverb NEG lang:es 00:02:26 00:02:33 tt-3926 OM039_1985_CT_SU2011_ER_09 
"<,>"
	"," Punctuation CM lang:es 00:02:26 00:02:33 tt-3927 OM039_1985_CT_SU2011_ER_09 
"<porque>"
	"porque" Conjunction CSUBX lang:es 00:02:26 00:02:33 tt-3928 OM039_1985_CT_SU2011_ER_09 @Prag:MarcadoresDisc:Causa ADD:902 
"<yo>"
	"yo" Pronoun PPX Singular lang:es 00:02:26 00:02:33 tt-3929 OM039_1985_CT_SU2011_ER_09 @Gram:Pron:Sujeto ADD:499 
"<conozco>"
	"conocer" Verb VLfin Pres Indi Sing 1st lang:es 00:02:26 00:02:33 tt-3930 OM039_1985_CT_SU2011_ER_09 
"<muy>"
	"muy" Adverb ADV lang:es 00:02:26 00:02:33 tt-3931 OM039_1985_CT_SU2011_ER_09 
"<bien>"
	"bien" Adverb ADV lang:es 00:02:26 00:02:33 tt-3932 OM039_1985_CT_SU2011_ER_09 
"<el>"
	"el" Determiner ART Singular lang:es 00:02:26 00:02:33 tt-3933 OM039_1985_CT_SU2011_ER_09 @Gram:Det:Art ADD:341 
"<español>"
	"español" Noun NC Singular lang:es 00:02:26 00:02:33 tt-3934 OM039_1985_CT_SU2011_ER_09 
"<,>"
	"," Punctuation CM lang:es 00:02:26 00:02:33 tt-3935 OM039_1985_CT_SU2011_ER_09 
"<eh>"
	"eh" Noun NP Singular lang:es 00:02:26 00:02:33 tt-3936 OM039_1985_CT_SU2011_ER_09 
"<...>"
	"..." Punctuation DOTS lang:es 00:02:26 00:02:33 tt-3937 OM039_1985_CT_SU2011_ER_09 
"<bueno>"
	"bueno" Adjective ADJ Singular lang:es 00:02:26 00:02:33 tt-3938 OM039_1985_CT_SU2011_ER_09 
"<,>"
	"," Punctuation CM lang:es 00:02:26 00:02:33 tt-3939 OM039_1985_CT_SU2011_ER_09 
"<definitivamente>"
	"definitivamente" Adverb ADV lang:es 00:02:26 00:02:33 tt-3940 OM039_1985_CT_SU2011_ER_09 
"<se>"
	"se" Other SE lang:es 00:02:36 00:02:43 tt-3941 OM039_1985_CT_SU2011_ER_09 @Gram:Pron:Otros ADD:542 
"<me>"
	"yo" Pronoun PPX Singular lang:es 00:02:36 00:02:43 tt-3942 OM039_1985_CT_SU2011_ER_09 @Gram:Pron:Objeto ADD:523 
"<salen>"
	"salar|salir" Verb VLfin Pres Indi Plural 3rd lang:es 00:02:36 00:02:43 tt-3943 OM039_1985_CT_SU2011_ER_09 
"<palabras>"
	"palabra" Noun NC Plural lang:es 00:02:36 00:02:43 tt-3944 OM039_1985_CT_SU2011_ER_09 
"<en>"
	"en" Preposition PREP lang:es 00:02:36 00:02:43 tt-3945 OM039_1985_CT_SU2011_ER_09 @Gram:Prep ADD:489 
"<inglés>"
	"inglés" Noun NC Plural lang:es 00:02:36 00:02:43 tt-3946 OM039_1985_CT_SU2011_ER_09 
"<a>"
	"a" Adverb ADV lang:es 00:02:36 00:02:43 tt-3947 OM039_1985_CT_SU2011_ER_09 
"<veces>"
	"veces" Adverb ADV lang:es 00:02:36 00:02:43 tt-3948 OM039_1985_CT_SU2011_ER_09 
"<o>"
	"o" Conjunction CC lang:es 00:02:36 00:02:43 tt-3949 OM039_1985_CT_SU2011_ER_09 
"<el>"
	"el" Determiner ART Singular lang:es 00:02:36 00:02:43 tt-3950 OM039_1985_CT_SU2011_ER_09 @Gram:Det:Art ADD:341 
"<spanglish>"
	"UNK" Noun NC Singular lang:es 00:02:36 00:02:43 tt-3951 OM039_1985_CT_SU2011_ER_09 
"<,>"
	"," Punctuation CM lang:es 00:02:36 00:02:43 tt-3952 OM039_1985_CT_SU2011_ER_09 
"<...>"
	"..." Punctuation DOTS lang:es 00:02:36 00:02:43 tt-3954 OM039_1985_CT_SU2011_ER_09 
"<pero>"
	"pero" Conjunction CCAD lang:es 00:02:36 00:02:43 tt-3955 OM039_1985_CT_SU2011_ER_09 @Prag:MarcadoresDisc:Revision ADD:849 
"<o>"
	"o" Adverb ADV lang:es 00:02:36 00:02:43 tt-3956 OM039_1985_CT_SU2011_ER_09 ID:453 R:Prag:MarcadoresDisc:Igualdad:454 ADDRELATION(Prag:MarcadoresDisc:Igualdad):944 
"<sea>"
	"sea" Adverb ADV lang:es 00:02:36 00:02:43 tt-3957 OM039_1985_CT_SU2011_ER_09 ID:454 
"<no>"
	"no" Adverb NEG lang:es 00:02:36 00:02:43 tt-3958 OM039_1985_CT_SU2011_ER_09 
"<me>"
	"yo" Pronoun PPX Singular lang:es 00:02:36 00:02:43 tt-3959 OM039_1985_CT_SU2011_ER_09 @Gram:Pron:Objeto ADD:523 
"<va>"
	"ir" Verb VLfin Pres Indi Sing 3rd lang:es 00:02:36 00:02:43 tt-3960 OM039_1985_CT_SU2011_ER_09 
"<a>"
	"a" Preposition PREP lang:es 00:02:36 00:02:43 tt-3961 OM039_1985_CT_SU2011_ER_09 @Gram:Prep ADD:489 
"<afectar>"
	"afectar" Verb VLinf Infinitive lang:es 00:02:36 00:02:43 tt-3962 OM039_1985_CT_SU2011_ER_09 SUBSTITUTE:296 
"<de>"
	"de" Preposition PREP lang:es 00:02:43 00:02:49 tt-3963 OM039_1985_CT_SU2011_ER_09 @Gram:Prep ADD:489 
"<una>"
	"un" Determiner ART Singular lang:es 00:02:43 00:02:49 tt-3964 OM039_1985_CT_SU2011_ER_09 
"<manera>"
	"manera" Noun NC Singular lang:es 00:02:43 00:02:49 tt-3965 OM039_1985_CT_SU2011_ER_09 
"<en>"
	"en" Preposition PREP lang:es 00:02:43 00:02:49 tt-3966 OM039_1985_CT_SU2011_ER_09 @Gram:Prep ADD:489 
"<la>"
	"el" Determiner ART Singular lang:es 00:02:43 00:02:49 tt-3967 OM039_1985_CT_SU2011_ER_09 @Gram:Det:Art ADD:341 
"<que>"
	"que" Conjunction CQUE lang:es 00:02:43 00:02:49 tt-3968 OM039_1985_CT_SU2011_ER_09 
"<la>"
	"el" Determiner ART Singular lang:es 00:02:43 00:02:49 tt-3969 OM039_1985_CT_SU2011_ER_09 @Gram:Det:Art ADD:341 
"<gente>"
	"gente" Noun NC Singular lang:es 00:02:43 00:02:49 tt-3970 OM039_1985_CT_SU2011_ER_09 
"<no>"
	"no" Adverb NEG lang:es 00:02:43 00:02:49 tt-3971 OM039_1985_CT_SU2011_ER_09 
"<me>"
	"yo" Pronoun PPX Singular lang:es 00:02:43 00:02:49 tt-3972 OM039_1985_CT_SU2011_ER_09 @Gram:Pron:Objeto ADD:523 
"<pueda>"
	"poder" Verb VMfin lang:es 00:02:43 00:02:49 tt-3973 OM039_1985_CT_SU2011_ER_09 
"<entender>"
	"entender" Verb VLinf Infinitive lang:es 00:02:43 00:02:49 tt-3974 OM039_1985_CT_SU2011_ER_09 SUBSTITUTE:296 
"<al>"
	"al" Preposition PAL lang:es 00:02:43 00:02:49 tt-3975 OM039_1985_CT_SU2011_ER_09 @Gram:Prep ADD:489 
"<cien>"
	"ciento" Determiner CARD Singular lang:es 00:02:43 00:02:49 tt-3976 OM039_1985_CT_SU2011_ER_09 
"<por>"
	"por" Preposition PREP lang:es 00:02:43 00:02:49 tt-3977 OM039_1985_CT_SU2011_ER_09 @Gram:Prep:Por SUBSTITUTE:238 ADD:483 
"<ciento>"
	"ciento" Determiner CARD Singular lang:es 00:02:43 00:02:49 tt-3978 OM039_1985_CT_SU2011_ER_09 
"<$.>"
	"." Punctuation FS lang:es 00:02:43 00:02:49 tt-3979 OM039_1985_CT_SU2011_ER_09 

"<Yo>"
	"yo" Pronoun PPX Singular lang:es 00:02:43 00:02:49 tt-3980 OM039_1985_CT_SU2011_ER_09 @Gram:Pron:Sujeto ADD:499 
"<creo>"
	"crear|creer" Verb VLfin Pres Indi Sing 1st lang:es 00:02:43 00:02:49 tt-3981 OM039_1985_CT_SU2011_ER_09 
"<que>"
	"que" Conjunction CQUE lang:es 00:02:43 00:02:49 tt-3982 OM039_1985_CT_SU2011_ER_09 
"<sé>"
	"saber|ser" Verb VLfin Pres Indi Sing 1st lang:es 00:02:43 00:02:49 tt-3983 OM039_1985_CT_SU2011_ER_09 
"<diferenciar>"
	"diferenciar" Verb VLinf Infinitive lang:es 00:02:49 00:02:56 tt-3984 OM039_1985_CT_SU2011_ER_09 SUBSTITUTE:296 
"<eh>"
	"eh" Noun NP Singular lang:es 00:02:49 00:02:56 tt-3985 OM039_1985_CT_SU2011_ER_09 
"<...>"
	"..." Punctuation DOTS lang:es 00:02:49 00:02:56 tt-3986 OM039_1985_CT_SU2011_ER_09 
"<con>"
	"con" Preposition PREP lang:es 00:02:49 00:02:56 tt-3987 OM039_1985_CT_SU2011_ER_09 @Gram:Prep ADD:489 
"<qué>"
	"qué" Pronoun INT Singular lang:es 00:02:49 00:02:56 tt-3988 OM039_1985_CT_SU2011_ER_09 
"<personas>"
	"persona" Noun NC Plural lang:es 00:02:49 00:02:56 tt-3989 OM039_1985_CT_SU2011_ER_09 
"<puedo>"
	"poder" Verb VLfin Pres Indi Sing 1st lang:es 00:02:49 00:02:56 tt-3990 OM039_1985_CT_SU2011_ER_09 
"<utilizar>"
	"utilizar" Verb VLinf Infinitive lang:es 00:02:49 00:02:56 tt-3991 OM039_1985_CT_SU2011_ER_09 SUBSTITUTE:296 
"<más>"
	"más" Adverb ADV lang:es 00:02:49 00:02:56 tt-3992 OM039_1985_CT_SU2011_ER_09 
"<una>"
	"un" Determiner ART Singular lang:es 00:02:49 00:02:56 tt-3993 OM039_1985_CT_SU2011_ER_09 
"<manera>"
	"manera" Noun NC Singular lang:es 00:02:49 00:02:56 tt-3994 OM039_1985_CT_SU2011_ER_09 
"<más>"
	"más" Adverb ADV lang:es 00:02:49 00:02:56 tt-3995 OM039_1985_CT_SU2011_ER_09 
"<el>"
	"el" Determiner ART Singular lang:es 00:02:49 00:02:56 tt-3996 OM039_1985_CT_SU2011_ER_09 @Gram:Det:Art ADD:341 
"<spanglish>"
	"UNK" Noun NC Singular lang:es 00:02:49 00:02:56 tt-3997 OM039_1985_CT_SU2011_ER_09 
"<por>"
	"por" Preposition PREP lang:es 00:02:49 00:02:56 tt-3998 OM039_1985_CT_SU2011_ER_09 @Gram:Prep:Por ID:495 R:Prag:MarcadoresDisc:Igualdad:496 SUBSTITUTE:238 ADD:471 ADDRELATION(Prag:MarcadoresDisc:Igualdad):939 
"<ejemplo>"
	"ejemplo" Adverb ADV lang:es 00:02:49 00:02:56 tt-3999 OM039_1985_CT_SU2011_ER_09 ID:496 
"<de>"
	"de" Preposition PREP lang:es 00:02:58 00:03:03 tt-4000 OM039_1985_CT_SU2011_ER_09 @Gram:Prep ADD:489 
"<...>"
	"..." Punctuation DOTS lang:es 00:02:58 00:03:03 tt-4001 OM039_1985_CT_SU2011_ER_09 
"<de>"
	"de" Preposition PREP lang:es 00:02:58 00:03:03 tt-4002 OM039_1985_CT_SU2011_ER_09 @Gram:Prep ADD:489 
"<aquí>"
	"aquí" Adverb ADV lang:es 00:02:58 00:03:03 tt-4003 OM039_1985_CT_SU2011_ER_09 
"<$¿>"
	"¿" Punctuation FS lang:es 00:02:58 00:03:03 tt-4004 OM039_1985_CT_SU2011_ER_09 
"<no>"
	"no" Adverb NEG lang:es 00:02:58 00:03:03 tt-4005 OM039_1985_CT_SU2011_ER_09 
"<$?>"
	"?" Punctuation FS lang:es 00:02:58 00:03:03 tt-4006 OM039_1985_CT_SU2011_ER_09 

"<de>"
	"de" Preposition PREP lang:es 00:02:58 00:03:03 tt-4007 OM039_1985_CT_SU2011_ER_09 @Gram:Prep ADD:489 
"<,>"
	"," Punctuation CM lang:es 00:02:58 00:03:03 tt-4009 OM039_1985_CT_SU2011_ER_09 
"<que>"
	"que" Conjunction CQUE lang:es 00:02:58 00:03:03 tt-4010 OM039_1985_CT_SU2011_ER_09 
"<viajar>"
	"viajar" Verb VLinf Infinitive lang:es 00:02:58 00:03:03 tt-4011 OM039_1985_CT_SU2011_ER_09 SUBSTITUTE:296 
"<a>"
	"a" Preposition PREP lang:es 00:02:58 00:03:03 tt-4012 OM039_1985_CT_SU2011_ER_09 @Gram:Prep ADD:489 
"<Perú>"
	"Perú" Noun NP Singular lang:es 00:02:58 00:03:03 tt-4013 OM039_1985_CT_SU2011_ER_09 
"<,>"
	"," Punctuation CM lang:es 00:02:58 00:03:03 tt-4014 OM039_1985_CT_SU2011_ER_09 
"<porque>"
	"porque" Conjunction CSUBX lang:es 00:02:58 00:03:03 tt-4015 OM039_1985_CT_SU2011_ER_09 @Prag:MarcadoresDisc:Causa ADD:902 
"<ya>"
	"ya" Adverb ADV lang:es 00:02:58 00:03:03 tt-4016 OM039_1985_CT_SU2011_ER_09 
"<me>"
	"yo" Pronoun PPX Singular lang:es 00:02:58 00:03:03 tt-4017 OM039_1985_CT_SU2011_ER_09 @Gram:Pron:Objeto ADD:523 
"<ha>"
	"haber" Verb VHfin Pres Indi Sing 3rd lang:es 00:02:58 00:03:03 tt-4018 OM039_1985_CT_SU2011_ER_09 ID:514 R:Gram:Aux:Haber:515 R:Gram:PerfPerif:515 ADDRELATION():570 
"<pasado>"
	"pasar" Verb VLadj lang:es 00:02:58 00:03:03 tt-4019 OM039_1985_CT_SU2011_ER_09 ID:515 
"<cuando>"
	"cuando" Conjunction CSUBX lang:es 00:02:58 00:03:03 tt-4020 OM039_1985_CT_SU2011_ER_09 
"<he>"
	"haber" Verb VHfin Pres Indi Sing 1st lang:es 00:02:58 00:03:03 tt-4021 OM039_1985_CT_SU2011_ER_09 @Gram:Haber:Exist ADD:680 
"<estado>"
	"estado" Noun NC Singular lang:es 00:02:58 00:03:03 tt-4022 OM039_1985_CT_SU2011_ER_09 
"<en>"
	"en" Preposition PREP lang:es 00:03:03 00:03:09 tt-4023 OM039_1985_CT_SU2011_ER_09 @Gram:Prep ADD:489 
"<Perú>"
	"Perú" Noun NP Singular lang:es 00:03:03 00:03:09 tt-4024 OM039_1985_CT_SU2011_ER_09 
"<y>"
	"y" Conjunction CC lang:es 00:03:03 00:03:09 tt-4025 OM039_1985_CT_SU2011_ER_09 
"<he>"
	"haber" Verb VHfin Pres Indi Sing 1st lang:es 00:03:03 00:03:09 tt-4026 OM039_1985_CT_SU2011_ER_09 ID:522 R:Gram:Aux:Haber:523 R:Gram:PerfPerif:523 ADDRELATION():570 
"<tratado>"
	"tratar" Verb VLadj lang:es 00:03:03 00:03:09 tt-4027 OM039_1985_CT_SU2011_ER_09 ID:523 
"<de>"
	"de" Conjunction CSUBI lang:es 00:03:03 00:03:09 tt-4028 OM039_1985_CT_SU2011_ER_09 
"<hablar>"
	"hablar" Verb VLinf Infinitive lang:es 00:03:03 00:03:09 tt-4029 OM039_1985_CT_SU2011_ER_09 SUBSTITUTE:296 
"<como>"
	"como" Conjunction CSUBX lang:es 00:03:03 00:03:09 tt-4030 OM039_1985_CT_SU2011_ER_09 
"<hablo>"
	"hablar" Verb VLfin Pres Indi Sing 1st lang:es 00:03:03 00:03:09 tt-4031 OM039_1985_CT_SU2011_ER_09 
"<aquí>"
	"aquí" Adverb ADV lang:es 00:03:03 00:03:09 tt-4032 OM039_1985_CT_SU2011_ER_09 
"<me>"
	"yo" Pronoun PPX Singular lang:es 00:03:03 00:03:09 tt-4033 OM039_1985_CT_SU2011_ER_09 @Gram:Pron:Objeto ADD:523 
"<dicen>"
	"decir" Verb VLfin Pres Indi Plural 3rd lang:es 00:03:03 00:03:09 tt-4034 OM039_1985_CT_SU2011_ER_09 
"<de>"
	"de" Preposition PREP lang:es 00:03:03 00:03:09 tt-4035 OM039_1985_CT_SU2011_ER_09 @Gram:Prep ADD:489 
"<qué>"
	"qué" Pronoun INT Singular lang:es 00:03:03 00:03:09 tt-4036 OM039_1985_CT_SU2011_ER_09 
"<estás>"
	"estar" Verb VEfin Pres Indi Sing 2nd lang:es 00:03:03 00:03:09 tt-4037 OM039_1985_CT_SU2011_ER_09 @Gram:SerEstar:Estar ID:533 R:Gram:SerEstar:EstarAux:534 ADD:673 ADDRELATION(Gram:SerEstar:EstarAux):689 
"<hablando>"
	"hablar" Verb VLger lang:es 00:03:03 00:03:09 tt-4038 OM039_1985_CT_SU2011_ER_09 ID:534 
"<,>"
	"," Punctuation CM lang:es 00:03:03 00:03:09 tt-4039 OM039_1985_CT_SU2011_ER_09 
"<entonces>"
	"entonces" Adverb ADV lang:es 00:03:03 00:03:09 tt-4040 OM039_1985_CT_SU2011_ER_09 
"<digo>"
	"decir" Verb VLfin Pres Indi Sing 1st lang:es 00:03:09 00:03:16 tt-4041 OM039_1985_CT_SU2011_ER_09 
"<,>"
	"," Punctuation CM lang:es 00:03:09 00:03:16 tt-4042 OM039_1985_CT_SU2011_ER_09 
"<cierto>"
	"cierto" Adjective ADJ Singular lang:es 00:03:09 00:03:16 tt-4044 OM039_1985_CT_SU2011_ER_09 
"<,>"
	"," Punctuation CM lang:es 00:03:09 00:03:16 tt-4045 OM039_1985_CT_SU2011_ER_09 
"<,>"
	"," Punctuation CM lang:es 00:03:09 00:03:16 tt-4047 OM039_1985_CT_SU2011_ER_09 
"<tengo>"
	"tener" Verb VLfin Pres Indi Sing 1st lang:es 00:03:09 00:03:16 tt-4048 OM039_1985_CT_SU2011_ER_09 
"<que>"
	"que" Conjunction CQUE lang:es 00:03:09 00:03:16 tt-4049 OM039_1985_CT_SU2011_ER_09 
"<volver>"
	"volver" Verb VLinf Infinitive lang:es 00:03:09 00:03:16 tt-4050 OM039_1985_CT_SU2011_ER_09 SUBSTITUTE:296 
"<a>"
	"a" Preposition PREP lang:es 00:03:09 00:03:16 tt-4051 OM039_1985_CT_SU2011_ER_09 @Gram:Prep ADD:489 
"<...>"
	"..." Punctuation DOTS lang:es 00:03:09 00:03:16 tt-4052 OM039_1985_CT_SU2011_ER_09 
"<a>"
	"a" Preposition PREP lang:es 00:03:09 00:03:16 tt-4053 OM039_1985_CT_SU2011_ER_09 @Gram:Prep ADD:489 
"<estandarizar>"
	"UNK" Verb VLinf Infinitive lang:es 00:03:09 00:03:16 tt-4054 OM039_1985_CT_SU2011_ER_09 SUBSTITUTE:296 
"<mi>"
	"mío" Pronoun PPO Singular lang:es 00:03:09 00:03:16 tt-4055 OM039_1985_CT_SU2011_ER_09 @Gram:Det:Pos ADD:367 
"<español>"
	"español" Noun NC Singular lang:es 00:03:09 00:03:16 tt-4056 OM039_1985_CT_SU2011_ER_09 
"<$.>"
	"." Punctuation FS lang:es 00:03:09 00:03:16 tt-4057 OM039_1985_CT_SU2011_ER_09 
</speaker>
<speaker type="int">

"<$¿>"
	"¿" Punctuation FS lang:es 00:03:16 00:03:23 tt-4058 OM039_1985_CT_SU2011_ER_09 
"<Y>"
	"y" Conjunction CC lang:es 00:03:16 00:03:23 tt-4059 OM039_1985_CT_SU2011_ER_09 
"<qué>"
	"qué" Pronoun INT Singular lang:es 00:03:16 00:03:23 tt-4060 OM039_1985_CT_SU2011_ER_09 
"<importancia>"
	"importancia" Noun NC Singular lang:es 00:03:16 00:03:23 tt-4061 OM039_1985_CT_SU2011_ER_09 
"<tiene>"
	"tener" Verb VLfin Pres Indi Sing 3rd lang:es 00:03:16 00:03:23 tt-4062 OM039_1985_CT_SU2011_ER_09 
"<para>"
	"para" Preposition PREP lang:es 00:03:16 00:03:23 tt-4063 OM039_1985_CT_SU2011_ER_09 @Gram:Prep:Para SUBSTITUTE:312 ADD:454 
"<ti>"
	"tú" Pronoun PPX Singular lang:es 00:03:16 00:03:23 tt-4064 OM039_1985_CT_SU2011_ER_09 
"<el>"
	"el" Determiner ART Singular lang:es 00:03:16 00:03:23 tt-4065 OM039_1985_CT_SU2011_ER_09 @Gram:Det:Art ADD:341 
"<poder>"
	"poder" Verb VLinf VMinf lang:es 00:03:16 00:03:23 tt-4066 OM039_1985_CT_SU2011_ER_09 SUBSTITUTE:296 
"<hablar>"
	"hablar" Verb VLinf Infinitive lang:es 00:03:16 00:03:23 tt-4067 OM039_1985_CT_SU2011_ER_09 SUBSTITUTE:296 
"<los>"
	"el" Determiner ART Plural lang:es 00:03:16 00:03:23 tt-4068 OM039_1985_CT_SU2011_ER_09 @Gram:Det:Art ADD:341 
"<dos>"
	"dos" Determiner CARD Plural lang:es 00:03:16 00:03:23 tt-4069 OM039_1985_CT_SU2011_ER_09 
"<lenguajes>"
	"lenguaje" Noun NC Plural lang:es 00:03:16 00:03:23 tt-4070 OM039_1985_CT_SU2011_ER_09 
"<$?>"
	"?" Punctuation FS lang:es 00:03:16 00:03:23 tt-4071 OM039_1985_CT_SU2011_ER_09 
</speaker>
<speaker type="subj">

"<Mmm>"
	"mmm" Noun NP Singular lang:es 00:03:23 00:03:30 tt-4072 OM039_1985_CT_SU2011_ER_09 
"<...>"
	"..." Punctuation DOTS lang:es 00:03:23 00:03:30 tt-4073 OM039_1985_CT_SU2011_ER_09 
"<me>"
	"yo" Pronoun PPX Singular lang:es 00:03:23 00:03:30 tt-4074 OM039_1985_CT_SU2011_ER_09 @Gram:Pron:Objeto ID:568 R:Gram:Gustar:Propios:569 ADD:523 ADDRELATION(Gram:Gustar:Propios):580 
"<gusta>"
	"gustar" Verb VLfin Pres Indi Sing 3rd lang:es 00:03:23 00:03:30 tt-4075 OM039_1985_CT_SU2011_ER_09 ID:569 
"<en>"
	"en" Preposition PREP lang:es 00:03:23 00:03:30 tt-4076 OM039_1985_CT_SU2011_ER_09 @Gram:Prep ADD:489 
"<el>"
	"el" Determiner ART Singular lang:es 00:03:23 00:03:30 tt-4077 OM039_1985_CT_SU2011_ER_09 @Gram:Det:Art ADD:341 
"<sentido>"
	"sentido" Noun NC Singular lang:es 00:03:23 00:03:30 tt-4078 OM039_1985_CT_SU2011_ER_09 
"<de>"
	"de" Preposition PREP lang:es 00:03:23 00:03:30 tt-4079 OM039_1985_CT_SU2011_ER_09 @Gram:Prep ADD:489 
"<que>"
	"que" Conjunction CQUE lang:es 00:03:23 00:03:30 tt-4080 OM039_1985_CT_SU2011_ER_09 
"<...>"
	"..." Punctuation DOTS lang:es 00:03:23 00:03:30 tt-4082 OM039_1985_CT_SU2011_ER_09 
"<tengo>"
	"tener" Verb VLfin Pres Indi Sing 1st lang:es 00:03:23 00:03:30 tt-4083 OM039_1985_CT_SU2011_ER_09 
"<variedad>"
	"variedad" Noun NC Singular lang:es 00:03:23 00:03:30 tt-4084 OM039_1985_CT_SU2011_ER_09 
"<de>"
	"de" Preposition PREP lang:es 00:03:23 00:03:30 tt-4085 OM039_1985_CT_SU2011_ER_09 @Gram:Prep ADD:489 
"<cultura>"
	"cultura" Noun NC Singular lang:es 00:03:23 00:03:30 tt-4086 OM039_1985_CT_SU2011_ER_09 
"<,>"
	"," Punctuation CM lang:es 00:03:23 00:03:30 tt-4087 OM039_1985_CT_SU2011_ER_09 
"<$¿>"
	"¿" Punctuation FS lang:es 00:03:23 00:03:30 tt-4088 OM039_1985_CT_SU2011_ER_09 
"<no>"
	"no" Adverb NEG lang:es 00:03:23 00:03:30 tt-4089 OM039_1985_CT_SU2011_ER_09 
"<$?>"
	"?" Punctuation FS lang:es 00:03:23 00:03:30 tt-4090 OM039_1985_CT_SU2011_ER_09 

"<O>"
	"o" Adverb ADV lang:es 00:03:23 00:03:30 tt-4091 OM039_1985_CT_SU2011_ER_09 ID:584 R:Prag:MarcadoresDisc:Igualdad:585 ADDRELATION(Prag:MarcadoresDisc:Igualdad):944 
"<sea>"
	"sea" Adverb ADV lang:es 00:03:23 00:03:30 tt-4092 OM039_1985_CT_SU2011_ER_09 ID:585 
"<,>"
	"," Punctuation CM lang:es 00:03:23 00:03:30 tt-4093 OM039_1985_CT_SU2011_ER_09 
"<he>"
	"haber" Verb VHfin Pres Indi Sing 1st lang:es 00:03:23 00:03:30 tt-4094 OM039_1985_CT_SU2011_ER_09 ID:587 R:Gram:Aux:Haber:588 R:Gram:PerfPerif:588 ADDRELATION():570 
"<aprendido>"
	"aprender" Verb VLadj lang:es 00:03:32 00:03:39 tt-4095 OM039_1985_CT_SU2011_ER_09 ID:588 
"<de>"
	"de" Preposition PREP lang:es 00:03:32 00:03:39 tt-4096 OM039_1985_CT_SU2011_ER_09 @Gram:Prep ADD:489 
"<otra>"
	"otro" Determiner QU lang:es 00:03:32 00:03:39 tt-4097 OM039_1985_CT_SU2011_ER_09 
"<cultura>"
	"cultura" Noun NC Singular lang:es 00:03:32 00:03:39 tt-4098 OM039_1985_CT_SU2011_ER_09 
"<y>"
	"y" Conjunction CC lang:es 00:03:32 00:03:39 tt-4099 OM039_1985_CT_SU2011_ER_09 
"<muestra>"
	"mostrar" Verb VLfin Pres Indi Sing 3rd lang:es 00:03:32 00:03:39 tt-4100 OM039_1985_CT_SU2011_ER_09 
"<de>"
	"de" Conjunction CSUBI lang:es 00:03:32 00:03:39 tt-4101 OM039_1985_CT_SU2011_ER_09 
"<que>"
	"que" Conjunction CQUE lang:es 00:03:32 00:03:39 tt-4102 OM039_1985_CT_SU2011_ER_09 
"<me>"
	"yo" Pronoun PPX Singular lang:es 00:03:32 00:03:39 tt-4103 OM039_1985_CT_SU2011_ER_09 @Gram:Pron:Objeto ADD:523 
"<he>"
	"haber" Verb VHfin Pres Indi Sing 1st lang:es 00:03:32 00:03:39 tt-4104 OM039_1985_CT_SU2011_ER_09 ID:597 R:Gram:Aux:Haber:598 R:Gram:PerfPerif:598 ADDRELATION():570 
"<adaptado>"
	"adaptar" Verb VLadj lang:es 00:03:32 00:03:39 tt-4105 OM039_1985_CT_SU2011_ER_09 ID:598 
"<,>"
	"," Punctuation CM lang:es 00:03:32 00:03:39 tt-4106 OM039_1985_CT_SU2011_ER_09 
"<muestra>"
	"mostrar" Verb VLfin Pres Indi Sing 3rd lang:es 00:03:32 00:03:39 tt-4107 OM039_1985_CT_SU2011_ER_09 
"<de>"
	"de" Preposition PREP lang:es 00:03:32 00:03:39 tt-4108 OM039_1985_CT_SU2011_ER_09 @Gram:Prep ADD:489 
"<eh>"
	"eh" Noun NP Singular lang:es 00:03:32 00:03:39 tt-4109 OM039_1985_CT_SU2011_ER_09 
"<...>"
	"..." Punctuation DOTS lang:es 00:03:32 00:03:39 tt-4110 OM039_1985_CT_SU2011_ER_09 
"<que>"
	"que" Conjunction CQUE lang:es 00:03:32 00:03:39 tt-4111 OM039_1985_CT_SU2011_ER_09 
"<tengo>"
	"tener" Verb VLfin Pres Indi Sing 1st lang:es 00:03:32 00:03:39 tt-4112 OM039_1985_CT_SU2011_ER_09 
"<ese>"
	"ese" Determiner DM Singular lang:es 00:03:40 00:03:47 tt-4113 OM039_1985_CT_SU2011_ER_09 @Gram:Det:Demo ADD:353 
"<deseo>"
	"deseo" Noun NC Singular lang:es 00:03:40 00:03:47 tt-4114 OM039_1985_CT_SU2011_ER_09 
"<de>"
	"de" Conjunction CSUBI lang:es 00:03:40 00:03:47 tt-4115 OM039_1985_CT_SU2011_ER_09 
"<seguir>"
	"seguir" Verb VLinf Infinitive lang:es 00:03:40 00:03:47 tt-4116 OM039_1985_CT_SU2011_ER_09 SUBSTITUTE:296 
"<aprendiendo>"
	"aprender" Verb VLger lang:es 00:03:40 00:03:47 tt-4117 OM039_1985_CT_SU2011_ER_09 
"<otra>"
	"otro" Determiner QU lang:es 00:03:40 00:03:47 tt-4118 OM039_1985_CT_SU2011_ER_09 
"<cultura>"
	"cultura" Noun NC Singular lang:es 00:03:40 00:03:47 tt-4119 OM039_1985_CT_SU2011_ER_09 
"<y>"
	"y" Conjunction CC lang:es 00:03:40 00:03:47 tt-4120 OM039_1985_CT_SU2011_ER_09 
"<de>"
	"de" Preposition PREP lang:es 00:03:40 00:03:47 tt-4121 OM039_1985_CT_SU2011_ER_09 @Gram:Prep ADD:489 
"<que>"
	"que" Conjunction CQUE lang:es 00:03:40 00:03:47 tt-4122 OM039_1985_CT_SU2011_ER_09 
"<no>"
	"no" Adverb NEG lang:es 00:03:40 00:03:47 tt-4123 OM039_1985_CT_SU2011_ER_09 
"<me>"
	"yo" Pronoun PPX Singular lang:es 00:03:40 00:03:47 tt-4124 OM039_1985_CT_SU2011_ER_09 @Gram:Pron:Objeto ADD:523 
"<cierro>"
	"UNK" Verb VLfin Pres Indi Sing 1st lang:es 00:03:40 00:03:47 tt-4125 OM039_1985_CT_SU2011_ER_09 
"<a>"
	"a" Preposition PREP lang:es 00:03:40 00:03:47 tt-4126 OM039_1985_CT_SU2011_ER_09 @Gram:Prep ADD:489 
"<...>"
	"..." Punctuation DOTS lang:es 00:03:40 00:03:47 tt-4127 OM039_1985_CT_SU2011_ER_09 
"<a>"
	"a" Preposition PREP lang:es 00:03:40 00:03:47 tt-4128 OM039_1985_CT_SU2011_ER_09 @Gram:Prep ADD:489 
"<estándares>"
	"standard" Noun NC Plural lang:es 00:03:40 00:03:47 tt-4129 OM039_1985_CT_SU2011_ER_09 
"<$.>"
	"." Punctuation FS lang:es 00:03:40 00:03:47 tt-4130 OM039_1985_CT_SU2011_ER_09 

"<Al>"
	"al" Preposition PAL lang:es 00:03:40 00:03:47 tt-4131 OM039_1985_CT_SU2011_ER_09 @Gram:Prep ADD:489 
"<menos>"
	"menos" Adverb ADV lang:es 00:03:49 00:03:51 tt-4132 OM039_1985_CT_SU2011_ER_09 
"<yo>"
	"yo" Pronoun PPX Singular lang:es 00:03:49 00:03:51 tt-4133 OM039_1985_CT_SU2011_ER_09 @Gram:Pron:Sujeto ADD:499 
"<me>"
	"yo" Pronoun PPX Singular lang:es 00:03:49 00:03:51 tt-4134 OM039_1985_CT_SU2011_ER_09 @Gram:Pron:Objeto ADD:523 
"<siento>"
	"sentar|sentir" Verb VLfin Pres Indi Sing 1st lang:es 00:03:49 00:03:51 tt-4135 OM039_1985_CT_SU2011_ER_09 
"<bien>"
	"bien" Adverb ADV lang:es 00:03:49 00:03:51 tt-4136 OM039_1985_CT_SU2011_ER_09 
"<con>"
	"con" Preposition PREP lang:es 00:03:49 00:03:51 tt-4137 OM039_1985_CT_SU2011_ER_09 @Gram:Prep ADD:489 
"<eso>"
	"ese" Determiner DM Singular lang:es 00:03:49 00:03:51 tt-4138 OM039_1985_CT_SU2011_ER_09 @Gram:Det:Demo ADD:360 
"<$.>"
	"." Punctuation FS lang:es 00:03:49 00:03:51 tt-4139 OM039_1985_CT_SU2011_ER_09 
</speaker>
</text>

