<text id="OM039_1985_CT_SU2011_ER_10">
<speaker type="int">
"<Muy>"
	"muy" Adverb ADV lang:es 00:00:00 00:00:07 tt-5359 OM039_1985_CT_SU2011_ER_10 
"<bien>"
	"bien" Adverb ADV lang:es 00:00:00 00:00:07 tt-5360 OM039_1985_CT_SU2011_ER_10 
"<$.>"
	"." Punctuation FS lang:es 00:00:00 00:00:07 tt-5361 OM039_1985_CT_SU2011_ER_10 

"<Oye>"
	"oír" Verb VLfin Pres Indi_Command Sing 2nd_3rd lang:es 00:00:00 00:00:07 tt-5362 OM039_1985_CT_SU2011_ER_10 SUBSTITUTE:274 
"<,>"
	"," Punctuation CM lang:es 00:00:00 00:00:07 tt-5363 OM039_1985_CT_SU2011_ER_10 
"<y>"
	"y" Conjunction CC lang:es 00:00:00 00:00:07 tt-5364 OM039_1985_CT_SU2011_ER_10 
"<este>"
	"este" Noun NC Singular lang:es 00:00:00 00:00:07 tt-5365 OM039_1985_CT_SU2011_ER_10 
"<...>"
	"..." Punctuation DOTS lang:es 00:00:00 00:00:07 tt-5366 OM039_1985_CT_SU2011_ER_10 
"<$¿>"
	"¿" Punctuation FS lang:es 00:00:00 00:00:07 tt-5367 OM039_1985_CT_SU2011_ER_10 
"<qué>"
	"qué" Pronoun INT Singular lang:es 00:00:00 00:00:07 tt-5368 OM039_1985_CT_SU2011_ER_10 
"<...>"
	"..." Punctuation DOTS lang:es 00:00:00 00:00:07 tt-5369 OM039_1985_CT_SU2011_ER_10 
"<existen>"
	"existir" Verb VLfin Pres Indi Plural 3rd lang:es 00:00:00 00:00:07 tt-5370 OM039_1985_CT_SU2011_ER_10 
"<palabras>"
	"palabra" Noun NC Plural lang:es 00:00:00 00:00:07 tt-5371 OM039_1985_CT_SU2011_ER_10 
"<o>"
	"o" Conjunction CC lang:es 00:00:00 00:00:07 tt-5372 OM039_1985_CT_SU2011_ER_10 
"<expresiones>"
	"expresión" Noun NC Plural lang:es 00:00:00 00:00:07 tt-5373 OM039_1985_CT_SU2011_ER_10 
"<que>"
	"que" Conjunction CQUE lang:es 00:00:00 00:00:07 tt-5374 OM039_1985_CT_SU2011_ER_10 
"<tú>"
	"tú" Pronoun PPX Singular lang:es 00:00:00 00:00:07 tt-5375 OM039_1985_CT_SU2011_ER_10 @Gram:Pron:Sujeto ADD:590 
"<conozcas>"
	"conocer" Verb VLfin Pres Subj Sing 2nd lang:es 00:00:00 00:00:07 tt-5376 OM039_1985_CT_SU2011_ER_10 @Gram:MSub:Pres ADD:738 
"<o>"
	"o" Conjunction CC lang:es 00:00:00 00:00:07 tt-5377 OM039_1985_CT_SU2011_ER_10 
"<que>"
	"que" Conjunction CQUE lang:es 00:00:00 00:00:07 tt-5378 OM039_1985_CT_SU2011_ER_10 
"<tú>"
	"tú" Pronoun PPX Singular lang:es 00:00:00 00:00:07 tt-5379 OM039_1985_CT_SU2011_ER_10 @Gram:Pron:Sujeto ADD:590 
"<sepas>"
	"saber" Verb VLfin Pres Subj Sing 2nd lang:es 00:00:00 00:00:07 tt-5380 OM039_1985_CT_SU2011_ER_10 @Gram:MSub:Pres ADD:738 
"<que>"
	"que" Conjunction CQUE lang:es 00:00:09 00:00:14 tt-5381 OM039_1985_CT_SU2011_ER_10 
"<no>"
	"no" Adverb NEG lang:es 00:00:09 00:00:14 tt-5382 OM039_1985_CT_SU2011_ER_10 
"<crees>"
	"crear|creer" Verb VLfin Pres Indi Sing 2nd lang:es 00:00:09 00:00:14 tt-5383 OM039_1985_CT_SU2011_ER_10 
"<que>"
	"que" Conjunction CQUE lang:es 00:00:09 00:00:14 tt-5384 OM039_1985_CT_SU2011_ER_10 
"<nadie>"
	"nadie" Noun NC Singular lang:es 00:00:09 00:00:14 tt-5385 OM039_1985_CT_SU2011_ER_10 
"<más>"
	"más" Adverb ADV lang:es 00:00:09 00:00:14 tt-5386 OM039_1985_CT_SU2011_ER_10 
"<usa>"
	"usar" Verb VLfin Pres Indi Sing 3rd lang:es 00:00:09 00:00:14 tt-5387 OM039_1985_CT_SU2011_ER_10 
"<en>"
	"en" Preposition PREP lang:es 00:00:09 00:00:14 tt-5388 OM039_1985_CT_SU2011_ER_10 @Gram:Prep ADD:580 
"<esta>"
	"este" Determiner DM Singular lang:es 00:00:09 00:00:14 tt-5389 OM039_1985_CT_SU2011_ER_10 @Gram:Det:Demo ADD:411 
"<área>"
	"área" Noun NC Singular lang:es 00:00:09 00:00:14 tt-5390 OM039_1985_CT_SU2011_ER_10 
"<del>"
	"del" Preposition PDEL lang:es 00:00:09 00:00:14 tt-5391 OM039_1985_CT_SU2011_ER_10 @Gram:Prep ADD:580 
"<país>"
	"país" Noun NC Plural lang:es 00:00:09 00:00:14 tt-5392 OM039_1985_CT_SU2011_ER_10 
"<$?>"
	"?" Punctuation FS lang:es 00:00:09 00:00:14 tt-5393 OM039_1985_CT_SU2011_ER_10 
</speaker>
<speaker type="subj">

"<$¿>"
	"¿" Punctuation FS lang:es 00:00:14 00:00:17 tt-5394 OM039_1985_CT_SU2011_ER_10 
"<Te>"
	"tú" Pronoun PPX Singular lang:es 00:00:14 00:00:17 tt-5395 OM039_1985_CT_SU2011_ER_10 @Gram:Pron:Objeto ADD:614 
"<refieres>"
	"referir" Verb VLfin Pres Indi Sing 2nd lang:es 00:00:14 00:00:17 tt-5396 OM039_1985_CT_SU2011_ER_10 
"<a>"
	"a" Preposition PREP lang:es 00:00:14 00:00:17 tt-5397 OM039_1985_CT_SU2011_ER_10 @Gram:Prep ADD:580 
"<expresiones>"
	"expresión" Noun NC Plural lang:es 00:00:14 00:00:17 tt-5398 OM039_1985_CT_SU2011_ER_10 
"<peruanas>"
	"peruano" Adjective ADJ Plural lang:es 00:00:14 00:00:17 tt-5399 OM039_1985_CT_SU2011_ER_10 
"<,>"
	"," Punctuation CM lang:es 00:00:14 00:00:17 tt-5400 OM039_1985_CT_SU2011_ER_10 
"<algo>"
	"algo" Determiner QU lang:es 00:00:14 00:00:17 tt-5401 OM039_1985_CT_SU2011_ER_10 
"<así>"
	"así" Adverb ADV lang:es 00:00:14 00:00:17 tt-5402 OM039_1985_CT_SU2011_ER_10 
"<$?>"
	"?" Punctuation FS lang:es 00:00:14 00:00:17 tt-5403 OM039_1985_CT_SU2011_ER_10 
</speaker>
<speaker type="int">

"<Claro>"
	"claro" Adjective ADJ Singular lang:es 00:00:17 00:00:18 tt-5404 OM039_1985_CT_SU2011_ER_10 
"<,>"
	"," Punctuation CM lang:es 00:00:17 00:00:18 tt-5405 OM039_1985_CT_SU2011_ER_10 
"<sí>"
	"sí" Adverb ADV lang:es 00:00:17 00:00:18 tt-5406 OM039_1985_CT_SU2011_ER_10 
"<$.>"
	"." Punctuation FS lang:es 00:00:17 00:00:18 tt-5407 OM039_1985_CT_SU2011_ER_10 
</speaker>
<speaker type="subj">

"<Oh>"
	"oh" Other UH lang:en 00:00:18 00:00:24 tt-5408 OM039_1985_CT_SU2011_ER_10 
"<,>"
	"," Punctuation CM lang:es 00:00:18 00:00:24 tt-5409 OM039_1985_CT_SU2011_ER_10 
"<hay>"
	"haber" Verb VHfin Pres Indi Sing 3rd lang:es 00:00:18 00:00:24 tt-5410 OM039_1985_CT_SU2011_ER_10 @Gram:Haber:Exist ADD:785 
"<varias>"
	"varios" Determiner QU lang:es 00:00:18 00:00:24 tt-5411 OM039_1985_CT_SU2011_ER_10 @Gram:Det:CuantIndef ADD:447 
"<$.>"
	"." Punctuation FS lang:es 00:00:18 00:00:24 tt-5412 OM039_1985_CT_SU2011_ER_10 

"<A>"
	"a" Conjunction CSUBI lang:es 00:00:18 00:00:24 tt-5413 OM039_1985_CT_SU2011_ER_10 
"<ver>"
	"ver" Verb VLinf Infinitive lang:es 00:00:18 00:00:24 tt-5414 OM039_1985_CT_SU2011_ER_10 SUBSTITUTE:309 
"<,>"
	"," Punctuation CM lang:es 00:00:18 00:00:24 tt-5415 OM039_1985_CT_SU2011_ER_10 
"<algo>"
	"algo" Determiner QU lang:es 00:00:18 00:00:24 tt-5416 OM039_1985_CT_SU2011_ER_10 
"<que>"
	"que" Conjunction CQUE lang:es 00:00:18 00:00:24 tt-5417 OM039_1985_CT_SU2011_ER_10 
"<se>"
	"se" Other SE lang:es 00:00:18 00:00:24 tt-5418 OM039_1985_CT_SU2011_ER_10 @Gram:Pron:Otros ADD:633 
"<me>"
	"yo" Pronoun PPX Singular lang:es 00:00:18 00:00:24 tt-5419 OM039_1985_CT_SU2011_ER_10 @Gram:Pron:Objeto ADD:614 
"<viene>"
	"venir" Verb VLfin Pres Indi Sing 3rd lang:es 00:00:18 00:00:24 tt-5420 OM039_1985_CT_SU2011_ER_10 
"<primero>"
	"primero" Adverb ADV lang:es 00:00:18 00:00:24 tt-5421 OM039_1985_CT_SU2011_ER_10 
"<a>"
	"a" Preposition PREP lang:es 00:00:18 00:00:24 tt-5422 OM039_1985_CT_SU2011_ER_10 @Gram:Prep ADD:580 
"<la>"
	"el" Determiner ART Singular Fem lang:es 00:00:18 00:00:24 tt-5423 OM039_1985_CT_SU2011_ER_10 @Gram:Det:Art ADD:395 
"<mente>"
	"mente" Noun NC Singular lang:es 00:00:18 00:00:24 tt-5424 OM039_1985_CT_SU2011_ER_10 
"<y>"
	"y" Conjunction CC lang:es 00:00:18 00:00:24 tt-5425 OM039_1985_CT_SU2011_ER_10 
"<que>"
	"que" Conjunction CQUE lang:es 00:00:18 00:00:24 tt-5426 OM039_1985_CT_SU2011_ER_10 
"<es>"
	"ser" Verb VSfin Pres Indi Sing 3rd lang:es 00:00:18 00:00:24 tt-5427 OM039_1985_CT_SU2011_ER_10 @Gram:SerEstar:Ser ADD:769 
"<gracioso>"
	"gracioso" Adjective ADJ Singular lang:es 00:00:18 00:00:24 tt-5428 OM039_1985_CT_SU2011_ER_10 
"<,>"
	"," Punctuation CM lang:es 00:00:18 00:00:24 tt-5429 OM039_1985_CT_SU2011_ER_10 
"<eh>"
	"eh" Noun NP Singular lang:es 00:00:24 00:00:31 tt-5430 OM039_1985_CT_SU2011_ER_10 
"<...>"
	"..." Punctuation DOTS lang:es 00:00:24 00:00:31 tt-5431 OM039_1985_CT_SU2011_ER_10 
"<por>"
	"por" Preposition PREP lang:es 00:00:24 00:00:31 tt-5432 OM039_1985_CT_SU2011_ER_10 @Gram:Prep:Por ID:74 R:Prag:MarcadoresDisc:Igualdad:75 SUBSTITUTE:251 ADD:561 ADDRELATION(Prag:MarcadoresDisc:Igualdad):1088 
"<ejemplo>"
	"ejemplo" Adverb ADV lang:es 00:00:24 00:00:31 tt-5433 OM039_1985_CT_SU2011_ER_10 ID:75 
"<,>"
	"," Punctuation CM lang:es 00:00:24 00:00:31 tt-5434 OM039_1985_CT_SU2011_ER_10 
"<cuando>"
	"cuando" Conjunction CSUBX lang:es 00:00:24 00:00:31 tt-5435 OM039_1985_CT_SU2011_ER_10 
"<una>"
	"un" Determiner ART Singular lang:es 00:00:24 00:00:31 tt-5436 OM039_1985_CT_SU2011_ER_10 
"<persona>"
	"persona" Noun NC Singular lang:es 00:00:24 00:00:31 tt-5437 OM039_1985_CT_SU2011_ER_10 
"<está>"
	"estar" Verb VEfin Pres Indi Sing 3rd lang:es 00:00:24 00:00:31 tt-5438 OM039_1985_CT_SU2011_ER_10 @Gram:SerEstar:Estar ADD:778 
"<eh>"
	"eh" Noun NP Singular lang:es 00:00:24 00:00:31 tt-5439 OM039_1985_CT_SU2011_ER_10 
"<...>"
	"..." Punctuation DOTS lang:es 00:00:24 00:00:31 tt-5440 OM039_1985_CT_SU2011_ER_10 
"<o>"
	"o" Conjunction CC lang:es 00:00:24 00:00:31 tt-5441 OM039_1985_CT_SU2011_ER_10 
"<cuando>"
	"cuando" Conjunction CSUBX lang:es 00:00:24 00:00:31 tt-5442 OM039_1985_CT_SU2011_ER_10 
"<una>"
	"un" Determiner ART Singular lang:es 00:00:24 00:00:31 tt-5443 OM039_1985_CT_SU2011_ER_10 
"<persona>"
	"persona" Noun NC Singular lang:es 00:00:24 00:00:31 tt-5444 OM039_1985_CT_SU2011_ER_10 
"<va>"
	"ir" Verb VLfin Pres Indi Sing 3rd lang:es 00:00:24 00:00:31 tt-5445 OM039_1985_CT_SU2011_ER_10 ID:87 R:Gram:VFut:Perifrasis:89 ADDRELATION(Gram:VFut:Perifrasis):673 
"<a>"
	"a" Preposition PREP lang:es 00:00:24 00:00:31 tt-5446 OM039_1985_CT_SU2011_ER_10 @Gram:Prep ADD:580 
"<tomar>"
	"tomar" Verb VLinf Infinitive lang:es 00:00:24 00:00:31 tt-5447 OM039_1985_CT_SU2011_ER_10 ID:89 SUBSTITUTE:309 
"<sus>"
	"suyo" Pronoun PPO Plural lang:es 00:00:24 00:00:31 tt-5448 OM039_1985_CT_SU2011_ER_10 @Gram:Det:Pos ADD:426 
"<tragos>"
	"UNK" Noun NC Plural lang:es 00:00:24 00:00:31 tt-5449 OM039_1985_CT_SU2011_ER_10 
"<,>"
	"," Punctuation CM lang:es 00:00:24 00:00:31 tt-5450 OM039_1985_CT_SU2011_ER_10 
<lang code="en">
"<alcohol>"
	"alcohol" Noun NN lang:en 00:00:31 00:00:37 tt-5451 OM039_1985_CT_SU2011_ER_10 
</lang>
"<,>"
	"," Punctuation CM lang:es 00:00:31 00:00:37 tt-5452 OM039_1985_CT_SU2011_ER_10 
"<como>"
	"como" Adverb ADV lang:es 00:00:31 00:00:37 tt-5453 OM039_1985_CT_SU2011_ER_10 
"<para>"
	"para" Preposition PREP lang:es 00:00:31 00:00:37 tt-5454 OM039_1985_CT_SU2011_ER_10 @Gram:Prep:Para SUBSTITUTE:325 ADD:525 
"<celebrar>"
	"celebrar" Verb VLinf Infinitive lang:es 00:00:31 00:00:37 tt-5455 OM039_1985_CT_SU2011_ER_10 SUBSTITUTE:309 
"<,>"
	"," Punctuation CM lang:es 00:00:31 00:00:37 tt-5456 OM039_1985_CT_SU2011_ER_10 
"<$¿>"
	"¿" Punctuation FS lang:es 00:00:31 00:00:37 tt-5457 OM039_1985_CT_SU2011_ER_10 
"<no>"
	"no" Adverb NEG lang:es 00:00:31 00:00:37 tt-5458 OM039_1985_CT_SU2011_ER_10 
"<$?>"
	"?" Punctuation FS lang:es 00:00:31 00:00:37 tt-5459 OM039_1985_CT_SU2011_ER_10 

"<Para>"
	"para" Preposition PREP lang:es 00:00:31 00:00:37 tt-5460 OM039_1985_CT_SU2011_ER_10 @Gram:Prep:Para SUBSTITUTE:325 ADD:525 
"<hacer>"
	"hacer" Verb VLinf Infinitive lang:es 00:00:31 00:00:37 tt-5461 OM039_1985_CT_SU2011_ER_10 SUBSTITUTE:309 
"<brindis>"
	"brindis" Noun NC Plural lang:es 00:00:31 00:00:37 tt-5462 OM039_1985_CT_SU2011_ER_10 
"<,>"
	"," Punctuation CM lang:es 00:00:31 00:00:37 tt-5463 OM039_1985_CT_SU2011_ER_10 
"<eh>"
	"eh" Noun NP Singular lang:es 00:00:31 00:00:37 tt-5464 OM039_1985_CT_SU2011_ER_10 
"<...>"
	"..." Punctuation DOTS lang:es 00:00:31 00:00:37 tt-5465 OM039_1985_CT_SU2011_ER_10 
"<si>"
	"si" Conjunction CSUBX lang:es 00:00:31 00:00:37 tt-5466 OM039_1985_CT_SU2011_ER_10 
"<es>"
	"ser" Verb VSfin Pres Indi Sing 3rd lang:es 00:00:31 00:00:37 tt-5467 OM039_1985_CT_SU2011_ER_10 @Gram:SerEstar:Ser ADD:769 
"<que>"
	"que" Conjunction CQUE lang:es 00:00:31 00:00:37 tt-5468 OM039_1985_CT_SU2011_ER_10 
"<por>"
	"por" Preposition PREP lang:es 00:00:31 00:00:37 tt-5469 OM039_1985_CT_SU2011_ER_10 @Gram:Prep:Por ID:111 R:Prag:MarcadoresDisc:Igualdad:112 SUBSTITUTE:251 ADD:561 ADDRELATION(Prag:MarcadoresDisc:Igualdad):1088 
"<ejemplo>"
	"ejemplo" Adverb ADV lang:es 00:00:31 00:00:37 tt-5470 OM039_1985_CT_SU2011_ER_10 ID:112 
"<una>"
	"un" Determiner ART Singular lang:es 00:00:31 00:00:37 tt-5471 OM039_1985_CT_SU2011_ER_10 
"<persona>"
	"persona" Noun NC Singular lang:es 00:00:31 00:00:37 tt-5472 OM039_1985_CT_SU2011_ER_10 
"<toma>"
	"tomar" Verb VLfin Pres Indi Sing 3rd lang:es 00:00:37 00:00:44 tt-5473 OM039_1985_CT_SU2011_ER_10 
"<un>"
	"un" Determiner ART Singular lang:es 00:00:37 00:00:44 tt-5474 OM039_1985_CT_SU2011_ER_10 
"<vaso>"
	"vaso" Noun NC Singular lang:es 00:00:37 00:00:44 tt-5475 OM039_1985_CT_SU2011_ER_10 
"<nada>"
	"nada" Determiner QU lang:es 00:00:37 00:00:44 tt-5476 OM039_1985_CT_SU2011_ER_10 
"<más>"
	"más" Adverb ADV lang:es 00:00:37 00:00:44 tt-5477 OM039_1985_CT_SU2011_ER_10 
"<,>"
	"," Punctuation CM lang:es 00:00:37 00:00:44 tt-5478 OM039_1985_CT_SU2011_ER_10 
"<si>"
	"si" Conjunction CSUBX lang:es 00:00:37 00:00:44 tt-5479 OM039_1985_CT_SU2011_ER_10 
"<es>"
	"ser" Verb VSfin Pres Indi Sing 3rd lang:es 00:00:37 00:00:44 tt-5480 OM039_1985_CT_SU2011_ER_10 @Gram:SerEstar:Ser ADD:769 
"<cerveza>"
	"cerveza" Noun NC Singular lang:es 00:00:37 00:00:44 tt-5481 OM039_1985_CT_SU2011_ER_10 
"<digamos>"
	"decir" Verb VLfin Pres Subj Plural 1st lang:es 00:00:37 00:00:44 tt-5482 OM039_1985_CT_SU2011_ER_10 @Gram:MSub:Pres ADD:738 
"<,>"
	"," Punctuation CM lang:es 00:00:37 00:00:44 tt-5483 OM039_1985_CT_SU2011_ER_10 
"<una>"
	"un" Determiner ART Singular lang:es 00:00:37 00:00:44 tt-5484 OM039_1985_CT_SU2011_ER_10 
"<cerveza>"
	"cerveza" Noun NC Singular lang:es 00:00:37 00:00:44 tt-5485 OM039_1985_CT_SU2011_ER_10 
<lang code="en">
"<light>"
	"light" Noun NN lang:en 00:00:37 00:00:44 tt-5486 OM039_1985_CT_SU2011_ER_10 
</lang>
"<hay>"
	"haber" Verb VMfin Pres Indi Sing 3rd lang:es 00:00:37 00:00:44 tt-5487 OM039_1985_CT_SU2011_ER_10 @Gram:Haber:Exist ADD:785 
"<que>"
	"que" Verb VMfin lang:es 00:00:37 00:00:44 tt-5488 OM039_1985_CT_SU2011_ER_10 
"<decir>"
	"decir" Verb VLinf Infinitive lang:es 00:00:37 00:00:44 tt-5489 OM039_1985_CT_SU2011_ER_10 SUBSTITUTE:309 
"<o>"
	"o" Conjunction CC lang:es 00:00:37 00:00:44 tt-5490 OM039_1985_CT_SU2011_ER_10 
"<cualquier>"
	"cualquier" Determiner QU lang:es 00:00:37 00:00:44 tt-5491 OM039_1985_CT_SU2011_ER_10 @Gram:Det:CuantIndef ADD:442 
"<cerveza>"
	"cerveza" Noun NC Singular lang:es 00:00:45 00:00:51 tt-5492 OM039_1985_CT_SU2011_ER_10 
"<,>"
	"," Punctuation CM lang:es 00:00:45 00:00:51 tt-5493 OM039_1985_CT_SU2011_ER_10 
"<no>"
	"no" Adverb NEG lang:es 00:00:45 00:00:51 tt-5494 OM039_1985_CT_SU2011_ER_10 
"<importa>"
	"importar" Verb VLfin Pres Indi Sing 3rd lang:es 00:00:45 00:00:51 tt-5495 OM039_1985_CT_SU2011_ER_10 
"<,>"
	"," Punctuation CM lang:es 00:00:45 00:00:51 tt-5496 OM039_1985_CT_SU2011_ER_10 
"<si>"
	"si" Conjunction CSUBX lang:es 00:00:45 00:00:51 tt-5497 OM039_1985_CT_SU2011_ER_10 
"<toma>"
	"tomar" Verb VLfin Pres Indi Sing 3rd lang:es 00:00:45 00:00:51 tt-5498 OM039_1985_CT_SU2011_ER_10 
"<un>"
	"un" Determiner ART Singular lang:es 00:00:45 00:00:51 tt-5499 OM039_1985_CT_SU2011_ER_10 
"<vaso>"
	"vaso" Noun NC Singular lang:es 00:00:45 00:00:51 tt-5500 OM039_1985_CT_SU2011_ER_10 
"<nada>"
	"nada" Determiner QU lang:es 00:00:45 00:00:51 tt-5501 OM039_1985_CT_SU2011_ER_10 
"<más>"
	"más" Adverb ADV lang:es 00:00:45 00:00:51 tt-5502 OM039_1985_CT_SU2011_ER_10 
"<y>"
	"y" Conjunction CC lang:es 00:00:45 00:00:51 tt-5503 OM039_1985_CT_SU2011_ER_10 
"<se>"
	"se" Other SE lang:es 00:00:45 00:00:51 tt-5504 OM039_1985_CT_SU2011_ER_10 
"<emborracha>"
	"UNK" Verb VLfin Pres Indi Sing 3rd lang:es 00:00:45 00:00:51 tt-5505 OM039_1985_CT_SU2011_ER_10 
"<,>"
	"," Punctuation CM lang:es 00:00:45 00:00:51 tt-5506 OM039_1985_CT_SU2011_ER_10 
"<se>"
	"se" Other SE lang:es 00:00:45 00:00:51 tt-5507 OM039_1985_CT_SU2011_ER_10 @Gram:Pron:Otros ADD:633 
"<...>"
	"..." Punctuation DOTS lang:es 00:00:45 00:00:51 tt-5508 OM039_1985_CT_SU2011_ER_10 
"<se>"
	"se" Other SE lang:es 00:00:45 00:00:51 tt-5509 OM039_1985_CT_SU2011_ER_10 @Gram:Pron:Otros ADD:633 
"<...>"
	"..." Punctuation DOTS lang:es 00:00:45 00:00:51 tt-5510 OM039_1985_CT_SU2011_ER_10 
"<como>"
	"como" Adverb ADV lang:es 00:00:45 00:00:51 tt-5511 OM039_1985_CT_SU2011_ER_10 
"<que>"
	"que" Conjunction CQUE lang:es 00:00:45 00:00:51 tt-5512 OM039_1985_CT_SU2011_ER_10 
"<se>"
	"se" Other SE lang:es 00:00:45 00:00:51 tt-5513 OM039_1985_CT_SU2011_ER_10 @Gram:Pron:Otros ADD:633 
"<le>"
	"él" Pronoun PPC Singular lang:es 00:00:51 00:00:57 tt-5514 OM039_1985_CT_SU2011_ER_10 @Gram:Pron:Objeto ADD:620 
"<sube>"
	"subir" Verb VLfin Pres Indi Sing 3rd lang:es 00:00:51 00:00:57 tt-5515 OM039_1985_CT_SU2011_ER_10 
"<el>"
	"el" Determiner ART Singular Masc lang:es 00:00:51 00:00:57 tt-5516 OM039_1985_CT_SU2011_ER_10 @Gram:Det:Art ADD:395 
<lang code="en">
"<alcohol>"
	"alcohol" Noun NN lang:en 00:00:51 00:00:57 tt-5517 OM039_1985_CT_SU2011_ER_10 
</lang>
"<a>"
	"a" Preposition PREP lang:es 00:00:51 00:00:57 tt-5518 OM039_1985_CT_SU2011_ER_10 @Gram:Prep ADD:580 
"<la>"
	"el" Determiner ART Singular Fem lang:es 00:00:51 00:00:57 tt-5519 OM039_1985_CT_SU2011_ER_10 @Gram:Det:Art ADD:395 
"<cabeza>"
	"cabeza" Noun NC Singular lang:es 00:00:51 00:00:57 tt-5520 OM039_1985_CT_SU2011_ER_10 
"<,>"
	"," Punctuation CM lang:es 00:00:51 00:00:57 tt-5521 OM039_1985_CT_SU2011_ER_10 
"<en>"
	"en" Preposition PREP lang:es 00:00:51 00:00:57 tt-5522 OM039_1985_CT_SU2011_ER_10 @Gram:Prep ADD:580 
"<Perú>"
	"Perú" Noun NP Singular lang:es 00:00:51 00:00:57 tt-5523 OM039_1985_CT_SU2011_ER_10 
"<decimos>"
	"decir" Verb VLfin Pres_or_Pret Indi Plural 1st lang:es 00:00:51 00:00:57 tt-5524 OM039_1985_CT_SU2011_ER_10 
"<que>"
	"que" Conjunction CQUE lang:es 00:00:51 00:00:57 tt-5525 OM039_1985_CT_SU2011_ER_10 
"<esa>"
	"ese" Determiner DM Singular lang:es 00:00:51 00:00:57 tt-5526 OM039_1985_CT_SU2011_ER_10 
"<persona>"
	"persona" Noun NC Singular lang:es 00:00:51 00:00:57 tt-5527 OM039_1985_CT_SU2011_ER_10 
"<es>"
	"ser" Verb VSfin Pres Indi Sing 3rd lang:es 00:00:51 00:00:57 tt-5528 OM039_1985_CT_SU2011_ER_10 @Gram:SerEstar:Ser ADD:769 
"<un>"
	"un" Determiner ART Singular lang:es 00:00:51 00:00:57 tt-5529 OM039_1985_CT_SU2011_ER_10 
"<pollo>"
	"pollo" Noun NC Singular lang:es 00:00:51 00:00:57 tt-5530 OM039_1985_CT_SU2011_ER_10 
"<o>"
	"o" Conjunction CC lang:es 00:00:51 00:00:57 tt-5531 OM039_1985_CT_SU2011_ER_10 
"<una>"
	"un" Determiner ART Singular lang:es 00:00:51 00:00:57 tt-5532 OM039_1985_CT_SU2011_ER_10 
"<polla>"
	"UNK" Noun NC Singular lang:es 00:00:57 00:01:02 tt-5533 OM039_1985_CT_SU2011_ER_10 
"<,>"
	"," Punctuation CM lang:es 00:00:57 00:01:02 tt-5534 OM039_1985_CT_SU2011_ER_10 
"<si>"
	"si" Conjunction CSUBX lang:es 00:00:57 00:01:02 tt-5535 OM039_1985_CT_SU2011_ER_10 
"<es>"
	"ser" Verb VSfin Pres Indi Sing 3rd lang:es 00:00:57 00:01:02 tt-5536 OM039_1985_CT_SU2011_ER_10 @Gram:SerEstar:Ser ADD:769 
"<una>"
	"un" Determiner ART Singular lang:es 00:00:57 00:01:02 tt-5537 OM039_1985_CT_SU2011_ER_10 
"<chica>"
	"chico" Noun NC Singular lang:es 00:00:57 00:01:02 tt-5538 OM039_1985_CT_SU2011_ER_10 
"<$.>"
	"." Punctuation FS lang:es 00:00:57 00:01:02 tt-5539 OM039_1985_CT_SU2011_ER_10 

"<Eh>"
	"eh" Noun NP Singular lang:es 00:00:57 00:01:02 tt-5540 OM039_1985_CT_SU2011_ER_10 
"<...>"
	"..." Punctuation DOTS lang:es 00:00:57 00:01:02 tt-5541 OM039_1985_CT_SU2011_ER_10 
"<pero>"
	"pero" Conjunction CCAD lang:es 00:00:57 00:01:02 tt-5542 OM039_1985_CT_SU2011_ER_10 @Prag:MarcadoresDisc:Revision ADD:998 
"<aquí>"
	"aquí" Adverb ADV lang:es 00:00:57 00:01:02 tt-5543 OM039_1985_CT_SU2011_ER_10 
"<no>"
	"no" Adverb NEG lang:es 00:00:57 00:01:02 tt-5544 OM039_1985_CT_SU2011_ER_10 
"<,>"
	"," Punctuation CM lang:es 00:00:57 00:01:02 tt-5545 OM039_1985_CT_SU2011_ER_10 
"<aquí>"
	"aquí" Adverb ADV lang:es 00:00:57 00:01:02 tt-5546 OM039_1985_CT_SU2011_ER_10 
"<no>"
	"no" Adverb NEG lang:es 00:00:57 00:01:02 tt-5547 OM039_1985_CT_SU2011_ER_10 
"<se>"
	"se" Other SE lang:es 00:00:57 00:01:02 tt-5548 OM039_1985_CT_SU2011_ER_10 
"<reconoce>"
	"reconocer" Verb VLfin Pres Indi Sing 3rd lang:es 00:00:57 00:01:02 tt-5549 OM039_1985_CT_SU2011_ER_10 
"<simplemente>"
	"simplemente" Adverb ADV lang:es 00:00:57 00:01:02 tt-5550 OM039_1985_CT_SU2011_ER_10 
"<que>"
	"que" Conjunction CQUE lang:es 00:00:57 00:01:02 tt-5551 OM039_1985_CT_SU2011_ER_10 
"<se>"
	"se" Other SE lang:es 00:00:57 00:01:02 tt-5552 OM039_1985_CT_SU2011_ER_10 
"<picó>"
	"UNK" Verb VLfin Pret Indi Sing 3rd lang:es 00:00:57 00:01:02 tt-5553 OM039_1985_CT_SU2011_ER_10 @Gram:Indefinido ADD:654 
"<o>"
	"o" Conjunction CC lang:es 00:01:02 00:01:09 tt-5554 OM039_1985_CT_SU2011_ER_10 
"<que>"
	"que" Conjunction CQUE lang:es 00:01:02 00:01:09 tt-5555 OM039_1985_CT_SU2011_ER_10 
"<se>"
	"se" Other SE lang:es 00:01:02 00:01:09 tt-5556 OM039_1985_CT_SU2011_ER_10 
"<mareó>"
	"UNK" Verb VLfin Pret Indi Sing 3rd lang:es 00:01:02 00:01:09 tt-5557 OM039_1985_CT_SU2011_ER_10 @Gram:Indefinido ADD:654 
"<mejor>"
	"bueno" Adjective ADJ Singular lang:es 00:01:02 00:01:09 tt-5558 OM039_1985_CT_SU2011_ER_10 
"<dicho>"
	"decir" Verbo VLadj lang:es 00:01:02 00:01:09 tt-5559 OM039_1985_CT_SU2011_ER_10 SUBSTITUTE:269 
"<,>"
	"," Punctuation CM lang:es 00:01:02 00:01:09 tt-5560 OM039_1985_CT_SU2011_ER_10 
"<en>"
	"en" Preposition PREP lang:es 00:01:02 00:01:09 tt-5561 OM039_1985_CT_SU2011_ER_10 @Gram:Prep ADD:580 
"<español>"
	"español" Noun NC Singular lang:es 00:01:02 00:01:09 tt-5562 OM039_1985_CT_SU2011_ER_10 
"<$.>"
	"." Punctuation FS lang:es 00:01:02 00:01:09 tt-5563 OM039_1985_CT_SU2011_ER_10 

"<Y>"
	"y" Conjunction CC lang:es 00:01:02 00:01:09 tt-5564 OM039_1985_CT_SU2011_ER_10 
"<también>"
	"también" Adverb ADV lang:es 00:01:02 00:01:09 tt-5565 OM039_1985_CT_SU2011_ER_10 @Prag:MarcadoresDisc:Igualdad ADD:1082 
"<decimos>"
	"decir" Verb VLfin Pres_or_Pret Indi Plural 1st lang:es 00:01:02 00:01:09 tt-5566 OM039_1985_CT_SU2011_ER_10 
"<se>"
	"se" Other SE lang:es 00:01:02 00:01:09 tt-5567 OM039_1985_CT_SU2011_ER_10 
"<picó>"
	"UNK" Verb VLfin Pret Indi Sing 3rd lang:es 00:01:02 00:01:09 tt-5568 OM039_1985_CT_SU2011_ER_10 @Gram:Indefinido ADD:654 
"<en>"
	"en" Preposition PREP lang:es 00:01:02 00:01:09 tt-5569 OM039_1985_CT_SU2011_ER_10 @Gram:Prep ADD:580 
"<el>"
	"el" Determiner ART Singular Masc lang:es 00:01:02 00:01:09 tt-5570 OM039_1985_CT_SU2011_ER_10 @Gram:Det:Art ADD:395 
"<...>"
	"..." Punctuation DOTS lang:es 00:01:02 00:01:09 tt-5571 OM039_1985_CT_SU2011_ER_10 
"<en>"
	"en" Preposition PREP lang:es 00:01:02 00:01:09 tt-5572 OM039_1985_CT_SU2011_ER_10 @Gram:Prep ADD:580 
"<Perú>"
	"Perú" Noun NP Singular lang:es 00:01:02 00:01:09 tt-5573 OM039_1985_CT_SU2011_ER_10 
"<$.>"
	"." Punctuation FS lang:es 00:01:02 00:01:09 tt-5574 OM039_1985_CT_SU2011_ER_10 

"<Son>"
	"ser" Verb VSfin Pres Indi Plural 3rd lang:es 00:01:09 00:01:16 tt-5575 OM039_1985_CT_SU2011_ER_10 @Gram:SerEstar:Ser ADD:769 
"<expresiones>"
	"expresión" Noun NC Plural lang:es 00:01:09 00:01:16 tt-5576 OM039_1985_CT_SU2011_ER_10 
"<esto>"
	"este" Determiner DM Singular lang:es 00:01:09 00:01:16 tt-5577 OM039_1985_CT_SU2011_ER_10 
"<...>"
	"..." Punctuation DOTS lang:es 00:01:09 00:01:16 tt-5578 OM039_1985_CT_SU2011_ER_10 
"<le>"
	"él" Pronoun PPC Singular lang:es 00:01:09 00:01:16 tt-5579 OM039_1985_CT_SU2011_ER_10 @Gram:Pron:Objeto ADD:620 
"<decimos>"
	"decir" Verb VLfin Pres_or_Pret Indi Plural 1st lang:es 00:01:09 00:01:16 tt-5580 OM039_1985_CT_SU2011_ER_10 
"<expresiones>"
	"expresión" Noun NC Plural lang:es 00:01:09 00:01:16 tt-5581 OM039_1985_CT_SU2011_ER_10 
"<criollas>"
	"UNK" Noun NC Plural lang:es 00:01:09 00:01:16 tt-5582 OM039_1985_CT_SU2011_ER_10 
"<o>"
	"o" Conjunction CC lang:es 00:01:09 00:01:16 tt-5583 OM039_1985_CT_SU2011_ER_10 
"<expresiones>"
	"expresión" Noun NC Plural lang:es 00:01:09 00:01:16 tt-5584 OM039_1985_CT_SU2011_ER_10 
"<populares>"
	"popular" Adjective ADJ Plural lang:es 00:01:09 00:01:16 tt-5585 OM039_1985_CT_SU2011_ER_10 
"<,>"
	"," Punctuation CM lang:es 00:01:09 00:01:16 tt-5586 OM039_1985_CT_SU2011_ER_10 
"<son>"
	"ser" Verb VSfin Pres Indi Plural 3rd lang:es 00:01:09 00:01:16 tt-5587 OM039_1985_CT_SU2011_ER_10 @Gram:SerEstar:Ser ADD:769 
"<graciosas>"
	"UNK" Adjective ADJ Plural lang:es 00:01:09 00:01:16 tt-5588 OM039_1985_CT_SU2011_ER_10 
"<$.>"
	"." Punctuation FS lang:es 00:01:09 00:01:16 tt-5589 OM039_1985_CT_SU2011_ER_10 
</speaker>
<speaker type="int">

"<$¿>"
	"¿" Punctuation FS lang:es 00:01:17 00:01:20 tt-5590 OM039_1985_CT_SU2011_ER_10 
"<Y>"
	"y" Conjunction CC lang:es 00:01:17 00:01:20 tt-5591 OM039_1985_CT_SU2011_ER_10 
"<qué>"
	"qué" Pronoun INT Singular lang:es 00:01:17 00:01:20 tt-5592 OM039_1985_CT_SU2011_ER_10 
"<tal>"
	"tal" Determiner QU lang:es 00:01:17 00:01:20 tt-5593 OM039_1985_CT_SU2011_ER_10 @Gram:Det:CuantIndef ADD:442 
"<la>"
	"el" Determiner ART Singular Fem lang:es 00:01:17 00:01:20 tt-5594 OM039_1985_CT_SU2011_ER_10 @Gram:Det:Art ADD:395 
"<palabra>"
	"palabra" Noun NC Singular lang:es 00:01:17 00:01:20 tt-5595 OM039_1985_CT_SU2011_ER_10 
"<chévere>"
	"chévere" Adjective ADJ Singular lang:es 00:01:17 00:01:20 tt-5596 OM039_1985_CT_SU2011_ER_10 
"<$?>"
	"?" Punctuation FS lang:es 00:01:17 00:01:20 tt-5597 OM039_1985_CT_SU2011_ER_10 
</speaker>
<speaker type="subj">

"<Chévere>"
	"chévere" Adjective ADJ Singular lang:es 00:01:20 00:01:25 tt-5598 OM039_1985_CT_SU2011_ER_10 
"<,>"
	"," Punctuation CM lang:es 00:01:20 00:01:25 tt-5599 OM039_1985_CT_SU2011_ER_10 
<lang code="en">
"<ah>"
	"UNK" Noun NP Singular lang:en 00:01:20 00:01:25 tt-5600 OM039_1985_CT_SU2011_ER_10 
</lang>
"<,>"
	"," Punctuation CM lang:es 00:01:20 00:01:25 tt-5601 OM039_1985_CT_SU2011_ER_10 
"<creo>"
	"crear|creer" Verb VLfin Pres Indi Sing 1st lang:es 00:01:20 00:01:25 tt-5602 OM039_1985_CT_SU2011_ER_10 
"<que>"
	"que" Conjunction CQUE lang:es 00:01:20 00:01:25 tt-5603 OM039_1985_CT_SU2011_ER_10 
"<en>"
	"en" Preposition PREP lang:es 00:01:20 00:01:25 tt-5604 OM039_1985_CT_SU2011_ER_10 @Gram:Prep ADD:580 
"<la>"
	"el" Determiner ART Singular Fem lang:es 00:01:20 00:01:25 tt-5605 OM039_1985_CT_SU2011_ER_10 @Gram:Det:Art ADD:395 
"<televisión>"
	"televisión" Noun NC Singular lang:es 00:01:20 00:01:25 tt-5606 OM039_1985_CT_SU2011_ER_10 
"<de>"
	"de" Preposition PREP lang:es 00:01:20 00:01:25 tt-5607 OM039_1985_CT_SU2011_ER_10 @Gram:Prep ADD:580 
"<Perú>"
	"Perú" Noun NP Singular lang:es 00:01:20 00:01:25 tt-5608 OM039_1985_CT_SU2011_ER_10 
"<se>"
	"se" Other SE lang:es 00:01:20 00:01:25 tt-5609 OM039_1985_CT_SU2011_ER_10 
"<difundió>"
	"difundir" Verb VLfin Pret Indi Sing 3rd lang:es 00:01:20 00:01:25 tt-5610 OM039_1985_CT_SU2011_ER_10 @Gram:Indefinido ADD:654 
"<más>"
	"más" Adverb ADV lang:es 00:01:20 00:01:25 tt-5611 OM039_1985_CT_SU2011_ER_10 
"<esa>"
	"ese" Determiner DM Singular lang:es 00:01:20 00:01:25 tt-5612 OM039_1985_CT_SU2011_ER_10 
"<palabra>"
	"palabra" Noun NC Singular lang:es 00:01:20 00:01:25 tt-5613 OM039_1985_CT_SU2011_ER_10 
"<$.>"
	"." Punctuation FS lang:es 00:01:20 00:01:25 tt-5614 OM039_1985_CT_SU2011_ER_10 

"<Me>"
	"yo" Pronoun PPX Singular lang:es 00:01:20 00:01:25 tt-5615 OM039_1985_CT_SU2011_ER_10 @Gram:Pron:Objeto ADD:614 
"<acuerdo>"
	"acuerdo" Noun NC Singular lang:es 00:01:25 00:01:32 tt-5616 OM039_1985_CT_SU2011_ER_10 
"<que>"
	"que" Conjunction CQUE lang:es 00:01:25 00:01:32 tt-5617 OM039_1985_CT_SU2011_ER_10 
"<,>"
	"," Punctuation CM lang:es 00:01:25 00:01:32 tt-5618 OM039_1985_CT_SU2011_ER_10 
"<habrá>"
	"haber" Verb VHfin Fut Indi Sing 3rd lang:es 00:01:25 00:01:32 tt-5619 OM039_1985_CT_SU2011_ER_10 @Gram:VFut:Conjugado ID:261 R:Gram:SerEstar:Ser:262 ADD:668 ADDRELATION(Gram:SerEstar:Ser):771 
"<sido>"
	"ser" Verb VSadj Participle lang:es 00:01:25 00:01:32 tt-5620 OM039_1985_CT_SU2011_ER_10 ID:262 
"<hace>"
	"hacer" Verb VLfin Pres Indi Sing 3rd lang:es 00:01:25 00:01:32 tt-5621 OM039_1985_CT_SU2011_ER_10 
"<casi>"
	"casi" Adverb ADV lang:es 00:01:25 00:01:32 tt-5622 OM039_1985_CT_SU2011_ER_10 
"<quince>"
	"quince" Determiner CARD Singular lang:es 00:01:25 00:01:32 tt-5623 OM039_1985_CT_SU2011_ER_10 
"<años>"
	"año" Noun NC Plural lang:es 00:01:25 00:01:32 tt-5624 OM039_1985_CT_SU2011_ER_10 
"<cuando>"
	"cuando" Conjunction CSUBX lang:es 00:01:25 00:01:32 tt-5625 OM039_1985_CT_SU2011_ER_10 
"<tenía>"
	"tener" Verb VLfin Imp Indi Sing 1st_or_3rd lang:es 00:01:25 00:01:32 tt-5626 OM039_1985_CT_SU2011_ER_10 @Gram:Imperf ADD:645 
"<diez>"
	"diez" Determiner CARD Singular lang:es 00:01:25 00:01:32 tt-5627 OM039_1985_CT_SU2011_ER_10 
"<,>"
	"," Punctuation CM lang:es 00:01:25 00:01:32 tt-5628 OM039_1985_CT_SU2011_ER_10 
"<por>"
	"por" Preposition PREP lang:es 00:01:25 00:01:32 tt-5629 OM039_1985_CT_SU2011_ER_10 @Gram:Prep:Por SUBSTITUTE:251 ADD:574 
"<ahí>"
	"ahí" Adverb ADV lang:es 00:01:25 00:01:32 tt-5630 OM039_1985_CT_SU2011_ER_10 
"<,>"
	"," Punctuation CM lang:es 00:01:25 00:01:32 tt-5631 OM039_1985_CT_SU2011_ER_10 
"<eh>"
	"eh" Noun NP Singular lang:es 00:01:25 00:01:32 tt-5632 OM039_1985_CT_SU2011_ER_10 
"<...>"
	"..." Punctuation DOTS lang:es 00:01:25 00:01:32 tt-5633 OM039_1985_CT_SU2011_ER_10 
"<había>"
	"haber" Verb VHfin Imp Indi Sing 1st_or_3rd lang:es 00:01:25 00:01:32 tt-5634 OM039_1985_CT_SU2011_ER_10 @Gram:Haber:Exist ADD:785 
"<un>"
	"un" Determiner ART Singular lang:es 00:01:25 00:01:32 tt-5635 OM039_1985_CT_SU2011_ER_10 ID:277 R:Gram:Genero:ExcepMasc:278 ADDRELATION(Gram:Genero:ExcepMasc):478 
"<programa>"
	"programa" Noun NC Singular lang:es 00:01:34 00:01:41 tt-5636 OM039_1985_CT_SU2011_ER_10 ID:278 
"<de>"
	"de" Preposition PREP lang:es 00:01:34 00:01:41 tt-5637 OM039_1985_CT_SU2011_ER_10 @Gram:Prep ADD:580 
"<televisión>"
	"televisión" Noun NC Singular lang:es 00:01:34 00:01:41 tt-5638 OM039_1985_CT_SU2011_ER_10 
"<en>"
	"en" Preposition PREP lang:es 00:01:34 00:01:41 tt-5639 OM039_1985_CT_SU2011_ER_10 @Gram:Prep ADD:580 
"<que>"
	"que" Conjunction CQUE lang:es 00:01:34 00:01:41 tt-5640 OM039_1985_CT_SU2011_ER_10 
"<siempre>"
	"siempre" Adverb ADV lang:es 00:01:34 00:01:41 tt-5641 OM039_1985_CT_SU2011_ER_10 
"<había>"
	"haber" Verb VHfin Imp Indi Sing 1st_or_3rd lang:es 00:01:34 00:01:41 tt-5642 OM039_1985_CT_SU2011_ER_10 @Gram:Haber:Exist ADD:785 
"<un>"
	"un" Determiner ART Singular lang:es 00:01:34 00:01:41 tt-5643 OM039_1985_CT_SU2011_ER_10 
"<tipo>"
	"tipo" Noun NC Singular lang:es 00:01:34 00:01:41 tt-5644 OM039_1985_CT_SU2011_ER_10 
"<que>"
	"que" Conjunction CQUE lang:es 00:01:34 00:01:41 tt-5645 OM039_1985_CT_SU2011_ER_10 
"<hacía>"
	"hacer" Verb VLfin Imp Indi Sing 1st_or_3rd lang:es 00:01:34 00:01:41 tt-5646 OM039_1985_CT_SU2011_ER_10 @Gram:Imperf ADD:645 
"<así>"
	"así" Adverb ADV lang:es 00:01:34 00:01:41 tt-5647 OM039_1985_CT_SU2011_ER_10 
"<con>"
	"con" Preposition PREP lang:es 00:01:34 00:01:41 tt-5648 OM039_1985_CT_SU2011_ER_10 @Gram:Prep ADD:580 
"<su>"
	"suyo" Pronoun PPO Singular lang:es 00:01:34 00:01:41 tt-5649 OM039_1985_CT_SU2011_ER_10 @Gram:Det:Pos ADD:425 
"<mano>"
	"mano" Noun NC Singular lang:es 00:01:34 00:01:41 tt-5650 OM039_1985_CT_SU2011_ER_10 
"<,>"
	"," Punctuation CM lang:es 00:01:34 00:01:41 tt-5651 OM039_1985_CT_SU2011_ER_10 
"<chévere>"
	"chévere" Adjective ADJ Singular lang:es 00:01:34 00:01:41 tt-5652 OM039_1985_CT_SU2011_ER_10 
"<hacía>"
	"hacer" Verb VLfin Imp Indi Sing 1st_or_3rd lang:es 00:01:41 00:01:47 tt-5653 OM039_1985_CT_SU2011_ER_10 @Gram:Imperf ADD:645 
"<así>"
	"así" Adverb ADV lang:es 00:01:41 00:01:47 tt-5654 OM039_1985_CT_SU2011_ER_10 
"<y>"
	"y" Conjunction CC lang:es 00:01:41 00:01:47 tt-5655 OM039_1985_CT_SU2011_ER_10 
"<pues>"
	"pues" Conjunction CSUBF lang:es 00:01:41 00:01:47 tt-5656 OM039_1985_CT_SU2011_ER_10 
"<se>"
	"se" Other SE lang:es 00:01:41 00:01:47 tt-5657 OM039_1985_CT_SU2011_ER_10 
"<volvió>"
	"volver" Verb VLfin Pret Indi Sing 3rd lang:es 00:01:41 00:01:47 tt-5658 OM039_1985_CT_SU2011_ER_10 @Gram:Indefinido ADD:654 
"<bastante>"
	"bastante" Adverb ADV lang:es 00:01:41 00:01:47 tt-5659 OM039_1985_CT_SU2011_ER_10 
"<popular>"
	"popular" Adjective ADJ Singular lang:es 00:01:41 00:01:47 tt-5660 OM039_1985_CT_SU2011_ER_10 
"<desde>"
	"desde" Preposition PREP lang:es 00:01:41 00:01:47 tt-5661 OM039_1985_CT_SU2011_ER_10 @Gram:Prep ADD:580 
"<entonces>"
	"entonces" Adverb ADV lang:es 00:01:41 00:01:47 tt-5662 OM039_1985_CT_SU2011_ER_10 
"<esa>"
	"ese" Determiner DM Singular lang:es 00:01:41 00:01:47 tt-5663 OM039_1985_CT_SU2011_ER_10 
"<palabra>"
	"palabra" Noun NC Singular lang:es 00:01:41 00:01:47 tt-5664 OM039_1985_CT_SU2011_ER_10 
"<y>"
	"y" Conjunction CC lang:es 00:01:41 00:01:47 tt-5665 OM039_1985_CT_SU2011_ER_10 
"<la>"
	"él" Pronoun PPC Singular lang:es 00:01:41 00:01:47 tt-5666 OM039_1985_CT_SU2011_ER_10 @Gram:Pron:Objeto ADD:620 
"<usamos>"
	"usar" Verb VLfin Pres_or_Pret Indi Plural 1st lang:es 00:01:41 00:01:47 tt-5667 OM039_1985_CT_SU2011_ER_10 
"<,>"
	"," Punctuation CM lang:es 00:01:41 00:01:47 tt-5668 OM039_1985_CT_SU2011_ER_10 
"<o>"
	"o" Adverb ADV lang:es 00:01:41 00:01:47 tt-5669 OM039_1985_CT_SU2011_ER_10 ID:311 R:Prag:MarcadoresDisc:Igualdad:312 ADDRELATION(Prag:MarcadoresDisc:Igualdad):1093 
"<sea>"
	"sea" Adverb ADV lang:es 00:01:47 00:01:54 tt-5670 OM039_1985_CT_SU2011_ER_10 ID:312 
"<la>"
	"él" Pronoun PPC Singular lang:es 00:01:47 00:01:54 tt-5671 OM039_1985_CT_SU2011_ER_10 @Gram:Pron:Objeto ADD:620 
"<usamos>"
	"usar" Verb VLfin Pres_or_Pret Indi Plural 1st lang:es 00:01:47 00:01:54 tt-5672 OM039_1985_CT_SU2011_ER_10 
"<como>"
	"como" Adverb ADV lang:es 00:01:47 00:01:54 tt-5673 OM039_1985_CT_SU2011_ER_10 
"<en>"
	"en" Preposition PREP lang:es 00:01:47 00:01:54 tt-5674 OM039_1985_CT_SU2011_ER_10 @Gram:Prep ADD:580 
"<el>"
	"el" Determiner ART Singular Masc lang:es 00:01:47 00:01:54 tt-5675 OM039_1985_CT_SU2011_ER_10 @Gram:Det:Art ADD:395 
"<...>"
	"..." Punctuation DOTS lang:es 00:01:47 00:01:54 tt-5676 OM039_1985_CT_SU2011_ER_10 
"<en>"
	"en" Preposition PREP lang:es 00:01:47 00:01:54 tt-5677 OM039_1985_CT_SU2011_ER_10 @Gram:Prep ADD:580 
"<el>"
	"el" Determiner ART Singular Masc lang:es 00:01:47 00:01:54 tt-5678 OM039_1985_CT_SU2011_ER_10 @Gram:Det:Art ID:320 R:Gram:Genero:ExcepMasc:321 ADD:395 ADDRELATION(Gram:Genero:ExcepMasc):478 
"<día>"
	"día" Noun NC Singular lang:es 00:01:47 00:01:54 tt-5679 OM039_1985_CT_SU2011_ER_10 ID:321 
"<a>"
	"a" Preposition PREP lang:es 00:01:47 00:01:54 tt-5680 OM039_1985_CT_SU2011_ER_10 @Gram:Prep ADD:580 
"<día>"
	"día" Noun NC Singular lang:es 00:01:47 00:01:54 tt-5681 OM039_1985_CT_SU2011_ER_10 
"<si>"
	"si" Conjunction CSUBX lang:es 00:01:47 00:01:54 tt-5682 OM039_1985_CT_SU2011_ER_10 
"<es>"
	"ser" Verb VSfin Pres Indi Sing 3rd lang:es 00:01:47 00:01:54 tt-5683 OM039_1985_CT_SU2011_ER_10 @Gram:SerEstar:Ser ADD:769 
"<algo>"
	"algo" Determiner QU lang:es 00:01:47 00:01:54 tt-5684 OM039_1985_CT_SU2011_ER_10 
"<que>"
	"que" Conjunction CQUE lang:es 00:01:47 00:01:54 tt-5685 OM039_1985_CT_SU2011_ER_10 
"<es>"
	"ser" Verb VSfin Pres Indi Sing 3rd lang:es 00:01:47 00:01:54 tt-5686 OM039_1985_CT_SU2011_ER_10 @Gram:SerEstar:Ser ADD:769 
"<bonito>"
	"bonito" Adjective ADJ Singular lang:es 00:01:47 00:01:54 tt-5687 OM039_1985_CT_SU2011_ER_10 
"<o>"
	"o" Conjunction CC lang:es 00:01:47 00:01:54 tt-5688 OM039_1985_CT_SU2011_ER_10 
"<algo>"
	"algo" Determiner QU lang:es 00:01:47 00:01:54 tt-5689 OM039_1985_CT_SU2011_ER_10 
"<interesante>"
	"interesante" Adjective ADJ Singular lang:es 00:01:47 00:01:54 tt-5690 OM039_1985_CT_SU2011_ER_10 
"<decimos>"
	"decir" Verb VLfin Pres_or_Pret Indi Plural 1st lang:es 00:01:55 00:01:58 tt-5691 OM039_1985_CT_SU2011_ER_10 ID:333 R:Herit:Contacto:Mixtas:334 ADDRELATION(Herit:Contacto:Mixtas):1136 
<lang code="en">
"<oh>"
	"oh" Other UH lang:en 00:01:55 00:01:58 tt-5692 OM039_1985_CT_SU2011_ER_10 ID:334 
</lang>
"<,>"
	"," Punctuation CM lang:es 00:01:55 00:01:58 tt-5693 OM039_1985_CT_SU2011_ER_10 
"<está>"
	"estar" Verb VEfin Pres Indi Sing 3rd lang:es 00:01:55 00:01:58 tt-5694 OM039_1985_CT_SU2011_ER_10 @Gram:SerEstar:Estar ADD:778 
"<muy>"
	"muy" Adverb ADV lang:es 00:01:55 00:01:58 tt-5695 OM039_1985_CT_SU2011_ER_10 
"<chévere>"
	"chévere" Adjective ADJ Singular lang:es 00:01:55 00:01:58 tt-5696 OM039_1985_CT_SU2011_ER_10 
"<,>"
	"," Punctuation CM lang:es 00:01:55 00:01:58 tt-5697 OM039_1985_CT_SU2011_ER_10 
"<decimos>"
	"decir" Verb VLfin Pres_or_Pret Indi Plural 1st lang:es 00:01:55 00:01:58 tt-5698 OM039_1985_CT_SU2011_ER_10 
"<$.>"
	"." Punctuation FS lang:es 00:01:55 00:01:58 tt-5699 OM039_1985_CT_SU2011_ER_10 
</speaker>
<speaker type="int">

"<Oye>"
	"oír" Verb VLfin Pres Indi_Command Sing 2nd_3rd lang:es 00:01:58 00:02:04 tt-5700 OM039_1985_CT_SU2011_ER_10 SUBSTITUTE:274 
"<,>"
	"," Punctuation CM lang:es 00:01:58 00:02:04 tt-5701 OM039_1985_CT_SU2011_ER_10 
"<$¿>"
	"¿" Punctuation FS lang:es 00:01:58 00:02:04 tt-5702 OM039_1985_CT_SU2011_ER_10 
"<y>"
	"y" Conjunction CC lang:es 00:01:58 00:02:04 tt-5703 OM039_1985_CT_SU2011_ER_10 
"<existen>"
	"existir" Verb VLfin Pres Indi Plural 3rd lang:es 00:01:58 00:02:04 tt-5704 OM039_1985_CT_SU2011_ER_10 
<lang code="en">
"<ah>"
	"UNK" Noun NN lang:en 00:01:58 00:02:04 tt-5705 OM039_1985_CT_SU2011_ER_10 
</lang>
"<...>"
	"..." Punctuation DOTS lang:es 00:01:58 00:02:04 tt-5706 OM039_1985_CT_SU2011_ER_10 
"<expresiones>"
	"expresión" Noun NC Plural lang:es 00:01:58 00:02:04 tt-5707 OM039_1985_CT_SU2011_ER_10 
"<o>"
	"o" Conjunction CC lang:es 00:01:58 00:02:04 tt-5708 OM039_1985_CT_SU2011_ER_10 
"<palabras>"
	"palabra" Noun NC Plural lang:es 00:01:58 00:02:04 tt-5709 OM039_1985_CT_SU2011_ER_10 
"<que>"
	"que" Conjunction CQUE lang:es 00:01:58 00:02:04 tt-5710 OM039_1985_CT_SU2011_ER_10 
"<hayas>"
	"haber" Verb VHfin Pres Subj Sing 2nd lang:es 00:01:58 00:02:04 tt-5711 OM039_1985_CT_SU2011_ER_10 ID:353 R:Gram:MSub:Pres:354 ADDRELATION(Gram:MSub:Pres):740 
"<adoptado>"
	"adoptar" Verb VLadj lang:es 00:01:58 00:02:04 tt-5712 OM039_1985_CT_SU2011_ER_10 ID:354 
"<del>"
	"del" Preposition PDEL lang:es 00:01:58 00:02:04 tt-5713 OM039_1985_CT_SU2011_ER_10 @Gram:Prep ADD:580 
"<español>"
	"español" Noun NC Singular lang:es 00:01:58 00:02:04 tt-5714 OM039_1985_CT_SU2011_ER_10 
"<mexicano>"
	"mexicano" Adjective ADJ Singular lang:es 00:01:58 00:02:04 tt-5715 OM039_1985_CT_SU2011_ER_10 
"<o>"
	"o" Conjunction CC lang:es 00:01:58 00:02:04 tt-5716 OM039_1985_CT_SU2011_ER_10 
"<Tex-Mex>"
	"UNK" Noun NC Singular lang:es 00:02:04 00:02:04 tt-5717 OM039_1985_CT_SU2011_ER_10 
"<$?>"
	"?" Punctuation FS lang:es 00:02:04 00:02:04 tt-5718 OM039_1985_CT_SU2011_ER_10 

"<Uhm>"
	"UNK" Noun NC Singular lang:es 00:02:04 00:02:05 tt-5719 OM039_1985_CT_SU2011_ER_10 
"<$.>"
	"." Punctuation FS lang:es 00:02:04 00:02:05 tt-5720 OM039_1985_CT_SU2011_ER_10 

"<O>"
	"o" Adverb ADV lang:es 00:02:05 00:02:12 tt-5721 OM039_1985_CT_SU2011_ER_10 ID:363 R:Prag:MarcadoresDisc:Igualdad:364 ADDRELATION(Prag:MarcadoresDisc:Igualdad):1093 
"<sea>"
	"sea" Adverb ADV lang:es 00:02:05 00:02:12 tt-5722 OM039_1985_CT_SU2011_ER_10 ID:364 
"<,>"
	"," Punctuation CM lang:es 00:02:05 00:02:12 tt-5723 OM039_1985_CT_SU2011_ER_10 
"<no>"
	"no" Adverb NEG lang:es 00:02:05 00:02:12 tt-5724 OM039_1985_CT_SU2011_ER_10 
"<palabras>"
	"palabra" Noun NC Plural lang:es 00:02:05 00:02:12 tt-5725 OM039_1985_CT_SU2011_ER_10 
"<que>"
	"que" Conjunction CQUE lang:es 00:02:05 00:02:12 tt-5726 OM039_1985_CT_SU2011_ER_10 
<lang code="en">
"<uses>"
	"use" Verb VBZ lang:en 00:02:05 00:02:12 tt-5727 OM039_1985_CT_SU2011_ER_10 
</lang>
"<así>"
	"así" Adverb ADV lang:es 00:02:05 00:02:12 tt-5728 OM039_1985_CT_SU2011_ER_10 
"<una>"
	"un" Determiner ART Singular lang:es 00:02:05 00:02:12 tt-5729 OM039_1985_CT_SU2011_ER_10 
"<u>"
	"o" Conjunction CC lang:es 00:02:05 00:02:12 tt-5730 OM039_1985_CT_SU2011_ER_10 
"<otra>"
	"otro" Determiner QU lang:es 00:02:05 00:02:12 tt-5731 OM039_1985_CT_SU2011_ER_10 
"<vez>"
	"vez" Noun NC Singular lang:es 00:02:05 00:02:12 tt-5732 OM039_1985_CT_SU2011_ER_10 
"<así>"
	"así" Adverb ADV lang:es 00:02:05 00:02:12 tt-5733 OM039_1985_CT_SU2011_ER_10 
"<de>"
	"de" Preposition PREP lang:es 00:02:05 00:02:12 tt-5734 OM039_1985_CT_SU2011_ER_10 @Gram:Prep ADD:580 
"<repente>"
	"repente" Noun NC Singular lang:es 00:02:05 00:02:12 tt-5735 OM039_1985_CT_SU2011_ER_10 
"<,>"
	"," Punctuation CM lang:es 00:02:05 00:02:12 tt-5736 OM039_1985_CT_SU2011_ER_10 
"<pero>"
	"pero" Conjunction CCAD lang:es 00:02:05 00:02:12 tt-5737 OM039_1985_CT_SU2011_ER_10 @Prag:MarcadoresDisc:Revision ADD:998 
"<palabras>"
	"palabra" Noun NC Plural lang:es 00:02:05 00:02:12 tt-5738 OM039_1985_CT_SU2011_ER_10 
"<que>"
	"que" Conjunction CQUE lang:es 00:02:05 00:02:12 tt-5739 OM039_1985_CT_SU2011_ER_10 
"<crees>"
	"crear|creer" Verb VLfin Pres Indi Sing 2nd lang:es 00:02:13 00:02:15 tt-5740 OM039_1985_CT_SU2011_ER_10 
"<que>"
	"que" Conjunction CQUE lang:es 00:02:13 00:02:15 tt-5741 OM039_1985_CT_SU2011_ER_10 
"<ya>"
	"ya" Adverb ADV lang:es 00:02:13 00:02:15 tt-5742 OM039_1985_CT_SU2011_ER_10 
"<sean>"
	"ser" Verb VSfin Pres Subj Plural 3rd lang:es 00:02:13 00:02:15 tt-5743 OM039_1985_CT_SU2011_ER_10 @Gram:MSub:Pres @Gram:SerEstar:Ser ADD:738 ADD:769 
"<parte>"
	"parte" Noun NC Singular lang:es 00:02:13 00:02:15 tt-5744 OM039_1985_CT_SU2011_ER_10 
"<de>"
	"de" Preposition PREP lang:es 00:02:13 00:02:15 tt-5745 OM039_1985_CT_SU2011_ER_10 @Gram:Prep ADD:580 
"<tu>"
	"tú" Pronoun PPX Singular lang:es 00:02:13 00:02:15 tt-5746 OM039_1985_CT_SU2011_ER_10 @Gram:Det:Pos ADD:425 
"<vocabulario>"
	"vocabulario" Noun NC Singular lang:es 00:02:13 00:02:15 tt-5747 OM039_1985_CT_SU2011_ER_10 
"<$.>"
	"." Punctuation FS lang:es 00:02:13 00:02:15 tt-5748 OM039_1985_CT_SU2011_ER_10 

"<No>"
	"no" Adverb NEG lang:es 00:02:15 00:02:22 tt-5749 OM039_1985_CT_SU2011_ER_10 
"<,>"
	"," Punctuation CM lang:es 00:02:15 00:02:22 tt-5750 OM039_1985_CT_SU2011_ER_10 
"<todavía>"
	"todavía" Adverb ADV lang:es 00:02:15 00:02:22 tt-5751 OM039_1985_CT_SU2011_ER_10 
"<no>"
	"no" Adverb NEG lang:es 00:02:15 00:02:22 tt-5752 OM039_1985_CT_SU2011_ER_10 
"<$.>"
	"." Punctuation FS lang:es 00:02:15 00:02:22 tt-5753 OM039_1985_CT_SU2011_ER_10 

"<Eh>"
	"eh" Noun NP Singular lang:es 00:02:15 00:02:22 tt-5754 OM039_1985_CT_SU2011_ER_10 
"<...>"
	"..." Punctuation DOTS lang:es 00:02:15 00:02:22 tt-5755 OM039_1985_CT_SU2011_ER_10 
"<me>"
	"yo" Pronoun PPX Singular lang:es 00:02:15 00:02:22 tt-5756 OM039_1985_CT_SU2011_ER_10 @Gram:Pron:Objeto ADD:614 
"<...>"
	"..." Punctuation DOTS lang:es 00:02:15 00:02:22 tt-5757 OM039_1985_CT_SU2011_ER_10 
"<es>"
	"ser" Verb VSfin Pres Indi Sing 3rd lang:es 00:02:15 00:02:22 tt-5758 OM039_1985_CT_SU2011_ER_10 @Gram:SerEstar:Ser ADD:769 
"<que>"
	"que" Conjunction CQUE lang:es 00:02:15 00:02:22 tt-5759 OM039_1985_CT_SU2011_ER_10 
"<a>"
	"a" Adverb ADV lang:es 00:02:15 00:02:22 tt-5760 OM039_1985_CT_SU2011_ER_10 
"<veces>"
	"veces" Adverb ADV lang:es 00:02:15 00:02:22 tt-5761 OM039_1985_CT_SU2011_ER_10 
"<,>"
	"," Punctuation CM lang:es 00:02:15 00:02:22 tt-5762 OM039_1985_CT_SU2011_ER_10 
"<a>"
	"a" Adverb ADV lang:es 00:02:15 00:02:22 tt-5763 OM039_1985_CT_SU2011_ER_10 
"<veces>"
	"veces" Adverb ADV lang:es 00:02:15 00:02:22 tt-5764 OM039_1985_CT_SU2011_ER_10 
"<esas>"
	"ese" Determiner DM Plural lang:es 00:02:15 00:02:22 tt-5765 OM039_1985_CT_SU2011_ER_10 
"<expresiones>"
	"expresión" Noun NC Plural lang:es 00:02:15 00:02:22 tt-5766 OM039_1985_CT_SU2011_ER_10 
"<me>"
	"yo" Pronoun PPX Singular lang:es 00:02:15 00:02:22 tt-5767 OM039_1985_CT_SU2011_ER_10 @Gram:Pron:Objeto ADD:614 
"<causan>"
	"causar" Verb VLfin Pres Indi Plural 3rd lang:es 00:02:15 00:02:22 tt-5768 OM039_1985_CT_SU2011_ER_10 
"<risa>"
	"risa" Noun NC Singular lang:es 00:02:15 00:02:22 tt-5769 OM039_1985_CT_SU2011_ER_10 
"<y>"
	"y" Conjunction CC lang:es 00:02:15 00:02:22 tt-5770 OM039_1985_CT_SU2011_ER_10 
"<como>"
	"como" Conjunction CSUBX lang:es 00:02:15 00:02:22 tt-5771 OM039_1985_CT_SU2011_ER_10 
"<te>"
	"tú" Pronoun PPX Singular lang:es 00:02:15 00:02:22 tt-5772 OM039_1985_CT_SU2011_ER_10 @Gram:Pron:Objeto ADD:614 
"<dije>"
	"decir" Verb VLfin Pret Indi Sing 1st lang:es 00:02:24 00:02:31 tt-5773 OM039_1985_CT_SU2011_ER_10 @Gram:Indefinido ADD:654 
"<,>"
	"," Punctuation CM lang:es 00:02:24 00:02:31 tt-5774 OM039_1985_CT_SU2011_ER_10 
"<prefiero>"
	"preferir" Verb VLfin Pres Indi Sing 1st lang:es 00:02:24 00:02:31 tt-5775 OM039_1985_CT_SU2011_ER_10 
"<llevar>"
	"llevar" Verb VLinf Infinitive lang:es 00:02:24 00:02:31 tt-5776 OM039_1985_CT_SU2011_ER_10 SUBSTITUTE:309 
"<o>"
	"o" Conjunction CC lang:es 00:02:24 00:02:31 tt-5777 OM039_1985_CT_SU2011_ER_10 
"<mantener>"
	"mantener" Verb VLinf Infinitive lang:es 00:02:24 00:02:31 tt-5778 OM039_1985_CT_SU2011_ER_10 SUBSTITUTE:309 
"<mi>"
	"mío" Pronoun PPO Singular lang:es 00:02:24 00:02:31 tt-5779 OM039_1985_CT_SU2011_ER_10 
"<...>"
	"..." Punctuation DOTS lang:es 00:02:24 00:02:31 tt-5780 OM039_1985_CT_SU2011_ER_10 
"<mi>"
	"mío" Pronoun PPO Singular lang:es 00:02:24 00:02:31 tt-5781 OM039_1985_CT_SU2011_ER_10 
<lang code="en">
"<background>"
	"background" Noun NN lang:en 00:02:24 00:02:31 tt-5782 OM039_1985_CT_SU2011_ER_10 
</lang>
"<peruano>"
	"peruano" Adjective ADJ Singular lang:es 00:02:24 00:02:31 tt-5783 OM039_1985_CT_SU2011_ER_10 
"<,>"
	"," Punctuation CM lang:es 00:02:24 00:02:31 tt-5784 OM039_1985_CT_SU2011_ER_10 
"<$¿>"
	"¿" Punctuation FS lang:es 00:02:24 00:02:31 tt-5785 OM039_1985_CT_SU2011_ER_10 
"<no>"
	"no" Adverb NEG lang:es 00:02:24 00:02:31 tt-5786 OM039_1985_CT_SU2011_ER_10 
"<$?>"
	"?" Punctuation FS lang:es 00:02:24 00:02:31 tt-5787 OM039_1985_CT_SU2011_ER_10 

"<Entonces>"
	"entonces" Adverb ADV lang:es 00:02:24 00:02:31 tt-5788 OM039_1985_CT_SU2011_ER_10 
"<trato>"
	"tratar" Verb VLfin Pres Indi Sing 1st lang:es 00:02:24 00:02:31 tt-5789 OM039_1985_CT_SU2011_ER_10 
"<de>"
	"de" Preposition PREP lang:es 00:02:24 00:02:31 tt-5790 OM039_1985_CT_SU2011_ER_10 @Gram:Prep ADD:580 
"<no>"
	"no" Adverb NEG lang:es 00:02:24 00:02:31 tt-5791 OM039_1985_CT_SU2011_ER_10 
"<repetir>"
	"repetir" Verb VLinf Infinitive lang:es 00:02:24 00:02:31 tt-5792 OM039_1985_CT_SU2011_ER_10 SUBSTITUTE:309 
"<muchas>"
	"mucho" Determiner QU lang:es 00:02:33 00:02:38 tt-5793 OM039_1985_CT_SU2011_ER_10 @Gram:Det:CuantIndef ADD:447 
"<de>"
	"de" Preposition PREP lang:es 00:02:33 00:02:38 tt-5794 OM039_1985_CT_SU2011_ER_10 @Gram:Prep ADD:580 
"<esas>"
	"ese" Determiner DM Plural lang:es 00:02:33 00:02:38 tt-5795 OM039_1985_CT_SU2011_ER_10 @Gram:Det:Demo ADD:411 
"<palabras>"
	"palabra" Noun NC Plural lang:es 00:02:33 00:02:38 tt-5796 OM039_1985_CT_SU2011_ER_10 
"<,>"
	"," Punctuation CM lang:es 00:02:33 00:02:38 tt-5797 OM039_1985_CT_SU2011_ER_10 
"<pero>"
	"pero" Conjunction CCAD lang:es 00:02:33 00:02:38 tt-5798 OM039_1985_CT_SU2011_ER_10 @Prag:MarcadoresDisc:Revision ADD:998 
"<sí>"
	"sí" Adverb ADV lang:es 00:02:33 00:02:38 tt-5799 OM039_1985_CT_SU2011_ER_10 
"<las>"
	"él" Pronoun PPC Plural lang:es 00:02:33 00:02:38 tt-5800 OM039_1985_CT_SU2011_ER_10 @Gram:Pron:Objeto ADD:620 
"<conozco>"
	"conocer" Verb VLfin Pres Indi Sing 1st lang:es 00:02:33 00:02:38 tt-5801 OM039_1985_CT_SU2011_ER_10 
"<y>"
	"y" Conjunction CC lang:es 00:02:33 00:02:38 tt-5802 OM039_1985_CT_SU2011_ER_10 
"<me>"
	"yo" Pronoun PPX Singular lang:es 00:02:33 00:02:38 tt-5803 OM039_1985_CT_SU2011_ER_10 @Gram:Pron:Objeto ADD:614 
"<parecen>"
	"parecer" Verb VLfin Pres Indi Plural 3rd lang:es 00:02:33 00:02:38 tt-5804 OM039_1985_CT_SU2011_ER_10 
"<graciosas>"
	"UNK" Adjective ADJ Plural lang:es 00:02:33 00:02:38 tt-5805 OM039_1985_CT_SU2011_ER_10 
"<,>"
	"," Punctuation CM lang:es 00:02:33 00:02:38 tt-5806 OM039_1985_CT_SU2011_ER_10 
"<por>"
	"por" Preposition PREP lang:es 00:02:33 00:02:38 tt-5807 OM039_1985_CT_SU2011_ER_10 @Gram:Prep:Por ID:449 R:Prag:MarcadoresDisc:Igualdad:450 SUBSTITUTE:251 ADD:561 ADDRELATION(Prag:MarcadoresDisc:Igualdad):1088 
"<ejemplo>"
	"ejemplo" Adverb ADV lang:es 00:02:33 00:02:38 tt-5808 OM039_1985_CT_SU2011_ER_10 ID:450 
"<,>"
	"," Punctuation CM lang:es 00:02:33 00:02:38 tt-5809 OM039_1985_CT_SU2011_ER_10 
"<esa>"
	"ese" Determiner DM Singular lang:es 00:02:33 00:02:38 tt-5810 OM039_1985_CT_SU2011_ER_10 
"<que>"
	"que" Conjunction CQUE lang:es 00:02:33 00:02:38 tt-5811 OM039_1985_CT_SU2011_ER_10 
"<dice>"
	"decir" Verb VLfin Pres Indi Sing 3rd lang:es 00:02:38 00:02:45 tt-5812 OM039_1985_CT_SU2011_ER_10 ID:454 R:Herit:Contacto:Mixtas:455 ADDRELATION(Herit:Contacto:Mixtas):1136 
<lang code="en">
"<oh>"
	"oh" Other UH lang:en 00:02:38 00:02:45 tt-5813 OM039_1985_CT_SU2011_ER_10 ID:455 
</lang>
"<,>"
	"," Punctuation CM lang:es 00:02:38 00:02:45 tt-5814 OM039_1985_CT_SU2011_ER_10 
"<esta>"
	"este" Determiner DM Singular lang:es 00:02:38 00:02:45 tt-5815 OM039_1985_CT_SU2011_ER_10 
"<chingón>"
	"UNK" Noun NC Singular lang:es 00:02:38 00:02:45 tt-5816 OM039_1985_CT_SU2011_ER_10 
"<$.>"
	"." Punctuation FS lang:es 00:02:38 00:02:45 tt-5817 OM039_1985_CT_SU2011_ER_10 

"<O>"
	"o" Conjunction CC lang:es 00:02:38 00:02:45 tt-5818 OM039_1985_CT_SU2011_ER_10 
"<algo>"
	"algo" Determiner QU lang:es 00:02:38 00:02:45 tt-5819 OM039_1985_CT_SU2011_ER_10 
"<así>"
	"así" Adverb ADV lang:es 00:02:38 00:02:45 tt-5820 OM039_1985_CT_SU2011_ER_10 
"<$.>"
	"." Punctuation FS lang:es 00:02:38 00:02:45 tt-5821 OM039_1985_CT_SU2011_ER_10 

"<Y>"
	"Y" Other ALFS lang:es 00:02:38 00:02:45 tt-5822 OM039_1985_CT_SU2011_ER_10 
"<,>"
	"," Punctuation CM lang:es 00:02:38 00:02:45 tt-5823 OM039_1985_CT_SU2011_ER_10 
"<no>"
	"no" Adverb NEG lang:es 00:02:38 00:02:45 tt-5824 OM039_1985_CT_SU2011_ER_10 
"<,>"
	"," Punctuation CM lang:es 00:02:38 00:02:45 tt-5825 OM039_1985_CT_SU2011_ER_10 
"<prefiero>"
	"preferir" Verb VLfin Pres Indi Sing 1st lang:es 00:02:38 00:02:45 tt-5826 OM039_1985_CT_SU2011_ER_10 
"<esto>"
	"este" Determiner DM Singular lang:es 00:02:38 00:02:45 tt-5827 OM039_1985_CT_SU2011_ER_10 @Gram:Det:Demo ADD:418 
"<,>"
	"," Punctuation CM lang:es 00:02:38 00:02:45 tt-5828 OM039_1985_CT_SU2011_ER_10 
"<primero>"
	"primero" Adverb ADV lang:es 00:02:38 00:02:45 tt-5829 OM039_1985_CT_SU2011_ER_10 
"<prefiero>"
	"preferir" Verb VLfin Pres Indi Sing 1st lang:es 00:02:38 00:02:45 tt-5830 OM039_1985_CT_SU2011_ER_10 
"<conservar>"
	"conservar" Verb VLinf Infinitive lang:es 00:02:38 00:02:45 tt-5831 OM039_1985_CT_SU2011_ER_10 SUBSTITUTE:309 
"<mi>"
	"mío" Pronoun PPO Singular lang:es 00:02:45 00:02:48 tt-5832 OM039_1985_CT_SU2011_ER_10 @Gram:Det:Pos ADD:425 
"<chévere>"
	"chévere" Noun NC Singular lang:es 00:02:45 00:02:48 tt-5833 OM039_1985_CT_SU2011_ER_10 
"<en>"
	"en" Preposition PREP lang:es 00:02:45 00:02:48 tt-5834 OM039_1985_CT_SU2011_ER_10 @Gram:Prep ADD:580 
"<ese>"
	"ese" Determiner DM Singular lang:es 00:02:45 00:02:48 tt-5835 OM039_1985_CT_SU2011_ER_10 @Gram:Det:Demo ADD:411 
"<momento>"
	"momento" Noun NC Singular lang:es 00:02:45 00:02:48 tt-5836 OM039_1985_CT_SU2011_ER_10 
"<$.>"
	"." Punctuation FS lang:es 00:02:45 00:02:48 tt-5837 OM039_1985_CT_SU2011_ER_10 
</speaker>
</text>

