<text id="OM039_1985_CT_SU2011_ER_03">
<speaker type="int">
"<Oye>"
	"oír" Verb VLfin Pres Indi_Command Sing 2nd_3rd lang:es 00:00:00 00:00:07 tt-1209 OM039_1985_CT_SU2011_ER_03 SUBSTITUTE:274 
"<,>"
	"," Punctuation CM lang:es 00:00:00 00:00:07 tt-1210 OM039_1985_CT_SU2011_ER_03 
"<y>"
	"y" Conjunction CC lang:es 00:00:00 00:00:07 tt-1211 OM039_1985_CT_SU2011_ER_03 
"<estando>"
	"estar" Verb VEger Gerund lang:es 00:00:00 00:00:07 tt-1212 OM039_1985_CT_SU2011_ER_03 @Gram:SerEstar:Estar ADD:778 
"<en>"
	"en" Preposition PREP lang:es 00:00:00 00:00:07 tt-1213 OM039_1985_CT_SU2011_ER_03 @Gram:Prep ADD:580 
"<...>"
	"..." Punctuation DOTS lang:es 00:00:00 00:00:07 tt-1214 OM039_1985_CT_SU2011_ER_03 
"<ya>"
	"ya" Adverb ADV lang:es 00:00:00 00:00:07 tt-1215 OM039_1985_CT_SU2011_ER_03 
"<en>"
	"en" Preposition PREP lang:es 00:00:00 00:00:07 tt-1216 OM039_1985_CT_SU2011_ER_03 @Gram:Prep ADD:580 
"<un>"
	"un" Determiner ART Singular lang:es 00:00:00 00:00:07 tt-1217 OM039_1985_CT_SU2011_ER_03 
"<país>"
	"país" Noun NC Plural lang:es 00:00:00 00:00:07 tt-1218 OM039_1985_CT_SU2011_ER_03 
"<nuevo>"
	"nuevo" Adjective ADJ Singular lang:es 00:00:00 00:00:07 tt-1219 OM039_1985_CT_SU2011_ER_03 
"<,>"
	"," Punctuation CM lang:es 00:00:00 00:00:07 tt-1220 OM039_1985_CT_SU2011_ER_03 
"<ya>"
	"ya" Adverb ADV lang:es 00:00:00 00:00:07 tt-1221 OM039_1985_CT_SU2011_ER_03 
"<adaptado>"
	"adaptar" Verb VLadj lang:es 00:00:00 00:00:07 tt-1222 OM039_1985_CT_SU2011_ER_03 
"<un>"
	"un" Determiner ART Singular lang:es 00:00:00 00:00:07 tt-1223 OM039_1985_CT_SU2011_ER_03 
"<poco>"
	"pocos" Determiner QU lang:es 00:00:00 00:00:07 tt-1224 OM039_1985_CT_SU2011_ER_03 
"<a>"
	"a" Preposition PREP lang:es 00:00:00 00:00:07 tt-1225 OM039_1985_CT_SU2011_ER_03 @Gram:Prep ADD:580 
"<la>"
	"el" Determiner ART Singular Fem lang:es 00:00:00 00:00:07 tt-1226 OM039_1985_CT_SU2011_ER_03 @Gram:Det:Art ADD:395 
"<...>"
	"..." Punctuation DOTS lang:es 00:00:00 00:00:07 tt-1227 OM039_1985_CT_SU2011_ER_03 
"<al>"
	"al" Preposition PAL lang:es 00:00:00 00:00:07 tt-1228 OM039_1985_CT_SU2011_ER_03 @Gram:Prep ADD:580 
"<estilo>"
	"estilo" Noun NC Singular lang:es 00:00:00 00:00:07 tt-1229 OM039_1985_CT_SU2011_ER_03 
"<de>"
	"de" Preposition PREP lang:es 00:00:00 00:00:07 tt-1230 OM039_1985_CT_SU2011_ER_03 @Gram:Prep ADD:580 
"<vida>"
	"vida" Noun NC Singular lang:es 00:00:00 00:00:07 tt-1231 OM039_1985_CT_SU2011_ER_03 
"<,>"
	"," Punctuation CM lang:es 00:00:00 00:00:07 tt-1232 OM039_1985_CT_SU2011_ER_03 
"<siquiera>"
	"siquiera" Adverb ADV lang:es 00:00:08 00:00:14 tt-1233 OM039_1985_CT_SU2011_ER_03 
"<o>"
	"o" Conjunction CC lang:es 00:00:08 00:00:14 tt-1234 OM039_1985_CT_SU2011_ER_03 
"<por>"
	"por" Preposition PREP lang:es 00:00:08 00:00:14 tt-1235 OM039_1985_CT_SU2011_ER_03 @Gram:Prep:Por SUBSTITUTE:251 ADD:574 
"<lo>"
	"lo" Adverb ADV lang:es 00:00:08 00:00:14 tt-1236 OM039_1985_CT_SU2011_ER_03 
"<menos>"
	"menos" Adverb ADV lang:es 00:00:08 00:00:14 tt-1237 OM039_1985_CT_SU2011_ER_03 
"<tratando>"
	"tratar" Verb VLger lang:es 00:00:08 00:00:14 tt-1238 OM039_1985_CT_SU2011_ER_03 
"<,>"
	"," Punctuation CM lang:es 00:00:08 00:00:14 tt-1239 OM039_1985_CT_SU2011_ER_03 
"<$¿>"
	"¿" Punctuation FS lang:es 00:00:08 00:00:14 tt-1240 OM039_1985_CT_SU2011_ER_03 
"<crees>"
	"crear|creer" Verb VLfin Pres Indi Sing 2nd lang:es 00:00:08 00:00:14 tt-1241 OM039_1985_CT_SU2011_ER_03 
"<que>"
	"que" Conjunction CQUE lang:es 00:00:08 00:00:14 tt-1242 OM039_1985_CT_SU2011_ER_03 
"<alguna>"
	"alguno" Determiner QU lang:es 00:00:08 00:00:14 tt-1243 OM039_1985_CT_SU2011_ER_03 @Gram:Det:CuantIndef ADD:442 
"<vez>"
	"vez" Noun NC Singular lang:es 00:00:08 00:00:14 tt-1244 OM039_1985_CT_SU2011_ER_03 
"<sufriste>"
	"UNK" Verb VLfin Pret Indi Sing 2nd lang:es 00:00:08 00:00:14 tt-1245 OM039_1985_CT_SU2011_ER_03 @Gram:Indefinido ADD:654 
"<algún>"
	"alguno" Determiner QU lang:es 00:00:08 00:00:14 tt-1246 OM039_1985_CT_SU2011_ER_03 @Gram:Det:CuantIndef ADD:442 
"<tipo>"
	"tipo" Noun NC Singular lang:es 00:00:08 00:00:14 tt-1247 OM039_1985_CT_SU2011_ER_03 
"<de>"
	"de" Preposition PREP lang:es 00:00:08 00:00:14 tt-1248 OM039_1985_CT_SU2011_ER_03 @Gram:Prep ADD:580 
"<,>"
	"," Punctuation CM lang:es 00:00:08 00:00:14 tt-1249 OM039_1985_CT_SU2011_ER_03 
"<de>"
	"de" Preposition PREP lang:es 00:00:08 00:00:14 tt-1250 OM039_1985_CT_SU2011_ER_03 @Gram:Prep ADD:580 
"<no>"
	"no" Adverb NEG lang:es 00:00:08 00:00:14 tt-1251 OM039_1985_CT_SU2011_ER_03 
"<sé>"
	"saber|ser" Verb VLfin Pres Indi Sing 1st lang:es 00:00:08 00:00:14 tt-1252 OM039_1985_CT_SU2011_ER_03 
"<,>"
	"," Punctuation CM lang:es 00:00:08 00:00:14 tt-1253 OM039_1985_CT_SU2011_ER_03 
"<discriminación>"
	"discriminación" Noun NC Singular lang:es 00:00:14 00:00:19 tt-1254 OM039_1985_CT_SU2011_ER_03 
"<,>"
	"," Punctuation CM lang:es 00:00:14 00:00:19 tt-1255 OM039_1985_CT_SU2011_ER_03 
"<o>"
	"o" Conjunction CC lang:es 00:00:14 00:00:19 tt-1256 OM039_1985_CT_SU2011_ER_03 
"<te>"
	"tú" Pronoun PPX Singular lang:es 00:00:14 00:00:19 tt-1257 OM039_1985_CT_SU2011_ER_03 @Gram:Pron:Objeto ADD:614 
"<sentiste>"
	"UNK" Verb VLfin Pret Indi Sing 2nd lang:es 00:00:14 00:00:19 tt-1258 OM039_1985_CT_SU2011_ER_03 @Gram:Indefinido ADD:654 
"<incómodo>"
	"incómodo" Adjective ADJ Singular lang:es 00:00:14 00:00:19 tt-1259 OM039_1985_CT_SU2011_ER_03 
"<alguna>"
	"alguno" Determiner QU lang:es 00:00:14 00:00:19 tt-1260 OM039_1985_CT_SU2011_ER_03 @Gram:Det:CuantIndef ADD:442 
"<vez>"
	"vez" Noun NC Singular lang:es 00:00:14 00:00:19 tt-1261 OM039_1985_CT_SU2011_ER_03 
"<por>"
	"por" Preposition PREP lang:es 00:00:14 00:00:19 tt-1262 OM039_1985_CT_SU2011_ER_03 @Gram:Prep:Por SUBSTITUTE:251 ADD:574 
"<el>"
	"el" Determiner ART Singular Masc lang:es 00:00:14 00:00:19 tt-1263 OM039_1985_CT_SU2011_ER_03 @Gram:Det:Art ADD:395 
"<hecho>"
	"hecho" Noun NC Singular lang:es 00:00:14 00:00:19 tt-1264 OM039_1985_CT_SU2011_ER_03 
"<de>"
	"de" Preposition PREP lang:es 00:00:14 00:00:19 tt-1265 OM039_1985_CT_SU2011_ER_03 @Gram:Prep ADD:580 
"<que>"
	"que" Conjunction CQUE lang:es 00:00:14 00:00:19 tt-1266 OM039_1985_CT_SU2011_ER_03 
"<existía>"
	"existir" Verb VLfin Imp Indi Sing 1st_or_3rd lang:es 00:00:14 00:00:19 tt-1267 OM039_1985_CT_SU2011_ER_03 @Gram:Imperf ADD:645 
"<una>"
	"un" Determiner ART Singular lang:es 00:00:14 00:00:19 tt-1268 OM039_1985_CT_SU2011_ER_03 
"<pequeña>"
	"pequeño" Adjective ADJ Singular lang:es 00:00:14 00:00:19 tt-1269 OM039_1985_CT_SU2011_ER_03 
"<barrera>"
	"barrera" Noun NC Singular lang:es 00:00:19 00:00:20 tt-1270 OM039_1985_CT_SU2011_ER_03 
"<lingüística>"
	"lingüístico" Adjective ADJ Singular lang:es 00:00:19 00:00:20 tt-1271 OM039_1985_CT_SU2011_ER_03 
"<$?>"
	"?" Punctuation FS lang:es 00:00:19 00:00:20 tt-1272 OM039_1985_CT_SU2011_ER_03 
</speaker>
<speaker type="subj">

"<Eh>"
	"eh" Noun NP Singular lang:es 00:00:20 00:00:27 tt-1273 OM039_1985_CT_SU2011_ER_03 
"<...>"
	"..." Punctuation DOTS lang:es 00:00:20 00:00:27 tt-1274 OM039_1985_CT_SU2011_ER_03 
"<no>"
	"no" Adverb NEG lang:es 00:00:20 00:00:27 tt-1275 OM039_1985_CT_SU2011_ER_03 
"<por>"
	"por" Preposition PREP lang:es 00:00:20 00:00:27 tt-1276 OM039_1985_CT_SU2011_ER_03 @Gram:Prep:Por SUBSTITUTE:251 ADD:574 
"<la>"
	"el" Determiner ART Singular Fem lang:es 00:00:20 00:00:27 tt-1277 OM039_1985_CT_SU2011_ER_03 @Gram:Det:Art ADD:395 
"<barrera>"
	"barrera" Noun NC Singular lang:es 00:00:20 00:00:27 tt-1278 OM039_1985_CT_SU2011_ER_03 
"<lingüística>"
	"lingüístico" Adjective ADJ Singular lang:es 00:00:20 00:00:27 tt-1279 OM039_1985_CT_SU2011_ER_03 
"<porque>"
	"porque" Conjunction CSUBX lang:es 00:00:20 00:00:27 tt-1280 OM039_1985_CT_SU2011_ER_03 @Prag:MarcadoresDisc:Causa ADD:1051 
"<,>"
	"," Punctuation CM lang:es 00:00:20 00:00:27 tt-1281 OM039_1985_CT_SU2011_ER_03 
"<eh>"
	"eh" Noun NP Singular lang:es 00:00:20 00:00:27 tt-1282 OM039_1985_CT_SU2011_ER_03 
"<...>"
	"..." Punctuation DOTS lang:es 00:00:20 00:00:27 tt-1283 OM039_1985_CT_SU2011_ER_03 
"<o>"
	"o" Adverb ADV lang:es 00:00:20 00:00:27 tt-1284 OM039_1985_CT_SU2011_ER_03 ID:76 R:Prag:MarcadoresDisc:Igualdad:77 ADDRELATION(Prag:MarcadoresDisc:Igualdad):1093 
"<sea>"
	"sea" Adverb ADV lang:es 00:00:20 00:00:27 tt-1285 OM039_1985_CT_SU2011_ER_03 ID:77 
"<,>"
	"," Punctuation CM lang:es 00:00:20 00:00:27 tt-1286 OM039_1985_CT_SU2011_ER_03 
"<yo>"
	"yo" Pronoun PPX Singular lang:es 00:00:20 00:00:27 tt-1287 OM039_1985_CT_SU2011_ER_03 @Gram:Pron:Sujeto ADD:590 
"<peleaba>"
	"pelear" Verb VLfin Imp Indi Sing 1st_or_3rd lang:es 00:00:20 00:00:27 tt-1288 OM039_1985_CT_SU2011_ER_03 @Gram:Imperf ADD:645 
"<por>"
	"por" Preposition PREP lang:es 00:00:20 00:00:27 tt-1289 OM039_1985_CT_SU2011_ER_03 @Gram:Prep:Por SUBSTITUTE:251 ADD:574 
"<más>"
	"más" Adverb ADV lang:es 00:00:20 00:00:27 tt-1290 OM039_1985_CT_SU2011_ER_03 
"<que>"
	"que" Conjunction CQUE lang:es 00:00:20 00:00:27 tt-1291 OM039_1985_CT_SU2011_ER_03 
"<a>"
	"a" Adverb ADV lang:es 00:00:29 00:00:35 tt-1292 OM039_1985_CT_SU2011_ER_03 
"<veces>"
	"veces" Adverb ADV lang:es 00:00:29 00:00:35 tt-1293 OM039_1985_CT_SU2011_ER_03 
"<no>"
	"no" Adverb NEG lang:es 00:00:29 00:00:35 tt-1294 OM039_1985_CT_SU2011_ER_03 
"<se>"
	"se" Other SE lang:es 00:00:29 00:00:35 tt-1295 OM039_1985_CT_SU2011_ER_03 @Gram:Pron:Otros ADD:633 
"<me>"
	"yo" Pronoun PPX Singular lang:es 00:00:29 00:00:35 tt-1296 OM039_1985_CT_SU2011_ER_03 @Gram:Pron:Objeto ADD:614 
"<entienda>"
	"entender" Verb VLfin Pres Subj Sing 1st_or_3rd lang:es 00:00:29 00:00:35 tt-1297 OM039_1985_CT_SU2011_ER_03 @Gram:MSub:Pres ADD:738 
"<cuando>"
	"cuando" Conjunction CSUBX lang:es 00:00:29 00:00:35 tt-1298 OM039_1985_CT_SU2011_ER_03 
"<hablo>"
	"hablar" Verb VLfin Pres Indi Sing 1st lang:es 00:00:29 00:00:35 tt-1299 OM039_1985_CT_SU2011_ER_03 
"<el>"
	"el" Determiner ART Singular Masc lang:es 00:00:29 00:00:35 tt-1300 OM039_1985_CT_SU2011_ER_03 @Gram:Det:Art ADD:395 
"<inglés>"
	"inglés" Noun NC Plural lang:es 00:00:29 00:00:35 tt-1301 OM039_1985_CT_SU2011_ER_03 
"<así>"
	"así" Adverb ADV lang:es 00:00:29 00:00:35 tt-1302 OM039_1985_CT_SU2011_ER_03 
"<perfecto>"
	"perfecto" Adjective ADJ Singular lang:es 00:00:29 00:00:35 tt-1303 OM039_1985_CT_SU2011_ER_03 
"<,>"
	"," Punctuation CM lang:es 00:00:29 00:00:35 tt-1304 OM039_1985_CT_SU2011_ER_03 
"<porque>"
	"porque" Conjunction CSUBX lang:es 00:00:29 00:00:35 tt-1305 OM039_1985_CT_SU2011_ER_03 @Prag:MarcadoresDisc:Causa ADD:1051 
"<mi>"
	"mío" Pronoun PPO Singular lang:es 00:00:29 00:00:35 tt-1306 OM039_1985_CT_SU2011_ER_03 
"<inglés>"
	"inglés" Noun NC Plural lang:es 00:00:29 00:00:35 tt-1307 OM039_1985_CT_SU2011_ER_03 
"<no>"
	"no" Adverb NEG lang:es 00:00:29 00:00:35 tt-1308 OM039_1985_CT_SU2011_ER_03 
"<es>"
	"ser" Verb VSfin Pres Indi Sing 3rd lang:es 00:00:35 00:00:41 tt-1309 OM039_1985_CT_SU2011_ER_03 @Gram:SerEstar:Ser ADD:769 
"<perfecto>"
	"perfecto" Adjective ADJ Singular lang:es 00:00:35 00:00:41 tt-1310 OM039_1985_CT_SU2011_ER_03 
"<,>"
	"," Punctuation CM lang:es 00:00:35 00:00:41 tt-1311 OM039_1985_CT_SU2011_ER_03 
"<o>"
	"o" Adverb ADV lang:es 00:00:35 00:00:41 tt-1312 OM039_1985_CT_SU2011_ER_03 ID:104 R:Prag:MarcadoresDisc:Igualdad:105 ADDRELATION(Prag:MarcadoresDisc:Igualdad):1093 
"<sea>"
	"sea" Adverb ADV lang:es 00:00:35 00:00:41 tt-1313 OM039_1985_CT_SU2011_ER_03 ID:105 
"<,>"
	"," Punctuation CM lang:es 00:00:35 00:00:41 tt-1314 OM039_1985_CT_SU2011_ER_03 
"<lo>"
	"el" Determiner ART Singular lang:es 00:00:35 00:00:41 tt-1315 OM039_1985_CT_SU2011_ER_03 
<lang code="en">
"<re>"
	"re" Noun NN lang:en 00:00:35 00:00:41 tt-1316 OM039_1985_CT_SU2011_ER_03 
</lang>
"<...>"
	"..." Punctuation DOTS lang:es 00:00:35 00:00:41 tt-1317 OM039_1985_CT_SU2011_ER_03 
"<lucho>"
	"luchar" Verb VLfin Pres Indi Sing 1st lang:es 00:00:35 00:00:41 tt-1318 OM039_1985_CT_SU2011_ER_03 
"<,>"
	"," Punctuation CM lang:es 00:00:35 00:00:41 tt-1319 OM039_1985_CT_SU2011_ER_03 
"<$¿>"
	"¿" Punctuation FS lang:es 00:00:35 00:00:41 tt-1320 OM039_1985_CT_SU2011_ER_03 
"<no>"
	"no" Adverb NEG lang:es 00:00:35 00:00:41 tt-1321 OM039_1985_CT_SU2011_ER_03 
"<$?>"
	"?" Punctuation FS lang:es 00:00:35 00:00:41 tt-1322 OM039_1985_CT_SU2011_ER_03 

"<Lo>"
	"el" Determiner ART Singular lang:es 00:00:35 00:00:41 tt-1323 OM039_1985_CT_SU2011_ER_03 @Gram:Pron:Objeto ADD:608 
"<repito>"
	"repetir" Verb VLfin Pres Indi Sing 1st lang:es 00:00:35 00:00:41 tt-1324 OM039_1985_CT_SU2011_ER_03 
"<y>"
	"y" Conjunction CC lang:es 00:00:35 00:00:41 tt-1325 OM039_1985_CT_SU2011_ER_03 
"<repito>"
	"repetir" Verb VLfin Pres Indi Sing 1st lang:es 00:00:35 00:00:41 tt-1326 OM039_1985_CT_SU2011_ER_03 
"<la>"
	"el" Determiner ART Singular Fem lang:es 00:00:35 00:00:41 tt-1327 OM039_1985_CT_SU2011_ER_03 @Gram:Det:Art ADD:395 
"<palabra>"
	"palabra" Noun NC Singular lang:es 00:00:35 00:00:41 tt-1328 OM039_1985_CT_SU2011_ER_03 
"<hasta>"
	"hasta" Preposition PREP lang:es 00:00:35 00:00:41 tt-1329 OM039_1985_CT_SU2011_ER_03 @Gram:Prep ADD:580 
"<que>"
	"que" Conjunction CQUE lang:es 00:00:35 00:00:41 tt-1330 OM039_1985_CT_SU2011_ER_03 
"<me>"
	"yo" Pronoun PPX Singular lang:es 00:00:35 00:00:41 tt-1331 OM039_1985_CT_SU2011_ER_03 @Gram:Pron:Objeto ADD:614 
"<salga>"
	"salir" Verb VLfin Pres Subj Sing 1st_or_3rd lang:es 00:00:35 00:00:41 tt-1332 OM039_1985_CT_SU2011_ER_03 @Gram:MSub:Pres ADD:738 
"<bien>"
	"bien" Adverb ADV lang:es 00:00:35 00:00:41 tt-1333 OM039_1985_CT_SU2011_ER_03 
"<y>"
	"y" Conjunction CC lang:es 00:00:41 00:00:47 tt-1334 OM039_1985_CT_SU2011_ER_03 
"<es>"
	"ser" Verb VSfin Pres Indi Sing 3rd lang:es 00:00:41 00:00:47 tt-1335 OM039_1985_CT_SU2011_ER_03 @Gram:SerEstar:Ser ADD:769 
"<así>"
	"así" Conjunction CSUBF lang:es 00:00:41 00:00:47 tt-1336 OM039_1985_CT_SU2011_ER_03 
"<como>"
	"como" Conjunction CSUBF lang:es 00:00:41 00:00:47 tt-1337 OM039_1985_CT_SU2011_ER_03 
"<creo>"
	"crear|creer" Verb VLfin Pres Indi Sing 1st lang:es 00:00:41 00:00:47 tt-1338 OM039_1985_CT_SU2011_ER_03 
"<que>"
	"que" Conjunction CQUE lang:es 00:00:41 00:00:47 tt-1339 OM039_1985_CT_SU2011_ER_03 
"<he>"
	"haber" Verb VHfin Pres Indi Sing 1st lang:es 00:00:41 00:00:47 tt-1340 OM039_1985_CT_SU2011_ER_03 ID:132 R:Gram:Aux:Haber:133 R:Gram:PerfPerif:133 ADDRELATION():661 
"<tenido>"
	"tener" Verb VLadj lang:es 00:00:41 00:00:47 tt-1341 OM039_1985_CT_SU2011_ER_03 ID:133 
"<buenos>"
	"bueno" Adjective ADJ Plural lang:es 00:00:41 00:00:47 tt-1342 OM039_1985_CT_SU2011_ER_03 
"<resultados>"
	"resultado" Noun NC Plural lang:es 00:00:41 00:00:47 tt-1343 OM039_1985_CT_SU2011_ER_03 
"<en>"
	"en" Preposition PREP lang:es 00:00:41 00:00:47 tt-1344 OM039_1985_CT_SU2011_ER_03 @Gram:Prep ADD:580 
"<todos>"
	"todo" Determiner QU lang:es 00:00:41 00:00:47 tt-1345 OM039_1985_CT_SU2011_ER_03 
"<los>"
	"el" Determiner ART Plural Masc lang:es 00:00:41 00:00:47 tt-1346 OM039_1985_CT_SU2011_ER_03 @Gram:Det:Art ADD:395 
"<trabajos>"
	"trabajo" Noun NC Plural lang:es 00:00:41 00:00:47 tt-1347 OM039_1985_CT_SU2011_ER_03 
"<donde>"
	"donde" Adverb ADV lang:es 00:00:41 00:00:47 tt-1348 OM039_1985_CT_SU2011_ER_03 
"<he>"
	"haber" Verb VHfin Pres Indi Sing 1st lang:es 00:00:41 00:00:47 tt-1349 OM039_1985_CT_SU2011_ER_03 @Gram:Haber:Exist ADD:785 
"<estado>"
	"estado" Noun NC Singular lang:es 00:00:41 00:00:47 tt-1350 OM039_1985_CT_SU2011_ER_03 
"<$.>"
	"." Punctuation FS lang:es 00:00:41 00:00:47 tt-1351 OM039_1985_CT_SU2011_ER_03 

"<Eh>"
	"eh" Noun NP Singular lang:es 00:00:41 00:00:47 tt-1352 OM039_1985_CT_SU2011_ER_03 
"<...>"
	"..." Punctuation DOTS lang:es 00:00:41 00:00:47 tt-1353 OM039_1985_CT_SU2011_ER_03 
"<la>"
	"el" Determiner ART Singular Fem lang:es 00:00:41 00:00:47 tt-1354 OM039_1985_CT_SU2011_ER_03 @Gram:Det:Art ADD:395 
"<única>"
	"único" Adjective ADJ Singular lang:es 00:00:47 00:00:53 tt-1355 OM039_1985_CT_SU2011_ER_03 
"<barrera>"
	"barrera" Noun NC Singular lang:es 00:00:47 00:00:53 tt-1356 OM039_1985_CT_SU2011_ER_03 
"<quizás>"
	"quizás" Adverb ADV lang:es 00:00:47 00:00:53 tt-1357 OM039_1985_CT_SU2011_ER_03 @Prag:MarcadoresDisc:Probabilidad ADD:1103 
"<,>"
	"," Punctuation CM lang:es 00:00:47 00:00:53 tt-1358 OM039_1985_CT_SU2011_ER_03 
"<la>"
	"el" Determiner ART Singular Fem lang:es 00:00:47 00:00:53 tt-1359 OM039_1985_CT_SU2011_ER_03 @Gram:Det:Art ADD:395 
"<que>"
	"que" Conjunction CQUE lang:es 00:00:47 00:00:53 tt-1360 OM039_1985_CT_SU2011_ER_03 
"<he>"
	"haber" Verb VHfin Pres Indi Sing 1st lang:es 00:00:47 00:00:53 tt-1361 OM039_1985_CT_SU2011_ER_03 ID:153 R:Gram:Aux:Haber:154 R:Gram:PerfPerif:154 ADDRELATION():661 
"<notado>"
	"notar" Verb VLadj lang:es 00:00:47 00:00:53 tt-1362 OM039_1985_CT_SU2011_ER_03 ID:154 
"<es>"
	"ser" Verb VSfin Pres Indi Sing 3rd lang:es 00:00:47 00:00:53 tt-1363 OM039_1985_CT_SU2011_ER_03 @Gram:SerEstar:Ser ADD:769 
"<que>"
	"que" Conjunction CQUE lang:es 00:00:47 00:00:53 tt-1364 OM039_1985_CT_SU2011_ER_03 
"<,>"
	"," Punctuation CM lang:es 00:00:47 00:00:53 tt-1365 OM039_1985_CT_SU2011_ER_03 
"<o>"
	"o" Adverb ADV lang:es 00:00:47 00:00:53 tt-1366 OM039_1985_CT_SU2011_ER_03 ID:158 R:Prag:MarcadoresDisc:Igualdad:159 ADDRELATION(Prag:MarcadoresDisc:Igualdad):1093 
"<sea>"
	"sea" Adverb ADV lang:es 00:00:47 00:00:53 tt-1367 OM039_1985_CT_SU2011_ER_03 ID:159 
"<,>"
	"," Punctuation CM lang:es 00:00:47 00:00:53 tt-1368 OM039_1985_CT_SU2011_ER_03 
"<uno>"
	"uno" Determiner CARD Singular lang:es 00:00:47 00:00:53 tt-1369 OM039_1985_CT_SU2011_ER_03 
"<cuando>"
	"cuando" Conjunction CSUBX lang:es 00:00:47 00:00:53 tt-1370 OM039_1985_CT_SU2011_ER_03 
"<llega>"
	"llegar" Verb VLfin Pres Indi Sing 3rd lang:es 00:00:47 00:00:53 tt-1371 OM039_1985_CT_SU2011_ER_03 
"<aquí>"
	"aquí" Adverb ADV lang:es 00:00:47 00:00:53 tt-1372 OM039_1985_CT_SU2011_ER_03 
"<y>"
	"y" Conjunction CC lang:es 00:00:47 00:00:53 tt-1373 OM039_1985_CT_SU2011_ER_03 
"<pues>"
	"pues" Conjunction CSUBF lang:es 00:00:47 00:00:53 tt-1374 OM039_1985_CT_SU2011_ER_03 
"<,>"
	"," Punctuation CM lang:es 00:00:47 00:00:53 tt-1375 OM039_1985_CT_SU2011_ER_03 
"<es>"
	"ser" Verb VSfin Pres Indi Sing 3rd lang:es 00:00:53 00:01:00 tt-1376 OM039_1985_CT_SU2011_ER_03 @Gram:SerEstar:Ser ADD:769 
"<como>"
	"como" Adverb ADV lang:es 00:00:53 00:01:00 tt-1377 OM039_1985_CT_SU2011_ER_03 
"<que>"
	"que" Conjunction CQUE lang:es 00:00:53 00:01:00 tt-1378 OM039_1985_CT_SU2011_ER_03 
"<es>"
	"ser" Verb VSfin Pres Indi Sing 3rd lang:es 00:00:53 00:01:00 tt-1379 OM039_1985_CT_SU2011_ER_03 @Gram:SerEstar:Ser ADD:769 
"<un>"
	"un" Determiner ART Singular lang:es 00:00:53 00:01:00 tt-1380 OM039_1985_CT_SU2011_ER_03 
"<poco>"
	"pocos" Determiner QU lang:es 00:00:53 00:01:00 tt-1381 OM039_1985_CT_SU2011_ER_03 
"<de>"
	"de" Preposition PREP lang:es 00:00:53 00:01:00 tt-1382 OM039_1985_CT_SU2011_ER_03 @Gram:Prep ADD:580 
"<color>"
	"color" Noun NC Singular lang:es 00:00:53 00:01:00 tt-1383 OM039_1985_CT_SU2011_ER_03 
"<,>"
	"," Punctuation CM lang:es 00:00:53 00:01:00 tt-1384 OM039_1985_CT_SU2011_ER_03 
"<sí>"
	"él" Pronoun PPX Singular lang:es 00:00:53 00:01:00 tt-1385 OM039_1985_CT_SU2011_ER_03 
"<se>"
	"se" Other SE lang:es 00:00:53 00:01:00 tt-1386 OM039_1985_CT_SU2011_ER_03 @Gram:Pron:Otros ADD:633 
"<nota>"
	"nota" Noun NC Singular lang:es 00:00:53 00:01:00 tt-1387 OM039_1985_CT_SU2011_ER_03 
"<que>"
	"que" Conjunction CQUE lang:es 00:00:53 00:01:00 tt-1388 OM039_1985_CT_SU2011_ER_03 
"<hay>"
	"haber" Verb VHfin Pres Indi Sing 3rd lang:es 00:00:53 00:01:00 tt-1389 OM039_1985_CT_SU2011_ER_03 @Gram:Haber:Exist ADD:785 
"<racismo>"
	"racismo" Noun NC Singular lang:es 00:00:53 00:01:00 tt-1390 OM039_1985_CT_SU2011_ER_03 
"<y>"
	"y" Conjunction CC lang:es 00:00:53 00:01:00 tt-1391 OM039_1985_CT_SU2011_ER_03 
"<quizás>"
	"quizás" Adverb ADV lang:es 00:00:53 00:01:00 tt-1392 OM039_1985_CT_SU2011_ER_03 @Prag:MarcadoresDisc:Probabilidad ADD:1103 
"<eso>"
	"ese" Determiner DM Singular lang:es 00:00:53 00:01:00 tt-1393 OM039_1985_CT_SU2011_ER_03 
"<es>"
	"ser" Verb VSfin Pres Indi Sing 3rd lang:es 00:00:53 00:01:00 tt-1394 OM039_1985_CT_SU2011_ER_03 @Gram:SerEstar:Ser ADD:769 
"<lo>"
	"el" Determiner ART Singular lang:es 00:00:53 00:01:00 tt-1395 OM039_1985_CT_SU2011_ER_03 ID:187 R:Gram:Det:LoAdj:188 ADDRELATION(Gram:Det:LoAdj):401 
"<que>"
	"que" Conjunction CQUE lang:es 00:00:53 00:01:00 tt-1396 OM039_1985_CT_SU2011_ER_03 ID:188 
"<...>"
	"..." Punctuation DOTS lang:es 00:00:53 00:01:00 tt-1397 OM039_1985_CT_SU2011_ER_03 
"<lo>"
	"él" Pronoun PPC Singular lang:es 00:01:01 00:01:01 tt-1398 OM039_1985_CT_SU2011_ER_03 @Gram:Pron:Objeto ADD:620 
"<noté>"
	"notar" Verb VLfin Pret Indi Sing 1st lang:es 00:01:01 00:01:01 tt-1399 OM039_1985_CT_SU2011_ER_03 @Gram:Indefinido ADD:654 
"<$.>"
	"." Punctuation FS lang:es 00:01:01 00:01:01 tt-1400 OM039_1985_CT_SU2011_ER_03 
</speaker>
<speaker type="int">

"<$¿>"
	"¿" Punctuation FS lang:es 00:01:01 00:01:03 tt-1401 OM039_1985_CT_SU2011_ER_03 
"<Y>"
	"y" Conjunction CC lang:es 00:01:01 00:01:03 tt-1402 OM039_1985_CT_SU2011_ER_03 
"<eso>"
	"ese" Determiner DM Singular lang:es 00:01:01 00:01:03 tt-1403 OM039_1985_CT_SU2011_ER_03 
"<era>"
	"ser" Verb VEfin Imp Indi Sing 1st_or_3rd lang:es 00:01:01 00:01:03 tt-1404 OM039_1985_CT_SU2011_ER_03 @Gram:Imperf @Gram:SerEstar:Ser ADD:645 ADD:769 
"<algo>"
	"algo" Determiner QU lang:es 00:01:01 00:01:03 tt-1405 OM039_1985_CT_SU2011_ER_03 
"<nuevo>"
	"nuevo" Adjective ADJ Singular lang:es 00:01:01 00:01:03 tt-1406 OM039_1985_CT_SU2011_ER_03 
"<para>"
	"para" Preposition PREP lang:es 00:01:01 00:01:03 tt-1407 OM039_1985_CT_SU2011_ER_03 @Gram:Prep:Para SUBSTITUTE:325 ADD:544 
"<ti>"
	"tú" Pronoun PPX Singular lang:es 00:01:01 00:01:03 tt-1408 OM039_1985_CT_SU2011_ER_03 
"<o>"
	"o" Conjunction CC lang:es 00:01:01 00:01:03 tt-1409 OM039_1985_CT_SU2011_ER_03 
"<$?>"
	"?" Punctuation FS lang:es 00:01:01 00:01:03 tt-1410 OM039_1985_CT_SU2011_ER_03 
</speaker>
<speaker type="subj">

"<Sí>"
	"sí" Adverb ADV lang:es 00:01:03 00:01:09 tt-1411 OM039_1985_CT_SU2011_ER_03 
"<,>"
	"," Punctuation CM lang:es 00:01:03 00:01:09 tt-1412 OM039_1985_CT_SU2011_ER_03 
"<sí>"
	"sí" Adverb ADV lang:es 00:01:03 00:01:09 tt-1413 OM039_1985_CT_SU2011_ER_03 
"<,>"
	"," Punctuation CM lang:es 00:01:03 00:01:09 tt-1414 OM039_1985_CT_SU2011_ER_03 
"<definitivamente>"
	"definitivamente" Adverb ADV lang:es 00:01:03 00:01:09 tt-1415 OM039_1985_CT_SU2011_ER_03 
"<porque>"
	"porque" Conjunction CSUBX lang:es 00:01:03 00:01:09 tt-1416 OM039_1985_CT_SU2011_ER_03 @Prag:MarcadoresDisc:Causa ADD:1051 
"<,>"
	"," Punctuation CM lang:es 00:01:03 00:01:09 tt-1417 OM039_1985_CT_SU2011_ER_03 
"<o>"
	"o" Adverb ADV lang:es 00:01:03 00:01:09 tt-1418 OM039_1985_CT_SU2011_ER_03 ID:210 R:Prag:MarcadoresDisc:Igualdad:211 ADDRELATION(Prag:MarcadoresDisc:Igualdad):1093 
"<sea>"
	"sea" Adverb ADV lang:es 00:01:03 00:01:09 tt-1419 OM039_1985_CT_SU2011_ER_03 ID:211 
"<,>"
	"," Punctuation CM lang:es 00:01:03 00:01:09 tt-1420 OM039_1985_CT_SU2011_ER_03 
"<yo>"
	"yo" Pronoun PPX Singular lang:es 00:01:03 00:01:09 tt-1421 OM039_1985_CT_SU2011_ER_03 @Gram:Pron:Sujeto ADD:590 
"<sabía>"
	"saber" Verb VLfin Imp Indi Sing 1st_or_3rd lang:es 00:01:03 00:01:09 tt-1422 OM039_1985_CT_SU2011_ER_03 @Gram:Imperf ADD:645 
"<que>"
	"que" Conjunction CQUE lang:es 00:01:03 00:01:09 tt-1423 OM039_1985_CT_SU2011_ER_03 
"<existía>"
	"existir" Verb VLfin Imp Indi Sing 1st_or_3rd lang:es 00:01:03 00:01:09 tt-1424 OM039_1985_CT_SU2011_ER_03 @Gram:Imperf ADD:645 
"<el>"
	"el" Determiner ART Singular Masc lang:es 00:01:03 00:01:09 tt-1425 OM039_1985_CT_SU2011_ER_03 @Gram:Det:Art ADD:395 
"<racismo>"
	"racismo" Noun NC Singular lang:es 00:01:03 00:01:09 tt-1426 OM039_1985_CT_SU2011_ER_03 
"<,>"
	"," Punctuation CM lang:es 00:01:03 00:01:09 tt-1427 OM039_1985_CT_SU2011_ER_03 
"<pero>"
	"pero" Conjunction CCAD lang:es 00:01:03 00:01:09 tt-1428 OM039_1985_CT_SU2011_ER_03 @Prag:MarcadoresDisc:Revision ADD:998 
"<,>"
	"," Punctuation CM lang:es 00:01:03 00:01:09 tt-1429 OM039_1985_CT_SU2011_ER_03 
"<o>"
	"o" Adverb ADV lang:es 00:01:03 00:01:09 tt-1430 OM039_1985_CT_SU2011_ER_03 ID:222 R:Prag:MarcadoresDisc:Igualdad:223 ADDRELATION(Prag:MarcadoresDisc:Igualdad):1093 
"<sea>"
	"sea" Adverb ADV lang:es 00:01:03 00:01:09 tt-1431 OM039_1985_CT_SU2011_ER_03 ID:223 
"<,>"
	"," Punctuation CM lang:es 00:01:03 00:01:09 tt-1432 OM039_1985_CT_SU2011_ER_03 
"<no>"
	"no" Adverb NEG lang:es 00:01:09 00:01:16 tt-1433 OM039_1985_CT_SU2011_ER_03 
"<de>"
	"de" Preposition PREP lang:es 00:01:09 00:01:16 tt-1434 OM039_1985_CT_SU2011_ER_03 @Gram:Prep ADD:580 
"<una>"
	"un" Determiner ART Singular lang:es 00:01:09 00:01:16 tt-1435 OM039_1985_CT_SU2011_ER_03 
"<manera>"
	"manera" Noun NC Singular lang:es 00:01:09 00:01:16 tt-1436 OM039_1985_CT_SU2011_ER_03 
"<tan>"
	"tan" Adverb ADV lang:es 00:01:09 00:01:16 tt-1437 OM039_1985_CT_SU2011_ER_03 
"<notoria>"
	"notorio" Adjective ADJ Singular lang:es 00:01:09 00:01:16 tt-1438 OM039_1985_CT_SU2011_ER_03 
"<como>"
	"como" Conjunction CSUBX lang:es 00:01:09 00:01:16 tt-1439 OM039_1985_CT_SU2011_ER_03 
"<a>"
	"a" Adverb ADV lang:es 00:01:09 00:01:16 tt-1440 OM039_1985_CT_SU2011_ER_03 
"<veces>"
	"veces" Adverb ADV lang:es 00:01:09 00:01:16 tt-1441 OM039_1985_CT_SU2011_ER_03 
"<es>"
	"ser" Verb VSfin Pres Indi Sing 3rd lang:es 00:01:09 00:01:16 tt-1442 OM039_1985_CT_SU2011_ER_03 @Gram:SerEstar:Ser ADD:769 
"<aquí>"
	"aquí" Adverb ADV lang:es 00:01:09 00:01:16 tt-1443 OM039_1985_CT_SU2011_ER_03 
"<,>"
	"," Punctuation CM lang:es 00:01:09 00:01:16 tt-1444 OM039_1985_CT_SU2011_ER_03 
"<o>"
	"o" Adverb ADV lang:es 00:01:09 00:01:16 tt-1445 OM039_1985_CT_SU2011_ER_03 ID:237 R:Prag:MarcadoresDisc:Igualdad:238 ADDRELATION(Prag:MarcadoresDisc:Igualdad):1093 
"<sea>"
	"sea" Adverb ADV lang:es 00:01:09 00:01:16 tt-1446 OM039_1985_CT_SU2011_ER_03 ID:238 
"<uno>"
	"uno" Determiner CARD Singular lang:es 00:01:09 00:01:16 tt-1447 OM039_1985_CT_SU2011_ER_03 
"<,>"
	"," Punctuation CM lang:es 00:01:09 00:01:16 tt-1448 OM039_1985_CT_SU2011_ER_03 
"<no>"
	"no" Adverb NEG lang:es 00:01:09 00:01:16 tt-1449 OM039_1985_CT_SU2011_ER_03 
"<sé>"
	"saber|ser" Verb VLfin Pres Indi Sing 1st lang:es 00:01:09 00:01:16 tt-1450 OM039_1985_CT_SU2011_ER_03 
"<,>"
	"," Punctuation CM lang:es 00:01:09 00:01:16 tt-1451 OM039_1985_CT_SU2011_ER_03 
"<se>"
	"se" Other SE lang:es 00:01:09 00:01:16 tt-1452 OM039_1985_CT_SU2011_ER_03 
"<ve>"
	"ver" Verb VLfin Pres Indi Sing 3rd lang:es 00:01:09 00:01:16 tt-1453 OM039_1985_CT_SU2011_ER_03 
"<,>"
	"," Punctuation CM lang:es 00:01:09 00:01:16 tt-1454 OM039_1985_CT_SU2011_ER_03 
"<se>"
	"se" Other SE lang:es 00:01:09 00:01:16 tt-1455 OM039_1985_CT_SU2011_ER_03 
"<siente>"
	"sentar|sentir" Verb VLfin Pres Indi Sing 3rd lang:es 00:01:09 00:01:16 tt-1456 OM039_1985_CT_SU2011_ER_03 
"<y>"
	"y" Conjunction CC lang:es 00:01:17 00:01:23 tt-1457 OM039_1985_CT_SU2011_ER_03 
"<es>"
	"ser" Verb VSfin Pres Indi Sing 3rd lang:es 00:01:17 00:01:23 tt-1458 OM039_1985_CT_SU2011_ER_03 @Gram:SerEstar:Ser ADD:769 
"<triste>"
	"triste" Adjective ADJ Singular lang:es 00:01:17 00:01:23 tt-1459 OM039_1985_CT_SU2011_ER_03 
"<pero>"
	"pero" Conjunction CCAD lang:es 00:01:17 00:01:23 tt-1460 OM039_1985_CT_SU2011_ER_03 @Prag:MarcadoresDisc:Revision ADD:998 
"<lamentablemente>"
	"lamentable" Adverb ADV lang:es 00:01:17 00:01:23 tt-1461 OM039_1985_CT_SU2011_ER_03 
"<el>"
	"el" Determiner ART Singular Masc lang:es 00:01:17 00:01:23 tt-1462 OM039_1985_CT_SU2011_ER_03 @Gram:Det:Art ADD:395 
"<mundo>"
	"mundo" Noun NC Singular lang:es 00:01:17 00:01:23 tt-1463 OM039_1985_CT_SU2011_ER_03 
"<es>"
	"ser" Verb VSfin Pres Indi Sing 3rd lang:es 00:01:17 00:01:23 tt-1464 OM039_1985_CT_SU2011_ER_03 @Gram:SerEstar:Ser ADD:769 
"<así>"
	"así" Adverb ADV lang:es 00:01:17 00:01:23 tt-1465 OM039_1985_CT_SU2011_ER_03 
"<$.>"
	"." Punctuation FS lang:es 00:01:17 00:01:23 tt-1466 OM039_1985_CT_SU2011_ER_03 

"<Este>"
	"este" Determiner DM Singular lang:es 00:01:17 00:01:23 tt-1467 OM039_1985_CT_SU2011_ER_03 @Prag:RecuDiscurso:GanarTiempo ADD:1121 
"<...>"
	"..." Punctuation DOTS lang:es 00:01:17 00:01:23 tt-1468 OM039_1985_CT_SU2011_ER_03 
"<ojalá>"
	"ojalá" Noun NP Singular lang:es 00:01:17 00:01:23 tt-1469 OM039_1985_CT_SU2011_ER_03 
"<que>"
	"que" Conjunction CQUE lang:es 00:01:17 00:01:23 tt-1470 OM039_1985_CT_SU2011_ER_03 
"<algún>"
	"alguno" Determiner QU lang:es 00:01:17 00:01:23 tt-1471 OM039_1985_CT_SU2011_ER_03 @Gram:Det:CuantIndef ADD:442 
"<día>"
	"día" Noun NC Singular lang:es 00:01:17 00:01:23 tt-1472 OM039_1985_CT_SU2011_ER_03 
"<pues>"
	"pues" Conjunction CSUBF lang:es 00:01:17 00:01:23 tt-1473 OM039_1985_CT_SU2011_ER_03 
"<cambie>"
	"cambiar" Verb VLfin Pres Subj Sing 1st_or_3rd lang:es 00:01:17 00:01:23 tt-1474 OM039_1985_CT_SU2011_ER_03 @Gram:MSub:Pres ADD:738 
"<,>"
	"," Punctuation CM lang:es 00:01:17 00:01:23 tt-1475 OM039_1985_CT_SU2011_ER_03 
"<$¿>"
	"¿" Punctuation FS lang:es 00:01:23 00:01:24 tt-1476 OM039_1985_CT_SU2011_ER_03 
"<no>"
	"no" Adverb NEG lang:es 00:01:23 00:01:24 tt-1477 OM039_1985_CT_SU2011_ER_03 
"<$?>"
	"?" Punctuation FS lang:es 00:01:23 00:01:24 tt-1478 OM039_1985_CT_SU2011_ER_03 

"<Pero>"
	"pero" Conjunction CCAD lang:es 00:01:23 00:01:24 tt-1479 OM039_1985_CT_SU2011_ER_03 @Prag:MarcadoresDisc:Revision ADD:998 
"<...>"
	"..." Punctuation DOTS lang:es 00:01:23 00:01:24 tt-1480 OM039_1985_CT_SU2011_ER_03 
</speaker>
<speaker type="int">
"<$¿>"
	"¿" Punctuation FS lang:es 00:01:24 00:01:29 tt-1481 OM039_1985_CT_SU2011_ER_03 
"<Y>"
	"y" Conjunction CC lang:es 00:01:24 00:01:29 tt-1482 OM039_1985_CT_SU2011_ER_03 
"<tú>"
	"tú" Pronoun PPX Singular lang:es 00:01:24 00:01:29 tt-1483 OM039_1985_CT_SU2011_ER_03 @Gram:Pron:Sujeto ADD:590 
"<opinas>"
	"opinar" Verb VLfin Pres Indi Sing 2nd lang:es 00:01:24 00:01:29 tt-1484 OM039_1985_CT_SU2011_ER_03 
"<que>"
	"que" Conjunction CQUE lang:es 00:01:24 00:01:29 tt-1485 OM039_1985_CT_SU2011_ER_03 
"<es>"
	"ser" Verb VSfin Pres Indi Sing 3rd lang:es 00:01:24 00:01:29 tt-1486 OM039_1985_CT_SU2011_ER_03 @Gram:SerEstar:Ser ADD:769 
"<un>"
	"un" Determiner ART Singular lang:es 00:01:24 00:01:29 tt-1487 OM039_1985_CT_SU2011_ER_03 ID:279 R:Gram:Genero:ExcepMasc:280 ADDRELATION(Gram:Genero:ExcepMasc):478 
"<problema>"
	"problema" Noun NC Singular lang:es 00:01:24 00:01:29 tt-1488 OM039_1985_CT_SU2011_ER_03 ID:280 
"<más>"
	"más" Adverb ADV lang:es 00:01:24 00:01:29 tt-1489 OM039_1985_CT_SU2011_ER_03 
"<grande>"
	"grande" Adjective ADJ Singular lang:es 00:01:24 00:01:29 tt-1490 OM039_1985_CT_SU2011_ER_03 
"<en>"
	"en" Preposition PREP lang:es 00:01:24 00:01:29 tt-1491 OM039_1985_CT_SU2011_ER_03 @Gram:Prep ADD:580 
"<Houston>"
	"Houston" Noun NP Singular lang:es 00:01:24 00:01:29 tt-1492 OM039_1985_CT_SU2011_ER_03 
"<o>"
	"o" Conjunction CC lang:es 00:01:24 00:01:29 tt-1493 OM039_1985_CT_SU2011_ER_03 
"<aquí>"
	"aquí" Adverb ADV lang:es 00:01:24 00:01:29 tt-1494 OM039_1985_CT_SU2011_ER_03 
"<en>"
	"en" Preposition PREP lang:es 00:01:24 00:01:29 tt-1495 OM039_1985_CT_SU2011_ER_03 @Gram:Prep ADD:580 
"<Austin>"
	"Austin" Noun NP Singular lang:es 00:01:24 00:01:29 tt-1496 OM039_1985_CT_SU2011_ER_03 
"<$?>"
	"?" Punctuation FS lang:es 00:01:24 00:01:29 tt-1497 OM039_1985_CT_SU2011_ER_03 

"<Creo>"
	"crear|creer" Verb VLfin Pres Indi Sing 1st lang:es 00:01:29 00:01:36 tt-1498 OM039_1985_CT_SU2011_ER_03 
"<que>"
	"que" Conjunction CQUE lang:es 00:01:29 00:01:36 tt-1499 OM039_1985_CT_SU2011_ER_03 
"<más>"
	"más" Adverb ADV lang:es 00:01:29 00:01:36 tt-1500 OM039_1985_CT_SU2011_ER_03 
"<en>"
	"en" Preposition PREP lang:es 00:01:29 00:01:36 tt-1501 OM039_1985_CT_SU2011_ER_03 @Gram:Prep ADD:580 
"<Houston>"
	"Houston" Noun NP Singular lang:es 00:01:29 00:01:36 tt-1502 OM039_1985_CT_SU2011_ER_03 
"<,>"
	"," Punctuation CM lang:es 00:01:29 00:01:36 tt-1503 OM039_1985_CT_SU2011_ER_03 
<lang code="en">
"<ah>"
	"UNK" Noun NP Singular lang:en 00:01:29 00:01:36 tt-1504 OM039_1985_CT_SU2011_ER_03 
</lang>
"<...>"
	"..." Punctuation DOTS lang:es 00:01:29 00:01:36 tt-1505 OM039_1985_CT_SU2011_ER_03 
"<bueno>"
	"bueno" Adjective ADJ Singular lang:es 00:01:29 00:01:36 tt-1506 OM039_1985_CT_SU2011_ER_03 
"<,>"
	"," Punctuation CM lang:es 00:01:29 00:01:36 tt-1507 OM039_1985_CT_SU2011_ER_03 
"<en>"
	"en" Preposition PREP lang:es 00:01:29 00:01:36 tt-1508 OM039_1985_CT_SU2011_ER_03 @Gram:Prep ADD:580 
"<Houston>"
	"Houston" Noun NP Singular lang:es 00:01:29 00:01:36 tt-1509 OM039_1985_CT_SU2011_ER_03 
"<no>"
	"no" Adverb NEG lang:es 00:01:29 00:01:36 tt-1510 OM039_1985_CT_SU2011_ER_03 
"<tuve>"
	"tener" Verb VLfin Pret Indi Sing 1st lang:es 00:01:29 00:01:36 tt-1511 OM039_1985_CT_SU2011_ER_03 @Gram:Indefinido ADD:654 
"<la>"
	"el" Determiner ART Singular Fem lang:es 00:01:29 00:01:36 tt-1512 OM039_1985_CT_SU2011_ER_03 @Gram:Det:Art ADD:395 
"<oportunidad>"
	"oportunidad" Noun NC Singular lang:es 00:01:29 00:01:36 tt-1513 OM039_1985_CT_SU2011_ER_03 
"<de>"
	"de" Preposition PREP lang:es 00:01:29 00:01:36 tt-1514 OM039_1985_CT_SU2011_ER_03 @Gram:Prep ADD:580 
"<estudiar>"
	"estudiar" Verb VLinf Infinitive lang:es 00:01:29 00:01:36 tt-1515 OM039_1985_CT_SU2011_ER_03 SUBSTITUTE:309 
"<en>"
	"en" Preposition PREP lang:es 00:01:29 00:01:36 tt-1516 OM039_1985_CT_SU2011_ER_03 @Gram:Prep ADD:580 
"<una>"
	"un" Determiner ART Singular lang:es 00:01:29 00:01:36 tt-1517 OM039_1985_CT_SU2011_ER_03 
"<universidad>"
	"universidad" Noun NC Singular lang:es 00:01:37 00:01:43 tt-1518 OM039_1985_CT_SU2011_ER_03 
"<tan>"
	"tan" Adverb ADV lang:es 00:01:37 00:01:43 tt-1519 OM039_1985_CT_SU2011_ER_03 
"<grande>"
	"grande" Adjective ADJ Singular lang:es 00:01:37 00:01:43 tt-1520 OM039_1985_CT_SU2011_ER_03 
"<como>"
	"como" Conjunction CSUBX lang:es 00:01:37 00:01:43 tt-1521 OM039_1985_CT_SU2011_ER_03 
"<UT>"
	"UT" Noun NP Singular lang:es 00:01:37 00:01:43 tt-1522 OM039_1985_CT_SU2011_ER_03 
"<,>"
	"," Punctuation CM lang:es 00:01:37 00:01:43 tt-1523 OM039_1985_CT_SU2011_ER_03 
"<pero>"
	"pero" Conjunction CCAD lang:es 00:01:37 00:01:43 tt-1524 OM039_1985_CT_SU2011_ER_03 @Prag:MarcadoresDisc:Revision ADD:998 
"<aquí>"
	"aquí" Adverb ADV lang:es 00:01:37 00:01:43 tt-1525 OM039_1985_CT_SU2011_ER_03 
"<en>"
	"en" Preposition PREP lang:es 00:01:37 00:01:43 tt-1526 OM039_1985_CT_SU2011_ER_03 @Gram:Prep ADD:580 
"<Austin>"
	"Austin" Noun NP Singular lang:es 00:01:37 00:01:43 tt-1527 OM039_1985_CT_SU2011_ER_03 
"<no>"
	"no" Adverb NEG lang:es 00:01:37 00:01:43 tt-1528 OM039_1985_CT_SU2011_ER_03 
"<$.>"
	"." Punctuation FS lang:es 00:01:37 00:01:43 tt-1529 OM039_1985_CT_SU2011_ER_03 

"<En>"
	"en" Preposition PREP lang:es 00:01:37 00:01:43 tt-1530 OM039_1985_CT_SU2011_ER_03 @Gram:Prep ADD:580 
"<la>"
	"el" Determiner ART Singular Fem lang:es 00:01:37 00:01:43 tt-1531 OM039_1985_CT_SU2011_ER_03 @Gram:Det:Art ADD:395 
"<Universidad>"
	"universidad" Noun NC Singular lang:es 00:01:37 00:01:43 tt-1532 OM039_1985_CT_SU2011_ER_03 
"<de>"
	"de" Preposition PREP lang:es 00:01:37 00:01:43 tt-1533 OM039_1985_CT_SU2011_ER_03 @Gram:Prep ADD:580 
<lang code="en">
"<Texas>"
	"Texas" Noun NP Plural lang:en 00:01:37 00:01:43 tt-1534 OM039_1985_CT_SU2011_ER_03 
</lang>
"<pues>"
	"pues" Conjunction CSUBF lang:es 00:01:37 00:01:43 tt-1535 OM039_1985_CT_SU2011_ER_03 
"<hay>"
	"haber" Verb VHfin Pres Indi Sing 3rd lang:es 00:01:43 00:01:48 tt-1536 OM039_1985_CT_SU2011_ER_03 @Gram:Haber:Exist ADD:785 
"<gente>"
	"gente" Noun NC Singular lang:es 00:01:43 00:01:48 tt-1537 OM039_1985_CT_SU2011_ER_03 
"<de>"
	"de" Preposition PREP lang:es 00:01:43 00:01:48 tt-1538 OM039_1985_CT_SU2011_ER_03 @Gram:Prep ADD:580 
"<todos>"
	"todo" Determiner QU lang:es 00:01:43 00:01:48 tt-1539 OM039_1985_CT_SU2011_ER_03 
"<lados>"
	"lado" Noun NC Plural lang:es 00:01:43 00:01:48 tt-1540 OM039_1985_CT_SU2011_ER_03 
"<$.>"
	"." Punctuation FS lang:es 00:01:43 00:01:48 tt-1541 OM039_1985_CT_SU2011_ER_03 

"<Aquí>"
	"aquí" Adverb ADV lang:es 00:01:43 00:01:48 tt-1542 OM039_1985_CT_SU2011_ER_03 
"<no>"
	"no" Adverb NEG lang:es 00:01:43 00:01:48 tt-1543 OM039_1985_CT_SU2011_ER_03 
"<se>"
	"se" Other SE lang:es 00:01:43 00:01:48 tt-1544 OM039_1985_CT_SU2011_ER_03 @Gram:Pron:Otros ADD:633 
"<nota>"
	"nota" Noun NC Singular lang:es 00:01:43 00:01:48 tt-1545 OM039_1985_CT_SU2011_ER_03 
"<mucho>"
	"mucho" Determiner QU lang:es 00:01:43 00:01:48 tt-1546 OM039_1985_CT_SU2011_ER_03 
"<el>"
	"el" Determiner ART Singular Masc lang:es 00:01:43 00:01:48 tt-1547 OM039_1985_CT_SU2011_ER_03 @Gram:Det:Art ADD:395 
"<racismo>"
	"racismo" Noun NC Singular lang:es 00:01:43 00:01:48 tt-1548 OM039_1985_CT_SU2011_ER_03 
"<porque>"
	"porque" Conjunction CSUBX lang:es 00:01:43 00:01:48 tt-1549 OM039_1985_CT_SU2011_ER_03 @Prag:MarcadoresDisc:Causa ADD:1051 
"<pues>"
	"pues" Conjunction CSUBF lang:es 00:01:43 00:01:48 tt-1550 OM039_1985_CT_SU2011_ER_03 
"<todos>"
	"todo" Determiner QU lang:es 00:01:43 00:01:48 tt-1551 OM039_1985_CT_SU2011_ER_03 
"<son>"
	"son" Noun NC Singular lang:es 00:01:43 00:01:48 tt-1552 OM039_1985_CT_SU2011_ER_03 
"<,>"
	"," Punctuation CM lang:es 00:01:43 00:01:48 tt-1553 OM039_1985_CT_SU2011_ER_03 
"<hay>"
	"haber" Verb VHfin Pres Indi Sing 3rd lang:es 00:01:43 00:01:48 tt-1554 OM039_1985_CT_SU2011_ER_03 @Gram:Haber:Exist ADD:785 
"<un>"
	"un" Determiner ART Singular lang:es 00:01:48 00:01:54 tt-1555 OM039_1985_CT_SU2011_ER_03 
"<montón>"
	"montón" Noun NC Singular lang:es 00:01:48 00:01:54 tt-1556 OM039_1985_CT_SU2011_ER_03 
"<de>"
	"de" Preposition PREP lang:es 00:01:48 00:01:54 tt-1557 OM039_1985_CT_SU2011_ER_03 @Gram:Prep ADD:580 
"<gente>"
	"gente" Noun NC Singular lang:es 00:01:48 00:01:54 tt-1558 OM039_1985_CT_SU2011_ER_03 
"<de>"
	"de" Preposition PREP lang:es 00:01:48 00:01:54 tt-1559 OM039_1985_CT_SU2011_ER_03 @Gram:Prep ADD:580 
"<todas>"
	"todo" Determiner QU lang:es 00:01:48 00:01:54 tt-1560 OM039_1985_CT_SU2011_ER_03 
"<las>"
	"el" Determiner ART Plural Fem lang:es 00:01:48 00:01:54 tt-1561 OM039_1985_CT_SU2011_ER_03 @Gram:Det:Art ADD:395 
"<razas>"
	"raza" Noun NC Plural lang:es 00:01:48 00:01:54 tt-1562 OM039_1985_CT_SU2011_ER_03 
"<así>"
	"así" Conjunction CSUBF lang:es 00:01:48 00:01:54 tt-1563 OM039_1985_CT_SU2011_ER_03 
"<que>"
	"que" Conjunction CSUBF lang:es 00:01:48 00:01:54 tt-1564 OM039_1985_CT_SU2011_ER_03 
"<sería>"
	"ser" Verb VSfin Cond Indi Sing 1st_or_3rd lang:es 00:01:48 00:01:54 tt-1565 OM039_1985_CT_SU2011_ER_03 @Gram:SerEstar:Ser ADD:769 
"<bastante>"
	"bastante" Adverb ADV lang:es 00:01:48 00:01:54 tt-1566 OM039_1985_CT_SU2011_ER_03 
"<absurdo>"
	"absurdo" Adjective ADJ Singular lang:es 00:01:48 00:01:54 tt-1567 OM039_1985_CT_SU2011_ER_03 
"<pensar>"
	"pensar" Verb VLinf Infinitive lang:es 00:01:48 00:01:54 tt-1568 OM039_1985_CT_SU2011_ER_03 ID:360 R:Vocab:Fraseol:VerbPrep:361 SUBSTITUTE:309 ADDRELATION(Vocab:Fraseol:VerbPrep):1171 
"<en>"
	"en" Preposition PREP lang:es 00:01:48 00:01:54 tt-1569 OM039_1985_CT_SU2011_ER_03 @Gram:Prep ID:361 ADD:580 
"<racismo>"
	"racismo" Noun NC Singular lang:es 00:01:48 00:01:54 tt-1570 OM039_1985_CT_SU2011_ER_03 
"<$.>"
	"." Punctuation FS lang:es 00:01:48 00:01:54 tt-1571 OM039_1985_CT_SU2011_ER_03 

"<Además>"
	"además" Adverb ADV lang:es 00:01:54 00:01:56 tt-1572 OM039_1985_CT_SU2011_ER_03 @Prag:MarcadoresDisc:Igualdad ADD:1081 
"<,>"
	"," Punctuation CM lang:es 00:01:54 00:01:56 tt-1573 OM039_1985_CT_SU2011_ER_03 
"<Austin>"
	"Austin" Noun NP Singular lang:es 00:01:54 00:01:56 tt-1574 OM039_1985_CT_SU2011_ER_03 
"<es>"
	"ser" Verb VSfin Pres Indi Sing 3rd lang:es 00:01:54 00:01:56 tt-1575 OM039_1985_CT_SU2011_ER_03 @Gram:SerEstar:Ser ADD:769 
"<bastante>"
	"bastante" Adverb ADV lang:es 00:01:54 00:01:56 tt-1576 OM039_1985_CT_SU2011_ER_03 
<lang code="en">
"<friendly>"
	"friendly" Adjective JJ lang:en 00:01:54 00:01:56 tt-1577 OM039_1985_CT_SU2011_ER_03 
</lang>
"<$.>"
	"." Punctuation FS lang:es 00:01:54 00:01:56 tt-1578 OM039_1985_CT_SU2011_ER_03 

"<Así>"
	"así" Adverb ADV lang:es 00:01:54 00:01:56 tt-1579 OM039_1985_CT_SU2011_ER_03 
"<que>"
	"que" Conjunction CQUE lang:es 00:01:54 00:01:56 tt-1580 OM039_1985_CT_SU2011_ER_03 
"<$.>"
	"." Punctuation FS lang:es 00:01:54 00:01:56 tt-1581 OM039_1985_CT_SU2011_ER_03 
</speaker>
</text>

