<text id="OM039_1985_CT_SU2011_ER_05">
<speaker type="int">
"<Y>"
	"Y" Other ALFS lang:es 00:00:00 00:00:06 tt-2119 OM039_1985_CT_SU2011_ER_05 
"<este>"
	"este" Noun NC Singular lang:es 00:00:00 00:00:06 tt-2120 OM039_1985_CT_SU2011_ER_05 
"<...>"
	"..." Punctuation DOTS lang:es 00:00:00 00:00:06 tt-2121 OM039_1985_CT_SU2011_ER_05 
"<oye>"
	"oír" Verb VLfin Pres Indi_Command Sing 2nd_3rd lang:es 00:00:00 00:00:06 tt-2122 OM039_1985_CT_SU2011_ER_05 
"<,>"
	"," Punctuation CM lang:es 00:00:00 00:00:06 tt-2123 OM039_1985_CT_SU2011_ER_05 
"<fuera>"
	"fuera" Adverb ADV lang:es 00:00:00 00:00:06 tt-2124 OM039_1985_CT_SU2011_ER_05 
"<también>"
	"también" Adverb ADV lang:es 00:00:00 00:00:06 tt-2125 OM039_1985_CT_SU2011_ER_05 @Prag:MarcadoresDisc:Igualdad 
"<del>"
	"del" Preposition PDEL lang:es 00:00:00 00:00:06 tt-2126 OM039_1985_CT_SU2011_ER_05 @Gram:Prep 
"<lenguaje>"
	"lenguaje" Noun NC Singular lang:es 00:00:00 00:00:06 tt-2127 OM039_1985_CT_SU2011_ER_05 
"<,>"
	"," Punctuation CM lang:es 00:00:00 00:00:06 tt-2128 OM039_1985_CT_SU2011_ER_05 
"<$¿>"
	"¿" Punctuation FS lang:es 00:00:00 00:00:06 tt-2129 OM039_1985_CT_SU2011_ER_05 
"<qué>"
	"qué" Pronoun INT Singular lang:es 00:00:00 00:00:06 tt-2130 OM039_1985_CT_SU2011_ER_05 
"<esfuerzos>"
	"esfuerzo" Noun NC Plural lang:es 00:00:00 00:00:06 tt-2131 OM039_1985_CT_SU2011_ER_05 
"<hacen>"
	"hacer" Verb VLfin Pres Indi Plural 3rd lang:es 00:00:00 00:00:06 tt-2132 OM039_1985_CT_SU2011_ER_05 
"<ustedes>"
	"ustedes" Pronoun PPX Plural lang:es 00:00:00 00:00:06 tt-2133 OM039_1985_CT_SU2011_ER_05 
"<para>"
	"para" Preposition PREP lang:es 00:00:00 00:00:06 tt-2134 OM039_1985_CT_SU2011_ER_05 @Gram:Prep:Para 
"<conservar>"
	"conservar" Verb VLinf Infinitive lang:es 00:00:00 00:00:06 tt-2135 OM039_1985_CT_SU2011_ER_05 
"<sus>"
	"suyo" Pronoun PPO Plural lang:es 00:00:06 00:00:12 tt-2136 OM039_1985_CT_SU2011_ER_05 @Gram:Det:Pos 
"<tradiciones>"
	"tradición" Noun NC Plural lang:es 00:00:06 00:00:12 tt-2137 OM039_1985_CT_SU2011_ER_05 
"<culturales>"
	"cultural" Adjective ADJ Plural lang:es 00:00:06 00:00:12 tt-2138 OM039_1985_CT_SU2011_ER_05 
"<ya>"
	"ya" Conjunction CSUBF lang:es 00:00:06 00:00:12 tt-2139 OM039_1985_CT_SU2011_ER_05 
"<que>"
	"que" Conjunction CSUBF lang:es 00:00:06 00:00:12 tt-2140 OM039_1985_CT_SU2011_ER_05 
"<están>"
	"estar" Verb VEfin Pres Indi Plural 3rd lang:es 00:00:06 00:00:12 tt-2141 OM039_1985_CT_SU2011_ER_05 @Gram:SerEstar:Estar 
"<,>"
	"," Punctuation CM lang:es 00:00:06 00:00:12 tt-2142 OM039_1985_CT_SU2011_ER_05 
"<están>"
	"estar" Verb VEfin Pres Indi Plural 3rd lang:es 00:00:06 00:00:12 tt-2143 OM039_1985_CT_SU2011_ER_05 @Gram:SerEstar:Estar 
"<...>"
	"..." Punctuation DOTS lang:es 00:00:06 00:00:12 tt-2144 OM039_1985_CT_SU2011_ER_05 
"<estando>"
	"estar" Verb VEger Gerund lang:es 00:00:06 00:00:12 tt-2145 OM039_1985_CT_SU2011_ER_05 @Gram:SerEstar:Estar 
"<por>"
	"por" Preposition PREP lang:es 00:00:06 00:00:12 tt-2146 OM039_1985_CT_SU2011_ER_05 @Gram:Prep:Por 
"<lo>"
	"lo" Adverb ADV lang:es 00:00:06 00:00:12 tt-2147 OM039_1985_CT_SU2011_ER_05 
"<menos>"
	"menos" Adverb ADV lang:es 00:00:06 00:00:12 tt-2148 OM039_1985_CT_SU2011_ER_05 
"<en>"
	"en" Preposition PREP lang:es 00:00:06 00:00:12 tt-2149 OM039_1985_CT_SU2011_ER_05 @Gram:Prep 
"<Houston>"
	"Houston" Noun NP Singular lang:es 00:00:06 00:00:12 tt-2150 OM039_1985_CT_SU2011_ER_05 
"<es>"
	"ser" Verb VSfin Pres Indi Sing 3rd lang:es 00:00:06 00:00:12 tt-2151 OM039_1985_CT_SU2011_ER_05 @Gram:SerEstar:Ser 
"<haz>"
	"haz" Noun NC Singular lang:es 00:00:06 00:00:12 tt-2152 OM039_1985_CT_SU2011_ER_05 
"<de>"
	"de" Preposition PREP lang:es 00:00:06 00:00:12 tt-2153 OM039_1985_CT_SU2011_ER_05 @Gram:Prep 
"<cuenta>"
	"cuenta" Noun NC Singular lang:es 00:00:06 00:00:12 tt-2154 OM039_1985_CT_SU2011_ER_05 
"<un>"
	"un" Determiner ART Singular lang:es 00:00:06 00:00:12 tt-2155 OM039_1985_CT_SU2011_ER_05 
"<meca>"
	"meca" Noun NC Singular lang:es 00:00:12 00:00:19 tt-2156 OM039_1985_CT_SU2011_ER_05 
"<de>"
	"de" Preposition PREP lang:es 00:00:12 00:00:19 tt-2157 OM039_1985_CT_SU2011_ER_05 @Gram:Prep 
"<una>"
	"un" Determiner ART Singular lang:es 00:00:12 00:00:19 tt-2158 OM039_1985_CT_SU2011_ER_05 
"<comunidad>"
	"comunidad" Noun NC Singular lang:es 00:00:12 00:00:19 tt-2159 OM039_1985_CT_SU2011_ER_05 
"<méxico-americana>"
	"UNK" Adjective ADJ Singular lang:es 00:00:12 00:00:19 tt-2160 OM039_1985_CT_SU2011_ER_05 
"<,>"
	"," Punctuation CM lang:es 00:00:12 00:00:19 tt-2161 OM039_1985_CT_SU2011_ER_05 
"<no>"
	"no" Adverb NEG lang:es 00:00:12 00:00:19 tt-2162 OM039_1985_CT_SU2011_ER_05 
"<$?>"
	"?" Punctuation FS lang:es 00:00:12 00:00:19 tt-2163 OM039_1985_CT_SU2011_ER_05 

"<Claro>"
	"claro" Adjective ADJ Singular lang:es 00:00:12 00:00:19 tt-2164 OM039_1985_CT_SU2011_ER_05 
"<$.>"
	"." Punctuation FS lang:es 00:00:12 00:00:19 tt-2165 OM039_1985_CT_SU2011_ER_05 

"<Así>"
	"así" Conjunction CSUBX lang:es 00:00:12 00:00:19 tt-2166 OM039_1985_CT_SU2011_ER_05 
"<que>"
	"que" Conjunction CQUE lang:es 00:00:12 00:00:19 tt-2167 OM039_1985_CT_SU2011_ER_05 
"<,>"
	"," Punctuation CM lang:es 00:00:12 00:00:19 tt-2168 OM039_1985_CT_SU2011_ER_05 
"<$¿>"
	"¿" Punctuation FS lang:es 00:00:12 00:00:19 tt-2169 OM039_1985_CT_SU2011_ER_05 
"<de>"
	"de" Preposition PREP lang:es 00:00:12 00:00:19 tt-2170 OM039_1985_CT_SU2011_ER_05 @Gram:Prep 
"<qué>"
	"qué" Pronoun INT Singular lang:es 00:00:12 00:00:19 tt-2171 OM039_1985_CT_SU2011_ER_05 
"<forma>"
	"formar" Verb VLfin Pres Indi Sing 3rd lang:es 00:00:12 00:00:19 tt-2172 OM039_1985_CT_SU2011_ER_05 
"<ustedes>"
	"ustedes" Pronoun PPX Plural lang:es 00:00:12 00:00:19 tt-2173 OM039_1985_CT_SU2011_ER_05 
"<mantienen>"
	"mantener" Verb VLfin Pres Indi Plural 3rd lang:es 00:00:12 00:00:19 tt-2174 OM039_1985_CT_SU2011_ER_05 
"<sus>"
	"suyo" Pronoun PPO Plural lang:es 00:00:19 00:00:21 tt-2175 OM039_1985_CT_SU2011_ER_05 @Gram:Det:Pos 
"<aspectos>"
	"aspecto" Noun NC Plural lang:es 00:00:19 00:00:21 tt-2176 OM039_1985_CT_SU2011_ER_05 
"<culturales>"
	"cultural" Adjective ADJ Plural lang:es 00:00:19 00:00:21 tt-2177 OM039_1985_CT_SU2011_ER_05 
"<$?>"
	"?" Punctuation FS lang:es 00:00:19 00:00:21 tt-2178 OM039_1985_CT_SU2011_ER_05 
</speaker>
<speaker type="subj">

"<Mmm>"
	"mmm" Noun NP Singular lang:es 00:00:21 00:00:28 tt-2179 OM039_1985_CT_SU2011_ER_05 
"<...>"
	"..." Punctuation DOTS lang:es 00:00:21 00:00:28 tt-2180 OM039_1985_CT_SU2011_ER_05 
"<quizás>"
	"quizás" Adverb ADV lang:es 00:00:21 00:00:28 tt-2181 OM039_1985_CT_SU2011_ER_05 @Prag:MarcadoresDisc:Probabilidad 
"<,>"
	"," Punctuation CM lang:es 00:00:21 00:00:28 tt-2182 OM039_1985_CT_SU2011_ER_05 
"<quizás>"
	"quizás" Adverb ADV lang:es 00:00:21 00:00:28 tt-2183 OM039_1985_CT_SU2011_ER_05 @Prag:MarcadoresDisc:Probabilidad 
"<,>"
	"," Punctuation CM lang:es 00:00:21 00:00:28 tt-2184 OM039_1985_CT_SU2011_ER_05 
"<eh>"
	"eh" Noun NP Singular lang:es 00:00:21 00:00:28 tt-2185 OM039_1985_CT_SU2011_ER_05 
"<...>"
	"..." Punctuation DOTS lang:es 00:00:21 00:00:28 tt-2186 OM039_1985_CT_SU2011_ER_05 
"<al>"
	"al" Conjunction CSUBI lang:es 00:00:21 00:00:28 tt-2187 OM039_1985_CT_SU2011_ER_05 
"<,>"
	"," Punctuation CM lang:es 00:00:21 00:00:28 tt-2188 OM039_1985_CT_SU2011_ER_05 
"<al>"
	"al" Conjunction CSUBI lang:es 00:00:21 00:00:28 tt-2189 OM039_1985_CT_SU2011_ER_05 
"<reunirnos>"
	"reunir" Verb VLinf Infinitive lang:es 00:00:21 00:00:28 tt-2190 OM039_1985_CT_SU2011_ER_05 
"<cuando>"
	"cuando" Conjunction CSUBX lang:es 00:00:21 00:00:28 tt-2191 OM039_1985_CT_SU2011_ER_05 
"<estamos>"
	"estar" Verb VEfin Pres Indi Plural 1st lang:es 00:00:21 00:00:28 tt-2192 OM039_1985_CT_SU2011_ER_05 @Gram:SerEstar:Estar 
"<en>"
	"en" Preposition PREP lang:es 00:00:21 00:00:28 tt-2193 OM039_1985_CT_SU2011_ER_05 @Gram:Prep 
"<casa>"
	"casa" Noun NC Singular lang:es 00:00:21 00:00:28 tt-2194 OM039_1985_CT_SU2011_ER_05 
"<todos>"
	"todo" Determiner QU lang:es 00:00:21 00:00:28 tt-2195 OM039_1985_CT_SU2011_ER_05 
"<y>"
	"y" Other ALFS lang:es 00:00:21 00:00:28 tt-2196 OM039_1985_CT_SU2011_ER_05 
"<...>"
	"..." Punctuation DOTS lang:es 00:00:21 00:00:28 tt-2197 OM039_1985_CT_SU2011_ER_05 
"<y>"
	"y" Other ALFS lang:es 00:00:21 00:00:28 tt-2198 OM039_1985_CT_SU2011_ER_05 
"<lo>"
	"el" Determiner ART Singular lang:es 00:00:21 00:00:28 tt-2199 OM039_1985_CT_SU2011_ER_05 
"<primero>"
	"primero" Noun NC Singular lang:es 00:00:21 00:00:28 tt-2200 OM039_1985_CT_SU2011_ER_05 
"<que>"
	"que" Conjunction CQUE lang:es 00:00:21 00:00:28 tt-2201 OM039_1985_CT_SU2011_ER_05 
"<se>"
	"se" Other SE lang:es 00:00:31 00:00:37 tt-2202 OM039_1985_CT_SU2011_ER_05 @Gram:Pron:Otros 
"<nos>"
	"nosotros" Pronoun PPX Plural lang:es 00:00:31 00:00:37 tt-2203 OM039_1985_CT_SU2011_ER_05 @Gram:Pron:Objeto 
"<ocurre>"
	"ocurrir" Verb VLfin Pres Indi Sing 3rd lang:es 00:00:31 00:00:37 tt-2204 OM039_1985_CT_SU2011_ER_05 
"<es>"
	"ser" Verb VSfin Pres Indi Sing 3rd lang:es 00:00:31 00:00:37 tt-2205 OM039_1985_CT_SU2011_ER_05 @Gram:SerEstar:Ser 
"<tratar>"
	"tratar" Verb VLinf Infinitive lang:es 00:00:31 00:00:37 tt-2206 OM039_1985_CT_SU2011_ER_05 
"<de>"
	"de" Preposition PREP lang:es 00:00:31 00:00:37 tt-2207 OM039_1985_CT_SU2011_ER_05 @Gram:Prep 
"<hacer>"
	"hacer" Verb VLinf Infinitive lang:es 00:00:31 00:00:37 tt-2208 OM039_1985_CT_SU2011_ER_05 
"<alguna>"
	"alguno" Determiner QU lang:es 00:00:31 00:00:37 tt-2209 OM039_1985_CT_SU2011_ER_05 @Gram:Det:CuantIndef 
"<comida>"
	"comida" Noun NC Singular lang:es 00:00:31 00:00:37 tt-2210 OM039_1985_CT_SU2011_ER_05 
"<peruana>"
	"peruano" Adjective ADJ Singular lang:es 00:00:31 00:00:37 tt-2211 OM039_1985_CT_SU2011_ER_05 
"<,>"
	"," Punctuation CM lang:es 00:00:31 00:00:37 tt-2212 OM039_1985_CT_SU2011_ER_05 
"<eh>"
	"eh" Noun NP Singular lang:es 00:00:31 00:00:37 tt-2213 OM039_1985_CT_SU2011_ER_05 
"<...>"
	"..." Punctuation DOTS lang:es 00:00:31 00:00:37 tt-2214 OM039_1985_CT_SU2011_ER_05 
"<como>"
	"como" Conjunction CSUBX lang:es 00:00:31 00:00:37 tt-2215 OM039_1985_CT_SU2011_ER_05 
"<te>"
	"tú" Pronoun PPX Singular lang:es 00:00:31 00:00:37 tt-2216 OM039_1985_CT_SU2011_ER_05 @Gram:Pron:Objeto 
"<dije>"
	"decir" Verb VLfin Pret Indi Sing 1st lang:es 00:00:31 00:00:37 tt-2217 OM039_1985_CT_SU2011_ER_05 @Gram:Indefinido 
"<,>"
	"," Punctuation CM lang:es 00:00:31 00:00:37 tt-2218 OM039_1985_CT_SU2011_ER_05 
"<la>"
	"el" Determiner ART Singular Fem lang:es 00:00:31 00:00:37 tt-2219 OM039_1985_CT_SU2011_ER_05 @Gram:Det:Art 
"<comida>"
	"comida" Noun NC Singular lang:es 00:00:31 00:00:37 tt-2220 OM039_1985_CT_SU2011_ER_05 
"<peruana>"
	"peruano" Adjective ADJ Singular lang:es 00:00:31 00:00:37 tt-2221 OM039_1985_CT_SU2011_ER_05 
"<es>"
	"ser" Verb VSfin Pres Indi Sing 3rd lang:es 00:00:37 00:00:44 tt-2222 OM039_1985_CT_SU2011_ER_05 @Gram:SerEstar:Ser 
"<muy>"
	"muy" Adverb ADV lang:es 00:00:37 00:00:44 tt-2223 OM039_1985_CT_SU2011_ER_05 
"<rica>"
	"rico" Adjective ADJ Singular lang:es 00:00:37 00:00:44 tt-2224 OM039_1985_CT_SU2011_ER_05 
"<y>"
	"y" Conjunction CC lang:es 00:00:37 00:00:44 tt-2225 OM039_1985_CT_SU2011_ER_05 
"<...>"
	"..." Punctuation DOTS lang:es 00:00:37 00:00:44 tt-2226 OM039_1985_CT_SU2011_ER_05 
"<y>"
	"y" Conjunction CC lang:es 00:00:37 00:00:44 tt-2227 OM039_1985_CT_SU2011_ER_05 
"<eso>"
	"ese" Determiner DM Singular lang:es 00:00:37 00:00:44 tt-2228 OM039_1985_CT_SU2011_ER_05 
"<como>"
	"como" Adverb ADV lang:es 00:00:37 00:00:44 tt-2229 OM039_1985_CT_SU2011_ER_05 
"<que>"
	"que" Conjunction CQUE lang:es 00:00:37 00:00:44 tt-2230 OM039_1985_CT_SU2011_ER_05 
"<nos>"
	"nosotros" Pronoun PPX Plural lang:es 00:00:37 00:00:44 tt-2231 OM039_1985_CT_SU2011_ER_05 @Gram:Pron:Objeto 
"<une>"
	"unir" Verb VLfin Pres Indi Sing 3rd lang:es 00:00:37 00:00:44 tt-2232 OM039_1985_CT_SU2011_ER_05 
"<,>"
	"," Punctuation CM lang:es 00:00:37 00:00:44 tt-2233 OM039_1985_CT_SU2011_ER_05 
"<$¿>"
	"¿" Punctuation FS lang:es 00:00:37 00:00:44 tt-2234 OM039_1985_CT_SU2011_ER_05 
"<no>"
	"no" Adverb NEG lang:es 00:00:37 00:00:44 tt-2235 OM039_1985_CT_SU2011_ER_05 
"<$?>"
	"?" Punctuation FS lang:es 00:00:37 00:00:44 tt-2236 OM039_1985_CT_SU2011_ER_05 

"<El>"
	"el" Determiner ART Singular Masc lang:es 00:00:37 00:00:44 tt-2237 OM039_1985_CT_SU2011_ER_05 @Gram:Det:Art 
"<aspecto>"
	"aspecto" Noun NC Singular lang:es 00:00:37 00:00:44 tt-2238 OM039_1985_CT_SU2011_ER_05 
"<de>"
	"de" Preposition PREP lang:es 00:00:37 00:00:44 tt-2239 OM039_1985_CT_SU2011_ER_05 @Gram:Prep 
"<la>"
	"el" Determiner ART Singular Fem lang:es 00:00:37 00:00:44 tt-2240 OM039_1985_CT_SU2011_ER_05 @Gram:Det:Art 
"<familia>"
	"familia" Noun NC Singular lang:es 00:00:37 00:00:44 tt-2241 OM039_1985_CT_SU2011_ER_05 
"<es>"
	"ser" Verb VSfin Pres Indi Sing 3rd lang:es 00:00:37 00:00:44 tt-2242 OM039_1985_CT_SU2011_ER_05 @Gram:SerEstar:Ser 
"<bastante>"
	"bastante" Adverb ADV lang:es 00:00:37 00:00:44 tt-2243 OM039_1985_CT_SU2011_ER_05 
"<importante>"
	"importante" Adjective ADJ Singular lang:es 00:00:37 00:00:44 tt-2244 OM039_1985_CT_SU2011_ER_05 
"<para>"
	"para" Preposition PREP lang:es 00:00:44 00:00:51 tt-2245 OM039_1985_CT_SU2011_ER_05 @Gram:Prep:Para 
"<nosotros>"
	"nosotros" Pronoun PPX Plural lang:es 00:00:44 00:00:51 tt-2246 OM039_1985_CT_SU2011_ER_05 @Gram:Pron:Sujeto 
"<eh>"
	"eh" Noun NP Singular lang:es 00:00:44 00:00:51 tt-2247 OM039_1985_CT_SU2011_ER_05 
"<...>"
	"..." Punctuation DOTS lang:es 00:00:44 00:00:51 tt-2248 OM039_1985_CT_SU2011_ER_05 
"<y>"
	"y" Conjunction CC lang:es 00:00:44 00:00:51 tt-2249 OM039_1985_CT_SU2011_ER_05 
"<tratamos>"
	"tratar" Verb VLfin Pres_or_Pret Indi Plural 1st lang:es 00:00:44 00:00:51 tt-2250 OM039_1985_CT_SU2011_ER_05 
"<de>"
	"de" Conjunction CSUBI lang:es 00:00:44 00:00:51 tt-2251 OM039_1985_CT_SU2011_ER_05 
"<conservar>"
	"conservar" Verb VLinf Infinitive lang:es 00:00:44 00:00:51 tt-2252 OM039_1985_CT_SU2011_ER_05 
"<sobre>"
	"sobre" Adverb ADV lang:es 00:00:44 00:00:51 tt-2253 OM039_1985_CT_SU2011_ER_05 
"<todo>"
	"todo" Adverb ADV lang:es 00:00:44 00:00:51 tt-2254 OM039_1985_CT_SU2011_ER_05 
"<eso>"
	"ese" Determiner DM Singular lang:es 00:00:44 00:00:51 tt-2255 OM039_1985_CT_SU2011_ER_05 
"<,>"
	"," Punctuation CM lang:es 00:00:44 00:00:51 tt-2256 OM039_1985_CT_SU2011_ER_05 
"<la>"
	"el" Determiner ART Singular Fem lang:es 00:00:44 00:00:51 tt-2257 OM039_1985_CT_SU2011_ER_05 @Gram:Det:Art 
"<...>"
	"..." Punctuation DOTS lang:es 00:00:44 00:00:51 tt-2258 OM039_1985_CT_SU2011_ER_05 
"<la>"
	"el" Determiner ART Singular Fem lang:es 00:00:44 00:00:51 tt-2259 OM039_1985_CT_SU2011_ER_05 @Gram:Det:Art 
"<unión>"
	"unión" Noun NC Singular lang:es 00:00:44 00:00:51 tt-2260 OM039_1985_CT_SU2011_ER_05 
"<familiar>"
	"familiar" Adjective ADJ Singular lang:es 00:00:44 00:00:51 tt-2261 OM039_1985_CT_SU2011_ER_05 
"<y>"
	"y" Conjunction CC lang:es 00:00:44 00:00:51 tt-2262 OM039_1985_CT_SU2011_ER_05 
"<...>"
	"..." Punctuation DOTS lang:es 00:00:44 00:00:51 tt-2263 OM039_1985_CT_SU2011_ER_05 
"<y>"
	"y" Conjunction CC lang:es 00:00:44 00:00:51 tt-2264 OM039_1985_CT_SU2011_ER_05 
"<luego>"
	"luego" Adverb ADV lang:es 00:00:53 00:01:00 tt-2265 OM039_1985_CT_SU2011_ER_05 
"<ya>"
	"ya" Adverb ADV lang:es 00:00:53 00:01:00 tt-2266 OM039_1985_CT_SU2011_ER_05 
"<lo>"
	"el" Determiner ART Singular lang:es 00:00:53 00:01:00 tt-2267 OM039_1985_CT_SU2011_ER_05 ID:149 R:Gram:Det:DetCombi:150 
"<demás>"
	"demás" Determiner QU lang:es 00:00:53 00:01:00 tt-2268 OM039_1985_CT_SU2011_ER_05 ID:150 
"<cae>"
	"caer" Verb VLfin Pres Indi Sing 3rd lang:es 00:00:53 00:01:00 tt-2269 OM039_1985_CT_SU2011_ER_05 
"<por>"
	"por" Preposition PREP lang:es 00:00:53 00:01:00 tt-2270 OM039_1985_CT_SU2011_ER_05 @Gram:Prep:Por 
"<propio>"
	"propio" Adjective ADJ Singular lang:es 00:00:53 00:01:00 tt-2271 OM039_1985_CT_SU2011_ER_05 
"<peso>"
	"peso" Noun NC Singular lang:es 00:00:53 00:01:00 tt-2272 OM039_1985_CT_SU2011_ER_05 
"<porque>"
	"porque" Conjunction CSUBX lang:es 00:00:53 00:01:00 tt-2273 OM039_1985_CT_SU2011_ER_05 @Prag:MarcadoresDisc:Causa 
"<por>"
	"por" Preposition PREP lang:es 00:00:53 00:01:00 tt-2274 OM039_1985_CT_SU2011_ER_05 @Gram:Prep:Por ID:156 R:Prag:MarcadoresDisc:Igualdad:157 
"<ejemplo>"
	"ejemplo" Adverb ADV lang:es 00:00:53 00:01:00 tt-2275 OM039_1985_CT_SU2011_ER_05 ID:157 
"<el>"
	"el" Determiner ART Singular Masc lang:es 00:00:53 00:01:00 tt-2276 OM039_1985_CT_SU2011_ER_05 @Gram:Det:Art 
"<veintiocho>"
	"veintiocho" Determiner CARD Singular lang:es 00:00:53 00:01:00 tt-2277 OM039_1985_CT_SU2011_ER_05 
"<de>"
	"de" Preposition PREP lang:es 00:00:53 00:01:00 tt-2278 OM039_1985_CT_SU2011_ER_05 @Gram:Prep 
"<julio>"
	"julio" Noun NC Singular lang:es 00:00:53 00:01:00 tt-2279 OM039_1985_CT_SU2011_ER_05 
"<es>"
	"ser" Verb VSfin Pres Indi Sing 3rd lang:es 00:00:53 00:01:00 tt-2280 OM039_1985_CT_SU2011_ER_05 @Gram:SerEstar:Ser 
"<el>"
	"el" Determiner ART Singular Masc lang:es 00:00:53 00:01:00 tt-2281 OM039_1985_CT_SU2011_ER_05 @Gram:Det:Art ID:163 R:Gram:Genero:ExcepMasc:164 
"<día>"
	"día" Noun NC Singular lang:es 00:00:53 00:01:00 tt-2282 OM039_1985_CT_SU2011_ER_05 ID:164 
"<de>"
	"de" Preposition PREP lang:es 00:00:53 00:01:00 tt-2283 OM039_1985_CT_SU2011_ER_05 @Gram:Prep 
"<la>"
	"el" Determiner ART Singular Fem lang:es 00:00:53 00:01:00 tt-2284 OM039_1985_CT_SU2011_ER_05 @Gram:Det:Art 
"<independencia>"
	"independencia" Noun NC Singular lang:es 00:01:00 00:01:06 tt-2285 OM039_1985_CT_SU2011_ER_05 
"<,>"
	"," Punctuation CM lang:es 00:01:00 00:01:06 tt-2286 OM039_1985_CT_SU2011_ER_05 
"<el>"
	"el" Determiner ART Singular Masc lang:es 00:01:00 00:01:06 tt-2287 OM039_1985_CT_SU2011_ER_05 @Gram:Det:Art ID:169 R:Gram:Genero:ExcepMasc:170 
"<día>"
	"día" Noun NC Singular lang:es 00:01:00 00:01:06 tt-2288 OM039_1985_CT_SU2011_ER_05 ID:170 
"<más>"
	"más" Adverb ADV lang:es 00:01:00 00:01:06 tt-2289 OM039_1985_CT_SU2011_ER_05 
"<importante>"
	"importar" Verb VLadj lang:es 00:01:00 00:01:06 tt-2290 OM039_1985_CT_SU2011_ER_05 
"<a>"
	"a" Preposition PREP lang:es 00:01:00 00:01:06 tt-2291 OM039_1985_CT_SU2011_ER_05 @Gram:Prep 
"<nivel>"
	"nivel" Preposition PREP lang:es 00:01:00 00:01:06 tt-2292 OM039_1985_CT_SU2011_ER_05 @Gram:Prep 
"<de>"
	"de" Preposition PREP lang:es 00:01:00 00:01:06 tt-2293 OM039_1985_CT_SU2011_ER_05 @Gram:Prep 
"<Perú>"
	"Perú" Noun NP Singular lang:es 00:01:00 00:01:06 tt-2294 OM039_1985_CT_SU2011_ER_05 
"<,>"
	"," Punctuation CM lang:es 00:01:00 00:01:06 tt-2295 OM039_1985_CT_SU2011_ER_05 
"<el>"
	"el" Determiner ART Singular Masc lang:es 00:01:00 00:01:06 tt-2296 OM039_1985_CT_SU2011_ER_05 @Gram:Det:Art ID:178 R:Gram:Genero:ExcepMasc:179 
"<día>"
	"día" Noun NC Singular lang:es 00:01:00 00:01:06 tt-2297 OM039_1985_CT_SU2011_ER_05 ID:179 
"<de>"
	"de" Preposition PREP lang:es 00:01:00 00:01:06 tt-2298 OM039_1985_CT_SU2011_ER_05 @Gram:Prep 
"<la>"
	"el" Determiner ART Singular Fem lang:es 00:01:00 00:01:06 tt-2299 OM039_1985_CT_SU2011_ER_05 @Gram:Det:Art 
"<patria>"
	"patria" Noun NC Singular lang:es 00:01:00 00:01:06 tt-2300 OM039_1985_CT_SU2011_ER_05 
"<en>"
	"en" Preposition PREP lang:es 00:01:00 00:01:06 tt-2301 OM039_1985_CT_SU2011_ER_05 @Gram:Prep 
"<Perú>"
	"Perú" Noun NP Singular lang:es 00:01:00 00:01:06 tt-2302 OM039_1985_CT_SU2011_ER_05 
"<,>"
	"," Punctuation CM lang:es 00:01:00 00:01:06 tt-2303 OM039_1985_CT_SU2011_ER_05 
"<pero>"
	"pero" Conjunction CCAD lang:es 00:01:00 00:01:06 tt-2304 OM039_1985_CT_SU2011_ER_05 @Prag:MarcadoresDisc:Revision 
"<no>"
	"no" Adverb NEG lang:es 00:01:06 00:01:10 tt-2305 OM039_1985_CT_SU2011_ER_05 
"<nos>"
	"nosotros" Pronoun PPX Plural lang:es 00:01:06 00:01:10 tt-2306 OM039_1985_CT_SU2011_ER_05 @Gram:Pron:Objeto 
"<podemos>"
	"podar|poder" Verb VLfin Pres Indi Plural 1st lang:es 00:01:06 00:01:10 tt-2307 OM039_1985_CT_SU2011_ER_05 
"<reunir>"
	"reunir" Verb VLinf Infinitive lang:es 00:01:06 00:01:10 tt-2308 OM039_1985_CT_SU2011_ER_05 
"<por>"
	"por" Preposition PREP lang:es 00:01:06 00:01:10 tt-2309 OM039_1985_CT_SU2011_ER_05 @Gram:Prep:Por ID:191 R:Prag:MarcadoresDisc:Igualdad:192 
"<ejemplo>"
	"ejemplo" Adverb ADV lang:es 00:01:06 00:01:10 tt-2310 OM039_1985_CT_SU2011_ER_05 ID:192 
"<porque>"
	"porque" Conjunction CSUBX lang:es 00:01:06 00:01:10 tt-2311 OM039_1985_CT_SU2011_ER_05 @Prag:MarcadoresDisc:Causa 
"<algunos>"
	"alguno" Determiner QU lang:es 00:01:06 00:01:10 tt-2312 OM039_1985_CT_SU2011_ER_05 @Gram:Det:CuantIndef 
"<de>"
	"de" Preposition PREP lang:es 00:01:06 00:01:10 tt-2313 OM039_1985_CT_SU2011_ER_05 @Gram:Prep 
"<mis>"
	"mío" Pronoun PPO Plural lang:es 00:01:06 00:01:10 tt-2314 OM039_1985_CT_SU2011_ER_05 @Gram:Det:Pos 
"<hermanos>"
	"hermano" Noun NC Plural lang:es 00:01:06 00:01:10 tt-2315 OM039_1985_CT_SU2011_ER_05 
"<tienen>"
	"tener" Verb VMfin lang:es 00:01:06 00:01:10 tt-2316 OM039_1985_CT_SU2011_ER_05 
"<que>"
	"que" Verb VMfin lang:es 00:01:06 00:01:10 tt-2317 OM039_1985_CT_SU2011_ER_05 
"<trabajar>"
	"trabajar" Verb VLinf Infinitive lang:es 00:01:06 00:01:10 tt-2318 OM039_1985_CT_SU2011_ER_05 
"<,>"
	"," Punctuation CM lang:es 00:01:06 00:01:10 tt-2319 OM039_1985_CT_SU2011_ER_05 
"<y>"
	"y" Conjunction CC lang:es 00:01:06 00:01:10 tt-2320 OM039_1985_CT_SU2011_ER_05 
"<mi>"
	"mío" Pronoun PPO Singular lang:es 00:01:06 00:01:10 tt-2321 OM039_1985_CT_SU2011_ER_05 @Gram:Det:Pos 
"<mamá>"
	"mamá" Noun NC Singular lang:es 00:01:06 00:01:10 tt-2322 OM039_1985_CT_SU2011_ER_05 
"<tiene>"
	"tener" Verb VMfin lang:es 00:01:10 00:01:17 tt-2323 OM039_1985_CT_SU2011_ER_05 
"<que>"
	"que" Verb VMfin lang:es 00:01:10 00:01:17 tt-2324 OM039_1985_CT_SU2011_ER_05 
"<trabajar>"
	"trabajar" Verb VLinf Infinitive lang:es 00:01:10 00:01:17 tt-2325 OM039_1985_CT_SU2011_ER_05 
"<,>"
	"," Punctuation CM lang:es 00:01:10 00:01:17 tt-2326 OM039_1985_CT_SU2011_ER_05 
"<entonces>"
	"entonces" Adverb ADV lang:es 00:01:10 00:01:17 tt-2327 OM039_1985_CT_SU2011_ER_05 
"<no>"
	"no" Adverb NEG lang:es 00:01:10 00:01:17 tt-2328 OM039_1985_CT_SU2011_ER_05 
"<es>"
	"ser" Verb VSfin Pres Indi Sing 3rd lang:es 00:01:10 00:01:17 tt-2329 OM039_1985_CT_SU2011_ER_05 @Gram:SerEstar:Ser 
"<que>"
	"que" Conjunction CQUE lang:es 00:01:10 00:01:17 tt-2330 OM039_1985_CT_SU2011_ER_05 
"<no>"
	"no" Adverb NEG lang:es 00:01:10 00:01:17 tt-2331 OM039_1985_CT_SU2011_ER_05 
"<queramos>"
	"querer" Verb VLfin Pres Subj Plural 1st lang:es 00:01:10 00:01:17 tt-2332 OM039_1985_CT_SU2011_ER_05 @Gram:MSub:Pres 
"<sino>"
	"sino" Conjunction CCAD lang:es 00:01:10 00:01:17 tt-2333 OM039_1985_CT_SU2011_ER_05 
"<que>"
	"que" Conjunction CQUE lang:es 00:01:10 00:01:17 tt-2334 OM039_1985_CT_SU2011_ER_05 
"<a>"
	"a" Adverb ADV lang:es 00:01:10 00:01:17 tt-2335 OM039_1985_CT_SU2011_ER_05 
"<veces>"
	"veces" Adverb ADV lang:es 00:01:10 00:01:17 tt-2336 OM039_1985_CT_SU2011_ER_05 
"<el>"
	"el" Determiner ART Singular Masc lang:es 00:01:10 00:01:17 tt-2337 OM039_1985_CT_SU2011_ER_05 @Gram:Det:Art 
"<tiempo>"
	"tiempo" Noun NC Singular lang:es 00:01:10 00:01:17 tt-2338 OM039_1985_CT_SU2011_ER_05 
"<no>"
	"no" Adverb NEG lang:es 00:01:10 00:01:17 tt-2339 OM039_1985_CT_SU2011_ER_05 
"<se>"
	"se" Other SE lang:es 00:01:10 00:01:17 tt-2340 OM039_1985_CT_SU2011_ER_05 
"<da>"
	"dar" Verb VLfin Pres Indi Sing 3rd lang:es 00:01:17 00:01:17 tt-2341 OM039_1985_CT_SU2011_ER_05 
"<$.>"
	"." Punctuation FS lang:es 00:01:17 00:01:17 tt-2342 OM039_1985_CT_SU2011_ER_05 
</speaker>
</text>

