<text id="OM075_1959_SA_SU2012_JB_06">
<speaker type="int">
"<Aha>"
	"aha" Noun NP Singular lang:es 00:00:00 00:00:07 tt-2815 OM075_1959_SA_SU2012_JB_06 
"<$.>"
	"." Punctuation FS lang:es 00:00:00 00:00:07 tt-2816 OM075_1959_SA_SU2012_JB_06 

"<$¿>"
	"¿" Punctuation FS lang:es 00:00:00 00:00:07 tt-2817 OM075_1959_SA_SU2012_JB_06 
"<Y>"
	"y" Conjunction CC lang:es 00:00:00 00:00:07 tt-2818 OM075_1959_SA_SU2012_JB_06 
"<hay>"
	"haber" Verb VHfin Pres Indi Sing 3rd lang:es 00:00:00 00:00:07 tt-2819 OM075_1959_SA_SU2012_JB_06 @Gram:Haber:Exist 
"<dialectos>"
	"dialecto" Noun NC Plural lang:es 00:00:00 00:00:07 tt-2820 OM075_1959_SA_SU2012_JB_06 
"<distintos>"
	"distinto" Adjective ADJ Plural lang:es 00:00:00 00:00:07 tt-2821 OM075_1959_SA_SU2012_JB_06 
"<del>"
	"del" Preposition PDEL lang:es 00:00:00 00:00:07 tt-2822 OM075_1959_SA_SU2012_JB_06 @Gram:Prep 
"<español>"
	"español" Noun NC Singular lang:es 00:00:00 00:00:07 tt-2823 OM075_1959_SA_SU2012_JB_06 
"<que>"
	"que" Conjunction CQUE lang:es 00:00:00 00:00:07 tt-2824 OM075_1959_SA_SU2012_JB_06 
"<se>"
	"se" Other SE lang:es 00:00:00 00:00:07 tt-2825 OM075_1959_SA_SU2012_JB_06 
"<hablan>"
	"hablar" Verb VLfin Pres Indi Plural 3rd lang:es 00:00:00 00:00:07 tt-2826 OM075_1959_SA_SU2012_JB_06 ID:12 R:Vocab:Fraseol:VerbPrep:13 
"<en>"
	"en" Preposition PREP lang:es 00:00:00 00:00:07 tt-2827 OM075_1959_SA_SU2012_JB_06 @Gram:Prep ID:13 
"<Tejas>"
	"UNK" Noun NP Plural lang:es 00:00:00 00:00:07 tt-2828 OM075_1959_SA_SU2012_JB_06 
"<$?>"
	"?" Punctuation FS lang:es 00:00:00 00:00:07 tt-2829 OM075_1959_SA_SU2012_JB_06 
</speaker>
<speaker type="subj">

"<Yo>"
	"yo" Pronoun PPX Singular lang:es 00:00:07 00:00:14 tt-2830 OM075_1959_SA_SU2012_JB_06 @Gram:Pron:Sujeto 
"<no>"
	"no" Adverb NEG lang:es 00:00:07 00:00:14 tt-2831 OM075_1959_SA_SU2012_JB_06 
"<diría>"
	"decir" Verb VLfin Cond Indi Sing 1st_or_3rd lang:es 00:00:07 00:00:14 tt-2832 OM075_1959_SA_SU2012_JB_06 
"<dialecto>"
	"dialecto" Noun NC Singular lang:es 00:00:07 00:00:14 tt-2833 OM075_1959_SA_SU2012_JB_06 
"<porque>"
	"porque" Conjunction CSUBX lang:es 00:00:07 00:00:14 tt-2834 OM075_1959_SA_SU2012_JB_06 @Prag:MarcadoresDisc:Causa 
"<dialecto>"
	"dialecto" Noun NC Singular lang:es 00:00:07 00:00:14 tt-2835 OM075_1959_SA_SU2012_JB_06 
"<ya>"
	"ya" Adverb ADV lang:es 00:00:07 00:00:14 tt-2836 OM075_1959_SA_SU2012_JB_06 
"<es>"
	"ser" Verb VSfin Pres Indi Sing 3rd lang:es 00:00:07 00:00:14 tt-2837 OM075_1959_SA_SU2012_JB_06 @Gram:SerEstar:Ser 
"<como>"
	"como" Adverb ADV lang:es 00:00:07 00:00:14 tt-2838 OM075_1959_SA_SU2012_JB_06 
"<una>"
	"un" Determiner ART Singular lang:es 00:00:07 00:00:14 tt-2839 OM075_1959_SA_SU2012_JB_06 
"<subdivisión>"
	"subdivisión" Noun NC Singular lang:es 00:00:07 00:00:14 tt-2840 OM075_1959_SA_SU2012_JB_06 
"<de>"
	"de" Preposition PREP lang:es 00:00:07 00:00:14 tt-2841 OM075_1959_SA_SU2012_JB_06 @Gram:Prep 
"<un>"
	"un" Determiner ART Singular lang:es 00:00:07 00:00:14 tt-2842 OM075_1959_SA_SU2012_JB_06 ID:28 R:Gram:Genero:ExcepMasc:29 
"<idioma>"
	"idioma" Noun NC Singular lang:es 00:00:07 00:00:14 tt-2843 OM075_1959_SA_SU2012_JB_06 ID:29 
"<$.>"
	"." Punctuation FS lang:es 00:00:07 00:00:14 tt-2844 OM075_1959_SA_SU2012_JB_06 

"<No>"
	"no" Adverb NEG lang:es 00:00:14 00:00:21 tt-2845 OM075_1959_SA_SU2012_JB_06 
"<es>"
	"ser" Verb VSfin Pres Indi Sing 3rd lang:es 00:00:14 00:00:21 tt-2846 OM075_1959_SA_SU2012_JB_06 @Gram:SerEstar:Ser 
"<un>"
	"un" Determiner ART Singular lang:es 00:00:14 00:00:21 tt-2847 OM075_1959_SA_SU2012_JB_06 
"<dialecto>"
	"dialecto" Noun NC Singular lang:es 00:00:14 00:00:21 tt-2848 OM075_1959_SA_SU2012_JB_06 
"<$.>"
	"." Punctuation FS lang:es 00:00:14 00:00:21 tt-2849 OM075_1959_SA_SU2012_JB_06 

"<Es>"
	"ser" Verb VSfin Pres Indi Sing 3rd lang:es 00:00:14 00:00:21 tt-2850 OM075_1959_SA_SU2012_JB_06 @Gram:SerEstar:Ser 
"<slang>"
	"UNK" Noun NC Singular lang:es 00:00:14 00:00:21 tt-2851 OM075_1959_SA_SU2012_JB_06 
"<,>"
	"," Punctuation CM lang:es 00:00:14 00:00:21 tt-2852 OM075_1959_SA_SU2012_JB_06 
"<diría>"
	"decir" Verb VLfin Cond Indi Sing 1st_or_3rd lang:es 00:00:14 00:00:21 tt-2853 OM075_1959_SA_SU2012_JB_06 
"<yo>"
	"yo" Pronoun PPX Singular lang:es 00:00:14 00:00:21 tt-2854 OM075_1959_SA_SU2012_JB_06 @Gram:Pron:Sujeto 
"<$.>"
	"." Punctuation FS lang:es 00:00:14 00:00:21 tt-2855 OM075_1959_SA_SU2012_JB_06 

"<Porque>"
	"porque" Conjunction CSUBX lang:es 00:00:14 00:00:21 tt-2856 OM075_1959_SA_SU2012_JB_06 @Prag:MarcadoresDisc:Causa 
"<cuando>"
	"cuando" Conjunction CSUBX lang:es 00:00:14 00:00:21 tt-2857 OM075_1959_SA_SU2012_JB_06 
"<tú>"
	"tú" Pronoun PPX Singular lang:es 00:00:14 00:00:21 tt-2858 OM075_1959_SA_SU2012_JB_06 @Gram:Pron:Sujeto 
"<,>"
	"," Punctuation CM lang:es 00:00:14 00:00:21 tt-2859 OM075_1959_SA_SU2012_JB_06 
"<cuando>"
	"cuando" Conjunction CSUBX lang:es 00:00:14 00:00:21 tt-2860 OM075_1959_SA_SU2012_JB_06 
"<tú>"
	"tú" Pronoun PPX Singular lang:es 00:00:14 00:00:21 tt-2861 OM075_1959_SA_SU2012_JB_06 @Gram:Pron:Sujeto 
"<intercambias>"
	"UNK" Verb VLfin Pres Indi Sing 2nd lang:es 00:00:14 00:00:21 tt-2862 OM075_1959_SA_SU2012_JB_06 
"<el>"
	"el" Determiner ART Singular Masc lang:es 00:00:14 00:00:21 tt-2863 OM075_1959_SA_SU2012_JB_06 @Gram:Det:Art 
"<español>"
	"español" Noun NC Singular lang:es 00:00:14 00:00:21 tt-2864 OM075_1959_SA_SU2012_JB_06 
"<y>"
	"y" Conjunction CC lang:es 00:00:14 00:00:21 tt-2865 OM075_1959_SA_SU2012_JB_06 
"<el>"
	"el" Determiner ART Singular Masc lang:es 00:00:14 00:00:21 tt-2866 OM075_1959_SA_SU2012_JB_06 @Gram:Det:Art 
"<inglés>"
	"inglés" Noun NC Plural lang:es 00:00:14 00:00:21 tt-2867 OM075_1959_SA_SU2012_JB_06 
"<y>"
	"y" Conjunction CC lang:es 00:00:23 00:00:30 tt-2868 OM075_1959_SA_SU2012_JB_06 
"<le>"
	"él" Pronoun PPC Singular lang:es 00:00:23 00:00:30 tt-2869 OM075_1959_SA_SU2012_JB_06 @Gram:Pron:Objeto 
"<das>"
	"dar" Verb VLfin Pres Indi Sing 2nd lang:es 00:00:23 00:00:30 tt-2870 OM075_1959_SA_SU2012_JB_06 
"<modismos>"
	"UNK" Noun NC Plural lang:es 00:00:23 00:00:30 tt-2871 OM075_1959_SA_SU2012_JB_06 
"<de>"
	"de" Preposition PREP lang:es 00:00:23 00:00:30 tt-2872 OM075_1959_SA_SU2012_JB_06 @Gram:Prep 
"<slang>"
	"UNK" Noun NC Singular lang:es 00:00:23 00:00:30 tt-2873 OM075_1959_SA_SU2012_JB_06 
"<que>"
	"que" Conjunction CQUE lang:es 00:00:23 00:00:30 tt-2874 OM075_1959_SA_SU2012_JB_06 
"<no>"
	"no" Adverb NEG lang:es 00:00:23 00:00:30 tt-2875 OM075_1959_SA_SU2012_JB_06 
"<existen>"
	"existir" Verb VLfin Pres Indi Plural 3rd lang:es 00:00:23 00:00:30 tt-2876 OM075_1959_SA_SU2012_JB_06 
"<realmente>"
	"realmente" Adverb ADV lang:es 00:00:23 00:00:30 tt-2877 OM075_1959_SA_SU2012_JB_06 
"<en>"
	"en" Preposition PREP lang:es 00:00:23 00:00:30 tt-2878 OM075_1959_SA_SU2012_JB_06 @Gram:Prep 
"<la>"
	"el" Determiner ART Singular Fem lang:es 00:00:23 00:00:30 tt-2879 OM075_1959_SA_SU2012_JB_06 @Gram:Det:Art 
"<Real>"
	"UNK" Noun NP Singular lang:es 00:00:23 00:00:30 tt-2880 OM075_1959_SA_SU2012_JB_06 
"<Academia>"
	"UNK" Verb VLfin Pres Indi Sing 3rd lang:es 00:00:23 00:00:30 tt-2881 OM075_1959_SA_SU2012_JB_06 
"<de>"
	"de" Preposition PREP lang:es 00:00:23 00:00:30 tt-2882 OM075_1959_SA_SU2012_JB_06 @Gram:Prep 
"<,>"
	"," Punctuation CM lang:es 00:00:23 00:00:30 tt-2883 OM075_1959_SA_SU2012_JB_06 
"<de>"
	"de" Preposition PREP lang:es 00:00:23 00:00:30 tt-2884 OM075_1959_SA_SU2012_JB_06 @Gram:Prep 
"<vocabulario>"
	"vocabulario" Noun NC Singular lang:es 00:00:23 00:00:30 tt-2885 OM075_1959_SA_SU2012_JB_06 
"<,>"
	"," Punctuation CM lang:es 00:00:23 00:00:30 tt-2886 OM075_1959_SA_SU2012_JB_06 
"<básicamente>"
	"básicamente" Adverb ADV lang:es 00:00:31 00:00:38 tt-2887 OM075_1959_SA_SU2012_JB_06 
"<aquí>"
	"aquí" Adverb ADV lang:es 00:00:31 00:00:38 tt-2888 OM075_1959_SA_SU2012_JB_06 
"<es>"
	"ser" Verb VSfin Pres Indi Sing 3rd lang:es 00:00:31 00:00:38 tt-2889 OM075_1959_SA_SU2012_JB_06 @Gram:SerEstar:Ser 
"<uno>"
	"uno" Determiner CARD Singular lang:es 00:00:31 00:00:38 tt-2890 OM075_1959_SA_SU2012_JB_06 @Gram:Pron:Sujeto 
"<solo>"
	"solo" Adjective ADJ Singular lang:es 00:00:31 00:00:38 tt-2891 OM075_1959_SA_SU2012_JB_06 
"<$.>"
	"." Punctuation FS lang:es 00:00:31 00:00:38 tt-2892 OM075_1959_SA_SU2012_JB_06 

"<O>"
	"o" Adverb ADV lang:es 00:00:31 00:00:38 tt-2893 OM075_1959_SA_SU2012_JB_06 ID:79 R:Prag:MarcadoresDisc:Igualdad:80 
"<sea>"
	"sea" Adverb ADV lang:es 00:00:31 00:00:38 tt-2894 OM075_1959_SA_SU2012_JB_06 ID:80 
"<si>"
	"si" Conjunction CSUBX lang:es 00:00:31 00:00:38 tt-2895 OM075_1959_SA_SU2012_JB_06 
"<estás>"
	"estar" Verb VEfin Pres Indi Sing 2nd lang:es 00:00:31 00:00:38 tt-2896 OM075_1959_SA_SU2012_JB_06 @Gram:SerEstar:Estar 
"<entre>"
	"entre" Preposition PREP lang:es 00:00:31 00:00:38 tt-2897 OM075_1959_SA_SU2012_JB_06 @Gram:Prep 
"<la>"
	"el" Determiner ART Singular Fem lang:es 00:00:31 00:00:38 tt-2898 OM075_1959_SA_SU2012_JB_06 @Gram:Det:Art 
"<frontera>"
	"frontera" Noun NC Singular lang:es 00:00:31 00:00:38 tt-2899 OM075_1959_SA_SU2012_JB_06 
"<por>"
	"por" Preposition PREP lang:es 00:00:31 00:00:38 tt-2900 OM075_1959_SA_SU2012_JB_06 @Gram:Prep:Por 
"<decirte>"
	"decir" Verb VLinf Pres Indi Sing 3rd lang:es 00:00:31 00:00:38 tt-2901 OM075_1959_SA_SU2012_JB_06 
"<de>"
	"de" Preposition PREP lang:es 00:00:31 00:00:38 tt-2902 OM075_1959_SA_SU2012_JB_06 @Gram:Prep 
"<Río>"
	"UNK" Adjective ADJ Singular lang:es 00:00:31 00:00:38 tt-2903 OM075_1959_SA_SU2012_JB_06 
"<Grande>"
	"UNK" Noun NC Singular lang:es 00:00:31 00:00:38 tt-2904 OM075_1959_SA_SU2012_JB_06 
"<hasta>"
	"hasta" Preposition PREP lang:es 00:00:38 00:00:45 tt-2905 OM075_1959_SA_SU2012_JB_06 @Gram:Prep 
"<El>"
	"el" Determiner ART Singular Masc lang:es 00:00:38 00:00:45 tt-2906 OM075_1959_SA_SU2012_JB_06 @Gram:Det:Art ID:92 R:Vocab:Entities:Geo:93 
"<Paso>"
	"paso" Noun NC Singular lang:es 00:00:38 00:00:45 tt-2907 OM075_1959_SA_SU2012_JB_06 ID:93 
"<,>"
	"," Punctuation CM lang:es 00:00:38 00:00:45 tt-2908 OM075_1959_SA_SU2012_JB_06 
<lang code="en">
"<Texas>"
	"Texas" Noun NP Plural lang:en 00:00:38 00:00:45 tt-2909 OM075_1959_SA_SU2012_JB_06 
</lang>
"<,>"
	"," Punctuation CM lang:es 00:00:38 00:00:45 tt-2910 OM075_1959_SA_SU2012_JB_06 
"<te>"
	"tú" Pronoun PPX Singular lang:es 00:00:38 00:00:45 tt-2911 OM075_1959_SA_SU2012_JB_06 @Gram:Pron:Objeto 
"<comunicas>"
	"comunicar" Verb VLfin Pres Indi Sing 2nd lang:es 00:00:38 00:00:45 tt-2912 OM075_1959_SA_SU2012_JB_06 
"<con>"
	"con" Preposition PREP lang:es 00:00:38 00:00:45 tt-2913 OM075_1959_SA_SU2012_JB_06 @Gram:Prep 
"<,>"
	"," Punctuation CM lang:es 00:00:38 00:00:45 tt-2914 OM075_1959_SA_SU2012_JB_06 
"<con>"
	"con" Preposition PREP lang:es 00:00:38 00:00:45 tt-2915 OM075_1959_SA_SU2012_JB_06 @Gram:Prep 
"<gente>"
	"gente" Noun NC Singular lang:es 00:00:38 00:00:45 tt-2916 OM075_1959_SA_SU2012_JB_06 
<lang code="en">
"<local>"
	"local" Adjective JJ lang:en 00:00:38 00:00:45 tt-2917 OM075_1959_SA_SU2012_JB_06 
</lang>
"<,>"
	"," Punctuation CM lang:es 00:00:38 00:00:45 tt-2918 OM075_1959_SA_SU2012_JB_06 
"<básicamente>"
	"básicamente" Adverb ADV lang:es 00:00:38 00:00:45 tt-2919 OM075_1959_SA_SU2012_JB_06 
"<te>"
	"tú" Pronoun PPX Singular lang:es 00:00:38 00:00:45 tt-2920 OM075_1959_SA_SU2012_JB_06 @Gram:Pron:Objeto 
"<hablan>"
	"hablar" Verb VLfin Pres Indi Plural 3rd lang:es 00:00:38 00:00:45 tt-2921 OM075_1959_SA_SU2012_JB_06 ID:107 R:Vocab:Fraseol:VerbPrep:111 
"<,>"
	"," Punctuation CM lang:es 00:00:38 00:00:45 tt-2922 OM075_1959_SA_SU2012_JB_06 
"<básicamente>"
	"básicamente" Adverb ADV lang:es 00:00:38 00:00:45 tt-2923 OM075_1959_SA_SU2012_JB_06 
"<cincuenta>"
	"cincuenta" Determiner CARD Singular lang:es 00:00:38 00:00:45 tt-2924 OM075_1959_SA_SU2012_JB_06 
"<por>"
	"por" Preposition PREP lang:es 00:00:38 00:00:45 tt-2925 OM075_1959_SA_SU2012_JB_06 @Gram:Prep:Por ID:111 
"<ciento>"
	"ciento" Determiner CARD Singular lang:es 00:00:38 00:00:45 tt-2926 OM075_1959_SA_SU2012_JB_06 
"<inglés>"
	"inglés" Noun NC Plural lang:es 00:00:38 00:00:45 tt-2927 OM075_1959_SA_SU2012_JB_06 
"<$.>"
	"." Punctuation FS lang:es 00:00:38 00:00:45 tt-2928 OM075_1959_SA_SU2012_JB_06 

"<O>"
	"o" Conjunction CC lang:es 00:00:48 00:00:55 tt-2929 OM075_1959_SA_SU2012_JB_06 
"<a>"
	"a" Preposition PREP lang:es 00:00:48 00:00:55 tt-2930 OM075_1959_SA_SU2012_JB_06 @Gram:Prep 
"<medida>"
	"medida" Noun NC Singular lang:es 00:00:48 00:00:55 tt-2931 OM075_1959_SA_SU2012_JB_06 
"<de>"
	"de" Preposition PREP lang:es 00:00:48 00:00:55 tt-2932 OM075_1959_SA_SU2012_JB_06 @Gram:Prep 
"<que>"
	"que" Conjunction CQUE lang:es 00:00:48 00:00:55 tt-2933 OM075_1959_SA_SU2012_JB_06 
"<la>"
	"el" Determiner ART Singular Fem lang:es 00:00:48 00:00:55 tt-2934 OM075_1959_SA_SU2012_JB_06 @Gram:Det:Art 
"<palabra>"
	"palabra" Noun NC Singular lang:es 00:00:48 00:00:55 tt-2935 OM075_1959_SA_SU2012_JB_06 
"<sea>"
	"ser" Verb VSfin Pres Subj Sing 1st_or_3rd lang:es 00:00:48 00:00:55 tt-2936 OM075_1959_SA_SU2012_JB_06 @Gram:MSub:Pres @Gram:SerEstar:Ser 
"<más>"
	"más" Adverb ADV lang:es 00:00:48 00:00:55 tt-2937 OM075_1959_SA_SU2012_JB_06 
"<fácil>"
	"fácil" Adjective ADJ Singular lang:es 00:00:48 00:00:55 tt-2938 OM075_1959_SA_SU2012_JB_06 
"<esa>"
	"ese" Determiner DM Singular lang:es 00:00:48 00:00:55 tt-2939 OM075_1959_SA_SU2012_JB_06 
"<es>"
	"ser" Verb VSfin Pres Indi Sing 3rd lang:es 00:00:48 00:00:55 tt-2940 OM075_1959_SA_SU2012_JB_06 @Gram:SerEstar:Ser 
"<lo>"
	"el" Determiner ART Singular lang:es 00:00:48 00:00:55 tt-2941 OM075_1959_SA_SU2012_JB_06 
"<que>"
	"que" Conjunction CQUE lang:es 00:00:48 00:00:55 tt-2942 OM075_1959_SA_SU2012_JB_06 
"<va>"
	"ir" Verb VLfin Pres Indi Sing 3rd lang:es 00:00:48 00:00:55 tt-2943 OM075_1959_SA_SU2012_JB_06 
"<en>"
	"en" Preposition PREP lang:es 00:00:48 00:00:55 tt-2944 OM075_1959_SA_SU2012_JB_06 @Gram:Prep 
"<inglés>"
	"inglés" Noun NC Plural lang:es 00:00:48 00:00:55 tt-2945 OM075_1959_SA_SU2012_JB_06 
"<o>"
	"o" Conjunction CC lang:es 00:00:48 00:00:55 tt-2946 OM075_1959_SA_SU2012_JB_06 
"<en>"
	"en" Preposition PREP lang:es 00:00:48 00:00:55 tt-2947 OM075_1959_SA_SU2012_JB_06 @Gram:Prep 
"<español>"
	"español" Noun NC Singular lang:es 00:00:48 00:00:55 tt-2948 OM075_1959_SA_SU2012_JB_06 
"<$.>"
	"." Punctuation FS lang:es 00:00:48 00:00:55 tt-2949 OM075_1959_SA_SU2012_JB_06 
</speaker>
<speaker type="int">

"<$¿>"
	"¿" Punctuation FS lang:es 00:00:55 00:01:00 tt-2950 OM075_1959_SA_SU2012_JB_06 
"<Y>"
	"y" Conjunction CC lang:es 00:00:55 00:01:00 tt-2951 OM075_1959_SA_SU2012_JB_06 
"<hay>"
	"haber" Verb VHfin Pres Indi Sing 3rd lang:es 00:00:55 00:01:00 tt-2952 OM075_1959_SA_SU2012_JB_06 @Gram:Haber:Exist 
"<palabras>"
	"palabra" Noun NC Plural lang:es 00:00:55 00:01:00 tt-2953 OM075_1959_SA_SU2012_JB_06 
"<o>"
	"o" Conjunction CC lang:es 00:00:55 00:01:00 tt-2954 OM075_1959_SA_SU2012_JB_06 
"<expresiones>"
	"expresión" Noun NC Plural lang:es 00:00:55 00:01:00 tt-2955 OM075_1959_SA_SU2012_JB_06 
"<que>"
	"que" Conjunction CQUE lang:es 00:00:55 00:01:00 tt-2956 OM075_1959_SA_SU2012_JB_06 
"<usas>"
	"usar" Verb VLfin Pres Indi Sing 2nd lang:es 00:00:55 00:01:00 tt-2957 OM075_1959_SA_SU2012_JB_06 
"<solo>"
	"solo" Adjective ADJ Singular lang:es 00:00:55 00:01:00 tt-2958 OM075_1959_SA_SU2012_JB_06 
"<en>"
	"en" Preposition PREP lang:es 00:00:55 00:01:00 tt-2959 OM075_1959_SA_SU2012_JB_06 @Gram:Prep 
"<español>"
	"español" Noun NC Singular lang:es 00:00:55 00:01:00 tt-2960 OM075_1959_SA_SU2012_JB_06 
"<o>"
	"o" Conjunction CC lang:es 00:00:55 00:01:00 tt-2961 OM075_1959_SA_SU2012_JB_06 
"<en>"
	"en" Preposition PREP lang:es 00:00:55 00:01:00 tt-2962 OM075_1959_SA_SU2012_JB_06 @Gram:Prep 
"<inglés>"
	"inglés" Noun NC Plural lang:es 00:00:55 00:01:00 tt-2963 OM075_1959_SA_SU2012_JB_06 
"<$?>"
	"?" Punctuation FS lang:es 00:00:55 00:01:00 tt-2964 OM075_1959_SA_SU2012_JB_06 
</speaker>
<speaker type="subj">

"<Sí>"
	"sí" Adverb ADV lang:es 00:01:00 00:01:07 tt-2965 OM075_1959_SA_SU2012_JB_06 
"<hay>"
	"haber" Verb VHfin Pres Indi Sing 3rd lang:es 00:01:00 00:01:07 tt-2966 OM075_1959_SA_SU2012_JB_06 @Gram:Haber:Exist 
"<$.>"
	"." Punctuation FS lang:es 00:01:00 00:01:07 tt-2967 OM075_1959_SA_SU2012_JB_06 

"<Hay>"
	"haber" Verb VHfin Pres Indi Sing 3rd lang:es 00:01:00 00:01:07 tt-2968 OM075_1959_SA_SU2012_JB_06 @Gram:Haber:Exist 
"<expresiones>"
	"expresión" Noun NC Plural lang:es 00:01:00 00:01:07 tt-2969 OM075_1959_SA_SU2012_JB_06 
"<de>"
	"de" Preposition PREP lang:es 00:01:00 00:01:07 tt-2970 OM075_1959_SA_SU2012_JB_06 @Gram:Prep 
"<slang>"
	"UNK" Noun NC Singular lang:es 00:01:00 00:01:07 tt-2971 OM075_1959_SA_SU2012_JB_06 
"<que>"
	"que" Conjunction CQUE lang:es 00:01:00 00:01:07 tt-2972 OM075_1959_SA_SU2012_JB_06 
"<son>"
	"ser" Verb VSfin Pres Indi Plural 3rd lang:es 00:01:00 00:01:07 tt-2973 OM075_1959_SA_SU2012_JB_06 @Gram:SerEstar:Ser 
"<única>"
	"único" Adjective ADJ Singular lang:es 00:01:00 00:01:07 tt-2974 OM075_1959_SA_SU2012_JB_06 
"<y>"
	"y" Conjunction CC lang:es 00:01:00 00:01:07 tt-2975 OM075_1959_SA_SU2012_JB_06 
"<exclusivamente>"
	"exclusivamente" Adverb ADV lang:es 00:01:00 00:01:07 tt-2976 OM075_1959_SA_SU2012_JB_06 
"<de>"
	"de" Preposition PREP lang:es 00:01:00 00:01:07 tt-2977 OM075_1959_SA_SU2012_JB_06 @Gram:Prep 
"<ese>"
	"ese" Determiner DM Singular lang:es 00:01:00 00:01:07 tt-2978 OM075_1959_SA_SU2012_JB_06 @Gram:Det:Demo ID:164 R:Gram:Genero:ExcepMasc:165 
"<idioma>"
	"idioma" Noun NC Singular lang:es 00:01:00 00:01:07 tt-2979 OM075_1959_SA_SU2012_JB_06 ID:165 
"<$.>"
	"." Punctuation FS lang:es 00:01:00 00:01:07 tt-2980 OM075_1959_SA_SU2012_JB_06 
</speaker>
<speaker type="int">

"<Aha>"
	"aha" Noun NP Singular lang:es 00:01:07 00:01:10 tt-2981 OM075_1959_SA_SU2012_JB_06 
"<$.>"
	"." Punctuation FS lang:es 00:01:07 00:01:10 tt-2982 OM075_1959_SA_SU2012_JB_06 

"<$¿>"
	"¿" Punctuation FS lang:es 00:01:07 00:01:10 tt-2983 OM075_1959_SA_SU2012_JB_06 
"<Y>"
	"y" Conjunction CC lang:es 00:01:07 00:01:10 tt-2984 OM075_1959_SA_SU2012_JB_06 
"<puedes>"
	"poder" Verb VLfin Pres Indi Sing 2nd lang:es 00:01:07 00:01:10 tt-2985 OM075_1959_SA_SU2012_JB_06 
"<pensar>"
	"pensar" Verb VLinf Infinitive lang:es 00:01:07 00:01:10 tt-2986 OM075_1959_SA_SU2012_JB_06 ID:172 R:Vocab:Fraseol:VerbPrep:173 
"<de>"
	"de" Preposition PREP lang:es 00:01:07 00:01:10 tt-2987 OM075_1959_SA_SU2012_JB_06 @Gram:Prep ID:173 
"<un>"
	"un" Determiner ART Singular lang:es 00:01:07 00:01:10 tt-2988 OM075_1959_SA_SU2012_JB_06 
"<ejemplo>"
	"ejemplo" Noun NC Singular lang:es 00:01:07 00:01:10 tt-2989 OM075_1959_SA_SU2012_JB_06 
"<$?>"
	"?" Punctuation FS lang:es 00:01:07 00:01:10 tt-2990 OM075_1959_SA_SU2012_JB_06 

"<Caramba>"
	"caramba" Noun NP Singular lang:es 00:01:10 00:01:11 tt-2991 OM075_1959_SA_SU2012_JB_06 
"<$.>"
	"." Punctuation FS lang:es 00:01:10 00:01:11 tt-2992 OM075_1959_SA_SU2012_JB_06 

"<Sí>"
	"sí" Adverb ADV lang:es 00:01:11 00:01:12 tt-2993 OM075_1959_SA_SU2012_JB_06 
"<,>"
	"," Punctuation CM lang:es 00:01:11 00:01:12 tt-2994 OM075_1959_SA_SU2012_JB_06 
"<exacto>"
	"exacto" Adjective ADJ Singular lang:es 00:01:11 00:01:12 tt-2995 OM075_1959_SA_SU2012_JB_06 
"<$.>"
	"." Punctuation FS lang:es 00:01:11 00:01:12 tt-2996 OM075_1959_SA_SU2012_JB_06 
</speaker>
<speaker type="subj">

"<Caramba>"
	"caramba" Noun NP Singular lang:es 00:01:12 00:01:19 tt-2997 OM075_1959_SA_SU2012_JB_06 
"<es>"
	"ser" Verb VSfin Pres Indi Sing 3rd lang:es 00:01:12 00:01:19 tt-2998 OM075_1959_SA_SU2012_JB_06 @Gram:SerEstar:Ser 
"<,>"
	"," Punctuation CM lang:es 00:01:12 00:01:19 tt-2999 OM075_1959_SA_SU2012_JB_06 
"<es>"
	"ser" Verb VSfin Pres Indi Sing 3rd lang:es 00:01:12 00:01:19 tt-3000 OM075_1959_SA_SU2012_JB_06 @Gram:SerEstar:Ser 
"<como>"
	"como" Adverb ADV lang:es 00:01:12 00:01:19 tt-3001 OM075_1959_SA_SU2012_JB_06 
"<decir>"
	"decir" Verb VLinf Infinitive lang:es 00:01:12 00:01:19 tt-3002 OM075_1959_SA_SU2012_JB_06 
"<,>"
	"," Punctuation CM lang:es 00:01:12 00:01:19 tt-3003 OM075_1959_SA_SU2012_JB_06 
"<hay>"
	"haber" Verb VHfin Pres Indi Sing 3rd lang:es 00:01:12 00:01:19 tt-3004 OM075_1959_SA_SU2012_JB_06 @Gram:Haber:Exist 
"<muchas>"
	"mucho" Determiner QU lang:es 00:01:12 00:01:19 tt-3005 OM075_1959_SA_SU2012_JB_06 
"<,>"
	"," Punctuation CM lang:es 00:01:12 00:01:19 tt-3006 OM075_1959_SA_SU2012_JB_06 
"<hay>"
	"haber" Verb VHfin Pres Indi Sing 3rd lang:es 00:01:12 00:01:19 tt-3007 OM075_1959_SA_SU2012_JB_06 @Gram:Haber:Exist 
"<cóncha>"
	"UNK" Noun NP Singular lang:es 00:01:12 00:01:19 tt-3008 OM075_1959_SA_SU2012_JB_06 
"<de>"
	"de" Other PE lang:es 00:01:12 00:01:19 tt-3009 OM075_1959_SA_SU2012_JB_06 
"<,>"
	"," Punctuation CM lang:es 00:01:12 00:01:19 tt-3010 OM075_1959_SA_SU2012_JB_06 
"<caramba>"
	"caramba" Noun NP Singular lang:es 00:01:12 00:01:19 tt-3011 OM075_1959_SA_SU2012_JB_06 
"<,>"
	"," Punctuation CM lang:es 00:01:12 00:01:19 tt-3012 OM075_1959_SA_SU2012_JB_06 
"<qué>"
	"qué" Pronoun INT Singular lang:es 00:01:12 00:01:19 tt-3013 OM075_1959_SA_SU2012_JB_06 
"<vaina>"
	"vaina" Noun NC Singular lang:es 00:01:12 00:01:19 tt-3014 OM075_1959_SA_SU2012_JB_06 
"<,>"
	"," Punctuation CM lang:es 00:01:12 00:01:19 tt-3015 OM075_1959_SA_SU2012_JB_06 
"<eh>"
	"eh" Noun NP Singular lang:es 00:01:12 00:01:19 tt-3016 OM075_1959_SA_SU2012_JB_06 
"<...>"
	"..." Punctuation DOTS lang:es 00:01:12 00:01:19 tt-3017 OM075_1959_SA_SU2012_JB_06 
"<todo>"
	"todo" Determiner QU lang:es 00:01:12 00:01:19 tt-3018 OM075_1959_SA_SU2012_JB_06 
"<depende>"
	"depender" Verb VLfin Pres Indi Sing 3rd lang:es 00:01:12 00:01:19 tt-3019 OM075_1959_SA_SU2012_JB_06 
"<en>"
	"en" Preposition PREP lang:es 00:01:24 00:01:29 tt-3020 OM075_1959_SA_SU2012_JB_06 @Gram:Prep 
"<qué>"
	"qué" Pronoun INT Singular lang:es 00:01:24 00:01:29 tt-3021 OM075_1959_SA_SU2012_JB_06 
"<país>"
	"país" Noun NC Plural lang:es 00:01:24 00:01:29 tt-3022 OM075_1959_SA_SU2012_JB_06 
"<porque>"
	"porque" Conjunction CSUBX lang:es 00:01:24 00:01:29 tt-3023 OM075_1959_SA_SU2012_JB_06 @Prag:MarcadoresDisc:Causa 
"<puedes>"
	"poder" Verb VLfin Pres Indi Sing 2nd lang:es 00:01:24 00:01:29 tt-3024 OM075_1959_SA_SU2012_JB_06 
"<decir>"
	"decir" Verb VLinf Infinitive lang:es 00:01:24 00:01:29 tt-3025 OM075_1959_SA_SU2012_JB_06 
"<algo>"
	"algo" Determiner QU lang:es 00:01:24 00:01:29 tt-3026 OM075_1959_SA_SU2012_JB_06 
"<en>"
	"en" Preposition PREP lang:es 00:01:24 00:01:29 tt-3027 OM075_1959_SA_SU2012_JB_06 @Gram:Prep 
"<España>"
	"España" Noun NP Singular lang:es 00:01:24 00:01:29 tt-3028 OM075_1959_SA_SU2012_JB_06 
"<que>"
	"que" Conjunction CQUE lang:es 00:01:24 00:01:29 tt-3029 OM075_1959_SA_SU2012_JB_06 
"<en>"
	"en" Preposition PREP lang:es 00:01:24 00:01:29 tt-3030 OM075_1959_SA_SU2012_JB_06 @Gram:Prep 
"<México>"
	"México" Noun NP Singular lang:es 00:01:24 00:01:29 tt-3031 OM075_1959_SA_SU2012_JB_06 
"<puede>"
	"poder" Verb VMfin lang:es 00:01:24 00:01:29 tt-3032 OM075_1959_SA_SU2012_JB_06 
"<ser>"
	"ser" Verb VLinf VSinf Infinitive lang:es 00:01:24 00:01:29 tt-3033 OM075_1959_SA_SU2012_JB_06 @Gram:SerEstar:Ser 
"<totalmente>"
	"totalmente" Adverb ADV lang:es 00:01:24 00:01:29 tt-3034 OM075_1959_SA_SU2012_JB_06 
"<diferente>"
	"diferente" Adjective ADJ Singular lang:es 00:01:29 00:01:33 tt-3035 OM075_1959_SA_SU2012_JB_06 
"<y>"
	"y" Conjunction CC lang:es 00:01:29 00:01:33 tt-3036 OM075_1959_SA_SU2012_JB_06 
"<puedes>"
	"poder" Verb VLfin Pres Indi Sing 2nd lang:es 00:01:29 00:01:33 tt-3037 OM075_1959_SA_SU2012_JB_06 
"<hasta>"
	"hasta" Preposition PREP lang:es 00:01:29 00:01:33 tt-3038 OM075_1959_SA_SU2012_JB_06 @Gram:Prep 
"<ofender>"
	"ofender" Verb VLinf Infinitive lang:es 00:01:29 00:01:33 tt-3039 OM075_1959_SA_SU2012_JB_06 
"<a>"
	"a" Preposition PREP lang:es 00:01:29 00:01:33 tt-3040 OM075_1959_SA_SU2012_JB_06 @Gram:Prep 
"<alguien>"
	"UNK" Noun NC Singular lang:es 00:01:29 00:01:33 tt-3041 OM075_1959_SA_SU2012_JB_06 
"<sin>"
	"sin" Preposition PREP lang:es 00:01:29 00:01:33 tt-3042 OM075_1959_SA_SU2012_JB_06 @Gram:Prep 
"<saberlo>"
	"saber" Verb VLinf Pres Indi Sing 1st lang:es 00:01:29 00:01:33 tt-3043 OM075_1959_SA_SU2012_JB_06 
"<$.>"
	"." Punctuation FS lang:es 00:01:29 00:01:33 tt-3044 OM075_1959_SA_SU2012_JB_06 
</speaker>
</text>

