<text id="OM075_1959_SA_SU2012_JB_03">
<speaker type="int">
"<$¿>"
	"¿" Punctuation FS lang:es 00:00:00 00:00:04 tt-761 OM075_1959_SA_SU2012_JB_03 
"<Y>"
	"y" Conjunction CC lang:es 00:00:00 00:00:04 tt-762 OM075_1959_SA_SU2012_JB_03 
"<te>"
	"tú" Pronoun PPX Singular lang:es 00:00:00 00:00:04 tt-763 OM075_1959_SA_SU2012_JB_03 @Gram:Pron:Objeto ADD:614 
"<consideras>"
	"considerar" Verb VLfin Pres Indi Sing 2nd lang:es 00:00:00 00:00:04 tt-764 OM075_1959_SA_SU2012_JB_03 
"<venezolano>"
	"venezolano" Adjective ADJ Singular lang:es 00:00:00 00:00:04 tt-765 OM075_1959_SA_SU2012_JB_03 
"<,>"
	"," Punctuation CM lang:es 00:00:00 00:00:04 tt-766 OM075_1959_SA_SU2012_JB_03 
"<español>"
	"español" Adjective ADJ Singular lang:es 00:00:00 00:00:04 tt-767 OM075_1959_SA_SU2012_JB_03 
"<,>"
	"," Punctuation CM lang:es 00:00:00 00:00:04 tt-768 OM075_1959_SA_SU2012_JB_03 
"<ehm>"
	"ehm" Noun NP Singular lang:es 00:00:00 00:00:04 tt-769 OM075_1959_SA_SU2012_JB_03 
"<,>"
	"," Punctuation CM lang:es 00:00:00 00:00:04 tt-770 OM075_1959_SA_SU2012_JB_03 
"<americano>"
	"americano" Noun NC Singular lang:es 00:00:00 00:00:04 tt-771 OM075_1959_SA_SU2012_JB_03 
"<$?>"
	"?" Punctuation FS lang:es 00:00:00 00:00:04 tt-772 OM075_1959_SA_SU2012_JB_03 

"<Del>"
	"del" Preposition PDEL lang:es 00:00:04 00:00:06 tt-773 OM075_1959_SA_SU2012_JB_03 @Gram:Prep ADD:580 
"<mundo>"
	"mundo" Noun NC Singular lang:es 00:00:04 00:00:06 tt-774 OM075_1959_SA_SU2012_JB_03 
"<$.>"
	"." Punctuation FS lang:es 00:00:04 00:00:06 tt-775 OM075_1959_SA_SU2012_JB_03 

"<Del>"
	"del" Preposition PDEL lang:es 00:00:06 00:00:13 tt-776 OM075_1959_SA_SU2012_JB_03 @Gram:Prep ADD:580 
"<mundo>"
	"mundo" Noun NC Singular lang:es 00:00:06 00:00:13 tt-777 OM075_1959_SA_SU2012_JB_03 
"<,>"
	"," Punctuation CM lang:es 00:00:06 00:00:13 tt-778 OM075_1959_SA_SU2012_JB_03 
"<sí>"
	"sí" Adverb ADV lang:es 00:00:06 00:00:13 tt-779 OM075_1959_SA_SU2012_JB_03 
"<$.>"
	"." Punctuation FS lang:es 00:00:06 00:00:13 tt-780 OM075_1959_SA_SU2012_JB_03 

"<$¿>"
	"¿" Punctuation FS lang:es 00:00:06 00:00:13 tt-781 OM075_1959_SA_SU2012_JB_03 
"<Y>"
	"y" Conjunction CC lang:es 00:00:06 00:00:13 tt-782 OM075_1959_SA_SU2012_JB_03 
"<por>"
	"por" Preposition PREP lang:es 00:00:06 00:00:13 tt-783 OM075_1959_SA_SU2012_JB_03 @Gram:Prep:Por SUBSTITUTE:251 ADD:574 
"<qué>"
	"qué" Adverb ADV lang:es 00:00:06 00:00:13 tt-784 OM075_1959_SA_SU2012_JB_03 
"<es>"
	"ser" Verb VSfin Pres Indi Sing 3rd lang:es 00:00:06 00:00:13 tt-785 OM075_1959_SA_SU2012_JB_03 @Gram:SerEstar:Ser ADD:769 
"<importante>"
	"importante" Adjective ADJ Singular lang:es 00:00:06 00:00:13 tt-786 OM075_1959_SA_SU2012_JB_03 
"<para>"
	"para" Preposition PREP lang:es 00:00:06 00:00:13 tt-787 OM075_1959_SA_SU2012_JB_03 @Gram:Prep:Para SUBSTITUTE:325 ADD:544 
"<ti>"
	"tú" Pronoun PPX Singular lang:es 00:00:06 00:00:13 tt-788 OM075_1959_SA_SU2012_JB_03 
"<$?>"
	"?" Punctuation FS lang:es 00:00:06 00:00:13 tt-789 OM075_1959_SA_SU2012_JB_03 

"<$¿>"
	"¿" Punctuation FS lang:es 00:00:06 00:00:13 tt-790 OM075_1959_SA_SU2012_JB_03 
"<Qué>"
	"qué" Pronoun INT Singular lang:es 00:00:06 00:00:13 tt-791 OM075_1959_SA_SU2012_JB_03 
"<$?>"
	"?" Punctuation FS lang:es 00:00:06 00:00:13 tt-792 OM075_1959_SA_SU2012_JB_03 

"<Ser>"
	"ser" Noun NC Infinitive lang:es 00:00:06 00:00:13 tt-793 OM075_1959_SA_SU2012_JB_03 
"<del>"
	"del" Preposition PDEL lang:es 00:00:06 00:00:13 tt-794 OM075_1959_SA_SU2012_JB_03 @Gram:Prep ADD:580 
"<mundo>"
	"mundo" Noun NC Singular lang:es 00:00:06 00:00:13 tt-795 OM075_1959_SA_SU2012_JB_03 
"<$.>"
	"." Punctuation FS lang:es 00:00:06 00:00:13 tt-796 OM075_1959_SA_SU2012_JB_03 
</speaker>
<speaker type="subj">

"<Ah>"
	"ah" Other UH lang:en 00:00:16 00:00:23 tt-797 OM075_1959_SA_SU2012_JB_03 
"<...>"
	"..." Punctuation DOTS lang:es 00:00:16 00:00:23 tt-798 OM075_1959_SA_SU2012_JB_03 
"<yo>"
	"yo" Pronoun PPX Singular lang:es 00:00:16 00:00:23 tt-799 OM075_1959_SA_SU2012_JB_03 @Gram:Pron:Sujeto ADD:590 
"<la>"
	"el" Determiner ART Singular Fem lang:es 00:00:16 00:00:23 tt-800 OM075_1959_SA_SU2012_JB_03 @Gram:Det:Art ADD:395 
"<manera>"
	"manera" Noun NC Singular lang:es 00:00:16 00:00:23 tt-801 OM075_1959_SA_SU2012_JB_03 
"<que>"
	"que" Conjunction CQUE lang:es 00:00:16 00:00:23 tt-802 OM075_1959_SA_SU2012_JB_03 
"<lo>"
	"él" Pronoun PPC Singular lang:es 00:00:16 00:00:23 tt-803 OM075_1959_SA_SU2012_JB_03 @Gram:Pron:Objeto ADD:620 
"<veo>"
	"ver" Verb VLfin Pres Indi Sing 1st lang:es 00:00:16 00:00:23 tt-804 OM075_1959_SA_SU2012_JB_03 
"<es>"
	"ser" Verb VSfin Pres Indi Sing 3rd lang:es 00:00:16 00:00:23 tt-805 OM075_1959_SA_SU2012_JB_03 @Gram:SerEstar:Ser ADD:769 
"<que>"
	"que" Conjunction CQUE lang:es 00:00:16 00:00:23 tt-806 OM075_1959_SA_SU2012_JB_03 
"<si>"
	"si" Conjunction CSUBX lang:es 00:00:16 00:00:23 tt-807 OM075_1959_SA_SU2012_JB_03 
"<es>"
	"ser" Verb VSfin Pres Indi Sing 3rd lang:es 00:00:16 00:00:23 tt-808 OM075_1959_SA_SU2012_JB_03 @Gram:SerEstar:Ser ADD:769 
"<un>"
	"un" Determiner ART Singular lang:es 00:00:16 00:00:23 tt-809 OM075_1959_SA_SU2012_JB_03 
"<solo>"
	"solo" Adjective ADJ Singular lang:es 00:00:16 00:00:23 tt-810 OM075_1959_SA_SU2012_JB_03 
"<planeta>"
	"planeta" Noun NC Singular lang:es 00:00:16 00:00:23 tt-811 OM075_1959_SA_SU2012_JB_03 
"<y>"
	"y" Conjunction CC lang:es 00:00:16 00:00:23 tt-812 OM075_1959_SA_SU2012_JB_03 
"<son>"
	"son" Noun NC Singular lang:es 00:00:16 00:00:23 tt-813 OM075_1959_SA_SU2012_JB_03 
"<por>"
	"por" Preposition PREP lang:es 00:00:16 00:00:23 tt-814 OM075_1959_SA_SU2012_JB_03 @Gram:Prep:Por SUBSTITUTE:251 ADD:574 
"<decir>"
	"decir" Verb VLinf Infinitive lang:es 00:00:16 00:00:23 tt-815 OM075_1959_SA_SU2012_JB_03 SUBSTITUTE:309 
"<siete>"
	"siete" Determiner CARD Singular lang:es 00:00:16 00:00:23 tt-816 OM075_1959_SA_SU2012_JB_03 
"<continentes>"
	"continente" Noun NC Plural lang:es 00:00:16 00:00:23 tt-817 OM075_1959_SA_SU2012_JB_03 
"<,>"
	"," Punctuation CM lang:es 00:00:16 00:00:23 tt-818 OM075_1959_SA_SU2012_JB_03 
"<o>"
	"o" Conjunction CC lang:es 00:00:16 00:00:23 tt-819 OM075_1959_SA_SU2012_JB_03 
"<doscientos>"
	"doscientos" Determiner CARD Plural lang:es 00:00:30 00:00:37 tt-820 OM075_1959_SA_SU2012_JB_03 
"<países>"
	"país" Noun NC Plural lang:es 00:00:30 00:00:37 tt-821 OM075_1959_SA_SU2012_JB_03 
"<,>"
	"," Punctuation CM lang:es 00:00:30 00:00:37 tt-822 OM075_1959_SA_SU2012_JB_03 
"<y>"
	"y" Conjunction CC lang:es 00:00:30 00:00:37 tt-823 OM075_1959_SA_SU2012_JB_03 
"<si>"
	"si" Conjunction CSUBX lang:es 00:00:30 00:00:37 tt-824 OM075_1959_SA_SU2012_JB_03 
"<tienes>"
	"tener" Verb VLfin Pres Indi Sing 2nd lang:es 00:00:30 00:00:37 tt-825 OM075_1959_SA_SU2012_JB_03 
"<la>"
	"el" Determiner ART Singular Fem lang:es 00:00:30 00:00:37 tt-826 OM075_1959_SA_SU2012_JB_03 @Gram:Det:Art ADD:395 
"<oportunidad>"
	"oportunidad" Noun NC Singular lang:es 00:00:30 00:00:37 tt-827 OM075_1959_SA_SU2012_JB_03 
"<de>"
	"de" Preposition PREP lang:es 00:00:30 00:00:37 tt-828 OM075_1959_SA_SU2012_JB_03 @Gram:Prep ADD:580 
"<poder>"
	"poder" Verb VLinf VMinf lang:es 00:00:30 00:00:37 tt-829 OM075_1959_SA_SU2012_JB_03 SUBSTITUTE:309 
"<haber>"
	"haber" Verb VLinf VHinf Infinitive lang:es 00:00:30 00:00:37 tt-830 OM075_1959_SA_SU2012_JB_03 SUBSTITUTE:309 
"<vivido>"
	"vivir" Verb VLadj lang:es 00:00:30 00:00:37 tt-831 OM075_1959_SA_SU2012_JB_03 
"<,>"
	"," Punctuation CM lang:es 00:00:30 00:00:37 tt-832 OM075_1959_SA_SU2012_JB_03 
"<o>"
	"o" Conjunction CC lang:es 00:00:30 00:00:37 tt-833 OM075_1959_SA_SU2012_JB_03 
"<conocer>"
	"conocer" Verb VLinf Infinitive lang:es 00:00:30 00:00:37 tt-834 OM075_1959_SA_SU2012_JB_03 SUBSTITUTE:309 
"<Europa>"
	"Europa" Noun NP Singular lang:es 00:00:30 00:00:37 tt-835 OM075_1959_SA_SU2012_JB_03 
"<,>"
	"," Punctuation CM lang:es 00:00:30 00:00:37 tt-836 OM075_1959_SA_SU2012_JB_03 
"<Asia>"
	"Asia" Noun NP Singular lang:es 00:00:30 00:00:37 tt-837 OM075_1959_SA_SU2012_JB_03 
"<,>"
	"," Punctuation CM lang:es 00:00:30 00:00:37 tt-838 OM075_1959_SA_SU2012_JB_03 
"<África>"
	"UNK" Noun NP Singular lang:es 00:00:30 00:00:37 tt-839 OM075_1959_SA_SU2012_JB_03 
"<,>"
	"," Punctuation CM lang:es 00:00:30 00:00:37 tt-840 OM075_1959_SA_SU2012_JB_03 
"<Sudamérica>"
	"Sudamérica" Noun NP Singular lang:es 00:00:39 00:00:46 tt-841 OM075_1959_SA_SU2012_JB_03 
"<y>"
	"y" Conjunction CC lang:es 00:00:39 00:00:46 tt-842 OM075_1959_SA_SU2012_JB_03 
"<más>"
	"más" Adverb ADV lang:es 00:00:39 00:00:46 tt-843 OM075_1959_SA_SU2012_JB_03 
"<países>"
	"país" Noun NC Plural lang:es 00:00:39 00:00:46 tt-844 OM075_1959_SA_SU2012_JB_03 
"<del>"
	"del" Preposition PDEL lang:es 00:00:39 00:00:46 tt-845 OM075_1959_SA_SU2012_JB_03 @Gram:Prep ADD:580 
"<mundo>"
	"mundo" Noun NC Singular lang:es 00:00:39 00:00:46 tt-846 OM075_1959_SA_SU2012_JB_03 
"<como>"
	"como" Adverb ADV lang:es 00:00:39 00:00:46 tt-847 OM075_1959_SA_SU2012_JB_03 
"<que>"
	"que" Conjunction CQUE lang:es 00:00:39 00:00:46 tt-848 OM075_1959_SA_SU2012_JB_03 
"<llegas>"
	"llegar" Verb VLfin Pres Indi Sing 2nd lang:es 00:00:39 00:00:46 tt-849 OM075_1959_SA_SU2012_JB_03 
"<a>"
	"a" Preposition PREP lang:es 00:00:39 00:00:46 tt-850 OM075_1959_SA_SU2012_JB_03 @Gram:Prep ADD:580 
"<una>"
	"un" Determiner ART Singular lang:es 00:00:39 00:00:46 tt-851 OM075_1959_SA_SU2012_JB_03 
"<conclusión>"
	"conclusión" Noun NC Singular lang:es 00:00:39 00:00:46 tt-852 OM075_1959_SA_SU2012_JB_03 
"<de>"
	"de" Preposition PREP lang:es 00:00:39 00:00:46 tt-853 OM075_1959_SA_SU2012_JB_03 @Gram:Prep ADD:580 
"<que>"
	"que" Conjunction CQUE lang:es 00:00:39 00:00:46 tt-854 OM075_1959_SA_SU2012_JB_03 
"<bueno>"
	"bueno" Adjective ADJ Singular lang:es 00:00:39 00:00:46 tt-855 OM075_1959_SA_SU2012_JB_03 
"<eres>"
	"ser" Verb VSfin Pres Indi Sing 2nd lang:es 00:00:39 00:00:46 tt-856 OM075_1959_SA_SU2012_JB_03 @Gram:SerEstar:Ser ADD:769 
"<del>"
	"del" Preposition PDEL lang:es 00:00:39 00:00:46 tt-857 OM075_1959_SA_SU2012_JB_03 @Gram:Prep ADD:580 
"<planeta>"
	"planeta" Noun NC Singular lang:es 00:00:46 00:00:50 tt-858 OM075_1959_SA_SU2012_JB_03 
"<tierra>"
	"tierra" Noun NC Singular lang:es 00:00:46 00:00:50 tt-859 OM075_1959_SA_SU2012_JB_03 
"<$.>"
	"." Punctuation FS lang:es 00:00:46 00:00:50 tt-860 OM075_1959_SA_SU2012_JB_03 

"<Si>"
	"si" Conjunction CSUBX lang:es 00:00:46 00:00:50 tt-861 OM075_1959_SA_SU2012_JB_03 
"<hubiesen>"
	"haber" Verb VHfin Past Subj Plural 3rd lang:es 00:00:46 00:00:50 tt-862 OM075_1959_SA_SU2012_JB_03 @Gram:MSub:Pret @Gram:Haber:Exist ADD:739 ADD:785 
"<otros>"
	"otro" Determiner QU lang:es 00:00:46 00:00:50 tt-863 OM075_1959_SA_SU2012_JB_03 
"<planetas>"
	"planeta" Noun NC Plural lang:es 00:00:46 00:00:50 tt-864 OM075_1959_SA_SU2012_JB_03 
"<que>"
	"que" Conjunction CQUE lang:es 00:00:46 00:00:50 tt-865 OM075_1959_SA_SU2012_JB_03 
"<pueda>"
	"poder" Verb VMfin lang:es 00:00:46 00:00:50 tt-866 OM075_1959_SA_SU2012_JB_03 
"<decir>"
	"decir" Verb VLinf Infinitive lang:es 00:00:46 00:00:50 tt-867 OM075_1959_SA_SU2012_JB_03 ID:107 R:Herit:Contacto:Mixtas:108 SUBSTITUTE:309 ADDRELATION(Herit:Contacto:Mixtas):1136 
<lang code="en">
"<hey>"
	"hey" Other UH lang:en 00:00:46 00:00:50 tt-868 OM075_1959_SA_SU2012_JB_03 ID:108 
</lang>
"<,>"
	"," Punctuation CM lang:es 00:00:46 00:00:50 tt-869 OM075_1959_SA_SU2012_JB_03 
"<puedo>"
	"poder" Verb VLfin Pres Indi Sing 1st lang:es 00:00:46 00:00:50 tt-870 OM075_1959_SA_SU2012_JB_03 
"<ir>"
	"ir" Verb VLinf Infinitive lang:es 00:00:46 00:00:50 tt-871 OM075_1959_SA_SU2012_JB_03 SUBSTITUTE:309 
"<a>"
	"a" Preposition PREP lang:es 00:00:46 00:00:50 tt-872 OM075_1959_SA_SU2012_JB_03 @Gram:Prep ADD:580 
"<Venus>"
	"Venus" Noun NP Plural lang:es 00:00:46 00:00:50 tt-873 OM075_1959_SA_SU2012_JB_03 
"<o>"
	"o" Conjunction CC lang:es 00:00:46 00:00:50 tt-874 OM075_1959_SA_SU2012_JB_03 
"<puedo>"
	"poder" Verb VLfin Pres Indi Sing 1st lang:es 00:00:46 00:00:50 tt-875 OM075_1959_SA_SU2012_JB_03 
"<ir>"
	"ir" Verb VLinf Infinitive lang:es 00:00:50 00:00:57 tt-876 OM075_1959_SA_SU2012_JB_03 SUBSTITUTE:309 
"<a>"
	"a" Preposition PREP lang:es 00:00:50 00:00:57 tt-877 OM075_1959_SA_SU2012_JB_03 @Gram:Prep ADD:580 
"<Pluto>"
	"UNK" Adjective ADJ Singular lang:es 00:00:50 00:00:57 tt-878 OM075_1959_SA_SU2012_JB_03 
"<$.>"
	"." Punctuation FS lang:es 00:00:50 00:00:57 tt-879 OM075_1959_SA_SU2012_JB_03 

"<Pues>"
	"pues" Conjunction CSUBF lang:es 00:00:50 00:00:57 tt-880 OM075_1959_SA_SU2012_JB_03 
"<puedes>"
	"poder" Verb VLfin Pres Indi Sing 2nd lang:es 00:00:50 00:00:57 tt-881 OM075_1959_SA_SU2012_JB_03 
"<decir>"
	"decir" Verb VLinf Infinitive lang:es 00:00:50 00:00:57 tt-882 OM075_1959_SA_SU2012_JB_03 SUBSTITUTE:309 
"<diferente>"
	"diferente" Adjective ADJ Singular lang:es 00:00:50 00:00:57 tt-883 OM075_1959_SA_SU2012_JB_03 
"<,>"
	"," Punctuation CM lang:es 00:00:50 00:00:57 tt-884 OM075_1959_SA_SU2012_JB_03 
"<pero>"
	"pero" Conjunction CCAD lang:es 00:00:50 00:00:57 tt-885 OM075_1959_SA_SU2012_JB_03 @Prag:MarcadoresDisc:Revision ADD:998 
"<así>"
	"así" Adverb ADV lang:es 00:00:50 00:00:57 tt-886 OM075_1959_SA_SU2012_JB_03 
"<es>"
	"ser" Verb VSfin Pres Indi Sing 3rd lang:es 00:00:50 00:00:57 tt-887 OM075_1959_SA_SU2012_JB_03 @Gram:SerEstar:Ser ADD:769 
"<el>"
	"el" Determiner ART Singular Masc lang:es 00:00:50 00:00:57 tt-888 OM075_1959_SA_SU2012_JB_03 @Gram:Det:Art ID:128 R:Gram:Genero:ExcepMasc:129 ADD:395 ADDRELATION(Gram:Genero:ExcepMasc):478 
"<planeta>"
	"planeta" Noun NC Singular lang:es 00:00:50 00:00:57 tt-889 OM075_1959_SA_SU2012_JB_03 ID:129 
"<Tierra>"
	"tierra" Noun NC Singular lang:es 00:00:50 00:00:57 tt-890 OM075_1959_SA_SU2012_JB_03 
"<pues>"
	"pues" Conjunction CSUBF lang:es 00:00:50 00:00:57 tt-891 OM075_1959_SA_SU2012_JB_03 
"<me>"
	"yo" Pronoun PPX Singular lang:es 00:00:50 00:00:57 tt-892 OM075_1959_SA_SU2012_JB_03 @Gram:Pron:Objeto ADD:614 
"<siento>"
	"sentar|sentir" Verb VLfin Pres Indi Sing 1st lang:es 00:00:50 00:00:57 tt-893 OM075_1959_SA_SU2012_JB_03 
"<muy>"
	"muy" Adverb ADV lang:es 00:00:50 00:00:57 tt-894 OM075_1959_SA_SU2012_JB_03 
"<cómodo>"
	"cómodo" Adjective ADJ Singular lang:es 00:00:50 00:00:57 tt-895 OM075_1959_SA_SU2012_JB_03 
"<como>"
	"como" Adverb ADV lang:es 00:00:57 00:01:01 tt-896 OM075_1959_SA_SU2012_JB_03 
"<decirte>"
	"decir" Verb VLinf Pres Indi Sing 3rd lang:es 00:00:57 00:01:01 tt-897 OM075_1959_SA_SU2012_JB_03 
"<en>"
	"en" Preposition PREP lang:es 00:00:57 00:01:01 tt-898 OM075_1959_SA_SU2012_JB_03 @Gram:Prep ADD:580 
"<el>"
	"el" Determiner ART Singular Masc lang:es 00:00:57 00:01:01 tt-899 OM075_1959_SA_SU2012_JB_03 @Gram:Det:Art ADD:395 
<lang code="en">
"<East>"
	"East" Noun NP Singular lang:en 00:00:57 00:01:01 tt-900 OM075_1959_SA_SU2012_JB_03 
"<Coast>"
	"Coast" Noun NP Singular lang:en 00:00:57 00:01:01 tt-901 OM075_1959_SA_SU2012_JB_03 
</lang>
"<,>"
	"," Punctuation CM lang:es 00:00:57 00:01:01 tt-902 OM075_1959_SA_SU2012_JB_03 
"<me>"
	"yo" Pronoun PPX Singular lang:es 00:00:57 00:01:01 tt-903 OM075_1959_SA_SU2012_JB_03 @Gram:Pron:Objeto ADD:614 
"<siento>"
	"sentar|sentir" Verb VLfin Pres Indi Sing 1st lang:es 00:00:57 00:01:01 tt-904 OM075_1959_SA_SU2012_JB_03 
"<muy>"
	"muy" Adverb ADV lang:es 00:00:57 00:01:01 tt-905 OM075_1959_SA_SU2012_JB_03 
"<cómodo>"
	"cómodo" Adjective ADJ Singular lang:es 00:00:57 00:01:01 tt-906 OM075_1959_SA_SU2012_JB_03 
"<en>"
	"en" Preposition PREP lang:es 00:00:57 00:01:01 tt-907 OM075_1959_SA_SU2012_JB_03 @Gram:Prep ADD:580 
"<Washington>"
	"Washington" Noun NP Singular lang:es 00:00:57 00:01:01 tt-908 OM075_1959_SA_SU2012_JB_03 
<lang code="en">
"<State>"
	"State" Noun NP Singular lang:en 00:00:57 00:01:01 tt-909 OM075_1959_SA_SU2012_JB_03 
</lang>
"<$.>"
	"." Punctuation FS lang:es 00:00:57 00:01:01 tt-910 OM075_1959_SA_SU2012_JB_03 

"<Me>"
	"yo" Pronoun PPX Singular lang:es 00:00:57 00:01:01 tt-911 OM075_1959_SA_SU2012_JB_03 @Gram:Pron:Objeto ADD:614 
"<siento>"
	"sentar|sentir" Verb VLfin Pres Indi Sing 1st lang:es 00:00:57 00:01:01 tt-912 OM075_1959_SA_SU2012_JB_03 
"<muy>"
	"muy" Adverb ADV lang:es 00:00:57 00:01:01 tt-913 OM075_1959_SA_SU2012_JB_03 
"<cómodo>"
	"cómodo" Adjective ADJ Singular lang:es 00:01:01 00:01:08 tt-914 OM075_1959_SA_SU2012_JB_03 
"<estando>"
	"estar" Verb VEger Gerund lang:es 00:01:01 00:01:08 tt-915 OM075_1959_SA_SU2012_JB_03 @Gram:SerEstar:Estar ADD:778 
"<en>"
	"en" Preposition PREP lang:es 00:01:01 00:01:08 tt-916 OM075_1959_SA_SU2012_JB_03 @Gram:Prep ADD:580 
"<Martinique>"
	"UNK" Noun NC Singular lang:es 00:01:01 00:01:08 tt-917 OM075_1959_SA_SU2012_JB_03 
"<,>"
	"," Punctuation CM lang:es 00:01:01 00:01:08 tt-918 OM075_1959_SA_SU2012_JB_03 
"<me>"
	"yo" Pronoun PPX Singular lang:es 00:01:01 00:01:08 tt-919 OM075_1959_SA_SU2012_JB_03 @Gram:Pron:Objeto ADD:614 
"<siento>"
	"sentar|sentir" Verb VLfin Pres Indi Sing 1st lang:es 00:01:01 00:01:08 tt-920 OM075_1959_SA_SU2012_JB_03 
"<muy>"
	"muy" Adverb ADV lang:es 00:01:01 00:01:08 tt-921 OM075_1959_SA_SU2012_JB_03 
"<bien>"
	"bien" Adverb ADV lang:es 00:01:01 00:01:08 tt-922 OM075_1959_SA_SU2012_JB_03 
"<estando>"
	"estar" Verb VEger Gerund lang:es 00:01:01 00:01:08 tt-923 OM075_1959_SA_SU2012_JB_03 @Gram:SerEstar:Estar ADD:778 
"<en>"
	"en" Preposition PREP lang:es 00:01:01 00:01:08 tt-924 OM075_1959_SA_SU2012_JB_03 @Gram:Prep ADD:580 
"<Marrakesh>"
	"UNK" Noun NP Singular lang:es 00:01:01 00:01:08 tt-925 OM075_1959_SA_SU2012_JB_03 
"<$.>"
	"." Punctuation FS lang:es 00:01:01 00:01:08 tt-926 OM075_1959_SA_SU2012_JB_03 
<lang code="en">

"<So>"
	"so" Preposition IN lang:en 00:01:01 00:01:08 tt-927 OM075_1959_SA_SU2012_JB_03 @Gram:Prep ADD:580 
</lang>
"<por>"
	"por" Preposition PREP lang:es 00:01:01 00:01:08 tt-928 OM075_1959_SA_SU2012_JB_03 @Gram:Prep:Por SUBSTITUTE:251 ADD:561 
"<eso>"
	"ese" Determiner DM Singular lang:es 00:01:01 00:01:08 tt-929 OM075_1959_SA_SU2012_JB_03 @Gram:Det:Demo ADD:418 
"<te>"
	"tú" Pronoun PPX Singular lang:es 00:01:01 00:01:08 tt-930 OM075_1959_SA_SU2012_JB_03 @Gram:Pron:Objeto ADD:614 
"<digo>"
	"decir" Verb VLfin Pres Indi Sing 1st lang:es 00:01:01 00:01:08 tt-931 OM075_1959_SA_SU2012_JB_03 
"<,>"
	"," Punctuation CM lang:es 00:01:01 00:01:08 tt-932 OM075_1959_SA_SU2012_JB_03 
"<me>"
	"yo" Pronoun PPX Singular lang:es 00:01:08 00:01:10 tt-933 OM075_1959_SA_SU2012_JB_03 @Gram:Pron:Objeto ADD:614 
"<,>"
	"," Punctuation CM lang:es 00:01:08 00:01:10 tt-934 OM075_1959_SA_SU2012_JB_03 
"<me>"
	"yo" Pronoun PPX Singular lang:es 00:01:08 00:01:10 tt-935 OM075_1959_SA_SU2012_JB_03 @Gram:Pron:Objeto ID:175 R:Gram:Gustar:Propios:176 ADD:614 ADDRELATION(Gram:Gustar:Propios):683 
"<gusta>"
	"gustar" Verb VLfin Pres Indi Sing 3rd lang:es 00:01:08 00:01:10 tt-936 OM075_1959_SA_SU2012_JB_03 ID:176 
"<la>"
	"el" Determiner ART Singular Fem lang:es 00:01:08 00:01:10 tt-937 OM075_1959_SA_SU2012_JB_03 @Gram:Det:Art ADD:395 
"<parte>"
	"parte" Noun NC Singular lang:es 00:01:08 00:01:10 tt-938 OM075_1959_SA_SU2012_JB_03 
"<internacional>"
	"internacional" Adjective ADJ Singular lang:es 00:01:08 00:01:10 tt-939 OM075_1959_SA_SU2012_JB_03 
"<del>"
	"del" Preposition PDEL lang:es 00:01:08 00:01:10 tt-940 OM075_1959_SA_SU2012_JB_03 @Gram:Prep ADD:580 
"<mundo>"
	"mundo" Noun NC Singular lang:es 00:01:08 00:01:10 tt-941 OM075_1959_SA_SU2012_JB_03 
"<$.>"
	"." Punctuation FS lang:es 00:01:08 00:01:10 tt-942 OM075_1959_SA_SU2012_JB_03 
</speaker>
</text>

